repetition,iteration,time,speed,steering,obstacle_North,obstacle_NorthWest,obstacle_SouthWest,obstacle_West,obstacle_distance,follow_enable,steady_motion_enable,passing_start,accel_x,accel_y,accel_z,accel_diff,success,action
1,1,1675400995.3258946,0.0,0.0,False,True,False,True,100000,False,True,False,0.0967627570945866,2.5937383297893544e-13,9.84716868719646,0.0032290289848040865,True,Cruise
1,2,1675400995.326058,0.0,0.0,False,True,False,True,100000,False,True,False,0.0967627570945866,2.5937383297893544e-13,9.84716868719646,0.0032290289848040865,True,Cruise
1,3,1675400995.4261975,0.0,0.0,False,True,False,True,100000,False,True,False,0.09668889698773096,-1.528360565604076e-13,9.840530362979264,0.0034573766144310515,True,Cruise
1,4,1675400995.5262308,49.66759035164186,-0.004432128644775161,False,True,False,True,100000,False,True,False,0.09539879163530955,-1.29080256224994e-13,9.836964765886684,0.0041661151673780894,True,Cruise
1,5,1675400995.6262014,49.66759035164186,-0.004432128644775161,False,True,False,True,100000,False,True,False,1.0770354360262508,0.01340543669940672,9.734717697705408,0.9886781847690427,True,Cruise
1,6,1675400995.726325,49.55903853246598,-0.005879486233786935,False,True,False,True,100000,False,True,False,1.0770354360262508,0.01340543669940672,9.734717697705408,0.9886781847690427,True,Cruise
1,7,1675400995.826249,49.69338272975628,-0.004088230269916284,False,True,False,True,100000,False,True,False,3.362613981579262,-0.005278984827071948,9.5855725334986,0.4421883396757942,True,Cruise
1,8,1675400995.9262197,49.669773124937386,-0.004403025000834913,False,True,False,True,100000,False,True,False,3.626290271834632,-0.004683055108238545,9.61267106137635,0.10668188318356349,True,Cruise
1,9,1675400996.026177,49.669773124937386,-0.004403025000834913,False,True,False,True,100000,False,True,False,3.9051136497178622,-0.0010891267094209442,9.674808851098188,0.10167623942475891,True,Cruise
1,10,1675400996.1262844,49.669773124937386,-0.004403025000834913,False,True,False,False,100000,False,True,False,4.120228379956146,-0.003164914451699266,9.71572413633519,0.218981087371183,True,Cruise
1,11,1675400996.2262664,49.57175216782906,-0.0057099710956125625,False,True,False,False,100000,False,True,False,4.3222274544498775,-0.00554783614746691,9.756007313308977,0.09898404611796971,True,Cruise
1,12,1675400996.3262038,49.779118186652354,-0.002945090844635298,False,True,False,False,100000,False,True,False,4.407796641681867,-0.0023328392568034376,9.775929611102688,0.08791655110348415,True,Cruise
1,13,1675400996.426209,49.57075566274053,-0.0057232578301262115,False,True,False,False,100000,False,True,False,4.538999382876237,-0.018598731799124576,9.814399227015384,0.06249218662736525,True,Cruise
1,14,1675400996.5262146,49.57075566274053,-0.0057232578301262115,False,True,False,False,100000,False,True,False,4.616279993146857,-0.0024881219185034233,9.849096603152228,0.036394782767835886,True,Cruise
1,15,1675400996.6261976,49.55872273316121,-0.005883696891183794,False,True,False,False,100000,False,True,False,4.6448216837114655,-0.009487219347621886,9.877754198135186,0.0410472071560956,True,Cruise
1,16,1675400996.7261927,49.55872273316121,-0.005883696891183794,False,True,False,False,100000,False,True,False,4.643156793471983,-0.01433500025150807,9.889256770236917,0.01259293469200645,True,Cruise
1,17,1675400996.826324,49.647475734762835,-0.004700323536495528,False,True,False,False,100000,False,True,False,4.612951592793476,-0.013833491520427343,9.905901136889035,0.014453297105490098,True,Cruise
1,18,1675400996.926307,49.647475734762835,-0.004700323536495528,False,True,False,False,100000,False,True,False,4.553710212029137,-0.016222935393425154,9.913673374799016,0.020580026070944342,True,Cruise
1,19,1675400997.0262146,49.14255317243888,-0.01143262436748159,False,True,False,False,100000,False,True,False,4.473759155684441,-0.009134256251112033,9.912695112183306,0.04210545978443491,True,Cruise
1,20,1675400997.126187,49.14255317243888,-0.01143262436748159,False,True,False,False,100000,False,True,False,4.473759155684441,-0.009134256251112033,9.912695112183306,0.09292667292270858,True,Cruise
1,21,1675400997.226201,49.31329913263347,-0.009156011564887151,False,True,False,False,100000,False,True,False,4.332772875657152,-0.010564687210033811,9.896523102089477,0.049030559739929605,True,Cruise
1,22,1675400997.3262053,49.22629675556319,-0.010316043259157463,False,True,False,False,100000,False,True,False,4.188299719638431,-0.036899953869188054,9.866707578146913,0.04971544751887253,True,Cruise
1,23,1675400997.4261897,49.661273230113885,0.004516356931814897,False,True,False,False,100000,False,True,False,4.100256340424882,-0.03779721151345629,9.84202907261115,0.046831875285033145,True,Cruise
1,24,1675400997.5261965,49.661273230113885,0.004516356931814897,False,True,False,False,100000,False,True,False,4.060450409657255,-0.030145728085354522,9.828930903175742,0.04259834932818706,True,Cruise
1,25,1675400997.6262667,49.89845397999097,0.0013539469334537218,False,True,False,False,100000,False,True,False,4.060450409657255,-0.030145728085354522,9.828930903175742,0.08316486828743547,True,Cruise
1,26,1675400997.7262259,49.74789548885825,0.0033613934818899805,False,True,False,False,100000,False,True,False,3.93774127054844,0.03280138309797399,9.776637158302053,0.03837189516954366,True,Cruise
1,27,1675400997.8262608,49.74789548885825,0.0033613934818899805,False,True,False,False,100000,False,True,False,3.886185041989747,0.011265858310268736,9.743084667153362,0.013319906025008963,True,Cruise
1,28,1675400997.9262455,49.85387515708583,0.00194833123885559,False,True,False,False,100000,False,True,False,3.870881534580594,0.0075503741765349415,9.72558645681509,0.010420166847929062,True,Cruise
1,29,1675400998.026179,49.853462119259795,0.00195383840986939,False,True,False,False,100000,False,True,False,3.869286997443717,0.02624790538982089,9.712788533206146,0.022714028063139054,True,Cruise
1,30,1675400998.1261828,49.9425081873429,0.000766557502094658,False,True,False,False,100000,False,True,False,3.8791820634098744,0.02649953250923361,9.704992490295913,0.007053149538814982,True,Cruise
1,31,1675400998.2261667,49.9425081873429,0.000766557502094658,False,True,False,False,100000,False,True,False,3.8791820634098744,0.02649953250923361,9.704992490295913,0.007053149538814982,True,Cruise
1,32,1675400998.3261943,49.9425081873429,0.000766557502094658,False,True,False,False,100000,False,True,False,3.8791820634098744,0.02649953250923361,9.704992490295913,0.010454371903745211,True,Cruise
1,33,1675400998.4268184,49.7034685451723,0.003953752731035938,False,True,False,False,100000,False,True,False,3.937638207512789,0.01988033652320891,9.706285978408214,0.01489379994263788,True,Cruise
1,34,1675400998.5262053,49.60834639871689,0.005222048017108139,False,True,False,False,100000,False,True,False,3.937638207512789,0.01988033652320891,9.706285978408214,0.01489379994263788,True,Cruise
1,35,1675400998.626195,49.93470411527007,0.0008706117963990165,False,True,False,False,100000,False,True,False,4.013217634517757,0.026941376829715098,9.729640102245927,0.01649140573367287,True,Cruise
1,36,1675400998.7262206,49.93470411527007,0.0008706117963990165,False,True,False,False,100000,False,True,False,4.041038386286491,0.01926880675013553,9.742118880316978,0.02925552940792458,True,Cruise
1,37,1675400998.826191,49.93470411527007,0.0008706117963990165,False,True,False,False,100000,False,True,False,4.06536532615383,0.004211982385103223,9.754997966709308,0.013661606604849587,True,Cruise
1,38,1675400998.926209,49.93470411527007,0.0008706117963990165,False,True,False,False,100000,False,True,False,4.06536532615383,0.004211982385103223,9.754997966709308,0.023478705834273667,True,Cruise
1,39,1675400999.026193,49.894012748893005,0.0014131633480932346,False,True,False,False,100000,False,True,False,4.085268528276092,0.004639316987842737,9.767445036969816,0.010021354305637631,True,Cruise
1,40,1675400999.1262054,49.894012748893005,0.0014131633480932346,False,True,False,False,100000,False,True,False,4.1059640162290805,0.0003119143346236559,9.783787085342114,0.008119816494869269,True,Cruise
1,41,1675400999.2262423,49.62238038751921,0.005034928166410588,False,True,False,False,100000,False,True,False,4.115733979666257,0.001929007805325526,9.795865478775713,0.004118511792884424,True,Cruise
1,42,1675400999.326247,49.62238038751921,0.005034928166410588,False,True,False,False,100000,False,True,False,4.116758542849233,-0.009174194790147016,9.798773621164845,0.011523373193101065,True,Cruise
1,43,1675400999.4261904,49.659595877571256,0.004538721632383264,False,True,False,False,100000,False,True,False,4.114051433569039,0.025992473521269897,9.804020034968747,0.003224930643856624,True,Cruise
1,44,1675400999.526207,49.659595877571256,0.004538721632383264,False,True,False,False,100000,False,True,False,4.108482589196212,0.027911915685990843,9.804723211084225,0.0035795162242150745,True,Cruise
1,45,1675400999.626284,49.58444099542969,0.005540786727604213,False,True,False,False,100000,False,True,False,4.104871846905076,0.025958111494839505,9.804314068161213,0.004125797940012409,True,Cruise
1,46,1675400999.7262096,49.58444099542969,0.005540786727604213,False,True,False,False,100000,False,True,False,4.096444648757746,0.02817087343208741,9.802174233059683,0.004979625356826934,True,Cruise
1,47,1675400999.8261847,49.58444099542969,0.005540786727604213,False,True,False,False,100000,False,True,False,4.091813908788965,0.027354434660213457,9.8005352261141,0.004979625356826934,True,Cruise
1,48,1675400999.9261875,49.50468638671192,0.006604181510507786,False,True,False,False,100000,False,True,False,4.077264257072783,0.041597505186534954,9.793951389520219,0.021398699198196557,True,Cruise
1,49,1675401000.0261886,49.630890963159175,0.004921453824544325,False,True,False,False,100000,False,True,False,4.067892498301001,0.03905514561827474,9.788685756238497,0.008963847766774943,True,Cruise
1,50,1675401000.1261702,48.625640895698844,0.01832478805734877,False,True,False,False,100000,False,True,False,4.0554100854615935,0.05851896812026217,9.780489292392435,0.009779869062480318,True,Cruise
1,51,1675401000.22619,48.625640895698844,0.01832478805734877,False,True,False,False,100000,False,True,False,4.051966117912224,-0.0010660429231899636,9.777841353173375,0.05974316727155714,True,Cruise
1,52,1675401000.3262866,48.625640895698844,0.01832478805734877,False,True,False,False,100000,False,True,False,4.0445016766250435,0.13501892783273386,9.773082169382029,0.13637260347932872,True,Cruise
1,53,1675401000.4263556,49.660128062151934,0.004531625837974167,False,True,False,False,100000,False,True,False,4.041522761274698,0.1473060463513207,9.770913205207878,0.012827767683547871,True,Cruise
1,54,1675401000.526295,49.38072506610251,0.008256999118633195,False,True,False,False,100000,False,True,False,4.037368584733933,0.18757194783659686,9.767106743748768,0.03975464050136027,True,Cruise
1,55,1675401000.6263,49.54438286371778,0.006074895150429614,False,True,False,False,100000,False,True,False,4.037922592346853,0.05023052242225547,9.763919753808247,0.04357862564942678,True,Cruise
1,56,1675401000.726333,49.54438286371778,0.006074895150429614,False,True,False,False,100000,False,True,False,4.03765227283945,0.07001385916706633,9.761957938189646,0.03716973490502095,True,Cruise
1,57,1675401000.8263354,49.8660960256705,0.0017853863243933368,False,True,False,False,100000,False,True,False,4.038002072801471,0.06496820526715746,9.761001002278842,0.007414308349162843,True,Cruise
1,58,1675401000.926222,49.8660960256705,0.0017853863243933368,False,True,False,False,100000,False,True,False,4.039353535479506,0.050074810799016045,9.760933019708478,0.005423060427797222,True,Cruise
1,59,1675401001.026239,49.61573914101555,0.005123478119792666,False,True,False,False,100000,False,True,False,4.0420025170638985,0.017943859527638138,9.761583723875276,0.03748034042905806,True,Cruise
1,60,1675401001.126222,49.72573647926245,-0.003656846943167354,False,True,False,False,100000,False,True,False,4.045150454083181,-0.022086143574446163,9.762874029221079,0.04571657100518951,True,Cruise
1,61,1675401001.2261813,49.72573647926245,-0.003656846943167354,False,True,False,False,100000,False,True,False,4.046493233801606,0.023602453918181717,9.763742283940017,0.04571657100518951,True,Cruise
1,62,1675401001.3261817,49.90934560177182,0.0012087253097090547,False,True,False,False,100000,False,True,False,4.051834771438545,-0.07843543644156079,9.766696004269695,0.10222028936165081,True,Cruise
1,63,1675401001.426185,49.89862571451687,0.0013516571397750843,False,True,False,False,100000,False,True,False,4.053251926976813,-0.09637877129641151,9.76780307263017,0.03435599009474308,True,Cruise
1,64,1675401001.52619,49.89862571451687,0.0013516571397750843,False,True,False,False,100000,False,True,False,4.055630726001419,-0.04569074436640605,9.770062420452714,0.0038117361457710996,True,Cruise
1,65,1675401001.626205,49.89754302233781,0.001366093035495865,False,True,False,False,100000,False,True,False,4.057972355071119,-0.04351220943394427,9.772189053667113,0.0020125617112874065,True,Cruise
1,66,1675401001.726228,49.89754302233781,0.001366093035495865,False,True,False,False,100000,False,True,False,4.06092864329122,-0.038244125086510754,9.774927493190509,0.0064784890239912565,True,Cruise
1,67,1675401001.826197,49.89600206807118,0.0013866390923842479,False,True,False,False,100000,False,True,False,4.06092864329122,-0.038244125086510754,9.774927493190509,0.0064784890239912565,True,Cruise
1,68,1675401001.926217,49.89600206807118,0.0013866390923842479,False,True,False,False,100000,False,True,False,4.0616699566053125,-0.03251703276562299,9.775685998084933,0.0064784890239912565,True,Cruise
1,69,1675401002.0262015,49.86409113954474,0.0018121181394034301,False,True,False,False,100000,False,True,False,4.063089496463774,-0.012900817247212901,9.777419262240555,0.005824470925027277,True,Cruise
1,70,1675401002.1261866,49.86409113954474,0.0018121181394034301,False,True,False,False,100000,False,True,False,4.06341253536399,0.006449992119977804,9.778301714164531,0.00733300932823934,True,Cruise
1,71,1675401002.2262194,49.96762152861635,0.00043171295178195756,False,True,False,False,100000,False,True,False,4.06341253536399,0.006449992119977804,9.778301714164531,0.00733300932823934,True,Cruise
1,72,1675401002.3262067,49.96762152861635,0.00043171295178195756,False,True,False,False,100000,False,True,False,4.063126804023951,0.012291491483273902,9.778440053970794,0.007558034565150908,True,Cruise
1,73,1675401002.4261808,49.93459421575419,0.0008720771232775609,False,True,False,False,100000,False,True,False,4.061730831441939,0.0146676176538196,9.777824637061407,0.004609533061562671,True,Cruise
1,74,1675401002.5262012,49.92582879091817,0.0009889494544243912,False,True,False,False,100000,False,True,False,4.061263852553061,0.012811525494302901,9.777528316356818,0.0019367378106612374,True,Cruise
1,75,1675401002.6262405,49.92582879091817,0.0009889494544243912,False,True,False,False,100000,False,True,False,4.060221580077661,0.0188860379363908,9.776824466749362,0.002034722332764607,True,Cruise
1,76,1675401002.7262015,49.98722455699965,0.00017033924000465017,False,True,False,False,100000,False,True,False,4.060221580077661,0.0188860379363908,9.776824466749362,0.0021180583066945985,True,Cruise
1,77,1675401002.82629,49.96265712414769,0.0004979050113640909,False,True,False,False,100000,False,True,False,4.058098354142688,0.01684184531632075,9.775184396120492,0.0015557097801959568,True,Cruise
1,78,1675401002.926248,49.96265712414769,0.0004979050113640909,False,True,False,False,100000,False,True,False,4.0576074451537085,0.017872710197917422,9.774769575142349,0.009575634809775942,True,Cruise
1,79,1675401003.0262437,49.42859562848771,-0.0076187249534971566,False,True,False,False,100000,False,True,False,4.056324216621174,0.007150342075579871,9.773613812533576,0.0014335417927158875,True,Cruise
1,80,1675401003.1261961,49.42859562848771,-0.0076187249534971566,False,True,False,False,100000,False,True,False,4.0559691430034395,0.029041352824775917,9.773274893374388,0.021896513309015486,True,Cruise
1,81,1675401003.2261984,49.997094228104615,3.874362527175925e-05,False,True,False,False,100000,False,True,False,4.054975580335502,-0.09563194933150258,9.772458844034217,0.013651821637160841,True,Cruise
1,82,1675401003.3262012,49.971189950395754,-0.000384133994723235,False,True,False,False,100000,False,True,False,4.054631941296746,-0.060858896031159425,9.772069163577935,0.061323050506057866,True,Cruise
1,83,1675401003.4262557,49.994957788754455,6.722948327400945e-05,False,True,False,False,100000,False,True,False,4.054642012012447,-0.02812987348390001,9.771922533547098,0.007514377868795571,True,Cruise
1,84,1675401003.5309143,49.994957788754455,6.722948327400945e-05,False,True,False,False,100000,False,True,False,4.054608068066513,-0.040850949120099025,9.77171825967798,0.005101367742101169,True,Cruise
1,85,1675401003.6279676,49.47776468644674,-0.006963137514043472,False,True,False,False,100000,False,True,False,4.0546853684592055,-0.03588123974059899,9.771745062979395,0.0049703827905270784,True,Cruise
1,86,1675401003.727549,49.965896032766224,-0.0004547195631169385,False,True,False,False,100000,False,True,False,4.054873731299064,-0.02195625703431193,9.771875124845455,0.006575156222325828,True,Cruise
1,87,1675401003.827533,49.965896032766224,-0.0004547195631169385,False,True,False,False,100000,False,True,False,4.0550076129110275,-0.07119311143947214,9.772100006115451,0.07549060021017773,True,Cruise
1,88,1675401003.92752,49.98411136750568,-0.00021184843325753659,False,True,False,False,100000,False,True,False,4.055428275285328,-0.01737890970143606,9.772354703237012,0.01182261277395885,True,Cruise
1,89,1675401004.0266604,49.98411136750568,-0.00021184843325753659,False,True,False,False,100000,False,True,False,4.0556395855675005,-0.005559058875589093,9.772498394650631,0.01182261277395885,True,Cruise
1,90,1675401004.1261992,49.969919645265456,-0.0004010713964605291,False,True,False,False,100000,False,True,False,4.056214310955565,0.0014049167165195858,9.772957576829269,0.007002721870269437,True,Cruise
1,91,1675401004.226187,49.97009228827619,0.0003987694896507709,False,True,False,False,100000,False,True,False,4.056548100546723,0.004614735767885605,9.773258570457468,0.001975414571124238,True,Cruise
1,92,1675401004.3262463,49.97009228827619,0.0003987694896507709,False,True,False,False,100000,False,True,False,4.056841634298168,0.0025300877591738647,9.773533659261837,0.0019014160110614306,True,Cruise
1,93,1675401004.4262269,49.94226071265445,-0.0007698571646073313,False,True,False,False,100000,False,True,False,4.057110242126722,0.015902788202668945,9.773767471425526,0.0051627988665933575,True,Cruise
1,94,1675401004.5262427,49.95182090227577,0.0006423879696563263,False,True,False,False,100000,False,True,False,4.05731174840971,0.021395234594356907,9.773955356463794,0.005499352046855601,True,Cruise
1,95,1675401004.6262639,49.95182090227577,0.0006423879696563263,False,True,False,False,100000,False,True,False,4.057438685407684,-0.00018081894257546464,9.774093307625202,0.010671734730915023,True,Cruise
1,96,1675401004.726217,49.60594818609756,0.005254024185365981,False,True,False,False,100000,False,True,False,4.057534831527828,0.01827396538378424,9.774175833412393,0.0073283386171370405,True,Cruise
1,97,1675401004.8262656,49.60594818609756,0.005254024185365981,False,True,False,False,100000,False,True,False,4.057559782935426,0.018227138777419563,9.774210217302244,0.001726700975816111,True,Cruise
1,98,1675401004.9261806,49.9974442805462,3.407625938402003e-05,False,True,False,False,100000,False,True,False,4.057559782935426,0.018227138777419563,9.774210217302244,0.001115104562738435,True,Cruise
1,99,1675401005.0262127,49.875473594253826,0.0016603520766156111,False,True,False,False,100000,False,True,False,4.05745968971991,0.039870117337140236,9.77415362721387,0.023098124160274885,True,Cruise
1,100,1675401005.1262808,49.970591258521026,-0.00039211655305299,False,True,False,False,100000,False,True,False,4.057393843650509,0.006213360899088665,9.774074741421023,0.011825460065401625,True,Cruise
1,101,1675401005.2262044,49.970591258521026,-0.00039211655305299,False,True,False,False,100000,False,True,False,4.057328574977959,0.027513767743879394,9.774029381020553,0.011825460065401625,True,Cruise
1,102,1675401005.3261788,49.76527596762636,0.003129653764981887,False,True,False,False,100000,False,True,False,4.05716530870109,0.005863579007353962,9.773869039761225,0.00872628944129345,True,Cruise
1,103,1675401005.4262877,49.76527596762636,0.003129653764981887,False,True,False,False,100000,False,True,False,4.05716530870109,0.005863579007353962,9.773869039761225,0.003859339572826905,True,Cruise
1,104,1675401005.526277,49.98940736130193,-0.00014123518264097176,False,True,False,False,100000,False,True,False,4.056847008731306,0.04332590437538018,9.773656467356664,0.019052582492481387,True,Cruise
1,105,1675401005.6262088,49.986777560534094,-0.0001762991928788169,False,True,False,False,100000,False,True,False,4.056753807018237,0.05736238308815373,9.773607603361913,0.01403687318826551,True,Cruise
1,106,1675401005.7262373,49.96071066772251,0.0005238577636999018,False,True,False,False,100000,False,True,False,4.056734106864108,0.005256903573966533,9.7735065256035,0.032409661917490944,True,Cruise
1,107,1675401005.8262691,49.96071066772251,0.0005238577636999018,False,True,False,False,100000,False,True,False,4.05667236013237,0.0003762761882499095,9.773428489543608,0.000494235437710727,True,Cruise
1,108,1675401005.9262252,49.96071066772251,0.0005238577636999018,False,True,False,False,100000,False,True,False,4.056551219242656,0.01404769033167633,9.773351498922363,0.01367216761717031,True,Cruise
1,109,1675401006.0262127,49.9167326240701,-0.001110231679065323,False,True,False,False,100000,False,True,False,4.056525560685543,0.01267246193904634,9.773334686549319,0.001375570481413492,True,Cruise
1,110,1675401006.126268,49.9167326240701,-0.001110231679065323,False,True,False,False,100000,False,True,False,4.056526707642454,-0.04223480512747079,9.773311020261952,0.06911332629014735,True,Cruise
1,111,1675401006.2262015,49.86662659709176,0.0017783120387764746,False,True,False,False,100000,False,True,False,4.056506462803306,-0.02640863145236424,9.773308642154788,0.0035965109207738476,True,Cruise
1,112,1675401006.326159,49.86662659709176,0.0017783120387764746,False,True,False,False,100000,False,True,False,4.056522108888954,-0.00867423876204098,9.773330350713655,0.014137918466287015,True,Cruise
1,113,1675401006.426193,49.667805823366855,0.004429255688441903,False,True,False,False,100000,False,True,False,4.056535623612005,0.006854163324418266,9.773343631373688,0.003584605332665155,True,Cruise
1,114,1675401006.5262394,49.667805823366855,0.004429255688441903,False,True,False,False,100000,False,True,False,4.056514898314036,0.031728085448901835,9.773381312649116,0.019353223663631142,True,Cruise
1,115,1675401006.6261947,49.61488919196039,0.005134810773861535,False,True,False,False,100000,False,True,False,4.056421886790718,0.060891442151331014,9.773426446252879,0.019353223663631142,True,Cruise
1,116,1675401006.7262306,49.61488919196039,0.005134810773861535,False,True,False,False,100000,False,True,False,4.056580352312183,0.01824382607540407,9.77344785248878,0.06581806009371342,True,Cruise
1,117,1675401006.8262177,49.92946334919191,-0.0009404886774411579,False,True,False,False,100000,False,True,False,4.056580352312183,0.01824382607540407,9.77344785248878,0.06581806009371342,True,Cruise
1,118,1675401006.9263158,49.92946334919191,-0.0009404886774411579,False,True,False,False,100000,False,True,False,4.056340350673684,0.1153872405773758,9.77352505372157,0.0971437416508069,True,Cruise
1,119,1675401007.0264885,49.94422962516697,-0.00074360499777375,False,True,False,False,100000,False,True,False,4.056918593807138,0.04727004953207756,9.773522073312238,0.03606639815309608,True,Cruise
1,120,1675401007.1261559,49.83338685412495,-0.0022215086116673427,False,True,False,False,100000,False,True,False,4.057055063231031,0.04017489235516284,9.773547334379833,0.0020039094069069572,True,Cruise
1,121,1675401007.2261908,49.83338685412495,-0.0022215086116673427,False,True,False,False,100000,False,True,False,4.057031323925236,0.040036521201610116,9.773565331729932,0.00014154163834619772,True,Cruise
1,122,1675401007.3261988,49.634748460866994,0.004870020521773398,False,True,False,False,100000,False,True,False,4.057031323925236,0.040036521201610116,9.773565331729932,0.04716013693725488,True,Cruise
1,123,1675401007.4261653,49.71639681141876,-0.003781375847749878,False,True,False,False,100000,False,True,False,4.056858756120315,0.02390627378376743,9.773632666666773,0.06607183668061782,True,Cruise
1,124,1675401007.5262015,49.71639681141876,-0.003781375847749878,False,True,False,False,100000,False,True,False,4.056746045134117,0.08814200284128622,9.773645182389789,0.06423582916068489,True,Cruise
1,125,1675401007.6262267,49.9715665099609,0.0003791132005212826,False,True,False,False,100000,False,True,False,4.056891649019157,-0.0005490455413649164,9.773630027515672,0.06458211350828104,True,Cruise
1,126,1675401007.7261965,49.9715665099609,0.0003791132005212826,False,True,False,False,100000,False,True,False,4.056941375312457,-0.09940297594595365,9.773623028323973,0.03427184749726193,True,Cruise
1,127,1675401007.8262384,49.9715665099609,0.0003791132005212826,False,True,False,False,100000,False,True,False,4.056941375312457,-0.09940297594595365,9.773623028323973,0.03427184749726193,True,Cruise
1,128,1675401007.9261897,49.94393801622945,-0.0007474931169406092,False,True,False,False,100000,False,True,False,4.056919108588036,-0.019564398499884283,9.773619107115286,0.009745897247886522,True,Cruise
1,129,1675401008.0262046,49.94393801622945,-0.0007474931169406092,False,True,False,False,100000,False,True,False,4.056902333337923,-0.03454604570217988,9.77361529307446,0.014981657079574853,True,Cruise
1,130,1675401008.1262553,49.407823511243386,-0.00789568651675484,False,True,False,False,100000,False,True,False,4.056872662747172,-0.04963472757580879,9.773605154454282,0.0037094663466657267,True,Cruise
1,131,1675401008.2262838,49.807840930679184,-0.0025621209242775167,False,True,False,False,100000,False,True,False,4.056859723004711,-0.04904343383930617,9.773599056000016,0.0005914667453936994,True,Cruise
1,132,1675401008.3262424,49.807840930679184,-0.0025621209242775167,False,True,False,False,100000,False,True,False,4.056834531570676,-0.023531530740922863,9.773585737489114,0.02319379849237725,True,Cruise
1,133,1675401008.4262195,49.808772226232826,-0.0025497036502289427,False,True,False,False,100000,False,True,False,4.056834531570676,-0.023531530740922863,9.773585737489114,0.02319379849237725,True,Cruise
1,134,1675401008.5262032,49.84367669845596,-0.002084310687253892,False,True,False,False,100000,False,True,False,4.056569075233637,-0.0907317296704688,9.773560080005563,0.006713167532838938,True,Cruise
1,135,1675401008.6261952,49.84367669845596,-0.002084310687253892,False,True,False,False,100000,False,True,False,4.056647276306252,-0.09084038179313408,9.773533775176098,0.006821645254423709,True,Cruise
1,136,1675401008.7261765,49.80607355401905,-0.0025856859464126677,False,True,False,False,100000,False,True,False,4.056683937705503,-0.09536242689839472,9.773515742581013,0.0014989318088847671,True,Cruise
1,137,1675401008.8262744,49.80607355401905,-0.0025856859464126677,False,True,False,False,100000,False,True,False,4.056678580983039,-0.096861339626679,9.773510403461389,0.0014989318088847671,True,Cruise
1,138,1675401008.9262977,49.597107513621495,-0.00537189981838005,False,True,False,False,100000,False,True,False,4.056576686872852,-0.09864968080723274,9.773502517640615,0.0019197805687867575,True,Cruise
1,139,1675401009.026228,49.502598014411866,-0.006632026474508499,False,True,False,False,100000,False,True,False,4.056565671768049,-0.08779760250119063,9.773500690505177,0.030237416461438658,True,Cruise
1,140,1675401009.1263258,49.502598014411866,-0.006632026474508499,False,True,False,False,100000,False,True,False,4.056015341859523,-0.15493140091449456,9.773536987211621,0.020992186732780214,True,Cruise
1,141,1675401009.2262466,49.555916665801,-0.0059211111226533586,False,True,False,False,100000,False,True,False,4.055872711061301,-0.16705336894486783,9.773539412442128,0.01212280736280735,True,Cruise
1,142,1675401009.3263447,49.690759130892644,-0.004123211588098013,False,True,False,False,100000,False,True,False,4.055872711061301,-0.16705336894486783,9.773539412442128,0.007005079364393987,True,Cruise
1,143,1675401009.4262853,49.690759130892644,-0.004123211588098013,False,True,False,False,100000,False,True,False,4.055843716772916,-0.17405835448183787,9.77351764412708,0.0135812209995163,True,Cruise
1,144,1675401009.526355,49.173618636686214,-0.01101841817751718,False,True,False,False,100000,False,True,False,4.252122537625616,0.14872047400814004,9.768959256713117,0.10704775354850123,True,Cruise
1,145,1675401009.6263344,49.930427306182665,-0.0009276359175644637,False,True,False,False,100000,False,True,False,4.229084376223429,-0.13378629122637473,9.772014537970456,0.19101473942948266,True,Cruise
1,146,1675401009.726349,49.930427306182665,-0.0009276359175644637,False,True,False,False,100000,False,True,False,4.123404507316208,-0.29802100151785876,9.780322562879833,0.06966522071305045,True,Cruise
1,147,1675401009.826257,49.95027900576695,-0.0006629465897739919,False,True,False,False,100000,False,True,False,4.042799786310118,-0.2635226341344754,9.78475616061887,0.08778903798026284,True,Cruise
1,148,1675401009.9261596,49.82500217773801,-0.002333304296826569,False,True,False,False,100000,False,True,False,4.068526544199176,-0.20999419901199523,9.779795371897615,0.013837867812608765,True,Cruise
1,149,1675401010.0261726,49.82500217773801,-0.002333304296826569,False,True,False,False,100000,False,True,False,4.083904700670719,-0.23533171913214637,9.776199772614758,0.011019444418022826,True,Cruise
1,150,1675401010.126257,49.82500217773801,-0.002333304296826569,False,True,False,False,100000,False,True,False,4.087493706817717,-0.23355377257192428,9.773958709418926,0.007743720658725356,True,Cruise
1,151,1675401010.2261834,49.82500217773801,-0.002333304296826569,False,True,False,False,100000,False,True,False,4.076631237475347,-0.18358706291840607,9.772202421142655,0.008129921966152623,True,Cruise
1,152,1675401010.3261755,49.82500217773801,-0.002333304296826569,False,True,False,False,100000,False,True,False,4.073477466178616,-0.1619054689120177,9.771638960680068,0.021917008914147853,True,Cruise
1,153,1675401010.4261801,49.36895930213952,-0.00841387597147299,False,True,False,False,100000,False,True,False,4.068004064503415,-0.1265774423881616,9.77059358210425,0.016557885893266348,True,Cruise
1,154,1675401010.5262654,49.36895930213952,-0.00841387597147299,False,True,False,False,100000,False,True,False,4.0548546163057395,-0.1588772198677295,9.770529114009246,0.038791798382224504,True,Cruise
1,155,1675401010.6262429,49.17746494223209,-0.010967134103572095,False,True,False,False,100000,False,True,False,4.059252600408111,-0.2056295594850547,9.769108630163805,0.008488230460339773,True,Cruise
1,156,1675401010.7262108,49.17746494223209,-0.010967134103572095,False,True,False,False,100000,False,True,False,4.059252600408111,-0.2056295594850547,9.769108630163805,0.008488230460339773,True,Cruise
1,157,1675401010.826209,49.17746494223209,-0.010967134103572095,False,True,False,False,100000,False,True,False,4.087180554907797,0.02769381330183599,9.806159354157314,0.11329352280061138,True,Cruise
1,158,1675401010.9262373,48.75169336482298,-0.016644088469027006,False,True,False,False,100000,False,True,False,4.086371845763635,-0.0781622591766004,9.801918653007013,0.10594406843842652,True,Cruise
1,159,1675401011.0263321,48.940230676573634,-0.014130257645684888,False,True,False,False,100000,False,True,False,4.043986078241433,-0.1698209504803956,9.801456475259517,0.1341065809739415,True,Cruise
1,160,1675401011.1263258,47.77966553439383,-0.02960445954141563,False,True,False,False,100000,False,True,False,4.051963511850433,-0.46493325272044106,9.791473610616077,0.1341065809739415,True,Cruise
1,161,1675401011.2263622,49.29202365294218,-0.009439684627437623,False,True,False,False,100000,False,True,False,4.051963511850433,-0.46493325272044106,9.791473610616077,0.3086788640131528,True,Cruise
1,162,1675401011.3262768,49.29202365294218,-0.009439684627437623,False,True,False,False,100000,False,True,False,4.003620441425649,-0.8276383570627012,9.760518362233299,0.1639071659352292,True,Cruise
1,163,1675401011.4262064,48.52530350228622,-0.01966261996951705,False,True,False,False,100000,False,True,False,4.025218859200698,-0.7297366604178698,9.75750567076643,0.015513260390599425,True,Cruise
1,164,1675401011.5263584,49.73038421203387,-0.0035948771728817443,False,True,False,False,100000,False,True,False,4.032779600594335,-0.7600458528263626,9.755943412171423,0.015513260390599425,True,Cruise
1,165,1675401011.6262858,49.73038421203387,-0.0035948771728817443,False,True,False,True,100000,False,True,False,4.023651229967176,-0.9313656477913883,9.756673012463397,0.1715643658040657,True,Cruise
1,166,1675401011.7261896,49.113698185778,0.011817357522960014,False,True,False,True,100000,False,True,False,4.015117797570427,-0.7384303272168306,9.75851266714793,0.06072751019810149,True,Cruise
1,167,1675401011.8262076,48.96574179038731,0.013790109461502505,False,True,False,True,100000,False,True,False,4.020819955292786,-0.4573364515699836,9.759891509015578,0.01276768844321826,True,Cruise
1,168,1675401011.9262948,48.850546984189315,0.015326040210809118,False,True,False,True,100000,False,True,False,4.025353835014466,-0.13365735868261178,9.76032598960065,0.11697354836545126,True,Cruise
1,169,1675401012.0261817,48.850546984189315,0.015326040210809118,False,True,False,True,100000,False,True,False,4.025736314584768,-0.05276596918271728,9.76044545620131,0.08089238195351904,True,Cruise
1,170,1675401012.126271,48.92758897238161,0.01429881370157845,False,True,False,True,100000,False,True,False,4.025736314584768,-0.05276596918271728,9.76044545620131,0.33382218901527455,True,Cruise
1,171,1675401012.2262602,48.86799466101435,0.015093404519808732,False,True,False,True,100000,False,True,False,4.028027290019157,0.39207567756198036,9.759500701826,0.11102831489844452,True,Cruise
1,172,1675401012.326323,48.86799466101435,0.015093404519808732,False,True,False,True,100000,False,True,False,4.003602849821265,0.8829537580706597,9.721467378121327,0.40498657374087627,True,Cruise
1,173,1675401012.4262123,48.8280921930152,0.01562543742646397,False,True,False,True,100000,False,True,False,4.0139405258911784,1.0407502303030665,9.733250559065047,0.40498657374087627,True,Cruise
1,174,1675401012.52795,48.8280921930152,0.01562543742646397,False,True,False,True,100000,False,True,False,4.033577075491802,1.1449082535464858,9.752432164777902,0.05180805863322503,True,Cruise
1,175,1675401012.6287038,48.97290106430015,0.01369465247599793,False,True,False,True,100000,False,True,False,4.033577075491802,1.1449082535464858,9.752432164777902,0.05180805863322503,True,Cruise
1,176,1675401012.727541,49.01878766978724,0.013082831069503566,False,True,False,True,100000,False,True,False,4.046215736862037,1.1575264434055481,9.764407652659969,0.00884703931325801,True,Cruise
1,177,1675401012.8264189,49.01878766978724,0.013082831069503566,False,True,False,True,100000,False,True,False,4.05853245621821,1.0738205941617716,9.774967172454739,0.04228361077896268,True,Cruise
1,178,1675401012.927409,49.05897977869458,0.012546936284072325,False,True,False,True,100000,False,True,False,4.068290241274133,0.9960404564130397,9.78382230173906,0.04468415293852234,True,Cruise
1,179,1675401013.0285308,49.05897977869458,0.012546936284072325,False,True,False,True,100000,False,True,False,4.072217091296763,0.951535808416895,9.787517105472759,0.09348170431772211,True,Cruise
1,180,1675401013.1278918,49.29776211154092,0.00936317184612109,False,True,False,True,100000,False,True,False,4.080499524135937,0.8101383807408276,9.795444802741963,0.04839151583531134,True,Cruise
1,181,1675401013.2272456,49.304133894380506,0.009278214741593235,False,True,False,True,100000,False,True,False,4.0831275163771705,0.7362231501880505,9.798138930488868,0.03056280930292464,True,Cruise
1,182,1675401013.326861,49.45023563773037,0.007330191496928403,False,True,False,True,100000,False,True,False,4.0849385858403515,0.6553056285105092,9.798638030663684,0.06383860752831919,True,Cruise
1,183,1675401013.426195,49.45023563773037,0.007330191496928403,False,True,False,True,100000,False,True,False,4.08524812883142,0.5230539432724078,9.797893662902215,0.029029176486834427,True,Cruise
1,184,1675401013.5262163,49.554357752821865,0.005941896629041783,False,True,False,True,100000,False,True,False,4.08524812883142,0.5230539432724078,9.797893662902215,0.029029176486834427,True,Cruise
1,185,1675401013.6262083,49.554357752821865,0.005941896629041783,False,True,False,True,100000,False,True,False,4.0817955206820455,0.41060968902186884,9.794152849102858,0.029029176486834427,True,Cruise
1,186,1675401013.726279,49.662456078433664,0.0045005856208844485,False,True,False,True,100000,False,True,False,3.7446203386807055,0.4548902199787723,9.825039222067018,0.029029176486834427,True,Cruise
1,187,1675401013.8263037,49.73095477039482,0.003587269728069092,False,True,False,True,100000,False,True,False,1.8089773450140656,0.22141602591062137,9.942077134520598,0.31336663416655275,True,Cruise
1,188,1675401013.9262114,49.73095477039482,0.003587269728069092,False,False,False,True,100000,False,True,False,1.948154619258698,0.20800462570612704,9.911961569569756,0.1430284117716446,True,Cruise
1,189,1675401014.0262144,49.849480003074355,0.002006933292341965,False,False,False,True,100000,False,True,False,1.948154619258698,0.20800462570612704,9.911961569569756,0.1430284117716446,True,Cruise
1,190,1675401014.126225,49.849480003074355,0.002006933292341965,False,False,False,True,100000,False,True,False,0.8166362938930433,0.21731697359142066,9.944712933627477,0.26606469470343475,True,Cruise
1,191,1675401014.226191,49.849480003074355,0.002006933292341965,False,False,False,True,100000,False,True,False,0.6427616258745302,0.1784618888868793,9.850308079319836,0.21725553421411498,True,Cruise
1,192,1675401014.326214,49.849480003074355,0.002006933292341965,False,False,False,True,100000,False,True,False,0.6427616258745302,0.1784618888868793,9.850308079319836,0.31224228553613503,True,Cruise
1,193,1675401014.426194,49.849480003074355,0.002006933292341965,False,False,False,True,100000,False,True,False,0.11636300040666503,0.17052644066406428,9.842840479284574,0.2350153859917868,True,Cruise
1,194,1675401014.5262015,49.91552534859125,0.00112632868545003,False,False,False,True,100000,False,True,False,-0.2584698420538199,0.14772056443008563,9.797224808837168,0.3782863428253425,True,Cruise
1,195,1675401014.6262095,49.91552534859125,0.00112632868545003,False,False,False,True,100000,False,True,False,-0.07501357328593608,0.10888546937567056,9.723042368907635,0.13908379321225295,True,Cruise
1,196,1675401014.7262113,49.86320753168648,-0.0018238995775136375,False,False,False,True,100000,False,True,False,-0.30298779802893855,0.09371399589257265,9.71537061816299,0.09832674325008245,True,Cruise
1,197,1675401014.8263738,49.73584384553949,-0.0035220820594734866,False,False,False,True,100000,False,True,False,0.11338683230939661,0.07113878707641959,9.664001626537875,0.4201383654738749,True,Cruise
1,198,1675401014.9262614,49.685734993128925,-0.004190200091614363,False,False,False,True,100000,False,True,False,-1.5796461010704257,-0.02719001552916942,9.787601866355212,0.4201383654738749,True,Cruise
1,199,1675401015.0261643,49.63405138068779,-0.0048793149241628305,False,False,False,True,100000,False,True,False,-1.5928727322662697,-0.0389538238162195,9.78016565984195,0.019199690766083168,True,Cruise
1,200,1675401015.1261878,49.63405138068779,-0.0048793149241628305,False,False,False,True,100000,False,True,False,-0.8912108843284736,-0.07674777116532198,9.699908668040962,0.34444797526863186,True,Cruise
1,201,1675401015.2263172,49.642456291364695,-0.004767249448470727,False,False,False,True,100000,False,True,False,-0.8323450294446677,-0.15394525551689686,9.697994466262047,0.20115554236567396,True,Cruise
1,202,1675401015.3262663,48.93137162469638,-0.01424837833738158,False,False,False,True,100000,False,True,False,-0.7128542474141483,-0.18791219133703643,9.68659911707908,0.12474635747097523,True,Cruise
1,203,1675401015.4262156,48.93137162469638,-0.01424837833738158,False,False,False,True,100000,False,True,False,-0.3441067865239396,-0.2767062856895863,9.677642876138709,0.37939332539812487,True,Cruise
1,204,1675401015.5262518,48.72809398269509,-0.016958746897398777,False,False,False,True,100000,False,True,False,-0.29079520307219114,-0.4479058462971119,9.684970570835393,0.17945782120573733,True,Cruise
1,205,1675401015.62615,48.72809398269509,-0.016958746897398777,False,False,False,True,100000,False,True,False,-2.7363252968822733,-0.49455427259829143,9.927163739995521,0.4112632199577729,True,Cruise
1,206,1675401015.726148,48.89763902764973,-0.014698146298003555,False,False,False,True,100000,False,True,False,-3.366141787014495,-0.6515071906927771,9.967344221336774,0.24083209317687426,True,Cruise
1,207,1675401015.8261669,48.89763902764973,-0.014698146298003555,False,False,False,True,100000,False,True,False,-1.8497488268948215,-0.7678703555637786,9.805951454507284,0.6779249464777686,True,Cruise
1,208,1675401015.9261894,48.89763902764973,-0.014698146298003555,False,False,False,True,100000,False,True,False,-1.1758878455700994,-0.8095196164629354,9.74464117827628,0.6779249464777686,True,Cruise
1,209,1675401016.0261726,48.89763902764973,-0.014698146298003555,False,False,False,True,100000,False,True,False,-0.39362243096632527,-0.9584328378143645,9.69335628098773,0.04912580309320824,True,Cruise
1,210,1675401016.126245,48.89079628589541,-0.014789382854727832,False,False,False,True,100000,False,True,False,-0.35020961639517534,-1.0178242747764479,9.71153763368005,0.028709470355890884,True,Cruise
1,211,1675401016.226198,48.89079628589541,-0.014789382854727832,False,False,False,True,100000,False,True,False,-0.33873486562349703,-1.0359709700799913,9.722864602609825,0.024274939358273274,True,Cruise
1,212,1675401016.3261714,48.89079628589541,-0.014789382854727832,False,False,False,True,100000,False,True,False,-0.24684509276329938,-1.0480117652037273,9.754092378587181,0.07503350367604912,True,Cruise
1,213,1675401016.4261732,49.06230490632073,-0.012502601249056876,False,False,False,True,100000,False,True,False,-0.09793152768681038,-1.03360596922859,9.76877791880317,0.07533369444910741,True,Cruise
1,214,1675401016.5262654,49.06230490632073,-0.012502601249056876,False,False,False,True,100000,False,True,False,0.9482679688596178,-0.9597608209872708,9.735198481897164,0.20385199365226622,True,Cruise
1,215,1675401016.6263087,49.9539218026844,0.0006143759642080651,False,False,False,True,100000,False,True,False,0.7212515122654616,-0.9455544278500213,9.775745740880296,0.23104625809906917,True,Cruise
1,216,1675401016.7262785,49.484693426703544,-0.0068707543106194665,False,False,False,True,100000,False,True,False,0.7212515122654616,-0.9455544278500213,9.775745740880296,1.5840863652764887,True,Cruise
1,217,1675401016.8262563,49.81821225797978,-0.0024238365602695716,False,False,False,True,100000,False,True,False,2.2899973883270306,-0.7447499346668586,9.686059930898166,0.69769529113944,True,Cruise
1,218,1675401016.9262173,49.99224299427948,-0.00010342674294027264,False,False,False,True,100000,False,True,False,1.934162993695955,-0.5212667044923992,9.787752719457924,0.4133038036354266,True,Cruise
1,219,1675401017.0262403,49.82957808313485,0.0022722922248686506,False,False,False,True,100000,False,True,False,2.910606870165341,-0.40832629303022827,9.765199229578192,0.1379739804655643,True,Cruise
1,220,1675401017.1262615,49.82957808313485,0.0022722922248686506,False,False,False,True,100000,False,True,False,2.5424292608789996,-0.3329700294881315,9.8253828813887,0.38059872619345486,True,Cruise
1,221,1675401017.2264023,49.84370084580277,0.0020839887226296702,False,False,False,True,100000,False,True,False,2.5424292608789996,-0.3329700294881315,9.8253828813887,0.38059872619345486,True,Cruise
1,222,1675401017.3265243,49.563903241781254,0.005814623442916629,False,False,False,True,100000,False,True,False,1.1176380005129285,-0.11422550734307062,9.999960178513174,0.14840051898266393,True,Cruise
1,223,1675401017.4264874,49.563903241781254,0.005814623442916629,False,False,False,True,100000,False,True,False,0.9915677989205415,-0.036785430992879176,10.011451604867435,1.0862306158983313,True,Cruise
1,224,1675401017.526531,49.563903241781254,0.005814623442916629,False,False,False,True,100000,False,True,False,-0.8787293777250926,0.19001494401491267,10.161962491972227,0.12292159720972282,True,Cruise
1,225,1675401017.626367,49.563903241781254,0.005814623442916629,False,False,False,True,100000,False,True,False,-0.4558165647515167,0.3017948882068882,10.066503210127983,0.35741499147007677,True,Cruise
1,226,1675401017.7262778,49.3148724445509,0.009135034072654641,False,False,False,True,100000,False,True,False,0.11944625532109704,0.4088409200136711,9.935151082956942,0.5996995467697409,True,Cruise
1,227,1675401017.8262546,49.3148724445509,0.009135034072654641,False,False,False,True,100000,False,True,False,0.02615933578394465,0.4815154930740776,9.890010253676857,1.0853706955822895,True,Cruise
1,228,1675401017.9262607,49.3148724445509,0.009135034072654641,False,False,False,True,100000,False,True,False,-1.7821752413568173,0.6160291372842328,9.992806346226804,0.18942460407634074,True,Cruise
1,229,1675401018.0263443,48.59615192910978,0.018717974278536265,False,False,False,True,100000,False,True,False,-1.2692599268703237,0.5995834339453741,9.867916977594735,0.33989753440182585,True,Cruise
1,230,1675401018.1262577,48.59615192910978,0.018717974278536265,False,False,False,True,100000,False,True,False,-1.2692599268703237,0.5995834339453741,9.867916977594735,1.2778293918620498,True,Cruise
1,231,1675401018.2262537,49.78983612770148,0.002802184963980333,False,False,False,True,100000,False,True,False,-3.167926482955959,0.8146702552016585,9.9119286645587,0.4356053084660745,True,Cruise
1,232,1675401018.326253,49.78983612770148,0.002802184963980333,False,False,False,True,100000,False,True,False,-3.167926482955959,0.8146702552016585,9.9119286645587,0.4356053084660745,True,Cruise
1,233,1675401018.426331,49.78983612770148,0.002802184963980333,False,False,False,True,100000,False,True,False,-1.6814019940518286,0.9639371563378378,9.651609340056668,0.18520969454923883,True,Cruise
1,234,1675401018.5263321,49.63308517558825,0.004892197658823361,False,False,False,True,100000,False,True,False,2.3467452575796637,0.5901907017423625,9.310693137048347,1.2112338548869348,True,Cruise
1,235,1675401018.626275,49.63308517558825,0.004892197658823361,False,False,False,True,100000,False,True,False,2.5966976898069563,0.5940185866362327,9.318667548552142,0.25010890091704424,True,Cruise
1,236,1675401018.7263334,49.33749374413467,0.008833416744871044,False,False,False,True,100000,False,True,False,1.7238239273067715,0.40726237556619893,9.485275808528254,1.0557590913983443,True,Cruise
1,237,1675401018.8263505,49.33749374413467,0.008833416744871044,False,False,False,True,100000,False,True,False,-0.654460450410436,0.5286998657005915,9.810073352737243,0.45853349438839847,True,Cruise
1,238,1675401018.9262903,49.33749374413467,0.008833416744871044,False,False,False,True,100000,False,True,False,-1.4379209983296735,0.5673335245295857,9.902023479711689,0.7897833978952986,True,Cruise
1,239,1675401019.026281,49.394313214738474,0.008075823803486943,False,False,False,True,100000,False,True,False,-1.4379209983296735,0.5673335245295857,9.902023479711689,1.1267014698846924,True,Cruise
1,240,1675401019.1262553,49.394313214738474,0.008075823803486943,False,False,False,True,100000,False,True,False,0.7786295441963634,0.39109340121865793,9.800418371897585,0.23296565211444847,True,Cruise
1,241,1675401019.2262492,49.50251611232447,0.0066331185023404265,False,False,False,True,100000,False,True,False,0.795986219067385,0.37446032522583966,9.817516716446127,0.08466561055777252,True,Cruise
1,242,1675401019.3262672,49.50251611232447,0.0066331185023404265,False,False,False,True,100000,False,True,False,1.3941035221354905,0.35431645088969527,9.79019099153617,0.6808548107231089,True,Cruise
1,243,1675401019.4263563,49.6200770203747,0.005065639728337295,False,False,False,False,100000,False,True,False,1.2408293058836428,0.32822050229192723,9.82857318840331,0.16014736006935423,True,Cruise
1,244,1675401019.5262992,49.6200770203747,0.005065639728337295,False,False,False,False,100000,False,True,False,0.5381802668990516,0.33166782788295146,9.923753039909911,0.709074580120116,True,Cruise
1,245,1675401019.6262708,49.6200770203747,0.005065639728337295,False,False,False,False,100000,False,True,False,1.2340287260320055,0.30174388889926884,9.860354896817828,0.7982521730567466,True,Cruise
