repetition,iteration,time,speed,steering,obstacle_North,obstacle_NorthWest,obstacle_SouthWest,obstacle_West,obstacle_distance,follow_enable,steady_motion_enable,passing_start,accel_x,accel_y,accel_z,accel_diff,success,action
1,1,1675401193.0913274,0.0,0.0,False,True,False,True,100000,False,True,False,0.061721472467843076,-2.8392191021528796e-14,9.807350924425798,0.0052954390735686,True,Cruise
1,2,1675401193.0915716,0.0,0.0,False,True,False,True,100000,False,True,False,0.061721472467843076,-2.8392191021528796e-14,9.807350924425798,0.0052954390735686,True,Cruise
1,3,1675401193.1938603,49.04855527496109,-0.012685929667185453,False,True,False,True,100000,False,True,False,0.05273231518983894,2.1397359978218776e-13,9.802952850176778,0.00488789794877155,True,Cruise
1,4,1675401193.2957048,49.66746063785708,-0.0044338581619055755,False,True,False,True,100000,False,True,False,0.04449786662529676,-2.1515420749373933e-14,9.799643736896094,0.008874478794075238,True,Cruise
1,5,1675401193.3932462,49.66746063785708,-0.0044338581619055755,False,True,False,True,100000,False,True,False,1.0271015608992695,0.013427180219750387,9.703499527452271,0.9081252211071411,True,Cruise
1,6,1675401193.4960883,49.69694317337018,-0.004040757688397623,False,True,False,True,100000,False,True,False,3.0476051324878126,-0.0076732237518485034,9.565682296049136,0.2690763556882188,True,Cruise
1,7,1675401193.5942214,49.58648744120271,-0.005513500783963802,False,True,False,True,100000,False,True,False,3.5862143707695537,-0.0027175492493813113,9.59911967349698,0.11019787336788824,True,Cruise
1,8,1675401193.6934247,49.58648744120271,-0.005513500783963802,False,True,False,True,100000,False,True,False,3.773031654849899,-0.004348705699372719,9.646137987083407,0.1926501495328574,True,Cruise
1,9,1675401193.7917478,49.71665607370171,-0.003777919017310529,False,True,False,True,100000,False,True,False,3.8766200862937112,-0.005856954711020731,9.669801353243354,0.10626755310107709,True,Cruise
1,10,1675401193.8916626,49.69136914659951,-0.00411507804533986,False,True,False,True,100000,False,True,False,4.100330732309973,-0.003392471086543322,9.715678385188838,0.11544945110045057,True,Cruise
1,11,1675401193.9916916,49.69136914659951,-0.00411507804533986,False,True,False,True,100000,False,True,False,4.310901241675027,-0.002948962879668897,9.760141112416386,0.09228378837722917,True,Cruise
1,12,1675401194.0923693,49.68788340832293,-0.004161554555694288,False,True,False,True,100000,False,True,False,4.476972153493862,-0.005877063602682785,9.802919124707678,0.07925560585399552,True,Cruise
1,13,1675401194.1926632,49.549239893642536,-0.006010134751432811,False,True,False,False,100000,False,True,False,4.587918880745604,-0.006964161086571141,9.842194725480804,0.03934976126424132,True,Cruise
1,14,1675401194.2926733,49.39102923211477,-0.008119610238469778,False,True,False,False,100000,False,True,False,4.645778670590573,-0.007923450469808198,9.875618510568083,0.018401122932906005,True,Cruise
1,15,1675401194.3920574,49.39102923211477,-0.008119610238469778,False,True,False,False,100000,False,True,False,4.657159086963889,-0.011940408321574473,9.901220048520278,0.014767666688123696,True,Cruise
1,16,1675401194.4916546,49.49465812194503,-0.0067378917073995966,False,True,False,False,100000,False,True,False,4.657159086963889,-0.011940408321574473,9.901220048520278,0.013685207911513182,True,Cruise
1,17,1675401194.591649,49.49465812194503,-0.0067378917073995966,False,True,False,False,100000,False,True,False,4.604198208705592,-0.020965219715662863,9.92248836077011,0.026155261459409006,True,Cruise
1,18,1675401194.6917162,49.49465812194503,-0.0067378917073995966,False,True,False,False,100000,False,True,False,4.604198208705592,-0.020965219715662863,9.92248836077011,0.026155261459409006,True,Cruise
1,19,1675401194.7916775,49.31991809358771,-0.00906775875216384,False,True,False,False,100000,False,True,False,4.534323487616009,-0.01653938016084826,9.924848132124167,0.07005450181077175,True,Cruise
1,20,1675401194.8916898,49.62727986209629,-0.004969601838716127,False,True,False,False,100000,False,True,False,4.398669031180673,-0.008628283849082336,9.912066381694638,0.04575631774055116,True,Cruise
1,21,1675401194.9916747,49.331364143558154,-0.008915144752557953,False,True,False,False,100000,False,True,False,4.349272715283831,-0.032790333605286145,9.904039455684703,0.053284351433999906,True,Cruise
1,22,1675401195.0917099,49.331364143558154,-0.008915144752557953,False,True,False,False,100000,False,True,False,4.249952935393348,-0.010290196250004092,9.883483132680823,0.05107491429216503,True,Cruise
1,23,1675401195.1916804,49.331364143558154,-0.008915144752557953,False,True,False,False,100000,False,True,False,4.20151868019732,0.0017962199805416294,9.871417507187132,0.0513569649828139,True,Cruise
1,24,1675401195.2916782,49.41340230614715,-0.0078213025847047,False,True,False,False,100000,False,True,False,4.030873076759461,-0.026090138383194288,9.816816831027886,0.09910403493635783,True,Cruise
1,25,1675401195.3916626,49.83101662488107,0.002253111668252301,False,True,False,False,100000,False,True,False,3.9658039122619098,-0.021344953960813706,9.788984512127046,0.037277285956056845,True,Cruise
1,26,1675401195.491671,49.73811723210137,0.003491770238648456,False,True,False,False,100000,False,True,False,3.9167911817682466,-0.04825854771861862,9.763081556837935,0.02978901328716709,True,Cruise
1,27,1675401195.5917115,49.73811723210137,0.003491770238648456,False,True,False,False,100000,False,True,False,3.898717674409159,0.0052565310117456895,9.751267534556675,0.05770690116648267,True,Cruise
1,28,1675401195.6916866,49.73811723210137,0.003491770238648456,False,True,False,False,100000,False,True,False,3.8741864830377732,0.029396267969767426,9.730730095609783,0.010857149227707065,True,Cruise
1,29,1675401195.791659,49.73811723210137,0.003491770238648456,False,True,False,False,100000,False,True,False,3.8642373683971853,0.02723758994301556,9.714948108568912,0.0081382223215234,True,Cruise
1,30,1675401195.891688,49.73811723210137,0.003491770238648456,False,True,False,False,100000,False,True,False,3.867321314152101,0.02839520194387567,9.704352511375811,0.007034376643621232,True,Cruise
1,31,1675401195.9917,49.62796199099861,0.004960506786685228,False,True,False,False,100000,False,True,False,3.8812486640265482,0.03309476130199612,9.69901993299505,0.008745823518686576,True,Cruise
1,32,1675401196.0917227,49.62796199099861,0.004960506786685228,False,True,False,False,100000,False,True,False,3.916765619167389,0.04146534159140332,9.700266534170645,0.026151335658751235,True,Cruise
1,33,1675401196.191673,49.62796199099861,0.004960506786685228,False,True,False,False,100000,False,True,False,3.931158074965639,0.04499608399786854,9.702866653977258,0.01504558237005567,True,Cruise
1,34,1675401196.2918067,49.795408505156836,0.0027278865979088406,False,True,False,False,100000,False,True,False,3.9776261459262257,0.04259394929919887,9.715823089603314,0.01660430814057837,True,Cruise
1,35,1675401196.391814,49.795408505156836,0.0027278865979088406,False,True,False,False,100000,False,True,False,4.008622153668349,0.04624996340134293,9.727581477565577,0.017264558816269832,True,Cruise
1,36,1675401196.4917262,49.795408505156836,0.0027278865979088406,False,True,False,False,100000,False,True,False,4.023463514522119,0.03157058291079056,9.734023442431088,0.0218460320174326,True,Cruise
1,37,1675401196.59168,49.710376957077635,-0.00386164057229819,False,True,False,False,100000,False,True,False,4.063005626833262,0.020418941508457564,9.7541787319853,0.014010510262264853,True,Cruise
1,38,1675401196.6916604,49.710376957077635,-0.00386164057229819,False,True,False,False,100000,False,True,False,4.074109653850931,0.03783670780633147,9.760797832648562,0.043673635669882,True,Cruise
1,39,1675401196.791793,49.710376957077635,-0.00386164057229819,False,True,False,False,100000,False,True,False,4.092828798344091,-0.023895582457083175,9.77328053090348,0.02238795774475677,True,Cruise
1,40,1675401196.8918135,49.64041697870169,0.004794440283977435,False,True,False,False,100000,False,True,False,4.106297207462667,-0.03091220505774914,9.784261386298542,0.010950800181441763,True,Cruise
1,41,1675401196.9916985,49.64041697870169,0.004794440283977435,False,True,False,False,100000,False,True,False,4.111104110564036,-0.03219437265762663,9.789024786650296,0.0068876885884321245,True,Cruise
1,42,1675401197.0916758,49.64041697870169,0.004794440283977435,False,True,False,False,100000,False,True,False,4.118415274778879,-0.011228891394698985,9.79990790311522,0.022053867949061,True,Cruise
1,43,1675401197.1917965,49.85762992964886,0.001898267604681894,False,True,False,False,100000,False,True,False,4.117946622422216,0.013993338650945045,9.804153828600404,0.003840884476706053,True,Cruise
1,44,1675401197.2917216,49.85762992964886,0.001898267604681894,False,True,False,False,100000,False,True,False,4.113960257702174,0.01967337122986401,9.806021243090038,0.007915896093446827,True,Cruise
1,45,1675401197.3916855,49.85762992964886,0.001898267604681894,False,True,False,False,100000,False,True,False,4.107371388717477,-0.0019119484947407142,9.805687312387166,0.005990362302526725,True,Cruise
1,46,1675401197.4916573,49.81306272063634,0.002492497058182091,False,True,False,False,100000,False,True,False,4.098869674975594,0.0060822337542042115,9.803465472608194,0.011879505813866823,True,Cruise
1,47,1675401197.5916402,49.81306272063634,0.002492497058182091,False,True,False,False,100000,False,True,False,4.084251816341761,0.01830795941098879,9.797431083456654,0.008159415153140852,True,Cruise
1,48,1675401197.6916862,49.624483701285456,0.005006883982860602,False,True,False,False,100000,False,True,False,4.07431533383962,0.022529095353786315,9.79222729685695,0.005724911222449771,True,Cruise
1,49,1675401197.7916565,49.624483701285456,0.005006883982860602,False,True,False,False,100000,False,True,False,4.064933768011522,0.02292306840285516,9.786580271253074,0.005405386705426323,True,Cruise
1,50,1675401197.8916597,49.624483701285456,0.005006883982860602,False,True,False,False,100000,False,True,False,4.064933768011522,0.02292306840285516,9.786580271253074,0.014191562635471834,True,Cruise
1,51,1675401197.991693,49.92350632386527,0.0010199156817964248,False,True,False,False,100000,False,True,False,4.05272501577931,0.041072810021376124,9.778155936145975,0.004663997875191427,True,Cruise
1,52,1675401198.0916908,49.92350632386527,0.0010199156817964248,False,True,False,False,100000,False,True,False,4.04635884128158,0.05404306304017929,9.773047514996223,0.02816434700543311,True,Cruise
1,53,1675401198.1916785,49.73885620302176,0.0034819172930431663,False,True,False,False,100000,False,True,False,4.0387399188439925,0.009796816050738906,9.765108602935674,0.002164474442638267,True,Cruise
1,54,1675401198.2917027,49.73885620302176,0.0034819172930431663,False,True,False,False,100000,False,True,False,4.0387399188439925,0.009796816050738906,9.765108602935674,0.002164474442638267,True,Cruise
1,55,1675401198.3916452,49.73885620302176,0.0034819172930431663,False,True,False,False,100000,False,True,False,4.036709100032772,0.023985186804667685,9.76105987249843,0.006537652230384656,True,Cruise
1,56,1675401198.4916477,49.87190816505531,0.0017078911325958124,False,True,False,False,100000,False,True,False,4.037008662203129,0.02394321671618424,9.760660930495769,0.001974662279136965,True,Cruise
1,57,1675401198.591636,49.87190816505531,0.0017078911325958124,False,True,False,False,100000,False,True,False,4.037594173552051,0.022065119672034617,9.760489994631522,0.004792099264113569,True,Cruise
1,58,1675401198.6917257,49.65883028439494,0.004548929541400797,False,True,False,False,100000,False,True,False,4.04075449949339,0.012814854562418024,9.761199327287567,0.012541136635711308,True,Cruise
1,59,1675401198.7916608,49.65883028439494,0.004548929541400797,False,True,False,False,100000,False,True,False,4.04075449949339,0.012814854562418024,9.761199327287567,0.012541136635711308,True,Cruise
1,60,1675401198.8916337,49.65883028439494,0.004548929541400797,False,True,False,False,100000,False,True,False,4.04364255653143,0.006367588636518488,9.762517450639379,0.012541136635711308,True,Cruise
1,61,1675401198.9916472,49.36242364402086,0.008501018079721881,False,True,False,False,100000,False,True,False,4.049777826703019,0.035414047494949454,9.766455455776578,0.003531712033905964,True,Cruise
1,62,1675401199.091639,49.36242364402086,0.008501018079721881,False,True,False,False,100000,False,True,False,4.052663626560346,0.05419943209455258,9.768722581842509,0.01705202858527299,True,Cruise
1,63,1675401199.191644,49.5046674379803,0.006604434160262582,False,True,False,False,100000,False,True,False,4.053964033966607,0.07116379126932981,9.76985886404331,0.01705202858527299,True,Cruise
1,64,1675401199.2916481,49.5046674379803,0.006604434160262582,False,True,False,False,100000,False,True,False,4.056453215790608,0.08045904703889777,9.772029311454501,0.003343791857986335,True,Cruise
1,65,1675401199.391663,49.498488216121046,0.006686823785052758,False,True,False,False,100000,False,True,False,4.0597362226322256,0.08233303851135476,9.774827305293899,0.009339506041198549,True,Cruise
1,66,1675401199.4916642,49.498488216121046,0.006686823785052758,False,True,False,False,100000,False,True,False,4.061412876412942,0.07985120090710018,9.776290779181396,0.0016481866448534702,True,Cruise
1,67,1675401199.5916636,49.498488216121046,0.006686823785052758,False,True,False,False,100000,False,True,False,4.062418997243488,0.08410476229705624,9.777398376521091,0.0022392413893318297,True,Cruise
1,68,1675401199.6916618,49.10495941687106,0.011933874441719223,False,True,False,False,100000,False,True,False,4.062418997243488,0.08410476229705624,9.777398376521091,0.0022392413893318297,True,Cruise
1,69,1675401199.791646,49.10495941687106,0.011933874441719223,False,True,False,False,100000,False,True,False,4.0623912277218235,0.1068484772212826,9.778523567476482,0.03969349292859834,True,Cruise
1,70,1675401199.8916426,49.59591397417842,0.0053878136776210435,False,True,False,False,100000,False,True,False,4.061402367281176,0.13280822872401843,9.778567568758369,0.004914890214952718,True,Cruise
1,71,1675401199.991661,49.59591397417842,0.0053878136776210435,False,True,False,False,100000,False,True,False,4.060621505306174,0.1323835362111701,9.778258571703354,0.020334882214508992,True,Cruise
1,72,1675401200.0916772,49.59591397417842,0.0053878136776210435,False,True,False,False,100000,False,True,False,4.060955134265588,0.07592502970680215,9.777204991567734,0.07679588883942544,True,Cruise
1,73,1675401200.1916382,49.45712649921209,0.00723831334383883,False,True,False,False,100000,False,True,False,4.060803350773477,0.07008398974705982,9.776809510453102,0.005856380396782176,True,Cruise
1,74,1675401200.2916584,49.45712649921209,0.00723831334383883,False,True,False,False,100000,False,True,False,4.059024593378174,0.07757953211311772,9.77563068151712,0.012563144379619562,True,Cruise
1,75,1675401200.3916337,49.36153561395609,0.008512858480585427,False,True,False,False,100000,False,True,False,4.0582760079881455,0.08150308632357864,9.775235413309705,0.004013837899614626,True,Cruise
1,76,1675401200.4916608,49.36153561395609,0.008512858480585427,False,True,False,False,100000,False,True,False,4.057112432952684,0.07366706763203265,9.774434909935604,0.004903734654789451,True,Cruise
1,77,1675401200.5916293,49.36153561395609,0.008512858480585427,False,True,False,False,100000,False,True,False,4.05627400768145,0.0631918753647363,9.773677010198043,0.010535986996217498,True,Cruise
1,78,1675401200.691654,49.69792223914812,0.004027703478025083,False,True,False,False,100000,False,True,False,4.0553504310088515,0.07881315128810015,9.773040135961612,0.015434982730615289,True,Cruise
1,79,1675401200.7916396,49.69792223914812,0.004027703478025083,False,True,False,False,100000,False,True,False,4.055357672327543,0.05762053568758226,9.772447227378136,0.03662456477811618,True,Cruise
1,80,1675401200.891637,49.65901687095347,0.004546441720620367,False,True,False,False,100000,False,True,False,4.05558063124617,0.03315050121723201,9.772012710934824,0.004285298133934277,True,Cruise
1,81,1675401200.9916558,49.65901687095347,0.004546441720620367,False,True,False,False,100000,False,True,False,4.055502322784623,0.034393980515299905,9.77187539146017,0.0012534869835751858,True,Cruise
1,82,1675401201.0916588,49.65901687095347,0.004546441720620367,False,True,False,False,100000,False,True,False,4.055502322784623,0.034393980515299905,9.77187539146017,0.005961866709008083,True,Cruise
1,83,1675401201.1916618,49.6341805100926,0.004877593198765375,False,True,False,False,100000,False,True,False,4.054993670692487,0.03815392781808326,9.771749544514464,0.0018033464263977196,True,Cruise
1,84,1675401201.291685,49.6341805100926,0.004877593198765375,False,True,False,False,100000,False,True,False,4.0551730903355825,0.041611305995605995,9.771983254785535,0.0024071466728002094,True,Cruise
1,85,1675401201.3916442,49.75253677157976,0.003299509712269792,False,True,False,False,100000,False,True,False,4.055287450710225,0.04342774771072355,9.772097008964675,0.0018235895407078772,True,Cruise
1,86,1675401201.4916444,49.75253677157976,0.003299509712269792,False,True,False,False,100000,False,True,False,4.055880958048883,0.04028859991297199,9.772491527866991,0.011700131613090851,True,Cruise
1,87,1675401201.591648,49.75253677157976,0.003299509712269792,False,True,False,False,100000,False,True,False,4.056139522875609,0.03452594249456862,9.77263506723628,0.00025856192763896264,True,Cruise
1,88,1675401201.6916611,49.257406276989194,0.009901249640144048,False,True,False,False,100000,False,True,False,4.056502216815203,0.036501254648241804,9.772942704164128,0.0018248538072037786,True,Cruise
1,89,1675401201.7917244,49.257406276989194,0.009901249640144048,False,True,False,False,100000,False,True,False,4.056729900802276,0.02052517685184885,9.773249937213096,0.0611240350454063,True,Cruise
1,90,1675401201.8916671,49.257406276989194,0.009901249640144048,False,True,False,False,100000,False,True,False,4.055685570612591,0.13086041555263325,9.773761202226042,0.049217619990191364,True,Cruise
1,91,1675401201.991664,49.78328860317058,0.0028894852910589085,False,True,False,False,100000,False,True,False,4.0557085771642996,0.16034798618415336,9.773950838956011,0.024987162385090047,True,Cruise
1,92,1675401202.091705,49.78328860317058,0.0028894852910589085,False,True,False,False,100000,False,True,False,4.057456461344821,0.07212845032903613,9.773939525707588,0.05789342937043153,True,Cruise
1,93,1675401202.1917293,49.67805359348753,0.004292618753499539,False,True,False,False,100000,False,True,False,4.05800437404918,0.07377949287781677,9.774013709496606,0.004871472396163409,True,Cruise
1,94,1675401202.2918007,49.67805359348753,0.004292618753499539,False,True,False,False,100000,False,True,False,4.058000142561726,0.07719795919996969,9.774057670667816,0.0034187515975504807,True,Cruise
1,95,1675401202.3916864,49.67805359348753,0.004292618753499539,False,True,False,False,100000,False,True,False,4.058000142561726,0.07719795919996969,9.774057670667816,0.0034187515975504807,True,Cruise
1,96,1675401202.4917204,49.83484974326708,0.002202003423105627,False,True,False,False,100000,False,True,False,4.057409907697343,0.07986499606560926,9.774155996532492,0.0039169372136605655,True,Cruise
1,97,1675401202.5917618,49.83484974326708,0.002202003423105627,False,True,False,False,100000,False,True,False,4.05733074237872,0.0697396918884929,9.774116934797235,0.004698919592541899,True,Cruise
1,98,1675401202.691738,49.83484974326708,0.002202003423105627,False,True,False,False,100000,False,True,False,4.057506563953102,0.05011748538974487,9.774022271184524,0.022291752248024793,True,Cruise
1,99,1675401202.791649,49.83484974326708,0.002202003423105627,False,True,False,False,100000,False,True,False,4.057612692218575,0.03649165747121277,9.773968490577731,0.013626347347247839,True,Cruise
1,100,1675401202.891665,49.80727191945942,0.002569707740541089,False,True,False,False,100000,False,True,False,4.057612692218575,0.03649165747121277,9.773968490577731,0.007429076828447112,True,Cruise
1,101,1675401202.9917505,49.80727191945942,0.002569707740541089,False,True,False,False,100000,False,True,False,4.057343778180056,0.024151858500581366,9.77373867544862,0.003157363411362179,True,Cruise
1,102,1675401203.0917442,49.80727191945942,0.002569707740541089,False,True,False,False,100000,False,True,False,4.057232103872974,0.025763265164139723,9.77369649165319,0.0006710122442254399,True,Cruise
1,103,1675401203.1917288,49.88581395621164,-0.0015224805838447166,False,True,False,False,100000,False,True,False,4.05699045939292,0.026106953720839033,9.773569070056382,0.00011299074649915776,True,Cruise
1,104,1675401203.2917402,49.88581395621164,-0.0015224805838447166,False,True,False,False,100000,False,True,False,4.056878581660586,0.027872445196845945,9.773493586066943,0.0017706424290372792,True,Cruise
1,105,1675401203.391764,49.88581395621164,-0.0015224805838447166,False,True,False,False,100000,False,True,False,4.057135856385524,-0.021332458977412195,9.773373209843154,0.023587643719912347,True,Cruise
1,106,1675401203.491709,49.88581395621164,-0.0015224805838447166,False,True,False,False,100000,False,True,False,4.0570610520772625,-0.028697383387924855,9.773344443196587,0.0009491377865743192,True,Cruise
1,107,1675401203.5916615,49.80563624003452,-0.0025915167995397823,False,True,False,False,100000,False,True,False,4.056872354616591,-0.03319003764890312,9.773341762629082,0.003202456351137667,True,Cruise
1,108,1675401203.6916525,49.80563624003452,-0.0025915167995397823,False,True,False,False,100000,False,True,False,4.056872354616591,-0.03319003764890312,9.773341762629082,0.003202456351137667,True,Cruise
1,109,1675401203.791716,49.80563624003452,-0.0025915167995397823,False,True,False,False,100000,False,True,False,4.05668480448049,-0.056037763797680766,9.773353998218065,0.022848499183375854,True,Cruise
1,110,1675401203.8917012,49.80563624003452,-0.0025915167995397823,False,True,False,False,100000,False,True,False,4.056582270408606,-0.07664555560384213,9.773382553783298,0.0034886241209470914,True,Cruise
1,111,1675401203.9917083,49.789772936528216,-0.0028030275129571607,False,True,False,False,100000,False,True,False,4.056559327490775,-0.07939684372318993,9.773394991442206,0.002751411890012487,True,Cruise
1,112,1675401204.0916913,49.789772936528216,-0.0028030275129571607,False,True,False,False,100000,False,True,False,4.056530775489858,-0.08411245613283873,9.773422263795469,0.002212917196020657,True,Cruise
1,113,1675401204.1916773,49.789772936528216,-0.0028030275129571607,False,True,False,False,100000,False,True,False,4.056530775489858,-0.08411245613283873,9.773422263795469,0.002212917196020657,True,Cruise
1,114,1675401204.2917244,49.789772936528216,-0.0028030275129571607,False,True,False,False,100000,False,True,False,4.056511819195284,-0.09033301594648918,9.7734947362828,0.0001379838845165662,True,Cruise
1,115,1675401204.391816,49.789772936528216,-0.0028030275129571607,False,True,False,False,100000,False,True,False,4.056516773078285,-0.08946422728017553,9.773507847689366,0.0008689017186391134,True,Cruise
1,116,1675401204.49175,49.76371836579654,-0.003150421789379432,False,True,False,False,100000,False,True,False,4.056534387653762,-0.08694879570380926,9.773531384933445,0.0014135648751441156,True,Cruise
1,117,1675401204.591742,49.76371836579654,-0.003150421789379432,False,True,False,False,100000,False,True,False,4.056550129380547,-0.08531495716864032,9.773561092789937,0.00022125426214662864,True,Cruise
1,118,1675401204.6917167,49.76371836579654,-0.003150421789379432,False,True,False,False,100000,False,True,False,4.056548079879424,-0.08622685261557719,9.77356917182309,0.0009119335378061999,True,Cruise
1,119,1675401204.7917087,49.76371836579654,-0.003150421789379432,False,True,False,False,100000,False,True,False,4.05657328668045,-0.08369501326283901,9.773583320077373,0.0008734712721485359,True,Cruise
1,120,1675401204.8916667,49.66684351092132,-0.004442086521049128,False,True,False,False,100000,False,True,False,4.056611658533656,-0.08288300426183011,9.773586630947312,2.5514666750786706e-05,True,Cruise
1,121,1675401204.9916644,49.66684351092132,-0.004442086521049128,False,True,False,False,100000,False,True,False,4.056611658533656,-0.08288300426183011,9.773586630947312,2.5514666750786706e-05,True,Cruise
1,122,1675401205.0917344,49.66684351092132,-0.004442086521049128,False,True,False,False,100000,False,True,False,4.056435904102688,-0.1072308196426872,9.773595404665144,0.0037023232176324385,True,Cruise
1,123,1675401205.1917224,49.66684351092132,-0.004442086521049128,False,True,False,False,100000,False,True,False,4.056424574811201,-0.10915363162939193,9.773590804753448,0.002187065405812009,True,Cruise
1,124,1675401205.2916496,49.67033355668754,-0.004395552577499455,False,True,False,False,100000,False,True,False,4.056436537824958,-0.11430483461564703,9.77357661361702,0.003675569684199918,True,Cruise
1,125,1675401205.3916368,49.67033355668754,-0.004395552577499455,False,True,False,False,100000,False,True,False,4.056460771100683,-0.12119906926882566,9.773560172154468,0.0032187289362721563,True,Cruise
1,126,1675401205.4916437,49.67033355668754,-0.004395552577499455,False,True,False,False,100000,False,True,False,4.056460771100683,-0.12119906926882566,9.773560172154468,0.0032187289362721563,True,Cruise
1,127,1675401205.591657,49.576047011387075,-0.005652706514838963,False,True,False,False,100000,False,True,False,4.056483061138657,-0.13315070612545396,9.773530741295785,0.0021025022013578176,True,Cruise
1,128,1675401205.69171,49.576047011387075,-0.005652706514838963,False,True,False,False,100000,False,True,False,4.056482475542604,-0.1333693129419554,9.773518709258719,0.0018838949952474024,True,Cruise
1,129,1675401205.7916486,49.576047011387075,-0.005652706514838963,False,True,False,False,100000,False,True,False,4.056240712558119,-0.15980294246130577,9.773527568155844,0.0105816297843015,True,Cruise
1,130,1675401205.8916428,49.576047011387075,-0.005652706514838963,False,True,False,False,100000,False,True,False,4.056167727185001,-0.1683781911356908,9.773508484620258,0.004361209228414612,True,Cruise
1,131,1675401205.9916384,49.577405962675236,-0.0056345871643301735,False,True,False,False,100000,False,True,False,4.056179547500113,-0.17120708426340148,9.773499549273764,0.002828931934189121,True,Cruise
1,132,1675401206.0916405,49.577405962675236,-0.0056345871643301735,False,True,False,False,100000,False,True,False,4.056206563152321,-0.17786249445958693,9.773483348497818,0.003251102899907335,True,Cruise
1,133,1675401206.1916442,49.577405962675236,-0.0056345871643301735,False,True,False,False,100000,False,True,False,4.0562271405856585,-0.183765385177727,9.773470587535254,0.0026518379409888014,True,Cruise
1,134,1675401206.2916536,49.577405962675236,-0.0056345871643301735,False,True,False,False,100000,False,True,False,4.05624205756399,-0.188144480334772,9.773461339349721,0.0020430035486081635,True,Cruise
1,135,1675401206.391689,49.48222607120524,-0.0069036523839301495,False,True,False,False,100000,False,True,False,4.0562624260624505,-0.19238473349887014,9.773452810493971,0.0011201195616721423,True,Cruise
1,136,1675401206.4916732,49.487741298414356,-0.006830116021141931,False,True,False,False,100000,False,True,False,4.056270681821524,-0.1932661762327563,9.773451096168587,0.0027398025640796154,True,Cruise
1,137,1675401206.59165,49.487741298414356,-0.006830116021141931,False,True,False,False,100000,False,True,False,4.056097916584813,-0.20542133226038425,9.773466894772657,0.014896023373771142,True,Cruise
1,138,1675401206.6916993,49.487741298414356,-0.006830116021141931,False,True,False,False,100000,False,True,False,4.055912242260916,-0.21913758355177992,9.773475466329977,0.003772551198265238,True,Cruise
1,139,1675401206.791692,49.50944547513739,-0.006540726998168107,False,True,False,False,100000,False,True,False,4.055936260629877,-0.2263312264936775,9.773458467933073,0.005258813737264352,True,Cruise
1,140,1675401206.8916655,49.50944547513739,-0.006540726998168107,False,True,False,False,100000,False,True,False,4.055963361323646,-0.2299922828942623,9.773451575061705,0.0036611631932408155,True,Cruise
1,141,1675401206.9916425,49.50944547513739,-0.006540726998168107,False,True,False,False,100000,False,True,False,4.291912313377518,0.08553035559591896,9.765064903424662,0.3980712708085863,True,Cruise
1,142,1675401207.0916622,49.50944547513739,-0.006540726998168107,False,True,False,False,100000,False,True,False,4.271490510671393,-0.05757327497540604,9.768269353805692,0.14458896088812112,True,Cruise
1,143,1675401207.1917799,49.19061685903686,-0.010791775212841883,False,True,False,False,100000,False,True,False,4.158662566529449,-0.18917721680801333,9.777732596016701,0.07463841064255278,True,Cruise
1,144,1675401207.291816,49.242909122224034,-0.01009454503701281,False,True,False,False,100000,False,True,False,4.080728650861139,-0.2706320706927373,9.78208361975662,0.11281631016994972,True,Cruise
1,145,1675401207.3917713,49.15184113519841,-0.011308784864021211,False,True,False,False,100000,False,True,False,4.085338414421396,-0.28597119763488993,9.780536590621779,0.028218877059032102,True,Cruise
1,146,1675401207.4916854,49.17066666468606,-0.011057777804185901,False,True,False,False,100000,False,True,False,4.095465260265801,-0.42605496917957786,9.776737271410118,0.021757637524589615,True,Cruise
1,147,1675401207.5916626,48.178443735242745,-0.024287416863430094,False,True,False,False,100000,False,True,False,4.080141030769564,-0.44475675667127035,9.777155773915755,0.02418189424724589,True,Cruise
1,148,1675401207.6916866,49.54750098470294,-0.00603332020396082,False,True,False,False,100000,False,True,False,4.100944632289611,-0.3487448556604471,9.773954417733034,0.09829203250175302,True,Cruise
1,149,1675401207.7916744,48.883436744614585,-0.01488751007180559,False,True,False,False,100000,False,True,False,4.0884568240813435,-0.6418366889307718,9.773291474015531,0.2933584966861858,True,Cruise
1,150,1675401207.8917832,48.859033166240074,-0.01521289111679906,False,True,False,False,100000,False,True,False,4.078520500519418,-0.5677795638995123,9.771833820946114,0.115250500653461,True,Cruise
1,151,1675401207.991718,48.631270690364765,-0.018249724128469785,False,True,False,False,100000,False,True,False,4.081164893938285,-0.6457300210289654,9.770970951751186,0.07800007132363405,True,Cruise
1,152,1675401208.091775,48.57237843500152,-0.019034954199979737,False,True,False,False,100000,False,True,False,4.07658385921365,-0.6344823693264929,9.770834671424913,0.012145539110956631,True,Cruise
1,153,1675401208.191825,48.57237843500152,-0.019034954199979737,False,True,False,False,100000,False,True,False,4.067242945139393,-0.6424360886586568,9.771211437904645,0.01227421198846347,True,Cruise
1,154,1675401208.2918506,49.146867363593636,-0.01137510181875159,False,True,False,False,100000,False,True,False,4.06243633870187,-0.7511098262987181,9.770419516066669,0.10878286564667983,True,Cruise
1,155,1675401208.3917263,49.368715443156646,-0.008417127424578025,False,True,False,False,100000,False,True,False,4.06243633870187,-0.7511098262987181,9.770419516066669,0.37487689385829354,True,Cruise
1,156,1675401208.4917097,49.368715443156646,-0.008417127424578025,False,True,False,False,100000,False,True,False,4.132633375586119,-0.4115688789630874,9.798649301475809,0.03263339575342006,True,Cruise
1,157,1675401208.5916965,48.770283138848605,-0.016396224815352,False,True,False,False,100000,False,True,False,4.112821648592744,-0.44510209914011595,9.796843855538047,0.03899026823369218,True,Cruise
1,158,1675401208.6916616,48.770283138848605,-0.016396224815352,False,True,False,False,100000,False,True,False,3.727519840737944,-0.49740456695833885,9.80288622846103,0.36338949872486337,True,Cruise
1,159,1675401208.7916696,48.770283138848605,-0.016396224815352,False,True,False,False,100000,False,True,False,3.727519840737944,-0.49740456695833885,9.80288622846103,0.2787557529446558,True,Cruise
1,160,1675401208.8917375,48.770283138848605,-0.016396224815352,False,True,False,False,100000,False,True,False,3.974058022556337,-0.7293077033298727,9.763612156675137,0.037217561328861365,True,Cruise
1,161,1675401208.9916916,48.770283138848605,-0.016396224815352,False,True,False,False,100000,False,True,False,4.021933378456246,-0.7561389519359314,9.755657026982282,0.01935386557329216,True,Cruise
1,162,1675401209.091704,49.63154861394694,-0.004912685147374098,False,True,False,False,100000,False,True,False,4.014131652164603,-0.7924345283078976,9.75454296170789,0.02048321519496437,True,Cruise
1,163,1675401209.1918252,49.63154861394694,-0.004912685147374098,False,True,False,True,100000,False,True,False,4.004771062146605,-0.8108895625646106,9.754975144157157,0.020697722497196428,True,Cruise
1,164,1675401209.2917953,49.63154861394694,-0.004912685147374098,False,True,False,True,100000,False,True,False,3.9976952482296553,-0.5978106553005734,9.756569746127317,0.02746686196004153,True,Cruise
1,165,1675401209.3916821,49.75761472895094,-0.0032318036139874547,False,True,False,True,100000,False,True,False,3.9991554970361505,-0.5865056868267623,9.757069650754518,0.011409844144730081,True,Cruise
1,166,1675401209.4916842,49.75761472895094,-0.0032318036139874547,False,True,False,True,100000,False,True,False,4.0071697628856855,-0.504968225128159,9.758646504567071,0.02992503268070867,True,Cruise
1,167,1675401209.59166,49.75761472895094,-0.0032318036139874547,False,True,False,True,100000,False,True,False,4.0114056003318455,-0.4399342774724364,9.759117453590626,0.0651734490382421,True,Cruise
1,168,1675401209.6916494,49.37819951519059,0.008290673130792132,False,True,False,True,100000,False,True,False,4.024654671397689,-0.29991586613467164,9.760721707303626,0.0385712998140109,True,Cruise
1,169,1675401209.7925956,49.37819951519059,0.008290673130792132,False,True,False,True,100000,False,True,False,4.00091265331072,0.0008395735045935862,9.716688442195776,0.27082339835093594,True,Cruise
1,170,1675401209.891783,49.37819951519059,0.008290673130792132,False,True,False,True,100000,False,True,False,4.015958593058947,0.2924560715160967,9.728486221830567,0.11988517590086102,True,Cruise
1,171,1675401209.9917924,49.047407351013135,0.012701235319824858,False,True,False,True,100000,False,True,False,4.023909145279787,0.33912972645856576,9.735292920118408,0.04783275538672913,True,Cruise
1,172,1675401210.0916555,49.047407351013135,0.012701235319824858,False,True,False,True,100000,False,True,False,4.0316516150794275,0.36274191158995617,9.742194360144186,0.025789746018656644,True,Cruise
1,173,1675401210.1916575,49.047407351013135,0.012701235319824858,False,True,False,True,100000,False,True,False,4.0533100923358925,0.49624921120562404,9.762269679345097,0.07268802191001826,True,Cruise
1,174,1675401210.291785,48.94806085557386,0.014025855259015205,False,True,False,True,100000,False,True,False,4.059549435347608,0.5684054394209005,9.768442025553663,0.04200854611389545,True,Cruise
1,175,1675401210.3918748,48.94806085557386,0.014025855259015205,False,True,False,True,100000,False,True,False,4.074932423781333,0.6636686319757151,9.784377146196753,0.026170516987667678,True,Cruise
1,176,1675401210.4918225,48.94806085557386,0.014025855259015205,False,True,False,True,100000,False,True,False,4.081917936496409,0.725581258345887,9.79237303307708,0.04169961334689182,True,Cruise
1,177,1675401210.5916722,48.814014557310884,0.01581313923585483,False,True,False,True,100000,False,True,False,4.081917936496409,0.725581258345887,9.79237303307708,0.04169961334689182,True,Cruise
1,178,1675401210.691692,48.814014557310884,0.01581313923585483,False,True,False,True,100000,False,True,False,0.6657009585088884,0.7387674844714077,10.074599821785732,0.5940700217675586,True,Cruise
1,179,1675401210.7916536,48.64964415366314,0.018004744617824774,False,True,False,True,100000,False,True,False,0.4455142866645144,0.7432445219958769,10.06701530414434,0.07667641677905979,True,Cruise
1,180,1675401210.891682,48.64964415366314,0.018004744617824774,False,True,False,True,100000,False,True,False,-0.6016012218619413,0.8080531137857646,10.104709189911942,0.983110077053621,True,Cruise
1,181,1675401210.9916875,48.64964415366314,0.018004744617824774,False,True,False,True,100000,False,True,False,-0.359151411037014,0.9606552962820805,9.950328333007972,0.3254270822320815,True,Cruise
1,182,1675401211.091678,48.481062223920254,0.020252503681063287,False,True,False,True,100000,False,True,False,-0.25774909573904764,0.9872736300263651,9.901652964342556,0.9599170527794085,True,Cruise
1,183,1675401211.191664,48.481062223920254,0.020252503681063287,False,True,False,True,100000,False,True,False,-1.373743456956923,1.1083092304884168,9.917872482662546,0.17408104415634232,True,Cruise
1,184,1675401211.2916605,48.39476426441816,0.021403143141091235,False,True,False,True,100000,False,True,False,-0.9018624810949267,1.1603088578188225,9.757293530674858,0.13976605793814167,True,Cruise
1,185,1675401211.391646,48.39476426441816,0.021403143141091235,False,False,False,True,100000,False,True,False,-0.9018624810949267,1.1603088578188225,9.757293530674858,0.13976605793814167,True,Cruise
1,186,1675401211.4917002,48.35624511379798,0.021916731816026866,False,False,False,True,100000,False,True,False,-1.2152193946914718,1.2438226128052297,9.692330387251696,0.13649943857480404,True,Cruise
1,187,1675401211.5916355,48.35624511379798,0.021916731816026866,False,False,False,True,100000,False,True,False,-1.2469129877751441,1.285688383370581,9.655703637328761,0.16399043239700392,True,Cruise
1,188,1675401211.691602,48.268658745078156,0.023084550065624616,False,False,False,True,100000,False,True,False,-1.0273240086393745,1.3130578193291162,9.607536582314747,0.1156722503141099,True,Cruise
1,189,1675401211.7917929,48.268658745078156,0.023084550065624616,False,False,False,True,100000,False,True,False,-0.8130106078797218,1.3305349555785313,9.58120988825312,0.10099967419777257,True,Cruise
1,190,1675401211.8916728,48.34924584449495,0.022010055406733977,False,False,False,True,100000,False,True,False,-0.8130106078797218,1.3305349555785313,9.58120988825312,0.10099967419777257,True,Cruise
1,191,1675401211.9917207,48.34924584449495,0.022010055406733977,False,False,False,True,100000,False,True,False,-0.981946138737304,1.358038571367411,9.607317772623018,0.2185709967160791,True,Cruise
1,192,1675401212.0916827,48.34924584449495,0.022010055406733977,False,False,False,True,100000,False,True,False,0.12555049895419143,1.364385285779708,9.548813122762956,0.7047286110731198,True,Cruise
1,193,1675401212.1916738,48.287331346940846,0.022835582040788734,False,False,False,True,100000,False,True,False,0.10103421279593999,1.349640271383908,9.636672512833186,0.06294512119415777,True,Cruise
1,194,1675401212.2917106,48.287331346940846,0.022835582040788734,False,False,False,True,100000,False,True,False,-0.3211266182400617,1.355995165762565,9.728140857585286,0.43200302086358194,True,Cruise
1,195,1675401212.3916733,48.42068574753538,0.021057523366194934,False,False,False,True,100000,False,True,False,-0.3211266182400617,1.355995165762565,9.728140857585286,0.43200302086358194,True,Cruise
1,196,1675401212.4917543,48.42068574753538,0.021057523366194934,False,False,False,True,100000,False,True,False,0.9632204209301929,1.326724827015419,9.68452623722561,0.08652161683382287,True,Cruise
1,197,1675401212.5917454,48.42068574753538,0.021057523366194934,False,False,False,True,100000,False,True,False,0.9010017128928286,1.3014121013938345,9.759576682739928,0.14627509185445411,True,Cruise
1,198,1675401212.6917615,48.50764206292414,0.019898105827678078,False,False,False,True,100000,False,True,False,0.5919795246955113,1.2950041869027946,9.839771098456161,0.14411933539139588,True,Cruise
1,199,1675401212.7916782,48.50764206292414,0.019898105827678078,False,False,False,True,100000,False,True,False,0.5919795246955113,1.2950041869027946,9.839771098456161,0.4040458372412314,True,Cruise
1,200,1675401212.8917327,48.538217853975574,0.019490428613659024,False,False,False,True,100000,False,True,False,0.8499381534587725,1.2378564550059306,9.894754466793184,0.14647196563322765,True,Cruise
1,201,1675401212.9917114,48.538217853975574,0.019490428613659024,False,False,False,True,100000,False,True,False,0.6025252827294455,1.2149905395066731,9.939228601482315,0.11134501134052986,True,Cruise
1,202,1675401213.0916574,48.538217853975574,0.019490428613659024,False,False,False,True,100000,False,True,False,0.6693410178932124,1.1854250896966767,9.943699323419024,0.08721280739715467,True,Cruise
1,203,1675401213.191763,48.76195558119435,0.01650725891740868,False,False,False,True,100000,False,True,False,0.5834706420444309,1.1728373082165444,9.952295839171969,0.08721280739715467,True,Cruise
1,204,1675401213.2917054,48.76195558119435,0.01650725891740868,False,False,False,True,100000,False,True,False,1.3191948119254346,1.147738573004716,9.85549068474577,0.9435323422057718,True,Cruise
1,205,1675401213.3916988,48.76195558119435,0.01650725891740868,False,False,False,True,100000,False,True,False,1.7579504140949043,1.0477699290301905,9.816870734381165,0.9435323422057718,True,Cruise
1,206,1675401213.4916825,48.88617568694198,0.01485099084077352,False,False,False,True,100000,False,True,False,0.6937382959080198,1.066681124543221,9.900018520622549,0.3456358584145928,True,Cruise
1,207,1675401213.591755,48.88617568694198,0.01485099084077352,False,False,False,True,100000,False,True,False,0.4467065458261477,1.0317472107549135,9.91097685634789,0.24973015237041504,True,Cruise
1,208,1675401213.691687,48.88617568694198,0.01485099084077352,False,False,False,True,100000,False,True,False,0.7574391972744883,0.9813346391691801,9.853762556767757,0.3199526279411498,True,Cruise
1,209,1675401213.791658,49.13739923490011,0.01150134353466524,False,False,False,True,100000,False,True,False,0.5360702299887172,0.9607923953442778,9.862339284161099,0.16925294053839582,True,Cruise
1,210,1675401213.8916602,49.13739923490011,0.01150134353466524,False,False,False,True,100000,False,True,False,1.8122584314649113,0.8147428713015946,9.713629090666313,0.8790583356732243,True,Cruise
1,211,1675401213.9917376,49.248158665838545,0.010024551122152683,False,False,False,True,100000,False,True,False,1.0850767600719802,0.8070048790305256,9.780143528639835,0.43015700312784355,True,Cruise
1,212,1675401214.0916595,49.248158665838545,0.010024551122152683,False,False,False,True,100000,False,True,False,1.0850767600719802,0.8070048790305256,9.780143528639835,0.07967055745220929,True,Cruise
1,213,1675401214.1917167,49.248158665838545,0.010024551122152683,False,False,False,True,100000,False,True,False,0.9096480467514301,0.7118001721678395,9.777546059055963,0.21902159321243952,True,Cruise
1,214,1675401214.2917151,49.54245414237802,0.0061006114349597615,False,False,False,True,100000,False,True,False,0.5004646767071211,0.662022247108301,9.807548364220192,0.19427173282692942,True,Cruise
1,215,1675401214.391657,49.54245414237802,0.0061006114349597615,False,False,False,True,100000,False,True,False,0.3564204422586384,0.5802042525301438,9.816125539708162,0.8969937719580239,True,Cruise
1,216,1675401214.4916685,49.73211817177282,0.0035717577096957952,False,False,False,True,100000,False,True,False,2.0987108802511343,0.5459991411830061,9.65309743553937,0.8533291928078114,True,Cruise
1,217,1675401214.5916977,49.64808670019211,-0.004692177330771892,False,False,False,True,100000,False,True,False,0.8778759413254873,0.465207131432288,9.791619188241613,1.2313218803029733,True,Cruise
1,218,1675401214.6916928,48.82819317914528,-0.015624090944729623,False,False,False,True,100000,False,True,False,1.5962187174246778,0.32957234646618233,9.737635435623192,0.6713206036241128,True,Cruise
1,219,1675401214.7916744,46.99676378060233,-0.04004314959196894,False,False,False,True,100000,False,True,False,0.3542739971522802,0.1522316214003792,9.859692302083952,0.34409416066050086,True,Cruise
1,220,1675401214.891683,47.11717070947879,-0.03843772387361608,False,False,False,True,100000,False,True,False,-1.6960634261552934,-0.12243029557574868,10.037945225204545,0.9796669351444357,True,Cruise
1,221,1675401214.9916692,46.30124770662912,-0.04931669724494504,False,False,False,True,100000,False,True,False,-2.8081560661325122,-0.7111438261196984,10.09205883755817,1.2594689134627264,True,Cruise
1,222,1675401215.0919907,46.09444980039833,-0.05207400266135563,False,False,False,True,100000,False,True,False,-3.269695799627989,-1.1634734159755398,10.067329988088261,0.3799839373483266,True,Cruise
1,223,1675401215.1916718,44.793614297444385,-0.06941847603407489,False,False,False,True,100000,False,True,False,-3.4148793086268965,-1.4505985590620236,10.042366553612496,0.32271081813056013,True,Cruise
1,224,1675401215.2916667,44.75383050618563,-0.06994892658419158,False,False,False,True,100000,False,True,False,-3.6927646702504,-1.948032645933616,9.98559434670021,0.2906059627217941,True,Cruise
1,225,1675401215.3917003,44.75383050618563,-0.06994892658419158,False,False,False,True,100000,False,True,False,-4.008524595729543,-2.5827611016089103,9.927903782213575,0.4873336910121457,True,Cruise
1,226,1675401215.4916716,46.85947089889175,-0.04187372134811,False,False,False,True,100000,False,True,False,-4.448831581611523,-3.359571461058026,9.837405686931632,0.8974934437719297,True,Cruise
1,227,1675401215.5917559,45.88686180048987,-0.054841842660135164,False,False,False,True,100000,False,True,False,-4.5598414367137465,-3.5161940957706754,9.806197461630987,0.19449367845913304,True,Cruise
1,228,1675401215.6917915,45.88686180048987,-0.054841842660135164,False,False,False,True,100000,False,True,False,-3.845011307232309,-3.613802630108062,9.663202250467233,0.8259827879593374,True,Cruise
1,229,1675401215.7916677,47.77522921712954,-0.029663610438272803,False,False,False,True,100000,False,True,False,-3.9559062966858103,-3.4922876373906804,9.654810404953015,0.23447428619052219,True,Cruise
1,230,1675401215.8917584,47.77522921712954,-0.029663610438272803,False,False,False,True,100000,False,True,False,-4.407817699954863,-3.5387590177609867,9.649449596713254,0.2198536533671495,True,Cruise
1,231,1675401216.0019178,47.65383452742496,-0.03128220630100055,False,False,False,True,100000,False,True,False,0.5141109965842288,-2.9763745970331352,9.20989543474336,0.2198536533671495,True,Cruise
1,232,1675401216.0916958,47.063020911777684,-0.03915972117629759,False,False,False,True,100000,False,True,False,1.4304118845914202,-2.8219464514414345,9.1653350690345,4.973415947997659,True,Cruise
1,233,1675401216.1916473,47.12562927750259,-0.038324942966632115,False,False,False,True,100000,False,True,False,1.4515246825063932,-2.672529937956294,9.269752306037919,0.1569683323995823,True,Cruise
1,234,1675401216.2917461,47.12562927750259,-0.038324942966632115,False,False,False,True,100000,False,True,False,-1.4438378526318174,-2.124204332840634,9.645635798771453,0.7206124354327552,True,Cruise
1,235,1675401216.3917942,47.12562927750259,-0.038324942966632115,False,False,False,True,100000,False,True,False,-2.1568739351070065,-2.1117563891702966,9.749109833616636,0.7206124354327552,True,Cruise
1,236,1675401216.4916713,47.12562927750259,-0.038324942966632115,False,False,False,True,100000,False,True,False,-0.9422357040534425,-1.7550088323970023,9.743657305412288,1.265955995153254,True,Cruise
1,237,1675401216.5916507,47.384916196496775,-0.03486778404670968,False,False,False,True,100000,False,True,False,1.274564034529119,-1.575535078751825,9.66212982517629,1.1382528552313789,True,Cruise
1,238,1675401216.6916506,48.68016263789988,-0.01759783149466827,False,False,False,True,100000,False,True,False,2.2230895470595766,-1.5722531617964979,9.625923816748562,0.1742568202520922,True,Cruise
1,239,1675401216.7917626,48.68016263789988,-0.01759783149466827,False,False,False,True,100000,False,True,False,1.6687087406521879,-1.6024552659934144,9.781671441695249,0.405740953680761,True,Cruise
1,240,1675401216.8917391,48.744932164808176,-0.0167342378025577,False,False,False,True,100000,False,True,False,1.6687087406521879,-1.6024552659934144,9.781671441695249,0.405740953680761,True,Cruise
1,241,1675401216.9917448,48.744932164808176,-0.0167342378025577,False,False,False,True,100000,False,True,False,3.83979567173033,-1.356187979647818,9.757052007347362,1.8119197343113744,True,Cruise
1,242,1675401217.0916994,48.56906852683204,-0.019079086308906194,False,False,False,True,100000,False,True,False,4.240701034562806,-1.3413224064547795,9.806790238164403,0.2468147537375953,True,Cruise
1,243,1675401217.1917424,49.45506284829334,-0.0072658286894221194,False,False,False,True,100000,False,True,False,4.297264510249923,-1.3065572555278777,9.8409473021343,0.43540574460270265,True,Cruise
1,244,1675401217.2916722,49.45506284829334,-0.0072658286894221194,False,False,True,False,100000,False,True,False,3.986713722206798,-1.3289585591799742,9.931055791698347,0.15585966171238733,True,Cruise
1,245,1675401217.3916929,49.9829769773754,0.00022697363499462052,False,False,True,False,100000,False,True,False,3.986713722206798,-1.3289585591799742,9.931055791698347,0.615435179950828,True,Cruise
1,246,1675401217.4916627,48.613581226217285,0.01848558365043618,False,False,True,False,100000,False,True,False,4.4980875651377445,-0.9869514824230021,9.948038516311732,0.09941272116534476,True,Cruise
1,247,1675401217.591698,48.613581226217285,0.01848558365043618,False,False,True,False,100000,False,True,False,2.9245509826672946,-0.6639431893436678,10.133638854720003,1.3963840037968376,True,Cruise
1,248,1675401217.6917305,48.82948513720968,0.015606864837204294,False,False,True,False,100000,False,True,False,2.9245509826672946,-0.6639431893436678,10.133638854720003,0.9896486947611913,True,Cruise
1,249,1675401217.7917135,49.632373795402124,0.004901682727971654,False,False,True,False,100000,False,True,False,0.5028364540278925,0.1776925502436033,10.27520090892073,0.2337326069362843,True,Cruise
1,250,1675401217.8939369,49.632373795402124,0.004901682727971654,False,False,True,False,100000,False,True,False,-0.17859287551499273,0.15990930844697243,10.253845504974489,0.6819957684089913,True,Cruise
1,251,1675401217.991812,49.35731084496943,0.008569188733740931,False,False,True,False,100000,False,True,False,2.73805371006295,0.38734868326865235,9.86491940242199,0.7648078105634685,True,Cruise
1,252,1675401218.091767,49.35731084496943,0.008569188733740931,False,False,True,False,100000,False,True,False,2.1088698468838833,0.48180308254976,9.89351818533507,0.6368766423826508,True,Cruise
1,253,1675401218.1917696,49.218192052680436,0.010424105964260829,False,False,True,False,100000,False,True,False,-0.7187336979195393,0.8083685317656825,10.022860498420503,1.4961302389985462,True,Cruise
1,254,1675401218.291698,49.218192052680436,0.010424105964260829,False,False,True,False,100000,False,True,False,-0.7187336979195393,0.8083685317656825,10.022860498420503,1.4961302389985462,True,Cruise
1,255,1675401218.3916585,49.76821268617928,0.0030904975176096043,False,False,True,False,100000,False,True,False,-0.7187336979195393,0.8083685317656825,10.022860498420503,1.4961302389985462,True,Cruise
1,256,1675401218.491677,49.76821268617928,0.0030904975176096043,False,False,True,False,100000,False,True,False,-0.7187336979195393,0.8083685317656825,10.022860498420503,0.20771646567691618,True,Cruise
1,257,1675401218.5916946,48.84710918683136,0.015371877508915168,False,False,True,False,100000,False,True,False,1.540469846651326,0.7052243202946068,9.572589694282845,1.0373583882668063,True,Cruise
1,258,1675401218.6918423,49.27409557259507,0.009678725698732397,False,False,True,False,100000,False,True,False,1.921846267128064,0.8124518695375917,9.511845462466036,0.3386389615134952,True,Cruise
1,259,1675401218.7917225,49.27409557259507,0.009678725698732397,False,False,True,False,100000,False,True,False,0.10527298412578644,0.8567764477951131,9.673653606922795,1.82430398683112,True,Cruise
1,260,1675401218.8916788,49.27409557259507,0.009678725698732397,False,False,True,False,100000,False,True,False,-1.5240271553376201,0.870295164751587,9.799045994189264,1.6341740883235205,True,Cruise
1,261,1675401218.9916623,49.20391166900296,0.010614511079960446,False,False,True,False,100000,False,True,False,-1.6361486685844493,0.5654921340225555,9.723802508378133,0.33337321942737325,True,Cruise
1,262,1675401219.0939324,49.237180440650135,0.010170927457998217,False,False,True,False,100000,False,True,False,-1.189893529778661,0.5986647224073743,9.662710907547128,0.5619557365925323,True,Cruise
1,263,1675401219.1917076,49.36339107593567,0.008488118987524499,False,False,True,False,100000,False,True,False,-0.9109277304472303,0.602838225937782,9.626136403680821,0.2813841318578731,True,Cruise
1,264,1675401219.291667,49.36339107593567,0.008488118987524499,False,False,True,False,100000,False,True,False,-0.24208571818097874,0.7633999093616958,9.624070327481336,0.17475880539369743,True,Cruise
1,265,1675401219.39176,49.36339107593567,0.008488118987524499,False,False,True,False,100000,False,True,False,-0.24208571818097874,0.7633999093616958,9.624070327481336,0.17475880539369743,True,Cruise
1,266,1675401219.4940128,49.36339107593567,0.008488118987524499,False,False,True,False,100000,False,True,False,0.13835306674357353,0.7455291250336555,9.642208059329976,0.20920778711567425,True,Cruise
1,267,1675401219.5918183,49.36339107593567,0.008488118987524499,False,False,True,False,100000,False,True,False,-0.04995951230052852,0.6151747815250194,9.699223265726937,0.09079798803039014,True,Cruise
1,268,1675401219.6916971,49.18410357384002,0.01087861901546637,False,False,True,False,100000,False,True,False,-0.05325488812541432,0.5548492289814951,9.719880561157723,0.06384947647415362,True,Cruise
1,269,1675401219.8142712,49.18410357384002,0.01087861901546637,False,False,True,False,100000,False,True,False,0.026778351589056736,0.5219268826447451,9.753514645188753,0.05530331305862832,True,Cruise
1,270,1675401219.8917565,49.24722153722251,0.010037046170366574,False,False,True,False,100000,False,True,False,0.026778351589056736,0.5219268826447451,9.753514645188753,0.05530331305862832,True,Cruise
1,271,1675401219.9917657,49.15869597069717,0.011217387057371042,False,False,True,False,100000,False,True,False,-0.42832658960898434,0.38923470244057934,9.843720034448681,0.31906058184036695,True,Cruise
1,272,1675401220.0917833,49.15869597069717,0.011217387057371042,False,False,True,False,100000,False,True,False,-0.18148955122065744,0.44429328201531837,9.853908706104038,0.48283990926257103,True,Cruise
1,273,1675401220.1917033,49.6653546623462,0.004461937835383895,False,False,True,False,100000,False,True,False,-0.10422564897789538,0.4647087669867364,9.854593363750624,1.0595760656653102,True,Cruise
1,274,1675401220.293838,49.6653546623462,0.004461937835383895,False,False,True,False,100000,False,True,False,0.9501809159657982,0.5098219499101263,9.76029047163729,1.0595760656653102,True,Cruise
1,275,1675401220.391933,49.98106952865184,-0.0002524062846421829,False,False,True,False,100000,False,True,False,0.9501809159657982,0.5098219499101263,9.76029047163729,1.6141538260681134,True,Cruise
1,276,1675401220.4917753,49.451094606525324,0.0073187385796623615,False,False,True,False,100000,False,True,False,2.5488463171233975,0.3013864932058356,9.680816137790345,0.5860706086931688,True,Cruise
1,277,1675401220.5917451,49.84441930156379,0.002074409312482872,False,False,True,False,100000,False,True,False,2.63918788566649,0.7589254605162861,9.698778858952064,1.5806839869249452,True,Cruise
1,278,1675401220.6917965,49.84441930156379,0.002074409312482872,False,False,True,False,100000,False,True,False,-0.40583038121980153,0.5755493313865041,10.02182092653553,1.487078709826451,True,Cruise
1,279,1675401220.7918236,49.67268502661783,-0.00436419964509562,False,False,True,False,100000,False,True,False,0.9868050642221715,0.4328093403771176,9.903536209357833,0.5483676765502244,True,Cruise
1,280,1675401220.8917396,49.67268502661783,-0.00436419964509562,False,False,True,False,100000,False,True,False,0.9026051652773059,0.2538717970162809,9.91426254463338,0.19804878609771967,True,Cruise
1,281,1675401220.9917364,49.734115829081674,-0.0035451222789109576,False,False,True,False,100000,False,True,False,-0.277948728082246,0.06194783163573745,9.996668304556007,0.1658769690848894,True,Cruise
1,282,1675401221.0938401,49.734115829081674,-0.0035451222789109576,False,False,True,False,100000,False,True,False,-0.277948728082246,0.06194783163573745,9.996668304556007,0.1658769690848894,True,Cruise
1,283,1675401221.1918044,49.935548098561625,0.0008593586858449474,False,False,True,False,100000,False,True,False,0.5437496802212094,-0.15052277991380572,9.885245224664416,0.09360183327801094,True,Cruise
1,284,1675401221.2917552,49.74920190080785,0.003343974655895342,False,False,False,False,100000,False,True,False,1.6511404483771597,-0.15408684819600255,9.767551288756252,1.1136331885002804,True,Cruise
1,285,1675401221.4137712,49.74920190080785,0.003343974655895342,False,False,False,False,100000,False,True,False,0.2737353848032109,-0.2397777437126521,9.896419798536513,0.6560999042152109,True,Cruise
1,286,1675401221.4917784,49.82644790951181,-0.002314027873175808,False,False,False,False,100000,False,True,False,-0.4745616279485058,-0.26896587283504986,9.921795299922291,0.10526030056407831,True,Cruise
1,287,1675401221.5917435,49.82644790951181,-0.002314027873175808,False,False,False,False,100000,False,True,False,0.08395614204859754,-0.3662398353864526,9.850480472174793,0.5713931464846637,True,Cruise
1,288,1675401221.6916442,49.76189237617048,0.0031747683177269386,False,False,False,False,100000,False,True,False,0.16482823494870696,-0.3235628599268814,9.82025854304264,0.5262189392580261,True,Cruise
1,289,1675401221.791677,49.83195083742539,0.002240655500994842,False,False,False,False,100000,False,True,False,-0.34337318305422027,-0.1917245605633477,9.855703621609168,0.5262189392580261,True,Cruise
1,290,1675401221.8938074,49.83195083742539,0.002240655500994842,False,False,False,False,100000,False,True,False,-0.34337318305422027,-0.1917245605633477,9.855703621609168,0.5262189392580261,True,Cruise
1,291,1675401221.9917107,49.794425685766015,0.0027409908564531393,False,False,False,False,100000,False,True,False,-0.22122996115720428,-0.07209979159651267,9.784940218417477,0.061396987891827404,True,Cruise
1,292,1675401222.0916634,49.80009584535253,-0.0026653887286329624,False,False,False,False,100000,False,True,False,-0.09306116936719157,0.05374393816136044,9.756529703005162,0.3711525248983452,True,Cruise
1,293,1675401222.191675,49.80009584535253,-0.0026653887286329624,False,False,False,False,100000,False,True,False,-0.1841647918700415,0.09851450592265941,9.757201363652277,0.050643050456567765,True,Cruise
1,294,1675401222.2917633,49.80009584535253,-0.0026653887286329624,False,False,False,False,100000,False,True,False,-0.2079006141005811,0.053816948965930936,9.755341873214897,0.050643050456567765,True,Cruise
1,295,1675401222.4057777,49.730400993664496,-0.0035946534178066965,False,False,False,False,100000,False,True,False,-0.11397047580265565,0.13719288080328737,9.743179753020673,0.12618373135247535,True,Cruise
1,296,1675401222.5017605,49.730400993664496,-0.0035946534178066965,False,False,False,False,100000,False,True,False,-0.09467504822180656,0.13959759329691265,9.742782480974027,0.019448752987886803,True,Cruise
1,297,1675401222.5988996,49.60045941024744,0.005327207863367516,False,False,False,False,100000,False,True,False,-0.3760039598567331,0.057328923262511364,9.770396708626661,0.13277966918833223,True,Cruise
1,298,1675401222.6939015,49.9705349752383,0.00039286699682266604,False,False,False,False,100000,False,True,False,-0.24932016912026495,0.022966886653536002,9.76162030492332,0.4299488159776721,True,Cruise
1,299,1675401222.7918475,49.9705349752383,0.00039286699682266604,False,False,False,False,100000,False,True,False,-0.6759915773404701,0.05021297638984739,9.807064164377266,0.4299488159776721,True,Cruise
1,300,1675401222.8917022,49.74973098387515,-0.003336920214998008,False,False,False,False,100000,False,True,False,1.3814897454060489,-0.03227078999936426,9.622029448621102,0.4299488159776721,True,Cruise
1,301,1675401222.991726,49.995793665250645,-5.60844633247708e-05,False,False,False,False,100000,False,True,False,0.04609882296541983,-0.2184596691132274,9.776500838232874,0.8693807234601685,True,Cruise
1,302,1675401223.0917952,49.995793665250645,-5.60844633247708e-05,False,False,False,False,100000,False,True,False,0.8946169907059363,-0.13534593343917073,9.700031176273583,0.6025729367921575,True,Cruise
1,303,1675401223.1917295,49.84306134444999,-0.0020925154073334574,False,False,False,False,100000,False,True,False,1.2487453609765504,-0.012488651013947154,9.711805905542203,0.2451955678509342,True,Cruise
1,304,1675401223.2919016,49.84306134444999,-0.0020925154073334574,False,False,False,False,100000,False,True,False,1.2487453609765504,-0.012488651013947154,9.711805905542203,0.2451955678509342,True,Cruise
1,305,1675401223.3919568,49.799274998380376,0.002676333354928273,False,False,False,False,100000,False,True,False,0.9066489951560155,-0.011723518261420277,9.759161788653,0.3453593615365735,True,Cruise
1,306,1675401223.4918764,49.799274998380376,0.002676333354928273,False,False,False,False,100000,False,True,False,-0.41561483148677064,-0.07331150173102373,9.897897632639298,1.3309479108374103,True,Cruise
1,307,1675401223.5917425,49.29639375483929,0.009381416602142784,False,False,False,False,100000,False,True,False,-0.32247558029433704,-0.007294819852009013,9.896335715139562,0.15785642661322916,True,Cruise
1,308,1675401223.6917796,49.80333496205077,-0.0026222005059898215,False,False,False,False,100000,False,True,False,-0.02085308845470741,-0.00691516396597664,9.86602174295619,0.1453119427934222,True,Cruise
1,309,1675401223.7917392,49.80333496205077,-0.0026222005059898215,False,False,False,False,100000,False,True,False,-1.7726517276625149,0.09156288580856377,10.017995426902129,0.8710713987512833,True,Cruise
1,310,1675401223.8918426,49.919625868437564,-0.0010716550874991862,False,False,False,False,100000,False,True,False,0.6601327587211132,0.217101660263806,9.767398036599882,2.4488771698692595,True,Cruise
1,311,1675401223.9920537,49.55973326051257,0.0058702231931656865,False,False,False,False,100000,False,True,False,1.645039604558777,0.07957440703749791,9.683094749663944,0.6358217674319716,True,Cruise
1,312,1675401224.0917904,49.55973326051257,0.0058702231931656865,False,False,False,False,100000,False,True,False,1.3094046032940003,0.11164324476116058,9.727402898447583,0.443242648719712,True,Cruise
1,313,1675401224.1916785,49.597790144706295,0.005362798070582712,False,False,False,False,100000,False,True,False,-1.5756786145035357,0.2342733684711412,9.99132337795638,1.098911039291521,True,Cruise
1,314,1675401224.2917438,49.597790144706295,0.005362798070582712,False,False,False,False,100000,False,True,False,-1.8984557876344477,0.37066531646517487,10.00132586118598,0.3505537286105346,True,Cruise
1,315,1675401224.3918014,49.564266979507856,0.005809773606561842,False,False,False,False,100000,False,True,False,-1.8984557876344477,0.37066531646517487,10.00132586118598,0.3505537286105346,True,Cruise
1,316,1675401224.4917433,49.564266979507856,0.005809773606561842,False,False,False,False,100000,False,True,False,-0.7975129410221837,0.21567330514275848,9.869116508050125,0.36849930986612656,True,Cruise
1,317,1675401224.6141174,49.90637607058026,-0.0012483190589299238,False,False,False,False,100000,False,True,False,-0.2829529180192482,0.24756018470541083,9.78932519752261,0.05165004513168239,True,Cruise
1,318,1675401224.710522,49.91336148020274,-0.001155180263963501,False,False,False,False,100000,False,True,False,0.7765061135293834,0.31763264816670156,9.677723723997342,0.8045539234417635,True,Cruise
1,319,1675401224.8056889,49.91336148020274,-0.001155180263963501,False,False,False,False,100000,False,True,False,1.571067666898949,0.20860753849118271,9.613751236999265,0.8045539234417635,True,Cruise
1,320,1675401224.9017656,49.75212693225427,-0.0033049742366097297,False,False,False,False,100000,False,True,False,0.9108335354229774,0.22006464705709158,9.717672541884939,0.6684609272886954,True,Cruise
1,321,1675401224.9977112,49.83700943768808,-0.0021732074974921945,False,False,False,False,100000,False,True,False,0.30195068115568413,0.21004594826088027,9.791408693004612,1.064418250209709,True,Cruise
1,322,1675401225.0977423,49.83700943768808,-0.0021732074974921945,False,False,False,False,100000,False,True,False,-0.2827070295983966,0.08632417464640828,9.845839323148972,0.4838797410563307,True,Cruise
1,323,1675401225.1917684,49.92267778834304,0.0010309628220928953,False,False,False,False,100000,False,True,False,-0.07068251999814587,0.051813684072684676,9.833714755858834,0.4838797410563307,True,Cruise
1,324,1675401225.291717,49.92267778834304,0.0010309628220928953,False,False,False,False,100000,False,True,False,0.08741445816778307,0.021744576129180907,9.822716308978942,0.16130645241739744,True,Cruise
1,325,1675401225.4118915,49.799428730831366,0.002674283588915136,False,False,False,False,100000,False,True,False,0.6603281799663692,-0.04059856015381689,9.791383498032372,0.5771469001116801,True,Cruise
1,326,1675401225.491667,49.59727825986615,0.005369623201784658,False,False,False,False,100000,False,True,False,-0.3987814465516359,-0.06581107868268868,9.88932213236204,0.8812217895794923,True,Cruise
1,327,1675401225.6137667,49.13502203095314,0.005369623201784658,False,False,False,False,100000,False,True,False,-1.275929037679422,-0.08134664296467707,9.972524248025318,0.21002603353538213,True,Cruise
1,328,1675401225.6916816,49.13502203095314,0.011533039587291457,False,False,False,False,100000,False,True,False,-1.0813943287512915,0.004411044072214432,9.923948460619615,0.3874217532882663,True,Cruise
1,329,1675401225.7916603,49.13502203095314,0.011533039587291457,False,False,False,False,100000,False,True,False,-1.665056885866123,-0.01071085653796563,9.972373019150986,0.5858631156890203,True,Cruise
1,330,1675401225.8916323,49.55664574622515,0.005911390050331394,False,False,False,False,100000,False,True,False,-1.665056885866123,-0.01071085653796563,9.972373019150986,0.5858631156890203,True,Cruise
1,331,1675401225.991692,49.878769636757625,-0.001616404843231698,False,False,False,False,100000,False,True,False,-2.384167471592755,0.34238787215042965,9.963991831923408,0.8011672678066701,True,Cruise
1,332,1675401226.09166,49.878769636757625,-0.001616404843231698,False,False,False,False,100000,False,True,False,-0.20516326539250146,0.3316621996910607,9.717658008372055,0.6507131849252886,True,Cruise
1,333,1675401226.191763,49.862035691262555,-0.0018395241164992306,False,False,False,False,100000,False,True,False,1.0720946549509178,0.40204312562434014,9.598808105381245,0.883988594275604,True,Cruise
1,334,1675401226.2937777,49.862035691262555,-0.0018395241164992306,False,False,False,False,100000,False,True,False,1.0720946549509178,0.40204312562434014,9.598808105381245,0.883988594275604,True,Cruise
1,335,1675401226.391888,49.862035691262555,-0.0018395241164992306,False,False,False,False,100000,False,True,False,2.2083509235578047,0.19192916740298668,9.537815316094289,0.30136555443612195,True,Cruise
1,336,1675401226.4977505,49.4842239280747,-0.006877014292337371,False,False,False,False,100000,False,True,False,2.2083509235578047,0.19192916740298668,9.537815316094289,0.30136555443612195,True,Cruise
1,337,1675401226.5916872,49.4842239280747,-0.006877014292337371,False,False,False,False,100000,False,True,False,0.816961156863645,0.44274504660227826,9.721727055434949,1.4257270482062998,True,Cruise
1,338,1675401226.70172,49.4842239280747,-0.006877014292337371,False,False,False,False,100000,False,True,False,-0.7324559326071287,0.4255845947344011,9.894993796985455,1.180541072764167,True,Cruise
1,339,1675401226.791683,49.442564953348715,-0.007432467288683744,False,False,False,False,100000,False,True,False,-2.0461711171011023,0.10327705094598301,10.006982483819478,0.39948557494805936,True,Cruise
1,340,1675401226.9057658,49.738930558605674,-0.0034809258852577475,False,False,False,False,100000,False,True,False,-2.0461711171011023,0.10327705094598301,10.006982483819478,0.39948557494805936,True,Cruise
1,341,1675401226.9918265,49.738930558605674,-0.0034809258852577475,False,False,False,False,100000,False,True,False,-1.043836624615871,0.051967480996694904,9.8966319705098,0.6546375446562286,True,Cruise
1,342,1675401227.109805,49.63417628543598,-0.004877649527520285,False,False,False,False,100000,False,True,False,-1.043836624615871,0.051967480996694904,9.8966319705098,2.8205720755755093,True,Cruise
1,343,1675401227.191694,49.63417628543598,-0.004877649527520285,False,False,False,False,100000,False,True,False,1.7196461021021932,-0.15517409213271133,9.669379234921772,1.1330968461421407,True,Cruise
1,344,1675401227.291896,49.78932696743706,-0.0028089737675057783,False,False,False,False,100000,False,True,False,0.5969321714973572,-0.2506197299877177,9.789012102385344,0.3759901977131211,True,Cruise
1,345,1675401227.3917773,49.78932696743706,-0.0028089737675057783,False,False,False,False,100000,False,True,False,0.9918425053024432,-0.3510365708073181,9.751763056080264,0.02567248921355886,True,Cruise
1,346,1675401227.4917579,49.30657516661669,-0.0092456644451108,False,False,False,False,100000,False,True,False,1.0055679895626861,-0.3367696710534718,9.768107576741814,0.22310864337695324,True,Cruise
1,347,1675401227.5917418,49.30657516661669,-0.0092456644451108,False,False,False,False,100000,False,True,False,-0.4119817438760903,-0.381337658054594,9.919441124320901,1.2054355944355364,True,Cruise
1,348,1675401227.691661,49.30657516661669,-0.0092456644451108,False,False,False,False,100000,False,True,False,-0.4119817438760903,-0.381337658054594,9.919441124320901,1.2054355944355364,True,Cruise
1,349,1675401227.791661,49.967744448456635,0.00043007402057817704,False,False,False,False,100000,False,True,False,-2.1538809827063288,-0.6688911559593171,10.036816120655844,1.7693718835109913,True,Cruise
1,350,1675401227.8916738,49.75490167455865,-0.0032679776725513163,False,False,False,False,100000,False,True,False,-0.541908432373409,-0.5751218363454228,9.863879432295402,1.6239320449171348,True,Cruise
1,351,1675401227.9978473,49.75490167455865,-0.0032679776725513163,False,False,False,False,100000,False,True,False,-0.541908432373409,-0.5751218363454228,9.863879432295402,1.506949287889063,True,Cruise
1,352,1675401228.0917385,49.61016033452806,0.0051978622062925535,False,False,False,False,100000,False,True,False,1.402797579900096,-0.3838986554372527,9.712859928398093,0.08991718061950232,True,Cruise
1,353,1675401228.201828,49.61016033452806,0.0051978622062925535,False,False,False,False,100000,False,True,False,0.27217298509408794,-0.3863417729639682,9.824345941655032,1.1361105027044798,True,Cruise
1,354,1675401228.291702,49.61016033452806,0.0051978622062925535,False,False,False,False,100000,False,True,False,0.27217298509408794,-0.3863417729639682,9.824345941655032,1.1361105027044798,True,Cruise
1,355,1675401228.4018147,49.4021716107075,-0.007971045190566635,False,False,False,False,100000,False,True,False,0.27217298509408794,-0.3863417729639682,9.824345941655032,1.1361105027044798,True,Cruise
1,356,1675401228.5018113,49.4021716107075,-0.007971045190566635,False,False,False,False,100000,False,True,False,-0.9016377823728378,-0.23734140125277373,9.909833731348298,0.43916951374460594,True,Cruise
1,357,1675401228.59781,49.84264310255185,0.0020980919659753946,False,False,False,False,100000,False,True,False,0.07410843505107229,-0.2543661412518528,9.774272642352217,0.0580471224230728,True,Cruise
1,358,1675401228.6938884,49.73916782267157,-0.0034777623643791602,False,False,False,False,100000,False,True,False,1.3109432168972368,-0.007660890164406296,9.662853645100604,0.5344558945400698,True,Cruise
1,359,1675401228.7918584,49.73916782267157,-0.0034777623643791602,False,False,False,False,100000,False,True,False,1.7964600372216988,0.21330437761698912,9.629825311431668,0.5344558945400698,True,Cruise
1,360,1675401228.8920257,49.702280708542226,-0.003969590552770346,False,False,False,False,100000,False,True,False,0.41630437890540617,-0.029635023456002104,9.778848362386563,0.22220865277641952,True,Cruise
1,361,1675401228.9921632,49.874317920360824,-0.0016757610618556966,False,False,False,False,100000,False,True,False,-0.16533923696498867,-0.06102638193108317,9.838863039402174,0.3638316004822907,True,Cruise
1,362,1675401229.0916898,49.874317920360824,-0.0016757610618556966,False,False,False,False,100000,False,True,False,-0.17466811424818288,-0.06003009751390396,9.8374032983293,1.058945032274704,True,Cruise
1,363,1675401229.1916854,49.78588818576697,-0.0028548241897737824,False,False,False,False,100000,False,True,False,0.9253481636491039,-0.0457166442303553,9.757088310269324,0.178176463504865,True,Cruise
