repetition,iteration,time,speed,steering,obstacle_North,obstacle_NorthWest,obstacle_SouthWest,obstacle_West,obstacle_distance,follow_enable,steady_motion_enable,passing_start,accel_x,accel_y,accel_z,accel_diff,success,action
1,1,1675401301.9956982,0.0,0.0,False,True,False,True,100000,False,True,False,-0.008449570805682413,-2.4225628238837757e-13,9.829618086963478,0.014364848855206327,True,Cruise
1,2,1675401301.9958506,0.0,0.0,False,True,False,True,100000,False,True,False,-0.008449570805682413,-2.4225628238837757e-13,9.829618086963478,0.014364848855206327,True,Cruise
1,3,1675401302.0959992,0.0,0.0,False,True,False,True,100000,False,True,False,0.003495574103190513,-2.044728235480543e-14,9.836591925203463,0.013831880085203238,True,Cruise
1,4,1675401302.1960473,0.0,0.0,False,True,False,True,100000,False,True,False,0.026642921277204957,-1.5013848963272165e-13,9.847458282179174,0.025571026477596535,True,Cruise
1,5,1675401302.2960312,49.59747301768336,-0.005367026430888457,False,True,False,True,100000,False,True,False,0.04769853166492343,4.47391141349242e-13,9.854330179878996,0.010612545736235258,True,Cruise
1,6,1675401302.3961549,49.610807352918215,-0.005189235294423823,False,True,False,True,100000,False,True,False,1.0519251068702393,-0.006380951809099506,9.762565530073811,0.9994887434759062,True,Cruise
1,7,1675401302.4960716,49.610807352918215,-0.005189235294423823,False,True,False,True,100000,False,True,False,3.101191869775556,-0.0065559568127129516,9.625631702277069,0.45166700764713363,True,Cruise
1,8,1675401302.5960243,49.610807352918215,-0.005189235294423823,False,True,False,True,100000,False,True,False,3.101191869775556,-0.0065559568127129516,9.625631702277069,0.4423177065498595,True,Cruise
1,9,1675401302.69621,49.610807352918215,-0.005189235294423823,False,True,False,True,100000,False,True,False,3.655497202820384,-0.0023012969435167526,9.652704912378947,0.09647262545260499,True,Cruise
1,10,1675401302.7961612,49.70252936154521,-0.003966275179397162,False,True,False,True,100000,False,True,False,3.8457211517813303,-0.003234929513523061,9.692688559388543,0.10523000625893202,True,Cruise
1,11,1675401302.8959892,49.70252936154521,-0.003966275179397162,False,True,False,True,100000,False,True,False,4.169114900621998,-0.003251582880183778,9.749267668338174,0.10759531381971844,True,Cruise
1,12,1675401302.9961715,49.70252936154521,-0.003966275179397162,False,True,False,True,100000,False,True,False,4.275233460669719,-0.0025869653324604625,9.767020444258494,0.10759531381971844,True,Cruise
1,13,1675401303.0960512,49.76233047862828,-0.0031689269516229366,False,True,False,True,100000,False,True,False,4.528320394637072,-0.005790019004720242,9.81808822395643,0.07299472341049824,True,Cruise
1,14,1675401303.1960418,49.76233047862828,-0.0031689269516229366,False,True,False,True,100000,False,True,False,4.627495771627961,-0.009370820631571141,9.848852753786051,0.04511911771215363,True,Cruise
1,15,1675401303.2960165,49.76233047862828,-0.0031689269516229366,False,True,False,True,100000,False,True,False,4.672845727315028,-0.005368189004651888,9.874747972514909,0.032216379316901536,True,Cruise
1,16,1675401303.396296,49.76233047862828,-0.0031689269516229366,False,True,False,True,100000,False,True,False,4.671861002736395,-0.0062582003262511105,9.894055178853574,0.010486260123801891,True,Cruise
1,17,1675401303.4960504,49.23479898344217,-0.010202680220771122,False,True,False,False,100000,False,True,False,4.633064925200754,-0.006847849373318213,9.90569380982774,0.040508530572003966,True,Cruise
1,18,1675401303.5960171,49.23479898344217,-0.010202680220771122,False,True,False,False,100000,False,True,False,4.565105184300417,-0.021061793402214382,9.90927847624134,0.05029728707808057,True,Cruise
1,19,1675401303.6960037,49.23479898344217,-0.010202680220771122,False,True,False,False,100000,False,True,False,4.476923603155914,-0.030569345385214566,9.905019054583404,0.046160480215038664,True,Cruise
1,20,1675401303.7961028,49.23479898344217,-0.010202680220771122,False,True,False,False,100000,False,True,False,4.377256910592506,-0.025484812335781985,9.893651702916348,0.05121111679492703,True,Cruise
1,21,1675401303.8959975,49.626989454912675,-0.004973473934497679,False,True,False,False,100000,False,True,False,4.2233846141305875,-0.04112014984980949,9.865927440599519,0.10540654635459258,True,Cruise
1,22,1675401303.9961855,49.626989454912675,-0.004973473934497679,False,True,False,False,100000,False,True,False,4.1276997935622015,-0.007820628074933198,9.842540517305789,0.056354982924800234,True,Cruise
1,23,1675401304.096001,49.626989454912675,-0.004973473934497679,False,True,False,False,100000,False,True,False,4.083740836450441,-0.0082392648896258,9.830023455184355,0.04273305899973217,True,Cruise
1,24,1675401304.1960354,49.67955583928385,-0.00427258880954862,False,True,False,False,100000,False,True,False,4.005966140729857,-0.012310761240476241,9.804403469133714,0.0392642578602268,True,Cruise
1,25,1675401304.2959886,49.67955583928385,-0.00427258880954862,False,True,False,False,100000,False,True,False,3.943831914744148,-0.014233685715937874,9.779350294953788,0.031557875540993235,True,Cruise
1,26,1675401304.3960235,49.67955583928385,-0.00427258880954862,False,True,False,False,100000,False,True,False,3.943831914744148,-0.014233685715937874,9.779350294953788,0.05124116319988131,True,Cruise
1,27,1675401304.4959776,49.61914683848251,-0.005078042153566537,False,True,False,False,100000,False,True,False,3.870278481086438,-0.005193816516588161,9.736537417961717,0.015359905224985695,True,Cruise
1,28,1675401304.5961232,49.61914683848251,-0.005078042153566537,False,True,False,False,100000,False,True,False,3.8568435022446894,-0.005923395186757196,9.714797182934722,0.007363606471018052,True,Cruise
1,29,1675401304.69604,49.61914683848251,-0.005078042153566537,False,True,False,False,100000,False,True,False,3.8644150416284826,-0.007420020205909893,9.70626651637061,0.006392159024900248,True,Cruise
1,30,1675401304.796123,49.61914683848251,-0.005078042153566537,False,True,False,False,100000,False,True,False,3.8644150416284826,-0.007420020205909893,9.70626651637061,0.006392159024900248,True,Cruise
1,31,1675401304.8961768,49.789174529833346,-0.0028110062688887407,False,True,False,False,100000,False,True,False,3.894273410779505,-0.0076788625854067516,9.702500116712566,0.018273493355700013,True,Cruise
1,32,1675401304.9961312,49.789174529833346,-0.0028110062688887407,False,True,False,False,100000,False,True,False,3.922547713649568,-0.002637972232140922,9.705502422198913,0.019261050123899035,True,Cruise
1,33,1675401305.096038,49.789174529833346,-0.0028110062688887407,False,True,False,False,100000,False,True,False,3.9706430818051435,0.0002980780977392787,9.716702253296596,0.01656331747882186,True,Cruise
1,34,1675401305.196002,49.70389452215427,-0.003948073037943112,False,True,False,False,100000,False,True,False,3.98696449266119,-0.00090893228477495,9.72181087789997,0.017144776806175193,True,Cruise
1,35,1675401305.2959855,49.70389452215427,-0.003948073037943112,False,True,False,False,100000,False,True,False,4.033333785789583,-0.004217628108396218,9.73965771795876,0.03366918705180042,True,Cruise
1,36,1675401305.3959808,49.70389452215427,-0.003948073037943112,False,True,False,False,100000,False,True,False,4.047264523368042,-0.007892433403482307,9.746060497982072,0.015765951777917522,True,Cruise
1,37,1675401305.4961824,49.711624661508765,-0.0038450045132165144,False,True,False,False,100000,False,True,False,4.0719888700869245,-0.009223803401782601,9.75887916040461,0.013414728669398043,True,Cruise
1,38,1675401305.5960577,49.711624661508765,-0.0038450045132165144,False,True,False,False,100000,False,True,False,4.091878312475688,-0.009972907370522102,9.771061443449714,0.01106570987785711,True,Cruise
1,39,1675401305.6960175,49.711624661508765,-0.0038450045132165144,False,True,False,False,100000,False,True,False,4.099865437527671,-0.011055837178284287,9.77669955209356,0.00983642072322837,True,Cruise
1,40,1675401305.7961364,49.711624661508765,-0.0038450045132165144,False,True,False,False,100000,False,True,False,4.118692528494889,-0.013771101258424949,9.794747412222074,0.004747903857303742,True,Cruise
1,41,1675401305.8960118,49.630907539860374,-0.004921232801861658,False,True,False,False,100000,False,True,False,4.120300446343254,-0.014542559278964856,9.797923228122922,0.002724211546037117,True,Cruise
1,42,1675401305.9960868,49.630907539860374,-0.004921232801861658,False,True,False,False,100000,False,True,False,4.120268860504408,-0.012684211413108493,9.802529108199591,0.003266738463860383,True,Cruise
1,43,1675401306.0961561,49.630907539860374,-0.004921232801861658,False,True,False,False,100000,False,True,False,4.11646176428168,-0.023521567806130038,9.804830430115594,0.00431003868357758,True,Cruise
1,44,1675401306.196322,49.5391300320508,-0.006144932905989373,False,True,False,False,100000,False,True,False,4.10566066877004,-0.02500856772208466,9.80429037020388,0.0041999400340407955,True,Cruise
1,45,1675401306.2961195,49.5391300320508,-0.006144932905989373,False,True,False,False,100000,False,True,False,4.096273613671799,-0.026020005336093686,9.801687474379005,0.005103654764422686,True,Cruise
1,46,1675401306.396033,49.5391300320508,-0.006144932905989373,False,True,False,False,100000,False,True,False,4.086007263011959,-0.03178197115712772,9.797728995576241,0.006097567844717223,True,Cruise
1,47,1675401306.4960344,49.84011068451702,0.0021318575397730752,False,True,False,False,100000,False,True,False,4.075637025443373,-0.03738452097966849,9.792821924605095,0.005884278313607847,True,Cruise
1,48,1675401306.5960343,49.84011068451702,0.0021318575397730752,False,True,False,False,100000,False,True,False,4.065876012872474,-0.0615538392489988,9.78737940192071,0.026628074755480922,True,Cruise
1,49,1675401306.6960042,49.84011068451702,0.0021318575397730752,False,True,False,False,100000,False,True,False,4.065876012872474,-0.0615538392489988,9.78737940192071,0.027024231679130876,True,Cruise
1,50,1675401306.796001,49.811541301999625,0.0025127826400049387,False,True,False,False,100000,False,True,False,4.057760404684879,0.02039300962852468,9.781750941112117,0.004055079182248171,True,Cruise
1,51,1675401306.8959894,49.811541301999625,0.0025127826400049387,False,True,False,False,100000,False,True,False,4.0471869877153575,0.02617934867702343,9.773939853880309,0.007054464224594752,True,Cruise
1,52,1675401306.996109,49.811541301999625,0.0025127826400049387,False,True,False,False,100000,False,True,False,4.041983285023304,0.03342758665867002,9.76949818790911,0.007054464224594752,True,Cruise
1,53,1675401307.0960867,49.811541301999625,0.0025127826400049387,False,True,False,False,100000,False,True,False,4.037370133310655,0.04647085255326893,9.76441916370971,0.002694898745495695,True,Cruise
1,54,1675401307.1960168,49.67169751017123,0.004377366531050307,False,True,False,False,100000,False,True,False,4.036277057129231,0.05020431250370273,9.762226098251352,0.0017788832668797847,True,Cruise
1,55,1675401307.2960267,49.67169751017123,0.004377366531050307,False,True,False,False,100000,False,True,False,4.036523359835866,0.058749941082853,9.761007387247862,0.013247778678479915,True,Cruise
1,56,1675401307.3960426,49.67169751017123,0.004377366531050307,False,True,False,False,100000,False,True,False,4.0378571368899,0.06540749882984917,9.760708586710223,0.0009670793194493362,True,Cruise
1,57,1675401307.4960284,49.81386871033245,0.002481750528900677,False,True,False,False,100000,False,True,False,4.041412835706407,0.060341439151829296,9.761739275558908,0.002215057353557231,True,Cruise
1,58,1675401307.5960307,49.81386871033245,0.002481750528900677,False,True,False,False,100000,False,True,False,4.044506571271794,0.04886653583624852,9.763192333340648,0.01551481705939143,True,Cruise
1,59,1675401307.6960542,49.81386871033245,0.002481750528900677,False,True,False,False,100000,False,True,False,4.046170241195569,0.039961023272694296,9.764088178673893,0.0042551497621410965,True,Cruise
1,60,1675401307.7960613,49.65921783857047,0.00454376215239373,False,True,False,False,100000,False,True,False,4.049501245621362,0.0339614207196988,9.766117370449521,0.0030293689743369056,True,Cruise
1,61,1675401307.896012,49.65921783857047,0.00454376215239373,False,True,False,False,100000,False,True,False,4.054204208412386,0.019770110722346013,9.769434537674611,0.012471450960801966,True,Cruise
1,62,1675401307.9960196,49.65921783857047,0.00454376215239373,False,True,False,False,100000,False,True,False,4.054204208412386,0.019770110722346013,9.769434537674611,0.012471450960801966,True,Cruise
1,63,1675401308.0960245,49.65921783857047,0.00454376215239373,False,True,False,False,100000,False,True,False,4.056829278672668,0.03761319833649528,9.771614901929235,0.005680799616276098,True,Cruise
1,64,1675401308.1960213,49.60815518525036,0.005224597529995166,False,True,False,False,100000,False,True,False,4.059101127241803,0.03586881746601539,9.773602606391794,0.002386761965137908,True,Cruise
1,65,1675401308.2960346,49.60815518525036,0.005224597529995166,False,True,False,False,100000,False,True,False,4.0616072958145875,0.03864551799372871,9.776038261931852,0.006063422842317715,True,Cruise
1,66,1675401308.3960018,49.60815518525036,0.005224597529995166,False,True,False,False,100000,False,True,False,4.0616072958145875,0.03864551799372871,9.776038261931852,0.008307349298415959,True,Cruise
1,67,1675401308.4960186,49.63264915907716,0.0048980112123045896,False,True,False,False,100000,False,True,False,4.063225097068064,0.050001683775981604,9.778261490980519,0.0016616267307582237,True,Cruise
1,68,1675401308.5960767,49.63264915907716,0.0048980112123045896,False,True,False,False,100000,False,True,False,4.063213332028713,0.052676691395368576,9.778421484641079,0.0026798138277404075,True,Cruise
1,69,1675401308.6961017,49.63264915907716,0.0048980112123045896,False,True,False,False,100000,False,True,False,4.06267280634523,0.05267710046368825,9.778392524107062,0.0009098666738841535,True,Cruise
1,70,1675401308.7961738,49.940656883661404,0.0007912415511812511,False,True,False,False,100000,False,True,False,4.06267280634523,0.05267710046368825,9.778392524107062,0.0019156946221603926,True,Cruise
1,71,1675401308.896136,49.940656883661404,0.0007912415511812511,False,True,False,False,100000,False,True,False,4.061004597904869,0.06684212713166504,9.777427802576927,0.0006986246390754166,True,Cruise
1,72,1675401308.996113,49.940656883661404,0.0007912415511812511,False,True,False,False,100000,False,True,False,4.060433403866407,0.014380416962515451,9.776647006995054,0.019018652910145043,True,Cruise
1,73,1675401309.0960205,49.940656883661404,0.0007912415511812511,False,True,False,False,100000,False,True,False,4.059444053194672,0.006734544236316392,9.77582684334245,0.001816994168788094,True,Cruise
1,74,1675401309.1959786,49.6165541814156,0.005112610914458652,False,True,False,False,100000,False,True,False,4.058882727857383,0.005000767503481786,9.775411880477526,0.0018690270390948796,True,Cruise
1,75,1675401309.29602,49.6165541814156,0.005112610914458652,False,True,False,False,100000,False,True,False,4.057090536480429,0.017915850016050193,9.774223091499318,0.017083241352768036,True,Cruise
1,76,1675401309.396007,49.6165541814156,0.005112610914458652,False,True,False,False,100000,False,True,False,4.055998817974165,0.038482943200634466,9.773511667021948,0.003549769456153253,True,Cruise
1,77,1675401309.4960623,49.603443773855375,0.005287416348594961,False,True,False,False,100000,False,True,False,4.0550124633597076,0.04072317426585493,9.772614690969645,0.0021316018892989772,True,Cruise
1,78,1675401309.5960362,49.603443773855375,0.005287416348594961,False,True,False,False,100000,False,True,False,4.054779982703664,0.046502947548940465,9.772380777371179,0.005789174555223829,True,Cruise
1,79,1675401309.6960487,49.603443773855375,0.005287416348594961,False,True,False,False,100000,False,True,False,4.054329249887486,0.06320341025505263,9.771893301385186,0.005789174555223829,True,Cruise
1,80,1675401309.7960048,49.43873987554861,-0.007483468326018487,False,True,False,False,100000,False,True,False,4.054267529977184,0.10854009747651912,9.771741858539784,0.004618668468392451,True,Cruise
1,81,1675401309.8959875,49.43873987554861,-0.007483468326018487,False,True,False,False,100000,False,True,False,4.055150841117649,0.0006924331123231997,9.77163556172265,0.06257085503500182,True,Cruise
1,82,1675401309.9960155,49.43873987554861,-0.007483468326018487,False,True,False,False,100000,False,True,False,4.055648659191881,-0.08056266610225388,9.771665571199936,0.004698991792754913,True,Cruise
1,83,1675401310.0960207,49.37409265808641,0.008345431225514493,False,True,False,False,100000,False,True,False,4.055137212215318,-0.10096246751533501,9.772005611368819,0.015710117669753665,True,Cruise
1,84,1675401310.196,49.37409265808641,0.008345431225514493,False,True,False,False,100000,False,True,False,4.055434627345331,-0.03395617850742691,9.772267414483409,0.12627587435013377,True,Cruise
1,85,1675401310.295975,49.37409265808641,0.008345431225514493,False,True,False,False,100000,False,True,False,4.055627082657163,0.035969666363223594,9.772420537063722,0.015135854824267558,True,Cruise
1,86,1675401310.3960152,49.37409265808641,0.008345431225514493,False,True,False,False,100000,False,True,False,4.05565824461846,0.05217322839991606,9.772925412572192,0.0020095631036173545,True,Cruise
1,87,1675401310.4960468,49.452504113339195,0.007299945155477383,False,True,False,False,100000,False,True,False,4.055660977625607,0.062089302035169346,9.77308724171615,0.009917394440120214,True,Cruise
1,88,1675401310.5961232,49.452504113339195,0.007299945155477383,False,True,False,False,100000,False,True,False,4.055828093328138,0.09107218387682998,9.773375145398527,0.013814662965082842,True,Cruise
1,89,1675401310.6960604,49.452504113339195,0.007299945155477383,False,True,False,False,100000,False,True,False,4.056105085049894,0.1211383863602492,9.773620802190328,0.015284834873188904,True,Cruise
1,90,1675401310.796381,49.44434177237913,0.0074087763682782045,False,True,False,False,100000,False,True,False,4.056221772607576,0.13642238899719197,9.773729542746057,0.015284834873188904,True,Cruise
1,91,1675401310.8961632,49.44434177237913,0.0074087763682782045,False,True,False,False,100000,False,True,False,4.0565272641533445,0.17201250253684056,9.77404912569907,0.005978798055895041,True,Cruise
1,92,1675401310.9962273,49.44434177237913,0.0074087763682782045,False,True,False,False,100000,False,True,False,4.0565272641533445,0.17201250253684056,9.77404912569907,0.005978798055895041,True,Cruise
1,93,1675401311.0963202,49.32787138425425,0.00896171487660996,False,True,False,False,100000,False,True,False,4.056631588166709,0.17716850486046953,9.774153748985482,0.001224744664801187,True,Cruise
1,94,1675401311.1960537,49.32787138425425,0.00896171487660996,False,True,False,False,100000,False,True,False,4.056652927498222,0.17594398414560314,9.774163400190208,0.0021817472459703135,True,Cruise
1,95,1675401311.2960253,49.32787138425425,0.00896171487660996,False,True,False,False,100000,False,True,False,4.056662444386885,0.1628581873860669,9.77412921775965,0.007965083139482859,True,Cruise
1,96,1675401311.3959975,49.32787138425425,0.00896171487660996,False,True,False,False,100000,False,True,False,4.056254706401726,0.1788939025834591,9.774096013521078,0.005054463968381541,True,Cruise
1,97,1675401311.496113,49.58883592125341,0.0054821877166210935,False,True,False,False,100000,False,True,False,4.056254706401726,0.1788939025834591,9.774096013521078,0.004051096018342637,True,Cruise
1,98,1675401311.5960293,49.58883592125341,0.0054821877166210935,False,True,False,False,100000,False,True,False,4.05601926644276,0.17955883538979192,9.773825871362837,0.009109639819241285,True,Cruise
1,99,1675401311.6959958,49.58883592125341,0.0054821877166210935,False,True,False,False,100000,False,True,False,4.056579632700934,0.14518440935934596,9.773706790593955,0.021152739060258753,True,Cruise
1,100,1675401311.7960136,49.480972784176174,0.006920362877651015,False,True,False,False,100000,False,True,False,4.0571316489630345,0.1170622406644899,9.773553680249215,0.0069754566117697986,True,Cruise
1,101,1675401311.896043,49.480972784176174,0.006920362877651015,False,True,False,False,100000,False,True,False,4.057156859598003,0.11471530811991144,9.773506748269547,0.010347466046534234,True,Cruise
1,102,1675401311.9962568,49.480972784176174,0.006920362877651015,False,True,False,False,100000,False,True,False,4.056478094705894,0.11803556914826838,9.773425974904264,0.004071701929777697,True,Cruise
1,103,1675401312.0961223,49.44920994283788,0.007343867428828288,False,True,False,False,100000,False,True,False,4.056295482187769,0.11424409969826148,9.773386278170243,0.002421135354220731,True,Cruise
1,104,1675401312.19602,49.44920994283788,0.007343867428828288,False,True,False,False,100000,False,True,False,4.056225195829722,0.1162549981825276,9.773353130637709,0.004364466575523856,True,Cruise
1,105,1675401312.2960145,49.44920994283788,0.007343867428828288,False,True,False,False,100000,False,True,False,4.056191863874968,0.12061932218828735,9.773341578910285,0.004364466575523856,True,Cruise
1,106,1675401312.3960583,49.44920994283788,0.007343867428828288,False,True,False,False,100000,False,True,False,4.056176908198404,0.13170986523523812,9.773321436890875,0.011090571421233241,True,Cruise
1,107,1675401312.4960446,49.524737393097105,0.006336834758705276,False,True,False,False,100000,False,True,False,4.056180965172905,0.14054350224325185,9.773323934847454,0.0074459440546932945,True,Cruise
1,108,1675401312.596078,49.524737393097105,0.006336834758705276,False,True,False,False,100000,False,True,False,4.056355382482957,0.14200730157054858,9.773321170441525,0.002388870907506572,True,Cruise
1,109,1675401312.696104,49.524737393097105,0.006336834758705276,False,True,False,False,100000,False,True,False,4.05653387048109,0.14129202925379258,9.773334264954558,0.0016718070053284057,True,Cruise
1,110,1675401312.7961054,49.52488307844121,0.006334892287450519,False,True,False,False,100000,False,True,False,4.05653387048109,0.14129202925379258,9.773334264954558,0.0016718070053284057,True,Cruise
1,111,1675401312.8959906,49.52488307844121,0.006334892287450519,False,True,False,False,100000,False,True,False,4.056526824341126,0.14862879383533048,9.773411198994127,0.0008102434200127017,True,Cruise
1,112,1675401312.9960232,49.52488307844121,0.006334892287450519,False,True,False,False,100000,False,True,False,4.056519993716966,0.1491569972755803,9.773450475006781,0.00016970396231862184,True,Cruise
1,113,1675401313.0960174,49.52488307844121,0.006334892287450519,False,True,False,False,100000,False,True,False,4.05653043224752,0.14943354096130937,9.773485238406927,0.0002167487007052292,True,Cruise
1,114,1675401313.1959984,49.77129965062523,0.003049337991663531,False,True,False,False,100000,False,True,False,4.056538425519497,0.14964958892630892,9.773500710435885,0.0002167487007052292,True,Cruise
1,115,1675401313.2959387,49.77129965062523,0.003049337991663531,False,True,False,False,100000,False,True,False,4.056560068871249,0.15083568905645484,9.773538772383198,0.0006062795542745551,True,Cruise
1,116,1675401313.395998,49.77129965062523,0.003049337991663531,False,True,False,False,100000,False,True,False,4.056583891753896,0.16158263301971693,9.773555474349772,0.03486363454290184,True,Cruise
1,117,1675401313.4960976,49.62953951037061,0.004939473195058534,False,True,False,False,100000,False,True,False,4.057448634789101,0.10462115443012161,9.773495632404865,0.02210444196039204,True,Cruise
1,118,1675401313.5960646,49.62953951037061,0.004939473195058534,False,True,False,False,100000,False,True,False,4.057615224523635,0.09521163137091328,9.773511597190286,0.0023402601385624877,True,Cruise
1,119,1675401313.6960418,49.62953951037061,0.004939473195058534,False,True,False,False,100000,False,True,False,4.057615224523635,0.09521163137091328,9.773511597190286,0.01627644885507486,True,Cruise
1,120,1675401313.7960882,49.62953951037061,0.004939473195058534,False,True,False,False,100000,False,True,False,4.056844781030982,0.11034465055671736,9.773617410188109,0.0011398446801061514,True,Cruise
1,121,1675401313.8960416,49.783699653905366,0.0028840046145950865,False,True,False,False,100000,False,True,False,4.056774067670115,0.10429363880087379,9.773616482580469,0.0023267985176624252,True,Cruise
1,122,1675401313.9961116,49.783699653905366,0.0028840046145950865,False,True,False,False,100000,False,True,False,4.056790979035191,0.11166333358459521,9.773609394939168,0.020386913410492393,True,Cruise
1,123,1675401314.0963879,49.783699653905366,0.0028840046145950865,False,True,False,False,100000,False,True,False,4.057061551786184,0.09127824232975243,9.77357648103531,0.020386913410492393,True,Cruise
1,124,1675401314.1961346,49.98056940890423,-0.0002590745479436374,False,True,False,False,100000,False,True,False,4.057288700966266,0.079430095027243,9.773548615502975,0.011850357283215797,True,Cruise
1,125,1675401314.2960181,49.95690162472897,0.0005746450036137154,False,True,False,False,100000,False,True,False,4.057185274314892,0.08952848140732454,9.773552389910957,0.00894579941110204,True,Cruise
1,126,1675401314.3960278,49.90192965991544,-0.001307604534460845,False,True,False,False,100000,False,True,False,4.057431223724452,0.04693018978099021,9.77352366396562,0.04259901132390544,True,Cruise
1,127,1675401314.496008,49.31749109383574,-0.009100118748856781,False,True,False,False,100000,False,True,False,4.057357059578491,0.020292559255436916,9.77352977288287,0.01988192076434601,True,Cruise
1,128,1675401314.5960171,49.371346113489004,-0.008382051820146558,False,True,False,False,100000,False,True,False,4.057357059578491,0.020292559255436916,9.77352977288287,0.036811389225982406,True,Cruise
1,129,1675401314.6960087,49.94269507270486,-0.0007640656972686107,False,True,False,False,100000,False,True,False,4.057721628122134,-0.07216669322017617,9.773489445970075,0.12927136848909626,True,Cruise
1,130,1675401314.7960138,48.791833403373744,-0.0161088879550168,False,True,False,False,100000,False,True,False,4.057738251191744,-0.14965684672491947,9.77348929019955,0.021417323956425486,True,Cruise
1,131,1675401314.8959932,49.05533395506131,-0.012595547265849239,False,True,False,False,100000,False,True,False,4.056364715205841,-0.22796562777189758,9.773592164154131,0.07535394557129836,True,Cruise
1,132,1675401314.9959996,49.46575656584739,-0.00712324578870148,False,True,False,False,100000,False,True,False,4.055289678569797,-0.3322755549079788,9.773650329655249,0.10431548296455768,True,Cruise
1,133,1675401315.096032,49.46575656584739,-0.00712324578870148,False,True,False,False,100000,False,True,False,4.054742492399456,-0.36592848022387814,9.773649492956133,0.033657373571367354,True,Cruise
1,134,1675401315.196077,48.72195417209044,-0.0170406110387941,False,True,False,False,100000,False,True,False,4.055757245763709,-0.31047649505783603,9.773486918891678,0.023251402225464533,True,Cruise
1,135,1675401315.2960596,48.53538018541895,-0.019528264194413968,False,True,False,False,100000,False,True,False,4.055818307224592,-0.3235824480499585,9.77344756349694,0.010145309752489347,True,Cruise
1,136,1675401315.3960955,48.635080332168876,-0.018198928904415042,False,True,False,False,100000,False,True,False,4.052452547016794,-0.5246034531585019,9.773656489346962,0.07311041434760265,True,Cruise
1,137,1675401315.4961004,48.635080332168876,-0.018198928904415042,False,True,False,False,100000,False,True,False,4.049509272646516,-0.6048796749416062,9.773716893999097,0.025957982956618067,True,Cruise
1,138,1675401315.5962155,48.560887669882966,-0.019188164401560463,False,True,False,False,100000,False,True,False,4.049509272646516,-0.6048796749416062,9.773716893999097,0.03612098549960223,True,Cruise
1,139,1675401315.6961255,48.88098313072765,-0.014920224923631348,False,True,False,False,100000,False,True,False,4.0489614610843905,-0.6501795566636132,9.773234433566042,0.009195360524978765,True,Cruise
1,140,1675401315.7960804,48.88098313072765,-0.014920224923631348,False,True,False,False,100000,False,True,False,4.048755473464063,-0.6812550622285201,9.773131579012361,0.031076358475109353,True,Cruise
1,141,1675401315.8960302,48.77817706080389,-0.016290972522614768,False,True,False,False,100000,False,True,False,4.051465968803817,-0.6748359641533629,9.772471845457725,0.025376823658232538,True,Cruise
1,142,1675401315.9960735,48.77817706080389,-0.016290972522614768,False,True,False,False,100000,False,True,False,4.051465968803817,-0.6748359641533629,9.772471845457725,0.38588347683901236,True,Cruise
1,143,1675401316.0960515,48.428420544581726,-0.020954392738910234,False,True,False,False,100000,False,True,False,4.221836538507934,-0.6528928273397541,9.77324714522922,0.1332989130906329,True,Cruise
1,144,1675401316.1960087,49.2233953615568,-0.010354728512576041,False,True,False,False,100000,False,True,False,4.13832666352244,-0.6500030377934578,9.780525395707889,0.022433768485098586,True,Cruise
1,145,1675401316.2960134,48.68755298696419,-0.017499293507144045,False,True,False,False,100000,False,True,False,4.05926141839192,-0.7585858706780881,9.78768427693028,0.1345094575305288,True,Cruise
1,146,1675401316.396201,48.68755298696419,-0.017499293507144045,False,True,False,False,100000,False,True,False,4.0779669928369096,-0.5796745897247175,9.783373997461506,0.0772354226407432,True,Cruise
1,147,1675401316.4961057,48.35459414681404,-0.021938744709146245,False,True,False,False,100000,False,True,False,4.1114188243356855,-0.6247249886173628,9.778791082183362,0.0772354226407432,True,Cruise
1,148,1675401316.5961592,48.35459414681404,-0.021938744709146245,False,True,False,False,100000,False,True,False,4.108782166312813,-0.6744065757649054,9.777030444670979,0.006564474084191298,True,Cruise
1,149,1675401316.6961496,48.839246679733314,-0.015476710936889206,False,True,False,False,100000,False,True,False,4.092405582919994,-0.749511008207258,9.776450317119865,0.009759095421322413,True,Cruise
1,150,1675401316.801734,47.95265953514216,-0.02729787286477122,False,True,False,False,100000,False,True,False,4.088821826017682,-0.7143253908730003,9.77316022486576,0.06726425229854256,True,Cruise
1,151,1675401316.8961728,47.90284939177265,-0.027962008109697956,False,True,False,False,100000,False,True,False,4.044847275986014,-0.7979680393657486,9.775124164394391,0.09451830910379858,True,Cruise
1,152,1675401316.9962792,47.90284939177265,-0.027962008109697956,False,True,False,False,100000,False,True,False,4.040649534514453,-0.9561363008973842,9.773206188143963,0.0502250174566296,True,Cruise
1,153,1675401317.0962772,49.14778184818,-0.01136290869093325,False,True,False,False,100000,False,True,False,4.043207196711181,-0.9810501637390564,9.771898013594722,0.025078945716626663,True,Cruise
1,154,1675401317.1961806,49.26847221809268,-0.009753703758764169,False,True,False,False,100000,False,True,False,3.553223151557143,-1.9887314852859796,8.549760906071699,3.769161050657048,True,Cruise
1,155,1675401317.296055,49.26847221809268,-0.009753703758764169,False,True,False,False,100000,False,True,False,4.639644319709951,1.146899282884755,10.815769032425433,7.755466863713944,True,Cruise
1,156,1675401317.395991,49.847045471947766,-0.0020393937073631616,False,True,False,False,100000,False,True,False,3.6872274593798453,-0.7631436339305813,9.844459173829645,2.3449530190012045,True,Cruise
1,157,1675401317.4959764,49.847045471947766,-0.0020393937073631616,False,True,False,False,100000,False,True,False,3.6872274593798453,-0.7631436339305813,9.844459173829645,2.3449530190012045,True,Cruise
1,158,1675401317.5959897,49.90224820716843,-0.0013033572377542917,False,True,False,False,100000,False,True,False,3.9224322597579455,-0.6377964779904789,9.821300297183326,0.1089667764480814,True,Cruise
1,159,1675401317.695971,49.752742882748635,0.003296761563351561,False,True,False,False,100000,False,True,False,4.0117939885357945,-0.5762613509310759,9.81121724520967,0.05932733800323553,True,Cruise
1,160,1675401317.7959971,49.752742882748635,0.003296761563351561,False,True,False,False,100000,False,True,False,4.081480461008917,-0.4071592200930114,9.802708355929136,0.05365450261228174,True,Cruise
1,161,1675401317.8959818,48.84460492272986,0.015405267696935248,False,True,False,False,100000,False,True,False,4.081480461008917,-0.4071592200930114,9.802708355929136,0.05365450261228174,True,Cruise
1,162,1675401317.996008,48.908530787249035,0.014552922836679453,False,True,False,False,100000,False,True,False,4.036664293111791,0.04107243667252382,9.795847506952716,0.228116482980392,True,Cruise
1,163,1675401318.0960321,48.908530787249035,0.014552922836679453,False,True,False,False,100000,False,True,False,4.0239172354826955,0.2870015281531709,9.788889786954933,0.06622157337236402,True,Cruise
1,164,1675401318.1959946,48.82328835676111,0.01568948857651854,False,True,False,False,100000,False,True,False,4.016883457027408,0.4068459057398702,9.780507836950827,0.054127933483276214,True,Cruise
1,165,1675401318.2960002,48.82328835676111,0.01568948857651854,False,True,False,True,100000,False,True,False,4.015170000161911,0.4705350633381321,9.776098803070543,0.06386457789544732,True,Cruise
1,166,1675401318.3961678,48.75340704204767,0.016621239439364426,False,True,False,True,100000,False,True,False,4.015258254720908,0.73144463168783,9.764810579818489,0.2611536609536253,True,Cruise
1,167,1675401318.496238,48.75340704204767,0.016621239439364426,False,True,False,True,100000,False,True,False,4.016596735614416,0.8081419638624142,9.761916325263677,0.07676359165143881,True,Cruise
1,168,1675401318.5960662,48.95836226284235,0.013888503162102023,False,True,False,True,100000,False,True,False,4.019879334827451,0.9508283896257728,9.757052048364054,0.34026423110610327,True,Cruise
1,169,1675401318.695984,48.725842594494615,0.01698876540673844,False,True,False,True,100000,False,True,False,4.001437504639423,1.264429869927155,9.723837581571425,0.037698711995415364,True,Cruise
1,170,1675401318.7959762,48.725842594494615,0.01698876540673844,False,True,False,True,100000,False,True,False,4.007087891547288,1.2273546085563938,9.72767046667203,0.037698711995415364,True,Cruise
1,171,1675401318.8959696,48.725842594494615,0.01698876540673844,False,True,False,True,100000,False,True,False,4.007087891547288,1.2273546085563938,9.72767046667203,0.037698711995415364,True,Cruise
1,172,1675401318.9959953,48.92923665451381,0.014276844606482547,False,True,False,True,100000,False,True,False,4.007087891547288,1.2273546085563938,9.72767046667203,0.037698711995415364,True,Cruise
1,173,1675401319.096061,48.92923665451381,0.014276844606482547,False,True,False,True,100000,False,True,False,4.007087891547288,1.2273546085563938,9.72767046667203,0.0238601575537687,True,Cruise
1,174,1675401319.2017474,48.92923665451381,0.014276844606482547,False,True,False,True,100000,False,True,False,4.023502493322938,1.2165253294861462,9.741183226636457,0.0238601575537687,True,Cruise
1,175,1675401319.2960732,48.92923665451381,0.014276844606482547,False,True,False,True,100000,False,True,False,4.036897178320137,1.0982324166120654,9.750719226435251,0.08448415117294741,True,Cruise
1,176,1675401319.396102,48.936612949335576,0.014178494008859014,False,True,False,True,100000,False,True,False,4.049580476250624,0.9737585801416391,9.760179844981666,0.0535452176384177,True,Cruise
1,177,1675401319.4960954,49.06748808349672,0.012433492220043744,False,True,False,True,100000,False,True,False,4.054880674814808,0.9280370108174871,9.764748720948125,0.0535452176384177,True,Cruise
1,178,1675401319.5960267,49.06748808349672,0.012433492220043744,False,True,False,True,100000,False,True,False,4.059617213197808,0.8873485839123597,9.769109459241836,0.04119464671937074,True,Cruise
1,179,1675401319.6960685,49.251882261039896,0.009974903186134738,False,True,False,True,100000,False,True,False,4.07213668636693,0.7159547649120583,9.780346343443439,0.0442489573819562,True,Cruise
1,180,1675401319.813722,49.35535265073819,0.00859529799015745,False,True,False,True,100000,False,True,False,4.07811156849878,0.6194505064432045,9.786019808056976,0.06718486625473484,True,Cruise
1,181,1675401319.89614,49.44700329975055,0.007373289336659369,False,True,False,True,100000,False,True,False,3.9973614932217756,0.5516090254073392,9.798362306231796,0.08520619441318722,True,Cruise
1,182,1675401319.9962652,49.44700329975055,0.007373289336659369,False,True,False,True,100000,False,True,False,3.8374581630727422,0.4989240080993609,9.8137702107157,0.10029057861723084,True,Cruise
1,183,1675401320.0962162,49.628158087410775,0.004957892167856358,False,True,False,True,100000,False,True,False,2.4233897792758623,0.38546768230991335,9.93951379203185,1.4241745609853353,True,Cruise
1,184,1675401320.1960702,49.628158087410775,0.004957892167856358,False,True,False,True,100000,False,True,False,2.367924470143901,0.27459944362242306,9.91878170446601,0.32630835651841383,True,Cruise
1,185,1675401320.2960043,49.70204452976137,0.003972739603181652,False,True,False,True,100000,False,True,False,1.789079615763426,0.2781055975707386,9.957371142857454,0.4940941706291907,True,Cruise
1,186,1675401320.3959954,49.69607607918485,0.00405231894420205,False,True,False,True,100000,False,True,False,1.1390741003695632,0.28493029320437535,9.94813003991777,0.29885352113483044,True,Cruise
1,187,1675401320.4960306,49.69607607918485,0.00405231894420205,False,True,False,True,100000,False,True,False,0.8378201150604072,0.28292992230592745,9.948480552025353,0.30126083052251934,True,Cruise
1,188,1675401320.613817,49.900751781273165,0.0013233095830244533,False,True,False,True,100000,False,True,False,0.8378201150604072,0.28292992230592745,9.948480552025353,0.30126083052251934,True,Cruise
1,189,1675401320.696,49.900751781273165,0.0013233095830244533,False,True,False,True,100000,False,True,False,0.19478444218075885,0.26385859664907035,9.915201336077272,0.8756429285559302,True,Cruise
1,190,1675401320.7960405,49.982702167080745,0.00023063777225675432,False,True,False,True,100000,False,True,False,1.0627303565598103,0.264582941878849,9.799357029498545,0.8756429285559302,True,Cruise
1,191,1675401320.896008,49.93442419926708,-0.0008743440097723613,False,True,False,True,100000,False,True,False,0.956168600132631,0.17576937175071158,9.773205637577352,0.3560940628102674,True,Cruise
1,192,1675401320.996002,49.93442419926708,-0.0008743440097723613,False,True,False,True,100000,False,True,False,0.17851619755937273,0.1708084151895243,9.774795728382687,0.030733216927937953,True,Cruise
1,193,1675401321.09602,49.93442419926708,-0.0008743440097723613,False,True,False,True,100000,False,True,False,0.17851619755937273,0.1708084151895243,9.774795728382687,0.030733216927937953,True,Cruise
1,194,1675401321.1959634,49.867168168117956,-0.0017710910917605686,False,False,False,True,100000,False,True,False,-0.2876803458100025,0.06092735793590153,9.746225153093942,0.0600106888112505,True,Cruise
1,195,1675401321.296044,49.76606894617224,-0.0031190807177034104,False,False,False,True,100000,False,True,False,-0.2876803458100025,0.06092735793590153,9.746225153093942,0.4951202527118036,True,Cruise
1,196,1675401321.4138105,49.76606894617224,-0.0031190807177034104,False,False,False,True,100000,False,True,False,-1.288329944745733,-0.041615403668353215,9.785342109630458,0.6750475789852916,True,Cruise
1,197,1675401321.4960084,49.75725808187759,-0.00323655890829885,False,False,False,True,100000,False,True,False,-1.0101823820324112,-0.066388771345425,9.746104071961103,0.28199186156619205,True,Cruise
1,198,1675401321.5959702,49.75725808187759,-0.00323655890829885,False,False,False,True,100000,False,True,False,-0.8175713982153179,-0.09290448704880194,9.71852557990198,0.1963737444021119,True,Cruise
1,199,1675401321.6960783,49.87549876384966,-0.001660016482004489,False,False,False,True,100000,False,True,False,-0.8175713982153179,-0.09290448704880194,9.71852557990198,0.40910811369815175,True,Cruise
1,200,1675401321.79608,49.81085741590706,-0.0025219011212392834,False,False,False,True,100000,False,True,False,0.46242720224330686,-0.19503369939429646,9.591087392730758,0.843705979191355,True,Cruise
1,201,1675401321.8961449,49.81085741590706,-0.0025219011212392834,False,False,False,True,100000,False,True,False,0.41757486234414204,-0.2148214165026029,9.614803332275153,0.05445853405355298,True,Cruise
1,202,1675401321.9960818,49.747051942039214,-0.003372640772810451,False,False,False,True,100000,False,True,False,-0.32458525693798773,-0.24947818714387454,9.70434783086564,0.12752914583867908,True,Cruise
1,203,1675401322.096204,49.747051942039214,-0.003372640772810451,False,False,False,True,100000,False,True,False,-0.32800722244611996,-0.25311373118673886,9.716438276652449,0.013080745687850495,True,Cruise
1,204,1675401322.2139723,48.72103187716185,-0.017052908304508625,False,False,False,True,100000,False,True,False,-0.4164244470911321,-0.2513365508706408,9.757362201591379,0.1729993695025031,True,Cruise
1,205,1675401322.2960446,49.76598010819396,-0.0031202652240805485,False,False,False,True,100000,False,True,False,-1.0949156384146448,-0.19710873877403476,9.850303942592394,0.8580578707842819,True,Cruise
1,206,1675401322.3959959,49.76598010819396,-0.0031202652240805485,False,False,False,True,100000,False,True,False,0.06065118486371185,-0.4348291789402014,9.737782207556851,1.1851189103165292,True,Cruise
1,207,1675401322.496022,48.963908444713525,-0.013814554070486382,False,False,False,True,100000,False,True,False,0.3623009496723153,-0.24602674719309414,9.766516157639309,0.07246946448022384,True,Cruise
1,208,1675401322.5959835,48.963908444713525,-0.013814554070486382,False,False,False,True,100000,False,True,False,0.3623009496723153,-0.24602674719309414,9.766516157639309,2.0993706142042416,True,Cruise
1,209,1675401322.6960108,48.99685819101906,-0.013375224119745949,False,False,False,True,100000,False,True,False,-1.720360377264013,-0.3864225598660666,9.990497828434044,0.7011696721408545,True,Cruise
1,210,1675401322.7960534,48.991362500808826,-0.013448499989215658,False,False,False,True,100000,False,True,False,-2.855672528663035,-0.5208782819953062,10.074333213121998,0.060074356419219425,True,Cruise
1,211,1675401322.89616,48.991362500808826,-0.013448499989215658,False,False,False,True,100000,False,True,False,-2.851936631795502,-0.5774318949783936,10.05441688232695,0.060074356419219425,True,Cruise
1,212,1675401323.0137243,49.3399503051265,-0.00880066259831334,False,False,False,True,100000,False,True,False,-1.2717454603127916,-0.5433125286494048,9.85527447028797,0.6654180071832151,True,Cruise
1,213,1675401323.1097186,49.3248115011507,-0.009002513317990747,False,False,False,True,100000,False,True,False,-1.2717454603127916,-0.5433125286494048,9.85527447028797,1.7289816548496888,True,Cruise
1,214,1675401323.2056644,49.3248115011507,-0.009002513317990747,False,False,False,True,100000,False,True,False,1.4766141886864086,-0.5976079247860019,9.588643249993398,1.0336609399053456,True,Cruise
1,215,1675401323.3017168,49.3248115011507,-0.009002513317990747,False,False,False,True,100000,False,True,False,1.4766141886864086,-0.5976079247860019,9.588643249993398,0.08967173029372351,True,Cruise
1,216,1675401323.3977592,49.32468023221695,-0.009004263570440681,False,False,False,True,100000,False,True,False,1.034522848515032,-0.6282405540232491,9.659236988617463,0.5081445109953494,True,Cruise
1,217,1675401323.4976442,49.46334506846676,-0.007155399087109866,False,False,False,True,100000,False,True,False,0.18123148992146118,-0.7385989205884049,9.754459210107223,0.36317313020282477,True,Cruise
1,218,1675401323.5960405,49.46334506846676,-0.007155399087109866,False,False,False,True,100000,False,True,False,-0.09146961546205404,-0.7141037132226342,9.792838142671496,0.0799221310955427,True,Cruise
1,219,1675401323.6960459,49.7182442096436,-0.0037567438714187188,False,False,False,True,100000,False,True,False,-0.09146961546205404,-0.7141037132226342,9.792838142671496,0.0799221310955427,True,Cruise
1,220,1675401323.7960048,49.76744557205588,-0.003100725705921615,False,False,False,True,100000,False,True,False,1.4330668627499,-0.627931245544655,9.706956096690526,0.8758646342731635,True,Cruise
1,221,1675401323.896001,49.76744557205588,-0.003100725705921615,False,False,False,True,100000,False,True,False,2.1535574628051903,-0.52724480255839,9.662361101298576,0.7288574470932343,True,Cruise
1,222,1675401323.996161,49.76744557205588,-0.003100725705921615,False,False,False,True,100000,False,True,False,1.6244601702797234,-0.4300258765077546,9.760190477836082,0.4584694112882663,True,Cruise
1,223,1675401324.0961692,49.97427037526705,0.00034306166310610223,False,False,False,True,100000,False,True,False,1.1993680061947731,-0.4211451120495056,9.815730300622317,0.42879702407889403,True,Cruise
1,224,1675401324.1959844,49.989326815362766,0.0001423091284964623,False,False,False,True,100000,False,True,False,1.5934586909452373,-0.3150247448578229,9.806358182603116,0.4082362511293591,True,Cruise
1,225,1675401324.29599,49.989326815362766,0.0001423091284964623,False,False,False,True,100000,False,True,False,1.5934586909452373,-0.3150247448578229,9.806358182603116,0.4082362511293591,True,Cruise
1,226,1675401324.3960238,49.989326815362766,0.0001423091284964623,False,False,False,True,100000,False,True,False,1.7356442165218904,-0.13880059739868475,9.829747975213033,0.29254132377960185,True,Cruise
1,227,1675401324.4960353,49.96675971271473,0.0004432038304701527,False,False,False,True,100000,False,True,False,1.0484061617615348,-0.09597594639362124,9.907462556536075,0.3222776712568995,True,Cruise
1,228,1675401324.596055,49.96675971271473,0.0004432038304701527,False,False,False,True,100000,False,True,False,0.5145207647937434,-0.017680914938531907,9.955495192091066,0.14826945747387743,True,Cruise
1,229,1675401324.696035,49.82233001825927,0.002368933089876316,False,False,False,True,100000,False,True,False,0.5145207647937434,-0.017680914938531907,9.955495192091066,0.14826945747387743,True,Cruise
1,230,1675401324.7959945,49.91106179076033,0.0011858427898622738,False,False,False,True,100000,False,True,False,-0.5208487397598853,0.12284745234347957,10.018667197606705,1.0467707176127172,True,Cruise
1,231,1675401324.8959181,49.951141986964345,-0.0006514401738087656,False,False,False,True,100000,False,True,False,0.47210890360846586,0.1342915311199861,9.889195732397583,0.8080530354942997,True,Cruise
1,232,1675401324.9960167,49.951141986964345,-0.0006514401738087656,False,False,False,True,100000,False,True,False,0.5510988065098078,0.14756881956268084,9.874003276322263,0.8080530354942997,True,Cruise
1,233,1675401325.0960553,49.955531572146214,0.0005929123713838017,False,False,False,True,100000,False,True,False,0.41819830309338557,0.154392412655948,9.843524464268821,0.17232422144581364,True,Cruise
1,234,1675401325.1961646,49.955531572146214,0.0005929123713838017,False,False,False,True,100000,False,True,False,0.41819830309338557,0.154392412655948,9.843524464268821,0.17232422144581364,True,Cruise
1,235,1675401325.3179767,49.43257209769573,0.007565705364056907,False,False,False,True,100000,False,True,False,-0.016548475666305226,0.15319061219873278,9.8375384741615,1.0689577623218327,True,Cruise
1,236,1675401325.4138224,49.41921071646724,0.007743857113770073,False,False,False,True,100000,False,True,False,-2.7374903687189187,0.2515527348758083,10.016474189763038,0.7034410082330165,True,Cruise
1,237,1675401325.510646,49.44940394456029,0.007341280739196159,False,False,False,True,100000,False,True,False,-2.7425301354938365,0.3511648121650283,9.97885961700527,0.7034410082330165,True,Cruise
1,238,1675401325.601669,49.44940394456029,0.007341280739196159,False,False,False,True,100000,False,True,False,-1.6236090036848623,0.24687936594907736,9.813532851754044,0.6641656370479394,True,Cruise
1,239,1675401325.705818,49.950614859033294,0.0006584685462227356,False,False,False,True,100000,False,True,False,-1.6236090036848623,0.24687936594907736,9.813532851754044,0.6641656370479394,True,Cruise
1,240,1675401325.8097532,49.950614859033294,0.0006584685462227356,False,False,False,True,100000,False,True,False,-0.4764996437673314,0.277329874207362,9.662067372838605,1.0099185052273567,True,Cruise
1,241,1675401325.9138324,49.27351772796736,0.009686430293768573,False,False,False,True,100000,False,True,False,1.4108916887707004,0.2831016945396274,9.48468028521569,0.8897184527106156,True,Cruise
1,242,1675401326.0177753,49.27351772796736,0.009686430293768573,False,False,False,True,100000,False,True,False,2.0023228785451646,0.23971115112608637,9.446543435085308,1.5382653948142713,True,Cruise
1,243,1675401326.09601,49.90033120616086,-0.0013289172511885261,False,False,False,True,100000,False,True,False,-2.419123002499248,0.5225271523055929,9.902588188631068,1.1727225175437206,True,Cruise
1,244,1675401326.1960225,49.90033120616086,-0.0013289172511885261,False,False,False,True,100000,False,True,False,-1.2395247201970396,0.5216856939007494,9.762451552754419,1.1878935526289347,True,Cruise
1,245,1675401326.2960498,49.97249924424085,0.00036667674345537,False,False,False,True,100000,False,True,False,1.8630477031916801,0.1960619792309244,9.508231700053232,0.8609853276622689,True,Cruise
1,246,1675401326.3960245,49.85498122737956,0.0019335836349391713,False,False,False,True,100000,False,True,False,2.7362137558967206,0.06867746973359565,9.49414728077352,0.5817097202683696,True,Cruise
1,247,1675401326.4960458,49.85498122737956,0.0019335836349391713,False,False,False,True,100000,False,True,False,0.5679540520827856,0.21513432110413835,9.765985947579592,1.609174739545681,True,Cruise
1,248,1675401326.5961797,49.545202441310714,0.00606396744919047,False,False,False,True,100000,False,True,False,0.10313902072645717,0.1975494003003248,9.822132890284468,0.46852398229926884,True,Cruise
1,249,1675401326.696127,49.78084201029264,0.0029221065294314967,False,False,False,True,100000,False,True,False,-1.645665042005358,0.13684329463912517,10.02783926357709,1.7619069195349264,True,Cruise
1,250,1675401326.7978504,49.85304302412112,0.001959426345051654,False,False,False,True,100000,False,True,False,-1.4710823586318165,0.17437066563446005,10.007050053789673,0.17977655061579353,True,Cruise
1,251,1675401326.9018245,49.85304302412112,0.001959426345051654,False,False,False,True,100000,False,True,False,1.323300849669696,-0.035506674016607655,9.75994718314145,1.1579111560585176,True,Cruise
