repetition,iteration,time,speed,steering,obstacle_North,obstacle_NorthWest,obstacle_SouthWest,obstacle_West,obstacle_distance,follow_enable,steady_motion_enable,passing_start,accel_x,accel_y,accel_z,accel_diff,success,action
1,1,1675401435.542102,0.0,0.0,False,True,False,True,100000,False,True,False,0.045188642209730234,-1.3144364786211304e-13,9.797425864271583,0.0006450674008535331,True,Cruise
1,2,1675401435.5424356,0.0,0.0,False,True,False,True,100000,False,True,False,0.045188642209730234,-1.3144364786211304e-13,9.797425864271583,0.0006450674008535331,True,Cruise
1,3,1675401435.6425717,49.673502818158504,0.0,False,True,False,True,100000,False,True,False,0.04406724271141719,4.819056130644235e-13,9.798672476131406,0.0008976794286130231,True,Cruise
1,4,1675401435.7425625,49.60249200518655,-0.005300106597512706,False,True,False,True,100000,False,True,False,0.043032206570605615,-5.300673366231078e-13,9.800433844984235,0.0020429684404080486,True,Cruise
1,5,1675401435.842513,49.60249200518655,-0.005300106597512706,False,True,False,True,100000,False,True,False,2.612057452595121,-0.003719105520476656,9.592091992011357,0.6765889376393437,True,Cruise
1,6,1675401435.9425182,49.71523823023845,-0.0037968235968206857,False,True,False,True,100000,False,True,False,3.0574692793875067,-0.008279584782953892,9.574091139898936,0.27115198129901186,True,Cruise
1,7,1675401436.0425162,49.68390390785078,-0.004214614561989676,False,True,False,True,100000,False,True,False,3.4915067880409496,-0.0035690071757451996,9.589836522754334,0.27115198129901186,True,Cruise
1,8,1675401436.1425138,49.68390390785078,-0.004214614561989676,False,True,False,True,100000,False,True,False,3.6012342383669287,0.0004817531383963616,9.610767351321735,0.11177934334518508,True,Cruise
1,9,1675401436.2425694,49.72768088626392,-0.003630921516481083,False,True,False,True,100000,False,True,False,3.6012342383669287,0.0004817531383963616,9.610767351321735,0.11177934334518508,True,Cruise
1,10,1675401436.3425052,49.755202804406316,-0.0032639626079157286,False,True,False,True,100000,False,True,False,4.117513480749398,-0.004171085438261529,9.728203242486027,0.11499361599252939,True,Cruise
1,11,1675401436.4425013,49.55793662020961,-0.00589417839720526,False,True,False,True,100000,False,True,False,4.415949775361774,-0.00338984947982995,9.792713843459309,0.091339743879873,True,Cruise
1,12,1675401436.542563,49.55793662020961,-0.00589417839720526,False,True,False,True,100000,False,True,False,4.491351580681002,0.003972470296041485,9.813006191921607,0.07843095947389803,True,Cruise
1,13,1675401436.642585,49.55793662020961,-0.00589417839720526,False,True,False,False,100000,False,True,False,4.599903400991144,-0.012897533511952669,9.850427786203324,0.11605373944734623,True,Cruise
1,14,1675401436.7425873,49.672510432261404,-0.004366527569847942,False,True,False,False,100000,False,True,False,4.655030057899247,-0.0123142827212276,9.881783988560803,0.025915774844470742,True,Cruise
1,15,1675401436.8425677,49.360317879213135,-0.008529094943824873,False,True,False,False,100000,False,True,False,4.663591767857609,-0.008688742067496024,9.905250828543064,0.012990050405291383,True,Cruise
1,16,1675401436.94257,49.168778833638754,-0.011082948884816632,False,True,False,False,100000,False,True,False,4.606556472315842,0.0031289353301739336,9.92348517786877,0.02029764117053427,True,Cruise
1,17,1675401437.0425413,49.168778833638754,-0.011082948884816632,False,True,False,False,100000,False,True,False,4.606556472315842,0.0031289353301739336,9.92348517786877,0.02921105184648268,True,Cruise
1,18,1675401437.1425185,49.34131968305134,-0.008782404225982157,False,True,False,False,100000,False,True,False,4.4907644673924105,-0.03616367180669936,9.92113694942667,0.07526449739746667,True,Cruise
1,19,1675401437.2425456,49.41517840508076,-0.0077976212655898255,False,True,False,False,100000,False,True,False,4.444194415309619,-0.02695342424394982,9.916137516462866,0.04955413320401334,True,Cruise
1,20,1675401437.342509,49.41517840508076,-0.0077976212655898255,False,True,False,False,100000,False,True,False,4.345226451422301,-0.023449541231301524,9.900724565363847,0.05087242172754925,True,Cruise
1,21,1675401437.4425824,49.32415357505432,-0.0090112856659424,False,True,False,False,100000,False,True,False,4.2446688617205774,-0.018224730252585745,9.879408225153714,0.05131575109260611,True,Cruise
1,22,1675401437.542545,49.32415357505432,-0.0090112856659424,False,True,False,False,100000,False,True,False,4.195824712879803,-0.019135832941898558,9.867091267528199,0.050381429408452846,True,Cruise
1,23,1675401437.6425245,49.76844696410836,-0.0030873738118886015,False,True,False,False,100000,False,True,False,4.062852066198693,-0.02616441872009092,9.82634143702521,0.040617927127799255,True,Cruise
1,24,1675401437.7425282,49.540525743230326,-0.006126323423595618,False,True,False,False,100000,False,True,False,3.9601567272173654,-0.0020571733943854894,9.784728822116962,0.04050160364634345,True,Cruise
1,25,1675401437.8425376,49.53795687060298,-0.006160575058626866,False,True,False,False,100000,False,True,False,3.9338538576691717,-0.006801819668390347,9.771676524863178,0.029744160407311385,True,Cruise
1,26,1675401437.9425294,49.83732058111956,0.0021690589184058104,False,True,False,False,100000,False,True,False,3.8936207881927403,-0.013807791475721524,9.747873928252195,0.021506074073471434,True,Cruise
1,27,1675401438.0426574,49.83732058111956,0.0021690589184058104,False,True,False,False,100000,False,True,False,3.8699699051497163,0.00773154516963051,9.72802707110488,0.021506074073471434,True,Cruise
1,28,1675401438.1425614,49.7738058994731,0.0030159213403586466,False,True,False,False,100000,False,True,False,3.8639038324890627,0.025479774704243074,9.719862165828868,0.020456357625536874,True,Cruise
1,29,1675401438.2425158,49.8675249728952,-0.0017663336947306813,False,True,False,False,100000,False,True,False,3.8654750869211223,0.02537690608422547,9.703125450290898,0.005708567333769905,True,Cruise
1,30,1675401438.3426092,49.8675249728952,-0.0017663336947306813,False,True,False,False,100000,False,True,False,3.871728996657643,0.03696103078062833,9.700177028506998,0.013490608696057348,True,Cruise
1,31,1675401438.442571,49.29114035318397,-0.009451461957547086,False,True,False,False,100000,False,True,False,3.8909646053435005,0.009163696490931354,9.698097797944664,0.012732894696022005,True,Cruise
1,32,1675401438.5425346,49.62859868417136,0.004952017544381851,False,True,False,False,100000,False,True,False,3.917073437507031,0.03366835340122853,9.700699687889694,0.035901520281470235,True,Cruise
1,33,1675401438.642502,49.89071229977075,0.0014571693363899596,False,True,False,False,100000,False,True,False,3.947122083771943,-0.06899491026125883,9.707336819672935,0.061695810309693185,True,Cruise
1,34,1675401438.7424946,49.89071229977075,0.0014571693363899596,False,True,False,False,100000,False,True,False,3.9632787734019184,0.010627581508698806,9.711860238087539,0.03803665625253978,True,Cruise
1,35,1675401438.8425515,49.631775351394595,0.004909661981405466,False,True,False,False,100000,False,True,False,4.01087591037124,0.053898137861281566,9.729068314299928,0.01730381451941241,True,Cruise
1,36,1675401438.9425392,49.80987858039816,0.002534952261357838,False,True,False,False,100000,False,True,False,4.0257455466286345,0.02727411502662611,9.735593825994336,0.031185364791859054,True,Cruise
1,37,1675401439.0425115,49.80987858039816,0.002534952261357838,False,True,False,False,100000,False,True,False,4.065249550319902,0.025443379563462654,9.755815204933658,0.044416461657626805,True,Cruise
1,38,1675401439.142587,49.68882346330182,0.00414902048930902,False,True,False,False,100000,False,True,False,4.076279436305926,0.036180495930883516,9.762404064745647,0.016743868321695297,True,Cruise
1,39,1675401439.242517,49.68882346330182,0.00414902048930902,False,True,False,False,100000,False,True,False,4.1019373390254295,0.028538074460068088,9.780392994204234,0.009532990949651666,True,Cruise
1,40,1675401439.342558,49.64644402991454,0.004714079601139509,False,True,False,False,100000,False,True,False,4.112597051876341,0.032019841102876,9.790192709958719,0.0066735566551644155,True,Cruise
1,41,1675401439.4425662,49.64644402991454,0.004714079601139509,False,True,False,False,100000,False,True,False,4.112597051876341,0.032019841102876,9.790192709958719,0.0066735566551644155,True,Cruise
1,42,1675401439.542596,49.60177079907722,0.005309722678970352,False,True,False,False,100000,False,True,False,4.112597051876341,0.032019841102876,9.790192709958719,0.009606590184204719,True,Cruise
1,43,1675401439.642603,49.60177079907722,0.005309722678970352,False,True,False,False,100000,False,True,False,4.11939833573256,0.03282694707840967,9.800677736612757,0.004096493706194845,True,Cruise
1,44,1675401439.7433562,49.88082630816996,0.001588982557733917,False,True,False,False,100000,False,True,False,4.116770784957322,0.036706345631730336,9.805734169002902,0.0021199307482254034,True,Cruise
1,45,1675401439.8432748,49.95738260923317,-0.0005682318768910474,False,True,False,False,100000,False,True,False,4.111040733451191,0.04594091525125072,9.806216155544615,0.0026972473384004234,True,Cruise
1,46,1675401439.9424903,49.95738260923317,-0.0005682318768910474,False,True,False,False,100000,False,True,False,4.107405074737894,0.021389790739777186,9.80566528977997,0.024824970939521934,True,Cruise
1,47,1675401440.0425682,49.508817781350984,0.006549096248653528,False,True,False,False,100000,False,True,False,4.098803254245112,-0.001069735163075858,9.80322499466563,0.024173883838060437,True,Cruise
1,48,1675401440.142594,49.508817781350984,0.006549096248653528,False,True,False,False,100000,False,True,False,4.093989257347555,-0.02831776167677164,9.801434192703217,0.027727900870591283,True,Cruise
1,49,1675401440.242521,49.617418650350594,0.00510108466199208,False,True,False,False,100000,False,True,False,4.083565578512414,0.03775861145029665,9.797000367960287,0.02188669974142104,True,Cruise
1,50,1675401440.3425405,49.41653317352419,0.007779557686344076,False,True,False,False,100000,False,True,False,4.06854562924865,0.030213441525221006,9.788884398512533,0.0136108947938682,True,Cruise
1,51,1675401440.4426174,49.41653317352419,0.007779557686344076,False,True,False,False,100000,False,True,False,4.063961638890703,0.016993645864246124,9.786007124072627,0.014284770670970304,True,Cruise
1,52,1675401440.542574,49.51529454776033,0.00646273936319567,False,True,False,False,100000,False,True,False,4.051628679448721,0.050162949921259414,9.77758869133946,0.03637546741839926,True,Cruise
1,53,1675401440.6425004,49.51529454776033,0.00646273936319567,False,True,False,False,100000,False,True,False,4.048270340752273,0.055893046223892635,9.774974865658107,0.007137543494088971,True,Cruise
1,54,1675401440.7425125,49.42942186738744,0.007607708434834158,False,True,False,False,100000,False,True,False,4.042910452071322,0.042197288737845166,9.77023135421049,0.006971334528598795,True,Cruise
1,55,1675401440.8425317,49.32829451396186,0.00895607314717528,False,True,False,False,100000,False,True,False,4.040743581737864,0.05090358856175901,9.76817196102607,0.009205220472858516,True,Cruise
1,56,1675401440.9426317,49.32829451396186,0.00895607314717528,False,True,False,False,100000,False,True,False,4.03763066433182,0.05931006549792672,9.7647431763092,0.0033423658736216996,True,Cruise
1,57,1675401441.042662,48.93603253510014,0.014186232865331522,False,True,False,False,100000,False,True,False,4.035995458205303,0.06640717153389969,9.762310326326123,0.007678643903854275,True,Cruise
1,58,1675401441.1425207,49.65153576674368,0.004646189776750949,False,True,False,False,100000,False,True,False,4.036108865850676,0.058272331675074285,9.760522795288736,0.014739762407855702,True,Cruise
1,59,1675401441.2425127,49.65153576674368,0.004646189776750949,False,True,False,False,100000,False,True,False,4.036340635122186,0.12344718708448636,9.76043813537033,0.06517532249198904,True,Cruise
1,60,1675401441.3425856,49.65153576674368,0.004646189776750949,False,True,False,False,100000,False,True,False,4.039361443590569,0.044414261086161165,9.760701649609,0.029955847786876613,True,Cruise
1,61,1675401441.442653,49.30036148897898,0.009328513480280316,False,True,False,False,100000,False,True,False,4.040908882826466,0.03585127204519574,9.7611460544407,0.0033984156406832466,True,Cruise
1,62,1675401441.5425184,49.652014374403954,0.0046398083412805555,False,True,False,False,100000,False,True,False,4.0454922850982165,0.02212942520438487,9.763430090019252,0.03222442694847126,True,Cruise
1,63,1675401441.6425073,49.652014374403954,0.0046398083412805555,False,True,False,False,100000,False,True,False,4.048030988525666,0.08267400824494843,9.765538275287605,0.028411079135950923,True,Cruise
1,64,1675401441.7425106,49.652014374403954,0.0046398083412805555,False,True,False,False,100000,False,True,False,4.0499143892894685,0.04927072355969554,9.766610847088979,0.028411079135950923,True,Cruise
1,65,1675401441.8426363,49.28588912766772,0.009521478297763645,False,True,False,False,100000,False,True,False,4.0550461921335685,0.02073408298906642,9.769980610189243,0.0020511038288214614,True,Cruise
1,66,1675401441.9425123,49.308872919223276,0.00921502774368961,False,True,False,False,100000,False,True,False,4.0550461921335685,0.02073408298906642,9.769980610189243,0.02596713571009826,True,Cruise
1,67,1675401442.042572,49.08104443865097,0.012252740817987075,False,True,False,False,100000,False,True,False,4.05848742843056,0.04626755186115988,9.773219745427662,0.02596713571009826,True,Cruise
1,68,1675401442.1425147,49.79896627250821,0.002680449699890503,False,True,False,False,100000,False,True,False,4.059979891055967,0.05914870710628807,9.775068908430404,0.024213752422486055,True,Cruise
1,69,1675401442.2424922,49.79896627250821,0.002680449699890503,False,True,False,False,100000,False,True,False,4.060841848240608,0.12504656334978564,9.776580203421998,0.04170953442064528,True,Cruise
1,70,1675401442.3424976,49.0225577933005,0.013032562755993364,False,True,False,False,100000,False,True,False,4.062317674325353,0.057369437867754496,9.777065373282595,0.06769495377010484,True,Cruise
1,71,1675401442.4425285,49.0225577933005,0.013032562755993364,False,True,False,False,100000,False,True,False,4.0634252727533315,0.021682020755921554,9.77749626492166,0.035707200702326476,True,Cruise
1,72,1675401442.5425143,49.55895246921099,0.005880633743853441,False,True,False,False,100000,False,True,False,4.062543291676406,0.12020874595101108,9.778536861411023,0.09853616751905067,True,Cruise
1,73,1675401442.6425457,49.93836480654817,-0.0008218025793577513,False,True,False,False,100000,False,True,False,4.061531146662353,0.1562331419276306,9.778719572986944,0.014379091625291671,True,Cruise
1,74,1675401442.7425463,49.91187333242618,-0.0011750222343175657,False,True,False,False,100000,False,True,False,4.062559404312716,0.0880510877329515,9.778360855034014,0.010609592802960427,True,Cruise
1,75,1675401442.8425367,49.91187333242618,-0.0011750222343175657,False,True,False,False,100000,False,True,False,4.063563889877354,0.0023371051301874263,9.777753948746184,0.026712724883040086,True,Cruise
1,76,1675401442.9425514,49.91187333242618,-0.0011750222343175657,False,True,False,False,100000,False,True,False,4.063563889877354,0.0023371051301874263,9.777753948746184,0.00903888787479279,True,Cruise
1,77,1675401443.0426147,49.69023622881493,0.004130183615800923,False,True,False,False,100000,False,True,False,4.061928565463245,-0.012449315150102874,9.776790850776845,0.00903888787479279,True,Cruise
1,78,1675401443.1425347,49.87674327125974,-0.0016434230498701163,False,True,False,False,100000,False,True,False,4.060363901726256,-0.0456972434444787,9.776040962259428,0.03379499426018295,True,Cruise
1,79,1675401443.2425616,49.87674327125974,-0.0016434230498701163,False,True,False,False,100000,False,True,False,4.059395470969895,-0.01191815950752034,9.775670466246149,0.032359915740192736,True,Cruise
1,80,1675401443.3425598,49.87419110600149,-0.0016774519199801987,False,True,False,False,100000,False,True,False,4.057941589169152,-0.0589504928345394,9.774414426469827,0.03131974579700237,True,Cruise
1,81,1675401443.4425955,49.87419110600149,-0.0016774519199801987,False,True,False,False,100000,False,True,False,4.057941589169152,-0.0589504928345394,9.774414426469827,0.03131974579700237,True,Cruise
1,82,1675401443.5425782,49.883273634214234,-0.0015563515438102489,False,True,False,False,100000,False,True,False,4.0567345767771235,-0.06953641173634097,9.773312203989496,0.010711370234763453,True,Cruise
1,83,1675401443.6425712,49.86302690846603,-0.0018263078871195186,False,True,False,False,100000,False,True,False,4.055950310473867,-0.06648870027204003,9.77272902761251,0.0012420797579739947,True,Cruise
1,84,1675401443.7425773,49.86302690846603,-0.0018263078871195186,False,True,False,False,100000,False,True,False,4.055337256478625,-0.06413392953000668,9.772277327482685,0.0011533934731143996,True,Cruise
1,85,1675401443.842609,49.87757890347122,-0.0016322812870504001,False,True,False,False,100000,False,True,False,4.054923960896253,-0.06202949297179896,9.771963115140482,0.0002933847993168875,True,Cruise
1,86,1675401443.9425578,49.87757890347122,-0.0016322812870504001,False,True,False,False,100000,False,True,False,4.054633429965519,-0.05227683683018331,9.771747420933577,0.0002933847993168875,True,Cruise
1,87,1675401444.042629,49.842263043262165,-0.0021031594231711156,False,True,False,False,100000,False,True,False,4.054613592527734,-0.04837759549426374,9.771738879061745,0.003899301153188361,True,Cruise
1,88,1675401444.142526,49.79076934622185,-0.0027897420503753562,False,True,False,False,100000,False,True,False,4.0546645145701685,-0.04406758565888978,9.771805378274241,0.00497278893585332,True,Cruise
1,89,1675401444.242521,49.813360240895484,-0.0024885301213935546,False,True,False,False,100000,False,True,False,4.054729413969823,-0.043145252068605956,9.771875112363889,0.004402534660285739,True,Cruise
1,90,1675401444.3424947,49.813360240895484,-0.0024885301213935546,False,True,False,False,100000,False,True,False,4.054917595256721,-0.04209697563007923,9.772074108766315,0.0033556103804734125,True,Cruise
1,91,1675401444.4424927,49.813360240895484,-0.0024885301213935546,False,True,False,False,100000,False,True,False,4.054917595256721,-0.04209697563007923,9.772074108766315,0.001533474429414122,True,Cruise
1,92,1675401444.5425267,49.833528611444834,-0.0022196185140688847,False,True,False,False,100000,False,True,False,4.055341727024475,-0.03784552636484424,9.772471068043876,0.002770930667344184,True,Cruise
1,93,1675401444.6426163,49.875411662940415,0.001661177827461081,False,True,False,False,100000,False,True,False,4.055859020693181,-0.03701725059549784,9.772918747607914,0.0008548197246761264,True,Cruise
1,94,1675401444.7426288,49.875411662940415,0.001661177827461081,False,True,False,False,100000,False,True,False,4.056389628012282,-0.033394541793446184,9.77334950112658,0.00028587090514030133,True,Cruise
1,95,1675401444.8425553,49.875411662940415,0.001661177827461081,False,True,False,False,100000,False,True,False,4.056389628012282,-0.033394541793446184,9.77334950112658,0.00028587090514030133,True,Cruise
1,96,1675401444.9425464,49.849900179408635,-0.002001330941218191,False,True,False,False,100000,False,True,False,4.057191464054416,0.019605206607398826,9.773799142000877,0.04589229674624958,True,Cruise
1,97,1675401445.0425844,49.849900179408635,-0.002001330941218191,False,True,False,False,100000,False,True,False,4.057282517180071,0.03251285973506861,9.773891839607003,0.0071156656775694035,True,Cruise
1,98,1675401445.142504,49.849900179408635,-0.002001330941218191,False,True,False,False,100000,False,True,False,4.057324943536976,-0.01617329231642775,9.774051167957857,0.031729615387212896,True,Cruise
1,99,1675401445.2424908,49.87560303407826,-0.0016586262122898735,False,True,False,False,100000,False,True,False,4.057391649789269,-0.015461517177123654,9.774148789602574,0.0027351444281366296,True,Cruise
1,100,1675401445.342486,49.87560303407826,-0.0016586262122898735,False,True,False,False,100000,False,True,False,4.057391649789269,-0.015461517177123654,9.774148789602574,0.004533938821986849,True,Cruise
1,101,1675401445.442513,49.84621054008474,-0.002050526132203454,False,True,False,False,100000,False,True,False,4.057503101356644,-0.016801967214345986,9.774171846920266,0.0034024733185749594,True,Cruise
1,102,1675401445.5424967,49.84621054008474,-0.002050526132203454,False,True,False,False,100000,False,True,False,4.057484794142654,-0.019112469532149467,9.774148231795495,0.002310695520568918,True,Cruise
1,103,1675401445.642517,49.83717273308198,-0.0021710302255735837,False,True,False,False,100000,False,True,False,4.057342932224938,-0.034199118628011844,9.77403977993727,0.0031476903384919045,True,Cruise
1,104,1675401445.7425172,49.83717273308198,-0.0021710302255735837,False,True,False,False,100000,False,True,False,4.057230582273261,-0.03828302129548482,9.773942646350672,0.004086602310316005,True,Cruise
1,105,1675401445.8425097,49.83717273308198,-0.0021710302255735837,False,True,False,False,100000,False,True,False,4.057166299120333,-0.04145253753901824,9.77389045329192,0.0025922325678637732,True,Cruise
1,106,1675401445.9425044,49.898232381250104,-0.0013569015833320146,False,True,False,False,100000,False,True,False,4.057036437192595,-0.04593816375980239,9.773782592268015,0.0038015922768006877,True,Cruise
1,107,1675401446.042501,49.898232381250104,-0.0013569015833320146,False,True,False,False,100000,False,True,False,4.05690579519359,-0.03872537958055367,9.773621170227479,0.004116152002079177,True,Cruise
1,108,1675401446.1425116,49.861469840273834,-0.0018470687963488756,False,True,False,False,100000,False,True,False,4.056859034838053,-0.03769350366409099,9.773572996956776,0.0010340575911600884,True,Cruise
1,109,1675401446.2425265,49.861469840273834,-0.0018470687963488756,False,True,False,False,100000,False,True,False,4.056859034838053,-0.03769350366409099,9.773572996956776,0.0010340575911600884,True,Cruise
1,110,1675401446.3425899,49.87467062560981,-0.0016710583252025919,False,True,False,False,100000,False,True,False,4.0566852779390965,-0.03952871482112302,9.773454354449344,0.003914472820952179,True,Cruise
1,111,1675401446.4425595,49.87467062560981,-0.0016710583252025919,False,True,False,False,100000,False,True,False,4.056579873335472,-0.04060043351882611,9.773395889921737,0.0007453364368534888,True,Cruise
1,112,1675401446.5425298,49.87467062560981,-0.0016710583252025919,False,True,False,False,100000,False,True,False,4.056523808256795,-0.03695922088959077,9.773352192710849,0.0018460864593096927,True,Cruise
1,113,1675401446.6425378,49.82754430632763,-0.0022994092489649377,False,True,False,False,100000,False,True,False,4.056496357195353,-0.03437286976893065,9.773325749481783,0.0007405733614608824,True,Cruise
1,114,1675401446.7425194,49.82754430632763,-0.0022994092489649377,False,True,False,False,100000,False,True,False,4.0564552417115785,-0.03870345886851085,9.773319249287264,0.004330789152676183,True,Cruise
1,115,1675401446.8425999,49.99832889994289,-2.2281334094825914e-05,False,True,False,False,100000,False,True,False,4.056425639912896,-0.044108296817957394,9.773326765849033,0.0013695863762242986,True,Cruise
1,116,1675401446.9425223,49.99832889994289,-2.2281334094825914e-05,False,True,False,False,100000,False,True,False,4.056439263259342,-0.05189942769334367,9.773343431822928,0.007225549334013918,True,Cruise
1,117,1675401447.0425313,49.98519662735713,-0.0001973783019049158,False,True,False,False,100000,False,True,False,4.056635401937422,-0.015393902807678586,9.773355390819045,0.013787211165709468,True,Cruise
1,118,1675401447.1425338,49.98519662735713,-0.0001973783019049158,False,True,False,False,100000,False,True,False,4.056680462985762,-0.01163180724033102,9.77337064902429,0.0037623963598697294,True,Cruise
1,119,1675401447.242525,49.892373573194085,-0.00143501902407885,False,True,False,False,100000,False,True,False,4.056710970810145,-0.00917110254158424,9.773433033408484,0.002461684413805777,True,Cruise
1,120,1675401447.3425236,49.892373573194085,-0.00143501902407885,False,True,False,False,100000,False,True,False,4.056739214483287,0.0027569690813766213,9.77349671457422,0.006823669069124849,True,Cruise
1,121,1675401447.4425342,49.892373573194085,-0.00143501902407885,False,True,False,False,100000,False,True,False,4.056731378397813,-0.007636351810597136,9.77351880148244,0.006255994794607188,True,Cruise
1,122,1675401447.5425901,49.85988634681905,-0.0018681820424125877,False,True,False,False,100000,False,True,False,4.05674160975826,-0.015218462079591773,9.773555387362071,0.0013262910033593072,True,Cruise
1,123,1675401447.6425416,49.85988634681905,-0.0018681820424125877,False,True,False,False,100000,False,True,False,4.05674160975826,-0.015218462079591773,9.773555387362071,0.0061454030153940435,True,Cruise
1,124,1675401447.742521,49.940403984169535,-0.000794613544406169,False,True,False,False,100000,False,True,False,4.056784075096344,-0.027006889781715417,9.773606486676902,0.00564328400770304,True,Cruise
1,125,1675401447.8425581,49.940403984169535,-0.000794613544406169,False,True,False,False,100000,False,True,False,4.0567982920807575,-0.037824855823928194,9.773621109691874,0.006703885908067412,True,Cruise
1,126,1675401447.94251,49.68584279164966,0.004188762778004553,False,True,False,False,100000,False,True,False,4.0568881430234836,-0.026491801025118906,9.773625090473228,0.0008569767889395537,True,Cruise
1,127,1675401448.0424933,49.68584279164966,0.004188762778004553,False,True,False,False,100000,False,True,False,4.0568881430234836,-0.026491801025118906,9.773625090473228,0.0008569767889395537,True,Cruise
1,128,1675401448.142517,49.68584279164966,0.004188762778004553,False,True,False,False,100000,False,True,False,4.0570105859857035,0.04598355975636597,9.77361667936331,0.07247546469966346,True,Cruise
1,129,1675401448.2424958,49.83954660219449,-0.002139378637406828,False,True,False,False,100000,False,True,False,4.056865832339368,0.0652105215783291,9.77362244786551,0.025523646591502427,True,Cruise
1,130,1675401448.3424902,49.83954660219449,-0.002139378637406828,False,True,False,False,100000,False,True,False,4.0568636231789945,0.029829353381213744,9.773610037925897,0.06090471089338355,True,Cruise
1,131,1675401448.4425354,49.95947248548505,-0.0005403668601992991,False,True,False,False,100000,False,True,False,4.0568999351378245,-0.007852146970160108,9.773598759559617,0.003578628642018266,True,Cruise
1,132,1675401448.5425377,49.95947248548505,-0.0005403668601992991,False,True,False,False,100000,False,True,False,4.0568999351378245,-0.007852146970160108,9.773598759559617,0.018548257160944055,True,Cruise
1,133,1675401448.6425257,49.95947248548505,-0.0005403668601992991,False,True,False,False,100000,False,True,False,4.056822464621036,0.010695942497720762,9.77358395689,0.018548257160944055,True,Cruise
1,134,1675401448.7425137,49.78665797923848,0.0028445602768202385,False,True,False,False,100000,False,True,False,4.056799657722445,0.010424712692363197,9.773570416556637,0.0052020106021425155,True,Cruise
1,135,1675401448.8425186,49.78665797923848,0.0028445602768202385,False,True,False,False,100000,False,True,False,4.056796122269103,0.017189015754550407,9.773550253365563,0.03276998768632935,True,Cruise
1,136,1675401448.9425733,49.946076392077494,-0.0007189814389667356,False,True,False,False,100000,False,True,False,4.056776770057238,0.03814241054271547,9.773546334559775,0.02095340409131284,True,Cruise
1,137,1675401449.0425045,49.946076392077494,-0.0007189814389667356,False,True,False,False,100000,False,True,False,4.0566999986093055,0.0555115232105689,9.77354013327217,0.017369283438869093,True,Cruise
1,138,1675401449.1425002,49.946076392077494,-0.0007189814389667356,False,True,False,False,100000,False,True,False,4.056764492274971,-0.005297759498380953,9.77352518220745,0.02203102336117615,True,Cruise
1,139,1675401449.2425022,49.985757670333776,0.00018989772888298063,False,True,False,False,100000,False,True,False,4.056768179711912,-0.004153305736321737,9.773519547323893,0.002930013676382441,True,Cruise
1,140,1675401449.3425179,49.985757670333776,0.00018989772888298063,False,True,False,False,100000,False,True,False,4.056749602694538,-0.003643948543478619,9.773518038395633,0.0024206649564784055,True,Cruise
1,141,1675401449.4426312,49.86510895035395,-0.001798547328614054,False,True,False,False,100000,False,True,False,4.05673304374616,0.006809196316774704,9.773518945870961,0.0019171457519020641,True,Cruise
1,142,1675401449.542579,49.86510895035395,-0.001798547328614054,False,True,False,False,100000,False,True,False,4.056732670170728,0.009623293680537088,9.773519671769337,0.0028140974821817136,True,Cruise
1,143,1675401449.642532,49.86510895035395,-0.001798547328614054,False,True,False,False,100000,False,True,False,4.056734002372514,-0.016510683850016437,9.77352071107154,0.026133977585174197,True,Cruise
1,144,1675401449.7425356,49.99758764045442,-3.216479394108383e-05,False,True,False,False,100000,False,True,False,4.056708414605656,-0.04241656389255017,9.773527271561179,0.0026282409190093742,True,Cruise
1,145,1675401449.8424916,49.99758764045442,-3.216479394108383e-05,False,True,False,False,100000,False,True,False,4.135150481525499,0.10137253805254846,9.775677999635516,0.05930677866434818,True,Cruise
1,146,1675401449.9425697,49.926348806197105,-0.000982015917371976,False,True,False,False,100000,False,True,False,4.123006602573812,0.0558212476342013,9.77904180984003,0.04726213149934957,True,Cruise
1,147,1675401450.042597,49.926348806197105,-0.000982015917371976,False,True,False,False,100000,False,True,False,4.123006602573812,0.0558212476342013,9.77904180984003,0.04726213149934957,True,Cruise
1,148,1675401450.1425076,49.926348806197105,-0.000982015917371976,False,True,False,False,100000,False,True,False,4.080145538656067,-0.06297686177639165,9.77935395059122,0.04377234016563703,True,Cruise
1,149,1675401450.2425494,49.99841247951971,-2.116693973719009e-05,False,True,False,False,100000,False,True,False,4.075957792385264,-0.09983396561602854,9.777259719537339,0.015506251382658315,True,Cruise
1,150,1675401450.3425229,49.99841247951971,-2.116693973719009e-05,False,True,False,False,100000,False,True,False,4.074249120925469,-0.11515625456812688,9.776263840414822,0.01544939714408875,True,Cruise
1,151,1675401450.442452,49.89374374958905,-0.0014167500054793867,False,True,False,False,100000,False,True,False,4.081492650579842,-0.10912485036429949,9.772541569286867,0.006255514645889546,True,Cruise
1,152,1675401450.5425022,49.89374374958905,-0.0014167500054793867,False,True,False,False,100000,False,True,False,4.0844329389023795,-0.10371272546967125,9.771448375712867,0.014353708395633614,True,Cruise
1,153,1675401450.6425734,49.91111340520219,-0.0011851545973042008,False,True,False,False,100000,False,True,False,4.0800278671883605,-0.11838098159175758,9.769974365158191,0.007730096297985173,True,Cruise
1,154,1675401450.7425168,49.91111340520219,-0.0011851545973042008,False,True,False,False,100000,False,True,False,4.076716608861647,-0.09966604524554587,9.769368009023164,0.011294971979029556,True,Cruise
1,155,1675401450.8425007,49.57713789249452,-0.005638161433406368,False,True,False,False,100000,False,True,False,4.076716608861647,-0.09966604524554587,9.769368009023164,0.011294971979029556,True,Cruise
1,156,1675401450.942501,49.57713789249452,-0.005638161433406368,False,True,False,False,100000,False,True,False,4.0707643691310835,-0.07772693099070213,9.769075310785373,0.022734105752274227,True,Cruise
1,157,1675401451.0425243,49.52078478159239,-0.006389536245434796,False,True,False,False,100000,False,True,False,4.059936775834461,-0.14091435433852953,9.769672792068475,0.031052870552047144,True,Cruise
1,158,1675401451.1424966,49.52078478159239,-0.006389536245434796,False,True,False,False,100000,False,True,False,4.0630346897740806,-0.14869918534707452,9.769369908993749,0.008384056462467763,True,Cruise
1,159,1675401451.2425237,49.94716284558312,-0.0007044953922250365,False,True,False,False,100000,False,True,False,4.093507069479469,0.18352819571559645,9.807642352592039,0.10704404053618824,True,Cruise
1,160,1675401451.342541,49.94716284558312,-0.0007044953922250365,False,True,False,False,100000,False,True,False,4.122547612372433,-0.11300946694895754,9.791680424786215,0.2983835143726161,True,Cruise
1,161,1675401451.4425156,49.94716284558312,-0.0007044953922250365,False,True,False,False,100000,False,True,False,4.094244556137899,-0.1591783815761568,9.786418927082353,0.03383398564935675,True,Cruise
1,162,1675401451.5424943,49.631311177357375,-0.004915850968568329,False,True,False,False,100000,False,True,False,4.077320445408586,-0.20766040890395995,9.784029126881803,0.24245089316751992,True,Cruise
1,163,1675401451.6425219,49.631311177357375,-0.004915850968568329,False,True,False,False,100000,False,True,False,3.9241233517933005,-0.250864537492876,9.769599376754062,0.07611672178717735,True,Cruise
1,164,1675401451.7425272,49.533784439111216,-0.0062162074785171405,False,True,False,False,100000,False,True,False,3.9241233517933005,-0.250864537492876,9.769599376754062,0.07611672178717735,True,Cruise
1,165,1675401451.842514,49.533784439111216,-0.0062162074785171405,False,True,False,False,100000,False,True,False,4.031975614595524,-0.33773562550570424,9.754014195086391,0.0326981141872292,True,Cruise
1,166,1675401451.9425714,49.820471916773975,-0.0023937077763470553,False,True,False,False,100000,False,True,False,4.030619471046039,-0.36239098944147774,9.75382334485601,0.024693369959215495,True,Cruise
1,167,1675401452.0425246,49.820471916773975,-0.0023937077763470553,False,True,False,False,100000,False,True,False,4.025237419327094,-0.37658470381265113,9.754319394119056,0.02016327529220038,True,Cruise
1,168,1675401452.1425323,48.73944987695828,-0.01680733497388953,False,True,False,False,100000,False,True,False,4.010642606796456,-0.3188885745846977,9.757124147006564,0.0311185859680262,True,Cruise
1,169,1675401452.2425487,48.73944987695828,-0.01680733497388953,False,True,False,True,100000,False,True,False,4.007506376594242,-0.44607384438520276,9.760265233700487,0.05744018652668275,True,Cruise
1,170,1675401452.3425272,48.73944987695828,-0.01680733497388953,False,True,False,True,100000,False,True,False,4.008759133873341,-0.5850722118595665,9.762720244125891,0.11397693036796941,True,Cruise
1,171,1675401452.4425178,49.27026233241616,-0.00972983556778455,False,True,False,True,100000,False,True,False,4.011074791190817,-0.5851017045114345,9.763981835427574,0.002637186235549741,True,Cruise
1,172,1675401452.542523,49.27026233241616,-0.00972983556778455,False,True,False,True,100000,False,True,False,4.023988567320188,-0.5636665932079185,9.767659134159475,0.039571878762179845,True,Cruise
1,173,1675401452.6425204,48.90067648320695,-0.014657646890573993,False,True,False,True,100000,False,True,False,4.023988567320188,-0.5636665932079185,9.767659134159475,0.06712284743732581,True,Cruise
1,174,1675401452.742545,49.02741201923334,-0.012967839743555509,False,True,False,True,100000,False,True,False,4.038714891586163,-0.5731026543192962,9.771038689315477,0.017813625928955183,True,Cruise
1,175,1675401452.8426018,48.8037386263743,-0.01595015164834266,False,True,False,True,100000,False,True,False,4.009320127238789,-0.29896870554809735,9.72563270261106,0.09891660782017546,True,Cruise
1,176,1675401452.9425845,48.73316653992512,-0.016891112800998368,False,True,False,True,100000,False,True,False,4.013195523815456,-0.532156960600218,9.736555765354426,0.13456405233128077,True,Cruise
1,177,1675401453.0425327,49.99085898243168,0.00012188023424418559,False,True,False,True,100000,False,True,False,4.024433768241895,-0.6431179226134774,9.748313275953535,0.033951618750347363,True,Cruise
1,178,1675401453.1425233,49.916548781285805,0.0011126829161891964,False,True,False,True,100000,False,True,False,4.034096640378703,-0.5840351708579323,9.753765807531348,0.06011549512019935,True,Cruise
1,179,1675401453.2426066,49.67264395481498,0.004364747269133561,False,True,False,True,100000,False,True,False,4.034096640378703,-0.5840351708579323,9.753765807531348,0.06011549512019935,True,Cruise
1,180,1675401453.3425648,49.41792082930558,0.007761055609258982,False,True,False,True,100000,False,True,False,4.069623679308045,-0.3885261177008605,9.774034014357822,0.06011549512019935,True,Cruise
1,181,1675401453.4425497,49.116904564038215,0.011774605812823757,False,True,False,True,100000,False,True,False,4.07973309691296,-0.32738915141222,9.782715485052446,0.04891664777534837,True,Cruise
1,182,1675401453.542533,49.050113311605095,0.012665155845265418,False,True,False,True,100000,False,True,False,4.087764107485852,0.014642200727680008,9.792464208076469,0.14145368200339745,True,Cruise
1,183,1675401453.642544,49.050113311605095,0.012665155845265418,False,True,False,True,100000,False,True,False,4.087764107485852,0.014642200727680008,9.792464208076469,0.10798435230815162,True,Cruise
1,184,1675401453.7425642,48.950553831641756,0.013992615578109992,False,True,False,True,100000,False,True,False,4.087764107485852,0.014642200727680008,9.792464208076469,0.10798435230815162,True,Cruise
1,185,1675401453.8426106,48.96569918129192,0.013790677582774474,False,True,False,True,100000,False,True,False,2.9675194740471693,0.5391502814605631,9.901131514985824,0.7334992646596136,True,Cruise
1,186,1675401453.942623,48.96569918129192,0.013790677582774474,False,True,False,True,100000,False,True,False,1.4405202959406398,0.4833109940905306,10.013048500383045,0.520543445762127,True,Cruise
1,187,1675401454.0425496,49.019821530829574,0.013069046255605734,False,True,False,True,100000,False,True,False,1.4405202959406398,0.4833109940905306,10.013048500383045,0.2684814900922185,True,Cruise
1,188,1675401454.142519,49.0695972127635,0.012405370496486715,False,True,False,True,100000,False,True,False,0.6257482711067867,0.7250296225276935,10.010952342479493,0.1890998270681019,True,Cruise
1,189,1675401454.242523,49.0695972127635,0.012405370496486715,False,True,False,True,100000,False,True,False,0.6257482711067867,0.7250296225276935,10.010952342479493,0.24112557525985165,True,Cruise
1,190,1675401454.3425262,49.0695972127635,0.012405370496486715,False,True,False,True,100000,False,True,False,0.5572082503850391,0.9400668449779982,9.926083021964274,0.24112557525985165,True,Cruise
1,191,1675401454.442539,49.21450131995495,0.010473315733934006,False,True,False,True,100000,False,True,False,0.49647145126583964,1.0126065109701392,9.8703267388181,0.21032751134419372,True,Cruise
1,192,1675401454.561676,49.21450131995495,0.010473315733934006,False,True,False,True,100000,False,True,False,0.49647145126583964,1.0126065109701392,9.8703267388181,0.23633372452488083,True,Cruise
1,193,1675401454.6426501,49.368756955173794,0.008416573931016072,False,True,False,True,100000,False,True,False,0.4514576178172992,1.0048037951800852,9.77022481343917,0.3580248624874279,True,Cruise
1,194,1675401454.7426035,49.3949349740935,0.008067533678753284,False,False,False,True,100000,False,True,False,0.4514576178172992,1.0048037951800852,9.77022481343917,0.4871960632203779,True,Cruise
1,195,1675401454.8424919,49.451803359898484,0.007309288534686916,False,False,False,True,100000,False,True,False,0.5781406001779864,0.833040444701609,9.6918093820031,0.3317179545440916,True,Cruise
1,196,1675401454.9426496,49.451803359898484,0.007309288534686916,False,False,False,True,100000,False,True,False,0.3945540636744802,0.7537506422320734,9.684937219221526,0.15273438825193708,True,Cruise
1,197,1675401455.0425377,49.59524128921042,0.005396782810527757,False,False,False,True,100000,False,True,False,0.21040575522488367,0.6949141889820429,9.698952391131277,0.15273438825193708,True,Cruise
1,198,1675401455.1425512,49.59524128921042,0.005396782810527757,False,False,False,True,100000,False,True,False,0.9190040652171475,0.5993219384918606,9.620115911291437,0.880889717814318,True,Cruise
1,199,1675401455.2426248,49.80662710041711,0.0025783053277718855,False,False,False,True,100000,False,True,False,0.31166384768905603,0.43978384020267675,9.69979896624839,0.40440370668425374,True,Cruise
1,200,1675401455.3426085,49.771518376699056,0.003046421644012597,False,False,False,True,100000,False,True,False,1.1412376220236502,0.41291432913487514,9.625187042917132,0.33480129840068246,True,Cruise
1,201,1675401455.442571,49.771518376699056,0.003046421644012597,False,False,False,True,100000,False,True,False,0.9060351091041686,0.27316600748810255,9.688841871534828,0.5492717887146723,True,Cruise
1,202,1675401455.542572,49.9309055979266,0.0009212586943119537,False,False,False,True,100000,False,True,False,0.26282881678348224,0.20112828499569513,9.783683059676532,0.11965879341251781,True,Cruise
1,203,1675401455.6426392,49.93330375673607,0.0008892832435190123,False,False,False,True,100000,False,True,False,0.26282881678348224,0.20112828499569513,9.783683059676532,0.11965879341251781,True,Cruise
1,204,1675401455.7426152,49.93330375673607,0.0008892832435190123,False,False,False,True,100000,False,True,False,0.26282881678348224,0.20112828499569513,9.783683059676532,0.7713200239250695,True,Cruise
1,205,1675401455.8425794,49.96026971735337,-0.0005297371019551,False,False,False,True,100000,False,True,False,0.6023143425569477,0.04828093110039522,9.828570261740579,0.13867894775849957,True,Cruise
1,206,1675401455.942585,49.96026971735337,-0.0005297371019551,False,False,False,True,100000,False,True,False,0.38489014111373987,0.015984630613042516,9.86695199229832,0.08464557969360895,True,Cruise
1,207,1675401456.0424836,49.890853932643516,-0.0014552808980864956,False,False,False,True,100000,False,True,False,0.5048044289351515,-0.030612877252894428,9.865775361021681,0.1642235141384266,True,Cruise
1,208,1675401456.1426651,49.905943557001756,-0.0012540859066432586,False,False,False,True,100000,False,True,False,0.5048044289351515,-0.030612877252894428,9.865775361021681,0.1642235141384266,True,Cruise
1,209,1675401456.242577,49.905943557001756,-0.0012540859066432586,False,False,False,True,100000,False,True,False,-0.09037866775352826,-0.06579024068566497,9.922867858066029,0.598949011770423,True,Cruise
1,210,1675401456.3425083,49.85510112675399,-0.0019319849766134178,False,False,False,True,100000,False,True,False,0.17179354125657112,-0.08524454165214418,9.882246911873306,0.013015912034411492,True,Cruise
1,211,1675401456.4538405,49.736317005550056,-0.0035157732593325613,False,False,False,True,100000,False,True,False,-0.20256483243636197,-0.11196317315087924,9.905153663366072,0.38372324584578926,True,Cruise
1,212,1675401456.5426018,49.736317005550056,-0.0035157732593325613,False,False,False,True,100000,False,True,False,-1.0407289576987528,-0.14192088422912874,9.971609362726797,0.8413280723400591,True,Cruise
1,213,1675401456.64261,48.87643953862353,-0.01498080615168629,False,False,False,True,100000,False,True,False,-0.48624465244716286,-0.1538251707733652,9.865304996460752,0.16131804838034264,True,Cruise
1,214,1675401456.7426536,49.173669765639154,-0.01101773645814461,False,False,False,True,100000,False,True,False,-0.32766088073724636,-0.1619088476492412,9.836855844423019,0.8984972322225776,True,Cruise
1,215,1675401456.8426518,49.173669765639154,-0.01101773645814461,False,False,False,True,100000,False,True,False,-2.8472977777665407,-0.5215331505309796,9.972101801168275,0.10968951033168034,True,Cruise
1,216,1675401456.9425902,49.19809798506337,-0.01069202686582169,False,False,False,True,100000,False,True,False,-2.488147183094783,-0.5131859723784327,9.907369888082496,0.36503293770279477,True,Cruise
1,217,1675401457.0425184,49.12014478938087,-0.011731402808254987,False,False,False,True,100000,False,True,False,-2.488147183094783,-0.5131859723784327,9.907369888082496,0.36503293770279477,True,Cruise
1,218,1675401457.1425061,49.12014478938087,-0.011731402808254987,False,False,False,True,100000,False,True,False,-1.06533451812773,-0.5428088671583408,9.702296298017334,1.2258218451420058,True,Cruise
1,219,1675401457.2537396,49.04678601350931,-0.012709519819875788,False,False,False,True,100000,False,True,False,-1.06533451812773,-0.5428088671583408,9.702296298017334,0.21832381638435144,True,Cruise
1,220,1675401457.3425257,49.040139254023785,-0.01279814327968291,False,False,False,True,100000,False,True,False,-0.6649794049693635,-0.6839139922901049,9.649585843865678,0.09832716998890056,True,Cruise
1,221,1675401457.4426417,49.040139254023785,-0.01279814327968291,False,False,False,True,100000,False,True,False,-1.010254340118799,-0.7609742515993964,9.680643437791023,0.10056229084745362,True,Cruise
1,222,1675401457.5426135,49.040139254023785,-0.01279814327968291,False,False,False,True,100000,False,True,False,-1.010254340118799,-0.7609742515993964,9.680643437791023,0.48136093555810566,True,Cruise
1,223,1675401457.6425629,49.493136345219035,-0.006758182063746208,False,False,False,True,100000,False,True,False,-0.3975141930519828,-0.8388470552448891,9.65747734158892,0.13691515045949518,True,Cruise
1,224,1675401457.742556,49.493136345219035,-0.006758182063746208,False,False,False,True,100000,False,True,False,-0.20246680120097954,-0.7713709304576489,9.671237339015892,0.13691515045949518,True,Cruise
1,225,1675401457.8426206,49.51837966486614,-0.006421604468451418,False,False,False,True,100000,False,True,False,1.8282798447717898,-0.7729006805136494,9.530044350533894,0.9735772574278571,True,Cruise
1,226,1675401457.9425766,49.51837966486614,-0.006421604468451418,False,False,False,True,100000,False,True,False,2.5618886438654997,-0.7567769549500527,9.500311487590457,0.7343881043239866,True,Cruise
1,227,1675401458.0550582,49.724275977628785,-0.0036763202982829065,False,False,False,True,100000,False,True,False,1.805934029097407,-0.6778621624790854,9.65694499335122,0.5544846110250913,True,Cruise
1,228,1675401458.1438303,49.51922985594713,-0.006410268587371555,False,False,False,True,100000,False,True,False,1.8736035156191087,-0.5942770407605185,9.711430951075053,0.6154600813231843,True,Cruise
1,229,1675401458.2437472,49.51922985594713,-0.006410268587371555,False,False,False,True,100000,False,True,False,1.691102471944434,-0.43174691393161957,9.80652486228241,1.326568066051645,True,Cruise
1,230,1675401458.3447156,49.910100451361885,-0.0011986606485082229,False,False,False,True,100000,False,True,False,-0.2217489027733398,-0.4522540826404655,10.026150445889966,0.6018664035540741,True,Cruise
1,231,1675401458.4434478,49.910100451361885,-0.0011986606485082229,False,False,False,True,100000,False,True,False,0.8783829895678366,-0.4128947363826069,9.927058731089582,1.10528661741021,True,Cruise
1,232,1675401458.5425835,49.855949865913715,-0.0019206684544837368,False,False,False,True,100000,False,True,False,2.3223764023170737,-0.10750720528251259,9.859741938574647,1.4774674516784114,True,Cruise
1,233,1675401458.642617,49.86255687912444,0.0018325749450074501,False,False,False,True,100000,False,True,False,0.6581213503760379,-0.13119538804038539,10.037590744748334,0.723555923268492,True,Cruise
1,234,1675401458.757722,49.86255687912444,0.0018325749450074501,False,False,False,True,100000,False,True,False,0.5011194315993664,-0.044214031886594785,10.042785261277265,0.17956152655810892,True,Cruise
1,235,1675401458.8537526,49.58803381138498,0.005492882514866891,False,False,False,True,100000,False,True,False,-0.556351267676381,0.007963162451342418,10.12310057757022,1.0026623267052721,True,Cruise
1,236,1675401458.9498022,49.58803381138498,0.005492882514866891,False,False,False,True,100000,False,True,False,-0.556351267676381,0.007963162451342418,10.12310057757022,1.0026623267052721,True,Cruise
1,237,1675401459.0457656,49.492275712468356,0.006769657167088619,False,False,False,True,100000,False,True,False,-0.4145631666179779,0.1634217650359945,9.984675092116872,0.33164171431167,True,Cruise
1,238,1675401459.1425142,49.89370093895559,0.001417320813925414,False,False,False,True,100000,False,True,False,-0.8718646526406336,0.21306714890829068,9.99989978314277,0.46024026820258884,True,Cruise
1,239,1675401459.242516,49.89370093895559,0.001417320813925414,False,False,False,True,100000,False,True,False,0.40565396208759696,0.30686637306993253,9.806987173901916,1.1502468452784975,True,Cruise
1,240,1675401459.3425162,49.88730616490023,0.001502584467996939,False,False,False,True,100000,False,True,False,1.7959544622868697,0.18656132239914142,9.651265857761725,0.39131367308395076,True,Cruise
1,241,1675401459.4425356,49.88730616490023,0.001502584467996939,False,False,False,True,100000,False,True,False,1.7959544622868697,0.18656132239914142,9.651265857761725,0.39131367308395076,True,Cruise
1,242,1675401459.542633,49.82009333715236,0.0023987555046352765,False,False,False,True,100000,False,True,False,0.31907280152837186,0.35117417686711333,9.756679969079308,1.489761379082485,True,Cruise
1,243,1675401459.6425657,49.77260133994106,0.0030319821341191705,False,False,False,True,100000,False,True,False,-0.16974976149479765,0.3529112013622335,9.776274815402422,0.1674656579934498,True,Cruise
