repetition,iteration,time,speed,steering,obstacle_North,obstacle_NorthWest,obstacle_SouthWest,obstacle_West,obstacle_distance,follow_enable,steady_motion_enable,passing_start,accel_x,accel_y,accel_z,accel_diff,success,action
1,1,1675401988.9356456,0.0,0.0,False,True,False,True,100000,False,True,False,-0.020385367286161804,2.0492237524959115e-13,9.821625237345883,0.014364848855206327,True,Cruise
1,2,1675401988.9374762,0.0,0.0,False,True,False,True,100000,False,True,False,-0.020385367286161804,2.0492237524959115e-13,9.821625237345883,0.014364848855206327,True,Cruise
1,3,1675401989.037216,49.68540389925017,-0.0041946146766644425,False,True,False,True,100000,False,True,False,0.003495574103190513,-2.044728235480543e-14,9.836591925203463,0.013831880085203238,True,Cruise
1,4,1675401989.1368384,49.584454366532725,-0.0055406084462303095,False,True,False,True,100000,False,True,False,1.0237919753334257,-4.722915313044553e-13,9.756437528907574,1.0012946686821744,True,Cruise
1,5,1675401989.2369592,48.89882894202919,-0.014682280772944185,False,True,False,True,100000,False,True,False,1.9423981082555386,0.01679905393933238,9.687553572381331,0.921338393383289,True,Cruise
1,6,1675401989.3368227,48.89882894202919,-0.014682280772944185,False,True,False,True,100000,False,True,False,2.627346187263269,-0.006875189150137189,9.644735592683972,0.455171300644958,True,Cruise
1,7,1675401989.436827,48.89882894202919,-0.014682280772944185,False,True,False,True,100000,False,True,False,3.0815881217499212,0.015971058599710063,9.626757081944778,0.455171300644958,True,Cruise
1,8,1675401989.536812,48.76561912523992,-0.016458411663467676,False,True,False,True,100000,False,True,False,3.645296087623916,-0.022382585005347726,9.659155669603544,0.11687670440275164,True,Cruise
1,9,1675401989.63684,48.76561912523992,-0.016458411663467676,False,True,False,True,100000,False,True,False,3.645296087623916,-0.022382585005347726,9.659155669603544,0.11687670440275164,True,Cruise
1,10,1675401989.736811,49.63015090391126,-0.004931321281183212,False,True,False,True,100000,False,True,False,3.841499263421576,-0.01542186789883784,9.701540396542347,0.20084970214914702,True,Cruise
1,11,1675401989.836869,49.63015090391126,-0.004931321281183212,False,True,False,True,100000,False,True,False,3.9476618675285016,-0.015889694687684513,9.721979943060553,0.10811333143760818,True,Cruise
1,12,1675401989.9369433,49.60773295094735,-0.005230227320701971,False,True,False,True,100000,False,True,False,4.172696530091574,-0.04979797622829664,9.76005770455166,0.12144655077836657,True,Cruise
1,13,1675401990.0368903,49.29126685318318,-0.009449775290890899,False,True,False,True,100000,False,True,False,4.466825574596352,0.007014357040759895,9.812461499875294,0.08838245158798695,True,Cruise
1,14,1675401990.1368535,49.29126685318318,-0.009449775290890899,False,True,False,True,100000,False,True,False,4.466825574596352,0.007014357040759895,9.812461499875294,0.07439590779285604,True,Cruise
1,15,1675401990.2367926,49.62671270431503,-0.0049771639424662315,False,True,False,True,100000,False,True,False,4.539263714365381,0.011614398228157834,9.82878040376618,0.11055698290856637,True,Cruise
1,16,1675401990.3368444,49.62671270431503,-0.0049771639424662315,False,True,False,True,100000,False,True,False,4.669777104827171,-0.035601523164107675,9.871736210081426,0.030202068330866583,True,Cruise
1,17,1675401990.4369156,49.657276246052675,-0.0045696500526310295,False,True,False,True,100000,False,True,False,4.685504320629835,-0.006043562243537948,9.901013515996048,0.009894156748679437,True,Cruise
1,18,1675401990.536799,49.27564271280772,-0.009658097162563732,False,True,False,True,100000,False,True,False,4.685504320629835,-0.006043562243537948,9.901013515996048,0.009894156748679437,True,Cruise
1,19,1675401990.6368113,49.27564271280772,-0.009658097162563732,False,True,False,True,100000,False,True,False,4.645796476357378,-0.010802967176191086,9.91097313999892,0.024622458972069078,True,Cruise
1,20,1675401990.7367702,49.27564271280772,-0.009658097162563732,False,True,False,True,100000,False,True,False,4.614196011583331,0.004672448171522949,9.91291822410378,0.08683055262678567,True,Cruise
1,21,1675401990.8368506,49.34861992948906,-0.008685067606812466,False,True,False,True,100000,False,True,False,4.486014959020992,-0.025723157739883717,9.906990005318361,0.05041074570824375,True,Cruise
1,22,1675401990.9368641,49.45771884916303,-0.007230415344492935,False,True,False,False,100000,False,True,False,4.435981787325273,-0.023194673604315742,9.901374688684003,0.05041074570824375,True,Cruise
1,23,1675401991.0368133,49.51998205871497,-0.006400239217133711,False,True,False,False,100000,False,True,False,4.3313226259039315,-0.022267008530644294,9.885501483469827,0.05240669259063167,True,Cruise
1,24,1675401991.1369278,49.51998205871497,-0.006400239217133711,False,True,False,False,100000,False,True,False,4.176579219586968,-0.014543144385669072,9.852820677267378,0.05167716138155197,True,Cruise
1,25,1675401991.2368572,49.784822092571275,0.0028690387657163375,False,True,False,False,100000,False,True,False,4.176579219586968,-0.014543144385669072,9.852820677267378,0.09635454875282883,True,Cruise
1,26,1675401991.3368268,49.784822092571275,0.0028690387657163375,False,True,False,False,100000,False,True,False,4.083669682004606,-0.01109728604453884,9.827519630809064,0.09635454875282883,True,Cruise
1,27,1675401991.4368167,49.45409481099564,-0.007278735853391484,False,True,False,False,100000,False,True,False,4.004147618104003,-0.03810491634827082,9.801396654027519,0.06058542093631187,True,Cruise
1,28,1675401991.5367992,49.45409481099564,-0.007278735853391484,False,True,False,False,100000,False,True,False,3.9705306858457017,0.010624555691739559,9.788515130426923,0.06058542093631187,True,Cruise
1,29,1675401991.636836,49.481444095449504,-0.006914078727339899,False,True,False,False,100000,False,True,False,3.9154661113083042,0.004555271386961397,9.764174093349531,0.03245960178170626,True,Cruise
1,30,1675401991.7370389,49.481444095449504,-0.006914078727339899,False,True,False,False,100000,False,True,False,3.894352531645589,-0.017431557791688118,9.753019639336806,0.03245960178170626,True,Cruise
1,31,1675401991.8369834,49.481444095449504,-0.006914078727339899,False,True,False,False,100000,False,True,False,3.877637160012199,-0.02222594660046573,9.74271884019455,0.020211290801459406,True,Cruise
1,32,1675401991.9368892,49.693516546912285,0.00408644604116948,False,True,False,False,100000,False,True,False,3.877637160012199,-0.02222594660046573,9.74271884019455,0.028632214224427032,True,Cruise
1,33,1675401992.036862,49.73053196649118,-0.003592907113451005,False,True,False,False,100000,False,True,False,3.8541393283354792,-0.04391949074312314,9.707437584816605,0.005967752818572264,True,Cruise
1,34,1675401992.1368592,49.73053196649118,-0.003592907113451005,False,True,False,False,100000,False,True,False,3.85993520988094,0.016004548884587567,9.70397166626924,0.06030336109678647,True,Cruise
1,35,1675401992.2369742,49.79794333238189,0.0026940889015747357,False,True,False,False,100000,False,True,False,3.85993520988094,0.016004548884587567,9.70397166626924,0.042741344126888944,True,Cruise
1,36,1675401992.3368661,49.79794333238189,0.0026940889015747357,False,True,False,False,100000,False,True,False,3.890585551356307,-0.0020380986027991447,9.70096462067433,0.024212577386872637,True,Cruise
1,37,1675401992.436882,49.589169729245164,0.005477736943397797,False,True,False,False,100000,False,True,False,3.919408585788717,-0.024666689376046474,9.704499622228253,0.03681462576560046,True,Cruise
1,38,1675401992.5369267,49.589169729245164,0.005477736943397797,False,True,False,False,100000,False,True,False,3.9689400915525517,0.025069143761396788,9.716398634323731,0.018235650913117626,True,Cruise
1,39,1675401992.6369019,49.60045681742617,0.0053272424343177305,False,True,False,False,100000,False,True,False,3.9689400915525517,0.025069143761396788,9.716398634323731,0.02281325591794446,True,Cruise
1,40,1675401992.7371001,49.8745506679415,0.0016726577607800107,False,True,False,False,100000,False,True,False,4.002146174006709,0.044819252456896774,9.72752760358354,0.018198200820182493,True,Cruise
1,41,1675401992.8368585,49.8745506679415,0.0016726577607800107,False,True,False,False,100000,False,True,False,4.03318890614996,0.043517219459044174,9.740120561527078,0.01647524076996951,True,Cruise
1,42,1675401992.9368393,49.80396524409828,0.002613796745356282,False,True,False,False,100000,False,True,False,4.072778043193697,0.034010428178645934,9.75971976873798,0.025091126495793804,True,Cruise
1,43,1675401993.0368745,49.65369278324327,0.004617429556756317,False,True,False,False,100000,False,True,False,4.072778043193697,0.034010428178645934,9.75971976873798,0.016943239310066277,True,Cruise
1,44,1675401993.1369033,49.65369278324327,0.004617429556756317,False,True,False,False,100000,False,True,False,4.093162103246329,0.02691263161588105,9.772053109032747,0.010360238176616568,True,Cruise
1,45,1675401993.2369938,49.69862578763546,0.004018322831527207,False,True,False,False,100000,False,True,False,4.108126572238922,0.024308457905365313,9.783010111832974,0.010199086223469178,True,Cruise
1,46,1675401993.3368533,49.69862578763546,0.004018322831527207,False,True,False,False,100000,False,True,False,4.1176189668711105,0.03824246604923016,9.792091189123397,0.00667491895814564,True,Cruise
1,47,1675401993.4368541,49.69862578763546,0.004018322831527207,False,True,False,False,100000,False,True,False,4.1176189668711105,0.03824246604923016,9.792091189123397,0.00667491895814564,True,Cruise
1,48,1675401993.5369105,49.62715902810987,0.004971212958535009,False,True,False,False,100000,False,True,False,4.1176189668711105,0.03824246604923016,9.792091189123397,0.00667491895814564,True,Cruise
1,49,1675401993.6369941,49.62715902810987,0.004971212958535009,False,True,False,False,100000,False,True,False,4.121934344172176,0.028902564696937895,9.80346560284349,0.004371010109988705,True,Cruise
1,50,1675401993.7368846,49.7119002166535,0.0038413304446200044,False,True,False,False,100000,False,True,False,4.121934344172176,0.028902564696937895,9.80346560284349,0.0025295591615064196,True,Cruise
1,51,1675401993.8368058,49.52298375684656,0.00636021657537929,False,True,False,False,100000,False,True,False,4.1179985360052465,0.0302413362397606,9.805626740438786,0.0025295591615064196,True,Cruise
1,52,1675401993.936813,49.52298375684656,0.00636021657537929,False,True,False,False,100000,False,True,False,4.111153269071391,0.02453819890351846,9.80559215009294,0.008911931310499277,True,Cruise
1,53,1675401994.0368822,49.8719977014902,-0.0017066973134640187,False,True,False,False,100000,False,True,False,4.106903781078684,0.020567559898269343,9.804834966362417,0.013164578300581152,True,Cruise
1,54,1675401994.136804,49.8719977014902,-0.0017066973134640187,False,True,False,False,100000,False,True,False,4.091936162311415,0.028507015340824438,9.800146798208257,0.017364650825438373,True,Cruise
1,55,1675401994.2368147,49.45980586124758,0.007202588516698904,False,True,False,False,100000,False,True,False,4.091936162311415,0.028507015340824438,9.800146798208257,0.017364650825438373,True,Cruise
1,56,1675401994.3368392,49.57428635262054,0.005676181965059456,False,True,False,False,100000,False,True,False,4.081512281989893,0.00713051796943378,9.795468684740577,0.02668531051439343,True,Cruise
1,57,1675401994.4368298,49.57428635262054,0.005676181965059456,False,True,False,False,100000,False,True,False,4.071336563611786,-0.05095619475759994,9.790077992861045,0.03254250512972356,True,Cruise
1,58,1675401994.536832,49.57428635262054,0.005676181965059456,False,True,False,False,100000,False,True,False,4.061310864410662,0.04314870254671573,9.784452263682956,0.034498231338611206,True,Cruise
1,59,1675401994.6368825,49.57896076555023,0.00561385645933031,False,True,False,False,100000,False,True,False,4.052835593038948,0.031917808340585316,9.778867272583101,0.015137877495836583,True,Cruise
1,60,1675401994.7370255,49.398182887894784,0.008024228161402934,False,True,False,False,100000,False,True,False,4.046014846408971,0.027893996687211632,9.773679866058961,0.0058329734096663095,True,Cruise
1,61,1675401994.836886,49.398182887894784,0.008024228161402934,False,True,False,False,100000,False,True,False,4.040887134583803,0.032131589293300705,9.769162405669642,0.005148347708277038,True,Cruise
1,62,1675401994.9368823,49.45342380055317,0.007287682659291148,False,True,False,False,100000,False,True,False,4.038950562280394,0.027775633353376825,9.767217972670428,0.005148347708277038,True,Cruise
1,63,1675401995.0369449,49.45342380055317,0.007287682659291148,False,True,False,False,100000,False,True,False,4.036100006406549,0.059707773843290415,9.764056919217786,0.012809794815784745,True,Cruise
1,64,1675401995.1368864,49.88173973440374,0.0015768035412835636,False,True,False,False,100000,False,True,False,4.036100006406549,0.059707773843290415,9.764056919217786,0.012809794815784745,True,Cruise
1,65,1675401995.2368681,49.42945584109213,0.007607255452104974,False,True,False,False,100000,False,True,False,4.035050397570099,0.0579265927161247,9.76114125840517,0.003574263965008208,True,Cruise
1,66,1675401995.336928,49.42945584109213,0.007607255452104974,False,True,False,False,100000,False,True,False,4.036432987918067,0.03663309861453618,9.760376972074113,0.03920625178444415,True,Cruise
1,67,1675401995.4368558,49.66732495634946,0.004435667248673848,False,True,False,False,100000,False,True,False,4.038391036225613,0.038683355021552526,9.76055604525812,0.036887559171941774,True,Cruise
1,68,1675401995.5368426,49.66732495634946,0.004435667248673848,False,True,False,False,100000,False,True,False,4.039427023294263,0.06111657447372379,9.760957037143735,0.005749508141491369,True,Cruise
1,69,1675401995.6369712,49.61637899318942,-0.0051149467574743805,False,True,False,False,100000,False,True,False,4.040688941869078,0.06669759759120225,9.761519697202548,0.005749508141491369,True,Cruise
1,70,1675401995.7368834,49.61637899318942,-0.0051149467574743805,False,True,False,False,100000,False,True,False,4.045923578156199,0.06184861242961698,9.763938841259932,0.013656151138010506,True,Cruise
1,71,1675401995.8369546,49.688045575252175,0.004159392329970995,False,True,False,False,100000,False,True,False,4.048362778357786,-0.012614260397215204,9.7648867228823,0.0745088424740207,True,Cruise
1,72,1675401995.9368904,49.635285014862866,0.004862866468495104,False,True,False,False,100000,False,True,False,4.052182224960521,-0.06003607153341177,9.76707030423004,0.01030285190395922,True,Cruise
1,73,1675401996.0370038,49.635285014862866,0.004862866468495104,False,True,False,False,100000,False,True,False,4.054825018008088,-0.02191474713785494,9.76942807206244,0.02959929827854935,True,Cruise
1,74,1675401996.1368465,49.80725518028876,0.002569930929483196,False,True,False,False,100000,False,True,False,4.055983818330134,0.007639012396773293,9.770590370546277,0.02959929827854935,True,Cruise
1,75,1675401996.2368767,49.80725518028876,0.002569930929483196,False,True,False,False,100000,False,True,False,4.059402988516647,0.015495350952547378,9.773746401902672,0.0029008283406143026,True,Cruise
1,76,1675401996.3368402,49.80917338862649,0.0025443548183134972,False,True,False,False,100000,False,True,False,4.061486383527773,-0.009494717781637615,9.775461623642704,0.006774832557545427,True,Cruise
1,77,1675401996.436822,49.80917338862649,0.0025443548183134972,False,True,False,False,100000,False,True,False,4.062279697982112,-0.006889829438442832,9.776194574430829,0.0028199304888222405,True,Cruise
1,78,1675401996.536797,49.88181712038842,0.0015757717281543835,False,True,False,False,100000,False,True,False,4.063360066132295,0.004644680019692928,9.777383133616715,0.005026081541061454,True,Cruise
1,79,1675401996.6369674,49.7316539475241,0.0035779473663452807,False,True,False,False,100000,False,True,False,4.063671667839523,0.009640984532456834,9.777831844268679,0.005026081541061454,True,Cruise
1,80,1675401996.736831,49.7316539475241,0.0035779473663452807,False,True,False,False,100000,False,True,False,4.063924415510364,0.010336500101307435,9.778586189863953,0.0010567216136421241,True,Cruise
1,81,1675401996.8368342,49.88072980805807,0.0015902692258924081,False,True,False,False,100000,False,True,False,4.0634697311546395,0.02326692685101379,9.778643720145771,0.017661137607173926,True,Cruise
1,82,1675401996.936797,49.88072980805807,0.0015902692258924081,False,True,False,False,100000,False,True,False,4.06309769760172,0.03928654652086575,9.778552387438115,0.016024199355808493,True,Cruise
1,83,1675401997.036835,49.831704424434555,0.00224394100753923,False,True,False,False,100000,False,True,False,4.062758628228664,0.026895030953034908,9.778379293952755,0.007885861353587691,True,Cruise
1,84,1675401997.1369045,49.831704424434555,0.00224394100753923,False,True,False,False,100000,False,True,False,4.061893040781434,0.017081069416940788,9.777856756868905,0.002017190532383827,True,Cruise
1,85,1675401997.2368708,49.79020537612366,0.0027972616516845406,False,True,False,False,100000,False,True,False,4.060801976568603,0.021875766227125375,9.777156054083099,0.002017190532383827,True,Cruise
1,86,1675401997.3369224,49.90001644295079,0.001333114093989388,False,True,False,False,100000,False,True,False,4.060213230270111,0.025245040985460595,9.776758317948914,0.004966943024854468,True,Cruise
1,87,1675401997.4368703,49.90001644295079,0.001333114093989388,False,True,False,False,100000,False,True,False,4.0596235020415365,0.024360135145569197,9.776338946075796,0.00424740503547335,True,Cruise
1,88,1675401997.5368094,49.84651048219034,0.0020465269041287718,False,True,False,False,100000,False,True,False,4.057951345264501,0.02306612592146658,9.775028682590781,0.006913595212201976,True,Cruise
1,89,1675401997.6367946,49.84651048219034,0.0020465269041287718,False,True,False,False,100000,False,True,False,4.057002752228671,0.014249414300144482,9.774183779448686,0.0020316905826432982,True,Cruise
1,90,1675401997.7368083,49.93973056575486,0.0008035924566018745,False,True,False,False,100000,False,True,False,4.056117409862854,0.01812837896661119,9.773427185477018,0.004050016348901664,True,Cruise
1,91,1675401997.8367977,49.93973056575486,0.0008035924566018745,False,True,False,False,100000,False,True,False,4.055426916756847,0.014583618325126519,9.772781613519799,0.010211083484895576,True,Cruise
1,92,1675401997.936863,49.78377582847616,0.0028829889536511784,False,True,False,False,100000,False,True,False,4.055166029168125,0.007870429842479484,9.772508347828953,0.006723811127276507,True,Cruise
1,93,1675401998.036822,49.7004809440774,0.0039935874123013864,False,True,False,False,100000,False,True,False,4.054937422343401,-0.0005926800793113707,9.772272539091839,0.017070325172252862,True,Cruise
1,94,1675401998.1368656,49.7004809440774,0.0039935874123013864,False,True,False,False,100000,False,True,False,4.0544959188566825,0.02645991600400556,9.771924561555767,0.017070325172252862,True,Cruise
1,95,1675401998.236866,49.7004809440774,0.0039935874123013864,False,True,False,False,100000,False,True,False,4.0543642017367905,0.026044949672628923,9.771803267783085,0.00045194981484720874,True,Cruise
1,96,1675401998.3369052,49.95480749413882,0.0006025667448157272,False,True,False,False,100000,False,True,False,4.0541869492336025,0.04485823696088252,9.771651743310295,0.018814732437802698,True,Cruise
1,97,1675401998.4369524,49.86239001236525,0.0018347998351299077,False,True,False,False,100000,False,True,False,4.054229535535255,0.04725384635127876,9.77166247461286,0.002396011916768733,True,Cruise
1,98,1675401998.536909,49.86239001236525,0.0018347998351299077,False,True,False,False,100000,False,True,False,4.054842200117283,0.015237069985298416,9.771827734642054,0.02666849586548743,True,Cruise
1,99,1675401998.6368344,49.998550142490316,1.933143346240774e-05,False,True,False,False,100000,False,True,False,4.054997762027827,0.02362834338575531,9.771938323878803,0.008393443796708975,True,Cruise
1,100,1675401998.7368557,49.998550142490316,1.933143346240774e-05,False,True,False,False,100000,False,True,False,4.055143864641464,0.03112171396628104,9.772067089631038,0.007495900829770157,True,Cruise
1,101,1675401998.8369362,49.98092190574756,0.00025437459003251284,False,True,False,False,100000,False,True,False,4.055538819688762,0.022136498018332666,9.772354656766018,0.008998488205124874,True,Cruise
1,102,1675401998.9369211,49.93717885644845,0.0008376152473540011,False,True,False,False,100000,False,True,False,4.056153994265544,0.001880640980229983,9.772836793442531,0.0052219207238776546,True,Cruise
1,103,1675401999.0368028,49.93717885644845,0.0008376152473540011,False,True,False,False,100000,False,True,False,4.056326393954892,-0.00020984718231682948,9.77300120056473,0.0021040180874853424,True,Cruise
1,104,1675401999.1368256,49.92520367825231,-0.0009972842899691851,False,True,False,False,100000,False,True,False,4.056480506599735,0.003515081042354645,9.773163031097909,0.003731625665540896,True,Cruise
1,105,1675401999.2368731,49.92520367825231,-0.0009972842899691851,False,True,False,False,100000,False,True,False,4.056789739281787,0.00222547519028843,9.773463251826085,0.001828488687250071,True,Cruise
1,106,1675401999.3368506,49.90751899081555,-0.001233080122459367,False,True,False,False,100000,False,True,False,4.057080425818356,0.003771252719386344,9.773722568283421,0.0015941053469115181,True,Cruise
1,107,1675401999.4368255,49.90751899081555,-0.001233080122459367,False,True,False,False,100000,False,True,False,4.057374847481184,-0.023568513484359847,9.773928219174373,0.009627351513549022,True,Cruise
1,108,1675401999.536818,49.59532259350685,0.0053956987532419965,False,True,False,False,100000,False,True,False,4.05754506289003,-0.03028026970000952,9.774086986526896,0.0016304613545354274,True,Cruise
1,109,1675401999.636848,49.59532259350685,0.0053956987532419965,False,True,False,False,100000,False,True,False,4.05759284596133,-0.03084650214448446,9.774146783700306,0.0005713826257655621,True,Cruise
1,110,1675401999.7368097,49.95036354660194,0.0006618193786407547,False,True,False,False,100000,False,True,False,4.057636652384497,-0.05189413745487547,9.774225238674434,0.02023929009390147,True,Cruise
1,111,1675401999.8368073,49.95036354660194,0.0006618193786407547,False,True,False,False,100000,False,True,False,4.057636652384497,-0.05189413745487547,9.774225238674434,0.07900636687079737,True,Cruise
1,112,1675401999.9367995,49.93465955193058,0.000871205974258864,False,True,False,False,100000,False,True,False,4.057556110663378,0.027112183803974777,9.774252077033822,0.07900636687079737,True,Cruise
1,113,1675402000.0367994,49.43186251040756,0.007575166527899165,False,True,False,False,100000,False,True,False,4.057527988456369,0.0027397130695595018,9.7741700548121,0.003775594386259597,True,Cruise
1,114,1675402000.1368065,49.63987077105428,0.004801723052609678,False,True,False,False,100000,False,True,False,4.05723365657166,0.06337253069864265,9.774101265292565,0.07143640398920421,True,Cruise
1,115,1675402000.236781,49.63987077105428,0.004801723052609678,False,True,False,False,100000,False,True,False,4.0569568220320775,0.11536402318245567,9.774064873296444,0.05199224223318392,True,Cruise
1,116,1675402000.3368616,49.59346920148573,0.0054204106468568455,False,True,False,False,100000,False,True,False,4.056797491473539,0.09341954371798539,9.773941826496957,0.021945402837685764,True,Cruise
1,117,1675402000.4368186,49.59346920148573,0.0054204106468568455,False,True,False,False,100000,False,True,False,4.056738679205937,0.09372325295436852,9.77387629828537,0.0003162153215749506,True,Cruise
1,118,1675402000.5368216,49.94831223783546,-0.000689170162193874,False,True,False,False,100000,False,True,False,4.056675354349972,0.09829023558673465,9.773810916015123,0.004567889583054683,True,Cruise
1,119,1675402000.636787,49.94831223783546,-0.000689170162193874,False,True,False,False,100000,False,True,False,4.056470580021788,0.14104206786223483,9.773689681667111,0.02861058248582039,True,Cruise
1,120,1675402000.7368906,49.90435278190608,-0.0012752962412523492,False,True,False,False,100000,False,True,False,4.056829697948031,0.08736260713650186,9.77359151168942,0.05368075173500254,True,Cruise
1,121,1675402000.836878,49.90435278190608,-0.0012752962412523492,False,True,False,False,100000,False,True,False,4.057091650966181,0.04372112880739315,9.773464320840892,0.010105489857958632,True,Cruise
1,122,1675402000.936869,49.85920201860173,-0.0018773064186436168,False,True,False,False,100000,False,True,False,4.057091650966181,0.04372112880739315,9.773464320840892,0.010105489857958632,True,Cruise
1,123,1675402001.0369906,49.85920201860173,-0.0018773064186436168,False,True,False,False,100000,False,True,False,4.056974991938668,0.032190409015215644,9.77339057536302,0.01153154571815595,True,Cruise
1,124,1675402001.1369271,49.767340181875305,-0.0031021309083291895,False,True,False,False,100000,False,True,False,4.056655985329826,-0.02388869243156647,9.773310989658818,0.01318729418114158,True,Cruise
1,125,1675402001.2368152,49.767340181875305,-0.0031021309083291895,False,True,False,False,100000,False,True,False,4.056606060635974,-0.03566165082197271,9.773301458330115,0.01318729418114158,True,Cruise
1,126,1675402001.336852,49.767340181875305,-0.0031021309083291895,False,True,False,False,100000,False,True,False,4.056571831146346,-0.04289751138066867,9.773295690302394,0.007235943819087859,True,Cruise
1,127,1675402001.4369328,49.72435536556267,-0.003675261792497669,False,True,False,False,100000,False,True,False,4.05654398600172,-0.06510937835600768,9.773293379830449,0.022211884549054265,True,Cruise
1,128,1675402001.5368972,49.809862521362625,-0.0025351663818317083,False,True,False,False,100000,False,True,False,4.056474754530244,-0.09602246565983527,9.773310952308258,0.01107411439825045,True,Cruise
1,129,1675402001.6367795,49.74143660720167,-0.003447511903977683,False,True,False,False,100000,False,True,False,4.056453796843032,-0.11125164911062774,9.773351678937471,0.01107411439825045,True,Cruise
1,130,1675402001.7368455,49.74143660720167,-0.003447511903977683,False,True,False,False,100000,False,True,False,4.056453796843032,-0.11125164911062774,9.773351678937471,0.007168276690084274,True,Cruise
1,131,1675402001.8368216,49.89308393477462,-0.0014255475363383406,False,True,False,False,100000,False,True,False,4.056470345498439,-0.11273255656365727,9.773387442891067,0.008761877484612508,True,Cruise
1,132,1675402001.9368412,49.89308393477462,-0.0014255475363383406,False,True,False,False,100000,False,True,False,4.056458639871928,-0.11876079019187141,9.773408004106113,0.006028280058324097,True,Cruise
1,133,1675402002.0368414,49.70287597736963,0.003961653635071591,False,True,False,False,100000,False,True,False,4.056579729299433,-0.10034679671141014,9.773456732757925,0.018414456088340785,True,Cruise
1,134,1675402002.136825,49.87922499747174,-0.0016103333670434664,False,True,False,False,100000,False,True,False,4.056736204351039,-0.09160125854168504,9.773485999848507,0.00778113118161967,True,Cruise
1,135,1675402002.2368307,49.87922499747174,-0.0016103333670434664,False,True,False,False,100000,False,True,False,4.056916999669205,-0.030766834863724533,9.773513591119,0.07843510683561841,True,Cruise
1,136,1675402002.3367867,49.869379336026604,-0.0017416088529786078,False,True,False,False,100000,False,True,False,4.056792246079535,-0.051223999379695205,9.773562347266529,0.0011781905197614574,True,Cruise
1,137,1675402002.4368217,49.869379336026604,-0.0017416088529786078,False,True,False,False,100000,False,True,False,4.056792246079535,-0.051223999379695205,9.773562347266529,0.0011781905197614574,True,Cruise
1,138,1675402002.5368412,49.85867491922263,-0.0018843344103649216,False,True,False,False,100000,False,True,False,4.056754370074372,-0.03591235441179332,9.773594631169395,0.01531172584868298,True,Cruise
1,139,1675402002.6369212,49.924770922661246,-0.0010030543645167408,False,True,False,False,100000,False,True,False,4.056772160968977,-0.024578475395735114,9.773614075114704,0.004780706693962994,True,Cruise
1,140,1675402002.7368398,49.924770922661246,-0.0010030543645167408,False,True,False,False,100000,False,True,False,4.0567969717112105,-0.02411262122696963,9.773625528070218,0.0028055082255832842,True,Cruise
1,141,1675402002.836866,49.86247093536644,-0.0018337208617808438,False,True,False,False,100000,False,True,False,4.05684044138511,-0.015324047640676677,9.77362521331399,0.005200178121886068,True,Cruise
1,142,1675402002.936874,49.86247093536644,-0.0018337208617808438,False,True,False,False,100000,False,True,False,4.056887058796643,-0.009389987693549859,9.773625299065754,0.0007341469426763926,True,Cruise
1,143,1675402003.0369675,49.86247093536644,-0.0018337208617808438,False,True,False,False,100000,False,True,False,4.056887058796643,-0.009389987693549859,9.773625299065754,0.0007341469426763926,True,Cruise
1,144,1675402003.1369164,49.86247093536644,-0.0018337208617808438,False,True,False,False,100000,False,True,False,4.056831503196172,-0.02570323655880896,9.773626553221082,0.0007341469426763926,True,Cruise
1,145,1675402003.2369368,49.86247093536644,-0.0018337208617808438,False,True,False,False,100000,False,True,False,4.056802780068947,-0.030753161635028052,9.773619228626359,0.0021330037639657267,True,Cruise
1,146,1675402003.3371382,49.86247093536644,-0.0018337208617808438,False,True,False,False,100000,False,True,False,4.056788932310139,-0.03879250309674334,9.773599332382338,0.0031826936855568187,True,Cruise
1,147,1675402003.4368923,49.794677416081385,-0.002737634452248197,False,True,False,False,100000,False,True,False,4.056784292053233,-0.04216220099361415,9.773591788585463,0.0033697095360032164,True,Cruise
1,148,1675402003.5370772,49.794677416081385,-0.002737634452248197,False,True,False,False,100000,False,True,False,4.056784292053233,-0.04216220099361415,9.773591788585463,0.0033697095360032164,True,Cruise
1,149,1675402003.6370337,49.794677416081385,-0.002737634452248197,False,True,False,False,100000,False,True,False,4.056720796544704,-0.05912694159140263,9.77357309290242,0.01696486972418062,True,Cruise
1,150,1675402003.7370324,49.74480671918379,-0.00340257707754942,False,True,False,False,100000,False,True,False,4.056639720735114,-0.07585114954853212,9.773553706613736,0.002916621764850303,True,Cruise
1,151,1675402003.8368897,49.74480671918379,-0.00340257707754942,False,True,False,False,100000,False,True,False,4.056630571053351,-0.07670463751097595,9.773546107712244,0.0008535708301112345,True,Cruise
1,152,1675402003.9369123,49.74480671918379,-0.00340257707754942,False,True,False,False,100000,False,True,False,4.056551374523855,-0.09550810025780988,9.773537040097873,0.010664858122633833,True,Cruise
1,153,1675402004.0368772,49.975192783987374,-0.00033076288016831623,False,True,False,False,100000,False,True,False,4.056551374523855,-0.09550810025780988,9.773537040097873,0.008217499265301199,True,Cruise
1,154,1675402004.1368988,49.975192783987374,-0.00033076288016831623,False,True,False,False,100000,False,True,False,4.05651847125055,-0.11569133908818277,9.773517755260661,0.032790992901482734,True,Cruise
1,155,1675402004.236905,49.85547862934588,-0.0019269516087215817,False,True,False,False,100000,False,True,False,4.0568706944050135,-0.06222392303399709,9.773480415275944,0.02067759649374578,True,Cruise
1,156,1675402004.3369286,49.85547862934588,-0.0019269516087215817,False,True,False,False,100000,False,True,False,4.056929184600468,-0.05643836257958249,9.773476517120184,0.005785857418764193,True,Cruise
1,157,1675402004.4369192,49.85547862934588,-0.0019269516087215817,False,True,False,False,100000,False,True,False,4.056832017244278,-0.06628498365872029,9.773490761260474,0.0160765383471753,True,Cruise
1,158,1675402004.5368774,48.1983453674422,-0.024022061767437323,False,True,False,False,100000,False,True,False,4.056751049693842,-0.07357166431954859,9.773500149756496,0.007287136539201819,True,Cruise
1,159,1675402004.636878,48.1983453674422,-0.024022061767437323,False,True,False,False,100000,False,True,False,4.056652061520399,0.003351748416356822,9.77351601484949,0.07692347806293026,True,Cruise
1,160,1675402004.7369153,48.1983453674422,-0.024022061767437323,False,True,False,False,100000,False,True,False,4.052112449746352,-0.42963657439540254,9.773915761668807,0.1726880696742875,True,Cruise
1,161,1675402004.8368258,49.82624073105791,-0.002316790252561191,False,True,False,False,100000,False,True,False,4.403682395674786,-0.16330537151811275,9.75527571952455,0.06176945819626877,True,Cruise
1,162,1675402004.9368272,49.82624073105791,-0.002316790252561191,False,True,False,False,100000,False,True,False,4.206276250212062,-0.485272955906905,9.7757117967214,0.3782194401598099,True,Cruise
1,163,1675402005.0368962,49.82624073105791,-0.002316790252561191,False,True,False,False,100000,False,True,False,4.169667508894046,-0.3193744957547114,9.776398674311476,0.16989105574626975,True,Cruise
1,164,1675402005.1368914,49.48619411492128,-0.006850745134382853,False,True,False,False,100000,False,True,False,4.169667508894046,-0.3193744957547114,9.776398674311476,0.16989105574626975,True,Cruise
1,165,1675402005.2368479,49.48619411492128,-0.006850745134382853,False,True,False,False,100000,False,True,False,4.10794730909446,-0.35583034392383084,9.778772955271904,0.02934010558498184,True,Cruise
1,166,1675402005.3389397,49.60089594057642,-0.0053213874589810445,False,True,False,False,100000,False,True,False,4.099109869287929,-0.434608918623498,9.77912174381266,0.07927348754464666,True,Cruise
1,167,1675402005.436842,49.70067519005494,-0.0039909974659341554,False,True,False,False,100000,False,True,False,4.090826882153871,-0.4604532319234496,9.778193751026167,0.01815907205174517,True,Cruise
1,168,1675402005.536857,49.01936278986685,-0.013075162801775392,False,True,False,False,100000,False,True,False,4.078981320299791,-0.40736643556444485,9.777307185362886,0.036413598125286425,True,Cruise
1,169,1675402005.6368957,49.01936278986685,-0.013075162801775392,False,True,False,False,100000,False,True,False,4.078981320299791,-0.40736643556444485,9.777307185362886,0.14581475006476213,True,Cruise
1,170,1675402005.7368348,49.01936278986685,-0.013075162801775392,False,True,False,False,100000,False,True,False,4.0844451742859995,-0.4318987176406843,9.773239568055551,0.06379313365254323,True,Cruise
1,171,1675402005.8369555,48.92267020459837,-0.014364397272021795,False,True,False,False,100000,False,True,False,4.07944844617679,-0.42446772472641214,9.771916795280461,0.0060424451233489695,True,Cruise
1,172,1675402005.9368172,48.92267020459837,-0.014364397272021795,False,True,False,False,100000,False,True,False,4.076509695718647,-0.4122386372357999,9.771380566419715,0.012588660631670938,True,Cruise
1,173,1675402006.0368729,48.92267020459837,-0.014364397272021795,False,True,False,False,100000,False,True,False,4.07461453890016,-0.4284544939212583,9.770836080068804,0.01633530204178401,True,Cruise
1,174,1675402006.1367803,49.51906287279223,-0.0064124950294368824,False,True,False,False,100000,False,True,False,4.069375383848104,-0.48150675048676794,9.769634684414461,0.03421588648107715,True,Cruise
1,175,1675402006.2368343,49.51906287279223,-0.0064124950294368824,False,True,False,False,100000,False,True,False,4.066995073586794,-0.4994318666340357,9.769462004278598,0.01808329295959288,True,Cruise
1,176,1675402006.336803,49.51906287279223,-0.0064124950294368824,False,True,False,False,100000,False,True,False,4.097070852343581,-0.4623154668525544,9.766433714951193,0.07245857050179895,True,Cruise
1,177,1675402006.4368327,49.542489048756266,-0.006100146016583095,False,True,False,False,100000,False,True,False,4.097612863121276,-0.0717196550454178,9.806390080080005,0.07045344202041241,True,Cruise
1,178,1675402006.5368266,49.542489048756266,-0.006100146016583095,False,True,False,False,100000,False,True,False,4.083476957987319,-0.14976696942214351,9.803658662773135,0.07936414641309986,True,Cruise
1,179,1675402006.6369352,49.542489048756266,-0.006100146016583095,False,True,False,False,100000,False,True,False,4.0744310743719225,-0.22228343769117326,9.80018506029794,0.07316100118746444,True,Cruise
1,180,1675402006.7367964,49.542489048756266,-0.006100146016583095,False,True,False,False,100000,False,True,False,3.8706811485489063,-0.27868535791528526,9.780729470372936,0.04851902554642184,True,Cruise
1,181,1675402006.8368998,49.65134807548841,-0.004648692326821245,False,True,False,False,100000,False,True,False,3.9401925930583657,-0.30327997470118895,9.771158007999315,0.07435286803215294,True,Cruise
1,182,1675402006.9368474,49.65134807548841,-0.004648692326821245,False,True,False,False,100000,False,True,False,3.990323689279793,-0.3318722901019873,9.763966207578907,0.05815814045881886,True,Cruise
1,183,1675402007.0369537,49.65134807548841,-0.004648692326821245,False,True,False,False,100000,False,True,False,4.028600076000294,-0.3427862096293591,9.756864135576981,0.011010565049744932,True,Cruise
1,184,1675402007.1368213,49.658045649759266,-0.004559391336543096,False,True,False,False,100000,False,True,False,4.026903283014573,-0.3536172669275666,9.755843530814492,0.011010565049744932,True,Cruise
1,185,1675402007.2368584,49.658045649759266,-0.004559391336543096,False,True,False,False,100000,False,True,False,4.0033154543582565,-0.36490328614173906,9.756234551051302,0.011010565049744932,True,Cruise
1,186,1675402007.3368106,49.658045649759266,-0.004559391336543096,False,True,False,False,100000,False,True,False,3.9982838783442096,-0.3585264283178447,9.756585891461036,0.009174370836417312,True,Cruise
1,187,1675402007.436831,49.14815487037275,-0.011357935061696668,False,True,False,False,100000,False,True,False,3.9955631959231215,-0.33949723318554514,9.757234676883598,0.011311952301223664,True,Cruise
1,188,1675402007.5368128,49.14815487037275,-0.011357935061696668,False,True,False,False,100000,False,True,False,3.9996375391449583,-0.2973357504697985,9.758001427746471,0.03106216214065397,True,Cruise
1,189,1675402007.636967,49.68341959071048,-0.004221072123860305,False,True,False,False,100000,False,True,False,4.001743264970343,-0.3762942716373983,9.75867260241598,0.07898944626760585,True,Cruise
1,190,1675402007.7368422,49.68341959071048,-0.004221072123860305,False,True,False,False,100000,False,True,False,4.012879444619523,-0.45104755719553535,9.76121038495878,0.07898944626760585,True,Cruise
1,191,1675402007.8369532,49.68341959071048,-0.004221072123860305,False,True,False,False,100000,False,True,False,4.012879444619523,-0.45104755719553535,9.76121038495878,0.09520939783040093,True,Cruise
1,192,1675402007.936858,49.45250199191386,-0.0072999734411485035,False,True,False,False,100000,False,True,False,4.02552060619311,-0.30070780767237815,9.762898069800679,0.2856520804013163,True,Cruise
1,193,1675402008.0368335,49.45250199191386,-0.0072999734411485035,False,True,False,False,100000,False,True,False,4.008581074436047,-0.031437072712133106,9.726138075680494,0.0205519211241526,True,Cruise
1,194,1675402008.1368275,49.45250199191386,-0.0072999734411485035,False,True,False,True,100000,False,True,False,4.014586918297341,-0.09389147861201465,9.732450495533588,0.06305925484173702,True,Cruise
1,195,1675402008.2368064,49.63614523806209,-0.004851396825838783,False,True,False,True,100000,False,True,False,4.036941761347347,-0.17595429293179993,9.751565418859636,0.08717467978509967,True,Cruise
1,196,1675402008.3368227,49.63614523806209,-0.004851396825838783,False,True,False,True,100000,False,True,False,4.051980290340104,-0.22512293959992885,9.763682374711943,0.021504624819207892,True,Cruise
1,197,1675402008.4536982,49.63614523806209,-0.004851396825838783,False,True,False,True,100000,False,True,False,4.059344621670716,-0.2170622985813824,9.76929578800138,0.03150955598621221,True,Cruise
1,198,1675402008.5369782,49.83404637196733,0.0022127150404355252,False,True,False,True,100000,False,True,False,4.059344621670716,-0.2170622985813824,9.76929578800138,0.012276714476395093,True,Cruise
1,199,1675402008.6368608,49.83404637196733,0.0022127150404355252,False,True,False,True,100000,False,True,False,4.076420876601386,-0.2589167209824151,9.783967310171345,0.02118712961283502,True,Cruise
1,200,1675402008.7369318,49.82635181825887,-0.002315309089881789,False,True,False,True,100000,False,True,False,4.076420876601386,-0.2589167209824151,9.783967310171345,0.02118712961283502,True,Cruise
1,201,1675402008.8369434,49.82635181825887,-0.002315309089881789,False,True,False,True,100000,False,True,False,4.090850298113275,-0.1176231096064061,9.796610016574707,0.10993545975458166,True,Cruise
1,202,1675402008.93696,49.82635181825887,-0.002315309089881789,False,True,False,True,100000,False,True,False,4.091641329468774,-0.17054512785654619,9.798545347822687,0.052963301004685784,True,Cruise
1,203,1675402009.0368605,48.55910133760438,0.01921198216527492,False,True,False,True,100000,False,True,False,4.091892549489196,-0.18886644978122605,9.800772967408333,0.008735787221746956,True,Cruise
1,204,1675402009.1369271,48.32190465864203,0.022374604551439536,False,True,False,True,100000,False,True,False,3.972388726273384,-0.2023868409098466,9.812686331398805,0.12085484260482225,True,Cruise
1,205,1675402009.236835,48.02582537086449,0.0263223283884735,False,True,False,True,100000,False,True,False,2.995783378621143,0.2727788261016133,9.905543479714856,1.0900288373078895,True,Cruise
1,206,1675402009.3368921,47.60164258199218,0.03197809890677088,False,True,False,True,100000,False,True,False,2.995783378621143,0.2727788261016133,9.905543479714856,1.0900288373078895,True,Cruise
1,207,1675402009.441774,47.60164258199218,0.03197809890677088,False,True,False,True,100000,False,True,False,-1.0936851208229428,0.4139243512060968,10.21587962192809,1.2592551790777389,True,Cruise
1,208,1675402009.5368736,47.60164258199218,0.03197809890677088,False,True,False,True,100000,False,True,False,-1.9528230219980969,0.5423409795283651,10.24844201808075,0.5834618986144674,True,Cruise
1,209,1675402009.6368191,47.676972323943914,0.030973702347414447,False,True,False,True,100000,False,True,False,-2.4553384940185268,1.01478944063007,10.179430147354992,0.28303686079788776,True,Cruise
1,210,1675402009.7369723,47.549942396239445,0.03266743471680735,False,True,False,True,100000,False,True,False,-2.2368891324606697,1.2250854056197034,10.100562377493787,0.965566503665512,True,Cruise
1,211,1675402009.8368227,47.549942396239445,0.03266743471680735,False,True,False,True,100000,False,True,False,-1.6733335801827436,1.388156356743477,9.946390135409171,0.39621282502880845,True,Cruise
1,212,1675402009.936947,47.549942396239445,0.03266743471680735,False,True,False,True,100000,False,True,False,-1.6733335801827436,1.388156356743477,9.946390135409171,0.39621282502880845,True,Cruise
1,213,1675402010.037736,48.04297487395116,0.026093668347317838,False,True,False,True,100000,False,True,False,-1.1916738865579022,1.6557388007567875,9.797196029962137,0.39621282502880845,True,Cruise
1,214,1675402010.1370058,48.04297487395116,0.026093668347317838,False,True,False,True,100000,False,True,False,-0.0814647421101655,1.8214856191299837,9.649970592713819,0.960114102770877,True,Cruise
1,215,1675402010.236836,48.27779628502932,0.02296271619960911,False,True,False,True,100000,False,True,False,1.4103008352871462,1.8690856747175488,9.468088509456045,0.07485203478135463,True,Cruise
1,216,1675402010.3369522,48.27779628502932,0.02296271619960911,False,True,False,True,100000,False,True,False,1.4103008352871462,1.8690856747175488,9.468088509456045,0.34011457907838355,True,Cruise
1,217,1675402010.43683,48.481747810528184,0.020243362526290883,False,True,False,True,100000,False,True,False,1.6578718021176109,2.010624471996009,9.445950188858978,0.7113001032990612,True,Cruise
1,218,1675402010.5368605,48.481747810528184,0.020243362526290883,False,True,False,True,100000,False,True,False,0.9519297725836967,2.0521012362484856,9.522588077125409,0.7113001032990612,True,Cruise
1,219,1675402010.6368237,48.82190065162702,0.01570799131163974,False,True,False,True,100000,False,True,False,0.9519297725836967,2.0521012362484856,9.522588077125409,0.2319306720466489,True,Cruise
1,220,1675402010.7369,48.82190065162702,0.01570799131163974,False,True,False,True,100000,False,True,False,1.119150734978159,1.8921810197128686,9.538541469087038,0.6945210664848075,True,Cruise
1,221,1675402010.8367956,49.01366128776976,0.01315118282973661,False,True,False,True,100000,False,True,False,2.3460110232528466,1.5270782776230114,9.514784641179391,0.2227982125484674,True,Cruise
1,222,1675402010.9368944,49.21007432785628,0.01053234229524955,False,True,False,True,100000,False,True,False,2.762058784069525,1.5025079405059938,9.509122607824798,0.4168111075395237,True,Cruise
1,223,1675402011.0367992,49.21007432785628,0.01053234229524955,False,True,False,True,100000,False,True,False,2.9055121392652015,1.3003821072345725,9.577813209941834,0.28846489761974936,True,Cruise
1,224,1675402011.1369617,49.41838046019208,0.0077549271974389575,False,False,False,True,100000,False,True,False,2.9055121392652015,1.3003821072345725,9.577813209941834,0.3907464695792458,True,Cruise
1,225,1675402011.2368445,49.41838046019208,0.0077549271974389575,False,False,False,True,100000,False,True,False,2.9055121392652015,1.3003821072345725,9.577813209941834,0.3907464695792458,True,Cruise
1,226,1675402011.336775,49.65595784655419,0.004587228712610786,False,False,False,True,100000,False,True,False,2.28911099964626,0.8684166681164026,9.784220356529378,0.6632505709618299,True,Cruise
1,227,1675402011.4376307,49.65595784655419,0.004587228712610786,False,False,False,True,100000,False,True,False,2.475152679283928,0.6821071520324102,9.805527469811981,0.6632505709618299,True,Cruise
1,228,1675402011.5369825,49.84715411694973,0.002037945107336888,False,False,False,True,100000,False,True,False,2.1134866523106757,0.6045218011037915,9.87226333016939,0.40208236258062113,True,Cruise
1,229,1675402011.6537206,49.84715411694973,0.002037945107336888,False,False,False,True,100000,False,True,False,2.4119644431747904,0.4289454187114454,9.88112310048391,0.36741901271479865,True,Cruise
1,230,1675402011.7368062,49.84715411694973,0.002037945107336888,False,False,False,True,100000,False,True,False,2.764176048598515,0.3246182031707672,9.87340636498962,0.36741901271479865,True,Cruise
1,231,1675402011.8368273,49.84715411694973,0.002037945107336888,False,False,False,True,100000,False,True,False,2.3930493405040263,0.14994137458261234,9.964272685234459,0.42012345335806356,True,Cruise
1,232,1675402011.936856,49.167499969616394,-0.011100000405114822,False,False,False,True,100000,False,True,False,1.3068009629514838,0.04676676397915987,10.065565394357607,0.47140310915236083,True,Cruise
1,233,1675402012.0368311,49.167499969616394,-0.011100000405114822,False,False,False,True,100000,False,True,False,1.3068009629514838,0.04676676397915987,10.065565394357607,1.2559932907132392,True,Cruise
1,234,1675402012.1368504,49.70947775898,-0.003873629880266608,False,False,False,True,100000,False,True,False,0.5527611219510749,-0.03190000260040313,10.125323156622613,1.2439744317497436,True,Cruise
1,235,1675402012.2368832,49.70947775898,-0.003873629880266608,False,False,False,True,100000,False,True,False,-0.5717991615566268,-0.5254526310042948,10.161457516179615,0.3252906288057871,True,Cruise
1,236,1675402012.3368669,49.677026308350705,-0.004306315888657239,False,False,False,True,100000,False,True,False,-0.5717991615566268,-0.5254526310042948,10.161457516179615,0.3252906288057871,True,Cruise
1,237,1675402012.453839,49.677026308350705,-0.004306315888657239,False,False,False,True,100000,False,True,False,0.08805382975423467,-0.26082098224339945,10.000847107172097,0.05700795201623768,True,Cruise
1,238,1675402012.5368547,49.55709091242861,-0.005905454500951782,False,False,False,True,100000,False,True,False,-0.28835613647431857,-0.4048242446736426,9.92959677443293,0.3222665364179703,True,Cruise
1,239,1675402012.6368167,49.55709091242861,-0.005905454500951782,False,False,False,True,100000,False,True,False,-0.3745416780653238,-0.42837325653185826,9.898401814313116,0.09463418555527417,True,Cruise
1,240,1675402012.7368805,48.57784897451406,-0.018962013673145862,False,False,False,True,100000,False,True,False,-1.2101047106759955,-0.4397227476751659,9.89416378789587,0.0631065308207149,True,Cruise
1,241,1675402012.8368335,48.48761187686124,-0.020165174975183525,False,False,False,True,100000,False,True,False,-1.2101047106759955,-0.4397227476751659,9.89416378789587,0.0631065308207149,True,Cruise
1,242,1675402012.9377306,48.48761187686124,-0.020165174975183525,False,False,False,True,100000,False,True,False,-3.227901566463533,-0.703866964764198,9.922476353341452,0.6084902678045346,True,Cruise
1,243,1675402013.036852,48.9675901288223,-0.013765464949035956,False,False,False,True,100000,False,True,False,-3.6345478910778977,-0.7348845804313032,9.913047971014944,0.4079365394241342,True,Cruise
1,244,1675402013.1368473,48.9675901288223,-0.013765464949035956,False,False,False,True,100000,False,True,False,-3.6345478910778977,-0.7348845804313032,9.913047971014944,1.128812408012448,True,Cruise
1,245,1675402013.2538905,48.9675901288223,-0.013765464949035956,False,False,False,True,100000,False,True,False,-0.9126646383237695,-0.7753151748119882,9.529008747359919,0.5110316515163181,True,Cruise
1,246,1675402013.3367863,48.9675901288223,-0.013765464949035956,False,False,False,True,100000,False,True,False,-0.7063186983378921,-0.7786445445367607,9.497686978009208,0.20873616094648942,True,Cruise
1,247,1675402013.4369264,48.827388323287046,-0.0156348223561727,False,False,False,True,100000,False,True,False,-0.7378044155453996,-0.8337421194530276,9.50256814584286,0.20873616094648942,True,Cruise
1,248,1675402013.53681,48.827388323287046,-0.0156348223561727,False,False,False,True,100000,False,True,False,-0.7378044155453996,-0.8337421194530276,9.50256814584286,0.06364682984363834,True,Cruise
1,249,1675402013.6367972,48.77748418407854,-0.016300210878952785,False,False,False,True,100000,False,True,False,-0.7587658678843118,-0.9326287538808335,9.522402981707428,0.050209489696960666,True,Cruise
1,250,1675402013.7368138,48.77748418407854,-0.016300210878952785,False,False,False,True,100000,False,True,False,-1.476944773296443,-0.9759223132747379,9.649674839842982,0.15752221747431566,True,Cruise
1,251,1675402013.8368115,49.07431686244226,-0.012342441834103261,False,False,False,True,100000,False,True,False,-1.320050074750989,-0.9894533955297169,9.645904908893256,0.15752221747431566,True,Cruise
1,252,1675402013.936841,49.07431686244226,-0.012342441834103261,False,False,False,True,100000,False,True,False,-1.320050074750989,-0.9894533955297169,9.645904908893256,0.15752221747431566,True,Cruise
1,253,1675402014.0540316,49.1828335432845,-0.01089555275620666,False,False,False,True,100000,False,True,False,0.6641259056937802,-1.0013806931937805,9.559458471262571,1.2734258872498445,True,Cruise
1,254,1675402014.136825,49.1828335432845,-0.01089555275620666,False,False,False,True,100000,False,True,False,2.0286851745522774,-0.876174829681926,9.578770987762695,0.2592586962551895,True,Cruise
1,255,1675402014.2368987,49.74665423915265,-0.0033779434779646522,False,False,False,True,100000,False,True,False,2.057901171896753,-0.9294606183518995,9.660307257639392,0.5252139556920556,True,Cruise
1,256,1675402014.3369231,49.74665423915265,-0.0033779434779646522,False,False,False,True,100000,False,True,False,2.057901171896753,-0.9294606183518995,9.660307257639392,0.5465511808013246,True,Cruise
1,257,1675402014.436812,49.74665423915265,-0.0033779434779646522,False,False,False,True,100000,False,True,False,2.057901171896753,-0.9294606183518995,9.660307257639392,1.2384483580639958,True,Cruise
1,258,1675402014.5369296,49.89465239532725,-0.001404634728969984,False,False,False,True,100000,False,True,False,2.8923802800825578,-0.5222067921215789,9.785725069840039,0.36398498786941125,True,Cruise
1,259,1675402014.6369467,49.94845745080907,-0.0006872339892123833,False,False,False,True,100000,False,True,False,3.158272342085066,-0.5514921324474342,9.799348970919235,0.4951046223500617,True,Cruise
1,260,1675402014.7368283,49.506458375910746,-0.00658055498785674,False,False,False,True,100000,False,True,False,2.4776572718903505,-0.4499165391752102,9.938888781644327,0.20838225465767923,True,Cruise
1,261,1675402014.836971,49.506458375910746,-0.00658055498785674,False,False,False,True,100000,False,True,False,2.4776572718903505,-0.4499165391752102,9.938888781644327,0.4745333518402397,True,Cruise
