repetition,iteration,time,speed,steering,obstacle_North,obstacle_NorthWest,obstacle_SouthWest,obstacle_West,obstacle_distance,follow_enable,steady_motion_enable,passing_start,accel_x,accel_y,accel_z,accel_diff,success,action
1,1,1675462309.0237718,0.0,0.0,False,True,False,True,100000,False,True,False,0.03644483735549578,-2.1466640211199897e-13,9.80834318466725,0.0019192653502728768,True,Cruise
1,2,1675462309.0239902,0.0,0.0,False,True,False,True,100000,False,True,False,0.03644483735549578,-2.1466640211199897e-13,9.80834318466725,0.0019192653502728768,True,Cruise
1,3,1675462309.1241465,0.0,0.0,False,True,False,True,100000,False,True,False,0.039795502392628204,2.2539402885747653e-13,9.810090051270658,0.0018596230243188992,True,Cruise
1,4,1675462309.2241874,49.47082408881939,0.007055678815741396,False,True,False,True,100000,False,True,False,0.04291438982579614,-5.362329744898753e-14,9.811564742786953,0.0016734079892114235,True,Cruise
1,5,1675462309.3241472,49.75852175194018,-0.003219709974130921,False,True,False,True,100000,False,True,False,0.04291438982579614,-5.362329744898753e-14,9.811564742786953,1.904652718324859,True,Cruise
1,6,1675462309.4242516,49.75852175194018,-0.003219709974130921,False,True,False,True,100000,False,True,False,3.063766277175565,-0.0008634288307672645,9.582946658272808,0.44953001574588064,True,Cruise
1,7,1675462309.524176,49.79397510513653,-0.0027469985981796504,False,True,False,True,100000,False,True,False,3.336001082569794,-0.013739486259823349,9.583738681366826,0.2725402895418063,True,Cruise
1,8,1675462309.624213,49.79397510513653,-0.0027469985981796504,False,True,False,True,100000,False,True,False,3.610222065469325,-0.008726472901783423,9.617136160987638,0.11238738507510189,True,Cruise
1,9,1675462309.7241378,49.44622708099346,-0.00738363892008718,False,True,False,True,100000,False,True,False,3.7995686098811956,-0.002421968548213749,9.66338919013854,0.09861588925586112,True,Cruise
1,10,1675462309.8241084,49.44622708099346,-0.00738363892008718,False,True,False,False,100000,False,True,False,4.014496650961787,0.011876222483368162,9.708645958085755,0.22010605660577376,True,Cruise
1,11,1675462309.924144,49.87081810360742,-0.0017224252852343683,False,True,False,False,100000,False,True,False,4.127019868882957,-0.009187654422896261,9.730339854342233,0.11651517762267832,True,Cruise
1,12,1675462310.024215,49.599637206011394,0.005338170586514783,False,True,False,False,100000,False,True,False,4.423984009204021,-0.016848082647772853,9.792761679664594,0.11280591229734915,True,Cruise
1,13,1675462310.1241298,49.78405390456408,0.0028792812724788433,False,True,False,False,100000,False,True,False,4.4987144603605564,0.015599660503169127,9.812472729236493,0.06364944029320434,True,Cruise
1,14,1675462310.2241495,49.78405390456408,0.0028792812724788433,False,True,False,False,100000,False,True,False,4.559238890915581,0.021428863694529995,9.831289342794252,0.06364944029320434,True,Cruise
1,15,1675462310.324115,49.78405390456408,0.0028792812724788433,False,True,False,False,100000,False,True,False,4.605697195273337,0.024836117856834983,9.848928926922763,0.04981102641937123,True,Cruise
1,16,1675462310.4241674,49.71660317714075,-0.0037786243047900404,False,True,False,False,100000,False,True,False,4.667811066608267,0.0014865835361097593,9.892138866317643,0.022719199237215257,True,Cruise
1,17,1675462310.524127,49.71647528651314,0.003780329513158225,False,True,False,False,100000,False,True,False,4.634162379727338,-0.016006200930176594,9.916880458532216,0.033169661798040706,True,Cruise
1,18,1675462310.6241355,49.96093771180154,0.0005208305093128036,False,True,False,False,100000,False,True,False,4.606466761101917,-0.035734345326017485,9.920595350981936,0.05263145045670576,True,Cruise
1,19,1675462310.7242274,49.96093771180154,0.0005208305093128036,False,True,False,False,100000,False,True,False,4.5723217045269,0.004291849555209121,9.92204048488425,0.05263145045670576,True,Cruise
1,20,1675462310.8241327,49.96093771180154,0.0005208305093128036,False,True,False,False,100000,False,True,False,4.4419584328735455,0.0032612629104584122,9.91351556802239,0.09414721803446592,True,Cruise
1,21,1675462310.9241357,49.8826097858911,-0.0015652028547853828,False,True,False,False,100000,False,True,False,4.392720199867891,0.00037410098336121764,9.906801282544224,0.049777715124287615,True,Cruise
1,22,1675462311.0241373,49.75163910388664,0.003311478614844878,False,True,False,False,100000,False,True,False,4.2914868688406145,-0.003905154488240038,9.888589667562393,0.05265256793374196,True,Cruise
1,23,1675462311.1242256,49.75163910388664,0.003311478614844878,False,True,False,False,100000,False,True,False,4.2412457768830425,-0.02045092696827859,9.877505105813654,0.054044402274537204,True,Cruise
1,24,1675462311.2241814,49.16970609635246,0.011070585381967129,False,True,False,False,100000,False,True,False,4.145310630365268,0.013772563236394832,9.852503557097558,0.04956362185290176,True,Cruise
1,25,1675462311.3241475,49.16970609635246,0.011070585381967129,False,True,False,False,100000,False,True,False,4.021472783560359,0.029941053686548664,9.811431830705766,0.08545093507966162,True,Cruise
1,26,1675462311.4241266,49.770371803886846,0.003061709281508693,False,True,False,False,100000,False,True,False,3.9871987468188346,0.043341835672717204,9.797706528085616,0.03927689504549574,True,Cruise
1,27,1675462311.5242274,49.770371803886846,0.003061709281508693,False,True,False,False,100000,False,True,False,3.956909302772686,0.04447830099887755,9.784314523775407,0.033137407163309804,True,Cruise
1,28,1675462311.6241271,49.61427267269193,0.005143031030774219,False,True,False,False,100000,False,True,False,3.9088288780728404,0.06433382580410192,9.759274545965258,0.03322462713359936,True,Cruise
1,29,1675462311.7241309,49.896534503244666,0.0013795399567377669,False,True,False,False,100000,False,True,False,3.8777796966100033,0.0012432124615167747,9.737591183023069,0.04760388735710019,True,Cruise
1,30,1675462311.8241203,49.916427636322304,0.0011142981823693057,False,True,False,False,100000,False,True,False,3.868135738307159,0.012764209680362017,9.7283561816122,0.017635888401846277,True,Cruise
1,31,1675462311.9241917,49.916427636322304,0.0011142981823693057,False,True,False,False,100000,False,True,False,3.86096768749721,0.0069704745572509875,9.707979684432948,0.022364032650371696,True,Cruise
1,32,1675462312.024144,49.56619535227112,0.0057840619697184055,False,True,False,False,100000,False,True,False,3.8649120382553144,0.005505252965460625,9.703768982346737,0.005952712766027136,True,Cruise
1,33,1675462312.1241426,49.56619535227112,0.0057840619697184055,False,True,False,False,100000,False,True,False,3.8912823066528386,0.012996079379508408,9.698825971667743,0.02707553353593484,True,Cruise
1,34,1675462312.2241518,49.03204115074793,0.012906117990027579,False,True,False,False,100000,False,True,False,3.917680790203832,0.0006558845895557927,9.70144169530843,0.025183101475952662,True,Cruise
1,35,1675462312.3241408,49.03204115074793,0.012906117990027579,False,True,False,False,100000,False,True,False,3.917680790203832,0.0006558845895557927,9.70144169530843,0.025183101475952662,True,Cruise
1,36,1675462312.4241207,49.02670483224863,0.012977268903351586,False,True,False,False,100000,False,True,False,3.9477772926104833,0.053130621705310535,9.708065488070769,0.06085451604474023,True,Cruise
1,37,1675462312.524146,49.02670483224863,0.012977268903351586,False,True,False,False,100000,False,True,False,3.9636190518990264,0.05482800336019381,9.712599107514599,0.06085451604474023,True,Cruise
1,38,1675462312.624223,49.77441916189746,0.0030077445080338885,False,True,False,False,100000,False,True,False,4.010974490002516,0.05524530450906141,9.729696367632428,0.01676362209893776,True,Cruise
1,39,1675462312.724224,49.6190834470616,0.005078887372512069,False,True,False,False,100000,False,True,False,4.053946386419887,0.032978146873720054,9.749446378298742,0.05885465347736564,True,Cruise
1,40,1675462312.8241456,49.6190834470616,0.005078887372512069,False,True,False,False,100000,False,True,False,4.053946386419887,0.032978146873720054,9.749446378298742,0.05885465347736564,True,Cruise
1,41,1675462312.9241145,49.76050649218534,0.0031932467708620923,False,True,False,False,100000,False,True,False,4.077630857440519,0.013559256204695228,9.762609064915386,0.014185129733566074,True,Cruise
1,42,1675462313.024114,49.76050649218534,0.0031932467708620923,False,True,False,False,100000,False,True,False,4.103018100982519,0.017242625580279832,9.780457375694048,0.015629492877810593,True,Cruise
1,43,1675462313.1242118,49.7205225671046,0.003726365771938639,False,True,False,False,100000,False,True,False,4.10891423866784,0.009087212756405122,9.785571512261727,0.011288471586753886,True,Cruise
1,44,1675462313.224124,49.81796463547527,-0.002427138193663073,False,True,False,False,100000,False,True,False,4.113511925887687,0.0045164304412917515,9.790174898122755,0.007951222555633535,True,Cruise
1,45,1675462313.324159,49.81796463547527,-0.002427138193663073,False,True,False,False,100000,False,True,False,4.118979073723235,0.000763688737121523,9.79769877096534,0.004151789957640876,True,Cruise
1,46,1675462313.424135,48.3440558372166,0.022079255503778584,False,True,False,False,100000,False,True,False,4.118979073723235,0.000763688737121523,9.79769877096534,0.004151789957640876,True,Cruise
1,47,1675462313.5240974,48.3440558372166,0.022079255503778584,False,True,False,False,100000,False,True,False,4.1165039572120214,0.03883076331323308,9.805640898920826,0.07193855438956488,True,Cruise
1,48,1675462313.6241164,47.6783978346946,0.030954695537405378,False,True,False,False,100000,False,True,False,4.112862775215539,0.11067465875777723,9.806234269532066,0.07193855438956488,True,Cruise
1,49,1675462313.7241678,48.16136166517414,0.024515177797678155,False,True,False,False,100000,False,True,False,4.104287651494834,0.09974542136758317,9.805747491859817,0.027627783106667973,True,Cruise
1,50,1675462313.8241107,48.16136166517414,0.024515177797678155,False,True,False,False,100000,False,True,False,4.092806578311852,0.20490262083250865,9.803484544240593,0.049563680882845296,True,Cruise
1,51,1675462313.924136,46.81524377034772,0.04246341639536375,False,True,False,False,100000,False,True,False,4.083240920020806,0.16740952097277223,9.799432900592848,0.007863275430702388,True,Cruise
1,52,1675462314.0241444,46.81524377034772,0.04246341639536375,False,True,False,False,100000,False,True,False,4.078327271098597,0.17304526852982133,9.79699866472885,0.04073907450728786,True,Cruise
1,53,1675462314.1241307,47.83728170410745,0.028836243945234052,False,True,False,False,100000,False,True,False,4.064473618069059,0.26317736383961143,9.791987375092042,0.1307489470877845,True,Cruise
1,54,1675462314.224129,47.25194750269401,0.03664069996407992,False,True,False,False,100000,False,True,False,4.053296357449794,0.29413867575005886,9.786235331086914,0.0736539788647372,True,Cruise
1,55,1675462314.3244581,47.25194750269401,0.03664069996407992,False,True,False,False,100000,False,True,False,4.047492298792035,0.24015819065098615,9.780162395822439,0.011773529387978045,True,Cruise
1,56,1675462314.4242413,47.25194750269401,0.03664069996407992,False,True,False,False,100000,False,True,False,4.047492298792035,0.24015819065098615,9.780162395822439,0.038888012544425865,True,Cruise
1,57,1675462314.524123,47.67749525223536,0.03096672997019524,False,True,False,False,100000,False,True,False,4.031233672947794,0.32594600912250865,9.770257515411426,0.02089032658690539,True,Cruise
1,58,1675462314.624112,47.019945103855,0.03973406528193337,False,True,False,False,100000,False,True,False,4.0304778244169475,0.28159924407147857,9.767993028141417,0.044410975896605566,True,Cruise
1,59,1675462314.7241132,47.10853692739464,0.03855284096807147,False,True,False,False,100000,False,True,False,4.029733605225264,0.24521890990566722,9.764300753968433,0.010406660422943798,True,Cruise
1,60,1675462314.8241904,47.10853692739464,0.03855284096807147,False,True,False,False,100000,False,True,False,4.026009963826527,0.2778946716676602,9.762096705697997,0.06207597985759661,True,Cruise
1,61,1675462314.9241335,47.998272853295035,0.026689695289399545,False,True,False,False,100000,False,True,False,4.026009963826527,0.2778946716676602,9.762096705697997,0.06207597985759661,True,Cruise
1,62,1675462315.0241232,47.998272853295035,0.026689695289399545,False,True,False,False,100000,False,True,False,4.023961828666389,0.3225602640160276,9.76045118077746,0.09057274746133841,True,Cruise
1,63,1675462315.1241136,49.37308261962742,0.0083588984049678,False,True,False,False,100000,False,True,False,4.038083356228607,0.22659194983666578,9.759715119993052,0.04650782112685646,True,Cruise
1,64,1675462315.2241378,48.36153668960722,0.021846177471903688,False,True,False,False,100000,False,True,False,4.038083356228607,0.22659194983666578,9.759715119993052,0.04088571031995807,True,Cruise
1,65,1675462315.324158,48.36153668960722,0.021846177471903688,False,True,False,False,100000,False,True,False,4.047066108389801,0.09284133440078282,9.759508885509662,0.06969370217946795,True,Cruise
1,66,1675462315.4242299,48.36153668960722,0.021846177471903688,False,True,False,False,100000,False,True,False,4.051516442246114,0.09804176420398332,9.763829677090992,0.1353073393027193,True,Cruise
1,67,1675462315.524226,48.63951507489429,0.018139799001409454,False,True,False,False,100000,False,True,False,4.051522521997873,0.09793813024903068,9.76660809374492,0.002416789234364684,True,Cruise
1,68,1675462315.6241212,48.70570341540138,0.01725728779464829,False,True,False,False,100000,False,True,False,4.054087920345531,0.05836069279382084,9.767771498639473,0.03967755455105427,True,Cruise
1,69,1675462315.7241795,48.70570341540138,0.01725728779464829,False,True,False,False,100000,False,True,False,4.056721649922802,0.03792866972619747,9.768947521246185,0.03967755455105427,True,Cruise
1,70,1675462315.8241303,49.265251378359395,0.009796648288541382,False,True,False,False,100000,False,True,False,4.060922995417036,0.041713118572175474,9.771314178308744,0.0022565027243524882,True,Cruise
1,71,1675462315.9241633,49.265251378359395,0.009796648288541382,False,True,False,False,100000,False,True,False,4.062653545626131,0.04261989957376216,9.772443226019858,0.024354880347009437,True,Cruise
1,72,1675462316.0241404,49.634916704082116,-0.004867777278905097,False,True,False,False,100000,False,True,False,4.069234594368491,-0.003976805575673898,9.77519855328644,0.02284914892875069,True,Cruise
1,73,1675462316.1241183,49.634916704082116,-0.004867777278905097,False,True,False,False,100000,False,True,False,4.074306570512251,-0.06936321758376393,9.776474314287627,0.1070577087107443,True,Cruise
1,74,1675462316.224149,49.71290655765277,0.003827912564629698,False,True,False,False,100000,False,True,False,4.076116218537456,-0.12480326570074984,9.777048187225617,0.0554725435809266,True,Cruise
1,75,1675462316.3242488,49.88594947780016,-0.0015206736293311685,False,True,False,False,100000,False,True,False,4.075393559765585,-0.13906821211728188,9.77823230720854,0.0012872969528880424,True,Cruise
1,76,1675462316.424148,49.88594947780016,-0.0015206736293311685,False,True,False,False,100000,False,True,False,4.073947980075653,-0.16546111099412722,9.778719788482533,0.026436952353775987,True,Cruise
1,77,1675462316.5241356,48.34638380071115,0.022048215990517973,False,True,False,False,100000,False,True,False,4.068841754923118,-0.09544641084698209,9.779512238633428,0.07020512623195461,True,Cruise
1,78,1675462316.6241448,49.794082117591834,-0.002745571765442277,False,True,False,False,100000,False,True,False,4.067370501020021,-0.1987098043256671,9.779287755545406,0.07583633862724863,True,Cruise
1,79,1675462316.724131,49.794082117591834,-0.002745571765442277,False,True,False,False,100000,False,True,False,4.067370501020021,-0.1987098043256671,9.779287755545406,0.2634584105185119,True,Cruise
1,80,1675462316.8241603,49.77399194812949,0.003013440691606752,False,True,False,False,100000,False,True,False,4.064580480516197,-0.09503573556186416,9.778384446775208,0.07252055089707134,True,Cruise
1,81,1675462316.9242241,49.77399194812949,0.003013440691606752,False,True,False,False,100000,False,True,False,4.0640653948767715,-0.12988894402036658,9.7779243769838,0.09545700481527948,True,Cruise
1,82,1675462317.024171,49.50217186548788,-0.00663770846016157,False,True,False,False,100000,False,True,False,4.061631827210072,-0.03446714533913705,9.777031150721989,0.09545700481527948,True,Cruise
1,83,1675462317.1241705,49.304414761766694,-0.009274469843110766,False,True,False,False,100000,False,True,False,4.059397610564405,0.023938057417814153,9.776028885928053,0.07301740577636329,True,Cruise
1,84,1675462317.2241652,49.304414761766694,-0.009274469843110766,False,True,False,False,100000,False,True,False,4.05827730705308,-0.08794335357007335,9.77492841050634,0.03887699732059758,True,Cruise
1,85,1675462317.3241487,49.86750752034645,-0.0017665663953807037,False,True,False,False,100000,False,True,False,4.0565418244998295,-0.10563005594581638,9.77396546971468,0.01846979103015965,True,Cruise
1,86,1675462317.4241257,49.86750752034645,-0.0017665663953807037,False,True,False,False,100000,False,True,False,4.055595151191739,-0.11521206845377388,9.773532645630032,0.009638386314272485,True,Cruise
1,87,1675462317.5241795,49.27756573308764,-0.009632456892164794,False,True,False,False,100000,False,True,False,4.05417593463614,-0.08277738474824728,9.77273173354307,0.03005219094334904,True,Cruise
1,88,1675462317.624156,49.86820343444685,-0.0017572875407087455,False,True,False,False,100000,False,True,False,4.053780912118349,-0.052729912938103085,9.772374556381793,0.0036953494919759323,True,Cruise
1,89,1675462317.7241356,49.86820343444685,-0.0017572875407087455,False,True,False,False,100000,False,True,False,4.052339996015198,-0.1649688613252929,9.771438453549445,0.06228810210168231,True,Cruise
1,90,1675462317.8241324,49.86671282330209,0.0017771623559721564,False,True,False,False,100000,False,True,False,4.052339996015198,-0.1649688613252929,9.771438453549445,0.06228810210168231,True,Cruise
1,91,1675462317.924123,49.86671282330209,0.0017771623559721564,False,True,False,False,100000,False,True,False,4.052743418153419,-0.07528682295594838,9.77116820851543,0.031021797803745747,True,Cruise
1,92,1675462318.0241888,48.77553752336978,-0.016326166355069636,False,True,False,False,100000,False,True,False,4.053549527082953,-0.0019761245691042166,9.771116482382544,0.07331514840171799,True,Cruise
1,93,1675462318.1241326,48.77553752336978,-0.016326166355069636,False,True,False,False,100000,False,True,False,4.053677360434711,0.05410811739970665,9.771190495228277,0.1538556653690846,True,Cruise
1,94,1675462318.224119,48.82056399842201,-0.015725813354373175,False,True,False,False,100000,False,True,False,4.05259003320348,-0.18600306641116351,9.771580285641457,0.0862588849776161,True,Cruise
1,95,1675462318.3241248,48.84910597335799,0.015345253688560117,False,True,False,False,100000,False,True,False,4.052051918383244,-0.20696038948644185,9.77178671960042,0.0018988481835310505,True,Cruise
1,96,1675462318.424137,48.84910597335799,0.015345253688560117,False,True,False,False,100000,False,True,False,4.051739538793471,-0.29411460699280284,9.772141004947523,0.08529722776523437,True,Cruise
1,97,1675462318.5241077,49.59930418960696,0.0053426108052404605,False,True,False,False,100000,False,True,False,4.051739538793471,-0.29411460699280284,9.772141004947523,0.4627812922097519,True,Cruise
1,98,1675462318.6241066,49.59930418960696,0.0053426108052404605,False,True,False,False,100000,False,True,False,4.051739538793471,-0.29411460699280284,9.772141004947523,0.028963279682821957,True,Cruise
1,99,1675462318.7241292,49.12155787541326,-0.011712561661156537,False,True,False,False,100000,False,True,False,4.057318681454367,0.10970974554772894,9.772843919383059,0.08787017532298864,True,Cruise
1,100,1675462318.8241823,49.49044008292805,-0.006794132227626032,False,True,False,False,100000,False,True,False,4.056816462565008,0.0822118606513615,9.773341994386879,0.07603486114046648,True,Cruise
1,101,1675462318.9241648,49.49044008292805,-0.006794132227626032,False,True,False,False,100000,False,True,False,4.057428457668127,0.013132887090383127,9.773703857599568,0.14511486225259665,True,Cruise
1,102,1675462319.024102,49.588707800730496,-0.005483895990260012,False,True,False,False,100000,False,True,False,4.057771332458856,-0.0060942591959769815,9.774157348653821,0.003819443382520318,True,Cruise
1,103,1675462319.1241257,49.588707800730496,-0.005483895990260012,False,True,False,False,100000,False,True,False,4.057771332458856,-0.0060942591959769815,9.774157348653821,0.003819443382520318,True,Cruise
1,104,1675462319.2241142,48.86966194892669,0.01507117401431076,False,True,False,False,100000,False,True,False,4.05777708699122,-0.02025467517773115,9.77436002798206,0.0035088250210320005,True,Cruise
1,105,1675462319.3241057,49.97587823912589,-0.0003216234783215315,False,True,False,False,100000,False,True,False,4.057803125667665,-0.05283563787479783,9.774475697387667,0.019455017637881548,True,Cruise
1,106,1675462319.4241462,49.97587823912589,-0.0003216234783215315,False,True,False,False,100000,False,True,False,4.058680697183569,0.08918849981841305,9.77444178248602,0.2211810614359362,True,Cruise
1,107,1675462319.5241003,49.674031625438,-0.004346244994160015,False,True,False,False,100000,False,True,False,4.058680697183569,0.08918849981841305,9.77444178248602,0.2211810614359362,True,Cruise
1,108,1675462319.6242287,49.674031625438,-0.004346244994160015,False,True,False,False,100000,False,True,False,4.058272358692681,-0.04108028374720989,9.774443002437538,0.008312404130577461,True,Cruise
1,109,1675462319.724194,48.37069935316985,-0.021724008624402037,False,True,False,False,100000,False,True,False,4.0578287512400495,-0.06547978297175006,9.774382739706462,0.032710655400060754,True,Cruise
1,110,1675462319.8241546,49.36343296578068,0.008487560456257578,False,True,False,False,100000,False,True,False,4.054676378690849,-0.3047044989927473,9.77443232266123,0.10272951784453675,True,Cruise
1,111,1675462319.9240458,49.36343296578068,0.008487560456257578,False,True,False,False,100000,False,True,False,4.053111583757552,-0.42654111568472064,9.774405197185626,0.12184666793114012,True,Cruise
1,112,1675462320.024177,49.36343296578068,0.008487560456257578,False,True,False,False,100000,False,True,False,4.053111583757552,-0.42654111568472064,9.774405197185626,0.12184666793114012,True,Cruise
1,113,1675462320.1241388,48.60530626763092,0.01859591643158769,False,True,False,False,100000,False,True,False,4.059249805859207,0.05719442807447838,9.773585574742222,0.48377518109916195,True,Cruise
1,114,1675462320.2241313,48.73583777685256,0.01685549630863251,False,True,False,False,100000,False,True,False,4.058471366541254,0.014989934539900895,9.773527897630254,0.03510027193212129,True,Cruise
1,115,1675462320.3241637,48.73583777685256,0.01685549630863251,False,True,False,False,100000,False,True,False,4.057461152733022,0.1246039757909897,9.773548317107442,0.09080758472865867,True,Cruise
1,116,1675462320.424128,48.73583777685256,0.01685549630863251,False,True,False,False,100000,False,True,False,4.057461152733022,0.1246039757909897,9.773548317107442,0.03471454576303237,True,Cruise
1,117,1675462320.5241873,49.46751490360406,0.007099801285279145,False,True,False,False,100000,False,True,False,4.052592366431381,0.4398644952219525,9.773483363185894,0.1598323032044835,True,Cruise
1,118,1675462320.6241436,49.46751490360406,0.007099801285279145,False,True,False,False,100000,False,True,False,4.056762887264022,0.12482018296908637,9.773062960619129,0.31507219595707747,True,Cruise
1,119,1675462320.7241395,49.851907633800316,0.001974564882662389,False,True,False,False,100000,False,True,False,4.057010411922029,0.1711602419451774,9.773048956103167,0.04634072216194288,True,Cruise
1,120,1675462320.8241513,49.851907633800316,0.001974564882662389,False,True,False,False,100000,False,True,False,4.056224698840934,0.30205113287351626,9.773084175278184,0.040848507189245147,True,Cruise
1,121,1675462320.9242315,49.967389783551546,0.000434802885979394,False,True,False,False,100000,False,True,False,4.056309574088078,0.2598740376647715,9.77306396525062,0.049880763016326136,True,Cruise
1,122,1675462321.0241375,49.6114448923837,-0.005180734768217243,False,True,False,False,100000,False,True,False,4.056639554373484,0.20999436920396652,9.773046462613426,0.049880763016326136,True,Cruise
1,123,1675462321.1241791,49.6114448923837,-0.005180734768217243,False,True,False,False,100000,False,True,False,4.057125168765784,0.09785483922316114,9.773109426895559,0.08063256032530389,True,Cruise
1,124,1675462321.2241626,49.965070396709145,-0.00046572804387807635,False,True,False,False,100000,False,True,False,4.057125168765784,0.09785483922316114,9.773109426895559,0.03150812528279058,True,Cruise
1,125,1675462321.3241105,49.965070396709145,-0.00046572804387807635,False,True,False,False,100000,False,True,False,4.057539134277135,0.005551734047327802,9.773149272348666,0.0824726348607307,True,Cruise
1,126,1675462321.4241621,49.0972153611415,-0.012037128518113348,False,True,False,False,100000,False,True,False,4.057468397740779,-0.052176008272845076,9.773258795253605,0.01570963860862387,True,Cruise
1,127,1675462321.524221,49.0972153611415,-0.012037128518113348,False,True,False,False,100000,False,True,False,4.057319025411763,-0.011420262045902522,9.7733257232141,0.0407560749086503,True,Cruise
1,128,1675462321.6241784,48.69338254076531,-0.01742156612312917,False,True,False,False,100000,False,True,False,4.057319025411763,-0.011420262045902522,9.7733257232141,0.0407560749086503,True,Cruise
1,129,1675462321.7242312,49.62470566862402,-0.005003924418346423,False,True,False,False,100000,False,True,False,4.056226364906649,-0.2915984340329269,9.773557038783538,0.2729360040843915,True,Cruise
1,130,1675462321.824137,49.62470566862402,-0.005003924418346423,False,True,False,False,100000,False,True,False,4.053325475119031,-0.4959960701801022,9.773782010915058,0.05760076940852698,True,Cruise
1,131,1675462321.9241114,48.305700797101416,-0.022590656038647846,False,True,False,False,100000,False,True,False,4.056128413030588,-0.27431299389337727,9.773534618517617,0.1133868896565021,True,Cruise
1,132,1675462322.0241687,48.305700797101416,-0.022590656038647846,False,True,False,False,100000,False,True,False,4.056128413030588,-0.27431299389337727,9.773534618517617,0.1133868896565021,True,Cruise
1,133,1675462322.1241503,49.001161667066846,-0.013317844439108717,False,True,False,False,100000,False,True,False,4.051191388389498,-0.5877871817051836,9.773916457116687,0.31351329547133105,True,Cruise
1,134,1675462322.2241597,49.001161667066846,-0.013317844439108717,False,True,False,False,100000,False,True,False,4.048035066631498,-0.6702048974777699,9.773979282711876,0.036822006756663195,True,Cruise
1,135,1675462322.3241386,49.767102927702354,0.003105294297302015,False,True,False,False,100000,False,True,False,4.053402755229516,-0.5490109418489756,9.77324671690295,0.035768809381042786,True,Cruise
1,136,1675462322.4241104,49.64616925499276,0.004717743266763169,False,True,False,False,100000,False,True,False,4.053402755229516,-0.5490109418489756,9.77324671690295,0.17809349245412487,True,Cruise
1,137,1675462322.5242465,49.64616925499276,0.004717743266763169,False,True,False,False,100000,False,True,False,4.061696404409536,-0.25927307283509343,9.772531949655754,0.11176440420806602,True,Cruise
1,138,1675462322.6242807,49.93129567802016,-0.0009160576263977809,False,True,False,False,100000,False,True,False,4.061660960341404,-0.09359941861695341,9.772752365968111,0.05773344712651785,True,Cruise
1,139,1675462322.7241538,49.47950548373351,0.006939926883553229,False,True,False,False,100000,False,True,False,4.059864959056496,-0.10678918134782782,9.77299684354441,0.013313723400967412,True,Cruise
1,140,1675462322.82414,49.47950548373351,0.006939926883553229,False,True,False,False,100000,False,True,False,4.059864959056496,-0.10678918134782782,9.77299684354441,0.013313723400967412,True,Cruise
1,141,1675462322.9241352,49.47950548373351,0.006939926883553229,False,True,False,False,100000,False,True,False,4.057803348071462,-0.046886063980727255,9.773299608001127,0.04420331165641665,True,Cruise
1,142,1675462323.0241265,49.4480959693062,-0.007358720409250599,False,True,False,False,100000,False,True,False,4.058655697165241,0.20360204938891632,9.773349145223953,0.09110464735908821,True,Cruise
1,143,1675462323.1241493,49.66634844884526,0.0044486873487298816,False,True,False,False,100000,False,True,False,4.058590323981448,0.3124064309033277,9.773455941577161,0.14479472596957155,True,Cruise
1,144,1675462323.2242043,49.52691430671631,-0.0063078092437825525,False,True,False,False,100000,False,True,False,4.057708005417613,0.04472767385578171,9.773706562325739,0.1228856681205752,True,Cruise
1,145,1675462323.3241372,49.52691430671631,-0.0063078092437825525,False,True,False,False,100000,False,True,False,4.057928970609669,0.15969938721334753,9.773698519546812,0.11497192597619939,True,Cruise
1,146,1675462323.4242084,48.21153323925979,-0.023846223476536154,False,True,False,False,100000,False,True,False,4.0580344611199495,0.2770781619120268,9.773709152203732,0.11497192597619939,True,Cruise
1,147,1675462323.5241408,48.21153323925979,-0.023846223476536154,False,True,False,False,100000,False,True,False,4.0572769130811395,0.09048789118262118,9.773859423797552,0.00491997904001598,True,Cruise
1,148,1675462323.6241179,48.21153323925979,-0.023846223476536154,False,True,False,False,100000,False,True,False,4.0572769130811395,0.09048789118262118,9.773859423797552,0.00491997904001598,True,Cruise
1,149,1675462323.724113,49.84393969527671,0.0020808040629772297,False,True,False,False,100000,False,True,False,4.050552074488358,-0.3827534218130399,9.774294908492763,0.05667568310364149,True,Cruise
1,150,1675462323.824191,48.194658344294254,-0.02407122207607657,False,True,False,False,100000,False,True,False,4.054429860939817,-0.26566420279999764,9.77343000295965,0.3096919701501118,True,Cruise
1,151,1675462323.9241302,48.194658344294254,-0.02407122207607657,False,True,False,False,100000,False,True,False,4.05197941734226,-0.4498313330728658,9.773614459526323,0.2078367847707694,True,Cruise
1,152,1675462324.0241194,47.99585267494084,-0.026721964334122127,False,True,False,False,100000,False,True,False,4.046660019730563,-0.7670255471957415,9.773728451370282,0.10940390137759622,True,Cruise
1,153,1675462324.1240547,47.99585267494084,-0.026721964334122127,False,True,False,False,100000,False,True,False,4.046660019730563,-0.7670255471957415,9.773728451370282,0.10940390137759622,True,Cruise
1,154,1675462324.2242205,48.178722445131385,-0.02428370073158157,False,True,False,False,100000,False,True,False,4.042524794596249,-0.9134294317503474,9.773448840237977,0.05081343175390196,True,Cruise
1,155,1675462324.3241892,48.31614502143022,-0.022451399714263673,False,True,False,False,100000,False,True,False,4.040808300095752,-1.0066379041343314,9.77308587934891,0.04241234290732813,True,Cruise
1,156,1675462324.4241254,48.3956576427744,-0.021391231429674626,False,True,False,False,100000,False,True,False,4.045183477458209,-0.9876222545748983,9.772057647996473,0.0035235529416515754,True,Cruise
1,157,1675462324.5241773,48.3956576427744,-0.021391231429674626,False,True,False,False,100000,False,True,False,4.045183477458209,-0.9876222545748983,9.772057647996473,0.0035235529416515754,True,Cruise
1,158,1675462324.6241584,48.62554887436084,-0.018326015008522205,False,True,False,False,100000,False,True,False,4.045911430368747,-0.9961038611688169,9.771842141732836,0.008515515768503481,True,Cruise
1,159,1675462324.724122,48.62554887436084,-0.018326015008522205,False,True,False,False,100000,False,True,False,4.047542106984765,-0.9605905129749281,9.77138327030521,0.0355537279220267,True,Cruise
1,160,1675462324.824134,48.820210126238656,-0.015730531650151227,False,True,False,False,100000,False,True,False,4.049605021756917,-0.8956038676586248,9.771089386392912,0.057325620863949815,True,Cruise
1,161,1675462324.924107,48.820210126238656,-0.015730531650151227,False,True,False,False,100000,False,True,False,4.050994407695954,-0.8489274135553332,9.770979270401272,0.04669725780467086,True,Cruise
1,162,1675462325.0241296,49.98419771534882,0.00021069712868240157,False,True,False,False,100000,False,True,False,4.053787758345486,-0.7668368032645833,9.77084121775902,0.002020908970469037,True,Cruise
1,163,1675462325.124105,49.78885634404888,0.002815248746014898,False,True,False,False,100000,False,True,False,4.055237135114569,-0.7654284839760357,9.770837115361171,0.002020908970469037,True,Cruise
1,164,1675462325.2241557,49.78885634404888,0.002815248746014898,False,True,False,False,100000,False,True,False,4.071083866866261,-0.2539158565248857,9.77066558475958,0.46926609070014635,True,Cruise
1,165,1675462325.324163,49.78885634404888,0.002815248746014898,False,True,False,False,100000,False,True,False,4.071083866866261,-0.2539158565248857,9.77066558475958,0.04252913870537848,True,Cruise
1,166,1675462325.424121,49.75685687322096,0.003241908357053865,False,True,False,False,100000,False,True,False,4.298988026666929,0.08354562097930535,9.76521330412854,0.46614088205310045,True,Cruise
1,167,1675462325.524185,48.89487657068013,0.014734979057598243,False,True,False,False,100000,False,True,False,4.158898766246172,0.10698799655914126,9.778784591220093,0.06948746646953648,True,Cruise
1,168,1675462325.624297,48.89487657068013,0.014734979057598243,False,True,False,False,100000,False,True,False,4.108327766939584,0.14753842538563422,9.78306421883069,0.06496213097924661,True,Cruise
1,169,1675462325.7241554,48.93428553107304,0.014209526252359503,False,True,False,False,100000,False,True,False,4.010545315541667,0.16566925379745698,9.790434270758121,0.18027173228757257,True,Cruise
1,170,1675462325.8242085,49.26368762647964,0.009817498313604869,False,True,False,False,100000,False,True,False,3.9912919044429915,0.43757517008198105,9.7822761139473,0.05225328236193431,True,Cruise
1,171,1675462325.9241276,49.26368762647964,0.009817498313604869,False,True,False,False,100000,False,True,False,4.0679652670430695,0.54594798599222,9.778454222331959,0.13280842825753564,True,Cruise
1,172,1675462326.0240953,49.03941607982903,0.01280778560227955,False,True,False,False,100000,False,True,False,4.0717272989054,0.479565500384182,9.77607107976413,0.04952959912461742,True,Cruise
1,173,1675462326.1241262,49.03941607982903,0.01280778560227955,False,True,False,False,100000,False,True,False,4.064491087954777,0.4959071310906805,9.775419015320189,0.017883982529306577,True,Cruise
1,174,1675462326.2241373,48.97826839153482,-0.013623088112869108,False,True,False,False,100000,False,True,False,4.048879742588151,0.5749934922393964,9.774182360970643,0.04088455106378319,True,Cruise
1,175,1675462326.324108,48.97826839153482,-0.013623088112869108,False,True,False,False,100000,False,True,False,4.012901125584985,0.35454377235646595,9.773185978619937,0.3444463227765466,True,Cruise
1,176,1675462326.4241793,49.279460917233585,-0.009607187770218822,False,True,False,False,100000,False,True,False,4.031458475729087,0.12670598420068363,9.770237496214802,0.22861130003694768,True,Cruise
1,177,1675462326.5241232,49.82614502523733,-0.0023180663301689873,False,True,False,False,100000,False,True,False,4.063270579332815,0.04010817806467381,9.7663665895575,0.02015613404174996,True,Cruise
1,178,1675462326.6241436,49.82614502523733,-0.0023180663301689873,False,True,False,False,100000,False,True,False,4.11297603407546,0.01785842136102135,9.761080422052208,0.04999176395306524,True,Cruise
1,179,1675462326.7241137,49.15181864538048,-0.011309084728260272,False,True,False,False,100000,False,True,False,4.113799981321796,0.3530133245936585,9.808265321528607,0.3384610801680763,True,Cruise
1,180,1675462326.824088,49.15181864538048,-0.011309084728260272,False,True,False,False,100000,False,True,False,4.045300548088685,0.20134150139374712,9.81035629154585,0.16643583286556887,True,Cruise
1,181,1675462326.924105,49.15181864538048,-0.011309084728260272,False,True,False,False,100000,False,True,False,4.009601077454985,-0.014948495659602741,9.802968499402319,0.21934081813839512,True,Cruise
1,182,1675462327.0241976,48.04958834288717,-0.026005488761504453,False,True,False,False,100000,False,True,False,4.084982620615471,-0.4307742781226212,9.790848414284582,0.039291674556743,True,Cruise
1,183,1675462327.124116,48.04958834288717,-0.026005488761504453,False,True,False,False,100000,False,True,False,3.959991733453116,-0.3461407633655283,9.782174494975294,0.15119785239862266,True,Cruise
1,184,1675462327.224097,49.63510054567918,0.004865326057610992,False,True,False,True,100000,False,True,False,3.959991733453116,-0.3461407633655283,9.782174494975294,0.554975657237066,True,Cruise
1,185,1675462327.3240988,49.63510054567918,0.004865326057610992,False,True,False,True,100000,False,True,False,4.006818412594489,-0.8989764100090366,9.76883320393738,0.554975657237066,True,Cruise
1,186,1675462327.4241595,49.90875422974777,0.0012166102700297639,False,True,False,True,100000,False,True,False,4.041219321558782,-0.7502850216343256,9.76324321965825,0.20900807002036764,True,Cruise
1,187,1675462327.524189,48.815328237159314,0.01579562350454248,False,True,False,True,100000,False,True,False,4.045059339369995,-0.5827796538156438,9.762208405317521,0.07505494800212169,True,Cruise
1,188,1675462327.6241908,48.815328237159314,0.01579562350454248,False,True,False,True,100000,False,True,False,4.038934553783384,-0.6619295607457314,9.762611761410595,0.07938755230929667,True,Cruise
1,189,1675462327.7241292,49.78249004793595,-0.002900132694187329,False,True,False,True,100000,False,True,False,4.038934553783384,-0.6619295607457314,9.762611761410595,0.07938755230929667,True,Cruise
1,190,1675462327.8241677,49.78249004793595,-0.002900132694187329,False,True,False,True,100000,False,True,False,4.026189818912278,-0.1330628362835409,9.762856411867553,0.5290203213149259,True,Cruise
1,191,1675462327.924171,49.829032540054804,-0.002279566132602668,False,True,False,True,100000,False,True,False,4.0204308277717296,0.12077664293972991,9.761818202698544,0.14728108814407362,True,Cruise
1,192,1675462328.024129,49.94364889167619,-0.0007513481109841585,False,True,False,True,100000,False,True,False,4.022027405059861,-0.08311565455615817,9.76046228587981,0.056624400581083326,True,Cruise
1,193,1675462328.1241379,49.94364889167619,-0.0007513481109841585,False,True,False,True,100000,False,True,False,4.024055078929437,0.07167447696525739,9.759733908262866,0.0879295351025996,True,Cruise
1,194,1675462328.2241352,49.94364889167619,-0.0007513481109841585,False,True,False,True,100000,False,True,False,4.024055078929437,0.07167447696525739,9.759733908262866,0.0879295351025996,True,Cruise
1,195,1675462328.3241332,49.83300799643591,-0.002226560047521216,False,True,False,True,100000,False,True,False,4.030298399627441,0.23370618666279225,9.762582514574913,0.16217696679481142,True,Cruise
1,196,1675462328.4241314,48.31169037113034,0.022510795051595506,False,True,False,True,100000,False,True,False,3.026791884327115,0.596965717445043,9.831721076512833,0.023498386183742028,True,Cruise
1,197,1675462328.5242293,49.18701075134213,0.010839856648771627,False,True,False,True,100000,False,True,False,2.179704036110867,0.9031882050395039,9.905077592514777,0.9889608201233352,True,Cruise
1,198,1675462328.6242208,49.18701075134213,0.010839856648771627,False,True,False,True,100000,False,True,False,1.6281488601255367,0.8546791130608093,9.946151542655194,0.9889608201233352,True,Cruise
1,199,1675462328.7241516,49.18701075134213,0.010839856648771627,False,True,False,True,100000,False,True,False,1.164280553734995,0.5815410687199751,9.976195050613518,0.5391482257324111,True,Cruise
1,200,1675462328.8241627,49.86196167735999,-0.0018405109685334293,False,True,False,True,100000,False,True,False,3.103734339526203,0.6241826832754608,9.76015663461393,1.9519149294217097,True,Cruise
1,201,1675462328.924112,49.771615780428114,-0.003045122927625176,False,True,False,True,100000,False,True,False,3.6202473292616157,0.5919125701656643,9.708066362319691,0.11449116853145463,True,Cruise
1,202,1675462329.0241587,49.771615780428114,-0.003045122927625176,False,True,False,True,100000,False,True,False,3.6829813633924444,0.4962868511267012,9.702738089461509,0.031012418122192385,True,Cruise
1,203,1675462329.1241505,49.95138462638015,0.0006482049815980584,False,True,False,True,100000,False,True,False,3.6724451885063236,0.45033675735036544,9.707994715825722,0.021475033553867366,True,Cruise
1,204,1675462329.224146,49.95138462638015,0.0006482049815980584,False,True,False,True,100000,False,True,False,3.663063041656341,0.40257508562707955,9.712371275002907,0.26662785706928716,True,Cruise
1,205,1675462329.3242211,49.68608798762196,0.004185493498373913,False,True,False,True,100000,False,True,False,2.9956787347907587,0.194210244686893,9.788897442346759,1.8348968151596226,True,Cruise
1,206,1675462329.424175,49.59337948490567,-0.005421606867924429,False,True,False,True,100000,False,True,False,1.1697489421651572,0.2406627414936755,9.964022769542941,1.8348968151596226,True,Cruise
1,207,1675462329.5241277,49.59337948490567,-0.005421606867924429,False,True,False,True,100000,False,True,False,-0.5845913377142483,0.19569869327339498,10.079140094880538,0.5584143077572962,True,Cruise
1,208,1675462329.6242228,49.88651108694873,0.0015131855073502896,False,True,False,True,100000,False,True,False,-0.46351018666372873,0.02090290541052392,10.00897171125686,1.273946624091479,True,Cruise
1,209,1675462329.724157,49.88651108694873,0.0015131855073502896,False,True,False,True,100000,False,True,False,0.8015083476456739,-0.005429090565163322,9.86073293469788,1.273946624091479,True,Cruise
1,210,1675462329.8241432,49.662973549545555,0.004493686006059328,False,True,False,True,100000,False,True,False,1.3044851697906208,-0.03209553646907035,9.778158006600792,1.4802863214730082,True,Cruise
1,211,1675462329.9241426,48.803980720466164,0.015946923727117868,False,True,False,True,100000,False,True,False,-0.16827639519640947,-0.11584241672505108,9.901476400542792,0.886597496458269,True,Cruise
1,212,1675462330.0242283,48.803980720466164,0.015946923727117868,False,True,False,True,100000,False,True,False,-2.0511137761176212,-0.18527694157698127,10.013732111676186,0.7463649920756218,True,Cruise
1,213,1675462330.124199,47.42302545451856,0.034359660606419255,False,True,False,True,100000,False,True,False,-3.2488239913366694,0.10705073793563595,10.041258146646372,0.28830067458877867,True,Cruise
1,214,1675462330.2242587,47.42302545451856,0.034359660606419255,False,True,False,True,100000,False,True,False,-3.5362362098018916,0.11844283026174121,10.021720596194031,0.28830067458877867,True,Cruise
1,215,1675462330.3242712,47.42412272792747,0.03434503029430049,False,True,False,True,100000,False,True,False,-3.9684322603509554,0.8419217666762138,9.918345442036534,0.28830067458877867,True,Cruise
1,216,1675462330.424105,47.42412272792747,0.03434503029430049,False,True,False,True,100000,False,True,False,-4.083372606551171,0.9675929792745057,9.88196857813487,0.28830067458877867,True,Cruise
1,217,1675462330.5241632,49.58081638033748,0.0055891149288335345,False,True,False,True,100000,False,True,False,-4.201458649144383,1.103266697646719,9.847212015517576,0.18319304014410193,True,Cruise
1,218,1675462330.624121,49.959228465008394,-0.0005436204665547322,False,True,False,True,100000,False,True,False,-4.319748270044513,1.2518204660356271,9.814253400764201,0.19213714936442255,True,Cruise
1,219,1675462330.7241771,49.959228465008394,-0.0005436204665547322,False,True,False,True,100000,False,True,False,-4.6228183992216,1.7747333045199338,9.725318458286736,0.24276582832849355,True,Cruise
1,220,1675462330.8241634,49.72628056000451,-0.00364959253327321,False,True,False,True,100000,False,True,False,0.4011356260679832,1.2242778859879708,9.240081462050563,5.077260103493902,True,Cruise
1,221,1675462330.9242134,49.47481490304117,-0.007002467959451052,False,True,False,True,100000,False,True,False,0.4011356260679832,1.2242778859879708,9.240081462050563,5.077260103493902,True,Cruise
1,222,1675462331.0241156,49.47481490304117,-0.007002467959451052,False,True,False,True,100000,False,True,False,2.1540081844274717,0.9929402787703531,9.19336628622068,0.3512526929168501,True,Cruise
1,223,1675462331.124146,49.47481490304117,-0.007002467959451052,False,True,False,True,100000,False,True,False,2.6103928711405873,0.7002502122233325,9.269708559273798,0.28831294972447347,True,Cruise
1,224,1675462331.2241457,49.412269649777926,0.007836404669627654,False,True,False,True,100000,False,True,False,2.8405255882739002,0.518418371740253,9.316642172115293,0.29702971185216603,True,Cruise
1,225,1675462331.3241096,49.94277883154506,0.0007629489127324886,False,True,False,True,100000,False,True,False,2.8405255882739002,0.518418371740253,9.316642172115293,0.29702971185216603,True,Cruise
1,226,1675462331.4241393,49.94277883154506,0.0007629489127324886,False,True,False,True,100000,False,True,False,2.9087488916982545,0.2725275315469943,9.542072006660526,0.34703597853963897,True,Cruise
1,227,1675462331.524166,48.412345565257766,-0.021168725796563044,False,True,False,True,100000,False,True,False,3.6912886954872315,0.14353613506656887,9.615304278063714,0.4625335699342174,True,Cruise
1,228,1675462331.6241598,49.304061513568584,-0.009279179819085593,False,True,False,True,100000,False,True,False,3.986409890805277,-0.2755679065353963,9.741759296990592,1.6841765429972833,True,Cruise
1,229,1675462331.7241821,49.304061513568584,-0.009279179819085593,False,True,False,True,100000,False,True,False,0.8087363043522673,-0.18116685142841604,10.157682679205468,1.5223288466781584,True,Cruise
1,230,1675462331.8241274,48.76773138697201,-0.016430248173706554,False,True,False,True,100000,False,True,False,0.8087363043522673,-0.18116685142841604,10.157682679205468,1.5223288466781584,True,Cruise
1,231,1675462331.9241855,48.76773138697201,-0.016430248173706554,False,True,False,True,100000,False,True,False,-0.16312104718240888,-0.4711790446435773,10.293941499641072,0.3920781067965029,True,Cruise
1,232,1675462332.0241404,49.69998073904023,-0.004000256812796926,False,True,False,True,100000,False,True,False,-0.6324432598138462,-0.37254889634727345,10.333516535909473,0.481204144743023,True,Cruise
1,233,1675462332.1242058,49.1913466496457,0.010782044671390678,False,True,False,True,100000,False,True,False,0.2492576861631316,-0.6076282132561875,10.18769809151007,1.4614904323634912,True,Cruise
1,234,1675462332.2241597,49.1913466496457,0.010782044671390678,False,True,False,True,100000,False,True,False,2.508568564855427,-0.48186395984941205,9.944406148146458,0.9075372080237927,True,Cruise
1,235,1675462332.3241832,49.16133941546544,0.011182141127127386,False,True,False,True,100000,False,True,False,0.529724758134661,-0.08144705547615552,10.085925055049488,0.9543404881138355,True,Cruise
1,236,1675462332.4241354,49.16133941546544,0.011182141127127386,False,True,False,True,100000,False,True,False,-0.42328012034819607,-0.09680469938692979,10.134004277326254,0.9543404881138355,True,Cruise
1,237,1675462332.5241237,48.66119441873679,0.017850741083509473,False,True,False,True,100000,False,True,False,-1.8804405519021996,-0.19430822676581933,10.123031740656309,0.8100235505854019,True,Cruise
1,238,1675462332.6241364,49.33722223136423,0.008837036915143615,False,True,False,True,100000,False,True,False,-3.1164076126799953,0.22808431912982932,10.1107136663633,0.5465268615901648,True,Cruise
1,239,1675462332.7241468,49.33722223136423,0.008837036915143615,False,True,False,True,100000,False,True,False,-1.535669836622205,0.3852856208032159,9.892151146319181,1.603500464942861,True,Cruise
1,240,1675462332.8241298,49.55567966917896,0.005924271077613844,False,True,False,True,100000,False,True,False,-1.535669836622205,0.3852856208032159,9.892151146319181,1.603500464942861,True,Cruise
1,241,1675462332.92421,49.55567966917896,0.005924271077613844,False,True,False,True,100000,False,True,False,1.9128455533643915,0.597390854165007,9.482672729106326,3.479212496982185,True,Cruise
1,242,1675462333.0241387,49.71577788732659,-0.0037896281689788155,False,True,False,True,100000,False,True,False,2.1432636468452695,0.6617915950040094,9.449756772536062,0.19535674397655559,True,Cruise
1,243,1675462333.1242404,48.91134982470012,-0.014515335670665106,False,True,False,True,100000,False,True,False,0.7035553437169372,0.8502084561847223,9.58348061269383,0.09374938008543487,True,Cruise
1,244,1675462333.2241712,48.91134982470012,-0.014515335670665106,False,True,False,True,100000,False,True,False,0.7965547095406108,0.8491993491856827,9.57168883904173,0.09374938008543487,True,Cruise
1,245,1675462333.324135,48.91134982470012,-0.014515335670665106,False,True,False,True,100000,False,True,False,-0.4978572492595337,0.8093862571639976,9.705829688187338,1.3019528289422233,True,Cruise
1,246,1675462333.4241457,48.710445460940164,-0.017194060520797805,False,True,False,True,100000,False,True,False,-2.931882496203204,0.19534456387083257,9.89067156814508,0.26395033576848137,True,Cruise
1,247,1675462333.5241385,47.75675342586943,-0.029909954321741008,False,True,False,True,100000,False,True,False,-2.676673874548501,-0.029874303745802536,9.85112416263523,0.14449054305395595,True,Cruise
1,248,1675462333.6241376,47.75675342586943,-0.029909954321741008,False,True,False,True,100000,False,True,False,-2.8113568910280438,-0.08205483488714262,9.855022145935079,0.14449054305395595,True,Cruise
1,249,1675462333.7241485,48.00859389055257,0.026552081459299076,False,True,False,True,100000,False,True,False,-3.357728259138364,-0.8477620815855342,9.861692535427101,0.32608257115862577,True,Cruise
1,250,1675462333.82416,48.00859389055257,0.026552081459299076,False,True,False,True,100000,False,True,False,-3.357728259138364,-0.8477620815855342,9.861692535427101,0.2633989873888021,True,Cruise
1,251,1675462333.9241571,49.14752369758632,-0.011366350698848967,False,True,False,True,100000,False,True,False,-2.190239963394344,-0.1173126715832441,9.728593543301539,1.3835825248162144,True,Cruise
1,252,1675462334.0241463,48.86872561663735,-0.015083658444835352,False,True,False,True,100000,False,True,False,-2.1784987804510623,-0.13165883620074736,9.724959663735376,0.01889107982200821,True,Cruise
1,253,1675462334.1241736,48.86872561663735,-0.015083658444835352,False,True,False,True,100000,False,True,False,1.1142604059422674,-1.0506135418819815,9.462790898300051,1.4186989014274687,True,Cruise
1,254,1675462334.2241247,49.54413214468733,0.006078238070835577,False,True,False,True,100000,False,True,False,1.2827178320440362,-1.0587356607902914,9.478113817203585,0.6418558841541706,True,Cruise
1,255,1675462334.3241398,49.54413214468733,0.006078238070835577,False,True,False,True,100000,False,True,False,1.8039072496988033,-0.8636325604778752,9.461142620582526,0.5567689380179023,True,Cruise
1,256,1675462334.4241486,44.65140056857777,0.07131465908562971,False,True,False,True,100000,False,True,False,1.8039072496988033,-0.8636325604778752,9.461142620582526,1.474394660014584,True,Cruise
1,257,1675462334.5242436,49.943150287296845,-0.0007579961693753915,False,True,False,True,100000,False,True,False,-0.3960848680605907,-0.013796844299362027,9.894949189615476,1.6121127428825535,True,Cruise
1,258,1675462334.6241302,49.943150287296845,-0.0007579961693753915,False,True,False,True,100000,False,True,False,-1.549158057298714,1.1916666640197642,10.022538861716642,1.6730209723896818,True,Cruise
1,259,1675462334.7241464,48.91390205316425,0.01448130595781003,False,True,False,True,100000,False,True,False,-0.6040143622579996,0.45169095181609437,9.943710720509532,1.6835981503954287,True,Cruise
1,260,1675462334.8241549,48.91390205316425,0.01448130595781003,False,True,False,True,100000,False,True,False,1.0731076406415985,0.38787741562916145,9.81069811958666,1.6835981503954287,True,Cruise
1,261,1675462334.9241297,49.45189529871029,-0.007308062683862808,False,True,False,True,100000,False,True,False,1.0731076406415985,0.38787741562916145,9.81069811958666,1.6835981503954287,True,Cruise
1,262,1675462335.0241427,49.45189529871029,-0.007308062683862808,False,True,False,True,100000,False,True,False,2.2724217801959172,1.037673456138484,9.79522116098038,0.5685077148729104,True,Cruise
1,263,1675462335.1241632,48.35513541624825,-0.02193152778335665,False,True,False,True,100000,False,True,False,2.7154646482137847,0.42400602080790073,9.805345554169277,0.2868399211650513,True,Cruise
1,264,1675462335.224151,48.35513541624825,-0.02193152778335665,False,True,False,True,100000,False,True,False,2.6118969596422104,0.3545357236551732,9.834912601272025,0.12816629267058882,True,Cruise
1,265,1675462335.3241436,49.58141323470812,-0.00558115687055835,False,True,False,True,100000,False,True,False,-0.4052171573800108,0.31495731664539695,10.13526989924814,1.4529701657368956,True,Cruise
1,266,1675462335.424144,48.67039540064176,-0.01772806132477652,False,True,False,True,100000,False,True,False,2.6093013161171035,0.14625059370712806,9.836899362744562,0.9554535179168233,True,Cruise
1,267,1675462335.5241435,48.67039540064176,-0.01772806132477652,False,True,False,True,100000,False,True,False,2.6093013161171035,0.14625059370712806,9.836899362744562,1.3230765699945803,True,Cruise
1,268,1675462335.624155,49.47890558272092,-0.00694792556372111,False,True,False,True,100000,False,True,False,-0.13614238190383993,-0.2373211932652465,10.089076867859575,1.469780004290843,True,Cruise
1,269,1675462335.724169,48.98686633997373,-0.013508448800350296,False,True,False,True,100000,False,True,False,1.6322102866444148,-0.614689194130497,9.872404295737354,0.34645572567057814,True,Cruise
1,270,1675462335.824173,48.98686633997373,-0.013508448800350296,False,True,False,True,100000,False,True,False,1.3481329690476442,-0.5484052893606544,9.889502443794198,0.2922085301141768,True,Cruise
1,271,1675462335.9241474,48.98686633997373,-0.013508448800350296,False,True,False,True,100000,False,True,False,1.3481329690476442,-0.5484052893606544,9.889502443794198,0.2922085301141768,True,Cruise
1,272,1675462336.024162,49.90446119524138,0.001273850730114952,False,True,False,True,100000,False,True,False,-1.4669173474747657,-0.7465083056416835,10.085602178585253,1.1476534424605507,True,Cruise
1,273,1675462336.1241364,47.78496280922043,0.0295338292103942,False,True,False,True,100000,False,True,False,0.9372275301923669,-0.6719410232423183,9.79606457060235,0.9615644810307232,True,Cruise
1,274,1675462336.224053,47.29467977179702,-0.03607093637603972,False,True,False,True,100000,False,True,False,-1.152105743550894,-0.23208015317941663,9.95288523251607,1.2096890364018715,True,Cruise
1,275,1675462336.3241646,47.29467977179702,-0.03607093637603972,False,True,False,True,100000,False,True,False,-2.809603532700822,0.3428657039236111,10.027375238750777,0.7635713800040175,True,Cruise
1,276,1675462336.4241328,47.43987819417464,-0.03413495741100478,False,True,False,True,100000,False,True,False,-2.809603532700822,0.3428657039236111,10.027375238750777,0.7635713800040175,True,Cruise
1,277,1675462336.5241385,47.43987819417464,-0.03413495741100478,False,True,False,True,100000,False,True,False,-3.7230970696045023,-1.1122503090018425,9.972089749881652,1.7189792140443008,True,Cruise
1,278,1675462336.624115,48.628081102194706,0.01829225197073729,False,True,False,True,100000,False,True,False,-3.958171228819057,-0.9755686001885779,9.898306256981035,0.12490480635646693,True,Cruise
1,279,1675462336.7241535,48.628081102194706,0.01829225197073729,False,True,False,True,100000,False,True,False,-0.3647446874552934,-0.05416470278302203,9.482836738796891,1.4493420116196276,True,Cruise
1,280,1675462336.8241758,48.33504079828399,-0.022199456022880162,False,True,False,True,100000,False,True,False,-0.3647446874552934,-0.05416470278302203,9.482836738796891,0.9790348760621983,True,Cruise
1,281,1675462336.9242055,48.33504079828399,-0.022199456022880162,False,True,True,True,100000,False,True,False,0.19394382495984938,-0.0493639795201826,9.429098866048092,0.5612875019239764,True,Cruise
1,282,1675462337.0242348,48.02103056031375,-0.026386259195816712,False,True,True,True,100000,False,True,False,-1.1859488547954362,-1.0789432647144261,9.578706963445043,1.7281550552395604,True,Cruise
1,283,1675462337.12421,48.41410241637137,-0.021145301115048358,False,True,True,True,100000,False,True,False,-2.9389717293106297,-0.7521797888904388,9.746041521204582,0.7130670640227289,True,Cruise
1,284,1675462337.2242596,48.41410241637137,-0.021145301115048358,False,True,True,True,100000,False,True,False,-2.9332151044750474,-0.8013361377471386,9.742249289761467,1.6841730971295543,True,Cruise
1,285,1675462337.3241704,48.43524514229583,-0.02086339810272237,False,True,True,True,100000,False,True,False,0.655019317739281,-0.4713447046600598,9.452540579256462,0.9184355539523801,True,Cruise
1,286,1675462337.424113,48.43524514229583,-0.02086339810272237,True,True,True,True,15.369766820020242,False,False,False,1.5714580298386789,-0.509993574494333,9.405954974291564,0.9184355539523801,True,Keep distance
1,287,1675462337.5241704,29.05465023003036,-0.020726360900968688,True,True,True,True,15.369766820020242,False,False,False,0.49091506059532686,-0.9817580146321755,9.623201952377004,1.1988874195882895,True,Keep distance
1,288,1675462337.6242385,29.05465023003036,-0.009879951598312365,True,True,True,True,15.369766820020242,False,False,False,-0.8064530174208187,-1.0951237975510832,9.783334561143286,1.0648775401813215,True,Keep distance
1,289,1675462337.7241597,29.05465023003036,-0.009879951598312365,True,True,True,True,15.369766820020242,False,False,False,-2.9186153302806654,-1.234472199937343,10.024971267375058,0.3475368747682432,True,Keep distance
1,290,1675462337.8241217,29.05465023003036,-0.00042902137782307786,True,True,True,True,15.369766820020242,False,False,False,-3.0423517986540203,-1.1954893976213803,10.040572500836989,0.05016253823830545,True,Keep distance
1,291,1675462337.9241312,29.05465023003036,-0.01874272616292133,True,True,True,True,15.369766820020242,False,False,False,-3.077881225332454,-1.2307506132249393,10.043826230477045,0.05016253823830545,True,Keep distance
1,292,1675462338.024255,29.05465023003036,-0.01874272616292133,True,True,True,True,15.369766820020242,False,False,False,-3.077881225332454,-1.2307506132249393,10.043826230477045,0.34242059809803005,True,Keep distance
1,293,1675462338.1241317,29.05465023003036,-0.01874272616292133,True,True,True,True,15.369766820020242,False,False,False,-3.3679529266573525,-1.1652384265054414,10.015534343623917,0.16492424259193528,True,Keep distance
1,294,1675462338.2242048,29.05465023003036,0.002547507755678448,True,True,True,True,15.369766820020242,False,False,False,-3.5194798679098116,-1.1287106420622928,10.008118719187227,0.1560438542443674,True,Keep distance
1,295,1675462338.3242176,29.05465023003036,-0.011366149336638019,True,True,True,True,15.369766820020242,False,False,False,-3.8282309630747187,-0.5520199741150127,9.957830607684668,0.26128618536352016,True,Keep distance
1,296,1675462338.424139,26.849922203226214,-0.0021063082314468806,True,True,True,True,13.899948135484141,False,False,False,-3.8282309630747187,-0.5520199741150127,9.957830607684668,3.1095856101316626,True,Keep distance
1,297,1675462338.5242243,26.849922203226214,-0.0021063082314468806,True,True,True,True,13.899948135484141,False,False,False,-5.106786893697444,1.845957524148936,8.446367304515473,3.7925813730919433,True,Keep distance
1,298,1675462338.6241493,26.849922203226214,-0.0021063082314468806,True,True,True,True,13.899948135484141,False,False,False,-4.164130813129551,-0.49363872856303026,9.901782941939997,0.3440832235276417,True,Keep distance
1,299,1675462338.72411,26.849922203226214,0.004166451687736344,True,True,True,True,13.899948135484141,False,False,False,-4.37298270292439,-0.29023880906501065,9.79980939556994,0.09485824928068683,True,Keep distance
1,300,1675462338.8241131,26.849922203226214,0.0012206259812197688,True,True,True,True,13.899948135484141,False,False,False,-4.401554755602524,-0.21417305331474332,9.776900027726223,0.07064921564569479,True,Keep distance
1,301,1675462338.924247,26.849922203226214,0.0012206259812197688,True,True,True,True,13.899948135484141,False,False,False,-4.422294858742096,-0.14761701241741043,9.755439330160751,0.07294120919044446,True,Keep distance
1,302,1675462339.024156,26.849922203226214,0.00721486470840214,True,True,True,True,13.899948135484141,False,False,False,-4.445376039356376,-0.1784034044527934,9.71813185495806,0.053594687601522334,True,Keep distance
1,303,1675462339.1241484,26.849922203226214,-0.0020840230310170656,True,True,True,True,13.899948135484141,False,False,False,-4.441981073126829,-0.17344351699714125,9.689224500220007,0.014407913190495255,True,Keep distance
1,304,1675462339.2240446,26.849922203226214,-0.0020840230310170656,True,True,True,True,13.899948135484141,False,False,False,-4.388500923198159,0.034899161781214896,9.662813659133286,0.0753885929800022,True,Keep distance
1,305,1675462339.3241704,26.849922203226214,0.0019385562648682499,True,True,True,True,13.899948135484141,False,False,False,-4.388500923198159,0.034899161781214896,9.662813659133286,0.05843532696201307,True,Keep distance
1,306,1675462339.4241269,24.82363961497229,0.0019385562648682499,True,True,True,True,12.549093076648193,False,False,False,-4.328609757391001,-0.03046021231440548,9.656999568883318,0.12086574750016671,True,Keep distance
1,307,1675462339.524126,24.82363961497229,-0.003907165568993647,True,True,True,True,12.549093076648193,False,False,False,-4.328609757391001,-0.03046021231440548,9.656999568883318,0.12086574750016671,True,Keep distance
1,308,1675462339.6242218,24.82363961497229,-0.0024725022402452366,True,True,True,True,12.549093076648193,False,False,False,-4.178536028982815,0.038637254700040084,9.671945443255046,0.04591096731124048,True,Keep distance
1,309,1675462339.7242017,24.82363961497229,-0.0024725022402452366,True,True,True,True,12.549093076648193,False,False,False,-4.108608537461787,0.05081104451126618,9.679842941351906,0.060343524677454546,True,Keep distance
1,310,1675462339.8241477,24.82363961497229,-0.004188836774765321,True,True,True,True,12.549093076648193,False,False,False,-4.000942461308505,0.01084784036784301,9.720662281905742,0.037381900855167786,True,Keep distance
1,311,1675462339.9241776,24.82363961497229,-0.004188836774765321,True,True,True,True,12.549093076648193,False,False,False,-4.000942461308505,0.01084784036784301,9.720662281905742,0.037381900855167786,True,Keep distance
1,312,1675462340.0242016,24.82363961497229,-0.008940079227756382,True,True,True,True,12.549093076648193,False,False,False,-4.000942461308505,0.01084784036784301,9.720662281905742,0.13338118605359486,True,Keep distance
1,313,1675462340.1241841,24.82363961497229,0.029206789212635777,True,True,True,True,12.549093076648193,False,False,False,-3.905616967278059,0.0809932984673711,9.763528931095205,0.04717935347827292,True,Keep distance
1,314,1675462340.2241266,24.82363961497229,0.029206789212635777,True,True,True,True,12.549093076648193,False,False,False,-3.8495123516311893,0.18615451545306902,9.812633710782444,0.2470697365670116,True,Keep distance
1,315,1675462340.3241286,24.82363961497229,0.029206789212635777,True,True,True,True,12.549093076648193,False,False,False,-3.8392619864844684,0.43989490133911746,9.82748263080385,0.05376756734767035,True,Keep distance
1,316,1675462340.424102,24.82363961497229,0.0012328676085063821,True,True,False,True,12.549093076648193,False,False,False,-3.8334488613226476,0.4915645947556828,9.841172103276426,0.05376756734767035,True,Keep distance
1,317,1675462340.5242062,24.82363961497229,0.003540383549737155,True,True,False,True,12.549093076648193,False,False,False,-3.8334488613226476,0.4915645947556828,9.841172103276426,0.05376756734767035,True,Keep distance
1,318,1675462340.6242046,24.82363961497229,0.003540383549737155,True,True,False,True,12.549093076648193,False,False,False,-3.821281365266283,0.10729515515677533,9.885556073045331,0.025121624774124246,True,Keep distance
1,319,1675462340.724185,24.82363961497229,0.003691106141210862,True,True,False,True,12.549093076648193,False,False,False,-3.826314901662286,0.16943285248041065,9.8899644030974,0.06249690625288247,True,Keep distance
1,320,1675462340.8241482,24.82363961497229,0.005818802270091132,True,True,False,True,12.549093076648193,False,False,False,-3.8337715327543704,0.20643775873643602,9.892894360850587,0.03786223826844002,True,Keep distance
1,321,1675462340.9241712,24.82363961497229,0.005818802270091132,True,True,False,True,11.415044270206742,False,False,False,-3.853224225680888,0.19905149338826217,9.894383470372656,0.018448009317400205,True,Keep distance
1,322,1675462341.0242164,23.122566405310113,-0.004186639211926982,True,True,False,True,11.415044270206742,False,False,False,-3.853224225680888,0.19905149338826217,9.894383470372656,0.018448009317400205,True,Keep distance
1,323,1675462341.1241271,23.122566405310113,0.008727288454471403,True,True,False,True,11.415044270206742,False,False,False,-3.9105330406633074,0.0018057261753612218,9.876587772679686,0.015077178030837475,True,Keep distance
1,324,1675462341.2241511,23.122566405310113,0.008727288454471403,True,True,False,True,11.415044270206742,False,False,False,-3.9105330406633074,0.0018057261753612218,9.876587772679686,0.15061412834479063,True,Keep distance
1,325,1675462341.3241448,23.122566405310113,0.014104355061713663,True,True,False,True,11.415044270206742,False,False,False,-3.9339427867703662,-0.03005413637496643,9.863791960035423,0.1149752427017176,True,Keep distance
1,326,1675462341.4241018,23.122566405310113,0.014104355061713663,True,True,False,True,11.415044270206742,False,False,False,-3.957206520713044,0.043749224883676406,9.849494461791048,0.014560424122329862,True,Keep distance
1,327,1675462341.5241008,23.122566405310113,0.002310790512249272,True,True,False,True,11.415044270206742,False,False,False,-3.9869650357043507,0.1761350207147087,9.82728957858466,0.0501290224070119,True,Keep distance
1,328,1675462341.6241133,23.122566405310113,0.0012842744686552086,True,True,False,True,11.415044270206742,False,False,False,-3.9916572039963643,0.04312326412195353,9.819845895100965,0.07688685372605593,True,Keep distance
1,329,1675462341.7242649,23.122566405310113,0.0012842744686552086,True,True,False,True,11.415044270206742,False,False,False,-3.9961365062673226,-0.03331367409698561,9.812851711605274,0.07688685372605593,True,Keep distance
1,330,1675462341.8241467,23.122566405310113,0.0012842744686552086,True,True,False,True,11.415044270206742,False,False,False,-4.004509741650279,-0.0348541489122081,9.800406226995879,0.0075878316617909326,True,Keep distance
1,331,1675462341.9242213,23.122566405310113,-0.0008744228833289428,True,True,False,True,11.415044270206742,False,False,False,-4.010834219445607,-0.028414127626741545,9.790296493279236,0.005703306048813416,True,Keep distance
1,332,1675462342.024182,21.667737420266008,0.008330596408975004,True,True,False,True,10.445158280177338,False,False,False,-4.013826889422728,-0.0624328563885483,9.782688685660045,0.034987265067906746,True,Keep distance
