repetition,iteration,time,speed,steering,obstacle_North,obstacle_NorthWest,obstacle_SouthWest,obstacle_West,obstacle_distance,follow_enable,steady_motion_enable,passing_start,accel_x,accel_y,accel_z,accel_diff,success,action
1,1,1675461466.5750256,0.0,0.0,False,True,False,True,100000,False,True,False,-0.06362108344830059,-1.3203331004646683e-13,9.78033067638404,0.014915450998293075,True,Cruise
1,2,1675461466.5751832,0.0,0.0,False,True,False,True,100000,False,True,False,-0.06362108344830059,-1.3203331004646683e-13,9.78033067638404,0.014915450998293075,True,Cruise
1,3,1675461466.6753078,49.92962393205572,-0.0009383475725903492,False,True,False,True,100000,False,True,False,-0.053954518269158064,5.4744714298872234e-14,9.79191462093072,0.01512419171482807,True,Cruise
1,4,1675461466.7753894,49.92962393205572,-0.0009383475725903492,False,True,False,True,100000,False,True,False,-0.04336732387116506,2.5345768055203166e-13,9.802715199147,0.015016569627784316,True,Cruise
1,5,1675461466.8753512,49.8561158536528,0.0019184552846293684,False,True,False,True,100000,False,True,False,1.8862138397215658,-0.0011369613748131524,9.662934838514579,0.9225494090170612,True,Cruise
1,6,1675461466.9753172,49.8561158536528,0.0019184552846293684,False,True,False,True,100000,False,True,False,2.5737025850745243,-0.0019227461394264718,9.625108476138339,0.6885290307135205,True,Cruise
1,7,1675461467.075629,49.6737355644641,-0.004350192473812036,False,True,False,True,100000,False,True,False,3.31398129457562,0.0025851805290860934,9.617374444202918,0.7403328335238377,True,Cruise
1,8,1675461467.1753447,49.88532173905971,0.0015290434792038612,False,True,False,True,100000,False,True,False,3.607935314079379,0.004923499528736513,9.657300162708662,0.10685634869566012,True,Cruise
1,9,1675461467.2753925,49.88532173905971,0.0015290434792038612,False,True,False,True,100000,False,True,False,3.8143690817543203,-0.00665702903290127,9.70669449087022,0.11640614250546263,True,Cruise
1,10,1675461467.3753865,49.796106401881346,0.0027185813082487324,False,True,False,True,100000,False,True,False,3.9257940624107537,-0.030899415978882742,9.730086164044168,0.12246555980215793,True,Cruise
1,11,1675461467.4753516,49.705772306289795,0.0027185813082487324,False,True,False,False,100000,False,True,False,4.161115197186801,0.006080927203244433,9.772923964568477,0.12023938152093354,True,Cruise
1,12,1675461467.5753543,49.705772306289795,0.00392303591613608,False,True,False,False,100000,False,True,False,4.37798177537619,0.0021273340354907304,9.811634953495181,0.09271043103079528,True,Cruise
1,13,1675461467.6753216,48.6335918157944,-0.018218775789408018,False,True,False,False,100000,False,True,False,4.545392450417175,0.00784610096488045,9.846709383767864,0.0634274976300457,True,Cruise
1,14,1675461467.7753124,48.6335918157944,-0.018218775789408018,False,True,False,False,100000,False,True,False,4.68563762507102,-0.032791628678049384,9.889965232264812,0.10919473812669488,True,Cruise
1,15,1675461467.8753576,49.93849704511392,-0.0008200393984810147,False,True,False,False,100000,False,True,False,4.70451845295453,-0.0604217727267606,9.901078738215807,0.035262168626476645,True,Cruise
1,16,1675461467.97532,49.93849704511392,-0.0008200393984810147,False,True,False,False,100000,False,True,False,4.711121871837659,-0.10626384417842887,9.910245038096381,0.04721357547810311,True,Cruise
1,17,1675461468.0753229,49.72977384602185,0.0036030153863754067,False,True,False,False,100000,False,True,False,4.692122513605202,0.016716772660492457,9.922304443331033,0.023768751294693403,True,Cruise
1,18,1675461468.1754527,49.58317661007817,0.005557645198957811,False,True,False,False,100000,False,True,False,4.637130406229692,-0.002667605689873917,9.925815674182351,0.023768751294693403,True,Cruise
1,19,1675461468.2753654,49.58317661007817,0.005557645198957811,False,True,False,False,100000,False,True,False,4.555404601656931,0.006939019999340189,9.921020849788844,0.04393625027745905,True,Cruise
1,20,1675461468.375321,49.756051107998374,0.0032526518933550163,False,True,False,False,100000,False,True,False,4.456180688901227,0.015457097443642836,9.908705310726635,0.05171844185010221,True,Cruise
1,21,1675461468.4754267,49.756051107998374,0.0032526518933550163,False,True,False,False,100000,False,True,False,4.40282436647798,0.021383901593468646,9.90008994183752,0.0543713962581378,True,Cruise
1,22,1675461468.5754611,49.25514862469148,0.00993135167078029,False,True,False,False,100000,False,True,False,4.293852581511367,0.0068767180824016545,9.878853663556734,0.05514815528197899,True,Cruise
1,23,1675461468.6753037,49.46589629121087,0.007121382783855102,False,True,False,False,100000,False,True,False,4.187894193520392,-0.008219058501262764,9.853665314108033,0.06330541275239375,True,Cruise
1,24,1675461468.775302,49.46589629121087,0.007121382783855102,False,True,False,False,100000,False,True,False,4.090847373664944,0.04917630075371247,9.826300622042924,0.053359552696950675,True,Cruise
1,25,1675461468.8753452,49.861360129666146,0.0018485316044514557,False,True,False,False,100000,False,True,False,4.047209721960481,0.0360501866059863,9.812347383260349,0.04765744843592375,True,Cruise
1,26,1675461468.9753275,49.741790597352384,0.0034427920353015708,False,True,False,False,100000,False,True,False,3.971692424447682,0.02735181361424761,9.784967660684671,0.03822208942388349,True,Cruise
1,27,1675461469.0753968,49.741790597352384,0.0034427920353015708,False,True,False,False,100000,False,True,False,3.913581805035611,0.016129926874482246,9.759556532024526,0.06440885257662313,True,Cruise
1,28,1675461469.1753082,49.900413441955834,0.00132782077392214,False,True,False,False,100000,False,True,False,3.8734307626718323,0.01062368009936492,9.73743810952873,0.022295903257405335,True,Cruise
1,29,1675461469.275342,49.900413441955834,0.00132782077392214,False,True,False,False,100000,False,True,False,3.859948921372772,0.015346618134297928,9.727937815406959,0.01439527900640549,True,Cruise
1,30,1675461469.3753254,49.44829655741812,0.007356045901091759,False,True,False,False,100000,False,True,False,3.844094590786482,0.003855483797808332,9.706671925547111,0.008605330476982474,True,Cruise
1,31,1675461469.4753437,49.44829655741812,0.007356045901091759,False,True,False,False,100000,False,True,False,3.846124995668897,0.0014089407504765743,9.702151176893874,0.005526778922186324,True,Cruise
1,32,1675461469.5753007,48.99554285637446,0.013392761915007184,False,True,False,False,100000,False,True,False,3.8591250437042475,0.015669853266997824,9.697019366610919,0.015849677902833294,True,Cruise
1,33,1675461469.6753087,49.46881878047324,0.007082416260356796,False,True,False,False,100000,False,True,False,3.8818068652837603,0.010878682325247089,9.69686138068768,0.020889611696733753,True,Cruise
1,34,1675461469.7753735,49.46881878047324,0.007082416260356796,False,True,False,False,100000,False,True,False,3.895740764191769,0.04269847918075532,9.698512232019311,0.033733651344888066,True,Cruise
1,35,1675461469.8754368,49.33051098858703,0.00892652015217297,False,True,False,False,100000,False,True,False,3.9276525830428186,0.03790937195820386,9.70476711117807,0.03865129288857776,True,Cruise
1,36,1675461469.9753366,49.33051098858703,0.00892652015217297,False,True,False,False,100000,False,True,False,3.9623904818991047,0.02076304883458628,9.714311654077981,0.018340213914975045,True,Cruise
1,37,1675461470.0755684,49.60843963180716,0.005220804909237927,False,True,False,False,100000,False,True,False,3.996965130293228,0.03320428404253617,9.726261146676878,0.03863911254736409,True,Cruise
1,38,1675461470.175346,49.26608860727648,0.009785485236313573,False,True,False,False,100000,False,True,False,4.029672230944767,0.03102454145673871,9.739596962845907,0.025197008739546015,True,Cruise
1,39,1675461470.2753263,49.26608860727648,0.009785485236313573,False,True,False,False,100000,False,True,False,4.0448202896742576,0.021736477085206842,9.74648457689996,0.019057047263398387,True,Cruise
1,40,1675461470.3753164,49.26608860727648,0.009785485236313573,False,True,False,False,100000,False,True,False,4.071642027152449,0.006810834955322559,9.760156407873186,0.03087627331889925,True,Cruise
1,41,1675461470.4752896,49.80767075101703,0.0025643899864396897,False,True,False,False,100000,False,True,False,4.092868193003362,0.04641888877192265,9.773044220932523,0.016549980998807792,True,Cruise
1,42,1675461470.575339,49.707299564558674,0.0039026724725510606,False,True,False,False,100000,False,True,False,4.092868193003362,0.04641888877192265,9.773044220932523,0.016549980998807792,True,Cruise
1,43,1675461470.675443,48.09792031874772,0.025361062416697115,False,True,False,False,100000,False,True,False,4.119920370059374,0.00019891365347684815,9.793651941970664,0.021268418842781835,True,Cruise
1,44,1675461470.7753322,48.09792031874772,0.025361062416697115,False,True,False,False,100000,False,True,False,4.12323710573166,-0.007196197984839078,9.797446063280457,0.008948953468221965,True,Cruise
1,45,1675461470.8752773,49.53535927117496,0.006195209717667192,False,True,False,False,100000,False,True,False,4.1243229145191505,0.08180730631885888,9.803379581257998,0.1403292368894428,True,Cruise
1,46,1675461470.9753196,49.53535927117496,0.006195209717667192,False,True,False,False,100000,False,True,False,4.1225825133288705,0.14364948593067223,9.805448110022816,0.06624873245643133,True,Cruise
1,47,1675461471.07531,48.203389131142686,0.023954811584764233,False,True,False,False,100000,False,True,False,4.120298632825825,0.20984415064550702,9.806842672757952,0.18451615757792325,True,Cruise
1,48,1675461471.1753175,48.203389131142686,0.023954811584764233,False,True,False,False,100000,False,True,False,4.114383855223053,0.015360703831043343,9.80702618300187,0.18451615757792325,True,Cruise
1,49,1675461471.2753243,48.300986960142374,0.022653507198101698,False,True,False,False,100000,False,True,False,4.110183745660655,-0.02750293472068906,9.806148351562513,0.04307787156145988,True,Cruise
1,50,1675461471.3753226,48.300986960142374,0.022653507198101698,False,True,False,False,100000,False,True,False,4.097066548132459,0.1558698512085968,9.803438825484799,0.059210812912218865,True,Cruise
1,51,1675461471.4753103,47.114090563093974,0.03847879249208032,False,True,False,False,100000,False,True,False,4.078832547218447,0.155879680169633,9.796515340144861,0.014222956177542509,True,Cruise
1,52,1675461471.5753212,47.114090563093974,0.03847879249208032,False,True,False,False,100000,False,True,False,4.06502924777645,0.21431737045159713,9.791075834458379,0.06029164903275962,True,Cruise
1,53,1675461471.6753585,46.51789237898362,0.04642810161355178,False,True,False,False,100000,False,True,False,4.057425779204041,0.27041388972201763,9.78826492148707,0.05667921524086713,True,Cruise
1,54,1675461471.7753391,46.5576445923326,0.045898072102232,False,True,False,False,100000,False,True,False,4.050688874314397,0.2651943279402408,9.78535372440894,0.05859266180973685,True,Cruise
1,55,1675461471.8753679,46.989135516584376,0.04014485977887501,False,True,False,False,100000,False,True,False,4.031288484277191,0.36236243517389716,9.776958473226994,0.010146833147491622,True,Cruise
1,56,1675461471.975327,46.989135516584376,0.04014485977887501,False,True,False,False,100000,False,True,False,4.02717011612302,0.3679079460712553,9.774224707934442,0.007428803405715633,True,Cruise
1,57,1675461472.0753243,47.16159458890575,0.03784540548125673,False,True,False,False,100000,False,True,False,4.02385469768929,0.3750265736095183,9.771634176986034,0.009414063993388814,True,Cruise
1,58,1675461472.175544,47.16159458890575,0.03784540548125673,False,True,False,False,100000,False,True,False,4.021401394139073,0.3673135699251647,9.76682632125533,0.009414063993388814,True,Cruise
1,59,1675461472.2753963,47.94619444604628,0.027384074052716288,False,True,False,False,100000,False,True,False,4.021248271895168,0.35145888632516376,9.763059192925203,0.007346631564742528,True,Cruise
1,60,1675461472.375419,47.94619444604628,0.027384074052716288,False,True,False,False,100000,False,True,False,4.022103001725281,0.37071760030805473,9.760478483527482,0.01215546889656446,True,Cruise
1,61,1675461472.4753246,47.70235573410421,0.030635256878610545,False,True,False,False,100000,False,True,False,4.03114705967828,0.23559536074012438,9.758428558372122,0.04774742502687142,True,Cruise
1,62,1675461472.5754561,47.70235573410421,0.030635256878610545,False,True,False,False,100000,False,True,False,4.033684908569476,0.21639196949501735,9.758102851841267,0.01937309983073021,True,Cruise
1,63,1675461472.6753762,46.632553828184754,0.04489928229086998,False,True,False,False,100000,False,True,False,4.033684908569476,0.21639196949501735,9.758102851841267,0.01937309983073021,True,Cruise
1,64,1675461472.7753296,47.895479533117,0.028060272891773347,False,True,False,False,100000,False,True,False,4.035547858739441,0.20729819598928348,9.759245209147226,0.011500047963246286,True,Cruise
1,65,1675461472.8754148,47.895479533117,0.028060272891773347,False,True,False,False,100000,False,True,False,4.040119289873541,0.1703591660211796,9.76187552255332,0.0027127456691367654,True,Cruise
1,66,1675461472.9754968,48.42694794124414,0.02097402745007817,False,True,False,False,100000,False,True,False,4.042437962346048,0.16945180608284918,9.762952297819089,0.024094844616925334,True,Cruise
1,67,1675461473.0754082,48.42694794124414,0.02097402745007817,False,True,False,False,100000,False,True,False,4.048874182026954,0.13382656765160791,9.76518150003375,0.01223770775537659,True,Cruise
1,68,1675461473.175302,47.89838445059553,0.02802154065872632,False,True,False,False,100000,False,True,False,4.056670591368013,0.10126378410128967,9.767449631457417,0.01223770775537659,True,Cruise
1,69,1675461473.2753212,47.89838445059553,0.02802154065872632,False,True,False,False,100000,False,True,False,4.064534054842553,0.056965271448496196,9.771234798392019,0.016579412083121078,True,Cruise
1,70,1675461473.3753502,49.74980492876145,0.003335934283180685,False,True,False,False,100000,False,True,False,4.0629996523609835,0.11505607721276043,9.772798886634227,0.05813211227322068,True,Cruise
1,71,1675461473.4753366,49.43150618577201,0.007579917523039817,False,True,False,False,100000,False,True,False,4.061913182823973,0.14737755076055645,9.774167739930201,0.03236868591249306,True,Cruise
1,72,1675461473.5753162,49.43150618577201,0.007579917523039817,False,True,False,False,100000,False,True,False,4.071608355780417,0.04365479210752209,9.775373858756431,0.1858239012218738,True,Cruise
1,73,1675461473.675373,49.48980700913182,-0.006802573211575657,False,True,False,False,100000,False,True,False,4.079806119702849,0.008585785619807423,9.777363656714028,0.06392852332776623,True,Cruise
1,74,1675461473.7753532,49.99559963214794,-5.867157136071259e-05,False,True,False,False,100000,False,True,False,4.079806119702849,0.008585785619807423,9.777363656714028,0.10140866590394695,True,Cruise
1,75,1675461473.8753076,49.99559963214794,-5.867157136071259e-05,False,True,False,False,100000,False,True,False,4.082907176321,-0.15418644297339826,9.778231489288093,0.023467875740780523,True,Cruise
1,76,1675461473.975297,49.481596484384305,0.00691204687487593,False,True,False,False,100000,False,True,False,4.079946634102453,-0.20727837724205767,9.779191680004086,0.029718810926663265,True,Cruise
1,77,1675461474.0753524,49.481596484384305,0.00691204687487593,False,True,False,False,100000,False,True,False,4.074241371958881,-0.16328054383256563,9.779878445329164,0.0027193561718174618,True,Cruise
1,78,1675461474.1753285,48.818944462810585,-0.015747407162525606,False,True,False,False,100000,False,True,False,4.067956254306642,-0.08034669678080474,9.779770708227518,0.08317173376809232,True,Cruise
1,79,1675461474.2753358,49.26545416712693,-0.009793944438307552,False,True,False,False,100000,False,True,False,4.067054223883889,-0.011971061979330684,9.779424397684785,0.06838246137994836,True,Cruise
1,80,1675461474.3754296,49.26545416712693,-0.009793944438307552,False,True,False,False,100000,False,True,False,4.068582576947978,-0.1875362740581982,9.778751039275901,0.17557315559883593,True,Cruise
1,81,1675461474.4753509,49.26545416712693,-0.009793944438307552,False,True,False,False,100000,False,True,False,4.067258473626217,-0.3082236222494543,9.777743205689582,0.03100454275048633,True,Cruise
1,82,1675461474.5753865,49.73995640637961,-0.0034672479149385144,False,True,False,False,100000,False,True,False,4.0630934620497134,-0.20898334273961147,9.776846386271423,0.03904313025419632,True,Cruise
1,83,1675461474.675363,49.57588033835341,-0.00565492882195457,False,True,False,False,100000,False,True,False,4.05955702876297,-0.16306679114956288,9.775815761452929,0.0460640668833059,True,Cruise
1,84,1675461474.7753084,49.276276348792905,-0.00964964868276127,False,True,False,False,100000,False,True,False,4.0582664189660465,-0.13670388014803841,9.775264174920869,0.026400246169772046,True,Cruise
1,85,1675461474.8753037,49.276276348792905,-0.00964964868276127,False,True,False,False,100000,False,True,False,4.05520338692618,-0.13103234151354898,9.773667723047833,0.0070574065264050615,True,Cruise
1,86,1675461474.9753325,49.08599896142778,0.012186680514296324,False,True,False,False,100000,False,True,False,4.053239554742218,-0.16654853964048344,9.77277826404587,0.008272593297838499,True,Cruise
1,87,1675461475.0753944,49.08599896142778,0.012186680514296324,False,True,False,False,100000,False,True,False,4.053239554742218,-0.16654853964048344,9.77277826404587,0.05660608239656079,True,Cruise
1,88,1675461475.1754417,49.49225056112368,-0.006769992518350953,False,True,False,False,100000,False,True,False,4.052488620418662,-0.22314819642383368,9.772373895482689,0.05660608239656079,True,Cruise
1,89,1675461475.275338,49.49225056112368,-0.006769992518350953,False,True,False,False,100000,False,True,False,4.052271554597924,0.19581017041539012,9.771123835883145,0.06729816048220949,True,Cruise
1,90,1675461475.3753014,48.18040982703476,-0.024261202306203183,False,True,False,False,100000,False,True,False,4.052271554597924,0.19581017041539012,9.771123835883145,0.06729816048220949,True,Cruise
1,91,1675461475.4754138,49.41042159654822,0.00786104537935716,False,True,False,False,100000,False,True,False,4.051977170064367,-0.034634257807187194,9.770896684657785,0.042472104980113695,True,Cruise
1,92,1675461475.5753472,49.41042159654822,0.00786104537935716,False,True,False,False,100000,False,True,False,4.050908179670998,-0.13028881526404823,9.77097493518239,0.13812956027176274,True,Cruise
1,93,1675461475.6753728,49.60593210631591,0.005254238582454567,False,True,False,False,100000,False,True,False,4.04949315622739,-0.2999475976597141,9.771096766669647,0.1696647269712746,True,Cruise
1,94,1675461475.775299,49.60593210631591,0.005254238582454567,False,True,False,False,100000,False,True,False,4.053960791725886,0.14137677560332632,9.77101871988324,0.005305282710254421,True,Cruise
1,95,1675461475.87534,49.68977442991214,-0.004136340934504788,False,True,False,False,100000,False,True,False,4.054277826872964,0.13608359681129314,9.771185368095988,0.005305282710254421,True,Cruise
1,96,1675461475.9753263,49.68977442991214,-0.004136340934504788,False,True,False,False,100000,False,True,False,4.054433135831042,0.1026008135415077,9.771626416655595,0.04015313059363581,True,Cruise
1,97,1675461476.0753596,49.927340904601934,0.0009687879386408837,False,True,False,False,100000,False,True,False,4.05489451301047,-0.0224846398651541,9.772109564900498,0.04070844106289885,True,Cruise
1,98,1675461476.1753674,48.84242516720329,-0.01543433110395616,False,True,False,False,100000,False,True,False,4.055192868726703,-0.026992963490999135,9.772352350366111,0.03924786676055415,True,Cruise
1,99,1675461476.2754858,48.84242516720329,-0.01543433110395616,False,True,False,False,100000,False,True,False,4.056463159865118,0.036650394616667414,9.773030737254073,0.03924786676055415,True,Cruise
1,100,1675461476.3753185,49.51076090616549,0.006523187917793529,False,True,False,False,100000,False,True,False,4.056836912645436,0.08477858376470454,9.773245826880792,0.04813012097800666,True,Cruise
1,101,1675461476.4754035,49.51076090616549,0.006523187917793529,False,True,False,False,100000,False,True,False,4.056324480277684,-0.23523723871726535,9.773743957989046,0.16179504626718577,True,Cruise
1,102,1675461476.5753598,49.73173071877339,0.003576923749688118,False,True,False,False,100000,False,True,False,4.058226049489583,0.04337810957182233,9.773955756948327,0.11053483630077413,True,Cruise
1,103,1675461476.675491,49.19028755767183,-0.010796165897708954,False,True,False,False,100000,False,True,False,4.058556857146399,0.07271108827409231,9.774095261698335,0.02933517572520926,True,Cruise
1,104,1675461476.7753801,49.19028755767183,-0.010796165897708954,False,True,False,False,100000,False,True,False,4.058569132335678,0.04488557303404493,9.774356251086745,0.027826741895436546,True,Cruise
1,105,1675461476.875314,48.81620446770474,-0.015783940430603407,False,True,False,False,100000,False,True,False,4.058489293129253,-0.06240454133119432,9.774535783822348,0.07165402242020973,True,Cruise
1,106,1675461476.97534,48.81620446770474,-0.015783940430603407,False,True,False,False,100000,False,True,False,4.057863867149987,-0.14901682730446106,9.774668975535727,0.014963336383102072,True,Cruise
1,107,1675461477.0753968,48.46682630893875,-0.02044231588081665,False,True,False,False,100000,False,True,False,4.057489294506415,-0.133429510140817,9.774701570046787,0.015591851186677485,True,Cruise
1,108,1675461477.1753461,48.811321154838076,0.01584905126882564,False,True,False,False,100000,False,True,False,4.055879365597176,-0.2218964801895722,9.774761760332035,0.038995487036927824,True,Cruise
1,109,1675461477.2753117,48.811321154838076,0.01584905126882564,False,True,False,False,100000,False,True,False,4.052830130835924,-0.45445846462532713,9.774694680704732,0.23258198325967114,True,Cruise
1,110,1675461477.375304,49.47058250638075,-0.007058899914923364,False,True,False,False,100000,False,True,False,4.058560361199377,-0.1335193487085061,9.774066778262682,0.1939334778242176,True,Cruise
1,111,1675461477.475293,49.47058250638075,-0.007058899914923364,False,True,False,False,100000,False,True,False,4.061674840469218,0.17781935391478507,9.773685613824535,0.11742696717438654,True,Cruise
1,112,1675461477.5753171,48.580513439057675,-0.018926487479231004,False,True,False,False,100000,False,True,False,4.060030953733845,-0.04013583222154366,9.77378911287331,0.21796140997748553,True,Cruise
1,113,1675461477.6754673,48.580513439057675,-0.018926487479231004,False,True,False,False,100000,False,True,False,4.056995133429784,-0.15436590853655532,9.773901631889593,0.014932169881555303,True,Cruise
1,114,1675461477.7753778,48.93665311527421,-0.014177958463010462,False,True,False,False,100000,False,True,False,4.056995133429784,-0.15436590853655532,9.773901631889593,0.1349021622536668,True,Cruise
1,115,1675461477.8753164,48.93665311527421,-0.014177958463010462,False,True,False,False,100000,False,True,False,4.051265264949172,-0.3069989622510548,9.773932984399549,0.013708217713856323,True,Cruise
1,116,1675461477.97533,49.55066963086067,0.005991071588524483,False,True,False,False,100000,False,True,False,4.051861074360406,-0.26858498855299884,9.773720722756567,0.038419180354798445,True,Cruise
1,117,1675461478.0754018,49.371707130291654,0.008377238262777923,False,True,False,False,100000,False,True,False,4.052832897744826,-0.27179064057668334,9.773384318298753,0.08000698985628774,True,Cruise
1,118,1675461478.1753392,49.371707130291654,0.008377238262777923,False,True,False,False,100000,False,True,False,4.057749909837146,-0.1751100468033231,9.772750672471883,0.17674751047690532,True,Cruise
1,119,1675461478.2752688,49.5486284267852,-0.006018287642863993,False,True,False,False,100000,False,True,False,4.057749909837146,-0.1751100468033231,9.772750672471883,0.17674751047690532,True,Cruise
1,120,1675461478.3753495,49.648548414113726,0.004686021145150376,False,True,False,False,100000,False,True,False,4.060220590288308,0.04237208298019825,9.772658441622122,0.016591865458402185,True,Cruise
1,121,1675461478.4753206,49.648548414113726,0.004686021145150376,False,True,False,False,100000,False,True,False,4.058997912526832,0.11146934842195051,9.772800243029971,0.016591865458402185,True,Cruise
1,122,1675461478.5752919,49.04543703853365,-0.012727506152884633,False,True,False,False,100000,False,True,False,4.0570876275851955,0.027324585512789656,9.773083547093288,0.1418289611617269,True,Cruise
1,123,1675461478.6753318,49.04543703853365,-0.012727506152884633,False,True,False,False,100000,False,True,False,4.0569257721393495,0.2029318329611397,9.773188942905197,0.09767799473480142,True,Cruise
1,124,1675461478.7753353,49.983130743127546,-0.0002249234249660517,False,True,False,False,100000,False,True,False,4.0569257721393495,0.2029318329611397,9.773188942905197,0.09767799473480142,True,Cruise
1,125,1675461478.8754213,49.983130743127546,-0.0002249234249660517,False,True,False,False,100000,False,True,False,4.0555594405922255,-0.08252594689687892,9.773531558849749,0.2854612553903789,True,Cruise
1,126,1675461478.9753237,49.89927572523655,0.0013429903301793193,False,True,False,False,100000,False,True,False,4.054858208679242,-0.14171047029990208,9.773632328886512,0.10773791107722532,True,Cruise
1,127,1675461479.0753272,49.89927572523655,0.0013429903301793193,False,True,False,False,100000,False,True,False,4.056392594064439,-0.0339835705579715,9.773497359386852,0.10773791107722532,True,Cruise
1,128,1675461479.1753032,49.66695035927545,0.004440661876327346,False,True,False,False,100000,False,True,False,4.058144419065651,0.022000852543451795,9.773422014785885,0.009007895726720791,True,Cruise
1,129,1675461479.275432,49.767173856507,-0.0031043485799066833,False,True,False,False,100000,False,True,False,4.0583551390703,0.00744206042837743,9.7734493707337,0.014560342685465598,True,Cruise
1,130,1675461479.375377,49.767173856507,-0.0031043485799066833,False,True,False,False,100000,False,True,False,4.057756354448555,0.05695178614298603,9.773648048014756,0.033805482125600465,True,Cruise
1,131,1675461479.4753547,49.655789593152825,0.004589472091295667,False,True,False,False,100000,False,True,False,4.057756354448555,0.05695178614298603,9.773648048014756,0.0703061491940656,True,Cruise
1,132,1675461479.5753388,49.655789593152825,0.004589472091295667,False,True,False,False,100000,False,True,False,4.057088627648692,-0.07510575505548385,9.773750988897977,0.06175313807971982,True,Cruise
1,133,1675461479.675284,49.655789593152825,0.004589472091295667,False,True,False,False,100000,False,True,False,4.057160683939457,0.0045139198355096275,9.773750869943948,0.025036354750966106,True,Cruise
1,134,1675461479.7753837,49.88331312443558,-0.0015558250075256384,False,True,False,False,100000,False,True,False,4.057134610917649,0.0908524461725651,9.773758343335732,0.03250852023945558,True,Cruise
1,135,1675461479.8753405,49.499005434966904,-0.00667992753377461,False,True,False,False,100000,False,True,False,4.0569496605962065,0.12336044025619569,9.773759825337756,0.03250852023945558,True,Cruise
1,136,1675461479.9753582,49.7041938072516,0.003944082569978745,False,True,False,False,100000,False,True,False,4.057039443720585,0.028222290411062705,9.773734839711572,0.03466968148705658,True,Cruise
1,137,1675461480.0753312,49.7041938072516,0.003944082569978745,False,True,False,False,100000,False,True,False,4.056930534276549,-0.04679928613679908,9.773715792370359,0.08431599633086358,True,Cruise
1,138,1675461480.1753073,49.031061668220964,0.012919177757053785,False,True,False,False,100000,False,True,False,4.056860419084034,0.09526950572756575,9.773681934893695,0.013413417382183037,True,Cruise
1,139,1675461480.2752995,49.05531029216921,0.012595862771077191,False,True,False,False,100000,False,True,False,4.056766080516292,0.10868258445908181,9.773668331752958,0.013413417382183037,True,Cruise
1,140,1675461480.3753464,49.05531029216921,0.012595862771077191,False,True,False,False,100000,False,True,False,4.056766080516292,0.10868258445908181,9.773668331752958,0.013413417382183037,True,Cruise
1,141,1675461480.47531,49.74676704102432,0.0033764394530090723,False,True,False,False,100000,False,True,False,4.054821060019576,0.26120053059697274,9.77371140264419,0.01138862737273081,True,Cruise
1,142,1675461480.5754156,49.74676704102432,0.0033764394530090723,False,True,False,False,100000,False,True,False,4.053786599509007,0.33649554070987764,9.773614912978202,0.048558235369939105,True,Cruise
1,143,1675461480.675509,49.475678685472694,-0.006990950860364083,False,True,False,False,100000,False,True,False,4.055265872664116,0.2570457514921003,9.773429337595003,0.07946377598654324,True,Cruise
1,144,1675461480.7753837,49.475678685472694,-0.006990950860364083,False,True,False,False,100000,False,True,False,4.056358035185887,0.24406195666483596,9.77331781080258,0.01303012606676864,True,Cruise
1,145,1675461480.8753128,48.803732372542505,-0.015950235032766626,False,True,False,False,100000,False,True,False,4.058947783994073,0.03420289485811501,9.773149211457463,0.20987510821206457,True,Cruise
1,146,1675461480.9753442,48.803732372542505,-0.015950235032766626,False,True,False,False,100000,False,True,False,4.058947783994073,0.03420289485811501,9.773149211457463,0.009184250927544916,True,Cruise
1,147,1675461481.0753405,47.797965103645204,-0.029360465284730682,False,True,False,False,100000,False,True,False,4.057833884794498,-0.08630332565247364,9.773291602873599,0.1296805862226158,True,Cruise
1,148,1675461481.1754718,47.88007291136283,-0.02826569451516223,False,True,False,False,100000,False,True,False,4.055621631078468,-0.21939650905840544,9.77347622232361,0.028523335657780095,True,Cruise
1,149,1675461481.2753696,47.88007291136283,-0.02826569451516223,False,True,False,False,100000,False,True,False,4.049203676988172,-0.5898962092970191,9.773865757048602,0.15849409072540646,True,Cruise
1,150,1675461481.375312,49.14422740475596,-0.011410301269920561,False,True,False,False,100000,False,True,False,4.044334832378669,-0.7472205484285414,9.773917269277824,0.15739966958196402,True,Cruise
1,151,1675461481.4753225,49.14422740475596,-0.011410301269920561,False,True,False,False,100000,False,True,False,4.043014409514084,-0.8594082624475078,9.773803869528269,0.11219554159076872,True,Cruise
1,152,1675461481.5753102,48.7802936615524,-0.016262751179301378,False,True,False,False,100000,False,True,False,4.052982765104589,-0.6723740388002858,9.772765486354043,0.05949245025204405,True,Cruise
1,153,1675461481.6753137,48.7802936615524,-0.016262751179301378,False,True,False,False,100000,False,True,False,4.056084920583512,-0.7130313383819874,9.772518075931362,0.021217902727653875,True,Cruise
1,154,1675461481.775521,47.777027098769,-0.029639638683080016,False,True,False,False,100000,False,True,False,4.056084920583512,-0.7130313383819874,9.772518075931362,0.021217902727653875,True,Cruise
1,155,1675461481.87534,48.318787818793915,-0.022416162416081076,False,True,False,False,100000,False,True,False,4.0526872762916435,-0.8285254686957175,9.772806894273037,0.037113480738284105,True,Cruise
1,156,1675461481.975302,48.318787818793915,-0.022416162416081076,False,True,False,False,100000,False,True,False,4.040468337919928,-0.9912137811814746,9.773549866324121,0.09918893473216683,True,Cruise
1,157,1675461482.0752838,48.96186517252168,-0.013841797699711054,False,True,False,False,100000,False,True,False,4.041604438112212,-0.9154198647044798,9.773202012478302,0.07580322882876843,True,Cruise
1,158,1675461482.1753004,49.33172710920826,-0.008910305210556576,False,True,False,False,100000,False,True,False,4.043374761087948,-0.8752885716784631,9.772857235051827,0.040171800990897136,True,Cruise
1,159,1675461482.275309,49.33172710920826,-0.008910305210556576,False,True,False,False,100000,False,True,False,4.053356813379489,-0.6773910264228361,9.771773181643885,0.0708895424190847,True,Cruise
1,160,1675461482.375304,48.72646439135879,-0.01698047478188274,False,True,False,False,100000,False,True,False,4.055531198881472,-0.6714736951961151,9.771592235309312,0.006306782280526137,True,Cruise
1,161,1675461482.4754202,48.72646439135879,-0.01698047478188274,False,True,False,False,100000,False,True,False,4.060292391268286,-0.5136731654393741,9.77144279328276,0.157872412021137,True,Cruise
1,162,1675461482.5753791,48.095261573073245,-0.025396512359023425,False,True,False,False,100000,False,True,False,4.059872048489119,-0.45673504494635125,9.771625641323633,0.06337751405910094,True,Cruise
1,163,1675461482.6753378,48.095261573073245,-0.025396512359023425,False,True,False,False,100000,False,True,False,4.047813602315639,-0.6142304720993241,9.773114477507828,0.09066650781142432,True,Cruise
1,164,1675461482.775322,49.063639087513636,-0.012484812166484796,False,True,False,False,100000,False,True,False,4.044403864563984,-0.6605184601462918,9.77340716527313,0.008530369439698402,True,Cruise
1,165,1675461482.8756232,49.80551032810631,-0.0025931956252492165,False,True,False,False,100000,False,True,False,4.042856214418904,-0.6689069422684177,9.77348030550111,0.008530369439698402,True,Cruise
1,166,1675461482.9754806,49.80551032810631,-0.0025931956252492165,False,True,False,False,100000,False,True,False,4.050288075024749,-0.5688754475777681,9.772581841092547,0.10031121433022147,True,Cruise
1,167,1675461483.0754983,49.80551032810631,-0.0025931956252492165,False,True,False,False,100000,False,True,False,1.2781746663824483,4.321190225715248,11.153325505611162,5.728270598504325,True,Cruise
1,168,1675461483.175376,49.88484187062239,0.0015354417250348696,False,True,False,False,100000,False,True,False,1.8887886350681289,-2.307425453924244,9.645788331150417,6.825251905937075,True,Cruise
1,169,1675461483.275473,48.573138876311674,-0.019024814982511046,False,True,False,False,100000,False,True,False,1.8887886350681289,-2.307425453924244,9.645788331150417,6.825251905937075,True,Cruise
1,170,1675461483.3754168,49.45639211849372,-0.007248105086750426,False,True,False,False,100000,False,True,False,3.9278144228191443,-2.4985511256085005,9.14200595354813,4.648931136773578,True,Cruise
1,171,1675461483.4755077,49.45639211849372,-0.007248105086750426,False,True,False,False,100000,False,True,False,5.703589515512362,-0.37751193216752815,9.599387398912931,0.6624671422342151,True,Cruise
1,172,1675461483.5753617,49.290597770011,-0.009458696399853347,False,True,False,False,100000,False,True,False,4.734372583507144,-0.7494111571337904,9.709388661208033,0.37503280802793076,True,Cruise
1,173,1675461483.675527,49.290597770011,-0.009458696399853347,False,True,False,False,100000,False,True,False,4.380672078419619,-0.6318283482490622,9.750859649295148,0.2299825659879047,True,Cruise
1,174,1675461483.775404,48.898860876189815,-0.014681854984135798,False,True,False,False,100000,False,True,False,4.0461747021338725,-0.5145194920187611,9.80005853752062,0.025883749795826524,True,Cruise
1,175,1675461483.8753126,48.898860876189815,-0.014681854984135798,False,True,False,False,100000,False,True,False,4.071403834919797,-0.47829976720917944,9.801898948931063,0.04417878133868504,True,Cruise
1,176,1675461483.9753096,49.71857842329243,-0.003752287689434304,False,True,False,False,100000,False,True,False,4.163731840220029,-0.5406319932689191,9.802185487486756,0.09486759082002734,True,Cruise
1,177,1675461484.0753183,48.97366493465782,-0.01368446753789577,False,True,False,False,100000,False,True,False,4.163731840220029,-0.5406319932689191,9.802185487486756,0.025422236232150338,True,Cruise
1,178,1675461484.1754463,48.97366493465782,-0.01368446753789577,False,True,False,False,100000,False,True,False,4.206269861688322,-0.41967248524478284,9.800927892970025,0.13864352125364282,True,Cruise
1,179,1675461484.2754498,48.979289997030605,-0.013609466706258554,False,True,False,False,100000,False,True,False,4.144246024602414,-0.41166594982301136,9.80682510852189,0.08043451633401884,True,Cruise
1,180,1675461484.375427,48.979289997030605,-0.013609466706258554,False,True,False,False,100000,False,True,False,4.129157791586196,-0.5131412406699838,9.805734357049591,0.02232756595818187,True,Cruise
1,181,1675461484.4754941,49.76803487697504,-0.0030928683069994956,False,True,False,True,100000,False,True,False,4.129157791586196,-0.5131412406699838,9.805734357049591,0.02232756595818187,True,Cruise
1,182,1675461484.5753868,48.60444899300635,0.018607346759915343,False,True,False,True,100000,False,True,False,4.220794609213598,-0.18879308423142585,9.830432603616119,0.33794827461229937,True,Cruise
1,183,1675461484.6753008,48.60444899300635,0.018607346759915343,False,True,False,True,100000,False,True,False,3.8120415989628027,-0.0662175167260172,9.835467228126287,0.05191197787376773,True,Cruise
1,184,1675461484.775359,49.43145776252105,0.007580563166386012,False,True,False,True,100000,False,True,False,3.8849276142499582,-0.23348438293423196,9.810787025657799,0.25385705211374887,True,Cruise
1,185,1675461484.8752935,49.43145776252105,0.007580563166386012,False,True,False,True,100000,False,True,False,4.006646718971593,0.19513554588027987,9.786135622764629,0.19242587272410736,True,Cruise
1,186,1675461484.975313,49.759781597819604,0.003202912029071954,False,True,False,True,100000,False,True,False,4.006646718971593,0.19513554588027987,9.786135622764629,0.19242587272410736,True,Cruise
1,187,1675461485.075367,49.759781597819604,0.003202912029071954,False,True,False,True,100000,False,True,False,4.026146089859582,-0.012929646530564803,9.76640479876707,0.05084058580745469,True,Cruise
1,188,1675461485.1754003,48.78157048109706,0.016245726918705825,False,True,False,True,100000,False,True,False,3.9966375213123606,0.025954008821395376,9.758947156543728,0.018374851253572605,True,Cruise
1,189,1675461485.2753577,48.435267130288274,0.020863104929489694,False,True,False,True,100000,False,True,False,3.9735874768958723,0.02976983349281136,9.75266392257294,0.011907107336901972,True,Cruise
1,190,1675461485.3753076,48.435267130288274,0.020863104929489694,False,True,False,True,100000,False,True,False,3.9620920378245605,0.37361986859957996,9.747218849532702,0.13214990536272384,True,Cruise
1,191,1675461485.4753392,48.590712387618204,0.018790501498424015,False,True,False,True,100000,False,True,False,3.9620920378245605,0.37361986859957996,9.747218849532702,0.13214990536272384,True,Cruise
1,192,1675461485.5753117,48.590712387618204,0.018790501498424015,False,True,False,True,100000,False,True,False,3.9602049858571626,0.6333481872578367,9.742853862285665,0.07047651655152946,True,Cruise
1,193,1675461485.67532,47.99376521156395,0.026749797179147407,False,True,False,True,100000,False,True,False,3.9683353478739063,0.7501423369019892,9.741593662581487,0.04666154106930741,True,Cruise
1,194,1675461485.7754533,47.99376521156395,0.026749797179147407,False,True,False,True,100000,False,True,False,3.9739931790838083,0.8133439636832637,9.74139476995367,0.04666154106930741,True,Cruise
1,195,1675461485.8754516,48.03817074385305,0.026157723415292697,False,True,False,True,100000,False,True,False,3.253982608584994,1.083335824709783,9.813248643540375,0.07708128826668949,True,Cruise
1,196,1675461485.975356,48.062599047111235,0.02583201270518359,False,True,False,True,100000,False,True,False,2.821795633564581,1.23585850293973,9.845103057122603,0.4594164259322894,True,Cruise
1,197,1675461486.0753946,48.062599047111235,0.02583201270518359,False,True,False,True,100000,False,True,False,1.8311114172149388,1.4496956451432133,9.878948087648718,0.40802675383740805,True,Cruise
1,198,1675461486.1755378,48.60802696373996,0.018559640483467244,False,True,False,True,100000,False,True,False,1.3403097680920282,1.448392027226684,9.913524655738545,0.49201981389199295,True,Cruise
1,199,1675461486.2754083,49.143242230080105,0.011423436932265232,False,True,False,True,100000,False,True,False,2.570122974254346,1.4695611397687647,9.77327245220621,0.6379234718480723,True,Cruise
1,200,1675461486.3753288,49.143242230080105,0.011423436932265232,False,True,False,True,100000,False,True,False,3.0539154040563665,1.4509085284462406,9.725202975423848,0.486532331547475,True,Cruise
1,201,1675461486.4752955,49.918131653172026,0.0010915779577063429,False,True,False,True,100000,False,True,False,3.5968466150970024,1.4001390082811374,9.679581460237838,0.2444055462909726,True,Cruise
1,202,1675461486.5753062,49.918131653172026,0.0010915779577063429,False,True,False,True,100000,False,True,False,3.6189092232111673,1.3490969410786557,9.682525229154995,0.05568408279337538,True,Cruise
1,203,1675461486.6753457,49.344620892678144,0.008738388097624743,False,True,False,True,100000,False,True,False,3.6303071003782903,1.1537703701213058,9.687704738453645,0.05568408279337538,True,Cruise
1,204,1675461486.7753658,49.344620892678144,0.008738388097624743,False,True,False,True,100000,False,True,False,2.680627647909471,0.7300638743553971,9.795584099768346,0.9012532080581357,True,Cruise
1,205,1675461486.8753963,49.561829716688855,0.005842270444148622,False,True,False,True,100000,False,True,False,1.155776725364584,0.9026160049808417,9.927401713128328,0.39114280065572304,True,Cruise
1,206,1675461486.9753032,49.561829716688855,0.005842270444148622,False,True,False,True,100000,False,True,False,0.7697894171287722,0.9608926950483435,9.952106283160033,1.1547504418858732,True,Cruise
1,207,1675461487.0753129,49.696975683610276,-0.004040324218529608,False,True,False,True,100000,False,True,False,1.8852558337648746,0.6890364954666112,9.82850424781429,0.3408929908044536,True,Cruise
1,208,1675461487.175393,48.774152612585134,-0.01634463183219822,False,True,False,True,100000,False,True,False,1.671116110938462,0.4341559692105321,9.83093641809635,0.18842589058255318,True,Cruise
1,209,1675461487.2754202,48.774152612585134,-0.01634463183219822,False,True,False,True,100000,False,True,False,1.671116110938462,0.4341559692105321,9.83093641809635,0.41452665792414634,True,Cruise
1,210,1675461487.3753068,49.72326930100658,-0.003689742653245584,False,True,False,True,100000,False,True,False,-1.29360749026533,0.09277587966329441,10.055479013072388,1.2257992492384948,True,Cruise
1,211,1675461487.4753892,49.72326930100658,-0.003689742653245584,False,True,False,True,100000,False,True,False,-2.1867307385886527,-0.17086387468447584,10.103130844878823,0.9324407508483662,True,Cruise
1,212,1675461487.5753717,48.74529178570274,-0.016729442857296852,False,True,False,True,100000,False,True,False,0.4238382613420309,-0.3520853009919091,9.747959859613706,0.9324407508483662,True,Cruise
1,213,1675461487.6753407,49.63519951258481,-0.00486400649886922,False,True,False,True,100000,False,True,False,1.6137185335517117,-0.40554810350152015,9.625657364793593,1.1973434067489532,True,Cruise
1,214,1675461487.7754922,49.63519951258481,-0.00486400649886922,False,True,False,True,100000,False,True,False,0.3924621205618708,-0.47846484615969975,9.740865712674646,0.5661929383344756,True,Cruise
1,215,1675461487.8753715,48.70180433927277,-0.01730927547636309,False,True,False,True,100000,False,True,False,0.7399981742228531,-0.6247483190679493,9.676256491478185,0.42863539698756586,True,Cruise
1,216,1675461487.9752934,48.70180433927277,-0.01730927547636309,False,True,False,True,100000,False,True,False,-0.6699783612538643,-0.5847877554421939,9.80408109402148,1.4163226349443006,True,Cruise
1,217,1675461488.07531,49.443199822304315,-0.007424002369275741,False,True,False,True,100000,False,True,False,-0.6699783612538643,-0.5847877554421939,9.80408109402148,1.4163226349443006,True,Cruise
1,218,1675461488.1752965,48.642058219552105,-0.018105890405971988,False,True,False,True,100000,False,True,False,-1.581988549508396,-0.9143859480274876,9.781188824252961,1.7034642979480776,True,Cruise
1,219,1675461488.2753103,48.642058219552105,-0.018105890405971988,False,True,False,True,100000,False,True,False,-0.5811992558588461,-0.6575686255377176,9.696069826523681,1.6988556145334972,True,Cruise
1,220,1675461488.37532,49.51801810288037,-0.006426425294928443,False,True,False,True,100000,False,True,False,-1.5557648084023863,-0.7949655595662652,9.775651668120211,0.9874154157176381,True,Cruise
1,221,1675461488.4753048,49.51801810288037,-0.006426425294928443,False,True,False,True,100000,False,True,False,-2.929775692049277,-0.9618488085118666,9.87015788643594,0.5125391612742135,True,Cruise
1,222,1675461488.575306,49.61644728495926,-0.005114036200543184,False,True,False,True,100000,False,True,False,1.384009420418531,-0.6906932050085604,9.468998378533293,4.340875062546817,True,Cruise
1,223,1675461488.6753047,49.43339791759345,-0.007554694432087314,False,True,False,True,100000,False,True,False,1.384009420418531,-0.6906932050085604,9.468998378533293,0.8093090582140537,True,Cruise
1,224,1675461488.7753205,49.43339791759345,-0.007554694432087314,False,True,False,True,100000,False,True,False,2.6781100121676253,-0.6388909358413865,9.406347951329165,0.48758202385628063,True,Cruise
1,225,1675461488.875308,49.516185673986676,0.0064508576801776685,False,True,False,True,100000,False,True,False,0.730656034398546,-0.6148089595388914,9.652107274002931,0.7061227709908271,True,Cruise
1,226,1675461488.9753735,49.516185673986676,0.0064508576801776685,False,True,False,True,100000,False,True,False,0.11704832391697217,-0.5561218806655402,9.757967400790363,0.19935454761442836,True,Cruise
1,227,1675461489.0753207,49.10613928617803,0.011918142850959695,False,True,False,True,100000,False,True,False,0.11704832391697217,-0.5561218806655402,9.757967400790363,0.19935454761442836,True,Cruise
1,228,1675461489.175341,49.27493258486748,0.009667565535100309,False,True,False,True,100000,False,True,False,-0.38284356160415606,-0.2120737289427175,9.907016643158592,1.0306779491329559,True,Cruise
1,229,1675461489.2753053,49.27493258486748,0.009667565535100309,False,True,False,True,100000,False,True,False,-0.714486799346713,0.03509605700034912,9.942658748344678,0.9434043869640848,True,Cruise
1,230,1675461489.375319,49.85163166994644,0.001978244400714102,False,True,False,True,100000,False,True,False,-0.2839531046103555,0.04659881292580269,9.914183364298836,0.3306962167748298,True,Cruise
1,231,1675461489.475343,49.85163166994644,0.001978244400714102,False,True,False,True,100000,False,True,False,1.2302020224088344,0.2195525413198993,9.785083550606048,1.1993413387609608,True,Cruise
1,232,1675461489.5753312,49.09667272648521,0.012044363646863876,False,True,False,True,100000,False,True,False,1.2302020224088344,0.2195525413198993,9.785083550606048,1.1993413387609608,True,Cruise
1,233,1675461489.6753504,49.09667272648521,0.012044363646863876,False,True,False,True,100000,False,True,False,1.2784433215029134,0.3648121286402816,9.87577098014187,1.7756246293420055,True,Cruise
1,234,1675461489.77529,48.66972340048655,0.01773702132684597,False,True,False,True,100000,False,True,False,-0.34855466261573037,0.5966971122146407,10.028052205463922,1.6504795235079401,True,Cruise
1,235,1675461489.8752952,49.72051605310804,0.0037264526252261004,False,True,False,True,100000,False,True,False,-1.5584366968707826,0.7368023756859738,10.130823391556955,0.7804052773714576,True,Cruise
1,236,1675461489.9753168,49.72051605310804,0.0037264526252261004,False,True,False,True,100000,False,True,False,-2.776471541541719,0.7743111331154204,10.19852584409441,0.4410471283063444,True,Cruise
1,237,1675461490.0753706,49.72051605310804,0.0037264526252261004,False,True,False,True,100000,False,True,False,-1.0332834403498934,0.9046695850067106,9.998231660434719,1.7594930639602302,True,Cruise
1,238,1675461490.175398,49.85978600839699,0.001869519888040166,False,True,False,True,100000,False,True,False,3.130045818370882,0.633410771391522,9.608368087103614,0.41930215402292076,True,Cruise
1,239,1675461490.275297,49.61235073940764,0.005168656807898098,False,True,False,True,100000,False,True,False,2.752176883205732,0.5181067196083116,9.65625823875468,0.3979615850124629,True,Cruise
1,240,1675461490.3753269,48.98601247041631,0.013519833727782506,False,True,False,True,100000,False,True,False,-0.49461003905316525,0.6229473781282547,9.956432812126607,1.878408830295767,True,Cruise
1,241,1675461490.475308,48.98601247041631,0.013519833727782506,False,True,False,True,100000,False,True,False,-0.7397256862656109,0.5737703646369272,9.959540478529075,0.2500194327542788,True,Cruise
1,242,1675461490.575308,49.64808002522504,-0.004692266330332766,False,True,False,True,100000,False,True,False,-0.6270548472047797,0.49764973647181493,9.935126910759733,0.13814879767175411,True,Cruise
1,243,1675461490.6753201,49.64808002522504,-0.004692266330332766,False,True,False,True,100000,False,True,False,-0.6225572959509726,0.4303007840570439,9.862331225529148,0.09927397013738315,True,Cruise
1,244,1675461490.7753294,49.96020317479564,0.0005306243360581515,False,True,False,True,100000,False,True,False,0.5007040920271681,0.46990454219003147,9.7511484458825,0.7170206611251227,True,Cruise
1,245,1675461490.8753004,49.96020317479564,0.0005306243360581515,False,True,False,True,100000,False,True,False,1.9897796581761762,0.08532578252807743,9.607132718747984,0.8494369874086803,True,Cruise
1,246,1675461490.9753132,49.96020317479564,0.0005306243360581515,False,True,False,True,100000,False,True,False,2.254967423870409,0.2698469696749687,9.607110108825957,0.2928515003102558,True,Cruise
1,247,1675461491.0753047,49.676590296186816,-0.0043121293841758,False,True,False,True,100000,False,True,False,1.5520443598640956,0.19140026871447652,9.683720248331312,0.7114238063760862,True,Cruise
1,248,1675461491.175282,49.0599926303978,-0.012533431594695964,False,True,False,True,100000,False,True,False,1.5520443598640956,0.19140026871447652,9.683720248331312,0.7114238063760862,True,Cruise
1,249,1675461491.2753499,49.467968947552954,0.007093747365960623,False,True,False,True,100000,False,True,False,-1.390086071524043,-0.1759039681936234,9.945559297720985,0.5765279504307089,True,Cruise
1,250,1675461491.375306,49.467968947552954,0.007093747365960623,False,True,False,True,100000,False,True,False,-1.6482831699919687,-0.146184190924176,9.939590339644672,0.3192856647476537,True,Cruise
1,251,1675461491.4753726,49.467968947552954,0.007093747365960623,False,True,False,True,100000,False,True,False,-1.6482831699919687,-0.146184190924176,9.939590339644672,0.3268367821004966,True,Cruise
1,252,1675461491.5753148,49.73847778063347,-0.003486962924887121,False,True,False,True,100000,False,True,False,-0.4812440978337533,-0.0670743727927766,9.796430825952571,0.3718022217464357,True,Cruise
1,253,1675461491.6752958,49.73847778063347,-0.003486962924887121,False,True,False,True,100000,False,True,False,-0.4812440978337533,-0.0670743727927766,9.796430825952571,0.3718022217464357,True,Cruise
1,254,1675461491.7753046,49.69784037091413,0.004028795054478315,False,True,False,True,100000,False,True,False,1.1720214369098918,-0.04237470527257724,9.637404281672044,0.34154621459007656,True,Cruise
1,255,1675461491.8753111,49.69784037091413,0.004028795054478315,False,True,False,True,100000,False,True,False,0.9160924241597898,-0.03824536097985661,9.684268395301633,0.40812055328601077,True,Cruise
1,256,1675461491.975425,47.750540626137145,0.02999279165150476,False,True,False,True,100000,False,True,False,0.2411211482030884,0.1621260368529101,9.756073637895382,0.7077364716474781,True,Cruise
1,257,1675461492.075289,47.750540626137145,0.02999279165150476,False,True,False,True,100000,False,True,False,-0.1257908049255033,0.3291851333020779,9.797680789760312,0.1659223537382649,True,Cruise
1,258,1675461492.17529,49.21904238234252,0.010412768235433028,False,True,False,True,100000,False,True,False,-2.6002932553753255,0.7453503386308621,10.012966050449084,2.5184724733215478,True,Cruise
1,259,1675461492.2753134,49.48246270243846,-0.006900497300820476,False,True,False,True,100000,False,True,False,-2.6002932553753255,0.7453503386308621,10.012966050449084,0.2569536128274201,True,Cruise
1,260,1675461492.3753076,49.48246270243846,-0.006900497300820476,False,True,False,True,100000,False,True,False,-1.638205143265691,0.6892659421675278,9.888019318977854,1.235684239373503,True,Cruise
1,261,1675461492.4753208,49.75869623194655,-0.0032173835740459643,False,True,False,True,100000,False,True,False,1.0406182761213216,0.4149291747197557,9.641038293893608,0.5663585110573167,True,Cruise
1,262,1675461492.5754235,49.75869623194655,-0.0032173835740459643,False,True,False,True,100000,False,True,False,1.8397976523492057,0.5647772996610457,9.57665676586298,0.8156513452989389,True,Cruise
1,263,1675461492.6753736,48.60463347566616,-0.01860488699111778,False,True,False,True,100000,False,True,False,1.8397976523492057,0.5647772996610457,9.57665676586298,0.8156513452989389,True,Cruise
1,264,1675461492.7753031,48.44907214089529,0.020679038121396133,False,True,False,True,100000,False,True,False,1.331980669882803,0.6185090419182885,9.692115850778976,1.54655041053019,True,Cruise
1,265,1675461492.875309,48.44907214089529,0.020679038121396133,False,True,False,True,100000,False,True,False,-1.4600155548591773,0.4056276400060114,9.97109571942094,1.2675774766503334,True,Cruise
1,266,1675461492.9753067,48.44907214089529,0.020679038121396133,False,True,False,True,100000,False,True,False,-2.308819247995812,0.06322195998620178,10.042814755497126,0.6235317470667989,True,Cruise
1,267,1675461493.075294,48.44907214089529,0.020679038121396133,False,True,False,True,100000,False,True,False,-3.1671769440439563,0.36344135101292346,10.068990268071735,0.2881100575736824,True,Cruise
1,268,1675461493.1753275,48.70184293516516,0.01730876086446458,False,True,False,False,100000,False,True,False,-3.1671769440439563,0.36344135101292346,10.068990268071735,0.404092794300194,True,Cruise
1,269,1675461493.2753496,48.70184293516516,0.01730876086446458,False,True,False,False,100000,False,True,False,-2.410802309073463,0.41030302740020186,9.922519597620825,0.37250814333702037,True,Cruise
1,270,1675461493.3753197,48.70184293516516,0.01730876086446458,False,True,False,False,100000,False,True,False,-1.3492982340141075,0.4332169493205476,9.800392677601097,0.7649578213042145,True,Cruise
1,271,1675461493.4753017,48.239674124001944,0.023471011679974087,False,True,False,False,100000,False,True,False,-0.36065721674418655,0.2511347493518867,9.695568734939089,0.06593810820437927,True,Cruise
1,272,1675461493.5753148,48.04093508261953,0.02612086556507297,False,True,False,False,100000,False,True,False,-0.3277989859322512,0.307826092539611,9.688202434032007,0.1278863447142639,True,Cruise
1,273,1675461493.675305,48.04093508261953,0.02612086556507297,False,True,False,True,100000,False,True,False,-1.4375103487674448,0.5336098199313039,9.790777879631134,1.0659691522152277,True,Cruise
1,274,1675461493.7753026,47.8909702253114,0.028120396995848018,False,True,False,True,100000,False,True,False,-3.1688292062625028,1.285853506766298,9.879605857106986,0.33789291218266526,True,Cruise
1,275,1675461493.875367,49.26023055666607,0.009863592577785706,False,True,False,True,100000,False,True,False,-3.2633261829131435,1.2947343419101511,9.87381999091751,1.8047067525580078,True,Cruise
1,276,1675461493.9753788,49.632052823432396,0.004905962354234793,False,True,False,True,100000,False,True,False,-1.4696458271975317,1.3522634048192004,9.683116946449958,1.6655163965045445,True,Cruise
1,277,1675461494.075312,49.632052823432396,0.004905962354234793,False,True,False,True,100000,False,True,False,1.4120810803517891,1.3171240751696607,9.44069424556056,1.2447482555512253,True,Cruise
1,278,1675461494.1753163,49.632052823432396,0.004905962354234793,False,True,False,True,100000,False,True,False,2.2055065233624602,1.2377801025062227,9.394227777991272,0.7987355834211117,True,Cruise
1,279,1675461494.2753491,48.143441839588625,0.024754108805485,False,True,False,True,100000,False,True,False,3.095197887819135,1.1539719908057702,9.430934160838763,0.894383520709836,True,Cruise
1,280,1675461494.3753498,47.96104752059701,-0.027186033058706427,False,True,False,True,100000,False,True,False,1.2574284717143693,1.0608674823394475,9.657925500095201,1.8540738778064476,True,Cruise
1,281,1675461494.47535,47.1855617868615,-0.037525842841846735,False,True,False,True,100000,False,True,False,-1.1730823257509424,1.478718992706615,9.92746200338742,0.8113863421888537,True,Cruise
1,282,1675461494.5753512,47.1855617868615,-0.037525842841846735,False,True,False,True,100000,False,True,False,-1.3870307579150554,0.17855334146204022,9.975890002982082,0.3984070441435854,True,Cruise
1,283,1675461494.6753774,28.941776206347335,-0.037525842841846735,True,True,False,True,15.294517470898223,False,False,False,-1.7758258582479278,0.10571877376466032,10.023447005922934,0.3984070441435854,True,Keep distance
1,284,1675461494.775571,28.941776206347335,-0.044012143838103604,True,True,False,True,15.294517470898223,False,False,False,-1.7758258582479278,0.10571877376466032,10.023447005922934,1.025306487721831,True,Keep distance
1,285,1675461494.8754501,28.941776206347335,-0.039071190777550925,True,True,False,True,15.294517470898223,False,False,False,-2.8017286357940807,-0.7139127679910372,10.086427534638378,0.3023285360520896,True,Keep distance
1,286,1675461494.9753838,28.941776206347335,-0.039071190777550925,True,True,False,True,15.294517470898223,False,False,False,-3.1250219396546393,-1.3665337181430393,10.071164514612875,0.4585101311464443,True,Keep distance
1,287,1675461495.0753307,28.941776206347335,-0.03456345636333173,True,True,False,True,15.294517470898223,False,False,False,-3.7734267155516643,-1.6510239175288193,10.08276367217575,0.25510351183435803,True,Keep distance
1,288,1675461495.1753268,28.941776206347335,-0.03456345636333173,True,True,True,True,15.294517470898223,False,False,False,-3.919626145846709,-1.8585893697946787,10.057861636971854,0.25510351183435803,True,Keep distance
1,289,1675461495.2754092,28.941776206347335,-0.040733297391581956,True,True,True,True,15.294517470898223,False,False,False,-4.274296443917943,-2.3047771091129903,9.966196625204901,0.5773014753438268,True,Keep distance
1,290,1675461495.3753705,28.941776206347335,-0.040733297391581956,True,True,True,True,15.294517470898223,False,False,False,-4.337619795027643,-2.3814170268475046,9.92978537210861,0.10587399651546961,True,Keep distance
1,291,1675461495.475326,28.941776206347335,-0.03453393783703718,True,True,True,True,15.294517470898223,False,False,False,-4.652009965410868,-2.6057125631343467,9.835782399565064,0.09974769360114638,True,Keep distance
1,292,1675461495.5752869,28.941776206347335,-0.03386378258201672,True,True,True,True,15.294517470898223,False,False,False,-4.744865545469445,-2.593863845856815,9.8057741799897,0.1374858665484919,True,Keep distance
1,293,1675461495.6753678,26.798428969075445,-0.03386378258201672,True,True,True,True,13.865619312716962,False,False,False,-4.783629685774217,-2.4661789863131434,9.772664036976803,0.1374858665484919,True,Keep distance
1,294,1675461495.7753766,26.798428969075445,-0.013182941945603785,True,True,True,True,13.865619312716962,False,False,False,-4.783629685774217,-2.4661789863131434,9.772664036976803,0.1374858665484919,True,Keep distance
1,295,1675461495.8753998,26.798428969075445,-0.023718210753080095,True,True,True,True,13.865619312716962,False,False,False,-4.763595990338771,-2.1971145385250908,9.656418155610622,0.05223832553930533,True,Keep distance
1,296,1675461495.9753234,26.798428969075445,-0.023718210753080095,True,True,True,True,13.865619312716962,False,False,False,-4.616979675174929,-1.4601439971557415,9.598723582447834,0.0535669619219417,True,Keep distance
1,297,1675461496.075353,26.798428969075445,-0.020052504261832315,True,True,True,True,13.865619312716962,False,False,False,-4.616979675174929,-1.4601439971557415,9.598723582447834,0.0535669619219417,True,Keep distance
1,298,1675461496.1753137,26.798428969075445,0.0009129428300368285,True,True,True,True,13.865619312716962,False,False,False,-4.50212002687033,-1.088295335755824,9.611012026659926,0.1675755747548878,True,Keep distance
1,299,1675461496.2753532,26.798428969075445,0.0009129428300368285,True,True,True,True,13.865619312716962,False,False,False,-4.369751931599775,-0.835535148562403,9.602196558938957,0.21731525796877593,True,Keep distance
1,300,1675461496.375292,26.798428969075445,0.0006610650212676615,True,True,True,True,13.865619312716962,False,False,False,-4.099795460783905,-0.36910534697637754,9.595805566139031,0.4187375538870952,True,Keep distance
1,301,1675461496.4753027,26.798428969075445,0.0006610650212676615,True,True,True,True,13.865619312716962,False,False,False,-3.3263618397611125,0.1326636864123699,9.545919310281796,0.6958150916926512,True,Keep distance
1,302,1675461496.5753136,26.798428969075445,-0.0012127407345578671,True,True,True,True,13.865619312716962,False,False,False,-3.3263618397611125,0.1326636864123699,9.545919310281796,0.243493551485865,True,Keep distance
1,303,1675461496.6753433,26.798428969075445,-0.0012127407345578671,True,True,True,True,13.865619312716962,False,False,False,-3.483820373127341,0.3821491531748228,9.620818610602141,0.11842907461861618,True,Keep distance
1,304,1675461496.7752895,26.798428969075445,-0.007200495977259041,True,True,True,True,13.865619312716962,False,False,False,-3.7136166848289878,0.4191388804605671,9.729443679817622,0.2568540255834472,True,Keep distance
1,305,1675461496.8752842,26.798428969075445,-0.010102608896113936,True,True,True,True,13.865619312716962,False,False,False,-3.7218828609316827,0.4307060035651272,9.757841499781593,0.031757899536696325,True,Keep distance
1,306,1675461496.975303,26.798428969075445,-0.010102608896113936,True,True,True,True,13.865619312716962,False,False,False,-3.7069431929650003,0.3122900776772555,9.795632475050395,0.03184019297961654,True,Keep distance
1,307,1675461497.075311,26.798428969075445,-0.01672622104844071,True,True,True,True,13.865619312716962,False,False,False,-3.7069431929650003,0.3122900776772555,9.795632475050395,0.09995167059330376,True,Keep distance
1,308,1675461497.175334,26.798428969075445,-0.004238841805357597,True,True,True,True,13.865619312716962,False,False,False,-3.6721130046184767,0.09046449974280676,9.871237154676182,0.022999895044328325,True,Keep distance
1,309,1675461497.2753017,25.01824973453108,-0.004238841805357597,True,True,True,True,12.678833156354052,False,False,False,-3.6721130046184767,0.09046449974280676,9.871237154676182,0.022999895044328325,True,Keep distance
1,310,1675461497.3754096,25.01824973453108,-0.005920474531624852,True,True,True,True,12.678833156354052,False,False,False,-3.7274321594772544,-0.3369000689030269,9.92644603912028,0.11131347269750301,True,Keep distance
1,311,1675461497.475332,25.01824973453108,-0.005920474531624852,True,True,True,True,12.678833156354052,False,False,False,-3.744885201367504,-0.24557036538280566,9.933498591108622,0.131682866631446,True,Keep distance
1,312,1675461497.575323,25.01824973453108,-0.013172282691132077,True,True,True,True,12.678833156354052,False,False,False,-3.8216835131935616,-0.24850212287395015,9.931604587785495,0.08475111443874439,True,Keep distance
1,313,1675461497.675346,25.01824973453108,-0.013172282691132077,True,True,True,True,12.678833156354052,False,False,False,-3.8464155295151423,-0.2812203319571757,9.930982707684247,0.04101878315851078,True,Keep distance
1,314,1675461497.7753158,25.01824973453108,-0.010228874502504204,True,True,False,True,12.678833156354052,False,False,False,-3.8464155295151423,-0.2812203319571757,9.930982707684247,0.3033129497447903,True,Keep distance
1,315,1675461497.8753333,25.01824973453108,-0.007020504802374416,True,True,False,True,12.678833156354052,False,False,False,-3.9125487148796165,-0.5772184716814132,9.92778137105331,0.4139631472123514,True,Keep distance
1,316,1675461497.9753408,25.01824973453108,-0.007020504802374416,True,True,False,True,12.678833156354052,False,False,False,-3.9788416094234487,-0.20236783491083427,9.87632832448129,0.040325944683444116,True,Keep distance
1,317,1675461498.07536,25.01824973453108,0.0008603209777138503,True,True,False,True,12.678833156354052,False,False,False,-4.009357931943529,-0.2800255528910644,9.860322048949019,0.04921236714974434,True,Keep distance
1,318,1675461498.1752877,25.01824973453108,0.0008603209777138503,True,True,False,True,11.579516385872424,False,False,False,-4.030288677822815,-0.2719114643672893,9.842633601812302,0.01317853283934078,True,Keep distance
1,319,1675461498.275305,23.369274578808636,-0.006872995312915644,True,True,False,True,11.579516385872424,False,False,False,-4.030288677822815,-0.2719114643672893,9.842633601812302,0.1195801377512353,True,Keep distance
1,320,1675461498.3753276,23.369274578808636,-0.0037896391046755525,True,True,False,True,11.579516385872424,False,False,False,-4.046778397855112,-0.1564621001750193,9.816196075727937,0.05063015902463444,True,Keep distance
1,321,1675461498.4752994,23.369274578808636,-0.0037896391046755525,True,True,False,True,11.579516385872424,False,False,False,-4.052987683088851,-0.18512806603980253,9.8007157510853,0.07897321850019737,True,Keep distance
1,322,1675461498.5753062,23.369274578808636,-0.004817543740323523,True,True,False,True,11.579516385872424,False,False,False,-4.053404501039234,-0.19068660091666537,9.787595502385082,0.045882022558212845,True,Keep distance
1,323,1675461498.6754181,23.369274578808636,-0.004817543740323523,True,True,False,True,11.579516385872424,False,False,False,-4.047266375760234,-0.1078446231119967,9.777337772646021,0.03366482487570154,True,Keep distance
1,324,1675461498.7753851,23.369274578808636,0.0023012900880655957,True,True,False,True,11.579516385872424,False,False,False,-4.047266375760234,-0.1078446231119967,9.777337772646021,0.03366482487570154,True,Keep distance
1,325,1675461498.8753574,23.369274578808636,0.0023012900880655957,True,True,False,True,11.579516385872424,False,False,False,-4.031918303495303,-0.07356871326361089,9.768243213644078,0.0386408116066943,True,Keep distance
1,326,1675461498.9753056,23.369274578808636,-0.001072419715769025,True,True,False,True,11.579516385872424,False,False,False,-4.0257453206329785,-0.08707063345483619,9.766885794993508,0.01490805660244432,True,Keep distance
1,327,1675461499.0752895,23.369274578808636,0.0015516328301151204,True,True,False,True,11.579516385872424,False,False,False,-4.010867078765401,0.07365343717330299,9.766377517194508,0.036554934903502964,True,Keep distance
1,328,1675461499.175299,23.369274578808636,0.0015516328301151204,True,True,False,True,11.579516385872424,False,False,False,-3.9913778752139133,0.06407336504526376,9.771043266032974,0.017441593224888446,True,Keep distance
1,329,1675461499.2753541,22.057560907675974,-0.007098456444360124,True,True,False,True,10.705040605117317,False,False,False,-3.9792493182772444,0.1022956196337854,9.776725765938194,0.04050103016428847,True,Keep distance
1,330,1675461499.3753605,22.057560907675974,-0.007098456444360124,True,True,False,True,10.705040605117317,False,False,False,-3.9735681245750647,0.1333186168111862,9.780105819709808,0.015089345853116378,True,Keep distance
1,331,1675461499.4753006,22.057560907675974,0.0007035020576757192,True,True,False,True,10.705040605117317,False,False,False,-3.968344347209338,0.14699776620380006,9.783750182507724,0.10012858768814295,True,Keep distance
1,332,1675461499.5752819,22.057560907675974,-0.005515328767092096,True,True,False,True,10.705040605117317,False,False,False,-3.956457028285824,-0.010347647162566687,9.795563640824422,0.09055026700521009,True,Keep distance
1,333,1675461499.6753204,22.057560907675974,-0.005515328767092096,True,True,False,True,10.705040605117317,False,False,False,-3.952920901643039,0.059488595637053346,9.799444653069074,0.07003332960844019,True,Keep distance
1,334,1675461499.7752964,22.057560907675974,-0.0024437275390242438,True,True,False,True,10.705040605117317,False,False,False,-3.94995939638281,0.13014295648485366,9.803242931866142,0.07081833196311393,True,Keep distance
1,335,1675461499.875284,22.057560907675974,-0.0024437275390242438,True,True,False,True,10.705040605117317,False,False,False,-3.9448480565991417,-0.0373033684681793,9.81653897402247,0.02960198174948867,True,Keep distance
1,336,1675461499.9752882,22.057560907675974,-0.0031304161700999446,True,True,False,True,10.705040605117317,False,False,False,-3.944601206463331,-0.06139846226104379,9.81913683923941,0.020693553591523466,True,Keep distance
1,337,1675461500.0753238,22.057560907675974,-0.0031304161700999446,True,True,False,True,10.705040605117317,False,False,False,-3.9444192481599583,-0.040826624060240485,9.82137056358701,0.020693553591523466,True,Keep distance
1,338,1675461500.1753364,22.057560907675974,0.005252376996801823,True,True,False,True,10.705040605117317,False,False,False,-3.9464307085389914,-0.06347842897682071,9.82601630775547,0.016509918827278126,True,Keep distance
1,339,1675461500.2753203,22.057560907675974,0.005252376996801823,True,True,False,True,10.705040605117317,False,False,False,-3.9464307085389914,-0.06347842897682071,9.82601630775547,0.016509918827278126,True,Keep distance
