repetition,iteration,time,speed,steering,obstacle_North,obstacle_NorthWest,obstacle_SouthWest,obstacle_West,obstacle_distance,follow_enable,steady_motion_enable,passing_start,accel_x,accel_y,accel_z,accel_diff,success,action
1,1,1675461558.9911814,0.0,0.0,False,True,False,True,100000,False,True,False,0.08523919028578417,9.546329569851477e-14,9.85645303809835,0.005599244485381257,True,Cruise
1,2,1675461558.9913492,0.0,0.0,False,True,False,True,100000,False,True,False,0.08523919028578417,9.546329569851477e-14,9.85645303809835,0.005599244485381257,True,Cruise
1,3,1675461559.091546,0.0,0.0,False,True,False,True,100000,False,True,False,0.08523919028578417,9.546329569851477e-14,9.85645303809835,0.005599244485381257,True,Cruise
1,4,1675461559.191483,49.65504956803485,0.0045993390928686685,False,True,False,True,100000,False,True,False,0.0954112859672485,-1.1780809494445991e-14,9.85010128910887,0.00868666073341703,True,Cruise
1,5,1675461559.2915268,49.8854259003979,0.001527654661361327,False,True,False,True,100000,False,True,False,1.083488335691406,-0.013915007693404133,9.748997661589112,0.9916947842784801,True,Cruise
1,6,1675461559.3914866,49.8854259003979,0.001527654661361327,False,True,False,True,100000,False,True,False,2.6656317782302317,0.009421889334553525,9.625311645027748,0.6759604370591494,True,Cruise
1,7,1675461559.4915004,49.75944587055771,-0.0032073883925638467,False,True,False,True,100000,False,True,False,3.377916646360554,0.0014682455767559663,9.599318780036286,0.2691151025884596,True,Cruise
1,8,1675461559.5915272,49.44631762087618,-0.007382431721650916,False,True,False,True,100000,False,True,False,3.643808174728379,0.011026774997037098,9.625117545340826,0.26731114199317424,True,Cruise
1,9,1675461559.691521,49.44631762087618,-0.007382431721650916,False,True,False,True,100000,False,True,False,3.7328434253120384,-0.008291023589383432,9.64445085910221,0.09336009967053166,True,Cruise
1,10,1675461559.791544,49.98841679590676,-0.00015444272124321887,False,True,False,True,100000,False,True,False,3.92334641514585,0.003025026824651365,9.684508180092951,0.10240674743275464,True,Cruise
1,11,1675461559.8914812,49.52169071770201,0.006377457097306559,False,True,False,True,100000,False,True,False,4.137467808892206,-0.0036695014774548785,9.723296736972525,0.11372262473083113,True,Cruise
1,12,1675461559.9914842,49.52169071770201,0.006377457097306559,False,True,False,True,100000,False,True,False,4.337572678168353,0.006709836794854996,9.761387844519607,0.09773965693619446,True,Cruise
1,13,1675461560.0915318,49.90022818130336,0.0013302909159551256,False,True,False,False,100000,False,True,False,4.493054254019764,0.013117642726644885,9.798733609582886,0.16003214231603335,True,Cruise
1,14,1675461560.1917076,49.90022818130336,0.0013302909159551256,False,True,False,False,100000,False,True,False,4.5503275965889625,0.019160229702393186,9.816641141573683,0.06031109622954675,True,Cruise
1,15,1675461560.2915688,49.32277646999016,0.009029647066797888,False,True,False,False,100000,False,True,False,4.624479194742417,0.004895603053719165,9.849489921692317,0.03820271651545738,True,Cruise
1,16,1675461560.391474,49.72233863865107,-0.0037021514846524136,False,True,False,False,100000,False,True,False,4.6498519962672775,0.010728683129895155,9.876569088784427,0.03892039444787415,True,Cruise
1,17,1675461560.4914775,49.72233863865107,-0.0037021514846524136,False,True,False,False,100000,False,True,False,4.63421143259158,0.060703131102658,9.896219046004585,0.04045342557000171,True,Cruise
1,18,1675461560.5916393,49.72233863865107,-0.0037021514846524136,False,True,False,False,100000,False,True,False,4.585908270840579,-0.021128697098747953,9.907501553089716,0.09569189363814364,True,Cruise
1,19,1675461560.691635,49.6463246432514,-0.004715671423314742,False,True,False,False,100000,False,True,False,4.55199581784858,-0.020763242998822304,9.909927219258284,0.034001057057024824,True,Cruise
1,20,1675461560.7914739,49.3880516103313,0.008159311862249278,False,True,False,False,100000,False,True,False,4.469971092098096,-0.01250238295039702,9.908507710675227,0.043061820121787955,True,Cruise
1,21,1675461560.891446,49.85164861051715,-0.0019780185264379776,False,True,False,False,100000,False,True,False,4.326887779484309,-0.04877349371708108,9.892211227101198,0.06186927342154922,True,Cruise
1,22,1675461560.9915419,49.85164861051715,-0.0019780185264379776,False,True,False,False,100000,False,True,False,4.277686083776941,0.04342127668375465,9.88359885797619,0.10485635627699759,True,Cruise
1,23,1675461561.0915668,49.54891911607636,0.0060144117856484845,False,True,False,False,100000,False,True,False,4.277686083776941,0.04342127668375465,9.88359885797619,0.10979343319390394,True,Cruise
1,24,1675461561.1915002,49.54891911607636,0.0060144117856484845,False,True,False,False,100000,False,True,False,4.136674981879718,-0.01241629943768567,9.850968708853216,0.050236041691591654,True,Cruise
1,25,1675461561.291492,49.45699700356954,0.007240039952406095,False,True,False,False,100000,False,True,False,4.054397299008063,0.006837900214397,9.825741877187822,0.050236041691591654,True,Cruise
1,26,1675461561.3914921,49.45699700356954,0.007240039952406095,False,True,False,False,100000,False,True,False,4.0181462301932935,0.022406873985383335,9.812757663979069,0.05965356834842981,True,Cruise
1,27,1675461561.4914834,49.548008164481935,0.006026557806907475,False,True,False,False,100000,False,True,False,3.9568544183995153,0.0251412087717732,9.787111987745876,0.03169845163570937,True,Cruise
1,28,1675461561.5914752,49.87914911825456,0.0016113450899392242,False,True,False,False,100000,False,True,False,3.93215134068678,0.025779200221127806,9.774841470601404,0.02759011911108184,True,Cruise
1,29,1675461561.6916237,49.87914911825456,0.0016113450899392242,False,True,False,False,100000,False,True,False,3.88230891355284,0.02266458923018761,9.742245604753764,0.016141855208206206,True,Cruise
1,30,1675461561.7915084,49.37212129480427,0.008371716069276345,False,True,False,False,100000,False,True,False,3.873512183616827,0.03689286015162243,9.733233637609327,0.019001097410236707,True,Cruise
1,31,1675461561.8915107,49.37212129480427,0.008371716069276345,False,True,False,False,100000,False,True,False,3.8666915774133517,0.007355260380554688,9.718558241338803,0.02032085247766867,True,Cruise
1,32,1675461561.9915066,49.55416783470569,0.005944428870590866,False,True,False,False,100000,False,True,False,3.8721308092064213,0.02720324972833095,9.708731162803057,0.03979462624687205,True,Cruise
1,33,1675461562.0914893,49.0902754311112,0.012129660918517299,False,True,False,False,100000,False,True,False,3.8787515885946284,0.042685337826693384,9.705674807524865,0.017113476536907826,True,Cruise
1,34,1675461562.1914594,49.0902754311112,0.012129660918517299,False,True,False,False,100000,False,True,False,3.910832321104951,0.01394795542840279,9.703612937954826,0.036711332971849545,True,Cruise
1,35,1675461562.2914908,49.78010993620796,0.0029318675172272865,False,True,False,False,100000,False,True,False,3.924284492298201,0.042294348798318726,9.705139196880483,0.03141350654101925,True,Cruise
1,36,1675461562.3915493,49.78010993620796,0.0029318675172272865,False,True,False,False,100000,False,True,False,3.969128282456467,0.08443696840558496,9.715123041944503,0.015693809554065206,True,Cruise
1,37,1675461562.4915082,48.709999200862974,0.01720001065516032,False,True,False,False,100000,False,True,False,3.969128282456467,0.08443696840558496,9.715123041944503,0.056919846515260455,True,Cruise
1,38,1675461562.5916793,48.709999200862974,0.01720001065516032,False,True,False,False,100000,False,True,False,4.030049453727858,-0.03374569037631257,9.73702437648436,0.052230954811764936,True,Cruise
1,39,1675461562.691561,49.81625421587548,0.002449943788326928,False,True,False,False,100000,False,True,False,4.030049453727858,-0.03374569037631257,9.73702437648436,0.0882991291926855,True,Cruise
1,40,1675461562.7915673,49.90736744786673,0.0012351006951101889,False,True,False,False,100000,False,True,False,4.054948863107135,0.13174937436925713,9.749803745217092,0.0795482149431897,True,Cruise
1,41,1675461562.8915799,49.90736744786673,0.0012351006951101889,False,True,False,False,100000,False,True,False,4.077886547889549,0.007872939632634132,9.762280458095583,0.04166829484346951,True,Cruise
1,42,1675461562.9914904,49.09168911896097,0.012110811747187058,False,True,False,False,100000,False,True,False,4.087451581897975,-0.011252496083013389,9.768271204158221,0.022207233174862617,True,Cruise
1,43,1675461563.0914903,49.09168911896097,0.012110811747187058,False,True,False,False,100000,False,True,False,4.1023640464215525,-0.010882190484324802,9.77935038968738,0.009012352192370897,True,Cruise
1,44,1675461563.1914647,49.56643496994778,0.0057808670673629116,False,True,False,False,100000,False,True,False,4.111930187430272,-0.04092947226025539,9.788754767162247,0.03290581273286944,True,Cruise
1,45,1675461563.2916286,49.73655996656053,0.003512533779192961,False,True,False,False,100000,False,True,False,4.1165875470340065,0.07415001611563052,9.798986724870721,0.022092078078117132,True,Cruise
1,46,1675461563.3915098,49.73655996656053,0.003512533779192961,False,True,False,False,100000,False,True,False,4.116702680044003,0.03766318972497188,9.801182191011415,0.03655300024959634,True,Cruise
1,47,1675461563.4914854,49.11557392023386,0.011792347730215216,False,True,False,False,100000,False,True,False,4.116019529207814,0.0031909287095086246,9.802796263272674,0.009507701034383465,True,Cruise
1,48,1675461563.5915308,49.11557392023386,0.011792347730215216,False,True,False,False,100000,False,True,False,4.111926742237562,-0.0034184144437703883,9.804392431334694,0.00369727405084822,True,Cruise
1,49,1675461563.691488,47.53401559080533,0.03287979212259551,False,True,False,False,100000,False,True,False,4.111926742237562,-0.0034184144437703883,9.804392431334694,0.0397577540188666,True,Cruise
1,50,1675461563.7915335,47.28671859252525,0.03617708543299673,False,True,False,False,100000,False,True,False,4.095184276744671,0.06866338482096254,9.801836966153681,0.06118662565945721,True,Cruise
1,51,1675461563.891503,47.28671859252525,0.03617708543299673,False,True,False,False,100000,False,True,False,4.083300373789266,0.13666906061211115,9.798417283779274,0.08976221381670516,True,Cruise
1,52,1675461563.9914534,46.72347839980991,0.043686954669201125,False,True,False,False,100000,False,True,False,4.069077957861751,0.25538473912306237,9.794085469325632,0.016753945697754347,True,Cruise
1,53,1675461564.0914927,46.72347839980991,0.043686954669201125,False,True,False,False,100000,False,True,False,4.062750315605208,0.24007709105366348,9.791569212085216,0.016753945697754347,True,Cruise
1,54,1675461564.191583,47.14978238996577,0.03800290146712302,False,True,False,False,100000,False,True,False,4.043630572371914,0.3620836924098063,9.78362664127156,0.12375079711627637,True,Cruise
1,55,1675461564.2915695,47.118258963727165,0.038423213816971134,False,True,False,False,100000,False,True,False,4.04043873434199,0.3368486056496181,9.780708131333189,0.02560302978289618,True,Cruise
1,56,1675461564.3915687,47.118258963727165,0.038423213816971134,False,True,False,False,100000,False,True,False,4.034982365404953,0.3368434074666733,9.775225164944315,0.007660737444732211,True,Cruise
1,57,1675461564.4915159,45.86191962460981,0.055174405005202515,False,True,False,False,100000,False,True,False,4.032426155860047,0.34505969624882904,9.77274065360873,0.01018453836970397,True,Cruise
1,58,1675461564.5916429,45.86191962460981,0.055174405005202515,False,True,False,False,100000,False,True,False,4.027816274041969,0.3584715716235888,9.768408994821753,0.004818813571723784,True,Cruise
1,59,1675461564.6915786,47.55457865839984,0.032605617888002196,False,True,False,False,100000,False,True,False,4.018048870086578,0.421922893662368,9.765632629079628,0.05289187061240734,True,Cruise
1,60,1675461564.791504,47.55457865839984,0.032605617888002196,False,True,False,False,100000,False,True,False,4.018048870086578,0.421922893662368,9.765632629079628,0.07241756399591225,True,Cruise
1,61,1675461564.891505,47.313360295504346,0.035821862726608665,False,True,False,False,100000,False,True,False,4.018020846623576,0.379335459411222,9.761710182203732,0.0893091376213326,True,Cruise
1,62,1675461564.991475,47.23554436918772,0.0368594084108304,False,True,False,False,100000,False,True,False,4.030567757249989,0.25624844653855977,9.759611728606707,0.03447853872016378,True,Cruise
1,63,1675461565.0915086,47.23554436918772,0.0368594084108304,False,True,False,False,100000,False,True,False,4.032759724975932,0.28814382332074484,9.759632675351082,0.010944518409064793,True,Cruise
1,64,1675461565.1915002,48.04857973015222,0.026018936931303742,False,True,False,False,100000,False,True,False,4.034530508461215,0.26786722451860434,9.761377260280451,0.010009243994655309,True,Cruise
1,65,1675461565.291501,49.45643511183081,0.007247531842255881,False,True,False,False,100000,False,True,False,4.0363381120673845,0.28708692074414927,9.762183703175936,0.09068520843927301,True,Cruise
1,66,1675461565.3915067,49.45643511183081,0.007247531842255881,False,True,False,False,100000,False,True,False,4.049383612778553,0.2006572101778416,9.763298141330305,0.09068520843927301,True,Cruise
1,67,1675461565.4914749,47.99440501866107,0.02674126641785244,False,True,False,False,100000,False,True,False,4.061211641063851,0.04436659818710749,9.763492550330566,0.007402079286284887,True,Cruise
1,68,1675461565.5915773,47.99440501866107,0.02674126641785244,False,True,False,False,100000,False,True,False,4.072557994722435,-0.05737758374833531,9.765573081424245,0.023693287984358317,True,Cruise
1,69,1675461565.691513,47.86602905111392,0.028452945985147776,False,True,False,False,100000,False,True,False,4.067020567784607,0.00705521915910946,9.770894771325978,0.06488890175532025,True,Cruise
1,70,1675461565.7914877,49.94342024672219,0.0007543967103707954,False,True,False,False,100000,False,True,False,4.067020567784607,0.00705521915910946,9.770894771325978,0.06488890175532025,True,Cruise
1,71,1675461565.8914764,49.94342024672219,0.0007543967103707954,False,True,False,False,100000,False,True,False,4.0626385170118215,0.07228802401337603,9.772706408424416,0.005450499657312385,True,Cruise
1,72,1675461565.991668,48.513711683049166,0.019817177559344482,False,True,False,False,100000,False,True,False,4.060537652430475,0.1644558754025081,9.775338657266579,0.10512358799720685,True,Cruise
1,73,1675461566.0916526,48.513711683049166,0.019817177559344482,False,True,False,False,100000,False,True,False,4.080711701756079,-0.16358616668534282,9.776335588849012,0.01663573198141613,True,Cruise
1,74,1675461566.191534,49.47525543122433,0.006996594250342179,False,True,False,False,100000,False,True,False,4.0804125442919,-0.18565584784163475,9.777824170153151,0.15967466312161802,True,Cruise
1,75,1675461566.2914767,48.918735818902285,0.014416855747969602,False,True,False,False,100000,False,True,False,4.074838255928568,-0.02608236604204022,9.778932889504066,0.12234662151694395,True,Cruise
1,76,1675461566.391494,48.918735818902285,0.014416855747969602,False,True,False,False,100000,False,True,False,4.070538636263234,0.018793357454165712,9.779832039688529,0.07739093686390183,True,Cruise
1,77,1675461566.491478,48.71583231296814,-0.017122235827091527,False,True,False,False,100000,False,True,False,4.069005685603935,0.004487350632581425,9.779876850097402,0.06913349493181338,True,Cruise
1,78,1675461566.5915163,48.71583231296814,-0.017122235827091527,False,True,False,False,100000,False,True,False,4.067544691662861,0.14380985285866202,9.779761454824204,0.1393302100978146,True,Cruise
1,79,1675461566.6914995,49.85182872887044,-0.00197561694839423,False,True,False,False,100000,False,True,False,4.067544691662861,0.14380985285866202,9.779761454824204,0.3573905490406879,True,Cruise
1,80,1675461566.79151,49.85182872887044,-0.00197561694839423,False,True,False,False,100000,False,True,False,4.072456570849214,-0.24478055010518518,9.778118279315702,0.03126578529521459,True,Cruise
1,81,1675461566.8915138,49.718601258911406,-0.003751983214514601,False,True,False,False,100000,False,True,False,4.066519847427887,-0.16043454592572756,9.777613435863394,0.12607490078373104,True,Cruise
1,82,1675461566.9914927,49.88300140163403,0.0015599813115462335,False,True,False,False,100000,False,True,False,4.061518155287574,-0.10067854748082619,9.776845190350548,0.008574392183240725,True,Cruise
1,83,1675461567.09152,49.88300140163403,0.0015599813115462335,False,True,False,False,100000,False,True,False,4.058714517026192,-0.1370367314318726,9.77580257619066,0.015031657599105219,True,Cruise
1,84,1675461567.1914852,49.88587955458903,0.001521605938812913,False,True,False,False,100000,False,True,False,4.058714517026192,-0.1370367314318726,9.77580257619066,0.015031657599105219,True,Cruise
1,85,1675461567.2916226,49.88587955458903,0.001521605938812913,False,True,False,False,100000,False,True,False,4.056073047354946,-0.0802925877493838,9.774172583100464,0.05682897220394831,True,Cruise
1,86,1675461567.3916457,49.63997612694238,-0.004800318307434915,False,True,False,False,100000,False,True,False,4.0547129314121175,-0.05347747053293566,9.773195342149796,0.011043209801828154,True,Cruise
1,87,1675461567.4915216,49.0113902557875,-0.013181463256166695,False,True,False,False,100000,False,True,False,4.053679596559958,-0.06485368412505939,9.772365581282711,0.040883571918467296,True,Cruise
1,88,1675461567.5915127,49.0113902557875,-0.013181463256166695,False,True,False,False,100000,False,True,False,4.053234816953881,-0.08217659841130005,9.772022259183831,0.017332024069046346,True,Cruise
1,89,1675461567.6916177,49.61177449000594,0.005176340133254073,False,True,False,False,100000,False,True,False,4.052834204301728,-0.05418608257042212,9.77173121620591,0.027994895490973018,True,Cruise
1,90,1675461567.7915485,49.61177449000594,0.005176340133254073,False,True,False,False,100000,False,True,False,4.05105713794033,-0.1585982321533527,9.771223897832556,0.05525769541251278,True,Cruise
1,91,1675461567.891518,49.84910249689684,0.002011966708042145,False,True,False,False,100000,False,True,False,4.0520219080160125,-0.05861798920325011,9.770921254733672,0.15524251766374209,True,Cruise
1,92,1675461567.9915514,49.993610989604825,-8.51868052689828e-05,False,True,False,False,100000,False,True,False,4.052935269337743,0.03593232616656667,9.77083464437484,0.09455476649429209,True,Cruise
1,93,1675461568.0914972,49.993610989604825,-8.51868052689828e-05,False,True,False,False,100000,False,True,False,4.053478969418766,0.008193243023712328,9.770920567927034,0.09455476649429209,True,Cruise
1,94,1675461568.1915169,49.993610989604825,-8.51868052689828e-05,False,True,False,False,100000,False,True,False,4.053836931705159,-0.0069507992629760235,9.771359488997733,0.0007955773589905124,True,Cruise
1,95,1675461568.2915137,49.7151611493409,-0.0037978513421214003,False,True,False,False,100000,False,True,False,4.054410428619935,0.013335584353373002,9.771747013282734,0.011048919152771546,True,Cruise
1,96,1675461568.3914738,49.165969430085894,-0.011120407598854735,False,True,False,False,100000,False,True,False,4.0547705425399565,0.033162442450858594,9.771958095580748,0.02714611019835273,True,Cruise
1,97,1675461568.4914663,49.165969430085894,-0.011120407598854735,False,True,False,False,100000,False,True,False,4.055383455927047,0.01075643403421328,9.77241883136738,0.004753145910142999,True,Cruise
1,98,1675461568.591548,48.52213558862043,-0.019704858818394306,False,True,False,False,100000,False,True,False,4.055389815377935,-0.060468849257778755,9.77268339064885,0.017082887627627746,True,Cruise
1,99,1675461568.69155,48.52213558862043,-0.019704858818394306,False,True,False,False,100000,False,True,False,4.055340642665566,-0.07754970938036941,9.772941942800278,0.017082887627627746,True,Cruise
1,100,1675461568.791481,49.75002142684946,-0.003333047642007261,False,True,False,False,100000,False,True,False,4.052981036639678,-0.25579059775100954,9.773783567871128,0.020108899270345898,True,Cruise
1,101,1675461568.8914511,49.3519319263436,-0.008640907648751892,False,True,False,False,100000,False,True,False,4.052506958324659,-0.27589299547967544,9.773975101614042,0.06941121975405183,True,Cruise
1,102,1675461568.9916258,49.3519319263436,-0.008640907648751892,False,True,False,False,100000,False,True,False,4.055432883485787,-0.20374558475393187,9.773928710104922,0.1415930779733277,True,Cruise
1,103,1675461569.0915978,49.68859764604544,-0.004152031386060825,False,True,False,False,100000,False,True,False,4.057444659728243,-0.212382956325916,9.77401447931926,0.02474310443307396,True,Cruise
1,104,1675461569.191608,49.68859764604544,-0.004152031386060825,False,True,False,False,100000,False,True,False,4.057650057579768,-0.2338870497405887,9.774100950249549,0.023375327197744898,True,Cruise
1,105,1675461569.2914963,49.64457648709024,-0.004738980172130075,False,True,False,False,100000,False,True,False,4.057532522845718,-0.25726150080026183,9.774265707182238,0.023375327197744898,True,Cruise
1,106,1675461569.3914697,48.60786850851929,0.018561753219742832,False,True,False,False,100000,False,True,False,4.058639312837786,-0.17055179996329153,9.77424882740093,0.049015427056594965,True,Cruise
1,107,1675461569.491466,48.60786850851929,0.018561753219742832,False,True,False,False,100000,False,True,False,4.058733752112408,-0.19820712629618983,9.774278198506497,0.01125257212615998,True,Cruise
1,108,1675461569.5914767,49.50516055170485,0.006597859310602024,False,True,False,False,100000,False,True,False,4.061351660298032,0.04126887273998542,9.774009944971622,0.18856830742079703,True,Cruise
1,109,1675461569.6915298,49.566162313489485,0.005784502486806865,False,True,False,False,100000,False,True,False,4.06191316140115,0.22983633247105617,9.773943532424484,0.18856830742079703,True,Cruise
1,110,1675461569.7914824,49.566162313489485,0.005784502486806865,False,True,False,False,100000,False,True,False,4.060033820194569,0.13529879434721653,9.77408631229516,0.0945563240824148,True,Cruise
1,111,1675461569.8915133,49.75562920101829,-0.003258277319756215,False,True,False,False,100000,False,True,False,4.058494035280595,0.16950187017917384,9.7741291592657,0.02837623999966308,True,Cruise
1,112,1675461569.9914708,49.75562920101829,-0.003258277319756215,False,True,False,False,100000,False,True,False,4.057770484602444,0.24999020216351933,9.774065253815209,0.07435610146093756,True,Cruise
1,113,1675461570.0914888,48.93774955867595,-0.014163339217654022,False,True,False,False,100000,False,True,False,4.057945582463395,0.13060027965502538,9.773939625627786,0.04503403201474562,True,Cruise
1,114,1675461570.1915321,48.93774955867595,-0.014163339217654022,False,True,False,False,100000,False,True,False,4.057887931414917,0.11709195945599397,9.77387823775812,0.01350858270557991,True,Cruise
1,115,1675461570.2914894,49.1972672144747,0.010703103807004006,False,True,False,False,100000,False,True,False,4.057887931414917,0.11709195945599397,9.77387823775812,0.01350858270557991,True,Cruise
1,116,1675461570.3914595,49.051467983958176,-0.012647093547224318,False,True,False,False,100000,False,True,False,4.056292510068523,-0.08865324873458966,9.773734827804088,0.09194844133808458,True,Cruise
1,117,1675461570.4914994,49.051467983958176,-0.012647093547224318,False,True,False,False,100000,False,True,False,4.05548872550388,-0.20952376774583806,9.773697331457727,0.28245300436696447,True,Cruise
1,118,1675461570.591501,49.55458666482174,0.00593884446904344,False,True,False,False,100000,False,True,False,4.056967119003636,0.07292528398128563,9.773480059662658,0.11353048435491316,True,Cruise
1,119,1675461570.6916423,49.55458666482174,0.00593884446904344,False,True,False,False,100000,False,True,False,4.054818736479504,-0.24206348140202397,9.77347387215054,0.06900935308727865,True,Cruise
1,120,1675461570.7915,48.147447279401504,-0.024700702941313334,False,True,False,False,100000,False,True,False,4.054818736479504,-0.24206348140202397,9.77347387215054,0.06900935308727865,True,Cruise
1,121,1675461570.891493,49.11627393702064,0.011783014173058139,False,True,False,False,100000,False,True,False,4.057960180828813,-0.03536042225069491,9.773072609816683,0.08682328365330745,True,Cruise
1,122,1675461570.9915786,49.11627393702064,0.011783014173058139,False,True,False,False,100000,False,True,False,4.055408434926998,-0.2632961680016034,9.773313497512763,0.31476659215180436,True,Cruise
1,123,1675461571.0914977,49.23062476840207,0.010258336421305764,False,True,False,False,100000,False,True,False,4.052529165313447,-0.5551445957844425,9.7735056344472,0.3346948067400482,True,Cruise
1,124,1675461571.1914966,49.23062476840207,0.010258336421305764,False,True,False,False,100000,False,True,False,4.0575040061000385,0.02323269582613497,9.773056221657223,0.24370435335259968,True,Cruise
1,125,1675461571.291431,48.75646141210988,-0.016580514505201597,False,True,False,False,100000,False,True,False,4.057086461389986,0.19039981784637935,9.773159809915795,0.07572421038367924,True,Cruise
1,126,1675461571.391518,48.85771820362926,-0.015230423951609815,False,True,False,False,100000,False,True,False,4.057086461389986,0.19039981784637935,9.773159809915795,0.26701943799319156,True,Cruise
1,127,1675461571.4915185,48.85771820362926,-0.015230423951609815,False,True,False,False,100000,False,True,False,4.05577489291527,-0.22663898286041972,9.77341419681422,0.15002292326212666,True,Cruise
1,128,1675461571.5915112,49.27566996413864,-0.009657733811484737,False,True,False,False,100000,False,True,False,4.053685953227498,-0.24281317208929315,9.77362575162419,0.00878176902425249,True,Cruise
1,129,1675461571.691582,49.27566996413864,-0.009657733811484737,False,True,False,False,100000,False,True,False,4.052837275522605,-0.2253753427854559,9.77365978055079,0.003149926166898064,True,Cruise
1,130,1675461571.7915266,49.370598638519915,-0.008392018153067813,False,True,False,False,100000,False,True,False,4.053711885363725,-0.2773406202330926,9.773481977585272,0.003149926166898064,True,Cruise
1,131,1675461571.8915038,49.370598638519915,-0.008392018153067813,False,True,False,False,100000,False,True,False,4.053711885363725,-0.2773406202330926,9.773481977585272,0.003149926166898064,True,Cruise
1,132,1675461571.991491,49.705071289204355,-0.0039323828106085975,False,True,False,False,100000,False,True,False,4.0554028928473675,-0.27967120323585304,9.773325301010605,0.003157906775657713,True,Cruise
1,133,1675461572.0914679,49.29766087521534,0.009364521663795419,False,True,False,False,100000,False,True,False,4.056002371222012,-0.3162862383683671,9.773300423576211,0.041436873705380406,True,Cruise
1,134,1675461572.1915221,49.29766087521534,0.009364521663795419,False,True,False,False,100000,False,True,False,4.057592221959414,-0.2828859739702907,9.773218799086218,0.008052123503986132,True,Cruise
1,135,1675461572.2914572,48.95404602224625,0.013946053036716642,False,True,False,False,100000,False,True,False,4.060829042285235,0.030852893834144413,9.773121995055483,0.31375557930983605,True,Cruise
1,136,1675461572.3914843,48.95404602224625,0.013946053036716642,False,True,False,False,100000,False,True,False,4.060829042285235,0.030852893834144413,9.773121995055483,0.31375557930983605,True,Cruise
1,137,1675461572.4914978,49.01800540283582,0.013093261295522435,False,True,False,False,100000,False,True,False,4.059264036581715,0.13539644161780354,9.773371610294625,0.07630280082792859,True,Cruise
1,138,1675461572.5915203,49.06728047637225,0.012436260315036715,False,True,False,False,100000,False,True,False,4.057177062251731,0.2735967065724528,9.773604101420531,0.04337814466388262,True,Cruise
1,139,1675461572.6914752,49.06728047637225,0.012436260315036715,False,True,False,False,100000,False,True,False,4.055817339722362,0.36284407926191414,9.773731722016556,0.045880005290877074,True,Cruise
1,140,1675461572.791472,49.062701792248916,0.012497309436681089,False,True,False,False,100000,False,True,False,4.055817339722362,0.36284407926191414,9.773731722016556,0.045880005290877074,True,Cruise
1,141,1675461572.8914928,49.062701792248916,0.012497309436681089,False,True,False,False,100000,False,True,False,4.055106160706444,0.4722251885723477,9.77375952851729,0.028264024172721024,True,Cruise
1,142,1675461572.9914844,48.88329055477525,-0.014889459269663355,False,True,False,False,100000,False,True,False,4.054956411565609,0.5004888140785165,9.773748998654073,0.020772373541511586,True,Cruise
1,143,1675461573.091487,48.828747425526146,-0.015616700992984713,False,True,False,False,100000,False,True,False,4.059667258268535,0.30851984511501285,9.773315643035932,0.30580275325795037,True,Cruise
1,144,1675461573.191513,48.828747425526146,-0.015616700992984713,False,True,False,False,100000,False,True,False,4.061639507377052,0.03134816144841221,9.77328432896766,0.07372134202510217,True,Cruise
1,145,1675461573.2914863,48.828747425526146,-0.015616700992984713,False,True,False,False,100000,False,True,False,4.061639507377052,0.03134816144841221,9.77328432896766,0.07372134202510217,True,Cruise
1,146,1675461573.3914652,49.199352415904244,0.010675301121276801,False,True,False,False,100000,False,True,False,4.055358328010922,-0.2941507950047478,9.773722656199054,0.1693503335346891,True,Cruise
1,147,1675461573.4914696,48.245790196776966,-0.023389464042973807,False,True,False,False,100000,False,True,False,4.057850306757775,0.04475912871628254,9.773614653519541,0.1181393229891314,True,Cruise
1,148,1675461573.591456,48.245790196776966,-0.023389464042973807,False,True,False,False,100000,False,True,False,4.056706540495538,-0.2971903789249973,9.773647173413842,0.1181393229891314,True,Cruise
1,149,1675461573.6915302,47.90505709463825,-0.027932572071489935,False,True,False,False,100000,False,True,False,4.054607760873548,-0.5803060126556142,9.773763349209212,0.2831234367469531,True,Cruise
1,150,1675461573.7914846,48.22685419560418,-0.02364194405861096,False,True,False,False,100000,False,True,False,4.054607760873548,-0.5803060126556142,9.773763349209212,0.2831234367469531,True,Cruise
1,151,1675461573.8914902,48.22685419560418,-0.02364194405861096,False,True,False,False,100000,False,True,False,4.046467342204199,-0.7799475310076553,9.774048575875103,0.19980761652217263,True,Cruise
1,152,1675461573.991494,48.01349782614852,-0.02648669565135308,False,True,False,False,100000,False,True,False,4.045839683385467,-0.7666428361098461,9.773884502273145,0.011887372949029312,True,Cruise
1,153,1675461574.0915143,48.01349782614852,-0.02648669565135308,False,True,False,False,100000,False,True,False,4.045414539051462,-0.8195737211306736,9.773505304764543,0.04104844010101462,True,Cruise
1,154,1675461574.1916366,48.53767157609392,-0.019497712318747723,False,True,False,False,100000,False,True,False,4.043676598415445,-0.9400963765474222,9.77324037186115,0.07926988931876627,True,Cruise
1,155,1675461574.2915266,49.869853380616675,-0.0017352882584443542,False,True,False,False,100000,False,True,False,4.0424638481288575,-1.0184145646080836,9.773107562711928,0.0861798531530856,True,Cruise
1,156,1675461574.3915,49.869853380616675,-0.0017352882584443542,False,True,False,False,100000,False,True,False,4.0485449301842085,-0.9772276113256183,9.772079909348989,0.2155337254320834,True,Cruise
1,157,1675461574.4914942,48.74171824002864,-0.01677709013295141,False,True,False,False,100000,False,True,False,4.057626666950376,-0.7618870402231481,9.771215448126759,0.2155337254320834,True,Cruise
1,158,1675461574.5914938,48.74171824002864,-0.01677709013295141,False,True,False,False,100000,False,True,False,4.064725459730981,-0.5065183674660599,9.770834949689354,0.10738764420888663,True,Cruise
1,159,1675461574.6914809,48.592406704790186,-0.0187679106027975,False,True,False,False,100000,False,True,False,4.0590504230650195,-0.6464938194973434,9.771535741372245,0.14009219935993925,True,Cruise
1,160,1675461574.7914832,48.62435525862038,-0.018341929885061566,False,True,False,False,100000,False,True,False,4.051242010292865,-0.6929406660063346,9.772347573000093,0.11326001086016706,True,Cruise
1,161,1675461574.8914883,48.62435525862038,-0.018341929885061566,False,True,False,False,100000,False,True,False,4.049208077322976,-0.5671405273534378,9.772609467734307,0.012560031503970288,True,Cruise
1,162,1675461574.9916444,48.834749396986304,-0.015536674706849286,False,True,False,False,100000,False,True,False,4.049427193684445,-0.5545172123988568,9.772608556354912,0.01262521656261883,True,Cruise
1,163,1675461575.091598,48.834749396986304,-0.015536674706849286,False,True,False,False,100000,False,True,False,4.050895395325739,-0.5515848353702004,9.772561049336566,0.003543724780866742,True,Cruise
1,164,1675461575.191518,48.49633869482898,-0.020048817402280282,False,True,False,False,100000,False,True,False,4.053848853144235,-0.49921593769056816,9.772393202251797,0.0274445977566969,True,Cruise
1,165,1675461575.2915716,48.49633869482898,-0.020048817402280282,False,True,False,False,100000,False,True,False,4.053848853144235,-0.49921593769056816,9.772393202251797,0.02500960152608879,True,Cruise
1,166,1675461575.3915367,48.6326582439677,-0.018231223413764038,False,True,False,False,100000,False,True,False,4.4867189031123065,-0.2719996941744991,9.745504932488505,0.48961891357236,True,Cruise
1,167,1675461575.4915063,49.13293240993085,0.011560901200922007,False,True,False,False,100000,False,True,False,4.4867189031123065,-0.2719996941744991,9.745504932488505,0.21835616643656933,True,Cruise
1,168,1675461575.591497,49.13293240993085,0.011560901200922007,False,True,False,False,100000,False,True,False,4.235585590224743,-0.639144460171295,9.773617071071156,0.10435500188072484,True,Cruise
1,169,1675461575.6915126,49.84613826241237,-0.002051489834501736,False,True,False,False,100000,False,True,False,4.031725329440268,-0.15356011872776154,9.788701967418318,0.39652782015765353,True,Cruise
1,170,1675461575.791552,49.84613826241237,-0.002051489834501736,False,True,False,False,100000,False,True,False,4.054250130814612,-0.09759426541529286,9.785829339215207,0.06039698176846041,True,Cruise
1,171,1675461575.8915625,49.1192534728447,-0.011743287028737349,False,True,False,False,100000,False,True,False,4.111960120667468,-0.10980750717264032,9.778167169947352,0.059483737617346974,True,Cruise
1,172,1675461575.9914744,49.06853768781973,-0.012419497495737009,False,True,False,False,100000,False,True,False,4.09236318768422,-0.278241619016502,9.779296830214747,0.03656534083885674,True,Cruise
1,173,1675461576.0915027,49.06853768781973,-0.012419497495737009,False,True,False,False,100000,False,True,False,4.07165171251329,-0.23215756556505346,9.776813396002616,0.03618847215285124,True,Cruise
1,174,1675461576.1914892,49.931189191991834,0.0009174774401089292,False,True,False,False,100000,False,True,False,4.071128233026055,-0.21834093834543467,9.775346191877846,0.01390416867141685,True,Cruise
1,175,1675461576.2915702,49.931189191991834,0.0009174774401089292,False,True,False,False,100000,False,True,False,4.094473741757984,-0.25982436292268674,9.771747182141496,0.04773719895104292,True,Cruise
1,176,1675461576.391571,48.436506495606196,-0.020846580058584047,False,True,False,False,100000,False,True,False,4.094473741757984,-0.25982436292268674,9.771747182141496,0.04773719895104292,True,Cruise
1,177,1675461576.491494,49.535412374653696,-0.006194501671284114,False,True,False,False,100000,False,True,False,3.9633045322596647,-0.016167793517910093,9.779472671678949,0.1117629614766804,True,Cruise
1,178,1675461576.5914767,49.535412374653696,-0.006194501671284114,False,True,False,False,100000,False,True,False,3.984507269057017,-0.46098003499228607,9.774674694727947,6.012770565792837,True,Cruise
1,179,1675461576.6914613,49.282609749692675,-0.009565203337431032,False,True,False,False,100000,False,True,False,5.805400512777871,4.581277781812755,12.497429509378897,6.012770565792837,True,Cruise
1,180,1675461576.7914655,49.282609749692675,-0.009565203337431032,False,True,False,False,100000,False,True,False,2.2031047435298796,-4.553634546242027,6.973433851374309,3.9305577020186617,True,Cruise
1,181,1675461576.8915658,49.00749110961535,0.013233451871795266,False,True,False,False,100000,False,True,False,2.2031047435298796,-4.553634546242027,6.973433851374309,5.088190484857234,True,Cruise
1,182,1675461576.9914994,49.00749110961535,0.013233451871795266,False,True,False,True,100000,False,True,False,3.8829588912232635,-0.6876261398434201,9.768040790320692,0.313654385633955,True,Cruise
1,183,1675461577.091561,49.56624180362814,0.005783442618291493,False,True,False,True,100000,False,True,False,3.953422640559828,-0.38200460942656317,9.764972598262535,0.19772068475787824,True,Cruise
1,184,1675461577.191484,49.776397050982894,0.002981372653561381,False,True,False,True,100000,False,True,False,4.034061599165435,-0.12071391782465549,9.764622493997662,0.07620812801179525,True,Cruise
1,185,1675461577.2914906,49.776397050982894,0.002981372653561381,False,True,False,True,100000,False,True,False,4.045009979389211,-0.2474411915926378,9.769666691901257,0.03897619113213683,True,Cruise
1,186,1675461577.3915,49.27443613314595,0.009674184891387334,False,True,False,True,100000,False,True,False,4.045009979389211,-0.2474411915926378,9.769666691901257,0.03897619113213683,True,Cruise
1,187,1675461577.491582,48.74101674514524,0.01678644339806346,False,True,False,True,100000,False,True,False,4.0227714178361405,-0.08926345946025789,9.779283969880407,0.04232073909503648,True,Cruise
1,188,1675461577.5915306,48.74101674514524,0.01678644339806346,False,True,False,True,100000,False,True,False,4.020736620769726,0.06056099686179851,9.780364911891825,0.09036141339264749,True,Cruise
1,189,1675461577.6915793,48.90047435935252,0.014660341875299646,False,True,False,True,100000,False,True,False,4.020807187093789,0.4181290362878111,9.780598534178454,0.1591908704568759,True,Cruise
1,190,1675461577.791594,48.90047435935252,0.014660341875299646,False,True,False,True,100000,False,True,False,4.021899388813334,0.48031258081115974,9.779811504724462,0.06219811515990583,True,Cruise
1,191,1675461577.8915112,47.05175592764643,0.03930992096471423,False,True,False,True,100000,False,True,False,4.026507875821284,0.5921438820811826,9.77842631051657,0.1119347884227359,True,Cruise
1,192,1675461577.9914694,47.05175592764643,0.03930992096471423,False,True,False,True,100000,False,True,False,2.0685394240555883,1.2021910992833165,9.951252701807427,1.0681514335840134,True,Cruise
1,193,1675461578.0916083,48.825999862952536,0.015653335160632848,False,True,False,True,100000,False,True,False,0.8995704104226867,1.3560107649423332,10.041764666908847,0.5990804686414872,True,Cruise
1,194,1675461578.191623,47.6090980352681,0.031878692863091994,False,True,False,True,100000,False,True,False,2.2458416912769934,1.3857627215277937,9.828969895561094,0.6725499573677469,True,Cruise
1,195,1675461578.2915285,47.6090980352681,0.031878692863091994,False,True,False,True,100000,False,True,False,3.336163553313407,1.2800514884662053,9.713896289148584,0.44297021640112516,True,Cruise
1,196,1675461578.3914814,49.54129339298799,0.006116088093493469,False,True,False,True,100000,False,True,False,0.899565135142221,1.5191743361547054,9.923535013139867,2.457262701120431,True,Cruise
1,197,1675461578.4914908,49.54129339298799,0.006116088093493469,False,True,False,True,100000,False,True,False,0.9221651495076677,1.924746835517451,9.86583694637261,0.7779680057821771,True,Cruise
1,198,1675461578.5916877,48.63708358197785,0.018172218906962044,False,True,False,True,100000,False,True,False,1.793485392704561,1.5569062555082882,9.771126222567883,0.9505134295262673,True,Cruise
1,199,1675461578.6915336,49.69677525960712,-0.004042996538571659,False,True,False,True,100000,False,True,False,3.2130986530640095,1.3145125884271098,9.626676058350084,0.48315671817162975,True,Cruise
1,200,1675461578.7914875,49.69677525960712,-0.004042996538571659,False,True,False,True,100000,False,True,False,3.3357092389753196,1.4638220334032659,9.618185781988617,0.19338756663574988,True,Cruise
1,201,1675461578.8914971,49.239709509398736,-0.010137206541350226,False,True,False,True,100000,False,True,False,3.3357092389753196,1.4638220334032659,9.618185781988617,0.19338756663574988,True,Cruise
1,202,1675461578.9915612,49.239709509398736,-0.010137206541350226,False,True,False,True,100000,False,True,False,3.459339163838522,0.7332827724466235,9.631186393979728,0.7410404753000349,True,Cruise
1,203,1675461579.091582,49.473124974493004,0.007025000340093293,False,True,False,True,100000,False,True,False,2.5521124410278127,0.1296562598967334,9.76100560274656,0.9669926232878873,True,Cruise
1,204,1675461579.1915038,49.74125997613824,-0.0034498669848235537,False,True,False,True,100000,False,True,False,1.961097991058694,-0.026200406263943384,9.820354139894459,0.614094153465587,True,Cruise
1,205,1675461579.2915022,49.74125997613824,-0.0034498669848235537,False,True,False,True,100000,False,True,False,2.3688312452958025,0.3331317688803681,9.783020390559512,0.5447566681961123,True,Cruise
1,206,1675461579.3915105,49.482042306648566,0.006906102578019149,False,True,False,True,100000,False,True,False,2.8893047645337493,0.5177976061530507,9.745185331013518,0.5535572666078942,True,Cruise
1,207,1675461579.49149,49.482042306648566,0.006906102578019149,False,True,False,True,100000,False,True,False,2.7767195577715524,-0.1291315619521577,9.791944006608619,1.570931442456684,True,Cruise
1,208,1675461579.5915446,49.201639178478764,-0.010644810953616479,False,True,False,True,100000,False,True,False,1.214098093744412,-0.09935371760178352,9.950541096892643,1.570931442456684,True,Cruise
1,209,1675461579.6914918,48.845974249967796,-0.01538701000042945,False,True,False,True,100000,False,True,False,-1.7587303255406204,0.004961759868586506,10.17328236042777,0.837021114174878,True,Cruise
1,210,1675461579.7914968,48.845974249967796,-0.01538701000042945,False,True,False,True,100000,False,True,False,-1.3364958926178778,-0.20365879778307375,10.09625171152584,0.4772192098928249,True,Cruise
1,211,1675461579.8915467,48.845974249967796,-0.01538701000042945,False,True,False,True,100000,False,True,False,-1.7773402853739877,-0.3030611747395803,10.112507255050133,0.45220443812989813,True,Cruise
1,212,1675461579.9915347,49.950224702035854,-0.0006636706395219934,False,True,False,True,100000,False,True,False,-1.373503272882076,-0.5202279269971616,9.906481351329262,0.32370780697999824,True,Cruise
1,213,1675461580.0914729,48.100987894310805,0.025320161409189315,False,True,False,True,100000,False,True,False,-0.00926127202320047,-0.5770125227361417,9.743565809776053,1.375108068807773,True,Cruise
1,214,1675461580.1914918,49.70153396399828,-0.003979547146689607,False,True,False,True,100000,False,True,False,-0.8637621650985161,-0.4270002647318283,9.810960615565355,1.0685569949649107,True,Cruise
1,215,1675461580.2914553,49.70153396399828,-0.003979547146689607,False,True,False,True,100000,False,True,False,-1.2949674403775817,0.18793856884622975,9.730961807827923,1.3192798209078964,True,Cruise
1,216,1675461580.3914862,49.494093225924054,-0.006745423654345979,False,True,False,True,100000,False,True,False,-1.2949674403775817,0.18793856884622975,9.730961807827923,1.3192798209078964,True,Cruise
1,217,1675461580.4914804,49.494093225924054,-0.006745423654345979,False,True,False,True,100000,False,True,False,1.7973495861767583,-0.47936023448267284,9.428113540546475,3.1779599366004345,True,Cruise
1,218,1675461580.5914717,49.28142380851146,-0.00958101588651377,False,True,False,True,100000,False,True,False,1.9789330658439523,-0.2597322991757087,9.469623782658019,0.4184012229500388,True,Cruise
1,219,1675461580.6914792,49.8063743245249,0.0025816756730012757,False,True,False,True,100000,False,True,False,0.23022610096361723,-0.3162645348822972,9.660297415507669,1.7599796524275677,True,Cruise
1,220,1675461580.7914917,49.8063743245249,0.0025816756730012757,False,True,False,True,100000,False,True,False,0.1513998987915893,-0.43603295563780886,9.676158363174006,0.9172408998508981,True,Cruise
1,221,1675461580.8914676,49.817604478062364,-0.002431940292501819,False,True,False,True,100000,False,True,False,0.1513998987915893,-0.43603295563780886,9.676158363174006,0.9172408998508981,True,Cruise
1,222,1675461580.9914849,49.817604478062364,-0.002431940292501819,False,True,False,True,100000,False,True,False,2.24215111518071,-0.0040523633564525634,9.574909291152046,2.1373112210264673,True,Cruise
1,223,1675461581.0915742,49.817604478062364,-0.002431940292501819,False,True,False,True,100000,False,True,False,1.8261462505010706,-0.215952402250829,9.687045806230127,0.5238273357567317,True,Cruise
1,224,1675461581.191488,49.71033518686626,-0.003862197508449866,False,True,False,True,100000,False,True,False,1.3759189948791535,-0.24240483134636162,9.759439426610795,0.45677691380116564,True,Cruise
1,225,1675461581.2914698,49.273324696611276,-0.009689004045182968,False,True,False,True,100000,False,True,False,0.127750610493469,-0.19112265783557955,9.929982735408712,0.9352523600577112,True,Cruise
1,226,1675461581.391477,49.273324696611276,-0.009689004045182968,False,True,False,True,100000,False,True,False,-1.4797176574889812,-0.07352419181438453,10.104972256780112,1.5891040346783467,True,Cruise
1,227,1675461581.49148,49.62746577839952,-0.004967122954673142,False,True,False,True,100000,False,True,False,-1.4797176574889812,-0.07352419181438453,10.104972256780112,0.335197190896505,True,Cruise
1,228,1675461581.5914967,49.89820195158591,0.0013573073121878737,False,True,False,True,100000,False,True,False,1.2775863317575402,-0.17086682573466488,9.824347046858886,1.581386086780157,True,Cruise
1,229,1675461581.6914856,49.89820195158591,0.0013573073121878737,False,True,False,True,100000,False,True,False,2.3724727642710994,-0.15961975836932416,9.73233454086654,1.0988034846530024,True,Cruise
1,230,1675461581.7914555,49.39785394627908,0.00802861404961234,False,True,False,True,100000,False,True,False,2.507483530888289,0.03656983727310367,9.747405669675816,0.3774870407966866,True,Cruise
1,231,1675461581.8915572,49.39785394627908,0.00802861404961234,False,True,False,True,100000,False,True,False,1.78388419111258,0.028262926400779403,9.824573200956362,0.7277498451913382,True,Cruise
1,232,1675461581.9915211,49.90783347331133,-0.0012288870225156858,False,True,False,True,100000,False,True,False,1.78388419111258,0.028262926400779403,9.824573200956362,4.005576667587062,True,Cruise
1,233,1675461582.0914817,48.56447761387502,0.01914029848166638,False,True,False,True,100000,False,True,False,-0.8255704659943156,0.03604693447505554,9.992939721641644,1.4990548885181751,True,Cruise
1,234,1675461582.1915004,48.56447761387502,0.01914029848166638,False,True,False,True,100000,False,True,False,-0.13193585908395877,-0.10643684195734153,9.91789355890619,1.0911223890473265,True,Cruise
1,235,1675461582.2915392,49.37424181318412,0.008343442490878402,False,True,False,True,100000,False,True,False,-1.6148481299384674,0.769178929267881,9.958942650428371,0.5441691077328709,True,Cruise
1,236,1675461582.3914995,49.37424181318412,0.008343442490878402,False,True,False,True,100000,False,True,False,-1.6148481299384674,0.769178929267881,9.958942650428371,0.5441691077328709,True,Cruise
1,237,1675461582.4915726,49.75268992252268,-0.0032974676996975582,False,True,False,True,100000,False,True,False,-0.44615090482034986,0.5535450017406742,9.783339082967627,1.2013275188742398,True,Cruise
1,238,1675461582.5915349,49.59027071581724,0.005463057122436743,False,True,False,True,100000,False,True,False,0.6223181300413556,0.6688559073998718,9.663482998120589,1.0813362864979188,True,Cruise
1,239,1675461582.691517,49.59027071581724,0.005463057122436743,False,True,False,True,100000,False,True,False,1.50929391355347,0.41253867398125466,9.582657777104743,0.2201789304348069,True,Cruise
1,240,1675461582.7915196,48.89677637505487,-0.014709648332601707,False,True,False,True,100000,False,True,False,-0.14817088985107038,0.6794319124964883,9.73538680980646,0.5580366038151827,True,Cruise
1,241,1675461582.8915424,48.89677637505487,-0.014709648332601707,False,True,False,True,100000,False,True,False,-0.34382688575556675,0.6951365338223671,9.749221392202266,0.196772202138503,True,Cruise
1,242,1675461582.9915054,49.53246227208264,-0.006233836372231474,False,True,False,True,100000,False,True,False,-0.34382688575556675,0.6951365338223671,9.749221392202266,0.196772202138503,True,Cruise
1,243,1675461583.0914733,49.93664318181315,-0.0008447575758245629,False,True,False,True,100000,False,True,False,0.20730496747167595,-0.06399248171508366,9.646651362617371,1.373829779302885,True,Cruise
1,244,1675461583.1914828,49.93664318181315,-0.0008447575758245629,False,True,False,True,100000,False,True,False,0.20730496747167595,-0.06399248171508366,9.646651362617371,1.2663893012001433,True,Cruise
1,245,1675461583.2914732,49.93664318181315,-0.0008447575758245629,False,True,False,True,100000,False,True,False,2.347291194416524,-0.002055469630096003,9.478434235393777,0.5353055419722212,True,Cruise
1,246,1675461583.3915145,49.38082395021581,-0.008255680663789141,False,True,False,True,100000,False,True,False,2.8430496959020184,-0.1720271017816254,9.493600366848547,0.14751078804583856,True,Cruise
1,247,1675461583.4914863,48.71043648441462,0.01719418020780505,False,True,False,True,100000,False,True,False,2.8430496959020184,-0.1720271017816254,9.493600366848547,0.14751078804583856,True,Cruise
1,248,1675461583.5914807,48.71043648441462,0.01719418020780505,False,True,False,True,100000,False,True,False,-1.7652646926037954,-0.392151855031693,9.979139058656582,4.6390477720698,True,Cruise
1,249,1675461583.691493,48.959455793989555,0.013873922746805966,False,True,False,True,100000,False,True,False,-2.868343531105163,-0.17377692358241914,10.070613791209558,0.5094267967856215,True,Cruise
1,250,1675461583.7914894,48.959455793989555,0.013873922746805966,False,True,False,True,100000,False,True,False,-3.0359144532714684,0.051073924918638824,10.072929241528911,0.07871669251846151,True,Cruise
1,251,1675461583.8915277,49.34245333515366,0.008767288864617861,False,True,False,True,100000,False,True,False,-1.3556750705729366,0.3232230516783102,9.860159881991123,1.271770627216279,True,Cruise
1,252,1675461583.9914646,49.06186911055946,-0.012508411859207138,False,True,False,True,100000,False,True,False,-1.3556750705729366,0.3232230516783102,9.860159881991123,1.271770627216279,True,Cruise
1,253,1675461584.0915074,49.06186911055946,-0.012508411859207138,False,True,False,True,100000,False,True,False,1.8078663308087344,0.2005437188085411,9.57192072875405,3.1790134045687983,True,Cruise
1,254,1675461584.191486,48.43069951438458,0.02092400647487228,False,True,False,True,100000,False,True,False,0.48825039055478014,-0.010700061614520976,9.72741162853471,0.9725332811604448,True,Cruise
1,255,1675461584.2914746,49.744100035372206,0.003411999528370546,False,True,False,True,100000,False,True,False,-1.6410644276400281,0.07379994487691657,9.92905778214557,1.1922810869842242,True,Cruise
1,256,1675461584.3915586,49.744100035372206,0.003411999528370546,False,True,False,True,100000,False,True,False,-1.0916107009783094,0.951738256295862,9.842941273692738,1.467207075427733,True,Cruise
1,257,1675461584.4914844,48.867062335888775,0.015105835521483028,False,True,False,True,100000,False,True,False,-1.0916107009783094,0.951738256295862,9.842941273692738,1.467207075427733,True,Cruise
1,258,1675461584.5916195,48.867062335888775,0.015105835521483028,False,True,False,True,100000,False,True,False,2.477131271791193,0.5145481884840498,9.549506011905638,0.8613895857954182,True,Cruise
1,259,1675461584.6915789,48.37217920326749,0.021704277289766708,False,True,False,True,100000,False,True,False,-0.30296973513387015,0.42914603418867014,9.844305215504903,1.4815577350149745,True,Cruise
1,260,1675461584.7915893,48.37217920326749,0.021704277289766708,False,True,False,True,100000,False,True,False,-1.4215622738302982,0.7301510429091194,9.94448886891782,0.1397674785362118,True,Cruise
1,261,1675461584.8915424,48.828378795612146,-0.015621616058504765,False,True,False,True,100000,False,True,False,-1.8373074264622864,0.6113384987400503,9.975398930934597,0.5698881867435678,True,Cruise
1,262,1675461584.9916232,48.828378795612146,-0.015621616058504765,False,True,False,True,100000,False,True,False,-1.8373074264622864,0.6113384987400503,9.975398930934597,0.5698881867435678,True,Cruise
1,263,1675461585.0915825,47.84398093981335,-0.028746920802488706,False,True,False,True,100000,False,True,False,-0.46509520980316726,-0.2233070934179647,9.822416929377694,1.6133825103978576,True,Cruise
1,264,1675461585.1914802,48.401578821991095,0.02131228237345204,False,True,False,True,100000,False,True,False,-1.9656958767772286,-0.07201411937069765,9.948952617905473,0.7786328616193291,True,Cruise
1,265,1675461585.2914858,48.996524542347125,-0.013379672768704998,False,True,False,True,100000,False,True,False,-1.1427142118505336,0.4229574078699704,9.84096087097582,0.7577318276380856,True,Cruise
1,266,1675461585.391474,48.996524542347125,-0.013379672768704998,False,True,False,True,100000,False,True,False,0.20474834931438274,0.45465850936163865,9.697243254873058,1.2631230376684455,True,Cruise
1,267,1675461585.4914708,49.94362811414479,0.000751625144736097,False,True,True,False,100000,False,True,False,0.20474834931438274,0.45465850936163865,9.697243254873058,1.2631230376684455,True,Cruise
1,268,1675461585.5916412,49.94362811414479,0.000751625144736097,False,True,True,False,100000,False,True,False,1.3888140846406023,-0.7699771669882042,9.61840728288854,0.59971985956304,True,Cruise
1,269,1675461585.691522,48.09054979164243,0.025459336111434302,False,True,True,False,100000,False,True,False,2.469903189131065,-0.3041258364537777,9.554733187934572,0.5933183696709151,True,Cruise
1,270,1675461585.7915301,49.74928103842014,0.0033429194877313737,False,True,True,False,100000,False,True,False,2.8522399476624103,-0.14422025311203962,9.546978857761472,0.4145012932965967,True,Cruise
1,271,1675461585.8914914,49.74928103842014,0.0033429194877313737,False,True,True,False,100000,False,True,False,-0.4443027219881588,-0.23756050808583895,9.902690065961101,1.61676939485422,True,Cruise
1,272,1675461585.9914792,49.80897219700171,0.0025470373733106223,True,True,True,True,16.6927251866615,False,False,False,-1.6247633256797667,0.0876527837601973,10.013822423300068,1.2294719691432605,True,Keep distance
1,273,1675461586.0916586,31.03908777999225,0.0025470373733106223,True,True,True,True,16.6927251866615,False,False,False,2.1923853592171545,0.2322311490693177,9.676965101740306,1.1777418810902878,True,Keep distance
1,274,1675461586.191559,31.03908777999225,0.013732783125162322,True,True,True,True,16.6927251866615,False,False,False,-0.29595845330102677,0.11381286297649472,9.942938190429595,1.3339826090349893,True,Keep distance
1,275,1675461586.2914786,31.03908777999225,0.013732783125162322,True,True,True,True,16.6927251866615,False,False,False,-1.3894763550430624,0.1642166984250986,10.039254961797301,0.8100501049177457,True,Keep distance
1,276,1675461586.3915064,31.03908777999225,-0.02021081913973675,True,True,True,True,16.6927251866615,False,False,False,-2.6461493090629427,0.5609234254423466,10.122722294876123,0.5105223337878328,True,Keep distance
1,277,1675461586.4914923,31.03908777999225,-0.020268114602751006,True,True,True,True,16.6927251866615,False,False,False,-2.9285213960196916,0.7247800740249195,10.123428754537706,0.326471278770853,True,Keep distance
1,278,1675461586.5914547,31.03908777999225,-0.020268114602751006,True,True,True,True,16.6927251866615,False,False,False,-3.3184327093388903,-0.13516749461350477,10.060850996905348,0.9462857014727285,True,Keep distance
1,279,1675461586.6915448,31.03908777999225,-0.020268114602751006,True,True,True,True,16.6927251866615,False,False,False,-3.4448733804172447,-0.16974327116218305,10.0341210223189,0.1337804887421215,True,Keep distance
1,280,1675461586.7915425,31.03908777999225,0.004757357486860077,True,True,True,True,16.6927251866615,False,False,False,-3.740747278977181,-0.31036831765349937,9.979485531000488,0.17922803273494395,True,Keep distance
1,281,1675461586.8915045,31.03908777999225,-0.01615443725308479,True,True,True,True,16.6927251866615,False,False,False,-3.8967734375679353,-0.42577445687575405,9.95136256162202,0.44991468163580334,True,Keep distance
1,282,1675461586.9915006,28.732849297075642,-0.02533249409905102,True,True,True,True,15.155232864717094,False,False,False,-4.272980316584857,-0.16527952449475442,9.914018526599182,0.1971029244644714,True,Keep distance
1,283,1675461587.0914981,28.732849297075642,-0.02533249409905102,True,True,True,True,15.155232864717094,False,False,False,-4.272980316584857,-0.16527952449475442,9.914018526599182,0.7404751629597458,True,Keep distance
1,284,1675461587.1914904,28.732849297075642,-0.017454444219409043,True,True,True,True,15.155232864717094,False,False,False,-4.60946346406561,-0.9041145224093527,9.778355268294684,0.08643001348025674,True,Keep distance
1,285,1675461587.2914693,28.732849297075642,-0.017454444219409043,True,True,True,True,15.155232864717094,False,False,False,-4.797377501522852,-1.244515483269979,9.726952866077182,0.08643001348025674,True,Keep distance
1,286,1675461587.391489,28.732849297075642,-0.010237523418133063,True,True,True,True,15.155232864717094,False,False,False,-4.827043553210231,-1.1824201480043959,9.673075029173603,0.03602520319088781,True,Keep distance
1,287,1675461587.491476,28.732849297075642,-0.010237523418133063,True,True,True,True,15.155232864717094,False,False,False,-4.735481372964473,-1.092688921967521,9.611257213522379,0.04156692153747252,True,Keep distance
1,288,1675461587.5915163,28.732849297075642,-0.024534839977885508,True,True,True,True,15.155232864717094,False,False,False,-4.735481372964473,-1.092688921967521,9.611257213522379,0.06318623601300989,True,Keep distance
1,289,1675461587.6914918,28.732849297075642,-0.01989895193159427,True,True,True,True,15.155232864717094,False,False,False,-4.615890331620462,-0.9926484141563974,9.586906266249672,0.1506371827844969,True,Keep distance
1,290,1675461587.791576,28.732849297075642,-0.01989895193159427,True,True,True,True,15.155232864717094,False,False,False,-4.542517764937649,-1.2227292148877673,9.583781325782251,0.09191352045269463,True,Keep distance
1,291,1675461587.891492,28.732849297075642,-0.017810664627936554,True,True,True,True,15.155232864717094,False,False,False,-4.4410876445144725,-1.0412152186450219,9.591712072394214,0.10811103555385403,True,Keep distance
1,292,1675461587.9915905,28.732849297075642,-0.0119638492051908,True,True,True,True,15.155232864717094,False,False,False,-4.3745951263481375,-0.9914070705280643,9.599102817951819,0.08340701236010321,True,Keep distance
1,293,1675461588.0914748,28.732849297075642,-0.0119638492051908,True,True,True,True,15.155232864717094,False,False,False,-4.3745951263481375,-0.9914070705280643,9.599102817951819,0.08340701236010321,True,Keep distance
1,294,1675461588.191593,28.732849297075642,-0.01919552795711268,True,True,True,True,15.155232864717094,False,False,False,-3.72172321736172,-1.771586045535388,10.2809335567467,4.443921016904716,True,Keep distance
1,295,1675461588.2915788,28.732849297075642,-0.01919552795711268,True,True,True,True,15.155232864717094,False,False,False,-3.992190802293622,-0.7790853491622272,9.708234854743994,0.04398428936508488,True,Keep distance
1,296,1675461588.3914895,28.732849297075642,-0.01193051647321559,True,True,True,True,15.155232864717094,False,False,False,-3.952694476893642,-0.7856561677509383,9.726441511052187,0.05247647153951562,True,Keep distance
1,297,1675461588.4914975,26.566449270508315,-0.01193051647321559,True,True,True,True,13.710966180338875,False,False,False,-3.8767234301305207,-0.8211355866478064,9.763113077266862,0.041259086030434114,True,Keep distance
1,298,1675461588.5915737,26.566449270508315,-0.005578865863941071,True,True,True,True,13.710966180338875,False,False,False,-3.8767234301305207,-0.8211355866478064,9.763113077266862,0.041259086030434114,True,Keep distance
1,299,1675461588.6915357,26.566449270508315,-0.005578865863941071,True,True,True,True,13.710966180338875,False,False,False,-3.439403368546634,-0.4909306926611652,9.769808176499378,0.041259086030434114,True,Keep distance
1,300,1675461588.7914917,26.566449270508315,0.0027036486688021533,True,True,True,True,13.710966180338875,False,False,False,-3.635403312046288,-0.35897802826671377,9.851686786723167,0.10247868443552731,True,Keep distance
1,301,1675461588.89152,26.566449270508315,0.00043195098574754057,True,True,True,True,13.710966180338875,False,False,False,-3.675327521829261,-0.2844512168983925,9.88600927723821,0.10585275511463019,True,Keep distance
1,302,1675461588.9915462,26.566449270508315,0.00043195098574754057,True,True,True,True,13.710966180338875,False,False,False,-3.6847522939943165,-0.2073608296102511,9.898370126277506,0.07864187644996193,True,Keep distance
1,303,1675461589.091557,26.566449270508315,0.0034016880921145048,True,True,True,True,13.710966180338875,False,False,False,-3.7286493261840152,-0.14136093570016955,9.92129398684463,0.07864187644996193,True,Keep distance
1,304,1675461589.191486,26.566449270508315,0.006989723723022996,True,True,True,True,13.710966180338875,False,False,False,-3.7505789693467038,-0.11431593363568122,9.924592048458463,0.034974542117369736,True,Keep distance
1,305,1675461589.2914672,26.566449270508315,0.006989723723022996,True,True,True,True,13.710966180338875,False,False,False,-3.8005610043569815,0.033786442171201345,9.92487245526627,0.04332304714754216,True,Keep distance
1,306,1675461589.3914695,26.566449270508315,-0.014260777847056002,True,True,True,True,13.710966180338875,False,False,False,-3.8275492203843804,0.06756473773284843,9.92212484562212,0.08478154923905387,True,Keep distance
1,307,1675461589.4914918,25.003477102242456,-0.014260777847056002,True,True,True,True,12.668984734828303,False,False,False,-3.88100927549495,0.20737689158930303,9.911359565106597,0.0654952815760052,True,Keep distance
1,308,1675461589.591484,25.003477102242456,-0.013467486531294677,True,True,True,True,12.668984734828303,False,False,False,-3.88100927549495,0.20737689158930303,9.911359565106597,0.13428748364910142,True,Keep distance
1,309,1675461589.6914785,25.003477102242456,-0.0018866991249349486,True,True,True,True,12.668984734828303,False,False,False,-3.993900862579157,-0.0779999477950409,9.868904183207693,0.03289527779197874,True,Keep distance
1,310,1675461589.7914813,25.003477102242456,-0.0018866991249349486,True,True,True,True,12.668984734828303,False,False,False,-4.010780107939346,-0.113934996206933,9.858579318365571,0.47765170552993896,True,Keep distance
1,311,1675461589.8914533,25.003477102242456,-0.005120466793973054,True,True,True,True,12.668984734828303,False,False,False,-4.056007755616941,0.3763326729937855,9.809702150814704,0.06443697936065636,True,Keep distance
1,312,1675461589.9915223,25.003477102242456,-0.005120466793973054,True,True,False,True,12.668984734828303,False,False,False,-4.063869953123063,0.31277266408721366,9.802600360385743,0.06443697936065636,True,Keep distance
1,313,1675461590.0915241,25.003477102242456,-0.005120466793973054,True,True,False,True,12.668984734828303,False,False,False,-4.063869953123063,0.31277266408721366,9.802600360385743,0.06443697936065636,True,Keep distance
1,314,1675461590.1915448,25.003477102242456,-0.009867058609785645,True,True,False,True,12.668984734828303,False,False,False,-4.074680721608157,-0.06257820405591392,9.779543198059477,0.07037238786251938,True,Keep distance
1,315,1675461590.2915523,25.003477102242456,-0.009867058609785645,True,True,False,True,12.668984734828303,False,False,False,-4.069257905660957,-0.16789371672527922,9.77205147072923,0.05101755592229895,True,Keep distance
1,316,1675461590.3914647,25.003477102242456,0.0010245533919908446,True,True,False,True,12.668984734828303,False,False,False,-4.053118308915422,-0.35406953645504763,9.766588805799456,0.07692400135941031,True,Keep distance
1,317,1675461590.4915318,23.368810673463184,0.0010245533919908446,True,True,False,True,11.579207115642122,False,False,False,-4.036573103534552,-0.3202266807680125,9.766456523839699,0.07692400135941031,True,Keep distance
1,318,1675461590.5915773,23.368810673463184,-0.002908022702541551,True,True,False,True,11.579207115642122,False,False,False,-4.036573103534552,-0.3202266807680125,9.766456523839699,0.037670946373372635,True,Keep distance
1,319,1675461590.6915367,23.368810673463184,0.004482357615249045,True,True,False,True,11.579207115642122,False,False,False,-4.018395463321416,-0.2348047137336087,9.768986788669752,0.016021120247344575,True,Keep distance
1,320,1675461590.7914844,23.368810673463184,0.004482357615249045,True,True,False,True,11.579207115642122,False,False,False,-4.009847467188272,-0.2214268420721372,9.771140995228285,0.06531007106952964,True,Keep distance
1,321,1675461590.8914661,23.368810673463184,0.004482357615249045,True,True,False,True,11.579207115642122,False,False,False,-3.9935086165450584,-0.21028489144132453,9.776820616465201,0.0757496104594666,True,Keep distance
1,322,1675461590.9914854,23.368810673463184,0.0077954820514299535,True,True,False,True,11.579207115642122,False,False,False,-3.9782288107545964,-0.0865174920830875,9.783797792484775,0.049196967741735646,True,Keep distance
1,323,1675461591.0914779,23.368810673463184,0.039048654346515235,True,True,False,True,11.579207115642122,False,False,False,-3.9594417262486172,0.05444553509716562,9.795473916710197,0.07734796943141754,True,Keep distance
1,324,1675461591.19155,23.368810673463184,0.005624384117013971,True,True,False,True,11.579207115642122,False,False,False,-3.9544569512091914,0.11798657302143835,9.799406755692264,0.05538789013396641,True,Keep distance
1,325,1675461591.2914891,23.368810673463184,0.005624384117013971,True,True,False,True,11.579207115642122,False,False,False,-3.9456604678779916,0.4567201074883468,9.810524574352097,0.12037443571662426,True,Keep distance
1,326,1675461591.3914926,23.368810673463184,-0.003963681757226271,True,True,False,True,11.579207115642122,False,False,False,-3.9417470724670465,0.31110392680852855,9.813673961593333,0.1457027981180016,True,Keep distance
1,327,1675461591.4915733,22.16110583926085,-0.005514182850765821,True,True,False,True,10.774070559507233,False,False,False,-3.938987181535883,0.3131676947717907,9.816600541340343,0.0045211729864843096,True,Keep distance
1,328,1675461591.5915172,22.16110583926085,-0.005514182850765821,True,True,False,True,10.774070559507233,False,False,False,-3.938987181535883,0.3131676947717907,9.816600541340343,0.0045211729864843096,True,Keep distance
1,329,1675461591.6915543,22.16110583926085,-0.005259703189616106,True,True,False,True,10.774070559507233,False,False,False,-3.9351384617821363,0.17337102251497197,9.825337987801793,0.014361307592039154,True,Keep distance
1,330,1675461591.7915006,22.16110583926085,-0.005259703189616106,True,True,False,True,10.774070559507233,False,False,False,-3.9400167477203856,0.057081970094881036,9.828358502458608,0.05037152201445351,True,Keep distance
1,331,1675461591.8915164,22.16110583926085,-0.002806194758366409,True,True,False,True,10.774070559507233,False,False,False,-3.9444778697897673,-0.04333014555375233,9.828615510398238,0.05341005707309635,True,Keep distance
1,332,1675461591.9914856,22.16110583926085,-0.002806194758366409,True,True,False,True,10.774070559507233,False,False,False,-3.9444778697897673,-0.04333014555375233,9.828615510398238,0.05341005707309635,True,Keep distance
1,333,1675461592.0914888,22.16110583926085,-0.001335087253362275,True,True,False,True,10.774070559507233,False,False,False,-3.9444778697897673,-0.04333014555375233,9.828615510398238,0.06830861376732178,True,Keep distance
1,334,1675461592.191592,22.16110583926085,0.00251296220159151,True,True,False,True,10.774070559507233,False,False,False,-3.954320436340225,-0.14543304555262862,9.825721821308806,0.007995426401868927,True,Keep distance
1,335,1675461592.2915208,22.16110583926085,0.00251296220159151,True,True,False,True,10.774070559507233,False,False,False,-3.9593174376865616,-0.17209198194393033,9.823063719649962,0.035678181358176596,True,Keep distance
1,336,1675461592.3915143,22.16110583926085,0.0024002347867095705,True,True,False,True,10.774070559507233,False,False,False,-3.963997789706622,-0.11341727392676346,9.81994201933182,0.00975116726215075,True,Keep distance
1,337,1675461592.4914887,22.16110583926085,0.0024002347867095705,True,True,False,True,10.774070559507233,False,False,False,-3.9662645369792915,-0.10407852952815032,9.818288244004378,0.00975116726215075,True,Keep distance
1,338,1675461592.5916572,22.16110583926085,0.0007450493151669123,True,True,False,True,10.774070559507233,False,False,False,-3.9662645369792915,-0.10407852952815032,9.818288244004378,0.00975116726215075,True,Keep distance
1,339,1675461592.6915686,22.16110583926085,-0.0030606526055183387,True,True,False,True,10.774070559507233,False,False,False,-3.9737636954500544,-0.0532251229474966,9.811686786368561,0.01891874206002326,True,Keep distance
1,340,1675461592.7916021,22.16110583926085,-0.0030606526055183387,True,True,False,True,10.774070559507233,False,False,False,-3.97626438995221,-0.026058044991178544,9.8087324049505,0.019489045266939432,True,Keep distance
1,341,1675461592.8915036,22.16110583926085,0.010660405091113405,True,True,False,True,10.774070559507233,False,False,False,-3.9778675558320726,-0.03504077006778543,9.806216525704798,0.028438235732190627,True,Keep distance
1,342,1675461592.9915893,22.16110583926085,0.010660405091113405,True,True,False,True,10.054983054281555,False,False,False,-3.9784113947133926,-0.04776885232243424,9.805160102877435,0.012783421599873567,True,Keep distance
1,343,1675461593.0915086,21.082474581422332,0.0016945934058114453,True,True,False,True,10.054983054281555,False,False,False,-3.9784113947133926,-0.04776885232243424,9.805160102877435,0.012783421599873567,True,Keep distance
1,344,1675461593.191498,21.082474581422332,-0.0013769951178058144,True,True,False,True,10.054983054281555,False,False,False,-3.9797417064229648,0.196389260911402,9.802443207603174,0.036013950447279675,True,Keep distance
1,345,1675461593.2914543,21.082474581422332,-0.0013769951178058144,True,True,False,True,10.054983054281555,False,False,False,-3.9789546447576094,0.15183477496109346,9.801876885600013,0.08057250688002893,True,Keep distance
1,346,1675461593.391507,21.082474581422332,0.00779390426537153,True,True,False,True,10.054983054281555,False,False,False,-3.9769045066122253,0.04437803414772395,9.801815680223472,0.024898754293690255,True,Keep distance
1,347,1675461593.4914992,21.082474581422332,0.00779390426537153,True,True,False,True,10.054983054281555,False,False,False,-3.976156593924256,0.018799171898538084,9.801996406019907,0.02559043237550214,True,Keep distance
1,348,1675461593.5915372,21.082474581422332,-0.007944024304394181,True,True,False,True,10.054983054281555,False,False,False,-3.976156593924256,0.018799171898538084,9.801996406019907,0.16547060353725926,True,Keep distance
1,349,1675461593.6914773,21.082474581422332,-0.0003304460430366761,True,True,False,True,10.054983054281555,False,False,False,-3.9739872209736182,0.2300315216256029,9.804335114788476,0.007170473164789127,True,Keep distance
1,350,1675461593.7915075,21.082474581422332,-0.0003304460430366761,True,True,False,True,10.054983054281555,False,False,False,-3.971771775706524,0.03464789273063597,9.804816716873265,0.19539678241584663,True,Keep distance
1,351,1675461593.8914814,21.082474581422332,-0.006436416887063981,True,True,False,True,10.054983054281555,False,False,False,-3.970689424720243,0.008601872822185422,9.805448847068389,0.026076162012698342,True,Keep distance
1,352,1675461593.9914927,21.082474581422332,-0.006436416887063981,True,True,False,True,10.054983054281555,False,False,False,-3.9693010979600056,0.05072508138592452,9.806796247956779,0.025592006289190606,True,Keep distance
1,353,1675461594.0914955,20.241511685686504,-0.0009636973455411746,True,True,False,True,9.494341123791003,False,False,False,-3.9676589931994193,-0.11946394145538085,9.808743385576404,0.04693615562539321,True,Keep distance
1,354,1675461594.1915512,20.241511685686504,0.00837511668970644,True,True,False,True,9.494341123791003,False,False,False,-3.967307269279126,-0.08316875371075162,9.809348165778085,0.036301930006906444,True,Keep distance
1,355,1675461594.2914953,20.241511685686504,0.00837511668970644,True,True,False,True,9.494341123791003,False,False,False,-3.9669667549156657,-0.0661899732510755,9.80990720779579,0.03676808061783888,True,Keep distance
1,356,1675461594.3915539,20.241511685686504,3.531147849648663e-05,True,True,False,True,9.494341123791003,False,False,False,-3.9663762995884344,-0.02152782431308935,9.81088841079526,0.08142698880863213,True,Keep distance
1,357,1675461594.4915583,20.241511685686504,3.531147849648663e-05,True,True,False,True,9.494341123791003,False,False,False,-3.966339440704633,0.038359560824859175,9.81166769909307,0.012405036053178478,True,Keep distance
1,358,1675461594.5914874,20.241511685686504,0.005121881320596821,True,True,False,True,9.494341123791003,False,False,False,-3.966339440704633,0.038359560824859175,9.81166769909307,0.0835457562327599,True,Keep distance
