repetition,iteration,time,speed,steering,obstacle_North,obstacle_NorthWest,obstacle_SouthWest,obstacle_West,obstacle_distance,follow_enable,steady_motion_enable,passing_start,accel_x,accel_y,accel_z,accel_diff,success,action
1,1,1675461656.4159722,0.0,0.0,False,True,False,True,100000,False,True,False,0.07976834795721721,-4.7972765338879676e-15,9.819078128636574,0.005294499837633186,True,Cruise
1,2,1675461656.416154,0.0,0.0,False,True,False,True,100000,False,True,False,0.07976834795721721,-4.7972765338879676e-15,9.819078128636574,0.005294499837633186,True,Cruise
1,3,1675461656.5163035,49.3707611194728,0.008389851740362664,False,True,False,True,100000,False,True,False,0.07094271432123007,-1.3205125947912774e-13,9.812773733708589,0.005404337763805292,True,Cruise
1,4,1675461656.616283,49.3707611194728,0.008389851740362664,False,True,False,True,100000,False,True,False,0.06634013120926369,-1.0118243924077016e-13,9.80994122680432,0.005404337763805292,True,Cruise
1,5,1675461656.716282,49.54530215261369,-0.006062637965150899,False,True,False,True,100000,False,True,False,1.04347686648728,-8.732837339970277e-14,9.710108289769158,0.9865595692512563,True,Cruise
1,6,1675461656.8163273,49.54530215261369,-0.006062637965150899,False,True,False,True,100000,False,True,False,3.060345100741803,0.06124081053900791,9.569063540913687,1.1182941610814765,True,Cruise
1,7,1675461656.916289,49.955743427051736,-0.0005900876393101669,False,True,False,True,100000,False,True,False,3.3279496996607323,-0.003775335654304832,9.56831639176416,0.2753904117071666,True,Cruise
1,8,1675461657.016275,49.80913702853664,-0.002544839619511456,False,True,False,True,100000,False,True,False,3.4876078798216517,-0.037790194660181096,9.580446896008022,0.11127719188155168,True,Cruise
1,9,1675461657.1162744,49.36078684757183,0.008522842032375562,False,True,False,True,100000,False,True,False,3.684843956968378,0.004042944211547912,9.621937740411925,0.0961543368119057,True,Cruise
1,10,1675461657.2162836,49.36078684757183,0.008522842032375562,False,True,False,True,100000,False,True,False,3.989429080280993,-0.0028970684860054074,9.69062633627703,0.11162257094472729,True,Cruise
1,11,1675461657.3162603,49.36078684757183,0.008522842032375562,False,True,False,True,100000,False,True,False,3.989429080280993,-0.0028970684860054074,9.69062633627703,0.22472726851334354,True,Cruise
1,12,1675461657.4163046,49.64245870774936,0.0047672172300084826,False,True,False,True,100000,False,True,False,4.309038039442927,0.02680158704523818,9.756498661049374,0.10301083046834124,True,Cruise
1,13,1675461657.516313,49.792525330536265,0.002766328926183125,False,True,False,True,100000,False,True,False,4.4730812686599775,0.012438550120314827,9.798804526869015,0.09153498296265627,True,Cruise
1,14,1675461657.6162753,49.792525330536265,0.002766328926183125,False,True,False,True,100000,False,True,False,4.534691326437708,0.00962067014409195,9.818902187237411,0.06486644447801222,True,Cruise
1,15,1675461657.7162805,49.90505131289347,0.0012659824947536952,False,True,False,True,100000,False,True,False,4.639489182850451,0.0008493033356973614,9.87139605205897,0.02747057289416618,True,Cruise
1,16,1675461657.8162918,49.90505131289347,0.0012659824947536952,False,True,False,False,100000,False,True,False,4.639489182850451,0.0008493033356973614,9.87139605205897,0.02747057289416618,True,Cruise
1,17,1675461657.9162993,49.76258566980235,0.003165524402635331,False,True,False,False,100000,False,True,False,4.650487160328214,0.0024548495869229944,9.897285282617936,0.028174200011740137,True,Cruise
1,18,1675461658.0162742,49.76258566980235,0.003165524402635331,False,True,False,False,100000,False,True,False,4.623272218297518,0.002025392954265843,9.91429128361926,0.013467459540603594,True,Cruise
1,19,1675461658.116286,49.544274780387425,0.0060763362615009805,False,True,False,False,100000,False,True,False,4.565926595609602,0.007100077860842809,9.92192183925086,0.033454900127258214,True,Cruise
1,20,1675461658.2164276,49.544274780387425,0.0060763362615009805,False,True,False,False,100000,False,True,False,4.486826080481487,0.009700802263286719,9.920383275027646,0.04527806905204751,True,Cruise
1,21,1675461658.3163037,49.888810682064296,0.0014825242391427696,False,True,False,False,100000,False,True,False,4.441734655452759,0.008672590622253427,9.916407132829255,0.04527806905204751,True,Cruise
1,22,1675461658.4162757,49.76532881981275,-0.003128949069163328,False,True,False,False,100000,False,True,False,4.345450938464821,0.026679833164045562,9.902785985013391,0.09889565515630032,True,Cruise
1,23,1675461658.5162642,49.72565835807032,0.003657888559062412,False,True,False,False,100000,False,True,False,4.247229996943352,0.0007870225056989223,9.882870296765697,0.050681927485687145,True,Cruise
1,24,1675461658.6162384,49.72565835807032,0.003657888559062412,False,True,False,False,100000,False,True,False,4.109587761838408,-0.0009434663994329157,9.84511439553353,0.06353293411266084,True,Cruise
1,25,1675461658.7162797,49.83741270899775,0.0021678305466966527,False,True,False,False,100000,False,True,False,4.109587761838408,-0.0009434663994329157,9.84511439553353,0.05374996698978286,True,Cruise
1,26,1675461658.8163028,49.83741270899775,0.0021678305466966527,False,True,False,False,100000,False,True,False,4.031065997912635,0.017692156325421298,9.817464547338453,0.04065091946706946,True,Cruise
1,27,1675461658.916325,49.54350384705611,0.006086615372585243,False,True,False,False,100000,False,True,False,3.966847338854565,0.003938160011423149,9.78998176773463,0.07119348116628667,True,Cruise
1,28,1675461659.016267,48.91334936534382,0.01448867512874911,False,True,False,False,100000,False,True,False,3.9184161033473686,-0.008517858877697211,9.764329714674401,0.030600996600272913,True,Cruise
1,29,1675461659.1163008,48.91334936534382,0.01448867512874911,False,True,False,False,100000,False,True,False,3.9002227335299393,0.013132752448094835,9.752638978305992,0.030600996600272913,True,Cruise
1,30,1675461659.216296,48.91334936534382,0.01448867512874911,False,True,False,False,100000,False,True,False,3.8860034089582443,-0.002793587483990372,9.741897290265456,0.04904976238240001,True,Cruise
1,31,1675461659.3163059,49.03836283381618,0.012821828882450943,False,True,False,False,100000,False,True,False,3.86546108076401,0.061569648336694184,9.716469633233103,0.008068855575414475,True,Cruise
1,32,1675461659.4162748,48.57836438215216,0.01895514157130453,False,True,False,False,100000,False,True,False,3.8743407736836226,0.05492161973820152,9.702379904347035,0.0112466977778713,True,Cruise
1,33,1675461659.5162761,48.88728875982666,0.01483614986897778,False,True,False,False,100000,False,True,False,3.8743407736836226,0.05492161973820152,9.702379904347035,0.010690450929241648,True,Cruise
1,34,1675461659.6163611,48.88728875982666,0.01483614986897778,False,True,False,False,100000,False,True,False,3.8926109880463367,0.03818854392498659,9.699412275700412,0.03954066407726973,True,Cruise
1,35,1675461659.7162871,49.98688891257958,0.0001748144989389131,False,True,False,False,100000,False,True,False,3.9169548008845614,0.10408169737397036,9.701259790249544,0.030905396625490335,True,Cruise
1,36,1675461659.816299,49.98688891257958,0.0001748144989389131,False,True,False,False,100000,False,True,False,3.946360987445375,0.07307768772731121,9.707118918688076,0.018759210643865813,True,Cruise
1,37,1675461659.9163878,48.6890356938439,0.017479524082081414,False,True,False,False,100000,False,True,False,3.946360987445375,0.07307768772731121,9.707118918688076,0.018759210643865813,True,Cruise
1,38,1675461660.016298,48.6890356938439,0.017479524082081414,False,True,False,False,100000,False,True,False,3.9787860589405786,0.027116544462026958,9.716149432541853,0.05696807994117662,True,Cruise
1,39,1675461660.1163728,49.70624473152198,0.003916736913040303,False,True,False,False,100000,False,True,False,4.038825529303396,-0.0605844440508761,9.740547068374882,0.01761211343213434,True,Cruise
1,40,1675461660.216368,49.215540808205496,0.010459455890593399,False,True,False,False,100000,False,True,False,4.0508593561497435,0.07923927191203166,9.747339200064546,0.14050486677383645,True,Cruise
1,41,1675461660.316297,49.215540808205496,0.010459455890593399,False,True,False,False,100000,False,True,False,4.073964315214813,0.0034307437783146918,9.760535554096338,0.035512232072324484,True,Cruise
1,42,1675461660.416306,48.78464929046007,0.01620467612719914,False,True,False,False,100000,False,True,False,4.073964315214813,0.0034307437783146918,9.760535554096338,0.035512232072324484,True,Cruise
1,43,1675461660.5162716,49.11205194190976,0.01183930744120317,False,True,False,False,100000,False,True,False,4.105112407776915,0.00975889429342707,9.783876281793201,0.022043370395683624,True,Cruise
1,44,1675461660.6163979,49.11205194190976,0.01183930744120317,False,True,False,False,100000,False,True,False,4.10943928067389,0.045474232211204314,9.788655474833755,0.019418201391501133,True,Cruise
1,45,1675461660.716308,48.81755668685105,0.01576591084198602,False,True,False,False,100000,False,True,False,4.116468717741131,0.05413118725728539,9.799491532748076,0.025171703680492527,True,Cruise
1,46,1675461660.8162835,48.81755668685105,0.01576591084198602,False,True,False,False,100000,False,True,False,4.116468717741131,0.05413118725728539,9.799491532748076,0.025171703680492527,True,Cruise
1,47,1675461660.9162626,49.14536849081902,0.011395086789079826,False,True,False,False,100000,False,True,False,4.116960810297571,0.03394909356511514,9.801888661305997,0.020329911121469223,True,Cruise
1,48,1675461661.0162468,49.14536849081902,0.011395086789079826,False,True,False,False,100000,False,True,False,4.11179538906422,0.08718666854595279,9.80564824292248,0.01698426870517314,True,Cruise
1,49,1675461661.1162624,48.12433125064109,0.02500891665811876,False,True,False,False,100000,False,True,False,4.105640527762644,0.0783596889593821,9.805312283865161,0.049909958432754885,True,Cruise
1,50,1675461661.2162356,47.88226721715916,0.02823643710454459,False,True,False,False,100000,False,True,False,4.095955677634702,0.11672745359455998,9.803282515870047,0.049909958432754885,True,Cruise
1,51,1675461661.3163588,47.88226721715916,0.02823643710454459,False,True,False,False,100000,False,True,False,4.084317553485425,0.17215971286879803,9.79977239085112,0.012857227170731718,True,Cruise
1,52,1675461661.416362,48.12511831007297,0.024998422532360363,False,True,False,False,100000,False,True,False,4.084317553485425,0.17215971286879803,9.79977239085112,0.012857227170731718,True,Cruise
1,53,1675461661.5162992,48.12511831007297,0.024998422532360363,False,True,False,False,100000,False,True,False,4.067843785746817,0.2036959299166039,9.792415451927225,0.02157285441067038,True,Cruise
1,54,1675461661.6162944,47.658023469854385,0.031226353735274853,False,True,False,False,100000,False,True,False,4.059366792035902,0.18128278574425974,9.786658171853114,0.005112460788528575,True,Cruise
1,55,1675461661.716272,47.29527240239062,0.03606303463479177,False,True,False,False,100000,False,True,False,4.055369868368711,0.18260848158788917,9.783759139765834,0.006025777732420082,True,Cruise
1,56,1675461661.816482,47.29527240239062,0.03606303463479177,False,True,False,False,100000,False,True,False,4.042964813834684,0.2017641855272247,9.775677753872163,0.030760394741270798,True,Cruise
1,57,1675461661.916286,47.29527240239062,0.03606303463479177,False,True,False,False,100000,False,True,False,4.042964813834684,0.2017641855272247,9.775677753872163,0.07547149341634357,True,Cruise
1,58,1675461662.0162761,46.52568195476876,0.046324240603083176,False,True,False,False,100000,False,True,False,4.030310262044405,0.2788022235813469,9.769140027304811,0.004365253456814286,True,Cruise
1,59,1675461662.1162906,46.4348065341459,0.04753591287805464,False,True,False,False,100000,False,True,False,4.028218528939254,0.2768341080570391,9.767224277775034,0.003452379231927894,True,Cruise
1,60,1675461662.2162912,47.19541972302325,0.03739440369302341,False,True,False,False,100000,False,True,False,4.026628230742961,0.24678612181484028,9.765526446018018,0.03013790235301111,True,Cruise
1,61,1675461662.316289,47.19541972302325,0.03739440369302341,False,True,False,False,100000,False,True,False,4.017235538321625,0.37318347944465596,9.762492549134352,0.03975658447453804,True,Cruise
1,62,1675461662.4162793,47.768003476935185,0.029759953640864253,False,True,False,False,100000,False,True,False,4.016809321784498,0.4024069314790041,9.761744823330083,0.029236123259056338,True,Cruise
1,63,1675461662.5162547,47.768003476935185,0.029759953640864253,False,True,False,False,100000,False,True,False,4.027341626473309,0.33124961540452524,9.76005621959489,0.07195237630235526,True,Cruise
1,64,1675461662.6163108,47.405211041476875,0.0345971861136417,False,True,False,False,100000,False,True,False,4.032640595083523,0.2801645453612646,9.759833972761143,0.051359642164952715,True,Cruise
1,65,1675461662.7163067,47.51993803585106,0.03306749285531921,False,True,False,False,100000,False,True,False,4.039099986072268,0.232474931324255,9.760550657786148,0.025836254396527952,True,Cruise
1,66,1675461662.816465,47.51993803585106,0.03306749285531921,False,True,False,False,100000,False,True,False,4.038950988551481,0.2753540145692715,9.762575888746936,0.030858659153726212,True,Cruise
1,67,1675461662.91639,48.755155933673244,0.01659792088435676,False,True,False,False,100000,False,True,False,4.039681131303406,0.2757827715003301,9.763664774987028,0.036657027302335506,True,Cruise
1,68,1675461663.016279,48.755155933673244,0.01659792088435676,False,True,False,False,100000,False,True,False,4.043916352999443,0.23943416796998493,9.765804767796213,0.036657027302335506,True,Cruise
1,69,1675461663.1162708,49.65668415777296,0.004577544563027213,False,True,False,False,100000,False,True,False,4.048780372296468,0.2737834904832071,9.7680738457527,0.12682289916479447,True,Cruise
1,70,1675461663.2162452,49.39002398066613,-0.008133013591118263,False,True,False,False,100000,False,True,False,4.065043152808755,0.11432791723481124,9.76929899995477,0.11070339193313962,True,Cruise
1,71,1675461663.3162665,49.39002398066613,-0.008133013591118263,False,True,False,False,100000,False,True,False,4.078158210911037,-0.047833917063681744,9.77088809348644,0.020698815706527172,True,Cruise
1,72,1675461663.416318,48.33652673788757,0.0221796434948324,False,True,False,False,100000,False,True,False,4.080064085662773,-0.027258956887583806,9.772104492613147,0.020698815706527172,True,Cruise
1,73,1675461663.5162804,48.33652673788757,0.0221796434948324,False,True,False,False,100000,False,True,False,4.084465137479737,-0.19675637671555876,9.77415006357759,0.16956688634874137,True,Cruise
1,74,1675461663.6162496,49.307286750021454,0.009236176666380604,False,True,False,False,100000,False,True,False,4.081593858040163,-0.33109731064624254,9.776440959498503,0.22112112071771717,True,Cruise
1,75,1675461663.7163386,49.307286750021454,0.009236176666380604,False,True,False,False,100000,False,True,False,4.069521719877477,0.04151945935778868,9.779142693020448,0.15170108537933338,True,Cruise
1,76,1675461663.8163283,49.87777180645207,-0.0016297092473057154,False,True,False,False,100000,False,True,False,4.071022519086457,-0.10835378500434739,9.779908965957565,0.013921426237766755,True,Cruise
1,77,1675461663.9163496,49.87777180645207,-0.0016297092473057154,False,True,False,False,100000,False,True,False,4.071022519086457,-0.10835378500434739,9.779908965957565,0.013921426237766755,True,Cruise
1,78,1675461664.0164156,49.39639166433425,-0.008048111142209947,False,True,False,False,100000,False,True,False,4.071022519086457,-0.10835378500434739,9.779908965957565,0.013921426237766755,True,Cruise
1,79,1675461664.1163979,49.39639166433425,-0.008048111142209947,False,True,False,False,100000,False,True,False,4.073133936579018,-0.14083176878898915,9.779342944683396,0.009857444254548724,True,Cruise
1,80,1675461664.2162967,49.871441281797374,-0.0017141162427017078,False,True,False,False,100000,False,True,False,4.070032888008259,-0.10576569581270545,9.778902547238546,0.01869144950426873,True,Cruise
1,81,1675461664.3162532,49.71803486592587,0.0037595351209883166,False,True,False,False,100000,False,True,False,4.070032888008259,-0.10576569581270545,9.778902547238546,0.029955880616079265,True,Cruise
1,82,1675461664.4163017,49.71803486592587,0.0037595351209883166,False,True,False,False,100000,False,True,False,4.065400129751126,-0.16348888267012474,9.777727627697065,0.04265732645508622,True,Cruise
1,83,1675461664.516294,49.39592159144674,-0.008054378780710025,False,True,False,False,100000,False,True,False,4.061557667160528,-0.05481843512739053,9.776825691224856,0.10874209937875114,True,Cruise
1,84,1675461664.6162744,49.79076072816327,0.002789856957823081,False,True,False,False,100000,False,True,False,4.0580342925446065,-0.0686825946501799,9.775160966151676,0.04453811794531869,True,Cruise
1,85,1675461664.7162797,49.79076072816327,0.002789856957823081,False,True,False,False,100000,False,True,False,4.057223129008966,-0.15161921378469606,9.774595736546024,0.08294251180337169,True,Cruise
1,86,1675461664.8162975,49.7169529035513,0.003773961285982585,False,True,False,False,100000,False,True,False,4.056178573429715,-0.0697314627899873,9.774087486264786,0.08189598999754473,True,Cruise
1,87,1675461664.9163554,49.7169529035513,0.003773961285982585,False,True,False,False,100000,False,True,False,4.054346174091459,0.011569113111556402,9.773142191633493,0.022912080971811535,True,Cruise
1,88,1675461665.0163293,49.09425107459789,-0.012076652338694753,False,True,False,False,100000,False,True,False,4.054346174091459,0.011569113111556402,9.773142191633493,0.015438654600495616,True,Cruise
1,89,1675461665.1162882,49.00291015112243,-0.013294531318367593,False,True,False,False,100000,False,True,False,4.0521751831429915,0.04330198280753986,9.771681813011787,0.007484693605195777,True,Cruise
1,90,1675461665.2162962,49.00291015112243,-0.013294531318367593,False,True,False,False,100000,False,True,False,4.051945004041898,0.09619455159965597,9.771425928772619,0.052893688589388144,True,Cruise
1,91,1675461665.3163064,49.33463917544745,-0.008871477660700683,False,True,False,False,100000,False,True,False,4.052188625618541,-0.10888469442023037,9.77104011583046,0.12905641306932653,True,Cruise
1,92,1675461665.4163167,49.33463917544745,-0.008871477660700683,False,True,False,False,100000,False,True,False,4.0514551142470525,-0.13910295230082226,9.770945008444075,0.011675160085996705,True,Cruise
1,93,1675461665.5163565,49.136531083122826,0.011512918891695648,False,True,False,False,100000,False,True,False,4.0514551142470525,-0.13910295230082226,9.770945008444075,0.011675160085996705,True,Cruise
1,94,1675461665.6162448,49.136531083122826,0.011512918891695648,False,True,False,False,100000,False,True,False,4.05144660030529,-0.1290769771799199,9.771025545238164,0.010026302199084148,True,Cruise
1,95,1675461665.716281,49.94008500998838,0.0007988665334881933,False,True,False,False,100000,False,True,False,4.052077435111617,-0.1573305751457535,9.771226937964242,0.07319178449506543,True,Cruise
1,96,1675461665.8163335,49.36268343439654,-0.008497554208046175,False,True,False,False,100000,False,True,False,4.054761894525916,-0.05840595541547312,9.771375169327913,0.17212985191905952,True,Cruise
1,97,1675461665.9163146,49.36268343439654,-0.008497554208046175,False,True,False,False,100000,False,True,False,4.056037029298106,0.010601976254878626,9.771779133829929,0.06428294754025318,True,Cruise
1,98,1675461666.0162559,48.774057769578874,-0.016345896405614974,False,True,False,False,100000,False,True,False,4.055656209776102,-0.10028012409716762,9.772362700875572,0.11088428992641994,True,Cruise
1,99,1675461666.1162949,49.62127972059136,-0.0050496037254485334,False,True,False,False,100000,False,True,False,4.055656209776102,-0.10028012409716762,9.772362700875572,0.035604353283400524,True,Cruise
1,100,1675461666.2162752,49.62127972059136,-0.0050496037254485334,False,True,False,False,100000,False,True,False,4.055548263864829,-0.09488279133410123,9.773153913154358,0.03649857511358151,True,Cruise
1,101,1675461666.3163564,49.611766109342405,0.0051764518754346105,False,True,False,False,100000,False,True,False,4.054528420363251,-0.23147618479014104,9.773692639851202,0.08646126703303016,True,Cruise
1,102,1675461666.4163802,49.611766109342405,0.0051764518754346105,False,True,False,False,100000,False,True,False,4.056928482899426,-0.12270156779377357,9.773832581062262,0.02235172597598312,True,Cruise
1,103,1675461666.5163188,49.306175419376885,-0.009250994408308172,False,True,False,False,100000,False,True,False,4.056928482899426,-0.12270156779377357,9.773832581062262,0.1526664788426008,True,Cruise
1,104,1675461666.6163747,49.325467277720136,0.008993769630398144,False,True,False,False,100000,False,True,False,4.059924698672352,0.04120097693923743,9.77419038377617,0.0016133835671575543,True,Cruise
1,105,1675461666.716259,49.325467277720136,0.008993769630398144,False,True,False,False,100000,False,True,False,4.059552785968435,0.08932850359462663,9.774322673048026,0.04812914544718179,True,Cruise
1,106,1675461666.816373,48.6924716507069,-0.017433711323908033,False,True,False,False,100000,False,True,False,4.058883920130085,0.02200229934795332,9.774525998026416,0.09766329425178781,True,Cruise
1,107,1675461666.9163628,48.6924716507069,-0.017433711323908033,False,True,False,False,100000,False,True,False,4.058559272609555,0.2393303783256885,9.774585311684719,0.11966510050976474,True,Cruise
1,108,1675461667.0162892,49.214074511932935,0.010479006507560864,False,True,False,False,100000,False,True,False,4.058559272609555,0.2393303783256885,9.774585311684719,0.11966510050976474,True,Cruise
1,109,1675461667.1162539,49.82020405991008,0.002397279201198889,False,True,False,False,100000,False,True,False,4.055528210712461,-0.2722359489706386,9.77472707299321,0.08769766263739714,True,Cruise
1,110,1675461667.2163699,49.82020405991008,0.002397279201198889,False,True,False,False,100000,False,True,False,4.057956984436978,-0.009959219749727891,9.774402493215995,0.17057401366068006,True,Cruise
1,111,1675461667.3163395,49.25357972680515,-0.009952270309264665,False,True,False,False,100000,False,True,False,4.05912842057957,0.10800615739346667,9.774156336408783,0.06325104945803431,True,Cruise
1,112,1675461667.4162831,49.25357972680515,-0.009952270309264665,False,True,False,False,100000,False,True,False,4.058761661508802,0.04475619288969666,9.774104033459114,0.06325104945803431,True,Cruise
1,113,1675461667.516254,49.649872120573484,-0.0046683717256869005,False,True,False,False,100000,False,True,False,4.058263024818418,0.05077414766681205,9.774052240771324,0.0060387996100973495,True,Cruise
1,114,1675461667.6163776,49.649872120573484,-0.0046683717256869005,False,True,False,False,100000,False,True,False,4.056050290929117,-0.17294755719227042,9.773951440888466,0.05376152932545247,True,Cruise
1,115,1675461667.7162561,49.84021732530761,-0.002130435662565193,False,True,False,False,100000,False,True,False,4.056097118037546,-0.11918618337302847,9.773830909974885,0.05376152932545247,True,Cruise
1,116,1675461667.8163123,49.617032169321476,0.005106237742380333,False,True,False,False,100000,False,True,False,4.0562557562063954,-0.11484971862625645,9.77343834905806,0.010061415092446029,True,Cruise
1,117,1675461667.9163418,49.617032169321476,0.005106237742380333,False,True,False,False,100000,False,True,False,4.0562557562063954,-0.11484971862625645,9.77343834905806,0.004596180094771261,True,Cruise
1,118,1675461668.016308,48.90053015271369,-0.01465959796381747,False,True,False,False,100000,False,True,False,4.056436210190924,-0.11944146861208434,9.773348127715302,0.004596180094771261,True,Cruise
1,119,1675461668.1162283,48.90053015271369,-0.01465959796381747,False,True,False,False,100000,False,True,False,4.057173972196561,0.029419793420274985,9.773142560086464,0.016900271672067976,True,Cruise
1,120,1675461668.2162645,48.22101903016392,-0.023719746264481003,False,True,False,False,100000,False,True,False,4.056119402360737,-0.09649450815757259,9.77320385954484,0.19128200901813514,True,Cruise
1,121,1675461668.3162956,49.800973173954205,0.002653691013943957,False,True,False,False,100000,False,True,False,4.055112244803779,-0.20883090323578948,9.773280340484986,0.19128200901813514,True,Cruise
1,122,1675461668.416412,49.800973173954205,0.002653691013943957,False,True,False,False,100000,False,True,False,4.054216348188593,-0.23436194021961648,9.773333636024768,0.027719760940635853,True,Cruise
1,123,1675461668.5163336,49.25694272349892,-0.009907430353347643,False,True,False,False,100000,False,True,False,4.05154524537943,-0.3772961942643033,9.773489930649136,0.170657290975582,True,Cruise
1,124,1675461668.616308,49.25694272349892,-0.009907430353347643,False,True,False,False,100000,False,True,False,4.057884439264888,0.01811900288547857,9.772905524305084,0.3954664398490638,True,Cruise
1,125,1675461668.71628,49.705446135410995,0.003927384861186779,False,True,False,False,100000,False,True,False,4.056911900357206,-0.1251093103427885,9.773047751305178,0.14323168563785424,True,Cruise
1,126,1675461668.8163428,49.705446135410995,0.003927384861186779,False,True,False,False,100000,False,True,False,4.05514007707705,-0.28821763188543653,9.773257819695434,0.06776635216915174,True,Cruise
1,127,1675461668.916369,49.20327470951698,-0.010623003873106898,False,True,False,False,100000,False,True,False,4.057611864275517,-0.04064916670164824,9.77311135655246,0.10034897413716826,True,Cruise
1,128,1675461669.0163143,49.556036102957215,-0.005919518627237101,False,True,False,False,100000,False,True,False,4.058037446413082,-0.0047759189036929665,9.773133988974893,0.03587577929405664,True,Cruise
1,129,1675461669.1164274,49.556036102957215,-0.005919518627237101,False,True,False,False,100000,False,True,False,4.058037446413082,-0.0047759189036929665,9.773133988974893,0.18976665770683823,True,Cruise
1,130,1675461669.216362,48.870562771594024,-0.015059163045413024,False,True,False,False,100000,False,True,False,4.055794739928542,-0.15812708613193632,9.77354923060425,0.0410210363972557,True,Cruise
1,131,1675461669.3162813,48.870562771594024,-0.015059163045413024,False,True,False,False,100000,False,True,False,4.056057438828902,-0.07310332001961682,9.773588324595016,0.09740271977690557,True,Cruise
1,132,1675461669.4162846,48.80544182668281,-0.015927442310895854,False,True,False,False,100000,False,True,False,4.05339147955482,-0.2719530376196856,9.773853923211727,0.0312805539944887,True,Cruise
1,133,1675461669.516361,48.80544182668281,-0.015927442310895854,False,True,False,False,100000,False,True,False,4.05339147955482,-0.2719530376196856,9.773853923211727,0.0312805539944887,True,Cruise
1,134,1675461669.6163538,49.963586920225595,-0.00048550773032543786,False,True,False,False,100000,False,True,False,4.052568279208126,-0.31591641550776794,9.7738569604589,0.028720551145992868,True,Cruise
1,135,1675461669.7162979,48.66952714168501,-0.017739638110866568,False,True,False,False,100000,False,True,False,4.052158837284516,-0.44349513319208594,9.773718083132946,0.027623683746496795,True,Cruise
1,136,1675461669.8163054,48.66952714168501,-0.017739638110866568,False,True,False,False,100000,False,True,False,4.056160934370049,-0.2487542910794377,9.773294699959127,0.10407990993674733,True,Cruise
1,137,1675461669.9163034,49.89431685562937,-0.001409108591608465,False,True,False,False,100000,False,True,False,4.054564836103597,-0.35282181447296385,9.773469906988531,0.10407990993674733,True,Cruise
1,138,1675461670.0162847,49.89431685562937,-0.001409108591608465,False,True,False,False,100000,False,True,False,4.0515554649327274,-0.5500118759765759,9.773621347951245,0.0912761702994251,True,Cruise
1,139,1675461670.1162803,49.89651209972431,-0.0013798386703425384,False,True,False,False,100000,False,True,False,4.0515554649327274,-0.5500118759765759,9.773621347951245,0.0912761702994251,True,Cruise
1,140,1675461670.216301,49.12137208919569,0.01171503881072422,False,True,False,False,100000,False,True,False,4.060412094582908,-0.21988895526162483,9.772882419152516,0.010797185042464661,True,Cruise
1,141,1675461670.3163066,49.12137208919569,0.01171503881072422,False,True,False,False,100000,False,True,False,4.059645638664392,-0.1855965751163463,9.773060185221599,0.021828385005961886,True,Cruise
1,142,1675461670.4163032,49.375951649346675,0.008320644675377738,False,True,False,False,100000,False,True,False,4.060653783846833,-0.010413575236282575,9.773056575993552,0.182917930375141,True,Cruise
1,143,1675461670.5162141,49.375951649346675,0.008320644675377738,False,True,False,False,100000,False,True,False,4.061023653050058,0.1210986918464454,9.773084163167661,0.13151279009099628,True,Cruise
1,144,1675461670.6162744,48.66747057003523,-0.017767059066197015,False,True,False,False,100000,False,True,False,4.05894874703344,0.2182004282938745,9.773438118433344,0.09712454756864448,True,Cruise
1,145,1675461670.7162964,48.36345999833131,-0.02182053335558254,False,True,False,False,100000,False,True,False,4.05894874703344,0.2182004282938745,9.773438118433344,0.09712454756864448,True,Cruise
1,146,1675461670.816278,48.36345999833131,-0.02182053335558254,False,True,False,False,100000,False,True,False,4.0568658003283975,-0.08753380588077217,9.77393198852861,0.1581315353134679,True,Cruise
1,147,1675461670.9163427,48.12810677902292,-0.024958576279694382,False,True,False,False,100000,False,True,False,4.055549734530213,-0.1136601252483557,9.774087393659798,0.026159907179440098,True,Cruise
1,148,1675461671.016298,48.12810677902292,-0.024958576279694382,False,True,False,False,100000,False,True,False,4.051867385918025,-0.22003933375919765,9.774335523760083,0.05158759064016237,True,Cruise
1,149,1675461671.116278,47.67545135352972,-0.03099398195293702,False,True,False,False,100000,False,True,False,4.048455853013335,-0.367773762942923,9.774375836507373,0.09924405621345476,True,Cruise
1,150,1675461671.2163355,47.67545135352972,-0.03099398195293702,False,True,False,False,100000,False,True,False,4.046853042216564,-0.4670048598290665,9.774320140709193,0.09924405621345476,True,Cruise
1,151,1675461671.316349,48.32361585373461,-0.02235178861687189,False,True,False,False,100000,False,True,False,4.045678260398418,-0.5370263228967961,9.774205775555638,0.07003141068016562,True,Cruise
1,152,1675461671.4163883,48.32361585373461,-0.02235178861687189,False,True,False,False,100000,False,True,False,4.0397306290228325,-0.8134841945366257,9.774171241468915,0.08843966550575534,True,Cruise
1,153,1675461671.5162323,48.446901075132224,-0.020707985664903648,False,True,False,False,100000,False,True,False,4.0412447485516685,-0.9622637031607639,9.773017112883627,0.03741981029270785,True,Cruise
1,154,1675461671.6163228,48.7646336811514,-0.01647155091798125,False,True,False,False,100000,False,True,False,4.0412447485516685,-0.9622637031607639,9.773017112883627,0.03741981029270785,True,Cruise
1,155,1675461671.716282,48.64304065983955,-0.018092791202139365,False,True,False,False,100000,False,True,False,4.048779877377245,-1.0182560942500487,9.771707092588057,0.01169999606103017,True,Cruise
1,156,1675461671.816334,48.64304065983955,-0.018092791202139365,False,True,False,False,100000,False,True,False,4.04893722383746,-1.0355740575698396,9.771602768971956,0.056735441814633004,True,Cruise
1,157,1675461671.9162738,49.29323534930749,-0.009423528675900185,False,True,False,False,100000,False,True,False,4.052595156910916,-0.9250157245796319,9.771189813346586,0.05388683300340911,True,Cruise
1,158,1675461672.0162795,49.29323534930749,-0.009423528675900185,False,True,False,False,100000,False,True,False,4.052363744771648,-0.9101627089827425,9.771221200286043,0.005233201322280076,True,Cruise
1,159,1675461672.1163146,49.95556764174675,-0.0005924314433767364,False,True,False,False,100000,False,True,False,4.052079788217473,-0.9153880680492879,9.771258447843381,0.2459833369006305,True,Cruise
1,160,1675461672.2163236,49.95556764174675,-0.0005924314433767364,False,True,False,False,100000,False,True,False,4.060887632677168,-0.605216677463237,9.77078806733342,0.06431516431841265,True,Cruise
1,161,1675461672.31628,49.58129782584007,-0.005582695655465795,False,True,False,False,100000,False,True,False,4.065112789659833,-0.4234355822425154,9.770802049759137,0.12349414185873378,True,Cruise
1,162,1675461672.416276,49.96067656240916,-0.0005243125012111677,False,True,False,False,100000,False,True,False,4.06703385003709,-0.29995643765610797,9.770918035366389,0.09147660358600603,True,Cruise
1,163,1675461672.516265,49.96067656240916,-0.0005243125012111677,False,True,False,False,100000,False,True,False,4.065359663160288,-0.20970333789828882,9.771742484528318,0.002445247836976198,True,Cruise
1,164,1675461672.6162798,49.663149047316224,0.004491346035783671,False,True,False,False,100000,False,True,False,4.063664630787648,-0.20747201629184667,9.772211851552884,0.0028411681153047643,True,Cruise
1,165,1675461672.7162573,49.663149047316224,0.004491346035783671,False,True,False,False,100000,False,True,False,4.193904171124117,0.23396953690180045,9.775793169929635,0.4499450500231722,True,Cruise
1,166,1675461672.8162744,49.75919328164659,-0.00321075624471219,False,True,False,False,100000,False,True,False,4.14076595028163,0.26035938049661556,9.78022385048348,0.0594955905041202,True,Cruise
1,167,1675461672.916261,49.463282085267615,0.007156238863098506,False,True,False,False,100000,False,True,False,4.100358008289953,0.2647895363242892,9.783211489162333,0.04075971100898084,True,Cruise
1,168,1675461673.0163236,49.463282085267615,0.007156238863098506,False,True,False,False,100000,False,True,False,4.095697170908264,0.17764671840281787,9.782155269265637,0.12540267919370204,True,Cruise
1,169,1675461673.1163006,49.49087299722738,0.006788360036968291,False,True,False,False,100000,False,True,False,4.039257578330688,0.06573931814452089,9.78629508883479,0.12540267919370204,True,Cruise
1,170,1675461673.2162788,49.49087299722738,0.006788360036968291,False,True,False,False,100000,False,True,False,4.000861983629133,0.22450123671304306,9.780091369163195,0.16345658328072282,True,Cruise
1,171,1675461673.3162775,49.74956248393193,-0.003339166880907618,False,True,False,False,100000,False,True,False,4.013251478485025,0.24297176644536245,9.777274960756264,0.16345658328072282,True,Cruise
1,172,1675461673.4162936,49.451175950033296,0.007317653999556084,False,True,False,False,100000,False,True,False,4.104118019388525,0.271708423417775,9.771297923088348,0.013004089954672731,True,Cruise
1,173,1675461673.5163743,49.451175950033296,0.007317653999556084,False,True,False,False,100000,False,True,False,4.088940950925977,0.2976755882786066,9.771714951133038,0.15711994212253177,True,Cruise
1,174,1675461673.616322,49.58409347906488,-0.005545420279134876,False,True,False,False,100000,False,True,False,4.082266016242859,0.14069813480001403,9.771267113059443,0.15711994212253177,True,Cruise
1,175,1675461673.7162786,49.58409347906488,-0.005545420279134876,False,True,False,False,100000,False,True,False,4.082266016242859,0.14069813480001403,9.771267113059443,0.15711994212253177,True,Cruise
1,176,1675461673.8162959,49.60831921629925,-0.005222410449343311,False,True,False,False,100000,False,True,False,4.005711803489102,0.33027069701852946,9.7749427531176,0.05627399347230928,True,Cruise
1,177,1675461673.9162903,49.60831921629925,-0.005222410449343311,False,True,False,False,100000,False,True,False,4.040150940681709,0.015429503001433423,9.768902778676011,0.037629271634460726,True,Cruise
1,178,1675461674.0162776,49.088476697269414,-0.012153644036407832,False,True,False,False,100000,False,True,False,4.054489678081003,0.0007617634665736854,9.76718511588291,0.4287537928036374,True,Cruise
1,179,1675461674.1162708,48.633830737397425,-0.018215590168034326,False,True,False,False,100000,False,True,False,4.053369323091369,0.42693947453803316,9.814101192382264,0.4287537928036374,True,Cruise
1,180,1675461674.216352,48.633830737397425,-0.018215590168034326,False,True,False,False,100000,False,True,False,4.053369323091369,0.42693947453803316,9.814101192382264,0.4287537928036374,True,Cruise
1,181,1675461674.3164327,49.76643702086921,0.003114173055077119,False,True,False,False,100000,False,True,False,4.035853347374795,-0.35775989609929665,9.780774186762706,0.28411150893279097,True,Cruise
1,182,1675461674.4163535,49.76643702086921,0.003114173055077119,False,True,False,False,100000,False,True,False,3.9986849799014066,-0.4239758782264542,9.775786157031531,0.19948843201724192,True,Cruise
1,183,1675461674.516288,48.28874036191394,0.022816795174480847,False,True,False,False,100000,False,True,False,4.012294743217031,-0.6229575395160212,9.771698697963297,0.1744724988342172,True,Cruise
1,184,1675461674.616298,48.28874036191394,0.022816795174480847,False,True,False,True,100000,False,True,False,4.041473156440073,-0.41598669171178243,9.765854896837851,0.03539690028027105,True,Cruise
1,185,1675461674.716507,49.991037816731506,0.00011949577691325653,False,True,False,True,100000,False,True,False,4.041062496379881,-0.02311378234684257,9.763822636221198,0.029877823694798477,True,Cruise
1,186,1675461674.8162913,49.615527838544146,0.005126295486078108,False,True,False,True,100000,False,True,False,4.033571157412349,0.07005868240491278,9.763568749076933,0.0934734871828669,True,Cruise
1,187,1675461674.9162672,49.615527838544146,0.005126295486078108,False,True,False,True,100000,False,True,False,4.027656992306651,-0.2945605373644568,9.762172584884231,0.1197077991029165,True,Cruise
1,188,1675461675.0162745,49.933958240859596,-0.0008805567885386705,False,True,False,True,100000,False,True,False,4.025050553025817,-0.1733684776245599,9.761642410733494,0.12122124382447792,True,Cruise
1,189,1675461675.116257,49.933958240859596,-0.0008805567885386705,False,True,False,True,100000,False,True,False,4.022531278264276,0.0730999055879275,9.760584927194243,0.10279985603604756,True,Cruise
1,190,1675461675.2162662,49.432939666076145,0.007560804452318107,False,True,False,True,100000,False,True,False,4.022853345940889,0.20512950778138075,9.759757769469836,0.017433883393271427,True,Cruise
1,191,1675461675.31657,49.432939666076145,0.007560804452318107,False,True,False,True,100000,False,True,False,4.014105193074329,0.20002426951868607,9.745568102318186,0.08910779537910604,True,Cruise
1,192,1675461675.4164927,49.868479219007064,-0.0017536104132391305,False,True,False,True,100000,False,True,False,4.028106482279038,0.2483623641725483,9.761886767811344,0.1352039023900396,True,Cruise
1,193,1675461675.5163927,48.93281859651047,0.014229085379860376,False,True,False,True,100000,False,True,False,4.02990243721401,0.3501800803820658,9.762542680492302,0.04342710237685625,True,Cruise
1,194,1675461675.616354,48.93281859651047,0.014229085379860376,False,True,False,True,100000,False,True,False,4.038083214966682,0.3224330810964693,9.764824258414466,0.116741926315123,True,Cruise
1,195,1675461675.7162964,49.80317834533909,-0.0026242887288121224,False,True,False,True,100000,False,True,False,4.038083214966682,0.3224330810964693,9.764824258414466,0.116741926315123,True,Cruise
1,196,1675461675.8163085,49.80317834533909,-0.0026242887288121224,False,True,False,True,100000,False,True,False,4.022818325110841,0.8260723201129427,9.744254419701699,0.015229887522208762,True,Cruise
1,197,1675461675.9163244,49.13786806319373,0.011495092490750253,False,True,False,True,100000,False,True,False,4.0279017614540535,0.8477643594417924,9.749882647940398,0.022979618108374594,True,Cruise
1,198,1675461676.0162985,49.75139243894194,-0.0033147674807741524,False,True,False,True,100000,False,True,False,4.045535543265892,0.3988545398868898,9.760376831030113,0.18088526625395784,True,Cruise
1,199,1675461676.1162803,49.75139243894194,-0.0033147674807741524,False,True,False,True,100000,False,True,False,4.005719044524861,0.46217960395626767,9.774632727322283,0.1598120375865329,True,Cruise
1,200,1675461676.2162757,49.59855831777959,-0.0053525557629387766,False,True,False,True,100000,False,True,False,4.054839401081277,0.19392032907268333,9.783114523910433,0.27285122111263976,True,Cruise
1,201,1675461676.3162794,49.59855831777959,-0.0053525557629387766,False,True,False,True,100000,False,True,False,4.054839401081277,0.19392032907268333,9.783114523910433,0.27285122111263976,True,Cruise
1,202,1675461676.4162817,49.672372710665755,-0.004368363857789908,False,True,False,True,100000,False,True,False,2.3744577168344367,-0.0007521378813891907,9.952571229516955,1.6748599507659387,True,Cruise
1,203,1675461676.516283,49.6536179025832,0.004618427965557338,False,True,False,True,100000,False,True,False,1.503328296768172,-0.01618076762398258,9.992279937060363,0.3151669018454743,True,Cruise
1,204,1675461676.6163392,49.6536179025832,0.004618427965557338,False,True,False,True,100000,False,True,False,0.8023467024619308,0.029171265561421935,10.019062589052306,0.39812993835217303,True,Cruise
1,205,1675461676.7162948,49.712516160741785,0.003833117856776268,False,True,False,True,100000,False,True,False,0.8023467024619308,0.029171265561421935,10.019062589052306,0.4587439235769065,True,Cruise
1,206,1675461676.8163147,49.884050809982426,0.0015459892002342881,False,True,False,True,100000,False,True,False,0.37918352037664527,-0.140727341247409,9.968929045884,0.4587439235769065,True,Cruise
1,207,1675461676.916347,49.884050809982426,0.0015459892002342881,False,True,False,True,100000,False,True,False,0.5464822448488287,-0.15666986174455835,9.893428402193122,0.7897004304319846,True,Cruise
1,208,1675461677.0163968,49.750557442311255,0.0033259007691832437,False,True,False,True,100000,False,True,False,1.2451096766433432,-0.1210007614327786,9.778675325805052,0.08383342773840455,True,Cruise
1,209,1675461677.1163425,49.750557442311255,0.0033259007691832437,False,True,False,True,100000,False,True,False,0.4048819285217313,-0.03116236422599671,9.809283139659634,0.41855817446510957,True,Cruise
1,210,1675461677.216288,49.72723711564161,0.0036368384581118877,False,True,False,True,100000,False,True,False,0.4048819285217313,-0.03116236422599671,9.809283139659634,0.41855817446510957,True,Cruise
1,211,1675461677.316335,48.608212340874154,0.018557168788344652,False,True,False,True,100000,False,True,False,-0.9034385878319231,0.098340758661238,9.839470603954421,1.3150608029098838,True,Cruise
1,212,1675461677.416347,48.608212340874154,0.018557168788344652,False,True,False,True,100000,False,True,False,-0.7699387303712861,0.14633283694380497,9.774713132617805,0.15427088168656178,True,Cruise
1,213,1675461677.5163834,49.37798646817187,0.00829351375770839,False,True,False,True,100000,False,True,False,-2.4485770022029865,0.3568992963593884,9.879783861723013,0.8575080340898217,True,Cruise
1,214,1675461677.6163867,49.37798646817187,0.00829351375770839,False,True,False,True,100000,False,True,False,-3.078893421755774,0.5232806445365834,9.903640061102674,0.6523424407686113,True,Cruise
1,215,1675461677.716349,49.37798646817187,0.00829351375770839,False,True,False,True,100000,False,True,False,-1.972653446103552,0.7131292911190328,9.760910968021758,1.1314508324942438,True,Cruise
1,216,1675461677.8163147,49.52568612465511,0.006324185004598562,False,True,False,True,100000,False,True,False,-0.7616282024525795,0.45811876177656874,9.612692097302775,0.11573613130191965,True,Cruise
1,217,1675461677.9162443,49.41123705231039,-0.007850172635861432,False,True,False,True,100000,False,True,False,0.10506173736297071,0.46221973558968005,9.543889739727316,0.2114238912501839,True,Cruise
1,218,1675461678.0163724,48.93476395114978,-0.014203147318002911,False,True,False,True,100000,False,True,False,0.10506173736297071,0.46221973558968005,9.543889739727316,0.6990793691381973,True,Cruise
1,219,1675461678.1163206,48.93476395114978,-0.014203147318002911,False,True,False,True,100000,False,True,False,-1.703776365647866,0.4000589673529585,9.743681018888887,0.956257187288692,True,Cruise
1,220,1675461678.2162821,49.73148986793416,-0.0035801350942112242,False,True,False,True,100000,False,True,False,-1.703776365647866,0.4000589673529585,9.743681018888887,0.956257187288692,True,Cruise
1,221,1675461678.3163893,49.73148986793416,-0.0035801350942112242,False,True,False,True,100000,False,True,False,-1.2605356821131015,-0.015895891889574028,9.693265061689424,1.6391017578193474,True,Cruise
1,222,1675461678.4163966,49.37409770914167,0.008345363878111002,False,True,False,True,100000,False,True,False,0.37296380479603924,0.018676787840541158,9.562350094743978,1.2595894435081827,True,Cruise
1,223,1675461678.5163097,49.87243499198995,0.0017008667734674013,False,True,False,True,100000,False,True,False,1.4822658929391703,0.051812778253746035,9.531221706926772,0.7775119181586373,True,Cruise
1,224,1675461678.6164107,49.87243499198995,0.0017008667734674013,False,True,False,True,100000,False,True,False,0.3294557648481677,-0.1142648890015052,9.696406765021841,0.4276831554157414,True,Cruise
1,225,1675461678.7163017,49.87243499198995,0.0017008667734674013,False,True,False,True,100000,False,True,False,1.1185680058179244,-0.22068779908477704,9.646594038173111,0.7978128053591329,True,Cruise
1,226,1675461678.8163602,49.47890107345532,-0.006947985687262461,False,True,False,True,100000,False,True,False,2.6175346235426877,-0.4587339753972466,9.634727943073194,1.5177969914725502,True,Cruise
1,227,1675461678.916303,49.231793721358315,-0.010242750381889185,False,True,False,True,100000,False,True,False,2.6175346235426877,-0.4587339753972466,9.634727943073194,1.5177969914725502,True,Cruise
1,228,1675461679.0163724,49.231793721358315,-0.010242750381889185,False,True,False,True,100000,False,True,False,-0.7222373926000373,-0.07595724256648334,10.04504346790873,0.9192936891009839,True,Cruise
1,229,1675461679.1163187,49.823475099623224,-0.0023536653383569896,False,True,False,True,100000,False,True,False,-1.7508513324845074,-0.35876900404552914,10.138002272090759,0.18090016235551393,True,Cruise
1,230,1675461679.2163565,49.823475099623224,-0.0023536653383569896,False,True,False,True,100000,False,True,False,-1.7508513324845074,-0.35876900404552914,10.138002272090759,0.18090016235551393,True,Cruise
1,231,1675461679.3163054,47.66823219180772,0.031090237442563746,False,True,False,True,100000,False,True,False,-1.7508513324845074,-0.35876900404552914,10.138002272090759,0.18090016235551393,True,Cruise
1,232,1675461679.4163873,49.014517476243896,0.013139766983414684,False,True,False,True,100000,False,True,False,2.918862945199165,0.021955896946291194,9.725317085226232,0.3605479932007464,True,Cruise
1,233,1675461679.5162995,49.014517476243896,0.013139766983414684,False,True,False,True,100000,False,True,False,-0.3301156740285788,0.30084876166951174,10.03949615330807,1.6955534324445156,True,Cruise
1,234,1675461679.616356,48.43697046801629,0.02084039375978274,False,True,False,True,100000,False,True,False,-1.5833124083072239,0.3288017288226336,10.137621513055965,1.6955534324445156,True,Cruise
1,235,1675461679.7162914,49.683830970898995,0.004215587054680068,False,True,False,True,100000,False,True,False,-2.3879475359400693,0.3438064432203756,10.149210465172484,0.09377657718240817,True,Cruise
1,236,1675461679.8162565,49.683830970898995,0.004215587054680068,False,True,False,True,100000,False,True,False,-2.3879475359400693,0.3438064432203756,10.149210465172484,0.09377657718240817,True,Cruise
1,237,1675461679.9162662,48.81654423269505,0.015779410230732656,False,True,False,True,100000,False,True,False,0.24119719858818622,0.8030267125833981,9.712460958159152,1.660018093994279,True,Cruise
1,238,1675461680.016295,48.81654423269505,0.015779410230732656,False,True,False,True,100000,False,True,False,-0.11489000554883044,0.6985716311284741,9.737970025692013,0.37196730167888176,True,Cruise
1,239,1675461680.1162982,49.92962574894689,0.0009383233473748189,False,True,False,True,100000,False,True,False,-1.2060006880374357,0.8978871544584562,9.789080940235158,0.47911238058755456,True,Cruise
1,240,1675461680.2162592,49.92962574894689,0.0009383233473748189,False,True,False,True,100000,False,True,False,-0.20113535638403016,0.9095570363355316,9.667850255486805,1.0122190473541228,True,Cruise
1,241,1675461680.3163106,49.704351557253865,-0.003941979236615116,False,True,False,True,100000,False,True,False,-0.20113535638403016,0.9095570363355316,9.667850255486805,2.4700359814479795,True,Cruise
1,242,1675461680.4162965,49.552649475634006,-0.005964673658213324,False,True,False,True,100000,False,True,False,2.3120972996039972,0.5590696510776444,9.465032004091606,0.07981592639269795,True,Cruise
1,243,1675461680.5163271,49.552649475634006,-0.005964673658213324,False,True,False,True,100000,False,True,False,2.0949517905137367,0.4473183216784409,9.506976131982885,0.07981592639269795,True,Cruise
1,244,1675461680.6163774,47.61469248185995,0.03180410024186731,False,True,False,True,100000,False,True,False,0.8044707046194799,0.4627873666198933,9.66983554372791,0.3506354410718701,True,Cruise
1,245,1675461680.7164023,47.61469248185995,0.03180410024186731,False,True,False,True,100000,False,True,False,-0.6794640030210539,0.32529366682457256,9.845707732027368,1.155780840253717,True,Cruise
1,246,1675461680.8163478,49.16376804107891,-0.011149759452281202,False,True,False,True,100000,False,True,False,-0.6794640030210539,0.32529366682457256,9.845707732027368,1.155780840253717,True,Cruise
1,247,1675461680.9162583,48.627759755916586,0.018296536587778887,False,True,False,True,100000,False,True,False,-1.839251865590625,1.1505439100008463,9.934973434085615,0.7972811622667516,True,Cruise
1,248,1675461681.016257,48.627759755916586,0.018296536587778887,False,True,False,True,100000,False,True,False,-0.07693822947093096,0.49340373016556643,9.776136567977064,0.7550276642338135,True,Cruise
1,249,1675461681.1162555,49.2543726985126,-0.009941697353165435,False,True,False,True,100000,False,True,False,-0.8023717080007272,0.4223078492362594,9.85252340797007,0.7329006108477953,True,Cruise
1,250,1675461681.216337,49.2543726985126,-0.009941697353165435,False,True,False,True,100000,False,True,False,-1.4345373434907434,0.5848223783277868,9.889386130736423,0.21333900929225708,True,Cruise
1,251,1675461681.316262,48.51890159848952,0.019747978686806347,False,True,False,True,100000,False,True,False,-0.16013213387326167,0.2577876306493239,9.75422728818434,0.21333900929225708,True,Cruise
1,252,1675461681.4162524,48.51890159848952,0.019747978686806347,False,True,False,True,100000,False,True,False,1.100546730624416,0.27711103438500106,9.646351665633368,1.2654334211106668,True,Cruise
1,253,1675461681.5162702,49.71932654108006,0.003742312785599283,False,True,False,True,100000,False,True,False,0.006106664854347944,0.5621723140835723,9.783215737696922,1.3653034161709836,True,Cruise
1,254,1675461681.6162395,49.71932654108006,0.003742312785599283,False,True,False,True,100000,False,True,False,-0.1942667131751056,0.707134543933836,9.78360859639865,1.3653034161709836,True,Cruise
1,255,1675461681.7162871,49.70742851727827,0.003900953102956432,False,True,False,True,100000,False,True,False,1.8682202344416965,0.21131247807241332,9.618900111468871,1.1641097827852924,True,Cruise
1,256,1675461681.8163185,49.947617851366374,0.0006984286484483502,False,True,False,True,100000,False,True,False,1.8682202344416965,0.21131247807241332,9.618900111468871,0.962398140856866,True,Cruise
1,257,1675461681.9162683,49.947617851366374,0.0006984286484483502,False,True,False,True,100000,False,True,False,3.2557227251202687,0.20648131255578606,9.568413291158073,1.3884291198417675,True,Cruise
1,258,1675461682.016308,49.68782876243325,-0.004162283167556658,False,True,False,True,100000,False,True,False,3.2557227251202687,0.20648131255578606,9.568413291158073,1.3884291198417675,True,Cruise
1,259,1675461682.11628,49.835731635833426,-0.0021902448555543735,False,True,False,True,100000,False,True,False,3.109992526658479,0.11050293674618077,9.686341135220388,0.45216973816013695,True,Cruise
1,260,1675461682.2162852,49.835731635833426,-0.0021902448555543735,False,True,False,True,100000,False,True,False,0.8099229695944501,0.06383334737870523,9.942410324275544,1.8233358275914435,True,Cruise
1,261,1675461682.3163974,49.835731635833426,-0.0021902448555543735,False,True,False,True,100000,False,True,False,0.8099229695944501,0.06383334737870523,9.942410324275544,0.7596322128522531,True,Cruise
1,262,1675461682.4162831,48.18568931025399,-0.024190809196613438,False,True,False,True,100000,False,True,False,0.8099229695944501,0.06383334737870523,9.942410324275544,0.7596322128522531,True,Cruise
1,263,1675461682.5163,48.18568931025399,-0.024190809196613438,False,True,False,True,100000,False,True,False,0.948652291643695,0.012988421536038098,9.958308214262997,1.0231164359826208,True,Cruise
1,264,1675461682.6162782,49.2234604754616,-0.01035386032717863,False,True,False,True,100000,False,True,False,-2.3140082617275306,-0.6637167109244525,10.196698483154426,0.5412063653640569,True,Cruise
1,265,1675461682.7162905,49.4155831805411,-0.007792224259452038,False,True,False,True,100000,False,True,False,-2.6753429806678897,-0.7703070198867951,10.192704788440343,0.376749549002869,True,Cruise
1,266,1675461682.8163137,49.4155831805411,-0.007792224259452038,False,True,False,True,100000,False,True,False,-0.9529084954877828,-0.65526527324096,9.984695244489085,1.7387590774986037,True,Cruise
1,267,1675461682.9162738,47.192969431342604,0.0374270742487653,False,True,False,True,100000,False,True,False,-0.9529084954877828,-0.65526527324096,9.984695244489085,1.7387590774986037,True,Cruise
1,268,1675461683.016269,49.841790333212685,0.0021094622238309385,False,True,False,True,100000,False,True,False,-0.8826223311957895,-0.8590683100696757,9.896841600567008,1.3317093857938327,True,Cruise
1,269,1675461683.116292,49.841790333212685,0.0021094622238309385,False,True,False,True,100000,False,True,False,-0.07063608599371282,-0.11839842949931184,9.783915008412114,1.1048375218090676,True,Cruise
1,270,1675461683.2162604,47.74440070942857,0.0300746572076191,False,True,False,True,100000,False,True,False,1.7191499417727232,-0.37828185001859577,9.603419513819615,0.8409058321533148,True,Cruise
1,271,1675461683.316351,49.805557203602376,0.0025925706186349664,False,True,False,True,100000,False,True,False,0.33663453306627045,-0.48910332195917994,9.741394547330072,1.393796026621564,True,Cruise
1,272,1675461683.4162636,49.805557203602376,0.0025925706186349664,False,True,False,True,100000,False,True,False,0.33663453306627045,-0.48910332195917994,9.741394547330072,1.393796026621564,True,Cruise
1,273,1675461683.5162446,49.36191482130233,-0.008507802382635602,False,True,False,True,100000,False,True,False,1.4549907165170723,0.23583902559828887,9.566920880435546,1.035061074987891,True,Cruise
1,274,1675461683.616294,49.36191482130233,-0.008507802382635602,False,True,False,True,100000,False,True,False,0.29405798738379585,0.29900792381214886,9.692963876130987,1.2961768029668683,True,Cruise
1,275,1675461683.7163887,49.945119042621485,0.0007317460983801786,False,True,False,True,100000,False,True,False,-0.9953426277801988,0.2322723412459752,9.807273631548789,1.2961768029668683,True,Cruise
1,276,1675461683.8162715,29.92808123488338,0.0007317460983801786,True,True,True,True,15.952054156588918,False,False,False,-0.09232113330456883,0.2243049800095311,9.700448336851212,1.2115199083640458,True,Keep distance
1,277,1675461683.9162562,29.92808123488338,-0.0263113955036082,True,True,True,True,15.952054156588918,False,False,False,-0.09232113330456883,0.2243049800095311,9.700448336851212,0.872662946685193,True,Keep distance
1,278,1675461684.0162804,29.92808123488338,-0.026775225744256812,True,True,True,True,15.952054156588918,False,False,False,-0.6439149327645678,0.39076896898199187,9.821219524727503,1.2148097287153115,True,Keep distance
1,279,1675461684.1163263,29.92808123488338,-0.026775225744256812,True,True,True,True,15.952054156588918,False,False,False,-2.514261420741681,-0.40478411505768425,9.987417060877146,0.8246243373177354,True,Keep distance
1,280,1675461684.216271,29.92808123488338,-0.015134777018300117,True,True,True,True,15.952054156588918,False,False,False,-3.1820631521271436,-0.6628467119292942,10.021090463416042,0.24874254813255098,True,Keep distance
1,281,1675461684.316187,29.92808123488338,-0.015134777018300117,True,True,True,True,15.952054156588918,False,False,False,-3.293067014675373,-0.8026042669449698,10.012143927432005,0.17870106936081687,True,Keep distance
1,282,1675461684.4163077,29.92808123488338,-0.022325220176369148,True,True,True,True,15.952054156588918,False,False,False,-3.5400374157104766,-0.7004705628522971,9.980102693308243,0.3321181580786482,True,Keep distance
1,283,1675461684.5162947,29.92808123488338,-0.022325220176369148,True,True,True,True,15.952054156588918,False,False,False,-3.5400374157104766,-0.7004705628522971,9.980102693308243,0.29000306653486113,True,Keep distance
1,284,1675461684.6162777,29.92808123488338,-0.02771420363302177,True,True,True,True,15.952054156588918,False,False,False,-3.8010168932840838,-1.1614614188161982,9.946382681582168,0.24277682819510857,True,Keep distance
1,285,1675461684.7162585,29.92808123488338,-0.021905783216640825,True,True,True,True,15.952054156588918,False,False,False,-4.169856417322026,-1.4149909295781438,9.88629933685661,0.15766946216027125,True,Keep distance
1,286,1675461684.8163338,29.92808123488338,-0.021905783216640825,True,True,True,True,15.952054156588918,False,False,False,-4.31263515408934,-1.5539286153288017,9.86833916873401,0.20003003732842337,True,Keep distance
1,287,1675461684.9162705,29.92808123488338,-0.024467228191690855,True,True,True,True,15.952054156588918,False,False,False,-4.52784436316844,-1.5592898683900185,9.79824813355909,0.22639898391717733,True,Keep distance
1,288,1675461685.0162935,29.92808123488338,-0.022409719096818652,True,True,True,True,15.952054156588918,False,False,False,-4.52784436316844,-1.5592898683900185,9.79824813355909,0.22639898391717733,True,Keep distance
1,289,1675461685.1162844,29.92808123488338,-0.022409719096818652,True,True,True,True,15.952054156588918,False,False,False,-4.599833538066518,-1.5835105741409767,9.753475133609406,0.044094072570823074,True,Keep distance
1,290,1675461685.216394,29.92808123488338,-0.01651763702269624,True,True,True,True,15.952054156588918,False,False,False,-4.637452891758531,-1.5647313810079542,9.714585092750353,0.03226481975361966,True,Keep distance
1,291,1675461685.316335,29.92808123488338,-0.01651763702269624,True,True,True,True,15.952054156588918,False,False,False,-4.624712305669075,-1.4690869531221853,9.68189146685858,0.07039375477341261,True,Keep distance
1,292,1675461685.4162984,27.585868530085552,-0.01056994059481978,True,True,True,True,14.390579020057034,False,False,False,-4.624712305669075,-1.4690869531221853,9.68189146685858,0.07039375477341261,True,Keep distance
1,293,1675461685.5162725,27.585868530085552,-0.012520230672046528,True,True,True,True,14.390579020057034,False,False,False,-4.485412102445714,-1.2286511494711823,9.644843967663219,0.3774262432298176,True,Keep distance
1,294,1675461685.6162992,27.585868530085552,-0.012520230672046528,True,True,True,True,14.390579020057034,False,False,False,-4.325430092559428,-0.7271351630011782,9.663492651222441,0.06318232903881636,True,Keep distance
1,295,1675461685.7162855,27.585868530085552,-0.005804725541317115,True,True,True,True,14.390579020057034,False,False,False,-4.276484204183713,-0.7219168083335165,9.66340559822034,0.05251131448431044,True,Keep distance
1,296,1675461685.8162892,27.585868530085552,-0.005804725541317115,True,True,True,True,14.390579020057034,False,False,False,-4.123082012993265,-0.7060103128695225,9.664534367451184,0.10393170643379114,True,Keep distance
1,297,1675461685.9163074,27.585868530085552,0.010215781597686751,True,True,True,True,14.390579020057034,False,False,False,-4.123082012993265,-0.7060103128695225,9.664534367451184,0.10393170643379114,True,Keep distance
1,298,1675461686.0162907,27.585868530085552,0.007016138414213986,True,True,True,True,14.390579020057034,False,False,False,-3.8061940777340255,-0.25123147521466865,9.656808833894473,0.23664704223749164,True,Keep distance
1,299,1675461686.1162808,27.585868530085552,0.007016138414213986,True,True,True,True,14.390579020057034,False,False,False,-3.8497074356078658,0.1767382651165094,9.722972506204586,0.052371326714038165,True,Keep distance
1,300,1675461686.216275,27.585868530085552,0.007016138414213986,True,True,True,True,14.390579020057034,False,False,False,-3.840566442200438,0.20871401942814835,9.742770895963293,0.028288285560691875,True,Keep distance
1,301,1675461686.316274,27.585868530085552,0.015607974697036205,True,True,True,True,14.390579020057034,False,False,False,-3.8089634162127557,0.20510961018522295,9.779332251943188,0.02698887496400569,True,Keep distance
1,302,1675461686.4163098,25.60416481710048,-0.015293860513628205,True,True,True,True,13.06944321140032,False,False,False,-3.8089634162127557,0.20510961018522295,9.779332251943188,0.02698887496400569,True,Keep distance
1,303,1675461686.516323,25.60416481710048,-0.0071398686217643914,True,True,True,True,13.06944321140032,False,False,False,-3.7753682754688027,0.4882011268720761,9.827091557196594,0.2890508459422959,True,Keep distance
1,304,1675461686.6162755,25.60416481710048,-0.0071398686217643914,True,True,True,True,13.06944321140032,False,False,False,-3.782209244771661,0.30977938694163654,9.842805063868628,0.32921898315097214,True,Keep distance
1,305,1675461686.7163012,25.60416481710048,-0.010945853984919374,True,True,True,True,13.06944321140032,False,False,False,-3.7865401341464637,0.04621882493866548,9.87731723342783,0.050001640363208096,True,Keep distance
1,306,1675461686.8163342,25.60416481710048,-0.010945853984919374,True,True,True,True,13.06944321140032,False,False,False,-3.8081253871964895,0.12008291392356643,9.892560840115422,0.018223496348781495,True,Keep distance
1,307,1675461686.9163597,25.60416481710048,-0.0019220904554127962,True,True,True,True,13.06944321140032,False,False,False,-3.8081253871964895,0.12008291392356643,9.892560840115422,0.018223496348781495,True,Keep distance
1,308,1675461687.0163858,25.60416481710048,-0.0023335846602650073,True,True,True,True,13.06944321140032,False,False,False,-3.8669152085536025,-0.2528202520514908,9.902487389579678,0.10205767132326107,True,Keep distance
1,309,1675461687.1162887,25.60416481710048,-0.0023335846602650073,True,True,True,True,13.06944321140032,False,False,False,-3.8809793551958855,-0.20277422787338534,9.90061808347978,0.052018257007576424,True,Keep distance
1,310,1675461687.2162635,25.60416481710048,0.0020120703169866786,True,True,True,True,13.06944321140032,False,False,False,-3.934409151972663,0.09844609610305971,9.862876759928835,0.06097424988814032,True,Keep distance
1,311,1675461687.316274,25.60416481710048,0.0020120703169866786,True,True,True,True,13.06944321140032,False,False,False,-3.959616959515254,-0.049613143537675215,9.857966783205637,0.07212559893973235,True,Keep distance
1,312,1675461687.4162827,23.93350978248187,-0.009713261676433401,True,True,True,True,11.955673188321247,False,False,False,-3.959616959515254,-0.049613143537675215,9.857966783205637,0.06928255914789214,True,Keep distance
1,313,1675461687.5163207,23.93350978248187,-0.009713261676433401,True,True,True,True,11.955673188321247,False,False,False,-3.9879125364885484,-0.11674489325508346,9.84558039946765,0.02203857526360372,True,Keep distance
1,314,1675461687.6164865,23.93350978248187,-0.007479997537129769,True,True,True,True,11.955673188321247,False,False,False,-4.002524192080067,-0.26354573142518767,9.835458338358173,0.16718136285626348,True,Keep distance
1,315,1675461687.7162774,23.93350978248187,-0.0077184006473656796,True,True,True,True,11.955673188321247,False,False,False,-4.01315202834666,-0.41569592284129825,9.824791021581584,0.04336859989812479,True,Keep distance
1,316,1675461687.8163,23.93350978248187,-0.0077184006473656796,True,True,True,True,11.955673188321247,False,False,False,-4.018155393517004,-0.38384121103297747,9.814271678627257,0.01366012549335352,True,Keep distance
1,317,1675461687.916261,23.93350978248187,0.0002978040368724957,True,True,False,True,11.955673188321247,False,False,False,-4.019394156814854,-0.40160218428711153,9.804715343766034,0.01366012549335352,True,Keep distance
1,318,1675461688.0162766,23.93350978248187,0.0014567460842537757,True,True,False,True,11.955673188321247,False,False,False,-4.017630416804328,-0.44818869203913825,9.796660278730114,0.03377958598047376,True,Keep distance
1,319,1675461688.11629,23.93350978248187,0.0014567460842537757,True,True,False,True,11.955673188321247,False,False,False,-4.014501382489051,-0.3507233200120776,9.793210032500463,0.09757660477370964,True,Keep distance
1,320,1675461688.2162733,23.93350978248187,0.0037066049404534166,True,True,False,True,11.955673188321247,False,False,False,-4.004866635684716,-0.21689027165868416,9.786170734410245,0.02738681245411589,True,Keep distance
1,321,1675461688.316291,23.93350978248187,0.0037066049404534166,True,True,False,True,11.955673188321247,False,False,False,-4.001552607825184,-0.1995531854916789,9.784899831561637,0.01769668136873464,True,Keep distance
1,322,1675461688.4162803,22.348069371664568,-0.002901726462611067,True,True,False,True,10.898712914443045,False,False,False,-4.001552607825184,-0.1995531854916789,9.784899831561637,0.01769668136873464,True,Keep distance
1,323,1675461688.51632,22.348069371664568,0.006652796254380399,True,True,False,True,10.898712914443045,False,False,False,-3.9907063885595315,-0.046813476483306006,9.783983677850834,0.15312706657525596,True,Keep distance
1,324,1675461688.6163464,22.348069371664568,0.006652796254380399,True,True,False,True,10.898712914443045,False,False,False,-3.9835430860200445,-0.030792107914714404,9.7855428538077,0.06013691604210862,True,Keep distance
1,325,1675461688.71629,22.348069371664568,0.010476109476749316,True,True,False,True,10.898712914443045,False,False,False,-3.976416307888461,0.04929380293019722,9.788399763788709,0.09622591922504543,True,Keep distance
1,326,1675461688.8162854,22.348069371664568,0.010476109476749316,True,True,False,True,10.898712914443045,False,False,False,-3.970122488525475,0.17339407219378442,9.792249545638628,0.02818099386139555,True,Keep distance
1,327,1675461688.91627,22.348069371664568,0.010476109476749316,True,True,False,True,10.898712914443045,False,False,False,-3.970122488525475,0.17339407219378442,9.792249545638628,0.02818099386139555,True,Keep distance
1,328,1675461689.0162427,22.348069371664568,0.01302208421234976,True,True,False,True,10.898712914443045,False,False,False,-3.970122488525475,0.17339407219378442,9.792249545638628,0.12388108545206018,True,Keep distance
1,329,1675461689.1162677,22.348069371664568,0.005618187988112688,True,True,False,True,10.898712914443045,False,False,False,-3.960669906633857,0.32873179910370637,9.803777963221268,0.016180793129615057,True,Keep distance
1,330,1675461689.2162933,22.348069371664568,-0.002146639557819072,True,True,False,True,10.898712914443045,False,False,False,-3.959503637021951,0.33648167058195366,9.80602753736427,0.008153605126683023,True,Keep distance
1,331,1675461689.3162744,22.348069371664568,-0.002146639557819072,True,True,False,True,10.898712914443045,False,False,False,-3.959011074508074,0.381109629437197,9.808204989883937,0.04468376247464809,True,Keep distance
1,332,1675461689.416293,22.348069371664568,0.01741429828786595,True,True,False,True,10.898712914443045,False,False,False,-3.957088128310421,0.3624447814715471,9.811980904063471,0.07350083254324048,True,Keep distance
1,333,1675461689.5162656,22.348069371664568,0.01741429828786595,True,True,False,True,10.898712914443045,False,False,False,-3.954216876012001,0.22070632816971067,9.816267711573051,0.13217162502896804,True,Keep distance
1,334,1675461689.616288,22.348069371664568,0.005141055257032872,True,True,False,True,10.898712914443045,False,False,False,-3.95691720284911,0.2806323391471894,9.818493477242042,0.19212026359804296,True,Keep distance
1,335,1675461689.716368,22.348069371664568,0.00488295487465965,True,True,False,True,10.898712914443045,False,False,False,-3.9599131647865247,0.3137389037568845,9.819686286730013,0.15868538603103802,True,Keep distance
1,336,1675461689.8163128,22.348069371664568,0.00488295487465965,True,True,False,True,10.898712914443045,False,False,False,-3.959993370396901,0.15305728527557608,9.819853459118418,0.04924661750948573,True,Keep distance
1,337,1675461689.9162822,21.031321958857234,0.00488295487465965,True,True,False,True,10.020881305904823,False,False,False,-3.959993370396901,0.15305728527557608,9.819853459118418,0.04924661750948573,True,Keep distance
1,338,1675461690.016274,21.031321958857234,-1.722137828164905e-06,True,True,False,True,10.020881305904823,False,False,False,-3.962321731839438,0.10814098441779132,9.819031701262293,0.044984115371186656,True,Keep distance
1,339,1675461690.1162605,21.031321958857234,-0.0005340542940760523,True,True,False,True,10.020881305904823,False,False,False,-3.964489664951691,0.08029234857518647,9.817875051210068,0.014809060936310996,True,Keep distance
1,340,1675461690.2162607,21.031321958857234,-0.0023104191174578193,True,True,False,True,10.020881305904823,False,False,False,-3.965551594253598,0.08107373409285364,9.817149718783982,0.06913210542427388,True,Keep distance
1,341,1675461690.3162606,21.031321958857234,-0.0023104191174578193,True,True,False,True,10.020881305904823,False,False,False,-3.9663236143508565,-0.033830368830580965,9.815396514138731,0.04578919316313767,True,Keep distance
1,342,1675461690.416273,21.031321958857234,0.006840300304840057,True,True,False,True,10.020881305904823,False,False,False,-3.9669592162329517,-0.05558738748425328,9.814499182625207,0.021784789516860883,True,Keep distance
1,343,1675461690.516307,21.031321958857234,0.006840300304840057,True,True,False,True,10.020881305904823,False,False,False,-3.9698228766887977,-0.17286569246154426,9.810988128034673,0.04211467859629014,True,Keep distance
1,344,1675461690.6162572,21.031321958857234,0.00037160222836919667,True,True,False,True,10.020881305904823,False,False,False,-3.9709853384634424,-0.08284543063236725,9.810254115062222,0.054527182363893076,True,Keep distance
1,345,1675461690.716277,21.031321958857234,0.00037160222836919667,True,True,False,True,10.020881305904823,False,False,False,-3.9719435318614074,-0.028331381395589765,9.809537234481128,0.054527182363893076,True,Keep distance
1,346,1675461690.8162816,21.031321958857234,0.013080956415479236,True,True,False,True,10.020881305904823,False,False,False,-3.972466222161123,-0.06542531011690031,9.808138444095622,0.07046904286552737,True,Keep distance
1,347,1675461690.9162762,20.020857341709885,-0.004142231127331918,True,True,False,True,9.347238227806589,False,False,False,-3.9722982324183684,-0.10678463968592655,9.807522423008297,0.041364258060951946,True,Keep distance
1,348,1675461691.016277,20.020857341709885,-0.004142231127331918,True,True,False,True,9.347238227806589,False,False,False,-3.9724856485310327,-0.018190813579288253,9.805967671836195,0.08760998939086924,True,Keep distance
1,349,1675461691.1163309,20.020857341709885,0.0076842840340174984,True,True,False,True,9.347238227806589,False,False,False,-3.9719798663223655,-0.1004560966591588,9.805743103213233,0.08226714439507583,True,Keep distance
1,350,1675461691.2163086,20.020857341709885,0.0076842840340174984,True,True,False,True,9.347238227806589,False,False,False,-3.9717204316238637,-0.1619296542893363,9.805618562220706,0.061474231223597756,True,Keep distance
1,351,1675461691.3162806,20.020857341709885,0.005527135912697242,True,True,False,True,9.347238227806589,False,False,False,-3.972327748870501,0.055632383676952675,9.805692831039527,0.029244452240648165,True,Keep distance
1,352,1675461691.4162543,20.020857341709885,0.012208476648589405,True,True,False,True,9.347238227806589,False,False,False,-3.9724806715813425,0.08487623552522494,9.805801138824858,0.029244452240648165,True,Keep distance
1,353,1675461691.5162416,20.020857341709885,0.012208476648589405,True,True,False,True,9.347238227806589,False,False,False,-3.9717452168891256,0.07247767714246987,9.806315245146928,0.012430987446107504,True,Keep distance
1,354,1675461691.616259,20.020857341709885,0.011561361326291444,True,True,False,True,9.347238227806589,False,False,False,-3.971361286019166,0.05840440915099762,9.806560578040287,0.08335710097264269,True,Keep distance
1,355,1675461691.7162583,20.020857341709885,0.011561361326291444,True,True,False,True,9.347238227806589,False,False,False,-3.972118291591136,0.2006052541417585,9.807245765276802,0.0588474730528794,True,Keep distance
1,356,1675461691.8162842,20.020857341709885,0.024865086590524436,True,True,False,True,9.347238227806589,False,False,False,-3.972176617674558,0.21766367804426653,9.80756995034114,0.017061603791133015,True,Keep distance
1,357,1675461691.9162934,19.108648301442052,0.024865086590524436,True,True,False,True,8.739098867628034,False,False,False,-3.9718877122111356,0.23132731016681432,9.808194311282316,0.007046659186285678,True,Keep distance
1,358,1675461692.0164058,19.108648301442052,0.010525920032803077,True,True,False,True,8.739098867628034,False,False,False,-3.9718877122111356,0.23132731016681432,9.808194311282316,0.12198628195195607,True,Keep distance
1,359,1675461692.1163578,19.108648301442052,0.007310000875235472,True,True,False,True,8.739098867628034,False,False,False,-3.973857954025887,0.3749544116992067,9.8096907823531,0.11708283213811453,True,Keep distance
1,360,1675461692.2163563,19.108648301442052,0.007310000875235472,True,True,False,True,8.739098867628034,False,False,False,-3.973857954025887,0.3749544116992067,9.8096907823531,0.07324952615181912,True,Keep distance
1,361,1675461692.3162253,19.108648301442052,-5.195102251593785e-05,True,True,False,True,8.739098867628034,False,False,False,-3.9679611550160376,0.22597070835765817,9.80980593592825,0.01974241083674422,True,Keep distance
1,362,1675461692.41626,19.108648301442052,-5.195102251593785e-05,True,True,False,True,8.739098867628034,False,False,False,-3.9673766709252027,0.22213449149760767,9.809948423615033,0.003883102392502653,True,Keep distance
1,363,1675461692.5162652,19.108648301442052,0.0005450835629460369,True,True,False,True,8.739098867628034,False,False,False,-3.9673766709252027,0.22213449149760767,9.809948423615033,0.13665794909882442,True,Keep distance
