repetition,iteration,time,speed,steering,obstacle_North,obstacle_NorthWest,obstacle_SouthWest,obstacle_West,obstacle_distance,follow_enable,steady_motion_enable,passing_start,accel_x,accel_y,accel_z,accel_diff,success,action
1,1,1675461739.8593552,0.0,0.0,False,True,False,True,100000,False,True,False,0.057105120366779116,-1.9975865851369607e-13,9.856359700016538,0.008601071651725432,True,Cruise
1,2,1675461739.8595471,0.0,0.0,False,True,False,True,100000,False,True,False,0.057105120366779116,-1.9975865851369607e-13,9.856359700016538,0.008601071651725432,True,Cruise
1,3,1675461739.9597857,0.0,0.0,False,True,False,True,100000,False,True,False,0.06562737407582062,4.2560327753558615e-13,9.857521433754037,0.008601071651725432,True,Cruise
1,4,1675461740.059728,49.82666416377589,0.002311144482988212,False,True,False,True,100000,False,True,False,0.07318978216005799,-4.471398647376695e-13,9.857877835302023,0.007570801681192395,True,Cruise
1,5,1675461740.159772,49.82666416377589,0.002311144482988212,False,True,False,True,100000,False,True,False,1.0715490997235195,1.0949000497535826e-13,9.7614905148653,1.5963206320650343,True,Cruise
1,6,1675461740.2597418,49.80918089104204,-0.002544254786106115,False,True,False,True,100000,False,True,False,3.3840259597107445,0.018737771640419187,9.616777181286459,0.2730355637977677,True,Cruise
1,7,1675461740.3598928,49.48120226582497,-0.006917303122333749,False,True,False,True,100000,False,True,False,3.5474586843596394,-0.0035684459916338336,9.626634303610215,0.16524220311928645,True,Cruise
1,8,1675461740.4597034,49.48120226582497,-0.006917303122333749,False,True,False,True,100000,False,True,False,3.656744109360323,-0.008992584458369415,9.643100431022207,0.11065197127766976,True,Cruise
1,9,1675461740.559664,49.46402807918161,0.007146292277578535,False,True,False,True,100000,False,True,False,3.748520691708865,0.004929237292352206,9.662284446483236,0.09478810388253686,True,Cruise
1,10,1675461740.6596897,49.99342570483181,8.765726890926757e-05,False,True,False,True,100000,False,True,False,3.9431168171087214,-0.014285340182271119,9.701345439086255,0.22119071232998092,True,Cruise
1,11,1675461740.7596724,49.99342570483181,8.765726890926757e-05,False,True,False,True,100000,False,True,False,4.159578328593174,0.012138313626754563,9.738379690614961,0.22119071232998092,True,Cruise
1,12,1675461740.859703,49.35651905590801,-0.008579745921226567,False,True,False,True,100000,False,True,False,4.3603001481070285,0.014628117658399453,9.774185154353516,0.08722448734329251,True,Cruise
1,13,1675461740.9596813,49.35651905590801,-0.008579745921226567,False,True,False,True,100000,False,True,False,4.571273047905078,-0.01923810011784363,9.825461895452559,0.07542443874115923,True,Cruise
1,14,1675461741.0597,49.710614977993174,-0.003858466960091028,False,True,False,True,100000,False,True,False,4.613678827024706,-0.02775196801733127,9.841103859009321,0.03415835839129556,True,Cruise
1,15,1675461741.1597102,49.710614977993174,-0.003858466960091028,False,True,False,True,100000,False,True,False,4.6428010019379595,-0.03821131073059307,9.855570874123593,0.03415835839129556,True,Cruise
1,16,1675461741.2596984,49.65709369942747,-0.0045720840076337275,False,True,False,False,100000,False,True,False,4.6648913605916205,-0.002018058303104438,9.880008729660519,0.010843695711206624,True,Cruise
1,17,1675461741.3596575,49.42467109875001,-0.007671052016666497,False,True,False,False,100000,False,True,False,4.645505699341697,-0.0018949282660292509,9.897253252760953,0.024068619695330497,True,Cruise
1,18,1675461741.4597092,49.42467109875001,-0.007671052016666497,False,True,False,False,100000,False,True,False,4.5930963846829576,-0.002007834611159758,9.906478162518285,0.03058749071833688,True,Cruise
1,19,1675461741.5597193,49.65875212997568,-0.004549971600324231,False,True,False,False,100000,False,True,False,4.4714475532925535,-0.02246348653197906,9.905110719273356,0.044894519634250646,True,Cruise
1,20,1675461741.6596851,49.65875212997568,-0.004549971600324231,False,True,False,False,100000,False,True,False,4.4714475532925535,-0.02246348653197906,9.905110719273356,0.044894519634250646,True,Cruise
1,21,1675461741.7596872,49.846660412341045,-0.0020445278354527564,False,True,False,False,100000,False,True,False,4.323831659170935,-0.008664753794943197,9.887353552043106,0.051229549691394115,True,Cruise
1,22,1675461741.8596725,49.34604498130968,-0.00871940024920422,False,True,False,False,100000,False,True,False,4.273385128037473,-0.016017339402710138,9.878460252330749,0.05174943283063749,True,Cruise
1,23,1675461741.9596336,49.34604498130968,-0.00871940024920422,False,True,False,False,100000,False,True,False,4.129641565605351,0.016274085230727472,9.845532999629125,0.05095733601786454,True,Cruise
1,24,1675461742.0596979,49.77260540064166,-0.0030319279914445456,False,True,False,False,100000,False,True,False,4.129641565605351,0.016274085230727472,9.845532999629125,0.05726782305399105,True,Cruise
1,25,1675461742.1596735,49.77260540064166,-0.0030319279914445456,False,True,False,False,100000,False,True,False,4.046145759911406,-0.04717030862844989,9.820528743526351,0.05062053858176689,True,Cruise
1,26,1675461742.259668,49.744482673915314,0.0034068976811291625,False,True,False,False,100000,False,True,False,3.9771039057035438,-0.004423918456939664,9.795030768426075,0.03461767470597817,True,Cruise
1,27,1675461742.3597498,49.744482673915314,0.0034068976811291625,False,True,False,False,100000,False,True,False,3.9241747840372962,0.01407922707872849,9.770667883482082,0.025642096979572038,True,Cruise
1,28,1675461742.4598756,49.65528635286652,0.00459618196177974,False,True,False,False,100000,False,True,False,3.88773924905958,0.0253189581787889,9.748844133208932,0.01929849947199591,True,Cruise
1,29,1675461742.5598116,49.676314585592486,0.004315805525433534,False,True,False,False,100000,False,True,False,3.8672849575340527,0.0252169119590206,9.730650494025477,0.013087681640644368,True,Cruise
1,30,1675461742.6597648,49.676314585592486,0.004315805525433534,False,True,False,False,100000,False,True,False,3.862676816883622,0.02881438860264574,9.723162576301824,0.009499774223199937,True,Cruise
1,31,1675461742.7597697,49.70345887467478,0.003953881671002879,False,True,False,False,100000,False,True,False,3.863528971264039,0.029638151796999607,9.711711724171385,0.011512027076132886,True,Cruise
1,32,1675461742.8597367,49.70345887467478,0.003953881671002879,False,True,False,False,100000,False,True,False,3.8758518795655292,0.033042546406350244,9.705118658659812,0.008213455585965125,True,Cruise
1,33,1675461742.9597256,49.09951366642581,0.012006484447655862,False,True,False,False,100000,False,True,False,3.885504969169172,0.03188234196516118,9.703625552187816,0.009836543101010026,True,Cruise
1,34,1675461743.0598912,49.275329576143015,0.009662272318093183,False,True,False,False,100000,False,True,False,3.909948080336622,0.054080055145880934,9.704060018729646,0.02624260536610612,True,Cruise
1,35,1675461743.1596918,49.275329576143015,0.009662272318093183,False,True,False,False,100000,False,True,False,3.9390310889661153,0.08098246093892134,9.70859165831142,0.017639808168029472,True,Cruise
1,36,1675461743.2597902,49.70927544085521,0.0038763274552639595,False,True,False,False,100000,False,True,False,3.9390310889661153,0.08098246093892134,9.70859165831142,0.04065203849545606,True,Cruise
1,37,1675461743.359706,49.70927544085521,0.0038763274552639595,False,True,False,False,100000,False,True,False,3.9865507911863207,0.054716349098040865,9.721402510987346,0.016611621304884517,True,Cruise
1,38,1675461743.4596763,48.99880051124155,0.013349326516779341,False,True,False,False,100000,False,True,False,4.032205527686628,0.011871885324299235,9.73881965595057,0.024039565232408158,True,Cruise
1,39,1675461743.5596714,49.05495521252032,0.012600597166395748,False,True,False,False,100000,False,True,False,4.04563496436697,0.053555270463668946,9.745158749170743,0.044249728463374695,True,Cruise
1,40,1675461743.6596286,49.05495521252032,0.012600597166395748,False,True,False,False,100000,False,True,False,4.069505883757442,0.07802601492305425,9.757886643210444,0.013668332063764698,True,Cruise
1,41,1675461743.7597773,49.05495521252032,0.012600597166395748,False,True,False,False,100000,False,True,False,4.069505883757442,0.07802601492305425,9.757886643210444,0.013668332063764698,True,Cruise
1,42,1675461743.8597662,49.66861998630095,0.004418400182653908,False,True,False,False,100000,False,True,False,4.103578722602407,0.06460084399321528,9.780890457731031,0.00856093227833495,True,Cruise
1,43,1675461743.9596975,48.90142536632516,0.01464766178233122,False,True,False,False,100000,False,True,False,4.108991490135854,0.08799748615327273,9.785691212526375,0.08005354611768067,True,Cruise
1,44,1675461744.059697,49.71806429958626,0.00375914267218318,False,True,False,False,100000,False,True,False,4.1161489665706075,0.04933798746738737,9.793779454565458,0.08005354611768067,True,Cruise
1,45,1675461744.1596704,49.71806429958626,0.00375914267218318,False,True,False,False,100000,False,True,False,4.1179145785209865,0.11044044029862887,9.799723687346745,0.023874692980117553,True,Cruise
1,46,1675461744.2596724,48.78047230170213,0.016260369310638262,False,True,False,False,100000,False,True,False,4.11771869910003,0.006830353060780443,9.803167520919068,0.10366749025541216,True,Cruise
1,47,1675461744.3596826,48.78047230170213,0.016260369310638262,False,True,False,False,100000,False,True,False,4.115819389393719,-0.03733756114148688,9.804099077576568,0.04421854611071544,True,Cruise
1,48,1675461744.4596922,48.083267482049926,0.025556433572667674,False,True,False,False,100000,False,True,False,4.107801306744836,0.08122022019904464,9.804589340112592,0.008580616554362208,True,Cruise
1,49,1675461744.559804,48.083267482049926,0.025556433572667674,False,True,False,False,100000,False,True,False,4.103305422419252,0.08850890592996652,9.804051692551619,0.008580616554362208,True,Cruise
1,50,1675461744.6598208,46.7854916118678,0.04286011184176269,False,True,False,False,100000,False,True,False,4.0926743671143315,0.11540305188025521,9.801756724388325,0.028473088416703214,True,Cruise
1,51,1675461744.7597113,46.7854916118678,0.04286011184176269,False,True,False,False,100000,False,True,False,4.0868282768511195,0.14321797107287088,9.800062539354736,0.0786749570236026,True,Cruise
1,52,1675461744.8597262,47.8896817910132,0.028137576119823985,False,True,False,False,100000,False,True,False,4.064665337733097,0.2795736923324227,9.793761840843716,0.05965679750752969,True,Cruise
1,53,1675461744.959675,47.340299730161775,0.0354626702645096,False,True,False,False,100000,False,True,False,4.05795980601333,0.3410810428174529,9.79119529453367,0.06192499882353457,True,Cruise
1,54,1675461745.05967,47.340299730161775,0.0354626702645096,False,True,False,False,100000,False,True,False,4.053487074480489,0.20933380079300493,9.785050399891762,0.022421757600521675,True,Cruise
1,55,1675461745.1598337,48.384047377583,0.021546034965560016,False,True,False,False,100000,False,True,False,4.045625909856601,0.24917623479264714,9.77948546821147,0.06214917845952453,True,Cruise
1,56,1675461745.259657,48.384047377583,0.021546034965560016,False,True,False,False,100000,False,True,False,4.041168041145106,0.324796716415002,9.776910123434558,0.07579552912254002,True,Cruise
1,57,1675461745.3596785,47.33602955820671,0.035519605890577205,False,True,False,False,100000,False,True,False,4.03996006899045,0.17954115116104682,9.769210030175758,0.1454645313131922,True,Cruise
1,58,1675461745.4597569,47.146236703205574,0.03805017729059237,False,True,False,False,100000,False,True,False,4.0383749210906705,0.13526231794519286,9.76725441059058,0.04435033497938341,True,Cruise
1,59,1675461745.559699,47.146236703205574,0.03805017729059237,False,True,False,False,100000,False,True,False,4.02891132842934,0.2706634877810562,9.76475829720377,0.005183759858690124,True,Cruise
1,60,1675461745.659778,46.254897410646215,0.049934701191383775,False,True,False,False,100000,False,True,False,4.024384238772969,0.27431749828980284,9.762775046406928,0.008292136261822073,True,Cruise
1,61,1675461745.7597287,46.254897410646215,0.049934701191383775,False,True,False,False,100000,False,True,False,4.023669702037085,0.27398807188793883,9.762028945666785,0.001084320439544478,True,Cruise
1,62,1675461745.8596716,46.52535458216962,0.046328605571071706,False,True,False,False,100000,False,True,False,4.019837101772547,0.32218017004362937,9.761575825097372,0.04834638008874994,True,Cruise
1,63,1675461745.9596708,47.527183221914484,0.03297089037447359,False,True,False,False,100000,False,True,False,4.018634912656123,0.37423121026670464,9.761916357930167,0.020157224360394566,True,Cruise
1,64,1675461746.0596511,47.527183221914484,0.03297089037447359,False,True,False,False,100000,False,True,False,4.021563917307216,0.4051844450011867,9.762127580104096,0.03109222448749584,True,Cruise
1,65,1675461746.1596718,48.879073431890404,0.01494568757479458,False,True,False,False,100000,False,True,False,4.03041143339578,0.3124627478042184,9.761906439891472,0.04175603519281186,True,Cruise
1,66,1675461746.2596705,48.879073431890404,0.01494568757479458,False,True,False,False,100000,False,True,False,4.041841016042206,0.2671656177416969,9.762787660797205,0.0061545876410589355,True,Cruise
1,67,1675461746.3596764,48.010045052014306,0.02653273263980926,False,True,False,False,100000,False,True,False,4.061724691510099,0.12078278077750018,9.764755355501268,0.07355051799799772,True,Cruise
1,68,1675461746.459637,48.140881198352936,0.02478825068862753,False,True,False,False,100000,False,True,False,4.064984742354004,0.06102238830152468,9.765924713294982,0.05986067021039102,True,Cruise
1,69,1675461746.5598302,48.140881198352936,0.02478825068862753,False,True,False,False,100000,False,True,False,4.059668605843944,0.17576387406331231,9.769420682119248,0.03957026198393618,True,Cruise
1,70,1675461746.6597729,49.65631602571116,-0.004582452990517871,False,True,False,False,100000,False,True,False,4.059235271073177,0.16002130176705964,9.770830290369302,0.015811494456404715,True,Cruise
1,71,1675461746.7597265,49.65631602571116,-0.004582452990517871,False,True,False,False,100000,False,True,False,4.061040655186485,0.1207580665588864,9.773215482208,0.016815094566546788,True,Cruise
1,72,1675461746.85965,47.519729816987144,0.033070269106838086,False,True,False,False,100000,False,True,False,4.061040655186485,0.1207580665588864,9.773215482208,0.016815094566546788,True,Cruise
1,73,1675461746.959668,47.519729816987144,0.033070269106838086,False,True,False,False,100000,False,True,False,4.0763958990150515,-0.03356241078328057,9.774870989069893,0.12016462152444073,True,Cruise
1,74,1675461747.05978,49.553449614904245,0.005954005134610051,False,True,False,False,100000,False,True,False,4.0763958990150515,-0.03356241078328057,9.774870989069893,0.13839790969382407,True,Cruise
1,75,1675461747.159702,49.59264935993971,0.005431341867470551,False,True,False,False,100000,False,True,False,4.067029541961459,0.2426746324032123,9.77902855624153,0.1723069328210024,True,Cruise
1,76,1675461747.259836,49.59264935993971,0.005431341867470551,False,True,False,False,100000,False,True,False,4.072967398200988,-0.0475756266577099,9.778995133912955,0.11800690214310378,True,Cruise
1,77,1675461747.3596885,49.59264935993971,0.005431341867470551,False,True,False,False,100000,False,True,False,4.075560325799772,-0.08947775752362114,9.779015929899797,0.04198228527735903,True,Cruise
1,78,1675461747.45976,49.46848298768288,0.007086893497561591,False,True,False,False,100000,False,True,False,4.075124559190555,-0.07628180678392832,9.779033780462237,0.008151545443018767,True,Cruise
1,79,1675461747.5598598,49.77875407989689,-0.00294994560137479,False,True,False,False,100000,False,True,False,4.072204338814194,-0.0461159740743769,9.77896424665721,0.022165688958831375,True,Cruise
1,80,1675461747.6598258,49.77875407989689,-0.00294994560137479,False,True,False,False,100000,False,True,False,4.068933728648945,0.0020091148972320896,9.778576801075914,0.07705138782737705,True,Cruise
1,81,1675461747.7598355,49.99436199799068,-7.517336012423717e-05,False,True,False,False,100000,False,True,False,4.069243488698223,-0.07504002998633978,9.77807711362651,0.04062820348909621,True,Cruise
1,82,1675461747.8597643,49.92902913211431,0.000946278238475818,False,True,False,False,100000,False,True,False,4.0689067772747265,-0.11566430334153675,9.777623287083733,0.01341413576566036,True,Cruise
1,83,1675461747.9597428,49.92902913211431,0.000946278238475818,False,True,False,False,100000,False,True,False,4.064344426297946,-0.08373714348246321,9.776394738018224,0.004217663869510384,True,Cruise
1,84,1675461748.0596762,49.542213600874604,-0.006103818655005294,False,True,False,False,100000,False,True,False,4.0611347636248025,-0.07001791573294883,9.775501086645656,0.00999688981011288,True,Cruise
1,85,1675461748.1596713,49.542213600874604,-0.006103818655005294,False,True,False,False,100000,False,True,False,4.058690880785608,-0.04144553110454922,9.77455692557963,0.023304759199018765,True,Cruise
1,86,1675461748.259702,48.96561474880578,-0.013791803349256337,False,True,False,False,100000,False,True,False,4.058690880785608,-0.04144553110454922,9.77455692557963,0.023304759199018765,True,Cruise
1,87,1675461748.3596692,48.94778897508553,-0.014029480332192945,False,True,False,False,100000,False,True,False,4.057503618583967,-0.10460962459884801,9.773585304489032,0.007373764665589483,True,Cruise
1,88,1675461748.459708,48.94778897508553,-0.014029480332192945,False,True,False,False,100000,False,True,False,4.054593367935155,-0.21677636719061957,9.772501539298451,0.0017706921625692956,True,Cruise
1,89,1675461748.559702,49.496979501226384,-0.00670693998364824,False,True,False,False,100000,False,True,False,4.053427144958549,-0.21808224938730897,9.772237065496741,0.0017706921625692956,True,Cruise
1,90,1675461748.6598315,49.496979501226384,-0.00670693998364824,False,True,False,False,100000,False,True,False,4.051523561758152,-0.23287430835889023,9.77179924049547,0.009674960949445444,True,Cruise
1,91,1675461748.7596998,49.14958283838013,-0.011338895488264951,False,True,False,False,100000,False,True,False,4.050406294421639,-0.2728385830298195,9.771473060687264,0.055942335456759355,True,Cruise
1,92,1675461748.859682,49.14958283838013,-0.011338895488264951,False,True,False,False,100000,False,True,False,4.0510106906952625,-0.21689986034275271,9.771275815559404,0.055942335456759355,True,Cruise
1,93,1675461748.9596918,49.513839943614926,-0.006482134085134274,False,True,False,False,100000,False,True,False,4.051120963018873,-0.22674415883135277,9.771166589740261,0.02220026605357397,True,Cruise
1,94,1675461749.0596797,48.04797515748589,-0.02602699790018823,False,True,False,False,100000,False,True,False,4.051024356475421,-0.23074921277208663,9.771219311505877,0.005292547219650003,True,Cruise
1,95,1675461749.1597664,48.04797515748589,-0.02602699790018823,False,True,False,False,100000,False,True,False,4.051237138776404,-0.23107136378176513,9.771388269279104,0.005617712247762299,True,Cruise
1,96,1675461749.259694,49.97013258678523,0.0003982321761969227,False,True,False,False,100000,False,True,False,4.049641125040304,-0.265489519756462,9.77187231767753,0.1421360238876121,True,Cruise
1,97,1675461749.359673,49.97013258678523,0.0003982321761969227,False,True,False,False,100000,False,True,False,4.047357835086864,-0.35546557221371605,9.772229579342644,0.09000572795494388,True,Cruise
1,98,1675461749.4596713,49.06850075001496,-0.012419989999800464,False,True,False,False,100000,False,True,False,4.0518577668234546,-0.22167253064824385,9.772039071763212,0.14069077223963078,True,Cruise
1,99,1675461749.5596733,49.8869912381643,0.0015067834911426845,False,True,False,False,100000,False,True,False,4.058503072613805,-0.006098146764765193,9.771929181855567,0.07498611969870775,True,Cruise
1,100,1675461749.6597064,49.8869912381643,0.0015067834911426845,False,True,False,False,100000,False,True,False,4.055937751443637,-0.19269651886291067,9.77272315991467,0.07085718503025779,True,Cruise
1,101,1675461749.7596714,49.00083861032194,0.013322151862374145,False,True,False,False,100000,False,True,False,4.055116868773088,-0.246443034164607,9.773033656450998,0.053753680465000314,True,Cruise
1,102,1675461749.8598337,49.00083861032194,0.013322151862374145,False,True,False,False,100000,False,True,False,4.059057682476677,-0.0147097599702887,9.773112299056697,0.09259056411936556,True,Cruise
1,103,1675461749.9596918,49.64338540274737,0.004754861296701769,False,True,False,False,100000,False,True,False,4.059057682476677,-0.0147097599702887,9.773112299056697,0.09259056411936556,True,Cruise
1,104,1675461750.059718,49.64338540274737,0.004754861296701769,False,True,False,False,100000,False,True,False,4.062081747711781,0.18778774738961845,9.773514351795546,0.034413083088073296,True,Cruise
1,105,1675461750.1596901,49.783855055280206,0.002881932596263885,False,True,False,False,100000,False,True,False,4.06070324210407,0.2692739542021406,9.773998008325389,0.05735988115731509,True,Cruise
1,106,1675461750.259673,49.69186075129139,0.004108523316114841,False,True,False,False,100000,False,True,False,4.059452023663211,0.19434373406515482,9.774393497626646,0.05735988115731509,True,Cruise
1,107,1675461750.3597088,49.69186075129139,0.004108523316114841,False,True,False,False,100000,False,True,False,4.059176294127667,0.1953598095668613,9.774592974525774,0.008159401559480235,True,Cruise
1,108,1675461750.4597998,48.94854417548059,-0.014019410993592125,False,True,False,False,100000,False,True,False,4.059157226481011,0.21904467669948083,9.77466616815125,0.023684987903138135,True,Cruise
1,109,1675461750.559731,48.94854417548059,-0.014019410993592125,False,True,False,False,100000,False,True,False,4.05911391468143,0.27507462512198383,9.774671456141656,0.05602996541229677,True,Cruise
1,110,1675461750.6596825,49.29946022960124,0.009340530271983461,False,True,False,False,100000,False,True,False,4.059026941446833,-0.027765177094122916,9.774662257307261,0.12084902034388585,True,Cruise
1,111,1675461750.7596703,49.885604887050604,0.001525268172658631,False,True,False,False,100000,False,True,False,4.057495535404343,-0.17523811222555835,9.774634426830183,0.09593616292778846,True,Cruise
1,112,1675461750.8596797,49.885604887050604,0.001525268172658631,False,True,False,False,100000,False,True,False,4.058908758686108,0.1283675627358099,9.774343907290369,0.10514765012243181,True,Cruise
1,113,1675461750.959677,49.303523192058975,-0.009286357439213655,False,True,False,False,100000,False,True,False,4.058908758686108,0.1283675627358099,9.774343907290369,0.10514765012243181,True,Cruise
1,114,1675461751.059683,49.303523192058975,-0.009286357439213655,False,True,False,False,100000,False,True,False,4.057826768711904,0.01959341069046698,9.774117733021567,0.03690223184817491,True,Cruise
1,115,1675461751.1596718,49.796277806872666,0.0027162959083645234,False,True,False,False,100000,False,True,False,4.056375319356148,-0.18885584419907248,9.773892081271473,0.014049916876008537,True,Cruise
1,116,1675461751.259634,48.950740567111595,-0.013990125771845417,False,True,False,False,100000,False,True,False,4.055928556426032,-0.22318666751767538,9.773804518344049,0.03433384181991747,True,Cruise
1,117,1675461751.3596206,48.950740567111595,-0.013990125771845417,False,True,False,False,100000,False,True,False,4.056412720202472,-0.10546511849959324,9.773649532770607,0.117722646667101,True,Cruise
1,118,1675461751.4596868,49.32169539035147,0.009044061461980361,False,True,False,False,100000,False,True,False,4.056677612252072,-0.0389827054206935,9.773531144517161,0.06648304620254666,True,Cruise
1,119,1675461751.55967,49.32169539035147,0.009044061461980361,False,True,False,False,100000,False,True,False,4.054067154965852,-0.35903451232483435,9.773396050665635,0.22245372293361101,True,Cruise
1,120,1675461751.6597013,49.40794815860336,-0.007894024551955205,False,True,False,False,100000,False,True,False,4.0569026774701396,0.02227173453783687,9.773040344725134,0.1486426867438029,True,Cruise
1,121,1675461751.7596707,49.40794815860336,-0.007894024551955205,False,True,False,False,100000,False,True,False,4.0569026774701396,0.02227173453783687,9.773040344725134,0.09358964113331854,True,Cruise
1,122,1675461751.8596797,48.47626543444867,-0.020316460874017794,False,True,False,False,100000,False,True,False,4.055882132388152,-0.1542152564601463,9.773073759642834,0.16645828135102117,True,Cruise
1,123,1675461751.959742,49.14219764102945,-0.011437364786274032,False,True,False,False,100000,False,True,False,4.055882132388152,-0.1542152564601463,9.773073759642834,0.10362100855986377,True,Cruise
1,124,1675461752.0596764,49.14219764102945,-0.011437364786274032,False,True,False,False,100000,False,True,False,4.05219750568717,-0.3237676937087344,9.773381665893648,0.046657525637852776,True,Cruise
1,125,1675461752.1596704,49.89518912482391,0.0013974783356812473,False,True,False,False,100000,False,True,False,4.05091676038041,-0.37040760166167497,9.7734397713782,0.046657525637852776,True,Cruise
1,126,1675461752.2596831,49.89518912482391,0.0013974783356812473,False,True,False,False,100000,False,True,False,4.052793450065058,-0.2503784874480737,9.77318384803075,0.007589860156934561,True,Cruise
1,127,1675461752.3596706,49.01942743009623,-0.013074300932050302,False,True,False,False,100000,False,True,False,4.056620899705863,-0.16653662059943405,9.77283977062655,0.15295418130916308,True,Cruise
1,128,1675461752.45978,49.01942743009623,-0.013074300932050302,False,True,False,False,100000,False,True,False,4.056620899705863,-0.16653662059943405,9.77283977062655,0.15295418130916308,True,Cruise
1,129,1675461752.5596948,49.94001038796675,-0.0007998614937766372,False,True,False,False,100000,False,True,False,4.05454409027964,-0.330430279164838,9.773135406696989,0.16390708299531234,True,Cruise
1,130,1675461752.659674,49.94001038796675,-0.0007998614937766372,False,True,False,False,100000,False,True,False,4.053280328156914,-0.3604071099414069,9.773291341794794,0.02751386854242625,True,Cruise
1,131,1675461752.7597709,49.23733857069323,-0.010168819057423516,False,True,False,False,100000,False,True,False,4.053172412049899,-0.3525592803505909,9.773331511346024,0.003370066700697479,True,Cruise
1,132,1675461752.859701,49.51079534886337,-0.006522728681821738,False,True,False,False,100000,False,True,False,4.056615250929242,-0.22925735487149893,9.7730413300915,0.15812039054205523,True,Cruise
1,133,1675461752.9596698,49.51079534886337,-0.006522728681821738,False,True,False,False,100000,False,True,False,4.056678395239164,-0.258324469115478,9.77312177890384,0.02906729415834599,True,Cruise
1,134,1675461753.059691,49.461840906029764,0.0071754545862698065,False,True,False,False,100000,False,True,False,4.056678395239164,-0.258324469115478,9.77312177890384,0.02906729415834599,True,Cruise
1,135,1675461753.1597922,48.83590039081083,-0.01552132812252233,False,True,False,False,100000,False,True,False,4.060240529308361,-0.10644501047503593,9.77302576018241,0.16354468788893936,True,Cruise
1,136,1675461753.2596924,48.83590039081083,-0.01552132812252233,False,True,False,False,100000,False,True,False,4.061570184733249,0.11828029597344754,9.773085175686377,0.223210854629525,True,Cruise
1,137,1675461753.3596742,49.59333155833292,-0.005422245888894416,False,True,False,False,100000,False,True,False,4.055837503119471,-0.2394171275663768,9.77384844634929,0.13453518414815588,True,Cruise
1,138,1675461753.4598088,49.59333155833292,-0.005422245888894416,False,True,False,False,100000,False,True,False,4.054034193958298,-0.26282538987551685,9.774037591049876,0.02347838248223325,True,Cruise
1,139,1675461753.559755,48.57069161373189,0.01905744515024154,False,True,False,False,100000,False,True,False,4.054034193958298,-0.26282538987551685,9.774037591049876,0.02347838248223325,True,Cruise
1,140,1675461753.659674,49.64711254652587,-0.004705166046321744,False,True,False,False,100000,False,True,False,4.05837073560669,-0.17439765812326122,9.773621735860829,0.004900472054901773,True,Cruise
1,141,1675461753.7596824,49.64711254652587,-0.004705166046321744,False,True,False,False,100000,False,True,False,4.061969996775776,0.15062458551632674,9.773275432231896,0.08846485848626709,True,Cruise
1,142,1675461753.8597205,49.95878814173749,-0.0005494914435000684,False,True,False,False,100000,False,True,False,4.059504485441563,-0.0714271430271219,9.773628586123872,0.10252053301203597,True,Cruise
1,143,1675461753.9596753,49.95878814173749,-0.0005494914435000684,False,True,False,False,100000,False,True,False,4.05838364215923,-0.12088062919616575,9.773744947778136,0.04946632312968032,True,Cruise
1,144,1675461754.0596683,49.850054104034015,-0.0019992786128797957,False,True,False,False,100000,False,True,False,4.058051464032243,-0.003858561420052153,9.773765866608485,0.021444122643934846,True,Cruise
1,145,1675461754.1597614,49.850054104034015,-0.0019992786128797957,False,True,False,False,100000,False,True,False,4.058051464032243,-0.003858561420052153,9.773765866608485,0.021444122643934846,True,Cruise
1,146,1675461754.2597122,49.18704876812263,-0.01083934975836492,False,True,False,False,100000,False,True,False,4.057823886574015,-0.005047142045561347,9.773770272641887,0.013623917121698536,True,Cruise
1,147,1675461754.359708,49.46192025068634,-0.0071743966575154436,False,True,False,False,100000,False,True,False,4.055803104454521,-0.1599478397918241,9.77389377609811,0.0669588975084592,True,Cruise
1,148,1675461754.4597414,49.46192025068634,-0.0071743966575154436,False,True,False,False,100000,False,True,False,4.055213687097571,-0.19469037722891794,9.773890965328098,0.034747537010397865,True,Cruise
1,149,1675461754.5598912,48.40507474531227,-0.02126567006250306,False,True,False,False,100000,False,True,False,4.055213687097571,-0.19469037722891794,9.773890965328098,0.034747537010397865,True,Cruise
1,150,1675461754.6597478,48.40507474531227,-0.02126567006250306,False,True,False,False,100000,False,True,False,4.055844242293043,-0.16503647571999233,9.773658893045729,0.029661512640117342,True,Cruise
1,151,1675461754.7596834,49.29997218276546,-0.009333704229793849,False,True,False,False,100000,False,True,False,4.05583757805658,-0.17051643131939706,9.773558049116557,0.022560081396989385,True,Cruise
1,152,1675461754.859671,48.649325282383515,-0.01800899623488649,False,True,False,False,100000,False,True,False,4.050516377613257,-0.4836055325728526,9.773878211879486,0.1262473101847133,True,Cruise
1,153,1675461754.9596782,48.649325282383515,-0.01800899623488649,False,True,False,False,100000,False,True,False,4.051315864392965,-0.4555518842566127,9.773498810482439,0.11423148353779593,True,Cruise
1,154,1675461755.059781,48.6728829273188,-0.017694894302415925,False,True,False,False,100000,False,True,False,4.051315864392965,-0.4555518842566127,9.773498810482439,0.11423148353779593,True,Cruise
1,155,1675461755.1597066,48.6728829273188,-0.017694894302415925,False,True,False,False,100000,False,True,False,4.05087119372413,-0.5659760335574419,9.77329411528147,0.04870608137182376,True,Cruise
1,156,1675461755.2596965,48.698262945978236,-0.01735649405362349,False,True,False,False,100000,False,True,False,4.04948444287576,-0.6349207132514305,9.773191581517473,0.013060553871506815,True,Cruise
1,157,1675461755.3596718,48.698262945978236,-0.01735649405362349,False,True,False,False,100000,False,True,False,4.049314296284834,-0.6479798132672586,9.773096584966344,0.013060553871506815,True,Cruise
1,158,1675461755.4596999,49.05998241404833,-0.012533567812688955,False,True,False,False,100000,False,True,False,4.049524713346303,-0.6711666105951822,9.77287414358874,0.009223266939429335,True,Cruise
1,159,1675461755.5596716,48.89464167685503,-0.01473811097526632,False,True,False,False,100000,False,True,False,4.04973226138705,-0.6809000371948538,9.772768119879848,0.009736216441064765,True,Cruise
1,160,1675461755.6596665,48.89464167685503,-0.01473811097526632,False,True,False,False,100000,False,True,False,4.05364254417909,-0.611420135713978,9.772265611358234,0.04109333418332213,True,Cruise
1,161,1675461755.759667,48.89464167685503,-0.01473811097526632,False,True,False,False,100000,False,True,False,4.0535498451369385,-0.6262331125058258,9.772285917764453,0.014813280760802806,True,Cruise
1,162,1675461755.8598154,48.96873236339925,-0.013750235154676722,False,True,False,False,100000,False,True,False,4.053247373427511,-0.637043035556534,9.772319170066663,0.003815034354402129,True,Cruise
1,163,1675461755.9598415,49.93061278231487,0.0009251629024684749,False,True,False,False,100000,False,True,False,4.052860762953721,-0.6069641397875477,9.772404204116565,0.011802216338388223,True,Cruise
1,164,1675461756.059723,49.93061278231487,0.0009251629024684749,False,True,False,False,100000,False,True,False,4.052965825636604,-0.5927693008558342,9.772424199829281,0.01419524181876272,True,Cruise
1,165,1675461756.1597,49.973106364929386,0.000358581800941495,False,True,False,False,100000,False,True,False,4.0539102919171,-0.6016408434175778,9.77241593315837,0.00892167878359623,True,Cruise
1,166,1675461756.259791,49.949432703654836,-0.0006742306179355462,False,True,False,False,100000,False,True,False,4.306090226320467,-0.10312397277130586,9.763645754545294,0.01493639988873832,True,Cruise
1,167,1675461756.3596764,49.949432703654836,-0.0006742306179355462,False,True,False,False,100000,False,True,False,4.184929077315516,-0.14072494721161993,9.775464693478122,0.06475517645646926,True,Cruise
1,168,1675461756.4596515,49.8975395993248,0.001366138675669286,False,True,False,False,100000,False,True,False,4.09250670231535,-0.14517671126582316,9.783431231793127,0.03770834679231782,True,Cruise
1,169,1675461756.5596566,49.8975395993248,0.001366138675669286,False,True,False,False,100000,False,True,False,4.074372634765573,-0.11989595806850528,9.784326110272021,0.031124936877294507,True,Cruise
1,170,1675461756.6598384,49.357586701227106,0.008565510650305244,False,True,False,False,100000,False,True,False,4.063049851656177,-0.07193206326655409,9.78328523715546,0.04929324536647833,True,Cruise
1,171,1675461756.7596967,49.92762070538374,0.0009650572615501124,False,True,False,False,100000,False,True,False,4.073963046976973,0.01394018649190692,9.779672976277297,0.03623286820913963,True,Cruise
1,172,1675461756.8597872,49.92762070538374,0.0009650572615501124,False,True,False,False,100000,False,True,False,4.068637244687584,0.12123068095102096,9.777292096555,0.09672034531657839,True,Cruise
1,173,1675461756.9597664,48.14397047649863,-0.024747060313351537,False,True,False,False,100000,False,True,False,4.072740135298305,0.21784811425450695,9.775541934093665,0.06614856489068473,True,Cruise
1,174,1675461757.05976,48.14397047649863,-0.024747060313351537,False,True,False,False,100000,False,True,False,4.04757858125753,0.1765041626582371,9.77554500260399,0.031195100947527647,True,Cruise
1,175,1675461757.1598296,48.5771897589297,-0.018970803214270686,False,True,False,False,100000,False,True,False,4.04757858125753,0.1765041626582371,9.77554500260399,0.5854722969632273,True,Cruise
1,176,1675461757.259666,48.57431575158563,-0.019009123312191643,False,True,False,False,100000,False,True,False,4.072666455099558,-0.43806148292602565,9.769401478163116,0.06877094642513593,True,Cruise
1,177,1675461757.3598104,48.57431575158563,-0.019009123312191643,False,True,False,False,100000,False,True,False,4.101282025800951,-0.5005087695858468,9.766095638713201,0.008728908770445746,True,Cruise
1,178,1675461757.459718,48.57431575158563,-0.019009123312191643,False,True,False,False,100000,False,True,False,4.0867101023164905,-0.6456734551879758,9.767278454467188,0.08738744892562786,True,Cruise
1,179,1675461757.5596595,49.88789115143175,0.0014947846475766437,False,True,False,False,100000,False,True,False,5.342828429591997,3.26658928773734,11.721093698025303,4.549838132039313,True,Cruise
1,180,1675461757.6597674,49.64496569401299,-0.004733790746493506,False,True,False,False,100000,False,True,False,5.342828429591997,3.26658928773734,11.721093698025303,8.511896082688715,True,Cruise
1,181,1675461757.759681,49.64496569401299,-0.004733790746493506,False,True,False,False,100000,False,True,False,2.9015820140267303,-3.900383518140698,7.8317246411234125,8.511896082688715,True,Cruise
1,182,1675461757.8597054,49.15544179530828,0.011260776062556307,False,True,False,False,100000,False,True,False,3.8149440685039777,-0.8869710361026609,9.759291914392577,0.1107098254352244,True,Cruise
1,183,1675461757.9596732,49.15544179530828,0.011260776062556307,False,True,False,False,100000,False,True,False,3.9035198800983624,-0.8733961017178419,9.753622530047203,0.28506230867292415,True,Cruise
1,184,1675461758.05988,49.62267016979214,0.005031064402771527,False,True,False,False,100000,False,True,False,4.021010262291096,-0.399156189258307,9.749400272165468,0.20362239192420312,True,Cruise
1,185,1675461758.159866,48.770163364597344,0.016397821805368713,False,True,False,True,100000,False,True,False,4.021010262291096,-0.399156189258307,9.749400272165468,0.20362239192420312,True,Cruise
1,186,1675461758.259718,48.770163364597344,0.016397821805368713,False,True,False,True,100000,False,True,False,4.027903351579749,-0.07063803957241319,9.761134075064287,0.10109176850039728,True,Cruise
1,187,1675461758.3596716,49.23828109896953,0.01015625201373964,False,True,False,True,100000,False,True,False,4.0189904449564775,0.12506453585733202,9.764286200581703,0.14419751241648543,True,Cruise
1,188,1675461758.4596672,48.968383570499654,0.013754885726671237,False,True,False,True,100000,False,True,False,4.008187337215971,0.2817612647287961,9.768741548254837,0.013370180995966246,True,Cruise
1,189,1675461758.5596771,48.968383570499654,0.013754885726671237,False,True,False,True,100000,False,True,False,4.007300331172214,0.3772876037266524,9.77106425333114,0.061030171907943485,True,Cruise
1,190,1675461758.6597035,48.65371518487502,0.017950464201666426,False,True,False,True,100000,False,True,False,4.007300331172214,0.3772876037266524,9.77106425333114,0.061030171907943485,True,Cruise
1,191,1675461758.7596595,48.65371518487502,0.017950464201666426,False,True,False,True,100000,False,True,False,4.014027016564854,0.6844983248132923,9.774380149207422,0.30730224635105935,True,Cruise
1,192,1675461758.8596747,49.48868800130929,0.006817493315876147,False,True,False,True,100000,False,True,False,4.019944520465045,0.902239689470197,9.775774116986026,0.061269243277150526,True,Cruise
1,193,1675461758.9596493,49.6128332811384,0.005162222918154618,False,True,False,True,100000,False,True,False,4.026997972234186,1.0108012677107434,9.776066208885403,0.04752707895653088,True,Cruise
1,194,1675461759.0597265,49.6128332811384,0.005162222918154618,False,True,False,True,100000,False,True,False,4.030747590741319,1.0834566075892067,9.775972526485807,0.07275209157265544,True,Cruise
1,195,1675461759.1596923,48.810073895624704,0.01586568139167062,False,True,False,True,100000,False,True,False,4.029601293356001,1.071976751284601,9.750563072150337,0.17066826998532686,True,Cruise
1,196,1675461759.2596745,48.810073895624704,0.01586568139167062,False,True,False,True,100000,False,True,False,4.0361732248803746,0.9992548610724505,9.755177422086586,0.07316389700749462,True,Cruise
1,197,1675461759.359784,47.98454237843697,0.026872768287507058,False,True,False,True,100000,False,True,False,4.042719195852181,1.121253663445908,9.76441842593574,1.8092776732499014,True,Cruise
1,198,1675461759.4597542,47.98454237843697,0.026872768287507058,False,True,False,True,100000,False,True,False,2.2432025523886936,1.0658126369153256,9.94372777146942,1.8092776732499014,True,Cruise
1,199,1675461759.5596852,48.99418916934536,0.013410811075395152,False,True,False,True,100000,False,True,False,-0.02785811278958815,1.2388595939354499,10.11243051803479,0.9371577993913798,True,Cruise
1,200,1675461759.659693,49.96743823579443,0.00043415685607424415,False,True,False,True,100000,False,True,False,0.8626535175567898,1.1247762143414324,9.993557927546792,0.9056250184547046,True,Cruise
1,201,1675461759.7596638,49.96743823579443,0.00043415685607424415,False,True,False,True,100000,False,True,False,3.225181179144605,0.7394921669782214,9.73429448692749,0.32158120351501496,True,Cruise
1,202,1675461759.8597186,49.011429956838455,0.013180933908820634,False,True,False,True,100000,False,True,False,3.5063897624386398,0.5869351113812699,9.701697739796588,0.32158120351501496,True,Cruise
1,203,1675461759.9597194,49.011429956838455,0.013180933908820634,False,True,False,True,100000,False,True,False,1.678283307338813,0.575853798264615,9.85597018867856,1.0081078636826502,True,Cruise
1,204,1675461760.0596738,48.44027363241254,0.02079635156783275,False,True,False,True,100000,False,True,False,0.8996950159869307,0.6747533307285487,9.911349782106111,0.7867958720786664,True,Cruise
1,205,1675461760.1596763,48.66561340993377,0.017791821200883125,False,True,False,True,100000,False,True,False,0.4544707402389602,0.6748726720058505,9.93132273972824,0.44567206440814827,True,Cruise
1,206,1675461760.2596824,48.66561340993377,0.017791821200883125,False,True,False,True,100000,False,True,False,-2.496921586590928,0.6232314883836869,10.10642082118742,0.29278800443116554,True,Cruise
1,207,1675461760.3596904,49.997794486503025,2.9406846626299553e-05,False,True,False,True,100000,False,True,False,-2.7626637804051466,0.7438735356852495,10.082938947572265,0.29278800443116554,True,Cruise
1,208,1675461760.4596872,49.997794486503025,2.9406846626299553e-05,False,True,False,True,100000,False,True,False,-0.15313061787709617,0.7414127414315685,9.76568805574572,0.9565380466553569,True,Cruise
1,209,1675461760.559776,48.842453591019805,0.015433952119735866,False,True,False,True,100000,False,True,False,0.006497030572805221,0.4025201903677035,9.706635387551735,0.8389152806423664,True,Cruise
1,210,1675461760.6596925,48.842453591019805,0.015433952119735866,False,True,False,True,100000,False,True,False,0.8354076987936162,0.4845889476229048,9.606882336031614,0.8389152806423664,True,Cruise
1,211,1675461760.759798,48.842453591019805,0.015433952119735866,False,True,False,True,100000,False,True,False,0.09375238668995511,0.8396186065648561,9.657636702334763,0.8238171316492826,True,Cruise
1,212,1675461760.8596742,49.28835798562055,0.00948856019172601,False,True,False,True,100000,False,True,False,-0.1797625015073619,0.7612546662926447,9.676763918284665,0.285161623628727,True,Cruise
1,213,1675461760.959807,49.28835798562055,0.00948856019172601,False,True,False,True,100000,False,True,False,1.2150361804619951,0.34131793964827317,9.545914137405779,0.7485930557141051,True,Cruise
1,214,1675461761.0596807,49.460725538003615,-0.007190326159951833,False,True,False,True,100000,False,True,False,1.9390685649112793,0.5068579427590527,9.520189726911644,0.09541088847472869,True,Cruise
1,215,1675461761.15967,49.460725538003615,-0.007190326159951833,False,True,False,True,100000,False,True,False,1.377558345353294,0.5964375294434336,9.59583826964867,0.5736208948746873,True,Cruise
1,216,1675461761.259681,46.872994822951455,0.041693402360647294,False,True,False,True,100000,False,True,False,1.365166016674908,0.19492447640284502,9.661046472311172,0.40696241996838184,True,Cruise
1,217,1675461761.3596432,46.872994822951455,0.041693402360647294,False,True,False,True,100000,False,True,False,1.0770880376806438,0.2508652690436052,9.714837101666555,0.29834833009277,True,Cruise
1,218,1675461761.4596887,49.219956481938326,0.010400580240822316,False,True,False,True,100000,False,True,False,-1.2375838746405403,0.04154641999202149,9.962823176039368,1.1013418340064676,True,Cruise
1,219,1675461761.5596817,49.950063861846104,-0.0006658151753852425,False,True,False,True,100000,False,True,False,-1.024346342035597,0.936391595530453,9.939843040663854,0.9201881438693544,True,Cruise
1,220,1675461761.6597755,49.950063861846104,-0.0006658151753852425,False,True,False,True,100000,False,True,False,0.08912211814758875,0.19133816397480408,9.852668761660226,0.7221207011048568,True,Cruise
1,221,1675461761.7596884,49.92326771775551,-0.0010230970965931694,False,True,False,True,100000,False,True,False,0.08912211814758875,0.19133816397480408,9.852668761660226,0.7221207011048568,True,Cruise
1,222,1675461761.8596437,49.92326771775551,-0.0010230970965931694,False,True,False,True,100000,False,True,False,3.5081967345951623,0.01244190336068893,9.64053723638009,0.13574831324856704,True,Cruise
1,223,1675461761.959809,48.30492218565199,-0.02260103752464019,False,True,False,True,100000,False,True,False,3.5081967345951623,0.01244190336068893,9.64053723638009,0.886710688723957,True,Cruise
1,224,1675461762.0597086,48.30492218565199,-0.02260103752464019,False,True,False,True,100000,False,True,False,0.8077014922496146,0.06567688914132733,9.946172337418595,1.5587694110507586,True,Cruise
1,225,1675461762.159813,49.005873406757125,-0.013255021243238366,False,True,False,True,100000,False,True,False,-1.7548342540858974,-0.5044613810352822,10.174100819331732,1.0763332335941351,True,Cruise
1,226,1675461762.2598453,48.1200004966101,-0.025066660045198617,False,True,False,True,100000,False,True,False,-1.7548342540858974,-0.5044613810352822,10.174100819331732,1.0763332335941351,True,Cruise
1,227,1675461762.3598106,48.1200004966101,-0.025066660045198617,False,True,False,True,100000,False,True,False,-1.7548342540858974,-0.5044613810352822,10.174100819331732,0.804558747470465,True,Cruise
1,228,1675461762.459746,49.2272117399425,-0.010303843467433316,False,True,False,True,100000,False,True,False,-2.6809483229602757,-0.609208577229343,10.147262370831315,0.15914500031895512,True,Cruise
1,229,1675461762.5596924,47.760706799631606,-0.029857242671578556,False,True,False,True,100000,False,True,False,-3.308499014465234,-0.9118745490112987,10.076189222296195,0.33019327889228867,True,Cruise
1,230,1675461762.6596818,47.760706799631606,-0.029857242671578556,False,True,False,True,100000,False,True,False,-1.9081770868306256,-1.0076760388628672,9.875304828661587,0.37762316681556873,True,Cruise
1,231,1675461762.7596939,47.760706799631606,-0.029857242671578556,False,True,False,True,100000,False,True,False,-1.9081770868306256,-1.0076760388628672,9.875304828661587,1.2889715539989888,True,Cruise
1,232,1675461762.8596687,48.92522336852009,-0.014330355086398731,False,True,False,True,100000,False,True,False,-3.6931338447401267,-1.1401463168299821,9.914625424414496,0.4342646288946473,True,Cruise
1,233,1675461762.9596913,49.31160021139451,0.009178663848073167,False,True,False,True,100000,False,True,False,-2.2947057775136854,-1.2333794440435677,9.690741052386725,1.6993156397463456,True,Cruise
1,234,1675461763.0596287,49.783704626497915,-0.002883938313361136,False,True,False,True,100000,False,True,False,0.6844498625333773,-0.794976034897293,9.398040292783904,1.3495605748254773,True,Cruise
1,235,1675461763.159682,49.783704626497915,-0.002883938313361136,False,True,False,True,100000,False,True,False,1.5386631628750018,-0.5605867189192748,9.32875648716326,1.3495605748254773,True,Cruise
1,236,1675461763.2597017,49.80618593488263,-0.002584187534898295,False,True,False,True,100000,False,True,False,2.053458519378125,-0.47566986109058096,9.300663406447956,0.5225077540139982,True,Cruise
1,237,1675461763.3596764,49.80618593488263,-0.002584187534898295,False,True,False,True,100000,False,True,False,2.7176034875863526,-0.4877625885103481,9.344031931537545,0.20046752458037034,True,Cruise
1,238,1675461763.4597347,49.151917723240736,0.011307763690123512,False,True,False,True,100000,False,True,False,2.897024969065681,-0.4037761727016434,9.374714864167132,0.20046752458037034,True,Cruise
1,239,1675461763.5597453,49.151917723240736,0.011307763690123512,False,True,False,True,100000,False,True,False,1.7141062389404245,-0.1553578966264664,9.600408999812183,1.4078341635308123,True,Cruise
1,240,1675461763.6597476,48.70253456243265,0.017299539167564597,False,True,False,True,100000,False,True,False,-0.13130984965044823,0.3362116152786386,9.848575451221585,0.7644265741740243,True,Cruise
1,241,1675461763.7596133,48.70253456243265,0.017299539167564597,False,True,False,True,100000,False,True,False,-0.17434597221214043,0.31002807684009787,9.881778641180995,0.06033355081369085,True,Cruise
1,242,1675461763.8596475,49.69384614489634,0.004082051401382121,False,True,False,True,100000,False,True,False,-1.1697859364137544,0.47784037078550573,10.05210322304889,1.4832777413079767,True,Cruise
1,243,1675461763.959661,49.77936492165918,0.0029418010445442337,False,True,False,True,100000,False,True,False,1.7385955341440946,0.6072205738991208,9.805990429521167,1.4506845290277608,True,Cruise
1,244,1675461764.059664,49.77936492165918,0.0029418010445442337,False,True,False,True,100000,False,True,False,2.8187467245879,0.5805205113446787,9.733958082930553,0.6823213302227873,True,Cruise
1,245,1675461764.159666,49.30930104671667,0.00920931937711105,False,True,False,True,100000,False,True,False,3.8591606631574904,0.6479083304546467,9.699824484387193,0.3618579261939433,True,Cruise
1,246,1675461764.259733,49.30930104671667,0.00920931937711105,False,True,False,True,100000,False,True,False,3.816618052104737,0.6441515750606732,9.736083594345212,0.05602419139285913,True,Cruise
1,247,1675461764.359705,49.830925532237345,0.0022543262368354047,False,True,False,True,100000,False,True,False,3.816618052104737,0.6441515750606732,9.736083594345212,0.05602419139285913,True,Cruise
1,248,1675461764.4596803,48.949748401352814,0.014003354648629094,False,True,False,True,100000,False,True,False,-0.7749037107801221,0.6674754805007088,10.172962811154905,1.3509360332167384,True,Cruise
1,249,1675461764.5596833,48.949748401352814,0.014003354648629094,False,True,False,True,100000,False,True,False,1.8212538673332865,0.6094720265693732,9.90741525578047,1.0691923447106353,True,Cruise
1,250,1675461764.659693,49.7684052035625,-0.0030879306191666555,False,True,False,True,100000,False,True,False,-0.5024906048240244,0.6490087129810336,10.104137506157409,1.2713830019146888,True,Cruise
1,251,1675461764.7596827,49.7684052035625,-0.0030879306191666555,False,True,False,True,100000,False,True,False,-1.576210962028266,0.7044763615624049,10.170107320794312,1.077174118681459,True,Cruise
1,252,1675461764.8598316,49.05966814800949,0.012537758026540046,False,True,False,True,100000,False,True,False,-1.576210962028266,0.7044763615624049,10.170107320794312,3.5506957312950584,True,Cruise
1,253,1675461764.959692,49.650776093521124,-0.004656318753051656,False,True,False,True,100000,False,True,False,1.9213700094094261,0.25081475823021515,9.75954834313582,1.3097116362952548,True,Cruise
1,254,1675461765.0596776,49.650776093521124,-0.004656318753051656,False,True,False,True,100000,False,True,False,-1.8797145289349926,0.45624934051169275,10.038002464138554,1.0756643020806078,True,Cruise
1,255,1675461765.159673,49.97056492740029,0.0003924676346628178,False,True,False,True,100000,False,True,False,-0.7301666658600241,0.5015469870000706,9.882580495951201,1.1608911036237821,True,Cruise
1,256,1675461765.2597384,49.97056492740029,0.0003924676346628178,False,True,False,True,100000,False,True,False,1.6080818419400151,0.012619886652289476,9.631218843830686,1.0714814372156678,True,Cruise
1,257,1675461765.3596647,48.46555536553747,0.020459261792833743,False,True,False,True,100000,False,True,False,2.514803505530769,0.08452285920042105,9.537926306233219,0.9143400408258495,True,Cruise
1,258,1675461765.4598446,48.46555536553747,0.020459261792833743,False,True,False,True,100000,False,True,False,2.514803505530769,0.08452285920042105,9.537926306233219,0.9143400408258495,True,Cruise
1,259,1675461765.5597174,47.43412929597157,0.0342116093870457,False,True,False,True,100000,False,True,False,-0.7720480639008209,0.28110117382008226,9.848948494779643,1.635436371273391,True,Cruise
1,260,1675461765.6598308,48.51242549403564,-0.019834326746191486,False,True,False,True,100000,False,True,False,-1.963029836371249,0.44836216337343576,9.942290269943275,0.7545875665266929,True,Cruise
1,261,1675461765.7600706,48.51242549403564,-0.019834326746191486,False,True,False,True,100000,False,True,False,-3.3273994448459128,0.9972211778460788,9.990851905438776,0.3855988268998344,True,Cruise
1,262,1675461765.8597744,49.98878703074464,-0.00014950625673812014,False,True,False,True,100000,False,True,False,-3.3273994448459128,0.9972211778460788,9.990851905438776,1.1062048002507376,True,Cruise
1,263,1675461765.9597087,49.98878703074464,-0.00014950625673812014,False,True,False,True,100000,False,True,False,-1.510544797445227,-0.23413925759747417,9.726796010835326,1.7677668056388636,True,Cruise
1,264,1675461766.0598824,48.3972886159119,-0.021369485121174658,False,True,False,True,100000,False,True,False,1.4637196345816703,0.27490356384985093,9.456135792958682,1.2620631001975315,True,Cruise
1,265,1675461766.1597466,49.66707967282087,0.004438937695721752,False,True,False,True,100000,False,True,False,-1.1430129138940595,0.2902059319794943,9.72031938375041,1.408182001756755,True,Cruise
1,266,1675461766.2597544,49.66707967282087,0.004438937695721752,False,True,False,True,100000,False,True,False,-2.2916745808376318,-0.09364086368975086,9.820437807558495,0.737945559064583,True,Cruise
1,267,1675461766.359626,47.05078881213063,0.039322815838258265,False,True,False,True,100000,False,True,False,-2.9661668919953352,-0.388588556206747,9.871717716013748,0.737945559064583,True,Cruise
1,268,1675461766.4597182,47.05078881213063,0.039322815838258265,False,True,False,True,100000,False,True,False,1.3482430860753019,-0.19527625303613383,9.486231126149463,4.335908557199725,True,Cruise
1,269,1675461766.5596895,48.68602021452622,0.017519730472983684,False,True,False,True,100000,False,True,False,-1.075664669695838,0.5869870614402545,9.758680350017752,1.337505979796552,True,Cruise
1,270,1675461766.659716,48.68602021452622,0.017519730472983684,False,True,False,True,100000,False,True,False,-1.2309663270168685,0.9090309236329533,9.774834593942002,0.35789916672075806,True,Cruise
1,271,1675461766.7597678,45.77507365862139,0.05633235121838155,False,True,False,True,100000,False,True,False,-2.053026148036219,0.1898113025134561,9.880319536506507,0.6061785764781941,True,Cruise
1,272,1675461766.8597195,45.77507365862139,0.05633235121838155,False,True,True,False,100000,False,True,False,-2.053026148036219,0.1898113025134561,9.880319536506507,0.6061785764781941,True,Cruise
1,273,1675461766.959759,47.676795438255034,0.03097606082326619,False,True,True,False,100000,False,True,False,-2.053026148036219,0.1898113025134561,9.880319536506507,1.915799641913155,True,Cruise
1,274,1675461767.059704,47.676795438255034,0.03097606082326619,False,True,True,False,100000,False,True,False,-3.427917832896031,1.8202383560939963,9.96205480149476,0.326824095412048,True,Cruise
1,275,1675461767.159665,49.763603696761244,-0.0031519507098500617,False,True,True,False,100000,False,True,False,-2.6258834540430276,2.0212623064592115,9.859750649243848,0.40483620079275684,True,Cruise
1,276,1675461767.2596843,48.03907851110153,0.026145619851979628,False,True,True,False,100000,False,True,False,-0.8967718844838704,2.1690108982024032,9.685708679650517,1.7441178496665166,True,Cruise
1,277,1675461767.3596864,48.03907851110153,0.026145619851979628,True,True,True,True,16.300917333117955,False,False,False,0.6245131652744418,1.7635314235671198,9.556876993521675,1.5796580042273252,True,Keep distance
1,278,1675461767.4596803,30.451375999676934,0.027484512080469713,True,True,True,True,16.300917333117955,False,False,False,0.6245131652744418,1.7635314235671198,9.556876993521675,1.5796580042273252,True,Keep distance
1,279,1675461767.5596993,30.451375999676934,0.027484512080469713,True,True,True,True,16.300917333117955,False,False,False,-2.1277413361384125,2.0457445388229707,9.90178449744578,1.0869559327971086,True,Keep distance
1,280,1675461767.659696,30.451375999676934,-0.015761684631985844,True,True,True,True,16.300917333117955,False,False,False,-2.8427407696333686,1.967907343338961,9.965118503604668,0.7220069357250373,True,Keep distance
1,281,1675461767.75992,30.451375999676934,-0.057945314646004324,True,True,True,True,16.300917333117955,False,False,False,-3.2399044634198395,1.8851120732008235,9.994120741797147,0.18802443972421856,True,Keep distance
1,282,1675461767.8597426,30.451375999676934,-0.057945314646004324,True,True,True,True,16.300917333117955,False,False,False,-3.4417938677438387,1.2768550390010514,9.987694889709203,0.6701060161909644,True,Keep distance
1,283,1675461767.9598622,30.451375999676934,-0.02655041944556543,True,True,True,True,16.300917333117955,False,False,False,-3.4417938677438387,1.2768550390010514,9.987694889709203,1.2595042926873656,True,Keep distance
1,284,1675461768.0596724,30.451375999676934,-0.03635657291691553,True,True,True,True,16.300917333117955,False,False,False,-3.5317968850808517,-0.5724542370255643,9.927388228527347,0.6087718096668697,True,Keep distance
1,285,1675461768.1596599,30.451375999676934,-0.03635657291691553,True,True,True,True,16.300917333117955,False,False,False,-3.7271676778643474,-0.4375283085443094,9.903344152575565,0.1010184847304208,True,Keep distance
1,286,1675461768.2596939,30.451375999676934,-0.03249593117472296,True,True,True,True,16.300917333117955,False,False,False,-3.8230556651112297,-0.5953286370639362,9.890265501763212,0.1010184847304208,True,Keep distance
1,287,1675461768.3598764,30.451375999676934,-0.03249593117472296,True,True,True,True,14.919876910458244,False,False,False,-4.002784867792211,-1.3420124533064393,9.861815239215797,0.3573200143654541,True,Keep distance
1,288,1675461768.4597013,28.379815365687367,-0.042854810001150816,True,True,True,True,14.919876910458244,False,False,False,-4.002784867792211,-1.3420124533064393,9.861815239215797,0.3573200143654541,True,Keep distance
1,289,1675461768.5596201,28.379815365687367,-0.050752879490380216,True,True,True,True,14.919876910458244,False,False,False,-4.30244805594691,-2.192197425950725,9.785254377603337,0.16872446323040344,True,Keep distance
1,290,1675461768.6596918,28.379815365687367,-0.050752879490380216,True,True,True,True,14.919876910458244,False,False,False,-4.30244805594691,-2.192197425950725,9.785254377603337,0.06751848645382272,True,Keep distance
1,291,1675461768.7597659,28.379815365687367,-0.050752879490380216,True,True,True,True,14.919876910458244,False,False,False,-4.391700011266275,-2.482640069064715,9.744747368029541,0.09171025082653779,True,Keep distance
1,292,1675461768.8597376,28.379815365687367,-0.05512915933232936,True,True,True,True,14.919876910458244,False,False,False,-4.404215476718943,-2.508621155552977,9.732979493183848,0.03114701605276805,True,Keep distance
1,293,1675461768.959684,28.379815365687367,-0.05754307733710553,True,True,True,True,14.919876910458244,False,False,False,-5.208006131950823,-2.3575236973172577,9.791772922102089,0.8199795891407015,True,Keep distance
1,294,1675461769.0596824,28.379815365687367,-0.05754307733710553,True,True,True,True,14.919876910458244,False,False,False,-5.079594727475493,-2.4716040668576116,9.76613501192225,0.1736695769332667,True,Keep distance
1,295,1675461769.1597111,28.379815365687367,-0.043107591643704764,True,True,True,True,14.919876910458244,False,False,False,-4.780506864614443,-2.6432764063221943,9.709237964704782,0.13775056031119243,True,Keep distance
1,296,1675461769.2597601,28.379815365687367,-0.04151088153251182,True,True,True,True,14.919876910458244,False,False,False,-4.664920225727241,-2.6188463381131273,9.694017720983913,0.11911656115277504,True,Keep distance
1,297,1675461769.3598444,28.379815365687367,-0.04151088153251182,True,True,True,True,14.919876910458244,False,False,False,-4.612283792938787,-2.414574392902275,9.687435462505217,0.13099055491255915,True,Keep distance
1,298,1675461769.459812,28.379815365687367,-0.02199802036666856,True,True,True,True,14.919876910458244,False,False,False,-4.612283792938787,-2.414574392902275,9.687435462505217,0.13099055491255915,True,Keep distance
1,299,1675461769.5597014,28.379815365687367,-0.02199802036666856,True,True,True,True,14.919876910458244,False,False,False,-4.070196882328753,-2.0713206900826964,9.661412595996119,0.47564488001637056,True,Keep distance
1,300,1675461769.6596727,28.379815365687367,-0.019307300882889875,True,True,True,True,14.919876910458244,False,False,False,-3.8558144033849917,-1.926765606067841,9.654121276162755,0.2423407180217838,True,Keep distance
1,301,1675461769.759694,28.379815365687367,-0.023099681205878974,True,True,True,True,14.919876910458244,False,False,False,-3.9455223088911864,-1.4658492912713632,9.691304595386127,0.2287710459793157,True,Keep distance
1,302,1675461769.8597014,28.379815365687367,-0.023099681205878974,True,True,True,True,14.919876910458244,False,False,False,-3.7066229737972294,-1.1822902272159412,9.702765251199502,0.14232837260761652,True,Keep distance
1,303,1675461769.9596865,26.31225283334574,-0.023099681205878974,True,True,True,True,13.54150188889716,False,False,False,-3.7066229737972294,-1.1822902272159412,9.702765251199502,0.14232837260761652,True,Keep distance
1,304,1675461770.059681,26.31225283334574,-0.023099681205878974,True,True,True,True,13.54150188889716,False,False,False,-3.4847478365165077,-0.5333977175066381,9.769930253375838,0.6890582001671008,True,Keep distance
1,305,1675461770.1598434,26.31225283334574,-0.019189090397448833,True,True,True,True,13.54150188889716,False,False,False,-3.4904527778961993,-0.39578462850842105,9.78609260589877,0.10366653198864725,True,Keep distance
1,306,1675461770.2596917,26.31225283334574,-0.02036605288767558,True,True,True,True,13.54150188889716,False,False,False,-3.657007511760604,-0.15532152708370425,9.84071944502569,0.10488178147046781,True,Keep distance
1,307,1675461770.3596241,26.31225283334574,-0.02036605288767558,True,True,True,True,13.54150188889716,False,False,False,-3.2211670748212327,0.16623986034625446,9.805032757921728,0.16507274860212076,True,Keep distance
1,308,1675461770.4596872,26.31225283334574,-0.017186611899666165,True,True,True,True,13.54150188889716,False,False,False,-3.2211670748212327,0.16623986034625446,9.805032757921728,0.16507274860212076,True,Keep distance
1,309,1675461770.5597568,26.31225283334574,-0.017186611899666165,True,True,True,True,13.54150188889716,False,False,False,-3.604181689338476,-0.12236180789892948,9.877907933494491,0.10166183774308563,True,Keep distance
1,310,1675461770.6596909,26.31225283334574,-0.017463821937864703,True,True,True,True,13.54150188889716,False,False,False,-3.6498545001913816,-0.1431713407496607,9.887681994708151,0.051132910940795376,True,Keep distance
1,311,1675461770.759668,26.31225283334574,-0.017463821937864703,True,True,True,True,13.54150188889716,False,False,False,-3.711097585067838,-0.22531445101499933,9.898771124779515,0.06279046348838216,True,Keep distance
1,312,1675461770.8598258,26.31225283334574,-0.010026256358513877,True,True,True,True,13.54150188889716,False,False,False,-3.738286865821705,-0.2818584768874365,9.901252748302614,0.06279046348838216,True,Keep distance
1,313,1675461770.9596987,24.846506046671028,-0.010026256358513877,True,True,True,True,12.564337364447352,False,False,False,-3.7668348640439757,-0.3333815797852743,9.902124887219546,0.05890992243256123,True,Keep distance
1,314,1675461771.0598316,24.846506046671028,-0.015048635051257758,True,True,True,True,12.564337364447352,False,False,False,-3.8550420593753514,-0.313085093767268,9.895536653821894,0.0322112042847279,True,Keep distance
1,315,1675461771.1597118,24.846506046671028,-0.012227185741718442,True,True,True,True,12.564337364447352,False,False,False,-3.9508236752582984,-0.39040557239687745,9.87847809094148,0.08336333713162837,True,Keep distance
1,316,1675461771.2596548,24.846506046671028,-0.012227185741718442,True,True,True,True,12.564337364447352,False,False,False,-3.9791232909920065,-0.39167460322601816,9.870716553392425,0.029372098240442943,True,Keep distance
1,317,1675461771.3597007,24.846506046671028,-0.005981727863898734,True,True,True,True,12.564337364447352,False,False,False,-4.004253919011767,-0.37004893108707326,9.862165017385117,0.03082194120173668,True,Keep distance
1,318,1675461771.4597394,24.846506046671028,-0.013817250315350688,True,True,False,True,12.564337364447352,False,False,False,-4.026272367157851,-0.35051694585479637,9.853017255168725,0.03082194120173668,True,Keep distance
1,319,1675461771.559795,24.846506046671028,-0.013817250315350688,True,True,False,True,12.564337364447352,False,False,False,-4.071729213014933,-0.24784651495336257,9.823642011570438,0.11606225550634132,True,Keep distance
1,320,1675461771.6596923,24.846506046671028,0.0024094382512335286,True,True,False,True,12.564337364447352,False,False,False,-4.1130878111990015,0.12493802744898068,9.774655631403297,0.15846206197740423,True,Keep distance
1,321,1675461771.7596786,24.846506046671028,0.0024094382512335286,True,True,False,True,12.564337364447352,False,False,False,-4.118453709660835,-0.02681736706755975,9.769638274944402,0.07965713911529534,True,Keep distance
1,322,1675461771.8596845,24.846506046671028,-0.02202965545203971,True,True,False,True,12.564337364447352,False,False,False,-4.118694174308691,-0.19205360265223664,9.76255136427052,0.1793253454938024,True,Keep distance
1,323,1675461771.9597857,23.296882343155215,-0.02202965545203971,True,True,False,True,11.53125489543681,False,False,False,-4.107832824525526,-0.01308300883394656,9.759528589768843,0.1793253454938024,True,Keep distance
1,324,1675461772.0596914,23.296882343155215,0.0019991572762707802,True,True,False,True,11.53125489543681,False,False,False,-4.090093915299131,-0.2782941216351824,9.757932523551744,0.14154234687015613,True,Keep distance
1,325,1675461772.1596456,23.296882343155215,0.004543909114886781,True,True,False,True,11.53125489543681,False,False,False,-4.046648074391489,0.030415590686526356,9.76114101462084,0.17921893797844357,True,Keep distance
1,326,1675461772.259672,23.296882343155215,0.004543909114886781,True,True,False,True,11.53125489543681,False,False,False,-4.046648074391489,0.030415590686526356,9.76114101462084,0.04017057772750039,True,Keep distance
1,327,1675461772.3597577,23.296882343155215,0.001595989133568996,True,True,False,True,11.53125489543681,False,False,False,-4.018374134664988,0.0952471106358979,9.76685516816766,0.030851487695043936,True,Keep distance
1,328,1675461772.4598303,23.296882343155215,0.001595989133568996,True,True,False,True,11.53125489543681,False,False,False,-4.006528123841318,0.11124088384741661,9.770625875391184,0.02025702315103426,True,Keep distance
1,329,1675461772.559765,23.296882343155215,0.0063620520983236695,True,True,False,True,11.53125489543681,False,False,False,-3.9764992230320577,0.14226595924927923,9.784047114828278,0.01817787719650593,True,Keep distance
1,330,1675461772.6597002,23.296882343155215,0.0065121235025178015,True,True,False,True,11.53125489543681,False,False,False,-3.9673095440964317,0.1572085678351585,9.788811930572939,0.09006795691769136,True,Keep distance
1,331,1675461772.759715,23.296882343155215,0.0065121235025178015,True,True,False,True,11.53125489543681,False,False,False,-3.9498890800935538,0.3129808891603832,9.798241767028685,0.09006795691769136,True,Keep distance
1,332,1675461772.859716,23.296882343155215,0.004913996647020651,True,True,False,True,11.53125489543681,False,False,False,-3.9314513171446595,0.3949509080800804,9.811544501098385,0.023046452745246672,True,Keep distance
1,333,1675461772.9596982,22.203496255586256,0.004913996647020651,True,True,False,True,10.802330837057504,False,False,False,-3.9314513171446595,0.3949509080800804,9.811544501098385,0.025002134240373446,True,Keep distance
1,334,1675461773.059691,22.203496255586256,0.004205960247990773,True,True,False,True,10.802330837057504,False,False,False,-3.922002754270136,0.40090573292836834,9.822407062209551,0.015579811079131296,True,Keep distance
1,335,1675461773.1596727,22.203496255586256,0.004205960247990773,True,True,False,True,10.802330837057504,False,False,False,-3.9201771719533047,0.40126342441004953,9.827748504735416,0.008015378061080007,True,Keep distance
1,336,1675461773.2597451,22.203496255586256,-0.001367119381963907,True,True,False,True,10.802330837057504,False,False,False,-3.920463646565368,0.3924727405633209,9.829785033556018,0.009028047398725548,True,Keep distance
1,337,1675461773.3596814,22.203496255586256,0.013952267235823254,True,True,False,True,10.802330837057504,False,False,False,-3.9228391311593294,0.32655486045407106,9.832549623331637,0.07432448441904253,True,Keep distance
1,338,1675461773.4596844,22.203496255586256,0.013952267235823254,True,True,False,True,10.802330837057504,False,False,False,-3.9249117920819234,0.27221745143305714,9.833296654411557,0.0543820558442891,True,Keep distance
1,339,1675461773.5596726,22.203496255586256,0.013382923736975695,True,True,False,True,10.802330837057504,False,False,False,-3.9249117920819234,0.27221745143305714,9.833296654411557,0.0543820558442891,True,Keep distance
1,340,1675461773.6596694,22.203496255586256,-0.0024677628540111067,True,True,False,True,10.802330837057504,False,False,False,-3.94435235435271,0.42488017146735674,9.8315004479021,0.01990986739563264,True,Keep distance
1,341,1675461773.7596853,22.203496255586256,-0.0024677628540111067,True,True,False,True,10.802330837057504,False,False,False,-3.9485999930157476,0.40944213564329873,9.83014412754759,0.047588657362783754,True,Keep distance
1,342,1675461773.85968,22.203496255586256,-0.002843761974420969,True,True,False,True,10.802330837057504,False,False,False,-3.9563133169037155,0.18660859021345175,9.824482279040845,0.10161547546539927,True,Keep distance
1,343,1675461773.9596872,22.203496255586256,-0.002843761974420969,True,True,False,True,10.802330837057504,False,False,False,-3.9563133169037155,0.18660859021345175,9.824482279040845,0.10161547546539927,True,Keep distance
1,344,1675461774.059682,22.203496255586256,-0.006502494333968648,True,True,False,True,10.802330837057504,False,False,False,-3.9661787048759423,0.1434318530009033,9.81828323351724,0.10161547546539927,True,Keep distance
1,345,1675461774.1596873,22.203496255586256,0.004956829325008329,True,True,False,True,10.802330837057504,False,False,False,-3.9695667427849806,0.12567158601776435,9.816215885233634,0.044721188284388744,True,Keep distance
1,346,1675461774.259674,22.203496255586256,0.004956829325008329,True,True,False,True,10.802330837057504,False,False,False,-3.975291847722683,0.04522154345081025,9.812183722895,0.0674848164414807,True,Keep distance
1,347,1675461774.35983,22.203496255586256,0.0071035147335888945,True,True,False,True,10.802330837057504,False,False,False,-3.9797060913378672,0.04586963563655573,9.808499515342506,0.08995912065690857,True,Keep distance
1,348,1675461774.4598367,22.203496255586256,0.0071035147335888945,True,True,False,True,10.172581409829759,False,False,False,-3.9813628999379427,0.09317712687034348,9.806846117050027,0.04736536147318799,True,Keep distance
1,349,1675461774.55979,21.258872114744637,0.0042750887344785065,True,True,False,True,10.172581409829759,False,False,False,-3.9813628999379427,0.09317712687034348,9.806846117050027,0.042955610152905145,True,Keep distance
1,350,1675461774.6598015,21.258872114744637,0.0042750887344785065,True,True,False,True,10.172581409829759,False,False,False,-3.9845488267229534,0.10292024653609459,9.800917152711685,0.007270004248113282,True,Keep distance
1,351,1675461774.7597113,21.258872114744637,-0.009387612800785488,True,True,False,True,10.172581409829759,False,False,False,-3.9842802768641943,0.11385251757678429,9.800266625716729,0.007270004248113282,True,Keep distance
1,352,1675461774.8597116,21.258872114744637,-0.004028006583444604,True,True,False,True,10.172581409829759,False,False,False,-3.982452489356849,0.049854369583620134,9.799476822744266,0.12535814594848307,True,Keep distance
1,353,1675461774.9596772,21.258872114744637,-0.004028006583444604,True,True,False,True,10.172581409829759,False,False,False,-3.981588308217078,-0.04200316627872012,9.79937267539605,0.0918616598500898,True,Keep distance
1,354,1675461775.059672,21.258872114744637,-0.00935450866005427,True,True,False,True,10.172581409829759,False,False,False,-3.9801250374435835,0.03223911628116712,9.799713382121274,0.026519888661558553,True,Keep distance
1,355,1675461775.1596904,21.258872114744637,-0.00935450866005427,True,True,False,True,10.172581409829759,False,False,False,-3.9792398063988896,0.058741454466241065,9.800096698365312,0.026519888661558553,True,Keep distance
1,356,1675461775.2596781,21.258872114744637,-0.0039539275111040596,True,True,False,True,10.172581409829759,False,False,False,-3.9767709873246893,-0.0702617306570986,9.80190873382816,0.022595246364615556,True,Keep distance
1,357,1675461775.3597472,21.258872114744637,-0.0039539275111040596,True,True,False,True,10.172581409829759,False,False,False,-3.9758398690929746,-0.1003162446635326,9.802658044464485,0.022595246364615556,True,Keep distance
1,358,1675461775.4598505,21.258872114744637,2.683394325159927e-05,True,True,False,True,10.172581409829759,False,False,False,-3.9728339089699474,-0.03150478820361599,9.804225804476904,0.024083792663789006,True,Keep distance
1,359,1675461775.5597804,20.497860624761614,-0.00023791612127997065,True,True,False,True,9.665240416507743,False,False,False,-3.970387972776702,-0.048893340433362166,9.805925106111122,0.037373222461588036,True,Keep distance
1,360,1675461775.659855,20.497860624761614,-0.00023791612127997065,True,True,False,True,9.665240416507743,False,False,False,-3.969029393158498,-0.0115540915931492,9.80675728075205,0.037373222461588036,True,Keep distance
1,361,1675461775.759819,20.497860624761614,-0.0017614596094861039,True,True,False,True,9.665240416507743,False,False,False,-3.9670327386085655,0.02265597146172617,9.808402652152564,0.011236117819084561,True,Keep distance
1,362,1675461775.859693,20.497860624761614,-0.007439333074844371,True,True,False,True,9.665240416507743,False,False,False,-3.9663048318949454,0.031972700269598205,9.809180374722676,0.0022512139392420914,True,Keep distance
1,363,1675461775.9597013,20.497860624761614,-0.007439333074844371,True,True,False,True,9.665240416507743,False,False,False,-3.9649006330156547,0.05045429678927166,9.811201446462041,0.004717841962232099,True,Keep distance
1,364,1675461776.0596879,20.497860624761614,-0.007439333074844371,True,True,False,True,9.665240416507743,False,False,False,-3.9649006330156547,0.05045429678927166,9.811201446462041,0.004717841962232099,True,Keep distance
1,365,1675461776.1596758,20.497860624761614,0.0024232509299537855,True,True,False,True,9.665240416507743,False,False,False,-3.964736726875086,0.011126941573929856,9.8126521206808,0.034625137615766376,True,Keep distance
1,366,1675461776.2596893,20.497860624761614,0.002503911955853825,True,True,False,True,9.665240416507743,False,False,False,-3.964117376012775,0.0752369340803116,9.813123853043,0.09873649441443315,True,Keep distance
1,367,1675461776.3596437,20.497860624761614,0.00166632806411648,True,True,False,True,9.665240416507743,False,False,False,-3.9635448802611055,0.15101416567653192,9.813318752491897,0.016534085785148644,True,Keep distance
1,368,1675461776.4598372,20.497860624761614,0.00166632806411648,True,True,False,True,9.665240416507743,False,False,False,-3.9636819285838665,0.15109258074045245,9.813345177519164,0.016534085785148644,True,Keep distance
