repetition,iteration,time,speed,steering,obstacle_North,obstacle_NorthWest,obstacle_SouthWest,obstacle_West,obstacle_distance,follow_enable,steady_motion_enable,passing_start,accel_x,accel_y,accel_z,accel_diff,success,action
1,1,1675391812.612782,0.0,0.0,False,False,False,False,100000,False,True,False,-0.06362108344830059,-1.3203331004646683e-13,9.78033067638404,0.015087420376697462,True,Cruise
1,2,1675391812.613208,0.0,0.0,False,False,False,False,100000,False,True,False,-0.06362108344830059,-1.3203331004646683e-13,9.78033067638404,0.015087420376697462,True,Cruise
1,3,1675391812.7133036,0.0,0.0,False,False,False,False,100000,False,True,False,-0.04336732387116506,2.5345768055203166e-13,9.802715199147,0.01512419171482807,True,Cruise
1,4,1675391812.8134162,49.730371415706124,0.003595047790585032,False,False,False,False,100000,False,True,False,-0.04336732387116506,2.5345768055203166e-13,9.802715199147,0.01512419171482807,True,Cruise
1,5,1675391812.9134514,49.728124622894995,0.0036250050280667405,False,False,False,False,100000,False,True,False,-0.03209954576738965,4.668601795826818e-13,9.812641655714687,0.015016569627784316,True,Cruise
1,6,1675391813.0132866,49.728124622894995,0.0036250050280667405,False,False,False,False,100000,False,True,False,-0.020385367286161804,2.0492237524959115e-13,9.821625237345883,0.014762341156280492,True,Cruise
1,7,1675391813.1133296,49.728124622894995,0.0036250050280667405,False,False,False,False,100000,False,True,False,-0.020385367286161804,2.0492237524959115e-13,9.821625237345883,0.014762341156280492,True,Cruise
1,8,1675391813.2132723,49.728124622894995,0.0036250050280667405,False,False,False,False,100000,False,True,False,1.8981668513427112,-0.011007510722055152,9.669886436205358,0.9226917665684281,True,Cruise
1,9,1675391813.3132787,49.728124622894995,0.0036250050280667405,False,False,False,False,100000,False,True,False,1.8981668513427112,-0.011007510722055152,9.669886436205358,0.9226917665684281,True,Cruise
1,10,1675391813.4133,49.728124622894995,0.0036250050280667405,False,False,False,False,100000,False,True,False,1.8981668513427112,-0.011007510722055152,9.669886436205358,0.9226917665684281,True,Cruise
1,11,1675391813.513307,49.707285588921685,0.0039028588143775627,False,False,False,False,100000,False,True,False,1.8981668513427112,-0.011007510722055152,9.669886436205358,0.9226917665684281,True,Cruise
1,12,1675391813.6133235,49.707285588921685,0.0039028588143775627,False,False,False,False,100000,False,True,False,3.324841403770036,0.0065032833276583045,9.621241909467146,0.28227736021632466,True,Cruise
1,13,1675391813.7133305,49.707285588921685,0.0039028588143775627,False,False,False,False,100000,False,True,False,3.324841403770036,0.0065032833276583045,9.621241909467146,0.28227736021632466,True,Cruise
1,14,1675391813.8133378,49.75544323234476,0.0032607569020698442,False,False,False,False,100000,False,True,False,3.324841403770036,0.0065032833276583045,9.621241909467146,0.28227736021632466,True,Cruise
1,15,1675391813.9132857,49.75544323234476,0.0032607569020698442,False,False,False,False,100000,False,True,False,3.324841403770036,0.0065032833276583045,9.621241909467146,0.17403949740386457,True,Cruise
1,16,1675391814.0132813,49.75544323234476,0.0032607569020698442,False,False,False,False,100000,False,True,False,3.324841403770036,0.0065032833276583045,9.621241909467146,0.17403949740386457,True,Cruise
1,17,1675391814.113313,49.75544323234476,0.0032607569020698442,False,False,False,False,100000,False,True,False,3.324841403770036,0.0065032833276583045,9.621241909467146,0.17403949740386457,True,Cruise
1,18,1675391814.21328,49.7524528701632,0.0033006283978239876,False,False,False,False,100000,False,True,False,3.324841403770036,0.0065032833276583045,9.621241909467146,0.10438839326189749,True,Cruise
1,19,1675391814.3132672,49.7524528701632,0.0033006283978239876,False,False,False,False,100000,False,True,False,3.498115973704934,0.0037393710022789236,9.63730524844519,0.10438839326189749,True,Cruise
1,20,1675391814.413304,49.7524528701632,0.0033006283978239876,False,False,False,False,100000,False,True,False,3.498115973704934,0.0037393710022789236,9.63730524844519,0.10438839326189749,True,Cruise
1,21,1675391814.5132813,49.7524528701632,0.0033006283978239876,False,False,False,False,100000,False,True,False,3.617322585115715,0.003535752804411597,9.65926395401209,0.10569199438889501,True,Cruise
1,22,1675391814.6132534,49.7524528701632,0.0033006283978239876,False,False,False,False,100000,False,True,False,4.0485305477468705,0.0015365563715819739,9.750982954450281,0.11816944963750371,True,Cruise
1,23,1675391814.7132273,49.693527571967486,0.004086299040433503,False,False,False,False,100000,False,True,False,4.0485305477468705,0.0015365563715819739,9.750982954450281,0.11816944963750371,True,Cruise
1,24,1675391814.8132708,49.693527571967486,0.004086299040433503,False,False,False,False,100000,False,True,False,4.0485305477468705,0.0015365563715819739,9.750982954450281,0.23252000629074734,True,Cruise
1,25,1675391814.9133155,49.693527571967486,0.004086299040433503,False,False,False,False,100000,False,True,False,4.380298338453153,0.0014545993371915893,9.80896151710537,0.10429459447671967,True,Cruise
1,26,1675391815.0132427,49.693527571967486,0.004086299040433503,False,False,False,False,100000,False,True,False,4.380298338453153,0.0014545993371915893,9.80896151710537,0.10429459447671967,True,Cruise
1,27,1675391815.1132295,49.67511852623739,0.004331752983501507,False,False,False,False,100000,False,True,False,4.380298338453153,0.0014545993371915893,9.80896151710537,0.09175503839590056,True,Cruise
1,28,1675391815.2132492,49.67511852623739,0.004331752983501507,False,False,False,False,100000,False,True,False,4.470240812211615,0.0055764163220464995,9.82663491830562,0.07737555063699608,True,Cruise
1,29,1675391815.3132188,49.67511852623739,0.004331752983501507,False,False,False,False,100000,False,True,False,4.545767147131025,0.0069241951695340025,9.84339594638261,0.07737555063699608,True,Cruise
1,30,1675391815.4131804,49.67511852623739,0.004331752983501507,False,False,False,False,100000,False,True,False,4.545767147131025,0.0069241951695340025,9.84339594638261,0.07737555063699608,True,Cruise
1,31,1675391815.5132313,49.67511852623739,0.004331752983501507,False,False,False,False,100000,False,True,False,4.545767147131025,0.0069241951695340025,9.84339594638261,0.07737555063699608,True,Cruise
1,32,1675391815.6132174,49.75313481598443,0.0032915357868742003,False,False,False,False,100000,False,True,False,4.545767147131025,0.0069241951695340025,9.84339594638261,0.07737555063699608,True,Cruise
1,33,1675391815.7132115,49.75313481598443,0.0032915357868742003,False,False,False,False,100000,False,True,False,4.606290771245126,0.0064721290524777245,9.859061253764809,0.07737555063699608,True,Cruise
1,34,1675391815.8132348,49.75313481598443,0.0032915357868742003,False,False,False,False,100000,False,True,False,4.606290771245126,0.0064721290524777245,9.859061253764809,0.07737555063699608,True,Cruise
1,35,1675391815.91322,49.75313481598443,0.0032915357868742003,False,False,False,False,100000,False,True,False,4.701903994176518,0.008130044353645314,9.897323255433488,0.021427019767016057,True,Cruise
1,36,1675391816.0132003,49.75313481598443,0.0032915357868742003,False,False,False,False,100000,False,True,False,4.701903994176518,0.008130044353645314,9.897323255433488,0.021427019767016057,True,Cruise
1,37,1675391816.113237,49.71649487462084,0.003780068338388805,False,False,False,False,100000,False,True,False,4.701903994176518,0.008130044353645314,9.897323255433488,0.021427019767016057,True,Cruise
1,38,1675391816.213219,49.71649487462084,0.003780068338388805,False,False,False,False,100000,False,True,False,4.701903994176518,0.008130044353645314,9.897323255433488,0.016507660832805183,True,Cruise
1,39,1675391816.313254,49.71649487462084,0.003780068338388805,False,False,False,False,100000,False,True,False,4.664160407106184,0.005948028740553397,9.921840287209239,0.024081890972313197,True,Cruise
1,40,1675391816.4132478,49.650769325617496,0.004656408991766752,False,False,False,False,100000,False,True,False,4.664160407106184,0.005948028740553397,9.921840287209239,0.024081890972313197,True,Cruise
1,41,1675391816.513225,49.650769325617496,0.004656408991766752,False,False,False,False,100000,False,True,False,4.664160407106184,0.005948028740553397,9.921840287209239,0.024081890972313197,True,Cruise
1,42,1675391816.6132102,49.650769325617496,0.004656408991766752,False,False,False,False,100000,False,True,False,4.594291312968913,0.005746409331242118,9.921582730273425,0.038251944007889636,True,Cruise
1,43,1675391816.713285,49.650769325617496,0.004656408991766752,False,False,False,False,100000,False,True,False,4.594291312968913,0.005746409331242118,9.921582730273425,0.038251944007889636,True,Cruise
1,44,1675391816.8132305,49.75181682854761,0.003309108952698511,False,False,False,False,100000,False,True,False,4.550627480636501,0.010992904087717281,9.91844377388815,0.044089783491999546,True,Cruise
1,45,1675391816.9132178,49.75181682854761,0.003309108952698511,False,False,False,False,100000,False,True,False,4.550627480636501,0.010992904087717281,9.91844377388815,0.044089783491999546,True,Cruise
1,46,1675391817.0132108,49.75181682854761,0.003309108952698511,False,False,False,False,100000,False,True,False,4.5026922315265105,0.01232056230828182,9.913430926466603,0.04821492946027365,True,Cruise
1,47,1675391817.1132352,49.75181682854761,0.003309108952698511,False,False,False,False,100000,False,True,False,4.5026922315265105,0.01232056230828182,9.913430926466603,0.04821492946027365,True,Cruise
1,48,1675391817.213221,49.75181682854761,0.003309108952698511,False,False,False,False,100000,False,True,False,4.451612992104583,0.012041194021015444,9.906679483772256,0.05152425375507678,True,Cruise
1,49,1675391817.3132288,49.75181682854761,0.003309108952698511,False,False,False,False,100000,False,True,False,4.451612992104583,0.012041194021015444,9.906679483772256,0.10886392217259055,True,Cruise
1,50,1675391817.4132724,49.67715782040733,0.004304562394568938,False,False,False,False,100000,False,True,False,4.451612992104583,0.012041194021015444,9.906679483772256,0.10886392217259055,True,Cruise
1,51,1675391817.513222,49.67715782040733,0.004304562394568938,False,False,False,False,100000,False,True,False,4.344331400025015,0.00808149638584916,9.888614757194999,0.10886392217259055,True,Cruise
1,52,1675391817.6132336,49.67715782040733,0.004304562394568938,False,False,False,False,100000,False,True,False,4.344331400025015,0.00808149638584916,9.888614757194999,0.05536352019400669,True,Cruise
1,53,1675391817.7132437,49.734804082079656,0.00353594557227132,False,False,False,False,100000,False,True,False,4.344331400025015,0.00808149638584916,9.888614757194999,0.05536352019400669,True,Cruise
1,54,1675391817.8132248,49.734804082079656,0.00353594557227132,False,False,False,False,100000,False,True,False,4.184849974209776,0.008614785057830206,9.853030883201859,0.05367106003681925,True,Cruise
1,55,1675391817.9132354,49.734804082079656,0.00353594557227132,False,False,False,False,100000,False,True,False,4.135320423948204,0.012943862192664286,9.839757310162053,0.05145974153837141,True,Cruise
1,56,1675391818.013237,49.734804082079656,0.00353594557227132,False,False,False,False,100000,False,True,False,4.135320423948204,0.012943862192664286,9.839757310162053,0.04870398435354292,True,Cruise
1,57,1675391818.1133058,49.76360725912306,0.0031519032116924892,False,False,False,False,100000,False,True,False,4.135320423948204,0.012943862192664286,9.839757310162053,0.04870398435354292,True,Cruise
1,58,1675391818.2132528,49.76360725912306,0.0031519032116924892,False,False,False,False,100000,False,True,False,4.045495407502252,0.007477967269237122,9.812407394842348,0.04537482957581159,True,Cruise
1,59,1675391818.3132505,49.76360725912306,0.0031519032116924892,False,False,False,False,100000,False,True,False,4.045495407502252,0.007477967269237122,9.812407394842348,0.04537482957581159,True,Cruise
1,60,1675391818.4132476,49.76360725912306,0.0031519032116924892,False,False,False,False,100000,False,True,False,4.045495407502252,0.007477967269237122,9.812407394842348,0.04537482957581159,True,Cruise
1,61,1675391818.5132399,49.76360725912306,0.0031519032116924892,False,False,False,False,100000,False,True,False,4.006091584956146,0.00805765253241059,9.79876139326197,0.04170384425183164,True,Cruise
1,62,1675391818.6132233,49.7451494865787,0.003398006845617399,False,False,False,False,100000,False,True,False,3.939843104582607,0.005421080790071069,9.772527658745402,0.04170384425183164,True,Cruise
1,63,1675391818.7132204,49.7451494865787,0.003398006845617399,False,False,False,False,100000,False,True,False,3.939843104582607,0.005421080790071069,9.772527658745402,0.04170384425183164,True,Cruise
1,64,1675391818.8132157,49.7451494865787,0.003398006845617399,False,False,False,False,100000,False,True,False,3.913332364729064,0.005420270689363362,9.760300531912343,0.0713023245696907,True,Cruise
1,65,1675391818.9132202,49.68614001381244,0.004184799815834123,False,False,False,False,100000,False,True,False,3.913332364729064,0.005420270689363362,9.760300531912343,0.029194553581622054,True,Cruise
1,66,1675391819.0132108,49.68614001381244,0.004184799815834123,False,False,False,False,100000,False,True,False,3.8737624659640093,0.00620530279551898,9.738395435159973,0.02049230589062795,True,Cruise
1,67,1675391819.1132705,49.68614001381244,0.004184799815834123,False,False,False,False,100000,False,True,False,3.8737624659640093,0.00620530279551898,9.738395435159973,0.02049230589062795,True,Cruise
1,68,1675391819.2132375,49.68614001381244,0.004184799815834123,False,False,False,False,100000,False,True,False,3.8737624659640093,0.00620530279551898,9.738395435159973,0.02049230589062795,True,Cruise
1,69,1675391819.3131967,49.68614001381244,0.004184799815834123,False,False,False,False,100000,False,True,False,3.860572010776025,0.004403076793872456,9.728965657836557,0.016314313561913495,True,Cruise
1,70,1675391819.4133005,49.68614001381244,0.004184799815834123,False,False,False,False,100000,False,True,False,3.860572010776025,0.004403076793872456,9.728965657836557,0.016314313561913495,True,Cruise
1,71,1675391819.513234,49.81066953773365,0.0025244061635512605,False,False,False,False,100000,False,True,False,3.8515748116602233,0.008685255430411407,9.720681954495246,0.01295786968801037,True,Cruise
1,72,1675391819.6132348,49.81066953773365,0.0025244061635512605,False,False,False,False,100000,False,True,False,3.8515748116602233,0.008685255430411407,9.720681954495246,0.00594731671142399,True,Cruise
1,73,1675391819.7132354,49.81066953773365,0.0025244061635512605,False,False,False,False,100000,False,True,False,3.8515748116602233,0.008685255430411407,9.720681954495246,0.00594731671142399,True,Cruise
1,74,1675391819.8132262,49.723768324379805,0.003683089008269284,False,False,False,False,100000,False,True,False,3.8453053612957446,0.010295107414145063,9.707802335258036,0.00594731671142399,True,Cruise
1,75,1675391819.913248,49.723768324379805,0.003683089008269284,False,False,False,False,100000,False,True,False,3.8453053612957446,0.010295107414145063,9.707802335258036,0.00594731671142399,True,Cruise
1,76,1675391820.0132358,49.723768324379805,0.003683089008269284,False,False,False,False,100000,False,True,False,3.8453053612957446,0.010295107414145063,9.707802335258036,0.00594731671142399,True,Cruise
1,77,1675391820.1132224,49.723768324379805,0.003683089008269284,False,False,False,False,100000,False,True,False,3.8527999335111955,0.0056333786965821865,9.700039970576668,0.011753919889777148,True,Cruise
1,78,1675391820.2132285,49.723768324379805,0.003683089008269284,False,False,False,False,100000,False,True,False,3.8608670672605534,-0.0010842124394069663,9.698075565090932,0.010680054611880069,True,Cruise
1,79,1675391820.3133419,49.723768324379805,0.003683089008269284,False,False,False,False,100000,False,True,False,3.8713034135858586,0.005334757855515612,9.69735032989832,0.012273812380569125,True,Cruise
1,80,1675391820.4132621,49.723768324379805,0.003683089008269284,False,False,False,False,100000,False,True,False,3.89790929236888,0.00988555272218098,9.699372580005152,0.015661900108679686,True,Cruise
1,81,1675391820.5134265,49.723768324379805,0.003683089008269284,False,False,False,False,100000,False,True,False,3.9297546709341367,0.009916329793919359,9.705488636053246,0.01677461388261469,True,Cruise
1,82,1675391820.613251,49.723768324379805,0.003683089008269284,False,False,False,False,100000,False,True,False,3.946771557256827,0.00991001626831102,9.709836687864183,0.017563599133735508,True,Cruise
1,83,1675391820.7132034,49.80978049738589,0.0025362600348548562,False,False,False,False,100000,False,True,False,3.9984492045774234,0.010670107163472713,9.726676006914008,0.01811725848736492,True,Cruise
1,84,1675391820.8133547,49.78143083153804,0.002914255579492836,False,False,False,False,100000,False,True,False,4.030794485868706,0.014665362326943073,9.739858558006503,0.017556636151852798,True,Cruise
1,85,1675391820.9133089,49.78143083153804,0.002914255579492836,False,False,False,False,100000,False,True,False,4.045720000999828,0.008153889284908332,9.746674032411349,0.017652789424609117,True,Cruise
1,86,1675391821.0132751,49.78143083153804,0.002914255579492836,False,False,False,False,100000,False,True,False,4.083551766388406,0.007929235498826293,9.766711297944283,0.013157077529732811,True,Cruise
1,87,1675391821.1132581,49.746624471544116,0.003378340379411827,False,False,False,False,100000,False,True,False,4.083551766388406,0.007929235498826293,9.766711297944283,0.013157077529732811,True,Cruise
1,88,1675391821.2132735,49.8182624108737,0.003378340379411827,False,False,False,False,100000,False,True,False,4.109314459003847,0.009525114179407625,9.784166798208409,0.008974439188214983,True,Cruise
1,89,1675391821.313289,49.8182624108737,0.002423167855017385,False,False,False,False,100000,False,True,False,4.1225447720628035,0.013751971120750823,9.797201333453797,0.007437509460221561,True,Cruise
1,90,1675391821.4132793,49.823355553585984,0.0023552592855202296,False,False,False,False,100000,False,True,False,4.1250003237742705,0.005887783097581206,9.802931112028372,0.003663506982826871,True,Cruise
1,91,1675391821.513283,49.823355553585984,0.0023552592855202296,False,False,False,False,100000,False,True,False,4.124527644190136,0.0054624586453491455,9.804873844277258,0.002044146636078027,True,Cruise
1,92,1675391821.6133647,49.85831987814395,0.0018890682914139557,False,False,False,False,100000,False,True,False,4.1175192441950035,0.006484462349147306,9.807137256342067,0.003842866851137958,True,Cruise
1,93,1675391821.7132926,49.76648353161841,0.0031135529117545017,False,False,False,False,100000,False,True,False,4.104499859540879,0.0051115619887439545,9.804659408143833,0.0057465783602903935,True,Cruise
1,94,1675391821.813257,49.735278673904666,0.0035296176812711125,False,False,False,False,100000,False,True,False,4.099350238150508,0.00038113097085134135,9.802974430545959,0.009807532413445442,True,Cruise
1,95,1675391821.913269,49.735278673904666,0.0035296176812711125,False,False,False,False,100000,False,True,False,4.0884187643951435,0.01239143220834621,9.798628908912223,0.007250569396566591,True,Cruise
1,96,1675391822.0132728,49.85239586650468,0.0019680551132709202,False,False,False,False,100000,False,True,False,4.072027091073118,0.021379717777553566,9.790478329500882,0.008530260494017308,True,Cruise
1,97,1675391822.1132567,49.756482957272915,0.003246893903027754,False,False,False,False,100000,False,True,False,4.0669314697963,0.011698852381586397,9.787540490137074,0.007149584397474979,True,Cruise
1,98,1675391822.2133608,49.756482957272915,0.003246893903027754,False,False,False,False,100000,False,True,False,4.0575557436791545,0.006956151017112062,9.781654744686445,0.0054135371944574115,True,Cruise
1,99,1675391822.3132591,49.84644498338182,0.0020474002215757014,False,False,False,False,100000,False,True,False,4.049529546975911,0.013862720370635684,9.77605703607835,0.009268111107708038,True,Cruise
1,100,1675391822.4132235,49.84644498338182,0.0020474002215757014,False,False,False,False,100000,False,True,False,4.046121731505567,0.022081291124396003,9.773460928994593,0.009268111107708038,True,Cruise
1,101,1675391822.5132601,49.84613698971198,0.0020515068038402503,False,False,False,False,100000,False,True,False,4.046121731505567,0.022081291124396003,9.773460928994593,0.013357803386649932,True,Cruise
1,102,1675391822.613243,49.84613698971198,0.0020515068038402503,False,False,False,False,100000,False,True,False,4.038665873741958,0.009587005893956826,9.766824910134739,0.003096683344219301,True,Cruise
1,103,1675391822.7132776,49.853554464785354,0.0019526071361952375,False,False,False,False,100000,False,True,False,4.035870550756049,0.010143508736471633,9.763572167024057,0.0019559473317785196,True,Cruise
1,104,1675391822.813295,49.831255905847,0.002249921255373273,False,False,False,False,100000,False,True,False,4.0347050706141845,0.010767504370524643,9.761348438261063,0.0010480428329845018,True,Cruise
1,105,1675391822.9133234,49.831255905847,0.002249921255373273,False,False,False,False,100000,False,True,False,4.034991836864971,0.008709862265345585,9.76015072643434,0.0014183645793450245,True,Cruise
1,106,1675391823.01338,49.92971745656582,0.0009371005791224047,False,False,False,False,100000,False,True,False,4.037579651584236,0.012124825645631526,9.760125882258032,0.004284784375325971,True,Cruise
1,107,1675391823.11327,49.916380867445014,0.001114921767399772,False,False,False,False,100000,False,True,False,4.040401029100548,0.006659303396038894,9.761103529012711,0.009512319927445738,True,Cruise
1,108,1675391823.2132583,49.916380867445014,0.001114921767399772,False,False,False,False,100000,False,True,False,4.042025591546205,0.001981802137317476,9.761833078346937,0.005005043795637378,True,Cruise
1,109,1675391823.3132582,49.94204345999098,0.0007727538667869833,False,False,False,False,100000,False,True,False,4.045484049449607,0.0007843834383670588,9.763666733827087,0.0020192903556331427,True,Cruise
1,110,1675391823.4132862,49.94204345999098,0.0007727538667869833,False,False,False,False,100000,False,True,False,4.04725902561235,0.0033699314014802367,9.764724721412465,0.005380432192519743,True,Cruise
1,111,1675391823.5132122,49.93857501420336,0.0008189998106219429,False,False,False,False,100000,False,True,False,4.052496756583699,-0.0007354773629922091,9.768187413413107,0.002204404139382156,True,Cruise
1,112,1675391823.6132593,49.95795580368582,0.0005605892841890336,False,False,False,False,100000,False,True,False,4.055667401061091,-0.0011163330128297533,9.770530950413312,0.0019343231907479562,True,Cruise
1,113,1675391823.7135825,49.95795580368582,0.0005605892841890336,False,False,False,False,100000,False,True,False,4.057102356980044,-0.00029343247288447674,9.771657704680994,0.002566732686227755,True,Cruise
1,114,1675391823.8133533,49.9792557167906,0.0002765904427919791,False,False,False,False,100000,False,True,False,4.06066757694573,-0.0032399334160045814,9.774681225460236,0.0018279405404886997,True,Cruise
1,115,1675391823.9133537,49.94860574141453,0.0006852567811395838,False,False,False,False,100000,False,True,False,4.0623467515225355,-0.0017323764110817295,9.776292945304457,0.0027730842465990505,True,Cruise
1,116,1675391824.0132265,49.94752746003107,0.0006996338662524419,False,False,False,False,100000,False,True,False,4.063459965863607,-0.004299787674745451,9.777516793684395,0.002006731117322233,True,Cruise
1,117,1675391824.113265,49.94752746003107,0.0006996338662524419,False,False,False,False,100000,False,True,False,4.0638064875904485,-0.005376004030878764,9.77797628891233,0.0012204322254335638,True,Cruise
1,118,1675391824.2132688,49.97892141114434,0.00028104785140871494,False,False,False,False,100000,False,True,False,4.063944698396425,0.0020258019556462347,9.778818387225703,0.0005220037061116573,True,Cruise
1,119,1675391824.3133843,49.97892141114434,0.00028104785140871494,False,False,False,False,100000,False,True,False,4.063944698396425,0.0020258019556462347,9.778818387225703,0.0005220037061116573,True,Cruise
1,120,1675391824.4133315,49.97881901252853,-0.000282413166286243,False,False,False,False,100000,False,True,False,4.063029886552852,-0.00019054962682470622,9.778523682338891,0.0024157702739654144,True,Cruise
1,121,1675391824.51324,49.932623259812395,0.0008983565358347263,False,False,False,False,100000,False,True,False,4.062091288219896,-0.002321503262723088,9.77798989855984,0.0039882783020499055,True,Cruise
1,122,1675391824.6133065,49.932623259812395,0.0008983565358347263,False,False,False,False,100000,False,True,False,4.06098849813191,-0.008144725855755775,9.777265845506717,0.009672177951887448,True,Cruise
1,123,1675391824.7133114,49.931298947324294,0.000916014035676113,False,False,False,False,100000,False,True,False,4.059796606940242,0.006847124789817428,9.776422900912275,0.005397398433841661,True,Cruise
1,124,1675391824.8132594,49.97675287639745,0.00030996164803395135,False,False,False,False,100000,False,True,False,4.05861885334241,0.008103355343450204,9.7755259389985,0.001941586829335045,True,Cruise
1,125,1675391824.9132593,49.97080815417925,0.0003892246109433277,False,False,False,False,100000,False,True,False,4.057517350577756,0.010368707689736667,9.774636897984731,0.004376763835033955,True,Cruise
1,126,1675391825.0132742,49.97080815417925,0.0003892246109433277,False,False,False,False,100000,False,True,False,4.056119920593297,0.0038232077940992108,9.77342937297823,0.0006105837745861544,True,Cruise
1,127,1675391825.1133533,49.9981988223789,-2.4015701614639603e-05,False,False,False,False,100000,False,True,False,4.055731057785655,0.005087309124909372,9.773081113437323,0.001367644385633947,True,Cruise
1,128,1675391825.2133164,49.9981988223789,-2.4015701614639603e-05,False,False,False,False,100000,False,True,False,4.055387072155947,0.007122645943753762,9.77276584155837,0.002088137552281581,True,Cruise
1,129,1675391825.313286,49.99196413694706,0.00010714484070581631,False,False,False,False,100000,False,True,False,4.054490006599079,-6.479711375737057e-05,9.771872634818473,0.0008996219333886343,True,Cruise
1,130,1675391825.4132528,49.986823037000434,0.00017569283999425257,False,False,False,False,100000,False,True,False,4.054314109826361,0.0006654160399141585,9.771655256176846,0.00013813701440844913,True,Cruise
1,131,1675391825.513367,49.94186548553767,0.0007751268594977708,False,False,False,False,100000,False,True,False,4.054289814258016,3.530776041430969e-05,9.771601323188964,0.0006328787290763719,True,Cruise
1,132,1675391825.613309,49.94186548553767,0.0007751268594977708,False,False,False,False,100000,False,True,False,4.054353826591689,-9.900064913377261e-05,9.771593923030663,0.00016507124847792338,True,Cruise
1,133,1675391825.713258,49.96108656310186,-0.0005188458253085513,False,False,False,False,100000,False,True,False,4.054353826591689,-9.900064913377261e-05,9.771593923030663,0.00016507124847792338,True,Cruise
1,134,1675391825.8132377,49.96162519811297,-0.0005116640251604293,False,False,False,False,100000,False,True,False,4.0546747533880145,0.0060854457709359705,9.771796253044107,0.0061960720594303395,True,Cruise
1,135,1675391825.9132617,49.96162519811297,-0.0005116640251604293,False,False,False,False,100000,False,True,False,4.0546747533880145,0.0060854457709359705,9.771796253044107,0.004182826949675887,True,Cruise
1,136,1675391826.0132763,49.89596810438914,-0.0013870919414781329,False,False,False,False,100000,False,True,False,4.05539233412952,-0.005741518407299206,9.772332996611611,0.0060404009899169666,True,Cruise
1,137,1675391826.113466,49.89596810438914,-0.0013870919414781329,False,False,False,False,100000,False,True,False,4.055794426494221,-0.0066816021486592134,9.772659265627178,0.00039868698983472177,True,Cruise
1,138,1675391826.2133408,49.89988966141589,-0.0013348045144548101,False,False,False,False,100000,False,True,False,4.05618748539977,-0.012256437331926134,9.772991852614153,0.005604749763218341,True,Cruise
1,139,1675391826.3132994,49.95760778955695,-0.0005652294725739906,False,False,False,False,100000,False,True,False,4.056715619785556,-0.02175818615852552,9.773457740762433,0.0027866189236710275,True,Cruise
1,140,1675391826.4132469,49.98465800890406,-0.00020455988127912183,False,False,False,False,100000,False,True,False,4.057013364285512,-0.02679074378909786,9.773722597839006,0.0037989017294886795,True,Cruise
1,141,1675391826.513256,49.98465800890406,-0.00020455988127912183,False,False,False,False,100000,False,True,False,4.0572722358933335,-0.01866495118875155,9.773937170905727,0.002717814955950753,True,Cruise
1,142,1675391826.6134086,49.90438915715214,-0.0012748112379714737,False,False,False,False,100000,False,True,False,4.057530283541027,-0.011871064629094763,9.774157552837693,0.0018855319339070537,True,Cruise
1,143,1675391826.7133093,49.90438915715214,-0.0012748112379714737,False,False,False,False,100000,False,True,False,4.057569197879272,-0.020870331159519747,9.774204462497709,0.008999472924985728,True,Cruise
1,144,1675391826.8132775,49.951012446349026,-0.0006531673820130187,False,False,False,False,100000,False,True,False,4.057606091131689,-0.02657855431197387,9.774256879189299,0.000921975968206422,True,Cruise
1,145,1675391826.913344,49.83972374995809,-0.0021370166672254765,False,False,False,False,100000,False,True,False,4.0576074733379714,-0.025656604130229386,9.774263634767532,0.010738125604745505,True,Cruise
1,146,1675391827.0133498,49.83972374995809,-0.0021370166672254765,False,False,False,False,100000,False,True,False,4.057587883116185,-0.015716140894716214,9.774241827784964,0.010738125604745505,True,Cruise
1,147,1675391827.1132362,49.896295255136394,-0.0013827299315147669,False,False,False,False,100000,False,True,False,4.057419199763668,-0.036655487504295876,9.77414581965007,0.020940246132065823,True,Cruise
1,148,1675391827.2132533,49.959856487636245,-0.0005352468315167186,False,False,False,False,100000,False,True,False,4.0573566347799535,-0.03969514496999115,9.77409870002252,0.0030406663982167808,True,Cruise
1,149,1675391827.313343,49.954159344125834,-0.0006112087449888865,False,False,False,False,100000,False,True,False,4.057138777735119,-0.03275225542255317,9.773867204243478,0.003384715372878805,True,Cruise
1,150,1675391827.4134195,49.954159344125834,-0.0006112087449888865,False,False,False,False,100000,False,True,False,4.057092681679596,-0.025289885785571037,9.773804610185584,0.00746277451497573,True,Cruise
1,151,1675391827.5132816,49.948644654245086,-0.0006847379433988843,False,False,False,False,100000,False,True,False,4.0569067126661285,-0.01861373957540066,9.773630273645585,0.006107897993703493,True,Cruise
1,152,1675391827.6133924,49.97781768347668,-0.000295764220310863,False,False,False,False,100000,False,True,False,4.056841169410051,-0.01753463740416461,9.773577886381194,0.0010823593857190077,True,Cruise
1,153,1675391827.7134054,49.97781768347668,-0.000295764220310863,False,False,False,False,100000,False,True,False,4.056721138211521,-0.014648183121190633,9.773484235019893,0.001097395813304549,True,Cruise
1,154,1675391827.8132484,49.94777661251076,-0.0006963118331898584,False,False,False,False,100000,False,True,False,4.056598923405335,-0.00513337110269261,9.77337531951821,0.003829779224311535,True,Cruise
1,155,1675391827.9133098,49.94777661251076,-0.0006963118331898584,False,False,False,False,100000,False,True,False,4.056598923405335,-0.00513337110269261,9.77337531951821,0.003829779224311535,True,Cruise
1,156,1675391828.0132587,49.96676929503949,-0.0004430760661400864,False,False,False,False,100000,False,True,False,4.056535584643433,-0.004989972877471432,9.773328705251432,0.0001635473620184864,True,Cruise
1,157,1675391828.1132886,49.98934333628365,-0.00014208884955128112,False,False,False,False,100000,False,True,False,4.056479836721615,-0.007129295930009886,9.773295408915242,0.0003598922338627267,True,Cruise
1,158,1675391828.2132354,49.996429719713575,-4.760373715232059e-05,False,False,False,False,100000,False,True,False,4.0564819754775465,-0.003740799490111483,9.773294206358951,0.0027903716183010517,True,Cruise
1,159,1675391828.313289,49.996429719713575,-4.760373715232059e-05,False,False,False,False,100000,False,True,False,4.05650400686465,0.0005557930809029683,9.773307972587585,0.0011516125580636862,True,Cruise
1,160,1675391828.413388,49.88552449627377,-0.001526340049683152,False,False,False,False,100000,False,True,False,4.05650400686465,0.0005557930809029683,9.773307972587585,0.001238950319147758,True,Cruise
1,161,1675391828.5132477,49.88552449627377,-0.001526340049683152,False,False,False,False,100000,False,True,False,4.056566221423122,0.006049458939464917,9.773370218848232,0.015403586117735447,True,Cruise
1,162,1675391828.6132488,49.95054373203663,-0.0006594169061782662,False,False,False,False,100000,False,True,False,4.056591217662975,-0.024830243952691126,9.773435515705692,0.009722482272806773,True,Cruise
1,163,1675391828.7132525,49.9450959578127,-0.0007320538958307078,False,False,False,False,100000,False,True,False,4.056625584473977,-0.016937247929912636,9.773455321161261,0.004559476627544442,True,Cruise
1,164,1675391828.8132403,49.97469804716596,-0.00033735937112062443,False,False,False,False,100000,False,True,False,4.056659244630172,-0.012377939406777661,9.773475318708055,0.004559476627544442,True,Cruise
1,165,1675391828.9132588,49.97469804716596,-0.00033735937112062443,False,False,False,False,100000,False,True,False,4.056736526415675,-0.018430815319782745,9.773533424289958,0.00605364811921341,True,Cruise
1,166,1675391829.0132706,49.95687409681222,-0.0005750120425037484,False,False,False,False,100000,False,True,False,4.056776076660766,-0.022471710630872357,9.773567078821776,0.0022813581694379214,True,Cruise
1,167,1675391829.1132684,49.96304636522329,-0.0004927151303561279,False,False,False,False,100000,False,True,False,4.056800061503603,-0.01891350549140982,9.773581064977012,0.0007356545746641196,True,Cruise
1,168,1675391829.2132304,49.96304636522329,-0.0004927151303561279,False,False,False,False,100000,False,True,False,4.056848553114457,-0.014852549669913905,9.773614494822755,0.0009952638823625278,True,Cruise
1,169,1675391829.3133187,49.96304636522329,-0.0004927151303561279,False,False,False,False,100000,False,True,False,4.05686152385604,-0.017225951294776623,9.773628848335967,0.0023734804689273773,True,Cruise
1,170,1675391829.4132566,49.99634974888994,-4.8670014800816124e-05,False,False,False,False,100000,False,True,False,4.056867030886207,-0.01624186630183824,9.773633217914846,0.0009841101025430908,True,Cruise
1,171,1675391829.5133255,49.979122331723715,-0.0002783689103504179,False,False,False,False,100000,False,True,False,4.05687148030087,-0.016466688844275004,9.77363586613279,0.005802601453416608,True,Cruise
1,172,1675391829.6133082,49.979122331723715,-0.0002783689103504179,False,False,False,False,100000,False,True,False,4.056883679921196,-0.0069670275256841635,9.773634248818038,0.0008601915968895218,True,Cruise
1,173,1675391829.713283,49.97845510215597,0.0002872653045870146,False,False,False,False,100000,False,True,False,4.056880085286243,-0.007685261725796968,9.773631574039921,0.0007182481758070066,True,Cruise
1,174,1675391829.8132534,49.92131857870453,-0.001049085617272959,False,False,False,False,100000,False,True,False,4.056875482719892,-0.008981911784847833,9.773627788917288,0.0012966637522530563,True,Cruise
1,175,1675391829.9132612,49.92131857870453,-0.001049085617272959,False,False,False,False,100000,False,True,False,4.056865451447033,0.005368267093269869,9.773610562329816,0.005001830307241041,True,Cruise
1,176,1675391830.0132813,49.97789354325209,-0.00029475275663882816,False,False,False,False,100000,False,True,False,4.056856582442598,0.010370085237272867,9.773604003555713,0.014051191083156871,True,Cruise
1,177,1675391830.1133904,49.97789354325209,-0.00029475275663882816,False,False,False,False,100000,False,True,False,4.0568082565848345,-0.016709454653405585,9.773584586009925,0.004366384411302122,True,Cruise
1,178,1675391830.213408,49.95289787288117,0.0006280283615844078,False,False,False,False,100000,False,True,False,4.056801238797893,-0.0034777028480933404,9.773568649279772,0.004940120369053118,True,Cruise
1,179,1675391830.3133311,49.986853621575044,0.0001752850456661028,False,False,False,False,100000,False,True,False,4.056801238797893,-0.0034777028480933404,9.773568649279772,0.004940120369053118,True,Cruise
1,180,1675391830.413264,49.970628073502525,0.0003916256866329708,False,False,False,False,100000,False,True,False,4.05678474015395,0.008235018419373753,9.773541586564937,0.006819909802963288,True,Cruise
1,181,1675391830.5132504,49.970628073502525,0.0003916256866329708,False,False,False,False,100000,False,True,False,4.056765923296148,0.0009825096873272235,9.773532356925076,0.002216102742659567,True,Cruise
1,182,1675391830.6133306,49.9334553388355,-0.0008872621488599374,False,False,False,False,100000,False,True,False,4.056751026804179,0.005903376865010927,9.77352521048942,0.002704792936673116,True,Cruise
1,183,1675391830.7132583,49.9334553388355,-0.0008872621488599374,False,False,False,False,100000,False,True,False,4.05674513831802,0.00793484982889166,9.773522485980628,0.002031483325108962,True,Cruise
1,184,1675391830.8132365,49.97676639438527,-0.00030978140819631537,False,False,False,False,100000,False,True,False,4.056728069368869,-0.011413036117296315,9.773517745571887,0.008630123976149345,True,Cruise
1,185,1675391830.913345,49.91533787504273,-0.0011288283327636139,False,False,False,False,100000,False,True,False,4.056724245843625,-0.013671811685350832,9.773517810282229,0.0022587788051008305,True,Cruise
1,186,1675391831.0133798,49.99211361166023,0.00010515184453021065,False,False,False,False,100000,False,True,False,4.056729434413582,-0.0029780843720473627,9.773518398279457,0.004872028892423728,True,Cruise
1,187,1675391831.1133559,49.99211361166023,0.00010515184453021065,False,False,False,False,100000,False,True,False,4.056719464804037,-0.02623454294736117,9.773521946978605,0.012352232487687432,True,Cruise
1,188,1675391831.2133088,49.92897300645295,-0.0009470265806273232,False,False,False,False,100000,False,True,False,4.142658894037693,0.20004718653105175,9.774936881007896,0.24205579652438686,True,Cruise
1,189,1675391831.3132687,49.92897300645295,-0.0009470265806273232,False,False,False,False,100000,False,True,False,4.134201676914813,0.12377586041660676,9.775790829234154,0.07674352699930251,True,Cruise
1,190,1675391831.4133382,49.92897300645295,-0.0009470265806273232,False,False,False,False,100000,False,True,False,4.095348694524491,0.046574983463111744,9.777877662703464,0.03266786151668253,True,Cruise
1,191,1675391831.5133154,49.92897300645295,-0.0009470265806273232,False,False,False,False,100000,False,True,False,4.116711669067223,0.03176366731327711,9.778861156986256,0.06483191973173555,True,Cruise
1,192,1675391831.6134453,49.98901374523791,-0.00014648339682778934,False,False,False,False,100000,False,True,False,4.100112427427093,-0.009626080654962257,9.779171079637413,0.04459531491033014,True,Cruise
1,193,1675391831.7134109,49.98901374523791,-0.00014648339682778934,False,False,False,False,100000,False,True,False,4.077606454107729,-0.08080375003754287,9.777499473904697,0.01585455449706859,True,Cruise
1,194,1675391831.813354,49.98901374523791,-0.00014648339682778934,False,False,False,False,100000,False,True,False,4.079076838209347,-0.11020516121184117,9.774021057928973,0.003097486078487912,True,Cruise
1,195,1675391831.9132962,49.91038587161455,-0.0011948550451393047,False,False,False,False,100000,False,True,False,4.079076838209347,-0.11020516121184117,9.774021057928973,0.002411686578337742,True,Cruise
1,196,1675391832.0132346,49.973365304675774,-0.00035512927098966027,False,False,False,False,100000,False,True,False,4.081374864977161,-0.10769644857297651,9.771258889808653,0.001572862606710564,True,Cruise
1,197,1675391832.113272,49.973365304675774,-0.00035512927098966027,False,False,False,False,100000,False,True,False,4.079337709867152,-0.10986828505916349,9.7701988459814,0.003160785911868594,True,Cruise
1,198,1675391832.213277,49.909773289785576,-0.0012030228028589902,False,False,False,False,100000,False,True,False,4.077843117541115,-0.09972918398174815,9.769801470032075,0.010256367998672616,True,Cruise
1,199,1675391832.3132646,49.909773289785576,-0.0012030228028589902,False,False,False,False,100000,False,True,False,4.072194554811382,-0.06413370378447798,9.769169845044738,0.011938310889705497,True,Cruise
1,200,1675391832.413267,49.93651149450858,-0.0008465134065523054,False,False,False,False,100000,False,True,False,4.06584030108743,-0.05509230284599049,9.76928828074923,0.004150304770350412,True,Cruise
1,201,1675391832.5134363,49.93651149450858,-0.0008465134065523054,False,False,False,False,100000,False,True,False,4.0647143639599514,-0.05525732337403717,9.769238209012022,0.0011390668850330896,True,Cruise
1,202,1675391832.613334,49.864648903835494,-0.0018046812821933605,False,False,False,False,100000,False,True,False,4.064346523363743,-0.04520186493314886,9.769116762773603,0.010062917089466508,True,Cruise
1,203,1675391832.7132576,49.978151557304585,-0.0002913125692722302,False,False,False,False,100000,False,True,False,4.024499377680438,0.23038371294084403,9.795982855910525,0.06659618323946781,True,Cruise
1,204,1675391832.8132784,49.978151557304585,-0.0002913125692722302,False,False,False,False,100000,False,True,False,4.0335461287145025,0.11837437754174485,9.78922712251533,0.1285124669478278,True,Cruise
1,205,1675391832.9132667,49.9110723054913,-0.001185702593449336,False,False,False,False,100000,False,True,False,4.121060006239708,0.090645729742085,9.795836090669317,0.05948333058149563,True,Cruise
1,206,1675391833.0132332,49.9110723054913,-0.001185702593449336,False,False,False,False,100000,False,True,False,4.107016571848896,0.03290607508618009,9.793156380275397,0.05948333058149563,True,Cruise
1,207,1675391833.1132464,49.89657950030972,-0.001378939995870433,False,False,False,False,100000,False,True,False,3.953586303173138,-0.014717587123378034,9.775584827902245,0.056884486399213896,True,Cruise
1,208,1675391833.21344,49.965614579464855,-0.00045847227380191004,False,False,False,False,100000,False,True,False,4.0140614049825345,-0.09049316150008443,9.76510261886697,0.04623408479855973,True,Cruise
1,209,1675391833.3137784,49.998580180223016,-1.8930930359800413e-05,False,False,False,False,100000,False,True,False,4.028668647848409,-0.12740925577728415,9.761971828916035,0.01761874056137419,True,Cruise
1,210,1675391833.4132898,49.998580180223016,-1.8930930359800413e-05,False,False,False,False,100000,False,True,False,4.0326108830062966,-0.1592952233783939,9.759173240069453,0.015206407334326865,True,Cruise
1,211,1675391833.5133417,49.99512957582765,-6.493898896469031e-05,False,False,False,False,100000,False,True,False,4.018780592827367,-0.18524284231228014,9.758924104958652,0.02940438611967599,True,Cruise
1,212,1675391833.6133006,49.977449064908875,0.00030067913454832884,False,False,False,False,100000,False,True,False,4.015727990816031,-0.18124812730237702,9.75913994078829,0.005032167739186972,True,Cruise
1,213,1675391833.7132573,49.977449064908875,0.00030067913454832884,False,False,False,False,100000,False,True,False,4.014742885535102,-0.15334524530031168,9.760067910749438,0.015893634861312924,True,Cruise
1,214,1675391833.8132355,49.913310575540976,-0.0011558589927869996,False,False,False,False,100000,False,True,False,4.0163401002775325,-0.13691100178500004,9.76048640368495,0.01990720229901242,True,Cruise
1,215,1675391833.9132946,49.913310575540976,-0.0011558589927869996,False,False,False,False,100000,False,True,False,4.018480864421189,-0.11712518110621638,9.760971308131266,0.01990720229901242,True,Cruise
1,216,1675391834.0132768,49.98130225733257,-0.0002493032355657481,False,False,False,False,100000,False,True,False,4.0164964733971615,-0.03981620287497967,9.749018837117328,0.07825265162429387,True,Cruise
1,217,1675391834.1133108,49.896788323417844,-0.0013761556877620893,False,False,False,False,100000,False,True,False,4.01976832303683,-0.027643044566812568,9.751058668304081,0.012769169688384131,True,Cruise
1,218,1675391834.2133358,49.896788323417844,-0.0013761556877620893,False,False,False,False,100000,False,True,False,4.0281032909784145,0.008078687289322265,9.756209348780972,0.10019614953846862,True,Cruise
1,219,1675391834.3134322,49.98192476977334,-0.00024100306968875184,False,False,False,False,100000,False,True,False,4.0471487562022155,-0.08302539976191252,9.774099224990303,0.00809348585054761,True,Cruise
1,220,1675391834.413802,49.99485670901777,-6.857721309636567e-05,False,False,False,False,100000,False,True,False,4.021676404685694,0.2644243714143793,9.735253244653885,0.3505412876831147,True,Cruise
1,221,1675391834.5134354,49.9573856198457,-0.0005681917353906216,False,False,False,False,100000,False,True,False,4.042248560484426,0.1776304880407688,9.756492310830183,0.06114880165773118,True,Cruise
1,222,1675391834.6134162,49.9573856198457,-0.0005681917353906216,False,False,False,False,100000,False,True,False,4.053663785635376,0.11422163702608534,9.766801062224514,0.03064590782531062,True,Cruise
1,223,1675391834.7133071,49.98288600211185,0.0002281866385086657,False,False,False,False,100000,False,True,False,4.0679718122462845,0.018865878456756014,9.780073953160734,0.033225817156404075,True,Cruise
1,224,1675391834.813276,49.98288600211185,0.0002281866385086657,False,False,False,False,100000,False,True,False,4.0679718122462845,0.018865878456756014,9.780073953160734,0.033225817156404075,True,Cruise
1,225,1675391834.913333,49.98880345809904,0.00014928722534614117,False,False,False,False,100000,False,True,False,4.0679718122462845,0.018865878456756014,9.780073953160734,0.033225817156404075,True,Cruise
1,226,1675391835.0135162,49.98880345809904,0.00014928722534614117,False,False,False,False,100000,False,True,False,4.079917458861432,-0.03677994216483286,9.79205979162749,0.014095358386005253,True,Cruise
1,227,1675391835.113307,49.99876369137725,-1.6484114970020876e-05,False,False,False,False,100000,False,True,False,4.082802527446064,-0.056491541966749034,9.79530474707738,0.007907542170030462,True,Cruise
1,228,1675391835.2137108,49.95303778084288,-0.000626162922094923,False,False,False,False,100000,False,True,False,4.082802527446064,-0.056491541966749034,9.79530474707738,0.006889403000300679,True,Cruise
1,229,1675391835.313763,49.95303778084288,-0.000626162922094923,False,False,False,False,100000,False,True,False,4.083818087268709,-0.06639773425525594,9.796772155464105,0.001901446994644402,True,Cruise
1,230,1675391835.413318,49.95303778084288,-0.000626162922094923,False,False,False,False,100000,False,True,False,4.08369020607658,-0.06450422839459952,9.796889554909596,0.001901446994644402,True,Cruise
1,231,1675391835.513321,49.899896670865104,0.0013347110551320109,False,False,False,False,100000,False,True,False,4.08369020607658,-0.06450422839459952,9.796889554909596,0.009074569803151864,True,Cruise
1,232,1675391835.6133509,49.92795925925758,-0.0009605432098989649,False,False,False,False,100000,False,True,False,4.079716416174286,-0.06701513793547456,9.793958183635377,0.0027820584195441425,True,Cruise
1,233,1675391835.7133994,49.92795925925758,-0.0009605432098989649,False,False,False,False,100000,False,True,False,4.078053329298101,-0.06837075475575785,9.792556034883226,0.5021361153571923,True,Cruise
1,234,1675391835.8133523,49.95769076087925,0.0005641231882766574,False,False,False,False,100000,False,True,False,2.6291845181293927,-0.04216867699918225,9.921810118481645,0.7949916665369545,True,Cruise
1,235,1675391835.913398,49.95769076087925,0.0005641231882766574,False,False,False,False,100000,False,True,False,1.2750244651241012,-0.04372570736448449,10.009840524572589,0.5620861542498143,True,Cruise
1,236,1675391836.013345,49.968781274005906,0.0004162496799213222,False,False,False,False,100000,False,True,False,0.8863790301971599,-0.0175182508368977,9.994550483277411,0.3898280264809149,True,Cruise
1,237,1675391836.1133037,49.968781274005906,0.0004162496799213222,False,False,False,False,100000,False,True,False,0.7762134913069265,-0.016091302577996004,9.974940600530061,0.15843535511412019,True,Cruise
1,238,1675391836.2133172,49.9316323055368,0.0009115692595092343,False,False,False,False,100000,False,True,False,0.46733266583061495,-0.014672502646374054,9.941431008439807,0.14408255921870064,True,Cruise
1,239,1675391836.3134794,49.9916883302682,0.00011082226309072984,False,False,False,False,100000,False,True,False,-0.06616532124160224,-0.0014673252172681412,9.9255327274659,0.10995158675661584,True,Cruise
1,240,1675391836.4135165,49.9916883302682,0.00011082226309072984,False,False,False,False,100000,False,True,False,-0.22685907542200087,0.008139629814685677,9.868804633195884,0.06284683051985734,True,Cruise
1,241,1675391836.5132484,49.91363109008082,0.0011515854655891218,False,False,False,False,100000,False,True,False,-0.09025226219245254,0.026866019146912154,9.769677962658763,0.16981812591690484,True,Cruise
1,242,1675391836.613346,49.91363109008082,0.0011515854655891218,False,False,False,False,100000,False,True,False,-0.241582056927874,0.03082925472336336,9.757957479840318,0.15183472504139728,True,Cruise
1,243,1675391836.7134109,49.91363109008082,0.0011515854655891218,False,False,False,False,100000,False,True,False,-0.4548427565198466,0.048459615431191476,9.732229618976527,0.05656607612994735,True,Cruise
1,244,1675391836.8133733,49.91363109008082,0.0011515854655891218,False,False,False,False,100000,False,True,False,-1.0397643667894334,0.049820696816199675,9.729893756185444,0.04418254081314652,True,Cruise
1,245,1675391836.9133477,49.99973731763904,3.5024314795235596e-06,False,False,False,False,100000,False,True,False,-1.0397643667894334,0.049820696816199675,9.729893756185444,0.04418254081314652,True,Cruise
1,246,1675391837.0132484,49.99973731763904,3.5024314795235596e-06,False,False,False,False,100000,False,True,False,-0.5534332525536657,0.04829911851482223,9.651209859603767,0.09067854783189742,True,Cruise
1,247,1675391837.1132724,49.99973731763904,3.5024314795235596e-06,False,False,False,False,100000,False,True,False,0.15129687034343126,0.05604902384749638,9.587144724886773,0.644072805263725,True,Cruise
1,248,1675391837.2133026,49.991054137374576,-0.00011927816833901683,False,False,False,False,100000,False,True,False,0.04293998178943684,0.05642848844708386,9.624516404838799,0.09943847367481029,True,Cruise
1,249,1675391837.313268,49.991054137374576,-0.00011927816833901683,False,False,False,False,100000,False,True,False,-0.05385242558168978,0.05226323294250284,9.646919319128225,0.09943847367481029,True,Cruise
1,250,1675391837.413329,49.991054137374576,-0.00011927816833901683,False,False,False,False,100000,False,True,False,-0.15218181022096838,0.030171089516417775,9.70284405364188,0.057158894387302456,True,Cruise
1,251,1675391837.513262,49.990745383906344,0.00012339488124873867,False,False,False,False,100000,False,True,False,0.025852605234192784,0.009131753427653879,9.740838260714364,0.061946540839697355,True,Cruise
1,252,1675391837.6132655,49.990745383906344,0.00012339488124873867,False,False,False,False,100000,False,True,False,0.0787893225652643,0.002745909715994842,9.754664135260203,0.0445345855516626,True,Cruise
1,253,1675391837.713351,49.990745383906344,0.00012339488124873867,False,False,False,False,100000,False,True,False,0.15661576358116475,-0.004728435753952914,9.783993295455724,0.03909221905835716,True,Cruise
1,254,1675391837.8133087,49.990745383906344,0.00012339488124873867,False,False,False,False,100000,False,True,False,0.2252031396112903,-0.014501295024338268,9.826327283948652,0.03909221905835716,True,Cruise
1,255,1675391837.9132545,49.976354717845155,-0.0003152704287312278,False,False,False,False,100000,False,True,False,0.2464809749982614,-0.015359056568256525,9.850380462582313,0.014332096353189503,True,Cruise
1,256,1675391838.0132601,49.976354717845155,-0.0003152704287312278,False,False,False,False,100000,False,True,False,0.1519730037480073,-0.021404728872498887,9.870172930582333,0.09674734400995695,True,Cruise
1,257,1675391838.1132658,49.976354717845155,-0.0003152704287312278,False,False,False,False,100000,False,True,False,0.18281725872636342,-0.01812975766428028,9.88140525121258,0.018701977011770298,True,Cruise
1,258,1675391838.2132797,49.94190224001863,-0.0007746367997516183,False,False,False,False,100000,False,True,False,0.2011416618055299,-0.016539951405663063,9.884789436786848,0.018701977011770298,True,Cruise
1,259,1675391838.3132052,49.95370171830953,-0.0006173104225395809,False,False,False,False,100000,False,True,False,-0.04423281274567215,-0.024129232789662246,9.91297647302779,0.25100000771981035,True,Cruise
1,260,1675391838.4132552,49.95370171830953,-0.0006173104225395809,False,False,False,False,100000,False,True,False,0.04084549264905533,-0.02186563882115978,9.898448331429623,0.03368307617757993,True,Cruise
1,261,1675391838.5132504,49.95370171830953,-0.0006173104225395809,False,False,False,False,100000,False,True,False,0.09273847933629545,-0.024048105072273313,9.88436970069347,0.009284810987281197,True,Cruise
1,262,1675391838.6133628,49.986202446947516,-0.000183967374033152,False,False,False,False,100000,False,True,False,0.093879463070408,-0.028148636910215772,9.870942463527328,0.008473413672976398,True,Cruise
1,263,1675391838.7133336,49.986202446947516,-0.000183967374033152,False,False,False,False,100000,False,True,False,0.29091467759647394,-0.02631220977707397,9.836330511941778,0.20006057937661934,True,Cruise
1,264,1675391838.8133073,49.986202446947516,-0.000183967374033152,False,False,False,False,100000,False,True,False,0.18900816317377062,-0.03071214679868284,9.833992711220526,0.06809109436619841,True,Cruise
1,265,1675391838.9132676,49.986202446947516,-0.000183967374033152,False,False,False,False,100000,False,True,False,0.03933417736495099,-0.03110479396380027,9.825587821670217,0.03383195608087395,True,Cruise
1,266,1675391839.0133,49.051521643943474,-0.012646378080753709,False,False,False,False,100000,False,True,False,0.020184231148734903,-0.029267140835799628,9.820155545633007,0.01999017338712358,True,Cruise
1,267,1675391839.1132703,49.051521643943474,-0.012646378080753709,False,False,False,False,100000,False,True,False,0.010973556120605119,-0.027001664706458983,9.814149585849727,0.011226774669726295,True,Cruise
1,268,1675391839.213334,49.051521643943474,-0.012646378080753709,False,False,False,False,100000,False,True,False,-1.8891620841451895,-0.21862590411387758,9.963270012264733,1.915586646985974,True,Cruise
1,269,1675391839.313261,49.051521643943474,-0.012646378080753709,False,False,False,False,100000,False,True,False,-2.565463147333039,-0.23177400140657628,10.002566996548643,0.27809316216106017,True,Cruise
1,270,1675391839.413258,49.94878024731662,-0.0006829300357783798,False,False,False,False,100000,False,True,False,-3.4485008801618293,-0.391337101940464,9.993561463476297,0.27809316216106017,True,Cruise
1,271,1675391839.51325,49.94878024731662,-0.0006829300357783798,False,False,False,False,100000,False,True,False,-1.2649184535123101,-0.5883725224471396,9.723795271228466,1.8563964055747204,True,Cruise
1,272,1675391839.6132603,49.94878024731662,-0.0006829300357783798,False,False,False,False,100000,False,True,False,2.2012818763803956,-0.4298728641086712,9.41846541060901,1.8563964055747204,True,Cruise
1,273,1675391839.713301,49.94878024731662,-0.0006829300357783798,False,False,False,False,100000,False,True,False,2.3698659234843706,-0.39495443458732027,9.453913077361884,0.23007466528302836,True,Cruise
1,274,1675391839.8134236,49.063581960034895,-0.012485573866201345,False,False,False,False,100000,False,True,False,2.024301356234995,-0.36385809598590724,9.513803781219798,0.5626482372380275,True,Cruise
1,275,1675391839.9132724,49.063581960034895,-0.012485573866201345,False,False,False,False,100000,False,True,False,0.8827727627990818,-0.4935384544981978,9.676199114197768,1.376561539968018,True,Cruise
1,276,1675391840.0133646,49.063581960034895,-0.012485573866201345,False,False,False,False,100000,False,True,False,-0.48448320781867393,-0.45050040330864966,9.830083844691167,1.376561539968018,True,Cruise
1,277,1675391840.1132796,49.063581960034895,-0.012485573866201345,False,False,False,False,100000,False,True,False,-2.6899335486009326,-0.5939138578515096,10.043096866650087,2.2203497859852104,True,Cruise
1,278,1675391840.2133586,49.57550020793941,0.0056599972274745565,False,False,False,False,100000,False,True,False,-2.8857753427652266,-0.5502804046805535,10.05298304685089,0.36424893682538717,True,Cruise
1,279,1675391840.3132749,49.57550020793941,0.0056599972274745565,False,False,False,False,100000,False,True,False,-1.4932115831999637,-0.5210462477684965,9.89023149916564,0.6440000239118097,True,Cruise
1,280,1675391840.413312,49.57550020793941,0.0056599972274745565,False,False,False,False,100000,False,True,False,1.3625043377536883,-0.22053477170135885,9.628600529425022,1.2932941960507034,True,Cruise
1,281,1675391840.5133066,49.57550020793941,0.0056599972274745565,False,False,False,False,100000,False,True,False,1.3625043377536883,-0.22053477170135885,9.628600529425022,1.2932941960507034,True,Cruise
1,282,1675391840.613247,49.03239424230458,-0.01290141010260555,False,False,False,False,100000,False,True,False,1.351975513967375,-0.12368693830883078,9.705276146827696,1.5109345828378982,True,Cruise
1,283,1675391840.7133062,49.03239424230458,-0.01290141010260555,False,False,False,False,100000,False,True,False,-1.4334445549326218,-0.3608733735444977,9.982442837612538,1.3098706675405483,True,Cruise
1,284,1675391840.8133266,49.26189982248146,-0.009841335700247181,False,False,False,False,100000,False,True,False,-1.8679207878457342,-0.4613435743961449,9.99152013993895,0.11180223513676253,True,Cruise
1,285,1675391840.9133015,49.85967581485628,0.0018709891352495832,False,True,False,False,100000,False,True,False,-1.8679207878457342,-0.4613435743961449,9.99152013993895,0.11180223513676253,True,Cruise
1,286,1675391841.0132587,49.425744794292406,-0.007656736076101205,False,True,False,False,100000,False,True,False,2.0831295118826785,0.16719290839680892,9.625109473364736,2.882670752005542,True,Cruise
1,287,1675391841.113169,49.56727721077652,-0.005769637189646471,False,True,False,False,100000,False,True,False,1.9774321866539792,0.05080512966937397,9.652538320825995,0.6405451140311295,True,Cruise
1,288,1675391841.2132745,49.04778316274702,0.01269622449670645,False,True,False,False,100000,False,True,False,0.7537512481941848,-0.2548426173098145,9.782769225427847,0.5769335643227628,True,Cruise
1,289,1675391841.3134086,49.96114172833418,0.0005181102888776122,False,True,False,False,100000,False,True,False,2.0273360053328067,-0.4669825591231087,9.677964696855073,0.7199033508020919,True,Cruise
1,290,1675391841.413191,49.524694555338904,0.006337405928814606,False,True,False,False,100000,False,True,False,1.2335067539398503,-0.48786357883496184,9.767859730038015,0.7991758344333684,True,Cruise
1,291,1675391841.5131946,48.384194051154516,0.02154407931793975,False,True,False,False,100000,False,True,False,0.6639397391102922,-0.4222280670885226,9.861715490784432,0.6246680349470787,True,Cruise
1,292,1675391841.613162,49.27526679925833,0.009663109343222266,False,True,False,False,100000,False,True,False,-1.020213406077986,-0.3144119726342105,10.014508281750658,1.1332122490576104,True,Cruise
1,293,1675391841.713162,49.27526679925833,0.009663109343222266,False,True,False,False,100000,False,True,False,-2.0748851573698253,-0.029631564410086554,10.076127813764385,0.20768183997655407,True,Cruise
1,294,1675391841.8132236,49.27526679925833,0.009663109343222266,False,True,False,False,100000,False,True,False,-1.5579134210164882,-0.07967668030255691,10.005281545633691,0.5241979430720053,True,Cruise
1,295,1675391841.913278,49.27526679925833,0.009663109343222266,False,True,False,False,100000,False,True,False,-0.07298533153884408,0.14617054172498767,9.823867180992346,0.5241979430720053,True,Cruise
1,296,1675391842.0131702,48.51757364683758,0.019765684708832193,False,True,False,False,100000,False,True,False,-0.008515097124328838,0.5194340216050944,9.788369529930549,0.06704086617210774,True,Cruise
1,297,1675391842.1133568,48.51757364683758,0.019765684708832193,False,True,False,False,100000,False,True,False,-0.008515097124328838,0.5194340216050944,9.788369529930549,0.499821005669517,True,Cruise
1,298,1675391842.213244,48.51757364683758,0.019765684708832193,False,True,False,False,100000,False,True,False,-2.1851915154954837,1.0398209910178597,9.992346009637943,1.0040182282033705,True,Cruise
1,299,1675391842.313213,48.51757364683758,0.019765684708832193,False,True,False,False,100000,False,True,False,-2.1851915154954837,1.0398209910178597,9.992346009637943,1.2529317542797123,True,Cruise
1,300,1675391842.4133315,49.07510816451624,0.012331891139783542,False,True,False,False,100000,False,True,False,-2.1023112240226323,1.2904983793201792,9.803664145124214,0.8171023247965229,True,Cruise
1,301,1675391842.5132427,49.07510816451624,0.012331891139783542,False,True,False,False,100000,False,True,False,-0.041315724018938786,1.3275898590481956,9.575793309280979,0.6549544228648086,True,Cruise
1,302,1675391842.6132424,49.07510816451624,0.012331891139783542,False,True,False,False,100000,False,True,False,1.1023035280322218,1.2214259556625984,9.473617545180952,0.7848692967348435,True,Cruise
1,303,1675391842.7132514,49.07510816451624,0.012331891139783542,False,True,False,False,100000,False,True,False,1.881337924820078,1.1461749560916337,9.414774460268623,0.7848692967348435,True,Cruise
1,304,1675391842.8133032,48.581559556101425,0.01891253925198093,False,True,False,False,100000,False,True,False,0.9257916930098165,1.0816922341849449,9.573685291527271,0.9708137178895856,True,Cruise
1,305,1675391842.9132426,48.581559556101425,0.01891253925198093,False,True,False,False,100000,False,True,False,0.41343565024261847,1.081945789244551,9.641455153001473,1.2952889646707284,True,Cruise
1,306,1675391843.0132017,48.581559556101425,0.01891253925198093,False,True,False,False,100000,False,True,False,-2.498293389883683,1.0728677676883538,9.942504035692943,0.6011747397616158,True,Cruise
1,307,1675391843.1132467,48.581559556101425,0.01891253925198093,False,True,False,False,100000,False,True,False,-1.6472465957995515,1.0019122459892658,9.857852276283364,0.7464482066422324,True,Cruise
1,308,1675391843.2131956,48.9948511054823,0.013401985260236053,False,True,False,False,100000,False,True,False,-0.10322826507343638,0.8951668482691758,9.740826194404086,1.5521218667980599,True,Cruise
1,309,1675391843.3132398,48.9948511054823,0.013401985260236053,False,True,False,False,100000,False,True,False,1.9934395455150549,0.9557555173888033,9.580953521701723,0.9598162253036445,True,Cruise
1,310,1675391843.4132266,48.9948511054823,0.013401985260236053,False,True,False,False,100000,False,True,False,2.3676059459122647,0.8410737203254123,9.578318108325266,0.35257087470118925,True,Cruise
1,311,1675391843.513203,49.12777471898518,0.011629670413530972,False,True,False,False,100000,False,True,False,1.3976823581312503,1.2002084186674336,9.700413321916974,0.7323123967031531,True,Cruise
1,312,1675391843.613284,49.12777471898518,0.011629670413530972,False,True,False,False,100000,False,True,False,0.9010275880867158,1.178436018828638,9.771614294533382,0.5022047157327899,True,Cruise
1,313,1675391843.7133114,49.12777471898518,0.011629670413530972,False,True,False,False,100000,False,True,False,1.2021052315335963,1.0123359125304288,9.812515466122642,0.3462800868273794,True,Cruise
1,314,1675391843.8132384,49.12777471898518,0.011629670413530972,False,True,False,False,100000,False,True,False,0.820456498928626,0.9109979023744886,9.884061084749826,0.19052091539849597,True,Cruise
1,315,1675391843.9131808,49.52460222051819,0.0063386370597574284,False,True,False,False,100000,False,True,False,0.5185629872063983,0.7195984037445782,9.94534743783027,0.05471698629895867,True,Cruise
1,316,1675391844.0132172,49.52460222051819,0.0063386370597574284,False,True,False,False,100000,False,True,False,0.5185629872063983,0.7195984037445782,9.94534743783027,0.05471698629895867,True,Cruise
1,317,1675391844.1131878,49.52460222051819,0.0063386370597574284,False,True,False,False,100000,False,True,False,2.656115419490548,0.4455368399837068,9.769831388460881,0.3282611945151774,True,Cruise
1,318,1675391844.213172,49.27668559594549,0.00964419205406017,False,True,False,False,100000,False,True,False,1.6273455918904065,0.4699884546490759,9.88411483110467,0.6130485716638667,True,Cruise
1,319,1675391844.313194,49.27668559594549,0.00964419205406017,False,True,False,False,100000,False,True,False,-0.22346044686907543,0.44726091977795057,10.054558055988485,1.3466965902890224,True,Cruise
1,320,1675391844.413224,49.27668559594549,0.00964419205406017,False,True,False,False,100000,False,True,False,-0.9068481487143834,0.4319101684190268,10.068669727054079,0.16370416589757644,True,Cruise
1,321,1675391844.5132606,49.27668559594549,0.00964419205406017,False,True,False,False,100000,False,True,False,-0.035042913282273144,0.37344103201615175,9.92261202774332,0.8858870469571656,True,Cruise
1,322,1675391844.6132216,49.096763414835095,0.012043154468865449,False,True,False,False,100000,False,True,False,0.06682248518132283,0.37618786604123716,9.891970704843766,0.10640956334062858,True,Cruise
1,323,1675391844.713226,49.096763414835095,0.012043154468865449,False,True,False,False,100000,False,True,False,-1.0086574348160962,0.4157457714353618,9.932959039774426,1.0539229783309867,True,Cruise
1,324,1675391844.8132987,49.096763414835095,0.012043154468865449,False,True,False,False,100000,False,True,False,-1.2558825393353354,0.5148794336981061,9.920837919779487,0.2666358131386411,True,Cruise
1,325,1675391844.9131758,49.096763414835095,0.012043154468865449,False,True,False,False,100000,False,True,False,-1.0637259318705865,0.5244803002206103,9.874288543177292,0.19794742456621547,True,Cruise
1,326,1675391845.0131998,49.47160919547218,0.007045210727037578,False,True,False,False,100000,False,True,False,-1.0637259318705865,0.5244803002206103,9.874288543177292,0.5909709667730213,True,Cruise
1,327,1675391845.1133642,49.47160919547218,0.007045210727037578,False,True,False,False,100000,False,True,False,1.5110379381986059,0.695696083639452,9.541691207194015,0.9185180926464425,True,Cruise
1,328,1675391845.2132802,49.47160919547218,0.007045210727037578,False,True,False,False,100000,False,True,False,1.7741235950727574,0.5687756348500845,9.528658575312683,0.4664054294179154,True,Cruise
1,329,1675391845.3132095,49.47160919547218,0.007045210727037578,False,True,False,False,100000,False,True,False,0.7815413897495427,0.653958182911295,9.643098773228182,0.5364332724813463,True,Cruise
1,330,1675391845.4132342,49.47160919547218,0.007045210727037578,False,True,False,False,100000,False,True,False,0.7815413897495427,0.653958182911295,9.643098773228182,0.5364332724813463,True,Cruise
1,331,1675391845.513256,49.67221846199979,0.00437042050666947,False,True,False,False,100000,False,True,False,0.056901251647262015,0.6037858215870116,9.754531673129135,0.05011773906789717,True,Cruise
