repetition,iteration,time,speed,steering,obstacle_North,obstacle_NorthWest,obstacle_SouthWest,obstacle_West,obstacle_distance,follow_enable,steady_motion_enable,passing_start,accel_x,accel_y,accel_z,accel_diff,success,action
1,1,1675390516.864343,0.0,0.0,False,False,False,False,100000,False,True,False,0.044902702892728026,2.418002524683368e-13,9.796602435507108,0.00033922161204725105,True,Cruise
1,2,1675390516.8645358,0.0,0.0,False,False,False,False,100000,False,True,False,0.044902702892728026,2.418002524683368e-13,9.796602435507108,0.00033922161204725105,True,Cruise
1,3,1675390516.9667487,0.0,0.0,False,False,False,False,100000,False,True,False,0.04406704645697825,2.758757761308248e-13,9.798608082485767,0.0021727727634560127,True,Cruise
1,4,1675390517.0660524,49.75570523669691,0.0032572635107078057,False,False,False,False,100000,False,True,False,1.0295127599391851,-0.009606867821568808,9.706798358909456,0.0010820529090389858,True,Cruise
1,5,1675390517.1647477,49.70700942022639,0.003906541063648074,False,False,False,False,100000,False,True,False,2.612978833306959,0.006606909929530599,9.592526732083272,0.6767189818731909,True,Cruise
1,6,1675390517.2647655,49.70700942022639,0.003906541063648074,False,False,False,False,100000,False,True,False,3.0585029244048507,0.003707172362232956,9.574592811326797,0.44589432575472543,True,Cruise
1,7,1675390517.3648453,49.74841309982266,0.003354492002364499,False,False,False,False,100000,False,True,False,3.7910563449853814,-0.0002960471059984818,9.65943517083042,0.09858006371746245,True,Cruise
1,8,1675390517.4647646,49.74841309982266,0.003354492002364499,False,False,False,False,100000,False,True,False,4.005915230727377,0.003435659991832568,9.70637155513106,0.10708578564874635,True,Cruise
1,9,1675390517.5649023,49.682868194501786,0.004228424073309562,False,False,False,False,100000,False,True,False,4.2275812814692815,0.0022901465090813798,9.750795628761672,0.11113487054692582,True,Cruise
1,10,1675390517.6647623,49.71757085124773,0.003765721983363642,False,False,False,False,100000,False,True,False,4.492144501346342,0.008520941491866676,9.813497102803959,0.27196322355221286,True,Cruise
1,11,1675390517.7647147,49.72492763146232,0.0036676315805023586,False,False,False,False,100000,False,True,False,4.600529963707029,0.006212480720902166,9.850812539245863,0.03758917723579649,True,Cruise
1,12,1675390517.8648458,49.708081621970926,0.003892245040387647,False,False,False,False,100000,False,True,False,4.664982079220225,0.006963996702061864,9.894806119624501,0.015907104835697936,True,Cruise
1,13,1675390517.96477,49.708081621970926,0.003892245040387647,False,False,False,False,100000,False,True,False,4.663819838987355,0.0065795336233064345,9.905412222982035,0.010676518283059655,True,Cruise
1,14,1675390518.0647776,49.68725985226229,0.004169868636502911,False,False,False,False,100000,False,True,False,4.60652385537037,0.008688375657005061,9.923491520329897,0.03356684676055113,True,Cruise
1,15,1675390518.1647818,49.71563587324664,0.003791521690044845,False,False,False,False,100000,False,True,False,4.490723182224054,0.01077363417029998,9.920998977092513,0.046910556988765055,True,Cruise
1,16,1675390518.2647476,49.75413069390782,0.003278257414562475,False,False,False,False,100000,False,True,False,4.395245229223236,0.008244378256745588,9.909073733753791,0.0508980981928334,True,Cruise
1,17,1675390518.3647418,49.70178937172643,0.003976141710314289,False,False,False,False,100000,False,True,False,4.345073770942167,0.008168346595181536,9.900504288451748,0.15323988934550073,True,Cruise
1,18,1675390518.4647477,49.77884499782919,0.0029487333622774618,False,False,False,False,100000,False,True,False,4.195588520706793,0.006413146941210946,9.866836159266068,0.15323988934550073,True,Cruise
1,19,1675390518.5647337,49.7537236879837,0.003283684160217319,False,False,False,False,100000,False,True,False,4.024632359961604,0.012292144138565999,9.812019775787439,0.037451148677217085,True,Cruise
1,20,1675390518.664925,49.7537236879837,0.003283684160217319,False,False,False,False,100000,False,True,False,3.959892969503474,0.003656855230334439,9.784519929644743,0.0334470966180779,True,Cruise
1,21,1675390518.7647665,49.756118998985094,0.0032517466801987582,False,False,False,False,100000,False,True,False,3.8934054311402213,0.006221705035917405,9.74771746281715,0.07603678568118387,True,Cruise
1,22,1675390518.8647408,49.75568241597767,0.0032575677869643807,False,False,False,False,100000,False,True,False,3.8606982060540314,0.006217004838744116,9.712934359538487,0.007359558652441914,True,Cruise
1,23,1675390518.9647355,49.7743699265077,0.003008400979897232,False,False,False,False,100000,False,True,False,3.8650204600426643,0.006447234601280758,9.703113572913521,0.005613698198055523,True,Cruise
1,24,1675390519.0647938,49.78091201676572,0.0029211731097904137,False,False,False,False,100000,False,True,False,3.890839460592063,0.005872056838583345,9.698104972015493,0.0263066094695663,True,Cruise
1,25,1675390519.164809,49.785428538960055,0.002860952813865898,False,False,False,False,100000,False,True,False,3.917050171471529,0.006111752268076692,9.700726781685587,0.0263066094695663,True,Cruise
1,26,1675390519.2647512,49.785428538960055,0.002860952813865898,False,False,False,False,100000,False,True,False,3.947353941294643,0.006632092606698547,9.70736197181987,0.0165489721549692,True,Cruise
1,27,1675390519.3647323,49.71490544469644,0.0038012607373808095,False,False,False,False,100000,False,True,False,3.9792912941005825,0.0066204308579712046,9.717157500988844,0.016862892457257004,True,Cruise
1,28,1675390519.464774,49.77885975973449,0.0029485365368735078,False,False,False,False,100000,False,True,False,4.010680491180749,0.009879237275170908,9.729161706464755,0.0337639224870308,True,Cruise
1,29,1675390519.5648239,49.6947198496352,0.004070402004864019,False,False,False,False,100000,False,True,False,4.039794585552302,0.010443006317109154,9.742385985397817,0.016308969036603345,True,Cruise
1,30,1675390519.6647859,49.6947198496352,0.004070402004864019,False,False,False,False,100000,False,True,False,4.086198881307511,0.005925112073396576,9.768809885313255,0.012001172481806826,True,Cruise
1,31,1675390519.7647388,49.78240947968451,0.0029012069375398547,False,False,False,False,100000,False,True,False,4.094746140970959,0.013254112826565207,9.77482895915344,0.012767112033970823,True,Cruise
1,32,1675390519.8647082,49.807702821797555,0.0025639623760325683,False,False,False,False,100000,False,True,False,4.112703882292154,0.013527202126455693,9.790231568477566,0.02365999630423234,True,Cruise
1,33,1675390519.9647105,49.77225769301366,0.0030365640931512778,False,False,False,False,100000,False,True,False,4.1184635236735865,0.008851148833062093,9.797801184924253,0.0048492886423844115,True,Cruise
1,34,1675390520.0647178,49.807987364819525,0.0025601684690729713,False,False,False,False,100000,False,True,False,4.118780212260788,0.011029480846022859,9.804650331508453,0.002566406011696355,True,Cruise
1,35,1675390520.1646736,49.79198781379695,0.002773495816040631,False,False,False,False,100000,False,True,False,4.117006051724896,0.012534918137254538,9.80573313009172,0.002566406011696355,True,Cruise
1,36,1675390520.2647052,49.76859366428108,0.0030854178095856624,False,False,False,False,100000,False,True,False,4.098693061071898,0.009596180373730626,9.803239697381281,0.005032356762060652,True,Cruise
1,37,1675390520.3646853,49.786630257414,0.002844929901146754,False,False,False,False,100000,False,True,False,4.088827315864028,0.009862105831282149,9.799342112184862,0.0054707761702456476,True,Cruise
1,38,1675390520.464785,49.786630257414,0.002844929901146754,False,False,False,False,100000,False,True,False,4.07864655221975,0.013801004012124713,9.794401543344993,0.0059679738335033684,True,Cruise
1,39,1675390520.564819,49.805539273562545,0.002592809685832786,False,False,False,False,100000,False,True,False,4.07864655221975,0.013801004012124713,9.794401543344993,0.0059679738335033684,True,Cruise
1,40,1675390520.6647024,49.850684378273016,0.0019908749563597172,False,False,False,False,100000,False,True,False,4.055797881870067,0.011375333495042985,9.780281335237436,0.004945036199203549,True,Cruise
1,41,1675390520.7647307,49.850684378273016,0.0019908749563597172,False,False,False,False,100000,False,True,False,4.0487581447674765,0.013829407297405406,9.774933543101243,0.00475634967252173,True,Cruise
1,42,1675390520.8647208,49.82564970495399,0.002324670600613451,False,False,False,False,100000,False,True,False,4.043301087943512,0.008318833284845789,9.770209545101636,0.0038248471036105773,True,Cruise
1,43,1675390520.964682,49.839771558847744,0.0021363792153634253,False,False,False,False,100000,False,True,False,4.038104513179874,0.010930603425619214,9.764727205419206,0.0038248471036105773,True,Cruise
1,44,1675390521.0646796,49.877002258794725,0.0016399698827369788,False,False,False,False,100000,False,True,False,4.036593298641491,0.010468283281611217,9.762291798792786,0.0018272305161644892,True,Cruise
1,45,1675390521.164716,49.938427592887784,0.0008209654281628935,False,False,False,False,100000,False,True,False,4.037553053471147,0.01040665775623451,9.760382902818447,0.0011391368260206954,True,Cruise
1,46,1675390521.2646964,49.938427592887784,0.0008209654281628935,False,False,False,False,100000,False,True,False,4.037553053471147,0.01040665775623451,9.760382902818447,0.0011391368260206954,True,Cruise
1,47,1675390521.364689,49.957734364105214,0.0005635418119304763,False,False,False,False,100000,False,True,False,4.042267643712905,8.682632424095e-05,9.761855904254345,0.0017820950984165599,True,Cruise
1,48,1675390521.4646738,49.88033694532765,0.0015955073956313776,False,False,False,False,100000,False,True,False,4.0453527633991015,-0.0029678536306450404,9.763506051484807,0.004094618658084647,True,Cruise
1,49,1675390521.5648146,49.85930652116119,0.0018759130511842082,False,False,False,False,100000,False,True,False,4.0502071629468634,0.0043469489754608985,9.766637170526765,0.004204918754910248,True,Cruise
1,50,1675390521.664712,49.96222465276697,0.0005036712964403463,False,False,False,False,100000,False,True,False,4.053336678519652,0.006635133789556062,9.768906809843203,0.004492317897311183,True,Cruise
1,51,1675390521.7646685,49.918071846530516,0.0010923753795931313,False,False,False,False,100000,False,True,False,4.058685027759797,0.0030972319773775554,9.773205357456092,0.011018345290106387,True,Cruise
1,52,1675390521.8647246,49.918071846530516,0.0010923753795931313,False,False,False,False,100000,False,True,False,4.059746271179465,0.0033296440137818377,9.774144281708397,0.002542621388943248,True,Cruise
1,53,1675390521.9647038,49.918071846530516,0.0010923753795931313,False,False,False,False,100000,False,True,False,4.061466437773793,0.007240235294276182,9.775784193725576,0.0020353862375213734,True,Cruise
1,54,1675390522.0646925,49.936234510990204,0.0008502065201305733,False,False,False,False,100000,False,True,False,4.063055470689996,0.008911468361643143,9.77755503620524,0.0029075640426340344,True,Cruise
1,55,1675390522.1646729,49.97836237484994,0.0002885016686675124,False,False,False,False,100000,False,True,False,4.063508959501761,0.001541686032597791,9.778557789861944,0.006426670745274082,True,Cruise
1,56,1675390522.2653246,49.972670571475206,0.00036439238033058815,False,False,False,False,100000,False,True,False,4.063127535883652,0.00044594312222784554,9.778526436442647,0.00028594001185764127,True,Cruise
1,57,1675390522.3647518,49.972670571475206,0.00036439238033058815,False,False,False,False,100000,False,True,False,4.063127535883652,0.00044594312222784554,9.778526436442647,0.00028594001185764127,True,Cruise
1,58,1675390522.46471,49.89992397924197,0.0013343469434404069,False,False,False,False,100000,False,True,False,4.06102490292027,-0.0009440224720078351,9.777298774175609,0.0007965176770382111,True,Cruise
1,59,1675390522.564676,49.983919317616525,-0.00021440909844628654,False,False,False,False,100000,False,True,False,4.059941727851139,0.0036464255688642127,9.77651771396818,0.008941795438921825,True,Cruise
1,60,1675390522.664687,49.93175908828842,0.0009098788228210096,False,False,False,False,100000,False,True,False,4.058858686820939,0.0012327465758451498,9.775667512597533,0.011348885466536025,True,Cruise
1,61,1675390522.7646797,49.99467520428869,7.099727615075214e-05,False,False,False,False,100000,False,True,False,4.057330793613276,-0.0005277245037245533,9.77439880168853,0.006096703493237032,True,Cruise
1,62,1675390522.8646622,49.98476578639934,-0.00020312284800876,False,False,False,False,100000,False,True,False,4.0557080692399055,-0.0007620362743059358,9.772964632002004,0.003985984302908635,True,Cruise
1,63,1675390522.9646893,49.95127473709026,-0.0006496701721298574,False,False,False,False,100000,False,True,False,4.0551475168353806,-0.0015208821738310978,9.772429393413399,0.0007720862983090009,True,Cruise
1,64,1675390523.0646873,49.98915430320911,-0.0001446092905452341,False,False,False,False,100000,False,True,False,4.0551475168353806,-0.0015208821738310978,9.772429393413399,0.007832948958789457,True,Cruise
1,65,1675390523.1647325,49.98136888196785,-0.0002484149070952732,False,False,False,False,100000,False,True,False,4.054536047682101,-0.009798550437946472,9.7717930068951,0.0004997709614931821,True,Cruise
1,66,1675390523.2647233,49.98136888196785,-0.0002484149070952732,False,False,False,False,100000,False,True,False,4.054471037566003,-0.00804070270860887,9.7716880155892,0.0007431588574640051,True,Cruise
1,67,1675390523.3646681,49.87376621819267,-0.0016831170907643425,False,False,False,False,100000,False,True,False,4.0546316202681645,-0.008575541020754163,9.771760355362405,0.0006859242431604264,True,Cruise
1,68,1675390523.4646757,49.95433785626494,-0.0006088285831341297,False,False,False,False,100000,False,True,False,4.0546316202681645,-0.008575541020754163,9.771760355362405,0.0006859242431604264,True,Cruise
1,69,1675390523.564619,49.910305826897016,-0.001195922308039786,False,False,False,False,100000,False,True,False,4.055329524531216,-0.03037561154873018,9.772318072470817,0.009350882343307507,True,Cruise
1,70,1675390523.6646957,49.917319519939994,-0.0011024064008000444,False,False,False,False,100000,False,True,False,4.0557137950736335,-0.014368237483946021,9.772619976529809,0.004611567049372194,True,Cruise
1,71,1675390523.7647493,49.917319519939994,-0.0011024064008000444,False,False,False,False,100000,False,True,False,4.05608090459099,-0.022840987295211525,9.77293539837881,0.0038750919432952204,True,Cruise
1,72,1675390523.864714,49.93101679768419,-0.0009197760308774994,False,False,False,False,100000,False,True,False,4.05660083796018,-0.023418936370364928,9.773384983737913,0.00020704450807419166,True,Cruise
1,73,1675390523.9646914,49.973298720905554,-0.000356017054592653,False,False,False,False,100000,False,True,False,4.057039470059919,-0.0215869045598291,9.773760281024655,0.005954890541346752,True,Cruise
1,74,1675390524.0646996,49.95414429017195,-0.0006114094643739699,False,False,False,False,100000,False,True,False,4.05727733264895,-0.011922061906536318,9.773951654288782,0.0016274656235132866,True,Cruise
1,75,1675390524.1646729,49.96623621772928,0.00045018376360959845,False,False,False,False,100000,False,True,False,4.05753211040219,-0.010086765129386782,9.774181547754038,0.00020552058854778621,True,Cruise
1,76,1675390524.2647688,49.96623621772928,0.00045018376360959845,False,False,False,False,100000,False,True,False,4.05753211040219,-0.010086765129386782,9.774181547754038,0.0021617894834774706,True,Cruise
1,77,1675390524.3646693,49.91757574872752,-0.0010989900169664074,False,False,False,False,100000,False,True,False,4.057593671687656,0.006191887480880353,9.77421910909205,0.007194589955952271,True,Cruise
1,78,1675390524.4646761,49.98775056718323,-0.00016332577089031133,False,False,False,False,100000,False,True,False,4.057550141004988,-0.0002819060607874383,9.774193142513809,0.008193706440533481,True,Cruise
1,79,1675390524.5646822,49.98775056718323,-0.00016332577089031133,False,False,False,False,100000,False,True,False,4.057507342286488,-0.00847545953800938,9.774167163305991,0.008193706440533481,True,Cruise
1,80,1675390524.664664,49.95344814224282,-0.0006206914367623927,False,False,False,False,100000,False,True,False,4.057317151016244,0.0013480624961487889,9.773993390218843,0.0007519707456906515,True,Cruise
1,81,1675390524.764668,49.95344814224282,-0.0006206914367623927,False,False,False,False,100000,False,True,False,4.057196816009191,7.269379078842616e-05,9.773883995787426,0.002024992794930124,True,Cruise
1,82,1675390524.8647306,49.95344814224282,-0.0006206914367623927,False,False,False,False,100000,False,True,False,4.056990163074424,-0.007927997679186704,9.773716436762381,0.002679150385335586,True,Cruise
1,83,1675390524.9647079,49.896989527025745,-0.0013734729729900025,False,False,False,False,100000,False,True,False,4.056990163074424,-0.007927997679186704,9.773716436762381,0.0016337806382074411,True,Cruise
1,84,1675390525.064686,49.99889121123206,1.4783850239101005e-05,False,False,False,False,100000,False,True,False,4.0566889729710045,-0.01651230682524908,9.773476596429125,0.005437547141872857,True,Cruise
1,85,1675390525.1647432,49.91125736973148,-0.0011832350702469245,False,False,False,False,100000,False,True,False,4.0566356608524075,-0.021949469667772684,9.773440031938414,0.006347002930631681,True,Cruise
1,86,1675390525.26485,49.95392359094449,-0.000614352120740127,False,False,False,False,100000,False,True,False,4.056561875166015,-0.00801210475157483,9.773352944492306,0.007559708406047968,True,Cruise
1,87,1675390525.3648944,49.95392359094449,-0.000614352120740127,False,False,False,False,100000,False,True,False,4.056486217325158,-0.023806507807746718,9.77331356004601,0.002215165227495314,True,Cruise
1,88,1675390525.46478,49.960499924393474,-0.0005266676747536852,False,False,False,False,100000,False,True,False,4.056470632492326,-0.02130244697724821,9.773310203135729,0.0034212881695740312,True,Cruise
1,89,1675390525.5646694,49.93684653656884,-0.0008420461790821962,False,False,False,False,100000,False,True,False,4.056513701439058,-0.015018889733494686,9.773336230150825,0.0011933168473375303,True,Cruise
1,90,1675390525.6646676,49.94725083454601,-0.0007033222060531907,False,False,False,False,100000,False,True,False,4.056513701439058,-0.015018889733494686,9.773336230150825,0.0011933168473375303,True,Cruise
1,91,1675390525.7648656,49.99391924077537,8.107678966173882e-05,False,False,False,False,100000,False,True,False,4.05657595508771,-0.020352355474682844,9.773404479469276,0.00036988812972719363,True,Cruise
1,92,1675390525.8647037,49.99391924077537,8.107678966173882e-05,False,False,False,False,100000,False,True,False,4.056624228929982,-0.018559529769319072,9.77344374642792,0.00120484081404171,True,Cruise
1,93,1675390525.9647558,49.97627014213592,-0.0003163981048544001,False,False,False,False,100000,False,True,False,4.056720932257023,-0.005692443243782092,9.77350071049928,0.005407107914678831,True,Cruise
1,94,1675390526.0647485,49.95550365806689,-0.000593284559108139,False,False,False,False,100000,False,True,False,4.05677774046441,-0.007784394247954074,9.773554524214491,0.0017388438048663577,True,Cruise
1,95,1675390526.1646805,49.944657703261264,-0.0007378972898497943,False,False,False,False,100000,False,True,False,4.0568169886750685,-0.008913957157645078,9.773596344748794,0.001719465668594929,True,Cruise
1,96,1675390526.2647004,49.944657703261264,-0.0007378972898497943,False,False,False,False,100000,False,True,False,4.056838832252512,-0.009540295082127845,9.77361551539383,0.0013055074543395534,True,Cruise
1,97,1675390526.3649004,49.9744975834463,-0.0003400322207160472,False,False,False,False,100000,False,True,False,4.056847504609415,-0.010636721120927532,9.773622452377845,0.0016808484916496873,True,Cruise
1,98,1675390526.464738,49.99238846846559,0.00010148708712539967,False,False,False,False,100000,False,True,False,4.056873521165594,-0.011277247417106348,9.773633031475534,0.0055110770928759436,True,Cruise
1,99,1675390526.5646815,49.99238846846559,0.00010148708712539967,False,False,False,False,100000,False,True,False,4.056857471252493,-0.02626288919384054,9.7736318313821,0.020496727108239965,True,Cruise
1,100,1675390526.6646533,49.98559978917591,-0.00019200281098789732,False,False,False,False,100000,False,True,False,4.056877121086569,-0.004878194307712307,9.773616834209335,0.002852183510200043,True,Cruise
1,101,1675390526.764725,49.933965510932246,-0.0008804598542367057,False,False,False,False,100000,False,True,False,4.056849424301221,-0.008591962237209415,9.773599644728236,0.0037139109876705846,True,Cruise
1,102,1675390526.8646832,49.98423613532739,-0.00021018486230140197,False,False,False,False,100000,False,True,False,4.056828458505828,-0.00704084127526029,9.77358629264134,0.0032086419725021274,True,Cruise
1,103,1675390526.964771,49.98423613532739,-0.00021018486230140197,False,False,False,False,100000,False,True,False,4.056818907761485,-0.003832221051623237,9.773579339120495,0.00878031244886113,True,Cruise
1,104,1675390527.0647058,49.985744116318045,0.00019007844909269943,False,False,False,False,100000,False,True,False,4.056791389032934,-0.005663152172775437,9.77355900852697,0.0036953975557216323,True,Cruise
1,105,1675390527.164684,49.985744116318045,0.00019007844909269943,False,False,False,False,100000,False,True,False,4.056791389032934,-0.005663152172775437,9.77355900852697,0.0036953975557216323,True,Cruise
1,106,1675390527.2647498,49.9770588972174,-0.0003058813704346859,False,False,False,False,100000,False,True,False,4.056776581739015,0.0018814809448801438,9.77354085032831,0.0007842475584290765,True,Cruise
1,107,1675390527.364646,49.9770588972174,-0.0003058813704346859,False,False,False,False,100000,False,True,False,4.05674108519392,-0.00551302676847753,9.773523182075607,0.0011755638035355627,True,Cruise
1,108,1675390527.4647377,49.98174627310893,-0.00024338302521428355,False,False,False,False,100000,False,True,False,4.056737799748757,-0.004456082998819921,9.773521149329872,0.0010569508306554189,True,Cruise
1,109,1675390527.5647218,49.941529657074604,-0.0007796045723385543,False,False,False,False,100000,False,True,False,4.0567336845184725,-0.004646690218352873,9.773518202600826,0.00019067440958462788,True,Cruise
1,110,1675390527.6646616,49.948500691337166,-0.0006866574488378157,False,False,False,False,100000,False,True,False,4.056729191992417,-0.01098826975176347,9.773519187042442,0.0051815604745594716,True,Cruise
1,111,1675390527.764668,49.948500691337166,-0.0006866574488378157,False,False,False,False,100000,False,True,False,4.056725743098039,-0.017151685481700138,9.77352159976189,0.0009818571756823095,True,Cruise
1,112,1675390527.864658,49.936365987163846,-0.0008484535044820491,False,False,False,False,100000,False,True,False,4.056728455836105,-0.0185705171787234,9.773524790014736,0.0009672490330961502,True,Cruise
1,113,1675390527.9646807,49.936365987163846,-0.0008484535044820491,False,False,False,False,100000,False,True,False,4.056728455836105,-0.0185705171787234,9.773524790014736,0.0009672490330961502,True,Cruise
1,114,1675390528.06464,49.97681899432308,-0.0003090800756922253,False,False,False,False,100000,False,True,False,4.115563677357347,0.057676015420435184,9.776902875793045,0.09636663576349301,True,Cruise
1,115,1675390528.1647544,49.990216467400614,-0.00013044710132521862,False,False,False,False,100000,False,True,False,4.1458044487837835,0.11358960499256127,9.777859881858598,0.06921735575026243,True,Cruise
1,116,1675390528.2646737,49.98734248035285,-0.00016876692862860597,False,False,False,False,100000,False,True,False,4.084394238058131,-0.01809121842682046,9.780231227551251,0.024550453995094722,True,Cruise
1,117,1675390528.3646545,49.98734248035285,-0.00016876692862860597,False,False,False,False,100000,False,True,False,4.073607513282531,-0.06150335621554971,9.778621725739146,0.030388239931858227,True,Cruise
1,118,1675390528.4647121,49.997762395924916,-2.983472100112351e-05,False,False,False,False,100000,False,True,False,4.079024043529504,-0.10034126423982169,9.774621567814501,0.004929683158473213,True,Cruise
1,119,1675390528.564654,49.933984172137954,-0.0008802110381606473,False,False,False,False,100000,False,True,False,4.082884360066669,-0.0997114201436639,9.771508165969966,0.00671301398713154,True,Cruise
1,120,1675390528.6646786,49.9327410634216,-0.000896785821045311,False,False,False,False,100000,False,True,False,4.080498155845069,-0.10591110034334376,9.770364594724704,0.0016042753945371875,True,Cruise
1,121,1675390528.76472,49.9327410634216,-0.000896785821045311,False,False,False,False,100000,False,True,False,4.079001347309184,-0.10074877857334855,9.769927341828247,0.005392698020983992,True,Cruise
1,122,1675390528.864799,49.879796412773736,-0.0016027144963501809,False,False,False,False,100000,False,True,False,4.073874030579462,-0.07852756805200177,9.769131853980248,0.007056684280624511,True,Cruise
1,123,1675390528.9647403,49.92262248259527,-0.001031700232063015,False,False,False,False,100000,False,True,False,4.06689982814513,-0.06619987429358898,9.769111197209678,0.001592942938108517,True,Cruise
1,124,1675390529.0647616,49.878194179726286,-0.0016240776036495395,False,False,False,False,100000,False,True,False,4.064160411407031,-0.04985959480425831,9.769203632766008,0.008226246544475553,True,Cruise
1,125,1675390529.1647067,49.93450467359143,-0.000873271018780937,False,False,False,False,100000,False,True,False,4.0863250437912315,0.2540389266763362,9.807116257667273,0.008226246544475553,True,Cruise
1,126,1675390529.264674,49.965355285413345,-0.0004619295278220714,False,False,False,False,100000,False,True,False,4.08209309995279,0.029928594975918137,9.794159076786872,0.07811295079128164,True,Cruise
1,127,1675390529.3646445,49.965355285413345,-0.0004619295278220714,False,False,False,False,100000,False,True,False,4.075170209072688,-0.023008326778383794,9.790343171984029,0.05126898305930203,True,Cruise
1,128,1675390529.4646876,49.873564507238186,-0.0016858065701575431,False,False,False,False,100000,False,True,False,3.898109000826969,0.05410780294090083,9.782416640864836,0.21248320673645468,True,Cruise
1,129,1675390529.5646703,49.88502303990847,-0.0015330261345537714,False,False,False,False,100000,False,True,False,3.9861395828685606,-0.06717238752332998,9.764160540458576,0.15096871588400346,True,Cruise
1,130,1675390529.66471,49.988712117711046,-0.0001505050971861287,False,False,False,False,100000,False,True,False,4.032174632965122,-0.17360252259974499,9.75566963734822,0.027289181346603762,True,Cruise
1,131,1675390529.7647386,49.937351193904846,-0.0008353174146021054,False,False,False,False,100000,False,True,False,4.032174632965122,-0.17360252259974499,9.75566963734822,0.027289181346603762,True,Cruise
1,132,1675390529.864689,49.937351193904846,-0.0008353174146021054,False,False,False,False,100000,False,True,False,4.019680059212551,-0.17550151212286297,9.755936226514242,0.006772683568824204,True,Cruise
1,133,1675390529.964808,49.9438573936612,-0.000748568084517382,False,False,False,False,100000,False,True,False,4.010254216935742,-0.1830404435741869,9.758005060359718,0.007680803654036365,True,Cruise
1,134,1675390530.0647423,49.93880613706709,-0.0008159181724387871,False,False,False,False,100000,False,True,False,4.015518932010383,-0.13729190300127353,9.761215506098512,0.01372227864386222,True,Cruise
1,135,1675390530.1647005,49.960946119860395,-0.0005207184018613835,False,False,False,False,100000,False,True,False,4.021502527325334,-0.11285685889222948,9.763046387731066,0.011902059457413268,True,Cruise
1,136,1675390530.26479,49.960946119860395,-0.0005207184018613835,False,False,False,False,100000,False,True,False,4.021502527325334,-0.11285685889222948,9.763046387731066,0.11198221004936776,True,Cruise
1,137,1675390530.3648126,49.99210956814152,0.00010520575811302825,False,False,False,False,100000,False,True,False,4.026288258859177,0.011035332352661246,9.75620502996751,0.013392736732482358,True,Cruise
1,138,1675390530.4647975,49.99210956814152,0.00010520575811302825,False,False,False,False,100000,False,True,False,4.0205400284090045,0.3021316583066316,9.735429547337686,0.3596442157284933,True,Cruise
1,139,1675390530.5647702,49.99210956814152,0.00010520575811302825,False,False,False,False,100000,False,True,False,4.030218487861509,0.2609141102125344,9.745790631940642,0.0248819305378537,True,Cruise
1,140,1675390530.664753,49.99210956814152,0.00010520575811302825,False,False,False,False,100000,False,True,False,4.048268507007284,0.175812808066719,9.7621005423453,0.08851015758365924,True,Cruise
1,141,1675390530.764703,49.97761485624562,-0.00029846858339169224,False,False,False,False,100000,False,True,False,4.064460619239505,0.09081533393682688,9.776372935966501,0.026351310643181407,True,Cruise
1,142,1675390530.8646948,49.96098319078672,0.0005202241228436708,False,False,False,False,100000,False,True,False,4.068881966527445,0.04794558076762859,9.780441274107345,0.030499743530701066,True,Cruise
1,143,1675390530.9647338,49.96098319078672,0.0005202241228436708,False,False,False,False,100000,False,True,False,4.076089844569971,-0.009717136824700674,9.78732112838247,0.02801828503340808,True,Cruise
1,144,1675390531.064797,49.91946162661674,-0.0010738449784435562,False,False,False,False,100000,False,True,False,4.0828184623701675,-0.031446355780116696,9.794229066386245,0.02377294389379545,True,Cruise
1,145,1675390531.1648576,49.94362778472516,0.0007516295369978759,False,False,False,False,100000,False,True,False,4.084704623613821,-0.06898974369334297,9.796532354946693,0.030733041338592268,True,Cruise
1,146,1675390531.2647188,49.96848460354196,0.00042020528610720677,False,False,False,False,100000,False,True,False,4.084184258046477,-0.07430019527251341,9.796848640140876,0.025384533660634596,True,Cruise
1,147,1675390531.3647609,49.96848460354196,0.00042020528610720677,False,False,False,False,100000,False,True,False,4.083248679962303,-0.05615031737369691,9.796228342919397,0.018184557809760176,True,Cruise
1,148,1675390531.4647553,49.96913891778481,0.00041148109620249606,False,False,False,False,100000,False,True,False,2.926864188271793,-0.03151183781621039,9.897380547821314,0.9360374788763655,True,Cruise
1,149,1675390531.5647025,49.96913891778481,0.00041148109620249606,False,False,False,False,100000,False,True,False,2.0294823722697966,-0.025198966469915613,9.966665149115048,0.9000746258017207,True,Cruise
1,150,1675390531.664685,49.999834964378636,-2.2004749514781296e-06,False,False,False,False,100000,False,True,False,0.9505951245482251,0.004144458703661336,9.993311756948856,0.04493361284246251,True,Cruise
1,151,1675390531.7646863,49.65073379212232,0.004656882771702402,False,False,False,False,100000,False,True,False,0.9505951245482251,0.004144458703661336,9.993311756948856,0.04493361284246251,True,Cruise
1,152,1675390531.8647661,49.998740687823116,-1.6790829025061795e-05,False,False,False,False,100000,False,True,False,-0.6422150020419726,0.012175592053863758,10.021726099084809,1.125817292383266,True,Cruise
1,153,1675390531.9648027,49.998740687823116,-1.6790829025061795e-05,False,False,False,False,100000,False,True,False,-0.16657430844260385,0.058969515323286766,9.781856740382029,1.3970285267456488,True,Cruise
1,154,1675390532.0647442,49.97061390199472,-0.0003918146400703785,False,False,False,False,100000,False,True,False,1.0287975352762693,0.05297731968248121,9.645635244727993,1.2031234546141467,True,Cruise
1,155,1675390532.1646929,49.87801781507601,-0.0016264291323199304,False,False,False,False,100000,False,True,False,0.14505347348514308,0.08419661656334547,9.677415573343849,0.884866204878311,True,Cruise
1,156,1675390532.2647989,49.979528677311094,-0.0002729509691854828,False,False,False,False,100000,False,True,False,-1.1857695539132014,0.04769163428174144,9.743698324343107,0.07365400673725844,True,Cruise
1,157,1675390532.3646927,49.92177357272554,-0.0010430190303260772,False,False,False,False,100000,False,True,False,-0.23988534586499224,0.04451683448626155,9.63888224153779,0.1212388652335435,True,Cruise
1,158,1675390532.4647298,49.89616604228803,-0.0013844527694928787,False,False,False,False,100000,False,True,False,-0.24000194592254767,0.016837361985951333,9.635302498087539,0.02791023748803413,True,Cruise
1,159,1675390532.5646992,49.89616604228803,-0.0013844527694928787,False,False,False,False,100000,False,True,False,-0.6616989039379563,-0.048634269574260064,9.678909113347304,0.07675869832666375,True,Cruise
1,160,1675390532.6647172,49.52244384292184,0.0063674154277088175,False,False,False,False,100000,False,True,False,-0.4200868333800653,-0.07140326770612383,9.670919353283,0.8801911473463069,True,Cruise
1,161,1675390532.7647028,49.98394208644702,-0.00021410551403973788,False,False,False,False,100000,False,True,False,-0.6958468673076442,0.08964427654850991,9.703074009044673,1.369728236210592,True,Cruise
1,162,1675390532.864819,49.33543436418298,-0.00886087514422692,False,False,False,False,100000,False,True,False,-0.6958468673076442,0.08964427654850991,9.703074009044673,1.896860644157969,True,Cruise
1,163,1675390532.9646745,49.964962566192284,0.00046716578410286404,False,False,False,False,100000,False,True,False,-0.4465479092529143,-0.005814738018001007,9.812347867758621,1.3055110476489258,True,Cruise
1,164,1675390533.0647957,49.07356470531044,-0.012352470595860825,False,False,False,False,100000,False,True,False,-0.38309594454048634,-0.19455934279520576,9.812186644654814,1.19334007500516,True,Cruise
1,165,1675390533.164775,49.07356470531044,-0.012352470595860825,False,False,False,False,100000,False,True,False,-0.04055515544451231,-0.12267781204010494,9.835516798678485,0.8798108446618942,True,Cruise
1,166,1675390533.264862,49.07356470531044,-0.012352470595860825,False,False,False,False,100000,False,True,False,-0.04055515544451231,-0.12267781204010494,9.835516798678485,2.488261302026605,True,Cruise
1,167,1675390533.3646877,49.96993849037746,0.00040082012830054106,False,False,False,False,100000,False,True,False,-2.6471747332408486,-0.5199460387657937,10.043639036652877,1.8060612617004785,True,Cruise
1,168,1675390533.4646945,49.96993849037746,0.00040082012830054106,False,False,False,False,100000,False,True,False,1.9048269686350412,-0.14309071164688306,9.615418481560685,1.16006211090852,True,Cruise
1,169,1675390533.5646925,49.080984155744005,-0.012253544590079926,False,False,False,False,100000,False,True,False,2.610630266263377,-0.17323606601664313,9.567042772217478,0.7081011556180163,True,Cruise
1,170,1675390533.6648588,49.431302842084655,-0.007582628772204583,False,False,False,False,100000,False,True,False,-1.8210811684569566,-0.48956972244073454,10.028468617310258,1.2940626502602,True,Cruise
1,171,1675390533.764814,49.904052908471755,-0.0012792945537098777,False,False,False,False,100000,False,True,False,1.0713030521388769,-0.3167030080478888,9.733638913059119,1.4917349652946703,True,Cruise
1,172,1675390533.864859,49.506221558968726,-0.0065837125470836165,False,False,False,False,100000,False,True,False,2.034869313894184,-0.21903197600025306,9.656832994977128,0.971544502504525,True,Cruise
1,173,1675390533.9648283,49.506221558968726,-0.0065837125470836165,False,False,False,False,100000,False,True,False,2.2273122824289735,-0.15293919880631976,9.656600565816882,0.20347630171350034,True,Cruise
1,174,1675390534.081771,49.6476412665454,-0.004698116446061332,False,False,False,False,100000,False,True,False,-1.8420571086655328,-0.3805976268012577,10.045488868421945,0.7312788593663617,True,Cruise
1,175,1675390534.1647213,49.6476412665454,-0.004698116446061332,False,False,False,False,100000,False,True,False,0.3607992793252898,-0.32498338055588766,9.814868378173479,0.10420921759630015,True,Cruise
1,176,1675390534.2647476,49.77540902635313,-0.0029945463152916433,False,False,False,False,100000,False,True,False,0.34896930768126067,-0.32682849164453137,9.812963230898536,0.01212362364011657,True,Cruise
1,177,1675390534.3647168,49.81601717220233,-0.002453104370635602,False,False,False,False,100000,False,True,False,0.750812113671698,-0.28842243329976547,9.781304138468183,0.27346350873081576,True,Cruise
1,178,1675390534.4647343,49.81601717220233,-0.002453104370635602,False,False,False,False,100000,False,True,False,0.37372116777292314,-0.25132961706217444,9.81876129650452,0.18746939787306707,True,Cruise
1,179,1675390534.5646896,49.94527020707188,-0.0007297305723749626,False,False,False,False,100000,False,True,False,0.17313880547544547,-0.21902984150802937,9.834492434367236,0.0753419979639401,True,Cruise
1,180,1675390534.6647122,49.94527020707188,-0.0007297305723749626,False,False,False,False,100000,False,True,False,-0.48323713886855485,-0.22046208981446264,9.895277171640519,0.6591860252873019,True,Cruise
1,181,1675390534.7646718,49.72598089628422,-0.0036535880495437026,False,False,False,False,100000,False,True,False,0.75211308485032,-0.11342222868055996,9.782817638729858,0.250662989578822,True,Cruise
1,182,1675390534.8646724,49.995666576729214,5.777897694383806e-05,False,False,False,False,100000,False,True,False,-1.1020965017945779,-0.18736927118450836,9.945220370229105,0.6373574814771061,True,Cruise
1,183,1675390534.964695,49.81613467001406,0.002451537733145893,False,False,False,False,100000,False,True,False,0.3370692232727949,-0.06893286860769281,9.7841943505462,1.2865007060024949,True,Cruise
1,184,1675390535.0646908,49.81613467001406,0.002451537733145893,False,False,False,False,100000,False,True,False,0.1660383276760644,-0.010445016296567926,9.809308487261932,0.18249141344064435,True,Cruise
1,185,1675390535.164831,49.70125757895095,0.003983232280653932,False,False,False,False,100000,False,True,False,0.07247000399967148,0.009584042035417198,9.80380860053732,0.09584593432827426,True,Cruise
1,186,1675390535.2648125,49.870637530582165,0.0017248329255711453,False,False,False,False,100000,False,True,False,-0.7587285751658815,0.09876802483061489,9.860941553937014,1.153830398529148,True,Cruise
1,187,1675390535.3647628,49.69000335741221,0.0041332885678371945,False,False,False,False,100000,False,True,False,0.5817744014097951,0.13009519892309243,9.738668937692163,0.1145238395405507,True,Cruise
1,188,1675390535.4647238,49.69000335741221,0.0041332885678371945,False,True,False,False,100000,False,True,False,0.5817744014097951,0.13009519892309243,9.738668937692163,0.1145238395405507,True,Cruise
1,189,1675390535.56478,49.59959477155909,0.005338736379212118,False,True,False,False,100000,False,True,False,-0.8146193146946843,0.2675930655831378,9.850684314459489,0.4060072543369349,True,Cruise
1,190,1675390535.6647155,49.48639225494613,0.006848103267384882,False,True,False,False,100000,False,True,False,-0.9637981373931287,0.27375607513479006,9.847537556347548,0.25802580733243863,True,Cruise
1,191,1675390535.764746,49.79777632329726,0.002696315689369755,False,True,False,False,100000,False,True,False,-1.2046905430020756,0.31148254576543244,9.862127280340834,0.5443649206956419,True,Cruise
1,192,1675390535.8646958,49.79777632329726,0.002696315689369755,False,True,False,False,100000,False,True,False,-0.8673754827544607,0.5531178897592277,9.827863281704516,0.25861911031632884,True,Cruise
1,193,1675390535.9737277,49.91016995233451,-0.0011977339688731506,False,True,False,False,100000,False,True,False,-0.8673754827544607,0.5531178897592277,9.827863281704516,0.25861911031632884,True,Cruise
1,194,1675390536.0647984,49.91016995233451,-0.0011977339688731506,False,True,False,False,100000,False,True,False,1.5737099423489629,0.27976403092583385,9.616864022442185,2.4653886249840453,True,Cruise
1,195,1675390536.1646616,49.819391853199576,0.0024081086240055915,False,True,False,False,100000,False,True,False,1.4631356455654263,0.2598807489938393,9.659391660748424,0.48947061040268,True,Cruise
1,196,1675390536.2646885,49.819391853199576,0.0024081086240055915,False,True,False,False,100000,False,True,False,1.4631356455654263,0.2598807489938393,9.659391660748424,1.1157501309743998,True,Cruise
1,197,1675390536.3648338,49.71412863239362,0.003811618234751754,False,True,False,False,100000,False,True,False,-0.2859068551499223,0.17969315528682206,9.851220928685747,0.09796770978137635,True,Cruise
1,198,1675390536.464719,49.49898767388919,0.006680164348144184,False,True,False,False,100000,False,True,False,-0.2859068551499223,0.17969315528682206,9.851220928685747,0.2632252539873987,True,Cruise
1,199,1675390536.5647655,49.57875406210706,0.005616612505239187,False,True,False,False,100000,False,True,False,-1.295143671283836,0.052151223894957265,9.954046792182396,0.7740693938864875,True,Cruise
1,200,1675390536.664675,49.57875406210706,0.005616612505239187,False,True,False,False,100000,False,True,False,-1.075774673297183,0.1005617936571996,9.907264615273427,0.453190970981498,True,Cruise
1,201,1675390536.7777195,49.57875406210706,0.005616612505239187,False,True,False,False,100000,False,True,False,0.44522881483464666,0.114565528357584,9.759918686676716,0.15009321684742435,True,Cruise
1,202,1675390536.8647141,49.57875406210706,0.005616612505239187,False,True,False,False,100000,False,True,False,0.11517329038430202,0.2495169804788447,9.79167167551667,0.3579899383363996,True,Cruise
1,203,1675390536.964699,49.608981094283884,0.005213585409548199,False,True,False,False,100000,False,True,False,0.044221968522383054,0.5341830558287232,9.842192623835698,0.06624033823950953,True,Cruise
1,204,1675390537.0646951,49.608981094283884,0.005213585409548199,False,True,False,False,100000,False,True,False,0.17738911239918326,0.426027535374599,9.814712830663469,0.03041104055949424,True,Cruise
1,205,1675390537.1648514,48.012258411920236,0.026503221174396883,False,True,False,False,100000,False,True,False,0.12860785504646832,0.36915524415514556,9.813434462304603,0.04862384578643617,True,Cruise
1,206,1675390537.2646856,49.94213817893832,0.0007714909474890404,False,True,False,False,100000,False,True,False,0.12860785504646832,0.36915524415514556,9.813434462304603,0.04862384578643617,True,Cruise
1,207,1675390537.3646858,49.338835260007706,0.008815529866563886,False,True,False,False,100000,False,True,False,1.7864782450573047,0.31826147481860406,9.6685442206131,0.29799862288495876,True,Cruise
1,208,1675390537.464796,49.338835260007706,0.008815529866563886,False,True,False,False,100000,False,True,False,1.3692017140739148,0.2850652842827873,9.721342463992316,0.4219115367936188,True,Cruise
1,209,1675390537.5739863,49.8149779812642,0.00246696024981067,False,True,False,False,100000,False,True,False,-2.145416344202246,0.40162860469507017,10.04134894597333,0.8797646128206678,True,Cruise
1,210,1675390537.6647024,49.738142284835945,0.0034914362021874167,False,True,False,False,100000,False,True,False,-0.5458819210087518,0.337397359312121,9.827629143842069,1.6150269897705778,True,Cruise
1,211,1675390537.764897,49.75937280363549,0.0032083626181934545,False,True,False,False,100000,False,True,False,1.7438687143001084,0.054762645828718946,9.625300788112598,0.7655942192157713,True,Cruise
1,212,1675390537.8648796,49.75937280363549,0.0032083626181934545,False,True,False,False,100000,False,True,False,1.2531794795345577,0.17073087530306452,9.69283672276849,0.5054258021378764,True,Cruise
1,213,1675390537.964721,49.812915484701065,0.0024944602039857827,False,True,False,False,100000,False,True,False,0.36701106754069657,0.22933067950369193,9.784838937715515,0.3848466014703906,True,Cruise
1,214,1675390538.0646663,49.733618384471185,0.0035517548737175287,False,True,False,False,100000,False,True,False,0.36701106754069657,0.22933067950369193,9.784838937715515,0.3848466014703906,True,Cruise
1,215,1675390538.1646876,49.7797261774669,0.0029369843004413416,False,True,False,False,100000,False,True,False,0.3472537410738301,0.2150069342452345,9.798108767958952,0.018627346550029185,True,Cruise
1,216,1675390538.26466,49.7797261774669,0.0029369843004413416,False,True,False,False,100000,False,True,False,-0.2883157272186963,0.578588617149053,9.820701859692635,0.37206518780035075,True,Cruise
1,217,1675390538.373816,49.8489035297699,0.002014619603068028,False,True,False,False,100000,False,True,False,0.11909382974561944,0.5199647956356367,9.78389287716228,0.4132483523858466,True,Cruise
1,218,1675390538.4697208,49.19808706236202,0.010692172501839731,False,True,False,False,100000,False,True,False,0.20445425550705912,0.4258268703449906,9.789258593398042,0.047485640838446974,True,Cruise
1,219,1675390538.56577,49.19808706236202,0.010692172501839731,False,True,False,False,100000,False,True,False,0.5682130093202142,0.2797823329115256,9.775196372404423,0.39223358340296127,True,Cruise
1,220,1675390538.6646867,49.4296536901853,0.007604617464195991,False,True,False,False,100000,False,True,False,-1.9237698439459354,0.42779076043884395,9.99321493669757,0.3618145116868859,True,Cruise
1,221,1675390538.7647386,49.4296536901853,0.007604617464195991,False,True,False,False,100000,False,True,False,-0.8241448767217804,0.20583432321466427,9.852594416910476,0.49330761413503854,True,Cruise
1,222,1675390538.8647902,48.23898900014875,0.023480146664683305,False,True,False,False,100000,False,True,False,-0.8241448767217804,0.20583432321466427,9.852594416910476,0.49330761413503854,True,Cruise
1,223,1675390538.96482,48.00694593266526,0.026574054231129907,False,True,False,False,100000,False,True,False,-2.0999689829376136,0.44748866804028364,9.943662814338051,1.3016979009680223,True,Cruise
1,224,1675390539.064751,49.893453169008225,0.0014206244132237192,False,True,False,False,100000,False,True,False,-3.228290856993433,0.7106382333274067,9.998781785121096,1.3016979009680223,True,Cruise
1,225,1675390539.1646795,49.893453169008225,0.0014206244132237192,False,True,False,False,100000,False,True,False,-1.7319845927018231,0.9850224469532868,9.793052038290838,0.31282848352943265,True,Cruise
1,226,1675390539.2647266,49.74270910068472,0.0034305453242036727,False,True,False,False,100000,False,True,False,1.2612339355211997,0.556906735092775,9.515344067421717,1.2912287587423528,True,Cruise
1,227,1675390539.3647583,49.42181963320963,-0.007709071557204971,False,True,False,False,100000,False,True,False,2.551426279478896,0.6283334900689933,9.430947261637682,1.2949211893239048,True,Cruise
1,228,1675390539.4647257,49.12287107868003,0.011695052284266335,False,True,False,False,100000,False,True,False,2.3210342807107542,0.5860727853860115,9.513317411318594,0.4923386296465692,True,Cruise
1,229,1675390539.564901,49.12287107868003,0.011695052284266335,False,True,False,False,100000,False,True,False,-0.3698343537812234,0.2997147866943849,9.808708440273588,1.0876406009984108,True,Cruise
1,230,1675390539.6647618,49.081430672845705,0.012247591028723925,False,True,False,False,100000,False,True,False,-1.6100490833405794,0.729687651397123,9.941897271180896,0.9092073710568034,True,Cruise
1,231,1675390539.7646792,49.12889047952122,0.011614793606383837,False,True,False,False,100000,False,True,False,-1.181512629015876,0.4337691593078182,9.899928421987795,0.5757123413057559,True,Cruise
1,232,1675390539.8647869,49.12889047952122,0.011614793606383837,False,True,False,False,100000,False,True,False,-0.6233566586246219,0.3017983640328715,9.850025297407758,0.7481755681593312,True,Cruise
1,233,1675390539.9647348,49.12889047952122,0.011614793606383837,False,True,False,False,100000,False,True,False,0.34514088528091336,0.2625023474898298,9.774922631620246,0.056011036669865295,True,Cruise
1,234,1675390540.064772,48.483862798401205,0.02021516268798394,False,True,False,False,100000,False,True,False,-0.8017558733075718,0.38908927064284843,9.9134237747782,0.09413781345793225,True,Cruise
1,235,1675390540.1648679,48.483862798401205,0.02021516268798394,False,True,False,False,100000,False,True,False,-0.8017558733075718,0.38908927064284843,9.9134237747782,1.064543013301432,True,Cruise
1,236,1675390540.2648332,46.47239417304785,0.04703474435936194,False,True,False,False,100000,False,True,False,-2.813320914481771,0.9695997698284219,10.056400048852474,2.0985300973507632,True,Cruise
1,237,1675390540.3647346,47.06873117443976,0.03908358434080323,False,True,False,False,100000,False,True,False,-2.83331349996746,0.8692209726639917,10.014537219670524,0.26807776331291316,True,Cruise
1,238,1675390540.4857695,49.410115631412374,-0.00786512491450161,False,True,False,False,100000,False,True,False,-3.549323920542097,1.7883809482907889,9.98843873198987,0.4036425837331651,True,Cruise
