repetition,iteration,time,speed,steering,obstacle_North,obstacle_NorthWest,obstacle_SouthWest,obstacle_West,obstacle_distance,follow_enable,steady_motion_enable,passing_start,accel_x,accel_y,accel_z,accel_diff,success,action
1,1,1675390768.283538,0.0,0.0,False,False,False,False,100000,False,True,False,0.043687741856874136,-4.697489817387881e-14,9.808882551274344,0.00010807298533794926,True,Cruise
1,2,1675390768.2836688,0.0,0.0,False,False,False,False,100000,False,True,False,0.043687741856874136,-4.697489817387881e-14,9.808882551274344,0.00010807298533794926,True,Cruise
1,3,1675390768.3838744,49.77200308183295,0.003039958908894031,False,False,False,False,100000,False,True,False,0.043532191274955424,-2.399878089513152e-13,9.809008823792212,9.49319409881023e-05,True,Cruise
1,4,1675390768.4838548,49.77200308183295,0.003039958908894031,False,False,False,False,100000,False,True,False,0.043432351992621764,2.6145146073261714e-13,9.809166639957267,9.241622738372457e-05,True,Cruise
1,5,1675390768.5838366,49.77200308183295,0.003039958908894031,False,False,False,False,100000,False,True,False,2.613578917651507,0.006231227017270132,9.597924256392742,0.6769781980453544,True,Cruise
1,6,1675390768.68388,49.71123725197406,0.0038501699736792,False,False,False,False,100000,False,True,False,2.613578917651507,0.006231227017270132,9.597924256392742,0.44609283963504776,True,Cruise
1,7,1675390768.7839887,49.784695455940906,0.002870727254121248,False,False,False,False,100000,False,True,False,3.4936771394207033,0.002433032618423593,9.592684263974888,0.16360961479340988,True,Cruise
1,8,1675390768.8838804,49.659145812946846,0.004544722494042042,False,False,False,False,100000,False,True,False,3.696645050187606,0.005801616461870455,9.635530502610298,0.11167356643359276,True,Cruise
1,9,1675390768.9838307,49.659145812946846,0.004544722494042042,False,False,False,False,100000,False,True,False,3.7921373853289495,0.0024395745899885623,9.658988366358676,0.09838882440568374,True,Cruise
1,10,1675390769.0841622,49.637626399258764,0.004831648009883162,False,False,False,False,100000,False,True,False,4.119541097257034,0.00484280887958744,9.726421925403816,0.11096288192702738,True,Cruise
1,11,1675390769.1840322,49.73649267001952,0.0035134310664063726,False,False,False,False,100000,False,True,False,4.417381458133656,0.006167171159087829,9.789679587284692,0.0910359411650594,True,Cruise
1,12,1675390769.2838492,49.69140455744926,0.004114605900676537,False,False,False,False,100000,False,True,False,4.5536076996710175,0.005412358737040672,9.828876996248612,0.06423433596145448,True,Cruise
1,13,1675390769.3839512,49.69140455744926,0.004114605900676537,False,False,False,False,100000,False,True,False,4.600651924265817,0.002416399317404204,9.846865002360124,0.050454962138899905,True,Cruise
1,14,1675390769.4839196,49.64743648933816,0.004700846808824564,False,False,False,False,100000,False,True,False,4.65529329159124,0.00748787731790556,9.878224426813222,0.06320452843215456,True,Cruise
1,15,1675390769.584007,49.671681140552806,0.004377584792629282,False,False,False,False,100000,False,True,False,4.652424298567967,0.00988088536329622,9.910515230718252,0.014220877952401558,True,Cruise
1,16,1675390769.6839173,49.671681140552806,0.004377584792629282,False,False,False,False,100000,False,True,False,4.632869780590364,0.011708329056393529,9.916820085005947,0.027441379932808412,True,Cruise
1,17,1675390769.7839012,49.738355273477495,0.003488596353633404,False,False,False,False,100000,False,True,False,4.572162639199389,0.009672472098387432,9.922515725234822,0.03364567773737234,True,Cruise
1,18,1675390769.8840847,49.738355273477495,0.003488596353633404,False,False,False,False,100000,False,True,False,4.443208029533782,0.006814632287059106,9.914598760591023,0.09040842492313937,True,Cruise
1,19,1675390769.9838767,49.696717918382795,0.004043761088229393,False,False,False,False,100000,False,True,False,4.394334180378093,0.006968589659423006,9.908032061352898,0.049313267718227305,True,Cruise
1,20,1675390770.0838108,49.65864289754838,0.004551428032688213,False,False,False,False,100000,False,True,False,4.2436009371137,0.009810577548617876,9.879013618372854,0.051255040659163795,True,Cruise
1,21,1675390770.1839652,49.696664938413555,0.004044467487819251,False,False,False,False,100000,False,True,False,4.2436009371137,0.009810577548617876,9.879013618372854,0.051255040659163795,True,Cruise
1,22,1675390770.2838733,49.696664938413555,0.004044467487819251,False,False,False,False,100000,False,True,False,4.103520338553671,0.010985835034558127,9.84060487807532,0.046382155851905964,True,Cruise
1,23,1675390770.3838954,49.75217379241628,0.0033043494344495495,False,False,False,False,100000,False,True,False,4.103520338553671,0.010985835034558127,9.84060487807532,0.046382155851905964,True,Cruise
1,24,1675390770.4838176,49.75217379241628,0.0033043494344495495,False,False,False,False,100000,False,True,False,3.989927689263185,0.00825397769641785,9.79908886079288,0.12097244607076088,True,Cruise
1,25,1675390770.5839329,49.77320128715226,0.0030239828379698967,False,False,False,False,100000,False,True,False,3.911362904193075,0.005486097705988837,9.760359905943671,0.025268284701450323,True,Cruise
1,26,1675390770.6838694,49.84031334058381,0.00212915545888248,False,False,False,False,100000,False,True,False,3.893452621845519,0.005537666495917217,9.748928884696666,0.02124733206449164,True,Cruise
1,27,1675390770.7838306,49.84031334058381,0.00212915545888248,False,False,False,False,100000,False,True,False,3.869732734611326,0.006082662366980317,9.729123658338407,0.01361278090809447,True,Cruise
1,28,1675390770.8839734,49.71160423418617,0.0038452768775177554,False,False,False,False,100000,False,True,False,3.8610720393258045,0.0030080800856973,9.714020787109863,0.01767929349207768,True,Cruise
1,29,1675390770.983835,49.78025901563891,0.0029298797914812094,False,False,False,False,100000,False,True,False,3.8655149455587483,0.00012760348070262823,9.704050542260921,0.008452089744126447,True,Cruise
1,30,1675390771.0838192,49.774007161999826,0.003013237840002276,False,False,False,False,100000,False,True,False,3.8913390926890403,0.012006600657903977,9.698770493821316,0.01258468689565819,True,Cruise
1,31,1675390771.1838393,49.774007161999826,0.003013237840002276,False,False,False,False,100000,False,True,False,3.903777094291246,0.007315888503898756,9.699432120742449,0.013309561020220607,True,Cruise
1,32,1675390771.2840073,49.723140204181824,0.0036914639442422953,False,False,False,False,100000,False,True,False,3.9478396598587673,0.004945045334560834,9.707631528709497,0.030959868457617987,True,Cruise
1,33,1675390771.383938,49.82219747401091,0.0023707003465211125,False,False,False,False,100000,False,True,False,3.9637217550303854,0.005631146391247644,9.71210085925446,0.016854117621828965,True,Cruise
1,34,1675390771.4841008,49.82219747401091,0.0023707003465211125,False,False,False,False,100000,False,True,False,3.9955557018149834,0.008870460083560593,9.722958174285308,0.016780719527668103,True,Cruise
1,35,1675390771.583918,49.77693424922579,0.0029742100103228304,False,False,False,False,100000,False,True,False,4.025913001950136,0.015568550438283145,9.73555664361514,0.016853744809170606,True,Cruise
1,36,1675390771.683935,49.77693424922579,0.0029742100103228304,False,False,False,False,100000,False,True,False,4.040070349945391,0.008005677540598603,9.74220056418492,0.017371506246230052,True,Cruise
1,37,1675390771.7838788,49.77693424922579,0.0029742100103228304,False,False,False,False,100000,False,True,False,4.053299741811408,0.0032568286258683565,9.748921662392945,0.015580164834862692,True,Cruise
1,38,1675390771.88409,49.77256951873797,0.0030324064168271206,False,False,False,False,100000,False,True,False,4.086264374516271,0.010072332348658003,9.768478722206975,0.038930665148844495,True,Cruise
1,39,1675390771.9840477,49.74862499476449,0.00335166673647344,False,False,False,False,100000,False,True,False,4.102023067862158,0.010646268467039768,9.780083768592707,0.009160992836750873,True,Cruise
1,40,1675390772.0839128,49.74862499476449,0.00335166673647344,False,False,False,False,100000,False,True,False,4.102023067862158,0.010646268467039768,9.780083768592707,0.00789243350889052,True,Cruise
1,41,1675390772.1840491,49.79840853697788,0.0026878861736282134,False,False,False,False,100000,False,True,False,4.116031311259747,0.013055673930567538,9.793960270326233,0.004170992881782543,True,Cruise
1,42,1675390772.2839298,49.79840853697788,0.0026878861736282134,False,False,False,False,100000,False,True,False,4.11825855766438,0.013420398412813624,9.797467909293541,0.004170992881782543,True,Cruise
1,43,1675390772.3839068,49.75581209337045,0.0032558387550606534,False,False,False,False,100000,False,True,False,4.118536111037277,0.011775569686001469,9.804375342721407,0.007105992821256849,True,Cruise
1,44,1675390772.4839244,49.75196453287564,0.0033071395616581963,False,False,False,False,100000,False,True,False,4.116778082202576,0.010178591722000956,9.805481428990305,0.0031001240050608056,True,Cruise
1,45,1675390772.5840626,49.75196453287564,0.0033071395616581963,False,False,False,False,100000,False,True,False,4.11424379261653,0.008475522117968377,9.806017804851647,0.005157862903679683,True,Cruise
1,46,1675390772.6840942,49.77015168383083,0.0030646442155889157,False,False,False,False,100000,False,True,False,4.098429581534116,0.015385989349747916,9.803134616584643,0.0047930524766494785,True,Cruise
1,47,1675390772.7839112,49.72452540504049,0.003672994599460172,False,False,False,False,100000,False,True,False,4.088597939386594,0.016109683249957905,9.7992899242211,0.010581426158529863,True,Cruise
1,48,1675390772.8839035,49.72452540504049,0.003672994599460172,False,False,False,False,100000,False,True,False,4.078486152918111,0.0142310219248912,9.794393762698528,0.005751475921141634,True,Cruise
1,49,1675390772.9838717,49.80923058186298,0.002543592241827052,False,False,False,False,100000,False,True,False,4.068698014911918,0.012998375494439544,9.78888270601463,0.005747418287113486,True,Cruise
1,50,1675390773.0839326,49.774030996796306,0.0030129200427159177,False,False,False,False,100000,False,True,False,4.06407273532853,0.017430880023809117,9.786029593045972,0.007012885371893474,True,Cruise
1,51,1675390773.183894,49.774030996796306,0.0030129200427159177,False,False,False,False,100000,False,True,False,4.055719326333244,0.01592761116828614,9.780358795360323,0.00853359824422749,True,Cruise
1,52,1675390773.2840166,49.75308990531998,0.0032921345957336273,False,False,False,False,100000,False,True,False,4.045806929087387,0.01534082595583041,9.772579547214912,0.01261414435279316,True,Cruise
1,53,1675390773.384015,49.75308990531998,0.0032921345957336273,False,False,False,False,100000,False,True,False,4.041148016791097,0.01749876325728183,9.768259158107734,0.003394483923809453,True,Cruise
1,54,1675390773.4839382,49.80370412228801,0.002617278369493192,False,False,False,False,100000,False,True,False,4.039427984850439,0.018483410871926367,9.766427042720917,0.002699016041545384,True,Cruise
1,55,1675390773.5839312,49.878894177406856,0.0016147443012418767,False,False,False,False,100000,False,True,False,4.03662105189693,0.019080407107360347,9.762388702609748,0.001248678150400959,True,Cruise
1,56,1675390773.6839125,49.878894177406856,0.0016147443012418767,False,False,False,False,100000,False,True,False,4.03662105189693,0.019080407107360347,9.762388702609748,0.001248678150400959,True,Cruise
1,57,1675390773.7839243,49.93619560153242,0.0008507253129011204,False,False,False,False,100000,False,True,False,4.037024348094944,0.007042566611666107,9.760575137152237,0.0013598072639109998,True,Cruise
1,58,1675390773.88392,49.93619560153242,0.0008507253129011204,False,False,False,False,100000,False,True,False,4.0386102327783835,0.0095366522059627,9.760526292728594,0.008464582377838847,True,Cruise
1,59,1675390773.984003,49.93619560153242,0.0008507253129011204,False,False,False,False,100000,False,True,False,4.041012104530567,-0.004753637895651162,9.761265117057848,0.006059305158412053,True,Cruise
1,60,1675390774.084067,49.942787028281174,0.0007628396229176853,False,False,False,False,100000,False,True,False,4.043886565736904,-0.002720116760745629,9.762648253661792,0.001830042578542392,True,Cruise
1,61,1675390774.1839044,49.928925037429536,0.0009476661676061986,False,False,False,False,100000,False,True,False,4.043886565736904,-0.002720116760745629,9.762648253661792,0.0038000598047489517,True,Cruise
1,62,1675390774.2839098,49.95169560664209,0.0006440585781054512,False,False,False,False,100000,False,True,False,4.050310940661163,-0.0062253348802865285,9.766634596642517,0.0021578501238172206,True,Cruise
1,63,1675390774.3839338,49.957559655234085,0.0005658712635455527,False,False,False,False,100000,False,True,False,4.054904819281001,-0.00614204427428351,9.770019090471495,0.0022384594959798556,True,Cruise
1,64,1675390774.484337,49.957559655234085,0.0005658712635455527,False,False,False,False,100000,False,True,False,4.057561359801954,-0.006324797429477518,9.772178570774814,0.0016937245034902898,True,Cruise
1,65,1675390774.583878,49.92854130154774,0.0009527826460301399,False,False,False,False,100000,False,True,False,4.057561359801954,-0.006324797429477518,9.772178570774814,0.0016937245034902898,True,Cruise
1,66,1675390774.683814,49.94525830382694,0.0007298892823074754,False,False,False,False,100000,False,True,False,4.061470122420886,-0.004656288828461,9.775759174412013,0.0011332056126530752,True,Cruise
1,67,1675390774.783837,49.94525830382694,0.0007298892823074754,False,False,False,False,100000,False,True,False,4.062639498820091,0.0018472123627487516,9.777037002001695,0.0011332056126530752,True,Cruise
1,68,1675390774.88388,49.9962998098068,4.933586924265309e-05,False,False,False,False,100000,False,True,False,4.063309882841604,0.0030803124259692546,9.777925673266935,0.0009219517820236853,True,Cruise
1,69,1675390774.983853,49.9962998098068,4.933586924265309e-05,False,False,False,False,100000,False,True,False,4.063468170402878,0.00499377128770503,9.778223577688596,0.0019429685566304002,True,Cruise
1,70,1675390775.083891,49.9410773403636,0.0007856354618186877,False,False,False,False,100000,False,True,False,4.063468170402878,0.00499377128770503,9.778223577688596,0.0019429685566304002,True,Cruise
1,71,1675390775.183887,49.983482136426154,0.00022023818098457839,False,False,False,False,100000,False,True,False,4.063083070156722,-0.003233782942640922,9.77850972887312,0.0015658797697644642,True,Cruise
1,72,1675390775.2839868,49.996808030884324,-4.25595882090809e-05,False,False,False,False,100000,False,True,False,4.062763409707185,0.00307453094621525,9.778382926723182,0.003398527013896945,True,Cruise
1,73,1675390775.3838923,49.996808030884324,-4.25595882090809e-05,False,False,False,False,100000,False,True,False,4.06148305829215,0.004199246009041876,9.777634747242294,0.00470586982020508,True,Cruise
1,74,1675390775.484009,49.98207460312014,0.00023900529173145955,False,False,False,False,100000,False,True,False,4.060983162512089,0.002262422391795553,9.777290426508987,0.0040613144566543444,True,Cruise
1,75,1675390775.5839398,49.96141129208886,0.0005145161054817775,False,False,False,False,100000,False,True,False,4.0593796845359735,-0.0016756230698284618,9.776092245388222,0.0010399674538984056,True,Cruise
1,76,1675390775.6838572,49.96141129208886,0.0005145161054817775,False,False,False,False,100000,False,True,False,4.058307115080532,-0.00026279915759762335,9.775236285133197,0.001205590752083325,True,Cruise
1,77,1675390775.7838445,49.98983443064939,-0.00013554092467485423,False,False,False,False,100000,False,True,False,4.057307377237633,-5.591507213605429e-05,9.774400963420431,0.002089165421574185,True,Cruise
1,78,1675390775.8838127,49.98983443064939,-0.00013554092467485423,False,False,False,False,100000,False,True,False,4.056425396703883,0.0030240253268731627,9.773633635570857,0.0012187091000430061,True,Cruise
1,79,1675390775.983856,49.98726061022543,-0.00016985853032763543,False,False,False,False,100000,False,True,False,4.055700170910338,-8.676795046852172e-05,9.772969966883954,0.003262429063129492,True,Cruise
1,80,1675390776.0838094,49.98726061022543,-0.00016985853032763543,False,False,False,False,100000,False,True,False,4.055400824104069,-0.002970909927672582,9.772685515425676,0.0029135538586424485,True,Cruise
1,81,1675390776.183844,49.91457374241614,-0.0011390167677848922,False,False,False,False,100000,False,True,False,4.05492882087143,-0.0034707437784030778,9.772221973475697,0.0003059035844481251,True,Cruise
1,82,1675390776.2838383,49.91457374241614,-0.0011390167677848922,False,False,False,False,100000,False,True,False,4.054629668687626,-0.008983257902493293,9.771904109948832,0.008388579951178376,True,Cruise
1,83,1675390776.3838224,49.98527530363307,-0.00019632928489250333,False,False,False,False,100000,False,True,False,4.054489447109444,-0.015934543280985508,9.771730435131223,0.0018669364858580973,True,Cruise
1,84,1675390776.4838686,49.98527530363307,-0.00019632928489250333,False,False,False,False,100000,False,True,False,4.054489447109444,-0.015934543280985508,9.771730435131223,0.0018669364858580973,True,Cruise
1,85,1675390776.5838203,49.89530747752348,0.0013959002996869016,False,False,False,False,100000,False,True,False,4.054559088740382,-0.008154511347482974,9.771714153493786,0.003821684771635316,True,Cruise
1,86,1675390776.6838288,49.837325506967545,-0.0021689932404327637,False,False,False,False,100000,False,True,False,4.054644692160091,-0.012363246570457474,9.771765340911603,0.013364716740073251,True,Cruise
1,87,1675390776.7839143,49.837325506967545,-0.0021689932404327637,False,False,False,False,100000,False,True,False,4.054886521784585,0.019017324809181984,9.771936288511851,0.018017259960481594,True,Cruise
1,88,1675390776.8839684,49.837325506967545,-0.0021689932404327637,False,False,False,False,100000,False,True,False,4.055343189000558,-0.03206510499989562,9.772321660568032,0.0044918906425493255,True,Cruise
1,89,1675390776.9838684,49.837325506967545,-0.0021689932404327637,False,False,False,False,100000,False,True,False,4.055343189000558,-0.03206510499989562,9.772321660568032,0.0044918906425493255,True,Cruise
1,90,1675390777.0838435,49.837325506967545,-0.0021689932404327637,False,False,False,False,100000,False,True,False,4.055863460245451,-0.031520909367828046,9.772783027249531,0.0008830007185848706,True,Cruise
1,91,1675390777.1839077,49.95307212892707,-0.0006257049476390874,False,False,False,False,100000,False,True,False,4.056218746776697,-0.0353957253805766,9.773094329036454,0.0022587533811642756,True,Cruise
1,92,1675390777.2838688,49.95307212892707,-0.0006257049476390874,False,False,False,False,100000,False,True,False,4.056553124352787,-0.03990992099860831,9.773386983076264,0.0062265040403891875,True,Cruise
1,93,1675390777.383852,49.95307212892707,-0.0006257049476390874,False,False,False,False,100000,False,True,False,4.056894183220014,-0.03329119306821838,9.77364226457833,0.012843765611209278,True,Cruise
1,94,1675390777.4838529,49.95134341802849,-0.0006487544262867719,False,False,False,False,100000,False,True,False,4.056894183220014,-0.03329119306821838,9.77364226457833,0.010398782712361967,True,Cruise
1,95,1675390777.583828,49.95134341802849,-0.0006487544262867719,False,False,False,False,100000,False,True,False,4.057376424646575,-0.02191497072028364,9.774023022920396,0.0009961211055170953,True,Cruise
1,96,1675390777.6838477,49.95134341802849,-0.0006487544262867719,False,False,False,False,100000,False,True,False,4.057495938696625,-0.018197576638595534,9.774138674049873,0.002568947900320628,True,Cruise
1,97,1675390777.7839987,49.93684949884444,-0.0008420066820741398,False,False,False,False,100000,False,True,False,4.057560848380311,-0.013058760580342919,9.77420201871268,0.0023579987799734014,True,Cruise
1,98,1675390777.8838446,49.93684949884444,-0.0008420066820741398,False,False,False,False,100000,False,True,False,4.0575745204026825,-0.010700838129767158,9.774215173150377,0.0023579987799734014,True,Cruise
1,99,1675390777.983827,49.93684949884444,-0.0008420066820741398,False,False,False,False,100000,False,True,False,4.057539719608065,-0.008020901231277192,9.774190455992235,0.0026802768165062113,True,Cruise
1,100,1675390778.083975,49.98300561810872,-0.00022659175855034344,False,False,False,False,100000,False,True,False,4.057422659179824,-0.006494136663666351,9.774088556077714,0.0005884864977025559,True,Cruise
1,101,1675390778.1838756,49.98300561810872,-0.00022659175855034344,False,False,False,False,100000,False,True,False,4.0573707315586995,-0.008309093755916491,9.77404249960309,0.0002961704740276216,True,Cruise
1,102,1675390778.2838519,49.94150203836379,0.0007799728218161559,False,False,False,False,100000,False,True,False,4.057270386948806,0.0004905276623152256,9.773937526829226,0.00315217022121991,True,Cruise
1,103,1675390778.383863,49.94150203836379,0.0007799728218161559,False,False,False,False,100000,False,True,False,4.0570774730599934,-0.0025932697262066695,9.773770528595975,0.003094335229392615,True,Cruise
1,104,1675390778.483876,49.94150203836379,0.0007799728218161559,False,False,False,False,100000,False,True,False,4.057021661608127,0.007196329895316033,9.773714409576623,0.00978991956106943,True,Cruise
1,105,1675390778.5838358,49.975636306505336,0.0003248492465954769,False,False,False,False,100000,False,True,False,4.056897618944166,0.015645273584844795,9.77360979416014,0.0008807638211948293,True,Cruise
1,106,1675390778.6838567,49.95179055081276,-0.0006427926558299104,False,False,False,False,100000,False,True,False,4.05677477516954,0.017389439731463428,9.773517680195445,0.0008701515184988311,True,Cruise
1,107,1675390778.783922,49.979093047263405,-0.00027875936982132575,False,False,False,False,100000,False,True,False,4.056719319686806,0.01990155613101909,9.773477140804806,0.006262845979140876,True,Cruise
1,108,1675390778.883863,49.96719969500559,-0.00043733739992553604,False,False,False,False,100000,False,True,False,4.0565923145357585,0.003435956626237709,9.77338098646135,0.010203888532871352,True,Cruise
1,109,1675390778.9839118,49.99388096308095,-8.15871589207413e-05,False,False,False,False,100000,False,True,False,4.05651683934115,0.0016823141358032344,9.773325890348337,0.008883904919090909,True,Cruise
1,110,1675390779.0838382,49.98508283903571,-0.0001988954795238722,False,False,False,False,100000,False,True,False,4.056493907239291,0.0021705509192222845,9.773311309940272,0.0030319816821738534,True,Cruise
1,111,1675390779.1838155,49.98508283903571,-0.0001988954795238722,False,False,False,False,100000,False,True,False,4.056490208727404,0.0032691520944593236,9.773310160318976,0.0010986080023609448,True,Cruise
1,112,1675390779.2838464,49.990165606501186,-0.00013112524665086746,False,False,False,False,100000,False,True,False,4.056494280212856,-0.001979619728679174,9.773318865017528,0.0020690729981258068,True,Cruise
1,113,1675390779.3839474,49.94732287100616,-0.0007023617199179517,False,False,False,False,100000,False,True,False,4.056513273242711,-0.0055433673468330965,9.773339750247857,0.0012844244735397492,True,Cruise
1,114,1675390779.4839823,49.94732287100616,-0.0007023617199179517,False,False,False,False,100000,False,True,False,4.056544540427302,-0.005297579097387014,9.773369738441172,0.0061713318040689455,True,Cruise
1,115,1675390779.5838363,49.95595730544642,-0.0005872359273810823,False,False,False,False,100000,False,True,False,4.0565998210807654,-0.017515388054191346,9.773425488005655,0.0019123091720824274,True,Cruise
1,116,1675390779.6838381,49.95595730544642,-0.0005872359273810823,False,False,False,False,100000,False,True,False,4.0565998210807654,-0.017515388054191346,9.773425488005655,0.0019123091720824274,True,Cruise
1,117,1675390779.7838485,49.93830730545722,-0.0008225692605703211,False,False,False,False,100000,False,True,False,4.0565998210807654,-0.017515388054191346,9.773425488005655,0.0003984510327055718,True,Cruise
1,118,1675390779.8838558,49.89526225636553,-0.001396503248459626,False,False,False,False,100000,False,True,False,4.056692231174994,-0.017805442408622866,9.773503133497698,3.5233282002524115e-05,True,Cruise
1,119,1675390779.9838338,49.89526225636553,-0.001396503248459626,False,False,False,False,100000,False,True,False,4.056733141412248,-0.01916112027621938,9.773538701659271,0.008109041057024991,True,Cruise
1,120,1675390780.0838766,49.943582294647015,-0.0007522360713731629,False,False,False,False,100000,False,True,False,4.056743643014193,-0.02727013710160406,9.77355551553752,0.0046747113566337544,True,Cruise
1,121,1675390780.1839514,49.97551891023437,-0.0003264145302084245,False,False,False,False,100000,False,True,False,4.0567659024800005,-0.03356505990263934,9.77358399497707,0.0016203447842502352,True,Cruise
1,122,1675390780.2838507,49.97551891023437,-0.0003264145302084245,False,False,False,False,100000,False,True,False,4.056844368082328,-0.02453695957335639,9.773616965252687,0.007827795813811267,True,Cruise
1,123,1675390780.3838618,49.96082755806028,-0.0005222992258628838,False,False,False,False,100000,False,True,False,4.0568634605414315,-0.02131620979440572,9.773621268899326,0.0032208092433392886,True,Cruise
1,124,1675390780.4838362,49.983526234090235,-0.0002196502121302025,False,False,False,False,100000,False,True,False,4.056879635708083,-0.01930149516651302,9.773628057417891,0.001362038160939228,True,Cruise
1,125,1675390780.5838253,49.983526234090235,-0.0002196502121302025,False,False,False,False,100000,False,True,False,4.05687546128942,-0.020841806630673226,9.77362814778509,0.0015403171233745224,True,Cruise
1,126,1675390780.6838505,49.92460590863948,-0.0010052545514736971,False,False,False,False,100000,False,True,False,4.05687546128942,-0.020841806630673226,9.77362814778509,0.0015403171233745224,True,Cruise
1,127,1675390780.7839453,49.906303950624704,-0.0012492806583372915,False,False,False,False,100000,False,True,False,4.05687127190807,-0.010549079823969132,9.773619959530407,0.010292730916325167,True,Cruise
1,128,1675390780.8839931,49.906303950624704,-0.0012492806583372915,False,False,False,False,100000,False,True,False,4.05685473786009,-0.0031091540829999926,9.773604692897724,0.0037853427591662964,True,Cruise
1,129,1675390780.9838986,49.997224097481734,-3.7012033576847144e-05,False,False,False,False,100000,False,True,False,4.056838056922354,-0.009902816840646648,9.773599630385599,0.00679368512277011,True,Cruise
1,130,1675390781.0838163,49.997224097481734,-3.7012033576847144e-05,False,False,False,False,100000,False,True,False,4.056803543391257,-0.023617682837959588,9.773587871073508,0.006354939192977442,True,Cruise
1,131,1675390781.1838658,49.997224097481734,-3.7012033576847144e-05,False,False,False,False,100000,False,True,False,4.056803543391257,-0.023617682837959588,9.773587871073508,0.006354939192977442,True,Cruise
1,132,1675390781.2838035,49.99387707918961,-8.16389441385602e-05,False,False,False,False,100000,False,True,False,4.0568148536594455,-0.0007283328564865487,9.773564194718825,0.006354939192977442,True,Cruise
1,133,1675390781.383889,49.99387707918961,-8.16389441385602e-05,False,False,False,False,100000,False,True,False,4.056791123799398,-0.0026462792995509323,9.773546667499964,0.0007766387008542978,True,Cruise
1,134,1675390781.483897,49.99387707918961,-8.16389441385602e-05,False,False,False,False,100000,False,True,False,4.0567815113783405,-0.0028674758823993775,9.773541832709856,0.00032396579005424854,True,Cruise
1,135,1675390781.5840118,49.9991878210312,1.0829052917317515e-05,False,False,False,False,100000,False,True,False,4.056765372738414,-0.0018798450787726653,9.773533441441373,0.0006638650350033237,True,Cruise
1,136,1675390781.683897,49.9991878210312,1.0829052917317515e-05,False,False,False,False,100000,False,True,False,4.056749457390823,-0.00018604242428400325,9.773524486991434,0.0016939010929849136,True,Cruise
1,137,1675390781.7839513,49.99163766292829,0.00011149782762283067,False,False,False,False,100000,False,True,False,4.05674353947333,0.0010725264728584567,9.773521100373163,0.00124666671469794,True,Cruise
1,138,1675390781.8839526,49.99163766292829,0.00011149782762283067,False,False,False,False,100000,False,True,False,4.056740069423399,0.0018055892319048695,9.773519797865209,4.757399892579034e-05,True,Cruise
1,139,1675390781.9838848,49.99140836600531,-0.00011455511992926781,False,False,False,False,100000,False,True,False,4.056739362327581,0.003037894777798524,9.773519831243338,0.00123230574921115,True,Cruise
1,140,1675390782.0838997,49.99140836600531,-0.00011455511992926781,False,False,False,False,100000,False,True,False,4.056738943700858,0.0038307127444658683,9.773520319588998,0.0011045536092285436,True,Cruise
1,141,1675390782.1838903,49.91156785357259,-0.0011790952856988017,False,False,False,False,100000,False,True,False,4.05674051979707,0.0008030049682718178,9.773525799388656,0.0015904687411931113,True,Cruise
1,142,1675390782.2838871,49.91156785357259,-0.0011790952856988017,False,False,False,False,100000,False,True,False,4.142380247126132,0.21056803957397835,9.775005627550712,0.22657829227778775,True,Cruise
1,143,1675390782.3838854,49.9213379546099,-0.0010488272718679483,False,False,False,False,100000,False,True,False,4.139223151714766,0.13869399834034346,9.775351627318672,0.057224358501057664,True,Cruise
1,144,1675390782.4839268,49.9213379546099,-0.0010488272718679483,False,False,False,False,100000,False,True,False,4.125026130604059,0.05871634346585347,9.779031134557519,0.06850842848901048,True,Cruise
1,145,1675390782.5838952,49.981177584841106,-0.0002509655354519186,False,False,False,False,100000,False,True,False,4.125026130604059,0.05871634346585347,9.779031134557519,0.06850842848901048,True,Cruise
1,146,1675390782.6838768,49.981177584841106,-0.0002509655354519186,False,False,False,False,100000,False,True,False,4.072831199607814,-0.09880737030379826,9.777483675190707,0.024381565161840934,True,Cruise
1,147,1675390782.7838788,49.95767831404786,-0.0005642891460285423,False,False,False,False,100000,False,True,False,4.078957971980417,-0.11086538219104956,9.774614032095428,0.006726418606433931,True,Cruise
1,148,1675390782.8838954,49.95767831404786,-0.0005642891460285423,False,False,False,False,100000,False,True,False,4.081207020400649,-0.11698027529162447,9.773415326760247,0.0032811669610814964,True,Cruise
1,149,1675390782.9838915,49.95767831404786,-0.0005642891460285423,False,False,False,False,100000,False,True,False,4.083015823130423,-0.11950202825411196,9.772349938893111,0.0032811669610814964,True,Cruise
1,150,1675390783.0839005,49.94195633277008,-0.0007739155630655413,False,False,False,False,100000,False,True,False,4.080603238379741,-0.11714493579094466,9.770415405047085,0.0038882992761054866,True,Cruise
1,151,1675390783.1838698,49.94195633277008,-0.0007739155630655413,False,False,False,False,100000,False,True,False,4.077071069643251,-0.09975729657334739,9.769683070301118,0.008026493837029698,True,Cruise
1,152,1675390783.283801,49.97524436949661,-0.0003300750733785913,False,False,False,False,100000,False,True,False,4.073212142196731,-0.08514218560128924,9.769265422988262,0.008038647487670468,True,Cruise
1,153,1675390783.3838189,49.97524436949661,-0.0003300750733785913,False,False,False,False,100000,False,True,False,4.070356805274285,-0.0685162240462056,9.769004084196844,0.007846328759086113,True,Cruise
1,154,1675390783.4838467,49.97524436949661,-0.0003300750733785913,False,False,False,False,100000,False,True,False,4.070356805274285,-0.0685162240462056,9.769004084196844,0.007846328759086113,True,Cruise
1,155,1675390783.5838304,49.996372363996144,4.836848005139728e-05,False,False,False,False,100000,False,True,False,4.063733109988348,-0.03577861066126957,9.769237140204993,0.033401781157378664,True,Cruise
1,156,1675390783.6838293,49.996372363996144,4.836848005139728e-05,False,False,False,False,100000,False,True,False,4.02219966102217,0.2477128056195274,9.796232594257237,0.06619444232574984,True,Cruise
1,157,1675390783.7838728,49.872995809049435,-0.0016933892126741782,False,False,False,False,100000,False,True,False,4.0444923040792,0.10761316992794193,9.785506528979763,0.04762110117935969,True,Cruise
1,158,1675390783.8839393,49.872995809049435,-0.0016933892126741782,False,False,False,False,100000,False,True,False,4.0444923040792,0.10761316992794193,9.785506528979763,0.04762110117935969,True,Cruise
1,159,1675390783.9838388,49.872995809049435,-0.0016933892126741782,False,False,False,False,100000,False,True,False,4.0444923040792,0.10761316992794193,9.785506528979763,0.13172575862726207,True,Cruise
1,160,1675390784.0838277,49.964478935774636,-0.0004736141896715244,False,False,False,False,100000,False,True,False,3.9446103774862697,0.07241917167698629,9.782656438590804,0.2113759146128743,True,Cruise
1,161,1675390784.183844,49.964478935774636,-0.0004736141896715244,False,False,False,False,100000,False,True,False,3.9431527808452103,0.013684721945442447,9.77837024669062,0.05890867180849078,True,Cruise
1,162,1675390784.283864,49.92047709369479,-0.0010603054174027466,False,False,False,False,100000,False,True,False,4.013443478554622,-0.07984434242601508,9.764650220677035,0.03279312586375951,True,Cruise
1,163,1675390784.3838546,49.92047709369479,-0.0010603054174027466,False,False,False,False,100000,False,True,False,4.013443478554622,-0.07984434242601508,9.764650220677035,0.08540278388577632,True,Cruise
1,164,1675390784.4838297,49.96600787997519,-0.00045322826699750556,False,False,False,False,100000,False,True,False,4.02684738493923,-0.18288272573415212,9.759089364888872,0.010336696105539315,True,Cruise
1,165,1675390784.583914,49.96600787997519,-0.00045322826699750556,False,False,False,False,100000,False,True,False,4.020090578783971,-0.19769333293743227,9.759203741143242,0.006010487526773472,True,Cruise
1,166,1675390784.683874,49.98957657014886,0.000138979064681803,False,False,False,False,100000,False,True,False,4.01724287900376,-0.17999674627026316,9.759760896495013,0.00898111359842471,True,Cruise
1,167,1675390784.7838798,49.98957657014886,0.000138979064681803,False,False,False,False,100000,False,True,False,4.017508499068011,-0.17228018078970703,9.760129566641416,0.007729932374289673,True,Cruise
1,168,1675390784.8838747,49.98947816593726,-0.00014029112083660945,False,False,False,False,100000,False,True,False,4.022672192277906,-0.13446955296441793,9.761599122010848,0.020391085646346917,True,Cruise
1,169,1675390784.983872,49.98947816593726,-0.00014029112083660945,False,False,False,False,100000,False,True,False,4.0279380574570744,-0.10003261052427302,9.762866567228585,0.01597484476768846,True,Cruise
1,170,1675390785.0838711,49.939151497030906,-0.0008113133729212743,False,False,False,False,100000,False,True,False,4.023706307995293,1.5931052642864196e-06,9.751747867028293,0.013321461004268577,True,Cruise
1,171,1675390785.1839178,49.939151497030906,-0.0008113133729212743,False,False,False,False,100000,False,True,False,4.041746579962542,-0.07001858015687933,9.77073770514355,0.08523453297034765,True,Cruise
1,172,1675390785.283839,49.91011344951528,-0.0011984873397962409,False,False,False,False,100000,False,True,False,4.041746579962542,-0.07001858015687933,9.77073770514355,0.33925879656846203,True,Cruise
1,173,1675390785.3838358,49.91011344951528,-0.0011984873397962409,False,False,False,False,100000,False,True,False,4.0288502401687625,0.244995223039358,9.743692601671974,0.026867728109571436,True,Cruise
1,174,1675390785.4838316,49.92640275937295,-0.000981296541694096,False,False,False,False,100000,False,True,False,4.0459628472426346,0.14718812516711158,9.760242008991137,0.037183891407132796,True,Cruise
1,175,1675390785.5838811,49.92640275937295,-0.000981296541694096,False,False,False,False,100000,False,True,False,4.051579956558674,0.11216162907768197,9.765416092062688,0.035849386061723366,True,Cruise
1,176,1675390785.6838315,49.92640275937295,-0.000981296541694096,False,False,False,False,100000,False,True,False,4.056872096069443,0.07784636096337158,9.770321165209864,0.03506571129946745,True,Cruise
1,177,1675390785.7838175,49.912158201984944,-0.0011712239735340827,False,False,False,False,100000,False,True,False,4.0700537542598205,-0.012797006524606589,9.782937719072507,0.09246163319765423,True,Cruise
1,178,1675390785.8838282,49.912158201984944,-0.0011712239735340827,False,False,False,False,100000,False,True,False,4.078670032677907,-0.08412327358881676,9.79170317555383,0.022660528433399017,True,Cruise
1,179,1675390785.9839134,49.98049978655451,-0.0002600028459398227,False,False,False,False,100000,False,True,False,4.080529196774969,-0.10191955627338556,9.7936914206045,0.013164320430975433,True,Cruise
1,180,1675390786.0838838,49.98049978655451,-0.0002600028459398227,False,False,False,False,100000,False,True,False,4.082812386782145,-0.1242357667173847,9.79627950961168,0.009417380604698078,True,Cruise
1,181,1675390786.1838355,49.98049978655451,-0.0002600028459398227,False,False,False,False,100000,False,True,False,4.082812386782145,-0.1242357667173847,9.79627950961168,0.009417380604698078,True,Cruise
1,182,1675390786.2838466,49.952641691980304,-0.0006314441069292732,False,False,False,False,100000,False,True,False,4.082318201931145,-0.11253760671546022,9.796429840366724,0.007852636559566152,True,Cruise
1,183,1675390786.3838491,49.952641691980304,-0.0006314441069292732,False,False,False,False,100000,False,True,False,4.079978334463313,-0.10632843179503491,9.794467891907072,0.0051628997372324655,True,Cruise
1,184,1675390786.4838548,49.960051985389256,-0.0005326401948099656,False,False,False,False,100000,False,True,False,3.7495120766729007,-0.10463261326050449,9.823322793778999,0.3303106440463724,True,Cruise
1,185,1675390786.58387,49.960051985389256,-0.0005326401948099656,False,False,False,False,100000,False,True,False,2.786698041247622,-0.08452912933340354,9.909818132159579,0.9669004397762407,True,Cruise
1,186,1675390786.6838577,49.960051985389256,-0.0005326401948099656,False,False,False,False,100000,False,True,False,1.0103598943194114,-0.04835413388624819,10.014577272929257,1.7797922126199879,True,Cruise
1,187,1675390786.7839184,49.96982264103035,-0.00040236478626202424,False,False,False,False,100000,False,True,False,0.7611983797956027,-0.042172725215521206,10.009935837971137,0.2492813933117014,True,Cruise
1,188,1675390786.8838243,49.96982264103035,-0.00040236478626202424,False,False,False,False,100000,False,True,False,0.45182860063992336,-0.025463790169202666,9.943397125170788,0.11129523833508281,True,Cruise
1,189,1675390786.9838295,49.972017952179996,-0.0003730939709333702,False,False,False,False,100000,False,True,False,0.21743676732876932,-0.018321519604910342,9.89908285949782,0.12738640521794217,True,Cruise
1,190,1675390787.0839093,49.87636676298389,-0.0016484431602147998,False,False,False,False,100000,False,True,False,0.21743676732876932,-0.018321519604910342,9.89908285949782,0.12738640521794217,True,Cruise
1,191,1675390787.183888,49.932058328778524,-0.0009058889496197336,False,False,False,False,100000,False,True,False,-0.9018693598993639,-0.02970710461986439,9.875611536439017,0.7663831058456276,True,Cruise
1,192,1675390787.283843,49.95102711396907,-0.0006529718137457819,False,False,False,False,100000,False,True,False,-0.1370930712035632,-0.017686091116196786,9.737182345146715,0.448972270904725,True,Cruise
1,193,1675390787.3838358,49.99368858640966,-8.415218120448519e-05,False,False,False,False,100000,False,True,False,-0.1370930712035632,-0.017686091116196786,9.737182345146715,0.02849515377575501,True,Cruise
1,194,1675390787.483912,49.89940250790129,0.001341299894649441,False,False,False,False,100000,False,True,False,-0.47028093583262487,0.0006503251339919896,9.727776067781184,0.31373739756348606,True,Cruise
1,195,1675390787.5838487,49.99669047957662,-0.0003117847542964515,False,False,False,False,100000,False,True,False,-0.6816857397416816,-0.0014656599860803539,9.725567822364322,0.2114269255716409,True,Cruise
1,196,1675390787.6838453,49.99669047957662,4.412693897833876e-05,False,False,False,False,100000,False,True,False,-0.9726494137620103,-0.025850628087898078,9.704986204359582,0.03475802257624453,True,Cruise
1,197,1675390787.7838712,49.94207589474638,0.0007723214033815847,False,False,False,False,100000,False,True,False,-0.33150304624181476,-0.012983165866858028,9.633609648926216,0.6452354987397113,True,Cruise
1,198,1675390787.8838844,49.94207589474638,0.0007723214033815847,False,False,False,False,100000,False,True,False,-0.33150304624181476,-0.012983165866858028,9.633609648926216,0.22173954817398223,True,Cruise
1,199,1675390788.0020576,49.92460955828897,0.0010052058894803539,False,False,False,False,100000,False,True,False,-0.5510472912925902,0.013259655281421395,9.655996587523475,0.4045091155067308,True,Cruise
1,200,1675390788.0838797,49.273321189121546,-0.009689050811712771,False,False,False,False,100000,False,True,False,-0.4595298992198384,0.018391966062044206,9.657477531534044,0.060140174930267416,True,Cruise
1,201,1675390788.1838923,49.273321189121546,-0.009689050811712771,False,False,False,False,100000,False,True,False,-1.3478886900804905,0.064340392976334,9.774532624656707,0.8366653866795324,True,Cruise
1,202,1675390788.2838457,49.9609366611659,-0.0005208445177879333,False,False,False,False,100000,False,True,False,-2.7601977466039096,-0.1857188050053999,9.903533831680607,0.1727159480647983,True,Cruise
1,203,1675390788.3838263,49.92169476753266,0.0010440697662313094,False,False,False,False,100000,False,True,False,-2.9155302548448243,-0.2609087287449584,9.910539969528783,1.7514409092465546,True,Cruise
1,204,1675390788.4837954,49.92169476753266,0.0010440697662313094,False,False,False,False,100000,False,True,False,1.7122759385914972,-0.0698881725345878,9.51091992211324,1.2376757198004886,True,Cruise
1,205,1675390788.5838404,49.30476533443987,-0.009269795540801715,False,False,False,False,100000,False,True,False,1.7122759385914972,-0.0698881725345878,9.51091992211324,1.2376757198004886,True,Cruise
1,206,1675390788.6838584,49.30476533443987,-0.009269795540801715,False,False,False,False,100000,False,True,False,1.1464641114614746,-0.12174916680055807,9.663127109085643,0.5241044118144563,True,Cruise
1,207,1675390788.7838433,49.50779580103788,-0.006562722652828249,False,False,False,False,100000,False,True,False,-0.6357523869480318,-0.2842005236902665,9.881938984646707,1.3020574438546622,True,Cruise
1,208,1675390788.8838341,49.50779580103788,-0.006562722652828249,False,False,False,False,100000,False,True,False,-2.2084563762004343,-0.2029427503377787,10.037267483712263,0.5307154748288292,True,Cruise
1,209,1675390788.9838727,49.33849657101831,-0.008820045719755785,False,False,False,False,100000,False,True,False,-1.057557889346646,-0.2497167674978073,9.926673994322222,0.6686282668733899,True,Cruise
1,210,1675390789.083818,49.33849657101831,-0.008820045719755785,False,False,False,False,100000,False,True,False,-1.057557889346646,-0.2497167674978073,9.926673994322222,0.18309387411369107,True,Cruise
1,211,1675390789.1838386,49.38203946591482,-0.00823947378780239,False,False,False,False,100000,False,True,False,-0.9572218707481435,-0.45719978806010214,9.922155818077497,0.2486244176764354,True,Cruise
1,212,1675390789.283832,49.38203946591482,-0.00823947378780239,False,False,False,False,100000,False,True,False,-0.1681193899925828,-0.461786895614347,9.839648253089953,0.544936459836113,True,Cruise
1,213,1675390789.3838272,49.5137690742765,-0.006483079009646642,False,False,False,False,100000,False,True,False,0.028331405835289383,-0.49181725657758996,9.822536282740922,0.15723932072990873,True,Cruise
1,214,1675390789.4838154,49.5137690742765,-0.006483079009646642,False,False,False,False,100000,False,True,False,-0.13045984721443388,-0.5118761260673614,9.836520429344024,0.16066292866285606,True,Cruise
1,215,1675390789.5839052,49.73681574261997,-0.0035091234317337957,False,False,False,False,100000,False,True,False,-0.13045984721443388,-0.5118761260673614,9.836520429344024,0.7386347368499931,True,Cruise
1,216,1675390789.6838987,49.98638892409511,0.00018148101206523026,False,False,False,False,100000,False,True,False,1.6758053354648912,-0.4545668970082387,9.692883084537577,0.765057604295642,True,Cruise
1,217,1675390789.7838259,49.98638892409511,0.00018148101206523026,False,False,False,False,100000,False,True,False,2.4989429244767676,-0.375989210017272,9.649055204117857,0.23588606674336687,True,Cruise
1,218,1675390789.883818,49.894043332061806,0.0014127555725092938,False,False,False,False,100000,False,True,False,1.9545217724015291,-0.3697193836288447,9.722102409123119,0.5493355947951595,True,Cruise
1,219,1675390789.9838285,49.894043332061806,0.0014127555725092938,False,False,False,False,100000,False,True,False,1.3704949061687683,-0.3683084528361767,9.79000492235616,0.5879626880259698,True,Cruise
1,220,1675390790.0839658,49.894043332061806,0.0014127555725092938,False,False,False,False,100000,False,True,False,0.10481885340307831,-0.21782863978373826,9.918964091205961,1.2810973858029944,True,Cruise
1,221,1675390790.1839545,49.894043332061806,0.0014127555725092938,False,False,False,False,100000,False,True,False,0.21342060051834802,-0.15729949062573795,9.909188727309477,0.12471437412579645,True,Cruise
1,222,1675390790.2838466,49.88736282156019,0.0015018290458641563,False,False,False,False,100000,False,True,False,0.4120398547516932,-0.03818596179995894,9.888492094023178,0.10201596151783779,True,Cruise
1,223,1675390790.3838358,49.751150227367305,0.0033179969684359024,False,False,False,False,100000,False,True,False,0.2665836597368241,0.06470944481217974,9.896600972301016,0.1915426486439946,True,Cruise
1,224,1675390790.4838498,49.751150227367305,0.0033179969684359024,False,False,False,False,100000,False,True,False,-0.5501842175823481,0.1368219689168295,9.967605520898003,0.8230137468321365,True,Cruise
1,225,1675390790.5839148,49.9662079178492,-0.0004505610953440557,False,False,False,False,100000,False,True,False,-0.31072796379494677,0.2008358521419405,9.913524206591852,0.2536963998178437,True,Cruise
1,226,1675390790.6938188,49.9662079178492,-0.0004505610953440557,False,False,False,False,100000,False,True,False,1.4170993957548466,0.1552084419651025,9.728839167731932,0.48189759984238567,True,Cruise
1,227,1675390790.7838926,49.726262559506026,0.00364983253991966,False,False,False,False,100000,False,True,False,0.7699681606812196,0.23060970346924084,9.787064469160251,0.27578113123947,True,Cruise
1,228,1675390790.88386,49.11838733815985,0.011754835491202013,False,False,False,False,100000,False,True,False,0.7699681606812196,0.23060970346924084,9.787064469160251,0.3408816944156722,True,Cruise
1,229,1675390790.983795,49.11838733815985,0.011754835491202013,False,False,False,False,100000,False,True,False,-0.785507558495202,0.2693319046117229,9.923066916752862,1.8093387557724694,True,Cruise
1,230,1675390791.0838413,49.98329461881207,-0.00022273841583911384,False,False,False,False,100000,False,True,False,-0.785507558495202,0.2693319046117229,9.923066916752862,1.8093387557724694,True,Cruise
1,231,1675390791.1838448,49.98329461881207,-0.00022273841583911384,False,False,False,False,100000,False,True,False,-3.079149938691249,0.5319801587289421,9.986145038511426,0.2716196529361216,True,Cruise
1,232,1675390791.283878,49.85494605364642,-0.00193405261804776,False,False,False,False,100000,False,True,False,0.39118146189803693,0.34950005142664753,9.618300336597201,1.1695953802281067,True,Cruise
1,233,1675390791.3838108,49.47325372026671,0.0070232837297771675,False,False,False,False,100000,False,True,False,1.552510425040634,0.2606541719429999,9.511647617382701,1.1695953802281067,True,Cruise
1,234,1675390791.4937239,49.47325372026671,0.0070232837297771675,False,False,False,False,100000,False,True,False,2.2653765356430573,0.2318585923513842,9.455063855072419,0.7156877805346615,True,Cruise
1,235,1675390791.5838754,49.877472898780276,0.001633694682929632,False,True,False,False,100000,False,True,False,2.2653765356430573,0.2318585923513842,9.455063855072419,0.7156877805346615,True,Cruise
1,236,1675390791.6881595,49.877472898780276,0.001633694682929632,False,True,False,False,100000,False,True,False,-1.0917509183243717,0.41686489843409114,9.775152630480065,3.3774234113617094,True,Cruise
1,237,1675390791.7863815,49.99232701320291,0.00010230649062787056,False,True,False,False,100000,False,True,False,-1.0233383008118757,0.351639528025714,9.767752520198071,0.09481242962822298,True,Cruise
1,238,1675390791.8852122,49.68717542872691,-0.004170994283641237,False,True,False,False,100000,False,True,False,2.43437656843215,0.27076591660556637,9.513131733167551,0.4164774205629171,True,Cruise
1,239,1675390791.9846802,49.68717542872691,-0.004170994283641237,False,True,False,False,100000,False,True,False,1.8766049663207467,0.24472185220976825,9.599998773435768,0.5650958645195825,True,Cruise
1,240,1675390792.083882,49.867880015483635,-0.0017615997935515717,False,True,False,False,100000,False,True,False,1.8766049663207467,0.24472185220976825,9.599998773435768,0.5650958645195825,True,Cruise
1,241,1675390792.1838367,49.52043681564525,0.006394175791396725,False,True,False,False,100000,False,True,False,-0.6359463701750947,-0.36170202522887873,10.411052716159237,1.8328601956764357,True,Cruise
1,242,1675390792.2938387,49.52043681564525,0.006394175791396725,False,True,False,False,100000,False,True,False,1.035040009574254,1.7931643728005122,9.09119554431089,3.0294665584461415,True,Cruise
1,243,1675390792.3838677,49.96268346156726,-0.0004975538457698875,False,True,False,False,100000,False,True,False,-1.1498293176839514,0.05035079067730351,9.96892522507409,0.971187579435495,True,Cruise
1,244,1675390792.4838724,49.96268346156726,-0.0004975538457698875,False,True,False,False,100000,False,True,False,-1.0377324683585083,0.0944538049507964,9.940321519657928,0.36223855239219527,True,Cruise
1,245,1675390792.5838375,49.78293419611996,0.0028942107184005143,False,True,False,False,100000,False,True,False,-1.0377324683585083,0.0944538049507964,9.940321519657928,0.36223855239219527,True,Cruise
1,246,1675390792.683826,49.78293419611996,0.0028942107184005143,False,True,False,False,100000,False,True,False,2.43515724023038,-0.22034059282372362,9.635839280131965,3.5003953883925143,True,Cruise
1,247,1675390792.7839196,49.78293419611996,0.0028942107184005143,False,True,False,False,100000,False,True,False,0.5052476323519631,-0.08645679632330582,9.841955168286203,0.5511997283805314,True,Cruise
1,248,1675390792.8839757,49.4059222534275,0.007921036620966685,False,True,False,False,100000,False,True,False,0.089967355383837,0.020169528650592426,9.878728472113847,0.29157482882467156,True,Cruise
1,249,1675390792.984069,49.80259920858733,0.0026320105521689917,False,True,False,False,100000,False,True,False,-0.9653059320111805,0.03122613605086699,9.979766050486958,0.9695100622376096,True,Cruise
1,250,1675390793.0839207,49.80259920858733,0.0026320105521689917,False,True,False,False,100000,False,True,False,-1.9281284087435842,0.111626913088511,10.060129936223008,0.9695100622376096,True,Cruise
1,251,1675390793.1838923,49.85773837144843,0.0018968217140209512,False,True,False,False,100000,False,True,False,1.0002008220864012,0.0873599701840624,9.734178793043066,2.9465140618010923,True,Cruise
1,252,1675390793.2854993,49.733701188239756,0.0035506508234699114,False,True,False,False,100000,False,True,False,2.1444998712549017,0.12214835116560904,9.632853205130704,1.1493030149377654,True,Cruise
1,253,1675390793.384463,49.733701188239756,0.0035506508234699114,False,True,False,False,100000,False,True,False,1.377634334133934,0.2033941761626043,9.723184136201443,0.6081496607998084,True,Cruise
1,254,1675390793.4838316,49.74169367824647,0.0034440842900470892,False,True,False,False,100000,False,True,False,0.550372226812148,-1.3224714384640823,11.427513410364911,2.3054637756746903,True,Cruise
1,255,1675390793.5840003,49.74169367824647,0.0034440842900470892,False,True,False,False,100000,False,True,False,-1.3611123021469222,3.0357479288336395,8.481325988714252,0.43117604648154595,True,Cruise
1,256,1675390793.683863,49.7613750880998,0.0031816654920027118,False,True,False,False,100000,False,True,False,-1.3833238690596958,2.895447279948834,8.074220158152666,0.43117604648154595,True,Cruise
1,257,1675390793.7839634,49.25121780660086,0.009983762578655141,False,True,False,False,100000,False,True,False,0.29225262615534187,-1.0698940499936216,10.490396292640437,4.936536798924442,True,Cruise
1,258,1675390793.8838809,49.25121780660086,0.009983762578655141,False,True,False,False,100000,False,True,False,0.22270506093725337,-0.04947688766657694,9.830830381603832,0.20188439148466916,True,Cruise
1,259,1675390793.9838614,49.87060133775811,0.0017253154965585944,False,True,False,False,100000,False,True,False,-0.7946753201366079,0.1941186097646024,9.908686759360558,1.0325570997338864,True,Cruise
1,260,1675390794.0838814,49.87060133775811,0.0017253154965585944,False,True,False,False,100000,False,True,False,-2.430335245619337,0.2784191505894163,10.024485772003846,0.6847024439818207,True,Cruise
1,261,1675390794.1839817,49.184297014248514,0.01087603981001984,False,True,False,False,100000,False,True,False,-0.8668747624804721,0.15732320631472985,9.824422034362772,1.5808536963221822,True,Cruise
1,262,1675390794.2838392,49.184297014248514,0.01087603981001984,False,True,False,False,100000,False,True,False,0.6782071070111169,0.09303563637263126,9.678358851050891,1.5533014287638713,True,Cruise
1,263,1675390794.383831,49.43559150947126,0.0075254465403832085,False,True,False,False,100000,False,True,False,-0.15465416908303165,0.05280410182594268,9.767761090411534,0.9236413621379285,True,Cruise
1,264,1675390794.5019782,49.43559150947126,0.0075254465403832085,False,True,False,False,100000,False,True,False,-0.17958863875921752,0.3242320253584241,9.735953434307358,0.32491091458671145,True,Cruise
1,265,1675390794.597729,49.43559150947126,0.0075254465403832085,False,True,False,False,100000,False,True,False,0.016904669606780078,0.2226222805325355,9.725287157547879,0.09642279523619576,True,Cruise
1,266,1675390794.69382,49.57509765511583,0.005665364598455516,False,True,False,False,100000,False,True,False,0.016904669606780078,0.2226222805325355,9.725287157547879,0.09642279523619576,True,Cruise
1,267,1675390794.7898216,49.89507346267955,0.0013990204976060162,False,True,False,False,100000,False,True,False,0.016904669606780078,0.2226222805325355,9.725287157547879,0.09642279523619576,True,Cruise
1,268,1675390794.8858898,49.89507346267955,0.0013990204976060162,False,True,False,False,100000,False,True,False,0.5262368622232995,0.33716451381154283,9.706120538570733,0.21677099353978074,True,Cruise
1,269,1675390794.983829,49.781285668079114,0.0029161910922784317,False,True,False,False,100000,False,True,False,2.002155538848167,0.40234251500927004,9.596978417793203,0.6911438825726451,True,Cruise
1,270,1675390795.0846276,49.781285668079114,0.0029161910922784317,False,True,False,False,100000,False,True,False,1.4548301510092263,0.3620740952366834,9.69995579459058,1.2394245521262943,True,Cruise
1,271,1675390795.185162,49.86878908165629,0.00174947891124948,False,True,False,False,100000,False,True,False,0.22305932569495127,0.38348485673006805,9.835806571586255,1.2394245521262943,True,Cruise
1,272,1675390795.2857897,49.57198070630564,0.005706923915924818,False,True,False,False,100000,False,True,False,0.22305932569495127,0.38348485673006805,9.835806571586255,1.2394245521262943,True,Cruise
1,273,1675390795.3860652,49.96222832535008,0.0005036223286655518,False,True,False,False,100000,False,True,False,-0.37000135167157233,0.5166581272228233,9.911828567431495,1.0074336297729907,True,Cruise
1,274,1675390795.485693,49.96222832535008,0.0005036223286655518,False,True,False,False,100000,False,True,False,-1.133079401312761,0.5234315207047661,9.97690817860627,0.03823528953435743,True,Cruise
1,275,1675390795.5851922,47.994678328204884,0.026737622290601486,False,True,False,False,100000,False,True,False,0.5300769937481596,0.2184420739694563,9.853101485899938,1.0378758110794057,True,Cruise
1,276,1675390795.6852295,47.994678328204884,0.026737622290601486,False,True,False,False,100000,False,True,False,0.5300769937481596,0.2184420739694563,9.853101485899938,1.0378758110794057,True,Cruise
1,277,1675390795.7855134,48.15845928591452,0.02455387618780645,False,True,False,False,100000,False,True,False,0.5300769937481596,0.2184420739694563,9.853101485899938,3.0305600653436096,True,Cruise
1,278,1675390795.8838618,48.15845928591452,0.02455387618780645,False,True,False,False,100000,False,True,False,-2.941903708150511,0.7014270826137008,10.115783085830664,0.4851662881638562,True,Cruise
1,279,1675390795.983843,48.15845928591452,0.02455387618780645,False,True,False,False,100000,False,True,False,-3.3997402342326413,0.7161582546788459,10.092807854349227,0.17409910822596994,True,Cruise
1,280,1675390796.083849,48.50177498250797,0.019976333566560454,False,True,False,False,100000,False,True,False,-3.6252320050713336,0.8635976639074574,10.036224078532937,1.387745837604316,True,Cruise
1,281,1675390796.185194,48.50177498250797,0.019976333566560454,False,True,False,False,100000,False,True,False,-2.2660810397764766,1.0857801970519085,9.865396430619382,1.387745837604316,True,Cruise
1,282,1675390796.2869766,49.335010365043715,-0.008866528466083849,False,True,False,False,100000,False,True,False,-1.626737660457385,1.0323115367155486,9.732616041174763,0.6551713410539151,True,Cruise
1,283,1675390796.3847997,49.335010365043715,-0.008866528466083849,False,True,False,False,100000,False,True,False,-1.3356169504413113,1.0535004386599716,9.688049711497317,1.1939182446912464,True,Cruise
1,284,1675390796.485752,49.23127269767479,-0.010249697364336166,False,True,False,False,100000,False,True,False,0.8861675133875101,0.8488190693682552,9.470620835329255,0.7975451372946446,True,Cruise
1,285,1675390796.589744,49.404302435595966,0.007942634192053797,False,True,False,False,100000,False,True,False,1.6489317105134305,0.6228743796133323,9.413893216158915,0.7975451372946446,True,Cruise
1,286,1675390796.697627,49.404302435595966,0.007942634192053797,False,True,False,False,100000,False,True,False,1.2344293758385514,0.4070122823597205,9.494565234126036,0.09415751499971728,True,Cruise
1,287,1675390796.797978,49.404302435595966,0.007942634192053797,False,True,False,False,100000,False,True,False,1.2344293758385514,0.4070122823597205,9.494565234126036,0.09415751499971728,True,Cruise
1,288,1675390796.9017017,49.404302435595966,0.007942634192053797,False,True,False,False,100000,False,True,False,1.2344293758385514,0.4070122823597205,9.494565234126036,1.0221905102985347,True,Cruise
1,289,1675390797.0058808,49.86310188187614,0.0018253082416514548,False,True,False,False,100000,False,True,False,2.2090572023244603,0.7132921235764998,9.460408272200887,0.17503297729355388,True,Cruise
1,290,1675390797.083888,48.77384576595201,0.016348723120639806,False,True,False,False,100000,False,True,False,2.207136129914973,0.5751196441655948,9.575519177076764,0.6066771634501373,True,Cruise
1,291,1675390797.1840675,48.77384576595201,0.016348723120639806,False,True,False,False,100000,False,True,False,0.8017924157581126,0.32003011200408027,9.75919108700514,1.4400683993600158,True,Cruise
1,292,1675390797.2839942,48.77384576595201,0.016348723120639806,False,True,False,False,100000,False,True,False,-1.4565477228623929,0.45975658682239423,10.010407191437842,1.321361774659785,True,Cruise
1,293,1675390797.384245,47.77811129967331,0.029625182671022487,False,True,False,False,100000,False,True,False,-2.044609292770773,0.47052477191551095,10.07338950059832,0.5915227257515083,True,Cruise
1,294,1675390797.4838846,47.77811129967331,0.029625182671022487,False,True,False,False,100000,False,True,False,-2.044609292770773,0.47052477191551095,10.07338950059832,0.5915227257515083,True,Cruise
1,295,1675390797.5838606,48.29917309736656,-0.022677692035112468,False,True,False,False,100000,False,True,False,-2.5034352676125047,0.6327264818846725,10.10621028040975,0.20361935558493632,True,Cruise
1,296,1675390797.6838439,48.180458885998625,0.02426054818668498,False,True,False,False,100000,False,True,False,-1.7837595999987401,0.8464627902653914,10.003274418031882,0.8557360896865168,True,Cruise
1,297,1675390797.7858238,48.180458885998625,0.02426054818668498,False,True,False,False,100000,False,True,False,-1.3463067952330927,-0.03273054635336728,9.948626156070597,0.8557360896865168,True,Cruise
1,298,1675390797.8896902,45.973345080240456,0.05368873226346057,False,True,False,False,100000,False,True,False,-0.7336277056483129,0.8176686799246565,9.860168294747773,0.7870160874825557,True,Cruise
1,299,1675390797.9938064,45.973345080240456,0.05368873226346057,False,True,False,False,100000,False,True,False,-0.7336277056483129,0.8176686799246565,9.860168294747773,0.7870160874825557,True,Cruise
1,300,1675390798.0977342,49.94825265609357,-0.0006899645854190038,False,True,False,False,100000,False,True,False,-2.519380259995771,1.0126319211709756,9.981403951955855,0.6784479971257327,True,Cruise
