repetition,iteration,time,speed,steering,obstacle_North,obstacle_NorthWest,obstacle_SouthWest,obstacle_West,obstacle_distance,follow_enable,steady_motion_enable,passing_start,accel_x,accel_y,accel_z,accel_diff,success,action
1,1,1675390926.7750103,0.0,0.0,False,False,False,False,100000,False,True,False,-0.0898562157969531,-3.5790609502550483e-13,9.715456883517406,0.013418187581165912,True,Cruise
1,2,1675390926.7751791,0.0,0.0,False,False,False,False,100000,False,True,False,-0.0898562157969531,-3.5790609502550483e-13,9.715456883517406,0.013418187581165912,True,Cruise
1,3,1675390926.8753362,0.0,0.0,False,False,False,False,100000,False,True,False,-0.08469368572012234,-2.9442808186273413e-13,9.74213188200712,0.013826692223594735,True,Cruise
1,4,1675390926.975351,49.68489022247313,0.004201463700358204,False,False,False,False,100000,False,True,False,0.9226349717252955,-0.012784792126189373,9.685477907829114,0.9982652706340562,True,Cruise
1,5,1675390927.0754972,49.75799170042487,0.0032267773276683947,False,False,False,False,100000,False,True,False,2.5267889492466105,0.008615260868981206,9.591384667492811,0.6869603180957528,True,Cruise
1,6,1675390927.1754198,49.75799170042487,0.0032267773276683947,False,False,False,False,100000,False,True,False,2.98379650493287,0.01023711062025414,9.582259611397376,0.4571015237337218,True,Cruise
1,7,1675390927.275521,49.753363731580876,0.003288483578921644,False,False,False,False,100000,False,True,False,3.266907282100359,0.003769033345056771,9.591781390477292,0.1763397866167597,True,Cruise
1,8,1675390927.3753917,49.753363731580876,0.003288483578921644,False,False,False,False,100000,False,True,False,3.5637397868156055,0.0006980940063117255,9.639860506957136,0.12472772847445407,True,Cruise
1,9,1675390927.4754255,49.763191526552134,0.003157446312638168,False,False,False,False,100000,False,True,False,4.011090716121258,0.002840035248397639,9.749331500862793,0.12355212512142129,True,Cruise
1,10,1675390927.575468,49.78151686574635,0.0029131084567153064,False,False,False,False,100000,False,True,False,4.25031363885964,0.00411685090780401,9.795845868370234,0.124273195100549,True,Cruise
1,11,1675390927.6755576,49.69394394699691,0.004080747373374502,False,False,False,False,100000,False,True,False,4.25031363885964,0.00411685090780401,9.795845868370234,0.10994671921726987,True,Cruise
1,12,1675390927.775459,49.69394394699691,0.004080747373374502,False,False,False,False,100000,False,True,False,4.53389298621511,0.0038900573983607694,9.856453934992834,0.08281089761869895,True,Cruise
1,13,1675390927.875342,49.693424493149266,0.004087673424676467,False,False,False,False,100000,False,True,False,4.649707271660293,0.006949138630387248,9.889683466806622,0.03856052819534958,True,Cruise
1,14,1675390927.9753394,49.70613305749096,0.00391822590012053,False,False,False,False,100000,False,True,False,4.717753474785738,0.00854406454760023,9.924937136933508,0.013680341065213819,True,Cruise
1,15,1675390928.0753682,49.70613305749096,0.00391822590012053,False,False,False,False,100000,False,True,False,4.715972350465462,0.008832699880788447,9.932210212576976,0.007493553463841533,True,Cruise
1,16,1675390928.1753685,49.70500159513438,0.0039333120648749114,False,False,False,False,100000,False,True,False,4.682158467115764,0.007983987590703444,9.939679090586381,0.029783407745036735,True,Cruise
1,17,1675390928.275355,49.70500159513438,0.0039333120648749114,False,False,False,False,100000,False,True,False,4.572851997601048,0.008865953547897253,9.933717729203195,0.029783407745036735,True,Cruise
1,18,1675390928.375497,49.684385000493215,0.004208199993423809,False,False,False,False,100000,False,True,False,4.572851997601048,0.008865953547897253,9.933717729203195,0.047803757075070605,True,Cruise
1,19,1675390928.4754078,49.6981087735253,0.004025216352996026,False,False,False,False,100000,False,True,False,4.474491389078251,0.009153064465873812,9.919528743966548,0.05427210432817595,True,Cruise
1,20,1675390928.5753756,49.6981087735253,0.004025216352996026,False,False,False,False,100000,False,True,False,4.311156652486257,0.010250249016731147,9.886381247015093,0.05591335291363952,True,Cruise
1,21,1675390928.6754348,49.734422774309444,0.0035410296758740783,False,False,False,False,100000,False,True,False,4.203295392771166,0.009676462357556124,9.858909495143612,0.055094101447016854,True,Cruise
1,22,1675390928.775513,49.70124473071187,0.003983403590508433,False,False,False,False,100000,False,True,False,4.203295392771166,0.009676462357556124,9.858909495143612,0.055094101447016854,True,Cruise
1,23,1675390928.8754258,49.70124473071187,0.003983403590508433,False,False,False,False,100000,False,True,False,4.058694857736328,0.008055586582673092,9.814354400597548,0.047573693132987496,True,Cruise
1,24,1675390928.9754655,49.671378028520564,0.00438162628639252,False,False,False,False,100000,False,True,False,3.980057389626048,0.00824840135014911,9.78510248282544,0.040045874937498165,True,Cruise
1,25,1675390929.0755508,49.7689561732454,0.003080584356728029,False,False,False,False,100000,False,True,False,3.8947148963445177,0.010201865255388316,9.745928740008306,0.026921669949961445,True,Cruise
1,26,1675390929.1754215,49.7689561732454,0.003080584356728029,False,False,False,False,100000,False,True,False,3.875359678959306,0.014536696997759188,9.734773533668797,0.022756402060530073,True,Cruise
1,27,1675390929.2754738,49.77510296572424,0.0029986271236768047,False,False,False,False,100000,False,True,False,3.8499769430548327,0.0047332457330636745,9.716029470817913,0.022756402060530073,True,Cruise
1,28,1675390929.3753743,49.743338564325384,0.0034221524756615617,False,False,False,False,100000,False,True,False,3.8435756282347993,0.004652837032556555,9.708601748819039,0.006568958171916774,True,Cruise
1,29,1675390929.4753702,49.743338564325384,0.0034221524756615617,False,False,False,False,100000,False,True,False,3.853754521715047,0.006368991426071997,9.69259242906483,0.007917758466725136,True,Cruise
1,30,1675390929.5753477,49.77047376394018,0.0030603498141308825,False,False,False,False,100000,False,True,False,3.863605020183491,0.007267487381421985,9.691951902064218,0.009912108246841803,True,Cruise
1,31,1675390929.6754048,49.77047376394018,0.0030603498141308825,False,False,False,False,100000,False,True,False,3.875660822980407,0.007350223598569158,9.692560296587454,0.012071427846599266,True,Cruise
1,32,1675390929.775444,49.759620122073564,0.00320506503901912,False,False,False,False,100000,False,True,False,3.9213474900636753,0.005476866652116483,9.701031097635317,0.016901813208107356,True,Cruise
1,33,1675390929.875356,49.77185623566921,0.0030419168577439032,False,False,False,False,100000,False,True,False,3.9561394966466668,0.005605032229479589,9.71116376947342,0.018422904975910346,True,Cruise
1,34,1675390929.9753382,49.77185623566921,0.0030419168577439032,False,False,False,False,100000,False,True,False,4.008466934812806,0.007121135260451736,9.730653469475142,0.018432426899065997,True,Cruise
1,35,1675390930.075428,49.722353189333525,0.00370195747555299,False,False,False,False,100000,False,True,False,4.024894251892858,0.0073249215127284975,9.737782369980867,0.01790864310062926,True,Cruise
1,36,1675390930.175403,49.74308151338101,0.0034255798215865755,False,False,False,False,100000,False,True,False,4.054966114853609,0.010024609313182865,9.752247682632273,0.0334791058162104,True,Cruise
1,37,1675390930.275402,49.74308151338101,0.0034255798215865755,False,False,False,False,100000,False,True,False,4.068309727334772,0.012847968435947073,9.759354409462974,0.015379496644226017,True,Cruise
1,38,1675390930.3754199,49.79936511025303,0.0026751318632929053,False,False,False,False,100000,False,True,False,4.100399229794339,0.013597798919579936,9.778969575595113,0.012575397992951045,True,Cruise
1,39,1675390930.475365,49.79936511025303,0.0026751318632929053,False,False,False,False,100000,False,True,False,4.108278887863823,0.009423741520328073,9.78466550595671,0.008386598150603924,True,Cruise
1,40,1675390930.5754254,49.85369415856227,0.0019507445525029927,False,False,False,False,100000,False,True,False,4.119714974547448,0.008018173619703764,9.79442664758853,0.00679307426119677,True,Cruise
1,41,1675390930.6754177,49.85369415856227,0.0019507445525029927,False,False,False,False,100000,False,True,False,4.119714974547448,0.008018173619703764,9.79442664758853,0.009549733314950164,True,Cruise
1,42,1675390930.775426,49.788716017657805,0.0028171197645625503,False,False,False,False,100000,False,True,False,4.126714218237188,0.0046852517696123995,9.804453911390516,0.002091636560960627,True,Cruise
1,43,1675390930.8755713,49.82003911943685,0.0023994784075086996,False,False,False,False,100000,False,True,False,4.125441386106919,0.0018453242495732897,9.807921002671131,0.003062144760184251,True,Cruise
1,44,1675390930.9757488,49.80736755568345,0.002568432590887295,False,False,False,False,100000,False,True,False,4.1203140747654405,0.010969857129022318,9.80892158523872,0.00468294259254327,True,Cruise
1,45,1675390931.0754442,49.80736755568345,0.002568432590887295,False,False,False,False,100000,False,True,False,4.112320313011602,0.007154176257145559,9.807694505115775,0.004634298261862698,True,Cruise
1,46,1675390931.1754055,49.80272156600958,0.0026303791198722106,False,False,False,False,100000,False,True,False,4.102346065131662,0.006415794933491081,9.804597317485388,0.010470119338738811,True,Cruise
1,47,1675390931.2754316,49.83030764933371,0.002262564675550549,False,False,False,False,100000,False,True,False,4.091272709827783,0.008756804353332802,9.800053562575428,0.0060458029801436835,True,Cruise
1,48,1675390931.3754144,49.83030764933371,0.002262564675550549,False,False,False,False,100000,False,True,False,4.0799278280818365,0.011439042303385874,9.794519260747734,0.006600609251727471,True,Cruise
1,49,1675390931.4754045,49.75220471719874,0.0033039371040168267,False,False,False,False,100000,False,True,False,4.074388475381547,0.009461327144066228,9.791523888165836,0.006216540996357661,True,Cruise
1,50,1675390931.5754924,49.75220471719874,0.0033039371040168267,False,False,False,False,100000,False,True,False,4.063922285049974,0.008958573130517535,9.785357150496703,0.01123597869544218,True,Cruise
1,51,1675390931.675452,49.780100873004976,0.0029319883599336783,False,False,False,False,100000,False,True,False,4.050578686327224,0.01454331967804415,9.776414145588243,0.009035847855607324,True,Cruise
1,52,1675390931.775393,49.786058996953464,0.002852546707287163,False,False,False,False,100000,False,True,False,4.043717068970663,0.020580472958084007,9.771140478593438,0.004651754305317506,True,Cruise
1,53,1675390931.875542,49.786058996953464,0.002852546707287163,False,False,False,False,100000,False,True,False,4.040985270741821,0.018292257441101467,9.768804508774199,0.0042609161939256264,True,Cruise
1,54,1675390931.9756193,49.77713811569189,0.002971491790774855,False,False,False,False,100000,False,True,False,4.035527214018258,0.01764829976585123,9.763260089089277,0.00214638020457772,True,Cruise
1,55,1675390932.0754194,49.838024310274754,0.00215967586300328,False,False,False,False,100000,False,True,False,4.034045114406009,0.01866526680975746,9.760890797382137,0.0029739509785037892,True,Cruise
1,56,1675390932.175364,49.838024310274754,0.00215967586300328,False,False,False,False,100000,False,True,False,4.034087594089686,0.02306173657015203,9.759593946278422,0.005538960063247308,True,Cruise
1,57,1675390932.2753506,49.94562860670738,0.0007249519105682452,False,False,False,False,100000,False,True,False,4.034638210475419,0.017556714342681967,9.759326307617028,0.002977028288305695,True,Cruise
1,58,1675390932.3753314,49.92317613381182,0.0010243182158423928,False,False,False,False,100000,False,True,False,4.037888254097712,0.007681535560394816,9.759892199650627,0.005650920620053506,True,Cruise
1,59,1675390932.4753263,49.94636802177938,0.0007150930429416008,False,False,False,False,100000,False,True,False,4.039383461639003,0.00226334418906708,9.76047568960451,0.005650920620053506,True,Cruise
1,60,1675390932.575347,49.94636802177938,0.0007150930429416008,False,False,False,False,100000,False,True,False,4.044495670866056,0.0018262153105903754,9.763113592352575,0.005769254349204229,True,Cruise
1,61,1675390932.6753798,49.965455072711144,0.0004605990305180483,False,False,False,False,100000,False,True,False,4.046320972695959,0.002059570661395433,9.764207653893779,0.0021408297797670408,True,Cruise
1,62,1675390932.7753503,49.965455072711144,0.0004605990305180483,False,False,False,False,100000,False,True,False,4.049995262096906,-0.0029055842247070495,9.766574232789699,0.004044247904577836,True,Cruise
1,63,1675390932.8753493,49.939387975616114,0.0008081603251184761,False,False,False,False,100000,False,True,False,4.055136067017912,-0.007980650747877488,9.770246084124102,0.00209146613932027,True,Cruise
1,64,1675390932.975347,49.939387975616114,0.0008081603251184761,False,False,False,False,100000,False,True,False,4.055136067017912,-0.007980650747877488,9.770246084124102,0.0040837022270221535,True,Cruise
1,65,1675390933.0753305,49.984150922660746,0.0002113210311900009,False,False,False,False,100000,False,True,False,4.060468543158159,-0.003992935264772778,9.774599774246198,0.0016596913519394713,True,Cruise
1,66,1675390933.1754048,49.955116664482816,0.0005984444735625154,False,False,False,False,100000,False,True,False,4.062315616758856,-0.006850892498565868,9.77629997726236,0.0052085518750761,True,Cruise
1,67,1675390933.2753642,49.905592660637296,0.0012587645248361228,False,False,False,False,100000,False,True,False,4.063562073032489,-0.003529568597111431,9.777601094748942,0.00212117971808606,True,Cruise
1,68,1675390933.3753257,49.905592660637296,0.0012587645248361228,False,False,False,False,100000,False,True,False,4.063966136323541,-0.003941319122787771,9.77809341944472,0.0007584123183628477,True,Cruise
1,69,1675390933.4753652,49.905592660637296,0.0012587645248361228,False,False,False,False,100000,False,True,False,4.063966136323541,-0.003941319122787771,9.77809341944472,0.0007584123183628477,True,Cruise
1,70,1675390933.5754902,49.99673577273661,4.3523030178406415e-05,False,False,False,False,100000,False,True,False,4.064351947123549,0.006175418259701453,9.778762380479332,0.005210156639548115,True,Cruise
1,71,1675390933.675429,49.9302935426356,0.0009294194315253172,False,False,False,False,100000,False,True,False,4.064276179106315,0.002767231633922668,9.779023788403945,0.008616024971160924,True,Cruise
1,72,1675390933.7753549,49.9302935426356,0.0009294194315253172,False,False,False,False,100000,False,True,False,4.063416022324926,-0.0011773367020684255,9.778752450594594,0.0009525094516738602,True,Cruise
1,73,1675390933.8754497,49.96362246943073,0.00048503374092358383,False,False,False,False,100000,False,True,False,4.062968293483554,-0.0028986432858121042,9.778514736892694,0.0017943983043646901,True,Cruise
1,74,1675390933.9754574,49.97473621998324,0.00033685040022342913,False,False,False,False,100000,False,True,False,4.062455395006574,0.004620725162204456,9.778218037839972,0.007542678372607508,True,Cruise
1,75,1675390934.0753782,49.97473621998324,0.00033685040022342913,False,False,False,False,100000,False,True,False,4.060718724134833,0.004928667750899823,9.777056219983255,0.0021120310335964727,True,Cruise
1,76,1675390934.1754234,49.97726140464514,0.0003031812713981099,False,False,False,False,100000,False,True,False,4.059491812564046,0.004221214188404836,9.776147802045394,0.0007694416426151605,True,Cruise
1,77,1675390934.2753894,49.97726140464514,0.0003031812713981099,False,False,False,False,100000,False,True,False,4.058294272954905,0.004124955646150425,9.775212608486607,0.001118915455919542,True,Cruise
1,78,1675390934.3753555,49.97726140464514,0.0003031812713981099,False,False,False,False,100000,False,True,False,4.05718879959358,0.003095141355176804,9.774310542825164,0.0007439348597063638,True,Cruise
1,79,1675390934.4755466,49.97726140464514,0.0003031812713981099,False,False,False,False,100000,False,True,False,4.056222638892702,0.0029923317635909353,9.773491027871117,0.0007439348597063638,True,Cruise
1,80,1675390934.5755408,49.98529514310028,-0.00019606475866291184,False,False,False,False,100000,False,True,False,4.055803390134019,0.0028837106635126375,9.77312433300393,0.0005674796830380885,True,Cruise
1,81,1675390934.675608,49.98529514310028,-0.00019606475866291184,False,False,False,False,100000,False,True,False,4.055430864754231,0.002728708264051956,9.772791255149517,0.0005232033634493309,True,Cruise
1,82,1675390934.7754717,49.98529514310028,-0.00019606475866291184,False,False,False,False,100000,False,True,False,4.054611808239796,-0.0005679245830387847,9.77201664711471,0.0025920121000225873,True,Cruise
1,83,1675390934.8754773,49.98529514310028,-0.00019606475866291184,False,False,False,False,100000,False,True,False,4.05431185100491,-0.003988177169224055,9.771698184552342,0.0008610845111299164,True,Cruise
1,84,1675390934.9755423,49.99216840352459,-0.0001044212863388644,False,False,False,False,100000,False,True,False,4.0541926374436175,-0.0044541145445663325,9.771535517660313,0.0003525570021420151,True,Cruise
1,85,1675390935.075587,49.99216840352459,-0.0001044212863388644,False,False,False,False,100000,False,True,False,4.054236603439118,-0.0055161274706022395,9.771515824513548,0.0003564305230577616,True,Cruise
1,86,1675390935.1755364,49.99216840352459,-0.0001044212863388644,False,False,False,False,100000,False,True,False,4.05441797729416,-0.005093801647362814,9.771619731047169,0.00014623879225153147,True,Cruise
1,87,1675390935.275594,49.99082602798816,0.0001223196268244684,False,False,False,False,100000,False,True,False,4.054550914046862,-0.005241905124372328,9.771710656843101,0.00023983510448288337,True,Cruise
1,88,1675390935.375439,49.99082602798816,0.0001223196268244684,False,False,False,False,100000,False,True,False,4.054880999554619,-0.005420899095776492,9.771954171865795,0.0002209195882873464,True,Cruise
1,89,1675390935.475348,49.99082602798816,0.0001223196268244684,False,False,False,False,100000,False,True,False,4.055476455930242,-0.0034769129738677525,9.772422935548857,0.0002209195882873464,True,Cruise
1,90,1675390935.575464,49.9954950369555,-6.006617392670277e-05,False,False,False,False,100000,False,True,False,4.055896614012104,-0.0011990282237768614,9.77276616770668,0.0007904842376662705,True,Cruise
1,91,1675390935.675415,49.9954950369555,-6.006617392670277e-05,False,False,False,False,100000,False,True,False,4.056497667977284,0.0008698026737864569,9.773268865368246,0.0011176042813751481,True,Cruise
1,92,1675390935.7753596,49.9954950369555,-6.006617392670277e-05,False,False,False,False,100000,False,True,False,4.056680095287663,-0.00019190116636826396,9.773423528698435,0.0010883085561900754,True,Cruise
1,93,1675390935.875366,49.94769199331534,0.0006974400891288056,False,False,False,False,100000,False,True,False,4.0570057641592285,-0.00037031298838097356,9.773702294997348,0.0004178623843695466,True,Cruise
1,94,1675390935.9754655,49.94769199331534,0.0006974400891288056,False,False,False,False,100000,False,True,False,4.057270552422226,0.0002905034508945427,9.77393159297527,0.002040754103291769,True,Cruise
1,95,1675390936.0755684,49.94769199331534,0.0006974400891288056,False,False,False,False,100000,False,True,False,4.057467919557661,0.005343904961930884,9.774105004819779,0.007090173782464916,True,Cruise
1,96,1675390936.1753948,49.94084323780517,-0.000788756829264375,False,False,False,False,100000,False,True,False,4.0575949025043565,0.010889838100463995,9.774220415246697,0.0013126716015557673,True,Cruise
1,97,1675390936.2753506,49.94084323780517,-0.000788756829264375,False,False,False,False,100000,False,True,False,4.0576335142621645,0.011242933270721825,9.77425665047248,0.000357043496913195,True,Cruise
1,98,1675390936.3753884,49.94084323780517,-0.000788756829264375,False,False,False,False,100000,False,True,False,4.057654167463367,-0.004505167797307104,9.774271227898343,0.0077611329282477794,True,Cruise
1,99,1675390936.4753885,49.95243379344544,-0.0006342160873941966,False,False,False,False,100000,False,True,False,4.057624580607247,-0.006557067535820536,9.774247359864393,0.00032739609032002927,True,Cruise
1,100,1675390936.575401,49.95243379344544,-0.0006342160873941966,False,False,False,False,100000,False,True,False,4.057471774951295,-0.009198151055109603,9.774127018861792,0.001759730516654952,True,Cruise
1,101,1675390936.67556,49.95243379344544,-0.0006342160873941966,False,False,False,False,100000,False,True,False,4.057407772471546,-0.00960690748215428,9.77407440648974,0.00041706857440625746,True,Cruise
1,102,1675390936.7754676,49.932498789272486,-0.0009000161430335249,False,False,False,False,100000,False,True,False,4.057407772471546,-0.00960690748215428,9.77407440648974,0.00041706857440625746,True,Cruise
1,103,1675390936.875577,49.932498789272486,-0.0009000161430335249,False,False,False,False,100000,False,True,False,4.05719518527164,-0.014492916435297808,9.773896253632127,0.004893875279207488,True,Cruise
1,104,1675390936.9754944,49.932498789272486,-0.0009000161430335249,False,False,False,False,100000,False,True,False,4.056972801906209,-0.019924387852776355,9.773711422008585,0.0022014199970368424,True,Cruise
1,105,1675390937.0753977,49.928159261830515,-0.0009578765089264423,False,False,False,False,100000,False,True,False,4.056832464326565,-0.02300855787220209,9.773597088654013,0.00035282153167728116,True,Cruise
1,106,1675390937.175481,49.928159261830515,-0.0009578765089264423,False,False,False,False,100000,False,True,False,4.056656567963801,-0.023552869678240183,9.77345231559316,0.00024825088763210214,True,Cruise
1,107,1675390937.2755568,49.928159261830515,-0.0009578765089264423,False,False,False,False,100000,False,True,False,4.056565244587418,-0.024719259260698682,9.773379077870864,0.00044533251826601143,True,Cruise
1,108,1675390937.3754406,49.97885643182603,-0.0002819142423196148,False,False,False,False,100000,False,True,False,4.056528839335851,-0.024827894682912313,9.773350102871055,0.00011818015025859941,True,Cruise
1,109,1675390937.4755359,49.97885643182603,-0.0002819142423196148,False,False,False,False,100000,False,True,False,4.056498709179908,-0.02476000557492001,9.773326334841226,0.00015706329993195252,True,Cruise
1,110,1675390937.5754817,49.97885643182603,-0.0002819142423196148,False,False,False,False,100000,False,True,False,4.056457091977312,-0.019184530294000246,9.773284498159615,0.007158312047422971,True,Cruise
1,111,1675390937.6754692,49.98956600277382,0.00013911996301572185,False,False,False,False,100000,False,True,False,4.056460971845258,-0.012739580187402505,9.773280435405699,0.0009043836178629616,True,Cruise
1,112,1675390937.7755828,49.98956600277382,0.00013911996301572185,False,False,False,False,100000,False,True,False,4.056472741599298,-0.012076310488102362,9.77329362703264,0.00024135483828274226,True,Cruise
1,113,1675390937.875493,49.98956600277382,0.00013911996301572185,False,False,False,False,100000,False,True,False,4.056505503737986,-0.0021605780832687853,9.773319328073692,0.0024959532275486878,True,Cruise
1,114,1675390937.9753914,49.98339013037088,0.00022146492838828237,False,False,False,False,100000,False,True,False,4.056543549321195,0.002156486056764013,9.773355327652366,0.0014407519504253175,True,Cruise
1,115,1675390938.0753684,49.98339013037088,0.00022146492838828237,False,False,False,False,100000,False,True,False,4.056565094566015,0.0035969303844569983,9.773375873306337,0.0014407519504253175,True,Cruise
1,116,1675390938.1753757,49.90274450739386,-0.001296739901415196,False,False,False,False,100000,False,True,False,4.056638634100694,0.009849958081468118,9.773442150357237,0.00625381132512206,True,Cruise
1,117,1675390938.2753744,49.90274450739386,-0.001296739901415196,False,False,False,False,100000,False,True,False,4.056664176257431,0.011086312641147178,9.773464543364183,0.0009663170787470135,True,Cruise
1,118,1675390938.375415,49.90274450739386,-0.001296739901415196,False,False,False,False,100000,False,True,False,4.056738177888877,0.017621366671915543,9.773527909084654,0.016052565173752253,True,Cruise
1,119,1675390938.4754446,49.9222601176399,-0.0010365317648013185,False,False,False,False,100000,False,True,False,4.056772648764458,-0.008883864438518312,9.773565593748298,0.01045271615876145,True,Cruise
1,120,1675390938.5754838,49.9222601176399,-0.0010365317648013185,False,False,False,False,100000,False,True,False,4.056772648764458,-0.008883864438518312,9.773565593748298,0.005856809297230331,True,Cruise
1,121,1675390938.6753633,49.9222601176399,-0.0010365317648013185,False,False,False,False,100000,False,True,False,4.056827736888474,-0.016022257835438064,9.773618421537169,0.003122221949312532,True,Cruise
1,122,1675390938.7753525,49.97247281074263,-0.00036702919009823864,False,False,False,False,100000,False,True,False,4.0568487541672695,-0.02285781968870293,9.773633172996362,0.005462864427557139,True,Cruise
1,123,1675390938.8753598,49.97247281074263,-0.00036702919009823864,False,False,False,False,100000,False,True,False,4.05688327221478,-0.021713308007829526,9.773640670846271,0.0043209570080743,True,Cruise
1,124,1675390938.9753497,49.948953029453904,-0.0006806262739479602,False,False,False,False,100000,False,True,False,4.05688327221478,-0.021713308007829526,9.773640670846271,0.0010729133124358387,True,Cruise
1,125,1675390939.0753372,49.948953029453904,-0.0006806262739479602,False,False,False,False,100000,False,True,False,4.05687586320041,-0.02525302294170536,9.77363299680339,0.0030738099643123217,True,Cruise
1,126,1675390939.175348,49.92395194937874,-0.001013974008283422,False,False,False,False,100000,False,True,False,4.056866556257347,-0.02652125899339794,9.77362840983922,0.0012682784955372517,True,Cruise
1,127,1675390939.2753634,49.87800766964831,-0.0016265644046892192,False,False,False,False,100000,False,True,False,4.056842045375515,-0.022638764926849728,9.773609093238962,0.0021340381209182064,True,Cruise
1,128,1675390939.3753877,49.87800766964831,-0.0016265644046892192,False,False,False,False,100000,False,True,False,4.056828245173122,-0.023684483809533696,9.773602055706478,0.001045833616810707,True,Cruise
1,129,1675390939.475496,49.90466460504056,-0.0012711385994592158,False,False,False,False,100000,False,True,False,4.056828245173122,-0.023684483809533696,9.773602055706478,0.001045833616810707,True,Cruise
1,130,1675390939.5754395,49.90466460504056,-0.0012711385994592158,False,False,False,False,100000,False,True,False,4.056752312966764,-0.03742309813416256,9.77356338163165,0.014956845262188758,True,Cruise
1,131,1675390939.6754727,49.90466460504056,-0.0012711385994592158,False,False,False,False,100000,False,True,False,4.056747155851683,-0.03750244430477615,9.773547402471204,0.0010855167938936745,True,Cruise
1,132,1675390939.775409,49.88646223506537,-0.001513836865794951,False,False,False,False,100000,False,True,False,4.056747155851683,-0.03750244430477615,9.773547402471204,0.001721965070335714,True,Cruise
1,133,1675390939.8755205,49.88646223506537,-0.001513836865794951,False,False,False,False,100000,False,True,False,4.056734965071478,-0.040801326104457164,9.773534443200735,0.0015769650904008594,True,Cruise
1,134,1675390939.9756818,49.88423629944458,-0.0015435160074055124,False,False,False,False,100000,False,True,False,4.0567082025220484,-0.045386638017804674,9.7735210092423,0.004585409692489627,True,Cruise
1,135,1675390940.0754404,49.88423629944458,-0.0015435160074055124,False,False,False,False,100000,False,True,False,4.05669123907233,-0.04836755811863868,9.77351530247091,0.0008254049174213088,True,Cruise
1,136,1675390940.1753743,49.88423629944458,-0.0015435160074055124,False,False,False,False,100000,False,True,False,4.056684712674458,-0.04935420807253962,9.773511495027286,0.0006766729682030745,True,Cruise
1,137,1675390940.275491,49.89983977784054,-0.0013354696287927203,False,False,False,False,100000,False,True,False,4.056683804902447,-0.05062780515910193,9.77350988013761,0.0005969260952139591,True,Cruise
1,138,1675390940.3754508,49.89983977784054,-0.0013354696287927203,False,False,False,False,100000,False,True,False,4.0566866974365965,-0.05230748290655703,9.773510369029228,0.0016796803091852523,True,Cruise
1,139,1675390940.4755206,49.89983977784054,-0.0013354696287927203,False,False,False,False,100000,False,True,False,4.0567053553158425,-0.04908540497476506,9.773511658406067,0.0012195908099149318,True,Cruise
1,140,1675390940.5754488,49.92143252196563,-0.0010475663737915578,False,False,False,False,100000,False,True,False,4.0567154847407085,-0.04888887445439519,9.773515634962783,2.987137181308413e-05,True,Cruise
1,141,1675390940.6753986,49.92143252196563,-0.0010475663737915578,False,False,False,False,100000,False,True,False,4.194093291976,0.14715966087377272,9.77502017592025,0.08077416186938395,True,Cruise
1,142,1675390940.7754667,49.92143252196563,-0.0010475663737915578,False,False,False,False,100000,False,True,False,4.156569477480021,0.07567459748977458,9.777532999901062,0.08077416186938395,True,Cruise
1,143,1675390940.8755705,49.924020910003655,-0.0010130545332846198,False,False,False,False,100000,False,True,False,4.071001054666637,-0.06021358590358884,9.780531231235441,0.026530740561026618,True,Cruise
1,144,1675390940.975453,49.924020910003655,-0.0010130545332846198,False,False,False,False,100000,False,True,False,4.071033908095226,-0.08266829471341088,9.779226428991253,0.022492610697251416,True,Cruise
1,145,1675390941.0754979,49.896323349089286,-0.0013823553454761321,False,False,False,False,100000,False,True,False,4.078128665001575,-0.11433920025327295,9.776144660680131,0.014414524458780956,True,Cruise
1,146,1675390941.1754344,49.896323349089286,-0.0013823553454761321,False,False,False,False,100000,False,True,False,4.0832078671743,-0.13005930701390508,9.773581801457034,0.006341198924450845,True,Cruise
1,147,1675390941.2754972,49.896323349089286,-0.0013823553454761321,False,False,False,False,100000,False,True,False,4.0832078671743,-0.13005930701390508,9.773581801457034,0.006108190541446394,True,Cruise
1,148,1675390941.3754413,49.86616113375869,-0.0017845182165508906,False,False,False,False,100000,False,True,False,4.079201483424175,-0.1257008111718994,9.77021176418232,0.006314951271434547,True,Cruise
1,149,1675390941.4753659,49.86616113375869,-0.0017845182165508906,False,False,False,False,100000,False,True,False,4.077178884761989,-0.11878641833383399,9.769876530814264,0.008661228599832227,True,Cruise
1,150,1675390941.5753555,49.86616113375869,-0.0017845182165508906,False,False,False,False,100000,False,True,False,4.072905659693122,-0.10799814751312413,9.769440325767714,0.004535497054723551,True,Cruise
1,151,1675390941.675485,49.94996796672867,-0.0006670937769510323,False,False,False,False,100000,False,True,False,4.0709259354560885,-0.10391986740428259,9.769302279280849,0.01302764125653557,True,Cruise
1,152,1675390941.7755241,49.94996796672867,-0.0006670937769510323,False,False,False,False,100000,False,True,False,4.065268632335354,-0.08570332505145216,9.769206610958348,0.002842356129403136,True,Cruise
1,153,1675390941.8754308,49.94996796672867,-0.0006670937769510323,False,False,False,False,100000,False,True,False,4.061451641581766,-0.05402938015464721,9.76940645548458,0.012527107641599408,True,Cruise
1,154,1675390941.9754782,49.98622665528007,-0.00018364459626573926,False,False,False,False,100000,False,True,False,4.0895262557633245,0.3995181565224755,9.811971558987125,0.4564047984229698,True,Cruise
1,155,1675390942.0754814,49.98622665528007,-0.00018364459626573926,False,False,False,False,100000,False,True,False,4.081863250100612,0.22429667312228885,9.804647636100354,0.0844374791708365,True,Cruise
1,156,1675390942.1755767,49.84609827559158,-0.0020520229921122115,False,False,False,False,100000,False,True,False,4.074562455885745,0.07881806100035056,9.796090570909994,0.1459128217319001,True,Cruise
1,157,1675390942.2755892,49.92401972743037,-0.001013070300928408,False,False,False,False,100000,False,True,False,4.048339875521327,-0.03371630212394825,9.789383864032336,0.05568102735936493,True,Cruise
1,158,1675390942.3755612,49.909111743492204,-0.001211843420103933,False,False,False,False,100000,False,True,False,4.050180945899938,-0.10303038965040923,9.784647653102207,0.19789312961734765,True,Cruise
1,159,1675390942.4753819,49.93805058508654,-0.0008259921988461318,False,False,False,False,100000,False,True,False,3.9482303632642526,-0.04503223994517987,9.766686506065223,0.04707772331507404,True,Cruise
1,160,1675390942.5755098,49.79787687021831,0.0026949750637558258,False,False,False,False,100000,False,True,False,3.985434661692185,-0.06558606580427714,9.761101947573975,0.04286964978283519,True,Cruise
1,161,1675390942.6753614,49.96947257428372,-0.00040703234288373387,False,False,False,False,100000,False,True,False,4.025732694438993,-0.13817772831712216,9.754676522008756,0.08327524844355468,True,Cruise
1,162,1675390942.7753403,49.988476643834936,-0.00015364474886745175,False,False,False,False,100000,False,True,False,4.027977958421071,-0.12472987173865363,9.753518777664368,0.01922636114946344,True,Cruise
1,163,1675390942.8754141,49.988476643834936,-0.00015364474886745175,False,False,False,False,100000,False,True,False,4.0135545030297815,-0.15794977493114848,9.755589299012447,0.013809277731737448,True,Cruise
1,164,1675390942.9755156,49.988476643834936,-0.00015364474886745175,False,False,False,False,100000,False,True,False,4.010820606383172,-0.15199025445188097,9.756522060465572,0.0047748271380798355,True,Cruise
1,165,1675390943.0754197,49.998696699520764,-1.7377339723153695e-05,False,False,False,False,100000,False,True,False,4.009708932279721,-0.14247330118872675,9.757474086746333,0.009628840676042173,True,Cruise
1,166,1675390943.1753917,49.998696699520764,-1.7377339723153695e-05,False,False,False,False,100000,False,True,False,4.013544827088336,-0.10897150294178634,9.760443853858302,0.03385120516999052,True,Cruise
1,167,1675390943.2753274,49.998696699520764,-1.7377339723153695e-05,False,False,False,False,100000,False,True,False,4.019329750050646,-0.08391119509950255,9.762550882397699,0.01445307226265583,True,Cruise
1,168,1675390943.3753657,49.720002719790116,0.0037332970694650964,False,False,False,False,100000,False,True,False,4.022647967039098,-0.07073957203464641,9.763629476294087,0.07981409384432805,True,Cruise
1,169,1675390943.4753559,49.720002719790116,0.0037332970694650964,False,False,False,False,100000,False,True,False,4.024252196328309,0.07263695084629443,9.756101029912848,0.06420011527273757,True,Cruise
1,170,1675390943.5754983,49.720002719790116,0.0037332970694650964,False,False,False,False,100000,False,True,False,4.024252196328309,0.07263695084629443,9.756101029912848,0.06420011527273757,True,Cruise
1,171,1675390943.675542,49.98091545268093,0.00025446063092086256,False,False,False,False,100000,False,True,False,4.018508300558542,0.38804645922697173,9.735488251850349,0.00905306563252007,True,Cruise
1,172,1675390943.7754369,49.98091545268093,0.00025446063092086256,False,False,False,False,100000,False,True,False,4.028594493447923,0.38295444210937507,9.74593799441587,0.008008699954710454,True,Cruise
1,173,1675390943.8755362,49.98091545268093,0.00025446063092086256,False,False,False,False,100000,False,True,False,4.041150967320958,0.27884371899233235,9.75702166139099,0.04608087431247584,True,Cruise
1,174,1675390943.9753993,49.96699742487467,0.00044003433500440937,False,False,False,False,100000,False,True,False,4.053407379400558,0.22916329633612303,9.767403664030123,0.024341616989461953,True,Cruise
1,175,1675390944.075384,49.96699742487467,0.00044003433500440937,False,False,False,False,100000,False,True,False,4.053407379400558,0.22916329633612303,9.767403664030123,0.09075076291191556,True,Cruise
1,176,1675390944.175374,49.96699742487467,0.00044003433500440937,False,False,False,False,100000,False,True,False,4.072715870376737,0.10766447460152746,9.784357533369858,0.0288101610916045,True,Cruise
1,177,1675390944.2754886,49.96699742487467,0.00044003433500440937,False,False,False,False,100000,False,True,False,4.079077184674461,0.052522354325695395,9.790328251117481,0.027019683429889217,True,Cruise
1,178,1675390944.375552,49.92840337622742,0.0009546216503010946,False,False,False,False,100000,False,True,False,4.08323289996552,0.006173398039715086,9.794440287900803,0.02177345693635455,True,Cruise
1,179,1675390944.4754214,49.92840337622742,0.0009546216503010946,False,False,False,False,100000,False,True,False,4.084515237399019,-0.01333411881849512,9.79580169482422,0.01959696486902595,True,Cruise
1,180,1675390944.5754416,49.92840337622742,0.0009546216503010946,False,False,False,False,100000,False,True,False,4.085421869551826,-0.03219780984868198,9.797286046585944,0.003756044755988939,True,Cruise
1,181,1675390944.675529,49.92905194784319,0.0009459740287573868,False,False,False,False,100000,False,True,False,4.083936966784966,-0.03666343781305498,9.796357297105573,0.0026106523933504956,True,Cruise
1,182,1675390944.775408,49.92905194784319,0.0009459740287573868,False,False,False,False,100000,False,True,False,4.0793510088102085,-0.023989149999916325,9.792764356725879,0.00488418235103279,True,Cruise
1,183,1675390944.875433,49.92905194784319,0.0009459740287573868,False,False,False,False,100000,False,True,False,4.077366552725518,-0.01656038957628721,9.79113448239249,0.007860091457889209,True,Cruise
1,184,1675390944.9753902,49.95275506188374,0.0006299325082168075,False,False,False,False,100000,False,True,False,4.077366552725518,-0.01656038957628721,9.79113448239249,1.4483019527586913,True,Cruise
1,185,1675390945.0753706,49.95275506188374,0.0006299325082168075,False,False,False,False,100000,False,True,False,1.4405465812477969,0.009408406530633217,9.991904022543057,0.37399669611559033,True,Cruise
1,186,1675390945.175348,49.95275506188374,0.0006299325082168075,False,False,False,False,100000,False,True,False,0.808695089366829,0.02499440317370298,10.000172599403012,0.25832959835689806,True,Cruise
1,187,1675390945.2754283,49.9353710367981,0.0008617195093586295,False,False,False,False,100000,False,True,False,0.4990413724784852,0.04362895922062465,9.967369580834987,0.1776452454115383,True,Cruise
1,188,1675390945.3753889,49.9353710367981,0.0008617195093586295,False,False,False,False,100000,False,True,False,0.07875169214648044,0.06269792918271559,9.904447402071876,0.19312615049813034,True,Cruise
1,189,1675390945.4754128,49.9353710367981,0.0008617195093586295,False,False,False,False,100000,False,True,False,-0.006595529716718951,0.06469766211709263,9.878411220722866,0.09317260062680228,True,Cruise
1,190,1675390945.575499,49.99477726409536,6.963647872845603e-05,False,False,False,False,100000,False,True,False,0.13372132502992984,0.055109369021907884,9.767837700320225,0.3277226601529035,True,Cruise
1,191,1675390945.6755402,49.99477726409536,6.963647872845603e-05,False,False,False,False,100000,False,True,False,0.020330576237095565,0.0564906789952573,9.755918012560759,0.16701127969355056,True,Cruise
1,192,1675390945.7754266,49.99997697639682,-3.069813756806372e-07,False,False,False,False,100000,False,True,False,-0.2987580036712675,0.055152387714773134,9.737691605702663,0.1526006761291057,True,Cruise
1,193,1675390945.8754122,49.99997697639682,-3.069813756806372e-07,False,False,False,False,100000,False,True,False,-0.4936852278989585,0.04038200852363437,9.700960543611368,0.19890690729312835,True,Cruise
1,194,1675390945.9753547,49.99997697639682,-3.069813756806372e-07,False,False,False,False,100000,False,True,False,-0.5134609732362008,0.03372127050263817,9.689914592892965,0.02361056038939329,True,Cruise
1,195,1675390946.075361,49.994859741912165,6.853677450441309e-05,False,False,False,False,100000,False,True,False,-0.5145123465072631,0.02703188391950403,9.68001888253892,0.011990761528145644,True,Cruise
1,196,1675390946.1753662,49.941923154559696,-0.0007743579392040298,False,False,False,False,100000,False,True,False,-0.47849093271341714,0.014236216743658188,9.665494645569039,0.1343594972227177,True,Cruise
1,197,1675390946.2753608,49.941923154559696,-0.0007743579392040298,False,False,False,False,100000,False,True,False,-0.5639028596844166,0.00857056358428157,9.671494979062206,0.04860538768117711,True,Cruise
1,198,1675390946.3754425,49.941923154559696,-0.0007743579392040298,False,False,False,False,100000,False,True,False,-0.5639028596844166,0.00857056358428157,9.671494979062206,0.04860538768117711,True,Cruise
1,199,1675390946.475511,49.941923154559696,-0.0007743579392040298,False,False,False,False,100000,False,True,False,-0.3796926792939337,-0.023932058972440978,9.676299596017499,0.11790729272200204,True,Cruise
1,200,1675390946.5757322,49.543735732772056,0.006083523563039276,False,False,False,False,100000,False,True,False,-0.28364466412476513,-0.027884831249046695,9.678721467725653,0.074517193218026,True,Cruise
1,201,1675390946.6755948,49.543735732772056,0.006083523563039276,False,False,False,False,100000,False,True,False,-2.213075672932373,0.18192476272522168,9.88791275023384,0.2583622572345309,True,Cruise
1,202,1675390946.7756054,49.543735732772056,0.006083523563039276,False,False,False,False,100000,False,True,False,-2.213075672932373,0.18192476272522168,9.88791275023384,0.2583622572345309,True,Cruise
1,203,1675390946.875401,49.98435718556248,-0.00020857085916692287,False,False,False,False,100000,False,True,False,-0.7965765522754241,0.0855152739389275,9.764046086307582,1.425169287762743,True,Cruise
1,204,1675390946.9754481,49.98435718556248,-0.00020857085916692287,False,False,False,False,100000,False,True,False,-0.25344305810792594,0.14729783186774878,9.733878445278945,0.20423308839183135,True,Cruise
1,205,1675390947.0754304,49.98435718556248,-0.00020857085916692287,False,False,False,False,100000,False,True,False,1.7721966914858933,0.17122498636294653,9.579575332886474,1.0879645264356659,True,Cruise
1,206,1675390947.1753824,49.9511434850305,-0.0006514201995933298,False,False,False,False,100000,False,True,False,2.0217098083186618,0.09403076261428245,9.621153870999592,0.19024428961400255,True,Cruise
1,207,1675390947.275349,49.9511434850305,-0.0006514201995933298,False,False,False,False,100000,False,True,False,2.0217098083186618,0.09403076261428245,9.621153870999592,1.6838040450560068,True,Cruise
1,208,1675390947.3753588,49.9511434850305,-0.0006514201995933298,False,False,False,False,100000,False,True,False,0.23677862765201987,0.20585583570384883,9.888443051155669,0.03244827447753416,True,Cruise
1,209,1675390947.4753506,49.8676305118963,-0.0017649265080492936,False,False,False,False,100000,False,True,False,0.29279918840557173,0.1722527561715922,9.895247034300702,0.06567925370945882,True,Cruise
1,210,1675390947.5753484,49.8676305118963,-0.0017649265080492936,False,False,False,False,100000,False,True,False,-0.12237025444583496,0.05645383045878381,9.960585949986784,0.5457494496397826,True,Cruise
1,211,1675390947.6753442,49.8676305118963,-0.0017649265080492936,False,False,False,False,100000,False,True,False,-0.12237025444583496,0.05645383045878381,9.960585949986784,0.5457494496397826,True,Cruise
1,212,1675390947.7753496,49.846611185284765,-0.0020451841962032037,False,False,False,False,100000,False,True,False,0.17683199837689195,-0.03262379685569341,9.924606798189547,0.3142472134263414,True,Cruise
1,213,1675390947.8753552,49.846611185284765,-0.0020451841962032037,False,False,False,False,100000,False,True,False,0.1318554883324177,-0.09229376760597083,9.920627549873895,0.07799821908264615,True,Cruise
1,214,1675390947.975348,49.846611185284765,-0.0020451841962032037,False,False,False,False,100000,False,True,False,0.13741162860880984,-0.1548444463085573,9.893740894356396,0.020446137356495055,True,Cruise
1,215,1675390948.0753386,49.91422373398456,-0.0011436835468726597,False,False,False,False,100000,False,True,False,0.12067275780298106,-0.16941741275055472,9.885107922588885,0.023813637863889212,True,Cruise
1,216,1675390948.1753628,49.91422373398456,-0.0011436835468726597,False,False,False,False,100000,False,True,False,0.12067275780298106,-0.16941741275055472,9.885107922588885,0.023813637863889212,True,Cruise
1,217,1675390948.2753587,49.91422373398456,-0.0011436835468726597,False,False,False,False,100000,False,True,False,0.46816073762128857,-0.18314030712327206,9.8250229728444,0.13783424850666287,True,Cruise
1,218,1675390948.375374,49.86179719548787,-0.0018427040601617433,False,False,False,False,100000,False,True,False,0.09379376712544125,-0.1818348345946465,9.831241664542853,0.1034295074674022,True,Cruise
1,219,1675390948.47541,49.86179719548787,-0.0018427040601617433,False,False,False,False,100000,False,True,False,-0.34671279392441695,-0.17395924497286883,9.847994918376418,0.020924100309381792,True,Cruise
1,220,1675390948.5755148,49.86179719548787,-0.0018427040601617433,False,False,False,False,100000,False,True,False,-0.2794684301498303,-0.16285276874151916,9.830526048731459,0.07035850823034175,True,Cruise
1,221,1675390948.675456,49.811802902508454,-0.0025092946332206023,False,False,False,False,100000,False,True,False,-0.2794684301498303,-0.16285276874151916,9.830526048731459,0.18991275771899194,True,Cruise
1,222,1675390948.7755365,49.811802902508454,-0.0025092946332206023,False,False,False,False,100000,False,True,False,-0.07700217484003011,-0.13505843434743914,9.777485248680094,0.33995400658240366,True,Cruise
1,223,1675390948.8755999,49.80277364907425,-0.002629684679010052,False,False,False,False,100000,False,True,False,-0.3895479212260778,-0.12312563101269411,9.791573254256086,0.07955573719015269,True,Cruise
1,224,1675390948.9754415,49.80277364907425,-0.002629684679010052,False,False,False,False,100000,False,True,False,-0.23259724948164898,-0.11747793514463539,9.767319587624803,0.0025636804818608334,True,Cruise
1,225,1675390949.0753756,49.80277364907425,-0.002629684679010052,False,False,False,False,100000,False,True,False,-0.23306291702938892,-0.11777221977633444,9.764815788930099,0.0025636804818608334,True,Cruise
1,226,1675390949.1753416,49.88079468548956,-0.0015894041934725008,False,False,False,False,100000,False,True,False,-0.09670742444249814,-0.13161638758091465,9.751312204446604,0.11712713115171598,True,Cruise
1,227,1675390949.275487,49.88079468548956,-0.0015894041934725008,False,False,False,False,100000,False,True,False,-0.08177779473254827,-0.13583288494461074,9.752495248316952,0.015558672375670188,True,Cruise
1,228,1675390949.3754308,49.88079468548956,-0.0015894041934725008,False,False,False,False,100000,False,True,False,0.43861144768375304,-0.12888957225254,9.718710532342618,0.1162312323634708,True,Cruise
1,229,1675390949.475388,49.11024265008666,-0.011863431332177859,False,False,False,False,100000,False,True,False,0.21193571298244177,-0.13787413043557553,9.755406654875326,0.11358167078512829,True,Cruise
1,230,1675390949.5754218,49.11024265008666,-0.011863431332177859,False,False,False,False,100000,False,True,False,-0.9145825960704902,-0.10741144523410401,9.885869762870204,1.1344567415150058,True,Cruise
1,231,1675390949.675456,49.11024265008666,-0.011863431332177859,False,False,False,False,100000,False,True,False,-1.818982727883641,-0.25215496915422314,9.964107669287424,0.9192450468406171,True,Cruise
1,232,1675390949.775363,49.11024265008666,-0.011863431332177859,False,False,False,False,100000,False,True,False,-2.910326036606901,-0.37756300693331935,10.03664810593699,0.6705468493988536,True,Cruise
1,233,1675390949.8753386,48.75271411528177,-0.016630478462909697,False,False,False,False,100000,False,True,False,-2.5708199677758383,-0.5167995073692205,9.96236361878879,0.3301244936846747,True,Cruise
1,234,1675390949.975355,48.75271411528177,-0.016630478462909697,False,False,False,False,100000,False,True,False,-2.7792500876963313,-0.43546407361771294,9.964774132490021,0.22375070558530263,True,Cruise
1,235,1675390950.07533,48.75271411528177,-0.016630478462909697,False,False,False,False,100000,False,True,False,-1.6456224357859288,-0.6458563446402144,9.767442586936085,0.6304318722130057,True,Cruise
1,236,1675390950.1753387,49.912447939842586,0.0011673608020988423,False,False,False,False,100000,False,True,False,0.06794134320546502,-0.7976329119544681,9.588786294770975,1.272766188638472,True,Cruise
1,237,1675390950.2754858,49.912447939842586,0.0011673608020988423,False,False,False,False,100000,False,True,False,1.8701281820257996,-0.5070251857990434,9.450168682708744,0.7534667574527328,True,Cruise
1,238,1675390950.3755012,49.912447939842586,0.0011673608020988423,False,False,False,False,100000,False,True,False,2.3495106895570497,-0.5080890020001327,9.431061337248813,0.47976432848054046,True,Cruise
1,239,1675390950.4754748,48.66154876686131,-0.01784601644184921,False,True,False,False,100000,False,True,False,2.3495106895570497,-0.5080890020001327,9.431061337248813,1.325004046844289,True,Cruise
1,240,1675390950.5753598,48.66154876686131,-0.01784601644184921,False,True,False,False,100000,False,True,False,1.0467653860801183,-0.4549884100073621,9.66700778361442,1.325004046844289,True,Cruise
1,241,1675390950.6753395,48.66154876686131,-0.01784601644184921,False,True,False,False,100000,False,True,False,-2.404445449761548,-0.6719275894874076,10.039078048034922,0.416759093793237,True,Cruise
1,242,1675390950.7753663,48.76858801203504,-0.01641882650619953,False,True,False,False,100000,False,True,False,-2.67688007790574,-0.7641392358051473,10.037429811975398,0.3238779006033978,True,Cruise
1,243,1675390950.8753347,48.76858801203504,-0.01641882650619953,False,True,False,False,100000,False,True,False,-2.67688007790574,-0.7641392358051473,10.037429811975398,0.3238779006033978,True,Cruise
1,244,1675390950.975325,48.76858801203504,-0.01641882650619953,False,True,False,False,100000,False,True,False,-0.14200443603893578,-0.8860889366462391,9.795768679722581,0.34741325199128215,True,Cruise
1,245,1675390951.0753145,48.78213183734601,-0.01623824216871991,False,True,False,False,100000,False,True,False,0.21125556207196117,-1.067530362003434,9.780177151447507,0.03805340448776307,True,Cruise
1,246,1675390951.1753237,48.78213183734601,-0.01623824216871991,False,True,False,False,100000,False,True,False,0.10209077699066876,-1.0987564852897105,9.795543453761384,0.1145781145076841,True,Cruise
1,247,1675390951.2753227,48.78213183734601,-0.01623824216871991,False,True,False,False,100000,False,True,False,0.008483118339575393,-1.1233562793203065,9.807833606238725,0.09756326907398939,True,Cruise
1,248,1675390951.3753166,48.70482539921708,-0.01726899467710561,False,True,False,False,100000,False,True,False,-0.0497234692298254,-1.1417657035696742,9.816203969292117,0.06161961307338036,True,Cruise
1,249,1675390951.4753644,48.70482539921708,-0.01726899467710561,False,True,False,False,100000,False,True,False,-0.6177630628744931,-1.1658846346935547,9.876895210131757,0.5717815400143773,True,Cruise
1,250,1675390951.5753808,48.70482539921708,-0.01726899467710561,False,True,False,False,100000,False,True,False,-0.3848165147689332,-1.163506280099759,9.845790062903284,0.15501954092377712,True,Cruise
1,251,1675390951.6755757,48.709117027033116,-0.017211772972891785,False,True,False,False,100000,False,True,False,0.04202308211311499,-0.7503995465643017,9.812367776520096,0.1671711018626024,True,Cruise
1,252,1675390951.775399,48.709117027033116,-0.017211772972891785,False,True,False,False,100000,False,True,False,0.10843111013961161,-0.7882145829411957,9.807237354149764,0.07659193427673555,True,Cruise
1,253,1675390951.8753343,48.709117027033116,-0.017211772972891785,False,True,False,False,100000,False,True,False,0.10843111013961161,-0.7882145829411957,9.807237354149764,0.18212918581776136,True,Cruise
1,254,1675390951.9753454,48.709117027033116,-0.017211772972891785,False,True,False,False,100000,False,True,False,0.07889221203359367,-1.0095533065175373,9.80759776288157,0.04262311826543268,True,Cruise
1,255,1675390952.075332,48.829188481620264,-0.015610820245063188,False,True,False,False,100000,False,True,False,0.060874688161203054,-1.076971423588141,9.809141040871847,0.03769852268147084,True,Cruise
1,256,1675390952.17534,48.829188481620264,-0.015610820245063188,False,True,False,False,100000,False,True,False,0.8197074432492742,-1.10345199875375,9.749348662340427,0.06963224769812353,True,Cruise
1,257,1675390952.2753549,48.829188481620264,-0.015610820245063188,False,True,False,False,100000,False,True,False,0.6245903548978312,-1.1197207148059756,9.772082854175178,0.19710959582707285,True,Cruise
1,258,1675390952.3753576,49.04063145690505,-0.012791580574599391,False,True,False,False,100000,False,True,False,0.6245903548978312,-1.1197207148059756,9.772082854175178,0.19710959582707285,True,Cruise
1,259,1675390952.4753342,49.04063145690505,-0.012791580574599391,False,True,False,False,100000,False,True,False,1.5114191046253325,-1.0647319790686316,9.710824004358347,0.39937575985022183,True,Cruise
1,260,1675390952.575342,49.04063145690505,-0.012791580574599391,False,True,False,False,100000,False,True,False,1.24718195835282,-1.0480860006194153,9.748279472858316,0.2673972142512428,True,Cruise
1,261,1675390952.6753867,49.04063145690505,-0.012791580574599391,False,True,False,False,100000,False,True,False,0.623925885485569,-1.002986811803798,9.817061416319095,0.2881013701552955,True,Cruise
1,262,1675390952.7753937,48.957516980818504,-0.013899773589086603,False,True,False,False,100000,False,True,False,0.623925885485569,-1.002986811803798,9.817061416319095,0.522523742668166,True,Cruise
1,263,1675390952.875365,48.957516980818504,-0.013899773589086603,False,True,False,False,100000,False,True,False,-0.36995982259974375,-0.6693850765023445,9.873173195885173,0.5923782880584254,True,Cruise
1,264,1675390952.9753585,48.957516980818504,-0.013899773589086603,False,True,False,False,100000,False,True,False,-0.18692650537746433,-0.6526584559018171,9.852980514525628,0.13831652105315112,True,Cruise
1,265,1675390953.075355,49.64034698032868,-0.0047953735956175626,False,True,False,False,100000,False,True,False,0.03619375348381433,-0.6574374796785738,9.834047301168336,0.09237759861839938,True,Cruise
1,266,1675390953.1755044,49.64034698032868,-0.0047953735956175626,False,True,False,False,100000,False,True,False,0.08319048439090684,-0.6679178749146368,9.830183165578116,0.04830593073440737,True,Cruise
1,267,1675390953.2754643,49.64034698032868,-0.0047953735956175626,False,True,False,False,100000,False,True,False,2.632227560108535,-0.5313875670460696,9.619567832818666,2.5613647449637345,True,Cruise
1,268,1675390953.37537,49.97703241439726,0.00030623447470321365,False,True,False,False,100000,False,True,False,3.020379582373497,-0.5130022300276831,9.60454265809014,0.09682659505230096,True,Cruise
1,269,1675390953.475436,49.778236810540136,0.0029568425261315375,False,True,False,False,100000,False,True,False,2.5978049088222313,-0.40950709941197694,9.691002253915464,0.24604013450987466,True,Cruise
1,270,1675390953.5754168,48.59790021338786,0.018694663821495188,False,True,False,False,100000,False,True,False,2.775324143727696,-0.4368131326250158,9.717097484333703,0.933924820858124,True,Cruise
1,271,1675390953.6755302,48.51634896724361,0.01978201377008528,False,True,False,False,100000,False,True,False,1.854769418525598,-0.324983229483032,9.827951630337466,0.933924820858124,True,Cruise
1,272,1675390953.7754867,47.13966694955909,0.03813777400587872,False,True,False,False,100000,False,True,False,-0.9804736365769057,-0.130877162577479,10.1001324344091,0.8943181804105992,True,Cruise
1,273,1675390953.8754842,46.72429674461372,0.04367604340515043,False,True,False,False,100000,False,True,False,-2.3659233230765757,0.18382701970099657,10.19218758078896,0.8943181804105992,True,Cruise
1,274,1675390953.975392,45.47796601050502,0.06029378652659971,False,True,False,False,100000,False,True,False,-2.9680227181632426,1.0409872599640237,10.145669316220578,0.2139794918321929,True,Cruise
1,275,1675390954.0754044,44.759531705699665,0.06987291059067112,False,True,False,False,100000,False,True,False,-2.9680227181632426,1.0409872599640237,10.145669316220578,0.2887110319451092,True,Cruise
1,276,1675390954.175561,43.74749037372489,0.08336679501700156,False,True,False,False,100000,False,True,False,-3.26507462918158,1.7446836849586922,10.084750189926455,0.4794846814621793,True,Cruise
1,277,1675390954.2755063,44.42938618047918,0.07427485092694432,False,True,False,False,100000,False,True,False,-3.26507462918158,1.7446836849586922,10.084750189926455,0.4794846814621793,True,Cruise
1,278,1675390954.375481,44.490952880173204,0.07345396159769062,False,True,False,False,100000,False,True,False,-4.07573048125591,3.276031495511386,9.954201906243867,0.448111825936011,True,Cruise
1,279,1675390954.4754179,44.78678633035439,0.06950951559527485,False,True,False,False,100000,False,True,False,-4.402438119306987,3.5176270950954427,9.878380855621069,0.2061512809720832,True,Cruise
1,280,1675390954.5753706,45.198644256881636,0.06401807657491149,False,True,False,False,100000,False,True,False,-4.536971192753018,3.703581172965991,9.839664094693623,0.14542226741215042,True,Cruise
1,281,1675390954.6753702,45.198644256881636,0.06401807657491149,False,True,False,False,100000,False,True,False,-4.740874563787898,4.0152173742558945,9.762970620017315,0.14542226741215042,True,Cruise
1,282,1675390954.775376,45.198644256881636,0.06401807657491149,False,True,False,False,100000,False,True,False,-5.019598681302287,4.103971926660872,9.638327741540685,0.05351655941123166,True,Cruise
1,283,1675390954.8753772,46.12897755552798,0.051613632592960194,False,True,False,False,100000,False,True,False,-5.016098310071639,4.059175570112397,9.610560060460957,0.05282054781347842,True,Cruise
1,284,1675390954.975343,46.63902292159099,0.04481302771212006,False,True,False,False,100000,False,True,False,-3.1675842326102845,3.6363178868025865,9.416954749641178,0.5503289723184503,True,Cruise
1,285,1675390955.0755491,46.63902292159099,0.04481302771212006,False,True,False,False,100000,False,True,False,-3.1675842326102845,3.6363178868025865,9.416954749641178,0.3841386893809676,True,Cruise
1,286,1675390955.1755033,46.63902292159099,0.04481302771212006,False,True,False,False,100000,False,True,False,-2.2641411890839716,3.5049006548990977,9.34027845435985,0.9161654195587892,True,Cruise
