repetition,iteration,time,speed,steering,obstacle_North,obstacle_NorthWest,obstacle_SouthWest,obstacle_West,obstacle_distance,follow_enable,steady_motion_enable,passing_start,accel_x,accel_y,accel_z,accel_diff,success,action
1,1,1675391173.062578,0.0,0.0,False,False,False,False,100000,False,True,False,0.04277935456638433,9.117170813750179e-14,9.813451469759698,0.00045600747831481953,True,Cruise
1,2,1675391173.0627148,0.0,0.0,False,False,False,False,100000,False,True,False,0.04277935456638433,9.117170813750179e-14,9.813451469759698,0.00045600747831481953,True,Cruise
1,3,1675391173.1629345,0.0,0.0,False,False,False,False,100000,False,True,False,0.04277935456638433,9.117170813750179e-14,9.813451469759698,0.0006775252913670565,True,Cruise
1,4,1675391173.2629688,49.74145322943866,0.003447290274151144,False,False,False,False,100000,False,True,False,0.04398679783650389,1.4138756104315137e-13,9.81374007137769,0.00029567839945824416,True,Cruise
1,5,1675391173.3629167,49.68446863120185,0.004207084917308676,False,False,False,False,100000,False,True,False,1.030569353886688,2.633553096335572e-13,9.718729416291636,0.9115587528541373,True,Cruise
1,6,1675391173.4628565,49.736762577137895,0.0035098323048281042,False,False,False,False,100000,False,True,False,2.614962778789043,0.0019901501452314167,9.60178436860848,0.4463532426065127,True,Cruise
1,7,1675391173.5629027,49.736762577137895,0.0035098323048281042,False,False,False,False,100000,False,True,False,3.3323567434223715,0.009922165158418605,9.582675212740062,0.27150866633750653,True,Cruise
1,8,1675391173.6629114,49.67986344626665,0.004268487383111388,False,False,False,False,100000,False,True,False,3.605463147166678,0.002439118634821882,9.615106943393599,0.27512709954602055,True,Cruise
1,9,1675391173.762907,49.61613849933404,0.005118153342212708,False,False,False,False,100000,False,True,False,3.6986460586788183,-0.0005600025928045447,9.637565909131954,0.09830356223875089,True,Cruise
1,10,1675391173.8629105,49.61613849933404,0.005118153342212708,False,False,False,False,100000,False,True,False,3.898064190670137,0.004108173450472686,9.683339518721121,0.09830356223875089,True,Cruise
1,11,1675391173.9629674,49.736281829929936,0.0035162422676008357,False,False,False,False,100000,False,True,False,4.230084514595431,0.006050935331908729,9.748139758081189,0.10638065912227004,True,Cruise
1,12,1675391174.0629694,49.736281829929936,0.0035162422676008357,False,False,False,False,100000,False,True,False,4.330298042020942,0.007289035202129729,9.768952162383455,0.10235936763771711,True,Cruise
1,13,1675391174.1629562,49.69285566794626,0.004095257760716472,False,False,False,False,100000,False,True,False,4.554681400061438,0.003240373868291851,9.828096700925128,0.2320826565330395,True,Cruise
1,14,1675391174.263041,49.666537471815374,0.004446167042461684,False,False,False,False,100000,False,True,False,4.554681400061438,0.003240373868291851,9.828096700925128,0.050136674870523014,True,Cruise
1,15,1675391174.362893,49.703817899208836,0.003949094677215504,False,False,False,False,100000,False,True,False,4.6557954801131425,0.00793881239288837,9.877007092293946,0.025563818778232297,True,Cruise
1,16,1675391174.462874,49.703817899208836,0.003949094677215504,False,False,False,False,100000,False,True,False,4.652392326017168,0.010827718193217093,9.909128314952214,0.01436584858070049,True,Cruise
1,17,1675391174.562871,49.702400166581334,0.003967997778915561,False,False,False,False,100000,False,True,False,4.652392326017168,0.010827718193217093,9.909128314952214,0.01436584858070049,True,Cruise
1,18,1675391174.662918,49.71558748308279,0.0037921668922293547,False,False,False,False,100000,False,True,False,4.532575876260136,0.008577646899768608,9.920703778077975,0.03912849633290715,True,Cruise
1,19,1675391174.7629268,49.71558748308279,0.0037921668922293547,False,False,False,False,100000,False,True,False,4.39349087040593,0.008540036212365444,9.9070097897899,0.04693471509560547,True,Cruise
1,20,1675391174.8628824,49.788039509077755,0.002826139878963212,False,False,False,False,100000,False,True,False,4.39349087040593,0.008540036212365444,9.9070097897899,0.05085804265330998,True,Cruise
1,21,1675391174.962858,49.74393135593027,0.003414248587596401,False,False,False,False,100000,False,True,False,4.292744980713025,0.008166290643336635,9.88922012034734,0.051457014907902526,True,Cruise
1,22,1675391175.0629802,49.74393135593027,0.003414248587596401,False,False,False,False,100000,False,True,False,4.147056329357837,0.005844472774806667,9.853581575235511,0.04881561383317193,True,Cruise
1,23,1675391175.1629064,49.835766093966605,0.0021897854137785736,False,False,False,False,100000,False,True,False,4.061385247324951,0.0053112376040952295,9.826533979342004,0.043640576625558654,True,Cruise
1,24,1675391175.26293,49.835766093966605,0.0021897854137785736,False,False,False,False,100000,False,True,False,3.9892912500489364,0.0039054134552872757,9.799011807189563,0.033154135346625646,True,Cruise
1,25,1675391175.3630345,49.76901940179602,0.0030797413093863754,False,False,False,False,100000,False,True,False,3.9329236741272506,0.0010170538862720238,9.772725498795529,0.029147999504929634,True,Cruise
1,26,1675391175.4629686,49.76901940179602,0.0030797413093863754,False,False,False,False,100000,False,True,False,3.9329236741272506,0.0010170538862720238,9.772725498795529,0.029147999504929634,True,Cruise
1,27,1675391175.5629315,49.75614237740221,0.0032514349679705064,False,False,False,False,100000,False,True,False,3.8695225810003753,0.005470861471175391,9.729439617761164,0.06350796679325439,True,Cruise
1,28,1675391175.6629386,49.75614237740221,0.0032514349679705064,False,False,False,False,100000,False,True,False,3.8634811285898163,0.005569657443067148,9.721300148669755,0.005714939064764465,True,Cruise
1,29,1675391175.7629707,49.75614237740221,0.0032514349679705064,False,False,False,False,100000,False,True,False,3.8655417941390002,0.00563409011919571,9.70445714592554,0.005829973896753164,True,Cruise
1,30,1675391175.862879,49.740464815128796,0.003460469131615984,False,False,False,False,100000,False,True,False,3.871988671663779,0.006309610201975853,9.701432652461627,0.00715304955351129,True,Cruise
1,31,1675391175.9629312,49.80596221379589,0.0025871704827215725,False,False,False,False,100000,False,True,False,3.8915857717306004,0.007236009520700962,9.69915909843464,0.019750280874974418,True,Cruise
1,32,1675391176.0628583,49.76146917160421,0.0031804110452771472,False,False,False,False,100000,False,True,False,3.9178608057048323,0.00877341923355121,9.701547716969769,0.01546053689567171,True,Cruise
1,33,1675391176.1628807,49.76146917160421,0.0031804110452771472,False,False,False,False,100000,False,True,False,3.94818716183749,0.006034881822184483,9.70793817192616,0.017109686076087805,True,Cruise
1,34,1675391176.2629418,49.70336675339625,0.003955109954716694,False,False,False,False,100000,False,True,False,3.980074838689359,0.00926208229558613,9.71749849450756,0.01659504730337022,True,Cruise
1,35,1675391176.3628805,49.70336675339625,0.003955109954716694,False,False,False,False,100000,False,True,False,3.9959239226712584,0.010038932671455844,9.723174591347348,0.01685274561922927,True,Cruise
1,36,1675391176.4629378,49.7743440949157,0.0030087454011240265,False,False,False,False,100000,False,True,False,4.026250922270073,0.012978029415555026,9.735710973555149,0.032947322701514334,True,Cruise
1,37,1675391176.5629597,49.7517255431365,0.003310326091513244,False,False,False,False,100000,False,True,False,4.053526129049289,0.015555470027708773,9.749021407724115,0.014789478382060366,True,Cruise
1,38,1675391176.6628907,49.7517255431365,0.003310326091513244,False,False,False,False,100000,False,True,False,4.0766491297429255,0.015646424552179402,9.762202886298198,0.012778714579708715,True,Cruise
1,39,1675391176.7628913,49.81042269575255,0.0025276973899660067,False,False,False,False,100000,False,True,False,4.0949202962942595,0.018936057511066844,9.774468417355811,0.011088824719358667,True,Cruise
1,40,1675391176.8629792,49.77687669940718,0.0029749773412375523,False,False,False,False,100000,False,True,False,4.102152491373354,0.012650404969980673,9.780049453113385,0.011088824719358667,True,Cruise
1,41,1675391176.9629786,49.77687669940718,0.0029749773412375523,False,False,False,False,100000,False,True,False,4.116139448061093,0.007431159745389557,9.793870052548808,0.020344150187548142,True,Cruise
1,42,1675391177.0629702,49.796071511246204,0.002719046516717262,False,False,False,False,100000,False,True,False,4.119402635344695,0.0113515387445063,9.80026806798503,0.0024708907227636405,True,Cruise
1,43,1675391177.1630933,49.796071511246204,0.002719046516717262,False,False,False,False,100000,False,True,False,4.118502233484997,0.010304218293787006,9.804258943803873,0.0024708907227636405,True,Cruise
1,44,1675391177.2817621,49.8027212007781,0.002630383989625342,False,False,False,False,100000,False,True,False,4.116712553644444,0.009132893817170749,9.805363926952065,0.002407476421274192,True,Cruise
1,45,1675391177.362866,49.778475503766366,0.0029536599497817797,False,False,False,False,100000,False,True,False,4.114156787475085,0.008641573987414964,9.8059004244275,0.007016076515150965,True,Cruise
1,46,1675391177.4628541,49.778475503766366,0.0029536599497817797,False,False,False,False,100000,False,True,False,4.1029283345416525,0.007238136324691309,9.804417306569798,0.004584240613546022,True,Cruise
1,47,1675391177.562891,49.78095484341573,0.00292060208779035,False,False,False,False,100000,False,True,False,4.093490756987251,0.010204505812149451,9.801272583456388,0.005260307687852916,True,Cruise
1,48,1675391177.6628945,49.7627635760179,0.0031631523197612555,False,False,False,False,100000,False,True,False,4.0884894745844305,0.010624620891485475,9.799199983049517,0.005430008729201723,True,Cruise
1,49,1675391177.7630622,49.7627635760179,0.0031631523197612555,False,False,False,False,100000,False,True,False,4.0783650108952285,0.01104185920907938,9.794322589770903,0.005658999100446365,True,Cruise
1,50,1675391177.862898,49.81541659161925,0.002461112111743411,False,False,False,False,100000,False,True,False,4.073397855253383,0.01134764123903794,9.791626533668028,0.00565993430439067,True,Cruise
1,51,1675391177.962906,49.87425251046318,0.0016766331938242675,False,False,False,False,100000,False,True,False,4.059643649444856,0.014719972934505382,9.783137972169436,0.004965210279025036,True,Cruise
1,52,1675391178.062901,49.87425251046318,0.0016766331938242675,False,False,False,False,100000,False,True,False,4.051942952099126,0.01806603955927392,9.77761657566667,0.005245959954971027,True,Cruise
1,53,1675391178.162931,49.89761649627671,0.0013651133829772196,False,False,False,False,100000,False,True,False,4.045764962356144,0.014220086749595871,9.772576092177937,0.0038125669321477313,True,Cruise
1,54,1675391178.262971,49.89761649627671,0.0013651133829772196,False,False,False,False,100000,False,True,False,4.041200460942918,0.006585565612074904,9.768262414909032,0.003649941133688879,True,Cruise
1,55,1675391178.3629358,49.885346473018934,0.001528713693080805,False,False,False,False,100000,False,True,False,4.041200460942918,0.006585565612074904,9.768262414909032,0.003649941133688879,True,Cruise
1,56,1675391178.462934,49.885346473018934,0.001528713693080805,False,False,False,False,100000,False,True,False,4.037295743013938,0.003713888871417075,9.763502905975548,0.0013625960140584252,True,Cruise
1,57,1675391178.5628726,49.89880506748936,0.0013492657668085193,False,False,False,False,100000,False,True,False,4.036523175513663,0.004435626085205502,9.761570661872614,0.0008770160518526722,True,Cruise
1,58,1675391178.6628473,49.96240148614563,0.0005013135180582449,False,False,False,False,100000,False,True,False,4.037037998960965,0.0028875999913089228,9.760618278181468,0.001820484217887268,True,Cruise
1,59,1675391178.7629592,49.96240148614563,0.0005013135180582449,False,False,False,False,100000,False,True,False,4.037707165149082,0.0018549838417488795,9.760488386071275,0.002245979408391346,True,Cruise
1,60,1675391178.862953,49.96240148614563,0.0005013135180582449,False,False,False,False,100000,False,True,False,4.038608450300881,0.003910494275709832,9.760571964979754,0.002245979408391346,True,Cruise
1,61,1675391178.9630516,49.93394109622262,0.0008807853836984467,False,False,False,False,100000,False,True,False,4.042404539202624,-0.005972563465263865,9.761928538822488,0.010673584864147084,True,Cruise
1,62,1675391179.0628133,49.95376148492118,0.0006165135343843265,False,False,False,False,100000,False,True,False,4.047079787049225,-0.003670997129675213,9.764528342394424,0.003485431891778857,True,Cruise
1,63,1675391179.176388,49.95376148492118,0.0006165135343843265,False,False,False,False,100000,False,True,False,4.047079787049225,-0.003670997129675213,9.764528342394424,0.002986529955029865,True,Cruise
1,64,1675391179.263536,49.858153971720284,0.0018912803770629147,False,False,False,False,100000,False,True,False,4.051914157589882,-0.0037350087035336456,9.767780319259815,0.002117450764548939,True,Cruise
1,65,1675391179.362884,49.88521360947003,0.001530485207066307,False,False,False,False,100000,False,True,False,4.054910138205761,-0.006831228152615987,9.770033591648184,0.010517031786538253,True,Cruise
1,66,1675391179.4630582,49.98241725582986,0.00023443658893522513,False,False,False,False,100000,False,True,False,4.0575226271259055,0.009490130562058522,9.772189695253722,0.006172668945648395,True,Cruise
1,67,1675391179.5629652,49.98241725582986,0.00023443658893522513,False,False,False,False,100000,False,True,False,4.058674222323593,0.012765590364701197,9.773191484548132,0.003613639468521947,True,Cruise
1,68,1675391179.6628702,49.98241725582986,0.00023443658893522513,False,False,False,False,100000,False,True,False,4.06065882883732,0.004254066925434672,9.77498092756239,0.010552865084936356,True,Cruise
1,69,1675391179.7628884,49.95778258739703,0.0005628988347063282,False,False,False,False,100000,False,True,False,4.061461388924738,-0.00028351380849163046,9.775753244581395,0.004672281582766606,True,Cruise
1,70,1675391179.8628638,49.99737315682387,0.0005628988347063282,False,False,False,False,100000,False,True,False,4.062123282063955,-0.00039185788432977435,9.77643608450498,0.0009571370475288049,True,Cruise
1,71,1675391179.973684,49.99737315682387,3.502457568171601e-05,False,False,False,False,100000,False,True,False,4.063302454717231,0.0051354298517050576,9.777912066545314,0.005841222547253733,True,Cruise
1,72,1675391180.0630171,49.991539315092304,0.0001128091321025908,False,False,False,False,100000,False,True,False,4.063500129007795,0.002272835350860185,9.77841181225702,0.004593444084960771,True,Cruise
1,73,1675391180.1629412,49.964744105030654,0.00047007859959131634,False,False,False,False,100000,False,True,False,4.0630567843910566,-0.002260555173130218,9.778495097038304,0.0006703671358647647,True,Cruise
1,74,1675391180.2630777,49.964744105030654,0.00047007859959131634,False,False,False,False,100000,False,True,False,4.0627454037249615,-0.0019220075253777668,9.778367711094855,0.0004772835714801372,True,Cruise
1,75,1675391180.3628862,49.99122743936534,0.00011696747512885609,False,False,False,False,100000,False,True,False,4.0627454037249615,-0.0019220075253777668,9.778367711094855,0.0004772835714801372,True,Cruise
1,76,1675391180.4628615,49.98833826317347,0.00015548982435382397,False,False,False,False,100000,False,True,False,4.0614677363049365,0.0008530241873433787,9.777621754634804,0.0013264335364834836,True,Cruise
1,77,1675391180.5628846,49.92648038601062,0.000980261519858438,False,False,False,False,100000,False,True,False,4.059905585143894,-0.0026371647706934613,9.776501518586302,0.0018244285422151446,True,Cruise
1,78,1675391180.662872,49.9548756316655,0.0006016582444600108,False,False,False,False,100000,False,True,False,4.059363604793815,-0.004917843605554656,9.776084097410084,0.002381066795789303,True,Cruise
1,79,1675391180.7739112,49.9548756316655,0.0006016582444600108,False,False,False,False,100000,False,True,False,4.05828828620983,0.006753863269863791,9.775231169482172,0.007348680328290226,True,Cruise
1,80,1675391180.8629677,49.979026069277126,0.00027965240963830074,False,False,False,False,100000,False,True,False,4.05828828620983,0.006753863269863791,9.775231169482172,0.004408615992514241,True,Cruise
1,81,1675391180.9629345,49.979026069277126,0.00027965240963830074,False,False,False,False,100000,False,True,False,4.056842074577713,0.006484923128905906,9.774003884273776,0.0006878171821049099,True,Cruise
1,82,1675391181.0630758,49.95835599674541,0.00055525337672788,False,False,False,False,100000,False,True,False,4.056045436645999,0.0032881805247228797,9.77328609915238,0.0006219677162942769,True,Cruise
1,83,1675391181.1629345,49.99681487583544,4.246832219408425e-05,False,False,False,False,100000,False,True,False,4.05540277352854,0.0035022680808999185,9.77268701361189,0.0027491129748540744,True,Cruise
1,84,1675391181.2629669,49.99681487583544,4.246832219408425e-05,False,False,False,False,100000,False,True,False,4.054926835124986,0.009155287409165425,9.772225560107794,0.00294320610567492,True,Cruise
1,85,1675391181.362953,49.99426383958767,-7.648213883109311e-05,False,False,False,False,100000,False,True,False,4.054926835124986,0.009155287409165425,9.772225560107794,0.00294320610567492,True,Cruise
1,86,1675391181.4781578,49.99426383958767,-7.648213883109311e-05,False,False,False,False,100000,False,True,False,4.0545482926331875,0.0014078244968267948,9.771804108840831,0.007768146314699802,True,Cruise
1,87,1675391181.573783,49.98190086775716,-0.00024132176323781075,False,False,False,False,100000,False,True,False,4.0544918991522465,0.0001826439744252915,9.771698944003838,0.0012633232167046523,True,Cruise
1,88,1675391181.6699288,49.9964010945405,-4.7985406126618726e-05,False,False,False,False,100000,False,True,False,4.054571614026526,-0.0009621099377604355,9.771719274687777,0.002028379608670266,True,Cruise
1,89,1675391181.769851,49.9964010945405,-4.7985406126618726e-05,False,False,False,False,100000,False,True,False,4.054764103628558,-0.0049573709868856635,9.771845649266927,0.001973685477106096,True,Cruise
1,90,1675391181.8656864,49.9964010945405,-4.7985406126618726e-05,False,False,False,False,100000,False,True,False,4.054764103628558,-0.0049573709868856635,9.771845649266927,0.001973685477106096,True,Cruise
1,91,1675391181.962898,49.98513005482299,0.0001982659356934635,False,False,False,False,100000,False,True,False,4.055202419264588,-0.0037491537296917873,9.772183708439526,0.0013289821449318326,True,Cruise
1,92,1675391182.0628467,49.97002078963507,-0.0003997228048657004,False,False,False,False,100000,False,True,False,4.055555463918618,-0.005068086651462667,9.77247197835902,0.002111390153274996,True,Cruise
1,93,1675391182.1628764,49.94901590760345,-0.0006797878986206368,False,False,False,False,100000,False,True,False,4.055925372420414,0.00010276179102541584,9.77278261984058,0.004853577303021523,True,Cruise
1,94,1675391182.2629488,49.94901590760345,-0.0006797878986206368,False,False,False,False,100000,False,True,False,4.056290423211693,-0.007634235259711275,9.773093658491058,0.0028991970770264885,True,Cruise
1,95,1675391182.362944,49.94901590760345,-0.0006797878986206368,False,False,False,False,100000,False,True,False,4.056290423211693,-0.007634235259711275,9.773093658491058,0.0028991970770264885,True,Cruise
1,96,1675391182.4628873,49.99967543009802,4.327598693035239e-06,False,False,False,False,100000,False,True,False,4.0567807400335205,-0.01113886401533797,9.773521817931087,0.00048435891448197663,True,Cruise
1,97,1675391182.562985,49.91854756288243,-0.0010860324949008755,False,False,False,False,100000,False,True,False,4.057050682585009,-0.011880385892031844,9.773761250321124,0.00034189486761843486,True,Cruise
1,98,1675391182.6629019,49.91315176982673,-0.0011579764023102047,False,False,False,False,100000,False,True,False,4.057270238875288,-0.008395188782096245,9.773952723486545,0.005853132460495702,True,Cruise
1,99,1675391182.762968,49.91315176982673,-0.0011579764023102047,False,False,False,False,100000,False,True,False,4.057424949258375,-0.011425815721377764,9.77409288725524,0.009469029610532588,True,Cruise
1,100,1675391182.86299,49.91315176982673,-0.0011579764023102047,False,False,False,False,100000,False,True,False,4.057424949258375,-0.011425815721377764,9.77409288725524,0.0079880713684456,True,Cruise
1,101,1675391182.962831,49.956347161407656,-0.0005820378478979082,False,False,False,False,100000,False,True,False,4.057547174909042,-0.0207477312997674,9.774217819318574,0.00041231528298025887,True,Cruise
1,102,1675391183.0628655,49.92907534809138,-0.0009456620254482581,False,False,False,False,100000,False,True,False,4.057547174909042,-0.0207477312997674,9.774217819318574,0.00041427660661199375,True,Cruise
1,103,1675391183.1629007,49.92907534809138,-0.0009456620254482581,False,False,False,False,100000,False,True,False,4.057520752853496,-0.017667196275320873,9.774189590521486,0.00577552893714962,True,Cruise
1,104,1675391183.2629063,49.95796643328062,-0.0005604475562584778,False,False,False,False,100000,False,True,False,4.057490092211927,-0.018585064912627774,9.774162141305105,0.0009187907105391339,True,Cruise
1,105,1675391183.3628447,49.95796643328062,-0.0005604475562584778,False,False,False,False,100000,False,True,False,4.057449928408219,-0.02145383101663688,9.774127302195154,0.0028692587639008813,True,Cruise
1,106,1675391183.4629006,49.96676484694306,-0.0004431353740926037,False,False,False,False,100000,False,True,False,4.057358499077696,-0.01665303363112304,9.774039014104213,0.004802479531058758,True,Cruise
1,107,1675391183.56294,49.963309022135974,-0.0004892130381870482,False,False,False,False,100000,False,True,False,4.057241512873497,-0.0153041202176285,9.773935156466498,0.0005140338921625872,True,Cruise
1,108,1675391183.6628807,49.963309022135974,-0.0004892130381870482,False,False,False,False,100000,False,True,False,4.057177603594006,-0.014722773334078116,9.77387992267537,0.0004223266274740311,True,Cruise
1,109,1675391183.7817268,49.963309022135974,-0.0004892130381870482,False,False,False,False,100000,False,True,False,4.056922032594763,-0.009891517061395265,9.77365853510894,0.0006493002836022259,True,Cruise
1,110,1675391183.8787973,49.947688323750654,-0.0006974890166579111,False,False,False,False,100000,False,True,False,4.056922032594763,-0.009891517061395265,9.77365853510894,0.0006493002836022259,True,Cruise
1,111,1675391183.9739394,49.95756574196161,-0.0005657901071784792,False,False,False,False,100000,False,True,False,4.056922032594763,-0.009891517061395265,9.77365853510894,0.0006493002836022259,True,Cruise
1,112,1675391184.0698192,49.96674614692841,-0.00044338470762120383,False,False,False,False,100000,False,True,False,4.056652232834265,-0.010629992834908094,9.773437354371396,0.000394192505731642,True,Cruise
1,113,1675391184.165835,49.96674614692841,-0.00044338470762120383,False,False,False,False,100000,False,True,False,4.056614639599018,-0.009526786058040726,9.773405024762898,0.00205433888797945,True,Cruise
1,114,1675391184.2628827,49.95951849594515,-0.0005397533873980398,False,False,False,False,100000,False,True,False,4.0565837362639625,-0.007472867652464698,9.773377232069917,0.00205433888797945,True,Cruise
1,115,1675391184.3629665,49.95951849594515,-0.0005397533873980398,False,False,False,False,100000,False,True,False,4.05653481817364,-0.0066585146285153924,9.773336187446885,3.630643416235227e-05,True,Cruise
1,116,1675391184.462991,49.93141913012046,-0.000914411598393831,False,False,False,False,100000,False,True,False,4.05653481817364,-0.0066585146285153924,9.773336187446885,0.0014521272631324528,True,Cruise
1,117,1675391184.5629277,49.93141913012046,-0.000914411598393831,False,False,False,False,100000,False,True,False,4.056494380843308,-0.008109831695576436,9.773309407202198,0.0014521272631324528,True,Cruise
1,118,1675391184.6657584,49.96591082824089,-0.00045452229012152973,False,False,False,False,100000,False,True,False,4.0564863625594025,-0.01465444132145776,9.773319258680024,0.004197330966916556,True,Cruise
1,119,1675391184.7697947,49.94607681833559,-0.000718975755525456,False,False,False,False,100000,False,True,False,4.0565044669138155,-0.01774000277629094,9.773340833009064,0.0010999598315620462,True,Cruise
1,120,1675391184.8736773,49.94607681833559,-0.000718975755525456,False,False,False,False,100000,False,True,False,4.056526837922023,-0.013694624523698884,9.77335435399741,0.004045462703533287,True,Cruise
1,121,1675391184.9777164,49.94607681833559,-0.000718975755525456,False,False,False,False,100000,False,True,False,4.056526837922023,-0.013694624523698884,9.77335435399741,0.004045462703533287,True,Cruise
1,122,1675391185.0817075,49.93622561355115,-0.0008503251526513261,False,False,False,False,100000,False,True,False,4.056587405115239,-0.016103232511390526,9.773406853971593,0.0011897865222529928,True,Cruise
1,123,1675391185.1630113,49.995491801259476,-6.010931654036944e-05,False,False,False,False,100000,False,True,False,4.056629797934502,-0.017405763777429455,9.773446388496604,0.0016154022213308355,True,Cruise
1,124,1675391185.2629592,49.88640696414763,-0.0015145738113648965,False,False,False,False,100000,False,True,False,4.056706804549234,-0.014391904748313445,9.773503981809345,0.007954166414780207,True,Cruise
1,125,1675391185.3629172,49.88640696414763,-0.0015145738113648965,False,False,False,False,100000,False,True,False,4.056736013920867,-0.005116771654715121,9.773521649350604,0.009275195913476341,True,Cruise
1,126,1675391185.4629164,49.924967782652516,-0.0010004295646331162,False,False,False,False,100000,False,True,False,4.056736013920867,-0.005116771654715121,9.773521649350604,0.026679924821593624,True,Cruise
1,127,1675391185.562951,49.924967782652516,-0.0010004295646331162,False,False,False,False,100000,False,True,False,4.056760946845022,-0.0323515945470525,9.773586714104718,0.0005552124144546713,True,Cruise
1,128,1675391185.6630437,49.924967782652516,-0.0010004295646331162,False,False,False,False,100000,False,True,False,4.056820748920311,-0.027599771893330006,9.773613261626387,0.002027728006370553,True,Cruise
1,129,1675391185.762937,49.9067351139897,-0.0012435318134707,False,False,False,False,100000,False,True,False,4.056836245032409,-0.02821794782977932,9.773619152782429,0.003638663991735037,True,Cruise
1,130,1675391185.8645527,49.9067351139897,-0.0012435318134707,False,False,False,False,100000,False,True,False,4.056847101441957,-0.03185659273246946,9.773623741382204,0.003638663991735037,True,Cruise
1,131,1675391185.9697144,49.96550719651809,-0.0004599040464254967,False,False,False,False,100000,False,True,False,4.056886477928711,-0.01640292648700403,9.77362651615601,0.015453716660833292,True,Cruise
1,132,1675391186.0699358,49.96550719651809,-0.0004599040464254967,False,False,False,False,100000,False,True,False,4.056856297180435,-0.032515099524379594,9.773629697944303,0.006462801552749296,True,Cruise
1,133,1675391186.173841,49.94345149711401,-0.0007539800384798479,False,False,False,False,100000,False,True,False,4.056857595457666,-0.026792082981451713,9.77362375309389,0.009352035531345728,True,Cruise
1,134,1675391186.2777689,49.94345149711401,-0.0007539800384798479,False,False,False,False,100000,False,True,False,4.056861281760095,-0.020402308055707353,9.773614148768642,0.0014361203506897931,True,Cruise
1,135,1675391186.3819208,49.895193820389885,-0.001397415728134799,False,False,False,False,100000,False,True,False,4.056854433870188,-0.02183840248914408,9.773608900309702,0.0014361203506897931,True,Cruise
1,136,1675391186.4629128,49.93479777820026,-0.0008693629573298284,False,False,False,False,100000,False,True,False,4.05681496054697,-0.02640300876977227,9.773591822950179,0.00410963763147716,True,Cruise
1,137,1675391186.5629325,49.93902238349268,-0.0008130348867643272,False,False,False,False,100000,False,True,False,4.056781494318804,-0.03321925631545317,9.77357912166744,0.002706704984670992,True,Cruise
1,138,1675391186.6628609,49.954564183358244,-0.0006058108885567052,False,False,False,False,100000,False,True,False,4.056786984411847,-0.024531144209216833,9.773563066088446,0.0008502957300698073,True,Cruise
1,139,1675391186.762937,49.954564183358244,-0.0006058108885567052,False,False,False,False,100000,False,True,False,4.056783185216481,-0.024570048480975187,9.77354952361473,0.0008892001307500663,True,Cruise
1,140,1675391186.8629398,49.97080325731201,-0.00038928990250657795,False,False,False,False,100000,False,True,False,4.0567719728850165,-0.02228711272576479,9.773533554135128,0.0022830191420734262,True,Cruise
1,141,1675391186.9629607,49.97080325731201,-0.00038928990250657795,False,False,False,False,100000,False,True,False,4.056765985045461,-0.02257458382844068,9.773529652537475,0.00028755992690304174,True,Cruise
1,142,1675391187.063187,49.96322530066456,0.0004903293244725112,False,False,False,False,100000,False,True,False,4.056761818995105,-0.017489615208977863,9.773523051965611,0.0021817299000643905,True,Cruise
1,143,1675391187.1630583,49.98759231115994,0.00016543585120075532,False,False,False,False,100000,False,True,False,4.056754932684039,-0.017871398000872896,9.773519378928897,0.0015978944312655997,True,Cruise
1,144,1675391187.2661476,49.98759231115994,0.00016543585120075532,False,False,False,False,100000,False,True,False,4.056765953621215,-0.005647304175089289,9.773517023308262,0.01222409902085081,True,Cruise
1,145,1675391187.3819919,49.96864100765997,-0.00041811989786710044,False,False,False,False,100000,False,True,False,4.056765953621215,-0.005647304175089289,9.773517023308262,0.01222409902085081,True,Cruise
1,146,1675391187.477738,49.96864100765997,-0.00041811989786710044,False,False,False,False,100000,False,True,False,4.056756514884822,0.0021598218796500413,9.77351907733596,0.0017235640980509505,True,Cruise
1,147,1675391187.5740623,49.96864100765997,-0.00041811989786710044,False,False,False,False,100000,False,True,False,4.056744780000792,-0.001663735117448134,9.773525350795676,0.00486936472562924,True,Cruise
1,148,1675391187.6737583,49.98102734344648,-0.0002529687540469707,False,False,False,False,100000,False,True,False,1.5504624521658137,5.063859104507153,11.169254828761488,7.241098729332808,True,Cruise
1,149,1675391187.765775,49.98102734344648,-0.0002529687540469707,False,False,False,False,100000,False,True,False,3.475624436642994,-1.7177532818226962,9.51486805927659,7.241098729332808,True,Cruise
1,150,1675391187.8628519,49.98102734344648,0.0003592740312986196,False,False,False,False,100000,False,True,False,3.475624436642994,-1.7177532818226962,9.51486805927659,1.157955577186207,True,Cruise
1,151,1675391187.9628654,49.9730544476526,0.0003592740312986196,False,False,False,False,100000,False,True,False,4.533624258411319,1.0365318066817453,9.908592012721877,3.32058864911763,True,Cruise
1,152,1675391188.0629961,49.97737205771449,-0.0003017058971401301,False,False,False,False,100000,False,True,False,4.61336052530973,-0.16091056620578295,9.70649496815076,1.1411873833880646,True,Cruise
1,153,1675391188.1629522,49.93995183731002,0.000800642169199717,False,False,False,False,100000,False,True,False,4.61336052530973,-0.16091056620578295,9.70649496815076,0.22387630348101809,True,Cruise
1,154,1675391188.2629795,49.93995183731002,0.000800642169199717,False,False,False,False,100000,False,True,False,4.133098255526269,-0.20445875639460429,9.769861245613697,0.1076294214394422,True,Cruise
1,155,1675391188.3628993,49.9919039458547,0.00010794738860390774,False,False,False,False,100000,False,True,False,4.133098255526269,-0.20445875639460429,9.769861245613697,0.11181297573233338,True,Cruise
1,156,1675391188.4857035,49.99253338833052,9.955482225966672e-05,False,False,False,False,100000,False,True,False,4.084888558350828,-0.08733295227033425,9.789791009281853,0.01704946359347051,True,Cruise
1,157,1675391188.581756,49.99253338833052,9.955482225966672e-05,False,False,False,False,100000,False,True,False,4.097275692777527,-0.07570706596037999,9.791233880387667,0.015858015259794654,True,Cruise
1,158,1675391188.6778862,49.99253338833052,9.955482225966672e-05,False,False,False,False,100000,False,True,False,4.108685554046522,-0.045169722021871375,9.79377134829749,0.017343780680184932,True,Cruise
1,159,1675391188.773705,49.96496657412999,-0.0004671123449335151,False,False,False,False,100000,False,True,False,4.1043596673870395,-0.012124693951576636,9.795696172144826,0.016213686017746275,True,Cruise
1,160,1675391188.8698173,49.910603025198654,-0.001191959664017958,False,False,False,False,100000,False,True,False,4.088277807960458,0.011638571988566153,9.795917326889503,0.02869438830467316,True,Cruise
1,161,1675391188.9656672,49.910603025198654,-0.001191959664017958,False,False,False,False,100000,False,True,False,4.088277807960458,0.011638571988566153,9.795917326889503,0.02869438830467316,True,Cruise
1,162,1675391189.062959,49.910603025198654,-0.00020214337771208836,False,False,False,False,100000,False,True,False,4.07776874909142,0.014468166386552107,9.794104583610313,0.009602073838963589,True,Cruise
1,163,1675391189.1629527,49.98483924667159,-0.00020214337771208836,False,False,False,False,100000,False,True,False,4.074354366448548,0.011109158918560076,9.792595649474032,0.055382934972076844,True,Cruise
1,164,1675391189.2628849,49.98892776196111,-0.00014762984051849482,False,False,False,False,100000,False,True,False,4.020895376237879,0.03757819063499185,9.788370458048684,0.017513136138417297,True,Cruise
1,165,1675391189.362898,49.98892776196111,-0.00014762984051849482,False,False,False,False,100000,False,True,False,4.050973568723976,0.3446928082994579,9.814182150235542,0.30966163711375516,True,Cruise
1,166,1675391189.4628952,49.98638490677942,-0.00018153457627436586,False,False,False,False,100000,False,True,False,4.063872861443183,0.15616783857262115,9.798117965011267,0.061786590425939966,True,Cruise
1,167,1675391189.5628793,49.928796171675124,-0.0009493843776650533,False,False,False,False,100000,False,True,False,4.063872861443183,0.15616783857262115,9.798117965011267,0.057885548558932264,True,Cruise
1,168,1675391189.685768,49.928796171675124,-0.0009493843776650533,False,False,False,False,100000,False,True,False,4.04353875931343,-0.037434656490536074,9.780240425635236,0.03886097677677875,True,Cruise
1,169,1675391189.7819026,49.97069644629922,-0.0003907140493437018,False,False,False,False,100000,False,True,False,4.04353875931343,-0.037434656490536074,9.780240425635236,0.19902167108316027,True,Cruise
1,170,1675391189.877921,49.97069644629922,-0.0003907140493437018,False,False,False,False,100000,False,True,False,3.96186558393127,0.06887365959459125,9.782561438696423,0.0726748627545116,True,Cruise
1,171,1675391189.9740293,49.97069644629922,-0.0003907140493437018,False,False,False,False,100000,False,True,False,3.96186558393127,0.06887365959459125,9.782561438696423,0.0726748627545116,True,Cruise
1,172,1675391190.0696611,49.96228175027609,-0.0005029099963187716,False,False,False,False,100000,False,True,False,4.017482466686823,-0.060801064923001975,9.765067489086102,0.03472169669439123,True,Cruise
1,173,1675391190.169836,49.99104696767453,0.00011937376433957092,False,False,False,False,100000,False,True,False,4.026864628023038,-0.12408501919843776,9.758522668973841,0.02349252813684946,True,Cruise
1,174,1675391190.2653615,49.93863649148132,0.00011937376433957092,False,False,False,False,100000,False,True,False,4.019127440800664,-0.17161233814059323,9.754189281683106,0.020713269954379585,True,Cruise
1,175,1675391190.3642812,49.93863649148132,-0.0008181801135824036,False,False,False,False,100000,False,True,False,4.016750639038448,-0.17198129875911547,9.753544331906529,0.0024902366893928517,True,Cruise
1,176,1675391190.4632561,49.93863649148132,-0.0008181801135824036,False,False,False,False,100000,False,True,False,4.016750639038448,-0.17198129875911547,9.753544331906529,0.0024902366893928517,True,Cruise
1,177,1675391190.562906,49.965543028632624,0.0004594262848983038,False,False,False,False,100000,False,True,False,4.016019783421601,-0.17829998049473395,9.753107525496258,0.006375789256928767,True,Cruise
1,178,1675391190.6636841,49.93334675486621,-0.0008887099351171981,False,False,False,False,100000,False,True,False,4.017540281877889,-0.1744671868224806,9.753417565607654,0.004135014844025798,True,Cruise
1,179,1675391190.7640114,49.93334675486621,-0.0008887099351171981,False,False,False,False,100000,False,True,False,4.019636133808852,-0.14600993564006726,9.753930726631935,0.023916340118585986,True,Cruise
1,180,1675391190.88571,49.968389246650155,0.0004214767113312552,False,False,False,False,100000,False,True,False,4.02772877668848,-0.08827592170526458,9.756519506220627,0.016506833096252,True,Cruise
1,181,1675391190.9817858,49.968389246650155,0.0004214767113312552,False,False,False,False,100000,False,True,False,4.020499102208156,-0.026097199788165396,9.743795722490807,0.06387766686987431,True,Cruise
1,182,1675391191.0778706,49.979419088390884,-0.0002744121547881606,False,False,False,False,100000,False,True,False,4.020499102208156,-0.026097199788165396,9.743795722490807,0.06387766686987431,True,Cruise
1,183,1675391191.1777387,49.979419088390884,-0.0002744121547881606,False,False,False,False,100000,False,True,False,4.042009719004602,-0.0631541095792597,9.766445979076817,0.048466022341852336,True,Cruise
1,184,1675391191.2697918,49.94797477281051,-0.000693669695859863,False,False,False,False,100000,False,True,False,4.049833291490743,-0.01955936321697713,9.770159857071492,0.02347701893174131,True,Cruise
1,185,1675391191.3658867,49.94797477281051,-0.000693669695859863,False,False,False,False,100000,False,True,False,4.023869934878295,0.3224581537240058,9.73208431517954,0.023126544082487707,True,Cruise
1,186,1675391191.4657836,49.99723145606828,-3.691391908964325e-05,False,False,False,False,100000,False,True,False,4.032097492514106,0.2698662340484534,9.74346905310802,0.023126544082487707,True,Cruise
1,187,1675391191.5629673,49.99723145606828,-3.691391908964325e-05,False,False,False,False,100000,False,True,False,4.037325479521175,0.2388293670701392,9.749534198950526,0.03205315825416447,True,Cruise
1,188,1675391191.6629632,49.99162080184437,-0.00011172264207513405,False,False,False,False,100000,False,True,False,4.037325479521175,0.2388293670701392,9.749534198950526,0.03205315825416447,True,Cruise
1,189,1675391191.7628715,49.96306398659505,-0.0004924801787326438,False,False,False,False,100000,False,True,False,4.058673638447394,0.11743950577815238,9.771848998130382,0.029971617717618755,True,Cruise
1,190,1675391191.8629384,49.96306398659505,-0.0004924801787326438,False,False,False,False,100000,False,True,False,4.067367441040592,0.05253218742346512,9.781020698114247,0.03327997151688775,True,Cruise
1,191,1675391191.9630208,49.97312082356267,-0.0003583890191644221,False,False,False,False,100000,False,True,False,4.070984594748223,0.02302619077696486,9.78494775767257,0.02998515359011088,True,Cruise
1,192,1675391192.0628831,49.97312082356267,-0.0003583890191644221,False,False,False,False,100000,False,True,False,4.076720388878189,-0.027898917974616053,9.791344051059138,0.026986801924748886,True,Cruise
1,193,1675391192.185808,49.97312082356267,-0.0003583890191644221,False,False,False,False,100000,False,True,False,4.076720388878189,-0.027898917974616053,9.791344051059138,0.026986801924748886,True,Cruise
1,194,1675391192.2780204,49.988573168556286,-0.00015235775258287367,False,False,False,False,100000,False,True,False,4.082446902337177,-0.08148144546573483,9.798107506681065,0.008251745019512084,True,Cruise
1,195,1675391192.3740594,49.976508722658735,0.0003132170312168403,False,False,False,False,100000,False,True,False,4.0827716318429035,-0.08792609494606893,9.798598276883297,0.00047900236624886047,True,Cruise
1,196,1675391192.469776,49.976508722658735,0.0003132170312168403,False,False,False,False,100000,False,True,False,4.082262161993043,-0.08877758715489611,9.798313146576689,0.008553922814414507,True,Cruise
1,197,1675391192.5656958,49.97913806765012,-0.0002781590979984103,False,False,False,False,100000,False,True,False,4.0804171462536685,-0.07245403921995693,9.796575363898038,0.007974009894569535,True,Cruise
1,198,1675391192.6628504,49.98168739640862,-0.0002441680478851375,False,False,False,False,100000,False,True,False,4.0804171462536685,-0.07245403921995693,9.796575363898038,0.00794609813564005,True,Cruise
1,199,1675391192.762857,49.98168739640862,-0.0002441680478851375,False,False,False,False,100000,False,True,False,3.931652314275827,-0.06819644765619494,9.80595599466921,0.14640110891053057,True,Cruise
1,200,1675391192.8628683,49.940188278252975,-0.000797489623293683,False,False,False,False,100000,False,True,False,1.450529730203853,-0.03527848174364868,10.001929703080867,0.6462952081926958,True,Cruise
1,201,1675391192.962886,49.940188278252975,-0.000797489623293683,False,False,False,False,100000,False,True,False,0.7380368083250277,-0.03654801863028286,10.04494646012346,0.7137914379129199,True,Cruise
1,202,1675391193.0628932,49.991453621533516,0.00011395171288644568,False,False,False,False,100000,False,True,False,0.40725381389483534,-0.025280330034852028,10.011718451871289,0.09536712468713292,True,Cruise
1,203,1675391193.16286,49.991453621533516,0.00011395171288644568,False,False,False,False,100000,False,True,False,0.40725381389483534,-0.025280330034852028,10.011718451871289,0.09536712468713292,True,Cruise
1,204,1675391193.2629592,49.99082770591853,-0.00012229725441964944,False,False,False,False,100000,False,True,False,0.40725381389483534,-0.025280330034852028,10.011718451871289,0.09536712468713292,True,Cruise
1,205,1675391193.3818288,49.99082770591853,-0.00012229725441964944,False,False,False,False,100000,False,True,False,0.20394744526393876,-0.01116983514642887,9.868449340115436,0.1910286352496629,True,Cruise
1,206,1675391193.4782343,49.87289754675496,-0.0016946993766004583,False,False,False,False,100000,False,True,False,0.028004358642605396,-0.011102012376641554,9.852364150403817,0.17667684527925243,True,Cruise
1,207,1675391193.5737507,49.87289754675496,-0.0016946993766004583,False,False,False,False,100000,False,True,False,-1.055279341630506,-0.031800642049250934,9.892790194807164,0.9362316621967418,True,Cruise
1,208,1675391193.673689,49.98156695864003,-0.0002457738847995959,False,False,False,False,100000,False,True,False,-1.055279341630506,-0.031800642049250934,9.892790194807164,0.9362316621967418,True,Cruise
1,209,1675391193.7658122,49.98156695864003,-0.0002457738847995959,False,False,False,False,100000,False,True,False,-1.0841940986982002,-0.02788513536446111,9.852916212748339,0.04940980483780458,True,Cruise
1,210,1675391193.862856,49.92704909862397,-0.0009726786850137687,False,False,False,False,100000,False,True,False,-1.0841940986982002,-0.02788513536446111,9.852916212748339,0.04940980483780458,True,Cruise
1,211,1675391193.962832,49.97563408601247,0.000324878853167077,False,False,False,False,100000,False,True,False,-0.14639761837122306,-0.01774241026830363,9.672016300485613,0.14846257568496268,True,Cruise
1,212,1675391194.0629945,49.97563408601247,0.000324878853167077,False,False,False,False,100000,False,True,False,-0.45962924657598353,-0.04286963670327936,9.673351433366696,0.07980996545671185,True,Cruise
1,213,1675391194.1629395,49.66556289190829,0.004459161441222823,False,False,False,False,100000,False,True,False,-0.5637327374273294,-0.029633605751399915,9.665160716626394,0.07980996545671185,True,Cruise
1,214,1675391194.262877,49.66556289190829,0.004459161441222823,False,False,False,False,100000,False,True,False,-0.5528463431215079,-0.030218198993502816,9.659841213905667,0.012130640520449066,True,Cruise
1,215,1675391194.3628833,49.96544618841345,-0.0004607174878206178,False,False,False,False,100000,False,True,False,-0.5528463431215079,-0.030218198993502816,9.659841213905667,1.6601175111318396,True,Cruise
1,216,1675391194.4629316,49.9681710170766,-0.00042438643897867244,False,False,False,False,100000,False,True,False,-0.8626949964817513,0.0703361636152749,9.666845267920714,1.3497304803057193,True,Cruise
1,217,1675391194.581779,49.9681710170766,-0.00042438643897867244,False,False,False,False,100000,False,True,False,0.35556426957730464,0.06011975260632314,9.567256274780288,1.3497304803057193,True,Cruise
1,218,1675391194.6788712,49.9681710170766,-0.00042438643897867244,False,False,False,False,100000,False,True,False,0.4055440912221947,0.01738417686703312,9.602186859338714,0.09103249526407815,True,Cruise
1,219,1675391194.7780218,49.90671029823861,-0.0012438626901519535,False,False,False,False,100000,False,True,False,0.09783331737455774,0.043442929846620695,9.6682101307865,0.1475140576381981,True,Cruise
1,220,1675391194.870013,49.90671029823861,-0.0012438626901519535,False,False,False,False,100000,False,True,False,0.09783331737455774,0.043442929846620695,9.6682101307865,0.1475140576381981,True,Cruise
1,221,1675391194.966057,49.90671029823861,-0.0012438626901519535,False,False,False,False,100000,False,True,False,-0.296122034707622,0.03959871956293247,9.75607322664023,0.13924624978019545,True,Cruise
1,222,1675391195.0630655,48.99433818836986,-0.01340882415506856,False,False,False,False,100000,False,True,False,-0.1571375814220992,0.03268442489980771,9.76107646080269,0.12648767591724877,True,Cruise
1,223,1675391195.1628823,49.80506571974846,0.0025991237366872065,False,False,False,False,100000,False,True,False,-0.03123432610652025,0.02238042581979836,9.767505306954703,0.12648767591724877,True,Cruise
1,224,1675391195.2629173,49.059186333440934,-0.012544182220787568,False,False,False,False,100000,False,True,False,0.06619247181692259,0.009682543841188027,9.776507896078524,0.07033729110687302,True,Cruise
1,225,1675391195.3629391,49.059186333440934,-0.012544182220787568,False,False,False,False,100000,False,True,False,-0.7849948214866849,-0.2774261303169647,9.909553898263363,0.9693144406716723,True,Cruise
1,226,1675391195.46303,49.09815008968994,-0.012024665470800819,False,False,False,False,100000,False,True,False,-0.7849948214866849,-0.2774261303169647,9.909553898263363,0.9693144406716723,True,Cruise
1,227,1675391195.5630164,49.09815008968994,-0.012024665470800819,False,False,False,False,100000,False,True,False,-3.0541337044819197,-0.38727061031009313,10.088606516707536,0.18489445003752905,True,Cruise
1,228,1675391195.6866815,49.13630082715202,-0.01151598897130643,False,False,False,False,100000,False,True,False,-3.0541337044819197,-0.38727061031009313,10.088606516707536,0.8593876675721536,True,Cruise
1,229,1675391195.7821739,49.13630082715202,-0.01151598897130643,False,False,False,False,100000,False,True,False,-0.5393275958051862,-0.661205236707506,9.788182335352364,0.7663280569181551,True,Cruise
1,230,1675391195.8778038,49.350361611212385,-0.008661845183834902,False,False,False,False,100000,False,True,False,-0.2850230116156154,-0.7184314468840914,9.761468009466416,0.2620292271456485,True,Cruise
1,231,1675391195.9738758,49.350361611212385,-0.008661845183834902,False,False,False,False,100000,False,True,False,1.1279017766399022,-0.7231057263433328,9.634176361281867,1.4186548099706642,True,Cruise
1,232,1675391196.0700808,49.350361611212385,-0.008661845183834902,False,False,False,False,100000,False,True,False,1.1279017766399022,-0.7231057263433328,9.634176361281867,1.4186548099706642,True,Cruise
1,233,1675391196.1680956,49.46468495251345,-0.007137533966487371,False,False,False,False,100000,False,True,False,0.39917277474106966,-0.8052183854169793,9.718246211365082,0.39817243947324293,True,Cruise
1,234,1675391196.2629776,49.866088470861804,-0.0017854870551759707,False,False,False,False,100000,False,True,False,0.09151556838120911,-0.8214284792300603,9.751622283090912,0.13744603070323988,True,Cruise
1,235,1675391196.3628633,49.760349452110866,-0.0031953406385218292,False,False,False,False,100000,False,True,False,1.241800068344638,-0.6559071558518136,9.677933259185366,0.8601017248032572,True,Cruise
1,236,1675391196.4629211,49.760349452110866,-0.0031953406385218292,False,False,False,False,100000,False,True,False,1.241800068344638,-0.6559071558518136,9.677933259185366,0.8601017248032572,True,Cruise
1,237,1675391196.562896,49.54210196516474,-0.00610530713113687,False,False,False,False,100000,False,True,False,1.241800068344638,-0.6559071558518136,9.677933259185366,0.8601017248032572,True,Cruise
1,238,1675391196.6629078,49.54210196516474,-0.00610530713113687,False,False,False,False,100000,False,True,False,1.3809707491934993,-0.5960516685745956,9.734523298846298,0.16172071714519046,True,Cruise
1,239,1675391196.7629244,49.54210196516474,-0.00610530713113687,False,False,False,False,100000,False,True,False,0.008105071547753806,-0.5189396143503409,9.882411059608991,1.3829595899909006,True,Cruise
1,240,1675391196.8856993,49.97814869962463,0.0002913506716715677,False,False,False,False,100000,False,True,False,0.008105071547753806,-0.5189396143503409,9.882411059608991,0.1453945056666707,True,Cruise
1,241,1675391196.9820414,49.97814869962463,0.0002913506716715677,False,False,False,False,100000,False,True,False,0.7171276202972808,-0.33970675594687677,9.814560384527526,1.202688732035613,True,Cruise
1,242,1675391197.081672,49.87263870004797,0.0016981506660270057,False,False,False,False,100000,False,True,False,2.534816594685436,-0.14984487413394068,9.682016544343066,0.6437853861735169,True,Cruise
1,243,1675391197.1741989,49.87263870004797,0.0016981506660270057,False,False,False,False,100000,False,True,False,2.534816594685436,-0.14984487413394068,9.682016544343066,0.6437853861735169,True,Cruise
1,244,1675391197.2697976,49.87263870004797,0.0016981506660270057,False,False,False,False,100000,False,True,False,2.534816594685436,-0.14984487413394068,9.682016544343066,0.6437853861735169,True,Cruise
1,245,1675391197.3661547,49.87263870004797,0.0016981506660270057,False,False,False,False,100000,False,True,False,0.7037694595946213,-0.09526102207938345,9.896336896001065,0.23136143989546756,True,Cruise
1,246,1675391197.464491,49.988106204393766,0.00015858394141644307,False,False,False,False,100000,False,True,False,0.47414198374044,-0.08281023722938799,9.921720279541494,0.23136143989546756,True,Cruise
1,247,1675391197.5632594,49.988106204393766,0.00015858394141644307,False,False,False,False,100000,False,True,False,0.47414198374044,-0.08281023722938799,9.921720279541494,0.23136143989546756,True,Cruise
1,248,1675391197.6644804,49.902720644684614,0.0012970580708718711,False,False,False,False,100000,False,True,False,0.47414198374044,-0.08281023722938799,9.921720279541494,0.23136143989546756,True,Cruise
1,249,1675391197.7647502,49.902720644684614,0.0012970580708718711,False,False,False,False,100000,False,True,False,0.3755885957314821,-0.030995680620013927,9.931239555893077,0.022477898045895943,True,Cruise
1,250,1675391197.8640702,49.902720644684614,0.0012970580708718711,False,False,False,False,100000,False,True,False,1.1859423336052932,0.015479914528548066,9.850204915971723,0.022477898045895943,True,Cruise
1,251,1675391197.9648464,49.902720644684614,0.0012970580708718711,False,False,False,False,100000,False,True,False,1.1859423336052932,0.015479914528548066,9.850204915971723,0.8157204020359267,True,Cruise
1,252,1675391198.0909696,49.83585794958925,0.0021885606721433895,False,False,False,False,100000,False,True,False,1.1859423336052932,0.015479914528548066,9.850204915971723,0.8157204020359267,True,Cruise
1,253,1675391198.1827552,49.83585794958925,0.0021885606721433895,False,False,False,False,100000,False,True,False,0.5418129670618115,0.07401768619180538,9.920364726769492,0.6505779819561874,True,Cruise
1,254,1675391198.27849,49.83585794958925,0.0021885606721433895,False,False,False,False,100000,False,True,False,0.5418129670618115,0.07401768619180538,9.920364726769492,0.15393418431720587,True,Cruise
1,255,1675391198.376507,49.83585794958925,0.0021885606721433895,False,False,False,False,100000,False,True,False,0.5418129670618115,0.07401768619180538,9.920364726769492,0.15393418431720587,True,Cruise
1,256,1675391198.4704244,49.83585794958925,0.0021885606721433895,False,False,False,False,100000,False,True,False,0.5418129670618115,0.07401768619180538,9.920364726769492,0.15393418431720587,True,Cruise
1,257,1675391198.5660787,49.83585794958925,0.0021885606721433895,False,False,False,False,100000,False,True,False,0.3915922396019862,0.1075270927638533,9.922931010860077,0.15393418431720587,True,Cruise
1,258,1675391198.665994,49.83585794958925,0.0021885606721433895,False,False,False,False,100000,False,True,False,0.3915922396019862,0.1075270927638533,9.922931010860077,0.15393418431720587,True,Cruise
1,259,1675391198.7630534,49.83585794958925,0.0021885606721433895,False,False,False,False,100000,False,True,False,0.3915922396019862,0.1075270927638533,9.922931010860077,0.15393418431720587,True,Cruise
1,260,1675391198.8631098,49.765588994527036,0.0031254800729727905,False,False,False,False,100000,False,True,False,-0.19023403789984863,0.17649088871377713,9.94381567676569,0.5862712611184807,True,Cruise
1,261,1675391198.963164,49.765588994527036,0.0031254800729727905,False,False,False,False,100000,False,True,False,-0.11627754247238381,0.18628787158953913,9.922608324132659,0.5862712611184807,True,Cruise
1,262,1675391199.0630658,49.732960111479045,0.0035605318469460684,False,False,False,False,100000,False,True,False,-0.5323212956877224,0.20779613436371178,9.947972127575332,0.07755833865602277,True,Cruise
1,263,1675391199.1631076,49.732960111479045,0.0035605318469460684,False,False,False,False,100000,False,True,False,-0.45442486016984585,0.21255309132212746,9.91772467352631,0.08369821851355372,True,Cruise
1,264,1675391199.2862558,49.732960111479045,0.0035605318469460684,False,False,False,False,100000,False,True,False,-0.45442486016984585,0.21255309132212746,9.91772467352631,0.12469218252959718,True,Cruise
1,265,1675391199.3823717,49.732960111479045,0.0035605318469460684,False,False,False,False,100000,False,True,False,-0.3951358033716107,0.2324135888573957,9.857021538448956,0.07465243975191223,True,Cruise
1,266,1675391199.4784904,49.63137704342586,0.0049149727543219375,False,False,False,False,100000,False,True,False,-0.3951358033716107,0.2324135888573957,9.857021538448956,0.07465243975191223,True,Cruise
1,267,1675391199.5741034,49.63137704342586,0.0049149727543219375,False,False,False,False,100000,False,True,False,-0.3951358033716107,0.2324135888573957,9.857021538448956,0.07465243975191223,True,Cruise
1,268,1675391199.671064,49.63137704342586,0.0049149727543219375,False,False,False,False,100000,False,True,False,-0.3951358033716107,0.2324135888573957,9.857021538448956,0.07465243975191223,True,Cruise
1,269,1675391199.7665243,49.63137704342586,0.0049149727543219375,False,False,False,False,100000,False,True,False,-0.3951358033716107,0.2324135888573957,9.857021538448956,0.07465243975191223,True,Cruise
1,270,1675391199.8633068,49.846601864085656,0.002045308478857956,False,False,False,False,100000,False,True,False,-0.3951358033716107,0.2324135888573957,9.857021538448956,0.07465243975191223,True,Cruise
1,271,1675391199.963645,49.846601864085656,0.002045308478857956,False,False,False,False,100000,False,True,False,-0.9159504607384178,0.2629006859504377,9.847375903242845,0.5217953705197035,True,Cruise
1,272,1675391200.0636146,49.846601864085656,0.002045308478857956,False,False,False,False,100000,False,True,False,-0.9159504607384178,0.2629006859504377,9.847375903242845,0.1686328228550803,True,Cruise
1,273,1675391200.1658692,49.846601864085656,0.002045308478857956,False,False,False,False,100000,False,True,False,0.7288121737669377,0.21402791092484433,9.662164101256854,0.546890542389412,True,Cruise
1,274,1675391200.3000946,49.806146397520216,0.00258471469973041,False,False,False,False,100000,False,True,False,0.7288121737669377,0.21402791092484433,9.662164101256854,0.20192389476270628,True,Cruise
1,275,1675391200.3906593,49.806146397520216,0.00258471469973041,False,False,False,False,100000,False,True,False,0.421213461714135,0.23751091029262741,9.68914442608727,0.3096713691057103,True,Cruise
1,276,1675391200.488769,49.95937360905845,0.0005416852125540126,False,False,False,False,100000,False,True,False,-0.12784108669509625,0.2555346314876059,9.74004368187792,0.5517032589124531,True,Cruise
1,277,1675391200.582304,49.95937360905845,0.0005416852125540126,False,False,False,False,100000,False,True,False,-0.12784108669509625,0.2555346314876059,9.74004368187792,0.5517032589124531,True,Cruise
1,278,1675391200.6779904,49.80164668673595,0.002644710843520651,False,False,False,False,100000,False,True,False,-0.12784108669509625,0.2555346314876059,9.74004368187792,0.5517032589124531,True,Cruise
1,279,1675391200.7738895,49.80164668673595,0.002644710843520651,False,False,False,False,100000,False,True,False,-0.12784108669509625,0.2555346314876059,9.74004368187792,0.5517032589124531,True,Cruise
1,280,1675391200.870058,49.80164668673595,0.002644710843520651,False,False,False,False,100000,False,True,False,-0.12784108669509625,0.2555346314876059,9.74004368187792,0.5517032589124531,True,Cruise
1,281,1675391200.9699879,49.80164668673595,0.002644710843520651,False,False,False,False,100000,False,True,False,0.7086252386063003,0.17522168151335316,9.668269644656425,0.8433727501620273,True,Cruise
1,282,1675391201.0658994,49.80164668673595,0.002644710843520651,False,False,False,False,100000,False,True,False,0.5481666650049163,0.2010350503523541,9.69230723293289,0.1642896512357305,True,Cruise
1,283,1675391201.163332,49.556512667622684,0.005913164431697535,False,False,False,False,100000,False,True,False,0.5481666650049163,0.2010350503523541,9.69230723293289,0.1642896512357305,True,Cruise
1,284,1675391201.2634416,49.556512667622684,0.005913164431697535,False,False,False,False,100000,False,True,False,0.5481666650049163,0.2010350503523541,9.69230723293289,0.1642896512357305,True,Cruise
1,285,1675391201.3631754,49.556512667622684,0.005913164431697535,False,False,False,False,100000,False,True,False,0.5481666650049163,0.2010350503523541,9.69230723293289,0.1642896512357305,True,Cruise
1,286,1675391201.4966805,49.556512667622684,0.005913164431697535,False,False,False,False,100000,False,True,False,-1.7824432648148434,0.41561221146378896,9.93498437515896,1.1681887162141558,True,Cruise
1,287,1675391201.5634212,49.3794886168783,0.008273485108289357,False,False,False,False,100000,False,True,False,-1.7824432648148434,0.41561221146378896,9.93498437515896,1.1681887162141558,True,Cruise
1,288,1675391201.6861293,49.3794886168783,0.008273485108289357,False,False,False,False,100000,False,True,False,-1.6261717323915614,0.2689917830281274,9.890881047209389,0.5711695039695248,True,Cruise
1,289,1675391201.7822714,49.3794886168783,0.008273485108289357,False,False,False,False,100000,False,True,False,-1.6261717323915614,0.2689917830281274,9.890881047209389,0.5711695039695248,True,Cruise
1,290,1675391201.8819218,49.3794886168783,0.008273485108289357,False,True,False,False,100000,False,True,False,-1.6261717323915614,0.2689917830281274,9.890881047209389,0.1295480939784744,True,Cruise
1,291,1675391201.9782965,49.3794886168783,0.008273485108289357,False,True,False,False,100000,False,True,False,-1.7552629436396792,0.2754431429102,9.882131887957126,0.1295480939784744,True,Cruise
1,292,1675391202.0699275,49.3794886168783,0.008273485108289357,False,True,False,False,100000,False,True,False,-1.1699099850449366,0.24462709452271472,9.817928004735919,0.5896692747587589,True,Cruise
1,293,1675391202.1662571,49.3794886168783,0.008273485108289357,False,True,False,False,100000,False,True,False,-0.3997326026618821,0.2282811023368776,9.740806851378174,0.4722480290032445,True,Cruise
1,294,1675391202.2631526,49.42380135226758,0.007682648636432236,False,True,False,False,100000,False,True,False,-0.3997326026618821,0.2282811023368776,9.740806851378174,0.15575065841453103,True,Cruise
1,295,1675391202.3638875,49.16559636466415,0.01112538180447811,False,True,False,False,100000,False,True,False,-0.24548744595697353,0.24495642312963595,9.727072481858727,0.15575065841453103,True,Cruise
1,296,1675391202.463521,49.16559636466415,0.01112538180447811,False,True,False,False,100000,False,True,False,0.13876383639938444,0.2578302802164614,9.692581856945267,1.07310188998504,True,Cruise
1,297,1675391202.5631263,49.16559636466415,0.01112538180447811,False,True,False,False,100000,False,True,False,0.13876383639938444,0.2578302802164614,9.692581856945267,1.07310188998504,True,Cruise
1,298,1675391202.6630132,49.184343746612946,0.010875416711827408,False,True,False,False,100000,False,True,False,-1.730781202378382,0.37106216751629073,9.869520739549573,0.8089018083740472,True,Cruise
1,299,1675391202.7632627,49.184343746612946,0.010875416711827408,False,True,False,False,100000,False,True,False,-1.730781202378382,0.37106216751629073,9.869520739549573,0.8089018083740472,True,Cruise
1,300,1675391202.886391,49.184343746612946,0.010875416711827408,False,True,False,False,100000,False,True,False,-1.730781202378382,0.37106216751629073,9.869520739549573,0.8089018083740472,True,Cruise
1,301,1675391202.9819632,49.184343746612946,0.010875416711827408,False,True,False,False,100000,False,True,False,-1.0244819673144283,0.4164534440873961,9.78861134776347,0.7123659923942731,True,Cruise
1,302,1675391203.0794113,49.533900388510524,0.006214661486526292,False,True,False,False,100000,False,True,False,-0.653364883348744,0.44058016570060204,9.75635306067614,0.37329691371990015,True,Cruise
1,303,1675391203.174018,49.533900388510524,0.006214661486526292,False,True,False,False,100000,False,True,False,-0.653364883348744,0.44058016570060204,9.75635306067614,0.37329691371990015,True,Cruise
1,304,1675391203.2740726,49.533900388510524,0.006214661486526292,False,True,False,False,100000,False,True,False,-0.653364883348744,0.44058016570060204,9.75635306067614,0.37329691371990015,True,Cruise
1,305,1675391203.3668816,49.487363921996234,0.006835147706716869,False,True,False,False,100000,False,True,False,-0.653364883348744,0.44058016570060204,9.75635306067614,0.37329691371990015,True,Cruise
1,306,1675391203.4635487,49.487363921996234,0.006835147706716869,False,True,False,False,100000,False,True,False,-0.653364883348744,0.44058016570060204,9.75635306067614,0.37329691371990015,True,Cruise
1,307,1675391203.563752,49.487363921996234,0.006835147706716869,False,True,False,False,100000,False,True,False,-0.653364883348744,0.44058016570060204,9.75635306067614,0.37329691371990015,True,Cruise
1,308,1675391203.6634898,49.487363921996234,0.006835147706716869,False,True,False,False,100000,False,True,False,-0.653364883348744,0.44058016570060204,9.75635306067614,1.0278625107390877,True,Cruise
1,309,1675391203.763447,49.487363921996234,0.006835147706716869,False,True,False,False,100000,False,True,False,-0.653364883348744,0.44058016570060204,9.75635306067614,1.0278625107390877,True,Cruise
1,310,1675391203.863161,49.487363921996234,0.006835147706716869,False,True,False,False,100000,False,True,False,1.8140170895952383,0.5062979435159425,9.55156466045957,0.19105554684231935,True,Cruise
1,311,1675391203.963309,49.487363921996234,0.006835147706716869,False,True,False,False,100000,False,True,False,1.1226947517742067,0.5574073962072584,9.671358931309825,0.5194324254734355,True,Cruise
1,312,1675391204.085852,49.93533467599715,0.0008622043200379903,False,True,False,False,100000,False,True,False,0.6115761370051447,0.626038985423288,9.733467797274786,0.5194324254734355,True,Cruise
1,313,1675391204.182367,49.93533467599715,0.0008622043200379903,False,True,False,False,100000,False,True,False,0.6115761370051447,0.626038985423288,9.733467797274786,0.5194324254734355,True,Cruise
1,314,1675391204.2780042,49.93533467599715,0.0008622043200379903,False,True,False,False,100000,False,True,False,0.6115761370051447,0.626038985423288,9.733467797274786,0.5194324254734355,True,Cruise
1,315,1675391204.3744853,49.93533467599715,0.0008622043200379903,False,True,False,False,100000,False,True,False,0.6115761370051447,0.626038985423288,9.733467797274786,0.5194324254734355,True,Cruise
1,316,1675391204.4699366,49.70624290253281,0.003916761299562633,False,True,False,False,100000,False,True,False,2.1388391243831437,0.7080845035533557,9.68958140822186,1.5300946751113496,True,Cruise
1,317,1675391204.570149,49.70624290253281,0.003916761299562633,False,True,False,False,100000,False,True,False,2.6711704367975764,0.5498649015331186,9.666887722910804,0.5558102841737563,True,Cruise
1,318,1675391204.663206,49.70624290253281,0.003916761299562633,False,True,False,False,100000,False,True,False,2.5485783278437935,0.4460728226362449,9.706836527704173,0.5558102841737563,True,Cruise
1,319,1675391204.7630558,49.68017776569486,0.0042642964574019036,False,True,False,False,100000,False,True,False,1.9382160812764422,0.5082537601482525,9.787999240614521,0.6188666471798137,True,Cruise
1,320,1675391204.8631308,49.68017776569486,0.0042642964574019036,False,True,False,False,100000,False,True,False,-0.5774802831254466,0.3839402624373456,10.04072619946259,0.9287077352348728,True,Cruise
1,321,1675391204.9630928,49.558374272884286,0.005888343028209545,False,True,False,False,100000,False,True,False,-0.5774802831254466,0.3839402624373456,10.04072619946259,0.9287077352348728,True,Cruise
1,322,1675391205.0630577,49.558374272884286,0.005888343028209545,False,True,False,False,100000,False,True,False,-0.6183819508118207,0.5265762043285233,10.025285791266436,0.14918567137622116,True,Cruise
1,323,1675391205.1632667,49.558374272884286,0.005888343028209545,False,True,False,False,100000,False,True,False,-0.6183819508118207,0.5265762043285233,10.025285791266436,0.14918567137622116,True,Cruise
1,324,1675391205.2632556,49.558374272884286,0.005888343028209545,False,True,False,False,100000,False,True,False,-0.6183819508118207,0.5265762043285233,10.025285791266436,0.14918567137622116,True,Cruise
1,325,1675391205.3828595,49.782018614239085,0.002906418476812273,False,True,False,False,100000,False,True,False,-0.5003177746018739,0.278472424346421,9.99244587431568,0.27671844082184577,True,Cruise
1,326,1675391205.4783485,49.782018614239085,0.002906418476812273,False,True,False,False,100000,False,True,False,0.8253855285755287,0.23301033725471615,9.8565971563998,1.3334207601419734,True,Cruise
1,327,1675391205.5739944,49.782018614239085,0.002906418476812273,False,True,False,False,100000,False,True,False,1.5448126357526244,0.09068133040881066,9.79432411486132,0.7360100817471181,True,Cruise
1,328,1675391205.670034,49.782018614239085,0.002906418476812273,False,True,False,False,100000,False,True,False,1.3908637549592655,0.0728432678540704,9.81317750937218,0.15612144265864558,True,Cruise
1,329,1675391205.7698793,49.73944230987929,0.0034741025349428805,False,True,False,False,100000,False,True,False,1.3908637549592655,0.0728432678540704,9.81317750937218,0.15612144265864558,True,Cruise
1,330,1675391205.8633487,49.10566387036959,0.0034741025349428805,False,True,False,False,100000,False,True,False,1.3908637549592655,0.0728432678540704,9.81317750937218,0.15612144265864558,True,Cruise
1,331,1675391205.963322,49.10566387036959,0.011924481728405507,False,True,False,False,100000,False,True,False,1.3908637549592655,0.0728432678540704,9.81317750937218,0.15612144265864558,True,Cruise
1,332,1675391206.0634847,49.10566387036959,0.011924481728405507,False,True,False,False,100000,False,True,False,1.3908637549592655,0.0728432678540704,9.81317750937218,0.15612144265864558,True,Cruise
1,333,1675391206.1634862,49.10566387036959,0.011924481728405507,False,True,False,False,100000,False,True,False,1.056657354221461,0.06471278752076705,9.841166327367311,0.3354748827219898,True,Cruise
1,334,1675391206.2632833,49.10566387036959,0.011924481728405507,False,True,False,False,100000,False,True,False,1.056657354221461,0.06471278752076705,9.841166327367311,0.3354748827219898,True,Cruise
1,335,1675391206.3632512,49.10566387036959,0.011924481728405507,False,True,False,False,100000,False,True,False,0.42303379960067794,0.06135951857394127,9.895555199917938,1.2422631205086145,True,Cruise
1,336,1675391206.4630356,49.10566387036959,0.011924481728405507,False,True,False,False,100000,False,True,False,0.42303379960067794,0.06135951857394127,9.895555199917938,1.2422631205086145,True,Cruise
1,337,1675391206.5628526,49.10566387036959,0.011924481728405507,False,True,False,False,100000,False,True,False,-0.8140706130000285,0.020640906020620037,10.001065045389316,1.2422631205086145,True,Cruise
1,338,1675391206.662902,49.77919748987609,0.0029440334683188737,False,True,False,False,100000,False,True,False,-2.8582564355286086,0.2636986631359198,10.096789239972036,1.695669351412007,True,Cruise
1,339,1675391206.7629185,49.862006945244865,0.001839907396735144,False,True,False,False,100000,False,True,False,1.6237662976774228,0.1248091062190975,9.615575985984046,1.1959722972419766,True,Cruise
1,340,1675391206.8628736,49.75097281787672,0.0033203624283104174,False,True,False,False,100000,False,True,False,2.3734072529973136,0.13112578962660773,9.547435899348931,0.7527579516609773,True,Cruise
1,341,1675391206.9628778,49.75097281787672,0.0033203624283104174,False,True,False,False,100000,False,True,False,2.461650537684955,0.10168397287674458,9.547806327556277,1.542871646098584,True,Cruise
1,342,1675391207.0628848,49.75097281787672,0.0033203624283104174,False,True,False,False,100000,False,True,False,0.9304793733257362,0.21045445830553028,9.703166435915454,1.542871646098584,True,Cruise
1,343,1675391207.1628711,49.87625024920674,0.001649996677243506,False,True,False,False,100000,False,True,False,-0.26350484170327015,0.2955950794687847,9.796492603295922,1.200648576656977,True,Cruise
1,344,1675391207.262919,49.545627344637936,0.006058302071494197,False,True,False,False,100000,False,True,False,-0.26350484170327015,0.2955950794687847,9.796492603295922,0.8514251162828547,True,Cruise
1,345,1675391207.3629143,49.545627344637936,0.006058302071494197,False,True,False,False,100000,False,True,False,-0.5222953311469548,0.5571088122333685,9.802840452388162,1.1078394796212687,True,Cruise
1,346,1675391207.462871,49.41565478001673,0.007791269599776884,False,True,False,False,100000,False,True,False,-1.649784397229602,0.6306219969517294,9.891264021315628,0.9854283867812296,True,Cruise
1,347,1675391207.562897,49.41565478001673,0.007791269599776884,False,True,False,False,100000,False,True,False,-1.2260600704588214,0.5224390499640644,9.844633732447377,0.4397956786466003,True,Cruise
1,348,1675391207.6628952,49.159992081371136,0.011200105581718217,False,True,False,False,100000,False,True,False,-1.2783631562632567,0.39372262550968534,9.851903419257734,0.1391272045838149,True,Cruise
1,349,1675391207.7628624,49.17872387416807,0.010950348344425756,False,True,False,False,100000,False,True,False,-1.67949263581172,0.33250721176355147,9.879968887541178,0.4083667042662945,True,Cruise
1,350,1675391207.8628535,49.17872387416807,0.010950348344425756,False,True,False,False,100000,False,True,False,-1.5510172405722684,0.40364003778762775,9.840049678775875,0.5316065362632155,True,Cruise
1,351,1675391207.962856,49.662336000370864,0.004502186661721774,False,True,False,False,100000,False,True,False,-0.48655183977008326,0.3971647749278997,9.736524837953112,0.22772768084997308,True,Cruise
1,352,1675391208.062862,49.662336000370864,0.004502186661721774,False,True,False,False,100000,False,True,False,-0.48655183977008326,0.3971647749278997,9.736524837953112,1.1610986244645158,True,Cruise
1,353,1675391208.1628792,49.662336000370864,0.004502186661721774,False,True,False,False,100000,False,True,False,1.590839894779148,0.42665770481913096,9.564265988208014,0.5784487717147871,True,Cruise
1,354,1675391208.262901,49.662336000370864,0.004502186661721774,False,True,False,False,100000,False,True,False,2.1293954098407557,0.30925151107348353,9.567870736947718,0.0844420033249307,True,Cruise
1,355,1675391208.3628762,48.23008337919995,0.023598888277334078,False,True,False,False,100000,False,True,False,0.5354626893207162,0.49949075473863247,9.78433611835096,0.39570046547035537,True,Cruise
1,356,1675391208.4629107,48.23008337919995,0.023598888277334078,False,True,False,False,100000,False,True,False,0.3270741264045265,0.48751508246654573,9.82040926148495,0.2118265364306571,True,Cruise
1,357,1675391208.5628948,48.23008337919995,0.023598888277334078,False,True,False,False,100000,False,True,False,0.3270741264045265,0.48751508246654573,9.82040926148495,2.611188338968156,True,Cruise
1,358,1675391208.6628692,49.48071896667522,-0.006923747110997106,False,True,False,False,100000,False,True,False,-2.642011814957768,0.8459006000199696,10.096514239524149,0.3925046069661007,True,Cruise
1,359,1675391208.7628684,49.48071896667522,-0.006923747110997106,False,True,False,False,100000,False,True,False,-2.869024942446922,0.8551369115055573,10.099680400095204,0.22722300516238955,True,Cruise
1,360,1675391208.862884,49.48071896667522,-0.006923747110997106,False,True,False,False,100000,False,True,False,1.8333991409297183,0.40418469899163817,9.614402784594926,1.7766984461501705,True,Cruise
1,361,1675391208.9628832,48.75576850428723,0.016589753276170217,False,True,False,False,100000,False,True,False,1.8333991409297183,0.40418469899163817,9.614402784594926,1.2688842333134265,True,Cruise
1,362,1675391209.0628908,48.75576850428723,0.016589753276170217,False,True,False,False,100000,False,True,False,2.0100523167802336,0.2601759621986968,9.644596949122459,1.7061838022699871,True,Cruise
1,363,1675391209.1628997,48.75576850428723,0.016589753276170217,False,True,False,False,100000,False,True,False,-2.164166880771962,0.7025561043458163,10.035215400351767,1.00244571053151,True,Cruise
1,364,1675391209.262898,49.4873855992349,-0.00683485867686805,False,True,False,False,100000,False,True,False,-2.3046397526930247,0.7491290191186818,10.028784772559042,0.1414790271896485,True,Cruise
1,365,1675391209.362903,49.4873855992349,-0.00683485867686805,False,True,False,False,100000,False,True,False,-0.5259375889003914,0.5531148803269964,9.824361651375176,1.6754130850305484,True,Cruise
1,366,1675391209.462889,49.4873855992349,-0.00683485867686805,False,True,False,False,100000,False,True,False,-0.5259375889003914,0.5531148803269964,9.824361651375176,1.6754130850305484,True,Cruise
1,367,1675391209.5628679,49.990021177273235,0.00013305096969017062,False,True,False,False,100000,False,True,False,2.2676020960240253,-0.24163537600639717,9.593987284731432,2.913514079251396,True,Cruise
1,368,1675391209.6628773,49.990021177273235,0.00013305096969017062,False,True,False,False,100000,False,True,False,1.9728911432385268,-0.07057984982122417,9.66185051082057,0.40369934064421803,True,Cruise
1,369,1675391209.7629054,49.990021177273235,0.00013305096969017062,False,True,False,False,100000,False,True,False,2.4701735035043124,0.004026511457591964,9.636521236129061,0.5034852799548103,True,Cruise
