repetition,iteration,time,speed,steering,obstacle_North,obstacle_NorthWest,obstacle_SouthWest,obstacle_West,obstacle_distance,follow_enable,steady_motion_enable,passing_start,accel_x,accel_y,accel_z,accel_diff,success,action
1,1,1675388553.3670561,0.0,0.0,False,False,False,False,100000,False,True,False,0.0442736706298308,-4.368438631574868e-13,9.810257224683683,3.473898110352888e-05,True,
1,2,1675388553.3672366,0.0,0.0,False,False,False,False,100000,False,True,False,0.0442736706298308,-4.368438631574868e-13,9.810257224683683,3.473898110352888e-05,True,
1,3,1675388553.4674194,0.0,0.0,False,False,False,False,100000,False,True,False,0.044301503429116554,8.494340944178637e-14,9.810242028170608,3.1711176669021394e-05,True,Cruise
1,4,1675388553.5673838,0.0,0.0,False,False,False,False,100000,False,True,False,0.04434106705597293,-7.383603825820667e-13,9.81020049819634,2.8176873797362163e-05,True,Cruise
1,5,1675388553.6673791,49.77522372623401,0.0029970169835465215,False,False,False,False,100000,False,True,False,0.04435951602646589,-6.712926933410905e-13,9.8101484803317,0.9908969761445592,True,Cruise
1,6,1675388553.7673848,49.71286363224864,0.003828484903351401,False,False,False,False,100000,False,True,False,1.939055251441019,0.0021924746652628962,9.643384777190688,0.9112827371176909,True,Cruise
1,7,1675388553.867407,49.71286363224864,0.003828484903351401,False,False,False,False,100000,False,True,False,3.3315164029231252,0.004864595523566384,9.579889246080231,0.2713118263836963,True,Cruise
1,8,1675388553.9673843,49.7098322763665,0.003868902981780069,False,False,False,False,100000,False,True,False,3.604308383237972,0.0035216358225822566,9.612863139456945,0.11155964196021885,True,Cruise
1,9,1675388554.0817623,49.7098322763665,0.003868902981780069,False,False,False,False,100000,False,True,False,3.604308383237972,0.0035216358225822566,9.612863139456945,0.11155964196021885,True,Cruise
1,10,1675388554.1674478,49.7098322763665,0.003868902981780069,False,False,False,False,100000,False,True,False,4.007396207047179,0.0032731715487698152,9.704358130474485,0.11296849290546952,True,Cruise
1,11,1675388554.2675016,49.702821219344514,0.003962383742073145,False,False,False,False,100000,False,True,False,4.007396207047179,0.0032731715487698152,9.704358130474485,0.11296849290546952,True,Cruise
1,12,1675388554.3673787,49.702821219344514,0.003962383742073145,False,False,False,False,100000,False,True,False,4.22870128869033,0.004097146837534222,9.74762004910682,0.11296849290546952,True,Cruise
1,13,1675388554.4674475,49.74396756786397,0.0034137657618137597,False,False,False,False,100000,False,True,False,4.492627690244088,0.005741044073124732,9.80932790584957,0.07771453498279936,True,Cruise
1,14,1675388554.567416,49.68036931664642,0.0042617424447144335,False,False,False,False,100000,False,True,False,4.634125536149405,0.005949677351108239,9.86297531575026,0.15132656248240814,True,Cruise
1,15,1675388554.6674504,49.757097879810026,0.0032386949358663183,False,False,False,False,100000,False,True,False,4.655092545001659,0.0032286589982960952,9.877802785100334,0.02582388910319683,True,Cruise
1,16,1675388554.7674365,49.757097879810026,0.0032386949358663183,False,False,False,False,100000,False,True,False,4.663069958225165,0.00927451520856926,9.901528856196789,0.014316401814089412,True,Cruise
1,17,1675388554.8674033,49.745000855802104,0.0033999885893052414,False,False,False,False,100000,False,True,False,4.632527519765486,0.007534044274474723,9.916464976228154,0.021159775997610254,True,Cruise
1,18,1675388554.9673615,49.745000855802104,0.0033999885893052414,False,False,False,False,100000,False,True,False,4.532781905103906,0.007130068688329607,9.921713051234809,0.027490117687121077,True,Cruise
1,19,1675388555.0673614,49.66084307129756,0.004522092382699138,False,False,False,False,100000,False,True,False,4.4894385119915485,0.007529766715639551,9.919066131672613,0.07264957308443323,True,Cruise
1,20,1675388555.1673539,49.750644943729334,0.0033247340836088757,False,False,False,False,100000,False,True,False,4.393954671117055,0.004451705752731256,9.907867199334243,0.049406859982116566,True,Cruise
1,21,1675388555.267367,49.750644943729334,0.0033247340836088757,False,False,False,False,100000,False,True,False,4.243297322566711,0.008804471271547635,9.878943387228944,0.05167310231380351,True,Cruise
1,22,1675388555.3674107,49.76114618890285,0.00318471748129533,False,False,False,False,100000,False,True,False,4.194537795297387,0.006297975021620623,9.866902962790094,0.05028663682974384,True,Cruise
1,23,1675388555.4674208,49.711664240740376,0.0038444767901282904,False,False,False,False,100000,False,True,False,4.194537795297387,0.006297975021620623,9.866902962790094,0.05028663682974384,True,Cruise
1,24,1675388555.5673723,49.711664240740376,0.0038444767901282904,False,False,False,False,100000,False,True,False,4.062016322114256,0.0061214003984497245,9.826832856211396,0.1384470493526422,True,Cruise
1,25,1675388555.6673748,49.711664240740376,0.0038444767901282904,False,False,False,False,100000,False,True,False,3.9595598656600224,0.008912208625263008,9.785693170025494,0.03316631618524684,True,Cruise
1,26,1675388555.7674417,49.68084475364523,0.00425540328473022,False,False,False,False,100000,False,True,False,3.911327334995542,0.007532705841539931,9.760471483211962,0.025263550074857574,True,Cruise
1,27,1675388555.8673859,49.736882878050146,0.0035082282926646976,False,False,False,False,100000,False,True,False,3.893432768378603,0.00955123424607108,9.749048827997216,0.021325267254665863,True,Cruise
1,28,1675388555.9673853,49.72080693264525,0.0037225742313966538,False,False,False,False,100000,False,True,False,3.893432768378603,0.00955123424607108,9.749048827997216,0.021325267254665863,True,Cruise
1,29,1675388556.0673852,49.72080693264525,0.0037225742313966538,False,False,False,False,100000,False,True,False,3.863686963596008,0.007151399396167203,9.721075239887833,0.007381902338466922,True,Cruise
1,30,1675388556.1673589,49.765835326041156,0.0031221956527846093,False,False,False,False,100000,False,True,False,3.8618709122832207,0.00755473785078549,9.708505316101832,0.005705176475301829,True,Cruise
1,31,1675388556.267367,49.77849056139027,0.002953459181463041,False,False,False,False,100000,False,True,False,3.8719937501230635,0.007263021220683874,9.701136280800487,0.008948749780651232,True,Cruise
1,32,1675388556.3675122,49.77849056139027,0.002953459181463041,False,False,False,False,100000,False,True,False,3.8915062064871964,0.007093947795914138,9.698861274880711,0.01078546524237141,True,Cruise
1,33,1675388556.481662,49.802109118036746,0.0026385450928433436,False,False,False,False,100000,False,True,False,3.917718652804307,0.006100297550718597,9.701265784969326,0.015038549926005014,True,Cruise
1,34,1675388556.5674486,49.802109118036746,0.0026385450928433436,False,False,False,False,100000,False,True,False,3.9325020141327576,0.006148392026856571,9.704024026914983,0.015938038903241827,True,Cruise
1,35,1675388556.6674154,49.726800228313735,0.0036426636224835825,False,False,False,False,100000,False,True,False,3.979849962107024,0.00475030078008893,9.717286811966016,0.016810294257451334,True,Cruise
1,36,1675388556.7737696,49.726800228313735,0.0036426636224835825,False,False,False,False,100000,False,True,False,3.995693024792147,0.001821945331511278,9.722984810669356,0.017089326788999652,True,Cruise
1,37,1675388556.867482,49.777326560971076,0.002968979187052335,False,False,False,False,100000,False,True,False,4.026003403045898,0.01061242286876479,9.735569123517093,0.016424574789374518,True,Cruise
1,38,1675388556.967387,49.83945837425091,0.0021405550099878176,False,False,False,False,100000,False,True,False,4.026003403045898,0.01061242286876479,9.735569123517093,0.016424574789374518,True,Cruise
1,39,1675388557.0673702,49.83945837425091,0.0021405550099878176,False,False,False,False,100000,False,True,False,4.076492464145773,0.010096383462260104,9.762147371363673,0.012850836557071818,True,Cruise
1,40,1675388557.1674585,49.77865570771651,0.002951257230446507,False,False,False,False,100000,False,True,False,4.094842917105166,0.003749072153281974,9.774449136623828,0.010535217183910565,True,Cruise
1,41,1675388557.2673693,49.80595170818569,0.0025873105575242136,False,False,False,False,100000,False,True,False,4.108006624605636,0.002304508484398011,9.785196427331991,0.009152690422666167,True,Cruise
1,42,1675388557.3673816,49.807814538872236,0.002562472815036859,False,False,False,False,100000,False,True,False,4.112639361598009,0.007741211607391414,9.789835461820191,0.00851707895177534,True,Cruise
1,43,1675388557.4673939,49.807814538872236,0.002562472815036859,False,False,False,False,100000,False,True,False,4.119352353469516,0.009066605666118558,9.800339023223396,0.0125357780543818,True,Cruise
1,44,1675388557.5740068,49.807814538872236,0.002562472815036859,False,False,False,False,100000,False,True,False,4.119352353469516,0.009066605666118558,9.800339023223396,0.0125357780543818,True,Cruise
1,45,1675388557.6674776,49.758805143802554,0.0032159314159659743,False,False,False,False,100000,False,True,False,4.118506788901865,0.007681614847951002,9.804340306299459,0.0019440945282353079,True,Cruise
1,46,1675388557.7674289,49.749214534565475,0.003343806205793676,False,False,False,False,100000,False,True,False,4.116735129166366,0.007959231979217666,9.80544863605679,0.002961485612682458,True,Cruise
1,47,1675388557.867407,49.749214534565475,0.003343806205793676,False,False,False,False,100000,False,True,False,4.107190660419981,0.013504155148082578,9.805477940835175,0.004466368915227671,True,Cruise
1,48,1675388557.9674115,49.807668565053184,0.0025644191326242315,False,False,False,False,100000,False,True,False,4.093539993040565,0.015669643406127507,9.801351564232718,0.009248137020322438,True,Cruise
1,49,1675388558.0673614,49.79203250308556,0.0027728999588591758,False,False,False,False,100000,False,True,False,4.083482370508734,0.018965151260303594,9.796932526365831,0.0062304777889548935,True,Cruise
1,50,1675388558.167388,49.79203250308556,0.0027728999588591758,False,False,False,False,100000,False,True,False,4.078451201478419,0.013778555625663845,9.794381222931321,0.005668457324257672,True,Cruise
1,51,1675388558.2673714,49.80635470763328,0.00258193723155623,False,False,False,False,100000,False,True,False,4.068683296272019,0.013922523192409048,9.788874389078984,0.005604225040776794,True,Cruise
1,52,1675388558.3738244,49.80635470763328,0.00258193723155623,False,False,False,False,100000,False,True,False,4.064082654477137,0.014587546944427512,9.786021697121942,0.005453990549802505,True,Cruise
1,53,1675388558.4674478,49.974103302256175,0.00034528930325102226,False,False,False,False,100000,False,True,False,4.055716897170407,0.015708874711587432,9.780358375117956,0.010164471820874725,True,Cruise
1,54,1675388558.5674138,49.832735835150594,0.0022301888646587757,False,False,False,False,100000,False,True,False,4.048734861998992,0.020110228732830002,9.775031213002055,0.01609519897070696,True,Cruise
1,55,1675388558.6673744,49.832735835150594,0.0022301888646587757,False,False,False,False,100000,False,True,False,4.0433984143680535,-0.008665056131912728,9.770312180116218,0.01354973241417892,True,Cruise
1,56,1675388558.7673783,49.87335424145611,0.0016886101139185078,False,False,False,False,100000,False,True,False,4.039515954351016,0.008837018901407088,9.76643206514232,0.006869901698198113,True,Cruise
1,57,1675388558.8676867,49.87335424145611,0.0016886101139185078,False,False,False,False,100000,False,True,False,4.038184278555638,0.011884517637330696,9.764840953751154,0.0036867661206737993,True,Cruise
1,58,1675388558.9674277,49.88733068409864,0.001502257545351392,False,False,False,False,100000,False,True,False,4.036706932878387,0.004665375253888456,9.762398290263569,0.00776306459564056,True,Cruise
1,59,1675388559.0673707,49.86547156046453,0.001793712527139678,False,False,False,False,100000,False,True,False,4.036608994059936,0.0035614073893974973,9.760955139474714,0.0006123636881661241,True,Cruise
1,60,1675388559.1742713,49.86547156046453,0.001793712527139678,False,False,False,False,100000,False,True,False,4.0376786628113,0.003485016704891611,9.760464404599583,0.001004635517650124,True,Cruise
1,61,1675388559.2673988,49.95894098096382,0.0005474535871490771,False,False,False,False,100000,False,True,False,4.038575970595948,0.0032229902345318863,9.760547033191076,0.0009384277359989765,True,Cruise
1,62,1675388559.3674762,49.95894098096382,0.0005474535871490771,False,False,False,False,100000,False,True,False,4.040924369493864,0.005210377923307696,9.761288026929426,0.0028968570753691043,True,Cruise
1,63,1675388559.4673693,49.9192363199318,0.0010768490675760291,False,False,False,False,100000,False,True,False,4.040924369493864,0.005210377923307696,9.761288026929426,0.008984760008020542,True,Cruise
1,64,1675388559.5674393,49.92661499372668,0.0009784667503108884,False,False,False,False,100000,False,True,False,4.047054770927958,-0.0030062570435939774,9.76450323615762,0.0020433651805316444,True,Cruise
1,65,1675388559.6673775,49.92661499372668,0.0009784667503108884,False,False,False,False,100000,False,True,False,4.050296916407697,0.00038147357839438524,9.766638580402438,0.004867754827270155,True,Cruise
1,66,1675388559.7674086,49.91626785221307,0.001116428637159178,False,False,False,False,100000,False,True,False,4.053407848499423,0.002807953169484731,9.768895283874851,0.003246789793347866,True,Cruise
1,67,1675388559.8673875,49.93097568545502,0.0009203241939330941,False,False,False,False,100000,False,True,False,4.0548700801578015,0.0023734081945245094,9.770019893310986,0.0018951773378422258,True,Cruise
1,68,1675388559.96742,49.93097568545502,0.0009203241939330941,False,False,False,False,100000,False,True,False,4.059724603651839,0.005315628258863422,9.774117365947477,0.0052310580248518534,True,Cruise
1,69,1675388560.067497,49.95913066791829,0.0005449244277561273,False,False,False,False,100000,False,True,False,4.06064508097781,0.004415355556378684,9.774977316267968,0.0015483165051691267,True,Cruise
1,70,1675388560.1674087,49.92638777549014,0.0009814963267981455,False,False,False,False,100000,False,True,False,4.062093335793388,0.00569963314793126,9.77643801383157,0.001762967220990618,True,Cruise
1,71,1675388560.267431,49.92638777549014,0.0009814963267981455,False,False,False,False,100000,False,True,False,4.063028298338757,0.002370453586257307,9.777520697625393,0.0011959697008778927,True,Cruise
1,72,1675388560.3898473,49.96376374459763,0.0004831500720316001,False,False,False,False,100000,False,True,False,4.063028298338757,0.002370453586257307,9.777520697625393,0.0011959697008778927,True,Cruise
1,73,1675388560.4858248,49.99593067954857,-5.42576060190576e-05,False,False,False,False,100000,False,True,False,4.063292729466376,0.005265866731574838,9.778557552707698,0.003864064322153474,True,Cruise
1,74,1675388560.581713,49.99593067954857,-5.42576060190576e-05,False,False,False,False,100000,False,True,False,4.063063275693755,0.004661336141748081,9.778503387547083,0.0006488760532111096,True,Cruise
1,75,1675388560.6817033,49.95836104626793,0.0005551860497609747,False,False,False,False,100000,False,True,False,4.061970554656609,-0.002897741521708083,9.777930104433446,0.0007109900588972548,True,Cruise
1,76,1675388560.7742183,49.95836104626793,0.0005551860497609747,False,False,False,False,100000,False,True,False,4.061970554656609,-0.002897741521708083,9.777930104433446,0.0007109900588972548,True,Cruise
1,77,1675388560.8697326,49.96930625206109,0.0004092499725188701,False,False,False,False,100000,False,True,False,4.061970554656609,-0.002897741521708083,9.777930104433446,0.0007109900588972548,True,Cruise
1,78,1675388560.9673727,49.96948149474581,0.000406913403389243,False,False,False,False,100000,False,True,False,4.059917854607754,0.0030681880518689517,9.77650992233381,0.0055696708810375264,True,Cruise
1,79,1675388561.0674193,49.96948149474581,0.000406913403389243,False,False,False,False,100000,False,True,False,4.05883638831298,0.0005681470101606128,9.775665298311786,0.0007033829631427711,True,Cruise
1,80,1675388561.1673515,49.96170189460135,0.0005106414053153993,False,False,False,False,100000,False,True,False,4.057315441459969,0.0010833289978218657,9.774402435723092,0.0007726856694031471,True,Cruise
1,81,1675388561.267682,49.96170189460135,0.0005106414053153993,False,False,False,False,100000,False,True,False,4.056436675645902,0.002583774357736687,9.773635872538794,0.0019003117506305265,True,Cruise
1,82,1675388561.3674486,49.9942914146076,7.6114471898596e-05,False,False,False,False,100000,False,True,False,4.0560513309525685,0.003507212891698218,9.773289838848097,0.0018568964735977377,True,Cruise
1,83,1675388561.467413,49.98241810462763,-0.0002344252716316191,False,False,False,False,100000,False,True,False,4.0554076436852915,0.002021582925929962,9.772689143153471,0.0009299943755801879,True,Cruise
1,84,1675388561.567422,49.98241810462763,-0.0002344252716316191,False,False,False,False,100000,False,True,False,4.054938643718124,-0.0017693929924204317,9.77222555477857,0.0013630581011158114,True,Cruise
1,85,1675388561.667382,49.998314013443775,2.2479820749702142e-05,False,False,False,False,100000,False,True,False,4.054638717841586,-0.003420135190320037,9.77190775143475,0.00036416697908723454,True,Cruise
1,86,1675388561.767386,49.99713698789135,-3.817349478194788e-05,False,False,False,False,100000,False,True,False,4.054638717841586,-0.003420135190320037,9.77190775143475,0.0010821489535833106,True,Cruise
1,87,1675388561.8673916,49.99713698789135,-3.817349478194788e-05,False,False,False,False,100000,False,True,False,4.054487638215118,-0.0013522518611082087,9.771697592711956,0.0010095868265185353,True,Cruise
1,88,1675388561.9673927,49.986320531821704,0.00018239290904395467,False,False,False,False,100000,False,True,False,4.054648478046945,-0.004541737971518147,9.77176829390709,0.0017706478647161266,True,Cruise
1,89,1675388562.0673728,49.966016397267666,-0.00045311470309779484,False,False,False,False,100000,False,True,False,4.054755756487687,-3.197389079338854e-05,9.77184326486791,0.004511662816812584,True,Cruise
1,90,1675388562.1673665,49.966016397267666,-0.00045311470309779484,False,False,False,False,100000,False,True,False,4.055032981758651,-0.0001615344068011475,9.772052520720797,0.00043856596780610823,True,Cruise
1,91,1675388562.2673612,49.981863904614215,0.00024181460514376363,False,False,False,False,100000,False,True,False,4.055032981758651,-0.0001615344068011475,9.772052520720797,0.003227095776869917,True,Cruise
1,92,1675388562.3673692,49.981863904614215,0.00024181460514376363,False,False,False,False,100000,False,True,False,4.055735135893224,-0.008204132816549714,9.772622791519499,0.004890449979367867,True,Cruise
1,93,1675388562.4673538,49.948512187084454,-0.000686504172207291,False,False,False,False,100000,False,True,False,4.056104309474311,0.0013454639660637913,9.772936599347277,0.0038755241540671327,True,Cruise
1,94,1675388562.5675206,49.948512187084454,-0.000686504172207291,False,False,False,False,100000,False,True,False,4.056284084789683,0.0026056797836751877,9.773091205103258,0.001282328355280786,True,Cruise
1,95,1675388562.669859,49.95104155367532,-0.000652779284329076,False,False,False,False,100000,False,True,False,4.056622829760846,0.005370759389376791,9.773384663250654,0.0026212198649872872,True,Cruise
1,96,1675388562.773755,49.95104155367532,-0.000652779284329076,False,False,False,False,100000,False,True,False,4.056622829760846,0.005370759389376791,9.773384663250654,0.0026212198649872872,True,Cruise
1,97,1675388562.8776538,49.94254396891558,-0.0007660804144589115,False,False,False,False,100000,False,True,False,4.05716683358184,-0.008973396033477157,9.773862178670223,0.00016110750701240538,True,Cruise
1,98,1675388562.9817138,49.95949068602721,0.0005401241863039006,False,False,False,False,100000,False,True,False,4.05726716452847,-0.009115073256956431,9.77395213253291,0.00019552603897441138,True,Cruise
1,99,1675388563.085718,49.92351383279651,-0.0010198155627132097,False,False,False,False,100000,False,True,False,4.057422689760204,-0.015100307920123802,9.774092608924215,0.005723678912969245,True,Cruise
1,100,1675388563.1899414,49.92351383279651,-0.0010198155627132097,False,False,False,False,100000,False,True,False,4.057529885482507,0.00178633613090597,9.774179472285427,0.006286046333677367,True,Cruise
1,101,1675388563.267383,49.92351383279651,-0.0010198155627132097,False,False,False,False,100000,False,True,False,4.057529885482507,0.00178633613090597,9.774179472285427,0.006286046333677367,True,Cruise
1,102,1675388563.3673737,49.94549426908003,-0.0007267430789329319,False,False,False,False,100000,False,True,False,4.057549345966901,-0.017931760361811357,9.774210174466385,0.0021744982088349944,True,Cruise
1,103,1675388563.4674869,49.94549426908003,-0.0007267430789329319,False,False,False,False,100000,False,True,False,4.057490818921873,-0.017198074778534456,9.7741645410811,0.0004506161907718202,True,Cruise
1,104,1675388563.5674403,49.90217044315479,-0.0013043940912695138,False,False,False,False,100000,False,True,False,4.057405110795502,-0.016122068246127007,9.774088393664114,0.0020784602923203215,True,Cruise
1,105,1675388563.6674242,49.90217044315479,-0.0013043940912695138,False,False,False,False,100000,False,True,False,4.057354215107624,-0.0154559831652537,9.774041831249772,0.0006696474926675096,True,Cruise
1,106,1675388563.767428,49.927960436360735,-0.000960527515190184,False,False,False,False,100000,False,True,False,4.0571650455195964,-0.02155024666068996,9.773883057722358,0.006099265670377783,True,Cruise
1,107,1675388563.867368,49.91983114171699,-0.001068918110440149,False,False,False,False,100000,False,True,False,4.057093278047122,-0.025437949816465598,9.773827132022493,0.0038887676815976763,True,Cruise
1,108,1675388563.969936,49.91983114171699,-0.001068918110440149,False,False,False,False,100000,False,True,False,4.057023631618662,-0.027725261835170507,9.773770908114766,0.0022890626954518377,True,Cruise
1,109,1675388564.0737152,49.91623906256724,-0.0011168124991034678,False,False,False,False,100000,False,True,False,4.05690350407818,-0.022872366137122232,9.77366039979735,0.0030283205883898582,True,Cruise
1,110,1675388564.178303,49.91623906256724,-0.0011168124991034678,False,False,False,False,100000,False,True,False,4.056789709532528,-0.022660580248199527,9.77355976421327,8.272804347511748e-05,True,Cruise
1,111,1675388564.2820797,49.91623906256724,-0.0011168124991034678,False,False,False,False,100000,False,True,False,4.056789709532528,-0.022660580248199527,9.77355976421327,8.272804347511748e-05,True,Cruise
1,112,1675388564.3859196,49.900585348379465,-0.0013255286882737777,False,False,False,False,100000,False,True,False,4.0565970052158145,-0.025602024318380504,9.773404544695229,0.000168299472705318,True,Cruise
1,113,1675388564.4898713,49.96911495482375,0.0004118006023500039,False,False,False,False,100000,False,True,False,4.056511386154832,-0.02955179375895022,9.77333521216008,0.004244795295162563,True,Cruise
1,114,1675388564.567405,49.89992661584585,-0.0013343117887220446,False,False,False,False,100000,False,True,False,4.056525645915433,-0.013848105149743054,9.773318487864739,0.01570370398911575,True,Cruise
1,115,1675388564.6675067,49.89992661584585,-0.0013343117887220446,False,False,False,False,100000,False,True,False,4.056531849388899,-0.003915863115917072,9.773308122227547,0.00993224938007585,True,Cruise
1,116,1675388564.7674692,49.960681468090804,-0.000524247092122564,False,False,False,False,100000,False,True,False,4.056480639401926,-0.021902473103357592,9.773311033057245,0.009874697177854825,True,Cruise
1,117,1675388564.8674827,49.94055552095091,-0.0007925930539879132,False,False,False,False,100000,False,True,False,4.056489745939869,-0.01639231809056679,9.773327164471015,0.0072409510460890725,True,Cruise
1,118,1675388564.967434,49.94055552095091,-0.0007925930539879132,False,False,False,False,100000,False,True,False,4.056546911471197,-0.011844811394326244,9.773369312381648,0.0018726330157755417,True,Cruise
1,119,1675388565.0674586,49.96115396485364,-0.0005179471352848271,False,False,False,False,100000,False,True,False,4.0565666599369345,-0.013081147668384925,9.773387188684621,0.001236623203186915,True,Cruise
1,120,1675388565.1673918,49.89761380361165,-0.0013651492851779888,False,False,False,False,100000,False,True,False,4.0565666599369345,-0.013081147668384925,9.773387188684621,0.001236623203186915,True,Cruise
1,121,1675388565.2697215,49.89761380361165,-0.0013651492851779888,False,False,False,False,100000,False,True,False,4.056637828324056,-0.012683069326068315,9.773445410411584,0.001236623203186915,True,Cruise
1,122,1675388565.3817782,49.94831207104537,-0.0006891723860617198,False,False,False,False,100000,False,True,False,4.056663924452698,-0.00889874360481334,9.773465275500746,0.0037844678350131954,True,Cruise
1,123,1675388565.478303,49.979430444325274,-0.0002742607423297123,False,False,False,False,100000,False,True,False,4.056699780389007,-0.02824224318781544,9.773525346761158,0.006248014156995005,True,Cruise
1,124,1675388565.573798,49.979430444325274,-0.0002742607423297123,False,False,False,False,100000,False,True,False,4.056762540704742,-0.018307931948652042,9.773556308802213,0.0036865554772966764,True,Cruise
1,125,1675388565.6697335,49.979430444325274,-0.0002742607423297123,False,False,False,False,100000,False,True,False,4.056762540704742,-0.018307931948652042,9.773556308802213,0.0036865554772966764,True,Cruise
1,126,1675388565.767387,49.94194189832612,-0.0007741080223184283,False,False,False,False,100000,False,True,False,4.056835764729835,-0.013750244105392022,9.773594095511557,0.0004472283218362094,True,Cruise
1,127,1675388565.8673785,49.93498090807007,-0.0008669212257324545,False,False,False,False,100000,False,True,False,4.0568601428964755,-0.011584334233973145,9.773612967839185,0.004844633377165693,True,Cruise
1,128,1675388565.9673443,49.93313702137742,-0.0008915063816344281,False,False,False,False,100000,False,True,False,4.056859202170079,-0.01969856254292529,9.77363292260049,0.001056191335093612,True,Cruise
1,129,1675388566.0673952,49.93313702137742,-0.0008915063816344281,False,False,False,False,100000,False,True,False,4.056859202170079,-0.01969856254292529,9.77363292260049,6.44616612025161e-05,True,Cruise
1,130,1675388566.167397,49.92540221580878,-0.0009946371225496447,False,False,False,False,100000,False,True,False,4.0568597243326305,-0.019910521082351168,9.773630217162951,0.0002119764479406928,True,Cruise
1,131,1675388566.2673583,49.92540221580878,-0.0009946371225496447,False,False,False,False,100000,False,True,False,4.056854190108238,-0.020963425275433108,9.773622560249862,0.000434489893512547,True,Cruise
1,132,1675388566.3897262,49.93264965450621,-0.0008980046065839385,False,False,False,False,100000,False,True,False,4.05684727359013,-0.02290209798536239,9.7736176479826,0.0018161958993178672,True,Cruise
1,133,1675388566.4856973,49.974671707819404,-0.0003377105624078827,False,False,False,False,100000,False,True,False,4.056834307776459,-0.02465283838078376,9.773605446413159,0.00011780190218525717,True,Cruise
1,134,1675388566.5818658,49.974671707819404,-0.0003377105624078827,False,False,False,False,100000,False,True,False,4.056827988837198,-0.024770270463501873,9.773598586011307,0.00011780190218525717,True,Cruise
1,135,1675388566.677775,49.974671707819404,-0.0003377105624078827,False,False,False,False,100000,False,True,False,4.056827988837198,-0.024770270463501873,9.773598586011307,0.00011780190218525717,True,Cruise
1,136,1675388566.7737224,49.81297933877193,0.0024936088163742126,False,False,False,False,100000,False,True,False,4.056825015955604,-0.017690799377840714,9.773575501534017,0.007079509346263278,True,Cruise
1,137,1675388566.870181,49.969543651349966,-0.00040608464866709153,False,False,False,False,100000,False,True,False,4.056804118316464,-0.0241520576653182,9.773555568213318,0.007666153349986519,True,Cruise
1,138,1675388566.9678164,49.994438705681254,7.415059091662912e-05,False,False,False,False,100000,False,True,False,4.056828912824826,0.009301499617224273,9.77354677369009,0.03345356762690094,True,Cruise
1,139,1675388567.0674992,49.994438705681254,7.415059091662912e-05,False,False,False,False,100000,False,True,False,4.056799766877833,0.01554325558408538,9.773537960292526,0.024628285102931847,True,Cruise
1,140,1675388567.1673741,49.953974842622465,0.0006136687650337588,False,False,False,False,100000,False,True,False,4.056799766877833,0.01554325558408538,9.773537960292526,0.024628285102931847,True,Cruise
1,141,1675388567.2673712,49.953974842622465,0.0006136687650337588,False,False,False,False,100000,False,True,False,4.056748467767336,0.019028795048048268,9.773523614520546,0.009028600698335661,True,Cruise
1,142,1675388567.3674,49.9664493789049,-0.00044734161460133963,False,False,False,False,100000,False,True,False,4.056745382868424,0.02423208242519598,9.773521802682447,0.005203288607077578,True,Cruise
1,143,1675388567.4674735,49.91652303787269,-0.001113026161697435,False,False,False,False,100000,False,True,False,4.056741373948174,0.01656475095811778,9.773519550098491,0.012475089679313238,True,Cruise
1,144,1675388567.567394,49.91652303787269,-0.001113026161697435,False,False,False,False,100000,False,True,False,4.056741373948174,0.01656475095811778,9.773519550098491,0.012475089679313238,True,Cruise
1,145,1675388567.68574,49.99439115145739,-7.478464723472889e-05,False,False,False,False,100000,False,True,False,4.056735445030443,-0.006267069742434188,9.773522212819078,0.016601378564304145,True,Cruise
1,146,1675388567.7817483,49.99439115145739,-7.478464723472889e-05,False,False,False,False,100000,False,True,False,4.056735445030443,-0.006267069742434188,9.773522212819078,0.0032367660639213603,True,Cruise
1,147,1675388567.8777726,49.92557677825524,-0.0009923096232634316,False,False,False,False,100000,False,True,False,4.056735873993159,-0.004425743188715931,9.773526388918285,0.01115952185411037,True,Cruise
1,148,1675388567.9778068,49.92557677825524,-0.0009923096232634316,False,False,False,False,100000,False,True,False,4.147400610890976,0.1985248094853709,9.774531420065367,0.01115952185411037,True,Cruise
1,149,1675388568.0698287,49.809018573477175,0.0025464190203042876,False,False,False,False,100000,False,True,False,4.138525848029386,0.11169867351448669,9.77546417727835,0.08728349981240618,True,Cruise
1,150,1675388568.1673632,49.809018573477175,0.0025464190203042876,False,False,False,False,100000,False,True,False,4.1156031933063675,0.056032236825006576,9.776891383750314,0.06021824633421527,True,Cruise
1,151,1675388568.267333,49.962456556577486,-0.0005005792456334412,False,False,False,False,100000,False,True,False,4.1156031933063675,0.056032236825006576,9.776891383750314,0.037679384099781804,True,Cruise
1,152,1675388568.3673296,49.962456556577486,-0.0005005792456334412,False,False,False,False,100000,False,True,False,4.074937699200634,0.029515878342756006,9.780741251964386,0.011979662808445918,True,Cruise
1,153,1675388568.467404,49.94277060400096,-0.0007630586133204817,False,False,False,False,100000,False,True,False,4.085054010310391,0.02352452146630506,9.778444251025409,0.0609900043618225,True,Cruise
1,154,1675388568.567361,49.94277060400096,-0.0007630586133204817,False,False,False,False,100000,False,True,False,4.079458358585479,-0.09506005004159117,9.775556132558394,0.03897579338702189,True,Cruise
1,155,1675388568.6674378,49.937543102958244,-0.0008327586272234087,False,False,False,False,100000,False,True,False,4.08021522006901,-0.10145453067501815,9.774401683307833,0.006541786831489364,True,Cruise
1,156,1675388568.7674344,49.937543102958244,-0.0008327586272234087,False,False,False,False,100000,False,True,False,4.08021522006901,-0.10145453067501815,9.774401683307833,0.0037998895875308836,True,Cruise
1,157,1675388568.8859112,49.900031814068036,-0.0013329091457595626,False,False,False,False,100000,False,True,False,4.08199366904736,-0.10172772157377719,9.770766416096002,0.002665328802388118,True,Cruise
1,158,1675388568.9837887,49.954559376818644,-0.0006058749757514521,False,False,False,False,100000,False,True,False,4.080232332532729,-0.10282060736781477,9.769759424978298,0.0014864469696441304,True,Cruise
1,159,1675388569.079057,49.92066030573739,-0.0010578625901681462,False,False,False,False,100000,False,True,False,4.0776908199515285,-0.10074553430096585,9.769146437395687,0.0022672177464699416,True,Cruise
1,160,1675388569.1738238,49.92066030573739,-0.0010578625901681462,False,False,False,False,100000,False,True,False,4.075532427854234,-0.08534663277991092,9.769026698843664,0.015549892662705189,True,Cruise
1,161,1675388569.2699385,49.937359863309986,-0.0008352018225334783,False,False,False,False,100000,False,True,False,4.075532427854234,-0.08534663277991092,9.769026698843664,0.014656649416166276,True,Cruise
1,162,1675388569.3676274,49.937359863309986,-0.0008352018225334783,False,False,False,False,100000,False,True,False,4.067482711139185,-0.0671308103913488,9.7691393387748,0.005265600810537939,True,Cruise
1,163,1675388569.4674478,49.92090926117922,-0.0010545431842771073,False,False,False,False,100000,False,True,False,4.064741127449795,-0.057961176281978485,9.769360019724836,0.45495992009142233,True,Cruise
1,164,1675388569.5673754,49.96051458385089,-0.0005264722153215333,False,False,False,False,100000,False,True,False,4.090159771256941,0.30489010111425446,9.808592869732106,0.08931693215002902,True,Cruise
1,165,1675388569.6674407,49.96051458385089,-0.0005264722153215333,False,False,False,False,100000,False,True,False,4.086304723235381,0.2183392905250247,9.804536444378634,0.08673153287904894,True,Cruise
1,166,1675388569.7675006,49.866120656728796,-0.001785057910282746,False,False,False,False,100000,False,True,False,4.073385070157795,0.007615834740323402,9.791957354467877,0.2114935596099206,True,Cruise
1,167,1675388569.8674495,49.95021912525564,-0.0006637449965914583,False,False,False,False,100000,False,True,False,4.051604093780469,-0.09515592080281948,9.785124512696939,0.049090957473141524,True,Cruise
1,168,1675388569.9898725,49.95021912525564,-0.0006637449965914583,False,False,False,False,100000,False,True,False,3.9133016266813434,-0.04818458159839975,9.769391956521318,0.035618631726562995,True,Cruise
1,169,1675388570.0857227,49.95904375193856,-0.0005460833074859099,False,False,False,False,100000,False,True,False,3.950808531849346,-0.0681959017213253,9.763530670777977,0.042913582219489176,True,Cruise
1,170,1675388570.1817746,49.95904375193856,-0.0005460833074859099,False,False,False,False,100000,False,True,False,3.950808531849346,-0.0681959017213253,9.763530670777977,0.042913582219489176,True,Cruise
1,171,1675388570.278043,49.9971046707053,-3.860439059603227e-05,False,False,False,False,100000,False,True,False,3.950808531849346,-0.0681959017213253,9.763530670777977,0.09826741365717961,True,Cruise
1,172,1675388570.3779168,49.999583521934134,-5.5530408782053e-06,False,False,False,False,100000,False,True,False,4.027513044469155,-0.16022568574058435,9.752302837935314,0.012957566165372417,True,Cruise
1,173,1675388570.470106,49.999583521934134,-5.5530408782053e-06,False,False,False,False,100000,False,True,False,4.017804881857569,-0.1575785139240811,9.754095527482619,0.005673082759335391,True,Cruise
1,174,1675388570.5673704,49.902622025156916,-0.0012983729979077908,False,False,False,False,100000,False,True,False,4.011100789806739,-0.14825615036378142,9.756443424208024,0.005614804774241005,True,Cruise
1,175,1675388570.667474,49.902622025156916,-0.0012983729979077908,False,False,False,False,100000,False,True,False,4.011100789806739,-0.14825615036378142,9.756443424208024,0.006353441847326028,True,Cruise
1,176,1675388570.7674954,49.98249367521449,-0.00023341766380677466,False,False,False,False,100000,False,True,False,4.011797551285206,-0.1464609592402254,9.760007999394785,0.003244281745966259,True,Cruise
1,177,1675388570.867467,49.98249367521449,-0.00023341766380677466,False,False,False,False,100000,False,True,False,4.016740191006762,-0.10213997848014968,9.762383440931053,0.02119976894814191,True,Cruise
1,178,1675388570.967441,49.964885245148324,0.0004681967313556547,False,False,False,False,100000,False,True,False,4.019833471139342,-0.08802520352029178,9.763567239216517,0.01449815962550808,True,Cruise
1,179,1675388571.0674064,49.964885245148324,0.0004681967313556547,False,False,False,False,100000,False,True,False,4.021019755651535,0.020757760824943426,9.756089797185108,0.017588053831578996,True,Cruise
1,180,1675388571.189859,49.983366219921805,-0.00022178373437596998,False,False,False,False,100000,False,True,False,4.021019755651535,0.020757760824943426,9.756089797185108,0.017588053831578996,True,Cruise
1,181,1675388571.285905,49.928029964595225,-0.0009596004720636726,False,False,False,False,100000,False,True,False,4.021019755651535,0.020757760824943426,9.756089797185108,0.05718060011135823,True,Cruise
1,182,1675388571.3817172,49.844718132718505,-0.002070424897086593,False,False,False,False,100000,False,True,False,4.023929833693305,0.28793662102799855,9.741645054060115,0.029601388734423657,True,Cruise
1,183,1675388571.4777994,49.844718132718505,-0.002070424897086593,False,False,False,False,100000,False,True,False,4.023929833693305,0.28793662102799855,9.741645054060115,0.027841209617723617,True,Cruise
1,184,1675388571.574153,49.98196071185203,-0.00024052384197294555,False,False,False,False,100000,False,True,False,4.029351432423537,0.2611873393503799,9.747141884957804,0.045831984089757784,True,Cruise
1,185,1675388571.6737707,49.98196071185203,-0.00024052384197294555,False,False,False,False,100000,False,True,False,4.047536039134416,0.13541540627961388,9.763061837274584,0.03909391040165764,True,Cruise
1,186,1675388571.7697423,49.96761155676517,-0.0004318459097977104,False,False,False,False,100000,False,True,False,4.047536039134416,0.13541540627961388,9.763061837274584,0.03909391040165764,True,Cruise
1,187,1675388571.8673575,49.96761155676517,-0.0004318459097977104,False,False,False,False,100000,False,True,False,4.068717845749342,0.025023381121813792,9.780796365318528,0.0319271065486471,True,Cruise
1,188,1675388571.9673662,49.96761155676517,-0.0004318459097977104,False,False,False,False,100000,False,True,False,4.076103465102778,-0.03685639006460195,9.787416094085746,0.030744763988105002,True,Cruise
1,189,1675388572.067367,49.952649357750275,-0.000631341896663032,False,False,False,False,100000,False,True,False,4.078945691583008,-0.060717834560648845,9.790068375927774,0.024176049796697494,True,Cruise
1,190,1675388572.1686032,49.952649357750275,-0.000631341896663032,False,False,False,False,100000,False,True,False,4.082992905378954,-0.09046185616727585,9.794011464271824,0.012689181204056375,True,Cruise
1,191,1675388572.2689445,49.94606859078839,-0.0007190854561547047,False,False,False,False,100000,False,True,False,4.082992905378954,-0.09046185616727585,9.794011464271824,0.020683194949394405,True,Cruise
1,192,1675388572.3934863,49.988337035005735,-0.00015550619992353964,False,False,False,False,100000,False,True,False,4.08507254680558,-0.11139381160913066,9.796667623368489,0.0005644362785880008,True,Cruise
1,193,1675388572.4887617,49.988337035005735,-0.00015550619992353964,False,False,False,False,100000,False,True,False,4.08450098978516,-0.11084694456439957,9.796358480736073,0.00295412426988516,True,Cruise
1,194,1675388572.582952,49.988337035005735,-0.00015550619992353964,False,False,False,False,100000,False,True,False,4.082305104130203,-0.10515285655188675,9.794782902510063,0.013969290622854335,True,Cruise
1,195,1675388572.6777093,49.93639181526479,-0.0008481091298028114,False,False,False,False,100000,False,True,False,4.079002289550555,-0.07939896652468235,9.79217233836483,0.012134105358279771,True,Cruise
1,196,1675388572.7740033,49.96024196774597,0.0005301070967203485,False,False,False,False,100000,False,True,False,4.079002289550555,-0.07939896652468235,9.79217233836483,0.012134105358279771,True,Cruise
1,197,1675388572.8698273,49.96024196774597,0.0005301070967203485,False,False,False,False,100000,False,True,False,1.791809720244814,-0.06264908724308733,9.98582861788991,2.29543746639782,True,Cruise
1,198,1675388572.9678352,49.96024196774597,0.0005301070967203485,False,False,False,False,100000,False,True,False,1.020309330415421,-0.026070649425039553,10.012444661552143,0.3627151942610083,True,Cruise
1,199,1675388573.067792,49.95471321267108,-0.0006038238310522451,False,False,False,False,100000,False,True,False,0.6207373598090191,-0.013771608838469266,9.991718247934225,0.12252639380541525,True,Cruise
1,200,1675388573.167529,49.95471321267108,-0.0006038238310522451,False,False,False,False,100000,False,True,False,0.5116517278797089,0.0011005151487228793,9.936779076489731,0.03718265932956084,True,Cruise
1,201,1675388573.2690754,49.95471321267108,-0.0006038238310522451,False,False,False,False,100000,False,True,False,0.5116517278797089,0.0011005151487228793,9.936779076489731,0.03718265932956084,True,Cruise
1,202,1675388573.3686614,49.973651070098214,-0.00035131906535718825,False,False,False,False,100000,False,True,False,0.0016194314577997956,0.011000358692433158,9.883243101392956,0.5129298694023956,True,Cruise
1,203,1675388573.467536,49.973651070098214,-0.00035131906535718825,False,False,False,False,100000,False,True,False,-0.09611317662309787,0.01747050501093059,9.858859539430178,0.0531196213568466,True,Cruise
1,204,1675388573.5675023,49.991420030183356,-0.00011439959755526674,False,False,False,False,100000,False,True,False,-0.15403788789937048,0.023509650217121782,9.80232713033808,0.09857914557169299,True,Cruise
1,205,1675388573.6858387,49.98397922969941,-0.00021361027067450257,False,False,False,False,100000,False,True,False,-0.23851276380297362,0.01525549468636397,9.754112115991331,0.0386142388008299,True,Cruise
1,206,1675388573.7816415,49.98397922969941,-0.00021361027067450257,False,False,False,False,100000,False,True,False,-0.32729097042723904,0.013522624872495427,9.739555594470875,0.08998035967914375,True,Cruise
1,207,1675388573.877853,49.98397922969941,-0.00021361027067450257,False,False,False,False,100000,False,True,False,-0.5272166747203555,0.001776192129793736,9.71649131691177,0.20159421325673252,True,Cruise
1,208,1675388573.9738448,49.98259075962228,0.00023212320503627982,False,False,False,False,100000,False,True,False,-0.5272166747203555,0.001776192129793736,9.71649131691177,0.03307394615804723,True,Cruise
1,209,1675388574.0717928,49.98259075962228,0.00023212320503627982,False,False,False,False,100000,False,True,False,-0.5737971584316395,0.0011430124955013258,9.690155140260567,0.02119717333524719,True,Cruise
1,210,1675388574.1676502,49.96805865178585,-0.0004258846428552925,False,False,False,False,100000,False,True,False,-0.5648488579946815,-0.0021404161993606712,9.678303969046564,0.029311083829759946,True,Cruise
1,211,1675388574.2675183,49.983919144890415,-0.00021441140146115188,False,False,False,False,100000,False,True,False,-0.5438477044624704,-0.004119823339165926,9.668505806785962,0.03357788786580474,True,Cruise
1,212,1675388574.3676085,49.983919144890415,-0.00021441140146115188,False,False,False,False,100000,False,True,False,-0.5456786692762828,-0.015956796709072654,9.663544234894712,0.06449786967124976,True,Cruise
1,213,1675388574.4674423,49.96241680167949,0.0005011093109401605,False,False,False,False,100000,False,True,False,-0.2617632217287157,-0.007524631149993869,9.655032187524354,0.06007706550852603,True,Cruise
1,214,1675388574.5674238,49.96241680167949,0.0005011093109401605,False,False,False,False,100000,False,True,False,-0.3714178043263926,0.004086643670285535,9.676856728181576,0.11240667134348194,True,Cruise
1,215,1675388574.6674297,49.99789862001585,2.8018399788615856e-05,False,False,False,False,100000,False,True,False,-0.32627527027410874,0.002269337430329899,9.683247154094952,0.07247267152913911,True,Cruise
1,216,1675388574.7675643,49.99789862001585,2.8018399788615856e-05,False,False,False,False,100000,False,True,False,-0.11841186817099006,-0.0054746874080439985,9.709004633488664,0.0676265694605741,True,Cruise
1,217,1675388574.890234,49.963550034375835,0.00048599954165551057,False,False,False,False,100000,False,True,False,0.1847069603263633,-0.0020942569431132755,9.697096224039942,0.3033714912699191,True,Cruise
1,218,1675388574.9819112,49.889080681032134,0.0014789242529048808,False,False,False,False,100000,False,True,False,0.1847069603263633,-0.0020942569431132755,9.697096224039942,0.3033714912699191,True,Cruise
1,219,1675388575.0778337,49.889080681032134,0.0014789242529048808,False,False,False,False,100000,False,True,False,-0.039204220932814914,0.01460520128335922,9.774496504930834,0.23749924732496988,True,Cruise
1,220,1675388575.1737988,49.889080681032134,0.0014789242529048808,False,False,False,False,100000,False,True,False,-0.4115740342763101,0.0318537305801862,9.835793360052119,0.09707880120673866,True,Cruise
1,221,1675388575.2741823,49.889080681032134,0.0014789242529048808,False,False,False,False,100000,False,True,False,-0.2368907086069647,0.03412842644335895,9.832276543930755,0.09707880120673866,True,Cruise
1,222,1675388575.3677404,48.998704463718425,-0.013350607150420973,False,False,False,False,100000,False,True,False,-0.2368907086069647,0.03412842644335895,9.832276543930755,0.1747335299929696,True,Cruise
1,223,1675388575.4679444,48.998704463718425,-0.013350607150420973,False,False,False,False,100000,False,True,False,-0.2368907086069647,0.03412842644335895,9.832276543930755,0.1747335299929696,True,Cruise
1,224,1675388575.567783,48.998704463718425,-0.013350607150420973,False,False,False,False,100000,False,True,False,-0.2368907086069647,0.03412842644335895,9.832276543930755,0.1747335299929696,True,Cruise
1,225,1675388575.6677752,49.05537692256466,-0.01259497436580453,False,False,False,False,100000,False,True,False,-0.8618167817706379,0.09497635038048123,9.928629289801583,0.9165177555725444,True,Cruise
1,226,1675388575.768075,49.05537692256466,-0.01259497436580453,False,False,False,False,100000,False,True,False,-0.8618167817706379,0.09497635038048123,9.928629289801583,0.9165177555725444,True,Cruise
1,227,1675388575.86811,49.05537692256466,-0.01259497436580453,False,False,False,False,100000,False,True,False,-0.8618167817706379,0.09497635038048123,9.928629289801583,0.9165177555725444,True,Cruise
1,228,1675388575.9911084,49.05537692256466,-0.01259497436580453,False,False,False,False,100000,False,True,False,-0.8618167817706379,0.09497635038048123,9.928629289801583,0.9165177555725444,True,Cruise
1,229,1675388576.0865068,49.05537692256466,-0.01259497436580453,False,False,False,False,100000,False,True,False,-2.839289474311488,-0.2820149088231178,10.083356286603196,2.0190247900409544,True,Cruise
1,230,1675388576.1819077,49.05537692256466,-0.01259497436580453,False,False,False,False,100000,False,True,False,-2.881086306026343,-0.3412327089582209,10.065420152359836,0.31842303534773986,True,Cruise
1,231,1675388576.2794783,49.05537692256466,-0.01259497436580453,False,False,False,False,100000,False,True,False,-2.881086306026343,-0.3412327089582209,10.065420152359836,0.31842303534773986,True,Cruise
1,232,1675388576.3743062,49.0349601169454,-0.012867198440728025,False,False,False,False,100000,False,True,False,-2.5782752644078952,-0.4256015632221815,10.014620556453913,0.31842303534773986,True,Cruise
1,233,1675388576.4702945,49.18242608062996,-0.01090098559160052,False,False,False,False,100000,False,True,False,-2.297692104951012,-0.4605030241647078,9.968230423954767,0.46966481609229355,True,Cruise
1,234,1675388576.5694528,49.18242608062996,-0.01090098559160052,False,False,False,False,100000,False,True,False,-1.286545675378545,-0.3814543964853398,9.83598081623672,0.5553338008820577,True,Cruise
1,235,1675388576.6676142,49.97090304239235,0.00038795943476863115,False,False,False,False,100000,False,True,False,0.01571385013714215,-0.42093249915380493,9.700402712215357,1.3098930546715146,True,Cruise
1,236,1675388576.7679453,49.97090304239235,0.00038795943476863115,False,False,False,False,100000,False,True,False,0.01571385013714215,-0.42093249915380493,9.700402712215357,1.3098930546715146,True,Cruise
1,237,1675388576.8702364,49.97090304239235,0.00038795943476863115,False,False,False,False,100000,False,True,False,0.01571385013714215,-0.42093249915380493,9.700402712215357,1.3098930546715146,True,Cruise
1,238,1675388576.967624,49.48774014141276,-0.006830131447829947,False,False,False,False,100000,False,True,False,2.4595952748924423,-0.49490880314157576,9.503475861449761,2.45291848547157,True,Cruise
1,239,1675388577.0676193,49.48774014141276,-0.006830131447829947,False,False,False,False,100000,False,True,False,2.7551978388016973,-0.44628357994558576,9.498144745128032,0.29962261083206126,True,Cruise
1,240,1675388577.1678247,49.279810791427536,-0.009602522780966167,False,False,False,False,100000,False,True,False,2.7551978388016973,-0.44628357994558576,9.498144745128032,1.8037274579827884,True,Cruise
1,241,1675388577.2899225,49.279810791427536,-0.009602522780966167,False,False,False,False,100000,False,True,False,-0.3634707303623219,-0.48343654364002914,9.825585592644819,0.39964734765015275,True,Cruise
1,242,1675388577.382004,49.279810791427536,-0.009602522780966167,False,False,False,False,100000,False,True,False,-0.3634707303623219,-0.48343654364002914,9.825585592644819,0.39964734765015275,True,Cruise
1,243,1675388577.4780085,49.65471176949691,-0.004603843073374498,False,False,False,False,100000,False,True,False,-0.3634707303623219,-0.48343654364002914,9.825585592644819,0.9056418585891051,True,Cruise
1,244,1675388577.5740945,49.65471176949691,-0.004603843073374498,False,False,False,False,100000,False,True,False,-1.7759001937406316,-0.7422927026441485,9.954162657949974,0.1606829847749899,True,Cruise
1,245,1675388577.6700258,49.65471176949691,-0.004603843073374498,False,False,False,False,100000,False,True,False,-1.7759001937406316,-0.7422927026441485,9.954162657949974,0.1606829847749899,True,Cruise
1,246,1675388577.769819,49.65471176949691,-0.004603843073374498,False,False,False,False,100000,False,True,False,1.6248875694059772,-0.5667487668825784,9.64107999368756,0.1606829847749899,True,Cruise
1,247,1675388577.8696117,49.626970195914204,-0.004973730721143901,False,False,False,False,100000,False,True,False,1.6248875694059772,-0.5667487668825784,9.64107999368756,0.5551946012077075,True,Cruise
1,248,1675388577.9675832,49.97409772971719,0.0003453636037708056,False,False,False,False,100000,False,True,False,1.8357424539747815,-0.45048719257493586,9.667296246813457,0.6910217889862859,True,Cruise
1,249,1675388578.0675917,49.97409772971719,0.0003453636037708056,False,False,False,False,100000,False,True,False,1.1506220710435913,-0.48956576100185367,9.748499936604802,0.6910217889862859,True,Cruise
1,250,1675388578.1676333,49.97409772971719,0.0003453636037708056,False,False,False,False,100000,False,True,False,0.7367646305237633,-0.4084810224799182,9.798017469199511,0.42462301153972065,True,Cruise
1,251,1675388578.2676244,49.81787376911846,-0.0024283497450872885,False,False,False,False,100000,False,True,False,1.472570470808323,-0.39421720728578774,9.7368559429792,0.7890692333791268,True,Cruise
1,252,1675388578.3900623,49.81787376911846,-0.0024283497450872885,False,False,False,False,100000,False,True,False,2.2590401576258614,-0.3567700432952435,9.684957998013036,0.7890692333791268,True,Cruise
1,253,1675388578.4873233,49.81787376911846,-0.0024283497450872885,False,False,False,False,100000,False,True,False,2.2590401576258614,-0.3567700432952435,9.684957998013036,0.7890692333791268,True,Cruise
1,254,1675388578.5819235,49.81787376911846,-0.0024283497450872885,False,False,False,False,100000,False,True,False,0.8533701026292866,-0.30725990164812805,9.85248610828498,1.416483401022151,True,Cruise
1,255,1675388578.677924,49.901760706667936,0.001309857244427487,False,False,False,False,100000,False,True,False,0.6246532522298838,-0.2474591094324936,9.882919051853767,0.1279576282277391,True,Cruise
1,256,1675388578.7763846,49.901760706667936,0.001309857244427487,False,False,False,False,100000,False,True,False,0.46915819236677914,-0.07866591383790854,9.908378840037013,0.1202828834773617,True,Cruise
1,257,1675388578.873843,49.901760706667936,0.001309857244427487,False,False,False,False,100000,False,True,False,0.46915819236677914,-0.07866591383790854,9.908378840037013,0.5751867131622461,True,Cruise
1,258,1675388578.9701512,49.68700704096481,-0.004173239453802527,False,False,False,False,100000,False,True,False,0.9937397885206765,-0.00433410285967491,9.869606610787773,0.5751867131622461,True,Cruise
1,259,1675388579.0675602,49.80196121242383,0.002640517167682332,False,False,False,False,100000,False,True,False,-0.1307663507110006,0.037128604491487145,9.979352816039938,0.5936691239309291,True,Cruise
1,260,1675388579.1676245,49.80196121242383,0.002640517167682332,False,False,False,False,100000,False,True,False,-0.7040463354537839,-0.11223393552724133,10.017874490995535,0.5936691239309291,True,Cruise
1,261,1675388579.2676196,49.80196121242383,0.002640517167682332,False,False,False,False,100000,False,True,False,-0.7040463354537839,-0.11223393552724133,10.017874490995535,0.5936691239309291,True,Cruise
1,262,1675388579.36763,49.609459687446844,0.0052072041673754165,False,False,False,False,100000,False,True,False,0.6126785349664222,0.16531600868533103,9.86074718041633,0.4010096018749197,True,Cruise
1,263,1675388579.467762,49.609459687446844,0.0052072041673754165,False,False,False,False,100000,False,True,False,-0.27111701052532133,0.1753422653028519,9.93949401703208,0.8873534562561846,True,Cruise
1,264,1675388579.5678701,49.609459687446844,0.0052072041673754165,False,False,False,False,100000,False,True,False,-0.27111701052532133,0.1753422653028519,9.93949401703208,0.8873534562561846,True,Cruise
1,265,1675388579.6899326,49.62168748151854,0.005044166913086088,False,False,False,False,100000,False,True,False,-0.27111701052532133,0.1753422653028519,9.93949401703208,0.8873534562561846,True,Cruise
1,266,1675388579.7818854,49.62168748151854,0.005044166913086088,False,False,False,False,100000,False,True,False,-0.7067915069178916,0.15681301848643572,9.935008632116903,0.0942509151745361,True,Cruise
1,267,1675388579.8821921,49.62168748151854,0.005044166913086088,False,False,False,False,100000,False,True,False,-0.4500113893660173,0.15330217104190266,9.892858839223202,0.26024019647378666,True,Cruise
1,268,1675388579.9781234,49.62168748151854,0.005044166913086088,False,False,False,False,100000,False,True,False,-0.22050147002008985,0.1929691147535692,9.839427232713673,0.08936587299415173,True,Cruise
1,269,1675388580.0700288,49.71977345767116,0.003736353897717811,False,False,False,False,100000,False,True,False,-0.22050147002008985,0.1929691147535692,9.839427232713673,0.08936587299415173,True,Cruise
1,270,1675388580.16985,49.71977345767116,0.003736353897717811,False,False,False,False,100000,False,True,False,-0.22050147002008985,0.1929691147535692,9.839427232713673,0.08936587299415173,True,Cruise
1,271,1675388580.2675817,49.70525095098914,0.003929987320144853,False,False,False,False,100000,False,True,False,-0.22050147002008985,0.1929691147535692,9.839427232713673,0.6920735938322103,True,Cruise
1,272,1675388580.3676903,49.70525095098914,0.003929987320144853,False,False,False,False,100000,False,True,False,0.45974320188975804,0.25975953276058544,9.730927989948837,0.6920735938322103,True,Cruise
1,273,1675388580.4680808,49.70525095098914,0.003929987320144853,False,False,False,False,100000,False,True,False,0.10110594689557667,0.3067771314037891,9.755698516496006,0.28160840858477737,True,Cruise
1,274,1675388580.5681007,49.51553902568514,0.006459479657531408,False,False,False,False,100000,False,True,False,-0.059869225626635714,0.32199138455079324,9.762178397620298,0.28160840858477737,True,Cruise
1,275,1675388580.6679292,49.51553902568514,0.006459479657531408,False,False,False,False,100000,False,True,False,-0.059869225626635714,0.32199138455079324,9.762178397620298,0.16182233630362072,True,Cruise
1,276,1675388580.7679288,49.49949348889036,0.00667342014812852,False,False,False,False,100000,False,True,False,-1.1436214010970027,0.3234445831308392,9.85924547662463,0.3025174801659153,True,Cruise
1,277,1675388580.8858104,49.72241584561897,0.003701122058413774,False,False,False,False,100000,False,True,False,-1.1800140677029134,0.395695326788823,9.826442614508522,0.25669352373575915,True,Cruise
1,278,1675388580.9859529,49.72241584561897,0.003701122058413774,False,False,False,False,100000,False,True,False,-1.1800140677029134,0.395695326788823,9.826442614508522,0.25669352373575915,True,Cruise
1,279,1675388581.0781999,49.93482902747443,-0.0008689463003410041,False,False,False,False,100000,False,True,False,-1.1800140677029134,0.395695326788823,9.826442614508522,0.25669352373575915,True,Cruise
1,280,1675388581.1821194,49.93482902747443,-0.0008689463003410041,False,False,False,False,100000,False,True,False,0.48983233050908087,0.2599077011552665,9.680596071462416,0.22146757223241148,True,Cruise
1,281,1675388581.2744665,49.93482902747443,-0.0008689463003410041,False,False,False,False,100000,False,True,False,0.48983233050908087,0.2599077011552665,9.680596071462416,0.22146757223241148,True,Cruise
1,282,1675388581.3678849,49.45462651478327,0.007271646469556336,False,False,False,False,100000,False,True,False,1.6078368108939107,0.4490088687420892,9.618340194479206,0.38713484690981437,True,Cruise
1,283,1675388581.4681714,49.45462651478327,0.007271646469556336,False,False,False,False,100000,False,True,False,1.6078368108939107,0.4490088687420892,9.618340194479206,0.38713484690981437,True,Cruise
1,284,1675388581.5677905,49.45462651478327,0.007271646469556336,False,False,False,False,100000,False,True,False,1.2159748264773234,0.3834357794409109,9.673902459580898,0.40117678169933607,True,Cruise
1,285,1675388581.6679692,49.78454971557566,0.002872670458991239,False,False,False,False,100000,False,True,False,1.2159748264773234,0.3834357794409109,9.673902459580898,0.40117678169933607,True,Cruise
1,286,1675388581.7675848,49.78454971557566,0.002872670458991239,False,False,False,False,100000,False,True,False,-1.54856463050755,0.34984507736543646,9.943748437683418,1.2509256866497662,True,Cruise
1,287,1675388581.8676076,49.78454971557566,0.002872670458991239,False,False,False,False,100000,False,True,False,-1.54856463050755,0.34984507736543646,9.943748437683418,1.2509256866497662,True,Cruise
1,288,1675388581.9899902,49.78454971557566,0.002872670458991239,False,False,False,False,100000,False,True,False,-1.54856463050755,0.34984507736543646,9.943748437683418,1.2509256866497662,True,Cruise
1,289,1675388582.0859208,49.78454971557566,0.002872670458991239,False,False,False,False,100000,False,True,False,-1.54856463050755,0.34984507736543646,9.943748437683418,1.2509256866497662,True,Cruise
1,290,1675388582.1820698,49.78454971557566,0.002872670458991239,False,False,False,False,100000,False,True,False,-1.54856463050755,0.34984507736543646,9.943748437683418,1.2509256866497662,True,Cruise
1,291,1675388582.278055,49.78454971557566,0.002872670458991239,False,False,False,False,100000,False,True,False,-1.54856463050755,0.34984507736543646,9.943748437683418,1.2509256866497662,True,Cruise
1,292,1675388582.3741393,49.78454971557566,0.002872670458991239,False,False,False,False,100000,False,True,False,0.9134092496709789,0.0798640257300589,9.714680681786675,0.2267164661301168,True,Cruise
1,293,1675388582.4699366,49.54410424692456,0.0060786100410059165,False,False,False,False,100000,False,True,False,0.9134092496709789,0.0798640257300589,9.714680681786675,0.2267164661301168,True,Cruise
1,294,1675388582.5700285,49.54410424692456,0.0060786100410059165,False,False,False,False,100000,False,True,False,0.6180975961804454,0.03001154729343255,9.760570318323568,0.19975582218986082,True,Cruise
1,295,1675388582.6675835,49.85555642924397,0.0019259142767470447,False,False,False,False,100000,False,True,False,-0.6240615478972346,0.0284829885135958,9.88742220163418,1.2486204691607403,True,Cruise
1,296,1675388582.7676551,49.85555642924397,0.0019259142767470447,False,False,False,False,100000,False,True,False,-0.6240615478972346,0.0284829885135958,9.88742220163418,1.2486204691607403,True,Cruise
1,297,1675388582.8676443,49.93186198482502,0.0009085068689996945,False,False,False,False,100000,False,True,False,0.37455996595136687,0.06506716009086667,9.78163706950892,1.0048750289016175,True,Cruise
1,298,1675388582.9677324,49.93186198482502,0.0009085068689996945,False,False,False,False,100000,False,True,False,0.979738615511652,0.015528434057345313,9.74067741058834,0.6085827609450706,True,Cruise
1,299,1675388583.0687156,49.93186198482502,0.0009085068689996945,False,False,False,False,100000,False,True,False,0.979738615511652,0.015528434057345313,9.74067741058834,0.6085827609450706,True,Cruise
1,300,1675388583.1899283,49.93186198482502,0.0009085068689996945,False,False,False,False,100000,False,True,False,0.979738615511652,0.015528434057345313,9.74067741058834,0.04224012795988449,True,Cruise
1,301,1675388583.2897997,49.4958759955869,0.006721653392174642,False,False,False,False,100000,False,True,False,1.0030416986046573,0.02147787347588253,9.77540202576307,0.04224012795988449,True,Cruise
1,302,1675388583.3821108,49.4958759955869,0.006721653392174642,False,False,False,False,100000,False,True,False,1.0030416986046573,0.02147787347588253,9.77540202576307,0.04224012795988449,True,Cruise
1,303,1675388583.477848,49.4958759955869,0.006721653392174642,False,False,False,False,100000,False,True,False,0.7156279228238579,0.03391680503619051,9.810628626650509,0.04224012795988449,True,Cruise
1,304,1675388583.5746293,49.83337720353479,0.0022216372862028815,False,False,False,False,100000,False,True,False,-0.5389453286865066,0.031105821977638764,9.937248499552926,0.2898315354426095,True,Cruise
1,305,1675388583.6701229,49.83337720353479,0.0022216372862028815,False,False,False,False,100000,False,True,False,-1.6325160360614495,0.11903745760270147,10.030574630703368,1.1010625010996156,True,Cruise
1,306,1675388583.7679281,49.83337720353479,0.0022216372862028815,False,False,False,False,100000,False,True,False,-1.6325160360614495,0.11903745760270147,10.030574630703368,1.1010625010996156,True,Cruise
1,307,1675388583.8678646,49.810770350379244,0.0025230619949433986,False,False,False,False,100000,False,True,False,-1.6325160360614495,0.11903745760270147,10.030574630703368,1.1010625010996156,True,Cruise
1,308,1675388583.9677606,49.810770350379244,0.0025230619949433986,False,False,False,False,100000,False,True,False,-0.23008886134417486,0.08408649030732301,9.843199279655577,1.7128897273982309,True,Cruise
1,309,1675388584.067617,49.810770350379244,0.0025230619949433986,False,False,False,False,100000,False,True,False,1.5587445011518164,0.3033920838375129,9.730312205494421,1.805758354167304,True,Cruise
1,310,1675388584.1677914,49.810770350379244,0.0025230619949433986,False,False,False,False,100000,False,True,False,1.5587445011518164,0.3033920838375129,9.730312205494421,1.805758354167304,True,Cruise
1,311,1675388584.2677867,49.613618380850944,-0.005151754921987423,False,False,False,False,100000,False,True,False,1.21965885496294,0.2874446056203718,9.762577045956569,0.3409903480200898,True,Cruise
1,312,1675388584.3899238,49.613618380850944,-0.005151754921987423,False,False,False,False,100000,False,True,False,0.7812741970426132,0.25631554905644766,9.800184062663268,1.4213521504596998,True,Cruise
1,313,1675388584.4863977,49.63387864303236,0.004881618092901836,False,False,False,False,100000,False,True,False,-0.6338174181731723,0.22559681567739323,9.929852931641056,1.4213521504596998,True,Cruise
1,314,1675388584.5819867,49.63387864303236,0.004881618092901836,False,False,False,False,100000,False,True,False,-1.0805657610514052,0.35098131786239284,9.934048897120505,0.4640290523005344,True,Cruise
1,315,1675388584.6822028,49.63387864303236,0.004881618092901836,False,False,False,False,100000,False,True,False,-0.9938971669775795,0.2546493167804711,9.909360130160573,0.4640290523005344,True,Cruise
1,316,1675388584.7738862,49.59123490749434,0.0054502012334088044,False,False,False,False,100000,False,True,False,-0.9938971669775795,0.2546493167804711,9.909360130160573,0.4103047283843285,True,Cruise
1,317,1675388584.870164,49.59123490749434,0.0054502012334088044,False,False,False,False,100000,False,True,False,-0.3251266251715384,0.27068711941190254,9.822591449470986,0.4103047283843285,True,Cruise
1,318,1675388584.9677782,49.59123490749434,0.0054502012334088044,False,False,False,False,100000,False,True,False,-0.3251266251715384,0.27068711941190254,9.822591449470986,0.4103047283843285,True,Cruise
1,319,1675388585.0675454,49.51259058712337,0.006498792171688361,False,False,False,False,100000,False,True,False,-0.3049864127612397,0.10102147821318852,9.79640007201618,0.17285267198479412,True,Cruise
1,320,1675388585.167726,49.51259058712337,0.006498792171688361,False,False,False,False,100000,False,True,False,-0.24760044519883467,0.06927688333915659,9.784340859475215,0.06668053077096785,True,Cruise
1,321,1675388585.2677643,49.51259058712337,0.006498792171688361,False,False,False,False,100000,False,True,False,-0.7457769006693643,0.07074674313825922,9.826700698636378,0.07543491046822268,True,Cruise
1,322,1675388585.36769,49.17960049334126,0.010938660088783176,False,False,False,False,100000,False,True,False,-0.6730625989057685,0.07001066154385803,9.80663794159085,0.14825976770577728,True,Cruise
1,323,1675388585.467618,49.17960049334126,0.010938660088783176,False,False,False,False,100000,False,True,False,-1.375000773849637,0.09938464391416157,9.86353975251023,0.8520541553637977,True,Cruise
1,324,1675388585.5899122,49.4282560566722,0.007623252577704021,False,False,False,False,100000,False,True,False,-2.1392052139692095,0.11906445909740565,9.917740062802334,0.7663767970521265,True,Cruise
1,325,1675388585.6859405,49.4282560566722,0.007623252577704021,False,False,False,False,100000,False,True,False,-2.1392052139692095,0.11906445909740565,9.917740062802334,0.7663767970521265,True,Cruise
1,326,1675388585.7820585,49.4282560566722,0.007623252577704021,False,False,False,False,100000,False,True,False,-2.1392052139692095,0.11906445909740565,9.917740062802334,0.7663767970521265,True,Cruise
1,327,1675388585.8782558,49.4282560566722,0.007623252577704021,False,False,False,False,100000,False,True,False,-2.1392052139692095,0.11906445909740565,9.917740062802334,0.7663767970521265,True,Cruise
1,328,1675388585.9778829,49.4282560566722,0.007623252577704021,False,False,False,False,100000,False,True,False,-2.1392052139692095,0.11906445909740565,9.917740062802334,0.7663767970521265,True,Cruise
1,329,1675388586.0703273,49.51700068774872,0.006439990830017047,False,False,False,False,100000,False,True,False,0.5110351203974692,0.21908946795493378,9.635225444091263,2.6671320443664603,True,Cruise
1,330,1675388586.1705003,49.51700068774872,0.006439990830017047,False,False,False,False,100000,False,True,False,0.6209073885098114,0.2648465158284057,9.636411846604616,0.11902533461901837,True,Cruise
1,331,1675388586.2675843,49.51700068774872,0.006439990830017047,False,False,False,False,100000,False,True,False,1.069347123064028,0.3181616751549197,9.599091597453366,0.4531373994030719,True,Cruise
1,332,1675388586.3676848,49.63871208470535,0.004817172203928649,False,False,False,False,100000,False,True,False,0.7989707896947171,0.3821731000800794,9.64096135294073,0.2809873673170266,True,Cruise
1,333,1675388586.4679449,49.63871208470535,0.004817172203928649,False,False,False,False,100000,False,True,False,0.4665526283137761,0.4307237520416815,9.682550050169352,0.2809873673170266,True,Cruise
1,334,1675388586.5676706,49.63871208470535,0.004817172203928649,False,False,False,False,100000,False,True,False,0.8190030489598326,0.4704058035478895,9.6815478219119,0.23018962945403248,True,Cruise
1,335,1675388586.6678655,49.405588244176975,0.007925490077640387,False,False,False,False,100000,False,True,False,0.8190030489598326,0.4704058035478895,9.6815478219119,0.23018962945403248,True,Cruise
1,336,1675388586.7899885,49.405588244176975,0.007925490077640387,False,False,False,False,100000,False,True,False,0.8190030489598326,0.4704058035478895,9.6815478219119,0.23018962945403248,True,Cruise
1,337,1675388586.8898609,49.405588244176975,0.007925490077640387,False,False,False,False,100000,False,True,False,0.8190030489598326,0.4704058035478895,9.6815478219119,0.6579821399347107,True,Cruise
1,338,1675388586.9819741,49.405588244176975,0.007925490077640387,False,False,False,False,100000,False,True,False,0.2251637092541473,0.7441963010583469,9.754582735233909,0.6579821399347107,True,Cruise
1,339,1675388587.0779498,49.580546612775784,0.0055927118296562,False,False,False,False,100000,False,True,False,0.19157092239117152,0.6925773268221155,9.791133729778846,0.04495340358963433,True,Cruise
1,340,1675388587.1758444,49.580546612775784,0.0055927118296562,False,False,False,False,100000,False,True,False,0.19157092239117152,0.6925773268221155,9.791133729778846,0.05683747478545198,True,Cruise
1,341,1675388587.2707977,49.66603322163458,0.004452890378205644,False,False,False,False,100000,False,True,False,-0.7652013298322882,0.646876726761003,9.899096494880908,0.5281733808802127,True,Cruise
1,342,1675388587.3698945,49.63352304221212,0.0048863594371717734,False,False,False,False,100000,False,True,False,-1.274662251112187,0.5161207498030211,9.947258351664411,0.5281733808802127,True,Cruise
1,343,1675388587.4675748,49.63352304221212,0.0048863594371717734,False,False,False,False,100000,False,True,False,0.02472777334486893,0.4901159707772912,9.821237003740926,0.5281733808802127,True,Cruise
1,344,1675388587.567594,49.63352304221212,0.0048863594371717734,False,False,False,False,100000,False,True,False,1.1568004907338305,0.4305815902755706,9.733750809671028,1.137007833777317,True,Cruise
1,345,1675388587.6680644,49.63352304221212,0.0048863594371717734,False,False,False,False,100000,False,True,False,1.1568004907338305,0.4305815902755706,9.733750809671028,0.3857594766511092,True,Cruise
1,346,1675388587.767848,49.63352304221212,0.0048863594371717734,False,False,False,False,100000,False,True,False,0.7798033475496142,0.3875986871850759,9.803292149167692,0.3857594766511092,True,Cruise
1,347,1675388587.8677053,49.65022896561886,0.004663613791748555,False,False,False,False,100000,False,True,False,0.5835492393448942,0.3554271326054471,9.832043626719429,0.20094111419196417,True,Cruise
1,348,1675388587.990048,49.65022896561886,0.004663613791748555,False,False,False,False,100000,False,True,False,0.4216018676121195,0.32066853315538874,9.855491464812534,0.16728691687673486,True,Cruise
1,349,1675388588.0865016,49.810270734365155,0.0025297235417979826,False,False,False,False,100000,False,True,False,0.32019521630946474,0.23385422610988393,9.879625801727496,0.059622491011117856,True,Cruise
1,350,1675388588.1858702,49.810270734365155,0.0025297235417979826,False,False,False,False,100000,False,True,False,0.32019521630946474,0.23385422610988393,9.879625801727496,0.059622491011117856,True,Cruise
1,351,1675388588.2784603,49.95697525853174,0.0005736632195767966,False,False,False,False,100000,False,True,False,0.32019521630946474,0.23385422610988393,9.879625801727496,0.9101353627506741,True,Cruise
1,352,1675388588.3739946,49.95697525853174,0.0005736632195767966,False,False,False,False,100000,False,True,False,1.2767829727635238,0.14731771657680487,9.80381560933727,0.08570656707249245,True,Cruise
1,353,1675388588.4738936,49.95697525853174,0.0005736632195767966,False,False,False,False,100000,False,True,False,1.2767829727635238,0.14731771657680487,9.80381560933727,0.08570656707249245,True,Cruise
1,354,1675388588.5675895,49.95697525853174,0.0005736632195767966,False,False,False,False,100000,False,True,False,1.451767705889266,0.10474475904876167,9.807387820264173,0.08570656707249245,True,Cruise
1,355,1675388588.668096,49.97564450196052,0.00032473997385969823,False,False,False,False,100000,False,True,False,1.451767705889266,0.10474475904876167,9.807387820264173,0.08570656707249245,True,Cruise
1,356,1675388588.7679732,49.97564450196052,0.00032473997385969823,False,False,False,False,100000,False,True,False,0.8833999701104582,0.09923910450414292,9.865327722952868,0.19578945006162146,True,Cruise
1,357,1675388588.8675997,49.94103755876056,-0.0007861658831924338,False,False,False,False,100000,False,True,False,0.8833999701104582,0.09923910450414292,9.865327722952868,0.19578945006162146,True,Cruise
1,358,1675388588.9675884,49.94103755876056,-0.0007861658831924338,False,False,False,False,100000,False,True,False,0.47617385712805155,0.06931935503886325,9.900622360893598,0.16948439017650468,True,Cruise
1,359,1675388589.0677125,49.94103755876056,-0.0007861658831924338,False,False,False,False,100000,False,True,False,0.47617385712805155,0.06931935503886325,9.900622360893598,0.34291264173372,True,Cruise
1,360,1675388589.1676795,49.90864953053377,-0.0012180062595497456,False,False,False,False,100000,False,True,False,0.10093146564736274,0.01930174648026553,9.921126788977768,0.038987760701373,True,Cruise
1,361,1675388589.2861214,49.90864953053377,-0.0012180062595497456,False,False,False,False,100000,False,True,False,0.10093146564736274,0.01930174648026553,9.921126788977768,0.038987760701373,True,Cruise
1,362,1675388589.3836873,49.90864953053377,-0.0012180062595497456,False,False,False,False,100000,False,True,False,-0.015524182592584729,-0.031480806551489014,9.899912546009027,0.12880539508943759,True,Cruise
1,363,1675388589.4784057,49.90864953053377,-0.0012180062595497456,False,False,False,False,100000,False,True,False,-0.015524182592584729,-0.031480806551489014,9.899912546009027,0.06062268825500807,True,Cruise
1,364,1675388589.574176,49.878494362813676,-0.001620075162484348,False,False,False,False,100000,False,True,False,0.04067027910896699,-0.04627508085719452,9.88263764360397,0.06062268825500807,True,Cruise
1,365,1675388589.6742823,49.878494362813676,-0.001620075162484348,False,False,False,False,100000,False,True,False,0.04067027910896699,-0.04627508085719452,9.88263764360397,0.04232134579411954,True,Cruise
1,366,1675388589.767591,49.77586140604466,-0.002988514586071125,False,False,False,False,100000,False,True,False,0.07759232958873764,-0.08626166803189178,9.842828918914867,0.021860415941705208,True,Cruise
1,367,1675388589.8675969,49.77586140604466,-0.002988514586071125,False,False,False,False,100000,False,True,False,0.07759232958873764,-0.08626166803189178,9.842828918914867,0.019842688592415895,True,Cruise
1,368,1675388589.9677446,49.77586140604466,-0.002988514586071125,False,False,False,False,100000,False,True,False,-0.81664399812917,-0.11506895020614147,9.916754933440563,0.8977491436589229,True,Cruise
1,369,1675388590.0679014,49.80716458292833,-0.002571138894288927,False,False,False,False,100000,False,True,False,-0.8275575500003199,-0.13923671954842065,9.892130506596581,0.0361876924771461,True,Cruise
1,370,1675388590.1676276,49.80716458292833,-0.002571138894288927,False,False,False,False,100000,False,True,False,-0.8275575500003199,-0.13923671954842065,9.892130506596581,0.0361876924771461,True,Cruise
1,371,1675388590.2676969,49.80716458292833,-0.002571138894288927,False,False,False,False,100000,False,True,False,-0.32751904096257334,-0.14743145413400324,9.800575792195962,0.5084170826443577,True,Cruise
1,372,1675388590.3898926,49.80728066140943,-0.0025695911812076058,False,False,False,False,100000,False,True,False,-0.027331181673991553,-0.1567181698666387,9.760343231337474,0.5084170826443577,True,Cruise
1,373,1675388590.486075,49.80728066140943,-0.0025695911812076058,False,False,False,False,100000,False,True,False,-0.027331181673991553,-0.1567181698666387,9.760343231337474,0.025215769428528427,True,Cruise
1,374,1675388590.582406,49.67097110060284,-0.004387051991962113,False,False,False,False,100000,False,True,False,-0.049974967933816776,-0.17671729849795792,9.74838515806815,0.025215769428528427,True,Cruise
1,375,1675388590.678018,49.67097110060284,-0.004387051991962113,False,False,False,False,100000,False,True,False,-0.049974967933816776,-0.17671729849795792,9.74838515806815,0.04501035130642859,True,Cruise
1,376,1675388590.7739098,49.67097110060284,-0.004387051991962113,False,False,False,False,100000,False,True,False,-0.10786894076514084,-0.18412781656149296,9.747531690189883,0.05837256440814727,True,Cruise
1,377,1675388590.8717673,49.80121017490352,-0.0026505310012864968,False,False,False,False,100000,False,True,False,-0.10786894076514084,-0.18412781656149296,9.747531690189883,0.9319040206366701,True,Cruise
1,378,1675388590.9676297,49.80121017490352,-0.0026505310012864968,False,False,False,False,100000,False,True,False,-1.058238998985044,-0.22887888700234985,9.815507143574578,0.0365174066811375,True,Cruise
1,379,1675388591.0677607,49.80121017490352,-0.0026505310012864968,False,False,False,False,100000,False,True,False,-1.058238998985044,-0.22887888700234985,9.815507143574578,0.0365174066811375,True,Cruise
