repetition,iteration,time,speed,steering,obstacle_North,obstacle_NorthWest,obstacle_SouthWest,obstacle_West,obstacle_distance,follow_enable,steady_motion_enable,passing_start,accel_x,accel_y,accel_z,accel_diff,success,action
1,1,1675394710.0066211,0.0,0.0,False,True,False,False,100000,False,True,False,0.04358066990337779,-2.2513100689972225e-14,9.809903645025193,8.507112633722943e-05,True,Cruise
1,2,1675394710.0068154,0.0,0.0,False,True,False,False,100000,False,True,False,0.04358066990337779,-2.2513100689972225e-14,9.809903645025193,8.507112633722943e-05,True,Cruise
1,3,1675394710.1070223,0.0,0.0,False,True,False,False,100000,False,True,False,0.043761305868267555,1.0118096904877369e-13,9.810065919018275,0.00024282133481725131,True,Cruise
1,4,1675394710.2070632,0.0,0.0,False,True,False,False,100000,False,True,False,0.04382527476580056,2.917175267840979e-15,9.810106233146717,7.561249105588909e-05,True,Cruise
1,5,1675394710.307159,49.39512575372663,0.0080649899503116,False,True,False,False,100000,False,True,False,0.043889148649475504,3.84334730694629e-13,9.810139614648099,7.207078222290485e-05,True,Cruise
1,6,1675394710.4069874,49.767534911445004,0.003099534514066621,False,True,False,False,100000,False,True,False,1.9387671729437312,-0.011301336814108595,9.643494015185407,0.9113527159135586,True,Cruise
1,7,1675394710.5070477,49.74293325712467,0.0034275565716711445,False,True,False,False,100000,False,True,False,2.614319620545723,0.006556786500838851,9.598700015199162,0.6772713816958024,True,Cruise
1,8,1675394710.606946,49.71927760127928,0.0037429653162762613,False,True,False,False,100000,False,True,False,3.3314098551809677,0.003116699778433447,9.580093838053326,0.71733982785976,True,Cruise
1,9,1675394710.7070067,49.72069507721304,0.003724065637159453,False,True,False,False,100000,False,True,False,3.604312454044896,0.0025820774695521054,9.613104032574235,0.11165645434250099,True,Cruise
1,10,1675394710.8070445,49.672878299999,0.00436162266667995,False,True,False,False,100000,False,True,False,3.792893457504158,0.003016379918698881,9.659238036476088,0.09827985240668098,True,Cruise
1,11,1675394710.906993,49.71250971090286,0.003833203854628577,False,True,False,False,100000,False,True,False,3.896806019814594,0.003014469445737232,9.682237588961515,0.11301385068596813,True,Cruise
1,12,1675394711.0069864,49.68524164655703,0.004196778045906228,False,True,False,False,100000,False,True,False,4.120149491034287,0.006026771714579653,9.726445223416833,0.11477371148197167,True,Cruise
1,13,1675394711.107094,49.72544162344929,0.003660778354009448,False,True,False,False,100000,False,True,False,4.417794508987371,0.005276578620726358,9.789529917581149,0.09096774514673178,True,Cruise
1,14,1675394711.2070105,49.66953569023689,0.004406190796841426,False,True,False,False,100000,False,True,False,4.553866761050635,0.008162786258034613,9.828647631256157,0.06393226292964425,True,Cruise
1,15,1675394711.306984,49.66953569023689,0.004406190796841426,False,True,False,False,100000,False,True,False,4.634387276410653,0.003578963230685132,9.863117370029876,0.03747164790093499,True,Cruise
1,16,1675394711.4071147,49.65687837558831,0.004574954992155836,False,True,False,False,100000,False,True,False,4.655340650915323,0.007491045152274683,9.877925302216301,0.02595425097613039,True,Cruise
1,17,1675394711.5071244,49.65687837558831,0.004574954992155836,False,True,False,False,100000,False,True,False,4.664645175290721,0.009036762803396497,9.890812652551821,0.015970197731392636,True,Cruise
1,18,1675394711.6069665,49.682369393146374,0.004235074758048304,False,True,False,False,100000,False,True,False,4.605544647912961,0.010170938021628785,9.920513847347353,0.04100815491372114,True,Cruise
1,19,1675394711.7069411,49.682369393146374,0.004235074758048304,False,True,False,False,100000,False,True,False,4.605544647912961,0.010170938021628785,9.920513847347353,0.0336947979181367,True,Cruise
1,20,1675394711.807014,49.7338673800604,0.0035484349325279538,False,True,False,False,100000,False,True,False,4.489511836808357,0.009290055325814173,9.919047387050536,0.04344791488436794,True,Cruise
1,21,1675394711.9071512,49.7338673800604,0.0035484349325279538,False,True,False,False,100000,False,True,False,4.394004790878429,0.006391435692401711,9.907822600293015,0.049666492074508704,True,Cruise
1,22,1675394712.0072455,49.717348996840144,0.003768680042131391,False,False,False,False,100000,False,True,False,4.394004790878429,0.006391435692401711,9.907822600293015,0.1022629644132113,True,Cruise
1,23,1675394712.1072018,49.717348996840144,0.003768680042131391,False,False,False,False,100000,False,True,False,4.243300310785185,0.007686988112250239,9.878874228232087,0.05025674612839615,True,Cruise
1,24,1675394712.207024,49.707295938537534,0.003902720819499589,False,False,False,False,100000,False,True,False,4.103281220543331,0.008310992527119775,9.84053562912982,0.04635074523541453,True,Cruise
1,25,1675394712.3071063,49.707295938537534,0.003902720819499589,False,False,False,False,100000,False,True,False,4.061924793939914,0.007716412285456776,9.826756663487915,0.04359549794678777,True,Cruise
1,26,1675394712.407044,49.83714168021495,0.0021714442638007306,False,False,False,False,100000,False,True,False,3.9897497608103607,0.013102471765075367,9.79908333909639,0.03722766764454342,True,Cruise
1,27,1675394712.507089,49.83714168021495,0.0021714442638007306,False,False,False,False,100000,False,True,False,3.9897497608103607,0.013102471765075367,9.79908333909639,0.03722766764454342,True,Cruise
1,28,1675394712.6071086,49.73431323094097,0.003542490254120424,False,False,False,False,100000,False,True,False,3.9112981156219426,0.0001943731139662971,9.760399469110128,0.02122582414614385,True,Cruise
1,29,1675394712.7072403,49.83916771845692,0.0021444304205744244,False,False,False,False,100000,False,True,False,3.879601404557151,-0.0026811789788922184,9.738542638824612,0.017653919085365125,True,Cruise
1,30,1675394712.8071654,49.83916771845692,0.0021444304205744244,False,False,False,False,100000,False,True,False,3.8610950225557557,0.0012981879210299183,9.714107771781354,0.00786442811451571,True,Cruise
1,31,1675394712.907072,49.83916771845692,0.0021444304205744244,False,False,False,False,100000,False,True,False,3.861834056389406,0.0004234577679664909,9.708472780090476,0.005750170015244543,True,Cruise
1,32,1675394713.0071347,49.83916771845692,0.0021444304205744244,False,False,False,False,100000,False,True,False,3.861834056389406,0.0004234577679664909,9.708472780090476,0.005750170015244543,True,Cruise
1,33,1675394713.1070633,49.76841352343802,0.003087819687493041,False,False,False,False,100000,False,True,False,3.880720103863534,0.0010591191733834565,9.699368444068707,0.020975599848744166,True,Cruise
1,34,1675394713.2070484,49.76841352343802,0.003087819687493041,False,False,False,False,100000,False,True,False,3.903928509141415,0.0015905618142145336,9.6995136958263,0.012461452962392714,True,Cruise
1,35,1675394713.3070343,49.76841352343802,0.003087819687493041,False,False,False,False,100000,False,True,False,3.9324805542175527,0.004846083168702646,9.70403421327179,0.016101018249261655,True,Cruise
1,36,1675394713.4070225,49.77749274488004,0.0029667634015994137,False,False,False,False,100000,False,True,False,3.9638256047057445,0.00808508981762734,9.71216720690896,0.01650360577698696,True,Cruise
1,37,1675394713.507014,49.77749274488004,0.0029667634015994137,False,False,False,False,100000,False,True,False,3.9638256047057445,0.00808508981762734,9.71216720690896,0.05027238637690806,True,Cruise
1,38,1675394713.60722,49.77749274488004,0.0029667634015994137,False,False,False,False,100000,False,True,False,4.0111410407618635,0.008668130690447076,9.72914432109804,0.016228694959127102,True,Cruise
1,39,1675394713.7070956,49.730878209651166,0.003588290537984464,False,False,False,False,100000,False,True,False,4.053351899217394,0.010318804880380306,9.74894798361761,0.014826240966330036,True,Cruise
1,40,1675394713.8074088,49.730878209651166,0.003588290537984464,False,False,False,False,100000,False,True,False,4.076508850505227,0.009645963863975508,9.762173358384684,0.012867246271990502,True,Cruise
1,41,1675394713.907049,49.730878209651166,0.003588290537984464,False,False,False,False,100000,False,True,False,4.086280876382855,0.013818626811268208,9.768485884526111,0.019699652560035513,True,Cruise
1,42,1675394714.0070064,49.759639380661,0.003204808257853262,False,False,False,False,100000,False,True,False,4.107937122877309,0.016424031829175394,9.785224198979767,0.007849544676458365,True,Cruise
1,43,1675394714.1069741,49.759639380661,0.003204808257853262,False,False,False,False,100000,False,True,False,4.116004233613794,0.017778888244073143,9.793942213508494,0.005473370346535092,True,Cruise
1,44,1675394714.2069464,49.759639380661,0.003204808257853262,False,False,False,False,100000,False,True,False,4.118237579875171,0.015629963091889704,9.797445157326017,0.005473370346535092,True,Cruise
1,45,1675394714.3069856,49.804398931351095,0.0026080142486520365,False,False,False,False,100000,False,True,False,4.1184897506512534,0.015038361969893915,9.804347403810008,0.0019371135859543099,True,Cruise
1,46,1675394714.4069612,49.804398931351095,0.0026080142486520365,False,False,False,False,100000,False,True,False,4.1184897506512534,0.015038361969893915,9.804347403810008,0.007960217740786469,True,Cruise
1,47,1675394714.5069325,49.804398931351095,0.0026080142486520365,False,False,False,False,100000,False,True,False,4.107222807073942,0.011041464274691496,9.805471505410667,0.004364932185228032,True,Cruise
1,48,1675394714.6069663,49.722122986817546,0.0037050268424327244,False,False,False,False,100000,False,True,False,4.093590998889128,0.0071577567160526,9.801340311244816,0.006074841180930506,True,Cruise
1,49,1675394714.7069376,49.722122986817546,0.0037050268424327244,False,False,False,False,100000,False,True,False,4.083471407615496,0.017408769834778688,9.796926319153703,0.006454015037434068,True,Cruise
1,50,1675394714.8069677,49.722122986817546,0.0037050268424327244,False,False,False,False,100000,False,True,False,4.083471407615496,0.017408769834778688,9.796926319153703,0.006454015037434068,True,Cruise
1,51,1675394714.9069865,49.75350471620242,0.0032866037839677105,False,False,False,False,100000,False,True,False,4.068611031421896,0.01777237559287108,9.788871853166224,0.016906726830055042,True,Cruise
1,52,1675394715.0069852,49.75350471620242,0.0032866037839677105,False,False,False,False,100000,False,True,False,4.064012997224432,0.019270566990769948,9.786018277260979,0.005642571889138753,True,Cruise
1,53,1675394715.10695,49.77204947619791,0.0030393403173612638,False,False,False,False,100000,False,True,False,4.055680534208936,0.01638269671423891,9.780350948111096,0.00494272920829015,True,Cruise
1,54,1675394715.2069547,49.77204947619791,0.0030393403173612638,False,False,False,False,100000,False,True,False,4.052004841583898,0.01681265656873904,9.777625877540688,0.004595823252035315,True,Cruise
1,55,1675394715.3069398,49.77204947619791,0.0030393403173612638,False,False,False,False,100000,False,True,False,4.0411493596765915,0.01797634645951849,9.76825837987055,0.006331773600691748,True,Cruise
1,56,1675394715.4069405,49.7706600240179,0.0030578663464280184,False,False,False,False,100000,False,True,False,4.039447448598799,0.017348143177172395,9.766426698114538,0.0020609396695770344,True,Cruise
1,57,1675394715.5069728,49.7706600240179,0.0030578663464280184,False,False,False,False,100000,False,True,False,4.0372163849825204,0.017470164151339097,9.76348743437234,0.0020609396695770344,True,Cruise
1,58,1675394715.6069996,49.7706600240179,0.0030578663464280184,False,False,False,False,100000,False,True,False,4.036444764193019,0.017802801084030276,9.761548444538624,0.0009011088191842599,True,Cruise
1,59,1675394715.706968,49.782956839459246,0.002893908807210017,False,False,False,False,100000,False,True,False,4.036952561104571,0.01801276873594762,9.760592590236751,0.0005432385398796627,True,Cruise
1,60,1675394715.8069599,49.782956839459246,0.002893908807210017,False,False,False,False,100000,False,True,False,4.036952561104571,0.01801276873594762,9.760592590236751,0.0026947789885498072,True,Cruise
1,61,1675394715.9069898,49.782956839459246,0.002893908807210017,False,False,False,False,100000,False,True,False,4.040883891437894,0.017275641194309473,9.761284975213137,0.001406454158772804,True,Cruise
1,62,1675394716.007041,49.77614324413086,0.002984756744921884,False,False,False,False,100000,False,True,False,4.045361602016052,0.017946655379677975,9.763536639340408,0.0018263820723930166,True,Cruise
1,63,1675394716.1069584,49.77614324413086,0.002984756744921884,False,False,False,False,100000,False,True,False,4.046978769554001,0.017975589476575828,9.76450573575425,0.0018855280128073496,True,Cruise
1,64,1675394716.206932,49.77614324413086,0.002984756744921884,False,False,False,False,100000,False,True,False,4.048608601442086,0.018931435910178224,9.76554772222905,0.002157714114917464,True,Cruise
1,65,1675394716.3070064,49.74719714012467,0.003370704798337742,False,False,False,False,100000,False,True,False,4.053358013305926,0.020354800351731095,9.768895997924997,0.005982794457603587,True,Cruise
1,66,1675394716.4069638,49.74719714012467,0.003370704798337742,False,False,False,False,100000,False,True,False,4.057451263847141,0.025068828716720223,9.772179939632586,0.002638018215857614,True,Cruise
1,67,1675394716.5069597,49.74719714012467,0.003370704798337742,False,False,False,False,100000,False,True,False,4.058609976994434,0.02602853319016437,9.773183548013105,0.0018085570534284705,True,Cruise
1,68,1675394716.6070142,49.78197280800925,0.0029070292265433043,False,False,False,False,100000,False,True,False,4.060570781358488,0.027230379866996487,9.774980117804887,0.0013942371989118462,True,Cruise
1,69,1675394716.7069442,49.78197280800925,0.0029070292265433043,False,False,False,False,100000,False,True,False,4.06258526341948,0.025212288451911022,9.777026678413607,0.0014446421733951046,True,Cruise
1,70,1675394716.806992,49.79243486863202,0.0027675350849064345,False,False,False,False,100000,False,True,False,4.06258526341948,0.025212288451911022,9.777026678413607,0.0014446421733951046,True,Cruise
1,71,1675394716.907053,49.79243486863202,0.0027675350849064345,False,False,False,False,100000,False,True,False,4.063429710341032,0.02635156747878311,9.778212392023187,0.00032914461032687424,True,Cruise
1,72,1675394717.0069711,49.79243486863202,0.0027675350849064345,False,False,False,False,100000,False,True,False,4.063417587416315,0.027095050831933556,9.77852903609369,0.0005051421198244087,True,Cruise
1,73,1675394717.1069791,49.84818869973333,0.002024150670222235,False,False,False,False,100000,False,True,False,4.063272683146528,0.02598508279217437,9.778555114712114,0.0011196903103216423,True,Cruise
1,74,1675394717.206973,49.84818869973333,0.002024150670222235,False,False,False,False,100000,False,True,False,4.06236586233268,0.027293277828016514,9.778180719591175,0.0021705229790226813,True,Cruise
1,75,1675394717.3070312,49.84818869973333,0.002024150670222235,False,False,False,False,100000,False,True,False,4.061973156330844,0.021323191643894592,9.777926002481468,0.003374274102651295,True,Cruise
1,76,1675394717.407014,49.7627596874512,0.0031632041673172765,False,False,False,False,100000,False,True,False,4.060512234835237,0.01687473903406619,9.77690413034421,0.001133861273780207,True,Cruise
1,77,1675394717.5069911,49.7627596874512,0.0031632041673172765,False,False,False,False,100000,False,True,False,4.059970998395273,0.01676500220845409,9.776504186634641,0.0036002605753641167,True,Cruise
1,78,1675394717.6069548,49.7627596874512,0.0031632041673172765,False,False,False,False,100000,False,True,False,4.05942076498785,0.013231481297743625,9.77608783416203,0.014139635558829067,True,Cruise
1,79,1675394717.706913,49.87282908557722,0.0016956121923037517,False,False,False,False,100000,False,True,False,4.057239454142177,0.029070718104036292,9.7744101144311,0.0007349537911195273,True,Cruise
1,80,1675394717.807047,49.87282908557722,0.0016956121923037517,False,False,False,False,100000,False,True,False,4.056434005563019,0.0225024088599985,9.773634917038555,0.011326776382720252,True,Cruise
1,81,1675394717.90712,49.87282908557722,0.0016956121923037517,False,False,False,False,100000,False,True,False,4.056099159134604,0.016823877208529264,9.773284445006897,0.00569918191430439,True,Cruise
1,82,1675394718.0069828,49.831183186852776,0.0022508908419630047,False,False,False,False,100000,False,True,False,4.055483546182216,0.017239878748594947,9.772682448069586,0.0010946623811187949,True,Cruise
1,83,1675394718.1069622,49.831183186852776,0.0022508908419630047,False,False,False,False,100000,False,True,False,4.054790724471787,0.021368234019227744,9.77204847254906,0.004233821456276861,True,Cruise
1,84,1675394718.2069542,49.831183186852776,0.0022508908419630047,False,False,False,False,100000,False,True,False,4.054536752420955,0.024009160602294743,9.771806717662537,0.00037799982798022037,True,Cruise
1,85,1675394718.3069701,49.95521536619966,0.000597128450671216,False,False,False,False,100000,False,True,False,4.054482338032865,0.023824546170436278,9.77173738192343,0.00020457482445104287,True,Cruise
1,86,1675394718.4070694,49.95521536619966,0.000597128450671216,False,False,False,False,100000,False,True,False,4.05456142213341,0.014368954525121292,9.771689111282415,0.014167928726964735,True,Cruise
1,87,1675394718.507095,49.95521536619966,0.000597128450671216,False,False,False,False,100000,False,True,False,4.054659188983642,0.0064270363529976,9.771710128534828,0.007942547723156085,True,Cruise
1,88,1675394718.6071153,49.939015921903376,0.0008131210412883662,False,False,False,False,100000,False,True,False,4.0549901670811535,0.004345858091952577,9.771933471731517,0.002119134643854859,True,Cruise
1,89,1675394718.7070312,49.9988180236839,1.575968421467077e-05,False,False,False,False,100000,False,True,False,4.055269204488934,0.003915335016396715,9.772179608095476,0.000239412702172559,True,Cruise
1,90,1675394718.806969,49.89389711874658,-0.0014147050833788603,False,False,False,False,100000,False,True,False,4.055428419884342,0.0038061810431206317,9.772321221336187,0.0015133730898709479,True,Cruise
1,91,1675394718.906973,49.87242672962466,-0.00170097693833791,False,False,False,False,100000,False,True,False,4.0557993797170715,-0.0002850472199496145,9.772623571747738,0.005592918780566916,True,Cruise
1,92,1675394719.006977,49.735048725577535,-0.003532683658966233,False,False,False,False,100000,False,True,False,4.056009791845365,-0.011025070893792295,9.772778334766132,0.010743199401030237,True,Cruise
1,93,1675394719.1069613,49.72080709240325,-0.003722572101289953,False,False,False,False,100000,False,True,False,4.056677378219166,0.003548187745584577,9.773388590911702,0.022753724881629488,True,Cruise
1,94,1675394719.2069836,49.707936251906055,-0.0038941833079192954,False,False,False,False,100000,False,True,False,4.056960725916638,-0.05482752008349584,9.77364973191123,0.025497532633258133,True,Cruise
1,95,1675394719.306967,49.706693804617395,-0.003910749271768106,False,False,False,False,100000,False,True,False,4.056960725916638,-0.05482752008349584,9.77364973191123,0.025497532633258133,True,Cruise
1,96,1675394719.4069269,49.706693804617395,-0.003910749271768106,False,False,False,False,100000,False,True,False,4.0571741976560105,-0.07151053173012883,9.773964309301174,0.0025386833225938088,True,Cruise
1,97,1675394719.50707,49.706693804617395,-0.003910749271768106,False,False,False,False,100000,False,True,False,4.0571741976560105,-0.07151053173012883,9.773964309301174,0.0025386833225938088,True,Cruise
1,98,1675394719.6069791,49.72007439430506,-0.0037323414092659216,False,False,False,False,100000,False,True,False,4.0571741976560105,-0.07151053173012883,9.773964309301174,0.010502486772513633,True,Cruise
1,99,1675394719.7069848,49.72007439430506,-0.0037323414092659216,False,False,False,False,100000,False,True,False,4.057321997879099,-0.08887690753128093,9.774213184935293,0.003150980896215034,True,Cruise
1,100,1675394719.8071299,49.75751777442364,-0.0032330963410181386,False,False,False,False,100000,False,True,False,4.057314946213062,-0.09342114696396694,9.774221702577202,0.0002211315096793949,True,Cruise
1,101,1675394719.907043,49.75751777442364,-0.0032330963410181386,False,False,False,False,100000,False,True,False,4.057299142286338,-0.09124161977173123,9.77418519582299,0.0019590954415761867,True,Cruise
1,102,1675394720.0069747,49.72586124962703,-0.0036551833383062448,False,False,False,False,100000,False,True,False,4.057233168032082,-0.08145903470699802,9.774070151867038,0.002023713688287972,True,Cruise
1,103,1675394720.1069822,49.72586124962703,-0.0036551833383062448,False,False,False,False,100000,False,True,False,4.057182036903817,-0.07823370017130862,9.774022067082818,0.0032260981705245465,True,Cruise
1,104,1675394720.2069447,49.257354325058124,0.00990194233255839,False,False,False,False,100000,False,True,False,4.057016587835137,-0.07985069044009414,9.77391990063048,0.001950413770349984,True,Cruise
1,105,1675394720.3069336,49.257354325058124,0.00990194233255839,False,False,False,False,100000,False,True,False,4.057581068479528,0.021544690241983955,9.773680805394163,0.1358747035025712,True,Cruise
1,106,1675394720.4070013,49.257354325058124,0.00990194233255839,False,False,False,False,100000,False,True,False,4.057463989868535,0.13654418925070175,9.773587423121514,0.11499959652062298,True,Cruise
1,107,1675394720.506982,49.61670361099086,0.005110618520121914,False,False,False,False,100000,False,True,False,4.057027029516626,0.14845402765429289,9.773571601964132,0.012526131427194692,True,Cruise
1,108,1675394720.606967,49.61670361099086,0.005110618520121914,False,False,False,False,100000,False,True,False,4.056105436827531,0.1927783502772916,9.77353903449391,0.03181048369643938,True,Cruise
1,109,1675394720.707054,49.61670361099086,0.005110618520121914,False,False,False,False,100000,False,True,False,4.056167373615773,0.15988078903425898,9.773440896986507,0.011292500821384657,True,Cruise
1,110,1675394720.8070374,49.8416457964637,0.0021113893804839473,False,False,False,False,100000,False,True,False,4.056212937156748,0.18578206541314526,9.773369594666248,0.014608939218162259,True,Cruise
1,111,1675394720.906972,49.8416457964637,0.0021113893804839473,False,False,False,False,100000,False,True,False,4.056212937156748,0.18578206541314526,9.773369594666248,0.014608939218162259,True,Cruise
1,112,1675394721.0069542,49.77659459903369,-0.002978738679550817,False,False,False,False,100000,False,True,False,4.056636012854629,0.1496763620098074,9.77327059226811,0.010316839407670869,True,Cruise
1,113,1675394721.1069725,49.77659459903369,-0.002978738679550817,False,False,False,False,100000,False,True,False,4.056629372691406,0.14551754374717965,9.773272285478459,0.008567919568431432,True,Cruise
1,114,1675394721.206965,49.77659459903369,-0.002978738679550817,False,False,False,False,100000,False,True,False,4.057044641793585,0.03340740619652935,9.773253631687666,0.025804512590264034,True,Cruise
1,115,1675394721.3069718,49.74121800378537,-0.0034504266161950754,False,False,False,False,100000,False,True,False,4.057050125186946,0.007602899237378286,9.773269773206083,0.025804512590264034,True,Cruise
1,116,1675394721.4069533,49.74121800378537,-0.0034504266161950754,False,False,False,False,100000,False,True,False,4.057050125186946,0.007602899237378286,9.773269773206083,0.025804512590264034,True,Cruise
1,117,1675394721.5069563,49.68181021809958,-0.004242530425338908,False,False,False,False,100000,False,True,False,4.056753462832543,-0.07427451550049173,9.773380600594736,0.01955142783854609,True,Cruise
1,118,1675394721.6070976,49.68181021809958,-0.004242530425338908,False,False,False,False,100000,False,True,False,4.056704605352971,-0.09382586225966429,9.773408589434615,0.016828097715325917,True,Cruise
1,119,1675394721.7071571,49.68181021809958,-0.004242530425338908,False,False,False,False,100000,False,True,False,4.056649950213669,-0.13418044533837076,9.773484689007363,0.017388143163303556,True,Cruise
1,120,1675394721.8070846,49.67642556038174,-0.004314325861576813,False,False,False,False,100000,False,True,False,4.056619232350205,-0.15156854449030535,9.773508916324504,0.017388143163303556,True,Cruise
1,121,1675394721.9070165,49.67642556038174,-0.004314325861576813,False,False,False,False,100000,False,True,False,4.056557154601342,-0.17148582725563005,9.773567443394981,0.017388143163303556,True,Cruise
1,122,1675394722.0070364,49.647061670058704,-0.0047058443992172225,False,False,False,False,100000,False,True,False,4.0565297792456665,-0.17272212618360344,9.773593637905972,0.00016485118704394482,True,Cruise
1,123,1675394722.1070042,49.647061670058704,-0.0047058443992172225,False,False,False,False,100000,False,True,False,4.056519957308236,-0.17113255744492709,9.773602643275783,0.001589624591567919,True,Cruise
1,124,1675394722.207039,49.647061670058704,-0.0047058443992172225,False,False,False,False,100000,False,True,False,4.056464018351104,-0.16363843867251146,9.773617960530164,6.130846759351931e-05,True,Cruise
1,125,1675394722.3070505,49.6046029785887,-0.005271960285483954,False,False,False,False,100000,False,True,False,4.056464018351104,-0.16363843867251146,9.773617960530164,6.130846759351931e-05,True,Cruise
1,126,1675394722.4070446,49.6046029785887,-0.005271960285483954,False,False,False,False,100000,False,True,False,4.0563900764312075,-0.14770901120023192,9.773607908914013,0.004388537566252756,True,Cruise
1,127,1675394722.5069637,49.6046029785887,-0.005271960285483954,False,False,False,False,100000,False,True,False,4.056320674893642,-0.14062345978552898,9.773589173756447,0.005541959493422318,True,Cruise
1,128,1675394722.6069334,49.62377763887304,-0.005016298148359465,False,False,False,False,100000,False,True,False,4.056250460928012,-0.14134851058143774,9.7735734218753,0.00036882384137403224,True,Cruise
1,129,1675394722.7069912,49.62377763887304,-0.005016298148359465,False,False,False,False,100000,False,True,False,4.056250460928012,-0.14134851058143774,9.7735734218753,0.00036882384137403224,True,Cruise
1,130,1675394722.8069563,49.64164095311551,-0.004778120625126492,False,False,False,False,100000,False,True,False,4.056308685335118,-0.13349339903663687,9.773534778395934,0.0002886351247715181,True,Cruise
1,131,1675394722.9069252,49.64164095311551,-0.004778120625126492,False,False,False,False,100000,False,True,False,4.056329976652257,-0.13521772425609518,9.77351372028799,0.001756003619142588,True,Cruise
1,132,1675394723.0069752,49.64164095311551,-0.004778120625126492,False,False,False,False,100000,False,True,False,4.056365786198403,-0.13346212570392751,9.77350188346099,0.0006986552553107295,True,Cruise
1,133,1675394723.106975,49.66064182716665,-0.004524775637777981,False,False,False,False,100000,False,True,False,4.0564213274424645,-0.1343646746703282,9.773479016354516,0.0010384649086341517,True,Cruise
1,134,1675394723.2069952,49.66064182716665,-0.004524775637777981,False,False,False,False,100000,False,True,False,4.0564213274424645,-0.1343646746703282,9.773479016354516,5.479702089432572e-05,True,Cruise
1,135,1675394723.3070147,49.59444804249216,-0.005407359433437856,False,False,False,False,100000,False,True,False,4.05652054965774,-0.13395185320777966,9.773461689014301,0.000408718740706981,True,Cruise
1,136,1675394723.406983,49.59444804249216,-0.005407359433437856,False,False,False,False,100000,False,True,False,4.056543285519389,-0.13562612602249866,9.77346209203961,0.0008432664769813687,True,Cruise
1,137,1675394723.5070014,49.59444804249216,-0.005407359433437856,False,False,False,False,100000,False,True,False,4.0564420376900685,-0.14483306580542124,9.7734770722085,0.010992421137971465,True,Cruise
1,138,1675394723.6069767,49.62790015019231,-0.004961331330769175,False,False,False,False,100000,False,True,False,4.056369032934513,-0.15229885859816303,9.77348483781993,0.007466153763699876,True,Cruise
1,139,1675394723.7070732,49.62790015019231,-0.004961331330769175,False,False,False,False,100000,False,True,False,4.05640376353363,-0.15553040359235115,9.773483349955756,0.0032317319625422406,True,Cruise
1,140,1675394723.8069954,49.62790015019231,-0.004961331330769175,False,False,False,False,100000,False,True,False,4.056464416669497,-0.1548482653533331,9.773479933507957,0.002017384165110235,True,Cruise
1,141,1675394723.9070094,49.698852876122544,-0.004015294985032728,False,False,False,False,100000,False,True,False,4.056525422524418,-0.15972938301980555,9.773480016210277,0.005425594533639531,True,Cruise
1,142,1675394724.0069823,49.698852876122544,-0.004015294985032728,False,False,False,False,100000,False,True,False,4.0566703711963,-0.1560825125812604,9.773472740513956,0.009073433576566918,True,Cruise
1,143,1675394724.106932,49.59832664427563,-0.005355644742991608,False,False,False,False,100000,False,True,False,4.056758011338566,-0.15036203596448572,9.77347054708279,0.005721148340040021,True,Cruise
1,144,1675394724.2069902,49.59832664427563,-0.005355644742991608,False,False,False,False,100000,False,True,False,4.25173651986216,0.0435000088046447,9.770022737354001,0.12497541874571215,True,Cruise
1,145,1675394724.3069394,49.59832664427563,-0.005355644742991608,False,False,False,False,100000,False,True,False,4.199902683329442,-0.05214061840129633,9.77439231822221,0.0772303407050979,True,Cruise
1,146,1675394724.4069421,49.72959798966732,-0.0036053601377690598,False,False,False,False,100000,False,True,False,4.109650798196667,-0.14400837747960377,9.78105102776574,0.05188122010996949,True,Cruise
1,147,1675394724.506991,49.72959798966732,-0.0036053601377690598,False,False,False,False,100000,False,True,False,4.070154773895828,-0.17782984817009082,9.782276081005243,0.0070108465540694885,True,Cruise
1,148,1675394724.606971,49.89387724397782,0.0014149700802957214,False,False,False,False,100000,False,True,False,4.070154773895828,-0.17782984817009082,9.782276081005243,0.05665811795885947,True,Cruise
1,149,1675394724.7069428,49.89387724397782,0.0014149700802957214,False,False,False,False,100000,False,True,False,4.0719974186233765,-0.1777247217286258,9.777124876427916,0.0569731534677122,True,Cruise
1,150,1675394724.8069465,49.76976667476187,-0.0030697776698417546,False,False,False,False,100000,False,True,False,4.07980225639084,-0.12714822994180583,9.774269946190028,0.013481276028390055,True,Cruise
1,151,1675394724.906904,49.76976667476187,-0.0030697776698417546,False,False,False,False,100000,False,True,False,4.081225206586995,-0.09212382104703463,9.772232524404387,0.02644405933383354,True,Cruise
1,152,1675394725.006934,49.76976667476187,-0.0030697776698417546,False,False,False,False,100000,False,True,False,4.076158707966769,-0.1306164440819466,9.771955454657988,0.03882561273207363,True,Cruise
1,153,1675394725.106919,49.712101643563,-0.0038386447524932483,False,False,False,False,100000,False,True,False,4.06852431611084,-0.11669509483481344,9.770322481358876,0.015961030845974406,True,Cruise
1,154,1675394725.2069588,49.712101643563,-0.0038386447524932483,False,False,False,False,100000,False,True,False,4.064304251628322,-0.10137322261003594,9.769492778710301,0.0017757026874013475,True,Cruise
1,155,1675394725.3070571,49.81826897388413,-0.002423080348211656,False,False,False,False,100000,False,True,False,4.063069287695626,-0.10383342535001786,9.769121919603643,0.005744121057358943,True,Cruise
1,156,1675394725.4070334,49.81826897388413,-0.002423080348211656,False,False,False,False,100000,False,True,False,4.064378992249747,-0.09398185651182164,9.768314791298636,0.008347659567206222,True,Cruise
1,157,1675394725.5069869,49.885933762200416,-0.0015208831706611961,False,True,False,False,100000,False,True,False,4.061218290780175,-0.08625602585744711,9.76838498510281,0.008347659567206222,True,Cruise
1,158,1675394725.6069548,49.885933762200416,-0.0015208831706611961,False,True,False,False,100000,False,True,False,4.081125817585326,0.18572482201746482,9.803317842029234,0.08364827212675577,True,Cruise
1,159,1675394725.7069135,49.912444563646964,-0.0011674058180405178,False,True,False,False,100000,False,True,False,4.074972491237082,0.10368729577048111,9.79930064141179,0.07694793727074284,True,Cruise
1,160,1675394725.8069305,49.912444563646964,-0.0011674058180405178,False,True,False,False,100000,False,True,False,3.875059153640565,0.07162706551966076,9.788218491655494,0.22228600995340872,True,Cruise
1,161,1675394725.9071121,49.9005829246885,-0.0013255610041533097,False,True,False,False,100000,False,True,False,3.8908702398987263,0.010677722651583395,9.78146440004174,0.06332796063541325,True,Cruise
1,162,1675394726.0069835,49.9005829246885,-0.0013255610041533097,False,True,False,False,100000,False,True,False,3.8908702398987263,0.010677722651583395,9.78146440004174,0.12557781354733016,True,Cruise
1,163,1675394726.1069343,49.9005829246885,-0.0013255610041533097,False,True,False,False,100000,False,True,False,4.0089272869718515,-0.11941629401362716,9.762289464782896,0.03946645942435412,True,Cruise
1,164,1675394726.2069578,49.96527858789349,0.0004629521614200595,False,True,False,False,100000,False,True,False,4.031122608835284,-0.18367004712511487,9.757253386011648,0.02188201814017775,True,Cruise
1,165,1675394726.307061,49.96527858789349,0.0004629521614200595,False,True,False,False,100000,False,True,False,4.023893198701457,-0.22570088482708897,9.756445157286894,0.015605011070136524,True,Cruise
1,166,1675394726.4069836,49.3134094208111,0.009154541055851987,False,True,False,False,100000,False,True,False,4.012990247522253,-0.1995597826872312,9.757106075582584,0.01272783622092379,True,Cruise
1,167,1675394726.5069375,49.3134094208111,0.009154541055851987,False,True,False,False,100000,False,True,False,4.008113953134459,-0.08440650975146881,9.75851708534481,0.11526510947951124,True,Cruise
1,168,1675394726.6068835,49.89078654018132,0.0014561794642491323,False,True,False,False,100000,False,True,False,4.009029002027377,0.007014435474593186,9.758977964861513,0.09142668620502427,True,Cruise
1,169,1675394726.7069626,49.89078654018132,0.0014561794642491323,False,True,False,False,100000,False,True,False,4.012776145046831,0.08149637819353078,9.759843413725603,0.056946346244644806,True,Cruise
1,170,1675394726.8070152,49.89078654018132,0.0014561794642491323,False,True,False,False,100000,False,True,False,4.012774056667118,0.11330659999259873,9.748756503209119,0.016565864100611647,True,Cruise
1,171,1675394726.9070332,49.82842134862494,0.0022877153516673715,False,True,False,False,100000,False,True,False,4.012774056667118,0.11330659999259873,9.748756503209119,0.016565864100611647,True,Cruise
1,172,1675394727.0070183,49.82842134862494,0.0022877153516673715,False,True,False,False,100000,False,True,False,4.036594317868884,0.15950297008154635,9.76783386049561,0.055366551402013485,True,Cruise
1,173,1675394727.1070662,49.82842134862494,0.0022877153516673715,False,True,False,False,100000,False,True,False,4.019736876922682,0.5484031633924535,9.7330625951059,0.023840880476796087,True,Cruise
1,174,1675394727.206967,49.779032218590736,0.002946237085456854,False,True,False,False,100000,False,True,False,4.024152898249793,0.5249082327288483,9.737894801313633,0.024389818123207844,True,Cruise
1,175,1675394727.30703,49.779032218590736,0.002946237085456854,False,True,False,False,100000,False,True,False,4.035406194603076,0.45148187671186324,9.749196564024205,0.04123601766647067,True,Cruise
1,176,1675394727.4069679,49.788844754554724,0.002815403272603719,False,True,False,False,100000,False,True,False,4.035406194603076,0.45148187671186324,9.749196564024205,0.04123601766647067,True,Cruise
1,177,1675394727.5069432,49.788844754554724,0.002815403272603719,False,True,False,False,100000,False,True,False,4.058931048988456,0.29530827196593074,9.770282571395924,0.04155536452470185,True,Cruise
1,178,1675394727.6069808,49.331976516901186,0.0089069797746509,False,True,False,False,100000,False,True,False,4.068444664660254,0.21693061219316997,9.779136194661806,0.03789250013654977,True,Cruise
1,179,1675394727.7069552,49.331976516901186,0.0089069797746509,False,True,False,False,100000,False,True,False,4.07796867251427,0.19225893048642279,9.789414847560234,0.04875918325533182,True,Cruise
1,180,1675394727.8069777,49.331976516901186,0.0089069797746509,False,True,False,False,100000,False,True,False,4.07796867251427,0.19225893048642279,9.789414847560234,0.05972877309959915,True,Cruise
1,181,1675394727.906944,49.70970362313813,0.003870618358158296,False,True,False,False,100000,False,True,False,4.08206861592647,0.23042526876662733,9.795498146880174,0.03886496422638556,True,Cruise
1,182,1675394728.0069563,49.26736348922174,0.009768486810376837,False,True,False,False,100000,False,True,False,4.082713909430493,0.24998436781069847,9.796551260469403,0.05679711883772301,True,Cruise
1,183,1675394728.106963,49.58910398999902,0.005478613466679749,False,True,False,False,100000,False,True,False,4.0842014451443935,0.17430711180561115,9.797021547755989,0.02621025926989883,True,Cruise
1,184,1675394728.206941,49.47995983682208,0.006933868842372171,False,True,False,False,100000,False,True,False,4.0842014451443935,0.17430711180561115,9.797021547755989,0.007315668479192585,True,Cruise
1,185,1675394728.3217623,49.500550670355246,0.006659324395263428,False,True,False,False,100000,False,True,False,4.081844673077608,0.2369709620730133,9.795665077509122,0.03649649591811754,True,Cruise
1,186,1675394728.4070055,49.44216687345928,0.007437775020542913,False,True,False,False,100000,False,True,False,4.081844673077608,0.2369709620730133,9.795665077509122,1.1429407244315624,True,Cruise
1,187,1675394728.5069547,49.44216687345928,0.007437775020542913,False,True,False,False,100000,False,True,False,2.110066941327492,0.29007104421503566,9.960286442044962,0.8394191518815817,True,Cruise
1,188,1675394728.6069586,49.50643290887285,0.006580894548361982,False,True,False,False,100000,False,True,False,0.3966972513982101,0.2791163986783477,10.066983700386814,0.3737761111673616,True,Cruise
1,189,1675394728.7070312,49.561266830268,0.005849775596426617,False,True,False,False,100000,False,True,False,0.8389386155295159,0.32675810731509697,9.936417934155498,0.18737980627097237,True,Cruise
1,190,1675394728.807147,49.6460195260704,0.004719739652394706,False,True,False,False,100000,False,True,False,0.8389386155295159,0.32675810731509697,9.936417934155498,0.18737980627097237,True,Cruise
1,191,1675394728.9069483,49.821195770030705,0.002384056399590565,False,True,False,False,100000,False,True,False,1.1009545452221758,0.36988803006021553,9.850877232187688,0.026510608926774027,True,Cruise
1,192,1675394729.0069878,49.92485126140877,0.0010019831812164161,False,True,False,False,100000,False,True,False,1.3231367450327989,0.37980916044103563,9.761064509088692,0.14718224665951035,True,Cruise
1,193,1675394729.1069825,49.9822862997865,-0.00023618266951332822,False,True,False,False,100000,False,True,False,1.3231367450327989,0.37980916044103563,9.761064509088692,0.24932473101467045,True,Cruise
1,194,1675394729.2070122,49.9822862997865,-0.00023618266951332822,False,True,False,False,100000,False,True,False,1.473387459784954,0.32606477330914524,9.711010509503977,0.4725736358157723,True,Cruise
1,195,1675394729.3069973,49.53983075640021,0.006135589914663931,False,True,False,False,100000,False,True,False,0.4779303981242137,0.2892139317297226,9.77232010253364,0.4725736358157723,True,Cruise
1,196,1675394729.4069495,49.85707136855613,-0.0019057150859183023,False,True,False,False,100000,False,True,False,-1.1656179158524202,0.27118208399462934,9.875957896743204,1.6469113516813227,True,Cruise
1,197,1675394729.506942,48.80894162835479,0.015880778288602848,False,True,False,False,100000,False,True,False,-1.0093083803314917,0.10767579927464943,9.829772864948442,0.23086799951397058,True,Cruise
1,198,1675394729.6069603,48.80894162835479,0.015880778288602848,False,True,False,False,100000,False,True,False,-0.5873087118698311,0.056092356522771114,9.758169123647534,0.21092823466534064,True,Cruise
1,199,1675394729.7069266,49.694142593993284,-0.0040780987467561695,False,True,False,False,100000,False,True,False,-0.4344602934835646,0.1877969005566052,9.731424459139099,0.9037082221908652,True,Cruise
1,200,1675394729.8070395,49.694142593993284,-0.0040780987467561695,False,True,False,False,100000,False,True,False,-2.201106850652162,0.31775736012096845,9.867861850056117,0.873128189691581,True,Cruise
1,201,1675394729.9069593,49.34359267932944,0.008752097608940834,False,True,False,False,100000,False,True,False,-2.201106850652162,0.31775736012096845,9.867861850056117,0.873128189691581,True,Cruise
1,202,1675394730.0069818,49.61161713113888,-0.005178438251481584,False,True,False,False,100000,False,True,False,-0.6643810230447668,-0.0244963806239851,9.68173190660173,0.7776642917236863,True,Cruise
1,203,1675394730.1069646,49.61161713113888,-0.005178438251481584,False,True,False,False,100000,False,True,False,-0.32031903420400076,0.27107852440497876,9.639306198901126,0.45556900390812527,True,Cruise
1,204,1675394730.2069674,49.90372669943724,0.0012836440075034384,False,True,False,False,100000,False,True,False,-0.32031903420400076,0.27107852440497876,9.639306198901126,0.11504420526305817,True,Cruise
1,205,1675394730.3070722,49.90372669943724,0.0012836440075034384,False,True,False,False,100000,False,True,False,-0.3592593702810348,0.047465067355848906,9.670534114779114,0.07478377000923642,True,Cruise
1,206,1675394730.4070044,49.84134281931845,-0.0021154290757540144,False,True,False,False,100000,False,True,False,1.3499337405467917,0.03038013690273497,9.560224409398378,1.7128342640346366,True,Cruise
1,207,1675394730.5069766,49.77521987587109,0.0029970683217187604,False,True,False,False,100000,False,True,False,1.4407658578734373,0.06254124240343922,9.582909075003837,0.09899194057447509,True,Cruise
1,208,1675394730.606966,49.77521987587109,0.0029970683217187604,False,True,False,False,100000,False,True,False,0.17210817344889312,-0.1218683981195133,9.77241951601207,0.33391400599476473,True,Cruise
1,209,1675394730.7256646,49.77521987587109,0.0029970683217187604,False,True,False,False,100000,False,True,False,-0.32127295224115215,-0.13484237698225326,9.840342277142318,0.4982035335023867,True,Cruise
1,210,1675394730.8069425,49.85776497071113,-0.0018964670571848625,False,True,False,False,100000,False,True,False,-0.25346326697061783,-0.1286306355264283,9.845997411656032,0.06832803008115441,True,Cruise
1,211,1675394730.9070098,49.554036764997036,-0.005946176466706117,False,True,False,False,100000,False,True,False,-0.25346326697061783,-0.1286306355264283,9.845997411656032,0.06832803008115441,True,Cruise
1,212,1675394731.0142336,49.374097677419485,-0.008345364301073578,False,True,False,False,100000,False,True,False,-0.6819479308208103,-0.04758931932013467,9.946594888574786,0.9072528209350044,True,Cruise
1,213,1675394731.1069298,49.374097677419485,-0.008345364301073578,False,True,False,False,100000,False,True,False,-0.8298735030393016,-0.13341742795888942,9.956094175250035,0.6720322803495417,True,Cruise
1,214,1675394731.2069566,49.783184171753255,-0.0028908777099566,False,True,False,False,100000,False,True,False,-1.392433709213932,-0.12064820148759524,9.994553977470824,0.11406289747842677,True,Cruise
1,215,1675394731.3069732,49.783184171753255,-0.0028908777099566,False,True,False,False,100000,False,True,False,0.038979905047070704,-0.09420256507690034,9.848283265834562,1.4391106378105514,True,Cruise
1,216,1675394731.4070323,49.77528140083096,-0.0029962479889204716,False,True,False,False,100000,False,True,False,1.7774417863618945,-0.00926721589227212,9.719319343940057,1.7453066835018434,True,Cruise
1,217,1675394731.5069582,49.77528140083096,-0.0029962479889204716,False,True,False,False,100000,False,True,False,1.2544046130043902,-0.10995224559214331,9.776463418060292,0.5356965606820067,True,Cruise
1,218,1675394731.6069536,49.3485055051521,0.00868659326463875,False,True,False,False,100000,False,True,False,0.37257750512915494,-0.22861269825170252,9.863121760804951,1.1850328894997868,True,Cruise
1,219,1675394731.70693,46.75052739978038,-0.04332630133626163,False,True,False,False,100000,False,True,False,-1.9344331284610177,0.08252290138892143,10.04142230497018,0.2793819450200129,True,Cruise
1,220,1675394731.8143675,46.75052739978038,-0.04332630133626163,False,True,False,False,100000,False,True,False,-1.9344331284610177,0.08252290138892143,10.04142230497018,0.2793819450200129,True,Cruise
1,221,1675394731.9069998,48.61780505132145,0.018429265982380698,False,True,False,False,100000,False,True,False,-2.7859050089407487,-0.5891620824034107,10.0722329058353,1.084949018998342,True,Cruise
1,222,1675394732.007053,48.61780505132145,0.018429265982380698,False,True,False,False,100000,False,True,False,-3.2612396755018094,-1.2072214016680645,10.047381691035328,0.23943276509748107,True,Cruise
1,223,1675394732.1070657,49.65288920890923,0.004628143881210284,False,True,False,False,100000,False,True,False,-2.6846586188507655,-0.4757835705540835,9.920057048124606,1.7893007332942437,True,Cruise
1,224,1675394732.207024,49.65288920890923,0.004628143881210284,False,True,False,False,100000,False,True,False,1.5706067061509692,-0.43746140992469856,9.484957968255783,1.0622268870492242,True,Cruise
1,225,1675394732.3069682,49.65288920890923,0.004628143881210284,False,True,False,False,100000,False,True,False,1.5706067061509692,-0.43746140992469856,9.484957968255783,1.0622268870492242,True,Cruise
1,226,1675394732.4069848,49.03847718298013,0.012820304226931522,False,True,False,False,100000,False,True,False,2.5573610510951967,-0.4287663261073456,9.420933054497876,0.20372021918332053,True,Cruise
1,227,1675394732.5069852,49.03847718298013,0.012820304226931522,False,True,False,False,100000,False,True,False,2.358120928293877,-0.29979834856470033,9.492370371274061,0.3807442320065889,True,Cruise
1,228,1675394732.6138766,48.50039717630475,0.019994704315936567,False,True,False,False,100000,False,True,False,-1.0282571414731585,0.15529988767390163,9.848221629639228,1.0959857881372663,True,Cruise
1,229,1675394732.7070653,45.236180814297185,0.06351758914270418,False,True,False,False,100000,False,True,False,-2.7224198800652077,0.4585020113756632,10.003259050293591,0.6320777653397572,True,Cruise
1,230,1675394732.807003,45.236180814297185,0.06351758914270418,False,True,False,False,100000,False,True,False,-3.01496127800078,0.5162041809656291,10.021613884475562,0.2987422129852689,True,Cruise
1,231,1675394732.9069724,47.40099236846674,0.03465343508711018,False,True,False,False,100000,False,True,False,-3.1713427233283986,1.4180715126555996,9.991350042558803,0.4984573078616595,True,Cruise
1,232,1675394733.0069904,47.40099236846674,0.03465343508711018,False,True,False,False,100000,False,True,False,-3.320365191222812,2.2178824963720665,9.96281428382367,0.3186332299005136,True,Cruise
1,233,1675394733.1069832,49.47793889262522,0.0069608147649971265,False,True,False,False,100000,False,True,False,-3.4144069575432474,1.9464871945790867,9.9481186186663,0.28760254905405047,True,Cruise
1,234,1675394733.2069576,48.76776979630241,0.016429736049301136,False,True,False,False,100000,False,True,False,0.01630647930244682,1.775284324274996,9.57684391292244,1.728311253712046,True,Cruise
1,235,1675394733.3070219,48.76776979630241,0.016429736049301136,False,True,False,False,100000,False,True,False,0.01630647930244682,1.775284324274996,9.57684391292244,1.728311253712046,True,Cruise
1,236,1675394733.413849,48.76776979630241,0.016429736049301136,False,True,False,False,100000,False,True,False,0.01630647930244682,1.775284324274996,9.57684391292244,2.4500598444218844,True,Cruise
1,237,1675394733.5070379,49.77706698296049,0.0029724402271934574,False,True,False,False,100000,False,True,False,2.4606528172595117,1.7527713431743421,9.411141206105574,0.38644304553031605,True,Cruise
1,238,1675394733.6069624,48.79028437189608,0.016129541708052295,False,True,False,False,100000,False,True,False,1.886279102516069,1.8368407224292835,9.531078661658837,0.8268078244718841,True,Cruise
1,239,1675394733.7069767,48.79028437189608,0.016129541708052295,False,True,False,False,100000,False,True,False,1.1597585553759917,1.4551754641220394,9.631630657126243,0.49212777111967176,True,Cruise
1,240,1675394733.8069665,49.661546299645956,-0.004512716004720576,False,True,False,False,100000,False,True,False,0.08157077457616227,1.2249422228032223,9.821017337295569,0.725996178091025,True,Cruise
1,241,1675394733.9070022,49.142009432566375,-0.01143987423244836,False,True,False,False,100000,False,True,False,0.08157077457616227,1.2249422228032223,9.821017337295569,1.197289053670843,True,Cruise
1,242,1675394734.006947,49.142009432566375,-0.01143987423244836,False,True,False,False,100000,False,True,False,2.314310127792243,0.5587982885425857,9.695523435645189,0.47600306800950115,True,Cruise
1,243,1675394734.1069536,49.56840777502883,0.005754562999615657,False,True,False,False,100000,False,True,False,1.7353431908576764,-0.10952539576527995,9.811783471083412,0.6283683119910088,True,Cruise
1,244,1675394734.2070498,49.57842429317757,0.005621009424299055,False,True,False,False,100000,False,True,False,2.9680840516269527,0.023897273596390853,9.742757964826797,0.6221737306607139,True,Cruise
1,245,1675394734.3072054,49.57842429317757,0.005621009424299055,False,True,False,False,100000,False,True,False,3.158041275293823,0.2648610924336171,9.756275143198796,0.3071319308098484,True,Cruise
1,246,1675394734.4072764,49.625237398125535,-0.0049968346916594835,False,True,False,False,100000,False,True,False,3.158041275293823,0.2648610924336171,9.756275143198796,1.1670742349865053,True,Cruise
1,247,1675394734.5070474,49.8546930818894,-0.001937425574808004,False,True,False,False,100000,False,True,False,1.53965711343614,-0.3242582748175833,9.987759503726823,0.04067618039653644,True,Cruise
1,248,1675394734.6297474,49.8546930818894,-0.001937425574808004,False,True,False,False,100000,False,True,False,2.281030730554559,-0.3778043307208913,9.922074918283172,0.3469847650378518,True,Cruise
1,249,1675394734.7256913,48.144952338692704,0.024733968817430587,False,True,False,False,100000,False,True,False,2.6065348829124924,-0.2593996372714485,9.901439934996047,0.4322236853616145,True,Cruise
1,250,1675394734.821707,48.144952338692704,0.024733968817430587,False,True,False,False,100000,False,True,False,0.7014416622403878,-0.37302594783191545,10.084577244603524,1.4854053206111728,True,Cruise
1,251,1675394734.917752,49.77683519385555,0.0029755307485927448,False,True,False,False,100000,False,True,False,0.7014416622403878,-0.37302594783191545,10.084577244603524,1.4854053206111728,True,Cruise
1,252,1675394735.013728,49.77683519385555,0.0029755307485927448,False,True,False,False,100000,False,True,False,-2.2721086791987144,0.33532259584202306,10.265226501190423,0.6674234974994898,True,Cruise
1,253,1675394735.1096694,48.546497825623725,0.019380028991683684,False,True,False,False,100000,False,True,False,-2.2721086791987144,0.33532259584202306,10.265226501190423,0.6674234974994898,True,Cruise
1,254,1675394735.2070086,48.546497825623725,0.019380028991683684,False,True,False,False,100000,False,True,False,0.8390391191689676,0.2293477426455605,9.894369920732501,1.5822159812775711,True,Cruise
1,255,1675394735.3072474,47.24482800557419,0.03673562659234411,False,True,False,False,100000,False,True,False,-1.0759377169518727,0.17354408742404628,10.017479830228005,0.9896649921731957,True,Cruise
1,256,1675394735.407186,47.24482800557419,0.03673562659234411,False,True,False,False,100000,False,True,False,-2.8234818565440776,0.4824521196715604,10.080439841305635,0.8045839753676626,True,Cruise
1,257,1675394735.5070453,47.24482800557419,0.03673562659234411,False,True,False,True,100000,False,True,False,-3.6981062799483557,1.1854524541298237,10.046345035269121,0.2420114139557968,True,Cruise
1,258,1675394735.6069825,46.42090811958725,0.0477212250721699,False,True,False,True,100000,False,True,False,-4.071546065847192,1.3340867742714149,9.961137155404636,0.13653182272382325,True,Cruise
1,259,1675394735.7069964,48.08480804587753,0.02553589272163295,False,True,False,True,100000,False,True,False,-4.192537206382386,1.3757626616282366,9.913543007221229,0.2857451987715598,True,Cruise
1,260,1675394735.8071508,46.78824054060971,0.042823459458537085,False,True,False,True,100000,False,True,False,-3.4391290334654854,2.1194514607522192,9.729885436216685,1.0087042265210104,True,Cruise
1,261,1675394735.9069855,46.78824054060971,0.042823459458537085,False,True,False,True,100000,False,True,False,-3.014494320052306,1.564844214522521,9.6283515045005,0.5754188887270332,True,Cruise
1,262,1675394736.0070245,46.78824054060971,0.042823459458537085,False,True,False,True,100000,False,True,False,-3.014494320052306,1.564844214522521,9.6283515045005,0.5754188887270332,True,Cruise
1,263,1675394736.107106,48.414678939470825,0.021137614140389026,False,True,False,True,100000,False,True,False,-4.392763766179014,2.0715687667990528,9.66070239422849,1.4688236851550518,True,Cruise
1,264,1675394736.2071059,47.23927578469652,-0.03680965620404642,False,True,False,True,100000,False,True,False,-0.8958316255771124,2.339726279341454,9.311623132905225,1.7401992994234585,True,Cruise
1,265,1675394736.3070517,47.23927578469652,-0.03680965620404642,False,True,False,True,100000,False,True,False,0.4623212509992783,2.099892955859589,9.207132878600104,0.18157211282312563,True,Cruise
1,266,1675394736.407138,45.25282758347517,-0.06329563222033113,False,True,False,True,100000,False,True,False,0.40829931547441706,1.9319461257034736,9.250073824999951,1.4377558880067793,True,Cruise
1,267,1675394736.5258837,45.25282758347517,-0.06329563222033113,False,True,False,True,100000,False,True,False,-1.6288508844572815,0.6964249055830727,9.50194039345373,0.960757049885657,True,Cruise
1,268,1675394736.6298196,45.44160168005448,-0.06077864426594025,False,True,False,True,100000,False,True,False,-3.4953328802979415,-0.32227174672438014,9.753333823386487,0.960757049885657,True,Cruise
1,269,1675394736.706921,45.44160168005448,-0.06077864426594025,False,True,False,True,100000,False,True,False,-3.637712008249586,-1.1000524041777022,9.803017919532431,2.1411904555254075,True,Cruise
1,270,1675394736.806935,46.169098931470415,-0.051078680913727824,False,True,False,True,100000,False,True,False,-3.5112328298271738,-1.8659383912178575,9.824527114357322,0.39988930640889664,True,Cruise
1,271,1675394736.9070234,45.84277490758228,-0.0554296678989029,False,True,False,True,100000,False,True,False,-2.196301871810589,-2.661848273537022,9.741983956783915,0.4868194713490907,True,Cruise
1,272,1675394737.006947,45.77910387673622,-0.05627861497685036,False,True,False,True,100000,False,True,False,-2.196301871810589,-2.661848273537022,9.741983956783915,0.4868194713490907,True,Cruise
1,273,1675394737.1069453,45.77910387673622,-0.05627861497685036,False,True,False,True,100000,False,True,False,-2.652927355238331,-3.151696505944465,9.852460974293423,0.6787218092164942,True,Cruise
1,274,1675394737.2070942,45.83075000712479,-0.055589999905002754,False,True,False,True,100000,False,True,False,-2.7726423068119606,-3.4323828684766315,9.89889154783662,0.15397278517523785,True,Cruise
1,275,1675394737.3075147,45.83075000712479,-0.055589999905002754,False,True,False,True,100000,False,True,False,-2.2732654765373868,-3.6427932585477447,9.872631484616607,0.30710056619950954,True,Cruise
1,276,1675394737.4101822,46.289394605900384,-0.04947473858799497,False,True,False,True,100000,False,True,False,-1.7988579262245412,-3.6291209708739816,9.8475115765583,0.11043612988195382,True,Cruise
1,277,1675394737.5144944,46.289394605900384,-0.04947473858799497,False,True,False,True,100000,False,True,False,-1.7988579262245412,-3.6291209708739816,9.8475115765583,0.11043612988195382,True,Cruise
1,278,1675394737.619825,47.19937763137472,-0.03734163158167038,False,True,False,True,100000,False,True,False,1.3976145127647397,-3.286671219071379,9.645592073245703,0.41465002181105165,True,Cruise
1,279,1675394737.7219756,47.970474254474595,-0.02706034327367201,False,True,False,True,100000,False,True,False,2.438070636975056,-3.1668536493835804,9.605940395798596,0.5773681186908175,True,Cruise
1,280,1675394737.8259423,48.28360829818699,-0.022885222690840097,False,True,False,True,100000,False,True,False,2.9126832778360137,-3.055515485520633,9.600300870700144,0.48752963996122434,True,Cruise
1,281,1675394737.9070451,48.28360829818699,-0.022885222690840097,False,True,False,True,100000,False,True,False,3.5938146059168568,-2.6565603497378523,9.620163113240833,0.34031714703656957,True,Cruise
1,282,1675394738.0070062,48.28360829818699,-0.022885222690840097,False,True,False,True,100000,False,True,False,3.5938146059168568,-2.6565603497378523,9.620163113240833,0.5153083194230631,True,Cruise
1,283,1675394738.108342,49.87974200591424,-0.001603439921143434,False,True,False,True,100000,False,True,False,4.709784506177888,-1.904240486766136,9.7693398740744,0.33568966469286743,True,Cruise
1,284,1675394738.2082455,49.89503708526979,-0.0013995055297361268,False,True,False,True,100000,False,True,False,4.843684648681317,-1.5109108435393293,9.796331762729562,0.2972639758364846,True,Cruise
1,285,1675394738.3069725,49.099522405055474,-0.012006367932593706,False,True,False,True,100000,False,True,False,4.512181638832401,-0.8158834802215642,9.898719481274968,0.5813521546582934,True,Cruise
1,286,1675394738.4069407,49.099522405055474,-0.012006367932593706,False,True,False,True,100000,False,True,False,4.512181638832401,-0.8158834802215642,9.898719481274968,0.5813521546582934,True,Cruise
1,287,1675394738.5069418,49.5517009782774,-0.005977320289634668,False,False,False,True,100000,False,True,False,4.512181638832401,-0.8158834802215642,9.898719481274968,0.10998705753907792,True,Cruise
1,288,1675394738.606932,49.5517009782774,-0.005977320289634668,False,False,False,True,100000,False,True,False,4.319231480413781,-0.711821322431371,9.986148369856727,0.15295985127531608,True,Cruise
1,289,1675394738.7100239,49.43005999343761,-0.0075992000874985826,False,False,False,True,100000,False,True,False,4.506152172007681,-0.6561509391182686,9.96922239784098,0.19576778349066404,True,Cruise
1,290,1675394738.8137724,49.85025086279436,0.0019966551627418365,False,False,False,True,100000,False,True,False,3.7009404126545196,-0.4410952252242735,10.03577660000302,0.3356664761309067,True,Cruise
1,291,1675394738.918752,49.85025086279436,0.0019966551627418365,False,False,False,True,100000,False,True,False,3.3669243844986627,-0.4702585773408679,10.051738273676227,0.3356664761309067,True,Cruise
1,292,1675394739.021889,49.541328952878715,0.006115613961617104,False,False,False,True,100000,False,True,False,3.1732363027399013,-0.25504037850673517,9.983535316269377,0.23149385452755555,True,Cruise
1,293,1675394739.126053,49.89061300803189,0.0014584932262414188,False,False,False,True,100000,False,True,False,0.9797082614597138,-0.1619194537861966,10.118842300142717,1.2103324659470065,True,Cruise
1,294,1675394739.2070904,49.89061300803189,0.0014584932262414188,False,False,False,True,100000,False,True,False,0.23725311532334803,-0.248632921244187,10.134956097103574,0.7476754134752968,True,Cruise
1,295,1675394739.3070717,49.73186860888301,0.003575085214893187,False,False,False,True,100000,False,True,False,0.9612816388209328,-0.2058201984903889,9.953063212353408,0.9455703664933888,True,Cruise
1,296,1675394739.407,49.73186860888301,0.003575085214893187,False,False,False,True,100000,False,True,False,0.5022406662737137,0.4054085372615752,9.833583204839556,0.7736889905391903,True,Cruise
1,297,1675394739.5262196,49.74516171643914,0.0033978437808114795,False,False,False,True,100000,False,True,False,0.5022406662737137,0.4054085372615752,9.833583204839556,0.7736889905391903,True,Cruise
1,298,1675394739.6258485,49.40136628891766,0.007981782814431198,False,False,False,True,100000,False,True,False,-0.025490437446271427,0.4748095873053689,9.803644492568388,0.20872203359437552,True,Cruise
1,299,1675394739.7177742,49.40136628891766,0.007981782814431198,False,False,False,True,100000,False,True,False,-0.5011124102527419,0.49583179911105935,9.744665002928985,0.15941610991989072,True,Cruise
1,300,1675394739.8138013,49.40727553025603,0.007902992929919589,False,False,False,True,100000,False,True,False,-1.5600000807380374,0.4743727248814102,9.816144111329443,1.0615144151212899,True,Cruise
1,301,1675394739.91369,49.39038362410263,0.008128218345298291,False,False,False,True,100000,False,True,False,-2.590405927840217,0.6330459426261486,9.828233944898546,1.0426214863734384,True,Cruise
1,302,1675394740.0073192,49.39038362410263,0.008128218345298291,False,False,False,True,100000,False,True,False,-2.1137702333410004,0.5546777068207148,9.748704113107184,1.0426214863734384,True,Cruise
1,303,1675394740.1073606,49.39038362410263,0.008128218345298291,False,False,False,True,100000,False,True,False,-1.3594363608431967,0.4712011045106103,9.632618046881506,0.27253293826974173,True,Cruise
1,304,1675394740.2072554,49.259075773727204,0.00987898968363731,False,False,False,True,100000,False,True,False,-0.928050138715345,0.46473757126241916,9.570071059254323,0.16350430410696162,True,Cruise
1,305,1675394740.3071382,49.259075773727204,0.00987898968363731,False,False,False,True,100000,False,True,False,-1.7790924680594307,0.43875697803660785,9.649284292618233,0.9431081583207025,True,Cruise
1,306,1675394740.4071414,49.259075773727204,0.00987898968363731,False,False,False,True,100000,False,True,False,-1.0437042397850937,0.5645226801430169,9.583023750402747,0.7490015471048619,True,Cruise
1,307,1675394740.5070364,48.91441298846037,0.014474493487195069,False,False,False,True,100000,False,True,False,-0.820044817403606,0.5463140502950686,9.575450963101076,0.22452714430214593,True,Cruise
1,308,1675394740.6070175,49.054786594006075,0.012602845413252387,False,False,False,True,100000,False,True,False,-1.63605743653522,0.560407076861024,9.671242557897656,0.821736720375509,True,Cruise
1,309,1675394740.7257767,49.054786594006075,0.012602845413252387,False,False,False,True,100000,False,True,False,-2.414705404422685,0.6656013492267419,9.750661801103924,0.15763299748967063,True,Cruise
1,310,1675394740.821976,49.23531492369268,0.010195801017430976,False,False,False,True,100000,False,True,False,-0.36451971881704703,0.7303669989282235,9.599616413931882,0.5857934123790537,True,Cruise
1,311,1675394740.917925,49.69225422610383,0.0041032769852822745,False,False,False,True,100000,False,True,False,-0.36451971881704703,0.7303669989282235,9.599616413931882,0.5857934123790537,True,Cruise
1,312,1675394741.0138488,49.69225422610383,0.0041032769852822745,False,False,False,True,100000,False,True,False,-0.026311380196863497,0.7475414682548117,9.651974736305064,0.34266782257838085,True,Cruise
1,313,1675394741.1102622,49.69225422610383,0.0041032769852822745,False,False,False,True,100000,False,True,False,1.7401142938885812,0.7061925381737171,9.554310842467261,0.9335867225512959,True,Cruise
1,314,1675394741.2100189,49.651972989147026,0.004640360144706305,False,False,False,True,100000,False,True,False,2.479991855976779,0.663007525163285,9.53187635218449,0.5264710383601515,True,Cruise
1,315,1675394741.3070724,49.79193911616219,0.0027741451178374668,False,False,False,True,100000,False,True,False,2.965615325804194,0.5344120571631013,9.591278071623204,0.9938213493126916,True,Cruise
1,316,1675394741.4069514,49.79193911616219,0.0027741451178374668,False,False,False,True,100000,False,True,False,1.9830432036675711,0.5708185545599855,9.73587221430168,0.9938213493126916,True,Cruise
1,317,1675394741.506944,49.88158663196032,-0.0015788449071957992,False,False,False,True,100000,False,True,False,1.7052439052660358,0.4474374946286193,9.87196170670686,0.3330400667866746,True,Cruise
1,318,1675394741.6069176,49.88158663196032,-0.0015788449071957992,False,False,False,True,100000,False,True,False,1.7028659418522307,0.23895137587556478,9.943991938151175,0.4772657179903166,True,Cruise
1,319,1675394741.7069776,49.31223624368208,0.009170183417572258,False,False,False,True,100000,False,True,False,1.7028659418522307,0.23895137587556478,9.943991938151175,0.12457218205258919,True,Cruise
1,320,1675394741.8070247,49.52861314832811,0.00628515802229177,False,False,False,True,100000,False,True,False,0.4111021390006551,0.11182817789194666,10.104202453743712,0.9774632713873742,True,Cruise
1,321,1675394741.9280531,49.52861314832811,0.00628515802229177,False,False,False,True,100000,False,True,False,-0.5515578750514074,0.25906285983305444,10.188119631307613,0.9774632713873742,True,Cruise
1,322,1675394742.0217981,48.99716287982066,0.013371161602391263,False,False,False,True,100000,False,True,False,-0.5515578750514074,0.25906285983305444,10.188119631307613,0.9774632713873742,True,Cruise
1,323,1675394742.1178503,48.99716287982066,0.013371161602391263,False,False,False,True,100000,False,True,False,-0.7638976547402505,0.048852186360453034,10.112887299401256,0.31797703322530174,True,Cruise
1,324,1675394742.2136915,49.372941506397424,0.008360779914700937,False,False,False,True,100000,False,True,False,-1.6226901685382285,0.16941415428412546,10.155765766664562,0.7219157661555465,True,Cruise
1,325,1675394742.3098476,49.40378605858441,0.007949519218874582,False,False,False,True,100000,False,True,False,-2.335387071895503,0.28231205234080065,10.177664670365106,0.7219157661555465,True,Cruise
1,326,1675394742.407298,49.40378605858441,0.007949519218874582,False,False,False,True,100000,False,True,False,0.4122943781415084,0.29606509757135235,9.839529924797779,1.3131273545403268,True,Cruise
1,327,1675394742.507014,49.58513683267101,-0.005531508897719875,False,False,False,True,100000,False,True,False,0.31603803145518666,0.3671985008705765,9.779402777660879,0.13394222323505683,True,Cruise
1,328,1675394742.6070871,49.58513683267101,-0.005531508897719875,False,False,False,True,100000,False,True,False,0.01242907341111885,0.40879214691825744,9.783206297408606,0.13394222323505683,True,Cruise
1,329,1675394742.7070456,49.757209495179175,-0.003237206730944266,False,False,False,True,100000,False,True,False,0.5799386301407436,0.21617781444700146,9.689861238793252,0.3586919169734024,True,Cruise
1,330,1675394742.807179,49.757209495179175,-0.003237206730944266,False,False,False,True,100000,False,True,False,0.6214249776258716,0.22537631565220936,9.675846154459286,0.7283840112021255,True,Cruise
1,331,1675394742.9070694,49.390187064730895,-0.008130839136921388,False,False,False,True,100000,False,True,False,1.2199114066778198,0.33220682579897165,9.614266457020129,0.1254971649579056,True,Cruise
1,332,1675394743.029721,49.390187064730895,-0.008130839136921388,False,False,False,True,100000,False,True,False,1.2199114066778198,0.33220682579897165,9.614266457020129,0.1254971649579056,True,Cruise
1,333,1675394743.126028,49.491428500737236,0.006780953323503485,False,False,False,True,100000,False,True,False,1.2199114066778198,0.33220682579897165,9.614266457020129,2.935004528667715,True,Cruise
1,334,1675394743.225732,49.93660072973844,-0.0008453236034875227,False,False,False,True,100000,False,True,False,-0.9526366399765346,0.10359564355992472,9.780376408958912,0.46310571730603145,True,Cruise
