repetition,iteration,time,speed,steering,obstacle_North,obstacle_NorthWest,obstacle_SouthWest,obstacle_West,obstacle_distance,follow_enable,steady_motion_enable,passing_start,accel_x,accel_y,accel_z,accel_diff,success,action
1,1,1675394129.1114957,0.0,0.0,False,True,False,False,100000,False,True,False,0.09668889698773096,-1.528360565604076e-13,9.840530362979264,0.0037918141366581185,True,Cruise
1,2,1675394129.111785,0.0,0.0,False,True,False,False,100000,False,True,False,0.09668889698773096,-1.528360565604076e-13,9.840530362979264,0.0037918141366581185,True,Cruise
1,3,1675394129.2120006,49.76645176566061,0.0031139764578584886,False,True,False,False,100000,False,True,False,0.09071278652727346,-6.667345746355882e-13,9.829660096652715,0.004528752961149211,True,Cruise
1,4,1675394129.3119178,49.76645176566061,0.0031139764578584886,False,True,False,False,100000,False,True,False,1.0701365027163727,-0.009418923894386241,9.7275587799938,0.004528752961149211,True,Cruise
1,5,1675394129.4118857,49.74436867430619,0.00340841767591748,False,True,False,False,100000,False,True,False,2.64565663318836,0.005493126047887147,9.604259004272324,0.9075723184878319,True,Cruise
1,6,1675394129.5118673,49.66835800489231,0.004421893268102536,False,True,False,False,100000,False,True,False,3.353498591579519,0.0012989917583551855,9.5797331733445,0.44170794742911956,True,Cruise
1,7,1675394129.6118991,49.7570068264863,0.003239908980182639,False,True,False,False,100000,False,True,False,3.5118999824141874,0.004388496541925998,9.590235283626487,0.15877921771611098,True,Cruise
1,8,1675394129.711895,49.7570068264863,0.003239908980182639,False,True,False,False,100000,False,True,False,3.7057752617846447,0.00408978350620885,9.628499466457336,0.09104363734910562,True,Cruise
1,9,1675394129.81191,49.74033767411378,0.003462164345149548,False,True,False,False,100000,False,True,False,3.89689274271003,0.0018514046070662617,9.671569976883468,0.19592337972720036,True,Cruise
1,10,1675394129.9119117,49.674581972782455,0.004338907029567291,False,True,False,False,100000,False,True,False,4.2189325388338235,0.003156207720421323,9.734292039393448,0.107784376539982,True,Cruise
1,11,1675394130.0119696,49.674581972782455,0.004338907029567291,False,True,False,False,100000,False,True,False,4.316588537958726,0.0040654961354832965,9.754893349974529,0.08874152400834459,True,Cruise
1,12,1675394130.1119342,49.69550782121808,0.0040598957170923265,False,True,False,False,100000,False,True,False,4.476191187503209,0.006603355600734343,9.795297492068514,0.0760714792277181,True,Cruise
1,13,1675394130.2119155,49.69550782121808,0.0040598957170923265,False,True,False,False,100000,False,True,False,4.535724651031891,0.008795356991644862,9.814626945095894,0.06263118954767079,True,Cruise
1,14,1675394130.3118775,49.72387684457612,0.003681642072318387,False,True,False,False,100000,False,True,False,4.6145373439561475,0.007273579674905389,9.850042052093645,0.025829654273728592,True,Cruise
1,15,1675394130.411917,49.672685044027084,0.004364199412972244,False,True,False,False,100000,False,True,False,4.643557984127798,0.009046425086515335,9.890962394270941,0.011842258087271833,True,Cruise
1,16,1675394130.5118628,49.672685044027084,0.004364199412972244,False,True,False,False,100000,False,True,False,4.633213705487448,0.00758889617810251,9.900545891394056,0.020211694429381536,True,Cruise
1,17,1675394130.6119022,49.714133623656274,0.0038115516845830364,False,True,False,False,100000,False,True,False,4.614513637587469,0.005439507105809991,9.907907968469093,0.026765917254891466,True,Cruise
1,18,1675394130.7119172,49.714133623656274,0.0038115516845830364,False,True,False,False,100000,False,True,False,4.556144174089122,0.010259478300589042,9.915829705501928,0.07939486621449789,True,Cruise
1,19,1675394130.8118672,49.70615327913425,0.003917956278210081,False,True,False,False,100000,False,True,False,4.431797807034257,0.008937093412613778,9.911257296067204,0.07939486621449789,True,Cruise
1,20,1675394130.9119005,49.670856338673644,0.00438858215101814,False,True,False,False,100000,False,True,False,4.287396778419917,0.007287232859146689,9.88968958422358,0.049596161705057706,True,Cruise
1,21,1675394131.0118845,49.670856338673644,0.00438858215101814,False,True,False,False,100000,False,True,False,4.239038974582295,0.009853167329541867,9.879542563857884,0.048505054682913995,True,Cruise
1,22,1675394131.111927,49.38856695095451,0.008152440653939762,False,True,False,False,100000,False,True,False,4.146540804499589,0.010601169571850682,9.856102494628459,0.04693256405346341,True,Cruise
1,23,1675394131.2119799,49.38856695095451,0.008152440653939762,False,True,False,False,100000,False,True,False,4.0268291380692895,-0.0007279176980892036,9.816555639935943,0.040622159348269064,True,Cruise
1,24,1675394131.3119915,49.38856695095451,0.008152440653939762,False,True,False,False,100000,False,True,False,3.99358592171674,0.01905515682989585,9.803128939936501,0.040948232490758865,True,Cruise
1,25,1675394131.4119034,49.38856695095451,0.008152440653939762,False,True,False,False,100000,False,True,False,3.938695928881813,0.026684197426776628,9.777167218058377,0.02849102641483399,True,Cruise
1,26,1675394131.511884,49.71418722033966,0.003810837062137865,False,True,False,False,100000,False,True,False,3.91725977732131,0.025608694315751947,9.76500951345958,0.024667287685886507,True,Cruise
1,27,1675394131.6118655,49.71418722033966,0.003810837062137865,False,True,False,False,100000,False,True,False,3.8863620674167754,0.024860922241103985,9.743146128507993,0.02749412862552241,True,Cruise
1,28,1675394131.711873,49.71418722033966,0.003810837062137865,False,False,False,False,100000,False,True,False,3.868250404346619,0.015748903873205378,9.718234156510254,0.02427350048179987,True,Cruise
1,29,1675394131.8118193,49.71418722033966,0.003810837062137865,False,False,False,False,100000,False,True,False,3.8785172029640025,0.00830230714608282,9.704391964179404,0.007086210851249865,True,Cruise
1,30,1675394131.9118867,49.67964804519563,0.004271359397391629,False,False,False,False,100000,False,True,False,3.8785172029640025,0.00830230714608282,9.704391964179404,0.008644062585460034,True,Cruise
1,31,1675394132.0119658,49.67964804519563,0.004271359397391629,False,False,False,False,100000,False,True,False,3.897109320305774,0.00936918821847643,9.701450488321973,0.01030371834153408,True,Cruise
1,32,1675394132.1118686,49.67964804519563,0.004271359397391629,False,False,False,False,100000,False,True,False,3.908999588632138,0.007276599251162028,9.70175232424359,0.012076775827290928,True,Cruise
1,33,1675394132.211848,49.67964804519563,0.004271359397391629,False,False,False,False,100000,False,True,False,3.9512226905370906,0.007858790835610637,9.708860528857922,0.015251743773726838,True,Cruise
1,34,1675394132.3119538,49.760234866233354,0.003196868450221969,False,False,False,False,100000,False,True,False,3.98186965319863,0.0064327329143006205,9.717787304895095,0.016129857208669208,True,Cruise
1,35,1675394132.4118645,49.760234866233354,0.003196868450221969,False,False,False,False,100000,False,True,False,4.012035353149197,0.00934360174957287,9.729014917774965,0.016317941933543113,True,Cruise
1,36,1675394132.5119643,49.760234866233354,0.003196868450221969,False,False,False,False,100000,False,True,False,4.040058677581327,0.0009945809668491397,9.74158430606804,0.015232361647729082,True,Cruise
1,37,1675394132.6119232,49.74871117127655,0.0033505177163126775,False,False,False,False,100000,False,True,False,4.064544591118714,0.001896999664918398,9.754577385143632,0.02773435460095622,True,Cruise
1,38,1675394132.7119403,49.74871117127655,0.0033505177163126775,False,False,False,False,100000,False,True,False,4.084641579605348,0.0034099588785629093,9.767144559886434,0.011322792814823426,True,Cruise
1,39,1675394132.8119543,49.74871117127655,0.0033505177163126775,False,False,False,False,100000,False,True,False,4.099889256448469,0.004914450413045667,9.778565333774855,0.007746484224816951,True,Cruise
1,40,1675394132.9119573,49.74871117127655,0.0033505177163126775,False,False,False,False,100000,False,True,False,4.113526679543391,0.0070718012980991694,9.792365858222373,0.005314683848255335,True,Cruise
1,41,1675394133.0119205,49.75605351695331,0.0032526197739559137,False,False,False,False,100000,False,True,False,4.113526679543391,0.0070718012980991694,9.792365858222373,0.005314683848255335,True,Cruise
1,42,1675394133.1119761,49.75605351695331,0.0032526197739559137,False,False,False,False,100000,False,True,False,4.116126388937595,0.010030604396522346,9.802991004246644,0.007412401940647774,True,Cruise
1,43,1675394133.2119138,49.75605351695331,0.0032526197739559137,False,False,False,False,100000,False,True,False,4.114470078951354,0.011090436632650354,9.804191257902682,0.0024911867315014612,True,Cruise
1,44,1675394133.3121457,49.75605351695331,0.0032526197739559137,False,False,False,False,100000,False,True,False,4.1090368015159875,0.011638843923773644,9.804941399539041,0.0036540881403735095,True,Cruise
1,45,1675394133.4119608,49.742144320730375,0.003438075723594995,False,False,False,False,100000,False,True,False,4.10142775517574,0.012871410591331678,9.803701258461043,0.004162888811414299,True,Cruise
1,46,1675394133.51192,49.742144320730375,0.003438075723594995,False,False,False,False,100000,False,True,False,4.10142775517574,0.012871410591331678,9.803701258461043,0.01478012122235844,True,Cruise
1,47,1675394133.6120462,49.742144320730375,0.003438075723594995,False,False,False,False,100000,False,True,False,4.077930894106464,0.016555812480235264,9.794200615548242,0.005449712020398043,True,Cruise
1,48,1675394133.7120147,49.742144320730375,0.003438075723594995,False,False,False,False,100000,False,True,False,4.077930894106464,0.016555812480235264,9.794200615548242,0.005449712020398043,True,Cruise
1,49,1675394133.811943,49.81212410192376,0.0025050119743498423,False,False,False,False,100000,False,True,False,4.06852976894942,0.017183202246304468,9.788911592886095,0.005366112299319539,True,Cruise
1,50,1675394133.9118826,49.81212410192376,0.0025050119743498423,False,False,False,False,100000,False,True,False,4.0599311560161855,0.02052678695936711,9.783388679528453,0.005844677397463089,True,Cruise
1,51,1675394134.0118864,49.81212410192376,0.0025050119743498423,False,False,False,False,100000,False,True,False,4.0493623616779715,0.011254179522549765,9.775450300232423,0.004108168033119016,True,Cruise
1,52,1675394134.111888,49.80868202383322,0.0025509063488903506,False,False,False,False,100000,False,True,False,4.0493623616779715,0.011254179522549765,9.775450300232423,0.0037141763750668587,True,Cruise
1,53,1675394134.211912,49.80868202383322,0.0025509063488903506,False,False,False,False,100000,False,True,False,4.040360540229524,0.011316761352298439,9.766984083987511,0.0024900874765858057,True,Cruise
1,54,1675394134.3118784,49.80868202383322,0.0025509063488903506,False,False,False,False,100000,False,True,False,4.039070006502158,0.011365782779869445,9.76539935110053,0.001632650491794815,True,Cruise
1,55,1675394134.4119682,49.80868202383322,0.0025509063488903506,False,False,False,False,100000,False,True,False,4.037351346448766,0.011171222546684104,9.762087532501903,0.002124607752356412,True,Cruise
1,56,1675394134.5118837,49.761845275133155,0.00317539633155795,False,False,False,False,100000,False,True,False,4.037427627811477,0.011263926400917562,9.76146668554407,0.0006323478440997378,True,Cruise
1,57,1675394134.6118886,49.761845275133155,0.00317539633155795,False,False,False,False,100000,False,True,False,4.03839741883564,0.009993214977872974,9.760914026949226,0.0005683210659226357,True,Cruise
1,58,1675394134.7119074,49.761845275133155,0.00317539633155795,False,False,False,False,100000,False,True,False,4.040227498895606,0.017694285465538417,9.761201442405461,0.0029840002296280853,True,Cruise
1,59,1675394134.8121982,49.761845275133155,0.00317539633155795,False,False,False,False,100000,False,True,False,4.042732987053206,0.019479376165053925,9.762191407956706,0.0015749571173912162,True,Cruise
1,60,1675394134.9120111,49.794027828682125,0.0027462956175716433,False,False,False,False,100000,False,True,False,4.042732987053206,0.019479376165053925,9.762191407956706,0.0015749571173912162,True,Cruise
1,61,1675394135.0119545,49.794027828682125,0.0027462956175716433,False,False,False,False,100000,False,True,False,4.050336380347215,0.02195982201872794,9.766694498953825,0.00292951384881633,True,Cruise
1,62,1675394135.1121686,49.794027828682125,0.0027462956175716433,False,False,False,False,100000,False,True,False,4.051873484496982,0.02113293627436372,9.767774899407883,0.0018641827787575463,True,Cruise
1,63,1675394135.2121568,49.794027828682125,0.0027462956175716433,False,False,False,False,100000,False,True,False,4.054765736666537,0.021994878886578716,9.769958318729193,0.0017652525401537847,True,Cruise
1,64,1675394135.3119655,49.83890438903582,0.0021479414795224257,False,False,False,False,100000,False,True,False,4.056091220873355,0.022463414001833482,9.771025878092306,0.0031144752132856216,True,Cruise
1,65,1675394135.41191,49.87227798892545,0.0017029601476607362,False,False,False,False,100000,False,True,False,4.059454848119938,0.02453063841621439,9.773952393894477,0.0031144752132856216,True,Cruise
1,66,1675394135.5118713,49.9300744745428,0.0009323403394293503,False,False,False,False,100000,False,True,False,4.0611544194554545,0.018905955250021443,9.775556264163587,0.004814040368779146,True,Cruise
1,67,1675394135.6124208,49.99733512824799,3.5531623360190095e-05,False,False,False,False,100000,False,True,False,4.06182691398334,0.014837736880242283,9.776230381806412,0.004160174411485974,True,Cruise
1,68,1675394135.7121818,49.972836319044845,0.0003621824127354134,False,False,False,False,100000,False,True,False,4.062794009773361,0.005914381388344806,9.777304057901585,0.0037604452924034637,True,Cruise
1,69,1675394135.8119166,49.98417223714859,-0.00021103683801873685,False,False,False,False,100000,False,True,False,4.063079104578284,0.0021858705470330286,9.777701394856305,0.0011385714572998559,True,Cruise
1,70,1675394135.911923,48.93325447386104,0.014223273681852852,False,False,False,False,100000,False,True,False,4.063267462875862,-0.0022057524761043322,9.778340089231905,0.007231504573298546,True,Cruise
1,71,1675394136.0119088,49.95393105115721,-0.000614252651237177,False,False,False,False,100000,False,True,False,4.063148426432382,-0.009436176970943334,9.77837817260352,0.04371987808221825,True,Cruise
1,72,1675394136.1118903,49.90501425778785,-0.00126647656282869,False,False,False,False,100000,False,True,False,4.061999967873668,0.053456360473343324,9.778073925587892,0.04771011780745279,True,Cruise
1,73,1675394136.2118728,49.88634496606849,-0.001515400452420136,False,False,False,False,100000,False,True,False,4.061790794207177,0.0017756221720207155,9.777820180132291,0.05168178452558295,True,Cruise
1,74,1675394136.3120282,49.8780463661624,-0.0016260484511679565,False,False,False,False,100000,False,True,False,4.061464346328028,-0.012837533742098771,9.777525737769485,0.014619767108034951,True,Cruise
1,75,1675394136.4119906,49.8780463661624,-0.0016260484511679565,False,False,False,False,100000,False,True,False,4.060045617133775,-0.02021097510445202,9.776454119434002,0.0007816370781202885,True,Cruise
1,76,1675394136.5119367,49.92038146300069,-0.0010615804933242052,False,False,False,False,100000,False,True,False,4.058940234110346,-0.023138933183247373,9.775650153454581,0.0026342879033026097,True,Cruise
1,77,1675394136.6120486,49.732762514497274,0.003563166473369683,False,False,False,False,100000,False,True,False,4.057882780755132,-0.02605835296959199,9.774833728437605,0.001822638764607122,True,Cruise
1,78,1675394136.7119737,49.732762514497274,0.003563166473369683,False,False,False,False,100000,False,True,False,4.056945423501181,-0.04095891921716076,9.77405389509716,0.014822074734272385,True,Cruise
1,79,1675394136.8118305,49.88108335500156,-0.0015855552666459427,False,False,False,False,100000,False,True,False,4.056120533105805,0.017680936559931464,9.773358569073526,0.006660742445269609,True,Cruise
1,80,1675394136.9118223,49.788638545180675,-0.0028181527309243566,False,False,False,False,100000,False,True,False,4.055427841840624,0.041299686662949565,9.77277272858521,0.016980694812516135,True,Cruise
1,81,1675394137.0118687,49.788638545180675,-0.0028181527309243566,False,False,False,False,100000,False,True,False,4.055094613842661,-0.01746317843115733,9.772301545225076,0.017523561830327404,True,Cruise
1,82,1675394137.111882,49.832484582487645,-0.002233538900164702,False,False,False,False,100000,False,True,False,4.05494568613931,-0.030340385450857883,9.772123422798192,0.002309220813462498,True,Cruise
1,83,1675394137.2119055,49.832484582487645,-0.002233538900164702,False,False,False,False,100000,False,True,False,4.054682951236504,-0.031085906022196637,9.771879886560216,0.001563180122998896,True,Cruise
1,84,1675394137.311981,49.89647141828709,-0.0013803810895054772,False,False,False,False,100000,False,True,False,4.054554047988072,-0.028689435478981912,9.77177150116718,0.0024023810075372853,True,Cruise
1,85,1675394137.4118667,49.82771781932179,-0.0022970957423761405,False,False,False,False,100000,False,True,False,4.054589055377441,-0.03447482704618112,9.771782193684693,0.005519988738720464,True,Cruise
1,86,1675394137.5118654,49.88460861018692,-0.0015385518641744316,False,False,False,False,100000,False,True,False,4.054781011715294,-0.029689443072655208,9.771892926682886,0.0012028256435219968,True,Cruise
1,87,1675394137.6118767,49.88460861018692,-0.0015385518641744316,False,False,False,False,100000,False,True,False,4.05520087823854,-0.030437345480625398,9.772208367744671,0.0018720312727549264,True,Cruise
1,88,1675394137.7120185,49.88460861018692,-0.0015385518641744316,False,False,False,False,100000,False,True,False,4.05520087823854,-0.030437345480625398,9.772208367744671,0.0018720312727549264,True,Cruise
1,89,1675394137.8120775,49.88460861018692,-0.0015385518641744316,False,False,False,False,100000,False,True,False,4.055696548177288,-0.034754320490098106,9.772630996471433,0.002048833750575981,True,Cruise
1,90,1675394137.91203,49.88460861018692,-0.0015385518641744316,False,False,False,False,100000,False,True,False,4.056232870904481,-0.030617073837714066,9.773080746000028,0.0009336334888988459,True,Cruise
1,91,1675394138.0119596,49.88460861018692,-0.0015385518641744316,False,False,False,False,100000,False,True,False,4.056562938748461,-0.02875491942306638,9.773364823480392,0.0009899268573312632,True,Cruise
1,92,1675394138.111981,49.88460861018692,-0.0015385518641744316,False,False,False,False,100000,False,True,False,4.056714384339756,-0.027740423652815236,9.773496217772983,0.0010341188979540701,True,Cruise
1,93,1675394138.2120054,49.90862710166745,-0.0012183053111006104,False,False,False,False,100000,False,True,False,4.0569833398532555,-0.025792210776837472,9.773730349530478,0.0019805777334492227,True,Cruise
1,94,1675394138.312212,49.90862710166745,-0.0012183053111006104,False,False,False,False,100000,False,True,False,4.057200747405261,-0.025146176665975933,9.773919446222955,0.00023880384525798833,True,Cruise
1,95,1675394138.4120033,49.90862710166745,-0.0012183053111006104,False,False,False,False,100000,False,True,False,4.057377006013064,-0.019282426919822734,9.77405750225818,0.002282112548453297,True,Cruise
1,96,1675394138.511938,49.85123464465388,-0.0019835380712816294,False,False,False,False,100000,False,True,False,4.057438872006696,-0.01835045626356643,9.774108040149088,0.0004145843289943904,True,Cruise
1,97,1675394138.6119487,49.85123464465388,-0.0019835380712816294,False,False,False,False,100000,False,True,False,4.05751421485474,-0.01763677466590627,9.774172473214092,0.0003059644652363947,True,Cruise
1,98,1675394138.7119756,49.85123464465388,-0.0019835380712816294,False,False,False,False,100000,False,True,False,4.057533370411235,-0.01482155674109809,9.77419070890079,0.007072548191682073,True,Cruise
1,99,1675394138.8119507,49.85123464465388,-0.0019835380712816294,False,False,False,False,100000,False,True,False,4.05746944468295,-0.02626154018486395,9.774171436416532,0.0015114858146482036,True,Cruise
1,100,1675394138.9120228,49.91825330677158,-0.0010899559097122266,False,False,False,False,100000,False,True,False,4.057393186098626,-0.028446977120562735,9.774115327657755,0.0008312114481851645,True,Cruise
1,101,1675394139.012031,49.91825330677158,-0.0010899559097122266,False,False,False,False,100000,False,True,False,4.057349766053619,-0.029276150874818316,9.774076622922394,0.0008312114481851645,True,Cruise
1,102,1675394139.1119175,49.91825330677158,-0.0010899559097122266,False,False,False,False,100000,False,True,False,4.057249142860226,-0.0320579729907706,9.773984250658213,0.0015483229753120104,True,Cruise
1,103,1675394139.2119281,49.91825330677158,-0.0010899559097122266,False,False,False,False,100000,False,True,False,4.057105103428438,-0.030698108642826072,9.773821875977458,0.0041019933418146946,True,Cruise
1,104,1675394139.3119497,49.87482194591245,-0.0016690407211673245,False,False,False,False,100000,False,True,False,4.057014094508036,-0.025918785983571117,9.773711756904298,0.0006819821933468958,True,Cruise
1,105,1675394139.4119694,49.87482194591245,-0.0016690407211673245,False,False,False,False,100000,False,True,False,4.056894526752277,-0.024629617048200946,9.773610812948498,0.0015906740521182015,True,Cruise
1,106,1675394139.5120525,49.87482194591245,-0.0016690407211673245,False,False,False,False,100000,False,True,False,4.056747112898402,-0.032661880574031896,9.773524234860425,0.0027239039426940107,True,Cruise
1,107,1675394139.6118867,49.979982776250864,-0.0002668963166551075,False,False,False,False,100000,False,True,False,4.056747112898402,-0.032661880574031896,9.773524234860425,0.0027239039426940107,True,Cruise
1,108,1675394139.7118816,49.979982776250864,-0.0002668963166551075,False,False,False,False,100000,False,True,False,4.056602799255936,-0.03160923950905584,9.773417118690315,0.003886770211144709,True,Cruise
1,109,1675394139.8119497,49.979982776250864,-0.0002668963166551075,False,False,False,False,100000,False,True,False,4.056601832956462,-0.012929678232956763,9.773340797083312,0.014019833200370469,True,Cruise
1,110,1675394139.911872,49.88735635761793,-0.001501915231760905,False,False,False,False,100000,False,True,False,4.056569892917035,-0.008916326725549643,9.773313952136327,0.0007858242940991715,True,Cruise
1,111,1675394140.0118837,49.88735635761793,-0.001501915231760905,False,False,False,False,100000,False,True,False,4.056569892917035,-0.008916326725549643,9.773313952136327,0.006922236629134806,True,Cruise
1,112,1675394140.1119301,49.88735635761793,-0.001501915231760905,False,False,False,False,100000,False,True,False,4.0565049894779905,-0.018851840993732123,9.773338408650968,0.010699776419079685,True,Cruise
1,113,1675394140.2119012,49.88735635761793,-0.001501915231760905,False,False,False,False,100000,False,True,False,4.056511926386629,-0.019797882048983424,9.773364312055532,0.00019070147973871332,True,Cruise
1,114,1675394140.3119166,49.885003692981215,-0.0015332840935838258,False,False,False,False,100000,False,True,False,4.056511926386629,-0.019797882048983424,9.773364312055532,0.0002882319440065658,True,Cruise
1,115,1675394140.411912,49.885003692981215,-0.0015332840935838258,False,False,False,False,100000,False,True,False,4.05656768941501,-0.02349644924034293,9.773412731340382,0.0022878256348356388,True,Cruise
1,116,1675394140.5119352,49.885003692981215,-0.0015332840935838258,False,False,False,False,100000,False,True,False,4.05656768941501,-0.02349644924034293,9.773412731340382,0.0022878256348356388,True,Cruise
1,117,1675394140.6119146,49.81425974046401,-0.0024765367938132435,False,False,False,False,100000,False,True,False,4.056652403177147,-0.03331678255248646,9.773486122806398,0.0022715524083493804,True,Cruise
1,118,1675394140.7120256,49.81425974046401,-0.0024765367938132435,False,False,False,False,100000,False,True,False,4.056671981678311,-0.032691863169532515,9.773504058041866,0.0006254831936755946,True,Cruise
1,119,1675394140.8119636,49.81425974046401,-0.0024765367938132435,False,False,False,False,100000,False,True,False,4.056651997510968,-0.05281192842035978,9.773542167350122,0.003697135193394073,True,Cruise
1,120,1675394140.911865,49.85838235559711,-0.0018882352587052099,False,False,False,False,100000,False,True,False,4.056664377197604,-0.05866162914069465,9.773570954857739,0.0021526620563165934,True,Cruise
1,121,1675394141.0118742,49.85838235559711,-0.0018882352587052099,False,False,False,False,100000,False,True,False,4.056707893748117,-0.06719919605158844,9.773599881244639,0.008537726815963147,True,Cruise
1,122,1675394141.1118677,49.85838235559711,-0.0018882352587052099,False,False,False,False,100000,False,True,False,4.056780911173253,-0.061192926951626384,9.773607508564664,0.0019955034746614365,True,Cruise
1,123,1675394141.2118726,49.89041307568504,-0.0014611589908660868,False,False,False,False,100000,False,True,False,4.056810680849491,-0.06232923094364544,9.773613639885316,0.0007944179933292508,True,Cruise
1,124,1675394141.311868,49.89041307568504,-0.0014611589908660868,False,False,False,False,100000,False,True,False,4.056815097965279,-0.06267588771066111,9.773615430224117,0.0003466895301889961,True,Cruise
1,125,1675394141.411936,49.89041307568504,-0.0014611589908660868,False,False,False,False,100000,False,True,False,4.056816820274361,-0.06360019602789187,9.773616062679995,0.0009243101382387624,True,Cruise
1,126,1675394141.5120645,49.92129269113283,-0.0010494307848956511,False,False,False,False,100000,False,True,False,4.056855465572759,-0.051443304244601945,9.773608267297824,0.0017859798426559624,True,Cruise
1,127,1675394141.6119897,49.92129269113283,-0.0010494307848956511,False,False,False,False,100000,False,True,False,4.056846766075118,-0.04708225830069085,9.77359715115847,0.001804131320849943,True,Cruise
1,128,1675394141.7119172,49.92129269113283,-0.0010494307848956511,False,False,False,False,100000,False,True,False,4.056858788367359,-0.04043078579488464,9.773590701251376,0.0007709717320032051,True,Cruise
1,129,1675394141.8120353,49.92129269113283,-0.0010494307848956511,False,False,False,False,100000,False,True,False,4.056863618198926,-0.03266741844560098,9.773579367794731,0.0028069377310675626,True,Cruise
1,130,1675394141.9119153,49.90268507199905,-0.0012975323733459465,False,False,False,False,100000,False,True,False,4.056863618198926,-0.03266741844560098,9.773579367794731,0.006048806702925582,True,Cruise
1,131,1675394142.0118942,49.90268507199905,-0.0012975323733459465,False,False,False,False,100000,False,True,False,4.056822238438856,-0.027909066240874657,9.773560462775812,0.0012905302954744,True,Cruise
1,132,1675394142.111875,49.90268507199905,-0.0012975323733459465,False,False,False,False,100000,False,True,False,4.056795840304761,-0.02806331539696146,9.773551819683872,0.0003749370799177176,True,Cruise
1,133,1675394142.2118697,49.930971133540915,-0.000920384886121186,False,False,False,False,100000,False,True,False,4.056787436239081,-0.02765438786918886,9.77354740565358,0.0004090376938053207,True,Cruise
1,134,1675394142.3118415,49.930971133540915,-0.000920384886121186,False,False,False,False,100000,False,True,False,4.0567749518484515,-0.028037311745101604,9.773539237642954,0.0004181129079821743,True,Cruise
1,135,1675394142.4118314,49.930971133540915,-0.000920384886121186,False,False,False,False,100000,False,True,False,4.056782203199819,-0.02492555657657362,9.773528013417087,0.0031117838604574686,True,Cruise
1,136,1675394142.5118148,49.89149209763016,-0.0014467720315978069,False,False,False,False,100000,False,True,False,4.056771283648996,-0.026944897916155622,9.773523598199601,0.0008263161317294428,True,Cruise
1,137,1675394142.6118422,49.89149209763016,-0.0014467720315978069,False,False,False,False,100000,False,True,False,4.056764853262162,-0.0260045499560847,9.773523281199516,0.0009403699997200264,True,Cruise
1,138,1675394142.711885,49.89149209763016,-0.0014467720315978069,False,False,False,False,100000,False,True,False,4.056725637834938,-0.03693342151205746,9.773526024610415,0.004348033849085201,True,Cruise
1,139,1675394142.8119624,49.89149209763016,-0.0014467720315978069,False,False,False,False,100000,False,True,False,4.056711837463505,-0.039489811727659196,9.77352707303043,0.002556427680154577,True,Cruise
1,140,1675394142.9119587,49.899282552314354,-0.0013428993024752756,False,False,False,False,100000,False,True,False,4.05671089312594,-0.040519605076235136,9.773527445762205,0.0013943644016055508,True,Cruise
1,141,1675394143.011901,49.899282552314354,-0.0013428993024752756,False,False,False,False,100000,False,True,False,3.154610595528651,1.8517480092651444,10.23822303102984,2.1484141806231167,True,Cruise
1,142,1675394143.1119409,49.899282552314354,-0.0013428993024752756,False,False,False,False,100000,False,True,False,4.023079578679288,1.2961380997585439,10.030270658886716,1.3685899384661298,True,Cruise
1,143,1675394143.211888,49.91395579220879,-0.0011472561038828317,False,False,False,False,100000,False,True,False,4.501049324933766,-0.04079834012125137,9.734117074192145,0.12101784600715473,True,Cruise
1,144,1675394143.3118706,49.91395579220879,-0.0011472561038828317,False,False,False,False,100000,False,True,False,4.15182474199384,-0.19254366706530573,9.767980480432978,0.09951142366006666,True,Cruise
1,145,1675394143.4118772,49.91395579220879,-0.0011472561038828317,False,False,False,False,100000,False,True,False,4.094822595116444,-0.19690359515824407,9.773304371516039,0.02449767830022348,True,Cruise
1,146,1675394143.5119243,49.89415037759052,-0.0014113282987930778,False,False,False,False,100000,False,True,False,4.075644054070103,-0.18957448029882168,9.774848683811465,0.0037460383645342753,True,Cruise
1,147,1675394143.611978,49.89415037759052,-0.0014113282987930778,False,False,False,False,100000,False,True,False,4.086876486251673,-0.18276251241739008,9.773783510452668,0.013179720536320917,True,Cruise
1,148,1675394143.7119553,49.89415037759052,-0.0014113282987930778,False,False,False,False,100000,False,True,False,4.097298547486637,-0.1727123878523313,9.772841243275142,0.020475565399662506,True,Cruise
1,149,1675394143.8119683,49.89415037759052,-0.0014113282987930778,False,False,False,False,100000,False,True,False,4.106299501342943,-0.14144222615823682,9.772226669774442,0.013852930255454109,True,Cruise
1,150,1675394143.9120681,49.85673750859839,-0.0019101665520214039,False,False,False,False,100000,False,True,False,4.101041852911033,-0.11426438149589956,9.772784840826567,0.013859904907619472,True,Cruise
1,151,1675394144.012042,49.85673750859839,-0.0019101665520214039,False,False,False,False,100000,False,True,False,4.092656984733292,-0.08843900753830315,9.77347417548247,0.01385912898366265,True,Cruise
1,152,1675394144.1120126,49.85673750859839,-0.0019101665520214039,False,False,False,False,100000,False,True,False,4.085026580491276,-0.07833343619472151,9.773904789698463,0.006595991274336675,True,Cruise
1,153,1675394144.211909,49.85673750859839,-0.0019101665520214039,False,True,False,False,100000,False,True,False,4.074480402082238,-0.06021125128807442,9.77412297718261,0.006595991274336675,True,Cruise
1,154,1675394144.3118753,49.915778216912095,-0.001122957107838768,False,True,False,False,100000,False,True,False,4.449222794895541,1.7491067452022566,10.336709933230287,0.004770075813797549,True,Cruise
1,155,1675394144.4118774,49.915778216912095,-0.001122957107838768,False,True,False,False,100000,False,True,False,4.424253482992148,1.776663951131276,10.554723522986208,6.1026299183088195,True,Cruise
1,156,1675394144.5118575,49.915778216912095,-0.001122957107838768,False,True,False,False,100000,False,True,False,4.100186131136292,0.14691819436435988,9.88126583237946,0.06297739917268028,True,Cruise
1,157,1675394144.6118667,49.915778216912095,-0.001122957107838768,False,True,False,False,100000,False,True,False,4.100186131136292,0.14691819436435988,9.88126583237946,0.06297739917268028,True,Cruise
1,158,1675394144.712019,49.977577888466755,0.00029896148711002255,False,True,False,False,100000,False,True,False,4.127261056096219,0.00818445449320408,9.869930228794596,0.14180478852583367,True,Cruise
1,159,1675394144.811931,49.977577888466755,0.00029896148711002255,False,True,False,False,100000,False,True,False,4.051973875593888,0.09411118541756129,9.860730451066125,0.05272784899045631,True,Cruise
1,160,1675394144.9118867,49.977577888466755,0.00029896148711002255,False,True,False,False,100000,False,True,False,4.079626850246946,-0.005091831442285528,9.839332803958147,0.05088478182212914,True,Cruise
1,161,1675394145.0119689,49.963013839857545,-0.0004931488018993955,False,True,False,False,100000,False,True,False,4.08187213393923,-0.048439043066475056,9.829197363888799,0.04457296489858461,True,Cruise
1,162,1675394145.1119,49.963013839857545,-0.0004931488018993955,False,True,False,False,100000,False,True,False,4.08187213393923,-0.048439043066475056,9.829197363888799,0.04457296489858461,True,Cruise
1,163,1675394145.2118347,49.963013839857545,-0.0004931488018993955,False,True,False,False,100000,False,True,False,4.0502224518950785,-0.16311457978880617,9.792514364133254,0.024859121962613858,True,Cruise
1,164,1675394145.3118489,49.97105779421721,0.000385896077103824,False,True,False,False,100000,False,True,False,4.041211965132238,-0.17365934776508712,9.784130659365452,0.011853626275888231,True,Cruise
1,165,1675394145.4118772,49.936190730931386,0.0008507902542482126,False,True,False,False,100000,False,True,False,4.027084207999996,-0.17767600295127253,9.76861545204105,0.008664135752803602,True,Cruise
1,166,1675394145.511882,49.936190730931386,0.0008507902542482126,False,True,False,False,100000,False,True,False,4.01797141505109,-0.16081666272200168,9.75533191114831,0.017835394448596394,True,Cruise
1,167,1675394145.6118634,49.936190730931386,0.0008507902542482126,False,True,False,False,100000,False,True,False,4.01797141505109,-0.16081666272200168,9.75533191114831,0.05467555658002496,True,Cruise
1,168,1675394145.7118516,49.95551714474853,0.0005931047366863769,False,True,False,False,100000,False,True,False,4.010295432160441,-0.09424959547616081,9.737304049445452,0.08680319044001135,True,Cruise
1,169,1675394145.811867,49.95551714474853,0.0005931047366863769,False,True,False,False,100000,False,True,False,4.000389464749577,0.006432198679708846,9.720329430522302,0.016104962860134898,True,Cruise
1,170,1675394145.9118798,49.95551714474853,0.0005931047366863769,False,True,False,False,100000,False,True,False,4.0176992167379115,-0.03130835873767255,9.737007631687865,0.02324617259432136,True,Cruise
1,171,1675394146.0118759,49.9123131711958,0.0011691577173893505,False,True,False,False,100000,False,True,False,4.0176992167379115,-0.03130835873767255,9.737007631687865,0.3369671892734389,True,Cruise
1,172,1675394146.1118784,49.9123131711958,0.0011691577173893505,False,True,False,False,100000,False,True,False,3.9951519217387736,0.3032621720204623,9.70382531586628,0.0181937938231973,True,Cruise
1,173,1675394146.211858,49.9123131711958,0.0011691577173893505,False,True,False,False,100000,False,True,False,4.01340217095412,0.24814844404778783,9.725160219481985,0.019322365707197666,True,Cruise
1,174,1675394146.3121183,49.9123131711958,0.0011691577173893505,False,True,False,False,100000,False,True,False,4.034814407506612,0.1729942825684361,9.748020720510974,0.028230351618776336,True,Cruise
1,175,1675394146.412016,49.942289354531724,0.0007694752729103317,False,True,False,False,100000,False,True,False,4.0416968719552635,0.14614929482356653,9.755420833189802,0.02868420038224011,True,Cruise
1,176,1675394146.511938,49.942289354531724,0.0007694752729103317,False,True,False,False,100000,False,True,False,4.054428094701499,0.0991560144449727,9.769272842802051,0.02757344823932979,True,Cruise
1,177,1675394146.6118994,49.942289354531724,0.0007694752729103317,False,True,False,False,100000,False,True,False,4.065422385612048,0.0510163243767804,9.781318118749269,0.02325866963336658,True,Cruise
1,178,1675394146.7120564,49.942289354531724,0.0007694752729103317,False,True,False,False,100000,False,True,False,4.074357519590939,0.020499962261259077,9.791094330435817,0.014975929036679879,True,Cruise
1,179,1675394146.8118942,49.86960700232608,0.0017385733023189626,False,True,False,False,100000,False,True,False,4.083569770302504,-0.006706634035750334,9.800997546621609,0.007828317389683054,True,Cruise
1,180,1675394146.912062,49.86960700232608,0.0017385733023189626,False,True,False,False,100000,False,True,False,4.083569770302504,-0.006706634035750334,9.800997546621609,0.007828317389683054,True,Cruise
1,181,1675394147.012005,49.86960700232608,0.0017385733023189626,False,True,False,False,100000,False,True,False,4.087690500513806,0.0052937063794630205,9.805199772698332,0.013365900327146936,True,Cruise
1,182,1675394147.1118693,49.86960700232608,0.0017385733023189626,False,True,False,False,100000,False,True,False,4.087310891904418,0.019371455363058305,9.804382068626843,0.005877409949194599,True,Cruise
1,183,1675394147.2118256,49.86783467343541,0.0017622043541944616,False,True,False,False,100000,False,True,False,4.08634036757662,0.027062372359856063,9.803192181088445,0.007842700687678802,True,Cruise
1,184,1675394147.311835,49.86783467343541,0.0017622043541944616,False,True,False,False,100000,False,True,False,4.0394474573282,0.04499448118149738,9.806056539980064,0.8696692075278952,True,Cruise
1,185,1675394147.4119892,49.86783467343541,0.0017622043541944616,False,True,False,False,100000,False,True,False,3.173967735670175,0.07063473236752421,9.887370495978173,0.8696692075278952,True,Cruise
1,186,1675394147.521925,49.86783467343541,0.0017622043541944616,False,True,False,False,100000,False,True,False,1.1028704976819925,0.05888608370928691,10.024592928370133,0.2894421480789403,True,Cruise
1,187,1675394147.6119952,49.909075506983505,0.0012123265735532822,False,True,False,False,100000,False,True,False,0.6377925313719178,0.08236717790769028,10.009958683660052,0.17683571904479026,True,Cruise
1,188,1675394147.711977,49.69866693893006,0.004017774147599212,False,True,False,False,100000,False,True,False,0.5197327557898018,0.09398786798668578,9.988678616005648,0.4533768221757135,True,Cruise
1,189,1675394147.8119798,49.735862505422965,0.0035218332610271732,False,True,False,False,100000,False,True,False,-0.45093636836473255,0.1033500985210506,9.98153067401953,1.0803429426440052,True,Cruise
1,190,1675394147.9118667,49.23223747178893,0.01023683370948096,False,True,False,False,100000,False,True,False,-0.45093636836473255,0.1033500985210506,9.98153067401953,1.0803429426440052,True,Cruise
1,191,1675394148.0120087,49.723366860877185,0.00368844185497084,False,True,False,False,100000,False,True,False,-0.4269176758875707,0.4932392018547002,9.846863369935884,0.4131896577551124,True,Cruise
1,192,1675394148.1119087,49.723366860877185,0.00368844185497084,False,True,False,False,100000,False,True,False,-0.36541672608469933,0.3529145354487196,9.773566007861891,0.05249703108798078,True,Cruise
1,193,1675394148.2118547,49.70585133948295,0.003921982140227376,False,True,False,False,100000,False,True,False,-0.4374048454749378,0.24116796464776222,9.750093551640184,0.1642084703175511,True,Cruise
1,194,1675394148.3118756,49.70585133948295,0.003921982140227376,False,True,False,False,100000,False,True,False,-0.6902633275210337,0.421390126512943,9.698038333307633,0.07292886468663373,True,Cruise
1,195,1675394148.4118702,49.70585133948295,0.003921982140227376,False,True,False,False,100000,False,True,False,-0.6902633275210337,0.421390126512943,9.698038333307633,0.07292886468663373,True,Cruise
1,196,1675394148.5118737,49.70585133948295,0.003921982140227376,False,True,False,False,100000,False,True,False,-0.7688487699936415,0.4723689335156683,9.656997318763247,0.10226864332173911,True,Cruise
1,197,1675394148.6120343,49.741940206756084,0.003440797243252163,False,True,False,False,100000,False,True,False,-0.715016087286493,0.45836861619201913,9.64322828758636,0.057302293428461236,True,Cruise
1,198,1675394148.7119565,48.938547615172475,0.014152698464367015,False,True,False,False,100000,False,True,False,-0.5515341046273169,0.39515166905889765,9.623524967081913,0.3055371524685195,True,Cruise
1,199,1675394148.8118236,48.20241057204258,0.02396785903943222,False,True,False,False,100000,False,True,False,-0.15776436383297573,0.3407635586106016,9.603702154071684,0.09389025062971146,True,Cruise
1,200,1675394148.9118476,49.92261866947897,-0.0010317510736136467,False,True,False,False,100000,False,True,False,-0.15776436383297573,0.3407635586106016,9.603702154071684,0.09389025062971146,True,Cruise
1,201,1675394149.0120034,48.591217993994206,0.018783760080077233,False,True,False,False,100000,False,True,False,-0.15776436383297573,0.3407635586106016,9.603702154071684,0.09389025062971146,True,Cruise
1,202,1675394149.111942,48.591217993994206,0.018783760080077233,False,True,False,False,100000,False,True,False,-3.0342486170513983,0.3732503875174932,9.884164681849168,2.4593651479868734,True,Cruise
1,203,1675394149.2119853,49.33526189924359,0.008863174676752109,False,True,False,False,100000,False,True,False,-3.3008927831718444,0.48326173888147905,9.902169947118708,0.2890083014939622,True,Cruise
1,204,1675394149.311915,49.30395256621378,-0.009280632450482905,False,True,False,False,100000,False,True,False,-1.557086505302814,0.6539301877523106,9.715972739435617,1.7740652994818964,True,Cruise
1,205,1675394149.4118721,49.30395256621378,-0.009280632450482905,False,True,False,False,100000,False,True,False,1.3013835008504235,0.5313267009305901,9.492910727146068,1.0965174450345199,True,Cruise
1,206,1675394149.5120063,49.51284187480024,-0.006495441669330215,False,True,False,False,100000,False,True,False,0.3496521752791328,0.21918101904857537,9.666391021198708,0.38033578012145647,True,Cruise
1,207,1675394149.6118953,48.29470442740772,-0.022737274301230303,False,True,False,False,100000,False,True,False,0.9459665455247641,0.23814328953492367,9.655237582088755,0.8573701126336514,True,Cruise
1,208,1675394149.7118757,48.29470442740772,-0.022737274301230303,False,True,False,False,100000,False,True,False,1.2961710534950908,0.2609465751724964,9.659400654742678,0.3509708227367756,True,Cruise
1,209,1675394149.8119452,48.29470442740772,-0.022737274301230303,False,True,False,False,100000,False,True,False,0.08025188749654125,0.1910077395970941,9.810445103548556,1.2366985645953568,True,Cruise
1,210,1675394149.9217558,49.29578641310089,-0.009389514491988106,False,True,False,False,100000,False,True,False,-1.9718847000813078,-0.45530706112727154,10.023474656162481,0.9253415839257264,True,Cruise
1,211,1675394150.0118692,49.29578641310089,-0.009389514491988106,False,True,False,False,100000,False,True,False,-1.9718847000813078,-0.45530706112727154,10.023474656162481,0.9253415839257264,True,Cruise
1,212,1675394150.1118834,49.88340582201093,0.00155458903985426,False,True,False,False,100000,False,True,False,-1.9718847000813078,-0.45530706112727154,10.023474656162481,2.7716719257115776,True,Cruise
1,213,1675394150.2118704,49.10295800485824,0.011960559935223507,False,True,False,False,100000,False,True,False,2.044765519584468,-0.716207513494806,9.671949021275724,1.27100036042139,True,Cruise
1,214,1675394150.3118904,49.10295800485824,0.011960559935223507,False,True,False,False,100000,False,True,False,2.874235348163893,-0.6302955016915075,9.620927873543083,1.5138415630492024,True,Cruise
1,215,1675394150.411906,49.10295800485824,0.011960559935223507,False,True,False,False,100000,False,True,False,-0.5787264912921435,-0.33090177652794767,9.987318622921135,0.7988757992372125,True,Cruise
1,216,1675394150.5336714,49.54397668493933,0.006080310867475553,False,True,False,False,100000,False,True,False,-1.0605130590677365,-0.3128625718415915,10.029383349082012,0.48395573246082324,True,Cruise
1,217,1675394150.6119006,49.54397668493933,0.006080310867475553,False,True,False,False,100000,False,True,False,-1.0605130590677365,-0.3128625718415915,10.029383349082012,0.48395573246082324,True,Cruise
1,218,1675394150.711906,48.1472645436159,0.024703139418454687,False,True,False,False,100000,False,True,False,0.5048108746129971,-0.3150358861427846,9.885203599955032,1.0302185884587314,True,Cruise
1,219,1675394150.811866,48.962463234161504,0.01383382354451333,False,True,False,False,100000,False,True,False,0.5048108746129971,-0.3150358861427846,9.885203599955032,1.0302185884587314,True,Cruise
1,220,1675394150.9119122,48.962463234161504,0.01383382354451333,False,True,False,False,100000,False,True,False,-0.7093571381114576,0.09938409795794094,9.987837155122106,1.0051952887203688,True,Cruise
1,221,1675394151.0151403,48.03897904049212,0.026146946126771653,False,True,False,False,100000,False,True,False,-1.0269415973734226,0.5661727476002818,9.95335914734293,0.4347144514660066,True,Cruise
1,222,1675394151.1118505,48.03897904049212,0.026146946126771653,False,True,False,False,100000,False,True,False,-1.615610547749675,0.6252880824715171,9.994422465567702,0.5930530769312692,True,Cruise
1,223,1675394151.2119098,49.06690213994656,0.0124413048007125,False,True,False,False,100000,False,True,False,-1.615610547749675,0.6252880824715171,9.994422465567702,0.5930530769312692,True,Cruise
1,224,1675394151.311954,49.06690213994656,0.0124413048007125,False,True,False,False,100000,False,True,False,-3.4143334056094314,1.4075660234212026,10.023011665493234,0.2283327262608358,True,Cruise
1,225,1675394151.4119983,49.472738394040725,-0.00703015474612361,False,True,False,False,100000,False,True,False,-1.7658603241559607,1.4200409059762118,9.78189600874949,1.853712148791072,True,Cruise
1,226,1675394151.5119216,49.97343021757333,0.00035426376568897913,False,True,False,False,100000,False,True,False,1.1812314046382082,1.4313399165231058,9.491118117121934,1.2521075507453199,True,Cruise
1,227,1675394151.611853,47.17350066308761,0.03768665782549856,False,True,False,False,100000,False,True,False,1.9770027521659868,1.1705809512382632,9.42404124492922,0.8400872468415146,True,Cruise
1,228,1675394151.7119052,47.17350066308761,0.03768665782549856,False,True,False,False,100000,False,True,False,1.9770027521659868,1.1705809512382632,9.42404124492922,1.2491483132372811,True,Cruise
1,229,1675394151.813945,48.00546736370402,0.02659376848394642,False,True,False,False,100000,False,True,False,-2.1499884095726154,1.5176210074681922,9.884222380454847,1.2687924379367417,True,Cruise
1,230,1675394151.9118822,48.00546736370402,0.02659376848394642,False,True,False,False,100000,False,True,False,-2.893673742240596,1.544792164374304,9.94736621123008,0.7468556012764933,True,Cruise
1,231,1675394152.0118883,49.91426848494193,0.0011430868674409114,False,True,False,False,100000,False,True,False,-3.2503493015117204,1.317711535646051,9.970513063871726,0.14056718999599543,True,Cruise
1,232,1675394152.111966,49.91426848494193,0.0011430868674409114,False,True,False,False,100000,False,True,False,-1.210894784936574,1.1621686324131721,9.751587845256815,1.9548461934867796,True,Cruise
1,233,1675394152.2121243,49.91426848494193,0.0011430868674409114,False,True,False,False,100000,False,True,False,-1.210894784936574,1.1621686324131721,9.751587845256815,1.9548461934867796,True,Cruise
1,234,1675394152.3119876,48.10849740839453,0.02522003455473966,False,True,False,False,100000,False,True,False,3.1614520803321158,0.6997657877261201,9.447494875109186,1.7690928964661445,True,Cruise
1,235,1675394152.411953,48.3638562398876,0.021815250134831914,False,True,False,False,100000,False,True,False,-0.3161632578941482,0.9328359269999318,9.838383981038294,1.7614016998601338,True,Cruise
1,236,1675394152.5119038,48.10165530530366,0.025311262595951248,False,True,False,False,100000,False,True,False,-1.56044910200364,1.132411455367998,9.963875810490087,1.2664224621483233,True,Cruise
1,237,1675394152.6142554,48.10165530530366,0.025311262595951248,False,True,False,False,100000,False,True,False,-1.3395300470214844,1.0307454877979167,9.944823238065393,0.5212026850466662,True,Cruise
1,238,1675394152.7119832,48.52769417679893,0.019630744309347636,False,True,False,False,100000,False,True,False,-1.9571517312578806,1.0151882958234226,10.004418471842138,0.5323670357345474,True,Cruise
1,239,1675394152.8121476,48.52769417679893,0.019630744309347636,False,True,False,False,100000,False,True,False,-0.4369573158955855,1.0262009721739973,9.848303929309075,0.42375731864391747,True,Cruise
1,240,1675394152.9123354,49.55883286515546,-0.00588222846459387,False,True,False,False,100000,False,True,False,0.8011274816023729,1.0890117994942592,9.72992420790972,1.245316395243717,True,Cruise
1,241,1675394153.0119355,48.50032177800667,0.01999570962657768,False,True,False,False,100000,False,True,False,2.5207181021874137,1.2804543938094295,9.601250202480177,1.0260848940459455,True,Cruise
1,242,1675394153.1119142,48.50032177800667,0.01999570962657768,False,True,False,False,100000,False,True,False,2.9598430506633875,0.957582571637977,9.582837009702171,0.5453585789135629,True,Cruise
1,243,1675394153.212052,49.972316433745966,-0.00036911421672040923,False,True,False,False,100000,False,True,False,-0.10884072012393195,1.1867349835902763,9.906365005843792,0.08798955796865048,True,Cruise
1,244,1675394153.3118794,49.58460847948355,-0.005538553606886027,False,True,False,False,100000,False,True,False,-0.10884072012393195,1.1867349835902763,9.906365005843792,0.06620369003927376,True,Cruise
1,245,1675394153.4118853,49.58460847948355,-0.005538553606886027,False,True,False,False,100000,False,True,False,2.0491182589278094,0.8639469840119705,9.714426766813437,1.0649443220077066,True,Cruise
1,246,1675394153.5121274,47.888050314469474,-0.028159329140407068,False,True,False,False,100000,False,True,False,2.0491182589278094,0.8639469840119705,9.714426766813437,1.0649443220077066,True,Cruise
1,247,1675394153.61191,47.116012729236175,-0.038453163610184256,False,True,False,False,100000,False,True,False,2.843839815385747,0.4457301835588441,9.678882948627528,0.1451785753146453,True,Cruise
1,248,1675394153.712024,47.116012729236175,-0.038453163610184256,False,True,False,False,100000,False,True,False,-1.526503198362921,-0.1662041359638929,10.095287990182818,4.432578801089069,True,Cruise
1,249,1675394153.8297377,47.116012729236175,-0.038453163610184256,False,True,False,False,100000,False,True,False,-2.7118188486102413,-0.6971373093767473,10.158527609828038,0.5032185451222079,True,Cruise
1,250,1675394153.9274735,48.33308514773459,0.022225531363538723,False,True,False,False,100000,False,True,False,-2.7118188486102413,-0.6971373093767473,10.158527609828038,0.3160407474623867,True,Cruise
1,251,1675394154.021899,49.290256757009594,-0.009463243239872063,False,True,False,False,100000,False,True,False,-1.2853429281695667,-1.2681303721320967,9.952389932887026,1.707026355946611,True,Cruise
1,252,1675394154.1216986,49.290256757009594,-0.009463243239872063,False,True,False,False,100000,False,True,False,1.2789764406484994,-0.16715042537774855,9.689700202028439,1.3964695477596494,True,Cruise
1,253,1675394154.2141137,49.290256757009594,-0.009463243239872063,False,True,False,True,100000,False,True,False,1.2789764406484994,-0.16715042537774855,9.689700202028439,1.3964695477596494,True,Cruise
1,254,1675394154.3138177,48.59318091238979,-0.01875758783480276,False,True,False,True,100000,False,True,False,2.535478515921002,-1.1813346754045215,9.60478911190191,1.8993610872155209,True,Cruise
1,255,1675394154.4118881,47.50832509646812,0.033222332047091754,False,True,False,True,100000,False,True,False,2.163179329715883,-1.0933042684873087,9.65047718205891,1.468001497359506,True,Cruise
1,256,1675394154.5121243,47.50832509646812,0.033222332047091754,False,True,False,True,100000,False,True,False,-0.8025540761788165,-0.9833650343589023,9.939275103511726,1.3390493704122168,True,Cruise
1,257,1675394154.6121044,48.4711806003486,0.020384258662018654,False,True,False,True,100000,False,True,False,-2.5835223238969984,0.30801737567912146,10.071698985202381,0.8654091755987374,True,Cruise
1,258,1675394154.7120216,45.78460086389269,0.05620532181476414,False,True,False,True,100000,False,True,False,-2.5835223238969984,0.30801737567912146,10.071698985202381,0.8654091755987374,True,Cruise
1,259,1675394154.811991,45.78460086389269,0.05620532181476414,False,True,False,True,100000,False,True,False,-0.8588283588351054,0.3872192565284693,9.852556436375991,1.7403636596289622,True,Cruise
1,260,1675394154.9120111,47.05336482081699,0.03928846905577349,False,True,False,True,100000,False,True,False,-1.4170736986840091,0.3422876751229671,9.896240878898753,0.9654846393941063,True,Cruise
1,261,1675394155.0120108,47.675891444174674,0.030988114077670995,False,True,False,True,100000,False,True,False,-2.6922666403318236,1.5715389511548445,9.96518227400793,0.5790673457159652,True,Cruise
1,262,1675394155.111928,47.675891444174674,0.030988114077670995,False,True,False,True,100000,False,True,False,-3.4473148030385774,1.9158107803533793,9.971980370017656,0.21032766176646217,True,Cruise
1,263,1675394155.2120545,47.675891444174674,0.030988114077670995,False,True,False,True,100000,False,True,False,-3.6515872903993536,1.9635449704446242,9.956751341554824,0.21032766176646217,True,Cruise
1,264,1675394155.3118775,49.79986371673839,0.0026684837768214146,False,True,False,True,100000,False,True,False,-3.6515872903993536,1.9635449704446242,9.956751341554824,0.21032766176646217,True,Cruise
1,265,1675394155.4121425,47.43539408110904,-0.03419474558521279,False,True,False,True,100000,False,True,False,0.42922105267019084,2.5004409571993853,9.490110728193041,1.3633151590661212,True,Cruise
1,266,1675394155.5119534,47.43539408110904,-0.03419474558521279,False,True,False,True,100000,False,True,False,2.051910119918539,1.8615741195584163,9.371218355635715,0.6761232205969673,True,Cruise
1,267,1675394155.6120167,48.6544800573365,-0.017940265902180043,False,True,False,True,100000,False,True,False,0.36452027182165475,1.1493621663080997,9.581799229134855,0.581762984137465,True,Cruise
1,268,1675394155.7119334,48.6544800573365,-0.017940265902180043,False,True,False,True,100000,False,True,False,0.8637938112757615,0.8527422757071624,9.547292084753078,0.581762984137465,True,Cruise
1,269,1675394155.811959,48.323038757591355,-0.022359483232115198,False,True,False,True,100000,False,True,False,1.6022003929863375,0.7460023235480432,9.54766270767566,0.581762984137465,True,Cruise
1,270,1675394155.9120407,48.323038757591355,-0.022359483232115198,False,True,False,True,100000,False,True,False,1.7137841641497238,0.5042439043678414,9.573242519667788,0.26749279992759767,True,Cruise
1,271,1675394156.0121305,44.39588274537447,-0.07472156339500705,False,True,False,True,100000,False,True,False,0.5706887847239668,-0.13139544840843045,9.754217936718604,0.8061741176421724,True,Cruise
1,272,1675394156.1119606,44.39588274537447,-0.07472156339500705,False,True,False,True,100000,False,True,False,0.04122798838469378,-0.5344982476360541,9.850724266916298,0.1946642047699533,True,Cruise
1,273,1675394156.2119632,44.2786816531128,-0.07628424462516271,False,True,False,True,100000,False,True,False,-0.7359035583383747,-1.3300155671389193,9.948869884623168,1.0498687576291688,True,Cruise
1,274,1675394156.312022,44.2786816531128,-0.07628424462516271,False,True,False,True,100000,False,True,False,-1.541444645439821,-1.9981726512915157,10.031900458112304,1.0498687576291688,True,Cruise
1,275,1675394156.4139395,44.14137292606285,-0.07811502765249537,False,True,False,True,100000,False,True,False,-1.541444645439821,-1.9981726512915157,10.031900458112304,1.0498687576291688,True,Cruise
1,276,1675394156.5177395,44.14137292606285,-0.07811502765249537,False,True,False,True,100000,False,True,False,-3.0273688793417306,-3.7600524985090296,10.104077565593869,0.36008984705026004,True,Cruise
1,277,1675394156.6221528,43.933143395892806,-0.08089142138809596,False,True,False,True,100000,False,True,False,-3.1653364410895777,-4.098280603552295,10.08847810545557,0.36561816460948804,True,Cruise
1,278,1675394156.7258174,44.959158921958945,-0.0672112143738807,False,True,False,True,100000,False,True,False,-3.474701891430219,-4.6070924931921295,10.049213579426922,0.32529908945594566,True,Cruise
1,279,1675394156.8299153,44.959158921958945,-0.0672112143738807,False,True,False,True,100000,False,True,False,-3.64766722559938,-4.862368973324569,10.026501447039644,0.30919076488574926,True,Cruise
1,280,1675394156.9340856,45.40950735516859,-0.0612065685977521,False,True,False,True,100000,False,True,False,-3.64766722559938,-4.862368973324569,10.026501447039644,0.46341858039271194,True,Cruise
1,281,1675394157.0118735,45.54382335037885,-0.05941568866161538,False,True,False,True,100000,False,True,False,-4.3698313407357565,-4.7007033168589,9.88033711205925,0.14974309532852498,True,Cruise
1,282,1675394157.1118958,45.54382335037885,-0.05941568866161538,False,True,False,True,100000,False,True,False,-4.475830484649269,-4.625063069159254,9.84678377857966,0.1344733868468179,True,Cruise
1,283,1675394157.2119393,46.54017695999234,-0.046130973866768836,False,True,False,True,100000,False,True,False,-3.8356263120378755,-4.3229208943623725,9.70933061309906,0.4478763584003093,True,Cruise
1,284,1675394157.312459,46.54017695999234,-0.046130973866768836,False,True,False,True,100000,False,True,False,-3.503796707990951,-4.122461941720861,9.650329674738066,0.3921425615048033,True,Cruise
1,285,1675394157.4119961,47.03530778002619,-0.03952922959965086,False,True,False,True,100000,False,True,False,-3.503796707990951,-4.122461941720861,9.650329674738066,3.5512604981595874,True,Cruise
1,286,1675394157.5118983,47.09107432336977,-0.038785675688403104,False,True,False,True,100000,False,True,False,1.7531564783767672,-2.7634723610628056,9.203382084325986,0.7287266779033565,True,Cruise
1,287,1675394157.6118956,47.09107432336977,-0.038785675688403104,False,True,False,True,100000,False,True,False,1.7531564783767672,-2.7634723610628056,9.203382084325986,0.5090786248462592,True,Cruise
1,288,1675394157.7138722,47.935748690836625,-0.027523350788844988,False,True,False,True,100000,False,True,False,2.236410301705543,-2.6034071708293745,9.200948282975384,0.2562193594538774,True,Cruise
1,289,1675394157.8180895,47.935748690836625,-0.027523350788844988,False,True,False,True,100000,False,True,False,3.007301398742784,-2.329855125876945,9.302879990796015,0.23481511119024925,True,Cruise
1,290,1675394157.922048,48.1245773545292,-0.02500563527294394,False,False,False,True,100000,False,True,False,3.911921822243658,-1.9304587302010103,9.505066684695688,0.40676742852783104,True,Cruise
1,291,1675394158.0261414,48.1245773545292,-0.02500563527294394,False,False,False,True,100000,False,True,False,4.255133555887974,-1.8471994779169365,9.550167311203298,0.29648991418994175,True,Cruise
1,292,1675394158.1306937,49.35136943356044,-0.011597429833130852,False,False,False,True,100000,False,True,False,4.8009163614594526,-1.3280587960784063,9.729374742823731,0.39493910209038,True,Cruise
1,293,1675394158.2341025,49.130192762515186,-0.011597429833130852,False,False,False,True,100000,False,True,False,4.946481221424991,-0.9480410660541367,9.807397527049831,0.41435511152630644,True,Cruise
1,294,1675394158.3120503,49.700650090924825,-0.00399133212100236,False,False,False,True,100000,False,True,False,5.326249175690495,-0.9861602754075658,9.93930508649052,0.40382716283867726,True,Cruise
1,295,1675394158.4120545,49.700650090924825,-0.00399133212100236,False,False,False,True,100000,False,True,False,5.326249175690495,-0.9861602754075658,9.93930508649052,0.40382716283867726,True,Cruise
1,296,1675394158.5120935,49.911013043419786,0.0011864927544028806,False,False,False,True,100000,False,True,False,5.40952431927094,-1.0306673699421123,10.015778823235841,0.12496210211853676,True,Cruise
1,297,1675394158.6122253,49.911013043419786,0.0011864927544028806,False,False,False,True,100000,False,True,False,5.323602964452589,-0.7030986052092245,10.094934097067032,0.09623722407782627,True,Cruise
1,298,1675394158.7119627,49.42483760544436,0.007668831927408522,False,False,False,True,100000,False,True,False,5.249669292614126,-0.6758239746313073,10.110058495613133,0.08024238740254898,True,Cruise
1,299,1675394158.8119476,49.42483760544436,0.007668831927408522,False,False,False,True,100000,False,True,False,5.249669292614126,-0.6758239746313073,10.110058495613133,0.08024238740254898,True,Cruise
1,300,1675394158.9119008,48.807523036068034,0.015899692852426206,False,False,False,True,100000,False,True,False,3.6952329326327455,-0.441174021629689,10.248798138119506,1.5781576873299514,True,Cruise
1,301,1675394159.013877,48.13265023645991,0.02489799684720117,False,False,False,True,100000,False,True,False,1.563207252386963,-0.4088619463160348,10.384729561861205,0.939835846468044,True,Cruise
1,302,1675394159.1218703,48.13265023645991,0.02489799684720117,False,False,False,True,100000,False,True,False,-1.0006088287978099,-0.19717435699150868,10.430152157842175,0.9627487864217632,True,Cruise
1,303,1675394159.2119215,48.2196698670993,0.02373773510534274,False,False,False,True,100000,False,True,False,-1.799928273868342,0.0400609659542296,10.415893528094097,0.8339037607801782,True,Cruise
1,304,1675394159.3119726,48.2196698670993,0.02373773510534274,False,False,False,True,100000,False,True,False,-2.420539305746554,0.2940804941725945,10.376791121901801,0.8758746428537189,True,Cruise
1,305,1675394159.4119406,48.2196698670993,0.02373773510534274,False,False,False,True,100000,False,True,False,-2.43037535023326,1.2674515304704321,10.04923851094898,0.1959569978968067,True,Cruise
1,306,1675394159.5118692,48.348704154173966,0.02201727794434712,False,False,False,True,100000,False,True,False,-3.0685507118313784,1.3210224545133677,9.940202080349206,0.6138072937975092,True,Cruise
1,307,1675394159.6119103,48.348704154173966,0.02201727794434712,False,False,False,True,100000,False,True,False,-3.276498800466681,1.4901980332345646,9.871535985036841,0.27672697130596846,True,Cruise
1,308,1675394159.7119539,48.40077194768124,0.02132304069758341,False,False,False,True,100000,False,True,False,-1.861857351885727,1.5518158160469444,9.658094077886814,0.27672697130596846,True,Cruise
1,309,1675394159.8299599,48.40077194768124,0.02132304069758341,False,False,False,True,100000,False,True,False,-0.9746594071628932,1.5982304379075987,9.482884701635337,0.06238000681585735,True,Cruise
1,310,1675394159.9302764,48.40077194768124,0.02132304069758341,False,False,False,True,100000,False,True,False,-1.213300108597156,1.6795285236586952,9.412923821263965,0.2616357924867449,True,Cruise
1,311,1675394160.0224404,48.40077194768124,0.02132304069758341,False,False,False,True,100000,False,True,False,-1.213300108597156,1.6795285236586952,9.412923821263965,0.2616357924867449,True,Cruise
1,312,1675394160.1180193,48.54682462135998,0.019375671715200236,False,False,False,True,100000,False,True,False,-1.3494042032325686,1.699058699268192,9.40915608375591,0.13754980255090424,True,Cruise
1,313,1675394160.217714,48.54682462135998,0.019375671715200236,False,False,False,True,100000,False,True,False,-0.29831730861954536,1.634442159130626,9.321197442399296,1.0396154825674526,True,Cruise
1,314,1675394160.312085,48.23758475884145,0.023498869882113985,False,False,False,True,100000,False,True,False,-0.3877283412121732,1.593639984614019,9.349232498935033,0.09387150305738746,True,Cruise
1,315,1675394160.4120505,48.23758475884145,0.023498869882113985,False,False,False,True,100000,False,True,False,-0.461235139961718,1.5449439377708318,9.381439713122123,0.09387150305738746,True,Cruise
1,316,1675394160.5118785,49.04687356163826,0.0127083525114899,False,False,False,True,100000,False,True,False,-2.08870485005738,1.5074042868367854,9.608759119753238,1.643697355142433,True,Cruise
1,317,1675394160.6118348,49.25444030412064,0.009940795945058124,False,False,False,True,100000,False,True,False,-0.5189867438250416,1.450150624064883,9.488583995869169,1.575352333712998,True,Cruise
1,318,1675394160.712019,49.25444030412064,0.009940795945058124,False,False,False,True,100000,False,True,False,2.8804364368597852,0.9794737433510778,9.346620228252897,1.5127544634929577,True,Cruise
1,319,1675394160.8118837,49.204714472430325,0.010603807034262325,False,False,False,True,100000,False,True,False,3.5785785660072302,0.8705408117704886,9.427997919126327,0.237868031675965,True,Cruise
1,320,1675394160.9120972,49.204714472430325,0.010603807034262325,False,False,False,True,100000,False,True,False,3.5785785660072302,0.8705408117704886,9.427997919126327,0.237868031675965,True,Cruise
1,321,1675394161.0299733,49.204714472430325,0.010603807034262325,False,False,False,True,100000,False,True,False,3.5785785660072302,0.8705408117704886,9.427997919126327,0.237868031675965,True,Cruise
1,322,1675394161.1256554,49.204714472430325,0.010603807034262325,False,False,False,True,100000,False,True,False,1.647847699867204,0.8157016856708293,9.879334083175824,0.30450513974477866,True,Cruise
1,323,1675394161.2217436,48.547106646804096,0.0193719113759454,False,False,False,True,100000,False,True,False,1.647847699867204,0.8157016856708293,9.879334083175824,0.30450513974477866,True,Cruise
1,324,1675394161.3180363,49.082494048978546,0.012233412680286049,False,False,False,True,100000,False,True,False,0.4062683740743211,0.6413532195527598,10.137898015511222,0.21946164498820775,True,Cruise
1,325,1675394161.413663,48.81795051828682,0.01576065975617576,False,False,False,True,100000,False,True,False,0.6268215888039603,0.6013092658137097,10.135644423813174,0.2241702866888809,True,Cruise
1,326,1675394161.5119438,48.81795051828682,0.01576065975617576,False,False,False,True,100000,False,True,False,0.6268215888039603,0.6013092658137097,10.135644423813174,0.2241702866888809,True,Cruise
1,327,1675394161.6119368,49.178106202880265,0.010958583961596444,False,False,False,True,100000,False,True,False,-0.5478408637241259,0.6346369201224772,10.232782168769809,1.1791430580791644,True,Cruise
1,328,1675394161.7118673,49.50782365486957,0.00656235126840572,False,False,False,True,100000,False,True,False,1.0744724521440259,0.6224978045760204,10.042411803616435,1.061845831061193,True,Cruise
1,329,1675394161.8118792,49.50782365486957,0.00656235126840572,False,False,False,True,100000,False,True,False,2.834567397800735,0.5741160265853066,9.860430755141895,0.3916569153296933,True,Cruise
1,330,1675394161.9118683,49.49727309538235,0.006703025394902024,False,False,False,True,100000,False,True,False,2.9050601688798747,0.426544454218314,9.842811068943911,0.33492844420515583,True,Cruise
1,331,1675394162.0121021,49.82118289438678,0.0023842280748429317,False,False,False,True,100000,False,True,False,2.9050601688798747,0.426544454218314,9.842811068943911,1.4567316114439437,True,Cruise
1,332,1675394162.1340888,49.82118289438678,0.0023842280748429317,False,False,False,True,100000,False,True,False,0.8318516556213534,0.6374437888876817,9.986582954013388,0.6323089545258886,True,Cruise
1,333,1675394162.2300375,49.82118289438678,0.0023842280748429317,False,False,False,True,100000,False,True,False,2.0578083651188064,0.5593935370671269,9.82668624789037,0.6453350480280134,True,Cruise
1,334,1675394162.3261461,49.82087334869055,0.002388355350792729,False,False,False,True,100000,False,True,False,1.0286387393532084,0.4375453411301997,9.875446515401531,0.4720470232495893,True,Cruise
1,335,1675394162.4216783,49.834783851289046,-0.002202881982812759,False,False,False,True,100000,False,True,False,0.6766520062732042,0.4083648964258352,9.886058147798078,0.353353598198176,True,Cruise
1,336,1675394162.517923,49.834783851289046,-0.002202881982812759,False,False,False,True,100000,False,True,False,0.41512769484031325,0.241009942059289,9.864046904081194,0.3112669932251741,True,Cruise
1,337,1675394162.613965,49.99860457268281,-1.8605697562516067e-05,False,False,False,True,100000,False,True,False,0.34122614818174823,0.1963203249920535,9.84978409882614,0.08753301140648487,True,Cruise
1,338,1675394162.7118866,49.99860457268281,-1.8605697562516067e-05,False,False,False,True,100000,False,True,False,0.28350358099159223,0.1461527220222123,9.833796852187792,0.07812986116611921,True,Cruise
1,339,1675394162.8119838,49.74029614410626,0.0034627180785831964,False,False,False,True,100000,False,True,False,1.2475283758281317,0.11294787459908344,9.716434849443283,0.2910839782289211,True,Cruise
1,340,1675394162.9118743,49.918576694223916,-0.0010856440770144779,False,False,False,True,100000,False,True,False,-0.3301758933185813,-0.026921387636297516,9.84559077113888,0.9083626269748831,True,Cruise
1,341,1675394163.012091,49.918576694223916,-0.0010856440770144779,False,False,False,True,100000,False,True,False,-1.2351755290871576,0.023429064642752052,9.905282925554266,0.9083626269748831,True,Cruise
1,342,1675394163.1120608,49.90676102236092,0.0012431863685210883,False,False,False,True,100000,False,True,False,0.4665424177047715,-0.18008989376491588,9.693940587942272,0.10139278826588644,True,Cruise
1,343,1675394163.2119002,49.91436137481357,0.0011418483358190234,False,False,False,True,100000,False,True,False,0.14381422078752532,-0.08694087288820586,9.714812106242874,0.1698677104295909,True,Cruise
1,344,1675394163.3121128,49.91436137481357,0.0011418483358190234,False,False,False,True,100000,False,True,False,0.004379364753253803,-0.07361886946023727,9.725131514505403,0.043461631034546526,True,Cruise
1,345,1675394163.4300003,49.591113939668396,0.005451814137754734,False,False,False,True,100000,False,True,False,-0.09747850357006609,-0.06353409368710815,9.732958852024847,0.05923264727200407,True,Cruise
1,346,1675394163.5258255,49.591113939668396,0.005451814137754734,False,False,False,True,100000,False,True,False,-0.09747850357006609,-0.06353409368710815,9.732958852024847,0.05923264727200407,True,Cruise
1,347,1675394163.6220527,49.591113939668396,0.005451814137754734,False,False,False,True,100000,False,True,False,-1.9987474425671148,0.13884882809104496,9.884568355915242,1.9180114355999855,True,Cruise
1,348,1675394163.7178206,49.388090174342636,0.008158797675431515,False,False,False,True,100000,False,True,False,-1.5201556718976905,0.10937199299578128,9.828443296057431,0.4827721917258398,True,Cruise
1,349,1675394163.8158,49.83240325609005,0.0022346232521326093,False,False,False,True,100000,False,True,False,-2.030108306985703,0.09206603008108336,9.873298997161763,0.5122140375928539,True,Cruise
1,350,1675394163.9126234,49.83240325609005,0.0022346232521326093,False,False,False,True,100000,False,True,False,-1.5181895135354924,0.1282252419348115,9.796022324851307,0.11071785530491852,True,Cruise
