repetition,iteration,time,speed,steering,obstacle_North,obstacle_NorthWest,obstacle_SouthWest,obstacle_West,obstacle_distance,follow_enable,steady_motion_enable,passing_start,accel_x,accel_y,accel_z,accel_diff,success,action
1,1,1675394246.7444012,0.0,0.0,False,True,False,False,100000,False,True,False,-0.34994632686117455,-3.1323596912059033e-13,8.218354214352233,0.16113613997264786,True,Cruise
1,2,1675394246.7446654,0.0,0.0,False,True,False,False,100000,False,True,False,-0.34994632686117455,-3.1323596912059033e-13,8.218354214352233,0.16113613997264786,True,Cruise
1,3,1675394246.844785,49.73229391546488,0.0035694144604682654,False,True,False,False,100000,False,True,False,-0.4204970357703731,-2.962408189777312e-14,8.363224684351106,0.16113613997264786,True,Cruise
1,4,1675394246.9448001,49.73229391546488,0.0035694144604682654,False,True,False,False,100000,False,True,False,-0.4789899309283234,-2.724501380473691e-14,8.519096544473088,0.16648560166526616,True,Cruise
1,5,1675394247.0447876,49.66190464123325,0.004507938116889982,False,True,False,False,100000,False,True,False,-0.5249205884064152,2.1641881067768953e-14,8.68230438643902,0.16954770707840983,True,Cruise
1,6,1675394247.1448138,49.66190464123325,0.004507938116889982,False,True,False,False,100000,False,True,False,-0.5249205884064152,2.1641881067768953e-14,8.68230438643902,0.16954770707840983,True,Cruise
1,7,1675394247.2447627,49.66190464123325,0.004507938116889982,False,True,False,False,100000,False,True,False,1.3155163903308527,0.004279719475071491,8.851772253588877,1.848227785392988,True,Cruise
1,8,1675394247.3447845,49.66190464123325,0.004507938116889982,False,True,False,False,100000,False,True,False,1.9826090617517493,0.00447473872470993,8.973276401294397,0.6780677902729352,True,Cruise
1,9,1675394247.4449372,49.66190464123325,0.004507938116889982,False,True,False,False,100000,False,True,False,2.4320519367782363,0.007472678964848519,9.11562303495202,0.32573863574601714,True,Cruise
1,10,1675394247.5448034,49.75837500147869,0.0032216666469508416,False,True,False,False,100000,False,True,False,2.9075234115384974,0.004790029043684239,9.428772094661978,0.24647234755419717,True,Cruise
1,11,1675394247.6449306,49.75347914149323,0.0032869447800902853,False,True,False,False,100000,False,True,False,3.1886429347720857,0.00131499635917333,9.72885601408819,0.19942284945724267,True,Cruise
1,12,1675394247.7447288,49.75347914149323,0.0032869447800902853,False,True,False,False,100000,False,True,False,3.3337320798617958,-0.0002222569816112062,9.862242843173293,0.19709203267528358,True,Cruise
1,13,1675394247.8447833,49.74148716007196,0.003446837865707197,False,True,False,False,100000,False,True,False,3.6618276041510525,0.0017433629989178992,10.087111878421547,0.39776452799870254,True,Cruise
1,14,1675394247.9448097,49.713272149649626,0.003446837865707197,False,True,False,False,100000,False,True,False,3.835564351568447,0.0026655638752197215,10.177975301716227,0.1876552868807482,True,Cruise
1,15,1675394248.0447524,49.713272149649626,0.003823038004671695,False,True,False,False,100000,False,True,False,4.319973334818847,0.004482203736825193,10.367527511922876,0.1398433765456811,True,Cruise
1,16,1675394248.144764,49.693534371535044,0.004086208379532764,False,True,False,False,100000,False,True,False,4.5727033632915415,0.005994622917609146,10.429428481709841,0.12049243830465571,True,Cruise
1,17,1675394248.2447498,49.693534371535044,0.004086208379532764,False,True,False,False,100000,False,True,False,4.672936033728689,0.006713903900306606,10.442779758865766,0.14752252142233285,True,Cruise
1,18,1675394248.3447487,49.639666750608576,0.004804443325219011,False,True,False,False,100000,False,True,False,4.868323632113841,0.00770988018578564,10.421540627670684,0.039982797463724615,True,Cruise
1,19,1675394248.4447746,49.74104218208091,0.003452770905587914,False,True,False,False,100000,False,True,False,4.915899975154931,0.0065070244173940995,10.365416200501942,0.03838749294385389,True,Cruise
1,20,1675394248.5447786,49.74104218208091,0.003452770905587914,False,True,False,False,100000,False,True,False,4.905058446276159,0.008521412474691603,10.285101131698289,0.044694895761878205,True,Cruise
1,21,1675394248.644781,49.6769101108929,0.004307865188094679,False,True,False,False,100000,False,True,False,4.880455929880259,0.006767459723120415,10.238455826890618,0.052764994303664645,True,Cruise
1,22,1675394248.744756,49.689337689763846,0.00414216413648208,False,False,False,False,100000,False,True,False,4.84473581998572,0.004363778600778094,10.188830987299042,0.06119091957394893,True,Cruise
1,23,1675394248.8447406,49.689337689763846,0.00414216413648208,False,False,False,False,100000,False,True,False,4.618800322958954,0.01040524861320344,9.978993212205296,0.08434155410393346,True,Cruise
1,24,1675394248.944744,49.74326169368506,0.003423177417532566,False,False,False,False,100000,False,True,False,4.548815668739637,0.00985555633018393,9.927786685445687,0.08772997702979972,True,Cruise
1,25,1675394249.0447595,49.74326169368506,0.003423177417532566,False,False,False,False,100000,False,True,False,4.476283499069468,0.011693431624699225,9.878468783554094,0.08744980994302706,True,Cruise
1,26,1675394249.1447396,49.70783391579261,0.003895547789431891,False,False,False,False,100000,False,True,False,4.328852242423903,0.006897991288236455,9.787647080936154,0.08311137153989051,True,Cruise
1,27,1675394249.2448375,49.70783391579261,0.003895547789431891,False,False,False,False,100000,False,True,False,4.119110062352736,0.009252217873664367,9.676890518899475,0.15417319068698096,True,Cruise
1,28,1675394249.344793,49.67653171339265,0.004312910488098044,False,False,False,False,100000,False,True,False,4.056121225158307,0.009300396470695185,9.647793686573152,0.06338994486692899,True,Cruise
1,29,1675394249.4448755,49.71822382804822,0.003757015626023756,False,False,False,False,100000,False,True,False,3.944889539636534,0.00874457625619098,9.601992981876073,0.05691726598458278,True,Cruise
1,30,1675394249.5448327,49.75562839851045,0.0032582880198606047,False,False,False,False,100000,False,True,False,3.8976508586366427,0.0073730952504491255,9.585278611101055,0.050127279331351894,True,Cruise
1,31,1675394249.6448352,49.75562839851045,0.0032582880198606047,False,False,False,False,100000,False,True,False,3.792891353900039,0.007983480301916753,9.558655176308896,0.02909039577187667,True,Cruise
1,32,1675394249.744812,49.729031685508595,0.003612910859885391,False,False,False,False,100000,False,True,False,3.7442391575632312,0.0058677013972124135,9.563125805484427,0.011177555091989142,True,Cruise
1,33,1675394249.8447602,49.729031685508595,0.003612910859885391,False,False,False,False,100000,False,True,False,3.7397172536219894,0.004909260409966645,9.570307022293255,0.008540263417204614,True,Cruise
1,34,1675394249.94474,49.72183917398744,0.003708811013500777,False,False,False,False,100000,False,True,False,3.7461723412136867,0.008190077999615743,9.591378653425545,0.012906371932801102,True,Cruise
1,35,1675394250.0448203,49.74618604878905,0.0033841860161460307,False,False,False,False,100000,False,True,False,3.7562835511190835,0.008149467417749754,9.604629469671446,0.01666800366429563,True,Cruise
1,36,1675394250.1447504,49.74618604878905,0.0033841860161460307,False,False,False,False,100000,False,True,False,3.7878007364498254,0.008889138175366894,9.634969160394702,0.02349096329197441,True,Cruise
1,37,1675394250.2448354,49.74618604878905,0.0033841860161460307,False,False,False,False,100000,False,True,False,3.7878007364498254,0.008889138175366894,9.634969160394702,0.02349096329197441,True,Cruise
1,38,1675394250.3448706,49.84537130722734,0.002061715903635481,False,False,False,False,100000,False,True,False,3.8553691780626926,0.007719009535482673,9.685529539661694,0.0299165328437268,True,Cruise
1,39,1675394250.4448144,49.704530436427895,0.003939594180961386,False,False,False,False,100000,False,True,False,3.9077759853802654,0.0043542192791445325,9.719406170346812,0.03231472430733854,True,Cruise
1,40,1675394250.5447826,49.704530436427895,0.003939594180961386,False,False,False,False,100000,False,True,False,3.9346747184479085,-0.003912463996687941,9.735688757960768,0.03251157566826624,True,Cruise
1,41,1675394250.644835,49.74461172811695,0.003939594180961386,False,False,False,False,100000,False,True,False,3.9613856370274734,0.0070131124257943435,9.751276626092197,0.032799741224748886,True,Cruise
1,42,1675394250.7448132,49.74461172811695,0.003405176958440645,False,False,False,False,100000,False,True,False,4.012821592243634,0.013511795452421359,9.779703693970744,0.028773755071504075,True,Cruise
1,43,1675394250.844808,49.761441945855125,0.0031807740552649275,False,False,False,False,100000,False,True,False,4.059398671335639,0.011360832119143707,9.803639080122457,0.052411388554736996,True,Cruise
1,44,1675394250.944813,49.761441945855125,0.0031807740552649275,False,False,False,False,100000,False,True,False,4.0990127850915705,0.010762014612363462,9.822437075494507,0.020771823243989265,True,Cruise
1,45,1675394251.0447733,49.79850497429397,0.0026866003427470676,False,False,False,False,100000,False,True,False,4.130300304954936,0.010152129880906054,9.835818470634555,0.013279214222063532,True,Cruise
1,46,1675394251.1448107,49.726190689007225,0.0036507908132369883,False,False,False,False,100000,False,True,False,4.160388774525518,0.005623408083830879,9.845924394833277,0.008892155007556612,True,Cruise
1,47,1675394251.2447548,49.784375449810085,0.0028749940025321486,False,False,False,False,100000,False,True,False,4.160388774525518,0.005623408083830879,9.845924394833277,0.008892155007556612,True,Cruise
1,48,1675394251.3447597,49.784375449810085,0.0028749940025321486,False,False,False,False,100000,False,True,False,4.1707673420965765,0.01758627310343979,9.845333778004902,0.0035378109640902215,True,Cruise
1,49,1675394251.4447753,49.77546558058266,0.002993792258897843,False,False,False,False,100000,False,True,False,4.1681750032304254,0.010323938428102468,9.84008867885995,0.005348685705193522,True,Cruise
1,50,1675394251.5448272,49.77546558058266,0.002993792258897843,False,False,False,False,100000,False,True,False,4.164445864193306,0.00964311150071459,9.836315293707369,0.00685041384309712,True,Cruise
1,51,1675394251.6448538,49.77372912912256,0.003016944945032546,False,False,False,False,100000,False,True,False,4.145672442891058,0.01202141981822997,9.821688221164926,0.00906363721446784,True,Cruise
1,52,1675394251.7447672,49.77372912912256,0.003016944945032546,False,False,False,False,100000,False,True,False,4.145672442891058,0.01202141981822997,9.821688221164926,0.00906363721446784,True,Cruise
1,53,1675394251.8447595,49.77435939705514,0.0030085413725980336,False,False,False,False,100000,False,True,False,4.119536560649442,0.012680983422886748,9.804337743680458,0.010951496282558664,True,Cruise
1,54,1675394251.9447954,49.77435939705514,0.0030085413725980336,False,False,False,False,100000,False,True,False,4.090957891781153,0.013291630541618412,9.786883847936613,0.01109221249241764,True,Cruise
1,55,1675394252.0447726,49.80407035211357,0.002612395305152421,False,False,False,False,100000,False,True,False,4.08163898093343,0.013599635526172433,9.781424021168641,0.010804937519235228,True,Cruise
1,56,1675394252.1447804,49.80407035211357,0.002612395305152421,False,False,False,False,100000,False,True,False,4.064149723457862,0.006102679939265118,9.771420839967004,0.015181928635173314,True,Cruise
1,57,1675394252.2447963,49.80407035211357,0.002612395305152421,False,False,False,False,100000,False,True,False,4.042067566760406,0.011968524726491042,9.759395494002982,0.0076660308251634305,True,Cruise
1,58,1675394252.344771,49.81457849246047,0.0024722867671937115,False,False,False,False,100000,False,True,False,4.03611472452177,0.012283518943172362,9.756295989793038,0.005801153242436225,True,Cruise
1,59,1675394252.444737,49.81457849246047,0.0024722867671937115,False,False,False,False,100000,False,True,False,4.022986872068822,0.012787536449723493,9.749874038903776,0.003972621154308225,True,Cruise
1,60,1675394252.5447283,49.86932424063879,0.0017423434581494898,False,False,False,False,100000,False,True,False,4.020212402583729,0.01200248963332145,9.748678378213368,0.002143397940722231,True,Cruise
1,61,1675394252.6447618,49.86932424063879,0.0017423434581494898,False,False,False,False,100000,False,True,False,4.018213754806148,0.01179324616095417,9.74793287236984,0.002143397940722231,True,Cruise
1,62,1675394252.7448251,49.882243260898065,0.0015700898546924529,False,False,False,False,100000,False,True,False,4.017311026423216,0.006669221679253684,9.748943099373918,0.0011323713557587667,True,Cruise
1,63,1675394252.844757,49.882243260898065,0.0015700898546924529,False,False,False,False,100000,False,True,False,4.018592125494858,0.006943630337020371,9.75003698465919,0.0017067805834827252,True,Cruise
1,64,1675394252.9448137,49.91768782462839,0.0010974956716214887,False,False,False,False,100000,False,True,False,4.0225550699745956,0.0065352162272705175,9.752976201370183,0.0031796639224505054,True,Cruise
1,65,1675394253.0448852,49.91768782462839,0.0010974956716214887,False,False,False,False,100000,False,True,False,4.0279491760066275,0.006955235917149163,9.756656168969736,0.0036016910352239667,True,Cruise
1,66,1675394253.1448128,49.95265753391418,0.0006312328811443394,False,False,False,False,100000,False,True,False,4.0342608210157245,0.001627165988603825,9.760765383580145,0.003970269780576764,True,Cruise
1,67,1675394253.2447457,49.95265753391418,0.0006312328811443394,False,False,False,False,100000,False,True,False,4.0409526993035145,0.002615668714442208,9.765016521703883,0.00422176315453648,True,Cruise
1,68,1675394253.344976,49.967681218259344,0.0004309170898754147,False,False,False,False,100000,False,True,False,4.050768799008975,-0.002970860519571887,9.771101655563935,0.003753185659511865,True,Cruise
1,69,1675394253.4448612,49.967681218259344,0.0004309170898754147,False,False,False,False,100000,False,True,False,4.053787580484699,-0.002382865265132245,9.772948169820634,0.0036137371995752644,True,Cruise
1,70,1675394253.544811,49.984587339457555,0.00020550214056596494,False,False,False,False,100000,False,True,False,4.05662264192386,-0.0038190731126831264,9.774668294874928,0.0036137371995752644,True,Cruise
1,71,1675394253.6447861,49.984587339457555,0.00020550214056596494,False,False,False,False,100000,False,True,False,4.0637415369942635,-0.004032598797615792,9.778928002381633,0.002569557427223972,True,Cruise
1,72,1675394253.744896,49.973165249767824,0.0003577966697623456,False,False,False,False,100000,False,True,False,4.065596497429544,-0.005611316045755881,9.780014843300155,0.002667292550172039,True,Cruise
1,73,1675394253.8448107,49.973165249767824,0.0003577966697623456,False,False,False,False,100000,False,True,False,4.068468961936687,-0.006347504394261868,9.78166366394265,0.001171312946478865,True,Cruise
1,74,1675394253.944742,49.935145598519185,0.0008647253530776134,False,False,False,False,100000,False,True,False,4.070709079067896,-0.0038896237897394575,9.78285130260275,0.001167773299563851,True,Cruise
1,75,1675394254.0448625,49.935145598519185,0.0008647253530776134,False,False,False,False,100000,False,True,False,4.070938143649143,-0.00428773846653891,9.782859344837476,0.0004593806219295675,True,Cruise
1,76,1675394254.1447706,49.959616311179374,0.0005384491842749593,False,False,False,False,100000,False,True,False,4.0707154741374705,0.0002626058092192692,9.782658709451693,0.0028933799428266524,True,Cruise
1,77,1675394254.2447832,49.959616311179374,0.0005384491842749593,False,False,False,False,100000,False,True,False,4.069708014787426,0.004445583307395848,9.781909405334762,0.0015236938276687857,True,Cruise
1,78,1675394254.3447642,49.9863596081417,0.00018187189144405001,False,False,False,False,100000,False,True,False,4.0681010826995445,0.004445641585302566,9.780788827936618,0.0020746248703433817,True,Cruise
1,79,1675394254.4448092,49.9863596081417,0.00018187189144405001,False,False,False,False,100000,False,True,False,4.0660715888615435,0.004517255101653154,9.779413500633705,0.001402745997343327,True,Cruise
1,80,1675394254.5447984,49.9407275532355,0.0007902992901933978,False,False,False,False,100000,False,True,False,4.0637997298170445,0.004324585600393138,9.777897450854558,0.00273804163365686,True,Cruise
1,81,1675394254.6447845,49.924045215782336,0.0010127304562355236,False,False,False,False,100000,False,True,False,4.061452643191656,0.0030917934355792903,9.776347048325032,0.0014135641848963636,True,Cruise
1,82,1675394254.7448032,49.91765953572681,0.0010978728569757872,False,False,False,False,100000,False,True,False,4.059171643865807,0.006424141147149994,9.774856108319403,0.0029625502853952625,True,Cruise
1,83,1675394254.844835,49.659668672246326,0.004537751036715676,False,False,False,False,100000,False,True,False,4.0570864317839685,0.008754575668184356,9.773500574453607,0.007525523055963844,True,Cruise
1,84,1675394254.944789,49.659668672246326,0.004537751036715676,False,False,False,False,100000,False,True,False,4.0544100182129394,0.04907459816591318,9.771853841211895,0.007525523055963844,True,Cruise
1,85,1675394255.044833,49.97830330086715,0.0002892893217713306,False,False,False,False,100000,False,True,False,4.0544100182129394,0.04907459816591318,9.771853841211895,0.04780448721571764,True,Cruise
1,86,1675394255.1448104,49.70819574207529,0.0038907234389961537,False,False,False,False,100000,False,True,False,4.052714960170923,0.034800611071925926,9.770733986621137,0.034215159525806824,True,Cruise
1,87,1675394255.2447772,49.70819574207529,0.0038907234389961537,False,False,False,False,100000,False,True,False,4.052714960170923,0.034800611071925926,9.770733986621137,0.034215159525806824,True,Cruise
1,88,1675394255.344733,49.70819574207529,0.0038907234389961537,False,False,False,False,100000,False,True,False,4.051715095859638,0.05748653145370288,9.770143968034226,0.020090829101506738,True,Cruise
1,89,1675394255.4447198,49.907007854524906,-0.0012398952730011995,False,False,False,False,100000,False,True,False,4.051715095859638,0.05748653145370288,9.770143968034226,0.017816501531086448,True,Cruise
1,90,1675394255.54472,49.93242136812916,-0.0012398952730011995,False,False,False,False,100000,False,True,False,4.051943144900471,0.03596617169149784,9.770272404637591,0.03933781212856151,True,Cruise
1,91,1675394255.6447356,49.93242136812916,-0.0009010484249445363,False,False,False,False,100000,False,True,False,4.052871564208332,-0.004510741028592173,9.770774316345978,0.006227941510589127,True,Cruise
1,92,1675394255.7447226,49.90656959725358,-0.0012457387032855998,False,False,False,False,100000,False,True,False,4.053182130809416,-0.003927238522005629,9.771009744783324,0.0007016789422612694,True,Cruise
1,93,1675394255.8447201,49.90656959725358,-0.0012457387032855998,False,False,False,False,100000,False,True,False,4.053868081561195,-0.009351315801006475,9.771538765929787,0.0040654418051352835,True,Cruise
1,94,1675394255.9447792,49.90656959725358,-0.0012457387032855998,False,False,False,False,100000,False,True,False,4.053868081561195,-0.009351315801006475,9.771538765929787,0.0040654418051352835,True,Cruise
1,95,1675394256.0448036,49.85378741906774,-0.0019495010790967866,False,False,False,False,100000,False,True,False,4.055442891742688,-0.03370511790508502,9.772674673633786,0.0046745408939946175,True,Cruise
1,96,1675394256.1448925,49.806628687137696,-0.0019495010790967866,False,False,False,False,100000,False,True,False,4.056551017929599,0.01828424095192822,9.773463881828576,0.03313065688677269,True,Cruise
1,97,1675394256.2447596,49.806628687137696,-0.002578284171497435,False,False,False,False,100000,False,True,False,4.056910240478,-0.018355766202098174,9.773692341854689,0.022132214248502948,True,Cruise
1,98,1675394256.344813,49.806628687137696,-0.002578284171497435,False,False,False,False,100000,False,True,False,4.057226055786606,-0.04048471706013443,9.773903770696393,0.022132214248502948,True,Cruise
1,99,1675394256.4447324,49.8890680254577,-0.001479092993897221,False,False,False,False,100000,False,True,False,4.057914202447873,-0.052587682462347664,9.774412781394927,0.0017436020983611804,True,Cruise
1,100,1675394256.5447133,49.90181118768894,-0.001479092993897221,False,False,False,False,100000,False,True,False,4.057914202447873,-0.052587682462347664,9.774412781394927,0.0014534905580568885,True,Cruise
1,101,1675394256.6448097,49.90181118768894,-0.001309184164147404,False,False,False,False,100000,False,True,False,4.058323240506616,-0.04545448767648526,9.774706487280342,0.003101928503461705,True,Cruise
1,102,1675394256.7447486,49.89277958587091,-0.0014296055217211602,False,False,False,False,100000,False,True,False,4.058416402173401,-0.039098841446925166,9.774756063293378,0.006356522309608294,True,Cruise
1,103,1675394256.8448179,49.89277958587091,-0.0014296055217211602,False,False,False,False,100000,False,True,False,4.05849371054112,-0.03743748713857216,9.774792294199168,0.00013715874136846045,True,Cruise
1,104,1675394256.9448953,49.927972766200135,-0.0009603631173315405,False,False,False,False,100000,False,True,False,4.058440596987129,-0.038460535253659854,9.774752969376525,0.0013079627382421907,True,Cruise
1,105,1675394257.0448308,49.927972766200135,-0.0009603631173315405,False,False,False,False,100000,False,True,False,4.058210371778785,-0.030091836429753025,9.774576812143069,0.00653456318343805,True,Cruise
1,106,1675394257.1447368,49.8335866651608,-0.002218844464522655,False,False,False,False,100000,False,True,False,4.05810680714578,-0.025386031973515973,9.77449453794718,0.006275211213468932,True,Cruise
1,107,1675394257.244831,49.84341914743523,-0.0020877447008635754,False,False,False,False,100000,False,True,False,4.057659535537395,-0.03544704972659739,9.774213001470804,0.006275211213468932,True,Cruise
1,108,1675394257.3447433,49.95522202337815,0.0005970396882913826,False,False,False,False,100000,False,True,False,4.057659535537395,-0.03544704972659739,9.774213001470804,0.005938283873043353,True,Cruise
1,109,1675394257.444849,49.95522202337815,0.0005970396882913826,False,False,False,False,100000,False,True,False,4.0572133608193175,-0.033658724335754175,9.773902170149245,0.005938283873043353,True,Cruise
1,110,1675394257.5448036,49.84468976773396,-0.0020708030968805344,False,False,False,False,100000,False,True,False,4.057038168008229,-0.015783459849298936,9.773693286864772,0.025677369717957085,True,Cruise
1,111,1675394257.644776,49.89800029680586,-0.0013599960425885059,False,False,False,False,100000,False,True,False,4.056694463703928,-0.014433688613732173,9.773437530114254,0.01191923650623679,True,Cruise
1,112,1675394257.7448604,49.89800029680586,-0.0013599960425885059,False,False,False,False,100000,False,True,False,4.056539971474434,-0.030075740597660373,9.773370959515482,0.015642956554357202,True,Cruise
1,113,1675394257.8448439,49.89800029680586,-0.0013599960425885059,False,False,False,False,100000,False,True,False,4.056340339684779,-0.02720556320211374,9.773253564029606,0.0028795056578260233,True,Cruise
1,114,1675394257.9447892,49.89834447683452,-0.0013554069755397464,False,False,False,False,100000,False,True,False,4.056205481439122,-0.020747194145957555,9.7731355111996,0.0008031188330868404,True,Cruise
1,115,1675394258.0448036,49.89834447683452,-0.0013554069755397464,False,False,False,False,100000,False,True,False,4.056161208584679,-0.023937516179433054,9.7731004323826,0.0016093854366732102,True,Cruise
1,116,1675394258.1448638,49.563771404792064,0.005816381269439136,False,False,False,False,100000,False,True,False,4.056152343510395,-0.02524784964888246,9.77309495301456,0.0010843853181303,True,Cruise
1,117,1675394258.2448251,49.563771404792064,0.005816381269439136,False,False,False,False,100000,False,True,False,4.056152411558542,-0.026332233399577507,9.773096795505957,0.0010843853181303,True,Cruise
1,118,1675394258.3448288,49.86765864293196,-0.0017645514275739104,False,False,False,False,100000,False,True,False,4.056408392564121,0.07184395904407753,9.773152335908554,0.07376987827829234,True,Cruise
1,119,1675394258.44483,49.86765864293196,-0.0017645514275739104,False,False,False,False,100000,False,True,False,4.056341339419921,0.10946401292136977,9.773187351432227,0.037620129929884824,True,Cruise
1,120,1675394258.544774,49.906904129260376,-0.0012412782765283108,False,False,False,False,100000,False,True,False,4.056432966799129,-0.00751180508760809,9.773258174142232,0.04372465778998877,True,Cruise
1,121,1675394258.6448164,49.906904129260376,-0.0012412782765283108,False,False,False,False,100000,False,True,False,4.0564856219064085,-0.008936813289190665,9.773338240045,0.005785442137297743,True,Cruise
1,122,1675394258.7448528,49.906904129260376,-0.0012412782765283108,False,False,False,False,100000,False,True,False,4.0564856219064085,-0.008936813289190665,9.773338240045,0.005785442137297743,True,Cruise
1,123,1675394258.84487,49.914987356918886,-0.0011335019077482044,False,False,False,False,100000,False,True,False,4.056698873880156,-0.0078532599334302,9.773521560447936,0.006361235182924634,True,Cruise
1,124,1675394258.944763,49.90928177061175,-0.0011335019077482044,False,False,False,False,100000,False,True,False,4.05674124882317,-0.014643541944651135,9.773552922431922,0.006790486654264595,True,Cruise
1,125,1675394259.044876,49.90928177061175,-0.0012095763918434088,False,False,False,False,100000,False,True,False,4.056782297555955,-0.019339832576546142,9.773581686143448,0.004696558106612635,True,Cruise
1,126,1675394259.144845,49.90928177061175,-0.0012095763918434088,False,False,False,False,100000,False,True,False,4.056899640488518,-0.03557227355919652,9.773669243594322,0.008032082720433851,True,Cruise
1,127,1675394259.2448654,49.82169668698364,-0.0023773775068848153,False,False,False,False,100000,False,True,False,4.056932966710581,-0.04023814820044706,9.773694478519067,0.002005525330361068,True,Cruise
1,128,1675394259.3448076,49.82169668698364,-0.0023773775068848153,False,False,False,False,100000,False,True,False,4.0569433965514206,-0.038402094683719745,9.773702431032978,0.013955682416662712,True,Cruise
1,129,1675394259.4447677,49.87872619002866,-0.001616984132951237,False,False,False,False,100000,False,True,False,4.05688016291607,-0.06472568460914137,9.773713784981663,0.003313313373643002,True,Cruise
1,130,1675394259.5447931,49.87872619002866,-0.001616984132951237,False,False,False,False,100000,False,True,False,4.056869000145564,-0.06823753660992177,9.773710265214309,0.003511871505564074,True,Cruise
1,131,1675394259.6448085,49.904054342085516,-0.001616984132951237,False,False,False,False,100000,False,True,False,4.056903312873271,-0.05712824318229976,9.77369158718935,3.310375707870874e-05,True,Cruise
1,132,1675394259.7448003,49.904054342085516,-0.0012792754388598255,False,False,False,False,100000,False,True,False,4.056899974536768,-0.05816538910248054,9.773669785826053,0.0017033662972471024,True,Cruise
1,133,1675394259.8448877,49.904054342085516,-0.0012792754388598255,False,False,False,False,100000,False,True,False,4.056876924070758,-0.052859990784841014,9.773630348711658,0.003179543486401314,True,Cruise
1,134,1675394259.9448144,49.832876228549374,-0.002228316952675033,False,False,False,False,100000,False,True,False,4.056863487987313,-0.05084719571109331,9.773616764612923,0.002012885755570796,True,Cruise
1,135,1675394260.0447757,49.832876228549374,-0.002228316952675033,False,False,False,False,100000,False,True,False,4.056847051384493,-0.04910705742354652,9.77360332674461,0.0017402677949106872,True,Cruise
1,136,1675394260.1447475,49.94920719794608,-0.00067723736071899,False,False,False,False,100000,False,True,False,4.056729078351228,-0.05834177178892786,9.773570180006804,0.009235527367345377,True,Cruise
1,137,1675394260.2448037,49.94920719794608,-0.00067723736071899,False,False,False,False,100000,False,True,False,4.0566790716753305,-0.06257263343525228,9.773546631590639,0.0005021418303620429,True,Cruise
1,138,1675394260.344809,49.84285424681512,-0.0020952767091317,False,False,False,False,100000,False,True,False,4.056789479999101,-0.03012352653985721,9.773504855218308,0.002995340001224178,True,Cruise
1,139,1675394260.4447591,49.84285424681512,-0.0020952767091317,False,False,False,False,100000,False,True,False,4.056785669975788,-0.025742064235339628,9.773497921889572,0.004381469446799043,True,Cruise
1,140,1675394260.5447779,49.86297239785914,-0.0020952767091317,False,False,False,False,100000,False,True,False,4.056669529140125,-0.05129587186425177,9.773497534578999,0.025554071557760932,True,Cruise
1,141,1675394260.6447787,49.86297239785914,-0.001827034695211453,False,False,False,False,100000,False,True,False,4.056620001487869,-0.05233629681651815,9.773493437479551,0.00042639367057871024,True,Cruise
1,142,1675394260.7447956,49.96873308736576,-0.00041689216845646956,False,False,False,False,100000,False,True,False,4.056628818794156,-0.05041362586111784,9.773488073089093,0.00025756481026724696,True,Cruise
1,143,1675394260.844784,49.96873308736576,-0.00041689216845646956,False,False,False,False,100000,False,True,False,4.056651634985909,-0.05183622791367169,9.773486255028372,0.006342361707884337,True,Cruise
1,144,1675394260.9447742,49.96873308736576,-0.00041689216845646956,False,False,False,False,100000,False,True,False,4.056659594971224,-0.058178584563357894,9.773487149708497,0.006342361707884337,True,Cruise
1,145,1675394261.0448422,49.99112109510818,0.00011838539855767728,False,False,False,False,100000,False,True,False,4.056774878330881,-0.03436037051634454,9.773483681814591,0.0238184932913198,True,Cruise
1,146,1675394261.1447825,49.99112109510818,0.00011838539855767728,False,False,False,False,100000,False,True,False,4.056800169914981,-0.03291767959531041,9.773492965110952,0.000973317319227277,True,Cruise
1,147,1675394261.2447631,49.990001498411544,0.00013331335451272566,False,False,False,False,100000,False,True,False,4.148691010299075,0.18311108697689998,9.774321469712078,0.051567125607468074,True,Cruise
1,148,1675394261.3448694,49.990001498411544,0.00013331335451272566,False,False,False,False,100000,False,True,False,4.098233976334103,0.040124690439950976,9.780886257777924,0.046211856141584455,True,Cruise
1,149,1675394261.4448113,49.98459364668684,-0.0002054180441754212,False,False,False,False,100000,False,True,False,4.098233976334103,0.040124690439950976,9.780886257777924,0.046211856141584455,True,Cruise
1,150,1675394261.544751,49.98459364668684,-0.0002054180441754212,False,False,False,False,100000,False,True,False,4.068556234750909,-0.02993674588795693,9.779646281938309,0.07609803378465921,True,Cruise
1,151,1675394261.6447806,49.98459364668684,-0.0002054180441754212,False,False,False,False,100000,False,True,False,4.078650317576,-0.07627043173639389,9.77505406660525,0.018376029109727538,True,Cruise
1,152,1675394261.7447548,49.984100100052274,-0.00021199866596966686,False,False,False,False,100000,False,True,False,4.078650317576,-0.07627043173639389,9.77505406660525,0.0131343637506382,True,Cruise
1,153,1675394261.8448584,49.984100100052274,-0.00021199866596966686,False,False,False,False,100000,False,True,False,4.082082960913949,-0.08768704437372096,9.771833323361347,0.00117519716632511,True,Cruise
1,154,1675394261.944887,49.16390595006976,0.011147920665736577,False,False,False,False,100000,False,True,False,4.082082960913949,-0.08768704437372096,9.771833323361347,0.009482494553639456,True,Cruise
1,155,1675394262.0447803,49.16390595006976,0.011147920665736577,False,False,False,False,100000,False,True,False,4.078247451397017,-0.09809050036805281,9.769091256995582,0.024597024582130405,True,Cruise
1,156,1675394262.1447973,49.16390595006976,0.011147920665736577,False,False,False,False,100000,False,True,False,4.0139185614712,0.1342618093631709,9.769291683375883,0.10494846736453271,True,Cruise
1,157,1675394262.2447712,49.93950914068716,-0.0008065447908378754,False,False,False,False,100000,False,True,False,4.06830620993263,0.23181999770014988,9.768764610593312,0.07036443681774987,True,Cruise
1,158,1675394262.3447788,49.93950914068716,-0.0008065447908378754,False,True,False,False,100000,False,True,False,4.022634784481913,0.31673598658192265,9.773094512116698,0.09651607284629835,True,Cruise
1,159,1675394262.4447348,49.93950914068716,-0.0008065447908378754,False,True,False,False,100000,False,True,False,4.020718468748067,0.20767839857385503,9.77254961655779,0.10907578411040335,True,Cruise
1,160,1675394262.5448153,49.992171867826876,0.00010437509564162816,False,True,False,False,100000,False,True,False,4.069600763667451,0.6055789334674698,9.81548537234679,0.4551086631719171,True,Cruise
1,161,1675394262.6447334,49.992171867826876,0.00010437509564162816,False,True,False,False,100000,False,True,False,4.085860930275132,0.4411207032632897,9.80465725499667,0.08461411290989013,True,Cruise
1,162,1675394262.7448733,49.992171867826876,0.00010437509564162816,False,True,False,False,100000,False,True,False,4.079955836986301,0.27467732220743285,9.794786859503112,0.08776998483746037,True,Cruise
1,163,1675394262.8447447,49.574313653031254,0.005675817959583296,False,True,False,False,100000,False,True,False,4.079955836986301,0.27467732220743285,9.794786859503112,0.2559055010434223,True,Cruise
1,164,1675394262.944792,49.574313653031254,0.005675817959583296,False,True,False,False,100000,False,True,False,4.079955836986301,0.27467732220743285,9.794786859503112,0.2559055010434223,True,Cruise
1,165,1675394263.0447693,49.574313653031254,0.005675817959583296,False,True,False,False,100000,False,True,False,3.9298181812451944,0.07493305677191152,9.753486238160203,0.004290237826133599,True,Cruise
1,166,1675394263.1447961,49.95633198479917,-0.0005822402026777184,False,True,False,False,100000,False,True,False,4.008153069635637,0.04153223338094843,9.746270847498858,0.024515827212811803,True,Cruise
1,167,1675394263.2447815,49.95633198479917,-0.0005822402026777184,False,True,False,False,100000,False,True,False,4.008153069635637,0.04153223338094843,9.746270847498858,0.024515827212811803,True,Cruise
1,168,1675394263.3448355,49.96161870985525,0.0005117505352632385,False,True,False,False,100000,False,True,False,4.008153069635637,0.04153223338094843,9.746270847498858,0.1081531270943088,True,Cruise
1,169,1675394263.444797,49.96161870985525,0.0005117505352632385,False,True,False,False,100000,False,True,False,4.0283376517836285,-0.07152632294306953,9.750535003279154,0.023424221118683863,True,Cruise
1,170,1675394263.5447628,49.96161870985525,0.0005117505352632385,False,True,False,False,100000,False,True,False,4.023239391797144,-0.031021241403821332,9.755504033673583,0.01771073086668309,True,Cruise
1,171,1675394263.6447814,49.48268005003375,0.00689759933288332,False,True,False,False,100000,False,True,False,4.021758087737381,-0.02335205653669125,9.760451327286242,0.0027001460750642236,True,Cruise
1,172,1675394263.7448208,49.89923143402559,-0.001343580879658857,False,True,False,False,100000,False,True,False,4.022666160611538,-0.023425772982911746,9.76278601627318,0.0025061530529784603,True,Cruise
1,173,1675394263.844799,49.37572037948505,0.008323728273532591,False,True,False,False,100000,False,True,False,4.022666160611538,-0.023425772982911746,9.76278601627318,0.014538222094006948,True,Cruise
1,174,1675394263.9449077,49.91056428332114,-0.0011924762223848241,False,True,False,False,100000,False,True,False,4.0451956666557685,0.06900054477317816,9.785737404879143,0.01170415268188297,True,Cruise
1,175,1675394264.0448635,49.83452014199687,-0.0022063981067084217,False,True,False,False,100000,False,True,False,4.0473336984991235,0.14261357893121482,9.785701513445392,0.07364408507348359,True,Cruise
1,176,1675394264.1617277,49.79814875180653,0.0026913499759129386,False,True,False,False,100000,False,True,False,4.0527247990524495,-0.006699746267645963,9.785032350643643,0.06508863958143736,True,Cruise
1,177,1675394264.2448137,48.928327176244956,0.014288970983400569,False,True,False,False,100000,False,True,False,4.054635853877166,-0.02434125391050186,9.784481783324022,0.017753254541898748,True,Cruise
1,178,1675394264.34475,49.65945768676967,-0.00454056417640442,False,True,False,False,100000,False,True,False,4.054635853877166,-0.02434125391050186,9.784481783324022,0.628890229380622,True,Cruise
1,179,1675394264.4447694,49.65945768676967,-0.00454056417640442,False,True,False,False,100000,False,True,False,4.028577439953075,0.6026384174241785,9.743004423147314,0.14425702808802107,True,Cruise
1,180,1675394264.5448904,49.65945768676967,-0.00454056417640442,False,True,False,False,100000,False,True,False,4.031151489452326,0.4584284125952681,9.745638607880617,0.16313985048215218,True,Cruise
1,181,1675394264.6458027,49.498049569768085,-0.006692672403092153,False,True,False,False,100000,False,True,False,4.04235406724186,0.16616516373626974,9.75643983731726,0.04803062959457101,True,Cruise
1,182,1675394264.7448547,49.498049569768085,-0.006692672403092153,False,True,False,False,100000,False,True,False,4.050393974982205,0.07189273993100809,9.763586210271878,0.0508349714418027,True,Cruise
1,183,1675394264.844801,49.59985455610266,-0.005335272585297864,False,True,False,False,100000,False,True,False,4.06082651578432,-0.1331439803326272,9.773357530801958,0.20553436031222996,True,Cruise
1,184,1675394264.9447386,49.593710289093586,-0.005417196145418844,False,True,False,False,100000,False,True,False,4.0637093412303935,-0.1909366010427697,9.776206380236749,0.05793456338146539,True,Cruise
1,185,1675394265.0448158,49.593710289093586,-0.005417196145418844,False,True,False,False,100000,False,True,False,4.068479138626894,-0.2767891859235376,9.781124429487603,0.04221158072092379,True,Cruise
1,186,1675394265.1448522,49.82766604178346,0.0022977861095539167,False,True,False,False,100000,False,True,False,4.071833409469427,-0.3505826734422524,9.784880292866278,0.02850983164825053,True,Cruise
1,187,1675394265.2448988,49.82766604178346,0.0022977861095539167,False,True,False,False,100000,False,True,False,4.075188350762002,-0.32753937012157736,9.788173766298904,0.05157563603955417,True,Cruise
1,188,1675394265.344796,49.89159701493118,0.0014453731342509814,False,True,False,False,100000,False,True,False,4.075829292751382,-0.2623352808560922,9.78868740248264,0.05157563603955417,True,Cruise
1,189,1675394265.4447324,49.89159701493118,0.0014453731342509814,False,True,False,False,100000,False,True,False,4.074674439115573,-0.21285106480946495,9.78870286500141,0.010254804907069436,True,Cruise
1,190,1675394265.5447557,49.82197077226013,-0.0023737230365315585,False,True,False,False,100000,False,True,False,4.073718342822247,-0.1878346610833331,9.78823767312737,1.2366841178858574,True,Cruise
1,191,1675394265.6448028,49.5262945147802,-0.006316073136264052,False,True,False,False,100000,False,True,False,2.84276279606428,-0.182139114973317,9.906996294251998,1.2366841178858574,True,Cruise
1,192,1675394265.7448034,49.5262945147802,-0.006316073136264052,False,True,False,False,100000,False,True,False,1.9522556083554077,-0.1563213465715538,9.973308183645509,2.0011249836473666,True,Cruise
1,193,1675394265.8460355,49.5262945147802,-0.006316073136264052,False,True,False,False,100000,False,True,False,-1.076218519118718,-0.11209599240501636,10.124157382033308,1.14000300998119,True,Cruise
1,194,1675394265.9472244,49.57080330235828,-0.005722622635222942,False,True,False,False,100000,False,True,False,-0.7058974751253098,-0.11626567648717541,10.047330059867745,0.7495100805664032,True,Cruise
1,195,1675394266.0551572,49.57080330235828,-0.005722622635222942,False,True,False,False,100000,False,True,False,0.032687076372677995,-0.0527349948940439,9.936776572109626,0.7495100805664032,True,Cruise
1,196,1675394266.145201,49.777922780078825,0.002961029598948995,False,True,False,False,100000,False,True,False,0.0755179746315372,-0.13241560474773054,9.862825338280617,0.08614227538151568,True,Cruise
1,197,1675394266.244722,49.63205990282745,0.002961029598948995,False,True,False,False,100000,False,True,False,-0.03355495313921052,-0.1937397361767339,9.837400877896506,0.940455884599147,True,Cruise
1,198,1675394266.3447442,49.63205990282745,0.004905867962300689,False,True,False,False,100000,False,True,False,0.23544576312480603,-0.12071390509346193,9.715475053867905,0.41051418040460225,True,Cruise
1,199,1675394266.4447896,49.52231113962736,0.006369184804968484,False,True,False,False,100000,False,True,False,-1.016361807925755,-0.13162768210551223,9.813185091570569,1.2556625967735242,True,Cruise
1,200,1675394266.5448048,49.71782961223848,-0.003762271836820314,False,True,False,False,100000,False,True,False,-1.9483595699586653,-0.05837190533324273,9.842974309127461,0.2503590059205701,True,Cruise
1,201,1675394266.644886,49.71782961223848,-0.003762271836820314,False,True,False,False,100000,False,True,False,-0.6481765564136786,-0.009263185670748377,9.66716251153751,1.0647855004191478,True,Cruise
1,202,1675394266.7447667,49.71782961223848,-0.003762271836820314,False,True,False,False,100000,False,True,False,-0.6481765564136786,-0.009263185670748377,9.66716251153751,1.0647855004191478,True,Cruise
1,203,1675394266.8540423,48.495264727198474,0.02006313697068705,False,True,False,False,100000,False,True,False,0.15278151402874104,-0.0037097399071616102,9.588590338265464,0.2721863647868018,True,Cruise
1,204,1675394266.9447923,49.63482840590441,-0.004868954587941227,False,True,False,False,100000,False,True,False,-1.1860691591374415,0.3848213296322588,9.723044333904546,1.0130222410741303,True,Cruise
1,205,1675394267.0449495,49.32300381670858,0.009026615777218987,False,True,False,False,100000,False,True,False,-1.2577707485389615,0.552650242019382,9.708239816306328,0.935808115014613,True,Cruise
1,206,1675394267.14487,49.32300381670858,0.009026615777218987,False,True,False,False,100000,False,True,False,0.1913288149012498,0.0441540742213199,9.599250244856057,0.5381739072535127,True,Cruise
1,207,1675394267.2447355,48.92353668405361,0.014352844212618565,False,True,False,False,100000,False,True,False,-1.468013726460742,0.5144015668943304,9.785697300872565,1.7347371209022273,True,Cruise
1,208,1675394267.3447568,48.92353668405361,0.014352844212618565,False,True,False,False,100000,False,True,False,-1.4052368178480859,0.6210336847079762,9.78496420164344,0.12374120671330453,True,Cruise
1,209,1675394267.4447947,49.5544024073028,-0.005941301235962588,False,True,False,False,100000,False,True,False,-2.559801614416198,0.43750271179547273,9.901562289630665,0.5546879750823527,True,Cruise
1,210,1675394267.544818,49.454730877239,-0.005941301235962588,False,True,False,False,100000,False,True,False,-0.9912354111727576,0.4835972473237408,9.745097856091766,1.5770243368844241,True,Cruise
1,211,1675394267.6537802,49.454730877239,-0.007270254970146665,False,True,False,False,100000,False,True,False,1.1217544580390766,-0.02672524676916623,9.593680695488306,0.736186488812204,True,Cruise
1,212,1675394267.7448328,49.671367678991075,-0.004381764280119018,False,True,False,False,100000,False,True,False,1.1217544580390766,-0.02672524676916623,9.593680695488306,0.736186488812204,True,Cruise
1,213,1675394267.8448446,49.671367678991075,-0.004381764280119018,False,True,False,False,100000,False,True,False,1.5542956301955106,0.24361205185574883,9.652403951020016,0.6566331084623214,True,Cruise
1,214,1675394267.9448981,49.671367678991075,-0.004381764280119018,False,True,False,False,100000,False,True,False,0.9744539968217437,0.03747281583062165,9.798782654818549,0.4123281888649732,True,Cruise
1,215,1675394268.0447123,49.47264632619447,0.007031382317406998,False,True,False,False,100000,False,True,False,0.6992708271248711,-0.06422414551779201,9.845929824123262,0.181490009367044,True,Cruise
1,216,1675394268.1448112,48.92797013928878,-0.01429373147614952,False,True,False,False,100000,False,True,False,0.5432760543841937,-0.15090529089033566,9.878954563555059,0.181490009367044,True,Cruise
1,217,1675394268.2447467,48.6722693834431,0.01770307488742531,False,True,False,False,100000,False,True,False,-1.8457652371047344,-0.3503470520658378,10.11912089700941,2.4093516090983433,True,Cruise
1,218,1675394268.3448904,49.00688697096327,-0.013241507053823088,False,True,False,False,100000,False,True,False,-2.6691008501458824,-0.7403034261117892,10.16167107890129,0.5487169388490074,True,Cruise
1,219,1675394268.4537342,49.00688697096327,-0.013241507053823088,False,True,False,False,100000,False,True,False,-2.6835448475648107,-0.26847094529606236,10.136891274278199,1.0854999731531567,True,Cruise
1,220,1675394268.5541544,49.81430369297624,0.0024759507603168045,False,True,False,False,100000,False,True,False,0.07327703982922489,-0.5490869918211498,9.824284669063411,0.5102785819775507,True,Cruise
1,221,1675394268.645865,49.81430369297624,0.0024759507603168045,False,True,False,False,100000,False,True,False,0.07327703982922489,-0.5490869918211498,9.824284669063411,0.5102785819775507,True,Cruise
1,222,1675394268.7447793,49.04837536633299,-0.012688328448893438,False,True,False,False,100000,False,True,False,2.5189219539775194,-0.150940230243815,9.592143723523847,0.5645239355885475,True,Cruise
1,223,1675394268.8448944,49.04837536633299,-0.012688328448893438,False,True,False,False,100000,False,True,False,2.833994236220231,-0.1169166878961571,9.574415419914214,1.8057534681306808,True,Cruise
1,224,1675394268.9447765,49.74302303219019,0.003426359570797503,False,True,False,False,100000,False,True,False,-0.6675494883106424,-0.314617881583454,9.915553047682415,1.7284508273636847,True,Cruise
1,225,1675394269.0448322,49.74302303219019,0.003426359570797503,False,True,False,False,100000,False,True,False,0.880212694817745,-0.2778828982114784,9.754615394176746,0.7478015326582024,True,Cruise
1,226,1675394269.1448941,49.874032266539665,0.0016795697794711184,False,True,False,False,100000,False,True,False,1.3356083332636421,-0.061081757822888445,9.720741519391837,0.5055050557435435,True,Cruise
1,227,1675394269.244793,49.17310512997923,0.0110252649336103,False,True,False,False,100000,False,True,False,2.308549223257241,-0.14699186930758334,9.647235850143543,0.9794884410183144,True,Cruise
1,228,1675394269.3447933,49.17310512997923,0.0110252649336103,False,True,False,False,100000,False,True,False,0.8930120483153646,-0.2581728332230598,9.80447834998148,1.42857688072252,True,Cruise
1,229,1675394269.4447849,49.17310512997923,0.0110252649336103,False,True,False,False,100000,False,True,False,-0.5258912606829278,-0.1307498272980122,9.934239735014248,1.0976404198887209,True,Cruise
1,230,1675394269.5447521,49.244127120192005,0.010078305064106624,False,True,False,False,100000,False,True,False,-2.0586494148444268,0.27487723156855803,10.027809879742028,0.152721612080215,True,Cruise
1,231,1675394269.644795,49.517782286548126,-0.006429569512691673,False,True,False,False,100000,False,True,False,-0.6357728369877489,0.26761274087167825,9.863760385621116,0.6089657281431631,True,Cruise
1,232,1675394269.7448313,49.517782286548126,-0.006429569512691673,False,True,False,False,100000,False,True,False,-0.6357728369877489,0.26761274087167825,9.863760385621116,0.6089657281431631,True,Cruise
1,233,1675394269.844859,49.50147089746365,0.006647054700484755,False,True,False,False,100000,False,True,False,-0.6357728369877489,0.26761274087167825,9.863760385621116,0.6089657281431631,True,Cruise
1,234,1675394269.9448128,46.34542163086286,0.04872771158849523,False,True,False,False,100000,False,True,False,1.0640145363009563,0.27976785046716385,9.708397771541177,0.47768656997116177,True,Cruise
1,235,1675394270.0447888,46.34542163086286,0.04872771158849523,False,True,False,False,100000,False,True,False,-0.8033122566101261,0.22831792319915475,9.888670708223067,1.3155965268701602,True,Cruise
1,236,1675394270.1447525,48.835494288600415,0.015526742818661069,False,True,False,False,100000,False,True,False,-2.6295176792198536,0.8706142234384191,10.026769735672564,0.9910178341273926,True,Cruise
1,237,1675394270.2449183,49.38488323766798,0.008201556831093587,False,True,False,False,100000,False,True,False,-2.6295176792198536,0.8706142234384191,10.026769735672564,0.9910178341273926,True,Cruise
1,238,1675394270.3447776,49.38488323766798,0.008201556831093587,False,True,False,False,100000,False,True,False,-2.6295176792198536,0.8706142234384191,10.026769735672564,0.6247121504653599,True,Cruise
1,239,1675394270.4447525,49.38488323766798,0.008201556831093587,False,True,False,False,100000,False,True,False,0.9346773992061137,0.5595219449931477,9.610900116071567,1.3974886334486791,True,Cruise
1,240,1675394270.5448804,49.86514710384583,-0.0017980386153889027,False,True,False,False,100000,False,True,False,1.9253524932469148,0.5508785057826121,9.52898323057303,0.9940936712020235,True,Cruise
1,241,1675394270.661672,49.86514710384583,-0.0017980386153889027,False,True,False,False,100000,False,True,False,2.036330791016627,0.5246167932945713,9.53738569644836,0.11435235699999145,True,Cruise
1,242,1675394270.75769,48.925197715977575,0.014330697120299007,False,True,False,False,100000,False,True,False,2.7087093952114847,0.7295963715109829,9.513864914754716,0.3070253451569524,True,Cruise
1,243,1675394270.853732,48.925197715977575,0.014330697120299007,False,True,False,False,100000,False,True,False,2.7087093952114847,0.7295963715109829,9.513864914754716,0.3070253451569524,True,Cruise
1,244,1675394270.9498312,48.459155291107464,0.020544596118567134,False,True,False,False,100000,False,True,False,2.7087093952114847,0.7295963715109829,9.513864914754716,3.2509873989621036,True,Cruise
1,245,1675394271.0456917,49.24459225365642,0.010072103284581071,False,True,False,False,100000,False,True,False,-1.7124701742499484,0.8787733432515636,10.004635048126763,1.2000751038561548,True,Cruise
1,246,1675394271.1447854,49.01118617005548,0.013184184399260255,False,True,False,False,100000,False,True,False,-2.826249342644832,0.8635813638759497,10.089750827742726,0.38258037996560856,True,Cruise
1,247,1675394271.2447739,49.01118617005548,0.013184184399260255,False,True,False,False,100000,False,True,False,-2.826249342644832,0.8635813638759497,10.089750827742726,1.0819032857957844,True,Cruise
1,248,1675394271.3448045,49.01118617005548,0.013184184399260255,False,True,False,False,100000,False,True,False,0.22415488566351482,0.7762430782090175,9.791320246791141,0.4496167758613989,True,Cruise
1,249,1675394271.444746,49.26797695048386,0.009760307326881754,False,True,False,False,100000,False,True,False,0.22415488566351482,0.7762430782090175,9.791320246791141,0.4496167758613989,True,Cruise
1,250,1675394271.5459437,49.26797695048386,0.009760307326881754,False,True,False,False,100000,False,True,False,0.272972382286274,0.7622178400316271,9.756908390541359,1.26433743297644,True,Cruise
1,251,1675394271.6460297,48.403168482701744,0.021291086897310147,False,True,False,False,100000,False,True,False,1.1582772696464017,0.7136770900133813,9.682849042316274,0.8897222797342924,True,Cruise
1,252,1675394271.7499397,48.403168482701744,0.021291086897310147,False,True,False,False,100000,False,True,False,-0.21997742092359104,0.6810493893171945,9.832672621947243,1.309694616341863,True,Cruise
1,253,1675394271.8538456,49.84873479579635,0.002016869389382048,False,True,False,False,100000,False,True,False,-2.3704029972490757,0.8064799681756034,10.008020186642353,0.9389425475993448,True,Cruise
1,254,1675394271.9576912,48.794265816241484,0.01607645578344692,False,True,False,False,100000,False,True,False,0.31657208164567846,0.7258745059101867,9.703502894500776,2.7053767013785217,True,Cruise
1,255,1675394272.0617046,48.794265816241484,0.01607645578344692,False,True,False,False,100000,False,True,False,0.31657208164567846,0.7258745059101867,9.703502894500776,0.6152205219839046,True,Cruise
1,256,1675394272.1658564,46.816612126227206,0.04244517165030391,False,True,False,False,100000,False,True,False,-0.6829617393767168,0.7933585035482608,9.788360476713317,0.05950173327315162,True,Cruise
1,257,1675394272.2447934,46.92485279167564,0.04100196277765813,False,True,False,False,100000,False,True,False,-2.303946372888213,1.2551584149116377,9.920159374492412,0.8455266539236461,True,Cruise
1,258,1675394272.3448036,46.92485279167564,0.04100196277765813,False,True,False,True,100000,False,True,False,-2.303946372888213,1.2551584149116377,9.920159374492412,0.8455266539236461,True,Cruise
1,259,1675394272.4447157,49.224024239794005,0.010346343469413216,False,True,False,True,100000,False,True,False,-3.5411691369919085,1.489244949812444,9.966807425706872,0.25027199735418026,True,Cruise
1,260,1675394272.5448525,49.224024239794005,0.010346343469413216,False,True,False,True,100000,False,True,False,-1.6969319202971884,1.7288821484817996,9.763395954044984,1.8708322012493903,True,Cruise
1,261,1675394272.6449275,47.714056291315245,0.03047924944913012,False,True,False,True,100000,False,True,False,1.3784600746162061,1.3038681533798147,9.48908504517119,1.32104629806411,True,Cruise
1,262,1675394272.7447672,49.697542396529556,-0.004032768046272523,False,True,False,True,100000,False,True,False,-0.8631237236100548,1.6532768254039747,9.758352348738583,1.6217858731614443,True,Cruise
1,263,1675394272.8448362,49.697542396529556,-0.004032768046272523,False,True,False,True,100000,False,True,False,-0.8631237236100548,1.6532768254039747,9.758352348738583,1.6217858731614443,True,Cruise
1,264,1675394272.9465954,49.697542396529556,-0.004032768046272523,False,True,False,True,100000,False,True,False,-0.8631237236100548,1.6532768254039747,9.758352348738583,1.6217858731614443,True,Cruise
1,265,1675394273.0500138,48.01976668127777,-0.02640311091629633,False,True,False,True,100000,False,True,False,2.5892232178914383,0.9821634033553632,9.514323190022656,0.49787486205320725,True,Cruise
1,266,1675394273.1579509,48.01976668127777,-0.02640311091629633,False,True,False,True,100000,False,True,False,1.4292908522913608,0.8872152372757054,9.711812100080582,1.6643381327089843,True,Cruise
1,267,1675394273.257778,48.01976668127777,-0.02640311091629633,False,True,False,True,100000,False,True,False,-1.1275086721170726,0.06866974286031802,9.982560756276804,1.0388499321877838,True,Cruise
1,268,1675394273.3617182,48.0154592821225,-0.026460542905033285,False,True,False,True,100000,False,True,False,-1.414219318917346,-0.19987414890327593,10.015054425955894,0.39417591930682644,True,Cruise
1,269,1675394273.4658113,46.53535683202661,-0.046195242239645176,False,True,False,True,100000,False,True,False,-1.2760505008712624,-0.6468234778564484,10.005029999075122,0.4679260775659238,True,Cruise
1,270,1675394273.544781,46.53535683202661,-0.046195242239645176,False,True,False,True,100000,False,True,False,-1.7209926949431649,-0.6445085453859438,10.042862435625976,0.6317997129059092,True,Cruise
1,271,1675394273.6447504,46.3938814196457,-0.04808158107139062,False,True,False,True,100000,False,True,False,-2.5893045715391394,-1.4434959531836984,10.087875602748522,0.5491151888527834,True,Cruise
1,272,1675394273.7448149,47.14230580667852,-0.03810258924428644,False,True,False,True,100000,False,True,False,-3.158238927538312,-1.9266803594583382,10.08448353120189,1.4152268845781446,True,Cruise
1,273,1675394273.844737,47.14230580667852,-0.03810258924428644,False,True,False,True,100000,False,True,False,-3.7425227338768496,-2.9077203826395435,10.920569675926183,1.4152268845781446,True,Cruise
1,274,1675394273.944727,47.14230580667852,-0.042335085461879224,False,True,False,True,100000,False,True,False,-3.7425227338768496,-2.9077203826395435,10.920569675926183,1.4152268845781446,True,Cruise
1,275,1675394274.0448515,46.82486859035906,-0.042335085461879224,False,True,False,True,100000,False,True,False,0.4616638940885902,-0.26347793638683475,8.681886139633084,5.447835101487351,True,Cruise
1,276,1675394274.144733,47.04676785678051,-0.03937642857625986,False,True,False,True,100000,False,True,False,-4.214897081125015,-2.6103793693704174,10.034057070309302,0.6100232274378652,True,Cruise
1,277,1675394274.2459269,47.04676785678051,-0.03937642857625986,False,True,False,True,100000,False,True,False,-3.9114227227154696,-2.916908053410891,9.963267735990833,0.43711285751499196,True,Cruise
1,278,1675394274.3497226,47.1413743691632,-0.03811500841115726,False,True,False,True,100000,False,True,False,-2.01881352847809,-3.095810408529354,9.733182119276918,0.6197015511265742,True,Cruise
1,279,1675394274.4538767,47.1413743691632,-0.03811500841115726,False,True,False,True,100000,False,True,False,-1.4313337252071616,-2.9113380768692916,9.663414991850505,0.6197015511265742,True,Cruise
1,280,1675394274.5537171,47.58170014136278,-0.03224399811516295,False,True,False,True,100000,False,True,False,-1.4313337252071616,-2.9113380768692916,9.663414991850505,1.167842203149148,True,Cruise
1,281,1675394274.6457481,47.81351980123378,-0.029153069316882885,False,True,False,True,100000,False,True,False,-0.4297596887259106,-2.706095580180072,9.565278282261668,0.15214588214473296,True,Cruise
1,282,1675394274.7461004,47.81351980123378,-0.029153069316882885,False,True,False,True,100000,False,True,False,0.4685836601697215,-2.7260130049794205,9.486322528368733,0.15214588214473296,True,Cruise
1,283,1675394274.8447728,48.259955627962356,-0.023200591627168553,False,True,False,True,100000,False,True,False,2.553336555260973,-2.4529562816564843,9.386494206663432,0.4967660429878794,True,Cruise
1,284,1675394274.9447572,48.259955627962356,-0.023200591627168553,False,True,False,True,100000,False,True,False,2.3931898850465663,-1.948355253088426,9.482731587420563,0.5380806514526398,True,Cruise
1,285,1675394275.0448346,48.89424719970514,-0.014743370670598128,False,True,False,True,100000,False,True,False,3.2241507693835794,-1.8787503125219358,9.550652780729257,0.8366326120525618,True,Cruise
1,286,1675394275.1449,49.00259494941718,-0.013298734007770999,False,True,False,True,100000,False,True,False,2.6231121478033206,-1.6845663032428781,9.662258425202383,0.6414130291544198,True,Cruise
1,287,1675394275.244777,49.00259494941718,-0.013298734007770999,False,True,False,True,100000,False,True,False,3.4906469048752613,-1.656743659175294,9.673296460037498,0.4917848237468941,True,Cruise
1,288,1675394275.3659725,49.803381462971075,-0.002621580493718974,False,True,False,True,100000,False,True,False,4.261939323407562,-1.2902908965521216,9.681624180012781,0.4624624886370476,True,Cruise
1,289,1675394275.4616406,49.803381462971075,-0.002621580493718974,False,True,False,True,100000,False,True,False,4.525719069866757,-1.1775877920180688,9.706443361210983,0.2879196696459625,True,Cruise
1,290,1675394275.5582578,49.361761186026456,-0.008509850852980632,False,True,False,True,100000,False,True,False,4.4139474924529045,-0.9612039259428427,9.80877222028577,0.26417051011570125,True,Cruise
1,291,1675394275.6540217,49.361761186026456,-0.008509850852980632,False,True,False,True,100000,False,True,False,4.2866182569367695,-0.5443812461296972,9.901757069859862,0.7819941568902635,True,Cruise
1,292,1675394275.7497802,49.75781282583769,-0.0032291623221641867,False,True,False,True,100000,False,True,False,3.177371548899451,-0.6252294567630042,10.057214923654044,0.7594202629339453,True,Cruise
1,293,1675394275.8456752,49.80296600238125,-0.0026271199682500104,False,True,False,True,100000,False,True,False,3.6964069991185107,-0.4874143509800859,10.018712514243926,0.19503110624361453,True,Cruise
1,294,1675394275.9447873,49.80296600238125,-0.0026271199682500104,False,True,False,True,100000,False,True,False,3.7544037624568896,-0.30123035302602935,10.021716969389871,0.19503110624361453,True,Cruise
1,295,1675394276.0447812,49.58928257369706,0.005476232350705796,False,False,False,True,100000,False,True,False,2.065318167948807,-0.2322790617560824,10.15397470125418,1.695658141778704,True,Cruise
1,296,1675394276.1447873,49.8755670865412,-0.0016591055127838847,False,False,False,True,100000,False,True,False,-0.29748876601191077,0.10308680054966997,10.250526648782051,1.3949714998722806,True,Cruise
1,297,1675394276.2449312,49.8755670865412,-0.0016591055127838847,False,False,False,True,100000,False,True,False,0.8122407165092955,0.11592892926230061,10.091175814580561,0.17395023684206234,True,Cruise
1,298,1675394276.344814,49.432771204484816,0.007563050606869148,False,False,False,True,100000,False,True,False,1.5188584527998412,-0.03037447313125246,9.985884686201189,1.1211855925792868,True,Cruise
1,299,1675394276.4447432,49.432771204484816,0.007563050606869148,False,False,False,True,100000,False,True,False,1.6006573594724736,0.4809087064005495,9.898979404970154,0.5250276932799184,True,Cruise
1,300,1675394276.5448647,49.461013337232814,0.007186488836895831,False,False,False,True,100000,False,True,False,1.6006573594724736,0.4809087064005495,9.898979404970154,3.2481178475020664,True,Cruise
1,301,1675394276.666491,49.461013337232814,0.007186488836895831,False,False,False,True,100000,False,True,False,-2.5371040155372,0.5962384994073844,10.092124098896566,0.896823410651589,True,Cruise
1,302,1675394276.7577872,49.63021557714287,0.004930458971428357,False,False,False,True,100000,False,True,False,-1.7401010043326774,0.5967208988844614,9.897698379286545,0.4181767048864225,True,Cruise
1,303,1675394276.853905,49.57673001837816,0.005643599754957919,False,False,False,True,100000,False,True,False,-1.3310088989989972,0.5973133576104057,9.811008963231405,0.4181767048864225,True,Cruise
1,304,1675394276.9498851,49.57673001837816,0.005643599754957919,False,False,False,True,100000,False,True,False,0.1697397010133093,0.5242459860853257,9.602689284693916,0.27146745929289207,True,Cruise
1,305,1675394277.045813,49.57673001837816,0.005643599754957919,False,False,False,True,100000,False,True,False,-0.802655979068359,0.5223825831602995,9.61813901881042,0.9725201926933043,True,Cruise
1,306,1675394277.144753,49.114471753030905,0.011807043292921243,False,False,False,True,100000,False,True,False,-0.802655979068359,0.5223825831602995,9.61813901881042,0.9725201926933043,True,Cruise
1,307,1675394277.2447767,49.114471753030905,0.011807043292921243,False,False,False,True,100000,False,True,False,-0.8716100556382325,0.4994611500089933,9.607282884525862,0.07347048676113502,True,Cruise
1,308,1675394277.3448102,49.52767881917776,0.006297615744296478,False,False,False,True,100000,False,True,False,-2.7269504587330893,0.5104458313818386,9.748043728482134,1.3738484487443456,True,Cruise
1,309,1675394277.4448347,49.166541286796004,0.011112782842719948,False,False,False,True,100000,False,True,False,-0.04336248422354751,0.41718002745938587,9.490987106607944,1.120053181344097,True,Cruise
1,310,1675394277.546199,49.166541286796004,0.011112782842719948,False,False,False,True,100000,False,True,False,-0.04336248422354751,0.41718002745938587,9.490987106607944,0.21918180378372182,True,Cruise
1,311,1675394277.6451075,49.599442395747324,0.005340768056702347,False,False,False,True,100000,False,True,False,-2.1067080918468184,0.43120288153013764,9.720278669593435,2.076094014680179,True,Cruise
1,312,1675394277.7447307,49.599442395747324,0.005340768056702347,False,False,False,True,100000,False,True,False,-2.3501292331057124,0.5645676059023423,9.744534876288748,1.507983102674851,True,Cruise
1,313,1675394277.861747,49.43855436693878,0.007485941774149585,False,False,False,True,100000,False,True,False,0.6351490664378421,0.4026290340108684,9.497686182807305,1.493046271772714,True,Cruise
1,314,1675394277.963047,49.4542648635459,0.0072764684860545745,False,False,False,True,100000,False,True,False,0.5816545398564843,0.34984713231059683,9.575031216085712,0.15431316758125233,True,Cruise
1,315,1675394278.0552094,49.4542648635459,0.0072764684860545745,False,False,False,True,100000,False,True,False,0.405096783990057,0.4209768292241469,9.62416673596662,0.1965868109858073,True,Cruise
1,316,1675394278.1499858,49.31235906133217,0.00916854584890445,False,False,False,True,100000,False,True,False,0.405096783990057,0.4209768292241469,9.62416673596662,0.1965868109858073,True,Cruise
1,317,1675394278.2457058,49.57599841649941,0.0056533544466745335,False,False,False,True,100000,False,True,False,0.22569262028269854,0.46771235597955174,9.738662502779908,0.9084693737115502,True,Cruise
1,318,1675394278.345331,49.57599841649941,0.0056533544466745335,False,False,False,True,100000,False,True,False,-0.6620239228543705,0.504536836782291,9.869750189848359,0.03318228722789665,True,Cruise
1,319,1675394278.446336,49.96652768061284,0.00044629759182877177,False,False,False,True,100000,False,True,False,1.5362620194186667,0.39983279854384207,9.75367488412003,0.03858912095854661,True,Cruise
1,320,1675394278.5503037,49.96652768061284,0.00044629759182877177,False,False,False,True,100000,False,True,False,1.264496448434923,0.43115396039496695,9.807042446369524,0.27872143342821354,True,Cruise
1,321,1675394278.6465816,49.82135642692868,0.002381914307617577,False,False,False,True,100000,False,True,False,2.6329223913913378,0.3947582387658381,9.731498690542587,1.3709927311818606,True,Cruise
1,322,1675394278.7448087,49.82135642692868,0.002381914307617577,False,False,False,True,100000,False,True,False,1.29688094077276,0.2990938732169304,9.926031849189375,1.4965507003575622,True,Cruise
1,323,1675394278.844834,49.58191931324085,0.005574409156788676,False,False,False,True,100000,False,True,False,0.781547693598378,0.32645702842940755,9.979840087563234,0.518856843862903,True,Cruise
1,324,1675394278.9663076,49.58191931324085,0.005574409156788676,False,False,False,True,100000,False,True,False,-0.4897469766967019,0.24118193221094178,10.117014075603606,0.07550690163628554,True,Cruise
1,325,1675394279.0617514,49.79217097721998,0.002771053637066884,False,False,False,True,100000,False,True,False,-1.0466231383286728,0.3066647175722687,10.152625223930213,0.5618426901346801,True,Cruise
1,326,1675394279.1577728,49.79217097721998,0.002771053637066884,False,False,False,True,100000,False,True,False,-1.0466231383286728,0.3066647175722687,10.152625223930213,0.5618426901346801,True,Cruise
1,327,1675394279.2537053,49.178240449731014,0.010956794003586465,False,False,False,True,100000,False,True,False,1.3202392842181925,0.10126427188773132,9.886918788019837,1.082910087270809,True,Cruise
1,328,1675394279.3499746,49.12787219324287,0.011628370756761675,False,False,False,True,100000,False,True,False,-1.9157323598876308,0.23404664788024013,10.12581600925154,0.9847587823853644,True,Cruise
1,329,1675394279.450201,49.12787219324287,0.011628370756761675,False,False,False,True,100000,False,True,False,-2.5265683608439957,0.3330471946936912,10.141688613659788,0.9847587823853644,True,Cruise
1,330,1675394279.544764,48.86850735253381,0.015086568632882574,False,False,False,True,100000,False,True,False,-2.5265683608439957,0.3330471946936912,10.141688613659788,0.13419162474749644,True,Cruise
1,331,1675394279.6448638,49.710629942850346,0.0038582674286620554,False,False,False,True,100000,False,True,False,-2.080119499273399,0.4267219590451297,10.011193430194675,0.4215769725610112,True,Cruise
1,332,1675394279.7447333,49.710629942850346,0.0038582674286620554,False,False,False,True,100000,False,True,False,-2.368986049128529,0.4687172960697662,9.92436387993094,0.30454369597156583,True,Cruise
1,333,1675394279.844804,49.710629942850346,0.0038582674286620554,False,False,False,True,100000,False,True,False,-0.9618881611734285,0.5546270477931652,9.747256487264712,1.420799767830045,True,Cruise
1,334,1675394279.9447436,49.896503786328886,-0.0013799495156149105,False,False,False,True,100000,False,True,False,1.3933907416988232,0.3931538933347991,9.502852358606551,1.0142056330035671,True,Cruise
1,335,1675394280.0448,49.68904650560531,-0.004146046591929195,False,False,False,True,100000,False,True,False,2.44238969206541,0.4006997923158602,9.415931677452798,0.07683560334635922,True,Cruise
1,336,1675394280.165696,49.68904650560531,-0.004146046591929195,False,False,False,True,100000,False,True,False,2.4993917560462107,0.35042396772744167,9.427192943166842,0.07683560334635922,True,Cruise
1,337,1675394280.2619004,49.96548179293101,-0.0004602427609198931,False,False,False,True,100000,False,True,False,0.28479088664332575,0.3656809860974093,9.68209291012223,2.2292742721619994,True,Cruise
1,338,1675394280.3579738,49.96548179293101,-0.0004602427609198931,False,False,False,True,100000,False,True,False,1.0081724536680148,0.3525654904761015,9.637757611707853,0.9510331331005027,True,Cruise
1,339,1675394280.453848,49.92746276913627,-0.0009671630781831091,False,False,False,True,100000,False,True,False,1.7752726418412192,0.36040295640549996,9.593731528712318,0.9510331331005027,True,Cruise
1,340,1675394280.5497818,49.618283068987,-0.005089559080173364,False,False,False,True,100000,False,True,False,1.1347407744936244,0.1510122305252806,9.714009399723336,0.7684025120673994,True,Cruise
1,341,1675394280.6457527,49.618283068987,-0.005089559080173364,False,False,False,True,100000,False,True,False,0.8452775639792343,0.046035533955931546,9.760862720785296,0.3114551183693189,True,Cruise
1,342,1675394280.7447507,49.67433410659516,-0.0043422119120645536,False,False,False,True,100000,False,True,False,0.8452775639792343,0.046035533955931546,9.760862720785296,0.3114551183693189,True,Cruise
1,343,1675394280.8447468,49.67433410659516,-0.0043422119120645536,False,False,False,True,100000,False,True,False,-1.1711564970995307,-0.27244012584789556,9.977754203389209,2.052918650066828,True,Cruise
1,344,1675394280.9449587,49.541331584813605,-0.006115578869151855,False,False,False,True,100000,False,True,False,0.32600998752390525,-0.27958239413061065,9.856021159953514,0.23254998336184463,True,Cruise
1,345,1675394281.0448208,49.541331584813605,-0.006115578869151855,False,False,False,True,100000,False,True,False,-0.44142221726525965,-0.3795823310034549,9.926204064565882,0.0522366217726621,True,Cruise
1,346,1675394281.1448157,49.8384621390582,-0.002153838145890649,False,False,False,True,100000,False,True,False,-0.29052002071285093,-0.4055100870457932,9.909226920693705,0.15405176036575954,True,Cruise
1,347,1675394281.2448719,49.8384621390582,-0.002153838145890649,False,False,True,True,100000,False,True,False,-0.29052002071285093,-0.4055100870457932,9.909226920693705,0.15405176036575954,True,Cruise
1,348,1675394281.3659666,49.85683007719631,0.0019089323040492065,False,False,True,True,100000,False,True,False,1.3281193811888385,-0.3727759258118467,9.781773253215668,0.32560049966529014,True,Cruise
1,349,1675394281.4620428,49.49526236604848,0.0067298351193536485,False,False,True,True,100000,False,True,False,0.5006375018225538,-0.34262879378621564,9.862924364612278,0.4601807755902207,True,Cruise
1,350,1675394281.557751,49.49526236604848,0.0067298351193536485,False,False,True,True,100000,False,True,False,-1.7756334706514272,-0.23333924773415232,10.058363560205654,1.0514755712876886,True,Cruise
1,351,1675394281.6538143,49.5677325735149,0.005763565686467908,False,False,True,True,100000,False,True,False,-1.7756334706514272,-0.23333924773415232,10.058363560205654,1.0514755712876886,True,Cruise
1,352,1675394281.750213,49.5677325735149,0.005763565686467908,False,False,True,True,100000,False,True,False,-2.044720884431289,-0.05311819043684047,10.05761349121745,0.3238645216005955,True,Cruise
1,353,1675394281.8458683,49.256873529687226,-0.009908352937503726,False,False,True,True,100000,False,True,False,-0.5147241079970448,-0.049832807812981154,9.87019933895102,1.5414360168712513,True,Cruise
