repetition,iteration,time,speed,steering,obstacle_North,obstacle_NorthWest,obstacle_SouthWest,obstacle_West,obstacle_distance,follow_enable,steady_motion_enable,passing_start,accel_x,accel_y,accel_z,accel_diff,success,action
1,1,1675394347.0147202,0.0,0.0,False,True,False,False,100000,False,True,False,0.044150124547329694,-1.305912357746261e-14,9.809876701359554,3.2182358744000467e-06,True,
1,2,1675394347.014845,0.0,0.0,False,True,False,False,100000,False,True,False,0.044150124547329694,-1.305912357746261e-14,9.809876701359554,3.2182358744000467e-06,True,
1,3,1675394347.1151273,49.74057605325521,0.0,False,True,False,False,100000,False,True,False,0.044142288809702696,2.664730769459176e-14,9.80988061342701,5.643265722409124e-06,True,Cruise
1,4,1675394347.2153938,49.70258950628398,0.0039654732495469575,False,True,False,False,100000,False,True,False,0.04413936954107221,5.889533010229282e-14,9.809881053951916,4.148102269843727e-06,True,Cruise
1,5,1675394347.31506,49.70258950628398,0.0039654732495469575,False,True,False,False,100000,False,True,False,1.9411533183320808,-1.0632216798161243e-13,9.644434763916477,2.9523196861514513e-06,True,Cruise
1,6,1675394347.4150696,49.75502759886156,0.0032662986818458813,False,True,False,False,100000,False,True,False,3.0618854877181834,0.002871580922327036,9.580272317523665,0.446048494227128,True,Cruise
1,7,1675394347.5151675,49.75502759886156,0.003511671562103578,False,True,False,False,100000,False,True,False,3.495683157213466,0.006618172013113474,9.593602598718896,0.434018607206055,True,Cruise
1,8,1675394347.6150706,49.73662463284223,0.003511671562103578,False,True,False,False,100000,False,True,False,3.605178455709546,0.003996376043400859,9.613385091227421,0.1112988823695116,True,Cruise
1,9,1675394347.7150257,49.73662463284223,0.003511671562103578,False,True,False,False,100000,False,True,False,3.6979841949612213,0.001856996357531043,9.636023577612445,0.09796453790352576,True,Cruise
1,10,1675394347.8151174,49.73662463284223,0.003511671562103578,False,True,False,False,100000,False,True,False,4.0072939849269185,0.0030728732707000863,9.704445497363709,0.11443856386846708,True,Cruise
1,11,1675394347.9151087,49.71168338769319,0.0038442214974241614,False,True,False,False,100000,False,True,False,4.228227029939991,0.0036766903810208323,9.747514984799754,0.11065444883500213,True,Cruise
1,12,1675394348.014984,49.68905900011227,0.0038442214974241614,False,True,False,False,100000,False,True,False,4.228227029939991,0.0036766903810208323,9.747514984799754,0.27061244017994057,True,Cruise
1,13,1675394348.1149957,49.68905900011227,0.004145879998503032,False,True,False,False,100000,False,True,False,4.4917584073817345,0.005408918017474189,9.808991039253621,0.06380545000253755,True,Cruise
1,14,1675394348.2151027,49.66573754565299,0.0044568327246268255,False,True,False,False,100000,False,True,False,4.5995424550050865,0.006548551503150063,9.845998829963582,0.050214070974290606,True,Cruise
1,15,1675394348.315076,49.68011231332061,0.004265169155725146,False,True,False,False,100000,False,True,False,4.633051031524259,0.005917414218947833,9.862490493788375,0.02565186546734879,True,Cruise
1,16,1675394348.4150903,49.68011231332061,0.004265169155725146,False,True,False,False,100000,False,True,False,4.661975760236902,0.00947958231501365,9.900982618568861,0.033956746990992055,True,Cruise
1,17,1675394348.5150845,49.75100383491898,0.0033199488677468623,False,True,False,False,100000,False,True,False,4.604416833888006,0.009356942566719876,9.919958886519728,0.03359118724820853,True,Cruise
1,18,1675394348.615158,49.677519579195625,0.004299738944058258,False,True,False,False,100000,False,True,False,4.4886828228614855,0.007768525101951,9.918617899370972,0.0435496429610084,True,Cruise
1,19,1675394348.715095,49.677519579195625,0.004299738944058258,False,True,False,False,100000,False,True,False,4.4886828228614855,0.007768525101951,9.918617899370972,0.04692250032724631,True,Cruise
1,20,1675394348.8151133,49.74344221943046,0.003420770407593848,False,True,False,False,100000,False,True,False,4.343318270825511,0.010783191299798305,9.89931900812445,0.05075610657881458,True,Cruise
1,21,1675394348.9150474,49.74344221943046,0.003420770407593848,False,True,False,False,100000,False,True,False,4.343318270825511,0.010783191299798305,9.89931900812445,0.05075610657881458,True,Cruise
1,22,1675394349.014995,49.681575221154525,0.004245663717939682,False,True,False,False,100000,False,True,False,4.242995484369553,0.008774618674291286,9.878707840628252,0.10243786444394537,True,Cruise
1,23,1675394349.115042,49.681575221154525,0.004245663717939682,False,True,False,False,100000,False,True,False,4.194317863689072,0.004591892950025489,9.866714925613445,0.05030741456435206,True,Cruise
1,24,1675394349.2149782,49.72887712215886,0.003614971704548424,False,True,False,False,100000,False,True,False,4.147544140857186,0.008494735673125987,9.853907010747122,0.046278837062785426,True,Cruise
1,25,1675394349.3151052,49.72887712215886,0.003614971704548424,False,True,False,False,100000,False,True,False,4.02413802889088,0.0085780619667334,9.812933078437286,0.03684354981146708,True,Cruise
1,26,1675394349.4150167,49.70988126700027,0.0038682497733298,False,True,False,False,100000,False,True,False,3.959765026951552,0.006889125213978233,9.785757079839346,0.03684354981146708,True,Cruise
1,27,1675394349.5149882,49.70988126700027,0.0038682497733298,False,False,False,False,100000,False,True,False,3.959765026951552,0.006889125213978233,9.785757079839346,0.03307057003874365,True,Cruise
1,28,1675394349.6150036,49.70988126700027,0.0038682497733298,False,False,False,False,100000,False,True,False,3.8937631445616407,0.00844961917491918,9.74919858145818,0.07546659807026948,True,Cruise
1,29,1675394349.715109,49.7673255641847,0.0031023258108705595,False,False,False,False,100000,False,True,False,3.8701297905012098,0.008452297426122453,9.729438984756285,0.013568712126572237,True,Cruise
1,30,1675394349.8150842,49.7673255641847,0.0031023258108705595,False,False,False,False,100000,False,True,False,3.8615152368697734,0.006412254908575713,9.714357672106336,0.010403079718752494,True,Cruise
1,31,1675394349.9150207,49.76711637433567,0.003105115008857785,False,False,False,False,100000,False,True,False,3.862253115131799,0.004914945750608612,9.708720821194937,0.0058788168232598555,True,Cruise
1,32,1675394350.0151234,49.76711637433567,0.003105115008857785,False,False,False,False,100000,False,True,False,3.86597020857205,0.004875563403002872,9.70438668201205,0.01587448412160917,True,Cruise
1,33,1675394350.115089,49.76711637433567,0.003105115008857785,False,False,False,False,100000,False,True,False,3.904231731281301,0.005981791949951767,9.699709023205095,0.012426406214885498,True,Cruise
1,34,1675394350.2150054,49.76711637433567,0.003105115008857785,False,False,False,False,100000,False,True,False,3.917977247533287,0.006052267582155224,9.701447706861144,0.015007573286904342,True,Cruise
1,35,1675394350.3150666,49.72880190567854,0.0036159745909528627,False,False,False,False,100000,False,True,False,3.9481795547318095,0.006253024902278143,9.707839862490562,0.015873331498329417,True,Cruise
1,36,1675394350.415066,49.72880190567854,0.0036159745909528627,False,False,False,False,100000,False,True,False,3.979965401569369,0.008154765614246157,9.717405524569203,0.01705150954046764,True,Cruise
1,37,1675394350.5149758,49.772883899938876,0.0030282146674816593,False,False,False,False,100000,False,True,False,4.026055400423449,0.010377566633178978,9.735628868352883,0.01618493539150335,True,Cruise
1,38,1675394350.615014,49.772883899938876,0.0030282146674816593,False,False,False,False,100000,False,True,False,4.053333244826407,0.009210722065345098,9.748946236793843,0.015116972932838809,True,Cruise
1,39,1675394350.715008,49.7250524669589,0.0036659671072146586,False,False,False,False,100000,False,True,False,4.065471809176069,0.008190832319410212,9.755610081557199,0.013884946762406421,True,Cruise
1,40,1675394350.8150506,49.7250524669589,0.0036659671072146586,False,False,False,False,100000,False,True,False,4.094712771036362,0.011638759297106178,9.774418587158712,0.01129025623105474,True,Cruise
1,41,1675394350.915083,49.730290809418456,0.0036659671072146586,False,False,False,False,100000,False,True,False,4.094712771036362,0.011638759297106178,9.774418587158712,0.01129025623105474,True,Cruise
1,42,1675394351.015015,49.730290809418456,0.003596122541087291,False,False,False,False,100000,False,True,False,4.112464623099677,0.014350369504594918,9.789773794659874,0.0053208072559244235,True,Cruise
1,43,1675394351.1151092,49.79572796058015,0.003596122541087291,False,False,False,False,100000,False,True,False,4.118092065116184,0.014391781413898515,9.797353624289999,0.0031082868394428113,True,Cruise
1,44,1675394351.2151432,49.79572796058015,0.002723627192264588,False,False,False,False,100000,False,True,False,4.119245102282386,0.014878592108859936,9.802557788901296,0.003479844182425348,True,Cruise
1,45,1675394351.3150625,49.79572796058015,0.002723627192264588,False,False,False,False,100000,False,True,False,4.116598358362933,0.012588926575675542,9.80536207991742,0.00558540397393536,True,Cruise
1,46,1675394351.4149919,49.74388147514908,0.003414913664678893,False,False,False,False,100000,False,True,False,4.1071348189860055,0.010324119148013629,9.805394940880172,0.0037998924160757724,True,Cruise
1,47,1675394351.5149903,49.74388147514908,0.003414913664678893,False,False,False,False,100000,False,True,False,4.102917436023895,0.008567579863524133,9.804426728022882,0.004670030561364267,True,Cruise
1,48,1675394351.6150448,49.69777739654067,0.004029634712791032,False,False,False,False,100000,False,True,False,4.088492774528273,0.015348395065235778,9.799219548707896,0.005412738049137374,True,Cruise
1,49,1675394351.715011,49.69777739654067,0.004029634712791032,False,False,False,False,100000,False,True,False,4.07836740476055,0.017366932819290762,9.794347400627034,0.006922737164944425,True,Cruise
1,50,1675394351.8150222,49.79845622951457,0.002687250273139057,False,False,False,False,100000,False,True,False,4.07836740476055,0.017366932819290762,9.794347400627034,0.006922737164944425,True,Cruise
1,51,1675394351.915,49.79845622951457,0.002687250273139057,False,False,False,False,100000,False,True,False,4.068583734901611,0.020295558291768833,9.788857700427744,0.011594561282982255,True,Cruise
1,52,1675394352.0150487,49.777396528952636,0.002968046280631561,False,False,False,False,100000,False,True,False,4.05966876331985,0.025167537632079903,9.783163748658348,0.009736520811209282,True,Cruise
1,53,1675394352.1150742,49.777396528952636,0.002968046280631561,False,False,False,False,100000,False,True,False,4.052065319173944,0.013029970550728326,9.777632558938771,0.004341102354593313,True,Cruise
1,54,1675394352.2151573,49.82182625203761,0.0023756499728318594,False,False,False,False,100000,False,True,False,4.0433362246518865,0.016040153208520286,9.770336947850623,0.0037166930876076443,True,Cruise
1,55,1675394352.3149924,49.82182625203761,0.0023756499728318594,False,False,False,False,100000,False,True,False,4.0433362246518865,0.016040153208520286,9.770336947850623,0.0037166930876076443,True,Cruise
1,56,1675394352.415022,49.82182625203761,0.0023756499728318594,False,False,False,False,100000,False,True,False,4.0433362246518865,0.016040153208520286,9.770336947850623,0.007901691957219188,True,Cruise
1,57,1675394352.5149846,49.737623935306615,0.0034983475292450967,False,False,False,False,100000,False,True,False,4.0367599945,0.010481526635825704,9.76242497458745,0.0033998207909350783,True,Cruise
1,58,1675394352.6150198,49.815768257079206,0.0034983475292450967,False,False,False,False,100000,False,True,False,4.036613966287709,0.015232874100649897,9.760988185907099,0.00806007832204532,True,Cruise
1,59,1675394352.7150426,49.815768257079206,0.0024564232389438748,False,False,False,False,100000,False,True,False,4.0376270323798655,0.0203324821743956,9.760500871398074,0.0012196835303967864,True,Cruise
1,60,1675394352.8150458,49.815768257079206,0.0024564232389438748,False,False,False,False,100000,False,True,False,4.0409384845970004,0.012642858815179459,9.761311316566388,0.003640880299553566,True,Cruise
1,61,1675394352.9150147,49.789260959761116,0.0028098538698517837,False,False,False,False,100000,False,True,False,4.04235045732181,0.012441773504727523,9.761926663845564,0.0019028867678125728,True,Cruise
1,62,1675394353.0149918,49.89635608304969,0.0028098538698517837,False,False,False,False,100000,False,True,False,4.047020757414644,0.016434068262302037,9.764520980542867,0.0037134037391421577,True,Cruise
1,63,1675394353.1152146,49.89635608304969,0.0013819188926708094,False,False,False,False,100000,False,True,False,4.050251966562089,0.022735643764152234,9.766650841248895,0.005013889610091624,True,Cruise
1,64,1675394353.2151408,49.89635608304969,0.0013819188926708094,False,False,False,False,100000,False,True,False,4.050251966562089,0.022735643764152234,9.766650841248895,0.005013889610091624,True,Cruise
1,65,1675394353.3150213,49.77791087718731,0.0029611883041692337,False,False,False,False,100000,False,True,False,4.054935449675854,0.005366328368374602,9.770014034754874,0.002264570846496395,True,Cruise
1,66,1675394353.415033,49.77791087718731,0.0029611883041692337,False,False,False,False,100000,False,True,False,4.056310292344559,0.0009986702658187408,9.771111327022203,0.004708575154380735,True,Cruise
1,67,1675394353.5151393,49.93281217864193,0.000895837618107536,False,False,False,False,100000,False,True,False,4.059665295674178,0.021081269153415034,9.774116616583633,0.0020151368082237963,True,Cruise
1,68,1675394353.6151736,49.93281217864193,0.000895837618107536,False,False,False,False,100000,False,True,False,4.061432516125725,0.010825195986695,9.775742720562597,0.016080020128962876,True,Cruise
1,69,1675394353.7159643,49.96354729896574,0.00048603601379009945,False,False,False,False,100000,False,True,False,4.061432516125725,0.010825195986695,9.775742720562597,0.016080020128962876,True,Cruise
1,70,1675394353.814993,49.96354729896574,0.00048603601379009945,False,False,False,False,100000,False,True,False,4.063099511054446,0.003004323066989605,9.777503361915047,0.008188087889765053,True,Cruise
1,71,1675394353.9150827,49.938805135054814,0.0008159315326024762,False,False,False,False,100000,False,True,False,4.0635359483022935,-0.0010173879610502873,9.778197782762648,0.0016399948239872026,True,Cruise
1,72,1675394354.015095,49.938805135054814,0.0008159315326024762,False,False,False,False,100000,False,True,False,4.0635359483022935,-0.0010173879610502873,9.778197782762648,0.0016399948239872026,True,Cruise
1,73,1675394354.1150382,49.93092413312054,0.0009210115583927916,False,False,False,False,100000,False,True,False,4.06309886409851,-0.0011313711317123254,9.778495236669677,0.0007410412045928467,True,Cruise
1,74,1675394354.2150152,49.954933470003674,0.0009210115583927916,False,False,False,False,100000,False,True,False,4.061978424559917,-0.0012689112196040463,9.77792762597122,0.0012635204550871682,True,Cruise
1,75,1675394354.3150098,49.954933470003674,0.0006008870666176858,False,False,False,False,100000,False,True,False,4.061978424559917,-0.0012689112196040463,9.77792762597122,0.0008753122544403298,True,Cruise
1,76,1675394354.4149828,49.954933470003674,0.0012583970150122888,False,False,False,False,100000,False,True,False,4.060484107606403,-0.0009538643283858788,9.776909162555842,0.0020057704947028473,True,Cruise
1,77,1675394354.5149899,49.90562022387408,0.0012583970150122888,False,False,False,False,100000,False,True,False,4.059405504487587,-0.0010839884613031978,9.776091658124852,0.001199850309004903,True,Cruise
1,78,1675394354.6150215,49.90562022387408,0.0012583970150122888,False,False,False,False,100000,False,True,False,4.058864076996669,-0.0020664306704202867,9.775665859649228,0.01039759382395842,True,Cruise
1,79,1675394354.7151606,49.97463477630597,0.00033820298258708625,False,False,False,False,100000,False,True,False,4.056851678469435,0.013434142615820412,9.774013361699287,0.003575648391020016,True,Cruise
1,80,1675394354.81506,49.96047212317503,0.00033820298258708625,False,False,False,False,100000,False,True,False,4.056068921582833,0.0030795545409200552,9.77329267691111,0.003488954987898353,True,Cruise
1,81,1675394354.9149766,49.96047212317503,0.0005270383576662615,False,False,False,False,100000,False,True,False,4.055728590554526,0.002820212080947402,9.77297596901442,0.0005323416310968864,True,Cruise
1,82,1675394355.015081,49.96047212317503,0.0005270383576662615,False,False,False,False,100000,False,True,False,4.055162102624016,0.005313516187059182,9.772442962735825,0.0023047755801338396,True,Cruise
1,83,1675394355.1150792,49.951032394154886,0.0006529014112681984,False,False,False,False,100000,False,True,False,4.054634603313598,0.006352857951598341,9.77191172999024,0.0012808961925107525,True,Cruise
1,84,1675394355.2150435,49.951032394154886,0.0006529014112681984,False,False,False,False,100000,False,True,False,4.054496059318339,0.005345737071996571,9.77173679558689,0.0006537466647946902,True,Cruise
1,85,1675394355.315019,49.95854706691109,0.0005527057745188116,False,False,False,False,100000,False,True,False,4.054482984461,0.006258117673777419,9.77170025625629,0.0009132055831416461,True,Cruise
1,86,1675394355.4150236,49.94990640997532,0.0006679145336624076,False,False,False,False,100000,False,True,False,4.054559372933048,0.007255540039125673,9.771719047411045,0.0004565171996306906,True,Cruise
1,87,1675394355.5150638,49.98853950132162,-0.00015280664904510123,False,False,False,False,100000,False,True,False,4.054643569251919,0.0064344492368691684,9.771769478540604,0.00082693556247761,True,Cruise
1,88,1675394355.6151185,49.910022805883614,-0.0008488475667582294,False,False,False,False,100000,False,True,False,4.055037812828141,0.00644615387868282,9.772051486386603,0.0004848643328168776,True,Cruise
1,89,1675394355.7151284,49.88543133826348,-0.0015275821564869356,False,False,False,False,100000,False,True,False,4.05539067449999,-0.016351256670113834,9.772317548218956,0.0073063803041672985,True,Cruise
1,90,1675394355.8150284,49.82611203026592,-0.002318506263121083,False,False,False,False,100000,False,True,False,4.055567119786986,-0.012758178059190665,9.772466310696908,0.0036004829007263654,True,Cruise
1,91,1675394355.915076,49.923376636060624,-0.001021644852524984,False,False,False,False,100000,False,True,False,4.056094942402657,-0.029320207156724256,9.772935961354637,0.014524567597042197,True,Cruise
1,92,1675394356.0151446,49.9432922084177,-0.0007561038877639212,False,False,False,False,100000,False,True,False,4.056094942402657,-0.029320207156724256,9.772935961354637,0.014524567597042197,True,Cruise
1,93,1675394356.1151385,49.88674428957708,-0.0015100761389722779,False,False,False,False,100000,False,True,False,4.05661128211086,-0.021241077408563316,9.773383494143134,0.005742368561541193,True,Cruise
1,94,1675394356.215014,49.849496575465224,-0.0020067123271303097,False,False,False,False,100000,False,True,False,4.0568983052676355,-0.03282795816115428,9.773644711415137,0.006454409033366049,True,Cruise
1,95,1675394356.3219118,49.849496575465224,-0.0020067123271303097,False,False,False,False,100000,False,True,False,4.057024009091415,-0.03508265391009284,9.773759271699275,0.002261101154370582,True,Cruise
1,96,1675394356.415092,49.858219279448974,-0.0018904096073470238,False,False,False,False,100000,False,True,False,4.057303904789944,-0.04177750306637724,9.774029643657018,0.0027036579466638623,True,Cruise
1,97,1675394356.5150006,49.75145849732087,0.0033138867023883804,False,False,False,False,100000,False,True,False,4.057303904789944,-0.04177750306637724,9.774029643657018,0.0027036579466638623,True,Cruise
1,98,1675394356.6150212,49.75145849732087,0.0033138867023883804,False,False,False,False,100000,False,True,False,4.05749733159183,-0.05616343245521046,9.774203421563598,0.014317350935258953,True,Cruise
1,99,1675394356.7151325,49.75145849732087,0.0033138867023883804,False,False,False,False,100000,False,True,False,4.05763365409044,-0.006595090534134382,9.774204938905202,0.04956852940052449,True,Cruise
1,100,1675394356.81504,49.75145849732087,0.0033138867023883804,False,False,False,False,100000,False,True,False,4.057658157700023,0.03416168398152853,9.774196995540983,0.004034408508201182,True,Cruise
1,101,1675394356.9153187,49.87927157247362,-0.0016097123670183791,False,False,False,False,100000,False,True,False,4.057509904576279,0.042633600662698654,9.774160534797135,0.004438895603362782,True,Cruise
1,102,1675394357.0151992,49.93638217943189,-0.0008482376075748173,False,False,False,False,100000,False,True,False,4.057509904576279,0.042633600662698654,9.774160534797135,0.004438895603362782,True,Cruise
1,103,1675394357.115092,49.86177857160094,-0.0008482376075748173,False,False,False,False,100000,False,True,False,4.057338298683176,-0.00036823331698920955,9.773989740336946,0.005346869425345893,True,Cruise
1,104,1675394357.2150013,49.86177857160094,-0.001842952378654121,False,False,False,False,100000,False,True,False,4.057272231792803,0.00998638658419238,9.773937681029238,0.009247274942871761,True,Cruise
1,105,1675394357.3150547,49.92122435037263,-0.0010503419950315756,False,False,False,False,100000,False,True,False,4.057125168999105,0.009571235073006537,9.7738292115746,0.009662456184665267,True,Cruise
1,106,1675394357.4150422,49.848218110721035,-0.002023758523719495,False,False,False,False,100000,False,True,False,4.056969264213322,-0.009802184761026858,9.773719836015617,0.009616545473640919,True,Cruise
1,107,1675394357.5151267,49.848218110721035,-0.002023758523719495,False,False,False,False,100000,False,True,False,4.05684918536873,-0.009479894529594914,9.773613565049363,0.00035997699990928365,True,Cruise
1,108,1675394357.615222,49.79955908963833,-0.0026725454714889513,False,False,False,False,100000,False,True,False,4.0567246517298425,-0.025983008396981724,9.773520610691945,0.01493892986876372,True,Cruise
1,109,1675394357.7150614,49.79955908963833,-0.0026725454714889513,False,False,False,False,100000,False,True,False,4.056660997559712,-0.03684521542501436,9.773480060927543,0.010862469224656498,True,Cruise
1,110,1675394357.8150687,49.79955908963833,-0.0026725454714889513,False,False,False,False,100000,False,True,False,4.056605275754812,-0.040929941904874895,9.773443336311708,0.007143770927535472,True,Cruise
1,111,1675394357.9150681,49.797915501525466,-0.0026944599796604536,False,False,False,False,100000,False,True,False,4.056444481374419,-0.06259108423171927,9.773361292225767,0.004230569456244434,True,Cruise
1,112,1675394358.0150259,49.83182714503331,-0.00224230473288923,False,False,False,False,100000,False,True,False,4.056388009681123,-0.06877533841300933,9.77332702257372,0.006184606959217266,True,Cruise
1,113,1675394358.115189,49.83182714503331,-0.00224230473288923,False,False,False,False,100000,False,True,False,4.056361020823248,-0.07527395517149285,9.773309731652262,0.002767387536871631,True,Cruise
1,114,1675394358.2150195,49.83182714503331,-0.00224230473288923,False,False,False,False,100000,False,True,False,4.056361020823248,-0.07527395517149285,9.773309731652262,0.002767387536871631,True,Cruise
1,115,1675394358.3151324,49.82715998793776,-0.002304533494163174,False,False,False,False,100000,False,True,False,4.056404245770146,-0.07065699800773192,9.773310079721965,0.00013458640124056943,True,Cruise
1,116,1675394358.415091,49.82715998793776,-0.002304533494163174,False,False,False,False,100000,False,True,False,4.056429015343574,-0.06990172425257632,9.77332920120749,0.0006216982104644864,True,Cruise
1,117,1675394358.5337064,49.82715998793776,-0.002304533494163174,False,False,False,False,100000,False,True,False,4.056457683094911,-0.06750973979373442,9.773358630387467,0.0015123107077984238,True,Cruise
1,118,1675394358.6153283,49.90530607904359,-0.0012625856127521891,False,False,False,False,100000,False,True,False,4.056496432294426,-0.06410732365998115,9.773394231509585,0.0019656877081093713,True,Cruise
1,119,1675394358.7171822,49.90530607904359,-0.0012625856127521891,False,False,False,False,100000,False,True,False,4.056574025331747,-0.061908832189378114,9.773452264203437,0.001636719172355749,True,Cruise
1,120,1675394358.8150864,49.86707491334753,-0.00177233448869958,False,False,False,False,100000,False,True,False,4.056660814556677,-0.04768192160243518,9.773465972995291,0.014227181911728235,True,Cruise
1,121,1675394358.9150805,49.86707491334753,-0.00177233448869958,False,False,False,False,100000,False,True,False,4.056720934285969,-0.03827427465909815,9.773483054142348,0.009407854545958579,True,Cruise
1,122,1675394359.015013,49.909990117940936,-0.001200131760787581,False,False,False,False,100000,False,True,False,4.056759108796087,-0.041909074560144845,9.773542186991493,0.003635481303447989,True,Cruise
1,123,1675394359.1149986,49.909990117940936,-0.001200131760787581,False,False,False,False,100000,False,True,False,4.056815528814634,-0.03394066059295812,9.773571171376316,2.5173519513189444e-05,True,Cruise
1,124,1675394359.2150118,49.84724392364129,-0.00203674768478285,False,False,False,False,100000,False,True,False,4.05684975200225,-0.028558470365950255,9.77358310582324,0.002281088677508479,True,Cruise
1,125,1675394359.3338487,49.907933560231,-0.0012275525302533573,False,False,False,False,100000,False,True,False,4.056862920302949,-0.031362299512446776,9.77361704353375,0.008481903163508475,True,Cruise
1,126,1675394359.4150343,49.907933560231,-0.0012275525302533573,False,False,False,False,100000,False,True,False,4.056862920302949,-0.031362299512446776,9.77361704353375,0.008481903163508475,True,Cruise
1,127,1675394359.51512,49.907933560231,-0.0012275525302533573,False,False,False,False,100000,False,True,False,4.0568953788397195,-0.02608154733906833,9.773629891191664,0.005280867555200028,True,Cruise
1,128,1675394359.6152382,49.89390687213502,-0.0014145750381997636,False,False,False,False,100000,False,True,False,4.056909801395718,-0.024759524263679226,9.773630765619643,0.0005389098625674928,True,Cruise
1,129,1675394359.7150624,49.93853159264919,-0.0008195787646775108,False,False,False,False,100000,False,True,False,4.056903629854967,-0.030461401846230002,9.773628940749939,0.00047238217234324116,True,Cruise
1,130,1675394359.815212,49.94164434539607,-0.0007780753947190925,False,False,False,False,100000,False,True,False,4.056903629854967,-0.030461401846230002,9.773628940749939,0.004690634361977128,True,Cruise
1,131,1675394359.9150894,49.94164434539607,-0.0007780753947190925,False,False,False,False,100000,False,True,False,4.056918428288568,-0.022519708606638007,9.773619397932382,0.0033206302128975336,True,Cruise
1,132,1675394360.015165,49.92558259063273,-0.0009922321248969697,False,False,False,False,100000,False,True,False,4.056918428288568,-0.022519708606638007,9.773619397932382,0.0033206302128975336,True,Cruise
1,133,1675394360.1339276,49.903927953447464,-0.0012809606207005242,False,False,False,False,100000,False,True,False,4.056883489001879,-0.02044764900446386,9.7735974531373,0.0007969007940457182,True,Cruise
1,134,1675394360.2150743,49.903927953447464,-0.0012809606207005242,False,False,False,False,100000,False,True,False,4.056845180565268,-0.023768024717084765,9.773585562073404,0.0006578101334458494,True,Cruise
1,135,1675394360.3150227,49.945129168861094,-0.0007316110818521344,False,False,False,False,100000,False,True,False,4.056808047628494,-0.0263402560483284,9.773572923940792,0.002229782250931474,True,Cruise
1,136,1675394360.4150102,49.945129168861094,-0.0007316110818521344,False,False,False,False,100000,False,True,False,4.056790465538238,-0.028569959597774284,9.773566455690668,0.002229782250931474,True,Cruise
1,137,1675394360.515046,49.945129168861094,-0.0007316110818521344,False,False,False,False,100000,False,True,False,4.05678689703815,-0.02260853366818766,9.773544434263352,0.005961467670918098,True,Cruise
1,138,1675394360.6150892,49.99845080879751,2.065588269988916e-05,False,False,False,False,100000,False,True,False,4.056777821231878,-0.023150304755408812,9.773533486227466,0.0002080019703756023,True,Cruise
1,139,1675394360.7150989,49.99845080879751,2.065588269988916e-05,False,False,False,False,100000,False,True,False,4.056770019373526,-0.025987005829882757,9.773529261848466,0.008495391297400231,True,Cruise
1,140,1675394360.8150718,49.27787125469334,0.00962838327075546,False,False,False,False,100000,False,True,False,4.056780536721894,-0.009331799712290464,9.773517988975355,0.002320447126835312,True,Cruise
1,141,1675394360.9151134,49.27787125469334,0.00962838327075546,False,False,False,False,100000,False,True,False,4.056780536721894,-0.009331799712290464,9.773517988975355,0.08858623852293414,True,Cruise
1,142,1675394361.0152657,49.99432213439826,-7.570487468986335e-05,False,False,False,False,100000,False,True,False,4.056536461076417,0.15601758327012527,9.773536378556726,0.07676355388592888,True,Cruise
1,143,1675394361.1149957,49.99430904156092,-7.570487468986335e-05,False,False,False,False,100000,False,True,False,4.05649844958522,0.11217368861771278,9.773515072315154,0.10066420348054544,True,Cruise
1,144,1675394361.215026,49.99430904156092,7.58794458543869e-05,False,False,False,False,100000,False,True,False,4.056732237930775,0.05259253092108404,9.77349772740893,0.0046896918261610625,True,Cruise
1,145,1675394361.3150911,49.91824359243076,-0.0010900854342565257,False,False,False,False,100000,False,True,False,4.056892065405776,0.06150066022591027,9.77349254101065,0.01806783872719627,True,Cruise
1,146,1675394361.4150574,49.91824359243076,-0.0010900854342565257,False,False,False,False,100000,False,True,False,3.847406461249269,-1.9928454470544017,9.277264025860958,2.1412678097713895,True,Cruise
1,147,1675394361.5151672,49.92359268827744,-0.0010187641563008853,False,False,False,False,100000,False,True,False,3.847406461249269,-1.9928454470544017,9.277264025860958,3.020415971162384,True,Cruise
1,148,1675394361.6151125,49.923902723610084,-0.0010146303518655659,False,False,False,False,100000,False,True,False,4.359544556241451,-2.313285797954029,9.048607393283858,3.4149295763590017,True,Cruise
1,149,1675394361.7151692,49.923902723610084,-0.0010146303518655659,False,False,False,False,100000,False,True,False,4.640301057173157,0.07198002461811559,9.713938003884133,1.360533818949974,True,Cruise
1,150,1675394361.8150792,49.923902723610084,-0.0010146303518655659,False,False,False,False,100000,False,True,False,4.362022471333226,-0.13842735432181819,9.743889786686037,0.181144418456499,True,Cruise
1,151,1675394361.9151106,49.92460985965114,-0.001005201871318073,False,False,False,False,100000,False,True,False,4.224345660798972,-0.17500238568381138,9.759390760039231,0.143293116558027,True,Cruise
1,152,1675394362.015036,49.95517611754812,-0.0005976517660250596,False,False,False,False,100000,False,True,False,4.065214419482092,-0.18505076648437518,9.77983186020172,0.16075310415546262,True,Cruise
1,153,1675394362.1150796,49.92858387505639,-0.0009522149992481359,False,False,False,False,100000,False,True,False,4.077869501680641,-0.17683741414884271,9.781148627391984,0.010738190705944962,True,Cruise
1,154,1675394362.2150972,49.92858387505639,-0.0009522149992481359,False,False,False,False,100000,False,True,False,4.089990921154152,-0.16433173031075676,9.78098973449183,0.016726390847939664,True,Cruise
1,155,1675394362.3149955,49.71411113181811,0.0038118515757585717,False,False,False,False,100000,False,True,False,4.10587156375185,-0.1338776188384414,9.781389601464593,0.009637776864478479,True,Cruise
1,156,1675394362.41497,49.71411113181811,0.0038118515757585717,False,False,False,False,100000,False,True,False,4.10587156375185,-0.1338776188384414,9.781389601464593,0.009637776864478479,True,Cruise
1,157,1675394362.5337353,49.86095397704118,-0.001853946972784257,False,False,False,False,100000,False,True,False,4.095776142775389,-0.008650831599612867,9.782250661508968,0.009637776864478479,True,Cruise
1,158,1675394362.62974,49.86095397704118,-0.001853946972784257,False,False,False,False,100000,False,True,False,4.081870837405366,0.03183747402962826,9.7831263950271,0.04281853943509992,True,Cruise
1,159,1675394362.725718,49.9011857597763,-0.0013175232029827041,False,False,False,False,100000,False,True,False,4.074949613478557,-0.04638095357764694,9.782406848124545,0.027097027326641862,True,Cruise
1,160,1675394362.8232307,49.845545984347666,-0.0020593868753644284,False,False,False,False,100000,False,True,False,4.07660764988816,-0.026207188684214004,9.78032603866706,0.006135307843453403,True,Cruise
1,161,1675394362.918081,49.845545984347666,-0.0020593868753644284,False,False,False,False,100000,False,True,False,4.075474666444894,-0.007712747253172614,9.779365939716564,0.018553970069062793,True,Cruise
1,162,1675394363.015097,49.479602615553276,0.00693863179262303,False,False,False,False,100000,False,True,False,4.075474666444894,-0.007712747253172614,9.779365939716564,0.018553970069062793,True,Cruise
1,163,1675394363.1154387,49.479602615553276,0.00693863179262303,False,False,False,False,100000,False,True,False,4.617235391911913,2.166334069415065,10.836940842879473,5.560107683654305,True,Cruise
1,164,1675394363.2149966,49.479602615553276,0.00693863179262303,False,False,False,False,100000,False,True,False,4.156006673671457,-0.023023183317807904,9.83279997778276,0.06966607563594464,True,Cruise
1,165,1675394363.3151035,49.479602615553276,0.00693863179262303,False,False,False,False,100000,False,True,False,4.137708041158723,0.014464633187137187,9.835884428311088,0.04182929802430635,True,Cruise
1,166,1675394363.415007,49.596053414038174,0.005385954479491052,False,False,False,False,100000,False,True,False,4.102749707064431,0.003674214866434989,9.837941932892495,0.019935730529307506,True,Cruise
1,167,1675394363.5150707,49.596053414038174,0.005385954479491052,False,False,False,False,100000,False,True,False,3.9794963123170994,0.0652483050224647,9.824286361906609,0.13845303360430583,True,Cruise
1,168,1675394363.6337855,49.70445252645773,0.003940632980563609,False,True,False,False,100000,False,True,False,4.023816859794855,0.10634159058823624,9.816794334686485,0.060902376958416854,True,Cruise
1,169,1675394363.7150264,49.89755324441671,0.0013659567411104603,False,True,False,False,100000,False,True,False,4.05476097629094,0.1242234090145645,9.81021754665134,0.036339398960558496,True,Cruise
1,170,1675394363.8150268,49.89755324441671,0.0013659567411104603,False,True,False,False,100000,False,True,False,4.07414486573636,0.05990136446903489,9.800207367809668,0.029801713041669012,True,Cruise
1,171,1675394363.9150069,49.89755324441671,0.0013659567411104603,False,True,False,False,100000,False,True,False,4.0608279795921645,0.022965231012273123,9.792584554442506,0.01222602148570604,True,Cruise
1,172,1675394364.015049,49.83777208076609,-0.002163038923118748,False,True,False,False,100000,False,True,False,4.0608279795921645,0.022965231012273123,9.792584554442506,0.01222602148570604,True,Cruise
1,173,1675394364.1150231,49.717435850572386,0.0037675219923682343,False,True,False,False,100000,False,True,False,4.019483579991422,-0.021905028817884517,9.766385810116995,0.04542803464258351,True,Cruise
1,174,1675394364.215041,49.78534390438007,-0.0028620812749324113,False,True,False,False,100000,False,True,False,4.014510932855303,0.07951899668249414,9.76254340183004,0.04822536710153003,True,Cruise
1,175,1675394364.3149946,49.78534390438007,-0.0028620812749324113,False,True,False,False,100000,False,True,False,4.014048191893212,0.09851965835856548,9.760973867432089,0.019070991362613424,True,Cruise
1,176,1675394364.4151142,49.97460619741453,-0.00033858403447292073,False,True,False,False,100000,False,True,False,4.0261814383040875,-0.0010021567284522535,9.771397605681953,0.08547635509894601,True,Cruise
1,177,1675394364.5180638,49.97460619741453,-0.00033858403447292073,False,True,False,False,100000,False,True,False,4.0261814383040875,-0.0010021567284522535,9.771397605681953,0.08547635509894601,True,Cruise
1,178,1675394364.6220944,49.67978116522093,-0.0042695844637208845,False,True,False,False,100000,False,True,False,4.0293184186837765,-0.025708380917673853,9.765306672556381,0.026396189646250297,True,Cruise
1,179,1675394364.7258432,49.66743328421042,-0.004434222877194465,False,True,False,False,100000,False,True,False,4.030477010765472,0.0006181121140202885,9.763779499717046,0.026396189646250297,True,Cruise
1,180,1675394364.8298283,49.66743328421042,-0.004434222877194465,False,True,False,False,100000,False,True,False,4.033494284137583,-0.04182199321805776,9.76159089315319,0.05846601316747027,True,Cruise
1,181,1675394364.9338028,49.66743328421042,-0.004434222877194465,False,True,False,False,100000,False,True,False,4.010483591359894,0.18350045790574165,9.72414547836573,0.04259847167745687,True,Cruise
1,182,1675394365.0386188,49.50756611266469,0.006565785164470779,False,True,False,False,100000,False,True,False,4.010483591359894,0.18350045790574165,9.72414547836573,0.04259847167745687,True,Cruise
1,183,1675394365.1150005,48.28817526658414,0.022824329778878133,False,True,False,False,100000,False,True,False,4.025661942369508,0.1526951004986122,9.738553766713082,0.037241793155707366,True,Cruise
1,184,1675394365.2150667,49.65927571738034,-0.004542990434928758,False,True,False,False,100000,False,True,False,4.031644704935394,0.15471528205498358,9.743791605108457,0.037241793155707366,True,Cruise
1,185,1675394365.3151112,49.65927571738034,-0.004542990434928758,False,True,False,False,100000,False,True,False,4.042869524874798,0.5243293072639027,9.759952249667677,0.0354917539471197,True,Cruise
1,186,1675394365.4150827,49.65927571738034,-0.004542990434928758,False,True,False,False,100000,False,True,False,4.0562426146151696,0.28809802613899627,9.769114247358056,0.33972238325364407,True,Cruise
1,187,1675394365.5150473,49.64887653112526,-0.004681646251663254,False,True,False,False,100000,False,True,False,4.0562426146151696,0.28809802613899627,9.769114247358056,0.33972238325364407,True,Cruise
1,188,1675394365.6150563,49.53873918434631,-0.006150144208715778,False,True,False,False,100000,False,True,False,4.0562426146151696,0.28809802613899627,9.769114247358056,0.33972238325364407,True,Cruise
1,189,1675394365.714998,49.53873918434631,-0.006150144208715778,False,True,False,False,100000,False,True,False,4.073081259868895,0.12693345506020115,9.781201667418088,0.023851639652806934,True,Cruise
1,190,1675394365.8177936,49.56052029086804,-0.00585972945509287,False,True,False,False,100000,False,True,False,4.0772715904993415,0.14696188064785037,9.787662703938762,0.054584757020728444,True,Cruise
1,191,1675394365.9217186,49.56052029086804,-0.00585972945509287,False,True,False,False,100000,False,True,False,4.079672480606472,0.028868684331016217,9.792288898214437,0.05537075177515705,True,Cruise
1,192,1675394366.0259182,49.51265088275563,-0.006497988229925005,False,True,False,False,100000,False,True,False,4.080906023980341,-0.0810021594598783,9.795037080962224,0.05454254969227166,True,Cruise
1,193,1675394366.129941,49.54108872977584,-0.006118816936322092,False,True,False,False,100000,False,True,False,4.080906023980341,-0.0810021594598783,9.795037080962224,0.05454254969227166,True,Cruise
1,194,1675394366.2337906,49.54108872977584,-0.006118816936322092,False,True,False,False,100000,False,True,False,1.5004319054787167,-0.23751195942642814,10.001627030596476,0.3847884326923364,True,Cruise
1,195,1675394366.3377674,49.555142706432214,-0.0059314305809037736,False,True,False,False,100000,False,True,False,0.8484626950663515,-0.3208883182306655,10.015232075856995,0.27151951622591025,True,Cruise
1,196,1675394366.4149885,49.555142706432214,-0.0059314305809037736,False,True,False,False,100000,False,True,False,0.619043139903427,-0.40579279596170725,9.977752372016345,0.1502319301135036,True,Cruise
1,197,1675394366.5150056,49.54060481201061,-0.006125269173191836,False,True,False,False,100000,False,True,False,0.4800614983879505,-0.4385901888574705,9.958692216883973,0.14406545447387994,True,Cruise
1,198,1675394366.6149971,49.69579304580009,0.0040560927226655575,False,True,False,False,100000,False,True,False,0.4800614983879505,-0.4385901888574705,9.958692216883973,0.4879897580637295,True,Cruise
1,199,1675394366.7150657,49.69579304580009,0.0040560927226655575,False,True,False,False,100000,False,True,False,-0.0011550609646030358,-0.49599454553524325,9.901513839726181,0.9007726152672665,True,Cruise
1,200,1675394366.8151057,49.899335341820986,0.0013421954423869257,False,True,False,False,100000,False,True,False,0.7905249139940363,-0.3522117363467779,9.773395858113291,0.29246703570105687,True,Cruise
1,201,1675394366.915098,49.24208522083579,0.010105530388856102,False,True,False,False,100000,False,True,False,0.9046584920349476,-0.3677308622280155,9.683828592483062,0.732249546363343,True,Cruise
1,202,1675394367.0149853,49.24208522083579,0.010105530388856102,False,True,False,False,100000,False,True,False,-0.34109335663297796,-0.35705975353681146,9.79482088598074,1.2507321176959232,True,Cruise
1,203,1675394367.1150699,49.24208522083579,-0.00507060602921643,False,True,False,False,100000,False,True,False,-0.34109335663297796,-0.35705975353681146,9.79482088598074,1.2507321176959232,True,Cruise
1,204,1675394367.2379868,49.619704547808766,-0.00507060602921643,False,True,False,False,100000,False,True,False,-2.8775431578826827,0.14421797832784516,9.927057587932199,0.31090952317065707,True,Cruise
1,205,1675394367.3337421,48.70074030473885,0.017323462603482002,False,True,False,False,100000,False,True,False,-0.9463536073674357,0.022571793097432246,9.679244861083944,1.4706186231401137,True,Cruise
1,206,1675394367.4299011,48.70074030473885,0.017323462603482002,False,True,False,False,100000,False,True,False,-1.5512582081520234,0.36668237112636326,9.723968665770792,1.2149176146246514,True,Cruise
1,207,1675394367.5257416,49.464432408984,0.007140901213546704,False,True,False,False,100000,False,True,False,-1.5512582081520234,0.36668237112636326,9.723968665770792,1.0106880985078035,True,Cruise
1,208,1675394367.6218858,49.464432408984,0.007140901213546704,False,True,False,False,100000,False,True,False,-2.5300291194987103,0.607622866553367,9.797763064137373,1.0106880985078035,True,Cruise
1,209,1675394367.7176995,49.62683293766703,0.004975560831106266,False,True,False,False,100000,False,True,False,-0.1472489854908029,0.641629194286218,9.558164943367123,1.0106880985078035,True,Cruise
1,210,1675394367.8177009,49.62683293766703,0.004975560831106266,False,True,False,False,100000,False,True,False,1.291591966782859,0.4684836317951984,9.471613155279254,0.7271611207446316,True,Cruise
1,211,1675394367.9149883,49.9128824385366,-0.0011615674861786991,False,True,False,False,100000,False,True,False,1.147641905185939,0.4115118347179495,9.518500466265056,0.16175854174493426,True,Cruise
1,212,1675394368.0150018,49.754436231025174,-0.0032741835863310123,False,True,False,False,100000,False,True,False,0.7455420670197663,0.44570051399884225,9.583758316082227,0.7794746882555741,True,Cruise
1,213,1675394368.1150653,49.754436231025174,-0.0032741835863310123,False,True,False,False,100000,False,True,False,1.1852518288887561,0.41430212649194714,9.591503848130149,0.7794746882555741,True,Cruise
1,214,1675394368.215042,49.3404888717417,-0.008793481710110653,False,True,False,False,100000,False,True,False,1.1852518288887561,0.41430212649194714,9.591503848130149,0.7794746882555741,True,Cruise
1,215,1675394368.3150177,49.618331231270254,-0.008793481710110653,False,True,False,False,100000,False,True,False,-0.5253224176847946,0.2945910420897716,9.88170717349811,1.0731714360554003,True,Cruise
1,216,1675394368.4150496,49.618331231270254,0.005088916916396608,False,True,False,False,100000,False,True,False,-1.8087071315267222,-0.038550419688875584,10.018620217130334,0.40345629767408664,True,Cruise
1,217,1675394368.5336988,49.618331231270254,0.005088916916396608,False,True,False,False,100000,False,True,False,-0.45440413004357694,-0.08737778481229917,9.890436538665547,1.3612317168050105,True,Cruise
1,218,1675394368.6297846,49.45603585002875,-0.007252855332949978,False,True,False,False,100000,False,True,False,0.5685362049392859,0.12794332059817098,9.814327823147458,1.0481233915660177,True,Cruise
1,219,1675394368.7278724,49.45603585002875,-0.007252855332949978,False,True,False,False,100000,False,True,False,1.2115271841485362,0.17255776843483386,9.773396970694186,0.6458352599407935,True,Cruise
1,220,1675394368.8218288,49.45603585002875,-0.007252855332949978,False,True,False,False,100000,False,True,False,-0.34025643475213707,-0.3692228079233728,9.951788603628307,1.653294337832318,True,Cruise
1,221,1675394368.9177225,48.969275051348845,-0.013742999315348668,False,True,False,False,100000,False,True,False,-0.34025643475213707,-0.3692228079233728,9.951788603628307,1.653294337832318,True,Cruise
1,222,1675394369.0150511,49.717883374027295,-0.003761555012969411,False,True,False,False,100000,False,True,False,-0.1703715536896347,-0.4483264175278485,9.936459747560972,0.1557526110620176,True,Cruise
1,223,1675394369.1150599,49.717883374027295,-0.003761555012969411,False,True,False,False,100000,False,True,False,-1.0318327096152462,-0.4515965726371047,10.018237006360067,0.865340128007377,True,Cruise
1,224,1675394369.2150393,48.48041828320702,-0.02026108955723969,False,True,False,False,100000,False,True,False,1.262213089305081,-0.40214149962302026,9.786313765211407,1.1497212276642825,True,Cruise
1,225,1675394369.3150437,48.48041828320702,-0.02026108955723969,False,True,False,False,100000,False,True,False,1.6921015051135389,-0.2691397742414304,9.755532856932842,0.4510443141369137,True,Cruise
1,226,1675394369.4149907,49.292898668344606,-0.009428017755405175,False,True,False,False,100000,False,True,False,-1.055983160062502,-0.7453031421960723,10.014461243845696,0.4510443141369137,True,Cruise
1,227,1675394369.5150652,49.292898668344606,-0.009428017755405175,False,True,False,False,100000,False,True,False,-1.8008821711582579,-1.0183099764256929,10.06161032741066,0.12819170992755186,True,Cruise
1,228,1675394369.6150196,48.656926698418765,0.017907644021083094,False,True,False,False,100000,False,True,False,-1.2533422098502878,-0.7361697258870954,9.962336717124492,0.5214619238775807,True,Cruise
1,229,1675394369.7338898,48.656926698418765,0.017907644021083094,False,True,False,False,100000,False,True,False,-1.7682155578403171,-0.7513081784677246,9.994745460253185,0.516114390274268,True,Cruise
1,230,1675394369.8297696,48.09083524012456,-0.025455530131672524,False,True,False,False,100000,False,True,False,-2.2614505673558,-3.898384933023746e-05,9.976648524220423,0.3443535948607334,True,Cruise
1,231,1675394369.9257529,48.09083524012456,-0.025455530131672524,False,True,False,False,100000,False,True,False,-2.2614505673558,-3.898384933023746e-05,9.976648524220423,0.3443535948607334,True,Cruise
1,232,1675394370.0217748,49.979440380468226,0.00027412826042366083,False,True,False,False,100000,False,True,False,-3.3639921941953927,-0.8662649824904982,9.976199655801754,1.7516912381732805,True,Cruise
1,233,1675394370.1178327,49.37221897810159,0.008370413625312129,False,True,False,False,100000,False,True,False,-1.6287816234411443,-0.9895808107758942,9.77062807330543,1.7516912381732805,True,Cruise
1,234,1675394370.2170658,47.14187177654812,0.0381083763126917,False,True,False,False,100000,False,True,False,2.017941226098258,-0.20601798847901326,9.426675172228379,0.41317853738572774,True,Cruise
1,235,1675394370.3160117,47.14187177654812,0.0381083763126917,False,True,False,False,100000,False,True,False,0.6798033855510697,-0.10177294764952041,9.595734092942442,1.7394911572902845,True,Cruise
1,236,1675394370.415092,47.14187177654812,0.0381083763126917,False,True,False,False,100000,False,True,False,0.6798033855510697,-0.10177294764952041,9.595734092942442,1.7394911572902845,True,Cruise
1,237,1675394370.5153904,48.28141018564641,0.02291453085804793,False,True,False,False,100000,False,True,False,-2.977008453484981,0.8393634320665444,9.925622231194128,3.79036102437465,True,Cruise
1,238,1675394370.6151555,48.28141018564641,0.02291453085804793,False,True,False,False,100000,False,True,False,-3.365688959249392,0.9573803105606186,9.949121735858007,0.8364563105897705,True,Cruise
1,239,1675394370.715177,48.519057700849906,0.019745897322001278,False,True,False,False,100000,False,True,False,-2.2152252054803183,1.2159406291823225,9.822578225711721,1.247114782277966,True,Cruise
1,240,1675394370.8151464,49.21491066657826,0.010467857778956544,False,True,False,False,100000,False,True,False,-0.23627312266654388,1.1468732296246469,9.642690699971174,0.7415278868980688,True,Cruise
1,241,1675394370.9336977,49.21491066657826,0.010467857778956544,False,True,False,False,100000,False,True,False,0.00971482671997467,1.1680242665803429,9.633193069499825,0.24707821148829764,True,Cruise
1,242,1675394371.029696,49.21491066657826,0.010467857778956544,False,True,False,False,100000,False,True,False,2.5274317764435086,1.277870244001598,9.47263415852771,1.9077570840366267,True,Cruise
1,243,1675394371.1256394,49.755457455753785,0.003260567256616158,False,True,False,False,100000,False,True,False,2.9326265208389253,1.309918405694418,9.474489498940542,0.40646439923024463,True,Cruise
1,244,1675394371.2219205,47.54787877506449,0.03269494966580685,False,True,False,False,100000,False,True,False,3.192847168951392,1.3538957486179706,9.49362181995206,0.40646439923024463,True,Cruise
1,245,1675394371.3176517,47.54787877506449,0.03269494966580685,False,True,False,False,100000,False,True,False,-0.1395429230881826,1.4070919655947494,9.931551111426783,1.8492522074485462,True,Cruise
1,246,1675394371.4156482,48.438597691255865,0.0208186974499218,False,True,False,False,100000,False,True,False,-0.1395429230881826,1.4070919655947494,9.931551111426783,1.2417022207157073,True,Cruise
1,247,1675394371.5150332,48.438597691255865,0.0208186974499218,False,True,False,False,100000,False,True,False,-1.3557936982722232,1.6221610368839823,10.059237255425757,1.2417022207157073,True,Cruise
1,248,1675394371.6150596,49.83832240562144,0.0021557012583807203,False,True,False,False,100000,False,True,False,-2.6609167174857795,1.3277072585786143,10.171916848952115,1.3426637008710265,True,Cruise
1,249,1675394371.7150652,49.83832240562144,0.0021557012583807203,False,True,False,False,100000,False,True,False,-0.767111336213464,1.3502623160145628,9.973848887035343,1.904268486923465,True,Cruise
1,250,1675394371.8151646,49.035517424884226,0.012859767668210394,False,True,False,False,100000,False,True,False,2.270003381002348,0.9204695148594523,9.708776417852636,0.7761644726841216,True,Cruise
1,251,1675394371.9150393,49.18366303480911,0.010884492869211847,False,True,False,False,100000,False,True,False,2.067054422166179,0.6594042789470137,9.768512032947248,1.0010704931805274,True,Cruise
1,252,1675394372.037904,49.18366303480911,0.010884492869211847,False,True,False,False,100000,False,True,False,1.329095323616109,0.8580853839895847,9.840212983733027,0.7675928862211752,True,Cruise
1,253,1675394372.1337252,48.28933741645975,0.02280883444720327,False,True,False,False,100000,False,True,False,1.329095323616109,0.8580853839895847,9.840212983733027,0.7675928862211752,True,Cruise
1,254,1675394372.2313747,48.28933741645975,0.02280883444720327,False,True,False,False,100000,False,True,False,-0.3444251612321179,0.685092436809899,10.011954417406681,1.120392345976587,True,Cruise
1,255,1675394372.3258255,49.96083175846388,0.0005222432204815245,False,True,False,False,100000,False,True,False,-0.3444251612321179,0.685092436809899,10.011954417406681,1.120392345976587,True,Cruise
1,256,1675394372.4217072,48.15572364929774,0.02459035134269684,False,True,False,False,100000,False,True,False,-2.739565360073568,0.9210147797643093,10.158991071311226,1.7349529959079875,True,Cruise
1,257,1675394372.5179286,48.15572364929774,0.02459035134269684,False,True,False,False,100000,False,True,False,-1.3694826389713899,0.3855117448861018,9.979976698239438,0.38692534938712303,True,Cruise
1,258,1675394372.6150448,48.15572364929774,0.02459035134269684,False,True,False,False,100000,False,True,False,-1.3694826389713899,0.3855117448861018,9.979976698239438,0.38692534938712303,True,Cruise
1,259,1675394372.714965,49.80001058634502,0.0026665255153997956,False,True,False,False,100000,False,True,False,-2.414350229334561,0.9047423507521806,9.930614207017637,1.1709909963012601,True,Cruise
1,260,1675394372.8150184,49.49926956528413,-0.006676405796211584,False,True,False,False,100000,False,True,False,-0.5678007555526056,0.8276242409529515,9.690684784398819,1.5009577487298933,True,Cruise
1,261,1675394372.915132,49.49926956528413,-0.006676405796211584,False,True,False,False,100000,False,True,False,0.7331460914504556,0.5259698568001561,9.560131676796928,1.3418279249256664,True,Cruise
1,262,1675394373.015075,49.513910405026444,0.006481194599647413,False,True,False,False,100000,False,True,False,1.6571362925584472,0.22982811957438828,9.47463787864117,0.9740467184862233,True,Cruise
1,263,1675394373.115103,49.513910405026444,0.006481194599647413,False,True,False,False,100000,False,True,False,2.232913687052182,0.15188578838461847,9.42994295402616,0.5827454429574128,True,Cruise
1,264,1675394373.238002,49.513910405026444,0.006481194599647413,False,True,False,False,100000,False,True,False,2.232913687052182,0.15188578838461847,9.42994295402616,0.5827454429574128,True,Cruise
1,265,1675394373.3346767,48.9328913115763,0.01422811584564933,False,True,False,False,100000,False,True,False,2.9281494800879364,0.4643586701666302,9.46273812866097,0.10795032212416121,True,Cruise
1,266,1675394373.431271,47.37679806766049,0.03497602576452685,False,True,False,False,100000,False,True,False,1.1013883915561777,0.4484102891254743,9.675406255945981,1.8391677894619847,True,Cruise
1,267,1675394373.5258021,47.37679806766049,0.03497602576452685,False,True,False,False,100000,False,True,False,-1.029317493879517,0.4817622400463906,9.896812561943186,0.6779163252952102,True,Cruise
1,268,1675394373.621964,47.851679217073084,0.028644277105692242,False,True,False,False,100000,False,True,False,-1.029317493879517,0.4817622400463906,9.896812561943186,0.7745260282892551,True,Cruise
1,269,1675394373.71775,47.851679217073084,0.028644277105692242,False,True,False,False,100000,False,True,False,-2.3065226136524037,0.9005013216577148,10.023652944219222,0.6278082163364601,True,Cruise
1,270,1675394373.8151345,46.40504885397782,0.04793268194696238,False,True,False,False,100000,False,True,False,-2.8535760323471338,1.1647631723771754,10.04161399599865,0.6078029022901169,True,Cruise
1,271,1675394373.91506,46.40504885397782,0.04793268194696238,False,True,False,False,100000,False,True,False,-2.9421714893155504,1.2151987017953043,10.031681576339611,0.10242827043064223,True,Cruise
1,272,1675394374.0150611,46.40504885397782,0.04793268194696238,False,True,False,False,100000,False,True,False,-3.186343938460766,1.5997188611201392,10.008990157974225,0.3114996294194122,True,Cruise
1,273,1675394374.1150377,48.12051293903726,0.025059827479503142,False,True,False,False,100000,False,True,False,-3.343730897180222,1.8682424405258105,9.99648209430963,0.3114996294194122,True,Cruise
1,274,1675394374.2150266,47.2214863017303,0.03704684931026264,False,True,False,False,100000,False,True,False,-1.7035707152824446,2.182046098406586,9.778652373380206,1.8255805221180947,True,Cruise
1,275,1675394374.3151033,47.2214863017303,0.03704684931026264,False,True,False,True,100000,False,True,False,-0.779831277233849,1.792542172218347,9.699451086864274,1.005624533167408,True,Cruise
1,276,1675394374.4151628,49.66477593368872,-0.0044696542174836274,False,True,False,True,100000,False,True,False,-1.8441189657928103,1.9763823545934343,9.785204681614882,1.0834478186265055,True,Cruise
1,277,1675394374.5338674,49.66477593368872,-0.0044696542174836274,False,True,False,True,100000,False,True,False,-1.1801427887285396,2.241039738676596,9.683918081766175,1.2772678211352475,True,Cruise
1,278,1675394374.6315563,47.764656055668034,0.02980458592442624,False,True,False,True,100000,False,True,False,0.14083889670500654,2.3679165550264836,9.566466043564985,1.2536262115673795,True,Cruise
1,279,1675394374.7258825,47.764656055668034,0.02980458592442624,False,True,False,True,100000,False,True,False,1.0187958883413937,1.1595518706372132,9.52708650954984,0.4347990997035434,True,Cruise
1,280,1675394374.821888,49.97146267038658,0.00038049772817893435,False,True,False,True,100000,False,True,False,0.6007301296644117,1.2644497544283202,9.584250418627148,0.4347990997035434,True,Cruise
1,281,1675394374.9180593,48.39187748338062,-0.021441633554925094,False,True,False,True,100000,False,True,False,0.5666344554293559,1.871933963783811,9.615043894597441,0.6092190228318072,True,Cruise
1,282,1675394375.015149,48.39187748338062,-0.021441633554925094,False,True,False,True,100000,False,True,False,0.5666344554293559,1.871933963783811,9.615043894597441,1.0625645025679042,True,Cruise
1,283,1675394375.1150723,44.772892375016646,-0.06969476833311143,False,True,False,True,100000,False,True,False,0.980732746016812,0.22968116307199504,9.672331780210081,0.20435330897038534,True,Cruise
1,284,1675394375.215102,44.772892375016646,-0.06969476833311143,False,True,False,True,100000,False,True,False,-0.09172170436011536,0.27183260211273397,9.83484274218851,1.2000168822493933,True,Cruise
1,285,1675394375.3150454,43.959024483117574,-0.08054634022509898,False,True,False,True,100000,False,True,False,-1.924262974935462,-1.0862565265126032,10.026497972475967,1.0719511423734092,True,Cruise
1,286,1675394375.4150589,43.959024483117574,-0.08054634022509898,False,True,False,True,100000,False,True,False,-1.924262974935462,-1.0862565265126032,10.026497972475967,1.0719511423734092,True,Cruise
1,287,1675394375.5151784,43.92285303315321,-0.08102862622462387,False,True,False,True,100000,False,True,False,-2.9884542721113654,-2.7573695744179023,10.084617922464554,0.4073345079111441,True,Cruise
1,288,1675394375.6377237,43.92285303315321,-0.08102862622462387,False,True,False,True,100000,False,True,False,-2.9884542721113654,-2.7573695744179023,10.084617922464554,0.39684323743818656,True,Cruise
1,289,1675394375.733731,43.92285303315321,-0.08102862622462387,False,True,False,True,100000,False,True,False,-3.325767263547554,-3.8443085765758735,10.03940467902863,0.3608003676736238,True,Cruise
1,290,1675394375.8297179,43.90247529233851,-0.0813003294354865,False,True,False,True,100000,False,True,False,-3.473806097495529,-4.1402588501291895,10.02134220539752,0.33140355116780695,True,Cruise
1,291,1675394375.9257827,44.70709432107841,-0.07057207571895462,False,True,False,True,100000,False,True,False,-3.687571541356018,-4.40467547951665,10.006764111638226,0.3403297514222816,True,Cruise
1,292,1675394376.021839,44.70709432107841,-0.07057207571895462,False,True,False,True,100000,False,True,False,-3.687571541356018,-4.40467547951665,10.006764111638226,0.3403297514222816,True,Cruise
1,293,1675394376.1178696,44.70709432107841,-0.07057207571895462,False,True,False,True,100000,False,True,False,-4.332541146527606,-4.753308194197941,9.94908456846998,0.1602843543918076,True,Cruise
1,294,1675394376.2151537,45.23524031119022,-0.06353012918413047,False,True,False,True,100000,False,True,False,-3.560719521385609,-4.79405720963628,9.751493962889043,0.09124946210671894,True,Cruise
1,295,1675394376.3150532,45.23524031119022,-0.06353012918413047,False,True,False,True,100000,False,True,False,-3.560719521385609,-4.79405720963628,9.751493962889043,1.008093291742119,True,Cruise
1,296,1675394376.4150798,46.44877496563689,-0.04734966712484137,False,True,False,True,100000,False,True,False,-2.7165540748364805,-3.9725946828630243,9.634059327624719,0.2522471296559213,True,Cruise
1,297,1675394376.5150597,46.44877496563689,-0.04734966712484137,False,True,False,True,100000,False,True,False,-2.7165540748364805,-3.9725946828630243,9.634059327624719,0.2522471296559213,True,Cruise
1,298,1675394376.615077,46.44877496563689,-0.04734966712484137,False,False,False,True,100000,False,True,False,0.13856304722908086,-3.3630572015433056,9.354450446144535,0.2522471296559213,True,Cruise
1,299,1675394376.7156582,46.91612163167527,-0.04111837824432976,False,False,False,True,100000,False,True,False,0.13856304722908086,-3.3630572015433056,9.354450446144535,2.932816197522122,True,Cruise
1,300,1675394376.8381681,46.91612163167527,-0.04111837824432976,False,False,False,True,100000,False,True,False,1.15580730567504,-3.159801167400266,9.285730910850576,1.0396255437838393,True,Cruise
1,301,1675394376.934331,46.91612163167527,-0.04111837824432976,False,False,False,True,100000,False,True,False,1.95426512292631,-3.0217690215749173,9.247212681915068,0.8112160089465327,True,Cruise
1,302,1675394377.031159,46.91612163167527,-0.04111837824432976,False,False,False,True,100000,False,True,False,2.422732677770733,-2.8778357695786267,9.248948040597943,0.4900833015334216,True,Cruise
1,303,1675394377.1304514,47.57995316578297,-0.03226729112289377,False,False,False,True,100000,False,True,False,2.769883654295654,-2.734607632685119,9.268940378034866,0.37606886770428555,True,Cruise
1,304,1675394377.2221818,47.57995316578297,-0.03226729112289377,False,False,False,True,100000,False,True,False,2.769883654295654,-2.734607632685119,9.268940378034866,0.37606886770428555,True,Cruise
1,305,1675394377.3181205,47.692958707232044,-0.030760550570239336,False,False,False,True,100000,False,True,False,2.769883654295654,-2.734607632685119,9.268940378034866,0.37606886770428555,True,Cruise
1,306,1675394377.418108,47.692958707232044,-0.030760550570239336,False,False,False,True,100000,False,True,False,2.769883654295654,-2.734607632685119,9.268940378034866,0.37606886770428555,True,Cruise
1,307,1675394377.515451,47.692958707232044,-0.030760550570239336,False,False,False,True,100000,False,True,False,3.2898366253621174,-2.572353296655767,9.343480629105617,0.25071562744982673,True,Cruise
1,308,1675394377.615467,47.692958707232044,-0.030760550570239336,False,False,False,True,100000,False,True,False,3.2898366253621174,-2.572353296655767,9.343480629105617,0.25071562744982673,True,Cruise
1,309,1675394377.7153332,47.692958707232044,-0.030760550570239336,False,False,False,True,100000,False,True,False,3.2898366253621174,-2.572353296655767,9.343480629105617,0.25071562744982673,True,Cruise
1,310,1675394377.815202,47.692958707232044,-0.030760550570239336,False,False,False,True,100000,False,True,False,4.00633679039679,-2.0781741942040775,9.489336603492305,0.8825301337965524,True,Cruise
1,311,1675394377.915353,47.898805122415865,-0.02801593170112178,False,False,False,True,100000,False,True,False,4.244198198387678,-1.9842806145990282,9.541537552408485,0.8825301337965524,True,Cruise
1,312,1675394378.0391908,47.898805122415865,-0.02801593170112178,False,False,False,True,100000,False,True,False,4.468851202497506,-1.9082291285734767,9.594868053579049,0.8825301337965524,True,Cruise
1,313,1675394378.1340964,47.898805122415865,-0.02801593170112178,False,False,False,True,100000,False,True,False,4.738822245125576,-1.5060500898124503,9.689646939557559,0.26099615470387105,True,Cruise
1,314,1675394378.2338402,48.548728992453334,-0.019350280100622244,False,False,False,True,100000,False,True,False,4.916003027019795,-1.4817048238047579,9.743407004150303,0.1867508125675717,True,Cruise
1,315,1675394378.3270247,49.07176425482713,-0.012376476602304946,False,False,False,True,100000,False,True,False,4.5463174420853765,-1.2917115353270832,9.81897114370983,0.4224628037617464,True,Cruise
1,316,1675394378.4223,49.07176425482713,-0.012376476602304946,False,False,False,True,100000,False,True,False,4.2084130501822425,-1.09188077803068,9.91301538240302,0.4036781248228127,True,Cruise
1,317,1675394378.52255,49.07176425482713,-0.012376476602304946,False,False,False,True,100000,False,True,False,4.2084130501822425,-1.09188077803068,9.91301538240302,0.4036781248228127,True,Cruise
1,318,1675394378.6190193,49.68408110389831,-0.00421225194802252,False,False,False,True,100000,False,True,False,4.2084130501822425,-1.09188077803068,9.91301538240302,0.4036781248228127,True,Cruise
1,319,1675394378.715342,49.68408110389831,-0.00421225194802252,False,False,False,True,100000,False,True,False,5.063083337299647,-1.1235251234376402,9.963329253736944,0.6046517685248199,True,Cruise
1,320,1675394378.8157198,49.68408110389831,-0.00421225194802252,False,False,False,True,100000,False,True,False,5.063083337299647,-1.1235251234376402,9.963329253736944,0.2521311420687232,True,Cruise
1,321,1675394378.9154375,49.68408110389831,-0.00421225194802252,False,False,False,True,100000,False,True,False,5.215437774784437,-1.0458170736750576,9.989176223168831,0.17296959688923327,True,Cruise
1,322,1675394379.0153978,49.68408110389831,-0.00421225194802252,False,False,False,True,100000,False,True,False,5.291809555463452,-0.9315082965670297,10.010693306611286,0.13914787202068835,True,Cruise
1,323,1675394379.1153483,49.800547467789556,-0.002659367096139236,False,False,False,True,100000,False,True,False,5.291809555463452,-0.9315082965670297,10.010693306611286,0.13914787202068835,True,Cruise
1,324,1675394379.238513,49.800547467789556,-0.002659367096139236,False,False,False,True,100000,False,True,False,5.301117289850473,-0.8598653153130169,10.031526910708118,0.05546501076509369,True,Cruise
1,325,1675394379.3340409,49.800547467789556,-0.002659367096139236,False,False,False,True,100000,False,True,False,5.1842796006241105,-0.7873223567561806,10.067164496741814,0.08737493371803345,True,Cruise
1,326,1675394379.4304075,49.800547467789556,-0.002659367096139236,False,False,False,True,100000,False,True,False,5.0925398189632975,-0.7197588511049041,10.078583675303893,0.1145050761935747,True,Cruise
1,327,1675394379.5262315,49.78063037159016,0.0029249283787978393,False,False,False,True,100000,False,True,False,5.0925398189632975,-0.7197588511049041,10.078583675303893,0.1145050761935747,True,Cruise
1,328,1675394379.6220322,49.78063037159016,0.0029249283787978393,False,False,False,True,100000,False,True,False,5.0925398189632975,-0.7197588511049041,10.078583675303893,0.1145050761935747,True,Cruise
1,329,1675394379.718029,49.78063037159016,0.0029249283787978393,False,False,False,True,100000,False,True,False,5.0925398189632975,-0.7197588511049041,10.078583675303893,0.1145050761935747,True,Cruise
1,330,1675394379.8152442,49.78063037159016,0.0029249283787978393,False,False,False,True,100000,False,True,False,5.0925398189632975,-0.7197588511049041,10.078583675303893,0.22980729158546273,True,Cruise
1,331,1675394379.9240794,49.48791495646954,0.006827800580406185,False,False,False,True,100000,False,True,False,4.88823041832491,-0.6146891100526661,10.084006736417724,0.22980729158546273,True,Cruise
1,332,1675394380.054096,49.48791495646954,0.006827800580406185,False,False,False,True,100000,False,True,False,4.3582974671681844,-0.39934179836181,10.11950657606274,0.5771017305777028,True,Cruise
1,333,1675394380.1152852,49.48791495646954,0.006827800580406185,False,False,False,True,100000,False,True,False,2.846479392332118,-0.14953023185218287,10.203593026937638,0.9591031402600579,True,Cruise
1,334,1675394380.2152781,48.90997380349325,0.014533682620089972,False,False,False,True,100000,False,True,False,2.846479392332118,-0.14953023185218287,10.203593026937638,0.9591031402600579,True,Cruise
1,335,1675394380.3153808,48.90997380349325,0.014533682620089972,False,False,False,True,100000,False,True,False,1.4078784025127786,-0.17201486892496942,10.238934076055838,0.6540988798551314,True,Cruise
1,336,1675394380.4155147,48.90997380349325,0.014533682620089972,False,False,False,True,100000,False,True,False,0.017731449112541917,-0.27076520896989287,10.310619002591222,1.3954923541171163,True,Cruise
1,337,1675394380.5356035,48.09073148331468,0.0254569135558043,False,False,False,True,100000,False,True,False,0.017731449112541917,-0.27076520896989287,10.310619002591222,1.3954923541171163,True,Cruise
1,338,1675394380.634165,48.09073148331468,0.0254569135558043,False,False,False,True,100000,False,True,False,-1.1958768165818097,0.19910230258798362,10.295113907221186,1.30148411782921,True,Cruise
1,339,1675394380.7260513,48.09073148331468,0.0254569135558043,False,False,False,True,100000,False,True,False,-1.1958768165818097,0.19910230258798362,10.295113907221186,1.30148411782921,True,Cruise
1,340,1675394380.8218906,48.09073148331468,0.0254569135558043,False,False,False,True,100000,False,True,False,-1.1958768165818097,0.19910230258798362,10.295113907221186,1.30148411782921,True,Cruise
1,341,1675394380.921943,47.46328886989122,0.033822815068117046,False,False,False,True,100000,False,True,False,-3.1173939324622797,0.8811814808248296,10.222196078819191,2.0402884702180506,True,Cruise
1,342,1675394381.017832,47.46328886989122,0.033822815068117046,False,False,False,True,100000,False,True,False,-3.443026087456564,1.032073293867983,10.161900971781957,0.36392326051284907,True,Cruise
1,343,1675394381.1151524,48.53836637377388,0.019488448349681546,False,False,False,True,100000,False,True,False,-3.715042696871389,1.1272028717964604,10.09579438164591,0.29565647913381365,True,Cruise
1,344,1675394381.215381,48.53836637377388,0.019488448349681546,False,False,False,True,100000,False,True,False,-3.967153395079939,1.3586593304029513,10.02808360942064,0.3488791267146876,True,Cruise
1,345,1675394381.3152032,48.53836637377388,0.019488448349681546,False,False,False,True,100000,False,True,False,-1.5072926914226787,1.6286278017472526,9.645280573784328,1.1395954390295349,True,Cruise
1,346,1675394381.4152474,48.53836637377388,0.019488448349681546,False,False,False,True,100000,False,True,False,-1.5072926914226787,1.6286278017472526,9.645280573784328,1.1395954390295349,True,Cruise
1,347,1675394381.515177,48.74369510641448,0.01675073191447357,False,False,False,True,100000,False,True,False,-0.9747389098247291,1.518806466025657,9.54446966085606,0.553025402887953,True,Cruise
1,348,1675394381.6153173,48.74369510641448,0.01675073191447357,False,False,False,True,100000,False,True,False,-0.9747389098247291,1.518806466025657,9.54446966085606,0.553025402887953,True,Cruise
1,349,1675394381.7341516,48.74369510641448,0.01675073191447357,False,False,False,True,100000,False,True,False,-0.9747389098247291,1.518806466025657,9.54446966085606,0.553025402887953,True,Cruise
1,350,1675394381.8300424,48.74369510641448,0.01675073191447357,False,False,False,True,100000,False,True,False,-0.027526229675425173,1.4825531139083972,9.352345917510217,0.9671802829527623,True,Cruise
1,351,1675394381.9261014,48.63495631420905,0.01820058247721268,False,False,False,True,100000,False,True,False,-0.027526229675425173,1.4825531139083972,9.352345917510217,0.4006824728499184,True,Cruise
1,352,1675394382.022601,48.63495631420905,0.01820058247721268,False,False,False,True,100000,False,True,False,-0.42617723500103705,1.5151690226121282,9.376010712067417,0.4006824728499184,True,Cruise
1,353,1675394382.1182323,49.1169201268996,0.011774398308005364,False,False,False,True,100000,False,True,False,-1.0607022309540515,1.5086463295854677,9.41732198733955,0.2522306122335968,True,Cruise
1,354,1675394382.215185,49.1169201268996,0.011774398308005364,False,False,False,True,100000,False,True,False,-1.162954649914819,1.475589062364556,9.427259472090713,1.0110151453417964,True,Cruise
1,355,1675394382.3152187,49.170400634269136,0.011061324876411555,False,False,False,True,100000,False,True,False,-1.162954649914819,1.475589062364556,9.427259472090713,1.0110151453417964,True,Cruise
1,356,1675394382.4191856,49.170400634269136,0.011061324876411555,False,False,False,True,100000,False,True,False,0.8588548608796546,1.328779143209532,9.269982045238766,1.0245060230151426,True,Cruise
1,357,1675394382.5155768,49.170400634269136,0.011061324876411555,False,False,False,True,100000,False,True,False,0.8588548608796546,1.328779143209532,9.269982045238766,1.0245060230151426,True,Cruise
1,358,1675394382.615229,49.15022105612032,0.011330385918395655,False,False,False,True,100000,False,True,False,0.8588548608796546,1.328779143209532,9.269982045238766,1.0245060230151426,True,Cruise
1,359,1675394382.7153587,49.15022105612032,0.011330385918395655,False,False,False,True,100000,False,True,False,0.4374278172664096,1.053140866158176,9.488230306485399,0.5047541145877777,True,Cruise
1,360,1675394382.8152575,49.15022105612032,0.011330385918395655,False,False,False,True,100000,False,True,False,0.4374278172664096,1.053140866158176,9.488230306485399,0.2227532185707393,True,Cruise
1,361,1675394382.9339867,49.1722233143344,0.011037022475541348,False,False,False,True,100000,False,True,False,0.1917235796910716,0.9092579275059767,9.60429696194527,0.10318445991240423,True,Cruise
1,362,1675394383.030007,49.1722233143344,0.011037022475541348,False,False,False,True,100000,False,True,False,0.1917235796910716,0.9092579275059767,9.60429696194527,0.10318445991240423,True,Cruise
1,363,1675394383.1299272,49.1722233143344,0.011037022475541348,False,False,False,True,100000,False,True,False,0.4980661672114565,0.7553505323134748,9.673591082227988,0.22738720223279615,True,Cruise
1,364,1675394383.2223914,49.1722233143344,0.011037022475541348,False,False,False,True,100000,False,True,False,0.4980661672114565,0.7553505323134748,9.673591082227988,0.12702145624350486,True,Cruise
1,365,1675394383.318025,49.1722233143344,0.00647086987380034,False,False,False,True,100000,False,True,False,0.5805449232196207,0.6911384787493284,9.71394468872464,0.11204618053671303,True,Cruise
1,366,1675394383.4162385,49.51468475946497,0.00647086987380034,False,False,False,True,100000,False,True,False,0.5805449232196207,0.6911384787493284,9.71394468872464,0.11204618053671303,True,Cruise
1,367,1675394383.5176249,49.51468475946497,0.00647086987380034,False,False,False,True,100000,False,True,False,0.5805449232196207,0.6911384787493284,9.71394468872464,0.11204618053671303,True,Cruise
1,368,1675394383.6157403,49.55183959447262,0.00597547207369843,False,False,False,True,100000,False,True,False,0.5805449232196207,0.6911384787493284,9.71394468872464,2.052224315511453,True,Cruise
1,369,1675394383.723156,49.55183959447262,0.00597547207369843,False,False,False,True,100000,False,True,False,2.623575526345654,0.5035889617087902,9.66418753321122,0.19666578390821432,True,Cruise
1,370,1675394383.8209014,49.20763017725264,0.010564930969964775,False,False,False,True,100000,False,True,False,2.5097496507210426,0.37583775532562247,9.781818456149566,0.2414834973031528,True,Cruise
1,371,1675394383.9188101,49.20763017725264,0.010564930969964775,False,False,False,True,100000,False,True,False,2.5097496507210426,0.37583775532562247,9.781818456149566,0.2414834973031528,True,Cruise
1,372,1675394384.038047,49.20763017725264,0.010564930969964775,False,False,False,True,100000,False,True,False,0.5438250481497895,0.37118728796313705,10.047989695970458,0.533324897607861,True,Cruise
1,373,1675394384.1339283,49.20763017725264,0.010564930969964775,False,False,False,True,100000,False,True,False,-0.6785075371781428,0.4160435009570846,10.177526967579302,0.533324897607861,True,Cruise
