repetition,iteration,time,speed,steering,obstacle_North,obstacle_NorthWest,obstacle_SouthWest,obstacle_West,obstacle_distance,follow_enable,steady_motion_enable,passing_start,accel_x,accel_y,accel_z,accel_diff,success,action
1,1,1675394456.7067592,0.0,0.0,False,True,False,False,100000,False,True,False,0.05103902784718787,5.803325961173964e-13,9.813846909568342,0.00030836783801601545,True,Cruise
1,2,1675394456.7068882,0.0,0.0,False,True,False,False,100000,False,True,False,0.05103902784718787,5.803325961173964e-13,9.813846909568342,0.00030836783801601545,True,Cruise
1,3,1675394456.8070605,49.60256279764031,0.005299162698129184,False,True,False,False,100000,False,True,False,0.049934733880211225,-7.698864966088284e-14,9.813003544950336,0.0004659754999090326,True,Cruise
1,4,1675394456.9076426,49.70669566334353,0.003910724488752957,False,True,False,False,100000,False,True,False,1.0352244462938336,-0.01605187643867773,9.717416746493969,0.9905041469821286,True,Cruise
1,5,1675394457.007085,49.70669566334353,0.003910724488752957,False,True,False,False,100000,False,True,False,1.0352244462938336,-0.01605187643867773,9.717416746493969,1.5873539553596503,True,Cruise
1,6,1675394457.1070607,49.76265689655833,0.003164574712555593,False,True,False,False,100000,False,True,False,3.063119079296497,0.006246176486685345,9.58066685868947,0.27072585707555025,True,Cruise
1,7,1675394457.207084,49.76265689655833,0.003164574712555593,False,True,False,False,100000,False,True,False,3.4962786135721027,0.0024875516925157684,9.593592323425572,0.11096785439809628,True,Cruise
1,8,1675394457.3070476,49.76265689655833,0.003164574712555593,False,True,False,False,100000,False,True,False,3.698027145189749,0.0010559065368711414,9.635666274773142,0.09528335347247499,True,Cruise
1,9,1675394457.4070644,49.778124460023854,0.0029583405330153197,False,True,False,False,100000,False,True,False,3.8963537900215464,0.0012741067134974743,9.681537035297456,0.10588780478852614,True,Cruise
1,10,1675394457.507067,49.778124460023854,0.0029583405330153197,False,True,False,False,100000,False,True,False,4.227262312123471,0.0031276339901454525,9.74661117785859,0.11048975822678316,True,Cruise
1,11,1675394457.6070766,49.778124460023854,0.0029583405330153197,False,True,False,False,100000,False,True,False,4.327248037019938,0.003380839160012932,9.76753791479042,0.09068764671846745,True,Cruise
1,12,1675394457.7070847,49.68481890364452,0.004202414618073068,False,True,False,False,100000,False,True,False,4.49048900018209,0.004308838338483482,9.807984317805635,0.07751309086201864,True,Cruise
1,13,1675394457.8070931,49.68481890364452,0.004202414618073068,False,True,False,False,100000,False,True,False,4.59818682271429,0.007276830507355335,9.845006763431499,0.03739579004720998,True,Cruise
1,14,1675394457.9070578,49.802251779451154,0.0026366429406512433,False,True,False,False,100000,False,True,False,4.631686979719604,0.009084912151253243,9.86152691581104,0.03739579004720998,True,Cruise
1,15,1675394458.0070355,49.802251779451154,0.0026366429406512433,False,True,False,False,100000,False,True,False,4.660729089751067,0.012988006801942578,9.900169134275872,0.011715100904284582,True,Cruise
1,16,1675394458.1070483,49.802251779451154,0.0026366429406512433,False,True,False,False,100000,False,True,False,4.630420924661571,0.003613067996096324,9.915248618064654,0.020564464583988334,True,Cruise
1,17,1675394458.2073345,49.73725304019267,0.003503292797431074,False,True,False,False,100000,False,True,False,4.570001004079685,0.004898132899662162,9.921194006473252,0.03350528375084612,True,Cruise
1,18,1675394458.3071303,49.73725304019267,0.003503292797431074,False,True,False,False,100000,False,True,False,4.488005009441065,0.007703774377620737,9.918268944286432,0.043473664712024775,True,Cruise
1,19,1675394458.4070466,49.73728893853615,0.003502814152851349,False,True,False,False,100000,False,True,False,4.488005009441065,0.007703774377620737,9.918268944286432,0.043473664712024775,True,Cruise
1,20,1675394458.5070415,49.73728893853615,0.003502814152851349,False,True,False,False,100000,False,True,False,4.342982731146468,0.008305639669800574,9.89920631203245,0.05120550314780412,True,Cruise
1,21,1675394458.607047,49.73728893853615,0.003502814152851349,False,True,False,False,100000,False,True,False,4.242867603410312,0.007586867006300221,9.878734568851929,0.050026393456265035,True,Cruise
1,22,1675394458.7070253,49.71401102307674,0.003813186358976731,False,True,False,False,100000,False,True,False,4.147611516423728,0.007492722958499649,9.854050034917014,0.04838444168697482,True,Cruise
1,23,1675394458.807088,49.71401102307674,0.003813186358976731,False,False,False,False,100000,False,True,False,4.062237984282533,0.007587451897067752,9.827017799085887,0.043409500100023445,True,Cruise
1,24,1675394458.9070535,49.72208387315969,0.003705548357870801,False,False,False,False,100000,False,True,False,3.990323190451452,0.008437779787568279,9.799488551056756,0.033030229351758866,True,Cruise
1,25,1675394459.0070467,49.72208387315969,0.003705548357870801,False,False,False,False,100000,False,True,False,3.934035411919228,0.009161413274445977,9.773174617767818,0.02514329385792894,True,Cruise
1,26,1675394459.1069922,49.72208387315969,0.003705548357870801,False,False,False,False,100000,False,True,False,3.8942302368610817,0.009430622526426066,9.749551180914096,0.02116736681459311,True,Cruise
1,27,1675394459.207234,49.762744206718814,0.0031634105770825312,False,False,False,False,100000,False,True,False,3.870616739159033,0.008824667101239856,9.729782381786874,0.010191732847250518,True,Cruise
1,28,1675394459.3070598,49.762744206718814,0.0031634105770825312,False,False,False,False,100000,False,True,False,3.8626866307645593,0.007887116327033645,9.709020157038573,0.012769094089733325,True,Cruise
1,29,1675394459.407044,49.716326040462846,0.00378231946049545,False,False,False,False,100000,False,True,False,3.866380844637446,0.006890003927925506,9.70466392498278,0.005798120988648103,True,Cruise
1,30,1675394459.5070426,49.716326040462846,0.00378231946049545,False,False,False,False,100000,False,True,False,3.8814369977065137,0.007125971016648997,9.699818895501581,0.008882699148004596,True,Cruise
1,31,1675394459.6070538,49.68928800088362,0.004142826654885102,False,False,False,False,100000,False,True,False,3.9182021513164087,0.009243387056398086,9.701590421760486,0.014254827931020536,True,Cruise
1,32,1675394459.7071228,49.68928800088362,0.004142826654885102,False,False,False,False,100000,False,True,False,3.9329061029279018,0.01067273927477145,9.704306345508371,0.015020834948884405,True,Cruise
1,33,1675394459.807045,49.68928800088362,0.004142826654885102,False,False,False,False,100000,False,True,False,3.9329061029279018,0.01067273927477145,9.704306345508371,0.04894400671155846,True,Cruise
1,34,1675394459.9070432,49.75115284421806,0.0033179620770925275,False,False,False,False,100000,False,True,False,3.995783321789744,0.013065503102724259,9.723093100148132,0.016759556091443965,True,Cruise
1,35,1675394460.0070176,49.75115284421806,0.0033179620770925275,False,False,False,False,100000,False,True,False,4.026009485329548,0.01600780209186213,9.735591211770162,0.01618814530880926,True,Cruise
1,36,1675394460.107037,49.77690952448894,0.0029745396734807365,False,False,False,False,100000,False,True,False,4.053253965377869,0.009902695068808306,9.7488707215101,0.013818163038347408,True,Cruise
1,37,1675394460.2070487,49.77690952448894,0.0029745396734807365,False,False,False,False,100000,False,True,False,4.065366459446194,0.009993425832837619,9.755520600090014,0.024439706723189753,True,Cruise
1,38,1675394460.3070524,49.77690952448894,0.0029745396734807365,False,False,False,False,100000,False,True,False,4.101786252669527,0.009349156229230719,9.779883559996101,0.009156703095305826,True,Cruise
1,39,1675394460.4070315,49.76280376686253,0.003162616441832932,False,False,False,False,100000,False,True,False,4.107701550348405,0.009149064987144588,9.785016266477534,0.007834249099910116,True,Cruise
1,40,1675394460.507042,49.76280376686253,0.003162616441832932,False,False,False,False,100000,False,True,False,4.112342937963819,0.008613857932040687,9.78964383474603,0.006575964846921347,True,Cruise
1,41,1675394460.6070182,49.76280376686253,0.003162616441832932,False,False,False,False,100000,False,True,False,4.11905767901321,0.010382746970515635,9.800140179735662,0.003111309664549709,True,Cruise
1,42,1675394460.7070491,49.693596784374236,0.004085376208343507,False,False,False,False,100000,False,True,False,4.118217244740232,0.010393608887581111,9.804153013207804,0.00409991222144862,True,Cruise
1,43,1675394460.8070595,49.693596784374236,0.004085376208343507,False,False,False,False,100000,False,True,False,4.113901600286859,0.014033448840734439,9.805822767164152,0.0032597719245541948,True,Cruise
1,44,1675394460.9070327,49.70149626111638,0.003980049851781532,False,False,False,False,100000,False,True,False,4.106937459160819,0.018031816841119267,9.805339569425662,0.00441624052070744,True,Cruise
1,45,1675394461.0071344,49.68731071893134,0.00416919041424877,False,False,False,False,100000,False,True,False,4.102732817345868,0.01836607541768986,9.804380864651646,0.004325489155201604,True,Cruise
1,46,1675394461.1070805,49.73071067597659,0.0035905243203122206,False,False,False,False,100000,False,True,False,4.0933763488065775,0.018959813141974133,9.801257925778852,0.005111316129783895,True,Cruise
1,47,1675394461.2071996,49.77906835358719,0.0029457552855041255,False,False,False,False,100000,False,True,False,4.0933763488065775,0.018959813141974133,9.801257925778852,0.017532673080437527,True,Cruise
1,48,1675394461.3071506,49.79973296261367,0.0026702271651511153,False,False,False,False,100000,False,True,False,4.073342623540169,0.032852064032866696,9.791656377312766,0.009954335665465826,True,Cruise
1,49,1675394461.407129,49.774155291940744,0.0030112627741234496,False,False,False,False,100000,False,True,False,4.0640884062344576,0.012493905192315476,9.786016720141454,0.011992436384360126,True,Cruise
1,50,1675394461.5070465,49.751186905606154,0.003317507925251266,False,False,False,False,100000,False,True,False,4.059776800398131,0.018424439083334746,9.783176260651793,0.01107323899246864,True,Cruise
1,51,1675394461.6071608,49.86412630626033,0.0018116492498622795,False,False,False,False,100000,False,True,False,4.052120319461408,0.01591046469663139,9.777663257237725,0.004577001101388887,True,Cruise
1,52,1675394461.7070642,49.811059305918114,0.0025192092544251313,False,False,False,False,100000,False,True,False,4.045888990540911,0.017830682900054837,9.7726357100241,0.00823364615765169,True,Cruise
1,53,1675394461.8070467,49.811059305918114,0.0025192092544251313,False,False,False,False,100000,False,True,False,4.041282886189562,0.015045659798027616,9.76832766835701,0.004215814552781929,True,Cruise
1,54,1675394461.907034,49.811059305918114,0.0025192092544251313,False,False,False,False,100000,False,True,False,4.03830411265849,0.01013775610164261,9.764907085324136,0.002509422127961506,True,Cruise
1,55,1675394462.0070736,49.90251765504522,0.0012997645993970135,False,False,False,False,100000,False,True,False,4.03830411265849,0.01013775610164261,9.764907085324136,0.0016692020118615587,True,Cruise
1,56,1675394462.1071253,49.90251765504522,0.0012997645993970135,False,False,False,False,100000,False,True,False,4.036612078798445,0.009695897880555162,9.761621931081686,0.0008727455278784965,True,Cruise
1,57,1675394462.2070453,49.89917766615427,0.0013442977846097094,False,False,False,False,100000,False,True,False,4.037111284814739,0.013090781558161593,9.760661145929273,0.003563362167992606,True,Cruise
1,58,1675394462.3070352,49.89917766615427,0.0013442977846097094,False,False,False,False,100000,False,True,False,4.038723991097684,-1.6032184422685265e-05,9.76059935672141,0.0044683463486417585,True,Cruise
1,59,1675394462.4070363,49.89917766615427,0.0013442977846097094,False,False,False,False,100000,False,True,False,4.042458532145247,-3.24176722298147e-05,9.761945174048,0.0015928197826070524,True,Cruise
1,60,1675394462.5070827,49.881849588521874,0.0015753388197084104,False,False,False,False,100000,False,True,False,4.045499548761731,7.341613292810052e-05,9.76356777268777,0.0017840886880151057,True,Cruise
1,61,1675394462.607047,49.881849588521874,0.0015753388197084104,False,False,False,False,100000,False,True,False,4.045499548761731,7.341613292810052e-05,9.76356777268777,0.0017840886880151057,True,Cruise
1,62,1675394462.707012,49.92373634220921,0.0010168487705437932,False,False,False,False,100000,False,True,False,4.0503223552234555,0.00220446973288383,9.766655799349676,0.006110381352893136,True,Cruise
1,63,1675394462.8070092,49.92373634220921,0.0010168487705437932,False,False,False,False,100000,False,True,False,4.053428163604156,0.005010048981073652,9.768900820941017,0.003974600803302261,True,Cruise
1,64,1675394462.907004,49.92373634220921,0.0010168487705437932,False,False,False,False,100000,False,True,False,4.056276243485478,8.142027033278458e-05,9.77111273831599,0.0022542205391223513,True,Cruise
1,65,1675394463.0070405,49.92663318845571,0.0009782241539238485,False,False,False,False,100000,False,True,False,4.058705752953827,0.0012985331142650746,9.773166413574742,0.0017743171195962063,True,Cruise
1,66,1675394463.1070392,49.92663318845571,0.0009782241539238485,False,False,False,False,100000,False,True,False,4.058705752953827,0.0012985331142650746,9.773166413574742,0.003014852137072228,True,Cruise
1,67,1675394463.2070441,49.93011873510845,0.0009317501985539689,False,False,False,False,100000,False,True,False,4.060650984224938,0.0027456236041957407,9.774958434172909,0.003014852137072228,True,Cruise
1,68,1675394463.3070724,49.93011873510845,0.0009317501985539689,False,False,False,False,100000,False,True,False,4.062603563887014,0.004148867439533574,9.777005558838557,0.0009690649282362113,True,Cruise
1,69,1675394463.4071782,49.90337502401342,0.0012883330131544237,False,False,False,False,100000,False,True,False,4.063427392482007,0.004810119637132546,9.778191053764246,0.0004979220619998002,True,Cruise
1,70,1675394463.507078,49.90337502401342,0.0012883330131544237,False,False,False,False,100000,False,True,False,4.06347219846972,0.0041989110865131305,9.778394974606947,0.0006458848031754486,True,Cruise
1,71,1675394463.6071265,49.92549290114116,0.000993427984784497,False,False,False,False,100000,False,True,False,4.063017121298291,0.010235608046879285,9.778484194941472,0.000872534015964468,True,Cruise
1,72,1675394463.7070453,49.92549290114116,0.000993427984784497,False,False,False,False,100000,False,True,False,4.062342914630364,0.009613825273080292,9.77816570883473,0.0019717293783379553,True,Cruise
1,73,1675394463.8071613,49.97581212863724,0.00032250495150348813,False,False,False,False,100000,False,True,False,4.061922784258168,0.00881797070085977,9.777915311748977,0.0009341267206963154,True,Cruise
1,74,1675394463.9070704,49.507762700407454,0.00656316399456727,False,False,False,False,100000,False,True,False,4.060959684906187,0.011447936708734938,9.777273733891269,0.002506495371034874,True,Cruise
1,75,1675394464.0070324,49.963212717646385,0.0004904970980481967,False,False,False,False,100000,False,True,False,4.060448205223744,0.005178298980473324,9.77689812596552,0.006301670415300954,True,Cruise
1,76,1675394464.1071024,49.894867435046194,-0.001401767532717471,False,False,False,False,100000,False,True,False,4.060448205223744,0.005178298980473324,9.77689812596552,0.006301670415300954,True,Cruise
1,77,1675394464.2070484,49.894867435046194,-0.001401767532717471,False,False,False,False,100000,False,True,False,4.0588382350848065,0.004956540262626158,9.77565826035854,0.002044125118622341,True,Cruise
1,78,1675394464.3218596,49.96975006720925,-0.00040333243721008504,False,False,False,False,100000,False,True,False,4.057804089139678,0.004118712890625352,9.77481099547124,0.0007640345879670873,True,Cruise
1,79,1675394464.4070776,49.96975006720925,-0.00040333243721008504,False,False,False,False,100000,False,True,False,4.056887352356353,-0.010046154180413245,9.774006596503797,0.0012717871280083226,True,Cruise
1,80,1675394464.507046,49.94788445659976,-0.000694873912003242,False,False,False,False,100000,False,True,False,4.0560823914764415,-0.009554752156138923,9.773291815846324,0.0017135087961341038,True,Cruise
1,81,1675394464.6070664,49.91103684892263,-0.0011861753476982392,False,False,False,False,100000,False,True,False,4.0560823914764415,-0.009554752156138923,9.773291815846324,0.0017135087961341038,True,Cruise
1,82,1675394464.7071035,49.91103684892263,-0.0011861753476982392,False,False,False,False,100000,False,True,False,4.055169851533693,-0.012384227006134141,9.772446475082273,0.003090834528284353,True,Cruise
1,83,1675394464.80707,49.90958982207536,-0.00120546903899519,False,False,False,False,100000,False,True,False,4.054779904165871,-0.019122464136309896,9.772057356420271,0.003239109393191111,True,Cruise
1,84,1675394464.90706,49.925690912400185,-0.0009907878346642502,False,False,False,False,100000,False,True,False,4.0546479475649955,-0.02235585517084561,9.771917358083394,0.0012292491342974741,True,Cruise
1,85,1675394465.0070925,49.925690912400185,-0.0009907878346642502,False,False,False,False,100000,False,True,False,4.054490595188724,-0.025483546446594202,9.771707510473666,0.0011648188541169989,True,Cruise
1,86,1675394465.1070697,49.93747365609239,-0.0008336845854347416,False,False,False,False,100000,False,True,False,4.054490595188724,-0.025483546446594202,9.771707510473666,0.002054108224393497,True,Cruise
1,87,1675394465.2070777,49.88012703944495,-0.0015983061407339964,False,False,False,False,100000,False,True,False,4.054649130119259,-0.02339316805867939,9.771776758123755,0.0005055105592020397,True,Cruise
1,88,1675394465.3070486,49.88012703944495,-0.0015983061407339964,False,False,False,False,100000,False,True,False,4.055032743212258,-0.01890280789875738,9.77205849621469,0.0034343523895907333,True,Cruise
1,89,1675394465.4070344,49.89230305283443,-0.0014359592955409007,False,False,False,False,100000,False,True,False,4.055183582344013,-0.02484303284249579,9.772186875307893,0.005943526395789999,True,Cruise
1,90,1675394465.5070255,49.89230305283443,-0.0014359592955409007,False,False,False,False,100000,False,True,False,4.055519485342377,-0.02893293653170149,9.772474311058433,0.0008967455177233375,True,Cruise
1,91,1675394465.6070526,49.8692745421841,-0.0017430061042119842,False,False,False,False,100000,False,True,False,4.055519485342377,-0.02893293653170149,9.772474311058433,0.0008967455177233375,True,Cruise
1,92,1675394465.707197,49.8692745421841,-0.0017430061042119842,False,False,False,False,100000,False,True,False,4.056417843305382,-0.026682934504908825,9.773241451934597,0.002840165221749253,True,Cruise
1,93,1675394465.807063,49.91306759144228,-0.0011590987807696056,False,False,False,False,100000,False,True,False,4.056417843305382,-0.026682934504908825,9.773241451934597,0.002840165221749253,True,Cruise
1,94,1675394465.9070857,49.911997060752014,-0.0011733725233064082,False,False,False,False,100000,False,True,False,4.05686963659193,-0.030655076475542255,9.77364321824891,0.001770030301659504,True,Cruise
1,95,1675394466.007125,49.911997060752014,-0.0011733725233064082,False,False,False,False,100000,False,True,False,4.057014251582032,-0.025272271123696302,9.773755270609104,0.005385913356400075,True,Cruise
1,96,1675394466.1070445,49.98845438902468,0.00015394147967088146,False,False,False,False,100000,False,True,False,4.057014251582032,-0.025272271123696302,9.773755270609104,0.0037964940838860375,True,Cruise
1,97,1675394466.2070553,49.98845438902468,0.00015394147967088146,False,False,False,False,100000,False,True,False,4.057499376431045,-0.012378039746728887,9.774132125434267,0.012834129283537195,True,Cruise
1,98,1675394466.3070664,49.97416081434053,-0.00034452247545961297,False,False,False,False,100000,False,True,False,4.057559746005578,-0.004198163013197105,9.77416834240705,0.0081801796759253,True,Cruise
1,99,1675394466.4070597,49.90278715374826,-0.0012961712833565661,False,False,False,False,100000,False,True,False,4.057590637680834,-0.004194809790333632,9.77421088936353,0.0081801796759253,True,Cruise
1,100,1675394466.5070627,49.90278715374826,-0.0012961712833565661,False,False,False,False,100000,False,True,False,4.057590637680834,-0.004194809790333632,9.77421088936353,0.0054900971413399495,True,Cruise
1,101,1675394466.6070569,49.82923210113322,-0.0022769053182237157,False,False,False,False,100000,False,True,False,4.057501115409311,-0.006058776756363479,9.774161257266629,0.0054900971413399495,True,Cruise
1,102,1675394466.7218256,49.82923210113322,-0.0022769053182237157,False,False,False,False,100000,False,True,False,4.057450880090451,-0.010335347900060484,9.774128329323142,0.00735402849214373,True,Cruise
1,103,1675394466.8070493,49.91291787919641,-0.0011610949440479267,False,False,False,False,100000,False,True,False,4.05734466048274,-0.011652593383280466,9.774042728833766,0.0010431700512865665,True,Cruise
1,104,1675394466.9070876,49.91291787919641,-0.0011610949440479267,False,False,False,False,100000,False,True,False,4.057228236722913,-0.013576430862335889,9.773939474881017,0.0007083024374115843,True,Cruise
1,105,1675394467.00706,49.91291787919641,-0.0011610949440479267,False,False,False,False,100000,False,True,False,4.0571661835112325,-0.015686601387259372,9.773884247823117,0.002111804979930648,True,Cruise
1,106,1675394467.1070828,49.91291787919641,-0.0011610949440479267,False,False,False,False,100000,False,True,False,4.056978655293828,-0.019567991530947876,9.77371607501877,0.0038895550352151024,True,Cruise
1,107,1675394467.2070103,49.91291787919641,-0.0011610949440479267,False,False,False,False,100000,False,True,False,4.056796468705652,-0.024086193210806045,9.773562671816773,0.0012680986157218603,True,Cruise
1,108,1675394467.3070138,49.95837144548545,-0.0005550473935274044,False,False,False,False,100000,False,True,False,4.056742009776335,-0.025107575196346796,9.773517725014202,0.0010238198818302644,True,Cruise
1,109,1675394467.4070377,49.97550449140839,-0.00032660678122149755,False,False,False,False,100000,False,True,False,4.0566617223259716,-0.02218182248945923,9.77343834773788,0.0025476843844023833,True,Cruise
1,110,1675394467.5070713,49.97550449140839,-0.00032660678122149755,False,False,False,False,100000,False,True,False,4.0566617223259716,-0.02218182248945923,9.77343834773788,0.0054728423419608384,True,Cruise
1,111,1675394467.6070569,49.96337672719092,-0.0004883103041210542,False,False,False,False,100000,False,True,False,4.056577144146637,-0.015840618002832787,9.773354063120987,0.006342328571295855,True,Cruise
1,112,1675394467.7070515,49.89923043827818,-0.0013435941562909212,False,False,False,False,100000,False,True,False,4.056554676880201,-0.013441359615927176,9.77333588477275,0.002399432440712307,True,Cruise
1,113,1675394467.8137805,49.89923043827818,-0.0013435941562909212,False,False,False,False,100000,False,True,False,4.056532296305173,-0.013752286230335977,9.773322836974028,0.002399432440712307,True,Cruise
1,114,1675394467.9070911,49.99372058672614,-8.372551031808362e-05,False,False,False,False,100000,False,True,False,4.056482941107913,-0.016052168663673008,9.773313695175649,0.007492594926553795,True,Cruise
1,115,1675394468.0070596,49.92894849229727,-0.0009473534360363477,False,False,False,False,100000,False,True,False,4.0564788723872445,-0.025181148469161807,9.773330368852111,0.009128995939039352,True,Cruise
1,116,1675394468.1071177,49.92894849229727,-0.0009473534360363477,False,False,False,False,100000,False,True,False,4.056514579098393,-0.01217562665530372,9.77333963338577,0.01300557413002377,True,Cruise
1,117,1675394468.2070453,49.98943643567027,-0.00014084752439642278,False,False,False,False,100000,False,True,False,4.056545923812322,-0.0017478102771267892,9.773352355834778,0.007133608315082412,True,Cruise
1,118,1675394468.3070352,49.96241159833923,-0.0005011786888102915,False,False,False,False,100000,False,True,False,4.056585010514743,-0.019608403445525516,9.77340668074316,0.007899693414203966,True,Cruise
1,119,1675394468.4070396,49.96241159833923,-0.0005011786888102915,False,False,False,False,100000,False,True,False,4.056649015030363,-0.005402529385977372,9.773444063302126,0.006306375594434476,True,Cruise
1,120,1675394468.5070415,49.96241159833923,-0.0005011786888102915,False,False,False,False,100000,False,True,False,4.056690318948918,-0.00992034997033284,9.773484307855721,0.004518188627116851,True,Cruise
1,121,1675394468.6139228,49.97570945282718,-0.0003238739623042511,False,False,False,False,100000,False,True,False,4.056710372648969,-0.010706507817829674,9.773503694442946,0.0007866524975049834,True,Cruise
1,122,1675394468.7070594,49.918711627546195,-0.0010838449660508077,False,False,False,False,100000,False,True,False,4.056730482676258,-0.010680374407134938,9.773522199901532,0.00022522288584941264,True,Cruise
1,123,1675394468.8071089,49.918711627546195,-0.0010838449660508077,False,False,False,False,100000,False,True,False,4.0567722574262515,-0.008745033374039445,9.77355550353153,0.0021591694656465862,True,Cruise
1,124,1675394468.9070895,49.90786922495754,-0.0012284103338995038,False,False,False,False,100000,False,True,False,4.056798274810378,-0.013049178000458848,9.773584526266768,0.007825502659269836,True,Cruise
1,125,1675394469.0071409,49.90786922495754,-0.0012284103338995038,False,False,False,False,100000,False,True,False,4.056819374992729,-0.022057937432303318,9.77361574292773,0.0037553246643271163,True,Cruise
1,126,1675394469.1071186,49.98003008923198,-0.0002662654769068938,False,False,False,False,100000,False,True,False,4.056825860120862,-0.02387326299476177,9.773622374783193,0.0018153492600898808,True,Cruise
1,127,1675394469.2070143,49.98003008923198,-0.0002662654769068938,False,False,False,False,100000,False,True,False,4.056825860120862,-0.02387326299476177,9.773622374783193,0.00431036482414952,True,Cruise
1,128,1675394469.3070462,49.883348502181505,-0.0015553533042466728,False,False,False,False,100000,False,True,False,4.056884845156709,-0.013669925509051179,9.773629221492996,0.0005505734735245917,True,Cruise
1,129,1675394469.4138083,49.883348502181505,-0.0015553533042466728,False,False,False,False,100000,False,True,False,4.056884845156709,-0.013669925509051179,9.773629221492996,0.001285713065010353,True,Cruise
1,130,1675394469.5070558,49.883348502181505,-0.0015553533042466728,False,False,False,False,100000,False,True,False,4.056872199517241,-0.02071230931182989,9.773627945588116,0.008328107817736968,True,Cruise
1,131,1675394469.6071773,49.937387304148366,-0.0008348359446884436,False,False,False,False,100000,False,True,False,4.0568279930414715,-0.03086474721519381,9.773618709252013,0.010152538347825382,True,Cruise
1,132,1675394469.7070687,49.91565514732733,-0.001124598035635602,False,False,False,False,100000,False,True,False,4.056820966580225,-0.025871031828738733,9.773598030664534,0.004238336374996846,True,Cruise
1,133,1675394469.8070436,49.99223250140192,-0.0001035666479743682,False,False,False,False,100000,False,True,False,4.056820252380388,-0.024547354938329873,9.77359044097225,0.0013236988417736303,True,Cruise
1,134,1675394469.9072158,49.99223250140192,-0.0001035666479743682,False,False,False,False,100000,False,True,False,4.056797725866825,-0.034931628406901005,9.773576796276389,0.006135299034386184,True,Cruise
1,135,1675394470.007069,49.905519897523206,-0.0012597346996906197,False,False,False,False,100000,False,True,False,4.056797725866825,-0.034931628406901005,9.773576796276389,0.006135299034386184,True,Cruise
1,136,1675394470.1070518,49.905519897523206,-0.0012597346996906197,False,False,False,False,100000,False,True,False,4.056814403016001,-0.01514699196931655,9.773553392771863,0.019784657308599594,True,Cruise
1,137,1675394470.2070363,49.90810755958759,-0.0012252325388320909,False,False,False,False,100000,False,True,False,4.056806278306723,-0.010885882174761226,9.773547658070063,0.0042611213992282465,True,Cruise
1,138,1675394470.3070326,49.90810755958759,-0.0012252325388320909,False,False,False,False,100000,False,True,False,4.056734280186763,-0.03137245969809845,9.773537202886581,0.0011125675616364757,True,Cruise
1,139,1675394470.407056,49.933261033153684,-0.0008898528912842508,False,False,False,False,100000,False,True,False,4.056724561656018,-0.03010299478432851,9.77353311222735,0.0008497954886707671,True,Cruise
1,140,1675394470.507094,49.933261033153684,-0.0008898528912842508,False,False,False,False,100000,False,True,False,4.056719216086353,-0.02925322508547223,9.773529206288812,0.0008497954886707671,True,Cruise
1,141,1675394470.6297166,49.970939720290616,-0.00038747039612506315,False,False,False,False,100000,False,True,False,4.056719216086353,-0.02925322508547223,9.773529206288812,0.0027333856047905016,True,Cruise
1,142,1675394470.7256804,49.970939720290616,-0.00038747039612506315,False,False,False,False,100000,False,True,False,4.056730329691491,-0.02848158270293893,9.773516357038146,0.0012155033991157393,True,Cruise
1,143,1675394470.8256662,49.979411382748815,-0.0002745148966824942,False,False,False,False,100000,False,True,False,4.056741093671098,-0.0256828487369646,9.77351512351144,0.0052738907628487345,True,Cruise
1,144,1675394470.9176848,49.979411382748815,-0.0002745148966824942,False,False,False,False,100000,False,True,False,4.056748465799399,-0.02245592698923115,9.7735153591809,0.0032269301773993953,True,Cruise
1,145,1675394471.0138283,49.96297762550728,0.0004936316599030091,False,False,False,False,100000,False,True,False,4.05675426203632,-0.01989520042242686,9.773516230416343,0.0025607332749333607,True,Cruise
1,146,1675394471.1097405,49.966061320326176,-0.00045251572898430035,False,False,False,False,100000,False,True,False,4.05675426203632,-0.01989520042242686,9.773516230416343,0.0025607332749333607,True,Cruise
1,147,1675394471.2070522,49.99876924441929,1.641007440938668e-05,False,False,False,False,100000,False,True,False,4.147815190906206,0.20301163942361544,9.774461052792319,0.23936322454007178,True,Cruise
1,148,1675394471.307116,49.99876924441929,1.641007440938668e-05,False,False,False,False,100000,False,True,False,4.11493562951712,0.07028540599143421,9.77698402159254,0.06102184607576106,True,Cruise
1,149,1675394471.4070683,49.95766959207828,-0.0005644054389562204,False,False,False,False,100000,False,True,False,4.12120244180023,0.07281041556564659,9.779368102482152,0.05620986987553978,True,Cruise
1,150,1675394471.5071037,49.95766959207828,-0.0005644054389562204,False,False,False,False,100000,False,True,False,4.100129819925371,0.035314228729242565,9.78007806798479,0.043017711131187075,True,Cruise
1,151,1675394471.6070492,49.96812052298248,0.00042505969356692284,False,False,False,False,100000,False,True,False,4.075085477962058,-0.051598371227956595,9.778534974022342,0.026218235132417604,True,Cruise
1,152,1675394471.7070541,49.96017028768155,0.0005310628309127101,False,False,False,False,100000,False,True,False,4.0712344129547455,-0.07377238670220918,9.777643923363092,0.0031696560900326496,True,Cruise
1,153,1675394471.8071482,49.96017028768155,0.0005310628309127101,False,False,False,False,100000,False,True,False,4.07710396899009,-0.07564796092011891,9.774730685469091,0.003735978314828964,True,Cruise
1,154,1675394471.907131,49.96017028768155,0.0005310628309127101,False,False,False,False,100000,False,True,False,4.07710396899009,-0.07564796092011891,9.774730685469091,0.005030752442015594,True,Cruise
1,155,1675394472.007092,49.954625404816966,0.0006049946024404587,False,False,False,False,100000,False,True,False,4.080527035681034,-0.08046825000081358,9.771613734821567,0.0013748599082556497,True,Cruise
1,156,1675394472.1071336,49.95394441266461,-0.0006140744978051653,False,False,False,False,100000,False,True,False,4.080527035681034,-0.08046825000081358,9.771613734821567,0.009691722369288766,True,Cruise
1,157,1675394472.2071073,49.860250093563465,-0.0018633320858204856,False,False,False,False,100000,False,True,False,4.074682039813728,-0.049354032577579476,9.769618504236606,0.013142039709033198,True,Cruise
1,158,1675394472.307074,49.860250093563465,-0.0018633320858204856,False,False,False,False,100000,False,True,False,4.0713046906925365,-0.05462892538898094,9.769138375745822,0.0014487348238205427,True,Cruise
1,159,1675394472.407041,49.96556698495034,-0.000459106867328735,False,False,False,False,100000,False,True,False,4.0713046906925365,-0.05462892538898094,9.769138375745822,0.01017965377948758,True,Cruise
1,160,1675394472.507052,49.96556698495034,-0.000459106867328735,False,False,False,False,100000,False,True,False,4.066629832671481,-0.05547659012534401,9.76887167649467,0.0032482861340514695,True,Cruise
1,161,1675394472.6070566,49.97156933581592,-0.0003790755224543755,False,False,False,False,100000,False,True,False,4.012469723322092,-0.020176975653942754,9.769086674571426,0.06464848374664563,True,Cruise
1,162,1675394472.7071116,49.97156933581592,-0.0003790755224543755,False,False,False,False,100000,False,True,False,4.035037964571171,0.29136182256629695,9.797065101062397,0.3136057089061016,True,Cruise
1,163,1675394472.8070366,49.974940681894914,-0.0003341242414011433,False,False,False,False,100000,False,True,False,4.060688442998369,0.11955757220825115,9.787655119260078,0.05617623479823534,True,Cruise
1,164,1675394472.9070423,49.98689104164751,0.00017478611136648493,False,False,False,False,100000,False,True,False,4.062174483503444,0.0683862220718082,9.784990508489376,0.051262223339692436,True,Cruise
1,165,1675394473.0071154,49.98689104164751,0.00017478611136648493,False,False,False,False,100000,False,True,False,4.070602257195346,0.12955594203007922,9.796633174411248,0.0628356083677364,True,Cruise
1,166,1675394473.107113,49.9618344769864,0.0005088736401813311,False,True,False,False,100000,False,True,False,4.070602257195346,0.12955594203007922,9.796633174411248,0.13462079295843382,True,Cruise
1,167,1675394473.2070754,49.95906116922071,-0.0005458510770572457,False,True,False,False,100000,False,True,False,3.936528305785779,0.043338515740510994,9.782447099182527,0.057328841000987237,True,Cruise
1,168,1675394473.3070853,49.95906116922071,-0.0005458510770572457,False,True,False,False,100000,False,True,False,3.9907297951445613,-0.027876725180118637,9.77161740970029,0.048865230895677784,True,Cruise
1,169,1675394473.4070704,49.95906116922071,-0.0005458510770572457,False,True,False,False,100000,False,True,False,4.0135285734411585,-0.05273351512551428,9.767202072725063,0.03401675320796698,True,Cruise
1,170,1675394473.5097303,49.878578148474325,0.0016189580203423391,False,True,False,False,100000,False,True,False,4.032577718691496,-0.12368242959107477,9.761947397714689,0.03155245750181135,True,Cruise
1,171,1675394473.613845,49.97115911420887,-0.00038454514388172454,False,True,False,False,100000,False,True,False,4.032577718691496,-0.12368242959107477,9.761947397714689,0.03155245750181135,True,Cruise
1,172,1675394473.7184076,49.97115911420887,-0.00038454514388172454,False,True,False,False,100000,False,True,False,4.0250051793340385,-0.13936384245487435,9.759768784779864,0.017549826667092094,True,Cruise
1,173,1675394473.8218145,49.99581573626662,-5.579018311166158e-05,False,True,False,False,100000,False,True,False,4.0250051793340385,-0.13936384245487435,9.759768784779864,0.02165595486804615,True,Cruise
1,174,1675394473.9257421,49.99581573626662,-5.579018311166158e-05,False,True,False,False,100000,False,True,False,4.017355395377974,-0.148192575376611,9.759818252382326,0.014824822537723586,True,Cruise
1,175,1675394474.0070896,49.95484830834178,-0.0006020225554429196,False,True,False,False,100000,False,True,False,4.019714647073147,-0.11790540128394582,9.760352289729083,0.01556587210302988,True,Cruise
1,176,1675394474.1071014,49.969244697783225,-0.00041007069622363057,False,True,False,False,100000,False,True,False,4.016475547504938,-0.03224636154365009,9.747920999090463,0.08661697202156271,True,Cruise
1,177,1675394474.2070572,49.94329058637507,-0.0007561255149990295,False,True,False,False,100000,False,True,False,4.016475547504938,-0.03224636154365009,9.747920999090463,0.012761478858001548,True,Cruise
1,178,1675394474.3070765,49.94329058637507,-0.0007561255149990295,False,True,False,False,100000,False,True,False,4.019429400674735,-0.01998401989304685,9.749861378264331,0.012761478858001548,True,Cruise
1,179,1675394474.4071543,49.94329058637507,-0.0007561255149990295,False,True,False,False,100000,False,True,False,4.027143825591653,0.0046590864329515095,9.754881332031983,0.08407633884701758,True,Cruise
1,180,1675394474.5071201,49.95325132779213,-0.0006233156294382258,False,True,False,False,100000,False,True,False,4.019879328778566,0.261460839946285,9.73369278216065,0.33118172222555475,True,Cruise
1,181,1675394474.607059,49.95325132779213,-0.0006233156294382258,False,True,False,False,100000,False,True,False,4.019879328778566,0.261460839946285,9.73369278216065,0.33118172222555475,True,Cruise
1,182,1675394474.7071862,49.92392216515581,0.0010143711312559087,False,True,False,False,100000,False,True,False,4.019879328778566,0.261460839946285,9.73369278216065,0.33118172222555475,True,Cruise
1,183,1675394474.809759,49.92392216515581,0.0010143711312559087,False,True,False,False,100000,False,True,False,4.034219778018104,0.19873317639808022,9.74961553399856,0.06628681833290989,True,Cruise
1,184,1675394474.9139194,49.956846244625034,-0.0005753834049995084,False,True,False,False,100000,False,True,False,4.045840364186199,0.15830615344729543,9.760469169377568,0.010853377785963392,True,Cruise
1,185,1675394475.017777,49.956846244625034,-0.0005753834049995084,False,True,False,False,100000,False,True,False,4.06166361285838,0.07433406414865393,9.775030503667834,0.04884826900995027,True,Cruise
1,186,1675394475.122064,49.96225507527963,0.0005032656629382895,False,True,False,False,100000,False,True,False,4.066072484478306,0.035768696339336464,9.779215921141194,0.039041560709777386,True,Cruise
1,187,1675394475.2257228,49.96225507527963,0.0005032656629382895,False,True,False,False,100000,False,True,False,4.073386506029416,-0.01117238921752583,9.786347935799721,0.048039838234492614,True,Cruise
1,188,1675394475.3297126,49.951365630366894,-0.0006484582617747285,False,True,False,False,100000,False,True,False,4.078664429491068,-0.016938218054590583,9.791678782467192,0.005777626565900906,True,Cruise
1,189,1675394475.4070988,49.951365630366894,-0.0006484582617747285,False,True,False,False,100000,False,True,False,4.081927227483609,-0.054669965837313025,9.79514335059451,0.03266944022702277,True,Cruise
1,190,1675394475.5070581,49.948601910318565,-0.000685307862419055,False,True,False,False,100000,False,True,False,4.083318189847528,-0.08046030252990315,9.796806585871634,0.0022506945017521855,True,Cruise
1,191,1675394475.6072052,49.948601910318565,-0.000685307862419055,False,True,False,False,100000,False,True,False,4.083370610488463,-0.07909401163402213,9.797011128411855,0.0013825108992421519,True,Cruise
1,192,1675394475.7071335,49.90127095777536,-0.0013163872296619414,False,True,False,False,100000,False,True,False,4.083370610488463,-0.07909401163402213,9.797011128411855,0.0013825108992421519,True,Cruise
1,193,1675394475.8070862,49.90127095777536,-0.0013163872296619414,False,True,False,False,100000,False,True,False,4.081313336475439,-0.08072471072027716,9.79546208737838,0.003048127949736025,True,Cruise
1,194,1675394475.9071093,49.90127095777536,-0.0013163872296619414,False,True,False,False,100000,False,True,False,4.078455050948633,-0.0855358028745139,9.792981405084207,0.007556444967967264,True,Cruise
1,195,1675394476.0071974,49.94225121790982,-0.0007699837612023695,False,True,False,False,100000,False,True,False,4.076698741434481,-0.08892540604838779,9.791422101201897,0.004123767862431352,True,Cruise
1,196,1675394476.106993,49.95749642535634,-0.0005667143285821336,False,True,False,False,100000,False,True,False,1.9917643815920398,-0.0650058899454248,9.958794698905454,0.4674546589341127,True,Cruise
1,197,1675394476.2071218,49.95749642535634,-0.0005667143285821336,False,True,False,False,100000,False,True,False,1.9917643815920398,-0.0650058899454248,9.958794698905454,0.4674546589341127,True,Cruise
1,198,1675394476.3070538,49.98391922521851,0.00021441033041983936,False,True,False,False,100000,False,True,False,1.9917643815920398,-0.0650058899454248,9.958794698905454,1.1271113241794686,True,Cruise
1,199,1675394476.4071002,49.962203780084344,0.0005039495988754342,False,True,False,False,100000,False,True,False,0.8652660054603436,-0.058195356329386924,9.995331834782682,0.036660042752419096,True,Cruise
1,200,1675394476.5071328,49.962203780084344,0.0005039495988754342,False,True,False,False,100000,False,True,False,0.6803201123300531,-0.04673772143518803,9.953933624114269,0.3171346989865762,True,Cruise
1,201,1675394476.6300485,49.962203780084344,0.0005039495988754342,False,True,False,False,100000,False,True,False,0.21852962774943163,-0.03520052943307013,9.930948539428638,0.11146691988486591,True,Cruise
1,202,1675394476.7256715,48.99751613648412,0.013366451513545017,False,True,False,False,100000,False,True,False,0.013415733423265241,-0.020962170169570207,9.882795185724145,0.09975193226195615,True,Cruise
1,203,1675394476.8252664,48.99751613648412,0.013366451513545017,False,True,False,False,100000,False,True,False,0.013415733423265241,-0.020962170169570207,9.882795185724145,0.09975193226195615,True,Cruise
1,204,1675394476.917935,49.384521267298275,0.008206383102689693,False,True,False,False,100000,False,True,False,-2.9031787097550277,0.2914501163879393,9.998713834058924,0.7668564229242868,True,Cruise
1,205,1675394477.0137112,49.092667392485886,0.012097768100188226,False,True,False,False,100000,False,True,False,-2.9031787097550277,0.2914501163879393,9.998713834058924,0.2642098388031131,True,Cruise
1,206,1675394477.1137938,49.092667392485886,0.012097768100188226,False,True,False,False,100000,False,True,False,-2.83032997602064,0.4019574922178953,9.891630765901017,0.3567171091307438,True,Cruise
1,207,1675394477.2071443,49.91824570508911,-0.0010900572654784547,False,True,False,False,100000,False,True,False,-3.373666652991697,0.35137210880958425,9.85430252373908,0.2220869597053073,True,Cruise
1,208,1675394477.3070781,49.10599226467951,-0.01192010313760653,False,True,False,False,100000,False,True,False,-2.9120900281609368,0.44326349826088274,9.766031946816318,0.47884099949328063,True,Cruise
1,209,1675394477.40707,49.10599226467951,-0.01192010313760653,False,True,False,False,100000,False,True,False,0.44948640646239746,0.5682889000604375,9.391734880323964,3.384660362709211,True,Cruise
1,210,1675394477.5070715,49.10599226467951,-0.01192010313760653,False,True,False,False,100000,False,True,False,-0.10625939667824871,0.5316516392337812,9.476454034543137,1.4358043057039833,True,Cruise
1,211,1675394477.6071024,49.028557882144874,0.01295256157140169,False,True,False,False,100000,False,True,False,-0.9292309765115266,0.3537387598352446,9.55223836910338,0.8453865856718442,True,Cruise
1,212,1675394477.707071,49.88344583228974,0.0015540555694701884,False,True,False,False,100000,False,True,False,-2.156691611344584,0.3611700021083996,9.68147268398515,0.2089838758817348,True,Cruise
1,213,1675394477.8298283,49.88344583228974,0.0015540555694701884,False,True,False,False,100000,False,True,False,-2.156691611344584,0.3611700021083996,9.68147268398515,0.2089838758817348,True,Cruise
1,214,1675394477.9258542,49.88344583228974,0.0015540555694701884,False,True,False,False,100000,False,True,False,-2.156691611344584,0.3611700021083996,9.68147268398515,0.2089838758817348,True,Cruise
1,215,1675394478.0256846,49.91418827047765,0.001144156393631375,False,True,False,False,100000,False,True,False,3.029635089202457,0.16434629433902506,9.37829289326004,0.4672893193347982,True,Cruise
1,216,1675394478.1178317,48.69342577566865,0.017420989657751355,False,True,False,False,100000,False,True,False,2.8599696621260886,0.027266223944869116,9.454632828846568,0.23109541018728272,True,Cruise
1,217,1675394478.2137203,48.69342577566865,0.017420989657751355,False,True,False,False,100000,False,True,False,-0.44081820758083057,0.2690703104595792,9.862639882044169,1.586459675145988,True,Cruise
1,218,1675394478.3097887,48.8017343712142,-0.015976875050477294,False,True,False,False,100000,False,True,False,-1.5356680834160017,0.42020659847755204,9.992707294791597,1.1128593621976457,True,Cruise
1,219,1675394478.4070442,48.8017343712142,-0.015976875050477294,False,True,False,False,100000,False,True,False,-1.5356680834160017,0.42020659847755204,9.992707294791597,1.1128593621976457,True,Cruise
1,220,1675394478.5071833,49.78358260416563,0.0028855652777915715,False,True,False,False,100000,False,True,False,-2.5068274462825335,0.07695368742403984,10.113663411753874,0.335495360325541,True,Cruise
1,221,1675394478.6071124,49.78358260416563,0.0028855652777915715,False,True,False,False,100000,False,True,False,-0.7156658734238337,-0.36495552669242093,9.944254104787763,1.9352845599236077,True,Cruise
1,222,1675394478.7070603,49.33466115180498,-0.008871184642600227,False,True,False,False,100000,False,True,False,2.3406972785986877,0.06718185800468984,9.703992015947668,0.7853474875415354,True,Cruise
1,223,1675394478.8070498,49.90664306625291,-0.001244759116627792,False,True,False,False,100000,False,True,False,1.553368370597057,0.08064734789085752,9.843717130000211,1.259196292438242,True,Cruise
1,224,1675394478.9071023,49.90664306625291,-0.001244759116627792,False,True,False,False,100000,False,True,False,0.335464737959391,-0.2163282475988521,9.962424923264699,1.259196292438242,True,Cruise
1,225,1675394479.0081851,49.90664306625291,-0.001244759116627792,False,True,False,False,100000,False,True,False,0.335464737959391,-0.2163282475988521,9.962424923264699,1.259196292438242,True,Cruise
1,226,1675394479.126524,49.90664306625291,-0.001244759116627792,False,True,False,False,100000,False,True,False,1.9854811282800964,-0.1275292450541306,9.868029873881834,0.6018850337517828,True,Cruise
1,227,1675394479.2219343,49.68066375531887,-0.004257816595748388,False,True,False,False,100000,False,True,False,1.9854811282800964,-0.1275292450541306,9.868029873881834,0.6018850337517828,True,Cruise
1,228,1675394479.3178186,48.85938675017579,-0.015208176664322871,False,True,False,False,100000,False,True,False,0.9683826751978084,-0.2417918147246311,9.967458240095468,0.44383078482213156,True,Cruise
1,229,1675394479.4158041,48.451579669769544,-0.020645604403072785,False,True,False,False,100000,False,True,False,-1.3546689518930437,-0.3686351078833669,10.162486381649362,1.0736226776506124,True,Cruise
1,230,1675394479.5115073,48.451579669769544,-0.020645604403072785,False,True,False,False,100000,False,True,False,-1.3546689518930437,-0.3686351078833669,10.162486381649362,1.0736226776506124,True,Cruise
1,231,1675394479.6070662,49.42471284087955,-0.0076704954549392974,False,True,False,False,100000,False,True,False,-2.86250933849109,-0.5909982336681061,10.195176911433258,1.5244988231882821,True,Cruise
1,232,1675394479.7075586,49.42471284087955,-0.0076704954549392974,False,True,False,False,100000,False,True,False,-1.2197993851410978,-0.7828418332668015,9.941316071495859,1.845412841431657,True,Cruise
1,233,1675394479.8082306,49.98855444575682,0.00015260738990906285,False,True,False,False,100000,False,True,False,0.4622133845959118,-0.6604666810378974,9.760497996787647,1.696124350271111,True,Cruise
1,234,1675394479.9079576,48.98907199566361,0.013479040057818574,False,True,False,False,100000,False,True,False,2.520835403151047,-0.5567210247735719,9.538744234182504,0.4759337143417705,True,Cruise
1,235,1675394480.0074258,48.98907199566361,0.013479040057818574,False,True,False,False,100000,False,True,False,2.520835403151047,-0.5567210247735719,9.538744234182504,0.4759337143417705,True,Cruise
1,236,1675394480.1070957,48.55279761641259,0.019296031781165485,False,True,False,False,100000,False,True,False,2.520835403151047,-0.5567210247735719,9.538744234182504,4.721467906671511,True,Cruise
1,237,1675394480.2070677,48.7274023054702,0.016967969260397352,False,True,False,False,100000,False,True,False,-2.1694847871067644,-0.19449208202601723,9.941169257789358,0.8155138220053937,True,Cruise
1,238,1675394480.3257024,48.7274023054702,0.016967969260397352,False,True,False,False,100000,False,True,False,-3.4245884313827077,0.005769307426916767,9.994806945695844,0.18094741627124056,True,Cruise
1,239,1675394480.421994,48.7274023054702,0.016967969260397352,False,True,False,False,100000,False,True,False,-3.4279618171926947,0.1832295760514864,9.959615458328724,0.18094741627124056,True,Cruise
1,240,1675394480.517713,48.7274023054702,0.016967969260397352,False,True,False,False,100000,False,True,False,-2.038362066409374,0.4860917649930667,9.756230508562856,0.14966622170737653,True,Cruise
1,241,1675394480.6139321,48.22703181028912,0.023639575862811676,False,True,False,False,100000,False,True,False,-2.038362066409374,0.4860917649930667,9.756230508562856,0.14966622170737653,True,Cruise
1,242,1675394480.7097876,48.22703181028912,0.023639575862811676,False,True,False,False,100000,False,True,False,-2.038362066409374,0.4860917649930667,9.756230508562856,0.8066706308664318,True,Cruise
1,243,1675394480.8070548,48.20057761835372,0.023992298421950435,False,True,False,False,100000,False,True,False,-3.275766436134606,0.9214249984281773,9.805100775311303,0.8066706308664318,True,Cruise
1,244,1675394480.9075372,48.20057761835372,0.023992298421950435,False,True,False,False,100000,False,True,False,-3.1403149536519392,1.169116591870751,9.771542338054761,0.28429632125649223,True,Cruise
1,245,1675394481.0070646,48.436831612922845,-0.020842245161028783,False,True,False,False,100000,False,True,False,-1.9924699018333751,1.2762618739988925,9.647114651556837,0.5202642850325461,True,Cruise
1,246,1675394481.1070778,48.436831612922845,-0.020842245161028783,False,True,False,False,100000,False,True,False,-1.1116041685701847,1.3869553902052802,9.571775420562702,0.3711839500573128,True,Cruise
1,247,1675394481.207054,48.436831612922845,-0.020842245161028783,False,True,False,False,100000,False,True,False,-1.1116041685701847,1.3869553902052802,9.571775420562702,0.3711839500573128,True,Cruise
1,248,1675394481.3070986,48.90724208187267,-0.014570105575031026,False,True,False,False,100000,False,True,False,-1.1116041685701847,1.3869553902052802,9.571775420562702,0.3711839500573128,True,Cruise
1,249,1675394481.4298756,49.491658252905964,-0.00677788996125381,False,True,False,False,100000,False,True,False,0.1287238719646569,0.6090445908463978,9.507961639874411,0.9622656955686445,True,Cruise
1,250,1675394481.5297642,49.99794628891168,-2.73828145110149e-05,False,True,False,False,100000,False,True,False,1.8796475571301952,0.7630313065194199,9.415997895284047,0.6018222989211972,True,Cruise
1,251,1675394481.6218836,49.99794628891168,-2.73828145110149e-05,False,True,False,False,100000,False,True,False,2.8132146786936096,0.3908361050748774,9.430649966121724,0.6018222989211972,True,Cruise
1,252,1675394481.7177382,49.99794628891168,-2.73828145110149e-05,False,True,False,False,100000,False,True,False,3.358862874995646,-0.11773167413959691,9.495483491457378,0.35335841274529134,True,Cruise
1,253,1675394481.8137379,49.56294633646778,-0.005827382180429586,False,True,False,False,100000,False,True,False,3.7702576895978104,-0.6034149768979471,9.58123054244398,0.6422511353144558,True,Cruise
1,254,1675394481.909725,49.56294633646778,-0.005827382180429586,False,True,False,False,100000,False,True,False,4.150801606974586,-0.5783165804179576,9.670862881774958,0.1917711210346807,True,Cruise
1,255,1675394482.0070841,49.497086521157954,0.006705513051227244,False,True,False,False,100000,False,True,False,1.5119714260046275,-0.8135721537012832,10.021786640299727,1.050297934253769,True,Cruise
1,256,1675394482.1071696,49.47672545921035,0.0069769938771953735,False,True,False,False,100000,False,True,False,1.0584260537145231,-0.8367524909946598,10.093438705226063,0.3619073869780033,True,Cruise
1,257,1675394482.2070687,49.47672545921035,0.0069769938771953735,False,True,False,False,100000,False,True,False,0.8164359466177641,-0.8289750122346189,10.152753949817669,0.11628510863644359,True,Cruise
1,258,1675394482.3070612,49.47672545921035,0.0069769938771953735,False,True,False,False,100000,False,True,False,0.8164359466177641,-0.8289750122346189,10.152753949817669,0.11628510863644359,True,Cruise
1,259,1675394482.407085,46.812740779107585,0.0424967896118988,False,True,False,False,100000,False,True,False,0.8164359466177641,-0.8289750122346189,10.152753949817669,0.11628510863644359,True,Cruise
1,260,1675394482.5070596,46.812740779107585,0.0424967896118988,False,True,False,False,100000,False,True,False,0.09161815197070308,-0.5926583483990667,10.223288583031005,1.1824954739800524,True,Cruise
1,261,1675394482.629654,47.17234000023033,0.03770213333026228,False,True,False,False,100000,False,True,False,-0.8875139329706903,0.06721112559911108,10.287850053793347,1.1824954739800524,True,Cruise
1,262,1675394482.7298317,47.17234000023033,0.03770213333026228,False,True,False,False,100000,False,True,False,-2.277761284092711,0.8298383065922852,10.331915246412148,0.6510558841189987,True,Cruise
1,263,1675394482.8217905,49.72328251022616,0.003689566530317859,False,True,False,False,100000,False,True,False,-2.7053215184280877,1.0462764137175593,10.316168664598528,0.4794800966043396,True,Cruise
1,264,1675394482.9216523,49.72328251022616,0.003689566530317859,False,True,False,False,100000,False,True,False,-3.018632198862645,1.1881688141972682,10.283450492099876,0.3454960413664839,True,Cruise
1,265,1675394483.0137293,49.83016665570308,0.002264444590625603,False,True,False,False,100000,False,True,False,-3.018632198862645,1.1881688141972682,10.283450492099876,0.3454960413664839,True,Cruise
1,266,1675394483.1131399,49.83016665570308,0.002264444590625603,False,True,False,False,100000,False,True,False,-3.018632198862645,1.1881688141972682,10.283450492099876,4.522640150358385,True,Cruise
1,267,1675394483.2070553,49.83016665570308,0.002264444590625603,False,True,False,False,100000,False,True,False,2.4970344533740514,1.3004994326373989,9.580861937823059,0.3554988463339221,True,Cruise
1,268,1675394483.3070736,47.903322849892035,0.027955695334772917,False,True,False,False,100000,False,True,False,2.6287312889992713,1.3449343932684312,9.554529239686712,0.14146354028907085,True,Cruise
1,269,1675394483.4070697,49.32678500415344,-0.00897619994462073,False,True,False,False,100000,False,True,False,-1.105088260004569,1.5619697054246582,9.868140765087476,1.832387050545584,True,Cruise
1,270,1675394483.5070925,49.32678500415344,-0.00897619994462073,False,True,False,False,100000,False,True,False,-2.4100020452652156,1.720200122392809,9.952496373128977,1.3171760400285282,True,Cruise
1,271,1675394483.6071334,49.32678500415344,-0.00897619994462073,False,True,False,False,100000,False,True,False,-2.4100020452652156,1.720200122392809,9.952496373128977,1.3171760400285282,True,Cruise
1,272,1675394483.7071478,48.35231926826743,-0.02196907642310095,False,True,False,False,100000,False,True,False,-0.1658373212311303,0.9920211824061242,9.65659803200899,2.3778300413437194,True,Cruise
1,273,1675394483.8299038,48.171303217261,0.024382623769853364,False,True,False,False,100000,False,True,False,0.5374166109690675,0.637685924453474,9.582900701790523,1.013938222393407,True,Cruise
1,274,1675394483.9256766,48.171303217261,0.0018076366317325968,False,True,False,False,100000,False,True,False,-2.9965882509293147,-0.06009859651003525,9.862006004137202,0.6771983583144606,True,Cruise
1,275,1675394484.0220761,49.864427252620054,0.0018076366317325968,False,True,False,False,100000,False,True,False,-2.9965882509293147,-0.06009859651003525,9.862006004137202,0.6771983583144606,True,Cruise
1,276,1675394484.1178498,49.864427252620054,0.0018076366317325968,False,True,False,False,100000,False,True,False,-1.4390333552495291,0.5172960076196672,9.71229339074128,1.6678655966665898,True,Cruise
1,277,1675394484.2137418,49.864427252620054,0.0018076366317325968,False,True,False,True,100000,False,True,False,-1.4390333552495291,0.5172960076196672,9.71229339074128,1.6678655966665898,True,Cruise
1,278,1675394484.309746,48.63041014754932,-0.01826119803267573,False,True,False,True,100000,False,True,False,3.11281075183552,-0.07651379702112308,9.363193090936408,0.5205490896591515,True,Cruise
1,279,1675394484.407075,49.07254068867509,-0.012366124150998874,False,True,False,True,100000,False,True,False,1.411870973824549,-0.11948148950517784,9.6099828003605,0.20844032542645166,True,Cruise
1,280,1675394484.5077999,49.07254068867509,-0.012366124150998874,False,True,False,True,100000,False,True,False,-1.8577285982118867,-0.5911885809865474,9.94898079095887,0.20844032542645166,True,Cruise
1,281,1675394484.607234,49.26768887060274,-0.009764148391963474,False,True,False,True,100000,False,True,False,-2.0980943391714764,-0.7143296188296532,9.974234266518524,0.2712510694098214,True,Cruise
1,282,1675394484.7071638,48.486356742480176,-0.02018191010026432,False,True,False,True,100000,False,True,False,-2.0980943391714764,-0.7143296188296532,9.974234266518524,1.7892214940991795,True,Cruise
1,283,1675394484.8071225,48.486356742480176,-0.02018191010026432,False,True,False,True,100000,False,True,False,-1.1816396196137868,-0.8207893989577244,9.937514904223303,0.8135157949464659,True,Cruise
1,284,1675394484.9071436,48.22640812600673,-0.023647891653243616,False,True,False,True,100000,False,True,False,-2.58340795643342,-1.0723613655470647,10.05728523225512,0.6160429462910845,True,Cruise
1,285,1675394485.0302296,48.22640812600673,-0.023647891653243616,False,True,False,True,100000,False,True,False,-2.9909197190961123,-1.1272648444133533,10.080511882701629,0.4118491301326736,True,Cruise
1,286,1675394485.1258316,48.34614838420844,-0.022051354877220833,False,True,False,True,100000,False,True,False,-2.824466034985483,-1.4218145138308282,10.021066238407554,0.4281391613367124,True,Cruise
1,287,1675394485.2218168,48.34614838420844,-0.022051354877220833,False,True,False,True,100000,False,True,False,-2.824466034985483,-1.4218145138308282,10.021066238407554,1.9506843222411518,True,Cruise
1,288,1675394485.3178196,48.34875197397735,-0.0220166403469687,False,True,False,True,100000,False,True,False,-0.8856860955708662,-1.3660519499141741,9.813238886920036,1.9506843222411518,True,Cruise
1,289,1675394485.4145558,48.34875197397735,-0.0220166403469687,False,True,False,True,100000,False,True,False,-0.38510778841081017,-1.0688550815909246,9.78720317645733,0.11939669321795512,True,Cruise
1,290,1675394485.513971,48.579216115494326,-0.018943785126742295,False,True,False,True,100000,False,True,False,-0.3996227901595776,-1.1872332068655376,9.781590286641576,0.11934365905811302,True,Cruise
1,291,1675394485.6071186,48.579216115494326,-0.018943785126742295,False,True,False,True,100000,False,True,False,-0.5281314100727985,-1.3658206769487262,9.780289488328517,0.11934365905811302,True,Cruise
1,292,1675394485.7070792,48.45895458550481,-0.020547272193269142,False,True,False,True,100000,False,True,False,0.491085715689538,-1.495250633835145,9.672418555207619,1.0623898435733103,True,Cruise
1,293,1675394485.8070583,48.674214869567756,-0.017677135072429902,False,True,False,True,100000,False,True,False,0.7788914217051023,-1.440525634600534,9.670986855260454,1.0623898435733103,True,Cruise
1,294,1675394485.9071448,48.674214869567756,-0.017677135072429902,False,True,False,True,100000,False,True,False,0.7901725679181912,-1.4907912596690105,9.692924177388683,0.3354728286661215,True,Cruise
1,295,1675394486.0115983,49.03855819536377,-0.012819224061816417,False,True,False,True,100000,False,True,False,0.7901725679181912,-1.4907912596690105,9.692924177388683,0.3354728286661215,True,Cruise
1,296,1675394486.1074772,49.03855819536377,-0.012819224061816417,False,True,False,True,100000,False,True,False,0.45995984212539925,-1.4969759895934784,9.734105022507318,0.3328281195518631,True,Cruise
1,297,1675394486.2306178,49.03855819536377,-0.012819224061816417,False,True,False,True,100000,False,True,False,1.2897796843222602,-1.3546999902448336,9.634074265669984,0.8478499765923974,True,Cruise
1,298,1675394486.3260145,49.03855819536377,-0.012819224061816417,False,True,False,True,100000,False,True,False,1.2897796843222602,-1.3546999902448336,9.634074265669984,0.8478499765923974,True,Cruise
1,299,1675394486.4247158,49.03855819536377,-0.012819224061816417,False,True,False,True,100000,False,True,False,2.1220297775355874,-1.1480086107915888,9.585681135622256,0.2452696109438098,True,Cruise
1,300,1675394486.518238,49.03855819536377,-0.012819224061816417,False,True,False,True,100000,False,True,False,2.3578413331471766,-1.0808489672488135,9.591979911041143,0.2452696109438098,True,Cruise
1,301,1675394486.6180754,49.03855819536377,-0.012819224061816417,False,True,False,True,100000,False,True,False,2.3578413331471766,-1.0808489672488135,9.591979911041143,0.2452696109438098,True,Cruise
1,302,1675394486.710073,49.460616642047675,-0.007191778106031064,False,True,False,True,100000,False,True,False,1.892590707241166,-1.132101031122985,9.66592180157013,0.4738695201553877,True,Cruise
1,303,1675394486.8107533,49.460616642047675,-0.007191778106031064,False,True,False,True,100000,False,True,False,1.892590707241166,-1.132101031122985,9.66592180157013,0.4738695201553877,True,Cruise
1,304,1675394486.9097085,49.460616642047675,-0.007191778106031064,False,True,False,True,100000,False,True,False,1.892590707241166,-1.132101031122985,9.66592180157013,0.4738695201553877,True,Cruise
1,305,1675394487.0073583,49.79933170436906,0.0026755772750792226,False,False,False,True,100000,False,True,False,1.892590707241166,-1.132101031122985,9.66592180157013,0.4738695201553877,True,Cruise
1,306,1675394487.1072588,49.79933170436906,0.0026755772750792226,False,False,False,True,100000,False,True,False,2.7222501604516967,-1.0729381843096586,9.663084593280239,0.8317710625499867,True,Cruise
1,307,1675394487.2075624,49.79933170436906,0.0026755772750792226,False,False,False,True,100000,False,True,False,2.7222501604516967,-1.0729381843096586,9.663084593280239,0.8317710625499867,True,Cruise
1,308,1675394487.3075948,49.85145566933875,-0.0019805910754833738,False,False,False,True,100000,False,True,False,3.6438807020109127,-0.7061739592021888,9.648154497507518,0.4388084972469863,True,Cruise
1,309,1675394487.4077554,49.85145566933875,-0.0019805910754833738,False,False,False,True,100000,False,True,False,3.4250594215196752,-0.45941966119285593,9.706967494528966,0.3350065745631694,True,Cruise
1,310,1675394487.5258136,49.85145566933875,-0.0019805910754833738,False,False,False,True,100000,False,True,False,3.3299481131739057,-0.40449902358062023,9.746503971810386,0.11672861879934493,True,Cruise
1,311,1675394487.6258783,49.89926675999727,-0.001343109866703056,False,False,False,True,100000,False,True,False,2.4740908262743604,-0.4593535716751105,9.885535829145681,0.696064414465546,True,Cruise
1,312,1675394487.7178822,49.89926675999727,-0.001343109866703056,False,False,False,True,100000,False,True,False,2.4740908262743604,-0.4593535716751105,9.885535829145681,0.696064414465546,True,Cruise
1,313,1675394487.8139176,49.89926675999727,-0.001343109866703056,False,False,False,True,100000,False,True,False,2.4740908262743604,-0.4593535716751105,9.885535829145681,0.696064414465546,True,Cruise
1,314,1675394487.9104867,49.89926675999727,-0.001343109866703056,False,False,False,True,100000,False,True,False,2.4740908262743604,-0.4593535716751105,9.885535829145681,0.696064414465546,True,Cruise
1,315,1675394488.0072849,49.40093999988351,-0.007987466668219836,False,False,False,True,100000,False,True,False,1.4359472545605863,-0.23496100190364924,10.018109328619397,0.696064414465546,True,Cruise
1,316,1675394488.1072166,49.40093999988351,-0.007987466668219836,False,False,False,True,100000,False,True,False,1.204610305813025,-0.1412826681409146,10.039764855620783,1.0703596748859607,True,Cruise
1,317,1675394488.2073777,49.8189097750964,0.002414536332047968,False,False,False,True,100000,False,True,False,0.06268884472675687,-0.043921258742720445,10.144555122244189,0.25052220644506107,True,Cruise
1,318,1675394488.3072975,49.8189097750964,0.002414536332047968,False,False,False,True,100000,False,True,False,-0.9597724062756823,-0.077230262707514,10.217553474106458,0.8132857613831739,True,Cruise
1,319,1675394488.407227,49.92623003706168,-0.00098359950584426,False,False,False,True,100000,False,True,False,-1.6938970328749035,0.2727103435839025,10.211525675374032,0.8132857613831739,True,Cruise
1,320,1675394488.507267,49.92623003706168,-0.00098359950584426,False,False,False,True,100000,False,True,False,-0.2660717389490862,0.2252319891985801,10.038861610512704,1.4390108211559502,True,Cruise
1,321,1675394488.6073027,49.92623003706168,-0.00098359950584426,False,False,False,True,100000,False,True,False,1.1403207027872875,0.36170595589807014,9.893899674583661,1.4204150121102594,True,Cruise
1,322,1675394488.7259796,49.92623003706168,-0.00098359950584426,False,False,False,True,100000,False,True,False,1.1403207027872875,0.36170595589807014,9.893899674583661,1.4204150121102594,True,Cruise
1,323,1675394488.8218467,49.92623003706168,-0.00098359950584426,False,False,False,True,100000,False,True,False,1.1403207027872875,0.36170595589807014,9.893899674583661,1.4204150121102594,True,Cruise
1,324,1675394488.9185255,49.930182467525725,0.0009309004329903191,False,False,False,True,100000,False,True,False,1.4478581131153043,0.2929210493888853,9.841729171542694,1.4204150121102594,True,Cruise
1,325,1675394489.0141003,49.930182467525725,0.0009309004329903191,False,False,False,True,100000,False,True,False,1.4478581131153043,0.2929210493888853,9.841729171542694,0.31942508276947806,True,Cruise
1,326,1675394489.1098635,49.930182467525725,0.0009309004329903191,False,False,False,True,100000,False,True,False,0.4206374943713681,0.2087300761883652,9.900715014567298,0.5933472031965037,True,Cruise
1,327,1675394489.2101164,49.76709723188896,0.0031053702414804846,False,False,False,True,100000,False,True,False,0.4206374943713681,0.2087300761883652,9.900715014567298,0.32025553099234233,True,Cruise
1,328,1675394489.3072104,49.76709723188896,0.0031053702414804846,False,False,False,True,100000,False,True,False,-0.08839701296456558,0.13057160237217533,9.903849434888047,0.19507796449339787,True,Cruise
1,329,1675394489.4072163,49.570216967557606,0.0057304404325652526,False,False,False,True,100000,False,True,False,-1.1431474815951252,0.09587264803500965,9.981258444479362,1.0581562849004802,True,Cruise
1,330,1675394489.507269,49.570216967557606,0.0057304404325652526,False,False,False,True,100000,False,True,False,-1.2828666629307846,0.12608876947732234,9.955728602598231,0.14521100665789413,True,Cruise
1,331,1675394489.6073186,49.570216967557606,0.0057304404325652526,False,False,False,True,100000,False,True,False,-1.2828666629307846,0.12608876947732234,9.955728602598231,0.14521100665789413,True,Cruise
1,332,1675394489.7079403,49.739932024314434,0.003467573009140922,False,False,False,True,100000,False,True,False,-1.2828666629307846,0.12608876947732234,9.955728602598231,0.14521100665789413,True,Cruise
1,333,1675394489.8301158,49.739932024314434,0.003467573009140922,False,False,False,True,100000,False,True,False,-1.6192604528679984,0.08459306166430508,9.879996679803165,0.3473010218894605,True,Cruise
1,334,1675394489.9283803,49.739932024314434,0.003467573009140922,False,False,False,True,100000,False,True,False,-1.6192604528679984,0.08459306166430508,9.879996679803165,0.3473010218894605,True,Cruise
1,335,1675394490.0221028,49.739932024314434,0.003467573009140922,False,False,False,True,100000,False,True,False,-1.1735558553209353,0.049269292435496735,9.809909448930242,0.45256223536498713,True,Cruise
1,336,1675394490.117991,49.739932024314434,0.003467573009140922,False,False,False,True,100000,False,True,False,0.1358557017874096,0.060200833339928324,9.660974108486565,0.3020471710227297,True,Cruise
1,337,1675394490.2140598,49.81447389504255,0.002473681399432573,False,False,False,True,100000,False,True,False,0.43562223573594655,0.07695194765541724,9.62792991358785,0.3020471710227297,True,Cruise
1,338,1675394490.309927,49.81447389504255,0.002473681399432573,False,False,False,True,100000,False,True,False,0.27865482594517726,0.1008381063478757,9.63386502488937,0.2467477586589434,True,Cruise
1,339,1675394490.4072852,49.81447389504255,0.002473681399432573,False,False,False,True,100000,False,True,False,0.03346683441890387,0.12445701950181684,9.648337486875876,0.2467477586589434,True,Cruise
1,340,1675394490.5073009,49.81447389504255,0.002473681399432573,False,False,False,True,100000,False,True,False,-0.1830146716178754,0.14520245751929536,9.662186928967735,0.21791379649013712,True,Cruise
1,341,1675394490.607445,49.734444837196826,0.0035407355040423887,False,False,False,True,100000,False,True,False,-0.1830146716178754,0.14520245751929536,9.662186928967735,0.21791379649013712,True,Cruise
1,342,1675394490.7073417,49.41937231169225,0.007741702510769965,False,False,False,True,100000,False,True,False,-0.04249775842538446,0.17751824617361991,9.653395820671518,0.12649468459817506,True,Cruise
1,343,1675394490.8073637,49.41937231169225,0.007741702510769965,False,False,False,True,100000,False,True,False,-0.04249775842538446,0.17751824617361991,9.653395820671518,0.12649468459817506,True,Cruise
1,344,1675394490.9072883,49.41937231169225,0.007741702510769965,False,False,False,True,100000,False,True,False,-0.1253701415853567,0.2055143660673923,9.666498743550578,0.0884494274017324,True,Cruise
1,345,1675394491.0323634,49.15796689112263,0.011227108118364897,False,False,False,True,100000,False,True,False,-1.1356611680164088,0.2040536972440834,9.779978307527628,0.9828686100362458,True,Cruise
1,346,1675394491.1264045,49.15796689112263,0.011227108118364897,False,False,False,True,100000,False,True,False,-1.1356611680164088,0.2040536972440834,9.779978307527628,0.8783509163006034,True,Cruise
1,347,1675394491.2244282,49.54284634862732,0.006095382018302332,False,False,False,True,100000,False,True,False,-2.0081790261450108,0.26721439264560537,9.85886839542961,0.8783509163006034,True,Cruise
1,348,1675394491.3207426,49.54284634862732,0.006095382018302332,False,False,False,True,100000,False,True,False,-2.0081790261450108,0.26721439264560537,9.85886839542961,0.8783509163006034,True,Cruise
1,349,1675394491.4141908,49.54284634862732,0.006095382018302332,False,False,False,True,100000,False,True,False,-2.634013511137557,0.30026071792992715,9.9105489700842,0.3444265159515947,True,Cruise
1,350,1675394491.513195,49.54284634862732,0.006095382018302332,False,False,False,True,100000,False,True,False,-2.968371209160139,0.38023563422160167,9.931490971605873,0.3444265159515947,True,Cruise
1,351,1675394491.6098497,49.52096603820425,0.006387119490610027,False,False,False,True,100000,False,True,False,-2.968371209160139,0.38023563422160167,9.931490971605873,0.3444265159515947,True,Cruise
1,352,1675394491.7072856,49.52096603820425,0.006387119490610027,False,False,False,True,100000,False,True,False,0.78518148231814,0.37412661733055086,9.601865625045347,0.3928018157034619,True,Cruise
1,353,1675394491.8073602,49.52096603820425,0.006387119490610027,False,False,False,True,100000,False,True,False,0.5519967508543681,0.3580919223213617,9.642270645272184,0.23720201536116897,True,Cruise
1,354,1675394491.9074295,49.52096603820425,0.006387119490610027,False,False,False,True,100000,False,True,False,0.5519967508543681,0.3580919223213617,9.642270645272184,0.21116963474637232,True,Cruise
1,355,1675394492.0073261,49.85726624764172,0.0019031166981104326,False,False,False,True,100000,False,True,False,0.15930305538845918,0.3916568006537254,9.71051751887448,0.18888140003726464,True,Cruise
1,356,1675394492.1074839,49.85726624764172,0.0019031166981104326,False,False,False,True,100000,False,True,False,0.034089734553833254,0.41018279939103297,9.73839974926888,0.12961098377612917,True,Cruise
1,357,1675394492.2300043,49.72663889532354,-0.0036448147290195107,False,False,False,True,100000,False,True,False,0.9602365764717858,0.4387987369203847,9.664846275752549,0.8716580093806456,True,Cruise
1,358,1675394492.3261797,49.72663889532354,-0.0036448147290195107,False,False,False,True,100000,False,True,False,1.8281416524415297,0.377451467656156,9.612263227369965,0.8716580093806456,True,Cruise
1,359,1675394492.4222965,49.72663889532354,-0.0036448147290195107,False,False,False,True,100000,False,True,False,1.8281416524415297,0.377451467656156,9.612263227369965,0.8716580093806456,True,Cruise
1,360,1675394492.5180788,49.872621730264434,-0.0016983769298075956,False,False,False,True,100000,False,True,False,1.8281416524415297,0.377451467656156,9.612263227369965,0.8716580093806456,True,Cruise
1,361,1675394492.614117,49.87272514569024,-0.0016969980574635013,False,False,False,True,100000,False,True,False,1.8281416524415297,0.377451467656156,9.612263227369965,1.657449141040549,True,Cruise
1,362,1675394492.7101517,49.87272514569024,-0.0016969980574635013,False,False,False,True,100000,False,True,False,0.19300988652741344,0.23953091343924987,9.845629214521345,1.657449141040549,True,Cruise
1,363,1675394492.8100343,49.87272514569024,-0.0016969980574635013,False,False,False,True,100000,False,True,False,1.0004197130117536,0.2853587869274561,9.808853144015023,0.7624566497388258,True,Cruise
1,364,1675394492.9073088,49.87272514569024,-0.0016969980574635013,False,False,False,True,100000,False,True,False,0.8639198400017912,0.2388853313678283,9.840131141387294,0.7624566497388258,True,Cruise
1,365,1675394493.0074856,49.7458159974885,0.003389120033486724,False,False,False,True,100000,False,True,False,0.7247438890925857,0.17326909701224688,9.868022753942016,0.992131640838976,True,Cruise
1,366,1675394493.1075375,49.71780872210391,-0.0037625503719478687,False,False,False,True,100000,False,True,False,-0.25928889049454307,0.10563587262996824,9.974935935596687,0.992131640838976,True,Cruise
1,367,1675394493.2077436,49.71780872210391,-0.0037625503719478687,False,False,False,True,100000,False,True,False,-0.26156851166912387,0.04364831344489985,9.97056134012083,0.06218352878374904,True,Cruise
1,368,1675394493.3074431,49.71780872210391,-0.0037625503719478687,False,False,False,True,100000,False,True,False,-0.26156851166912387,0.04364831344489985,9.97056134012083,0.06218352878374904,True,Cruise
1,369,1675394493.4072921,49.71780872210391,-0.0037625503719478687,False,False,False,True,100000,False,True,False,0.037024267256978584,-0.1254952792893029,9.941861692492768,0.3443702547605136,True,Cruise
1,370,1675394493.5258942,49.71780872210391,-0.0037625503719478687,False,False,False,True,100000,False,True,False,0.15835238242758556,-0.16175760509146273,9.926975046459045,0.3443702547605136,True,Cruise
1,371,1675394493.625854,49.71731591694205,-0.003769121107439411,False,False,False,True,100000,False,True,False,0.22556637194285864,-0.18212525965287837,9.915776314324289,0.07111943011806567,True,Cruise
1,372,1675394493.718875,49.71731591694205,-0.003769121107439411,False,False,False,True,100000,False,True,False,0.22556637194285864,-0.18212525965287837,9.915776314324289,0.07111943011806567,True,Cruise
1,373,1675394493.8141456,49.71731591694205,-0.003769121107439411,False,False,False,True,100000,False,True,False,1.230119130800477,-0.2100621819370303,9.812834136045938,0.3864679059486974,True,Cruise
1,374,1675394493.9100146,49.71731591694205,-0.003769121107439411,False,False,False,True,100000,False,True,False,0.3153925700713939,-0.1715560539879425,9.912281582927399,1.3003331796525621,True,Cruise
1,375,1675394494.007355,49.60196049179733,0.005307193442702262,False,False,False,True,100000,False,True,False,-0.47018349201441734,-0.30308352421559126,9.96808673721081,0.7984631738479431,True,Cruise
1,376,1675394494.1073477,49.60196049179733,0.005307193442702262,False,False,False,True,100000,False,True,False,-0.47018349201441734,-0.30308352421559126,9.96808673721081,0.7984631738479431,True,Cruise
1,377,1675394494.2073417,49.60196049179733,0.005307193442702262,False,False,False,True,100000,False,True,False,-0.47018349201441734,-0.30308352421559126,9.96808673721081,0.3763458103309011,True,Cruise
1,378,1675394494.3093061,49.51205242207556,-0.006505967705659134,False,False,False,True,100000,False,True,False,-0.817393097140596,-0.16107043013499533,9.937855293788415,0.3763458103309011,True,Cruise
1,379,1675394494.4074426,49.51205242207556,-0.006505967705659134,False,False,False,True,100000,False,True,False,-0.817393097140596,-0.16107043013499533,9.937855293788415,0.3763458103309011,True,Cruise
1,380,1675394494.5072675,49.29288248861372,-0.009428233485150407,False,False,False,True,100000,False,True,False,-0.5097535332270348,-0.15152508635901712,9.891335448809262,0.1097422140441883,True,Cruise
1,381,1675394494.6071913,49.29288248861372,-0.009428233485150407,False,False,False,True,100000,False,True,False,-0.7724874049157304,-0.34871789471266135,9.881159387050841,0.2447991213294188,True,Cruise
1,382,1675394494.7262213,49.29288248861372,-0.009428233485150407,False,False,False,True,100000,False,True,False,-0.7724874049157304,-0.34871789471266135,9.881159387050841,0.2447991213294188,True,Cruise
1,383,1675394494.822105,49.29288248861372,-0.009428233485150407,False,False,False,True,100000,False,True,False,-0.7724874049157304,-0.34871789471266135,9.881159387050841,0.2447991213294188,True,Cruise
1,384,1675394494.9183834,49.71116225609291,0.003851169918761199,False,False,False,True,100000,False,True,False,-0.7724874049157304,-0.34871789471266135,9.881159387050841,0.30751481613663273,True,Cruise
1,385,1675394495.0162168,49.71116225609291,0.003851169918761199,False,False,False,True,100000,False,True,False,-1.5529460170653426,-0.2403306567009216,9.874177803502544,0.38932159416487333,True,Cruise
1,386,1675394495.1101565,49.71116225609291,0.003851169918761199,False,False,False,True,100000,False,True,False,-1.5529460170653426,-0.2403306567009216,9.874177803502544,0.38932159416487333,True,Cruise
1,387,1675394495.2105956,49.797455674232395,-0.002700591010234757,False,False,False,True,100000,False,True,False,-1.5529460170653426,-0.2403306567009216,9.874177803502544,0.38932159416487333,True,Cruise
1,388,1675394495.3072562,49.797455674232395,-0.002700591010234757,False,False,False,True,100000,False,True,False,1.1441755923655836,-0.07755495404387125,9.582573641566473,0.34877749143787057,True,Cruise
1,389,1675394495.4072773,49.921285595891796,0.001049525388109373,False,False,False,True,100000,False,True,False,1.4554003430115943,0.07827509199742073,9.560170742874758,0.34877749143787057,True,Cruise
1,390,1675394495.507332,49.921285595891796,0.001049525388109373,False,False,False,True,100000,False,True,False,1.6716898483967055,-0.18057865027290596,9.565568762782869,0.40118222819929944,True,Cruise
1,391,1675394495.6072717,49.921285595891796,0.001049525388109373,False,False,False,True,100000,False,True,False,1.0602642476710251,-0.2069623702370378,9.635653511912581,0.6159945113087288,True,Cruise
1,392,1675394495.7072256,49.440405234014776,-0.0074612635464696275,False,False,False,True,100000,False,True,False,1.0602642476710251,-0.2069623702370378,9.635653511912581,0.6159945113087288,True,Cruise
1,393,1675394495.829849,49.440405234014776,-0.0074612635464696275,False,False,False,True,100000,False,True,False,1.0602642476710251,-0.2069623702370378,9.635653511912581,0.6159945113087288,True,Cruise
1,394,1675394495.9261637,49.440405234014776,-0.0074612635464696275,False,False,False,True,100000,False,True,False,0.05290117082835773,-0.19099719156251613,9.764510780834499,1.3757793202041522,True,Cruise
1,395,1675394496.0224252,49.440405234014776,-0.0074612635464696275,False,False,False,True,100000,False,True,False,0.05290117082835773,-0.19099719156251613,9.764510780834499,1.3757793202041522,True,Cruise
1,396,1675394496.1178722,49.440405234014776,-0.0074612635464696275,False,False,False,True,100000,False,True,False,0.05290117082835773,-0.19099719156251613,9.764510780834499,1.3757793202041522,True,Cruise
1,397,1675394496.2138937,49.969686704973235,-0.0004041772670234831,False,False,False,True,100000,False,True,False,-1.8957405248871577,-0.26833888941391765,9.94283829430434,1.9583122576769807,True,Cruise
1,398,1675394496.3138974,49.969686704973235,-0.0004041772670234831,False,False,False,True,100000,False,True,False,-1.4696319009002015,-0.29004024853761573,9.887898919035464,0.5216689208196542,True,Cruise
1,399,1675394496.4073608,49.969686704973235,-0.0004041772670234831,False,False,False,True,100000,False,True,False,-1.4696319009002015,-0.29004024853761573,9.887898919035464,0.5216689208196542,True,Cruise
1,400,1675394496.5072167,49.85283464179474,0.0019622047760701395,False,False,False,True,100000,False,True,False,0.11762636308906546,-0.2285697399886949,9.735668878732362,1.5957259806101323,True,Cruise
1,401,1675394496.6073582,49.85283464179474,0.0019622047760701395,False,False,False,True,100000,False,True,False,1.492850806803699,-0.09814570398207247,9.622391136179257,1.3860319428917962,True,Cruise
1,402,1675394496.7080135,49.85283464179474,0.0019622047760701395,False,False,False,True,100000,False,True,False,2.0794919726014274,0.035950804570074046,9.591003564372855,1.3860319428917962,True,Cruise
1,403,1675394496.8073208,49.976988874605624,-0.000306815005258301,False,False,False,True,100000,False,True,False,1.9868549395168393,0.05476370610210754,9.623462642390114,1.3860319428917962,True,Cruise
1,404,1675394496.9074697,49.976988874605624,-0.000306815005258301,False,False,False,True,100000,False,True,False,1.4638887242217122,-0.05719751372590676,9.6936875736849,0.5394075621094345,True,Cruise
1,405,1675394497.0074172,49.976988874605624,-0.000306815005258301,False,False,False,True,100000,False,True,False,1.4638887242217122,-0.05719751372590676,9.6936875736849,0.5394075621094345,True,Cruise
1,406,1675394497.126357,49.976988874605624,-0.000306815005258301,False,False,False,True,100000,False,True,False,1.4638887242217122,-0.05719751372590676,9.6936875736849,0.5394075621094345,True,Cruise
1,407,1675394497.221961,49.976988874605624,-0.000306815005258301,False,False,False,True,100000,False,True,False,1.1777779271828348,-0.1515249473298986,9.773114267589227,0.3115536111443887,True,Cruise
1,408,1675394497.3220747,49.766884839941966,-0.000306815005258301,False,False,False,True,100000,False,True,False,0.657081890947751,-0.08104618731309866,9.849066156445687,0.3006516428142605,True,Cruise
1,409,1675394497.4138393,49.766884839941966,-0.003108202134107127,False,False,False,True,100000,False,True,False,0.5148734253564662,-0.050260643383560635,9.872188141034544,0.14732828503784492,True,Cruise
1,410,1675394497.5104108,49.68291927964135,-0.0042277429381154035,False,False,False,True,100000,False,True,False,0.5148734253564662,-0.050260643383560635,9.872188141034544,0.14732828503784492,True,Cruise
1,411,1675394497.6072762,49.677484156627926,-0.00430021124496101,False,False,False,True,100000,False,True,False,0.4393024253280359,-0.02774893526006659,9.88687138010949,1.0251864015339733,True,Cruise
1,412,1675394497.7072794,49.677484156627926,-0.00430021124496101,False,False,False,True,100000,False,True,False,-0.5803192975891528,-0.003128649683544364,9.990662235119416,1.0251864015339733,True,Cruise
1,413,1675394497.8073883,49.677484156627926,-0.00430021124496101,False,False,False,True,100000,False,True,False,-1.347876370596735,-0.059007489399582384,10.052382848626188,0.7720594142834021,True,Cruise
1,414,1675394497.9078944,49.677484156627926,-0.00430021124496101,False,False,False,True,100000,False,True,False,-1.347876370596735,-0.059007489399582384,10.052382848626188,0.7720594142834021,True,Cruise
1,415,1675394498.0075264,49.809673900908926,0.002537681321214245,False,False,False,True,100000,False,True,False,-1.347876370596735,-0.059007489399582384,10.052382848626188,0.8891090493683421,True,Cruise
1,416,1675394498.107544,49.809673900908926,0.002537681321214245,False,False,False,True,100000,False,True,False,-0.4672456966102776,-0.05325428098066567,9.930025101443087,0.8891090493683421,True,Cruise
1,417,1675394498.207502,49.809673900908926,0.002537681321214245,False,False,False,True,100000,False,True,False,0.6008154400631789,-0.022420618124021834,9.808629031267392,0.7889749717335277,True,Cruise
1,418,1675394498.3260942,49.95189814498379,0.0006413580668828668,False,False,False,True,100000,False,True,False,0.6008154400631789,-0.022420618124021834,9.808629031267392,0.7889749717335277,True,Cruise
1,419,1675394498.4220219,49.95189814498379,0.0006413580668828668,False,False,False,True,100000,False,True,False,0.883543404262441,0.04659541775767532,9.78167236986433,0.19200557966714518,True,Cruise
1,420,1675394498.5178077,49.95189814498379,0.0006413580668828668,False,False,False,True,100000,False,True,False,1.117980592154733,-0.09934655807788376,9.756187655603087,0.221765881284019,True,Cruise
1,421,1675394498.6180675,49.86577447530209,-0.001789673662638847,False,False,False,True,100000,False,True,False,1.117980592154733,-0.09934655807788376,9.756187655603087,0.221765881284019,True,Cruise
1,422,1675394498.7134418,49.86577447530209,-0.001789673662638847,False,False,False,True,100000,False,True,False,1.117980592154733,-0.09934655807788376,9.756187655603087,0.221765881284019,True,Cruise
1,423,1675394498.8098,49.86577447530209,-0.001789673662638847,False,False,True,False,100000,False,True,False,1.117980592154733,-0.09934655807788376,9.756187655603087,0.221765881284019,True,Cruise
1,424,1675394498.907251,49.86577447530209,-0.001789673662638847,False,False,True,False,100000,False,True,False,1.117980592154733,-0.09934655807788376,9.756187655603087,0.221765881284019,True,Cruise
1,425,1675394499.0071747,49.86577447530209,-0.001789673662638847,False,False,True,False,100000,False,True,False,1.117980592154733,-0.09934655807788376,9.756187655603087,0.221765881284019,True,Cruise
1,426,1675394499.11132,49.873749225828085,-0.0016833436556255243,False,False,True,False,100000,False,True,False,-0.3483098328849302,-0.05743537001467635,9.865889396514582,0.026411939153994323,True,Cruise
1,427,1675394499.2089622,49.893859077477074,0.0014152123003056336,False,False,True,False,100000,False,True,False,-0.2603541586488294,-0.043388118032615254,9.849059181019161,0.0906464675108574,True,Cruise
1,428,1675394499.3355706,49.893859077477074,0.0014152123003056336,False,False,True,False,100000,False,True,False,-0.1059160137503431,-0.03578850746276214,9.826465839532371,0.22160239484929822,True,Cruise
1,429,1675394499.430067,49.893859077477074,0.0014152123003056336,False,False,True,False,100000,False,True,False,0.10895709430488454,0.011292901750496968,9.799623526962021,0.22160239484929822,True,Cruise
1,430,1675394499.5259562,49.61488102891028,0.005134919614529585,False,False,True,False,100000,False,True,False,0.1371368085668675,0.0020988114896457587,9.793027416228597,0.020153322925982518,True,Cruise
1,431,1675394499.622026,49.61488102891028,0.005134919614529585,False,False,True,False,100000,False,True,False,0.11783370629398872,-0.002879273105398819,9.7900667843085,0.020153322925982518,True,Cruise
1,432,1675394499.7180321,49.61488102891028,0.005134919614529585,False,False,True,False,100000,False,True,False,0.11783370629398872,-0.002879273105398819,9.7900667843085,0.020153322925982518,True,Cruise
1,433,1675394499.8141632,49.61488102891028,0.005134919614529585,False,False,True,False,100000,False,True,False,0.11783370629398872,-0.002879273105398819,9.7900667843085,1.7733669840799273,True,Cruise
1,434,1675394499.913967,49.89875446719644,0.0013499404373807933,False,False,True,False,100000,False,True,False,-1.6478242864792592,0.07508923567482512,9.935680054374354,0.13212650940223664,True,Cruise
1,435,1675394500.0078182,49.89875446719644,0.0013499404373807933,False,False,True,False,100000,False,True,False,-0.12683435550271624,0.10911070652592854,9.755985522186055,1.4074787659662824,True,Cruise
1,436,1675394500.1071708,49.89875446719644,0.0013499404373807933,False,False,True,False,100000,False,True,False,0.9868254702766338,0.019262073988226543,9.656044273046856,1.4074787659662824,True,Cruise
1,437,1675394500.2072906,49.60477633577518,0.005269648856331008,False,False,True,False,100000,False,True,False,0.9868254702766338,0.019262073988226543,9.656044273046856,0.15642310631795672,True,Cruise
1,438,1675394500.3072717,49.60477633577518,0.005269648856331008,False,False,True,False,100000,False,True,False,0.8781254035800261,0.06748561331808978,9.683076715277943,0.15642310631795672,True,Cruise
1,439,1675394500.407197,49.701346307045704,0.003982049239390653,False,False,True,False,100000,False,True,False,-0.4300013301704179,0.1078328781062099,9.81249732166551,1.3151323685037235,True,Cruise
1,440,1675394500.5072126,49.701346307045704,0.003982049239390653,False,False,True,False,100000,False,True,False,-1.451426139288217,0.22583803572992867,9.898306735464935,1.031793154369485,True,Cruise
1,441,1675394500.6301725,49.701346307045704,0.003982049239390653,False,False,True,False,100000,False,True,False,-1.451426139288217,0.22583803572992867,9.898306735464935,1.031793154369485,True,Cruise
1,442,1675394500.7259169,49.701346307045704,0.003982049239390653,False,False,True,False,100000,False,True,False,-1.451426139288217,0.22583803572992867,9.898306735464935,1.031793154369485,True,Cruise
1,443,1675394500.825797,49.701346307045704,0.003982049239390653,False,False,True,False,100000,False,True,False,-1.451426139288217,0.22583803572992867,9.898306735464935,1.031793154369485,True,Cruise
1,444,1675394500.9180117,49.66710829903294,0.004438556012894119,False,False,True,False,100000,False,True,False,-0.3355556508819128,0.2245758149270783,9.779353734137038,1.1221935468636388,True,Cruise
1,445,1675394501.0182667,49.66710829903294,0.004438556012894119,False,False,True,False,100000,False,True,False,-0.17472478102273964,0.2257234120446529,9.76511566968441,1.1221935468636388,True,Cruise
1,446,1675394501.1102366,49.66710829903294,0.004438556012894119,False,False,True,False,100000,False,True,False,-0.31910911006849496,0.24463286562909675,9.781225021611437,0.1465056760960611,True,Cruise
1,447,1675394501.2082186,49.90154204428352,-0.0013127727428864724,False,False,True,False,100000,False,True,False,-0.31910911006849496,0.24463286562909675,9.781225021611437,0.06254829937890291,True,Cruise
1,448,1675394501.3073335,49.90154204428352,-0.0013127727428864724,False,False,True,False,100000,False,True,False,-0.19040066260446167,0.2729004904693674,9.770608566073504,0.0697089254801774,True,Cruise
1,449,1675394501.4073079,49.90154204428352,-0.0013127727428864724,False,False,True,False,100000,False,True,False,-0.13583699779782726,0.2837428015548165,9.768627858780274,0.05566572040480444,True,Cruise
1,450,1675394501.5072165,49.92190931266497,0.001041209164467055,False,False,True,False,100000,False,True,False,0.8895280936508192,0.3105743432058897,9.673916946826719,1.0300794431653992,True,Cruise
1,451,1675394501.6074545,49.92190931266497,0.001041209164467055,False,False,True,False,100000,False,True,False,0.8895280936508192,0.3105743432058897,9.673916946826719,1.0300794431653992,True,Cruise
1,452,1675394501.707285,49.92190931266497,0.001041209164467055,False,False,True,False,100000,False,True,False,0.8895280936508192,0.3105743432058897,9.673916946826719,1.0300794431653992,True,Cruise
1,453,1675394501.8302689,49.92190931266497,0.001041209164467055,False,False,True,False,100000,False,True,False,0.9932783596637774,0.22760574010752457,9.717562255031638,0.13983139749768655,True,Cruise
1,454,1675394501.9260082,49.92190931266497,0.001041209164467055,False,False,True,False,100000,False,True,False,0.6507897385346376,0.2425839739417695,9.762098925173182,0.34569685864790495,True,Cruise
1,455,1675394502.0218863,49.85059950144176,-0.001992006647443154,False,False,True,False,100000,False,True,False,0.2653036838069124,0.2029266669869797,9.818895724030105,0.24791283478593754,True,Cruise
1,456,1675394502.1218486,49.975311348037124,0.0003291820261716854,False,False,True,False,100000,False,True,False,0.2653036838069124,0.2029266669869797,9.818895724030105,0.1445262497655726,True,Cruise
1,457,1675394502.2182856,49.975311348037124,0.0003291820261716854,False,False,True,False,100000,False,True,False,-0.28453721390448405,0.12651497937050865,9.880293454805985,0.1445262497655726,True,Cruise
1,458,1675394502.3141792,49.85351564907762,0.0019531246789650366,False,False,True,False,100000,False,True,False,0.5642813084760817,0.1303427006119719,9.798153287079355,0.8527922036114004,True,Cruise
1,459,1675394502.409197,49.85351564907762,0.0019531246789650366,False,False,True,False,100000,False,True,False,0.681453121926666,0.11760852313735015,9.804128745566775,0.11801313167350724,True,Cruise
1,460,1675394502.507297,49.85351564907762,0.0019531246789650366,False,False,True,False,100000,False,True,False,0.681453121926666,0.11760852313735015,9.804128745566775,0.11801313167350724,True,Cruise
1,461,1675394502.6077528,49.73435161734519,-0.0035419784353974736,False,False,True,False,100000,False,True,False,0.681453121926666,0.11760852313735015,9.804128745566775,0.8254370195904182,True,Cruise
1,462,1675394502.7073555,49.73435161734519,-0.0035419784353974736,False,False,True,False,100000,False,True,False,-0.1378263533091998,0.05905051004022506,9.885972339510795,0.8254370195904182,True,Cruise
1,463,1675394502.80735,49.832137650482125,-0.002238164660238308,False,False,True,False,100000,False,True,False,-0.014389268401479922,0.03804532102314245,9.874672684508713,0.12572038060443935,True,Cruise
1,464,1675394502.9073682,49.832137650482125,-0.002238164660238308,False,False,True,False,100000,False,True,False,-0.5644407700511244,-0.02905810557601035,9.927524839015271,0.5566442980614836,True,Cruise
