repetition,iteration,time,speed,steering,obstacle_North,obstacle_NorthWest,obstacle_SouthWest,obstacle_West,obstacle_distance,follow_enable,steady_motion_enable,passing_start,accel_x,accel_y,accel_z,accel_diff,success,action
1,1,1675451955.296888,0.0,0.0,False,True,False,True,100000,False,True,False,0.04121973381387693,2.0547531606406e-13,9.807832500096957,0.0010118374861996953,True,
1,2,1675451955.297069,0.0,0.0,False,True,False,True,100000,False,True,False,0.04121973381387693,2.0547531606406e-13,9.807832500096957,0.0010118374861996953,True,
1,3,1675451955.3972423,49.3673457029397,-0.00843539062747061,False,True,False,True,100000,False,True,False,0.04121973381387693,2.0547531606406e-13,9.807832500096957,0.0010118374861996953,True,Cruise
1,4,1675451955.4972837,49.3673457029397,-0.00843539062747061,False,True,False,True,100000,False,True,False,0.041369725077971035,3.320744081118068e-14,9.810473163592171,0.002644919861594981,True,Cruise
1,5,1675451955.5972588,49.15786760238937,-0.011228431968141706,False,True,False,True,100000,False,True,False,2.6121305811658484,-0.017290670691033985,9.600867150085154,0.9120687538252261,True,Cruise
1,6,1675451955.697234,49.49844480593028,-0.006687402587596233,False,True,False,True,100000,False,True,False,3.3296473918001555,-0.013701999453742933,9.583074952472112,0.27169388578833686,True,Cruise
1,7,1675451955.7972116,49.49844480593028,-0.006687402587596233,False,True,False,True,100000,False,True,False,3.492971751568363,-0.012927785536509697,9.596456426780348,0.16387345653139343,True,Cruise
1,8,1675451955.8973002,49.03634412639077,-0.01284874498145637,False,True,False,True,100000,False,True,False,3.6964707245559936,-0.0024225160583093027,9.639444160805935,0.20825498306279408,True,Cruise
1,9,1675451955.9972613,49.03634412639077,-0.01284874498145637,False,True,False,True,100000,False,True,False,3.6964707245559936,-0.0024225160583093027,9.639444160805935,0.10127465972715043,True,Cruise
1,10,1675451956.0972276,49.03634412639077,-0.01284874498145637,False,True,False,True,100000,False,True,False,3.8963420825954342,-0.007881566213438279,9.685854829695296,0.11360543040725851,True,Cruise
1,11,1675451956.1972508,49.03634412639077,-0.01284874498145637,False,True,False,True,100000,False,True,False,4.120124097359719,-0.01881457425796101,9.729866123846055,0.11487366154054833,True,Cruise
1,12,1675451956.2972329,49.03634412639077,-0.01284874498145637,False,True,False,True,100000,False,True,False,4.418330267240783,-0.016970950236443887,9.792326941144292,0.09105861854256736,True,Cruise
1,13,1675451956.3972948,49.03634412639077,-0.01284874498145637,False,True,False,True,100000,False,True,False,4.418330267240783,-0.016970950236443887,9.792326941144292,0.14170073450337173,True,Cruise
1,14,1675451956.497328,49.03634412639077,-0.01284874498145637,False,True,False,True,100000,False,True,False,4.601724811460044,-0.02053184828243925,9.848555668160797,0.05028580042277476,True,Cruise
1,15,1675451956.5972388,49.65512754669806,-0.004598299377359224,False,True,False,True,100000,False,True,False,4.656330340717471,-0.02335575420262458,9.879272551653349,0.025554492810362362,True,Cruise
1,16,1675451956.6972516,49.65512754669806,-0.004598299377359224,False,True,False,True,100000,False,True,False,4.665738291040166,-0.04792199656817031,9.891858241001835,0.02916177926007984,True,Cruise
1,17,1675451956.797234,49.65512754669806,-0.004598299377359224,False,True,False,True,100000,False,True,False,4.653706116565224,-0.00013073910488072812,9.910651620458687,0.01690468749194647,True,Cruise
1,18,1675451956.8972332,49.65512754669806,-0.004598299377359224,False,True,False,True,100000,False,True,False,4.634123287088983,-0.0017672110974506767,9.916701316487371,0.0205612274175811,True,Cruise
1,19,1675451956.9972422,49.65512754669806,-0.004598299377359224,False,True,False,False,100000,False,True,False,4.534031975784343,-0.010176013527094815,9.921270891293531,0.10054779744426126,True,Cruise
1,20,1675451957.0972452,49.787096414646676,-0.002838714471377666,False,True,False,False,100000,False,True,False,4.490537418412881,-0.009910973371906403,9.918448868704706,0.043586816570094715,True,Cruise
1,21,1675451957.197239,49.787096414646676,-0.002838714471377666,False,True,False,False,100000,False,True,False,4.394765967043668,-0.012534566614074897,9.906975970809386,0.049588001502586465,True,Cruise
1,22,1675451957.2972484,49.787096414646676,-0.002838714471377666,False,True,False,False,100000,False,True,False,4.293900500525276,0.0014617751465807538,9.888863513589227,0.051357647896736795,True,Cruise
1,23,1675451957.397458,49.787096414646676,-0.002838714471377666,False,True,False,False,100000,False,True,False,4.243753100833211,0.0024569099042662194,9.877824672688865,0.051357647896736795,True,Cruise
1,24,1675451957.4973555,49.787096414646676,-0.002838714471377666,False,True,False,False,100000,False,True,False,4.147856870680964,0.0026801142594699333,9.852899964102068,0.04645671636406143,True,Cruise
1,25,1675451957.5972393,49.884048780635325,0.0015460162581956264,False,True,False,False,100000,False,True,False,4.061917001026284,0.0033937267637130213,9.825734044751096,0.043685734877225574,True,Cruise
1,26,1675451957.6972337,49.884048780635325,0.0015460162581956264,False,True,False,False,100000,False,True,False,3.989550699774319,0.004020319483267375,9.798165365115148,0.03543325342684578,True,Cruise
1,27,1675451957.797288,49.884048780635325,0.0015460162581956264,False,True,False,False,100000,False,True,False,3.989550699774319,0.004020319483267375,9.798165365115148,0.03543325342684578,True,Cruise
1,28,1675451957.8973348,49.884048780635325,0.0015460162581956264,False,True,False,False,100000,False,True,False,3.910984957309419,0.022840330618471,9.759697967499424,0.026450138334860273,True,Cruise
1,29,1675451957.9972491,49.884048780635325,0.0015460162581956264,False,True,False,False,100000,False,True,False,3.8693213236115205,0.019666748799256152,9.728755986921655,0.03849231597326069,True,Cruise
1,30,1675451958.097214,49.61949113963065,-0.005073451471591424,False,True,False,False,100000,False,True,False,3.8632008539566005,0.01885723676168845,9.720677576496135,0.010167407414819241,True,Cruise
1,31,1675451958.1973846,49.61949113963065,-0.005073451471591424,False,True,False,False,100000,False,True,False,3.8613589587186015,0.03782195561990934,9.708289158087519,0.019951583549360774,True,Cruise
1,32,1675451958.2973263,49.61949113963065,-0.005073451471591424,False,True,False,False,100000,False,True,False,3.8650523793175,0.000959940850812578,9.704041832695284,0.03728926469568691,True,Cruise
1,33,1675451958.3973305,49.61949113963065,-0.005073451471591424,False,True,False,False,100000,False,True,False,3.8801932569508932,-0.015695966550841874,9.699407679075014,0.009199682372338015,True,Cruise
1,34,1675451958.4972937,49.61949113963065,-0.005073451471591424,False,True,False,False,100000,False,True,False,3.8801932569508932,-0.015695966550841874,9.699407679075014,0.009199682372338015,True,Cruise
1,35,1675451958.5972495,49.61949113963065,-0.005073451471591424,False,True,False,False,100000,False,True,False,3.9172753129159648,-0.015156877798929413,9.701461024986763,0.015246688613329708,True,Cruise
1,36,1675451958.697414,49.94586007791655,-0.0007218656277793787,False,True,False,False,100000,False,True,False,3.9321098234319325,-0.017294100793807464,9.704259433336816,0.016177010597923924,True,Cruise
1,37,1675451958.7973182,49.94586007791655,-0.0007218656277793787,False,True,False,False,100000,False,True,False,3.9635639809632703,-0.022496932860505883,9.712441761033269,0.022435845645289568,True,Cruise
1,38,1675451958.897349,49.94586007791655,-0.0007218656277793787,False,True,False,False,100000,False,True,False,4.011203656063054,-0.004297838444251754,9.729431253220913,0.01914385913436558,True,Cruise
1,39,1675451958.9973514,49.94586007791655,-0.0007218656277793787,False,True,False,False,100000,False,True,False,4.011203656063054,-0.004297838444251754,9.729431253220913,0.031931770241039034,True,Cruise
1,40,1675451959.0973873,49.64243206210901,-0.0047675725052131876,False,True,False,False,100000,False,True,False,4.0535561738814225,-0.005561200720200533,9.74922038159043,0.01388472633708807,True,Cruise
1,41,1675451959.1973186,49.64243206210901,-0.0047675725052131876,False,True,False,False,100000,False,True,False,4.076739291739976,0.007793906422131891,9.762421417832442,0.025569097032788108,True,Cruise
1,42,1675451959.2972734,49.64243206210901,-0.0047675725052131876,False,True,False,False,100000,False,True,False,4.102152038737238,-0.024177756118510346,9.780282850299638,0.009120765903123922,True,Cruise
1,43,1675451959.397336,49.64243206210901,-0.0047675725052131876,False,True,False,False,100000,False,True,False,4.102152038737238,-0.024177756118510346,9.780282850299638,0.008079850757862939,True,Cruise
1,44,1675451959.4973562,49.64243206210901,-0.0047675725052131876,False,True,False,False,100000,False,True,False,4.116148109720999,-0.020303183790453802,9.794073990159962,0.011994488281900074,True,Cruise
1,45,1675451959.5973113,49.96016259843682,0.0005311653541758199,False,True,False,False,100000,False,True,False,4.118370965511733,-0.020883871506363092,9.797553589580977,0.004169640058869933,True,Cruise
1,46,1675451959.6973248,49.96016259843682,0.0005311653541758199,False,True,False,False,100000,False,True,False,4.119523715430864,-0.03834155631285014,9.802711881877475,0.01653742630134473,True,Cruise
1,47,1675451959.7976696,49.96016259843682,0.0005311653541758199,False,True,False,False,100000,False,True,False,4.118767980354503,-0.005853745010074323,9.804370659623148,0.014551420993064142,True,Cruise
1,48,1675451959.897408,49.96016259843682,0.0005311653541758199,False,True,False,False,100000,False,True,False,4.1145633525403715,0.011147262641954436,9.805965546938298,0.003365204328860447,True,Cruise
1,49,1675451959.9974973,49.96016259843682,0.0005311653541758199,False,True,False,False,100000,False,True,False,4.1113361531975166,0.010193624824716864,9.805946586716995,0.003365204328860447,True,Cruise
1,50,1675451960.0973363,49.86796032351021,0.0017605290198638697,False,True,False,False,100000,False,True,False,4.1113361531975166,0.010193624824716864,9.805946586716995,0.003365204328860447,True,Cruise
1,51,1675451960.1973636,49.86796032351021,0.0017605290198638697,False,True,False,False,100000,False,True,False,4.093751969901036,0.014091835448689931,9.801274448810592,0.005638278583607159,True,Cruise
1,52,1675451960.297368,49.86796032351021,0.0017605290198638697,False,True,False,False,100000,False,True,False,4.083641596269373,0.022426834338407975,9.796845585342956,0.011297780924678216,True,Cruise
1,53,1675451960.3972976,49.86796032351021,0.0017605290198638697,False,True,False,False,100000,False,True,False,4.073572630117781,0.029179638975361914,9.79159098530971,0.005599935522950999,True,Cruise
1,54,1675451960.4976957,49.86796032351021,0.0017605290198638697,False,True,False,False,100000,False,True,False,4.068732701743959,0.029464808520256975,9.788788656005694,0.005599935522950999,True,Cruise
1,55,1675451960.5974598,49.85233689279801,-0.001968841429359834,False,True,False,False,100000,False,True,False,4.055702344185191,0.0291012075850158,9.78028144491042,0.004927513952646767,True,Cruise
1,56,1675451960.6974292,49.85233689279801,-0.001968841429359834,False,True,False,False,100000,False,True,False,4.0520029160188615,0.03945668856863235,9.77756155477018,0.011327822276803543,True,Cruise
1,57,1675451960.7974496,49.85233689279801,-0.001968841429359834,False,True,False,False,100000,False,True,False,4.0486940330770365,0.013314958984225697,9.774963762780704,0.026478052330326924,True,Cruise
1,58,1675451960.897354,49.85233689279801,-0.001968841429359834,False,True,False,False,100000,False,True,False,4.041112587383757,-0.005809996328088462,9.768216509635383,0.0032724543249710086,True,Cruise
1,59,1675451960.9973655,49.85233689279801,-0.001968841429359834,False,True,False,False,100000,False,True,False,4.039393290511028,-0.007413306081817762,9.766391719943998,0.0029759773723541287,True,Cruise
1,60,1675451961.097355,49.968535066934706,-0.00041953244087062345,False,True,False,False,100000,False,True,False,4.039393290511028,-0.007413306081817762,9.766391719943998,0.006904597272343104,True,Cruise
1,61,1675451961.1973574,49.968535066934706,-0.00041953244087062345,False,True,False,False,100000,False,True,False,4.03636331779949,-0.019973695428219976,9.761536491526574,0.003369407574840276,True,Cruise
1,62,1675451961.2973068,49.968535066934706,-0.00041953244087062345,False,True,False,False,100000,False,True,False,4.036472281840198,-0.027219444087670346,9.760943744535838,0.008867225213502696,True,Cruise
1,63,1675451961.3972943,49.968535066934706,-0.00041953244087062345,False,True,False,False,100000,False,True,False,4.03757741937582,-0.014346555415997393,9.760459865522545,0.008867225213502696,True,Cruise
1,64,1675451961.4973729,49.968535066934706,-0.00041953244087062345,False,True,False,False,100000,False,True,False,4.039588709427551,-0.014435361086846605,9.76083037110296,0.0012349795476587356,True,Cruise
1,65,1675451961.5972931,49.968535066934706,-0.00041953244087062345,False,True,False,False,100000,False,True,False,4.039588709427551,-0.014435361086846605,9.76083037110296,0.0012349795476587356,True,Cruise
1,66,1675451961.697438,49.89786881862103,-0.0013617490850530043,False,True,False,False,100000,False,True,False,4.043766234861852,-0.012415307933450822,9.762675836902458,0.004993803912239513,True,Cruise
1,67,1675451961.7973688,49.89786881862103,-0.0013617490850530043,False,True,False,False,100000,False,True,False,4.048601249089336,-0.011462602190196071,9.765565681319028,0.004884756859554405,True,Cruise
1,68,1675451961.8973122,49.89786881862103,-0.0013617490850530043,False,True,False,False,100000,False,True,False,4.050225787692891,-0.013508939881453257,9.766659199341497,0.002004815593761248,True,Cruise
1,69,1675451961.9973595,49.89786881862103,-0.0013617490850530043,False,True,False,False,100000,False,True,False,4.05336333619747,-0.011889727797406836,9.768914851839035,0.0022355339314546786,True,Cruise
1,70,1675451962.0973096,49.67824244346548,-0.004290100753793604,False,True,False,False,100000,False,True,False,4.05336333619747,-0.011889727797406836,9.768914851839035,0.0022355339314546786,True,Cruise
1,71,1675451962.1972873,49.67824244346548,-0.004290100753793604,False,True,False,False,100000,False,True,False,4.057501961463741,-0.010261000561279614,9.772194143318755,0.008440057677751037,True,Cruise
1,72,1675451962.2973082,49.67824244346548,-0.004290100753793604,False,True,False,False,100000,False,True,False,4.058669264203601,-0.001962387600427541,9.773196640622121,0.008440057677751037,True,Cruise
1,73,1675451962.3974452,49.67824244346548,-0.004290100753793604,False,True,False,False,100000,False,True,False,4.059665739263919,-0.024658878585752837,9.774137793588084,0.022737841465234304,True,Cruise
1,74,1675451962.497264,49.96071542986436,-0.0005237942684752005,False,True,False,False,100000,False,True,False,4.0619232529954346,-0.0420338934700509,9.776462248655,0.0013985028337044922,True,Cruise
1,75,1675451962.5972283,49.96071542986436,-0.0005237942684752005,False,True,False,False,100000,False,True,False,4.063106136481988,-0.05820384599047792,9.777932666361728,0.015146764490425825,True,Cruise
1,76,1675451962.697239,49.96071542986436,-0.0005237942684752005,False,True,False,False,100000,False,True,False,4.063411819642369,-0.03112774187197389,9.77821317546156,0.027079282519773318,True,Cruise
1,77,1675451962.7974787,49.96071542986436,-0.0005237942684752005,False,True,False,False,100000,False,True,False,4.063552137451913,-0.01420753347417135,9.778514238098364,0.0029113009114534487,True,Cruise
1,78,1675451962.8976371,49.96071542986436,-0.0005237942684752005,False,True,False,False,100000,False,True,False,4.0634131833026705,-0.014579379465281662,9.778539815331346,0.0002865119244105761,True,Cruise
1,79,1675451962.9975011,49.53510408917194,-0.006198612144374123,False,True,False,False,100000,False,True,False,4.062842493496317,-0.012796132319917693,9.778362104566785,0.0016797569262669316,True,Cruise
1,80,1675451963.097408,49.53510408917194,-0.006198612144374123,False,True,False,False,100000,False,True,False,4.0624522665680765,-0.009959005006020037,9.77817083539537,0.0028702181705790755,True,Cruise
1,81,1675451963.1974282,49.53510408917194,-0.006198612144374123,False,True,False,False,100000,False,True,False,4.0624522665680765,-0.009959005006020037,9.77817083539537,0.0028702181705790755,True,Cruise
1,82,1675451963.297536,49.53510408917194,-0.006198612144374123,False,True,False,False,100000,False,True,False,4.060211897094385,-0.0536503680773157,9.776930728644139,0.02357096776064916,True,Cruise
1,83,1675451963.3972318,49.53510408917194,-0.006198612144374123,False,True,False,False,100000,False,True,False,4.0589623369260535,-0.06013302430324934,9.776120565731276,0.0009059959763965242,True,Cruise
1,84,1675451963.4972196,49.90451663023354,0.0012731115968862142,False,True,False,False,100000,False,True,False,4.058385765066889,-0.061198284072619964,9.775692516812391,0.0012846942679009816,True,Cruise
1,85,1675451963.597263,49.90451663023354,0.0012731115968862142,False,True,False,False,100000,False,True,False,4.057317219372197,-0.06928376156894367,9.774833487379354,0.004933343300562304,True,Cruise
1,86,1675451963.697248,49.90451663023354,0.0012731115968862142,False,True,False,False,100000,False,True,False,4.057317219372197,-0.06928376156894367,9.774833487379354,0.004933343300562304,True,Cruise
1,87,1675451963.7972405,49.77723193878876,0.0029702408161499327,False,True,False,False,100000,False,True,False,4.056491553104762,-0.0006391020012905216,9.773221062517987,0.061415641464553625,True,Cruise
1,88,1675451963.8972518,49.923907173543604,0.001014571019418625,False,True,False,False,100000,False,True,False,4.055781035826905,0.00023019830733335541,9.772637435329747,0.0004649894472853678,True,Cruise
1,89,1675451963.9972484,47.2986306052932,0.0360182585960907,False,True,False,False,100000,False,True,False,4.055781035826905,0.00023019830733335541,9.772637435329747,0.0009876318910470978,True,Cruise
1,90,1675451964.0972376,49.00641536777594,0.013247795096320743,False,True,False,False,100000,False,True,False,4.055444364031477,-0.0006675425812231929,9.772400517303016,0.0009876318910470978,True,Cruise
1,91,1675451964.1972215,49.00641536777594,0.013247795096320743,False,True,False,False,100000,False,True,False,4.055184449687285,0.025895071247010366,9.77219460568839,0.026564683481028313,True,Cruise
1,92,1675451964.2972367,49.00641536777594,0.013247795096320743,False,True,False,False,100000,False,True,False,4.054991725420507,-0.07534449346346477,9.772029226304133,0.1012398832266722,True,Cruise
1,93,1675451964.3972526,49.00641536777594,0.013247795096320743,False,True,False,False,100000,False,True,False,4.053427113139996,0.2763620952545432,9.771888740324322,0.35171009694854777,True,Cruise
1,94,1675451964.4972503,49.3838912632989,0.00821478315601462,False,True,False,False,100000,False,True,False,4.053427113139996,0.2763620952545432,9.771888740324322,0.35171009694854777,True,Cruise
1,95,1675451964.5972598,49.3838912632989,0.00821478315601462,False,True,False,False,100000,False,True,False,4.052587849544027,0.2322233975311428,9.771789026690106,0.024460758487956983,True,Cruise
1,96,1675451964.697153,49.3838912632989,0.00821478315601462,False,True,False,False,100000,False,True,False,4.053080869401182,0.2077128985605991,9.771751159795297,0.006460389359766259,True,Cruise
1,97,1675451964.7972293,49.3838912632989,0.00821478315601462,False,True,False,False,100000,False,True,False,4.05403489741033,0.21571074630278161,9.771888481519458,0.007516190645533497,True,Cruise
1,98,1675451964.897297,49.3838912632989,0.00821478315601462,False,True,False,False,100000,False,True,False,4.05403489741033,0.21571074630278161,9.771888481519458,0.007516190645533497,True,Cruise
1,99,1675451964.9973438,48.03558300510819,0.026192226598557466,False,True,False,False,100000,False,True,False,4.05403489741033,0.21571074630278161,9.771888481519458,0.007516190645533497,True,Cruise
1,100,1675451965.09727,48.03558300510819,0.026192226598557466,False,True,False,False,100000,False,True,False,4.051808776417381,0.30052262835791294,9.772848321415664,0.1518942947082929,True,Cruise
1,101,1675451965.1974194,48.03558300510819,0.026192226598557466,False,True,False,False,100000,False,True,False,4.051808776417381,0.30052262835791294,9.772848321415664,0.1518942947082929,True,Cruise
1,102,1675451965.2973735,48.03558300510819,0.026192226598557466,False,True,False,False,100000,False,True,False,4.047613365848777,0.4082243691474916,9.773445032432914,0.001120412436901989,True,Cruise
1,103,1675451965.397252,48.41920217778515,0.02107730429619796,False,True,False,False,100000,False,True,False,4.046105622364914,0.4102843174924823,9.773699094128185,0.00169842686468623,True,Cruise
1,104,1675451965.4972553,48.409121120351024,0.021211718395319712,False,True,False,False,100000,False,True,False,4.046017674202417,0.4508673458401917,9.773783547883845,0.04058321151889189,True,Cruise
1,105,1675451965.5972595,48.409121120351024,0.021211718395319712,False,True,False,False,100000,False,True,False,4.046017674202417,0.4508673458401917,9.773783547883845,0.03086377012969069,True,Cruise
1,106,1675451965.6972253,48.409121120351024,0.021211718395319712,False,True,False,False,100000,False,True,False,4.049653015048512,0.4334783309934794,9.77347489035382,0.01650205036295389,True,Cruise
1,107,1675451965.7972732,48.409121120351024,0.021211718395319712,False,True,False,False,100000,False,True,False,4.049653015048512,0.4334783309934794,9.77347489035382,0.01650205036295389,True,Cruise
1,108,1675451965.8972573,49.369460092738535,0.008407198763486222,False,True,False,False,100000,False,True,False,4.0509890208168855,0.43591662534378944,9.77341479871483,0.002985618500345102,True,Cruise
1,109,1675451965.9972463,49.369460092738535,0.008407198763486222,False,True,False,False,100000,False,True,False,4.0511589453426184,0.4363637405173879,9.773427707383874,0.09467395024453469,True,Cruise
1,110,1675451966.097265,49.369460092738535,0.008407198763486222,False,True,False,False,100000,False,True,False,4.056525116790228,0.341843144249373,9.772960866898892,0.09467395024453469,True,Cruise
1,111,1675451966.1972797,49.369460092738535,0.008407198763486222,False,True,False,False,100000,False,True,False,4.059988274949655,0.2591843444707609,9.772743918371285,0.09467395024453469,True,Cruise
1,112,1675451966.2972488,49.369460092738535,0.008407198763486222,False,True,False,False,100000,False,True,False,4.061474248059812,0.167212033159858,9.77311021512597,0.017945039780751945,True,Cruise
1,113,1675451966.3972628,49.442102003846934,0.007438639948707538,False,True,False,False,100000,False,True,False,4.061040954918394,0.14226107258364348,9.773265723791058,0.017945039780751945,True,Cruise
1,114,1675451966.497239,49.442102003846934,0.007438639948707538,False,True,False,False,100000,False,True,False,4.060738309671748,0.11733313872479405,9.773401512073768,0.02493014077525859,True,Cruise
1,115,1675451966.5972388,49.442102003846934,0.007438639948707538,False,True,False,False,100000,False,True,False,4.060822432775252,0.0544733717831655,9.773664906118876,0.024153822993469305,True,Cruise
1,116,1675451966.6972265,49.442102003846934,0.007438639948707538,False,True,False,False,100000,False,True,False,4.061118495420183,0.029632069778363614,9.77378128538364,0.008494437979011117,True,Cruise
1,117,1675451966.7973537,49.442102003846934,0.007438639948707538,False,True,False,False,100000,False,True,False,4.061018162865274,0.025558364738383493,9.773893684015901,0.0004624609179165309,True,Cruise
1,118,1675451966.8972645,48.31121238457277,0.02251716820569644,False,True,False,False,100000,False,True,False,4.060868118533455,0.02752811480875775,9.773941441706937,0.0019760337644644087,True,Cruise
1,119,1675451966.9973686,48.31121238457277,0.02251716820569644,False,True,False,False,100000,False,True,False,4.0606761410715855,0.03160719479706658,9.773980859264617,0.004083785332352931,True,Cruise
1,120,1675451967.097418,48.31121238457277,0.02251716820569644,False,True,False,False,100000,False,True,False,4.060087014077694,0.0020425220341421324,9.774038291490234,0.16043822578583755,True,Cruise
1,121,1675451967.1972554,48.31121238457277,0.02251716820569644,False,True,False,False,100000,False,True,False,4.051313199337552,0.3111582514310193,9.774662161784214,0.04359306740106388,True,Cruise
1,122,1675451967.297287,48.31121238457277,0.02251716820569644,False,True,False,False,100000,False,True,False,4.051313199337552,0.3111582514310193,9.774662161784214,0.04359306740106388,True,Cruise
1,123,1675451967.3973753,49.935886325762425,0.0008548489898343517,False,True,False,False,100000,False,True,False,4.049579242522911,0.360503856703831,9.774488772321611,0.025302060785930943,True,Cruise
1,124,1675451967.4972608,49.935886325762425,0.0008548489898343517,False,True,False,False,100000,False,True,False,4.049327596143727,0.490854503450097,9.774134963939195,0.09852459466686474,True,Cruise
1,125,1675451967.5973525,49.935886325762425,0.0008548489898343517,False,True,False,False,100000,False,True,False,4.063921854571219,0.1831416352541678,9.772607047219415,0.30806255235246677,True,Cruise
1,126,1675451967.6972315,49.935886325762425,0.0008548489898343517,False,True,False,False,100000,False,True,False,4.063921854571219,0.1831416352541678,9.772607047219415,0.30806255235246677,True,Cruise
1,127,1675451967.7973585,49.935886325762425,0.0008548489898343517,False,True,False,False,100000,False,True,False,4.062921182229162,0.1894054059703987,9.772737256239383,0.0010657571010473698,True,Cruise
1,128,1675451967.8973067,49.2291735993604,0.010277685341861367,False,True,False,False,100000,False,True,False,4.0603599762718,0.14729627910355841,9.773003068520666,0.027015545485739728,True,Cruise
1,129,1675451967.9972236,49.2291735993604,0.010277685341861367,False,True,False,False,100000,False,True,False,4.0587210802329,0.052683304623244116,9.773173226923562,0.061482123481195756,True,Cruise
1,130,1675451968.0972278,49.2291735993604,0.010277685341861367,False,True,False,False,100000,False,True,False,4.0587210802329,0.052683304623244116,9.773173226923562,0.061482123481195756,True,Cruise
1,131,1675451968.197288,49.2291735993604,0.010277685341861367,False,True,False,False,100000,False,True,False,4.054993410690354,0.14902924146595595,9.773542280432526,0.012567465866126898,True,Cruise
1,132,1675451968.2974,49.2291735993604,0.010277685341861367,False,True,False,False,100000,False,True,False,4.054979952667592,0.12888214314527421,9.773510216998943,0.007581222265970628,True,Cruise
1,133,1675451968.3973143,48.32083204210796,0.022388906105227202,False,True,False,False,100000,False,True,False,4.055364947772196,0.1378750704064699,9.773445126350643,0.0009457301332600484,True,Cruise
1,134,1675451968.4973092,48.32083204210796,0.022388906105227202,False,True,False,False,100000,False,True,False,4.055497122433419,0.1504630066234324,9.773420717844916,0.012588653784997718,True,Cruise
1,135,1675451968.5973356,48.32083204210796,0.022388906105227202,False,True,False,False,100000,False,True,False,4.05556859577928,0.16531554675209642,9.773403522083807,0.0148527220537834,True,Cruise
1,136,1675451968.6973615,48.32083204210796,0.022388906105227202,False,True,False,False,100000,False,True,False,4.048330029937294,0.43621703742729345,9.773898649575457,0.04407534780138338,True,Cruise
1,137,1675451968.7972832,48.32083204210796,0.022388906105227202,False,True,False,False,100000,False,True,False,4.047078186998293,0.4889613731756884,9.77376907151602,0.02662925403350461,True,Cruise
1,138,1675451968.8972287,48.731737414701605,0.016910167803978627,False,True,False,False,100000,False,True,False,4.047078186998293,0.4889613731756884,9.77376907151602,0.03179253836832805,True,Cruise
1,139,1675451968.9972913,48.71459451093985,0.017138739854135415,False,True,False,False,100000,False,True,False,4.047014105814131,0.5559662386435097,9.773516820385597,0.03521293962652772,True,Cruise
1,140,1675451969.097265,48.71459451093985,0.017138739854135415,False,True,False,False,100000,False,True,False,4.047116463375094,0.606992659898305,9.773382097649357,0.051026701768366045,True,Cruise
1,141,1675451969.1971927,48.71459451093985,0.017138739854135415,False,True,False,False,100000,False,True,False,4.052025106376529,0.5820614247092322,9.772718523527786,0.02541852857234705,True,Cruise
1,142,1675451969.2973237,48.71459451093985,0.017138739854135415,False,True,False,False,100000,False,True,False,4.0523379825641594,0.5956705726269956,9.772661421045655,0.013612863741689957,True,Cruise
1,143,1675451969.397408,48.71459451093985,0.017138739854135415,False,True,False,False,100000,False,True,False,4.052242379825773,0.6044993929174177,9.77263702368811,0.0049131974033096056,True,Cruise
1,144,1675451969.4972641,48.70920375514082,0.017210616598122404,False,True,False,False,100000,False,True,False,4.0521162106535025,0.5908501966572149,9.77263898534713,0.0087369879121861,True,Cruise
1,145,1675451969.5971823,48.70920375514082,0.017210616598122404,False,True,False,False,100000,False,True,False,4.052420019665834,0.556447222621632,9.77264128609241,0.023499264067145254,True,Cruise
1,146,1675451969.697461,48.70920375514082,0.017210616598122404,False,True,False,False,100000,False,True,False,4.052420019665834,0.556447222621632,9.77264128609241,0.023499264067145254,True,Cruise
1,147,1675451969.797352,48.70920375514082,0.017210616598122404,False,True,False,False,100000,False,True,False,4.052794622026988,0.5338451195598898,9.772656244700661,0.023499264067145254,True,Cruise
1,148,1675451969.897393,48.70920375514082,0.017210616598122404,False,True,False,False,100000,False,True,False,4.0534081530126365,0.5062177360996468,9.772712674938443,0.009282717259483002,True,Cruise
1,149,1675451969.9972777,49.40723900418051,0.007903479944259894,False,True,False,False,100000,False,True,False,4.053593673558611,0.49973434639011705,9.77274097940151,0.004967993371390261,True,Cruise
1,150,1675451970.0972626,49.40723900418051,0.007903479944259894,False,True,False,False,100000,False,True,False,4.053764426924235,0.49476939221880506,9.772773096423125,0.004967993371390261,True,Cruise
1,151,1675451970.197245,49.40723900418051,0.007903479944259894,False,True,False,False,100000,False,True,False,4.061326161642311,0.33664310747278536,9.772301300404678,0.07153634367373739,True,Cruise
1,152,1675451970.2972314,49.40723900418051,0.007903479944259894,False,True,False,False,100000,False,True,False,4.062654208634721,0.3121450461172156,9.7723375950652,0.024534058700053926,True,Cruise
1,153,1675451970.3974664,49.40723900418051,0.007903479944259894,False,True,False,False,100000,False,True,False,4.062548823063494,0.2922949249509556,9.772675156392255,0.015104839689315626,True,Cruise
1,154,1675451970.4975348,49.398736644728366,0.008016844736955112,False,True,False,False,100000,False,True,False,4.061984344362084,0.27720206183853413,9.772882590490914,0.01847688733603135,True,Cruise
1,155,1675451970.5973728,49.398736644728366,0.008016844736955112,False,True,False,False,100000,False,True,False,4.060978396421546,0.23961361215374927,9.773256023338886,0.019127092173676318,True,Cruise
1,156,1675451970.6972332,48.26464545089026,0.023138060654796552,False,True,False,False,100000,False,True,False,4.060978396421546,0.23961361215374927,9.773256023338886,0.019127092173676318,True,Cruise
1,157,1675451970.7974327,47.177632651140556,0.03763156465145924,False,True,False,False,100000,False,True,False,4.060065019187275,0.189379985112339,9.773754540573169,0.007361192423144424,True,Cruise
1,158,1675451970.897515,49.85746205057179,0.001900505992376086,False,True,False,False,100000,False,True,False,4.065419054894164,-0.18972758770691245,9.77328165566387,0.4429932035164144,True,Cruise
1,159,1675451970.9973137,47.9378556066492,-0.02749525857801068,False,True,False,False,100000,False,True,False,4.065419054894164,-0.18972758770691245,9.77328165566387,0.4429932035164144,True,Cruise
1,160,1675451971.0972292,46.918693800795225,-0.04108408265606364,False,True,False,False,100000,False,True,False,4.065364295971141,-0.04175533232203906,9.773429376455768,0.497476901677211,True,Cruise
1,161,1675451971.1974068,48.55581840105671,-0.0192557546525772,False,True,False,False,100000,False,True,False,4.066743877599411,-0.25796203835337966,9.773424781619061,0.2162111074841071,True,Cruise
1,162,1675451971.2972617,45.915033523590154,-0.054466219685464605,False,True,False,False,100000,False,True,False,4.066743877599411,-0.25796203835337966,9.773424781619061,0.2817475460943079,True,Cruise
1,163,1675451971.397546,48.21784130203338,-0.0237621159728883,False,True,False,False,100000,False,True,False,4.062490974428324,-0.5396770939268867,9.773893831720214,0.2817475460943079,True,Cruise
1,164,1675451971.4973638,46.783135919683495,-0.042891521070886736,False,True,False,False,100000,False,True,False,4.049824637893378,-0.8527032729697014,9.774845457930825,0.13764008717602252,True,Cruise
1,165,1675451971.5972264,46.15663292364907,-0.05124489435134569,False,True,False,False,100000,False,True,False,4.03986119112047,-1.0813898452014665,9.774669187886607,0.18782395099540983,True,Cruise
1,166,1675451971.6974175,46.15663292364907,-0.05124489435134569,False,True,False,False,100000,False,True,False,4.043071544656007,-0.8935941818082711,9.774104379589373,0.2636283353212299,True,Cruise
1,167,1675451971.7976134,46.15663292364907,-0.05124489435134569,False,True,False,False,100000,False,True,False,4.035839293632266,-1.157123188481785,9.774341805458908,0.2636283353212299,True,Cruise
1,168,1675451971.8974075,45.87528009456474,-0.05499626540580355,False,True,False,False,100000,False,True,False,4.00329328221672,-1.8608285569541998,9.773998865930047,0.6244416659323428,True,Cruise
1,169,1675451971.9974794,45.648741439482095,-0.05801678080690545,False,True,False,False,100000,False,True,False,4.00329328221672,-1.8608285569541998,9.773998865930047,0.08004943087440267,True,Cruise
1,170,1675451972.0973635,45.648741439482095,-0.05801678080690545,False,True,False,False,100000,False,True,False,3.98837126382546,-2.1528318158720814,9.771803101310002,0.07756746726358847,True,Cruise
1,171,1675451972.1972768,46.30101315204867,-0.04931982463935109,False,True,False,False,100000,False,True,False,3.937659216046914,-2.3220251382915316,9.774003971163427,0.12075639603326262,True,Cruise
1,172,1675451972.2972453,46.30101315204867,-0.04931982463935109,False,True,False,False,100000,False,True,False,3.937659216046914,-2.3220251382915316,9.774003971163427,0.12075639603326262,True,Cruise
1,173,1675451972.3973951,46.68732171972273,-0.044169043737030234,False,True,False,False,100000,False,True,False,3.8587963943043535,-2.411055211579399,9.77618241876283,0.11895563978553221,True,Cruise
1,174,1675451972.4972756,47.582994565050505,-0.032226739132659894,False,True,False,False,100000,False,True,False,3.89426710820989,-2.3540341425628326,9.770537776453047,0.06739017616511954,True,Cruise
1,175,1675451972.5974886,47.582994565050505,-0.032226739132659894,False,True,False,False,100000,False,True,False,3.886322908608679,-2.24326869665231,9.768256834278679,0.18239981967682925,True,Cruise
1,176,1675451972.6974685,47.033881436317145,-0.03954824751577141,False,True,False,False,100000,False,True,False,4.064537411578365,-2.2088030694859984,9.750329043186623,0.18239981967682925,True,Cruise
1,177,1675451972.7974164,47.033881436317145,-0.03954824751577141,False,True,False,False,100000,False,True,False,3.936195592513384,-1.9548083116659316,9.762791782218931,0.15943483471811035,True,Cruise
1,178,1675451972.8972535,46.69430580118362,-0.04407592265088511,False,True,False,False,100000,False,True,False,3.936195592513384,-1.9548083116659316,9.762791782218931,0.6420743627593543,True,Cruise
1,179,1675451972.9972541,47.30571437935975,-0.03592380827520338,False,True,False,False,100000,False,True,False,4.5704010833144215,-1.8614540468321579,9.726351914107324,0.17072197876205664,True,Cruise
1,180,1675451973.0975466,47.30571437935975,-0.03592380827520338,False,True,False,False,100000,False,True,False,4.30537656868624,-1.8003258289099326,9.75833226536988,0.10353564324027227,True,Cruise
1,181,1675451973.19728,48.382119994985146,-0.021571733400198082,False,True,False,False,100000,False,True,False,4.108392917330753,-1.6599622112912744,9.781885322806477,0.13122691443588164,True,Cruise
1,182,1675451973.297352,48.382119994985146,-0.021571733400198082,False,True,False,False,100000,False,True,False,4.105485948045438,-1.6112369578236918,9.782966511940653,0.04882386471644572,True,Cruise
1,183,1675451973.3972826,48.383135876498585,-0.021558188313352246,False,True,False,True,100000,False,True,False,4.105485948045438,-1.6112369578236918,9.782966511940653,0.35354468136788475,True,Cruise
1,184,1675451973.4972398,48.383135876498585,-0.021558188313352246,False,True,False,True,100000,False,True,False,4.1841146553631425,-1.2288495168501814,9.777681258083563,0.35354468136788475,True,Cruise
1,185,1675451973.597261,48.62043933721842,-0.018394142170421002,False,True,False,True,100000,False,True,False,4.165885867146724,-1.1888318581982575,9.779864440541886,0.027647886299116242,True,Cruise
1,186,1675451973.6972308,48.9423852282442,-0.014101530290077375,False,True,False,True,100000,False,True,False,4.093427042164955,-1.0700558913995666,9.784143106087596,0.04496459703672539,True,Cruise
1,187,1675451973.7972164,48.9423852282442,-0.014101530290077375,False,True,False,True,100000,False,True,False,4.10159281915943,-0.9928833571603156,9.781794828677748,0.07763887146027729,True,Cruise
1,188,1675451973.8973458,49.53768947905085,-0.006164140279322076,False,True,False,True,100000,False,True,False,4.10159281915943,-0.9928833571603156,9.781794828677748,0.07763887146027729,True,Cruise
1,189,1675451973.9972692,49.53768947905085,-0.006164140279322076,False,True,False,True,100000,False,True,False,3.550212193847733,-0.3944608742272932,9.844297175269066,0.6030830761675436,True,Cruise
1,190,1675451974.0974936,49.59143149030003,0.005447580129332916,False,True,False,True,100000,False,True,False,3.5956923221943935,-0.1796388712324412,9.834426825277758,0.13586631565191865,True,Cruise
1,191,1675451974.1974883,49.59143149030003,0.005447580129332916,False,True,False,True,100000,False,True,False,3.5956923221943935,-0.1796388712324412,9.834426825277758,0.13586631565191865,True,Cruise
1,192,1675451974.2974248,49.48205828495496,0.00690588953393389,False,True,False,True,100000,False,True,False,3.8696370259464903,-0.02292500723244329,9.793480243181076,0.10753596595129586,True,Cruise
1,193,1675451974.3972843,49.217250105026004,0.010436665266319915,False,True,False,True,100000,False,True,False,4.025378700196832,0.005430585516641714,9.767204473955251,0.05390491371688771,True,Cruise
1,194,1675451974.4971817,49.217250105026004,0.010436665266319915,False,True,False,True,100000,False,True,False,3.9959970813784893,0.09109174536443314,9.75721505910261,0.08824973482458234,True,Cruise
1,195,1675451974.597253,48.40636394766276,0.021248480697829877,False,True,False,True,100000,False,True,False,3.9959970813784893,0.09109174536443314,9.75721505910261,0.08824973482458234,True,Cruise
1,196,1675451974.6974142,48.40636394766276,0.021248480697829877,False,True,False,True,100000,False,True,False,3.9565124329887214,0.2098685958400161,9.753672552662707,0.011356648679318387,True,Cruise
1,197,1675451974.7973092,48.49324544235561,0.020090060768591843,False,True,False,True,100000,False,True,False,3.952824015038838,0.39811214142970536,9.752037994205713,0.13931260454210748,True,Cruise
1,198,1675451974.897238,48.85234563756065,0.015302058165857979,False,True,False,True,100000,False,True,False,3.951569270126836,0.5374092738928269,9.750383821583824,0.13931260454210748,True,Cruise
1,199,1675451974.9973135,48.85234563756065,0.015302058165857979,False,True,False,True,100000,False,True,False,3.951569270126836,0.5374092738928269,9.750383821583824,0.13931260454210748,True,Cruise
1,200,1675451975.0972776,48.239317965460984,0.023475760460520224,False,True,False,True,100000,False,True,False,3.9740186393709833,0.7768892259971512,9.747567817247946,0.043327286296882525,True,Cruise
1,201,1675451975.1974094,48.239317965460984,0.023475760460520224,False,True,False,True,100000,False,True,False,3.7458528516382095,0.868810947563557,9.770732040771184,0.24707450463146458,True,Cruise
1,202,1675451975.297592,48.38615125422031,0.02151798327706253,False,True,False,True,100000,False,True,False,3.276640771773831,1.1097798264075318,9.813694436836837,0.5292180495199308,True,Cruise
1,203,1675451975.397306,48.38615125422031,0.02151798327706253,False,True,False,True,100000,False,True,False,2.584673332552806,1.5185131485243408,9.83273946396441,0.27430560053887804,True,Cruise
1,204,1675451975.497319,48.48736085136473,0.020168521981803682,False,True,False,True,100000,False,True,False,2.584673332552806,1.5185131485243408,9.83273946396441,0.5681395741486722,True,Cruise
1,205,1675451975.597392,48.08522061357418,0.025530391819010935,False,True,False,True,100000,False,True,False,1.4551035231545086,1.3393929540638112,9.91943395967884,0.2569993307921864,True,Cruise
1,206,1675451975.6974685,48.08522061357418,0.025530391819010935,False,True,False,True,100000,False,True,False,0.35783965553277286,1.3918405516698389,9.999620404982672,1.3540316782259973,True,Cruise
1,207,1675451975.7975283,49.080940146354806,0.012254131381935887,False,True,False,True,100000,False,True,False,-0.9181864985607718,1.4686283694989737,10.088202918511556,1.2814000064776097,True,Cruise
1,208,1675451975.8973122,49.080940146354806,0.012254131381935887,False,True,False,True,100000,False,True,False,-1.4140580657860917,1.5633056572666657,10.051496551951342,0.22315760440713078,True,Cruise
1,209,1675451975.997335,49.08379368349457,0.012216084220072415,False,True,False,True,100000,False,True,False,-1.4140580657860917,1.5633056572666657,10.051496551951342,0.22315760440713078,True,Cruise
1,210,1675451976.097328,49.69593519028525,0.0040541974628633785,False,True,False,True,100000,False,True,False,2.2190954523440154,1.3044977504710604,9.610103688176142,0.759291681919616,True,Cruise
1,211,1675451976.197379,49.69593519028525,0.0040541974628633785,False,True,False,True,100000,False,True,False,2.8522539568578535,1.252431185062132,9.544922542413179,0.20625097283274182,True,Cruise
1,212,1675451976.2972734,49.833250492023126,0.0022233267730249542,False,True,False,True,100000,False,True,False,2.93623117464733,1.0676600318060414,9.540741723681096,0.20300254044843236,True,Cruise
1,213,1675451976.3972578,49.833250492023126,0.0022233267730249542,False,True,False,True,100000,False,True,False,3.0115825578253355,0.8139612149002283,9.552508288970122,0.10639443754537564,True,Cruise
1,214,1675451976.4972754,49.833250492023126,0.0022233267730249542,False,True,False,True,100000,False,True,False,3.1703622407759267,0.5972569056112256,9.570257335038624,0.26923367920573354,True,Cruise
1,215,1675451976.5972664,49.833250492023126,0.0022233267730249542,False,True,False,True,100000,False,True,False,3.2901777320654007,0.5049022600307258,9.58005151481945,0.26923367920573354,True,Cruise
1,216,1675451976.6972198,49.619260315173925,0.005076529131014339,False,True,False,True,100000,False,True,False,2.9887730367488463,0.33021919567194113,9.633569927839847,0.35245309455991736,True,Cruise
1,217,1675451976.7973425,49.79995071413887,-0.0026673238114816736,False,True,False,True,100000,False,True,False,1.5849299309673621,0.30247929174358773,9.82320308506907,0.5710511895120366,True,Cruise
1,218,1675451976.8974702,49.69259159067868,-0.004098778790950886,False,True,False,True,100000,False,True,False,0.7457098865793342,0.10735427095259979,9.917403484005838,0.21925789566705733,True,Cruise
1,219,1675451976.997319,49.69259159067868,-0.004098778790950886,False,True,False,True,100000,False,True,False,0.7457098865793342,0.10735427095259979,9.917403484005838,0.21925789566705733,True,Cruise
1,220,1675451977.0972674,49.760642361646624,-0.003191435178044997,False,False,False,True,100000,False,True,False,0.7457098865793342,0.10735427095259979,9.917403484005838,0.5912094503562804,True,Cruise
1,221,1675451977.197223,49.760642361646624,-0.003191435178044997,False,False,False,True,100000,False,True,False,0.18556465010135612,-0.07673512049025531,9.960728121336166,0.20467797115670547,True,Cruise
1,222,1675451977.2972403,49.811482954850206,-0.0025135606019972222,False,False,False,True,100000,False,True,False,0.9302469011862867,-0.23309709922925015,9.86834265843943,0.4609840978197238,True,Cruise
1,223,1675451977.397234,49.91422922660333,0.0011436103119555334,False,False,False,True,100000,False,True,False,1.467991424122173,-0.29772811641406965,9.797754608263116,0.45350850818955857,True,Cruise
1,224,1675451977.4972913,49.91422922660333,0.0011436103119555334,False,False,False,True,100000,False,True,False,1.467991424122173,-0.29772811641406965,9.797754608263116,0.45350850818955857,True,Cruise
1,225,1675451977.5972948,49.62127842836351,-0.005049620955153219,False,False,False,True,100000,False,True,False,0.47519075397961913,-0.32540029601765674,9.871517433996777,0.9959216207210946,True,Cruise
1,226,1675451977.6972992,49.62127842836351,-0.005049620955153219,False,False,False,True,100000,False,True,False,0.23443722325205515,-0.3107913902049928,9.881510227621225,1.1457711272155209,True,Cruise
1,227,1675451977.7972748,49.670697109750904,-0.004390705203321276,False,False,False,True,100000,False,True,False,-1.3692114129243929,-0.4019631328027912,9.959097239991085,0.2787339588620481,True,Cruise
1,228,1675451977.8971813,49.536918743098,-0.00617441675869332,False,False,False,True,100000,False,True,False,-1.5494630373602538,-0.23612815057270325,9.933933623680455,0.5566410733676381,True,Cruise
1,229,1675451977.9972584,49.779865732361664,0.0029351235685111656,False,False,False,True,100000,False,True,False,-1.5494630373602538,-0.23612815057270325,9.933933623680455,0.5566410733676381,True,Cruise
1,230,1675451978.0973365,49.779865732361664,0.0029351235685111656,False,False,False,True,100000,False,True,False,-1.5494630373602538,-0.23612815057270325,9.933933623680455,0.8209763816933469,True,Cruise
1,231,1675451978.197244,48.991148308020286,-0.013451355893062811,False,False,False,True,100000,False,True,False,0.3241120890559631,-0.23276312714748593,9.664559914378195,1.0738279150135348,True,Cruise
1,232,1675451978.297291,48.991148308020286,-0.013451355893062811,False,False,False,True,100000,False,True,False,0.8277521278850543,-0.031488256242181656,9.616970471247866,1.2143517834396864,True,Cruise
1,233,1675451978.3972476,49.00114000386422,-0.013318133281810411,False,False,False,True,100000,False,True,False,-1.6117272420982924,-0.2751460958385565,9.832484732949641,0.969711596688711,True,Cruise
1,234,1675451978.4973595,49.00114000386422,-0.013318133281810411,False,False,False,True,100000,False,True,False,-3.1842425838884525,-0.496909467290569,9.93395656379466,0.6238762696489256,True,Cruise
1,235,1675451978.5972536,49.00114000386422,-0.013318133281810411,False,False,False,True,100000,False,True,False,-3.1842425838884525,-0.496909467290569,9.93395656379466,0.6238762696489256,True,Cruise
1,236,1675451978.6972024,49.243977663752474,-0.010080297816633667,False,False,False,True,100000,False,True,False,-2.2012011885811575,-0.5290990736955652,9.775569567341094,0.9962394271929833,True,Cruise
1,237,1675451978.7974925,49.50973450335074,-0.006536873288656738,False,False,False,True,100000,False,True,False,-1.0730661707523739,-0.41790165805923557,9.654045370629063,0.485200345888695,True,Cruise
1,238,1675451978.8973365,49.13373808891927,-0.011550158814409704,False,False,False,True,100000,False,True,False,1.2889900020682863,-0.4979676426584023,9.449165144197632,1.2959455497532348,True,Cruise
1,239,1675451978.9972117,49.13373808891927,-0.011550158814409704,False,False,False,True,100000,False,True,False,2.0960049509983967,-0.4989230563929224,9.43476662494024,0.06560011306468642,True,Cruise
1,240,1675451979.0973508,49.13373808891927,-0.011550158814409704,False,False,False,True,100000,False,True,False,2.0960049509983967,-0.4989230563929224,9.43476662494024,0.06560011306468642,True,Cruise
1,241,1675451979.1974852,48.91577606313681,-0.014456319158175815,False,False,False,True,100000,False,True,False,-1.7353085914786952,-0.8228417267809597,9.854694068575549,0.2532007155135306,True,Cruise
1,242,1675451979.2972822,49.6419865745393,0.004773512339475979,False,False,False,True,100000,False,True,False,-1.0000429684843357,-0.7598182721259054,9.80721855540834,0.5240992243287762,True,Cruise
1,243,1675451979.3973799,49.47085189209795,-0.007055308105360708,False,False,False,True,100000,False,True,False,-1.5187405496353001,-0.7264432336491525,9.874441490905378,0.4592495527540117,True,Cruise
1,244,1675451979.497349,49.47085189209795,-0.007055308105360708,False,False,False,True,100000,False,True,False,1.6436111746110043,-0.38076518129556586,9.617810291078307,1.2767651972375524,True,Cruise
1,245,1675451979.5973136,49.47085189209795,-0.007055308105360708,False,False,False,True,100000,False,True,False,1.6436111746110043,-0.38076518129556586,9.617810291078307,1.2767651972375524,True,Cruise
1,246,1675451979.697229,49.62841039215633,-0.004954528104582174,False,False,False,True,100000,False,True,False,2.4832127817937173,-0.6894866772452966,9.612004888860966,0.8945800822397845,True,Cruise
1,247,1675451979.7972407,49.89267715122042,-0.001430971317061084,False,False,False,True,100000,False,True,False,1.8670588328830486,-0.4263480981025817,9.763296877847129,0.37826701131455515,True,Cruise
1,248,1675451979.8972044,49.89267715122042,-0.001430971317061084,False,False,False,True,100000,False,True,False,1.017526955055169,-0.31402292313263264,9.889659668990562,0.3772256152437228,True,Cruise
1,249,1675451979.997419,49.681133399163095,-0.0042515546778253985,False,False,False,True,100000,False,True,False,1.017526955055169,-0.31402292313263264,9.889659668990562,0.3772256152437228,True,Cruise
1,250,1675451980.0973985,49.681133399163095,-0.0042515546778253985,False,False,False,True,100000,False,True,False,2.428348269760897,-0.2780745450061296,9.79658655464153,0.6497801381454252,True,Cruise
1,251,1675451980.1973395,49.86177880397056,0.0018429492803925746,False,False,False,True,100000,False,True,False,2.428348269760897,-0.2780745450061296,9.79658655464153,0.6497801381454252,True,Cruise
1,252,1675451980.2972107,49.81465226851928,0.002471303086409569,False,False,False,True,100000,False,True,False,0.24052894653337475,-0.10351049778009043,10.02814375926543,0.16467431640202143,True,Cruise
1,253,1675451980.3972836,49.81465226851928,0.002471303086409569,False,False,False,True,100000,False,True,False,1.3420652984395007,-0.07537017258892222,9.917413707196697,0.06015857253073787,True,Cruise
1,254,1675451980.49726,49.72568107815638,0.003657585624581695,False,False,False,True,100000,False,True,False,1.1026146815262163,-0.024568301121757403,9.943077001319852,0.18896652466142727,True,Cruise
1,255,1675451980.5972693,49.72568107815638,0.003657585624581695,False,False,False,True,100000,False,True,False,0.061615198266688154,0.0420589969373725,10.022928658544936,0.8227005587603778,True,Cruise
1,256,1675451980.697222,49.728350787504475,0.0036219894999402753,False,False,False,True,100000,False,True,False,0.061615198266688154,0.0420589969373725,10.022928658544936,0.8227005587603778,True,Cruise
1,257,1675451980.7972035,49.728350787504475,0.0036219894999402753,False,False,False,True,100000,False,True,False,0.019501958179113398,0.14432338396416006,9.962558158752458,0.1260005043237206,True,Cruise
1,258,1675451980.89723,49.620955010654924,0.005053933191267655,False,False,False,True,100000,False,True,False,0.05917940883478637,0.23948269162625072,9.892753180472663,0.040170344104652936,True,Cruise
1,259,1675451980.9972076,49.6575320485313,0.004566239352915995,False,False,False,True,100000,False,True,False,0.015079637973160871,0.26451784207350765,9.874439590390208,0.05391600995690291,True,Cruise
1,260,1675451981.097461,49.6575320485313,0.004566239352915995,False,False,False,True,100000,False,True,False,-0.7794539418024736,0.3068342276723436,9.928329477729774,0.7974825426545117,True,Cruise
1,261,1675451981.1973336,49.6575320485313,0.004566239352915995,False,False,False,True,100000,False,True,False,-0.5215962088569618,0.3210914939639931,9.8698484684807,0.26479031048114293,True,Cruise
1,262,1675451981.297263,49.62034269174388,0.005062097443414928,False,False,False,True,100000,False,True,False,-0.2997763257899035,0.3431556430462306,9.786629778372278,0.23794166844411313,True,Cruise
1,263,1675451981.3973024,49.79111798952408,0.0027850934730122906,False,False,False,True,100000,False,True,False,-0.5441250440702953,0.36409078444017906,9.776151180692787,0.03918964832779855,True,Cruise
1,264,1675451981.4972377,49.79111798952408,0.0027850934730122906,False,False,False,True,100000,False,True,False,-0.5326675179282399,0.33185451257849563,9.757036359029474,0.03918964832779855,True,Cruise
1,265,1675451981.5972397,49.466682616426006,0.007110898447653242,False,False,False,True,100000,False,True,False,0.6787631387583412,0.33277072048958994,9.63332704601361,0.17267320665165015,True,Cruise
1,266,1675451981.6972299,49.466682616426006,0.007110898447653242,False,True,False,True,100000,False,True,False,0.48076488999388584,0.3274896395982723,9.652397279566951,0.19898459773799268,True,Cruise
1,267,1675451981.797249,49.50565631075333,0.006591249189955602,False,True,False,True,100000,False,True,False,-1.9138950480613097,0.40042804239569657,9.849009866184883,0.19898459773799268,True,Cruise
1,268,1675451981.897303,49.71850994013972,0.0037532007981370447,False,True,False,True,100000,False,True,False,-0.7538631320521526,0.3145536226104245,9.724434868937378,0.43003042201908986,True,Cruise
1,269,1675451981.997401,49.71850994013972,0.0037532007981370447,False,True,False,True,100000,False,True,False,1.1814211127598837,0.20841052746983868,9.563290211439245,0.6032302174732501,True,Cruise
1,270,1675451982.0973344,49.39631741744155,0.008049101100779296,False,True,False,True,100000,False,True,False,1.1814211127598837,0.20841052746983868,9.563290211439245,0.6032302174732501,True,Cruise
1,271,1675451982.1972308,49.39631741744155,0.008049101100779296,False,True,True,True,100000,False,True,False,0.6535614072909139,0.39269585038301835,9.663337256723947,0.34530964370460676,True,Cruise
1,272,1675451982.2972584,49.44883453024772,0.007348872930030319,False,True,True,True,100000,False,True,False,0.6535614072909139,0.39269585038301835,9.663337256723947,2.676228317466128,True,Cruise
1,273,1675451982.3972874,49.58187964850856,0.005574938019885877,False,True,True,True,100000,False,True,False,-2.0084864351228657,0.3558753053685945,9.935997373669135,2.676228317466128,True,Cruise
1,274,1675451982.497253,49.58187964850856,0.005574938019885877,False,True,True,True,100000,False,True,False,-0.9594436322788688,0.2623891346213097,9.824470908068209,0.974491756614298,True,Cruise
1,275,1675451982.597265,49.38699292207402,0.008173427705679701,False,True,True,True,100000,False,True,False,0.8079628553823882,0.23164985663093424,9.687282284090971,0.29839029274579254,True,Cruise
1,276,1675451982.6975396,49.38699292207402,0.008173427705679701,False,True,True,True,100000,False,True,False,-0.4955855795308181,0.289143153910542,9.838498124756951,1.2376204446217292,True,Cruise
1,277,1675451982.7973356,49.80949543340545,0.0025400608879273087,False,True,True,True,100000,False,True,False,-0.8457543623793942,0.32982171599402527,9.866575584584984,0.35364002268582073,True,Cruise
1,278,1675451982.897305,49.80949543340545,0.0025400608879273087,False,True,True,True,100000,False,True,False,0.7238636997112998,0.34000888665813483,9.724449515326668,0.2730269945852084,True,Cruise
1,279,1675451982.9973383,49.80949543340545,0.0025400608879273087,False,True,True,True,100000,False,True,False,2.3889650733047385,0.19241527713139034,9.611365942307746,0.5350490463171372,True,Cruise
1,280,1675451983.0972755,49.80949543340545,0.0025400608879273087,False,True,True,True,100000,False,True,False,2.1399161380999736,0.21481194775113124,9.660416699009742,0.6419251901560008,True,Cruise
1,281,1675451983.1973593,49.80949543340545,0.0025400608879273087,False,True,True,True,100000,False,True,False,1.5103291520075475,0.31167424766002727,9.739826217055327,0.6419251901560008,True,Cruise
1,282,1675451983.297552,49.80949543340545,0.0025400608879273087,False,True,True,True,100000,False,True,False,0.3918344287440683,0.329280833131038,9.880405618488618,0.5549682580316982,True,Cruise
1,283,1675451983.3976436,49.80949543340545,0.0025400608879273087,False,True,True,True,100000,False,True,False,0.35600141529700197,0.4922296709905414,9.942567431037668,0.20212217097008756,True,Cruise
1,284,1675451983.4972699,49.98975752958629,-0.00013656627218276606,False,True,True,True,100000,False,True,False,0.41565293728782515,0.3264110584705396,9.933369764921071,0.08456457653707253,True,Cruise
1,285,1675451983.5972922,49.98975752958629,-0.00013656627218276606,False,True,True,True,100000,False,True,False,0.41565293728782515,0.3264110584705396,9.933369764921071,0.08456457653707253,True,Cruise
1,286,1675451983.69763,49.98975752958629,-0.00013656627218276606,False,True,True,True,100000,False,True,False,1.6378767728552106,0.17714305971600117,9.820949230882754,0.1685666914007544,True,Cruise
1,287,1675451983.7975569,29.407707782542033,-0.00013656627218276606,True,True,True,False,15.60513852169469,False,False,False,1.2815544708043898,0.4270835542817662,9.842184901608675,0.43576001132935016,True,Keep distance
1,288,1675451983.8973653,29.407707782542033,-0.00013656627218276606,True,True,True,False,15.60513852169469,False,False,False,0.5001591567416346,0.13368613991063144,9.901717271271364,0.8367823986177974,True,Keep distance
1,289,1675451983.9973233,29.407707782542033,-0.00013656627218276606,True,True,True,False,15.60513852169469,False,False,False,-1.5789296497135974,0.0057629097204233105,10.067682172802435,0.980930340723044,True,Keep distance
1,290,1675451984.0974329,29.407707782542033,0.008630936812440699,True,True,True,False,15.60513852169469,False,False,False,-2.2959264450420953,-0.04999609265434632,10.104901727002769,0.47906329530988456,True,Keep distance
1,291,1675451984.1974034,29.407707782542033,0.008630936812440699,True,True,True,False,15.60513852169469,False,False,False,-3.07373653669728,-0.163956102961314,10.102834364556285,0.22048709087809557,True,Keep distance
1,292,1675451984.2973113,29.407707782542033,0.008630936812440699,True,True,True,False,15.60513852169469,False,False,False,-3.2707882921429823,-0.06803678638172356,10.07865487683307,0.22048709087809557,True,Keep distance
1,293,1675451984.3972392,29.407707782542033,0.008630936812440699,True,True,True,False,15.60513852169469,False,False,False,-3.6893111470299327,0.021379009168385928,9.97923596962512,0.43936395353625135,True,Keep distance
1,294,1675451984.4973085,29.407707782542033,0.008630936812440699,True,True,True,False,15.60513852169469,False,False,False,-3.832956182001917,0.04399361748659014,9.945008548049952,0.14938819554828522,True,Keep distance
1,295,1675451984.597275,29.407707782542033,0.008630936812440699,True,True,True,False,15.60513852169469,False,False,False,-4.125548011849271,0.13086917713114588,9.878101869331733,0.15107384753197514,True,Keep distance
1,296,1675451984.6972396,29.407707782542033,0.004598478667059341,True,True,True,False,15.60513852169469,False,False,False,-4.385781402175595,0.24310595069969382,9.81310882983185,0.13977781326058342,True,Keep distance
1,297,1675451984.7973056,29.407707782542033,0.004598478667059341,True,True,True,False,15.60513852169469,False,False,False,-4.492831154350426,0.3114094939552685,9.781606991845585,0.13083344090281995,True,Keep distance
1,298,1675451984.8972583,29.407707782542033,0.004598478667059341,True,True,True,False,15.60513852169469,False,False,False,-4.492831154350426,0.3114094939552685,9.781606991845585,0.22987889643436088,True,Keep distance
1,299,1675451984.9973266,29.407707782542033,0.004598478667059341,True,True,True,False,15.60513852169469,False,False,False,-4.7579165293819115,0.6509096335938174,9.645115012359222,0.028587710007049467,True,Keep distance
1,300,1675451985.0973399,29.407707782542033,0.004598478667059341,True,True,True,False,15.60513852169469,False,False,False,-4.779737635070813,0.6156460554045354,9.609838253045924,0.029814478063545702,True,Keep distance
1,301,1675451985.1974316,29.407707782542033,0.006996342717544378,True,True,True,False,15.60513852169469,False,False,False,-4.769489420763827,0.5800771765073073,9.596909752256346,0.03920863648679566,True,Keep distance
1,302,1675451985.2973845,29.407707782542033,0.006996342717544378,True,True,True,False,15.60513852169469,False,False,False,-4.713868942454048,0.4896037672863715,9.580587745733927,0.05818477994294777,True,Keep distance
1,303,1675451985.397427,27.00790230868227,0.006996342717544378,True,True,True,False,14.005268205788179,False,False,False,-4.713868942454048,0.4896037672863715,9.580587745733927,0.17623539855120438,True,Keep distance
1,304,1675451985.4976509,27.00790230868227,0.006996342717544378,True,True,True,False,14.005268205788179,False,False,False,-4.566356720670071,0.3931725552630432,9.580302308230129,0.17623539855120438,True,Keep distance
1,305,1675451985.5979948,27.00790230868227,0.006996342717544378,True,True,True,False,14.005268205788179,False,False,False,-4.441706656795556,0.31986660880900775,9.59514635330297,0.07434126636031607,True,Keep distance
1,306,1675451985.6974251,27.00790230868227,0.006996342717544378,True,True,True,False,14.005268205788179,False,False,False,-4.308524726896977,0.26249952866056464,9.620242043967828,0.0712379194990429,True,Keep distance
1,307,1675451985.7972777,27.00790230868227,0.006804677561236252,True,True,True,False,14.005268205788179,False,False,False,-4.176417444782874,0.22888552877026014,9.65344541481704,0.06915939862658436,True,Keep distance
1,308,1675451985.897351,27.00790230868227,0.006804677561236252,True,True,True,False,14.005268205788179,False,False,False,-4.053249659179094,0.21313381659634992,9.692231560486952,0.13008760487792914,True,Keep distance
1,309,1675451985.9973247,27.00790230868227,0.006804677561236252,True,True,True,False,14.005268205788179,False,False,False,-3.944932771851356,0.204906902177179,9.733895701914903,0.056126675821810204,True,Keep distance
1,310,1675451986.0973678,27.00790230868227,0.006804677561236252,True,True,True,False,14.005268205788179,False,False,False,-3.8977382869039787,0.2060235671709893,9.75497036299333,0.0470510254198672,True,Keep distance
1,311,1675451986.1974118,27.00790230868227,0.006804677561236252,True,True,True,False,14.005268205788179,False,False,False,-3.8189522772577154,0.21415609019133586,9.796013619783091,0.0372217585826937,True,Keep distance
1,312,1675451986.2979789,27.00790230868227,0.006804677561236252,True,True,True,False,14.005268205788179,False,False,False,-3.787703123542554,0.21990274901596094,9.815402421097971,0.0372217585826937,True,Keep distance
1,313,1675451986.3974621,27.00790230868227,0.0057120998707256366,True,True,True,False,12.67349393416253,False,False,False,-3.761946785779004,0.2262858224805295,9.833690794151941,0.04987841587517139,True,Keep distance
1,314,1675451986.4972901,25.010240901243794,0.0057120998707256366,True,True,True,False,12.67349393416253,False,False,False,-3.716601928655336,0.2501780161374545,9.879884005093265,0.01986142558262101,True,Keep distance
1,315,1675451986.597385,25.010240901243794,0.0057120998707256366,True,True,True,False,12.67349393416253,False,False,False,-3.71031930151443,0.2382439390108171,9.901935344582478,0.010816772003231388,True,Keep distance
1,316,1675451986.6973772,25.010240901243794,0.0057120998707256366,True,True,True,False,12.67349393416253,False,False,False,-3.7136244510546885,0.24016657116378248,9.910095729677401,0.009011792983448548,True,Keep distance
1,317,1675451986.7974129,25.010240901243794,0.0057120998707256366,True,True,True,False,12.67349393416253,False,False,False,-3.7310269789474897,0.2449798125570664,9.920565569197707,0.013394417759528045,True,Keep distance
1,318,1675451986.8973353,25.010240901243794,0.007615902544848876,True,True,True,False,12.67349393416253,False,False,False,-3.7442116021426552,0.24510464604961774,9.92292365208798,0.013394417759528045,True,Keep distance
1,319,1675451986.9973812,25.010240901243794,0.007615902544848876,True,True,True,False,12.67349393416253,False,False,False,-3.7962307457121884,0.2324745904779823,9.91938359686866,0.0536473819715944,True,Keep distance
1,320,1675451987.0974844,25.010240901243794,0.007615902544848876,True,True,True,False,12.67349393416253,False,False,False,-3.8166339386566053,0.25410826898374,9.915086636911285,0.0300461344084869,True,Keep distance
1,321,1675451987.1973636,25.010240901243794,0.007615902544848876,True,True,True,False,12.67349393416253,False,False,False,-3.8587129969250724,0.2694489848420412,9.902600338800106,0.022308048817232664,True,Keep distance
1,322,1675451987.297355,25.010240901243794,0.007615902544848876,True,True,True,False,12.67349393416253,False,False,False,-3.9002221683295057,0.26809940904895935,9.886097801275634,0.022294754298702223,True,Keep distance
1,323,1675451987.3974993,25.010240901243794,0.007615902544848876,True,True,True,False,12.67349393416253,False,False,False,-3.9200786180684815,0.26920046663044717,9.876799828730766,0.02195320517553956,True,Keep distance
1,324,1675451987.497344,23.22221665084291,0.006925154098168036,True,True,True,False,11.481477767228606,False,False,False,-3.9733772206376607,0.27654474786970157,9.846896143786289,0.06155412151925441,True,Keep distance
1,325,1675451987.5974267,23.22221665084291,0.006925154098168036,True,True,True,False,11.481477767228606,False,False,False,-3.9884712010099324,0.28081998689740906,9.836828234233037,0.06155412151925441,True,Keep distance
1,326,1675451987.697325,23.22221665084291,0.006925154098168036,True,True,True,False,11.481477767228606,False,False,False,-4.013683273834092,0.26844949326148665,9.8174473635509,0.01597427802202914,True,Keep distance
1,327,1675451987.7972934,23.22221665084291,0.006925154098168036,True,True,True,False,11.481477767228606,False,False,False,-4.023879945492144,0.266685083121286,9.808417755911755,0.012071040693132352,True,Keep distance
1,328,1675451987.8976514,23.22221665084291,0.006925154098168036,True,True,False,False,11.481477767228606,False,False,False,-4.03932007542762,0.2636031036058306,9.7922193957133,0.010548527227107253,True,Keep distance
1,329,1675451987.9976351,23.22221665084291,0.00812173760791272,True,True,False,False,11.481477767228606,False,False,False,-4.03932007542762,0.2636031036058306,9.7922193957133,0.024024206880377676,True,Keep distance
1,330,1675451988.097524,23.22221665084291,0.00812173760791272,True,True,False,False,11.481477767228606,False,False,False,-4.050453701934109,0.2530771625136286,9.773715086994283,0.024024206880377676,True,Keep distance
1,331,1675451988.1974158,23.22221665084291,0.00812173760791272,True,True,False,False,11.481477767228606,False,False,False,-4.0494092686786285,0.2614195882820788,9.763151173492622,0.006488052292810857,True,Keep distance
1,332,1675451988.2973044,23.22221665084291,0.00812173760791272,True,True,False,False,11.481477767228606,False,False,False,-4.043061738941272,0.2583934583694215,9.760490764073571,0.0032638063417311375,True,Keep distance
1,333,1675451988.397401,23.22221665084291,0.00812173760791272,True,True,False,False,11.481477767228606,False,False,False,-4.038566605017055,0.2564758465064613,9.760389019279918,0.004888130139087482,True,Keep distance
1,334,1675451988.4976082,21.69035206413589,0.00812173760791272,True,True,False,False,10.460234709423927,False,False,False,-4.038566605017055,0.2564758465064613,9.760389019279918,0.004888130139087482,True,Keep distance
1,335,1675451988.5973763,21.69035206413589,0.012795382374975517,True,True,False,False,10.460234709423927,False,False,False,-4.021622096301888,0.25582198221936303,9.76438366892674,0.017421284106091398,True,Keep distance
1,336,1675451988.6973298,21.69035206413589,0.012795382374975517,True,True,False,False,10.460234709423927,False,False,False,-4.002228945841809,0.2415099762291089,9.773386764982996,0.007173224894927913,True,Keep distance
1,337,1675451988.7973397,21.69035206413589,0.012795382374975517,True,True,False,False,10.460234709423927,False,False,False,-3.996829346533692,0.2985039645441198,9.777241203216587,0.05737880332349552,True,Keep distance
1,338,1675451988.8973658,21.69035206413589,0.012795382374975517,True,True,False,False,10.460234709423927,False,False,False,-3.996829346533692,0.2985039645441198,9.777241203216587,0.05737880332349552,True,Keep distance
1,339,1675451988.9973388,21.69035206413589,0.012795382374975517,True,True,False,False,10.460234709423927,False,False,False,-3.9856488953188323,0.3480497547577414,9.78544849446165,0.014165269825251587,True,Keep distance
1,340,1675451989.097359,21.69035206413589,0.012795382374975517,True,True,False,False,10.460234709423927,False,False,False,-3.9648034872098896,0.3752707062788559,9.802103415519403,0.011477028691933207,True,Keep distance
1,341,1675451989.1975467,21.69035206413589,0.013065895456953722,True,True,False,False,10.460234709423927,False,False,False,-3.9648034872098896,0.3752707062788559,9.802103415519403,0.011477028691933207,True,Keep distance
1,342,1675451989.29758,21.69035206413589,0.013065895456953722,True,True,False,False,10.460234709423927,False,False,False,-3.9569580102790396,0.39345514274289867,9.809651644438684,0.009703368874830658,True,Keep distance
1,343,1675451989.3974283,21.69035206413589,0.013065895456953722,True,True,False,False,10.460234709423927,False,False,False,-3.9493164105392062,0.4161679020115093,9.818979626715246,0.0055587422688328355,True,Keep distance
1,344,1675451989.4974282,20.32000490694484,0.013065895456953722,True,True,False,False,9.546669937963227,False,False,False,-3.9493164105392062,0.4161679020115093,9.818979626715246,0.0055587422688328355,True,Keep distance
1,345,1675451989.597685,20.32000490694484,0.013065895456953722,True,True,False,False,9.546669937963227,False,False,False,-3.9493164105392062,0.4161679020115093,9.818979626715246,0.0055587422688328355,True,Keep distance
1,346,1675451989.6977234,20.32000490694484,0.013065895456953722,True,True,False,False,9.546669937963227,False,False,False,-3.9457089624574744,0.4154060297699057,9.82658235758585,0.0026371338004407946,True,Keep distance
1,347,1675451989.797294,20.32000490694484,0.00957992104506297,True,True,False,False,9.546669937963227,False,False,False,-3.9463469218447846,0.407489939183239,9.828205753527339,0.0054774230928939715,True,Keep distance
1,348,1675451989.8973243,20.32000490694484,0.00957992104506297,True,True,False,False,9.546669937963227,False,False,False,-3.948263809450501,0.40705114122807107,9.828482663122575,0.005089938551366961,True,Keep distance
1,349,1675451989.9973419,20.32000490694484,0.00957992104506297,True,True,False,False,9.546669937963227,False,False,False,-3.9484492669010085,0.3596812317321013,9.828059495558694,0.04737216261592281,True,Keep distance
1,350,1675451990.097516,20.32000490694484,0.00957992104506297,True,True,False,False,9.546669937963227,False,False,False,-3.952265234832396,0.29845679422792903,9.825589568993244,0.06139294663228333,True,Keep distance
1,351,1675451990.197399,20.32000490694484,0.00957992104506297,True,True,False,False,9.546669937963227,False,False,False,-3.9542512179378275,0.2869252832616102,9.824415134578592,0.011760066762383253,True,Keep distance
1,352,1675451990.2973099,20.32000490694484,0.00957992104506297,True,True,False,False,9.546669937963227,False,False,False,-3.956351454124955,0.27362860733403366,9.823097617980215,0.013525843143838109,True,Keep distance
1,353,1675451990.397355,20.32000490694484,0.008012348846298202,True,True,False,False,9.546669937963227,False,False,False,-3.9625590970587594,0.23131430704131262,9.818556032045462,0.013731635003593872,True,Keep distance
1,354,1675451990.4973025,20.32000490694484,0.008012348846298202,True,True,False,False,9.546669937963227,False,False,False,-3.964474222144463,0.2242832701336386,9.816943648486674,0.007463441889076023,True,Keep distance
1,355,1675451990.5973282,20.32000490694484,0.008012348846298202,True,True,False,False,9.546669937963227,False,False,False,-3.964474222144463,0.2242832701336386,9.816943648486674,0.059545369547580614,True,Keep distance
1,356,1675451990.6974607,20.32000490694484,0.008012348846298202,True,True,False,False,9.546669937963227,False,False,False,-3.9701237836573102,0.15816666484565733,9.810677367048967,0.059545369547580614,True,Keep distance
1,357,1675451990.7974215,20.32000490694484,0.008012348846298202,True,True,False,False,9.546669937963227,False,False,False,-3.9714644703224486,0.1525327165424614,9.809308721267085,0.007210044380522709,True,Keep distance
1,358,1675451990.8974285,20.32000490694484,0.007835075242259128,True,True,False,False,9.546669937963227,False,False,False,-3.973751630138791,0.14281364528279633,9.806893688465278,0.005435922927932747,True,Keep distance
1,359,1675451990.9973905,20.32000490694484,0.007835075242259128,True,True,False,False,9.546669937963227,False,False,False,-3.975395920627736,0.13701422151211526,9.804967540775879,0.002387358266029674,True,Keep distance
1,360,1675451991.0973463,19.185011199699748,0.007835075242259128,True,True,False,False,8.790007466466498,False,False,False,-3.975395920627736,0.13701422151211526,9.804967540775879,0.005528316263905249,True,Keep distance
1,361,1675451991.1973317,19.185011199699748,0.007835075242259128,True,True,False,False,8.790007466466498,False,False,False,-3.9765937578763118,0.13172296010426476,9.803077605770573,0.0005593581677164495,True,Keep distance
1,362,1675451991.2973285,19.185011199699748,0.007835075242259128,True,True,False,False,8.790007466466498,False,False,False,-3.976757579900435,0.13422356442222505,9.802494832968351,0.0010480565650111365,True,Keep distance
1,363,1675451991.3972795,19.185011199699748,0.006854722805448443,True,True,False,False,8.790007466466498,False,False,False,-3.976194062426315,0.14025984345492104,9.802528815471335,0.0020485435958589792,True,Keep distance
1,364,1675451991.497296,19.185011199699748,0.006854722805448443,True,True,False,False,8.790007466466498,False,False,False,-3.976194062426315,0.14025984345492104,9.802528815471335,0.005342132810662727,True,Keep distance
1,365,1675451991.59752,19.185011199699748,0.006854722805448443,True,True,False,False,8.790007466466498,False,False,False,-3.9758292823262638,0.1455849914682371,9.802748171532665,0.005342132810662727,True,Keep distance
1,366,1675451991.6974444,19.185011199699748,0.006854722805448443,True,True,False,False,8.790007466466498,False,False,False,-3.9733835863559386,0.13278292468260633,9.804357279123177,0.0011139407825631914,True,Keep distance
1,367,1675451991.7976017,19.185011199699748,0.006854722805448443,True,True,False,False,8.790007466466498,False,False,False,-3.972803997667062,0.1332496527960612,9.804903901301483,0.0009233385002142096,True,Keep distance
1,368,1675451991.8973362,19.185011199699748,0.006489470245942399,True,True,False,False,8.790007466466498,False,False,False,-3.971638972517784,0.13201016714933242,9.806075923134994,0.0012607823271087808,True,Keep distance
1,369,1675451991.9975665,19.185011199699748,0.006489470245942399,True,True,False,False,8.790007466466498,False,False,False,-3.9704828104497416,0.13029213603181566,9.80727790664437,0.0009085933641242046,True,Keep distance
1,370,1675451992.0973165,18.39650838410636,0.006489470245942399,True,True,False,False,8.264338922737574,False,False,False,-3.9704828104497416,0.13029213603181566,9.80727790664437,0.0009085933641242046,True,Keep distance
1,371,1675451992.1973615,18.39650838410636,0.006489470245942399,True,True,False,False,8.264338922737574,False,False,False,-3.9704828104497416,0.13029213603181566,9.80727790664437,0.012066665892160393,True,Keep distance
1,372,1675451992.2976882,18.39650838410636,0.006489470245942399,True,True,False,False,8.264338922737574,False,False,False,-3.968767719425785,0.11846793623625654,9.808966452683798,0.0019039336067203884,True,Keep distance
1,373,1675451992.3973107,18.39650838410636,0.006329604873546436,True,True,False,False,8.264338922737574,False,False,False,-3.9672156101250944,0.11121862690918802,9.81076301811706,0.0019613041892093844,True,Keep distance
1,374,1675451992.4976187,18.39650838410636,0.006329604873546436,True,True,False,False,8.264338922737574,False,False,False,-3.966950553509801,0.109866806014549,9.81109853945485,0.0014178326095157362,True,Keep distance
1,375,1675451992.5973306,18.39650838410636,0.006329604873546436,True,True,False,False,8.264338922737574,False,False,False,-3.966708473575311,0.10646347457177234,9.811381484283322,0.003423642122073181,True,Keep distance
1,376,1675451992.6973622,18.39650838410636,0.006329604873546436,True,True,False,False,8.264338922737574,False,False,False,-3.966708473575311,0.10646347457177234,9.811381484283322,0.003423642122073181,True,Keep distance
1,377,1675451992.7974114,18.39650838410636,0.006329604873546436,True,True,False,False,8.264338922737574,False,False,False,-3.9662960764350057,0.09823945310055808,9.812065633978177,0.001247916516257925,True,Keep distance
1,378,1675451992.8972857,18.39650838410636,0.006329604873546436,True,True,False,False,8.264338922737574,False,False,False,-3.9663475022396466,0.09712714402621092,9.812065917058554,0.001030276887923112,True,Keep distance
1,379,1675451992.997296,18.39650838410636,-0.02047763571192282,True,True,False,False,8.264338922737574,False,False,False,-3.966550035782181,0.09517520156284838,9.811951882186506,0.001030276887923112,True,Keep distance
1,380,1675451993.0975878,18.39650838410636,-0.02047763571192282,True,True,False,False,7.863175792251424,False,False,False,-3.9666934250662353,0.09434966733863946,9.811845039134434,0.0008446790395752525,True,Keep distance
1,381,1675451993.1972988,17.794763688377135,-0.02047763571192282,True,True,False,False,7.863175792251424,False,False,False,-3.9666934250662353,0.09434966733863946,9.811845039134434,0.3499724965412056,True,Keep distance
1,382,1675451993.297301,17.794763688377135,-0.02047763571192282,True,True,False,False,7.863175792251424,False,False,False,-3.96356593242556,-0.2556080378511673,9.811088928460693,0.3499724965412056,True,Keep distance
1,383,1675451993.3974,17.794763688377135,-0.02047763571192282,True,True,False,False,7.863175792251424,False,False,False,-3.9665165583396997,-0.32649357704657644,9.810947899129685,0.016936139325636233,True,Keep distance
1,384,1675451993.4976075,17.794763688377135,-0.02047763571192282,True,True,False,False,7.863175792251424,False,False,False,-3.9685410581106932,-0.34338850666019133,9.810879441598999,0.027047987199707788,True,Keep distance
1,385,1675451993.5975416,17.794763688377135,-0.027403627340324612,True,True,False,False,7.863175792251424,False,False,False,-3.9730093514688476,-0.4403707873883639,9.810429259614853,0.035682258258496094,True,Keep distance
1,386,1675451993.6973696,17.794763688377135,-0.027403627340324612,True,True,False,False,7.863175792251424,False,False,False,-3.9730093514688476,-0.4403707873883639,9.810429259614853,0.035682258258496094,True,Keep distance
1,387,1675451993.7974458,17.794763688377135,-0.027403627340324612,True,True,False,False,7.863175792251424,False,False,False,-3.976626254939443,-0.561070064185808,9.809893046073539,0.12075464767495915,True,Keep distance
1,388,1675451993.897324,17.794763688377135,-0.027403627340324612,True,True,False,False,7.863175792251424,False,False,False,-3.9798017757801896,-0.6292270901614142,9.809561079724816,0.016674229821830505,True,Keep distance
1,389,1675451993.9973266,17.794763688377135,-0.027403627340324612,True,True,False,False,7.863175792251424,False,False,False,-3.981324535200212,-0.6192841586775144,9.808847101534164,0.006610442573828897,True,Keep distance
1,390,1675451994.097454,17.794763688377135,-0.027403627340324612,True,True,False,False,7.863175792251424,False,False,False,-3.981324535200212,-0.6192841586775144,9.808847101534164,0.006610442573828897,True,Keep distance
1,391,1675451994.197353,17.37845375846613,-0.027403627340324612,True,True,False,False,7.585635838977419,False,False,False,-3.9814103628901485,-0.6106243307939455,9.808612636614354,0.00866342652557397,True,Keep distance
1,392,1675451994.2973738,17.37845375846613,-0.029380587726768,True,True,False,False,7.585635838977419,False,False,False,-3.9812414045396793,-0.5667320178658206,9.808035404747736,0.026921776504441775,True,Keep distance
1,393,1675451994.3973756,17.37845375846613,-0.029380587726768,True,True,False,False,7.585635838977419,False,False,False,-3.9817366173152178,-0.5355916907758906,9.807861356247468,0.004270828785597907,True,Keep distance
1,394,1675451994.4973145,17.37845375846613,-0.029380587726768,True,True,False,False,7.585635838977419,False,False,False,-3.982121079361319,-0.5225126311006058,9.807815547860152,0.013084789316718254,True,Keep distance
1,395,1675451994.597308,17.37845375846613,-0.029380587726768,True,True,False,False,7.585635838977419,False,False,False,-3.981473015112334,-0.45269470191492117,9.80767273511483,0.02400920688620437,True,Keep distance
1,396,1675451994.697342,17.37845375846613,-0.029380587726768,True,True,False,False,7.585635838977419,False,False,False,-3.981473015112334,-0.45269470191492117,9.80767273511483,0.02400920688620437,True,Keep distance
1,397,1675451994.7976372,17.37845375846613,-0.029380587726768,True,True,False,False,7.585635838977419,False,False,False,-3.981473015112334,-0.45269470191492117,9.80767273511483,0.02400920688620437,True,Keep distance
1,398,1675451994.898036,17.37845375846613,-0.029380587726768,True,True,False,False,7.585635838977419,False,False,False,-3.979036716372701,-0.3714708927605688,9.807726369177901,0.01680002714446069,True,Keep distance
1,399,1675451994.997337,17.37845375846613,-0.027375098090186942,True,True,False,False,7.585635838977419,False,False,False,-3.9777496291752663,-0.3392567004460685,9.807884128608348,0.014044972105408851,True,Keep distance
1,400,1675451995.0973184,17.37845375846613,-0.027375098090186942,True,True,False,False,7.585635838977419,False,False,False,-3.976466329109955,-0.31902322790339355,9.808106506476058,0.006237661430144867,True,Keep distance
1,401,1675451995.1973,17.37845375846613,-0.027375098090186942,True,True,False,False,7.585635838977419,False,False,False,-3.9748263521492775,-0.28981094166161037,9.808134987437809,0.029258298020708767,True,Keep distance
1,402,1675451995.2974052,17.37845375846613,-0.027375098090186942,True,True,False,False,7.585635838977419,False,False,False,-3.9718040036849613,-0.2496493538802397,9.808519005672572,0.04027698093657376,True,Keep distance
1,403,1675451995.3973966,17.37845375846613,-0.027375098090186942,True,True,False,False,7.585635838977419,False,False,False,-3.9708583356027214,-0.23627058955454613,9.808884031652244,0.006522500488959921,True,Keep distance
1,404,1675451995.4976294,17.37845375846613,-0.027375098090186942,True,True,False,False,7.585635838977419,False,False,False,-3.9704732028517284,-0.23015951568427856,9.80906595143437,0.005490475936812037,True,Keep distance
1,405,1675451995.597316,17.37845375846613,-0.026803646280518952,True,True,False,False,7.585635838977419,False,False,False,-3.9697444349443813,-0.22002351057809036,9.809403860113802,0.004677439583247307,True,Keep distance
1,406,1675451995.6972973,17.37845375846613,-0.026803646280518952,True,True,False,False,7.501083919273116,False,False,False,-3.9694005829639645,-0.21622640507197782,9.809555989907727,0.003815676595727992,True,Keep distance
1,407,1675451995.7973146,17.251625878909675,-0.026803646280518952,True,True,False,False,7.501083919273116,False,False,False,-3.9694005829639645,-0.21622640507197782,9.809555989907727,0.013050867532676045,True,Keep distance
1,408,1675451995.897427,17.251625878909675,-0.026803646280518952,True,True,False,False,7.501083919273116,False,False,False,-3.9680951830917435,-0.20324547737292123,9.809897443566264,0.013050867532676045,True,Keep distance
1,409,1675451995.9973242,17.251625878909675,-0.026803646280518952,True,True,False,False,7.501083919273116,False,False,False,-3.9677977525326735,-0.20109470122090498,9.809995127018391,0.00119422042179648,True,Keep distance
1,410,1675451996.0972395,17.251625878909675,-0.026803646280518952,True,True,False,False,7.501083919273116,False,False,False,-3.9674702727985673,-0.19789206816063246,9.810233474576663,0.0009821762086411627,True,Keep distance
1,411,1675451996.1972528,17.251625878909675,-0.03763942050628112,True,True,False,False,7.501083919273116,False,False,False,-3.967489683308245,-0.1954424598575869,9.81032299195748,0.001274266749004228,True,Keep distance
1,412,1675451996.2972822,17.251625878909675,-0.03763942050628112,True,True,False,False,7.501083919273116,False,False,False,-3.967489683308245,-0.1954424598575869,9.81032299195748,0.001274266749004228,True,Keep distance
1,413,1675451996.3972683,17.251625878909675,-0.03763942050628112,True,True,False,False,7.501083919273116,False,False,False,-3.9676916801834414,-0.15652009476805576,9.81034140067842,0.0389228935946616,True,Keep distance
1,414,1675451996.497274,17.251625878909675,-0.03763942050628112,True,True,False,False,7.501083919273116,False,False,False,-3.9781184236513263,-0.3059168458378722,9.811033144612283,0.04883243743188125,True,Keep distance
1,415,1675451996.5972178,17.251625878909675,-0.03763942050628112,True,True,False,False,7.501083919273116,False,False,False,-3.9788885348979885,-0.3056024501951866,9.810915674395329,0.0008400685711575942,True,Keep distance
1,416,1675451996.6972346,17.251625878909675,-0.03763942050628112,True,True,False,False,7.501083919273116,False,False,False,-3.978898236232223,-0.30460276237630934,9.810715372332341,0.0010196032402530755,True,Keep distance
1,417,1675451996.797223,17.326313709345683,-0.03362717017794543,True,True,False,False,7.5508758062304535,False,False,False,-3.9785566256784093,-0.3062150567942256,9.810478548000454,0.0016650155628986974,True,Keep distance
1,418,1675451996.8972208,17.326313709345683,-0.03362717017794543,True,True,False,False,7.5508758062304535,False,False,False,-3.9773096956039287,-0.32923507394813434,9.809592515195044,0.013294303881950263,True,Keep distance
1,419,1675451996.9972436,17.326313709345683,-0.03362717017794543,True,True,False,False,7.5508758062304535,False,False,False,-3.975166750692235,-0.2952928332262412,9.809213747000463,0.03401193001672678,True,Keep distance
1,420,1675451997.0972373,17.326313709345683,-0.03362717017794543,True,True,False,False,7.5508758062304535,False,False,False,-3.2754176999716704,-0.375301412231688,9.746097688760182,0.48117715855039195,True,Keep distance
1,421,1675451997.1972616,17.326313709345683,-0.03362717017794543,True,True,False,False,7.5508758062304535,False,False,False,-1.976031706271586,-0.2190009806175296,9.645219063097015,0.533498155988774,True,Keep distance
1,422,1675451997.2973652,17.326313709345683,-0.03362717017794543,True,True,False,False,7.5508758062304535,False,False,False,-0.9493433495291926,-0.14217329782023053,9.59553413371012,1.0307570358346236,True,Keep distance
1,423,1675451997.3973024,17.326313709345683,-0.01690923137159318,True,True,False,False,7.5508758062304535,False,False,False,-0.6793400162286464,-0.14703968589213842,9.59881116566339,0.2700670669753997,True,Keep distance
