repetition,iteration,time,speed,steering,obstacle_North,obstacle_NorthWest,obstacle_SouthWest,obstacle_West,obstacle_distance,follow_enable,steady_motion_enable,passing_start,accel_x,accel_y,accel_z,accel_diff,success,action
1,1,1675451025.817673,0.0,0.0,False,True,False,True,100000,False,True,False,0.04406724271141719,4.819056130644235e-13,9.798672476131406,0.0008976794286130231,True,Cruise
1,2,1675451025.8178263,0.0,0.0,False,True,False,True,100000,False,True,False,0.04406724271141719,4.819056130644235e-13,9.798672476131406,0.0008976794286130231,True,Cruise
1,3,1675451025.917974,0.0,0.0,False,True,False,True,100000,False,True,False,0.043032206570605615,-5.300673366231078e-13,9.800433844984235,0.0020429684404080486,True,Cruise
1,4,1675451026.0180557,48.9773825169738,-0.01363489977368269,False,True,False,True,100000,False,True,False,0.042197456149457434,1.464476197969048e-13,9.80250101311757,0.001102247354591429,True,Cruise
1,5,1675451026.117985,48.9773825169738,-0.01363489977368269,False,True,False,True,100000,False,True,False,2.6115766752918868,-0.02794969882666985,9.594273228550357,0.9127043129200295,True,Cruise
1,6,1675451026.2181556,48.9773825169738,-0.01363489977368269,False,True,False,True,100000,False,True,False,3.057103046121587,-0.02358819944850291,9.576232830102546,0.4459128006210017,True,Cruise
1,7,1675451026.3179996,49.553592188134985,-0.005952104158200234,False,True,False,True,100000,False,True,False,3.328334416704364,-0.016273767187349384,9.577741491965236,0.2713341728719965,True,Cruise
1,8,1675451026.4180005,49.553592188134985,-0.005952104158200234,False,True,False,True,100000,False,True,False,3.6943482872280042,-0.007859684888406446,9.636195337035625,0.3707476260209128,True,Cruise
1,9,1675451026.5180895,49.553592188134985,-0.005952104158200234,False,True,False,True,100000,False,True,False,3.789955198382206,-0.03136884883830975,9.660308216617645,0.10136465464750476,True,Cruise
1,10,1675451026.6180396,49.553592188134985,-0.005952104158200234,False,True,False,True,100000,False,True,False,4.117967036976246,0.004283085038810082,9.729192374909816,0.1150851054166962,True,Cruise
1,11,1675451026.718134,49.7122776020272,-0.0038362986396373233,False,True,False,True,100000,False,True,False,4.227027443493269,-0.0012039023212594459,9.75099109934056,0.10291778088870955,True,Cruise
1,12,1675451026.8181472,49.7122776020272,-0.0038362986396373233,False,True,False,False,100000,False,True,False,4.327608280726681,-0.005657147359150603,9.772339012894697,0.16936380795499886,True,Cruise
1,13,1675451026.9179993,49.7122776020272,-0.0038362986396373233,False,True,False,False,100000,False,True,False,4.5532471298009645,-0.004919317182783193,9.832463943849229,0.05058328795754121,True,Cruise
1,14,1675451027.0180082,49.530091344535535,-0.006265448739526231,False,True,False,False,100000,False,True,False,4.634382929909442,-0.0071274264223062525,9.866842465997724,0.037652624841562246,True,Cruise
1,15,1675451027.1180809,49.528131550378276,-0.006291579328289601,False,True,False,False,100000,False,True,False,4.655623233256078,-0.008106385280794414,9.88151806913929,0.02583567638503853,True,Cruise
1,16,1675451027.2180007,49.528131550378276,-0.006291579328289601,False,True,False,False,100000,False,True,False,4.664033898032873,-0.013245882572790912,9.90480735290029,0.013962310601632931,True,Cruise
1,17,1675451027.317989,49.528131550378276,-0.006291579328289601,False,True,False,False,100000,False,True,False,4.653229315044485,-0.016192255355838157,9.913145577603837,0.013962310601632931,True,Cruise
1,18,1675451027.4180071,49.47229007495152,-0.007036132333979677,False,True,False,False,100000,False,True,False,4.534329809810895,-0.012686172588240344,9.92345252760968,0.04747837469794313,True,Cruise
1,19,1675451027.5179574,49.47229007495152,-0.007036132333979677,False,True,False,False,100000,False,True,False,4.491014347125478,-0.010395947181845564,9.920476233050373,0.043477957281450076,True,Cruise
1,20,1675451027.6179872,49.47229007495152,-0.007036132333979677,False,True,False,False,100000,False,True,False,4.444384891027715,-0.014099468144201509,9.915488924598655,0.04939659882900177,True,Cruise
1,21,1675451027.7181249,49.46917171441937,-0.007077710474408434,False,True,False,False,100000,False,True,False,4.345280301539558,-0.015484108566322565,9.900129439342397,0.05155769925871124,True,Cruise
1,22,1675451027.8180282,49.46917171441937,-0.007077710474408434,False,True,False,False,100000,False,True,False,4.294699736209482,-0.01531676304359832,9.890140707730339,0.05155769925871124,True,Cruise
1,23,1675451027.9181209,49.46917171441937,-0.007077710474408434,False,True,False,False,100000,False,True,False,4.148708177343894,-0.015476454012612216,9.853568520876495,0.04652630597319914,True,Cruise
1,24,1675451028.018,49.46917171441937,-0.007077710474408434,False,True,False,False,100000,False,True,False,4.062721725643282,-0.015949616539869867,9.826027348428637,0.043772575738700026,True,Cruise
1,25,1675451028.117993,49.51213408226419,-0.006504878903144138,False,True,False,False,100000,False,True,False,3.9902427089249666,-0.016290025328331504,9.798131730404329,0.03707811055486936,True,Cruise
1,26,1675451028.2181003,49.51213408226419,-0.006504878903144138,False,True,False,False,100000,False,True,False,3.933484801042266,-0.015172048609395264,9.771590428965808,0.02950547924236849,True,Cruise
1,27,1675451028.3180032,49.51213408226419,-0.006504878903144138,False,True,False,False,100000,False,True,False,3.8932965674538433,-0.014243160004279762,9.747871555258167,0.04667485321838078,True,Cruise
1,28,1675451028.418011,48.49498392382568,-0.020066881015657626,False,True,False,False,100000,False,True,False,3.869383353120489,-0.014796530701560687,9.728124143701466,0.013655675137880699,True,Cruise
1,29,1675451028.5180256,48.49498392382568,-0.020066881015657626,False,True,False,False,100000,False,True,False,3.869383353120489,-0.014796530701560687,9.728124143701466,0.04022230485415627,True,Cruise
1,30,1675451028.6180286,48.49498392382568,-0.020066881015657626,False,True,False,False,100000,False,True,False,3.859893147584172,-0.05076358748036093,9.713198006650966,0.0752347175093784,True,Cruise
1,31,1675451028.7180374,48.49498392382568,-0.020066881015657626,False,True,False,False,100000,False,True,False,3.8633234433818617,-0.08286533865073195,9.70344140117505,0.006482331029007026,True,Cruise
1,32,1675451028.8179991,49.45151456479836,-0.007313139136021835,False,True,False,False,100000,False,True,False,3.8694435494024315,-0.07950813661491522,9.700502688756554,0.007573805773250959,True,Cruise
1,33,1675451028.917995,49.45151456479836,-0.007313139136021835,False,True,False,False,100000,False,True,False,3.9010841663171765,-0.08013526031434763,9.699129213730824,0.012678136360165813,True,Cruise
1,34,1675451029.0179598,49.45151456479836,-0.007313139136021835,False,True,False,False,100000,False,True,False,3.929755804403949,-0.12392521645612894,9.70378002357438,0.043031824098452874,True,Cruise
1,35,1675451029.1182423,49.45151456479836,-0.007313139136021835,False,True,False,False,100000,False,True,False,3.9464802225383417,-0.05300635721179991,9.707388941478738,0.07295351291672911,True,Cruise
1,36,1675451029.218098,49.66960695601957,-0.004405240586405683,False,True,False,False,100000,False,True,False,3.979719622168383,-0.02139365399762783,9.717029090034655,0.02057265585705106,True,Cruise
1,37,1675451029.317987,49.66960695601957,-0.004405240586405683,False,True,False,False,100000,False,True,False,3.995780758341918,-0.03288483091155666,9.72279337029854,0.02057265585705106,True,Cruise
1,38,1675451029.4180198,49.66960695601957,-0.004405240586405683,False,True,False,False,100000,False,True,False,4.040628922527946,-0.004070877039562143,9.742209648871778,0.02057265585705106,True,Cruise
1,39,1675451029.5180163,49.56992904177523,-0.005734279442996923,False,True,False,False,100000,False,True,False,4.0659760272366166,0.004737323007126099,9.755735955321073,0.015452553816265648,True,Cruise
1,40,1675451029.6180308,49.56992904177523,-0.005734279442996923,False,True,False,False,100000,False,True,False,4.0659760272366166,0.004737323007126099,9.755735955321073,0.014604160946402291,True,Cruise
1,41,1675451029.7180815,49.56992904177523,-0.005734279442996923,False,True,False,False,100000,False,True,False,4.095330925333165,0.012382557499714902,9.774722560203784,0.00924435475167794,True,Cruise
1,42,1675451029.818047,49.56992904177523,-0.005734279442996923,False,True,False,False,100000,False,True,False,4.102573524282065,0.011248339778572687,9.780354292211019,0.00924435475167794,True,Cruise
1,43,1675451029.9181635,48.6165366754003,-0.018446177661329416,False,True,False,False,100000,False,True,False,4.116737370505918,0.0123532107471535,9.794258450381845,0.004380522192792563,True,Cruise
1,44,1675451030.018139,48.6165366754003,-0.018446177661329416,False,True,False,False,100000,False,True,False,4.119289199182356,-0.0378210061478015,9.803056988070278,0.08311507508705215,True,Cruise
1,45,1675451030.1182637,48.6165366754003,-0.018446177661329416,False,True,False,False,100000,False,True,False,4.117657701555973,-0.07753277304864353,9.804803561053122,0.039783623918342434,True,Cruise
1,46,1675451030.2183757,48.6165366754003,-0.018446177661329416,False,True,False,False,100000,False,True,False,4.117657701555973,-0.07753277304864353,9.804803561053122,0.011586020790393083,True,Cruise
1,47,1675451030.318197,49.51199328146999,-0.006506756247066792,False,True,False,False,100000,False,True,False,4.112542263512022,-0.09139584863956013,9.806451144936606,0.0038591286384272627,True,Cruise
1,48,1675451030.4180996,49.51199328146999,-0.006506756247066792,False,True,False,False,100000,False,True,False,4.102558540422084,-0.06446131953477552,9.804691041787848,0.06988007654531554,True,Cruise
1,49,1675451030.5180693,49.51199328146999,-0.006506756247066792,False,True,False,False,100000,False,True,False,4.09456386916692,-0.03569826046977669,9.801338995271324,0.004786246266258337,True,Cruise
1,50,1675451030.6180704,49.93666855943887,0.0008444192074817028,False,True,False,False,100000,False,True,False,4.079266280170966,-0.04820505347359011,9.794317816024623,0.005879443350906289,True,Cruise
1,51,1675451030.7180917,49.93666855943887,0.0008444192074817028,False,True,False,False,100000,False,True,False,4.0741718677584515,-0.06657348689780629,9.791609924494393,0.019253183134955526,True,Cruise
1,52,1675451030.818085,49.93666855943887,0.0008444192074817028,False,True,False,False,100000,False,True,False,4.0741718677584515,-0.06657348689780629,9.791609924494393,0.019253183134955526,True,Cruise
1,53,1675451030.9182065,49.93666855943887,0.0008444192074817028,False,True,False,False,100000,False,True,False,4.057106759218199,0.031724329157475376,9.780184652439305,0.0067320075659481685,True,Cruise
1,54,1675451031.018055,49.93220062850918,-0.000903991619877671,False,True,False,False,100000,False,True,False,4.053269284261641,0.03569199155489313,9.777474487741637,0.006569621092283095,True,Cruise
1,55,1675451031.1180623,49.93220062850918,-0.000903991619877671,False,True,False,False,100000,False,True,False,4.046722797009736,0.046157331144490346,9.772459018966991,0.00677324345998057,True,Cruise
1,56,1675451031.2180395,49.93220062850918,-0.000903991619877671,False,True,False,False,100000,False,True,False,4.041815596029838,0.04858937092092737,9.76817351840474,0.008413054180304668,True,Cruise
1,57,1675451031.3180664,49.93220062850918,-0.000903991619877671,False,True,False,False,100000,False,True,False,4.041815596029838,0.04858937092092737,9.76817351840474,0.008413054180304668,True,Cruise
1,58,1675451031.4180362,49.86154174352343,-0.0018461100863542983,False,True,False,False,100000,False,True,False,4.037676002357442,0.0456368059244306,9.763434267512368,0.001644911373881316,True,Cruise
1,59,1675451031.517978,49.86154174352343,-0.0018461100863542983,False,True,False,False,100000,False,True,False,4.036856994307067,0.04203343031935316,9.761508832222876,0.0026623585983043237,True,Cruise
1,60,1675451031.6179774,49.86154174352343,-0.0018461100863542983,False,True,False,False,100000,False,True,False,4.037280919739203,0.02989440669287605,9.76056991418578,0.011184558054240477,True,Cruise
1,61,1675451031.7182345,49.86154174352343,-0.0018461100863542983,False,True,False,False,100000,False,True,False,4.0387428394505,0.015653826394579066,9.760538489614564,0.005993619056161387,True,Cruise
1,62,1675451031.8183827,49.83584573157073,-0.002188723579056994,False,True,False,False,100000,False,True,False,4.0387428394505,0.015653826394579066,9.760538489614564,0.010334824481160175,True,Cruise
1,63,1675451031.918169,49.83584573157073,-0.002188723579056994,False,True,False,False,100000,False,True,False,4.043847068714289,-0.005699131798234736,9.76267779541095,0.004241870427002432,True,Cruise
1,64,1675451032.0182023,49.83584573157073,-0.002188723579056994,False,True,False,False,100000,False,True,False,4.045383986882751,-0.011521415058081194,9.76355571213791,0.006085379001665633,True,Cruise
1,65,1675451032.118151,49.83584573157073,-0.002188723579056994,False,True,False,False,100000,False,True,False,4.050176362111605,-0.02247442418628554,9.766662952758043,0.00355915039912151,True,Cruise
1,66,1675451032.2182167,49.72601430913103,-0.003653142544919611,False,True,False,False,100000,False,True,False,4.051747884512153,-0.024973914244904305,9.76778525200678,0.003158589687229493,True,Cruise
1,67,1675451032.3181562,49.72601430913103,-0.003653142544919611,False,True,False,False,100000,False,True,False,4.051747884512153,-0.024973914244904305,9.76778525200678,0.003158589687229493,True,Cruise
1,68,1675451032.4180481,49.72601430913103,-0.003653142544919611,False,True,False,False,100000,False,True,False,4.0560066707090865,-0.04235827500248729,9.771144008618739,0.0028164207621552465,True,Cruise
1,69,1675451032.5182471,49.67928881152251,-0.004276149179699841,False,True,False,False,100000,False,True,False,4.05840437629649,-0.04515856973701478,9.773200931181616,0.0014065893972096464,True,Cruise
1,70,1675451032.6183133,49.67928881152251,-0.004276149179699841,False,True,False,False,100000,False,True,False,4.060361529748681,-0.04380618040322346,9.774989677845888,0.0019712786797686406,True,Cruise
1,71,1675451032.7180805,49.67928881152251,-0.004276149179699841,False,True,False,False,100000,False,True,False,4.061771461133173,-0.051835527812915096,9.77644554407276,0.003026429478801035,True,Cruise
1,72,1675451032.818051,49.67928881152251,-0.004276149179699841,False,True,False,False,100000,False,True,False,4.061771461133173,-0.051835527812915096,9.77644554407276,0.003026429478801035,True,Cruise
1,73,1675451032.9181426,49.87494579253239,-0.0016673894329014873,False,True,False,False,100000,False,True,False,4.062979833319135,-0.05231770003610424,9.7779117645237,0.0019602183050318033,True,Cruise
1,74,1675451033.0180583,49.937774921127286,-0.0008296677183028538,False,True,False,False,100000,False,True,False,4.063311856533557,-0.0380175701192197,9.778500313916155,0.021121347668587868,True,Cruise
1,75,1675451033.1180217,48.35537313558885,0.0219283581921487,False,True,False,False,100000,False,True,False,4.063311856533557,-0.0380175701192197,9.778500313916155,0.01200952143434671,True,Cruise
1,76,1675451033.2179744,48.07943353371122,0.025607552883850408,False,True,False,False,100000,False,True,False,4.063093890470751,-0.01936273351323473,9.778459639366096,0.006647997427326487,True,Cruise
1,77,1675451033.3179274,49.75702574082919,-0.003239656788944105,False,True,False,False,100000,False,True,False,4.06181496726932,0.2428521359281924,9.77793920414856,0.3547020177719916,True,Cruise
1,78,1675451033.4181232,48.50546148038465,0.019927180261537926,False,True,False,False,100000,False,True,False,4.06181496726932,0.2428521359281924,9.77793920414856,0.17107228364467614,True,Cruise
1,79,1675451033.5180445,48.50546148038465,0.019927180261537926,False,True,False,False,100000,False,True,False,4.059426217503834,0.10675600911667311,9.776935744565817,0.016776066116078934,True,Cruise
1,80,1675451033.618119,48.50546148038465,0.019927180261537926,False,True,False,False,100000,False,True,False,4.05782615865953,0.21139350761199782,9.776618718632188,0.10465021158653673,True,Cruise
1,81,1675451033.7180536,48.50546148038465,0.019927180261537926,False,True,False,False,100000,False,True,False,4.054893477603605,0.31332564913018374,9.77587555987508,0.014817970465236823,True,Cruise
1,82,1675451033.8180425,48.96691480221272,0.013774469303830422,False,True,False,False,100000,False,True,False,4.053786978630939,0.328096291368122,9.775455992704115,0.014817970465236823,True,Cruise
1,83,1675451033.918015,48.96691480221272,0.013774469303830422,False,True,False,False,100000,False,True,False,4.053786978630939,0.328096291368122,9.775455992704115,0.015122383947951385,True,Cruise
1,84,1675451034.0181797,48.96691480221272,0.013774469303830422,False,True,False,False,100000,False,True,False,4.053407579793699,0.2871641798416511,9.773531417758743,0.025912191862972743,True,Cruise
1,85,1675451034.1180065,48.36430237403954,0.02180930167947279,False,True,False,False,100000,False,True,False,4.05344464721459,0.2768477964622243,9.772760646280194,0.005231294696908324,True,Cruise
1,86,1675451034.217979,48.36430237403954,0.02180930167947279,False,True,False,False,100000,False,True,False,4.050688214720809,0.2962730676144909,9.772180291439547,0.05681066618568477,True,Cruise
1,87,1675451034.3180063,48.36430237403954,0.02180930167947279,False,True,False,False,100000,False,True,False,4.050688214720809,0.2962730676144909,9.772180291439547,0.05681066618568477,True,Cruise
1,88,1675451034.4182308,48.36430237403954,0.02180930167947279,False,True,False,False,100000,False,True,False,4.050688214720809,0.2962730676144909,9.772180291439547,0.05681066618568477,True,Cruise
1,89,1675451034.5180807,48.36430237403954,0.02180930167947279,False,True,False,False,100000,False,True,False,4.047619792820211,0.2993581592960978,9.771674569354332,0.004348152428303981,True,Cruise
1,90,1675451034.617984,49.859624891419344,-0.0018716681144087981,False,True,False,False,100000,False,True,False,4.047834880806193,0.29849388644060293,9.771608698036454,0.0008930674336118126,True,Cruise
1,91,1675451034.7180514,49.859624891419344,-0.0018716681144087981,False,True,False,False,100000,False,True,False,4.048653968565562,0.36982548456690983,9.771552092155227,0.07008685355544657,True,Cruise
1,92,1675451034.8179557,49.859624891419344,-0.0018716681144087981,False,True,False,False,100000,False,True,False,4.056419304560983,0.16282741020178926,9.77085503128132,0.16008594593422798,True,Cruise
1,93,1675451034.9181516,49.83646607360135,-0.002180452351982042,False,True,False,False,100000,False,True,False,4.063539820250525,0.00290002093432343,9.770658806756845,0.010887904380027484,True,Cruise
1,94,1675451035.0180345,48.998464976306856,0.013353800315908597,False,True,False,False,100000,False,True,False,4.06306922495784,-0.019536672729012633,9.77128621424608,0.011583101766013236,True,Cruise
1,95,1675451035.1180432,48.998464976306856,0.013353800315908597,False,True,False,False,100000,False,True,False,4.062061863682344,-0.03841229974096348,9.771682911378928,0.07328847279070076,True,Cruise
1,96,1675451035.2181506,48.998464976306856,0.013353800315908597,False,True,False,False,100000,False,True,False,4.058237041910891,-0.0003924253191649181,9.77267640380928,0.11133779986749401,True,Cruise
1,97,1675451035.3180068,48.998464976306856,0.013353800315908597,False,True,False,False,100000,False,True,False,4.055479081807663,0.06390527554189238,9.773449166809328,0.006171785011845271,True,Cruise
1,98,1675451035.4179907,49.73390705550289,0.0035479059266280907,False,True,False,False,100000,False,True,False,4.056082944059062,0.06285174762706597,9.77397794314221,0.001324452753479329,True,Cruise
1,99,1675451035.5179882,49.73390705550289,0.0035479059266280907,False,True,False,False,100000,False,True,False,4.058894445340014,0.03824393737727673,9.77398802227137,0.06938244149120278,True,Cruise
1,100,1675451035.6180277,49.73390705550289,0.0035479059266280907,False,True,False,False,100000,False,True,False,4.058894445340014,0.03824393737727673,9.77398802227137,0.06938244149120278,True,Cruise
1,101,1675451035.717993,49.73390705550289,0.0035479059266280907,False,True,False,False,100000,False,True,False,4.061111159049643,0.011272399566487052,9.774056944714621,0.004878629622054135,True,Cruise
1,102,1675451035.8180013,47.86642846677612,0.02844762044298503,False,True,False,False,100000,False,True,False,4.060933367419515,0.040293154490012625,9.774276225167833,0.013462828023091759,True,Cruise
1,103,1675451035.91799,47.86642846677612,0.02844762044298503,False,True,False,False,100000,False,True,False,4.055496607311728,0.21557213384865534,9.774950207596719,0.013462828023091759,True,Cruise
1,104,1675451036.0179894,47.86642846677612,0.02844762044298503,False,True,False,False,100000,False,True,False,4.051416986164719,0.35897717263190415,9.775260545797728,0.14346339173087752,True,Cruise
1,105,1675451036.118022,47.86642846677612,0.02844762044298503,False,True,False,False,100000,False,True,False,4.045521249433627,0.44047570630460264,9.775254721143288,0.01648978073370735,True,Cruise
1,106,1675451036.218158,49.100544752297914,0.011992736636027825,False,True,False,False,100000,False,True,False,4.04471674391907,0.5514576172049452,9.774817729806088,0.08291486428145711,True,Cruise
1,107,1675451036.3180208,49.100544752297914,0.011992736636027825,False,True,False,False,100000,False,True,False,4.04471674391907,0.5514576172049452,9.774817729806088,0.08291486428145711,True,Cruise
1,108,1675451036.4180593,49.100544752297914,0.011992736636027825,False,True,False,False,100000,False,True,False,4.057382184586671,0.3656459352066216,9.773148600312323,0.18405466064011847,True,Cruise
1,109,1675451036.5181026,49.100544752297914,0.011992736636027825,False,True,False,False,100000,False,True,False,4.05772114098386,0.3854438272303098,9.77295411164554,0.00655988681752355,True,Cruise
1,110,1675451036.6180782,48.54939964781522,0.01934133802913037,False,True,False,False,100000,False,True,False,4.056428643580065,0.3642711014936234,9.772940377438509,0.015571546907230505,True,Cruise
1,111,1675451036.717975,48.54939964781522,0.01934133802913037,False,True,False,False,100000,False,True,False,4.055844356747882,0.3219028964990435,9.772934577644278,0.049492972451892304,True,Cruise
1,112,1675451036.817999,48.54939964781522,0.01934133802913037,False,True,False,False,100000,False,True,False,4.050448685629973,0.38730222724051644,9.773243636728344,0.016210579803290274,True,Cruise
1,113,1675451036.9181325,48.54939964781522,0.01934133802913037,False,True,False,False,100000,False,True,False,4.050448685629973,0.38730222724051644,9.773243636728344,0.013827964242914149,True,Cruise
1,114,1675451037.018036,49.368316324308516,0.008422449009219818,False,True,False,False,100000,False,True,False,4.050800600700782,0.357157382348725,9.773006904618757,0.005343599277280176,True,Cruise
1,115,1675451037.117995,49.368316324308516,0.008422449009219818,False,True,False,False,100000,False,True,False,4.051648589149773,0.3909122385526997,9.772851920914265,0.0341609535281162,True,Cruise
1,116,1675451037.2179494,49.368316324308516,0.008422449009219818,False,True,False,False,100000,False,True,False,4.059174742194517,0.2203642964018544,9.772184194831786,0.06442100361150517,True,Cruise
1,117,1675451037.3180835,49.368316324308516,0.008422449009219818,False,True,False,False,100000,False,True,False,4.059174742194517,0.2203642964018544,9.772184194831786,0.06442100361150517,True,Cruise
1,118,1675451037.418001,49.519545626048654,0.006406058319351279,False,True,False,False,100000,False,True,False,4.061027693447838,0.19894415012774372,9.772230594408924,0.021500191805475598,True,Cruise
1,119,1675451037.5179572,49.519545626048654,0.006406058319351279,False,True,False,False,100000,False,True,False,4.060383049296743,0.19160785347523204,9.772549223827024,0.03357897289363686,True,Cruise
1,120,1675451037.6179957,49.37388458419341,0.008348205544087838,False,True,False,False,100000,False,True,False,4.06053954852015,0.11331420445287783,9.772943145388101,0.01757442504162127,True,Cruise
1,121,1675451037.7179668,49.546030549345495,0.006052926008726747,False,True,False,False,100000,False,True,False,4.060424951265081,0.09504620384071556,9.77309118420646,0.01826895986060979,True,Cruise
1,122,1675451037.8179767,47.51999688458828,0.03306670820548954,False,True,False,False,100000,False,True,False,4.059848327449644,0.11240595630771316,9.7732830185582,0.017370385751573444,True,Cruise
1,123,1675451037.917927,48.59080556963905,-0.018789259071479297,False,True,False,False,100000,False,True,False,4.059848327449644,0.11240595630771316,9.7732830185582,0.017370385751573444,True,Cruise
1,124,1675451038.0179267,49.730265385273995,-0.003596461529680026,False,True,False,False,100000,False,True,False,4.046527696211396,0.4524735118920284,9.774908119169625,0.21247363666696154,True,Cruise
1,125,1675451038.117963,49.454149312436066,-0.007278009167519074,False,True,False,False,100000,False,True,False,4.05933990792576,0.09831585051964711,9.773349353663141,0.566846044012576,True,Cruise
1,126,1675451038.2180216,49.19778678710689,-0.01069617617190816,False,True,False,False,100000,False,True,False,4.068701296542628,-0.06280403770512494,9.772785083215425,0.14878030695646313,True,Cruise
1,127,1675451038.3179767,49.132055922364934,-0.011572587701800901,False,True,False,False,100000,False,True,False,4.068715039278365,-0.0360902403266285,9.772915971417186,0.0267141215645117,True,Cruise
1,128,1675451038.4180048,48.986095192756416,-0.013518730763247817,False,True,False,False,100000,False,True,False,4.063346580511654,-0.14203922670642222,9.773655277742806,0.10608748577602681,True,Cruise
1,129,1675451038.518004,48.72901020949738,-0.016946530540034928,False,True,False,False,100000,False,True,False,4.061408920727416,-0.1843636792056205,9.77386724980049,0.042369313623772366,True,Cruise
1,130,1675451038.6179702,48.78732073173557,0.016169056910192412,False,True,False,False,100000,False,True,False,4.059842202823331,-0.24201710789961492,9.774018475646708,0.057674910614764235,True,Cruise
1,131,1675451038.7179933,48.78732073173557,0.016169056910192412,False,True,False,False,100000,False,True,False,4.05710094022662,-0.4021444301856544,9.7741994921987,0.06473684790969401,True,Cruise
1,132,1675451038.8179817,49.86015482661201,-0.0018646023118397896,False,True,False,False,100000,False,True,False,4.058455806894934,-0.237845057533831,9.774052418800622,0.3334010358901903,True,Cruise
1,133,1675451038.917988,49.48652125214693,0.0068463833047076395,False,True,False,False,100000,False,True,False,4.058455806894934,-0.237845057533831,9.774052418800622,0.3334010358901903,True,Cruise
1,134,1675451039.0179782,49.48652125214693,0.0068463833047076395,False,True,False,False,100000,False,True,False,4.0584878766860095,-0.1103424543703176,9.774001460929862,0.13637737506388053,True,Cruise
1,135,1675451039.1181471,47.69814742226967,0.03069136770307102,False,True,False,False,100000,False,True,False,4.057599551466547,-0.15359641468599985,9.77395769769353,0.13637737506388053,True,Cruise
1,136,1675451039.218052,48.16377336172536,-0.02448302184366182,False,True,False,False,100000,False,True,False,4.056603594383513,0.02134750661451387,9.77388408918026,0.07058978169888194,True,Cruise
1,137,1675451039.3180068,48.16377336172536,-0.02448302184366182,False,True,False,False,100000,False,True,False,4.053038425826482,0.4684434468539549,9.773964503078833,0.4660139794826605,True,Cruise
1,138,1675451039.418016,49.20941787731487,-0.010541094969135094,False,True,False,False,100000,False,True,False,4.053038425826482,0.4684434468539549,9.773964503078833,0.4660139794826605,True,Cruise
1,139,1675451039.5179932,49.20941787731487,-0.010541094969135094,False,True,False,False,100000,False,True,False,4.0563316598055765,-0.3394692636741021,9.773646752790087,0.8079194849662181,True,Cruise
1,140,1675451039.6179883,48.31687249564946,-0.02244170005800713,False,True,False,False,100000,False,True,False,4.053684978094241,-0.23076021586256948,9.773615437393174,0.15385448646419625,True,Cruise
1,141,1675451039.7179692,48.31687249564946,-0.02244170005800713,False,True,False,False,100000,False,True,False,4.053769559263755,-0.14323889073724425,9.773419294145828,0.01492747714942155,True,Cruise
1,142,1675451039.818041,47.17295466500325,-0.03769393779995661,False,True,False,False,100000,False,True,False,4.049174933606825,-0.4783236753562036,9.773607569408489,0.14475168779965253,True,Cruise
1,143,1675451039.9180675,47.17295466500325,-0.03769393779995661,False,True,False,False,100000,False,True,False,4.041118324563716,-0.7332784683755332,9.774004958086717,0.25508236581654226,True,Cruise
1,144,1675451040.0179915,47.8620724027161,-0.02850570129711867,False,True,False,False,100000,False,True,False,4.0355437424610425,-0.8880549465917023,9.774177284138682,0.15487693137096914,True,Cruise
1,145,1675451040.118038,47.32403598315295,-0.03567952022462721,False,True,False,False,100000,False,True,False,4.0328801235329745,-0.9866097657656029,9.773169041780218,0.06772694018867496,True,Cruise
1,146,1675451040.2179809,47.32403598315295,-0.03567952022462721,False,True,False,False,100000,False,True,False,4.031898094638935,-1.0655953800178843,9.77293394980015,0.09706913738507963,True,Cruise
1,147,1675451040.3180208,47.747252407130716,-0.03003663457159042,False,True,False,False,100000,False,True,False,4.030684529765917,-1.1626565547090078,9.772663652627266,0.07119720127107264,True,Cruise
1,148,1675451040.4180367,48.084687059377075,-0.025537505874972374,False,True,False,False,100000,False,True,False,4.029702238688212,-1.2338463999358924,9.772376407706519,0.07119720127107264,True,Cruise
1,149,1675451040.51798,48.084687059377075,-0.025537505874972374,False,True,False,False,100000,False,True,False,4.036090522694176,-1.2886715753811895,9.770546347678726,0.011235957467649523,True,Cruise
1,150,1675451040.6179705,47.88738095832967,-0.028168253888937705,False,True,False,False,100000,False,True,False,4.0413877912204255,-1.2333061662231033,9.769915020043463,0.05562183168203415,True,Cruise
1,151,1675451040.7179554,48.71556283862536,-0.017125828818328578,False,True,False,False,100000,False,True,False,4.044133250395188,-1.2038428919136246,9.769624848221165,0.0010245858417167102,True,Cruise
1,152,1675451040.8179953,48.71556283862536,-0.017125828818328578,False,True,False,False,100000,False,True,False,4.0432140764393925,-1.2042890894044835,9.769701026861119,0.0010245858417167102,True,Cruise
1,153,1675451040.9179895,48.71556283862536,-0.017125828818328578,False,True,False,False,100000,False,True,False,4.0427070750383125,-1.2152659331729299,9.769757108613273,0.010988689398672643,True,Cruise
1,154,1675451041.0179882,48.167726533031306,-0.024430312892915865,False,True,False,False,100000,False,True,False,4.059721946140664,-0.8618072404577269,9.76877951730725,0.353869338851689,True,Cruise
1,155,1675451041.118096,48.76886696433937,-0.016415107142141745,False,True,False,False,100000,False,True,False,4.055802537726635,-0.8388843409421126,9.769895903992419,0.01087330644130711,True,Cruise
1,156,1675451041.2179785,49.44462036496981,-0.0074050618004025915,False,True,False,False,100000,False,True,False,4.050200983823086,-0.8425939478880331,9.770980389317828,0.6694401553253735,True,Cruise
1,157,1675451041.3180244,49.44462036496981,-0.0074050618004025915,False,True,False,False,100000,False,True,False,4.5263986495056,-0.37312068806466536,9.739663252293413,0.16956841733047054,True,Cruise
1,158,1675451041.4180057,49.58836118046453,-0.0054885175938062854,False,True,False,False,100000,False,True,False,4.424170664425388,-0.5076537273983122,9.75393730392748,0.16956841733047054,True,Cruise
1,159,1675451041.5180082,49.58836118046453,-0.0054885175938062854,False,True,False,False,100000,False,True,False,4.170639118097917,-0.34177676986231653,9.77978256340592,0.30407464126774036,True,Cruise
1,160,1675451041.6179988,49.41499806228211,-0.007800025836238553,False,True,False,False,100000,False,True,False,4.086592796491034,-0.2617320048546576,9.78705151332062,0.03609314998161599,True,Cruise
1,161,1675451041.7179732,49.365208870982876,-0.008463881720228363,False,True,False,False,100000,False,True,False,4.095695554187303,-0.22711985787421202,9.785511483623884,0.035822236219138985,True,Cruise
1,162,1675451041.81801,49.365208870982876,-0.008463881720228363,False,True,False,False,100000,False,True,False,4.097619808947484,-0.23258134730949548,9.783584262638584,0.0033402468658806717,True,Cruise
1,163,1675451041.9179971,49.365208870982876,-0.008463881720228363,False,True,False,False,100000,False,True,False,4.097619808947484,-0.23258134730949548,9.783584262638584,0.0033402468658806717,True,Cruise
1,164,1675451042.0179753,49.965000365232,-0.0004666617969066038,False,True,False,False,100000,False,True,False,4.0886053077623625,-0.2157373614083326,9.78055743599111,0.01934277054118645,True,Cruise
1,165,1675451042.1181395,48.74716317327038,-0.016704491023061624,False,True,False,False,100000,False,True,False,4.087558673366786,-0.23653282173105367,9.777664976037046,0.023533975095758258,True,Cruise
1,166,1675451042.218003,48.912110180795096,-0.014505197589398784,False,True,False,False,100000,False,True,False,4.022868319585166,-0.23520129065328013,9.778927693700522,0.10630977268984654,True,Cruise
1,167,1675451042.3179934,48.912110180795096,-0.014505197589398784,False,True,False,False,100000,False,True,False,4.022868319585166,-0.23520129065328013,9.778927693700522,0.1844819785624622,True,Cruise
1,168,1675451042.4180698,48.912110180795096,-0.014505197589398784,False,True,False,False,100000,False,True,False,4.03220611192424,-0.37208677321622874,9.77641810536554,0.13722655623409796,True,Cruise
1,169,1675451042.5181277,48.912110180795096,-0.014505197589398784,False,True,False,False,100000,False,True,False,4.043593479597509,-0.3981613303590382,9.771056537022297,0.02895342963828486,True,Cruise
1,170,1675451042.6180003,49.67298093734707,-0.004360254168705705,False,True,False,False,100000,False,True,False,4.0650632680914605,-0.16182603052257766,9.806142848819317,0.11517615318007175,True,Cruise
1,171,1675451042.7180016,49.87960165364244,0.0016053112847674734,False,True,False,False,100000,False,True,False,4.146101575698232,-0.294984901459144,9.793740224739972,0.15637236742124358,True,Cruise
1,172,1675451042.818034,49.87960165364244,0.0016053112847674734,False,True,False,False,100000,False,True,False,3.764473257095126,-0.17219541887321146,9.806171632739769,0.4010884821313277,True,Cruise
1,173,1675451042.9179914,49.87960165364244,0.0016053112847674734,False,True,False,False,100000,False,True,False,3.7804205072359505,-0.1817564185821406,9.797306936749786,0.02059879456383297,True,Cruise
1,174,1675451043.0179658,49.76891631603542,-0.003081115786194364,False,True,False,False,100000,False,True,False,3.976907988614535,-0.2372298405108751,9.768256534577251,0.2062245299312596,True,Cruise
1,175,1675451043.1179845,49.56595630843162,0.005787249220911703,False,True,False,False,100000,False,True,False,4.0081837773931746,-0.27177713591167274,9.762843926380746,0.013274559091684698,True,Cruise
1,176,1675451043.217995,49.56595630843162,0.005787249220911703,False,True,False,False,100000,False,True,False,4.0081837773931746,-0.27177713591167274,9.762843926380746,0.013274559091684698,True,Cruise
1,177,1675451043.317991,49.56595630843162,0.005787249220911703,False,True,False,False,100000,False,True,False,4.019867396563719,-0.3367004524168477,9.757897191079932,0.06159258190740396,True,Cruise
1,178,1675451043.417974,49.80861020079084,0.0025518639894555085,False,True,False,False,100000,False,True,False,4.000648188682771,-0.16613474383761828,9.756262548870835,0.08711824910276522,True,Cruise
1,179,1675451043.5180097,48.62356444412049,0.018352474078393535,False,True,False,True,100000,False,True,False,3.9960022031820612,-0.12595794312004074,9.755103249483525,0.035084095387366794,True,Cruise
1,180,1675451043.617998,48.58388816374018,0.018881491150130974,False,True,False,True,100000,False,True,False,3.9988349221829456,0.12039792843354251,9.754839463987311,0.2463722982168482,True,Cruise
1,181,1675451043.7182279,48.58388816374018,0.018881491150130974,False,True,False,True,100000,False,True,False,4.001596227186962,0.30165147697687045,9.754618422888933,0.08382447416600312,True,Cruise
1,182,1675451043.8180654,48.59776674643776,0.018696443380829788,False,True,False,True,100000,False,True,False,4.007423106303452,0.4466921235981929,9.754245790338224,0.06133726411897253,True,Cruise
1,183,1675451043.9179878,48.59776674643776,0.018696443380829788,False,True,False,True,100000,False,True,False,4.010906258566806,0.5160625655667902,9.75444789406739,0.069458127058866,True,Cruise
1,184,1675451044.017933,48.61084815976374,0.018522024536483467,False,True,False,True,100000,False,True,False,4.000782059273112,1.150336416565725,9.721911011050041,0.36520059508361447,True,Cruise
1,185,1675451044.1182218,48.58970658980882,0.0188039121358824,False,True,False,True,100000,False,True,False,4.00761034627829,1.2130552707343938,9.727314114415574,0.039664040916738794,True,Cruise
1,186,1675451044.2181165,48.58970658980882,0.0188039121358824,False,True,False,True,100000,False,True,False,4.021615805790877,1.2785917009318863,9.74005893512427,0.039664040916738794,True,Cruise
1,187,1675451044.3180552,48.68877407527564,0.017483012329658203,False,True,False,True,100000,False,True,False,4.021615805790877,1.2785917009318863,9.74005893512427,0.02864180191811813,True,Cruise
1,188,1675451044.4179735,48.68877407527564,0.017483012329658203,False,True,False,True,100000,False,True,False,4.0362251209967575,1.2894094393086781,9.752729604655656,0.00970592211214331,True,Cruise
1,189,1675451044.5179796,48.79947559467704,0.01600699207097274,False,True,False,True,100000,False,True,False,4.0625181343756145,1.182187339008043,9.775124076746307,0.03783323217251513,True,Cruise
1,190,1675451044.6179478,48.974979766967685,0.013666936440430858,False,True,False,True,100000,False,True,False,4.068366490224376,1.1257493354767125,9.779712969522432,0.04263973407379927,True,Cruise
1,191,1675451044.717976,48.974979766967685,0.013666936440430858,False,True,False,True,100000,False,True,False,4.078222587109235,1.0100657160698583,9.787463080986749,0.07378191552637943,True,Cruise
1,192,1675451044.8180003,49.04275711963901,0.012763238404813162,False,True,False,True,100000,False,True,False,4.0846181101688686,0.9053292288382581,9.793278580296406,0.04402970627830226,True,Cruise
1,193,1675451044.9179697,49.04275711963901,0.012763238404813162,False,True,False,True,100000,False,True,False,4.0846181101688686,0.9053292288382581,9.793278580296406,0.04402970627830226,True,Cruise
1,194,1675451045.0179915,49.244866597544885,0.010068445366068239,False,True,False,True,100000,False,True,False,4.0846181101688686,0.9053292288382581,9.793278580296406,0.04402970627830226,True,Cruise
1,195,1675451045.1181414,49.3644152361385,0.008474463518153374,False,True,False,True,100000,False,True,False,4.088460930513965,0.7188880102148053,9.798850759712368,0.03890326987818913,True,Cruise
1,196,1675451045.2181752,49.3644152361385,0.008474463518153374,False,True,False,True,100000,False,True,False,3.975164879659178,0.6438691189937198,9.809694308222031,0.06519067625443316,True,Cruise
1,197,1675451045.3180077,49.499836519352364,0.006668846408635159,False,True,False,True,100000,False,True,False,3.50927252053147,0.6093415696724093,9.850793313728206,0.7581026085823577,True,Cruise
1,198,1675451045.4180107,49.499836519352364,0.006668846408635159,False,True,False,True,100000,False,True,False,2.7593794351616396,0.5178233674601072,9.91407320245851,0.7581026085823577,True,Cruise
1,199,1675451045.5180173,49.92730610523019,0.000969251930264188,False,True,False,True,100000,False,True,False,2.7593794351616396,0.5178233674601072,9.91407320245851,0.7581026085823577,True,Cruise
1,200,1675451045.618161,49.92730610523019,0.000969251930264188,False,True,False,True,100000,False,True,False,2.750641091891195,0.2789367619451986,9.829363266734065,0.5926547110176564,True,Cruise
1,201,1675451045.7180572,49.77178287446353,0.0030428950071529335,False,True,False,True,100000,False,True,False,2.9376439055570858,0.17344804815591258,9.800848335946514,0.5926547110176564,True,Cruise
1,202,1675451045.8179991,49.77178287446353,0.0030428950071529335,False,True,False,True,100000,False,True,False,0.2014913303740565,0.2548312038891179,10.00769892228987,0.41495059177170235,True,Cruise
1,203,1675451045.918014,49.81740008790154,0.002434665494646107,False,True,False,True,100000,False,True,False,0.2014913303740565,0.2548312038891179,10.00769892228987,1.6114797213951633,True,Cruise
1,204,1675451046.0181062,49.81740008790154,0.002434665494646107,False,True,False,True,100000,False,True,False,0.2014913303740565,0.2548312038891179,10.00769892228987,0.20090678612637988,True,Cruise
1,205,1675451046.1182213,49.97161559440871,0.0003784587412171166,False,True,False,True,100000,False,True,False,0.03464873290281926,0.18839296447479564,9.917626480754144,0.03874634004300799,True,Cruise
1,206,1675451046.218095,49.97161559440871,0.0003784587412171166,False,True,False,True,100000,False,True,False,0.9416772999272831,0.07891396018457979,9.754335221322373,0.31201175514057017,True,Cruise
1,207,1675451046.3180273,49.95248656357092,-0.0006335124857210135,False,True,False,True,100000,False,True,False,0.9416772999272831,0.07891396018457979,9.754335221322373,0.31201175514057017,True,Cruise
1,208,1675451046.4180167,49.95248656357092,-0.0006335124857210135,False,True,False,True,100000,False,True,False,0.02546232368528643,0.05712576214917306,9.774679447095302,0.27392728040813646,True,Cruise
1,209,1675451046.518071,49.89326631106925,-0.0014231158524100613,False,True,False,True,100000,False,True,False,-0.417398559791179,0.028642392582868458,9.77653059748515,0.05701661477138943,True,Cruise
1,210,1675451046.6180606,49.89326631106925,-0.0014231158524100613,False,True,False,True,100000,False,True,False,-0.417398559791179,0.028642392582868458,9.77653059748515,0.40556115041674873,True,Cruise
1,211,1675451046.7180703,49.8085918458791,-0.0025521087216120375,False,True,False,True,100000,False,True,False,-0.694536816250076,-0.04976752828931899,9.733557810593394,0.12675138672145175,True,Cruise
1,212,1675451046.8181236,49.13989514048375,-0.011468064793549946,False,True,False,True,100000,False,True,False,-0.48730412338857976,-0.09430471932810502,9.695778301794848,0.09582148838498676,True,Cruise
1,213,1675451046.9180107,49.13989514048375,-0.011468064793549946,False,True,False,True,100000,False,True,False,-1.4141372605762232,-0.10485510943670777,9.779681475230088,0.9306829306659905,True,Cruise
1,214,1675451047.017976,49.731848283378994,-0.003575356221613458,False,False,False,True,100000,False,True,False,-1.4141372605762232,-0.10485510943670777,9.779681475230088,1.9588960215668596,True,Cruise
1,215,1675451047.1179965,49.80078213464526,-0.0026562382047298633,False,False,False,True,100000,False,True,False,-1.6431216933700437,-0.3415280088690701,9.716157001835533,1.734312453519274,True,Cruise
1,216,1675451047.2180214,49.80078213464526,-0.0026562382047298633,False,False,False,True,100000,False,True,False,1.1788193192980134,-0.3410882653059392,9.47266805939954,1.6863103182366583,True,Cruise
1,217,1675451047.318013,49.80078213464526,-0.0026562382047298633,False,False,False,True,100000,False,True,False,1.0367443710821125,-0.27690593938312946,9.51049276224275,0.16042247353968161,True,Cruise
1,218,1675451047.4180698,49.83293151248135,-0.0022275798335819326,False,False,False,True,100000,False,True,False,0.7004241106802206,-0.28763361651436586,9.58346833795445,0.4259138026486487,True,Cruise
1,219,1675451047.518177,49.772844879156274,-0.003028734944582968,False,False,False,True,100000,False,True,False,0.0931908413391844,-0.32145936834833966,9.706599243838955,0.6205140166552854,True,Cruise
1,220,1675451047.6180263,49.773846360539274,-0.0030153818594763626,False,False,False,True,100000,False,True,False,0.025685003243442396,-0.3146284287812547,9.734587757772292,0.07339657229444928,True,Cruise
1,221,1675451047.7180676,49.773846360539274,-0.0030153818594763626,False,False,False,True,100000,False,True,False,-0.3804954465555288,-0.31414194256200045,9.79524182473818,0.07339657229444928,True,Cruise
1,222,1675451047.8180454,49.773846360539274,-0.0030153818594763626,False,False,False,True,100000,False,True,False,-0.12159739302860278,-0.27821623968277165,9.80384623010159,0.174906433966361,True,Cruise
1,223,1675451047.917997,48.84088977406251,-0.015454803012499796,False,False,False,True,100000,False,True,False,0.17122006922780175,-0.24074268400926152,9.8123270035875,0.13013460360308096,True,Cruise
1,224,1675451048.0179818,49.10854553494831,-0.01188605953402249,False,False,False,True,100000,False,True,False,0.17122006922780175,-0.24074268400926152,9.8123270035875,0.13013460360308096,True,Cruise
1,225,1675451048.1179993,49.01107760478685,-0.013185631936175403,False,False,False,True,100000,False,True,False,-1.565917871074669,-0.3404450723858638,10.010995202376453,0.6828109566023662,True,Cruise
1,226,1675451048.2179985,49.01107760478685,-0.013185631936175403,False,False,False,True,100000,False,True,False,-1.8833691905235566,-0.5032233377054722,9.987301372344811,0.21509543913497808,True,Cruise
1,227,1675451048.3180196,49.01107760478685,-0.013185631936175403,False,False,False,True,100000,False,True,False,-1.8875630835457358,-0.4559212697315341,9.975828320297172,0.5226870931295099,True,Cruise
1,228,1675451048.4180408,49.01107760478685,-0.013185631936175403,False,False,False,True,100000,False,True,False,-1.3401073948555593,-0.45889069125312765,9.90455845548998,0.552083274672439,True,Cruise
1,229,1675451048.5180182,49.01107760478685,-0.013185631936175403,False,False,False,True,100000,False,True,False,-1.3401073948555593,-0.45889069125312765,9.90455845548998,0.552083274672439,True,Cruise
1,230,1675451048.6179779,49.01107760478685,-0.013185631936175403,False,False,False,True,100000,False,True,False,-0.39012414708488674,-0.6772130045551688,9.779045139790394,0.08011383078921934,True,Cruise
1,231,1675451048.717998,49.192199844030704,-0.010770668746257282,False,False,False,True,100000,False,True,False,-0.3939318877604469,-0.7700273620842414,9.767696202805457,0.03774142973923942,True,Cruise
1,232,1675451048.8179753,49.192199844030704,-0.010770668746257282,False,False,False,True,100000,False,True,False,0.5940517964898154,-0.8478535162260041,9.665276459646442,0.9995550384970379,True,Cruise
1,233,1675451048.9179726,49.192199844030704,-0.010770668746257282,False,False,False,True,100000,False,True,False,0.8044859629867931,-0.7952461499317871,9.658920659721193,0.2170033861726158,True,Cruise
1,234,1675451049.0182765,49.192199844030704,-0.010770668746257282,False,False,False,True,100000,False,True,False,0.8044859629867931,-0.7952461499317871,9.658920659721193,0.6577238815701067,True,Cruise
1,235,1675451049.118162,49.22163222043617,-0.010378237060850993,False,False,False,True,100000,False,True,False,0.053047067670245106,-0.8636125537982936,9.758602835533193,0.03460007604572419,True,Cruise
1,236,1675451049.2180035,49.22163222043617,-0.010378237060850993,False,False,False,True,100000,False,True,False,0.24417443540507605,-0.8276519618508018,9.755065483177367,0.036535538135557086,True,Cruise
1,237,1675451049.3180964,49.22163222043617,-0.010378237060850993,False,False,False,True,100000,False,True,False,0.2775227443594252,-0.7837753724391795,9.772861946188655,0.025128567702986607,True,Cruise
1,238,1675451049.418023,49.22163222043617,-0.010378237060850993,False,False,False,True,100000,False,True,False,0.27912002450403145,-0.7605362514846403,9.782287277387267,0.025128567702986607,True,Cruise
1,239,1675451049.5180645,49.49766975477864,-0.006697736602951449,False,False,False,True,100000,False,True,False,0.2892598160948313,-0.7131705478273894,9.799954247579452,0.0515601308398544,True,Cruise
1,240,1675451049.6180754,49.49766975477864,-0.006697736602951449,False,False,False,True,100000,False,True,False,1.841297500571864,-0.5766969257005563,9.707514524443866,0.17332369989946977,True,Cruise
1,241,1675451049.7179792,49.49766975477864,-0.006697736602951449,False,False,False,True,100000,False,True,False,1.022818556363531,-0.5555186756730079,9.815508214942414,0.4292363043684568,True,Cruise
1,242,1675451049.8180916,49.49766975477864,-0.006697736602951449,False,False,False,True,100000,False,True,False,0.5598861170131025,-0.5128046491895378,9.87831442896595,0.17937279386357424,True,Cruise
1,243,1675451049.9180803,49.50710387016543,-0.006571948397794223,False,False,False,True,100000,False,True,False,0.5598861170131025,-0.5128046491895378,9.87831442896595,0.17937279386357424,True,Cruise
1,244,1675451050.0180771,49.50710387016543,-0.006571948397794223,False,False,False,True,100000,False,True,False,0.5598861170131025,-0.5128046491895378,9.87831442896595,0.17937279386357424,True,Cruise
1,245,1675451050.1180825,49.50710387016543,-0.006571948397794223,False,False,False,True,100000,False,True,False,0.48156323938826046,-0.4245168878172726,9.898993033996828,0.11981989264552467,True,Cruise
1,246,1675451050.2180862,49.74170925493679,-0.0034438766008428614,False,False,False,True,100000,False,True,False,0.35251079007401764,-0.34982666061396583,9.90323105941201,0.03945293235450262,True,Cruise
1,247,1675451050.318114,49.74170925493679,-0.0034438766008428614,False,False,False,True,100000,False,True,False,1.294197752498156,-0.3505970088887665,9.806299193187801,0.9466629364910053,True,Cruise
1,248,1675451050.4180536,49.74170925493679,-0.0034438766008428614,False,False,False,True,100000,False,True,False,1.8039435541728936,-0.24170622554358956,9.765192065396954,0.5228649739442872,True,Cruise
1,249,1675451050.5180376,49.74170925493679,-0.0034438766008428614,False,False,False,True,100000,False,True,False,0.684072717188343,-0.27289014181120885,9.870135636609035,1.1252094388606102,True,Cruise
1,250,1675451050.618024,49.931005389065234,-0.0009199281457968615,False,False,False,True,100000,False,True,False,0.4227938986634503,-0.26486295869050386,9.887848783509577,0.1614719025643167,True,Cruise
1,251,1675451050.7179906,49.931005389065234,-0.0009199281457968615,False,False,False,True,100000,False,True,False,1.1236790876911964,-0.22831739727145017,9.790759078137915,0.08693576393477206,True,Cruise
1,252,1675451050.8179755,49.931005389065234,-0.0009199281457968615,False,False,False,True,100000,False,True,False,1.349383900475848,-0.13220448610055172,9.773466855043624,0.24592554805762337,True,Cruise
1,253,1675451050.9179573,49.931005389065234,-0.0009199281457968615,False,False,False,True,100000,False,True,False,1.0800067273216252,-0.1359857857997367,9.797668238770974,0.27048857021747463,True,Cruise
1,254,1675451051.0179968,49.90124915190313,0.0013166779746249455,False,False,False,True,100000,False,True,False,1.0800067273216252,-0.1359857857997367,9.797668238770974,0.861344390286254,True,Cruise
1,255,1675451051.118009,49.90124915190313,0.0013166779746249455,False,False,False,True,100000,False,True,False,0.1333123921938137,-0.010166819852194002,9.868933561574583,0.11107573608978735,True,Cruise
1,256,1675451051.218057,49.90124915190313,0.0013166779746249455,False,False,False,True,100000,False,True,False,-0.17030835443731449,-0.028723095830236002,9.874800243129453,0.03916822284321511,True,Cruise
1,257,1675451051.3181577,49.90124915190313,0.0013166779746249455,False,False,False,True,100000,False,True,False,-0.08186778931300154,-0.07152351068607149,9.839729556301092,0.057773045352993574,True,Cruise
1,258,1675451051.4180791,49.90124915190313,0.0013166779746249455,False,True,False,True,100000,False,True,False,-0.027375980495306394,-0.08145228548041968,9.823304363084027,0.057773045352993574,True,Cruise
1,259,1675451051.5180035,49.94484738033718,0.0007353682621708868,False,True,False,True,100000,False,True,False,-0.027375980495306394,-0.08145228548041968,9.823304363084027,0.057773045352993574,True,Cruise
1,260,1675451051.6180718,49.94484738033718,0.0007353682621708868,False,True,False,True,100000,False,True,False,0.29016803765497073,-0.06230730073973716,9.76060897212837,0.09886356604292745,True,Cruise
1,261,1675451051.7181475,49.94484738033718,0.0007353682621708868,False,True,False,True,100000,False,True,False,0.09792468333852669,-0.03207992597520346,9.768138598708445,0.07233057964298199,True,Cruise
1,262,1675451051.8180094,49.94484738033718,0.0007353682621708868,False,True,False,True,100000,False,True,False,-0.022493525887800743,0.052408500663449105,9.763846093484965,0.0237147394623522,True,Cruise
1,263,1675451051.917962,49.62698120468686,0.0049735839375086455,False,True,True,True,100000,False,True,False,-0.022493525887800743,0.052408500663449105,9.763846093484965,0.0237147394623522,True,Cruise
1,264,1675451052.018136,49.62698120468686,0.0049735839375086455,False,True,True,True,100000,False,True,False,-0.022493525887800743,0.052408500663449105,9.763846093484965,1.0341413917719813,True,Cruise
1,265,1675451052.1181483,49.62698120468686,0.0049735839375086455,False,True,True,True,100000,False,True,False,-1.9072698075246048,0.1088607562809808,9.93313453117923,0.8647767746744222,True,Cruise
1,266,1675451052.2181425,49.62698120468686,0.0049735839375086455,False,True,True,True,100000,False,True,False,-2.3383025973261,3.132512962110664,8.256618604053768,4.686576097662021,True,Cruise
1,267,1675451052.3179986,49.62698120468686,0.0049735839375086455,False,True,True,True,100000,False,True,False,-0.46713071839260056,0.3195741440601067,9.776305087618752,1.094314886064289,True,Cruise
1,268,1675451052.4180152,49.6311500606269,0.004917999191641305,True,True,True,True,16.613311125634688,False,False,False,-0.2736105941236932,0.3186729149228868,9.748634200254429,0.1954904824244397,True,Keep distance
1,269,1675451052.5180652,30.919966688452032,0.004917999191641305,True,True,True,True,16.613311125634688,False,False,False,-0.1453550814555203,0.24477799574398085,9.733852537227293,0.14875628784048328,True,Keep distance
1,270,1675451052.61815,30.919966688452032,0.004917999191641305,True,True,True,True,16.613311125634688,False,False,False,-1.1731833273212127,0.18534314736188628,9.834883440304056,0.930040514956242,True,Keep distance
1,271,1675451052.71801,30.919966688452032,0.004917999191641305,True,True,True,True,16.613311125634688,False,False,False,-2.7798119734341395,0.1483379365703867,9.957259785960858,0.6816939939238394,True,Keep distance
1,272,1675451052.8180015,30.919966688452032,0.004917999191641305,True,True,True,True,16.613311125634688,False,False,False,-3.466601745762553,0.13755214285834208,9.97819388119358,0.4366140823018513,True,Keep distance
1,273,1675451052.9182549,30.919966688452032,0.005606242463184114,True,True,True,False,16.613311125634688,False,False,False,-3.6020499949518934,0.14061315958112452,9.96586693421905,0.13604246268554418,True,Keep distance
1,274,1675451053.0181444,30.919966688452032,0.005606242463184114,True,True,True,False,16.613311125634688,False,False,False,-3.7418019804775717,0.15779364194927503,9.925630658162286,0.14644024154476104,True,Keep distance
1,275,1675451053.1180112,30.919966688452032,0.005606242463184114,True,True,True,False,16.613311125634688,False,False,False,-3.8059972718463673,0.18233380917633485,9.90416081951424,0.08054595610292234,True,Keep distance
1,276,1675451053.2180116,30.919966688452032,0.005606242463184114,True,True,True,False,16.613311125634688,False,False,False,-4.050056402148506,0.24720626587173236,9.844896199765191,0.09124763512558637,True,Keep distance
1,277,1675451053.3180175,30.919966688452032,0.005606242463184114,True,True,True,False,16.613311125634688,False,False,False,-4.283610457109109,0.3093775792486481,9.791012541564085,0.07442205039449142,True,Keep distance
1,278,1675451053.4182236,30.919966688452032,0.009892125871525348,True,True,True,False,16.613311125634688,False,False,False,-4.283610457109109,0.3093775792486481,9.791012541564085,0.07442205039449142,True,Keep distance
1,279,1675451053.5180395,28.57481935412273,0.009892125871525348,True,True,True,False,15.049879569415154,False,False,False,-4.440718454359103,0.6145682402307071,9.722220477089708,0.35008086278061074,True,Keep distance
1,280,1675451053.618099,28.57481935412273,0.009892125871525348,True,True,True,False,15.049879569415154,False,False,False,-4.462750471626017,0.6269167796428481,9.711595572534327,0.021259761507696304,True,Keep distance
1,281,1675451053.7180245,28.57481935412273,0.009892125871525348,True,True,True,False,15.049879569415154,False,False,False,-4.47560149779945,0.5874333510434754,9.694327252931064,0.024962063790345948,True,Keep distance
1,282,1675451053.818083,28.57481935412273,0.015547206375650645,True,True,True,False,15.049879569415154,False,False,False,-4.43323441474026,0.529110119569035,9.680277380319747,0.024602772508386286,True,Keep distance
1,283,1675451053.9180388,28.57481935412273,0.015547206375650645,True,True,True,False,15.049879569415154,False,False,False,-4.43323441474026,0.529110119569035,9.680277380319747,0.026455541662237875,True,Keep distance
1,284,1675451054.018009,28.57481935412273,0.015547206375650645,True,True,True,False,15.049879569415154,False,False,False,-4.43323441474026,0.529110119569035,9.680277380319747,0.11863205888855184,True,Keep distance
1,285,1675451054.1179748,28.57481935412273,0.015547206375650645,True,True,True,False,15.049879569415154,False,False,False,-4.305969546415086,0.6151378125075713,9.685401658076552,0.03842389440136022,True,Keep distance
1,286,1675451054.21801,28.57481935412273,0.015547206375650645,True,True,True,False,15.049879569415154,False,False,False,-4.225070572376992,0.6189109866277761,9.697031458933555,0.04186630053825181,True,Keep distance
1,287,1675451054.3180392,28.57481935412273,0.010162936905997556,True,True,True,False,15.049879569415154,False,False,False,-4.183221150954023,0.6282577215860531,9.70476249495025,0.04357183087395953,True,Keep distance
1,288,1675451054.4180977,28.57481935412273,0.010162936905997556,True,True,True,False,15.049879569415154,False,False,False,-4.100681635806563,0.6575358883655261,9.723356998874351,0.04479849251316495,True,Keep distance
1,289,1675451054.5180037,28.57481935412273,0.010162936905997556,True,True,True,False,15.049879569415154,False,False,False,-4.100681635806563,0.6575358883655261,9.723356998874351,0.11954334211521944,True,Keep distance
1,290,1675451054.6179845,28.57481935412273,0.010162936905997556,True,True,True,False,15.049879569415154,False,False,False,-4.100681635806563,0.6575358883655261,9.723356998874351,0.05282042787881689,True,Keep distance
1,291,1675451054.7180007,28.57481935412273,0.012338672376500466,True,True,True,False,15.049879569415154,False,False,False,-3.8964997060085094,0.593484054070859,9.791517439841666,0.026147949956330425,True,Keep distance
1,292,1675451054.8179991,28.57481935412273,0.012338672376500466,True,True,True,False,15.049879569415154,False,False,False,-3.8547983448612073,0.5671859682916834,9.813904994974779,0.029635556661466167,True,Keep distance
1,293,1675451054.9181347,28.57481935412273,0.012338672376500466,True,True,True,False,13.626201458109522,False,False,False,-3.8399485736005152,0.5785055260735049,9.824331868764112,0.0213861588858204,True,Keep distance
1,294,1675451055.0181296,26.439302187164284,0.012338672376500466,True,True,True,False,13.626201458109522,False,False,False,-3.8399485736005152,0.5785055260735049,9.824331868764112,0.0213861588858204,True,Keep distance
1,295,1675451055.1179984,26.439302187164284,0.012338672376500466,True,True,True,False,13.626201458109522,False,False,False,-3.810049401803781,0.5173767113812141,9.863004039310086,0.013726480788851003,True,Keep distance
1,296,1675451055.2179885,26.439302187164284,0.02475789350882869,True,True,True,False,13.626201458109522,False,False,False,-3.8122301753007846,0.5077633280841138,9.867612781736574,0.009418742605479495,True,Keep distance
1,297,1675451055.3180695,26.439302187164284,0.02475789350882869,True,True,True,False,13.626201458109522,False,False,False,-3.816720356099787,0.5002603857207591,9.871113759393275,0.04605170443252334,True,Keep distance
1,298,1675451055.4180481,26.439302187164284,0.02475789350882869,True,True,True,False,13.626201458109522,False,False,False,-3.8365026368904065,0.6131558463942147,9.875286015142278,0.15898300557925688,True,Keep distance
1,299,1675451055.5181253,26.439302187164284,0.02475789350882869,True,True,True,False,13.626201458109522,False,False,False,-3.8761887545781653,0.7684209806093119,9.873250902706237,0.01999280468866126,True,Keep distance
1,300,1675451055.6181269,26.439302187164284,0.015474109961000683,True,True,True,False,13.626201458109522,False,False,False,-3.8889204329148552,0.7879035145157588,9.870514341612775,0.023434024991517047,True,Keep distance
1,301,1675451055.7180347,26.439302187164284,0.015474109961000683,True,True,True,False,13.626201458109522,False,False,False,-3.8889204329148552,0.7879035145157588,9.870514341612775,0.03208578326416118,True,Keep distance
1,302,1675451055.817998,26.439302187164284,0.015474109961000683,True,True,True,False,13.626201458109522,False,False,False,-3.934265797966382,0.8369831513261848,9.85221983488573,0.049092826395028585,True,Keep distance
1,303,1675451055.9180229,26.439302187164284,0.015474109961000683,True,True,True,False,12.501461356285033,False,False,False,-3.9427493423738116,0.7889760029166294,9.846436342919581,0.049092826395028585,True,Keep distance
1,304,1675451056.018036,24.752192034427548,0.015474109961000683,True,True,True,False,12.501461356285033,False,False,False,-3.9630804335802194,0.796073297526162,9.834765507188333,0.024493535210000954,True,Keep distance
1,305,1675451056.1180987,24.752192034427548,0.020544443333631836,True,True,True,False,12.501461356285033,False,False,False,-3.992076378670969,0.7637350137285105,9.817547292609504,0.01619668205035424,True,Keep distance
1,306,1675451056.2181058,24.752192034427548,0.020544443333631836,True,True,True,False,12.501461356285033,False,False,False,-3.999695727445502,0.7205845852694684,9.812103324054625,0.04415484962689136,True,Keep distance
1,307,1675451056.3180356,24.752192034427548,0.020544443333631836,True,True,True,False,12.501461356285033,False,False,False,-4.020633061179643,0.7532983413852342,9.79796112625517,0.016081739917936187,True,Keep distance
1,308,1675451056.4180636,24.752192034427548,0.020544443333631836,True,True,True,False,12.501461356285033,False,False,False,-4.020633061179643,0.7532983413852342,9.79796112625517,0.016081739917936187,True,Keep distance
1,309,1675451056.5180843,24.752192034427548,0.02313561990420154,True,True,True,False,12.501461356285033,False,False,False,-4.020633061179643,0.7532983413852342,9.79796112625517,0.016081739917936187,True,Keep distance
1,310,1675451056.6180062,24.752192034427548,0.02313561990420154,True,True,True,False,12.501461356285033,False,False,False,-4.026243289237004,0.6915625570478897,9.78446655688466,0.013827008268068982,True,Keep distance
1,311,1675451056.718001,24.752192034427548,0.02313561990420154,True,True,True,False,12.501461356285033,False,False,False,-4.0242963001519225,0.7252275490660248,9.780030292247185,0.018690025968351637,True,Keep distance
1,312,1675451056.8179982,24.752192034427548,0.02840033460708113,True,True,True,False,12.501461356285033,False,False,False,-4.022262519078286,0.7303764530384856,9.779528959662896,0.0031004807407243504,True,Keep distance
1,313,1675451056.918001,24.752192034427548,0.027833122939322358,True,True,True,False,11.374943736812405,False,False,False,-4.019416184147979,0.7316044400151659,9.77947059637629,0.0031004807407243504,True,Keep distance
1,314,1675451057.0179996,23.062415605218607,0.023709174918608314,True,True,True,False,11.374943736812405,False,False,False,-4.019416184147979,0.7316044400151659,9.77947059637629,0.0031004807407243504,True,Keep distance
1,315,1675451057.1180215,23.062415605218607,0.024416256691087584,True,True,True,False,11.374943736812405,False,False,False,-4.014967512463928,0.8601296258815515,9.78232043982588,0.12863372687374264,True,Keep distance
1,316,1675451057.2179952,23.062415605218607,0.05397152790425068,True,True,True,False,11.374943736812405,False,False,False,-4.011283799750158,0.8777785511541739,9.78370775558585,0.05773881034979261,True,Keep distance
1,317,1675451057.318138,23.062415605218607,0.013364286546813061,True,True,True,False,11.374943736812405,False,False,False,-3.9976935663651894,0.7073044426376358,9.786865185717827,0.11340240875960275,True,Keep distance
1,318,1675451057.4182465,23.062415605218607,0.006462562897779155,True,True,True,False,11.374943736812405,False,False,False,-4.013588868862117,1.193003421694973,9.790855553686203,0.4859753923146022,True,Keep distance
1,319,1675451057.518132,23.062415605218607,-0.006625201796245425,True,True,True,False,11.374943736812405,False,False,False,-3.976394581699901,0.7196621207785545,9.792502916513458,0.2957554475240495,True,Keep distance
1,320,1675451057.617992,23.062415605218607,-0.0060141636428549675,True,True,False,False,11.374943736812405,False,False,False,-3.976394581699901,0.7196621207785545,9.792502916513458,0.2957554475240495,True,Keep distance
1,321,1675451057.7186396,23.062415605218607,-0.013725788591890635,True,True,False,False,11.374943736812405,False,False,False,-3.9404681610079493,0.33171883583213446,9.798842042464434,0.38965482745190866,True,Keep distance
1,322,1675451057.8183806,23.062415605218607,-0.012078613555176499,True,True,False,False,11.374943736812405,False,False,False,-3.9381450072200166,0.28695507301735146,9.801821872895296,0.044922943962492315,True,Keep distance
1,323,1675451057.9181309,23.062415605218607,-0.012078613555176499,True,True,False,False,11.374943736812405,False,False,False,-3.9368222471115195,-0.020657012966908278,9.807596813750203,0.1129511230027016,True,Keep distance
1,324,1675451058.0180242,23.062415605218607,-0.02775862370023691,True,True,False,False,11.374943736812405,False,False,False,-3.9411729958424524,-0.212024783879321,9.813054623960356,0.07854963489145049,True,Keep distance
1,325,1675451058.1180558,23.062415605218607,-0.02671517781518839,True,True,False,False,11.374943736812405,False,False,False,-3.9431002867830123,-0.29506701167732036,9.815370705693764,0.08309687288111513,True,Keep distance
1,326,1675451058.2182028,21.80475341297744,-0.02671517781518839,True,True,False,False,10.536502275318295,False,False,False,-3.9431002867830123,-0.29506701167732036,9.815370705693764,0.08309687288111513,True,Keep distance
1,327,1675451058.3180661,21.80475341297744,-0.014389149719353221,True,True,False,False,10.536502275318295,False,False,False,-3.9500435512449434,-0.8837110953294299,9.821444519537197,0.08690499513546826,True,Keep distance
1,328,1675451058.418004,21.80475341297744,-0.014389149719353221,True,True,False,False,10.536502275318295,False,False,False,-3.9554513929207302,-0.980684229251677,9.822862605020733,0.08224547094593923,True,Keep distance
1,329,1675451058.517972,21.80475341297744,-0.015708401675315568,True,True,False,False,10.536502275318295,False,False,False,-3.956612410536955,-0.9572407031587923,9.822863436062233,0.1056559867672366,True,Keep distance
1,330,1675451058.6188703,21.80475341297744,-0.015708401675315568,True,True,False,False,10.536502275318295,False,False,False,-3.9579328083008747,-0.8799378785453281,9.821390339570039,0.012597204928228294,True,Keep distance
1,331,1675451058.7180033,21.80475341297744,-0.01493184752951607,True,True,False,False,10.536502275318295,False,False,False,-3.960052405582032,-0.8687190708089159,9.820661830686387,0.011440501075321553,True,Keep distance
1,332,1675451058.8179712,21.80475341297744,-0.01601828786287879,True,True,False,False,10.536502275318295,False,False,False,-3.9623167684377414,-0.8367188819487403,9.819795181418614,0.032091907191417406,True,Keep distance
1,333,1675451058.917964,21.80475341297744,-0.01601828786287879,True,True,False,False,10.536502275318295,False,False,False,-3.9661805222759914,-0.7114580550243595,9.817670537122572,0.06669893910316795,True,Keep distance
1,334,1675451059.018072,21.80475341297744,-0.00997991118431247,True,True,False,False,10.536502275318295,False,False,False,-3.968390561915109,-0.6618346432092282,9.816528357785282,0.04968573083913645,True,Keep distance
1,335,1675451059.1179786,21.80475341297744,-0.00997991118431247,True,True,False,False,10.536502275318295,False,False,False,-3.9721590949105687,-0.5731789804697422,9.81409124841791,0.03636566985460251,True,Keep distance
1,336,1675451059.2179894,20.666885194314283,-0.00997991118431247,True,True,False,False,9.777923462876188,False,False,False,-3.9721590949105687,-0.5731789804697422,9.81409124841791,0.03636566985460251,True,Keep distance
1,337,1675451059.3181922,20.666885194314283,-0.007594891663598373,True,True,False,False,9.777923462876188,False,False,False,-3.9716851632780816,-0.30241215835742336,9.810147635575778,0.27079595390301725,True,Keep distance
1,338,1675451059.418054,20.666885194314283,-0.007594891663598373,True,True,False,False,9.777923462876188,False,False,False,-3.971690359391964,-0.22945096935354972,9.809005181602588,0.05855133853401374,True,Keep distance
1,339,1675451059.5180657,20.666885194314283,-0.011159821745617589,True,True,False,False,9.777923462876188,False,False,False,-3.9721152504665933,-0.1709095892956232,9.808012441650343,0.05855133853401374,True,Keep distance
1,340,1675451059.6179986,20.666885194314283,-0.00911726694449873,True,True,False,False,9.777923462876188,False,False,False,-3.9735424021291714,-0.07660481049464789,9.806404520348119,0.04950921997333306,True,Keep distance
1,341,1675451059.7179728,20.666885194314283,-0.00911726694449873,True,True,False,False,9.777923462876188,False,False,False,-3.976382921185481,-0.07848766665655685,9.805381319170303,0.0040882762392972505,True,Keep distance
1,342,1675451059.817975,20.666885194314283,-0.00911726694449873,True,True,False,False,9.777923462876188,False,False,False,-3.976382921185481,-0.07848766665655685,9.805381319170303,0.0040882762392972505,True,Keep distance
1,343,1675451059.9179273,20.666885194314283,-0.015095071700179976,True,True,False,False,9.777923462876188,False,False,False,-3.975665408968054,-0.002817156055971131,9.804022370378732,0.006245429101720506,True,Keep distance
1,344,1675451060.0179794,20.666885194314283,-0.005551839021438802,True,True,False,False,9.777923462876188,False,False,False,-3.975665408968054,-0.002817156055971131,9.804022370378732,0.015936482142380616,True,Keep distance
1,345,1675451060.118129,20.666885194314283,-0.010909852263347895,True,True,False,False,9.777923462876188,False,False,False,-3.9771328628231855,-0.11104562760370881,9.804300719604884,0.051431242347411615,True,Keep distance
1,346,1675451060.218149,20.666885194314283,-0.010909852263347895,True,True,False,False,9.777923462876188,False,False,False,-3.9743677301919593,-0.08096942529246431,9.804451142086394,0.0857664677492789,True,Keep distance
1,347,1675451060.317999,20.666885194314283,-0.010909852263347895,True,True,False,False,9.777923462876188,False,False,False,-3.9743677301919593,-0.08096942529246431,9.804451142086394,0.04515816620677479,True,Keep distance
1,348,1675451060.417981,20.666885194314283,-0.005260162813206073,True,True,False,False,9.777923462876188,False,False,False,-3.971840032414511,-0.12604553422798928,9.80545867488351,0.04515816620677479,True,Keep distance
1,349,1675451060.5180323,20.666885194314283,-0.01567868105036514,True,True,False,False,9.777923462876188,False,False,False,-3.971560363503676,-0.18569565697400744,9.806407153658137,0.02764711061233467,True,Keep distance
1,350,1675451060.6180615,20.666885194314283,-0.01567868105036514,True,True,False,False,9.777923462876188,False,False,False,-3.9698838754731467,-0.17483597539102555,9.807857283910673,0.10445372796721808,True,Keep distance
1,351,1675451060.7180147,20.666885194314283,-0.01567868105036514,True,True,False,False,9.777923462876188,False,False,False,-3.9710741275722308,-0.24670082280849664,9.808456056382367,0.0718771975167969,True,Keep distance
