repetition,iteration,time,speed,steering,obstacle_North,obstacle_NorthWest,obstacle_SouthWest,obstacle_West,obstacle_distance,follow_enable,steady_motion_enable,passing_start,accel_x,accel_y,accel_z,accel_diff,success,action
1,1,1675451525.3137794,0.0,0.0,False,True,False,True,100000,False,True,False,0.07973820337986726,-1.0651075501589031e-13,9.857497395253734,0.006559463019362985,True,Cruise
1,2,1675451525.313947,0.0,0.0,False,True,False,True,100000,False,True,False,0.07973820337986726,-1.0651075501589031e-13,9.857497395253734,0.006559463019362985,True,Cruise
1,3,1675451525.4141405,0.0,0.0,False,True,False,True,100000,False,True,False,0.08523919028578417,9.546329569851477e-14,9.85645303809835,0.005599244485381257,True,Cruise
1,4,1675451525.5141034,49.45508026713759,-0.007265596438165494,False,True,False,True,100000,False,True,False,0.0930624465344321,-3.2206174872670513e-13,9.852677493585901,0.00868666073341703,True,Cruise
1,5,1675451525.6140795,49.624610798379365,-0.005005189354941817,False,True,False,True,100000,False,True,False,1.08308195712533,2.511015458352972e-13,9.75220941733545,0.9121760192793787,True,Cruise
1,6,1675451525.7140808,49.624610798379365,-0.005005189354941817,False,True,False,True,100000,False,True,False,1.9918988224087577,0.021967171778050996,9.67714651778539,0.6774609859451654,True,Cruise
1,7,1675451525.8140395,49.5947749238067,-0.005403001015910658,False,True,False,True,100000,False,True,False,3.5409348253650346,-0.004151329706138838,9.612377088440619,0.16073585843898758,True,Cruise
1,8,1675451525.9140875,49.5947749238067,-0.005403001015910658,False,True,False,True,100000,False,True,False,3.5409348253650346,-0.004151329706138838,9.612377088440619,0.16073585843898758,True,Cruise
1,9,1675451526.0140958,49.882009872334685,-0.0015732017022042093,False,True,False,True,100000,False,True,False,3.7368695600286683,-0.0023677415506883613,9.64784777117474,0.19912752388366997,True,Cruise
1,10,1675451526.1141884,49.882009872334685,-0.0015732017022042093,False,True,False,True,100000,False,True,False,3.828246860971816,-0.00340399962511971,9.667798943085257,0.09353573765708172,True,Cruise
1,11,1675451526.2141995,49.65681012480109,-0.004575865002652069,False,True,False,True,100000,False,True,False,4.142073422575825,0.0006539872837661087,9.725863734746167,0.1109038427624833,True,Cruise
1,12,1675451526.3142042,49.65681012480109,-0.004575865002652069,False,True,False,True,100000,False,True,False,4.142073422575825,0.0006539872837661087,9.725863734746167,0.10656678085474218,True,Cruise
1,13,1675451526.4141123,48.85266981859833,-0.015297735752022274,False,True,False,True,100000,False,True,False,4.246246310767342,0.012896595252557895,9.744694738375895,0.098697494468792,True,Cruise
1,14,1675451526.5141108,48.85266981859833,-0.015297735752022274,False,True,False,False,100000,False,True,False,4.426138877171888,-0.007975071684321438,9.78199247108468,0.1359979781916962,True,Cruise
1,15,1675451526.614094,49.193846008431414,-0.010748719887581148,False,True,False,False,100000,False,True,False,4.597135321501347,-0.02747885337572197,9.834609005451409,0.04252333424601702,True,Cruise
1,16,1675451526.7141402,49.23609139958014,-0.010185448005598157,False,True,False,False,100000,False,True,False,4.627239193508428,-0.0531545797373938,9.850189375196068,0.03226544571023847,True,Cruise
1,17,1675451526.8141682,49.23609139958014,-0.010185448005598157,False,True,False,False,100000,False,True,False,4.651870441713399,-0.021599910924575395,9.876778867357626,0.016636192851971876,True,Cruise
1,18,1675451526.9141283,49.409661000023334,-0.007871186666355503,False,True,False,False,100000,False,True,False,4.635482590008471,-0.016743788757918286,9.896002299514494,0.023701541794939815,True,Cruise
1,19,1675451527.0141249,49.409661000023334,-0.007871186666355503,False,True,False,False,100000,False,True,False,4.614466551380062,-0.025537806820112717,9.902540988232294,0.023701541794939815,True,Cruise
1,20,1675451527.1141455,49.95760025716915,-0.00056532990441137,False,True,False,False,100000,False,True,False,4.512728808304666,-0.01653557748485732,9.909427476474887,0.03934564577738614,True,Cruise
1,21,1675451527.2141151,49.572272019872635,-0.005703039735031467,False,True,False,False,100000,False,True,False,4.46940535353477,-0.0181856154323493,9.907596235133095,0.051192778088021494,True,Cruise
1,22,1675451527.3141043,49.572272019872635,-0.005703039735031467,False,True,False,False,100000,False,True,False,4.3750715226546815,0.010475422888878724,9.898281289078982,0.051786230319257796,True,Cruise
1,23,1675451527.4140449,49.93155248190887,-0.0009126335745483715,False,True,False,False,100000,False,True,False,4.325802877699188,-0.003771595094771339,9.891109346977826,0.050767702598656435,True,Cruise
1,24,1675451527.514089,49.93155248190887,-0.0009126335745483715,False,True,False,False,100000,False,True,False,4.227617355426205,-0.013927920606366781,9.872600248382044,0.049807691215877144,True,Cruise
1,25,1675451527.6140647,49.57956329624903,-0.005605822716679597,False,True,False,False,100000,False,True,False,4.135114155292483,-0.0011718553293636072,9.849888230013661,0.09610096261066521,True,Cruise
1,26,1675451527.7140944,49.57956329624903,-0.005605822716679597,False,True,False,False,100000,False,True,False,4.0924834939703585,0.008466053563488651,9.837509276985584,0.04542577517951594,True,Cruise
1,27,1675451527.8140514,49.752207402572274,-0.003303901299036339,False,True,False,False,100000,False,True,False,4.01651867946575,-0.0020275882725248415,9.811839616744999,0.046156883276232984,True,Cruise
1,28,1675451527.9141278,49.752207402572274,-0.003303901299036339,False,True,False,False,100000,False,True,False,3.9839349108780957,-0.01781342340410191,9.798970508561768,0.03842536286890275,True,Cruise
1,29,1675451528.014071,49.74634590432424,-0.0033820546090102196,False,True,False,False,100000,False,True,False,3.910285834928591,0.00285604364075403,9.762561008157393,0.023677003926691954,True,Cruise
1,30,1675451528.1141245,49.74634590432424,-0.0033820546090102196,False,True,False,False,100000,False,True,False,3.910285834928591,0.00285604364075403,9.762561008157393,0.023677003926691954,True,Cruise
1,31,1675451528.2140925,49.887884332868026,-0.0014948755617596378,False,True,False,False,100000,False,True,False,3.881354810773313,0.001929843272481114,9.741806538491629,0.012462483135982099,True,Cruise
1,32,1675451528.314078,49.685670747845855,-0.004191056695388614,False,True,False,False,100000,False,True,False,3.867655018326019,-0.004880230846131163,9.725054184980815,0.011113054794661929,True,Cruise
1,33,1675451528.4140806,49.685670747845855,-0.004191056695388614,False,True,False,False,100000,False,True,False,3.866056800795266,0.0049368230885179125,9.718384333389354,0.012483566472472485,True,Cruise
1,34,1675451528.5140936,49.685670747845855,-0.004191056695388614,False,True,False,False,100000,False,True,False,3.8786969902266106,-0.006124419937974266,9.705706304169274,0.010231033012048307,True,Cruise
1,35,1675451528.6141005,49.53113835416209,-0.0062514886111722165,False,True,False,False,100000,False,True,False,3.887752782325488,-0.008029802205916516,9.703921604534754,0.009424595742552076,True,Cruise
1,36,1675451528.7140996,49.7787375419173,-0.002950166107769361,False,True,False,False,100000,False,True,False,3.9111926996317474,-0.0021994747605903727,9.703814548068951,0.024154376467441296,True,Cruise
1,37,1675451528.8140976,49.7787375419173,-0.002950166107769361,False,True,False,False,100000,False,True,False,3.924862329808168,-0.014433592914435184,9.705372970719504,0.024154376467441296,True,Cruise
1,38,1675451528.9140966,49.75473079884237,-0.0032702560154350916,False,True,False,False,100000,False,True,False,3.9546518397076365,-0.03137622074943243,9.711281611278466,0.024553917426198064,True,Cruise
1,39,1675451529.0140898,49.308845977045785,-0.0092153869727229,False,True,False,False,100000,False,True,False,3.9859034644283873,-0.004840351795732894,9.720228583044578,0.016375137108501206,True,Cruise
1,40,1675451529.1140912,49.308845977045785,-0.0092153869727229,False,True,False,False,100000,False,True,False,4.0162112071277996,0.007958226309167071,9.731356394031218,0.021548931553105943,True,Cruise
1,41,1675451529.2141364,49.308845977045785,-0.0092153869727229,False,True,False,False,100000,False,True,False,4.043684625407137,-0.044859729701803394,9.74375499419785,0.060813242597482255,True,Cruise
1,42,1675451529.31416,49.308845977045785,-0.0092153869727229,False,True,False,False,100000,False,True,False,4.056158811084069,-0.047615201905947147,9.750122987115708,0.014274076823818748,True,Cruise
1,43,1675451529.4141726,49.308845977045785,-0.0092153869727229,False,True,False,False,100000,False,True,False,4.0779990323249,-0.04522117184266729,9.762672355172933,0.013169116269796525,True,Cruise
1,44,1675451529.5142329,49.44684465688438,-0.007375404574874927,False,True,False,False,100000,False,True,False,4.095126946816993,-0.04658021340586105,9.774363408494434,0.011007760556112186,True,Cruise
1,45,1675451529.6141806,49.44684465688438,-0.007375404574874927,False,True,False,False,100000,False,True,False,4.107357582355773,-0.043775065449640695,9.784575800085772,0.012213474667688701,True,Cruise
1,46,1675451529.7141035,49.71301939821026,-0.003826408023863283,False,True,False,False,100000,False,True,False,4.107357582355773,-0.043775065449640695,9.784575800085772,0.011698421188799213,True,Cruise
1,47,1675451529.8141081,49.71301939821026,-0.003826408023863283,False,True,False,False,100000,False,True,False,4.116539506905164,-0.040685196472787025,9.796218213069725,0.0038987255871644976,True,Cruise
1,48,1675451529.9140847,49.71301939821026,-0.003826408023863283,False,True,False,False,100000,False,True,False,4.117343703139662,-0.028352103958978466,9.80116971254067,0.02290254319809753,True,Cruise
1,49,1675451530.0141804,49.39324996353907,0.008090000486145714,False,True,False,False,100000,False,True,False,4.1145004895722,-0.013820752641215388,9.80384066518038,0.004030458500767418,True,Cruise
1,50,1675451530.1141737,49.39324996353907,0.008090000486145714,False,True,False,False,100000,False,True,False,4.1085876400310815,-0.011712004655068104,9.804364126776433,0.0034537751384481545,True,Cruise
1,51,1675451530.2141516,49.92439028573605,-0.0010081295235193043,False,True,False,False,100000,False,True,False,4.1085876400310815,-0.011712004655068104,9.804364126776433,0.0034537751384481545,True,Cruise
1,52,1675451530.3142629,49.92439028573605,-0.0010081295235193043,False,True,False,False,100000,False,True,False,4.096853200651217,0.07411181077656376,9.801570837470795,0.038821745007569526,True,Cruise
1,53,1675451530.4141488,49.92439028573605,-0.0010081295235193043,False,True,False,False,100000,False,True,False,4.086924560095578,0.05167725788786425,9.797957753035336,0.059059422990902,True,Cruise
1,54,1675451530.5141625,49.450455709573575,0.007327257205685615,False,True,False,False,100000,False,True,False,4.0767754335577155,0.02042387690173794,9.793336931944582,0.006660809657917468,True,Cruise
1,55,1675451530.6141703,49.450455709573575,0.007327257205685615,False,True,False,False,100000,False,True,False,4.067316746940337,0.006158189788317504,9.78809520997316,0.01977617686653901,True,Cruise
1,56,1675451530.7141514,49.53109239569463,0.006252101390738238,False,True,False,False,100000,False,True,False,4.067316746940337,0.006158189788317504,9.78809520997316,0.01977617686653901,True,Cruise
1,57,1675451530.814158,49.53109239569463,0.006252101390738238,False,True,False,False,100000,False,True,False,4.055037291564665,0.09444807211262359,9.77996808130831,0.08950943282971899,True,Cruise
1,58,1675451530.9141994,49.53109239569463,0.006252101390738238,False,True,False,False,100000,False,True,False,4.048286176793198,0.08224227696246822,9.774901360391263,0.01214143946884829,True,Cruise
1,59,1675451531.0141854,49.28066071644409,0.00959119044741216,False,True,False,False,100000,False,True,False,4.043099045527123,0.07499677804540626,9.770417887878432,0.009816810410830277,True,Cruise
1,60,1675451531.1142251,49.28066071644409,0.00959119044741216,False,True,False,False,100000,False,True,False,4.039369883960336,0.08900254708836866,9.766729693942288,0.023543436279399806,True,Cruise
1,61,1675451531.2141647,49.848540376737056,0.0020194616435059145,False,True,False,False,100000,False,True,False,4.037098487172203,0.10175286776448352,9.763946905657727,0.01324665359060886,True,Cruise
1,62,1675451531.314222,49.848540376737056,0.0020194616435059145,False,True,False,False,100000,False,True,False,4.03655060925061,0.09999420363577342,9.762906821734296,0.002115382779158795,True,Cruise
1,63,1675451531.4141726,49.848540376737056,0.0020194616435059145,False,True,False,False,100000,False,True,False,4.037834411180803,0.035392200587459406,9.761110340577298,0.028684828570588263,True,Cruise
1,64,1675451531.514149,49.32542851792526,0.008994286427663261,False,True,False,False,100000,False,True,False,4.039636318961367,0.005378610162728172,9.761062416634342,0.00827431247466837,True,Cruise
1,65,1675451531.614171,49.32542851792526,0.008994286427663261,False,True,False,False,100000,False,True,False,4.039636318961367,0.005378610162728172,9.761062416634342,0.02180634154785943,True,Cruise
1,66,1675451531.714154,48.762120606658065,-0.016505058577892442,False,True,False,False,100000,False,True,False,4.040324705172616,0.05389225481473543,9.761383410812064,0.02363108753989319,True,Cruise
1,67,1675451531.8142705,48.762120606658065,-0.016505058577892442,False,True,False,False,100000,False,True,False,4.042362194234506,0.07740989291628335,9.762477775817626,0.005530210308705111,True,Cruise
1,68,1675451531.914154,48.762120606658065,-0.016505058577892442,False,True,False,False,100000,False,True,False,4.045322361209671,0.14035370205345774,9.764040861902407,0.19109821280402872,True,Cruise
1,69,1675451532.014177,48.14738722762485,0.02470150363166876,False,True,False,False,100000,False,True,False,4.04860183656699,-0.05071485044723252,9.764802585976826,0.026457353259183324,True,Cruise
1,70,1675451532.1141527,48.14738722762485,0.02470150363166876,False,True,False,False,100000,False,True,False,4.054241020831877,0.010114018125953621,9.76912840411365,0.3074856184254498,True,Cruise
1,71,1675451532.2141747,48.42590912790224,0.020987878294636823,False,True,False,False,100000,False,True,False,4.054241020831877,0.010114018125953621,9.76912840411365,0.3074856184254498,True,Cruise
1,72,1675451532.314244,48.42590912790224,0.020987878294636823,False,True,False,False,100000,False,True,False,4.054886734859836,0.16878454978494292,9.773589293202162,0.03411971371162754,True,Cruise
1,73,1675451532.4140851,48.42590912790224,0.020987878294636823,False,True,False,False,100000,False,True,False,4.055514831336399,0.1615481764694371,9.774467835213164,0.007316518298366446,True,Cruise
1,74,1675451532.5141406,49.73392026576662,0.003547729789778392,False,True,False,False,100000,False,True,False,4.056135679510273,0.17708509032233002,9.77525815692079,0.025011852941700486,True,Cruise
1,75,1675451532.6141276,49.73392026576662,0.003547729789778392,False,True,False,False,100000,False,True,False,4.057130000844281,0.22771905256311015,9.776571785890441,0.07211093995032984,True,Cruise
1,76,1675451532.714089,49.73392026576662,0.003547729789778392,False,True,False,False,100000,False,True,False,4.057643992865044,0.2998263869607524,9.777077551438163,0.07211093995032984,True,Cruise
1,77,1675451532.8141584,48.59073282510034,0.018790228998662152,False,True,False,False,100000,False,True,False,4.0650847976213464,0.10516080798326106,9.777545310852728,0.0007084783902512984,True,Cruise
1,78,1675451532.9141097,48.59073282510034,0.018790228998662152,False,True,False,False,100000,False,True,False,4.0650847976213464,0.10516080798326106,9.777545310852728,0.0007084783902512984,True,Cruise
1,79,1675451533.0140886,49.322423993564044,0.009034346752479484,False,True,False,False,100000,False,True,False,4.064457289837763,0.05021033412269071,9.777983458341694,0.053261059336462406,True,Cruise
1,80,1675451533.1141186,49.322423993564044,0.009034346752479484,False,True,False,False,100000,False,True,False,4.059554106746725,0.207017507851463,9.778270405074558,0.0028212757289970566,True,Cruise
1,81,1675451533.2140863,49.322423993564044,0.009034346752479484,False,True,False,False,100000,False,True,False,4.058719840211487,0.13689606256850512,9.777437582313516,0.0028212757289970566,True,Cruise
1,82,1675451533.3140929,49.36139639491742,0.008514714734434416,False,True,False,False,100000,False,True,False,4.059804362684203,0.08956025604666797,9.776963800280496,0.04735059912484148,True,Cruise
1,83,1675451533.4141057,49.36139639491742,0.008514714734434416,False,True,False,False,100000,False,True,False,4.06029009996593,0.08053630739780929,9.776524794299469,0.0013849293402105375,True,Cruise
1,84,1675451533.514154,48.58262239178286,0.018898368109561886,False,True,False,False,100000,False,True,False,4.060023063219903,0.08080741841096373,9.775714150499848,0.001669513562797054,True,Cruise
1,85,1675451533.6140902,48.58262239178286,0.018898368109561886,False,True,False,False,100000,False,True,False,4.058882398602329,0.07892673138689993,9.774963053279329,0.002243061224487423,True,Cruise
1,86,1675451533.7141714,48.58262239178286,0.018898368109561886,False,True,False,False,100000,False,True,False,4.058188029195694,0.045521760727811715,9.774602560261004,0.03341413127441256,True,Cruise
1,87,1675451533.8141024,48.63435150349178,0.018208646620109598,False,True,False,False,100000,False,True,False,4.058188029195694,0.045521760727811715,9.774602560261004,0.03341413127441256,True,Cruise
1,88,1675451533.9141283,48.63435150349178,0.018208646620109598,False,True,False,False,100000,False,True,False,4.051889926964804,0.19114388936458185,9.773585047224401,0.003178643249717419,True,Cruise
1,89,1675451534.0142007,48.63435150349178,0.018208646620109598,False,True,False,False,100000,False,True,False,4.051442510561658,0.2083257478170886,9.77263728762004,0.008336435349758774,True,Cruise
1,90,1675451534.1141238,49.42297329729835,0.007693689369355345,False,True,False,False,100000,False,True,False,4.051403891920658,0.22035184861479895,9.772386060371932,0.04270610304019422,True,Cruise
1,91,1675451534.214137,49.42297329729835,0.007693689369355345,False,True,False,False,100000,False,True,False,4.0514510187286925,0.26305737511713007,9.772169214568779,0.04270610304019422,True,Cruise
1,92,1675451534.31409,49.53637655240244,0.006181645967967444,False,True,False,False,100000,False,True,False,4.055928925105822,0.14002396542980883,9.771475333348429,0.009404171469783304,True,Cruise
1,93,1675451534.4141243,49.53637655240244,0.006181645967967444,False,True,False,False,100000,False,True,False,4.056823625524766,0.13483869574031856,9.77139322395769,0.003425941869844828,True,Cruise
1,94,1675451534.5141551,49.53637655240244,0.006181645967967444,False,True,False,False,100000,False,True,False,4.056870496545504,0.11591504679297963,9.771454528794958,0.018923806294130666,True,Cruise
1,95,1675451534.6141024,49.536009678117885,0.0061865376250948255,False,True,False,False,100000,False,True,False,4.056795293434199,0.07337336839770346,9.7718310629213,0.0135614237802788,True,Cruise
1,96,1675451534.7140987,49.536009678117885,0.0061865376250948255,False,True,False,False,100000,False,True,False,4.056795293434199,0.07337336839770346,9.7718310629213,0.011775318749565215,True,Cruise
1,97,1675451534.8140843,48.801447086983075,0.015980705506892356,False,True,False,False,100000,False,True,False,4.057046025982024,0.0449930640980081,9.772331348241222,0.008201481474097548,True,Cruise
1,98,1675451534.9141917,48.801447086983075,0.015980705506892356,False,True,False,False,100000,False,True,False,4.057046025982024,0.0449930640980081,9.772331348241222,0.008201481474097548,True,Cruise
1,99,1675451535.0141919,48.801447086983075,0.015980705506892356,False,True,False,False,100000,False,True,False,4.05577312689883,0.09116614905046558,9.773045904068955,0.08565675488551218,True,Cruise
1,100,1675451535.1141083,49.48771232796508,-0.00683050229379899,False,True,False,False,100000,False,True,False,4.054008358837578,0.16082183820033752,9.773520183585676,0.07293514176894428,True,Cruise
1,101,1675451535.2141764,49.48771232796508,-0.00683050229379899,False,True,False,False,100000,False,True,False,4.053960857299804,0.2337568513623264,9.773648649613934,0.07293514176894428,True,Cruise
1,102,1675451535.3141434,49.682845216243656,0.004228730450084624,False,True,False,False,100000,False,True,False,4.053960857299804,0.2337568513623264,9.773648649613934,0.07293514176894428,True,Cruise
1,103,1675451535.414092,49.682845216243656,0.004228730450084624,False,True,False,False,100000,False,True,False,4.061834946304469,-0.09732006096063556,9.77367888351061,0.0028413936317685,True,Cruise
1,104,1675451535.5140834,49.682845216243656,0.004228730450084624,False,True,False,False,100000,False,True,False,4.061834946304469,-0.09732006096063556,9.77367888351061,0.03893892899108308,True,Cruise
1,105,1675451535.6140933,48.8214058561081,0.015714588585225342,False,True,False,False,100000,False,True,False,4.058548510362655,-0.004961631383773056,9.774286857413383,0.0434866651549163,True,Cruise
1,106,1675451535.7141888,48.8214058561081,0.015714588585225342,False,True,False,False,100000,False,True,False,4.058015260946659,-0.03648573189680083,9.774388317450939,0.03152877356058048,True,Cruise
1,107,1675451535.8141472,48.8214058561081,0.015714588585225342,False,True,False,False,100000,False,True,False,4.055149260044153,0.1456879100130131,9.774664810121362,0.023660986557420275,True,Cruise
1,108,1675451535.9141526,49.82130229494283,0.002382636067428942,False,True,False,False,100000,False,True,False,4.054662004631927,0.1615133476049719,9.774647413438549,0.01583294651851953,True,Cruise
1,109,1675451536.0141468,49.82130229494283,0.002382636067428942,False,True,False,False,100000,False,True,False,4.054077258498495,0.207993967122196,9.774520116884368,0.026289038583449564,True,Cruise
1,110,1675451536.1141071,49.524881342737395,-0.006334915430168079,False,True,False,False,100000,False,True,False,4.056464062667207,0.17760515294488474,9.774074494692961,0.09847824204562358,True,Cruise
1,111,1675451536.2141438,49.524881342737395,-0.006334915430168079,False,True,False,False,100000,False,True,False,4.058119012390482,0.1262891869314324,9.773856299963228,0.051343108938010834,True,Cruise
1,112,1675451536.3141382,49.524881342737395,-0.006334915430168079,False,True,False,False,100000,False,True,False,4.0601759409183655,0.07532497758478358,9.773557330517944,0.05100657773294618,True,Cruise
1,113,1675451536.4141667,49.99544974517183,6.067006437556066e-05,False,True,False,False,100000,False,True,False,4.060433673655504,0.028974402232633343,9.773495632885982,0.046351332971522406,True,Cruise
1,114,1675451536.5140555,49.99544974517183,6.067006437556066e-05,False,True,False,False,100000,False,True,False,4.059252408119976,-0.027476620582062013,9.773510026975183,0.040860336160195306,True,Cruise
1,115,1675451536.614224,49.99544974517183,6.067006437556066e-05,False,True,False,False,100000,False,True,False,4.058192662461482,0.013369935298105767,9.773563720473847,0.01187491194410745,True,Cruise
1,116,1675451536.7142563,49.22934484382477,0.010275402082336401,False,True,False,False,100000,False,True,False,4.056812098441903,-0.016028132128149238,9.77353537271272,0.024628927243788575,True,Cruise
1,117,1675451536.8141723,49.22934484382477,0.010275402082336401,False,True,False,False,100000,False,True,False,4.056812098441903,-0.016028132128149238,9.77353537271272,0.025881528880691937,True,Cruise
1,118,1675451536.914184,49.22934484382477,0.010275402082336401,False,True,False,False,100000,False,True,False,4.055901967165351,0.0690167320645933,9.773482706298896,0.05916911986883189,True,Cruise
1,119,1675451537.0141914,49.484658087244235,0.006871225503410214,False,True,False,False,100000,False,True,False,4.055530809455066,0.08915760427216918,9.773478536247174,0.018712215132652303,True,Cruise
1,120,1675451537.1141472,49.484658087244235,0.006871225503410214,False,True,False,False,100000,False,True,False,4.055497565859781,0.08475090076832405,9.773398180069728,0.023118298996365323,True,Cruise
1,121,1675451537.2141788,49.5839573634713,-0.005547235153716025,False,True,False,False,100000,False,True,False,4.0558475353181995,0.09464190745517863,9.773315508331411,0.014336498116120476,True,Cruise
1,122,1675451537.314202,49.5839573634713,-0.005547235153716025,False,True,False,False,100000,False,True,False,4.0558475353181995,0.09464190745517863,9.773315508331411,0.014336498116120476,True,Cruise
1,123,1675451537.414131,49.5839573634713,-0.005547235153716025,False,True,False,False,100000,False,True,False,4.057384420676066,0.059943988706429016,9.773151672141788,0.034732325352545654,True,Cruise
1,124,1675451537.5141132,49.47805592914724,-0.006959254278036835,False,True,False,False,100000,False,True,False,4.058023534981146,-0.029690465824169253,9.773188758091981,0.0036567438749700145,True,Cruise
1,125,1675451537.6140895,49.47805592914724,-0.006959254278036835,False,True,False,False,100000,False,True,False,4.05729665190021,-0.06133302743919396,9.773315868074476,0.028963874576278952,True,Cruise
1,126,1675451537.7140973,49.47805592914724,-0.006959254278036835,False,True,False,False,100000,False,True,False,4.056951371557987,-0.09073140307137698,9.773373674688166,0.02940046002922819,True,Cruise
1,127,1675451537.8140688,48.79110385092517,-0.016118615320997766,False,True,False,False,100000,False,True,False,4.056951371557987,-0.09073140307137698,9.773373674688166,0.049628417510348924,True,Cruise
1,128,1675451537.914092,48.79110385092517,-0.016118615320997766,False,True,False,False,100000,False,True,False,4.055519930488912,-0.2536684066114655,9.773583183360424,0.11740105016865916,True,Cruise
1,129,1675451538.0140903,48.79110385092517,-0.016118615320997766,False,True,False,False,100000,False,True,False,4.054626305164925,-0.3338857904996251,9.773655147115432,0.037161312430699506,True,Cruise
1,130,1675451538.1142187,48.55536264363221,-0.01926183141823717,False,True,False,False,100000,False,True,False,4.053843666097979,-0.3710388277714221,9.773704534800252,0.02166614511701285,True,Cruise
1,131,1675451538.2142138,48.55536264363221,-0.01926183141823717,False,True,False,False,100000,False,True,False,4.051748373794607,-0.45901961859453444,9.773772873496974,0.05549314821242403,True,Cruise
1,132,1675451538.314159,48.55536264363221,-0.01926183141823717,False,True,False,False,100000,False,True,False,4.051748373794607,-0.45901961859453444,9.773772873496974,0.05549314821242403,True,Cruise
1,133,1675451538.4140987,49.30742766761406,-0.009234297765145906,False,True,False,False,100000,False,True,False,4.04991802474361,-0.5537161230187637,9.773701073875396,0.046815994842524335,True,Cruise
1,134,1675451538.5140934,49.30742766761406,-0.009234297765145906,False,True,False,False,100000,False,True,False,4.054908104884809,-0.449416396321749,9.773060000738235,0.057576661780585445,True,Cruise
1,135,1675451538.614097,49.23394647755226,-0.010214046965969855,False,True,False,False,100000,False,True,False,4.054908104884809,-0.449416396321749,9.773060000738235,0.01491345282859154,True,Cruise
1,136,1675451538.7140808,49.23394647755226,-0.010214046965969855,False,True,False,False,100000,False,True,False,4.056442716761224,-0.4305847279996077,9.772925541317214,0.01133243776018651,True,Cruise
1,137,1675451538.8141332,49.23394647755226,-0.010214046965969855,False,True,False,False,100000,False,True,False,4.056396567360671,-0.41925239355619326,9.772940097550686,0.01133243776018651,True,Cruise
1,138,1675451538.9141169,49.02994348465498,0.012934086871266995,False,True,False,False,100000,False,True,False,4.055161021377222,-0.34743892651370334,9.773097619548986,0.02578957340962595,True,Cruise
1,139,1675451539.0141976,49.02994348465498,0.012934086871266995,False,True,False,False,100000,False,True,False,4.055161021377222,-0.34743892651370334,9.773097619548986,0.02578957340962595,True,Cruise
1,140,1675451539.1140919,48.17368980330201,-0.02435080262263989,False,True,False,False,100000,False,True,False,4.064087159979803,0.07828685100398011,9.772412152682541,0.1871905037338894,True,Cruise
1,141,1675451539.214242,48.17368980330201,-0.02435080262263989,False,True,False,False,100000,False,True,False,4.064535298543258,0.1535974892527246,9.772491599262594,0.14602651828647933,True,Cruise
1,142,1675451539.3141072,48.17368980330201,-0.02435080262263989,False,True,False,False,100000,False,True,False,4.063208567572201,0.2996178581808622,9.772680506362832,0.6062136449403335,True,Cruise
1,143,1675451539.4140928,49.16345871689954,-0.011153883774672838,False,True,False,False,100000,False,True,False,4.048126244197931,-0.3320914291153662,9.774472532430229,0.04028725709256279,True,Cruise
1,144,1675451539.5141225,49.16345871689954,-0.011153883774672838,False,True,False,False,100000,False,True,False,4.048126244197931,-0.3320914291153662,9.774472532430229,0.014740815432945224,True,Cruise
1,145,1675451539.6140883,49.16345871689954,-0.011153883774672838,False,True,False,False,100000,False,True,False,4.050712751320885,-0.24127778738045885,9.773973995990273,0.12528934045856902,True,Cruise
1,146,1675451539.7141278,48.48005402184922,0.020265946375343725,False,True,False,False,100000,False,True,False,4.055678531801172,-0.22185654605873503,9.77344618080624,0.05256380160737058,True,Cruise
1,147,1675451539.8140905,48.48005402184922,0.020265946375343725,False,True,False,False,100000,False,True,False,4.056506318539314,-0.27441375093382275,9.773355493137691,0.05256380160737058,True,Cruise
1,148,1675451539.9141195,48.470905907967754,-0.020387921227096616,False,True,False,False,100000,False,True,False,4.067895054039657,0.1325504039877595,9.772535379042324,0.4071243044506969,True,Cruise
1,149,1675451540.0141702,48.297603309442,-0.022698622540773296,False,True,False,False,100000,False,True,False,4.067102278140197,0.20327149787062082,9.772734075456448,0.0707258163182316,True,Cruise
1,150,1675451540.1141248,48.297603309442,-0.022698622540773296,False,True,False,False,100000,False,True,False,4.060253634700179,-0.087433033824775,9.773551122985008,0.4369961159384381,True,Cruise
1,151,1675451539.6569853,49.732797162216265,0.0035627045037831193,False,True,False,False,100000,False,True,False,4.05022954395023,-0.38279755120693393,9.774513224031208,0.013525538375690602,True,Cruise
1,152,1675451539.7573192,49.732797162216265,0.0035627045037831193,False,True,False,False,100000,False,True,False,4.05022954395023,-0.38279755120693393,9.774513224031208,0.013525538375690602,True,Cruise
1,153,1675451539.8573172,49.732797162216265,0.0035627045037831193,False,True,False,False,100000,False,True,False,4.05022954395023,-0.38279755120693393,9.774513224031208,0.013525538375690602,True,Cruise
1,154,1675451539.9573252,48.651048413922915,0.017986021147694466,False,True,False,False,100000,False,True,False,4.061558530226237,-0.004213274725238743,9.773247166786115,0.03256841896127083,True,Cruise
1,155,1675451540.05729,48.651048413922915,0.017986021147694466,False,True,False,False,100000,False,True,False,4.061161081439333,-0.0712934691018378,9.773323213329608,0.06708141490917809,True,Cruise
1,156,1675451540.1572838,48.651048413922915,0.017986021147694466,False,True,False,False,100000,False,True,False,4.06006997897688,0.22747615441952382,9.77345134544135,0.129534649095834,True,Cruise
1,157,1675451540.2573051,49.62283481500385,0.005028869133282076,False,True,False,False,100000,False,True,False,4.05827227193098,0.2941535179418848,9.77359121840585,0.06670174001749997,True,Cruise
1,158,1675451540.3573916,49.62283481500385,0.005028869133282076,False,True,False,False,100000,False,True,False,4.055490510040775,0.33436039958024677,9.773667697737201,0.09796938093423685,True,Cruise
1,159,1675451540.4573104,49.62283481500385,0.005028869133282076,False,True,False,False,100000,False,True,False,4.056670739093832,0.31842417979456517,9.773543554024183,0.02513884288189559,True,Cruise
1,160,1675451540.557369,48.62400054249429,-0.018346659433409497,False,True,False,False,100000,False,True,False,4.056998501173789,0.4554828852580531,9.773506902956271,0.09693237516889541,True,Cruise
1,161,1675451540.6573281,48.62400054249429,-0.018346659433409497,False,True,False,False,100000,False,True,False,4.059227404766472,0.18117317094810256,9.773395329081128,0.27431879232885553,True,Cruise
1,162,1675451540.7573037,49.64765833167003,-0.004697888911066269,False,True,False,False,100000,False,True,False,4.295870810436725,0.34505399213611043,9.767647418441314,0.28790634497557527,True,Cruise
1,163,1675451540.85729,49.64765833167003,-0.004697888911066269,False,True,False,False,100000,False,True,False,4.140511651688752,-0.09017690100580669,9.775893821500029,0.46220168943373136,True,Cruise
1,164,1675451540.9574037,49.64765833167003,-0.004697888911066269,False,True,False,False,100000,False,True,False,4.102975475097309,-0.0925208345812046,9.781037791740381,0.015297606423849726,True,Cruise
1,165,1675451541.0573661,49.83011091675109,0.0022651877766521177,False,True,False,False,100000,False,True,False,4.09625643049456,-0.19395520553538012,9.778781967488735,0.015297606423849726,True,Cruise
1,166,1675451541.1572964,49.83011091675109,0.0022651877766521177,False,True,False,False,100000,False,True,False,4.06914732624972,-0.35243140088721936,9.777754245019697,0.10951044429276735,True,Cruise
1,167,1675451541.2573779,49.83011091675109,0.0022651877766521177,False,True,False,False,100000,False,True,False,4.06914732624972,-0.35243140088721936,9.777754245019697,0.04420879546314881,True,Cruise
1,168,1675451541.3572915,49.103339078143655,-0.011955478958084615,False,True,False,False,100000,False,True,False,4.07931746322319,-0.3074690316923845,9.774187525854241,0.007051725751801955,True,Cruise
1,169,1675451541.4573038,49.103339078143655,-0.011955478958084615,False,True,False,False,100000,False,True,False,4.105398346405754,-0.24442175359586438,9.770948363846719,0.06830566531023224,True,Cruise
1,170,1675451541.5572834,49.616711450689984,-0.005110513990800241,False,True,False,False,100000,False,True,False,4.088215198796971,-0.4862286714799512,9.771722522519504,0.08410098148613501,True,Cruise
1,171,1675451541.6573017,49.616711450689984,-0.005110513990800241,False,True,False,False,100000,False,True,False,4.086816092480518,-0.37211709396508375,9.769805675062544,0.10565936186457768,True,Cruise
1,172,1675451541.7572913,49.616711450689984,-0.005110513990800241,False,True,False,False,100000,False,True,False,4.086816092480518,-0.37211709396508375,9.769805675062544,0.10565936186457768,True,Cruise
1,173,1675451541.8573344,47.40420119760571,-0.03461065069859049,False,True,False,False,100000,False,True,False,4.076060226446238,-0.29931365124438064,9.76955709242251,0.07359410111865632,True,Cruise
1,174,1675451541.957292,47.40420119760571,-0.03461065069859049,False,True,False,False,100000,False,True,False,3.9886227706386923,-0.23196500415308174,9.777346871844497,0.11064280187417529,True,Cruise
1,175,1675451542.0572693,47.40420119760571,-0.03461065069859049,False,True,False,False,100000,False,True,False,5.29092561059576,3.0474281817610804,11.709105034429696,4.50477422052941,True,Cruise
1,176,1675451542.1574135,48.921443892433324,-0.014380748100889022,False,True,False,False,100000,False,True,False,3.246713512641313,-2.484413368472545,8.341312786590285,6.791325250856546,True,Cruise
1,177,1675451542.2572982,48.921443892433324,-0.014380748100889022,False,True,False,False,100000,False,True,False,4.698655366511433,0.4202348961285056,10.470034077236814,3.8828560392218407,True,Cruise
1,178,1675451542.3572805,48.921443892433324,-0.014380748100889022,False,True,False,False,100000,False,True,False,4.698655366511433,0.4202348961285056,10.470034077236814,1.8878931590758943,True,Cruise
1,179,1675451542.4572792,48.72466117682227,-0.01700451764236965,False,True,False,False,100000,False,True,False,4.077542866467431,-1.1886573124892497,9.76091240853025,0.04098082161998362,True,Cruise
1,180,1675451542.557281,48.72466117682227,-0.01700451764236965,False,True,False,False,100000,False,True,False,3.7572292521255477,-1.1527736783776812,9.766383521115126,0.08498437138959165,True,Cruise
1,181,1675451542.6572835,49.116770703091696,-0.011776390625444041,False,True,False,False,100000,False,True,False,3.9249630016166646,-1.1413630767274354,9.756237037874534,0.06838125088719367,True,Cruise
1,182,1675451542.7573082,49.116770703091696,-0.011776390625444041,False,True,False,True,100000,False,True,False,3.987007267513177,-1.1127278410287937,9.753682078238178,0.06838125088719367,True,Cruise
1,183,1675451542.8573117,49.116770703091696,-0.011776390625444041,False,True,False,True,100000,False,True,False,3.987007267513177,-1.1127278410287937,9.753682078238178,0.20413806443923527,True,Cruise
1,184,1675451542.9573524,49.04633127963909,-0.012715582938145505,False,True,False,True,100000,False,True,False,4.044967774321128,-0.9170520095530502,9.758570634245762,0.20413806443923527,True,Cruise
1,185,1675451543.0572782,49.04633127963909,-0.012715582938145505,False,True,False,True,100000,False,True,False,4.017585058488536,-0.7682756880610817,9.772088920808285,0.02783437167798576,True,Cruise
1,186,1675451543.1573224,49.04633127963909,-0.012715582938145505,False,True,False,True,100000,False,True,False,4.012630433406409,-0.699872436661993,9.776098164805209,0.03629490620495264,True,Cruise
1,187,1675451543.257317,48.5918811075615,-0.01877491856584671,False,True,False,True,100000,False,True,False,4.012630433406409,-0.699872436661993,9.776098164805209,0.03629490620495264,True,Cruise
1,188,1675451543.3574145,48.5918811075615,-0.01877491856584671,False,True,False,True,100000,False,True,False,4.012630433406409,-0.699872436661993,9.776098164805209,0.021699618825596977,True,Cruise
1,189,1675451543.4573905,49.04296632113038,-0.012760449051594869,False,True,False,True,100000,False,True,False,4.015221588209476,-0.7152481268423191,9.77975624299587,0.0054805504888156276,True,Cruise
1,190,1675451543.557339,49.04296632113038,-0.012760449051594869,False,True,False,True,100000,False,True,False,4.020343162540968,-0.7366333623515907,9.780090230546016,0.07775788277318224,True,Cruise
1,191,1675451543.6572676,49.04296632113038,-0.012760449051594869,False,True,False,True,100000,False,True,False,4.032822306546728,-0.6187897586803428,9.779179446815464,0.040791339913444004,True,Cruise
1,192,1675451543.757284,48.497628402945104,-0.0200316212940653,False,True,False,True,100000,False,True,False,4.002231223447575,-0.40067913282219847,9.728514165220364,0.22599785449539433,True,Cruise
1,193,1675451543.857398,48.497628402945104,-0.0200316212940653,False,True,False,True,100000,False,True,False,4.0103716697703495,-0.4814402973561969,9.737298026859898,0.00954449883086976,True,Cruise
1,194,1675451543.9573562,48.497628402945104,-0.0200316212940653,False,True,False,True,100000,False,True,False,4.020224999411356,-0.6067189267856401,9.747893237240723,0.12064145753521342,True,Cruise
1,195,1675451544.057316,48.83591770954322,-0.0155210972060904,False,True,False,True,100000,False,True,False,4.037367090693368,-0.7595939442323881,9.762946163837917,0.029968239138587018,True,Cruise
1,196,1675451544.1573615,48.83591770954322,-0.0155210972060904,False,True,False,True,100000,False,True,False,4.037367090693368,-0.7595939442323881,9.762946163837917,0.04702549530876135,True,Cruise
1,197,1675451544.257334,48.83591770954322,-0.0155210972060904,False,True,False,True,100000,False,True,False,4.05314104226782,-0.7828791665096088,9.77146920673152,0.025073154223540006,True,Cruise
1,198,1675451544.3574145,49.17742816599131,-0.010967624453449218,False,True,False,True,100000,False,True,False,3.775671429182459,-0.8726583008625127,9.80726932319523,0.030720221298937353,True,Cruise
1,199,1675451544.4574144,49.17742816599131,-0.010967624453449218,False,True,False,True,100000,False,True,False,3.876126111834124,-0.8759950199650367,9.798834607283155,0.07451114950754215,True,Cruise
1,200,1675451544.5572968,49.178713142057426,-0.010950491439234357,False,True,False,True,100000,False,True,False,3.423534258014079,-0.8961143139486888,9.844904232439767,0.4356726461474225,True,Cruise
1,201,1675451544.6573086,49.178713142057426,-0.010950491439234357,False,True,False,True,100000,False,True,False,2.664944334033913,-0.8278717187550819,9.911776877198834,0.7645833343593521,True,Cruise
1,202,1675451544.757402,49.16119432426722,-0.01118407567643706,False,True,False,True,100000,False,True,False,1.3408283273997896,-0.7290442772136404,10.00489894256408,0.5715958642804976,True,Cruise
1,203,1675451544.857297,49.16119432426722,-0.01118407567643706,False,True,False,True,100000,False,True,False,1.3408283273997896,-0.7290442772136404,10.00489894256408,0.8958123573153912,True,Cruise
1,204,1675451544.95729,49.16119432426722,-0.01118407567643706,False,True,False,True,100000,False,True,False,0.3429829528635899,-0.7258856590738171,9.988399613816826,0.10462622488668936,True,Cruise
1,205,1675451545.0572815,49.14672360345941,-0.011377018620541201,False,True,False,True,100000,False,True,False,0.20101380375925998,-0.7130921459378078,9.935834597291194,0.07695309561490521,True,Cruise
1,206,1675451545.157298,49.14672360345941,-0.011377018620541201,False,True,False,True,100000,False,True,False,0.01695598698418259,-0.7076739885887102,9.919672677429217,0.09229268665974186,True,Cruise
1,207,1675451545.2573166,49.28259520026308,-0.009565397329825602,False,True,False,True,100000,False,True,False,-0.14892809738877139,-0.6931084815520218,9.866357339474364,0.08257446694191184,True,Cruise
1,208,1675451545.3574073,49.28259520026308,-0.009565397329825602,False,True,False,True,100000,False,True,False,-0.14892809738877139,-0.6931084815520218,9.866357339474364,0.08257446694191184,True,Cruise
1,209,1675451545.4573042,49.28259520026308,-0.009565397329825602,False,True,False,True,100000,False,True,False,0.2225389120474297,-0.643296946976858,9.727906079449458,0.27462560020458654,True,Cruise
1,210,1675451545.5572767,49.55260792445632,-0.0059652276739157115,False,True,False,True,100000,False,True,False,-0.25676406506954924,-0.6388426245146751,9.731563012234925,0.20881944388552331,True,Cruise
1,211,1675451545.6572862,49.55260792445632,-0.0059652276739157115,False,True,False,True,100000,False,True,False,1.0138983236807293,-0.5406820926987452,9.595768917917935,0.6249300758963221,True,Cruise
1,212,1675451545.7573001,49.678907527176754,0.004281232970976593,False,True,False,True,100000,False,True,False,1.0138983236807293,-0.5406820926987452,9.595768917917935,0.20964720359535946,True,Cruise
1,213,1675451545.8573956,49.678907527176754,0.004281232970976593,False,True,False,True,100000,False,True,False,1.0138983236807293,-0.5406820926987452,9.595768917917935,0.20964720359535946,True,Cruise
1,214,1675451545.9573305,49.678907527176754,0.004281232970976593,False,True,False,True,100000,False,True,False,-0.11126460974102245,-0.49087667978630817,9.704624977552095,0.4299134108395252,True,Cruise
1,215,1675451546.0573757,49.36952193369549,0.008406374217393538,False,True,False,True,100000,False,True,False,0.7096745889552155,-0.22044031624981222,9.64198580654155,0.439438091941311,True,Cruise
1,216,1675451546.1573837,49.36952193369549,0.008406374217393538,False,True,False,True,100000,False,True,False,0.45971392681790724,-0.14703246249402255,9.69419507701832,1.1260832332441544,True,Cruise
1,217,1675451546.2572982,49.36952193369549,0.008406374217393538,False,False,False,True,100000,False,True,False,-0.6595106065514017,-0.11659055319515885,9.81449961665046,1.1260832332441544,True,Cruise
1,218,1675451546.3573334,49.23578523954406,0.010189530139412607,False,False,False,True,100000,False,True,False,-1.0913969967646524,0.12379949272653616,9.84635682674856,0.4953060771532097,True,Cruise
1,219,1675451546.4573047,49.23578523954406,0.010189530139412607,False,False,False,True,100000,False,True,False,-1.5160379515461058,0.24005703815980792,9.891891103210424,0.3732175264653232,True,Cruise
1,220,1675451546.557343,49.240255982724946,0.010129920230334042,False,False,False,True,100000,False,True,False,-0.7495926301616403,0.44069153323252613,9.812103110732902,0.3219044095859652,True,Cruise
1,221,1675451546.6572888,49.240255982724946,0.010129920230334042,False,False,False,True,100000,False,True,False,-0.216056110332584,0.5901989238383825,9.768966715494596,0.23417672551031923,True,Cruise
1,222,1675451546.757317,49.240255982724946,0.010129920230334042,False,False,False,True,100000,False,True,False,-0.12520536716443204,0.6545478278221808,9.76567275607196,0.11137993152628345,True,Cruise
1,223,1675451546.8573506,48.83162359378393,0.015578352082880918,False,False,False,True,100000,False,True,False,-1.1331736994222181,0.8053593428025237,9.883467188255265,0.14283588721105703,True,Cruise
1,224,1675451546.9572947,48.83162359378393,0.015578352082880918,False,False,False,True,100000,False,True,False,-1.1331736994222181,0.8053593428025237,9.883467188255265,1.0049161561127677,True,Cruise
1,225,1675451547.0573215,48.57089826888756,0.019054689748165925,False,False,False,True,100000,False,True,False,-2.3987661831390277,1.0240273190132252,9.977968634358923,0.37494982056437487,True,Cruise
1,226,1675451547.1573431,48.57089826888756,0.019054689748165925,False,False,False,True,100000,False,True,False,-2.430292416138207,0.9580351171488899,9.957427194830393,0.3940166072546647,True,Cruise
1,227,1675451547.2572882,48.57089826888756,0.019054689748165925,False,False,False,True,100000,False,True,False,-2.5926888370989625,1.0297896169537402,9.952540460987837,1.189613768182199,True,Cruise
1,228,1675451547.3572872,47.695450811865385,0.030727322508461528,False,False,False,True,100000,False,True,False,-0.9536364967621027,1.0355840894931947,9.760518918751508,0.7007189556054289,True,Cruise
1,229,1675451547.4572616,47.695450811865385,0.030727322508461528,False,False,False,True,100000,False,True,False,-3.0229639580970082,1.3456201954758127,9.916373989436012,0.6280247513851773,True,Cruise
1,230,1675451547.557365,46.512927555252354,0.046494299263301946,False,False,False,True,100000,False,True,False,-3.0229639580970082,1.3456201954758127,9.916373989436012,0.6280247513851773,True,Cruise
1,231,1675451547.6573048,46.512927555252354,0.046494299263301946,False,False,False,True,100000,False,True,False,-2.858196989213134,1.6355371242832766,9.82672729562423,0.26019950831200783,True,Cruise
1,232,1675451547.7573376,46.512927555252354,0.046494299263301946,False,False,False,True,100000,False,True,False,-2.858196989213134,1.6355371242832766,9.82672729562423,0.8718744727950271,True,Cruise
1,233,1675451547.8572977,46.229743123028186,0.05027009169295751,False,False,False,True,100000,False,True,False,-3.5842954729611014,1.9103320930845529,9.842270729827694,0.7765132847069837,True,Cruise
1,234,1675451547.95726,46.229743123028186,0.05027009169295751,False,False,False,True,100000,False,True,False,-4.069419400087885,2.2706038143097533,9.821628746609333,0.17764521761034133,True,Cruise
1,235,1675451548.0572891,46.10684692238146,0.051908707701580584,False,False,False,True,100000,False,True,False,-4.069419400087885,2.2706038143097533,9.821628746609333,0.17764521761034133,True,Cruise
1,236,1675451548.1573174,46.10684692238146,0.051908707701580584,False,False,False,True,100000,False,True,False,-4.182739457265305,2.489889407249281,9.791360415790594,0.1126371101896694,True,Cruise
1,237,1675451548.2572873,46.10684692238146,0.051908707701580584,False,False,False,True,100000,False,True,False,-4.21477152642861,2.5753408767395594,9.775821789752898,0.09257135621816295,True,Cruise
1,238,1675451548.3573701,45.43491402371219,0.06086781301717074,False,False,False,True,100000,False,True,False,-3.668657589189078,2.82948271394635,9.679934804181809,0.15469395632886274,True,Cruise
1,239,1675451548.457295,45.43491402371219,0.06086781301717074,False,False,False,True,100000,False,True,False,-4.050251742768921,3.0091625460494678,9.704065066461911,0.19857325967313785,True,Cruise
1,240,1675451548.5572884,45.88255989187387,0.05489920144168175,False,False,False,True,100000,False,True,False,-4.173951774955203,3.0550394761199264,9.711285161408528,0.13213069456645946,True,Cruise
1,241,1675451548.657284,45.88255989187387,0.05489920144168175,False,False,False,True,100000,False,True,False,-2.685786789343526,3.201923073378324,9.566584305013011,1.502380828347382,True,Cruise
1,242,1675451548.7572827,45.88255989187387,0.05489920144168175,False,False,False,True,100000,False,True,False,-1.344959244997567,3.18453338847813,9.462882109511277,1.3449442554134436,True,Cruise
1,243,1675451548.8572834,45.663858676890555,0.057815217641459214,False,False,False,True,100000,False,True,False,-0.30426266554648407,2.938391854785947,9.470182051027553,1.0316400227372549,True,Cruise
1,244,1675451548.957281,45.663858676890555,0.057815217641459214,False,False,False,True,100000,False,True,False,-1.7872803308981038,3.025443609712528,9.677722041182678,0.3104859185253369,True,Cruise
1,245,1675451549.0574012,45.35766349727982,0.061897820036268994,False,False,False,True,100000,False,True,False,-1.4769941001817768,3.0365603839859103,9.677107256560957,0.3104859185253369,True,Cruise
1,246,1675451549.1573207,45.35766349727982,0.061897820036268994,False,False,False,True,100000,False,True,False,-0.6217815398057942,3.0350559205714345,9.670630284245801,0.4160246618738145,True,Cruise
1,247,1675451549.2572997,45.35766349727982,0.061897820036268994,False,False,False,True,100000,False,True,False,-0.28547242474620366,3.0924611604335617,9.678307393113766,0.34125960856269505,True,Cruise
1,248,1675451549.3572955,45.365455068334484,0.0617939324222069,False,False,False,True,100000,False,True,False,-1.6620153375265414,3.0870874081468913,9.913670604973328,0.3028670027540288,True,Cruise
1,249,1675451549.4572957,45.365455068334484,0.0617939324222069,False,False,False,True,100000,False,True,False,-0.8297856313945197,3.128769082463453,9.87439816382066,0.47503131666348536,True,Cruise
1,250,1675451549.5572934,46.387641149649085,0.04816478467134551,False,False,False,True,100000,False,True,False,-0.011439971858290932,3.173503102700686,9.844279502634997,0.2120238635977327,True,Cruise
1,251,1675451549.6573606,46.387641149649085,0.04816478467134551,False,False,False,True,100000,False,True,False,1.2918538296160569,3.254317929500144,9.760233698393577,1.0971361657477188,True,Cruise
1,252,1675451549.7573144,46.387641149649085,0.04816478467134551,False,False,False,True,100000,False,True,False,1.2918538296160569,3.254317929500144,9.760233698393577,1.0971361657477188,True,Cruise
1,253,1675451549.8573997,46.331388784427624,0.04891481620763166,False,False,False,True,100000,False,True,False,3.647756792189731,2.931904336983507,9.673417838293068,0.25514715383420417,True,Cruise
1,254,1675451549.9572966,46.331388784427624,0.04891481620763166,False,False,False,True,100000,False,True,False,3.668188229379784,2.8880204206477216,9.707161684085044,0.4082356958115552,True,Cruise
1,255,1675451550.0573237,46.716252945337125,0.043783294062171664,False,False,False,True,100000,False,True,False,2.8226078175752245,2.779797216698716,9.847509418092345,0.4082356958115552,True,Cruise
1,256,1675451550.157362,46.716252945337125,0.043783294062171664,False,False,False,True,100000,False,True,False,2.8226078175752245,2.779797216698716,9.847509418092345,0.46081884655543,True,Cruise
1,257,1675451550.2573938,46.716252945337125,0.043783294062171664,False,False,False,True,100000,False,True,False,1.575621163767888,2.7970496974559924,9.999207915095552,0.5445223930997224,True,Cruise
1,258,1675451550.3574226,46.92433639559475,0.041008848058736634,False,False,False,True,100000,False,True,False,2.6928477865735934,2.623526891936417,9.936706682028658,0.5687831541063212,True,Cruise
1,259,1675451550.4573042,46.92433639559475,0.041008848058736634,False,False,False,True,100000,False,True,False,3.075151767385477,2.5743025207012415,9.89646010238602,0.1814244402282225,True,Cruise
1,260,1675451550.5572941,47.2459687687778,0.03672041641629601,False,False,False,True,100000,False,True,False,1.7736592704107483,2.358974250930377,10.015405613609637,0.5701351868888295,True,Cruise
1,261,1675451550.6572926,47.2459687687778,0.03672041641629601,False,False,False,True,100000,False,True,False,1.7736592704107483,2.358974250930377,10.015405613609637,0.5598587747336471,True,Cruise
1,262,1675451550.7573218,47.2459687687778,0.03672041641629601,False,False,False,True,100000,False,True,False,2.3288884590784926,2.34665268688021,9.944620200161832,0.5598587747336471,True,Cruise
1,263,1675451550.85729,47.26892628858658,0.03641431615217898,False,False,False,True,100000,False,True,False,1.5214202605864797,2.1165599116262603,9.974536157070288,0.3288027721856405,True,Cruise
1,264,1675451550.9573543,47.26892628858658,0.03641431615217898,False,False,False,True,100000,False,True,False,1.2387320832390034,2.094263112789487,9.976050384710042,0.28357017779687405,True,Cruise
1,265,1675451551.0572982,47.26892628858658,0.03641431615217898,False,False,False,True,100000,False,True,False,0.674114461626488,2.0326953737470994,9.974519516452014,0.1788522695365005,True,Cruise
1,266,1675451551.1572669,47.26892628858658,0.03641431615217898,False,False,False,True,100000,False,True,False,0.49824852767918876,2.003614869125155,9.959903366270305,0.1788522695365005,True,Cruise
1,267,1675451551.2574346,47.716168871701576,0.03045108171064565,False,False,True,True,100000,False,True,False,0.366645064204349,1.9794137930828581,9.939954157663006,0.13528907791923211,True,Cruise
1,268,1675451551.3573453,47.716168871701576,0.03045108171064565,False,False,True,True,100000,False,True,False,1.0677783744637566,1.864401831554027,9.773335711320279,0.7297789916897364,True,Cruise
1,269,1675451551.4573073,46.9426376231182,0.04076483169175737,False,False,True,True,100000,False,True,False,2.485649361603211,1.85732876855265,9.610537433106192,0.8306901666932944,True,Cruise
1,270,1675451551.5572677,46.9426376231182,0.04076483169175737,False,False,True,True,100000,False,True,False,-0.3167326877595799,1.745012931166133,9.843880740551763,0.7222518834548011,True,Cruise
1,271,1675451551.657283,46.9426376231182,0.04076483169175737,False,False,True,True,100000,False,True,False,-0.3167326877595799,1.745012931166133,9.843880740551763,1.5994687761250936,True,Cruise
1,272,1675451551.7573178,48.514158724611725,0.01981121700517699,False,False,True,True,100000,False,True,False,-1.6559652021410298,1.8591070304936743,9.940385980188351,1.347543859158261,True,Cruise
1,273,1675451551.8572824,48.514158724611725,0.01981121700517699,False,False,True,True,100000,False,True,False,-3.223227006812461,1.9927156598420943,9.972945183007173,1.5732834874575248,True,Cruise
1,274,1675451551.9572742,48.514158724611725,0.01981121700517699,False,False,True,True,100000,False,True,False,0.2678819508799352,1.749636567953371,9.593099978424089,1.2522034397369741,True,Cruise
1,275,1675451552.0572755,48.89120465741436,0.014783937901141807,False,False,True,True,100000,False,True,False,2.6811129750879568,1.5359228303190358,9.392618402162181,0.41217646263010044,True,Cruise
1,276,1675451552.1572928,48.89120465741436,0.014783937901141807,False,False,True,True,100000,False,True,False,2.6811129750879568,1.5359228303190358,9.392618402162181,0.1931091331204589,True,Cruise
1,277,1675451552.25741,48.89120465741436,0.014783937901141807,False,False,True,True,100000,False,True,False,2.873925669175587,1.5456302288100279,9.39710936060579,0.1931091331204589,True,Cruise
1,278,1675451552.3573482,48.80212077697873,0.015971722973616945,False,False,True,True,100000,False,True,False,3.1233921684854673,1.2958099440683088,9.46975192241062,0.36044507311368373,True,Cruise
1,279,1675451552.4572854,48.80212077697873,0.015971722973616945,False,False,True,True,100000,False,True,False,3.3179389260436665,1.1673156895759966,9.53345337885286,0.3543565181881639,True,Cruise
1,280,1675451552.5572846,48.80212077697873,0.015971722973616945,False,False,True,True,100000,False,True,False,2.9951566527970463,1.0420288584660782,9.608841415109401,0.3543565181881639,True,Cruise
1,281,1675451552.6572967,46.873571150636074,-0.04168571799151902,False,False,True,True,100000,False,True,False,2.731066168679913,0.9935159864307748,9.673375795977856,0.21538887296470755,True,Cruise
1,282,1675451552.757285,46.873571150636074,-0.04168571799151902,True,False,True,False,15.830835499555123,False,False,True,1.9883698176547375,1.0934360545847936,9.818860433125932,0.5506759028914395,True,Cruise
