repetition,iteration,time,speed,steering,obstacle_North,obstacle_NorthWest,obstacle_SouthWest,obstacle_West,obstacle_distance,follow_enable,steady_motion_enable,passing_start,accel_x,accel_y,accel_z,accel_diff,success,action
1,1,1675451617.2376468,0.0,0.0,False,True,False,True,100000,False,True,False,0.04121973381387693,2.0547531606406e-13,9.807832500096957,0.0010118374861996953,True,Cruise
1,2,1675451617.2378445,0.0,0.0,False,True,False,True,100000,False,True,False,0.04121973381387693,2.0547531606406e-13,9.807832500096957,0.0010118374861996953,True,Cruise
1,3,1675451617.3379993,0.0,0.0,False,True,False,True,100000,False,True,False,0.04121973381387693,2.0547531606406e-13,9.807832500096957,0.002644919861594981,True,Cruise
1,4,1675451617.4379528,49.3673457029397,-0.00843539062747061,False,True,False,True,100000,False,True,False,0.04171550350858344,-1.0162555680278057e-13,9.811828118645076,0.0006622343587657654,True,Cruise
1,5,1675451617.537985,49.3673457029397,-0.00843539062747061,False,True,False,True,100000,False,True,False,1.0285059232640954,0.02555967053857505,9.717908505199766,0.9914025664799602,True,Cruise
1,6,1675451617.6379433,48.84838142255867,-0.00843539062747061,False,True,False,True,100000,False,True,False,1.9371758727594888,-0.010266517504270753,9.646475381224981,0.6772928495365251,True,Cruise
1,7,1675451617.7380645,48.84838142255867,-0.015354914365884426,False,True,False,True,100000,False,True,False,2.612966770752181,-0.017290439722838318,9.601945270735511,0.6772928495365251,True,Cruise
1,8,1675451617.8379812,48.84838142255867,-0.015354914365884426,False,True,False,True,100000,False,True,False,3.330556412856846,0.010767045115713497,9.583633512526431,0.71837137846665,True,Cruise
1,9,1675451617.9380245,49.0130031828094,-0.013159957562541352,False,True,False,True,100000,False,True,False,3.603912050208303,-0.020841670452542645,9.616664909268827,0.11193170978468939,True,Cruise
1,10,1675451618.0379477,49.0130031828094,-0.013159957562541352,False,True,False,True,100000,False,True,False,3.7929009602532235,-0.015494896949886197,9.662590349147607,0.09849064226473628,True,Cruise
1,11,1675451618.137994,49.0130031828094,-0.013159957562541352,False,True,False,True,100000,False,True,False,3.8969943986321023,-0.013671589140852071,9.685415691489622,0.11330120509352316,True,Cruise
1,12,1675451618.2379591,49.63892204578706,-0.0048143727228391105,False,True,False,True,100000,False,True,False,4.007933912158454,-0.01986149934991754,9.70758035764512,0.11514743119083815,True,Cruise
1,13,1675451618.338017,49.63892204578706,-0.0048143727228391105,False,True,False,True,100000,False,True,False,4.418874729956766,-0.001549924426040839,9.79138678016689,0.2150701272364927,True,Cruise
1,14,1675451618.4380531,49.63892204578706,-0.014698803135224564,False,True,False,True,100000,False,True,False,4.494126886896403,0.005296579769086724,9.811076793363721,0.07808622390315118,True,Cruise
1,15,1675451618.5380456,48.897589764858154,-0.014698803135224564,False,True,False,True,100000,False,True,False,4.602174550913865,-0.004058475788182924,9.847565827842143,0.0505236320822246,True,Cruise
1,16,1675451618.6381347,48.897589764858154,-0.014698803135224564,False,True,False,True,100000,False,True,False,4.635710139589744,-0.00832291711085787,9.86379923415905,0.03750126195586,True,Cruise
1,17,1675451618.7381048,48.897589764858154,-0.014698803135224564,False,True,False,False,100000,False,True,False,4.665614189557498,-0.02984175987755161,9.891008214670947,0.04973236876265635,True,Cruise
1,18,1675451618.8380873,49.59877171106448,-0.005349710519140321,False,True,False,False,100000,False,True,False,4.665614189557498,-0.02984175987755161,9.891008214670947,0.05240184922536489,True,Cruise
1,19,1675451618.93805,49.59877171106448,-0.005349710519140321,False,True,False,False,100000,False,True,False,4.6062229283404665,-0.013913066784181272,9.919919958236376,0.05572853993260061,True,Cruise
1,20,1675451619.038144,49.59877171106448,-0.005349710519140321,False,True,False,False,100000,False,True,False,4.572660729773927,0.0007250151052059959,9.92148035804206,0.039068840366854075,True,Cruise
1,21,1675451619.1380634,49.64423196560548,-0.004743573791926973,False,True,False,False,100000,False,True,False,4.490144902983354,-0.004608083370776167,9.918091634796445,0.04379756682716908,True,Cruise
1,22,1675451619.2380593,49.64423196560548,-0.004743573791926973,False,True,False,False,100000,False,True,False,4.394349031561037,-0.01201101449667336,9.906770076111782,0.04959280997361175,True,Cruise
1,23,1675451619.3379648,49.64423196560548,-0.004743573791926973,False,True,False,False,100000,False,True,False,4.243278373254714,-0.006309195894705117,9.87782459494566,0.051345078927851784,True,Cruise
1,24,1675451619.4380543,49.64423196560548,-0.004743573791926973,False,True,False,False,100000,False,True,False,4.243278373254714,-0.006309195894705117,9.87782459494566,0.051345078927851784,True,Cruise
1,25,1675451619.5379863,49.53257611471592,-0.006232318470454306,False,True,False,False,100000,False,True,False,4.147435789627595,-0.0046574950137826835,9.853003329187699,0.04867688083011581,True,Cruise
1,26,1675451619.6379442,49.53257611471592,-0.006232318470454306,False,True,False,False,100000,False,True,False,4.023502737733093,-0.009046948714077359,9.812105771495624,0.04052015201729996,True,Cruise
1,27,1675451619.7379758,49.53257611471592,-0.006232318470454306,False,True,False,False,100000,False,True,False,3.989217477892782,-0.008923320457056837,9.79840554409733,0.03692141055036432,True,Cruise
1,28,1675451619.8380685,49.111231999158974,-0.011850240011213677,False,True,False,False,100000,False,True,False,3.989217477892782,-0.008923320457056837,9.79840554409733,0.03692141055036432,True,Cruise
1,29,1675451619.9381776,49.837223150298485,-0.0021703579960201534,False,True,False,False,100000,False,True,False,3.8927212482173834,-0.030640874624549903,9.748654409527173,0.03520732959262922,True,Cruise
1,30,1675451620.0380583,49.85225974351668,-0.001969870086444168,False,True,False,False,100000,False,True,False,3.8790729816382115,-0.002953649997111537,9.738281147307216,0.03520732959262922,True,Cruise
1,31,1675451620.1379805,49.62972949670026,-0.004936940043996529,False,True,False,False,100000,False,True,False,3.8693414051373933,0.007552016533851417,9.729003392559292,0.010154293002626236,True,Cruise
1,32,1675451620.2379951,49.53549841129431,-0.006193354516075886,False,True,False,False,100000,False,True,False,3.860819949385699,0.015212792373072279,9.714055863253884,0.024775767176212046,True,Cruise
1,33,1675451620.3379753,49.976674822454115,-0.0003110023672784751,False,True,False,False,100000,False,True,False,3.861517714018511,-0.008920779373383904,9.708495064889826,0.024775767176212046,True,Cruise
1,34,1675451620.4379606,49.96368770191054,-0.0004841639745261484,False,True,False,False,100000,False,True,False,3.8803430098052933,-0.015208635625273685,9.699562775942514,0.021764987561277035,True,Cruise
1,35,1675451620.538711,49.777671955165815,-0.0029643739311224627,False,True,False,False,100000,False,True,False,3.8911478039768124,-0.0324937785906379,9.699086962983866,0.03544660047250913,True,Cruise
1,36,1675451620.6379445,49.777671955165815,-0.0029643739311224627,False,True,False,False,100000,False,True,False,3.9177439454732728,0.020956837063297748,9.701527586995311,0.024727473138313076,True,Cruise
1,37,1675451620.7379844,49.777671955165815,-0.0029643739311224627,False,True,False,False,100000,False,True,False,3.9480828702636845,-6.036329936483253e-06,9.70799231758751,0.01788547986777778,True,Cruise
1,38,1675451620.8380506,49.69578588556368,-0.004056188192484267,False,True,False,False,100000,False,True,False,3.963977410007425,-0.0032055056142347516,9.712464449246204,0.01681882751380775,True,Cruise
1,39,1675451620.9380589,49.60996646341746,-0.005200447154433941,False,True,False,False,100000,False,True,False,3.9958568112918704,-0.00038577155251354054,9.723306833242713,0.033790596578949054,True,Cruise
1,40,1675451621.0379725,49.60996646341746,-0.005200447154433941,False,True,False,False,100000,False,True,False,4.026214554356706,-0.009241153043009064,9.735874940905394,0.01774052755400493,True,Cruise
1,41,1675451621.1379735,49.30191426984937,-0.009307809735341704,False,True,False,False,100000,False,True,False,4.053521731982115,-0.013887653049975452,9.749201671932989,0.016431355270540748,True,Cruise
1,42,1675451621.238063,49.187641826738606,-0.010831442310151963,False,True,False,False,100000,False,True,False,4.065647520307925,-0.005492495458781245,9.755865169837817,0.016183807272424734,True,Cruise
1,43,1675451621.3379738,49.187641826738606,-0.010831442310151963,False,True,False,False,100000,False,True,False,4.086161675705369,-0.03879629810949713,9.76869923112368,0.013566221993848703,True,Cruise
1,44,1675451621.4379861,49.187641826738606,-0.010831442310151963,False,True,False,False,100000,False,True,False,4.086161675705369,-0.03879629810949713,9.76869923112368,0.013566221993848703,True,Cruise
1,45,1675451621.5379846,49.81395422034283,0.002480610395428935,False,True,False,False,100000,False,True,False,4.101638119786268,-0.0556823832726206,9.78025999841618,0.02565758238643756,True,Cruise
1,46,1675451621.6385767,49.47292892158214,0.007027614378904795,False,True,False,False,100000,False,True,False,4.112881139214368,-0.014462118438728532,9.789910440353925,0.03508641757188603,True,Cruise
1,47,1675451621.738327,49.47292892158214,0.007027614378904795,False,True,False,False,100000,False,True,False,4.1191017014095355,0.025272873557895495,9.797404195809456,0.006607989848639318,True,Cruise
1,48,1675451621.8379219,48.80484333507835,0.015935422198955287,False,True,False,False,100000,False,True,False,4.119206473772156,0.047847171459744445,9.804277162485413,0.02588865647195291,True,Cruise
1,49,1675451621.937981,48.80484333507835,0.015935422198955287,False,True,False,False,100000,False,True,False,4.119206473772156,0.047847171459744445,9.804277162485413,0.013749143423139988,True,Cruise
1,50,1675451622.0379796,49.62283666119925,-0.0050288445173432865,False,True,False,False,100000,False,True,False,4.119206473772156,0.047847171459744445,9.804277162485413,0.013749143423139988,True,Cruise
1,51,1675451622.1379719,49.94675849975389,-0.0007098866699480983,False,True,False,False,100000,False,True,False,4.102939069735231,0.060237021607043625,9.804432709906028,0.131782180306056,True,Cruise
1,52,1675451622.2380278,49.94675849975389,-0.0007098866699480983,False,True,False,False,100000,False,True,False,4.098643882430167,-0.011982669725844395,9.803009593171394,0.07236129981864338,True,Cruise
1,53,1675451622.3379948,48.93192833041884,0.014240955594415452,False,True,False,False,100000,False,True,False,4.093865907732779,0.006583436188851204,9.801241021551805,0.01925245897588656,True,Cruise
1,54,1675451622.4379485,48.93192833041884,0.014240955594415452,False,True,False,False,100000,False,True,False,4.08370325777781,-0.008909460041009934,9.796827582736682,0.035332398026369505,True,Cruise
1,55,1675451622.5380769,48.93192833041884,0.014240955594415452,False,True,False,False,100000,False,True,False,4.0729085170247625,0.13028346493775275,9.791653292605309,0.13970672879440196,True,Cruise
1,56,1675451622.6380947,48.93192833041884,0.014240955594415452,False,True,False,False,100000,False,True,False,4.067711386756571,0.13336617694804337,9.788881242594154,0.006648122864936096,True,Cruise
1,57,1675451622.738024,48.93192833041884,0.014240955594415452,False,True,False,False,100000,False,True,False,4.0582572417140605,0.1178626022884431,9.783204816416015,0.008952826693919468,True,Cruise
1,58,1675451622.8380268,49.38159321195881,0.00824542384054923,False,True,False,False,100000,False,True,False,4.054078791171288,0.1152029814985699,9.780397511029639,0.004776705105246164,True,Cruise
1,59,1675451622.938033,49.38159321195881,0.00824542384054923,False,True,False,False,100000,False,True,False,4.044550530015784,0.09799265201832516,9.772547996850108,0.0383764886406316,True,Cruise
1,60,1675451623.0380273,49.38159321195881,0.00824542384054923,False,True,False,False,100000,False,True,False,4.0405563216706915,0.07632602997749335,9.768165738959619,0.022463312204192443,True,Cruise
1,61,1675451623.1379962,49.483667280073995,-0.006884436265680095,False,True,False,False,100000,False,True,False,4.038942806327261,0.07663863233020793,9.766328122546044,0.0024653571907220988,True,Cruise
1,62,1675451623.2380915,47.92219813999019,0.02770402480013074,False,True,False,False,100000,False,True,False,4.038942806327261,0.07663863233020793,9.766328122546044,0.01128628119023594,True,Cruise
1,63,1675451623.3380778,47.92219813999019,0.02770402480013074,False,True,False,False,100000,False,True,False,4.034709059597712,0.09574819816179385,9.76161755552522,0.2233431189748462,True,Cruise
1,64,1675451623.4380615,49.934895003829475,-0.0008680666156069565,False,True,False,False,100000,False,True,False,4.031481308858706,0.30797885374897815,9.760963495144441,0.10937943826044108,True,Cruise
1,65,1675451623.5382185,49.934895003829475,-0.0008680666156069565,False,True,False,False,100000,False,True,False,4.031481308858706,0.30797885374897815,9.760963495144441,0.10937943826044108,True,Cruise
1,66,1675451623.6379445,49.1850876303099,0.01086549826253463,False,True,False,False,100000,False,True,False,4.031481308858706,0.30797885374897815,9.760963495144441,0.10937943826044108,True,Cruise
1,67,1675451623.7379458,49.6355883301734,0.004858822264354731,False,True,False,False,100000,False,True,False,4.043422288091664,-0.030471823856071847,9.760903869354287,0.004693435939922949,True,Cruise
1,68,1675451623.8379486,49.6355883301734,0.004858822264354731,False,True,False,False,100000,False,True,False,4.044781553778653,0.02965960298378505,9.7625031812145,0.0866399041834127,True,Cruise
1,69,1675451623.9379973,49.6355883301734,0.004858822264354731,False,True,False,False,100000,False,True,False,4.045295104767221,0.08583282634870387,9.763500859788932,0.0866399041834127,True,Cruise
1,70,1675451624.0380206,49.658699492123034,0.004550673438359561,False,True,False,False,100000,False,True,False,4.048671515378559,0.011736299338130444,9.765525620275248,0.03228575994189497,True,Cruise
1,71,1675451624.1379542,49.51815798703474,-0.006424560172870126,False,True,False,False,100000,False,True,False,4.0539646779981044,-0.006263331875934096,9.768880305493543,0.01905933386226082,True,Cruise
1,72,1675451624.23864,49.664156891816106,0.004477908109118542,False,True,False,False,100000,False,True,False,4.057836461856556,-0.055065312996359916,9.771039154742043,0.0813268451320187,True,Cruise
1,73,1675451624.3383296,49.664156891816106,0.004477908109118542,False,True,False,False,100000,False,True,False,4.057836461856556,-0.055065312996359916,9.771039154742043,0.07396366171233691,True,Cruise
1,74,1675451624.4379585,49.67777044315982,0.004296394091202377,False,True,False,False,100000,False,True,False,4.060159784621095,-0.056411368835862744,9.77316726263388,0.04493066673034268,True,Cruise
1,75,1675451624.5380301,49.67777044315982,0.004296394091202377,False,True,False,False,100000,False,True,False,4.061325435444069,0.0016134906616155317,9.775070669192585,0.01315330640166401,True,Cruise
1,76,1675451624.6380093,48.88148440825966,0.014913541223204601,False,True,False,False,100000,False,True,False,4.062507135392768,-0.0010756179549161816,9.776569211550628,0.0032974761741532276,True,Cruise
1,77,1675451624.738028,48.88148440825966,0.014913541223204601,False,True,False,False,100000,False,True,False,4.062977098746647,-0.0316373891425013,9.77716564197712,0.03057120300102603,True,Cruise
1,78,1675451624.8379738,49.70584591673479,0.0039220544435361725,False,True,False,False,100000,False,True,False,4.062203249373827,0.10628871364611868,9.778183968238642,0.08651653584833871,True,Cruise
1,79,1675451624.9379423,49.709670675797845,0.003871057656028719,False,True,False,False,100000,False,True,False,4.061542674372669,0.13631057410681294,9.77870990005596,0.009797527651487316,True,Cruise
1,80,1675451625.0380018,49.709670675797845,0.003871057656028719,False,True,False,False,100000,False,True,False,4.062495805143661,0.10150255282921541,9.778659991794074,0.07580191486149122,True,Cruise
1,81,1675451625.1380339,49.709670675797845,0.003871057656028719,False,True,False,False,100000,False,True,False,4.062495805143661,0.10150255282921541,9.778659991794074,0.07580191486149122,True,Cruise
1,82,1675451625.238013,49.709670675797845,0.003871057656028719,False,True,False,False,100000,False,True,False,4.062495805143661,0.10150255282921541,9.778659991794074,0.07580191486149122,True,Cruise
1,83,1675451625.3380075,49.96271526177616,0.000497129842984544,False,True,False,False,100000,False,True,False,4.061327710754685,0.07582951742448096,9.777228271962912,0.004029228766308202,True,Cruise
1,84,1675451625.4380965,49.96271526177616,0.000497129842984544,False,True,False,False,100000,False,True,False,4.0603391042314465,0.04319884348977398,9.776430688443448,0.0355653233375686,True,Cruise
1,85,1675451625.5379748,49.96271526177616,-0.00031876250809778227,False,True,False,False,100000,False,True,False,4.059920387472898,0.01958089071264935,9.776000233943055,0.023625585880212293,True,Cruise
1,86,1675451625.638006,49.97609281189266,-0.00031876250809778227,False,True,False,False,100000,False,True,False,4.059920387472898,0.01958089071264935,9.776000233943055,0.023625585880212293,True,Cruise
1,87,1675451625.7379682,49.97609281189266,-0.00031876250809778227,False,True,False,False,100000,False,True,False,4.058369067865475,-0.01192140137407538,9.774725522364786,0.011035016811942367,True,Cruise
1,88,1675451625.838012,49.29742452307062,0.009367673025725033,False,True,False,False,100000,False,True,False,4.056895093631612,-0.037796174856761455,9.77357238611842,0.00667736949508661,True,Cruise
1,89,1675451625.9379635,49.29742452307062,0.009367673025725033,False,True,False,False,100000,False,True,False,4.055653489467898,0.0066284402685516455,9.772978686744828,0.033316067376323186,True,Cruise
1,90,1675451626.0380306,49.29742452307062,0.009367673025725033,False,True,False,False,100000,False,True,False,4.055653489467898,0.0066284402685516455,9.772978686744828,0.07774045434151243,True,Cruise
1,91,1675451626.138002,49.43916206020658,0.00747783919724562,False,True,False,False,100000,False,True,False,4.054947130136697,0.05100386686024679,9.77273515270243,0.044381716252636136,True,Cruise
1,92,1675451626.2381303,49.43916206020658,0.00747783919724562,False,True,False,False,100000,False,True,False,4.053767974213034,0.0728574403407084,9.772123220274018,0.016849754618740283,True,Cruise
1,93,1675451626.3379567,49.43916206020658,0.00747783919724562,False,True,False,False,100000,False,True,False,4.053433835286656,0.11353649069798472,9.771777843634698,0.019143543493514364,True,Cruise
1,94,1675451626.4380882,49.96428303706836,0.0004762261724218506,False,True,False,False,100000,False,True,False,4.053433835286656,0.11353649069798472,9.771777843634698,0.0029985154013510962,True,Cruise
1,95,1675451626.5380118,49.96428303706836,0.0004762261724218506,False,True,False,False,100000,False,True,False,4.053831025622209,0.1332156512819869,9.771680243874503,0.053983527145248546,True,Cruise
1,96,1675451626.6379998,49.87999802349773,0.0016000263533636106,False,True,False,False,100000,False,True,False,4.054748208105403,0.07923995307348493,9.77161713889034,0.053983527145248546,True,Cruise
1,97,1675451626.7380054,49.650781732922034,0.004656243561039525,False,True,False,False,100000,False,True,False,4.054748208105403,0.07923995307348493,9.77161713889034,0.034023555021950695,True,Cruise
1,98,1675451626.8380394,49.90863506609879,-0.0012181991186828401,False,True,False,False,100000,False,True,False,4.055734752881635,-0.0010996452951929437,9.771943231060202,0.046332294867403125,True,Cruise
1,99,1675451626.938025,49.90863506609879,-0.0012181991186828401,False,True,False,False,100000,False,True,False,4.054378134569444,0.1511552737595867,9.772379973412146,0.00449123121234814,True,Cruise
1,100,1675451627.0379872,49.74890072408066,-0.003347990345591127,False,True,False,False,100000,False,True,False,4.056542690335096,0.002222872329325989,9.772683868143115,0.05071591777873008,True,Cruise
1,101,1675451627.139031,49.74890072408066,-0.003347990345591127,False,True,False,False,100000,False,True,False,4.056542690335096,0.002222872329325989,9.772683868143115,0.05071591777873008,True,Cruise
1,102,1675451627.2394555,49.904612407058416,0.0012718345725544818,False,True,False,False,100000,False,True,False,4.057559093196979,-0.03910444324583676,9.773142451780638,0.04134235583973581,True,Cruise
1,103,1675451627.3411067,49.6742090381184,-0.004343879491754675,False,True,False,False,100000,False,True,False,4.057559093196979,-0.03910444324583676,9.773142451780638,0.022191528590136823,True,Cruise
1,104,1675451627.438565,49.6742090381184,-0.004343879491754675,False,True,False,False,100000,False,True,False,4.057400991806074,-0.028232240368135587,9.773494032967793,0.014970688255120879,True,Cruise
1,105,1675451627.537937,49.67484267106652,-0.004335431052446378,False,True,False,False,100000,False,True,False,4.057539566212479,-0.05954326538053755,9.773881610881547,0.013450358067361824,True,Cruise
1,106,1675451627.6379673,49.67484267106652,-0.004335431052446378,False,True,False,False,100000,False,True,False,4.057686644517461,-0.0971727931994776,9.773972897302313,0.037629925978066914,True,Cruise
1,107,1675451627.7379599,49.67484267106652,-0.004335431052446378,False,True,False,False,100000,False,True,False,4.057686644517461,-0.0971727931994776,9.773972897302313,0.037629925978066914,True,Cruise
1,108,1675451627.8380501,49.732562002366535,-0.0035658399684462805,False,True,False,False,100000,False,True,False,4.057770558805291,-0.11263445139203462,9.774128416529408,0.015462668007208974,True,Cruise
1,109,1675451627.9380789,49.732562002366535,-0.0035658399684462805,False,True,False,False,100000,False,True,False,4.057724829087636,-0.10976834965743996,9.774230986936013,0.0057543060633525175,True,Cruise
1,110,1675451628.0380611,48.88059208305312,-0.014925438892624958,False,True,False,False,100000,False,True,False,4.057650899988471,-0.07634120553823603,9.77427561546364,0.03143383654510472,True,Cruise
1,111,1675451628.1380045,49.720999175110364,-0.0037200109985284957,False,True,False,False,100000,False,True,False,4.057060449523838,-0.18613079951755487,9.774328302609876,0.10979119433647785,True,Cruise
1,112,1675451628.2380226,49.720999175110364,-0.0037200109985284957,False,True,False,False,100000,False,True,False,4.055591515501075,-0.2748007312305808,9.774382496654585,0.021599368519423942,True,Cruise
1,113,1675451628.337954,49.720999175110364,-0.0037200109985284957,False,True,False,False,100000,False,True,False,4.056079441979507,-0.2106853981027975,9.774185160146624,0.06411749336984687,True,Cruise
1,114,1675451628.4380581,48.52043730780383,-0.019727502562615597,False,True,False,False,100000,False,True,False,4.056894919272742,-0.1535625960380587,9.774051593322481,0.009896537555409654,True,Cruise
1,115,1675451628.5379958,49.432994890563826,0.007560068125815652,False,True,False,False,100000,False,True,False,4.057465850113915,-0.14882207140705558,9.773879253338725,0.005148077009309677,True,Cruise
1,116,1675451628.6380293,49.432994890563826,0.007560068125815652,False,True,False,False,100000,False,True,False,4.057332219376277,-0.10636804615597868,9.773824200283338,0.042454271257813675,True,Cruise
1,117,1675451628.7379785,49.553103994135526,0.00595861341152633,False,True,False,False,100000,False,True,False,4.055273864884823,-0.3381626839350631,9.7739532857649,0.17984431439700885,True,Cruise
1,118,1675451628.8380225,49.553103994135526,0.00595861341152633,False,True,False,False,100000,False,True,False,4.058330641871527,-0.011875357218625175,9.773524986127567,0.14645791372101968,True,Cruise
1,119,1675451628.9380372,49.80917675857834,-0.0025443098856221353,False,True,False,False,100000,False,True,False,4.0579837368345615,0.06245397290716126,9.773426513259528,0.041732298402995284,True,Cruise
1,120,1675451629.03806,49.09444320657849,0.01207409057895346,False,True,False,False,100000,False,True,False,4.057486048668371,0.10418330355539555,9.773426882326437,0.041732298402995284,True,Cruise
1,121,1675451629.1379821,49.09444320657849,0.01207409057895346,False,True,False,False,100000,False,True,False,4.0567588352927615,-0.0234955684607158,9.773436680931521,0.06775610633650984,True,Cruise
1,122,1675451629.237963,49.449599435832106,0.007338674188905307,False,True,False,False,100000,False,True,False,4.056398981949715,0.23893760137140088,9.773392114961146,0.05561590357670471,True,Cruise
1,123,1675451629.3380334,49.449599435832106,0.007338674188905307,False,True,False,False,100000,False,True,False,4.055977443563545,0.29455190736041886,9.773394439220203,0.05561590357670471,True,Cruise
1,124,1675451629.4379628,49.449599435832106,0.007338674188905307,False,True,False,False,100000,False,True,False,4.055977443563545,0.29455190736041886,9.773394439220203,0.05561590357670471,True,Cruise
1,125,1675451629.537995,49.449599435832106,0.007338674188905307,False,True,False,False,100000,False,True,False,4.055891388336919,0.24037413087361947,9.773338838845111,0.05417787336133943,True,Cruise
1,126,1675451629.6379747,49.70749592904875,-0.003900054279350056,False,True,False,False,100000,False,True,False,4.055769093473535,0.2651099294067403,9.773321235629455,0.005712004120049383,True,Cruise
1,127,1675451629.73809,49.316246282823585,0.009116716229018856,False,True,False,False,100000,False,True,False,4.0557232476915575,0.26631997835325466,9.773321517586439,0.0012109171599186616,True,Cruise
1,128,1675451629.8381212,49.316246282823585,0.009116716229018856,False,True,False,False,100000,False,True,False,4.056964929820115,0.17389830660429123,9.773216093604171,0.12208287009721268,True,Cruise
1,129,1675451629.937963,49.66721138954959,-0.004437181472672104,False,True,False,False,100000,False,True,False,4.056964929820115,0.17389830660429123,9.773216093604171,0.0030271386169831724,True,Cruise
1,130,1675451630.037992,49.66721138954959,-0.004437181472672104,False,True,False,False,100000,False,True,False,4.056951279137006,0.1769238455525543,9.773313540706871,0.0030271386169831724,True,Cruise
1,131,1675451630.1379626,49.628272000628606,-0.004956373324951916,False,True,False,False,100000,False,True,False,4.057271613560002,-0.033855204147441205,9.773353897399364,0.08683799319177944,True,Cruise
1,132,1675451630.2379572,49.85015958515858,0.001997872197885581,False,True,False,False,100000,False,True,False,4.057189388982742,-0.0692849695955912,9.773389512588567,0.035429878761205645,True,Cruise
1,133,1675451630.3379757,49.85015958515858,0.001997872197885581,False,True,False,False,100000,False,True,False,4.056939544945928,-0.11914013070170265,9.77346652874257,0.0231079132902934,True,Cruise
1,134,1675451630.438033,49.85015958515858,0.001997872197885581,False,True,False,False,100000,False,True,False,4.056939544945928,-0.11914013070170265,9.77346652874257,0.0231079132902934,True,Cruise
1,135,1675451630.538033,49.95244572185129,0.0006340570419827564,False,True,False,False,100000,False,True,False,4.056928216808907,-0.07254640201061945,9.773589397361297,0.005267350972413701,True,Cruise
1,136,1675451630.6380043,49.37542848671193,0.008327620177174262,False,True,False,False,100000,False,True,False,4.056928216808907,-0.07254640201061945,9.773589397361297,0.005267350972413701,True,Cruise
1,137,1675451630.7380257,49.37542848671193,0.008327620177174262,False,True,False,False,100000,False,True,False,4.056942501202964,-0.10211922290033323,9.773626051565547,0.009970255943732383,True,Cruise
1,138,1675451630.838036,49.13368931601798,0.011550809119760308,False,True,False,False,100000,False,True,False,4.056947997877978,-0.12106464316327108,9.77364098756659,0.09450943696158426,True,Cruise
1,139,1675451630.938038,49.98932213236246,-0.00014237156850055544,False,True,False,False,100000,False,True,False,4.0565701389764115,0.04156576679374303,9.7736999908326,0.06812151424900195,True,Cruise
1,140,1675451631.0380073,49.98932213236246,-0.00014237156850055544,False,True,False,False,100000,False,True,False,4.055359000447887,0.17023060656303624,9.773768883939695,0.12867055838712047,True,Cruise
1,141,1675451631.1379776,49.98932213236246,-0.00014237156850055544,False,True,False,False,100000,False,True,False,4.056230321617918,0.14064540058169173,9.77362723830571,0.09752856651010941,True,Cruise
1,142,1675451631.2380219,49.84269706545415,0.002097372460611321,False,True,False,False,100000,False,True,False,4.057066892461669,0.08887163031226797,9.77355330626777,0.05178058134700609,True,Cruise
1,143,1675451631.3380187,49.89241158859241,0.002097372460611321,False,True,False,False,100000,False,True,False,4.057194513018111,0.15561755972700886,9.773541858791551,0.02857919305201405,True,Cruise
1,144,1675451631.4379714,49.89241158859241,-0.0014345121521011947,False,True,False,False,100000,False,True,False,4.057194513018111,0.15561755972700886,9.773541858791551,0.02857919305201405,True,Cruise
1,145,1675451631.5380113,48.24651461710376,-0.02337980510528311,False,True,False,False,100000,False,True,False,4.056885610464501,0.16862831194068087,9.773560506892908,0.013014432054641575,True,Cruise
1,146,1675451631.6379814,48.265474965751125,-0.023127000456651656,False,True,False,False,100000,False,True,False,4.057203196782032,0.14398338072646105,9.77353159868069,0.02528401864489405,True,Cruise
1,147,1675451631.7379584,48.265474965751125,-0.023127000456651656,False,True,False,False,100000,False,True,False,4.057500703981997,-0.12561535639343407,9.773525788438926,0.1778639818198602,True,Cruise
1,148,1675451631.8380022,47.69154091217755,-0.03077945450429933,False,True,False,False,100000,False,True,False,4.054266239925717,-0.3774007145777264,9.773742595736575,0.040044911599316696,True,Cruise
1,149,1675451631.9380054,47.69154091217755,-0.03077945450429933,False,True,False,False,100000,False,True,False,4.05048102008425,-0.4632175609277762,9.773863887875683,0.0458568951529105,True,Cruise
1,150,1675451632.038015,48.51125024472678,-0.019849996736976197,False,True,False,False,100000,False,True,False,4.05048102008425,-0.4632175609277762,9.773863887875683,0.0458568951529105,True,Cruise
1,151,1675451632.137994,48.51125024472678,-0.019849996736976197,False,True,False,False,100000,False,True,False,4.042602605985153,-0.7845888957885356,9.774022604965467,0.127240508692803,True,Cruise
1,152,1675451632.238069,49.66540780296266,-0.004461229293831158,False,True,False,False,100000,False,True,False,4.039007134442649,-0.9676456366767281,9.773792001765287,0.06849857105412994,True,Cruise
1,153,1675451632.3380485,49.01788193388591,-0.013094907548187887,False,True,False,False,100000,False,True,False,4.046901880006154,-0.9140150199236629,9.772713781345336,0.015151603903248736,True,Cruise
1,154,1675451632.4380596,49.01788193388591,-0.013094907548187887,False,True,False,False,100000,False,True,False,4.061050327818952,-0.662736324595863,9.771512126385986,0.015151603903248736,True,Cruise
1,155,1675451632.5379727,49.01788193388591,-0.013094907548187887,False,True,False,False,100000,False,True,False,4.061050327818952,-0.662736324595863,9.771512126385986,0.09055896109204405,True,Cruise
1,156,1675451632.6380215,48.836497474676825,-0.015513367004308984,False,True,False,False,100000,False,True,False,4.0588187348104965,-0.6638063158169708,9.772071699041495,0.0025373234175860696,True,Cruise
1,157,1675451632.7379832,48.836497474676825,-0.015513367004308984,False,True,False,False,100000,False,True,False,4.051422000282859,-0.6191954403143857,9.772837162515614,0.03996276290258293,True,Cruise
1,158,1675451632.8380458,48.836497474676825,-0.015513367004308984,False,True,False,False,100000,False,True,False,4.051048436864395,-0.5696777114809048,9.772872524217133,0.04951915052687886,True,Cruise
1,159,1675451632.9380589,48.836497474676825,-0.015513367004308984,False,True,False,False,100000,False,True,False,4.051832735561749,-0.4933737786226575,9.77281725943902,0.03286573538687956,True,Cruise
1,160,1675451633.0379407,49.2818404962416,-0.009575460050111954,False,True,False,False,100000,False,True,False,4.051832735561749,-0.4933737786226575,9.77281725943902,0.03286573538687956,True,Cruise
1,161,1675451633.1380432,49.2818404962416,-0.009575460050111954,False,True,False,False,100000,False,True,False,4.055778461387998,-0.38983984542218564,9.772524258851096,0.4965485795000662,True,Cruise
1,162,1675451633.2380526,48.88479097441577,-0.014869453674456407,False,True,False,False,100000,False,True,False,4.3815906647224985,-0.015511594394332995,9.755634603902559,0.4965485795000662,True,Cruise
1,163,1675451633.3380766,48.88479097441577,-0.014869453674456407,False,True,False,False,100000,False,True,False,4.3546753566632495,-0.15388984741868178,9.760719477511845,0.10932421705364005,True,Cruise
1,164,1675451633.4380207,48.88479097441577,-0.014869453674456407,False,True,False,False,100000,False,True,False,4.1701038768583105,-0.2652295481647273,9.777908231197427,0.02907930860193877,True,Cruise
1,165,1675451633.538034,49.42763620805526,-0.0076315172259298816,False,True,False,False,100000,False,True,False,4.125093769495883,-0.35035910618178223,9.78198542991653,0.09638244115165089,True,Cruise
1,166,1675451633.6379461,49.42763620805526,-0.0076315172259298816,False,True,False,False,100000,False,True,False,4.070714390727634,-0.37953557053871456,9.783867046021356,0.06174077572202948,True,Cruise
1,167,1675451633.7379692,49.948153040548895,0.0006912927926814121,False,True,False,False,100000,False,True,False,4.070714390727634,-0.37953557053871456,9.783867046021356,0.06174077572202948,True,Cruise
1,168,1675451633.8380349,49.948153040548895,0.0006912927926814121,False,True,False,False,100000,False,True,False,4.095255786600573,-0.35275246564423296,9.778293364166174,0.015246721265610106,True,Cruise
1,169,1675451633.9380324,49.948153040548895,0.0006912927926814121,False,True,False,False,100000,False,True,False,4.085767914335992,-0.21673320512961242,9.775596270724249,0.07124012196797937,True,Cruise
1,170,1675451634.0379577,49.70865383162397,0.0038846155783471307,False,True,False,False,100000,False,True,False,4.085767914335992,-0.21673320512961242,9.775596270724249,0.07124012196797937,True,Cruise
1,171,1675451634.1379886,49.70865383162397,0.0038846155783471307,False,True,False,False,100000,False,True,False,4.085767914335992,-0.21673320512961242,9.775596270724249,0.10347742057678225,True,Cruise
1,172,1675451634.238111,49.70865383162397,0.0038846155783471307,False,True,False,False,100000,False,True,False,4.0571690589377365,-0.06034077731850504,9.773445959625365,0.055532192195571164,True,Cruise
1,173,1675451634.3379965,49.927455703477115,0.0009672572869718038,False,True,False,False,100000,False,True,False,4.03479703502632,0.05695531353802752,9.771683461518665,0.038053004454773894,True,Cruise
1,174,1675451634.438036,49.927455703477115,0.0009672572869718038,False,True,False,False,100000,False,True,False,4.015855532137276,0.09995236931545795,9.77219849750678,0.0469871535559687,True,Cruise
1,175,1675451634.538004,49.927455703477115,0.0009672572869718038,False,True,False,False,100000,False,True,False,4.014547391979268,0.10153576298908068,9.771032672932092,0.0023616759171417455,True,Cruise
1,176,1675451634.6379728,49.84472353302201,0.0020703528930398653,False,True,False,False,100000,False,True,False,3.9774300332043993,0.43512212587365595,9.795462537798334,0.33653287821900063,True,Cruise
1,177,1675451634.7379448,49.84472353302201,0.0020703528930398653,False,True,False,False,100000,False,True,False,4.094795384974466,0.4076628171886796,9.798624729773916,0.07713628956356824,True,Cruise
1,178,1675451634.837954,49.90167388617989,0.0013110148509347577,False,True,False,False,100000,False,True,False,3.893339023727407,0.5278931352691536,9.7985356825873,0.08870046921495142,True,Cruise
1,179,1675451634.9380379,49.90167388617989,0.0013110148509347577,False,True,False,False,100000,False,True,False,3.9358412771628597,0.3617922066297355,9.784185784510923,0.0859037381959443,True,Cruise
1,180,1675451635.0380707,49.90167388617989,0.0013110148509347577,False,True,False,False,100000,False,True,False,3.971733973471444,0.27424280509391447,9.776923966607438,0.09489951188938776,True,Cruise
1,181,1675451635.1379972,49.86120302392679,0.001850626347642798,False,True,False,False,100000,False,True,False,4.008892548338938,0.019795531532525935,9.752252001440116,0.045883940838376776,True,Cruise
1,182,1675451635.2380893,49.86120302392679,0.001850626347642798,False,True,False,False,100000,False,True,False,4.009002221123212,-0.01023233313246373,9.7518470021118,0.030030796008672186,True,Cruise
1,183,1675451635.3380313,49.40339900862378,0.007954679885016237,False,True,False,False,100000,False,True,False,4.00345486266683,-0.05704614757289686,9.752878470152112,0.021751556954193733,True,Cruise
1,184,1675451635.4380403,49.40339900862378,0.007954679885016237,False,True,False,False,100000,False,True,False,4.0111280805779375,-0.09073355391467078,9.767636444999303,0.01861709630654143,True,Cruise
1,185,1675451635.537994,49.40339900862378,0.007954679885016237,False,True,False,False,100000,False,True,False,4.011288772288898,-0.025443398846027282,9.767292386512857,0.0652912593457622,True,Cruise
1,186,1675451635.637925,49.94085948662336,0.0007885401783552528,False,True,False,False,100000,False,True,False,4.011288772288898,-0.025443398846027282,9.767292386512857,0.0652912593457622,True,Cruise
1,187,1675451635.7380748,49.94085948662336,0.0007885401783552528,False,True,False,False,100000,False,True,False,4.0066122958598696,0.08662198136500597,9.751934487019772,0.07157732594857741,True,Cruise
1,188,1675451635.838078,49.07543805355232,-0.012327492619302466,False,True,False,False,100000,False,True,False,4.015209871905253,-0.016317837641354638,9.753948852034737,0.01774756776639333,True,Cruise
1,189,1675451635.937984,49.07543805355232,-0.012327492619302466,False,True,False,False,100000,False,True,False,4.035500256214665,0.008015969674564184,9.77126246074533,0.023222151940733626,True,Cruise
1,190,1675451636.0380688,49.874540756067624,0.0016727899190983335,False,True,False,False,100000,False,True,False,4.044946991915145,-0.24221684535324203,9.772416406219744,0.09890674692712313,True,Cruise
1,191,1675451636.1380193,49.874540756067624,0.0016727899190983335,False,True,False,True,100000,False,True,False,4.044946991915145,-0.24221684535324203,9.772416406219744,0.09890674692712313,True,Cruise
1,192,1675451636.237935,49.874540756067624,0.0016727899190983335,False,True,False,True,100000,False,True,False,4.055016580649004,-0.1492108260977329,9.773945382992927,0.43700016668958686,True,Cruise
1,193,1675451636.3380299,49.955077812903745,0.0005989624946167948,False,True,False,True,100000,False,True,False,4.031828417877664,0.2594476707085385,9.737856275898038,0.026184580875781543,True,Cruise
1,194,1675451636.4379244,49.955077812903745,0.0005989624946167948,False,True,False,True,100000,False,True,False,4.04614472829044,0.08997142133526395,9.75270719241716,0.0490875476559097,True,Cruise
1,195,1675451636.5380275,49.861436938735984,0.0018475074835202438,False,True,False,True,100000,False,True,False,4.04614472829044,0.08997142133526395,9.75270719241716,0.0490875476559097,True,Cruise
1,196,1675451636.6379957,49.019820355238195,0.006089318530869826,False,True,False,True,100000,False,True,False,4.051218550016644,0.06067200839669185,9.757626192658245,0.03013960565146888,True,Cruise
1,197,1675451636.7380192,48.87398576539007,0.015013523128132457,False,True,False,True,100000,False,True,False,4.051218550016644,0.06067200839669185,9.757626192658245,0.03013960565146888,True,Cruise
1,198,1675451636.8379617,48.90553643783898,0.014592847495480227,False,True,False,True,100000,False,True,False,4.068367053347106,-0.025145508147914074,9.77549412998828,0.05145699778274427,True,Cruise
1,199,1675451636.9379835,48.8002536133229,0.015996618489027937,False,True,False,True,100000,False,True,False,4.073613614834471,0.1905595205957208,9.782708338228144,0.1460078507588237,True,Cruise
1,200,1675451637.0380075,48.785712043403706,0.01619050608795057,False,True,False,True,100000,False,True,False,4.075679026693485,0.3081195243616436,9.788359626689466,0.038470826301114314,True,Cruise
1,201,1675451637.1380267,48.785712043403706,0.01619050608795057,False,True,False,True,100000,False,True,False,4.076130053237477,0.3340506845542396,9.790504431088609,0.02602361773059313,True,Cruise
1,202,1675451637.2379775,48.86609026884027,0.015118796415463097,False,True,False,True,100000,False,True,False,4.076130053237477,0.3340506845542396,9.790504431088609,0.19430639459647875,True,Cruise
1,203,1675451637.3380313,48.9019548119391,0.014640602507478681,False,True,False,True,100000,False,True,False,4.0734453416723015,0.5944082725213503,9.79472696425812,0.19706003794479107,True,Cruise
1,204,1675451637.4379866,48.9019548119391,0.014640602507478681,False,True,False,True,100000,False,True,False,3.569877132386203,0.7834262174723048,9.840528380229442,0.34770808926721525,True,Cruise
1,205,1675451637.5379684,48.94311248611869,0.01409183351841751,False,True,False,True,100000,False,True,False,3.14341249740039,0.8457911414310785,9.875078887342163,0.4323831705509738,True,Cruise
1,206,1675451637.6379893,48.94311248611869,0.01409183351841751,False,True,False,True,100000,False,True,False,1.9409104384332967,0.7620031966204246,9.965500675616951,0.7143110001447581,True,Cruise
1,207,1675451637.7380722,49.081345646181745,0.012248724717576749,False,True,False,True,100000,False,True,False,1.9409104384332967,0.7620031966204246,9.965500675616951,0.7143110001447581,True,Cruise
1,208,1675451637.8379757,49.22855401257648,0.010285946498980273,False,True,False,True,100000,False,True,False,0.6934748647555026,0.8627807353339942,9.983896078445708,1.015340037871915,True,Cruise
1,209,1675451637.9380326,49.22855401257648,0.010285946498980273,False,True,False,True,100000,False,True,False,2.1749741334079675,0.927405649153008,9.792158992672974,0.7053791243826663,True,Cruise
1,210,1675451638.0380063,49.42147636458925,0.007713648472143259,False,True,False,True,100000,False,True,False,1.3054308212877945,0.9181541779014438,9.837055590235535,0.5581759233210281,True,Cruise
1,211,1675451638.1380513,49.42147636458925,0.007713648472143259,False,True,False,True,100000,False,True,False,1.778402348434039,0.9301211292311304,9.7644897591671,0.4786554849302683,True,Cruise
1,212,1675451638.2380388,49.632389528042616,0.004901472959431775,False,True,False,True,100000,False,True,False,0.6454243270951451,0.8108854992034913,9.82030556210293,0.47947334730448826,True,Cruise
1,213,1675451638.3379912,49.632389528042616,0.004901472959431775,False,True,False,True,100000,False,True,False,0.6454243270951451,0.8108854992034913,9.82030556210293,0.47947334730448826,True,Cruise
1,214,1675451638.4379861,49.632389528042616,0.004901472959431775,False,True,False,True,100000,False,True,False,1.0398391272923075,0.6235387540488766,9.74246795878191,0.4041787748602994,True,Cruise
1,215,1675451638.5380056,49.973130018682554,0.00035826641756592594,False,True,False,True,100000,False,True,False,0.6299996102694263,0.5887505491761328,9.766964423431011,0.4041787748602994,True,Cruise
1,216,1675451638.6380439,49.80160114207931,0.0026453181056092074,False,True,False,True,100000,False,True,False,1.0856051782512721,0.5055044596849713,9.694060488567276,0.7804712637871044,True,Cruise
1,217,1675451638.7380016,49.87062953694561,0.0017249395073919253,False,False,False,True,100000,False,True,False,1.0856051782512721,0.5055044596849713,9.694060488567276,0.7804712637871044,True,Cruise
1,218,1675451638.8379848,49.87062953694561,0.0017249395073919253,False,False,False,True,100000,False,True,False,0.5269386552401312,0.22449814495841258,9.736622119312264,0.8507815826678494,True,Cruise
1,219,1675451638.9379687,49.91460904983892,0.0011385460021476617,False,False,False,True,100000,False,True,False,0.39074190169593087,0.1902469469654295,9.751373201426613,0.1763834353623672,True,Cruise
1,220,1675451639.0379617,49.1600558719885,-0.011199255040153417,False,False,False,True,100000,False,True,False,0.4356562972629396,0.09992244391008634,9.746817950022532,0.12995572602365701,True,Cruise
1,221,1675451639.1379397,49.1600558719885,-0.011199255040153417,False,False,False,True,100000,False,True,False,-0.7925604348741215,0.030308398572634544,9.864650519958422,1.0987861109232573,True,Cruise
1,222,1675451639.2379825,49.1600558719885,-0.011199255040153417,False,False,False,True,100000,False,True,False,-0.7925604348741215,0.030308398572634544,9.864650519958422,1.0987861109232573,True,Cruise
1,223,1675451639.3380892,49.98535153520323,-0.0001953128639569044,False,False,False,True,100000,False,True,False,-1.2713031980065743,-0.35358056656562503,9.824480820182098,1.7001582168423812,True,Cruise
1,224,1675451639.4380605,49.810964243552704,-0.00252047675263063,False,False,False,True,100000,False,True,False,-1.2713031980065743,-0.35358056656562503,9.824480820182098,1.654059224194853,True,Cruise
1,225,1675451639.5380237,49.810964243552704,-0.00252047675263063,False,False,False,True,100000,False,True,False,1.6848520677344339,-0.24948426870860538,9.573939047769972,0.08731949032200133,True,Cruise
1,226,1675451639.638098,49.82907623853855,-0.0022789834861527587,False,False,False,True,100000,False,True,False,1.6848520677344339,-0.24948426870860538,9.573939047769972,0.08731949032200133,True,Cruise
1,227,1675451639.7379394,49.82907623853855,-0.0022789834861527587,False,False,False,True,100000,False,True,False,0.6700460228609442,-0.28327802877040525,9.690573264721738,0.5281912915006585,True,Cruise
1,228,1675451639.8379152,49.82933635997476,-0.002275515200336599,False,False,False,True,100000,False,True,False,0.00996324800977499,-0.29310598989210634,9.775802778180463,0.6656349813820183,True,Cruise
1,229,1675451639.9387732,49.19792759843531,-0.010694298687529257,False,False,False,True,100000,False,True,False,-0.0352869455141815,-0.27371337521073263,9.794327888955904,0.013186789783083375,True,Cruise
1,230,1675451640.039371,49.77223957638587,-0.0030368056481883815,False,False,False,True,100000,False,True,False,-0.990143901999857,-0.23514524928528677,9.89332435753251,0.013186789783083375,True,Cruise
1,231,1675451640.1394403,49.77223957638587,-0.0030368056481883815,False,False,False,True,100000,False,True,False,-0.938108099694302,-0.4247867015171218,9.847763528361053,1.5666603652486986,True,Cruise
1,232,1675451640.2392612,49.77223957638587,-0.0030368056481883815,False,False,False,True,100000,False,True,False,-0.938108099694302,-0.4247867015171218,9.847763528361053,1.5666603652486986,True,Cruise
1,233,1675451640.3390613,49.84117702380894,-0.0021176396825474454,False,False,False,True,100000,False,True,False,1.2742175044891186,-0.2843815260922799,9.679624042021386,2.2231439627424456,True,Cruise
1,234,1675451640.4379828,48.583458291269544,-0.018887222783072782,False,False,False,True,100000,False,True,False,1.2742175044891186,-0.2843815260922799,9.679624042021386,0.3641055018929696,True,Cruise
1,235,1675451640.5380065,48.583458291269544,-0.018887222783072782,False,False,False,True,100000,False,True,False,-0.6859209699140189,-0.28735871549208714,9.891976325889004,1.2537466188731303,True,Cruise
1,236,1675451640.6380057,48.69172917651248,-0.017443610979833567,False,False,False,True,100000,False,True,False,-2.493994590840507,-0.46012595361384107,10.040080070704441,0.47881732519245546,True,Cruise
1,237,1675451640.7379887,48.69172917651248,-0.017443610979833567,False,False,False,True,100000,False,True,False,-2.9505658914342052,-0.6024654221977721,10.063492760893324,0.47881732519245546,True,Cruise
1,238,1675451640.8379943,49.123223233295484,-0.011690356889393575,False,False,False,True,100000,False,True,False,-3.039167131668871,-0.7240280449852081,9.991583369545172,0.16672915640086186,True,Cruise
1,239,1675451640.9379818,48.98700554345262,-0.013506592753965112,False,False,False,True,100000,False,True,False,-2.649277607298294,-0.7933435288442133,9.929413311171174,1.7697896380929703,True,Cruise
1,240,1675451641.0379717,48.98700554345262,-0.013506592753965112,False,False,False,True,100000,False,True,False,0.347573436097201,-0.661869716028506,9.628429277493385,0.09936746315507253,True,Cruise
1,241,1675451641.1380482,49.511480317801,-0.006513595762653306,False,False,False,True,100000,False,True,False,0.347573436097201,-0.661869716028506,9.628429277493385,0.18433682844191057,True,Cruise
1,242,1675451641.2379694,49.511480317801,-0.006513595762653306,False,False,False,True,100000,False,True,False,0.9184793035333093,-0.792603563889692,9.574525598635187,0.7554441011696804,True,Cruise
1,243,1675451641.3379867,49.35637565883121,-0.008581657882250564,False,False,False,True,100000,False,True,False,2.191634959107954,-0.7138923719413829,9.494022309331173,1.2781242328695568,True,Cruise
1,244,1675451641.4380414,49.35637565883121,-0.008581657882250564,False,False,False,True,100000,False,True,False,1.2047153535906077,-0.6198570165305785,9.618373395391814,0.9991577194948812,True,Cruise
1,245,1675451641.5380301,49.775121781017724,0.0029983762530970616,False,False,False,True,100000,False,True,False,0.2640227713317165,-0.7936181866939408,9.736072333559328,0.36599268221106807,True,Cruise
1,246,1675451641.6379995,49.775121781017724,0.0029983762530970616,False,False,False,True,100000,False,True,False,1.0610031299826563,-0.8132847783915373,9.689449343914005,0.96426430673642,True,Cruise
1,247,1675451641.738109,49.96470047804332,-0.0004706602927556738,False,False,False,True,100000,False,True,False,1.9488805012090387,-0.5957651845821565,9.634470536872993,0.9157858206210238,True,Cruise
1,248,1675451641.8379624,49.96470047804332,-0.0004706602927556738,False,False,False,True,100000,False,True,False,2.224575926446964,-0.3599933695536086,9.641955087772407,0.36283926849383613,True,Cruise
1,249,1675451641.937972,49.708872313646054,-0.0038817024847191987,False,False,False,True,100000,False,True,False,2.489920145454453,-0.3949408243838048,9.722776132406187,0.2795727461958666,True,Cruise
1,250,1675451642.0380168,49.825667548429756,0.00232443268760322,False,False,False,True,100000,False,True,False,-0.26162105144632214,-0.3146173883449432,10.020582686118223,1.131979657381076,True,Cruise
1,251,1675451642.1379676,49.825667548429756,0.00232443268760322,False,False,False,True,100000,False,True,False,0.7297619661221141,-0.1722252826400483,9.93161963487292,0.2801103739498416,True,Cruise
1,252,1675451642.2379706,49.90470805713521,-0.0012705592381971702,False,False,False,True,100000,False,True,False,0.9943627379364717,0.029898259981417104,9.928873434626768,0.2801103739498416,True,Cruise
1,253,1675451642.3379848,49.90470805713521,-0.0012705592381971702,False,False,False,True,100000,False,True,False,0.9943627379364717,0.029898259981417104,9.928873434626768,0.053745898606219034,True,Cruise
1,254,1675451642.438027,49.917263770257826,-0.001103149729895697,False,False,False,True,100000,False,True,False,1.0816652949235332,0.05049729189491442,9.929981128378417,0.24447913251168044,True,Cruise
1,255,1675451642.5379694,49.55522426717801,0.005930343104293196,False,False,False,True,100000,False,True,False,0.7262433124223373,0.09777587574270606,9.951910334568295,0.11515951165769513,True,Cruise
1,256,1675451642.638039,49.55522426717801,0.005930343104293196,False,False,False,True,100000,False,True,False,-0.6481613291906151,0.20557691696001357,10.047618718730357,1.0912788805030418,True,Cruise
1,257,1675451642.7380118,49.573545651264716,0.005686057983137128,False,False,False,True,100000,False,True,False,-0.6481613291906151,0.20557691696001357,10.047618718730357,1.0912788805030418,True,Cruise
1,258,1675451642.838018,49.49525909139944,0.006729878781340776,False,False,False,True,100000,False,True,False,-1.6369660947129083,0.20130078825906417,10.110159576527414,0.9907898407282223,True,Cruise
1,259,1675451642.9379709,49.49525909139944,0.006729878781340776,False,False,False,True,100000,False,True,False,-0.914994415457259,0.2170402061028238,9.939170285804938,0.7421106200985524,True,Cruise
1,260,1675451643.0379655,48.77174774747653,0.016376696700312915,False,False,False,True,100000,False,True,False,-0.9059797904770963,0.29014178943069535,9.876770447338137,0.2371464531228139,True,Cruise
1,261,1675451643.1380367,48.77174774747653,0.016376696700312915,False,False,False,True,100000,False,True,False,-0.7098957389361215,0.31710994070945764,9.831138414034568,0.2031219311535215,True,Cruise
1,262,1675451643.2380505,49.837482042935264,0.0021669060941964715,False,False,False,True,100000,False,True,False,-2.4269000653099244,0.3351562862463166,9.931749066413573,0.6823931194542066,True,Cruise
1,263,1675451643.337972,48.900851664075816,0.0146553111456558,False,False,False,True,100000,False,True,False,-3.0898415432504556,0.49545634018992596,9.953494387982666,0.6823931194542066,True,Cruise
1,264,1675451643.437977,48.900851664075816,0.0146553111456558,False,False,False,True,100000,False,True,False,1.9464313793143693,0.5255585640197572,9.425658285230352,0.8116578358564007,True,Cruise
1,265,1675451643.5379949,49.87778761815773,0.0016294984245635701,False,False,False,True,100000,False,True,False,0.44679638628822577,0.6618986114774241,9.585084921325128,0.8116578358564007,True,Cruise
1,266,1675451643.6380622,49.87778761815773,0.0016294984245635701,False,False,False,True,100000,False,True,False,0.86721256529484,0.7186462219549313,9.535139520226323,0.42715875029823386,True,Cruise
1,267,1675451643.738041,49.575483731368934,0.005660216915080857,False,False,False,True,100000,False,True,False,1.3829399023766507,0.6311447277355142,9.574873331979289,0.628723066043591,True,Cruise
1,268,1675451643.8379846,49.575483731368934,0.005660216915080857,False,False,False,True,100000,False,True,False,1.3829399023766507,0.6311447277355142,9.574873331979289,0.32628117842033616,True,Cruise
1,269,1675451643.938003,49.9896867841246,-0.0001375095450052655,False,False,False,True,100000,False,True,False,-1.5476680634947375,0.6263694545238665,9.895086101464646,0.009568605886776646,True,Cruise
1,270,1675451644.0380483,49.9896867841246,-0.0001375095450052655,False,False,False,True,100000,False,True,False,-1.5476680634947375,0.6263694545238665,9.895086101464646,1.6139123985610933,True,Cruise
1,271,1675451644.1381185,49.9896867841246,-0.0001375095450052655,False,False,False,True,100000,False,True,False,1.5353782403218812,0.32280401261471575,9.6314933520842,1.4961364774999015,True,Cruise
1,272,1675451644.237982,49.9896867841246,-0.0001375095450052655,False,False,False,True,100000,False,True,False,2.2440315928166954,0.10120762411422943,9.629148773813933,0.09188116078912106,True,Cruise
1,273,1675451644.337995,49.24510672744467,0.010065243634071063,False,True,False,True,100000,False,True,False,1.7254235619360394,0.1409056247391215,9.705961215773842,1.959074893073695,True,Cruise
1,274,1675451644.4380174,49.24510672744467,0.010065243634071063,False,True,False,True,100000,False,True,False,-0.21946654082047787,0.08242177333275105,9.933901041157934,1.167739093806483,True,Cruise
1,275,1675451644.5379744,49.24510672744467,0.010065243634071063,False,True,False,True,100000,False,True,False,-2.1554251130359763,0.20553520114211796,10.112987828365954,0.4540114621861522,True,Cruise
1,276,1675451644.6379857,49.97618885998511,-0.00031748186686530224,False,True,False,True,100000,False,True,False,-2.607830634491017,0.1818779521307939,10.142920862335414,0.4540114621861522,True,Cruise
1,277,1675451644.7379777,49.97618885998511,-0.00031748186686530224,False,True,False,True,100000,False,True,False,-2.1736746977430417,0.25852762059913903,10.064419740836072,0.7168270112016879,True,Cruise
1,278,1675451644.838029,49.97618885998511,-0.00031748186686530224,False,True,True,True,100000,False,True,False,2.4085235342044062,-0.011337418747832782,9.609595144525338,2.231263113722053,True,Cruise
1,279,1675451644.9379907,49.83431156270133,0.0022091791639821984,False,True,True,True,100000,False,True,False,2.4085235342044062,-0.011337418747832782,9.609595144525338,0.4734377876902207,True,Cruise
1,280,1675451645.0379977,49.83431156270133,0.0022091791639821984,False,True,True,True,100000,False,True,False,1.3908495426877323,0.408991420917957,9.788335511242193,0.973864028676754,True,Cruise
1,281,1675451645.1380491,49.83431156270133,0.0022091791639821984,False,True,True,True,100000,False,True,False,0.6976519042985075,0.4699825672941489,9.852674060096483,0.6988435695299459,True,Cruise
1,282,1675451645.2380044,49.90547361903541,-0.0012603517461944995,False,True,True,True,100000,False,True,False,0.004193462456325847,0.2907470504372633,9.89963196047719,0.09253971579186401,True,Cruise
1,283,1675451645.3379574,49.90547361903541,-0.0012603517461944995,True,True,True,False,15.939689479859444,False,False,False,0.004193462456325847,0.2907470504372633,9.89963196047719,0.09253971579186401,True,Keep distance
1,284,1675451645.4380314,29.909534219789165,-0.0012603517461944995,True,True,True,False,15.939689479859444,False,False,False,0.513046032620961,0.08340208461687189,9.836765578578095,0.5530597209952078,True,Keep distance
1,285,1675451645.5380406,29.909534219789165,-0.00385865619591359,True,True,True,False,15.939689479859444,False,False,False,-0.5845321264490483,0.3444582316032563,9.921911723815116,1.131405317821872,True,Keep distance
1,286,1675451645.6379855,29.909534219789165,-0.00385865619591359,True,True,True,False,15.939689479859444,False,False,False,-2.766268377291357,0.09527156391851431,10.0539025686207,0.4817815187661975,True,Keep distance
1,287,1675451645.7381222,29.909534219789165,-0.00385865619591359,True,True,True,False,15.939689479859444,False,False,False,-2.766268377291357,0.09527156391851431,10.0539025686207,0.4817815187661975,True,Keep distance
1,288,1675451645.8380604,29.909534219789165,-0.00385865619591359,True,True,True,False,15.939689479859444,False,False,False,-3.2400650574333456,-0.0926881489229512,10.030749778249882,0.20054554351573317,True,Keep distance
1,289,1675451645.9380462,29.909534219789165,-0.0014282874582413263,True,True,True,False,15.939689479859444,False,False,False,-3.2400650574333456,-0.0926881489229512,10.030749778249882,0.3979738390313213,True,Keep distance
1,290,1675451646.0379984,29.909534219789165,-0.0014282874582413263,True,True,True,False,15.939689479859444,False,False,False,-3.732856377286235,-0.2578890926009931,9.91214672929529,0.14122323612171137,True,Keep distance
1,291,1675451646.1379685,29.909534219789165,-0.0014282874582413263,True,True,True,False,15.939689479859444,False,False,False,-4.1315064770879895,-0.2648646783850425,9.8392188496313,0.1322098598853157,True,Keep distance
1,292,1675451646.23802,29.909534219789165,0.007309693684237155,True,True,True,False,15.939689479859444,False,False,False,-4.1315064770879895,-0.2648646783850425,9.8392188496313,0.1322098598853157,True,Keep distance
1,293,1675451646.337972,29.909534219789165,0.007309693684237155,True,True,True,False,15.939689479859444,False,False,False,-4.348877934614847,-0.3592125532932996,9.802399298964565,0.11146772545530824,True,Keep distance
1,294,1675451646.437979,29.909534219789165,0.007309693684237155,True,True,True,False,15.939689479859444,False,False,False,-4.348877934614847,-0.3592125532932996,9.802399298964565,0.11146772545530824,True,Keep distance
1,295,1675451646.5380933,29.909534219789165,0.00047581427979259,True,True,True,False,15.939689479859444,False,False,False,-4.624873303117027,0.050737424219229936,9.699753994841055,0.1385322514757981,True,Keep distance
1,296,1675451646.6381254,29.909534219789165,0.00047581427979259,True,True,True,False,15.939689479859444,False,False,False,-4.653744561634207,0.11012892948000247,9.681116894711844,0.06861663039477024,True,Keep distance
1,297,1675451646.7380748,29.909534219789165,0.00047581427979259,True,True,True,False,15.939689479859444,False,False,False,-4.66058471098781,-0.03479587479622285,9.67478998477397,0.14522402117777822,True,Keep distance
1,298,1675451646.8380532,29.909534219789165,-0.010456967418891981,True,True,True,False,15.939689479859444,False,False,False,-4.6537806027649005,0.3295927415650836,9.611462823225501,0.024881187367023723,True,Keep distance
1,299,1675451646.9380126,27.71510819254162,-0.010456967418891981,True,True,True,False,14.476738795027748,False,False,False,-4.6537806027649005,0.3295927415650836,9.611462823225501,0.024881187367023723,True,Keep distance
1,300,1675451647.0379279,27.71510819254162,-0.010456967418891981,True,True,True,False,14.476738795027748,False,False,False,-4.43682224918971,-0.04113369315453009,9.618227127155565,0.0754009356603355,True,Keep distance
1,301,1675451647.1379755,27.71510819254162,-0.00030533358097675035,True,True,True,False,14.476738795027748,False,False,False,-4.379836922129855,-0.0993305640470901,9.626966653156583,0.0754009356603355,True,Keep distance
1,302,1675451647.2380419,27.71510819254162,-0.00030533358097675035,True,True,True,False,14.476738795027748,False,False,False,-4.321131912715763,-0.1999720966960862,9.637788375239007,0.11701327229454293,True,Keep distance
1,303,1675451647.33804,27.71510819254162,-0.00030533358097675035,True,True,True,False,14.476738795027748,False,False,False,-4.2003513545131,-0.11187520734816386,9.664688386536184,0.06515607780252773,True,Keep distance
1,304,1675451647.4380405,27.71510819254162,-0.004375928001669006,True,True,True,False,14.476738795027748,False,False,False,-4.086316834111566,-0.19380168908282772,9.697184909865033,0.05949727515387223,True,Keep distance
1,305,1675451647.538041,27.71510819254162,-0.004375928001669006,True,True,True,False,14.476738795027748,False,False,False,-4.033502251230762,-0.21479391871238412,9.714788088016784,0.05949727515387223,True,Keep distance
1,306,1675451647.6380484,27.71510819254162,-0.004375928001669006,True,True,True,False,14.476738795027748,False,False,False,-3.939263017570439,-0.3270407175105619,9.751234934022463,0.0629107420237164,True,Keep distance
1,307,1675451647.7380774,27.71510819254162,-0.0014862258934591167,True,True,True,False,14.476738795027748,False,False,False,-3.8616727022045607,-0.3244676111461414,9.787375000386811,0.045226937302956814,True,Keep distance
1,308,1675451647.837955,27.71510819254162,-0.0014862258934591167,True,True,True,False,14.476738795027748,False,False,False,-3.802548293533206,-0.2747500447517699,9.821148015289252,0.05805740025182232,True,Keep distance
1,309,1675451647.937976,27.71510819254162,-0.0014862258934591167,True,True,True,False,13.05256044032879,False,False,False,-3.802548293533206,-0.2747500447517699,9.821148015289252,0.07249910503677255,True,Keep distance
1,310,1675451648.037974,25.578840660493185,-0.0008653896974572246,True,True,True,False,13.05256044032879,False,False,False,-3.750245036272826,-0.20785366938159236,9.863776266575364,0.022844770012372843,True,Keep distance
1,311,1675451648.1380491,25.578840660493185,-0.0008653896974572246,True,True,True,False,13.05256044032879,False,False,False,-3.742152259220479,-0.19189315198744436,9.875203927033319,0.02179808625594021,True,Keep distance
1,312,1675451648.2380073,25.578840660493185,-0.0008653896974572246,True,True,True,False,13.05256044032879,False,False,False,-3.742019129571924,-0.12379012470231754,9.899756389011632,0.02774566900486231,True,Keep distance
1,313,1675451648.3379648,25.578840660493185,0.0008455483171205751,True,True,True,False,13.05256044032879,False,False,False,-3.758599275739691,-0.0760017383883594,9.907706665369005,0.023656389907576295,True,Keep distance
1,314,1675451648.4379778,25.578840660493185,0.0008455483171205751,True,True,True,False,13.05256044032879,False,False,False,-3.758599275739691,-0.0760017383883594,9.907706665369005,0.023656389907576295,True,Keep distance
1,315,1675451648.5382032,25.578840660493185,0.0008455483171205751,True,True,True,False,13.05256044032879,False,False,False,-3.8007898350280978,-0.009805281940559336,9.907594843730458,0.07849857733356008,True,Keep distance
1,316,1675451648.6380017,25.578840660493185,0.0008455483171205751,True,True,True,False,13.05256044032879,False,False,False,-3.854487690380833,0.04407230656251204,9.895228185868538,0.022048261445968276,True,Keep distance
1,317,1675451648.738093,25.578840660493185,0.0032125943987696332,True,True,True,False,13.05256044032879,False,False,False,-3.873276103260324,0.05300014754415057,9.888976964257777,0.021720694619428788,True,Keep distance
1,318,1675451648.8380857,25.578840660493185,0.0032125943987696332,True,True,True,False,13.05256044032879,False,False,False,-3.891957738870184,0.05357762402784759,9.881906234616041,0.04262208908653735,True,Keep distance
1,319,1675451648.938067,23.864885612460327,0.0032125943987696332,True,True,True,False,11.909923741640219,False,False,False,-3.9102290443111354,0.09129893990817911,9.874166454009304,0.04262208908653735,True,Keep distance
1,320,1675451649.0379546,23.864885612460327,0.005584441768654195,True,True,True,False,11.909923741640219,False,False,False,-3.9102290443111354,0.09129893990817911,9.874166454009304,0.07058759668200285,True,Keep distance
1,321,1675451649.137972,23.864885612460327,0.005584441768654195,True,True,True,False,11.909923741640219,False,False,False,-4.0002431132786205,0.13919610443197553,9.822426948993582,0.01495904571279208,True,Keep distance
1,322,1675451649.238026,23.864885612460327,0.005584441768654195,True,True,True,False,11.909923741640219,False,False,False,-4.0002431132786205,0.13919610443197553,9.822426948993582,0.01495904571279208,True,Keep distance
1,323,1675451649.3380337,23.864885612460327,0.005584441768654195,True,True,True,False,11.909923741640219,False,False,False,-4.019742532151135,0.1956259532357585,9.806484957709726,0.02548919079267924,True,Keep distance
1,324,1675451649.4380245,23.864885612460327,0.0024214615798639452,True,True,False,False,11.909923741640219,False,False,False,-4.027196359829272,0.20370241817768667,9.799262500773061,0.01315114889336838,True,Keep distance
1,325,1675451649.5380232,23.864885612460327,0.0024214615798639452,True,True,False,False,11.909923741640219,False,False,False,-4.041808431027188,0.15831808628391028,9.776996546675594,0.02388231729546433,True,Keep distance
1,326,1675451649.638046,23.864885612460327,0.0024214615798639452,True,True,False,False,11.909923741640219,False,False,False,-4.041408980775419,0.1495072322000175,9.770432901771876,0.007508902146140064,True,Keep distance
1,327,1675451649.7380054,23.864885612460327,0.013006887655905512,True,True,False,False,11.909923741640219,False,False,False,-4.041408980775419,0.1495072322000175,9.770432901771876,0.007508902146140064,True,Keep distance
1,328,1675451649.8379738,23.864885612460327,0.013006887655905512,True,True,False,False,11.909923741640219,False,False,False,-4.03360352151516,0.1281651148041411,9.766403884953865,0.010484542000043492,True,Keep distance
1,329,1675451649.9379637,22.28347413628834,0.013006887655905512,True,True,False,False,10.855649424192228,False,False,False,-4.03360352151516,0.1281651148041411,9.766403884953865,0.010484542000043492,True,Keep distance
1,330,1675451650.0379696,22.28347413628834,-0.002688962207862318,True,True,False,False,10.855649424192228,False,False,False,-4.021568111827217,0.27836906656912175,9.768762096625649,0.1507038134038492,True,Keep distance
1,331,1675451650.1380184,22.28347413628834,-0.002688962207862318,True,True,False,False,10.855649424192228,False,False,False,-4.016862231326229,0.3485445879158092,9.77065986308277,0.18924189033502833,True,Keep distance
1,332,1675451650.2380466,22.28347413628834,-0.002688962207862318,True,True,False,False,10.855649424192228,False,False,False,-4.0018904693203545,0.03908955711935653,9.775435552751352,0.12062880417985866,True,Keep distance
1,333,1675451650.3379748,22.28347413628834,0.030467709825368373,True,True,False,False,10.855649424192228,False,False,False,-3.984074632151964,0.012361380339969027,9.785448998834614,0.006599714107664006,True,Keep distance
1,334,1675451650.4379761,22.28347413628834,0.030467709825368373,True,True,False,False,10.855649424192228,False,False,False,-3.984074632151964,0.012361380339969027,9.785448998834614,0.006599714107664006,True,Keep distance
1,335,1675451650.5379581,22.28347413628834,0.030467709825368373,True,True,False,False,10.855649424192228,False,False,False,-3.976891739549634,0.2796010664295373,9.793288362863892,0.26745111589928194,True,Keep distance
1,336,1675451650.637994,22.28347413628834,0.004482955835433623,True,True,False,False,10.855649424192228,False,False,False,-3.9758698295009336,0.5870360509849123,9.801260926165961,0.06693311920766168,True,Keep distance
1,337,1675451650.7379649,22.28347413628834,0.004482955835433623,True,True,False,False,10.855649424192228,False,False,False,-3.96191545895885,0.44596239345442673,9.810384783355747,0.26397190780719015,True,Keep distance
1,338,1675451650.8380592,22.28347413628834,0.004482955835433623,True,True,False,False,10.855649424192228,False,False,False,-3.9530338465802806,0.30654190273295145,9.812783876813086,0.13972369849412508,True,Keep distance
1,339,1675451650.9383729,22.28347413628834,0.005236748252808051,True,True,False,False,10.855649424192228,False,False,False,-3.94756399784079,0.3072629022985516,9.815225871761967,0.006033442212938139,True,Keep distance
1,340,1675451651.0380735,22.28347413628834,0.004963840677815666,True,True,False,False,10.855649424192228,False,False,False,-3.94756399784079,0.3072629022985516,9.815225871761967,0.05290057376838493,True,Keep distance
1,341,1675451651.1379952,22.28347413628834,0.029557676374620947,True,True,False,False,10.855649424192228,False,False,False,-3.9403423377071913,0.2552276528635838,9.821442876360631,0.05290057376838493,True,Keep distance
1,342,1675451651.2380378,20.910355545959977,0.004739596403124758,True,True,False,False,9.940237030639985,False,False,False,-3.941921442458956,0.18296837634724125,9.82445633943916,0.10264508255189018,True,Keep distance
1,343,1675451651.3380692,20.910355545959977,0.006132307596449404,True,True,False,False,9.940237030639985,False,False,False,-3.944360019705619,0.24241983317243285,9.82554139968918,0.10264508255189018,True,Keep distance
1,344,1675451651.4380424,20.910355545959977,0.0035836935288641215,True,True,False,False,9.940237030639985,False,False,False,-3.944360019705619,0.24241983317243285,9.82554139968918,0.01687133341006297,True,Keep distance
1,345,1675451651.5379567,20.910355545959977,0.0034260530073094674,True,True,False,False,9.940237030639985,False,False,False,-3.948858326124281,0.12563557408737583,9.82650208831675,0.05025998998133414,True,Keep distance
