repetition,iteration,time,speed,steering,obstacle_North,obstacle_NorthWest,obstacle_SouthWest,obstacle_West,obstacle_distance,follow_enable,steady_motion_enable,passing_start,accel_x,accel_y,accel_z,accel_diff,success,action
1,1,1675392105.0670445,0.0,0.0,False,False,False,False,100000,False,True,False,0.042446568268419,-8.074679925135847e-14,9.80944714558615,0.0024246244359141748,True,Cruise
1,2,1675392105.0672295,0.0,0.0,False,False,False,False,100000,False,True,False,0.042446568268419,-8.074679925135847e-14,9.80944714558615,0.0024246244359141748,True,Cruise
1,3,1675392105.1673913,0.0,0.0,False,False,False,False,100000,False,True,False,0.042829786501397786,-1.8146723820712515e-14,9.812474536246658,0.0006307286920710546,True,Cruise
1,4,1675392105.2673807,49.69361881178654,0.00408508250951276,False,False,False,False,100000,False,True,False,0.04336758194220894,-1.5787619240932355e-13,9.81372722887527,0.00037423133072648465,True,Cruise
1,5,1675392105.3673365,49.69361881178654,0.00408508250951276,False,False,False,False,100000,False,True,False,0.04377731073201259,-1.0380833899104477e-13,9.81409049303664,0.0002481505167418924,True,Cruise
1,6,1675392105.467353,49.70282895668029,0.003962280577596083,False,False,False,False,100000,False,True,False,1.93907493053766,0.004972226591046787,9.647321672041533,0.6771828350258092,True,Cruise
1,7,1675392105.5673592,49.695277241981564,0.004062970106912408,False,False,False,False,100000,False,True,False,3.332065881336214,0.005244109038864009,9.583299104939902,0.2714728658261514,True,Cruise
1,8,1675392105.6673367,49.695277241981564,0.004062970106912408,False,False,False,False,100000,False,True,False,3.605126929297016,0.0019172781410249598,9.6157219499603,0.0958379541306536,True,Cruise
1,9,1675392105.7673552,49.695277241981564,0.004062970106912408,False,False,False,False,100000,False,True,False,3.698300629342579,0.0022501333916255016,9.638159959657036,0.3175025437135596,True,Cruise
1,10,1675392105.8673546,49.70636275112723,0.003915163318303586,False,False,False,False,100000,False,True,False,4.229799740694228,0.004389868564689184,9.748518106709984,0.11077629014608537,True,Cruise
1,11,1675392105.9674861,49.70636275112723,0.003915163318303586,False,False,False,False,100000,False,True,False,4.418566397329201,0.00511218743818707,9.78961554579142,0.09083208135824103,True,Cruise
1,12,1675392106.067351,49.70636275112723,0.003915163318303586,False,False,False,False,100000,False,True,False,4.554494187694817,0.00592319038660659,9.82825374450083,0.06376109244709689,True,Cruise
1,13,1675392106.1674073,49.72058759444482,0.0037254987407357425,False,False,False,False,100000,False,True,False,4.664912351909552,0.007644212178863012,9.889784830777515,0.015750228824724315,True,Cruise
1,14,1675392106.2673497,49.72058759444482,0.0037254987407357425,False,False,False,False,100000,False,True,False,4.6523810952309494,0.008691664132945054,9.909020783449735,0.02067523730614858,True,Cruise
1,15,1675392106.367394,49.72058759444482,0.0037254987407357425,False,False,False,False,100000,False,True,False,4.571743249962335,0.007980866042413678,9.92100493499278,0.03375785646055308,True,Cruise
1,16,1675392106.4673796,49.72058759444482,0.0037254987407357425,False,False,False,False,100000,False,True,False,4.442504044327073,0.008258350686355689,9.913277933840346,0.04692350578956183,True,Cruise
1,17,1675392106.5674715,49.79834967569635,0.002688670990715322,False,False,False,False,100000,False,True,False,4.34337237394882,0.008177743937835932,9.898657515200805,0.05085443467107369,True,Cruise
1,18,1675392106.6673617,49.79834967569635,0.002688670990715322,False,False,False,False,100000,False,True,False,4.19400691057871,0.003911178733154477,9.866181374081933,0.05025912481556121,True,Cruise
1,19,1675392106.7673507,49.79834967569635,0.002688670990715322,False,False,False,False,100000,False,True,False,4.061462626313252,0.004285639005781772,9.826409632745856,0.08984351285381695,True,Cruise
1,20,1675392106.8673584,49.70242860196692,0.003967618640441013,False,False,False,False,100000,False,True,False,3.9893378399093096,0.004163667426281133,9.798925174534997,0.03683794457855727,True,Cruise
1,21,1675392106.9673815,49.70242860196692,0.003967618640441013,False,False,False,False,100000,False,True,False,3.9109216356785748,0.006868118147144815,9.760487603619232,0.026045327575975524,True,Cruise
1,22,1675392107.0673692,49.70242860196692,0.003967618640441013,False,False,False,False,100000,False,True,False,3.8793000961564954,0.009545431751743095,9.73875237779827,0.01724511355438527,True,Cruise
1,23,1675392107.1673603,49.70242860196692,0.003967618640441013,False,False,False,False,100000,False,True,False,3.8793000961564954,0.009545431751743095,9.73875237779827,0.03046773732215921,True,Cruise
1,24,1675392107.2673907,49.72284524287544,0.0036953967616608794,False,False,False,False,100000,False,True,False,3.8719463801329335,0.011477356117395374,9.701488567609772,0.005752147656677408,True,Cruise
1,25,1675392107.3673666,49.72284524287544,0.0036953967616608794,False,False,False,False,100000,False,True,False,3.8915495952131187,0.010297448357480355,9.6992210885511,0.010819249127504165,True,Cruise
1,26,1675392107.467346,49.72284524287544,0.0036953967616608794,False,False,False,False,100000,False,True,False,3.9040237968942564,0.010603974209136575,9.69986984507228,0.012494820955228001,True,Cruise
1,27,1675392107.5673993,49.78665320156412,0.002844623979145009,False,False,False,False,100000,False,True,False,3.964034468793249,0.011719531202214035,9.712438177701962,0.017028521383576564,True,Cruise
1,28,1675392107.6674845,49.78665320156412,0.002844623979145009,False,False,False,False,100000,False,True,False,4.011402206735255,0.007143943757912955,9.729326828057872,0.01673872347193705,True,Cruise
1,29,1675392107.7674563,49.78665320156412,0.002844623979145009,False,False,False,False,100000,False,True,False,4.040407557331802,0.007270028884178703,9.742355550931778,0.01558876769903126,True,Cruise
1,30,1675392107.867403,49.70723072539459,0.0039035903280721994,False,False,False,False,100000,False,True,False,4.086492457561643,0.0071829132489697745,9.76850230315344,0.0413920594391405,True,Cruise
1,31,1675392107.9673913,49.70723072539459,0.0039035903280721994,False,False,False,False,100000,False,True,False,4.094992155105837,0.007068047460550609,9.77447303729923,0.010387864012002037,True,Cruise
1,32,1675392108.0674498,49.70723072539459,0.0039035903280721994,False,False,False,False,100000,False,True,False,4.1127121772791675,0.010711111844233345,9.789800324695031,0.009339464465429844,True,Cruise
1,33,1675392108.1673815,49.70723072539459,0.0039035903280721994,False,False,False,False,100000,False,True,False,4.116082706952687,0.013825965613030605,9.793872724575397,0.006135733457922662,True,Cruise
1,34,1675392108.2675014,49.66815845008794,0.004424553998827509,False,False,False,False,100000,False,True,False,4.118448144330264,0.015724819520951665,9.804249204192129,0.0022364332495690958,True,Cruise
1,35,1675392108.3673713,49.66815845008794,0.004424553998827509,False,False,False,False,100000,False,True,False,4.110857242935453,0.02000587151749933,9.80588456420946,0.005284399054233695,True,Cruise
1,36,1675392108.4673982,49.66815845008794,0.004424553998827509,False,False,False,False,100000,False,True,False,4.102820767481735,0.02331421597876235,9.804405156731292,0.004466538235841791,True,Cruise
1,37,1675392108.5673459,49.75948393489001,0.003206880868133194,False,False,False,False,100000,False,True,False,4.088389854759293,0.024761232870796925,9.799185543297892,0.005601837066208833,True,Cruise
1,38,1675392108.6673715,49.75948393489001,0.003206880868133194,False,False,False,False,100000,False,True,False,4.0833214321148015,0.025251565941162957,9.79685075339444,0.005677370051573797,True,Cruise
1,39,1675392108.7673566,49.75948393489001,0.003206880868133194,False,False,False,False,100000,False,True,False,4.068488984402187,0.02986980474069644,9.78881715241003,0.009633791016080327,True,Cruise
1,40,1675392108.867437,49.75948393489001,0.003206880868133194,False,False,False,False,100000,False,True,False,4.051979544410184,0.017059739107838843,9.777598065178934,0.009496575780460426,True,Cruise
1,41,1675392108.9673634,49.75387382194179,0.0032816823741094597,False,False,False,False,100000,False,True,False,4.04575794906892,0.016609960060342877,9.772566658374425,0.003820129553183575,True,Cruise
1,42,1675392109.0674062,49.75387382194179,0.0032816823741094597,False,False,False,False,100000,False,True,False,4.041134104185861,0.015652440215594445,9.768262641682465,0.0029440168002940127,True,Cruise
1,43,1675392109.1674712,49.75387382194179,0.0032816823741094597,False,False,False,False,100000,False,True,False,4.03813079133301,0.014925069643648176,9.7648499641617,0.0016484648509668212,True,Cruise
1,44,1675392109.2674084,49.69073142360214,0.004123581018638226,False,False,False,False,100000,False,True,False,4.03721497742033,0.014644328457542577,9.76350835854579,0.0016484648509668212,True,Cruise
1,45,1675392109.3673754,49.69488224176631,0.00406823677644923,False,False,False,False,100000,False,True,False,4.0369855177214555,0.012801179895707754,9.760624079268318,0.002116473447618395,True,Cruise
1,46,1675392109.4674237,49.70733121628441,0.003902250449541234,False,False,False,False,100000,False,True,False,4.03849449222133,0.023027001820191607,9.760584075354886,0.003794742128067526,True,Cruise
1,47,1675392109.56737,49.78619801792985,0.0028506930942686854,False,False,False,False,100000,False,True,False,4.04084348723326,0.02884400490576064,9.761324848030023,0.011158442553877572,True,Cruise
1,48,1675392109.6674175,49.90144827966448,0.0013140229378069599,False,False,False,False,100000,False,True,False,4.042296925391627,0.01779757635134778,9.761937035860873,0.011158442553877572,True,Cruise
1,49,1675392109.7683115,49.82896671589335,0.002280443788088653,False,False,False,False,100000,False,True,False,4.05039759180296,0.012309859546220062,9.766649851164447,0.010517120364088708,True,Cruise
1,50,1675392109.8673797,49.88923602697371,0.0014768529736838279,False,False,False,False,100000,False,True,False,4.053532165711677,0.01164846571606813,9.768902787855678,0.007976519307531169,True,Cruise
1,51,1675392109.9673643,49.936624729946864,0.0008450036007084594,False,False,False,False,100000,False,True,False,4.054996337547531,0.009430944185356253,9.770025629427249,0.002884783197906948,True,Cruise
1,52,1675392110.0673397,49.936624729946864,0.0008450036007084594,False,False,False,False,100000,False,True,False,4.056370707925264,0.006646857941383767,9.77112357226025,0.0032932519814925674,True,Cruise
1,53,1675392110.1672595,49.936624729946864,0.0008450036007084594,False,False,False,False,100000,False,True,False,4.060776204658867,-0.0030484552406078906,9.77497676269683,0.007950783220738836,True,Cruise
1,54,1675392110.2674103,49.98870749826756,-0.0001505666897659036,False,False,False,False,100000,False,True,False,4.062729069225847,-0.004822371219646328,9.777027290047556,0.0008088468998056849,True,Cruise
1,55,1675392110.3673701,49.98870749826756,-0.0001505666897659036,False,False,False,False,100000,False,True,False,4.063385192715718,-0.0022187167379054303,9.777915730273426,0.002802773367525034,True,Cruise
1,56,1675392110.4674065,49.98870749826756,-0.0001505666897659036,False,False,False,False,100000,False,True,False,4.063385192715718,-0.0022187167379054303,9.777915730273426,0.002802773367525034,True,Cruise
1,57,1675392110.5673704,49.94841734923895,0.0006877686768139969,False,False,False,False,100000,False,True,False,4.063546072651842,-0.014995669236227891,9.77852668293862,0.00035730350886320565,True,Cruise
1,58,1675392110.6673782,49.94841734923895,0.0006877686768139969,False,False,False,False,100000,False,True,False,4.062807670963611,-0.00956248428733775,9.7783751137196,0.0019499275826107458,True,Cruise
1,59,1675392110.7673557,49.94841734923895,0.0006877686768139969,False,False,False,False,100000,False,True,False,4.062416978858914,-0.005600486718304894,9.778182831404942,0.007056973200370509,True,Cruise
1,60,1675392110.8673537,49.95744538442747,0.0005673948743003892,False,False,False,False,100000,False,True,False,4.061501076773587,-0.0036943884379474884,9.777630145226428,0.0008034767598182476,True,Cruise
1,61,1675392110.9673595,49.97850273113653,-0.00028663025151287933,False,False,False,False,100000,False,True,False,4.061501076773587,-0.0036943884379474884,9.777630145226428,0.0008034767598182476,True,Cruise
1,62,1675392111.0673738,49.90632375257802,-0.0012490166322930518,False,False,False,False,100000,False,True,False,4.059395136802519,-0.007979090648008662,9.7760885876852,0.011152187791084988,True,Cruise
1,63,1675392111.1673357,49.905100390106334,-0.0012653281319155612,False,False,False,False,100000,False,True,False,4.05885999734234,-0.014209570171403523,9.775661114020968,0.0015480742965321937,True,Cruise
1,64,1675392111.267348,49.868960224013165,-0.0017471970131577854,False,False,False,False,100000,False,True,False,4.057810238884017,-0.009148211205601844,9.774810432196492,0.0037324889578216856,True,Cruise
1,65,1675392111.3673418,49.868960224013165,-0.0017471970131577854,False,False,False,False,100000,False,True,False,4.056852915849779,-0.014939239128569775,9.774005504417683,0.0016855759084435306,True,Cruise
1,66,1675392111.4673445,49.86917235726597,-0.0017443685697871066,False,False,False,False,100000,False,True,False,4.056025190077836,-0.023734025721176805,9.773288302501049,0.00886271853057871,True,Cruise
1,67,1675392111.567377,49.86917235726597,-0.0017443685697871066,False,False,False,False,100000,False,True,False,4.055361211754955,-0.026596389908896068,9.772688599103278,0.0017237581777603352,True,Cruise
1,68,1675392111.6674433,49.86917235726597,-0.0017443685697871066,False,False,False,False,100000,False,True,False,4.05487718854986,-0.029025401019839955,9.772225338277671,0.0017237581777603352,True,Cruise
1,69,1675392111.7675152,49.86072831510581,-0.0018569557985892268,False,False,False,False,100000,False,True,False,4.054483868200591,-0.03209816958002746,9.771801924506521,0.0012352846133731863,True,Cruise
1,70,1675392111.8673952,49.81977657939939,-0.0024029789413414536,False,False,False,False,100000,False,True,False,4.054483868200591,-0.03209816958002746,9.771801924506521,0.0008238743193614078,True,Cruise
1,71,1675392111.9673295,49.81977657939939,-0.0024029789413414536,False,False,False,False,100000,False,True,False,4.054477026252659,-0.025471404736335725,9.771687428296172,0.006627757425255135,True,Cruise
1,72,1675392112.067344,49.882941526035054,-0.0015607796528659668,False,False,False,False,100000,False,True,False,4.054643967747863,-0.010737525966633693,9.771760794501759,0.007995490374394969,True,Cruise
1,73,1675392112.1674259,49.882941526035054,-0.0015607796528659668,False,False,False,False,100000,False,True,False,4.05484103416639,-0.03056343719414067,9.771935979835385,0.0014290223812591484,True,Cruise
1,74,1675392112.2674143,49.90522850845529,-0.0012636198872628297,False,False,False,False,100000,False,True,False,4.055148625017176,-0.02515702759585706,9.772178267601118,0.002517589562343466,True,Cruise
1,75,1675392112.3673892,49.872897160403184,-0.001694704527957551,False,False,False,False,100000,False,True,False,4.055148625017176,-0.02515702759585706,9.772178267601118,0.002517589562343466,True,Cruise
1,76,1675392112.467357,49.872897160403184,-0.001694704527957551,False,False,False,False,100000,False,True,False,4.055709717065142,-0.01894506268208345,9.7726192027106,0.006252819855634558,True,Cruise
1,77,1675392112.567439,49.934358049323954,-0.0008752260090139668,False,False,False,False,100000,False,True,False,4.056078942337382,-0.020731333614403435,9.772934083086406,0.0019223837197355656,True,Cruise
1,78,1675392112.667344,49.92337346052054,-0.0010216871930595367,False,False,False,False,100000,False,True,False,4.056424431930707,-0.02342381635650142,9.773240178912584,0.0005707262258033472,True,Cruise
1,79,1675392112.7673852,49.92337346052054,-0.0010216871930595367,False,False,False,False,100000,False,True,False,4.05676861504647,-0.01821383224941099,9.773517009463712,0.007534472323748554,True,Cruise
1,80,1675392112.8673716,49.94117377129826,-0.0007843497160232147,False,False,False,False,100000,False,True,False,4.05676861504647,-0.01821383224941099,9.773517009463712,0.007534472323748554,True,Cruise
1,81,1675392112.9674242,49.93763137503239,-0.0008315816662348518,False,False,False,False,100000,False,True,False,4.057369657167967,-0.015580374751645129,9.77402733791096,0.0005771111795149513,True,Cruise
1,82,1675392113.067344,49.93698872796748,-0.0008401502937669434,False,False,False,False,100000,False,True,False,4.057503821455102,-0.011532143357755646,9.774141860423994,0.0013257149642272393,True,Cruise
1,83,1675392113.167346,49.93698872796748,-0.0008401502937669434,False,False,False,False,100000,False,True,False,4.05754613582326,-0.011012810858086159,9.774179709751705,0.0003129961850340077,True,Cruise
1,84,1675392113.2673492,49.93698872796748,-0.0008401502937669434,False,False,False,False,100000,False,True,False,4.0575734056714925,-0.010702029848659075,9.774204971014592,0.0003129961850340077,True,Cruise
1,85,1675392113.3674831,49.933585993587364,-0.0008855200855018144,False,False,False,False,100000,False,True,False,4.057575016712541,-0.010264911214797503,9.774211334120896,0.00043716791355735647,True,Cruise
1,86,1675392113.4673736,49.933585993587364,-0.0008855200855018144,False,False,False,False,100000,False,True,False,4.0575204817864865,-0.010215978427955586,9.774166102031797,4.774895548266119e-05,True,Cruise
1,87,1675392113.5673358,49.929365401809626,-0.0009417946425383032,False,False,False,False,100000,False,True,False,4.057430868067946,-0.010867165129560503,9.774090914181352,0.0006602145288634834,True,Cruise
1,88,1675392113.667374,49.929365401809626,-0.0009417946425383032,False,False,False,False,100000,False,True,False,4.057316684374051,-0.011731329126702416,9.773994521008781,0.00030423178176968064,True,Cruise
1,89,1675392113.767495,49.975163704266535,-0.0003311506097795217,False,False,False,False,100000,False,True,False,4.057316684374051,-0.011731329126702416,9.773994521008781,0.00030423178176968064,True,Cruise
1,90,1675392113.867351,49.975163704266535,-0.0003311506097795217,False,False,False,False,100000,False,True,False,4.057053065302106,-0.01480444950407719,9.773772890459375,0.000607373891504386,True,Cruise
1,91,1675392113.9674323,49.966051893120785,-0.0004526414250562008,False,False,False,False,100000,False,True,False,4.056873935854534,-0.012340444765108871,9.77361004598623,0.002377982124985738,True,Cruise
1,92,1675392114.067387,49.91437529317546,-0.0011416627576604972,False,False,False,False,100000,False,True,False,4.056823271541425,-0.00878641718403336,9.773560693375899,0.0054528141619923426,True,Cruise
1,93,1675392114.1673927,49.91437529317546,-0.0011416627576604972,False,False,False,False,100000,False,True,False,4.056769826157315,-0.009253104996237323,9.773515502152174,0.005888486317872609,True,Cruise
1,94,1675392114.2673476,49.98227719916054,-0.0002363040111928102,False,False,False,False,100000,False,True,False,4.0565659746920275,-0.020132561687659978,9.77337961046432,0.0009475183033457634,True,Cruise
1,95,1675392114.3673534,49.92982256656107,-0.0009356991125190167,False,False,False,False,100000,False,True,False,4.056534138351563,-0.022711658945929362,9.773356353340318,0.011132585764672487,True,Cruise
1,96,1675392114.4673598,49.92982256656107,-0.0009356991125190167,False,False,False,False,100000,False,True,False,4.0565082096166405,-0.013399117681245229,9.773322237428873,0.0018201742218481982,True,Cruise
1,97,1675392114.5673895,49.9370603184061,-0.0008391957545853851,False,False,False,False,100000,False,True,False,4.056482002090675,-0.01850748866532414,9.773308107679528,0.0017670084058915882,True,Cruise
1,98,1675392114.6674128,49.904371223374525,-0.0012750503550063158,False,False,False,False,100000,False,True,False,4.056482002090675,-0.01850748866532414,9.773308107679528,0.0017670084058915882,True,Cruise
1,99,1675392114.7675908,49.904371223374525,-0.0012750503550063158,False,False,False,False,100000,False,True,False,4.056493544172129,-0.01885984370719841,9.773324983969266,0.0003305661000484722,True,Cruise
1,100,1675392114.8674686,49.96005743850516,-0.0005325674865978267,False,False,False,False,100000,False,True,False,4.056521743468976,-0.018027108308327034,9.773351078969423,0.0009657000882931963,True,Cruise
1,101,1675392114.9673715,49.96005743850516,-0.0005325674865978267,False,False,False,False,100000,False,True,False,4.056560771967223,-0.029225961154979475,9.773405177104248,0.003262473957806837,True,Cruise
1,102,1675392115.0674553,49.96005743850516,-0.0005325674865978267,False,False,False,False,100000,False,True,False,4.056560771967223,-0.029225961154979475,9.773405177104248,0.003262473957806837,True,Cruise
1,103,1675392115.1676707,49.96005743850516,-0.0005325674865978267,False,False,False,False,100000,False,True,False,4.056560771967223,-0.029225961154979475,9.773405177104248,0.012925363618562266,True,Cruise
1,104,1675392115.2676091,49.954237823146144,-0.0006101623580514324,False,False,False,False,100000,False,True,False,4.056689963761729,-0.016433240256936512,9.773481289607028,0.00010379033305701626,True,Cruise
1,105,1675392115.3674126,49.954237823146144,-0.0006101623580514324,False,False,False,False,100000,False,True,False,4.056733949922419,-0.016223521319221636,9.77351958797129,0.0008957437299481402,True,Cruise
1,106,1675392115.4674332,49.954237823146144,-0.0006101623580514324,False,False,False,False,100000,False,True,False,4.056753783378141,-0.015328174412148034,9.773537403126896,0.0008957437299481402,True,Cruise
1,107,1675392115.567448,49.98588341218029,-0.00018822117092944556,False,False,False,False,100000,False,True,False,4.056788286043471,-0.014938005219745294,9.773569359375323,0.0003622207903081458,True,Cruise
1,108,1675392115.6675527,49.98588341218029,-0.00018822117092944556,False,False,False,False,100000,False,True,False,4.056833429853364,-0.013150897062108802,9.77360535454166,0.0008815746344276765,True,Cruise
1,109,1675392115.7674115,49.98588341218029,-0.00018822117092944556,False,False,False,False,100000,False,True,False,4.056874895421557,-0.006201934992202869,9.773625282820591,0.003036588219452357,True,Cruise
1,110,1675392115.8674166,49.98588341218029,-0.00018822117092944556,False,False,False,False,100000,False,True,False,4.056882551730538,-0.005202491235470714,9.773628990652403,0.0009994799597564906,True,Cruise
1,111,1675392115.96743,49.92521760225943,-0.0009970986365409158,False,False,False,False,100000,False,True,False,4.056887508829501,-0.004574007198898709,9.773632316792726,0.00031007103060462873,True,Cruise
1,112,1675392116.0675175,49.92521760225943,-0.0009970986365409158,False,False,False,False,100000,False,True,False,4.056870417609305,-0.00957840166292332,9.773628584561937,0.005004425040992683,True,Cruise
1,113,1675392116.167531,49.92521760225943,-0.0009970986365409158,False,False,False,False,100000,False,True,False,4.056848081474859,-0.01656164913670904,9.773620761276716,0.0016550962427056594,True,Cruise
1,114,1675392116.2674284,49.974034616021115,-0.00034620511971839864,False,False,False,False,100000,False,True,False,4.056839623031087,-0.01718783598043125,9.77361517473879,0.0006262688862843336,True,Cruise
1,115,1675392116.3675144,49.974034616021115,-0.00034620511971839864,False,False,False,False,100000,False,True,False,4.056824421378727,-0.01953401031204968,9.773601926107872,0.0014603692801777564,True,Cruise
1,116,1675392116.467589,49.974034616021115,-0.00034620511971839864,False,False,False,False,100000,False,True,False,4.0568168403094855,-0.02329875331523732,9.773594666971357,0.0037647576346591157,True,Cruise
1,117,1675392116.5674279,49.95746018958534,-0.00056719747219546,False,False,False,False,100000,False,True,False,4.056816163750068,-0.01544101014454429,9.773570852075146,0.007857779288296864,True,Cruise
1,118,1675392116.6674707,49.95746018958534,-0.00056719747219546,False,False,False,False,100000,False,True,False,4.056798662660928,-0.0163850152348049,9.77355749637683,1.885966263483609e-05,True,Cruise
1,119,1675392116.7674181,49.95746018958534,-0.00056719747219546,False,False,False,False,100000,False,True,False,4.056773997462638,-0.020116913811920704,9.773546190019903,0.0011786246350597958,True,Cruise
1,120,1675392116.8674283,49.98808850051235,-0.0001588199931687365,False,False,False,False,100000,False,True,False,4.056756907725506,-0.019280396013421387,9.773536082940833,0.0006438465779585072,True,Cruise
1,121,1675392116.967365,49.98808850051235,-0.0001588199931687365,False,False,False,False,100000,False,True,False,4.056745730156078,-0.01821394540119632,9.773527830775084,0.0008886307650734801,True,Cruise
1,122,1675392117.0673337,49.98808850051235,-0.0001588199931687365,False,False,False,False,100000,False,True,False,4.056744456399456,-0.01414611765747132,9.773521272598375,0.003262107712376471,True,Cruise
1,123,1675392117.1672926,49.98808850051235,-0.0001588199931687365,False,False,False,False,100000,False,True,False,4.056743336498128,-0.009115675305008867,9.773516703311577,0.0005682123337474716,True,Cruise
1,124,1675392117.2672894,49.95631072530125,-0.0005825236626499639,False,False,False,False,100000,False,True,False,4.056739982808438,-0.006407218623857972,9.773516894451618,0.0020776040463111843,True,Cruise
1,125,1675392117.367326,49.95631072530125,-0.0005825236626499639,False,False,False,False,100000,False,True,False,4.056739982808438,-0.006407218623857972,9.773516894451618,0.0020776040463111843,True,Cruise
1,126,1675392117.4673297,49.95631072530125,-0.0005825236626499639,False,False,False,False,100000,False,True,False,4.056730369903495,-0.012911820370669534,9.773521090001717,0.00021137521658786703,True,Cruise
1,127,1675392117.5673413,49.887951646408354,-0.001493978047888559,False,False,False,False,100000,False,True,False,4.056733260810819,-0.012582294465029063,9.773524651135114,0.2335793624827336,True,Cruise
1,128,1675392117.667446,49.887951646408354,-0.001493978047888559,False,False,False,False,100000,False,True,False,4.171508244448411,0.14795986039231776,9.776372719007236,0.04775469014688863,True,Cruise
1,129,1675392117.7674108,49.887951646408354,-0.001493978047888559,False,False,False,False,100000,False,True,False,4.143872340897619,0.0730876425594826,9.778263696617373,0.07983212363828399,True,Cruise
1,130,1675392117.8673909,49.844467225202635,-0.002073770330631594,False,False,False,False,100000,False,True,False,4.143872340897619,0.0730876425594826,9.778263696617373,0.07983212363828399,True,Cruise
1,131,1675392117.9674165,49.844467225202635,-0.002073770330631594,False,False,False,False,100000,False,True,False,4.079202515220538,-0.04747714281201409,9.780498169170425,0.02586036481560398,True,Cruise
1,132,1675392118.0674138,49.844467225202635,-0.002073770330631594,False,False,False,False,100000,False,True,False,4.07868511960055,-0.13054463885373924,9.776784643550965,0.03223421118256909,True,Cruise
1,133,1675392118.1674082,49.975846997032846,-0.00032204003956201046,False,False,False,False,100000,False,True,False,4.081484163922484,-0.14783391916558458,9.775398581338319,0.017569149987265727,True,Cruise
1,134,1675392118.2674067,49.975846997032846,-0.00032204003956201046,False,False,False,False,100000,False,True,False,4.08541678391,-0.16762933483283837,9.773049236120883,0.008123934797237315,True,Cruise
1,135,1675392118.3673782,49.975846997032846,-0.00032204003956201046,False,False,False,False,100000,False,True,False,4.081987654488615,-0.14139902475418265,9.770961437531858,0.008123934797237315,True,Cruise
1,136,1675392118.4673543,49.96505995907398,-0.0004658672123468855,False,False,False,False,100000,False,True,False,4.078240214351105,-0.12628464943623952,9.770136333085471,0.007458937078282157,True,Cruise
1,137,1675392118.567426,49.96505995907398,-0.0004658672123468855,False,False,False,False,100000,False,True,False,4.073257953384053,-0.10505131341046538,9.769679209217013,0.012285156516461884,True,Cruise
1,138,1675392118.6673567,49.96505995907398,-0.0004658672123468855,False,False,False,False,100000,False,True,False,4.07085194096182,-0.09359577099523042,9.769527127075172,0.012836886931089747,True,Cruise
1,139,1675392118.7674103,49.988573493798214,-0.00015235341602386622,False,False,False,False,100000,False,True,False,4.068604327379383,-0.08095771387244824,9.769411319359875,0.012836886931089747,True,Cruise
1,140,1675392118.8674998,49.988573493798214,-0.00015235341602386622,False,False,False,False,100000,False,True,False,4.062466239069987,-0.043569181516548997,9.769302792349624,0.03788918391749847,True,Cruise
1,141,1675392118.9674156,49.988573493798214,-0.00015235341602386622,False,False,False,False,100000,False,True,False,4.059791239005193,-0.021545984502974062,9.76933455760561,0.01265949783462353,True,Cruise
1,142,1675392119.0673811,49.92259807463251,-0.0010320256715664628,False,False,False,False,100000,False,True,False,4.017604687480136,0.25855148795645416,9.796427211877726,0.06707338124938071,True,Cruise
1,143,1675392119.1677458,49.948184456359776,-0.0006908739152030181,False,False,False,False,100000,False,True,False,4.0310688701129305,0.1608680004166146,9.78912995037582,0.049235309946584295,True,Cruise
1,144,1675392119.2673774,49.973904000772855,-0.00034794665636190864,False,False,False,False,100000,False,True,False,4.05118680726088,0.02737633045332567,9.77928271062189,0.13535776843405725,True,Cruise
1,145,1675392119.3673956,49.973904000772855,-0.00034794665636190864,False,False,False,False,100000,False,True,False,3.960994140291204,0.1508255129348351,9.786485724513504,0.11938670737868466,True,Cruise
1,146,1675392119.4674063,49.973904000772855,-0.00034794665636190864,False,False,False,False,100000,False,True,False,3.9882898655597225,0.03921370296351283,9.777058299323244,0.053631748001972894,True,Cruise
1,147,1675392119.5673645,49.973904000772855,-0.00034794665636190864,False,False,False,False,100000,False,True,False,4.008368639064799,-0.00428310860757646,9.772631773429715,0.0423073539585041,True,Cruise
1,148,1675392119.6674972,49.91738519471182,-0.0011015307371757856,False,False,False,False,100000,False,True,False,4.022337098117107,-0.04406232075861918,9.769109184705993,0.06470099592760141,True,Cruise
1,149,1675392119.767427,49.980335665523334,-0.0002621911263555761,False,False,False,False,100000,False,True,False,4.028829857536296,-0.1388620782218599,9.76366974784627,0.030880717120631243,True,Cruise
1,150,1675392119.8673954,49.980335665523334,-0.0002621911263555761,False,False,False,False,100000,False,True,False,4.0254227232551525,-0.16433352346018013,9.76290745683424,0.025709612484934762,True,Cruise
1,151,1675392119.9675603,49.980335665523334,-0.0002621911263555761,False,False,False,False,100000,False,True,False,4.0219832974170835,-0.18225414034800771,9.762385826860857,0.003969918752832335,True,Cruise
1,152,1675392120.0674958,49.980335665523334,-0.0002621911263555761,False,False,False,False,100000,False,True,False,4.017343687429167,-0.17309294668615088,9.761547807044185,0.00382989069866569,True,Cruise
1,153,1675392120.167424,49.99095991114272,-0.00012053451809708357,False,False,False,False,100000,False,True,False,4.020972021737125,-0.1534015975925098,9.761504581986767,0.00382989069866569,True,Cruise
1,154,1675392120.2673638,49.99095991114272,-0.00012053451809708357,False,False,False,False,100000,False,True,False,4.023200688989781,-0.14224482258257626,9.761681195327087,0.011378566632810807,True,Cruise
1,155,1675392120.3674405,49.99095991114272,-0.00012053451809708357,False,False,False,False,100000,False,True,False,4.028386662035935,-0.11225218235864681,9.76231158436851,0.015302944430091565,True,Cruise
1,156,1675392120.4673772,49.88044030085564,-0.0015941293219248515,False,False,False,False,100000,False,True,False,4.02773625172762,-0.0037692435104447132,9.752965631476659,0.014333453658855352,True,Cruise
1,157,1675392120.5674314,49.96349093404138,0.0004867875461148775,False,False,False,False,100000,False,True,False,4.031808089704457,0.008341533849596848,9.755481594924243,0.013022321791588647,True,Cruise
1,158,1675392120.6673603,49.99701408345451,-3.9812220606526364e-05,False,False,False,False,100000,False,True,False,4.024546277385576,0.24707810074251998,9.737548182707123,0.013022321791588647,True,Cruise
1,159,1675392120.7673645,49.923459581488586,-0.0010205389134855971,False,False,False,False,100000,False,True,False,4.0297180385301825,0.2470173116997589,9.743171561068673,0.007640235130003041,True,Cruise
1,160,1675392120.8674114,49.98722219895303,0.00017037068062629058,False,False,False,False,100000,False,True,False,4.035297901785601,0.22072317352638232,9.748817025772267,0.027466121822152363,True,Cruise
1,161,1675392120.9673674,49.94357427645752,0.0007523429805663878,False,False,False,False,100000,False,True,False,4.052346411792799,0.13980856899506486,9.765044099922111,0.024247556399338024,True,Cruise
1,162,1675392121.0673387,49.924460648690854,0.001007191350788591,False,False,False,False,100000,False,True,False,4.0575455388964246,0.11844158627398994,9.770002886752298,0.022542591689280193,True,Cruise
1,163,1675392121.1673715,49.88058064176571,0.001592258109790542,False,False,False,False,100000,False,True,False,4.0575455388964246,0.11844158627398994,9.770002886752298,0.022542591689280193,True,Cruise
1,164,1675392121.2674818,49.966266958264356,0.00044977388980857317,False,False,False,False,100000,False,True,False,4.0765175975655605,0.020299343737207324,9.789186947877154,0.01391653413017289,True,Cruise
1,165,1675392121.3679497,49.97668936116289,-0.00031080851782812574,False,False,False,False,100000,False,True,False,4.078804047764181,0.0003541931095530054,9.791688276168035,0.02023100420862379,True,Cruise
1,166,1675392121.4673378,49.941083912555676,0.0007855478325909696,False,False,False,False,100000,False,True,False,4.080597064297852,-0.010548293178718995,9.793714745828812,0.015597906946524905,True,Cruise
1,167,1675392121.5673687,49.941083912555676,0.0007855478325909696,False,False,False,False,100000,False,True,False,4.082772575849071,-0.04498455533552922,9.796364656495996,0.015597906946524905,True,Cruise
1,168,1675392121.667738,49.99181052998936,0.00010919293347526815,False,False,False,False,100000,False,True,False,4.082772575849071,-0.04498455533552922,9.796364656495996,0.015597906946524905,True,Cruise
1,169,1675392121.7673838,49.95132862435672,0.0006489516752437912,False,False,False,False,100000,False,True,False,4.082045114136658,-0.024559473149059183,9.79659311114625,0.0012338596380108637,True,Cruise
1,170,1675392121.8673716,49.90453537815564,0.001272861624591429,False,False,False,False,100000,False,True,False,4.0796854787840875,-0.026148796271576277,9.794639051168435,0.0031881925120959263,True,Cruise
1,171,1675392121.9673498,49.90453537815564,0.001272861624591429,False,False,False,False,100000,False,True,False,3.4149860942865353,0.016568052186339267,9.854030552128188,0.6651423961856264,True,Cruise
1,172,1675392122.0689616,49.90453537815564,0.001272861624591429,False,False,False,False,100000,False,True,False,3.4149860942865353,0.016568052186339267,9.854030552128188,0.6651423961856264,True,Cruise
1,173,1675392122.1727965,49.992302745054936,-0.0001026300659342192,False,False,False,False,100000,False,True,False,3.4149860942865353,0.016568052186339267,9.854030552128188,0.6651423961856264,True,Cruise
1,174,1675392122.2713268,49.97625456402814,0.0003166058129581867,False,False,False,False,100000,False,True,False,0.8696411310841788,0.025987325951952377,10.01648991166118,0.41153235294241647,True,Cruise
1,175,1675392122.3698382,49.82284284497086,-0.002362095400388575,False,False,False,False,100000,False,True,False,0.7425730928088369,0.04377156643281788,9.947288492088779,0.35548377856442254,True,Cruise
1,176,1675392122.4682221,49.82284284497086,-0.002362095400388575,False,False,False,False,100000,False,True,False,0.5129457290480964,0.051669185430649654,9.936197347851765,1.0845095746392766,True,Cruise
1,177,1675392122.5673616,49.07091335099676,-0.012387821986709836,False,False,False,False,100000,False,True,False,-0.7129527455247132,-0.0005035334623392056,9.933027914982468,0.16842154753164407,True,Cruise
1,178,1675392122.66736,49.07091335099676,-0.012387821986709836,False,False,False,False,100000,False,True,False,-0.5752132368576477,0.005946344183472604,9.882933111077337,0.8888236651298823,True,Cruise
1,179,1675392122.7674754,49.89881374579549,-0.0013491500560600348,False,False,False,False,100000,False,True,False,-1.4622722437081457,0.031682949318833385,9.932646823636668,0.8832352257444821,True,Cruise
1,180,1675392122.8673873,49.93942295660145,-0.0008076939119807188,False,False,False,False,100000,False,True,False,-1.5322216667697175,-0.33751092431094787,9.785173163271162,1.4997644178557128,True,Cruise
1,181,1675392122.9673808,49.93942295660145,-0.0008076939119807188,False,False,False,False,100000,False,True,False,1.096669088702748,-0.1551944355495894,9.502291875123912,1.1450017394215324,True,Cruise
1,182,1675392123.0673838,49.87600956009416,0.0016532058654112206,False,False,False,False,100000,False,True,False,1.096669088702748,-0.1551944355495894,9.502291875123912,1.1450017394215324,True,Cruise
1,183,1675392123.1674216,49.91711011455928,0.0011051984725429145,False,False,False,False,100000,False,True,False,-0.033028040935871965,-0.25365657942992087,9.605508239528264,0.7569068184512715,True,Cruise
1,184,1675392123.2673645,49.91711011455928,0.0011051984725429145,False,False,False,False,100000,False,True,False,-0.6066202353361693,-0.2089027021237243,9.655756691639432,0.18042607769340832,True,Cruise
1,185,1675392123.3673604,49.93688194909724,0.000841574012036728,False,False,False,False,100000,False,True,False,-0.5381371946758077,-0.19855599918125713,9.656755664520217,0.09994879153937972,True,Cruise
1,186,1675392123.4673975,49.93688194909724,0.000841574012036728,False,False,False,False,100000,False,True,False,-0.3343047063406531,-0.1474754970113208,9.655267412627435,0.11022052908811011,True,Cruise
1,187,1675392123.5673826,49.91440599601374,0.0011412533864834618,False,False,False,False,100000,False,True,False,-0.3343047063406531,-0.1474754970113208,9.655267412627435,0.11022052908811011,True,Cruise
1,188,1675392123.6673713,49.401844865621776,-0.00797540179170968,False,False,False,False,100000,False,True,False,-0.0858027203208615,-0.015762678001729435,9.697035635224596,0.13752091294065466,True,Cruise
1,189,1675392123.767426,48.970288872457886,-0.013729481700561572,False,False,False,False,100000,False,True,False,-0.0025185172138882245,0.044217094960888104,9.72564355425508,0.0641726673355647,True,Cruise
1,190,1675392123.867381,48.970288872457886,-0.013729481700561572,False,False,False,False,100000,False,True,False,-1.7411271139204725,0.014590790913588905,9.936316052808875,0.8740764024712436,True,Cruise
1,191,1675392123.9673822,49.846101659394385,0.002051977874741535,False,False,False,False,100000,False,True,False,-1.7411271139204725,0.014590790913588905,9.936316052808875,0.8740764024712436,True,Cruise
1,192,1675392124.067433,49.864306102372716,0.0018092519683637796,False,False,False,False,100000,False,True,False,-3.057544753407919,-0.2502800642099422,10.042872704213353,1.8322694584219812,True,Cruise
1,193,1675392124.1673777,49.864306102372716,0.0018092519683637796,False,False,False,False,100000,False,True,False,-1.2366972459084176,-0.3274100054984515,9.853725420712733,1.8322694584219812,True,Cruise
1,194,1675392124.2673874,49.864306102372716,0.0018092519683637796,False,False,False,False,100000,False,True,False,1.7423669368655519,-0.04401423686016852,9.603101575472916,1.2703544908392796,True,Cruise
1,195,1675392124.3674064,49.41960977247834,-0.00773853636695543,False,False,False,False,100000,False,True,False,1.879990657326006,-0.12004921276907973,9.671606707782207,0.7564451024331477,True,Cruise
1,196,1675392124.4674673,49.4879849657877,-0.00682686712283065,False,False,False,False,100000,False,True,False,-0.361823524250921,-0.09288593838521345,9.918110167400435,2.2554894421828795,True,Cruise
1,197,1675392124.5673738,49.33522674910398,-0.008863643345280201,False,False,False,False,100000,False,True,False,-1.5383297388148263,-0.3289233770735998,10.008352698573947,0.27010217388249586,True,Cruise
1,198,1675392124.6673527,49.33522674910398,-0.008863643345280201,False,False,False,False,100000,False,True,False,-1.4696342588223188,-0.21832129928640245,9.977332832320585,0.43865041685783807,True,Cruise
1,199,1675392124.767361,49.33371703192001,-0.008883772907733189,False,False,False,False,100000,False,True,False,-0.9048931718176328,-0.21646009916829875,9.91363011983677,0.5683256064923606,True,Cruise
1,200,1675392124.8674383,49.33371703192001,-0.008883772907733189,False,False,False,False,100000,False,True,False,-0.4729204760606539,-0.24121121880078839,9.865144156991846,0.43538938479895506,True,Cruise
1,201,1675392124.9674404,49.739095023635805,-0.003478733018189263,False,False,False,False,100000,False,True,False,-0.051231512451418895,-0.37813257154688235,9.806770066931659,0.9804163610474004,True,Cruise
1,202,1675392125.0673635,49.8173210719856,-0.0024357190401919767,False,False,False,False,100000,False,True,False,1.8021206155141167,-0.4836829877271805,9.63391714327674,0.8841252637912814,True,Cruise
1,203,1675392125.1673396,49.63679825441367,-0.004842689941151134,False,False,False,False,100000,False,True,False,1.682861229880245,-0.43224030175683287,9.69344049019163,0.6254704372191916,True,Cruise
1,204,1675392125.2673712,49.63679825441367,-0.004842689941151134,False,False,False,False,100000,False,True,False,0.10122389434928354,-0.46443140027838503,9.85439106332733,1.5901314458126452,True,Cruise
1,205,1675392125.3673317,49.89633388519892,-0.0013822148640143428,False,False,False,False,100000,False,True,False,0.10122389434928354,-0.46443140027838503,9.85439106332733,1.5901314458126452,True,Cruise
1,206,1675392125.4673564,49.547870608521905,-0.00602839188637463,False,False,False,False,100000,False,True,False,0.6686428160930166,-0.49093811606683657,9.786340052569846,0.8896851371442007,True,Cruise
1,207,1675392125.5673687,49.547870608521905,-0.00602839188637463,False,False,False,False,100000,False,True,False,0.22768105600331212,-0.3163957080105144,9.868908298438345,1.2842764440395111,True,Cruise
1,208,1675392125.667332,49.79176425289973,0.0027764766280035133,False,False,False,False,100000,False,True,False,-1.3497408821372514,-0.41368380222458,9.994863676985512,0.3858854414608223,True,Cruise
1,209,1675392125.7675052,49.79176425289973,0.0027764766280035133,False,False,False,False,100000,False,True,False,-1.0142736365801364,-0.3498590090049718,9.949838566089143,0.34444032528499585,True,Cruise
1,210,1675392125.8676145,49.06384898594759,0.012482013520698785,False,False,False,False,100000,False,True,False,-1.0142736365801364,-0.3498590090049718,9.949838566089143,0.34444032528499585,True,Cruise
1,211,1675392125.9674313,49.06384898594759,0.0017657625678381289,False,False,False,False,100000,False,True,False,1.4113852884700384,0.029639182693252226,9.717952226073864,0.12414827666111782,True,Cruise
1,212,1675392126.0674224,49.74596439778177,0.003387141362909723,False,False,False,False,100000,False,True,False,-2.1522505164509735,0.04926621685188464,10.02769148897583,0.98499236964186,True,Cruise
1,213,1675392126.1673524,49.74596439778177,0.003387141362909723,False,False,False,False,100000,False,True,False,-0.8229478251639264,0.17990055402383562,9.873480357666397,1.3445787623382561,True,Cruise
1,214,1675392126.267386,49.74596439778177,0.003387141362909723,False,False,False,False,100000,False,True,False,0.6121881375287634,0.28841062607041057,9.737159729435025,1.4456738846748332,True,Cruise
1,215,1675392126.3674068,49.57004371830546,-0.005732750422593819,False,False,False,False,100000,False,True,False,0.5015290048696367,0.2891683959215959,9.766248524342304,0.2590120784209704,True,Cruise
1,216,1675392126.4674006,49.88875455441899,0.0014832726077467627,False,False,False,False,100000,False,True,False,0.5015290048696367,0.2891683959215959,9.766248524342304,0.9510171382193318,True,Cruise
1,217,1675392126.56742,49.885950797883325,0.00152065602822228,False,False,False,False,100000,False,True,False,0.06198132735162053,0.2016786101238945,9.78421876941292,1.117083419900774,True,Cruise
1,218,1675392126.667368,49.885950797883325,0.00152065602822228,False,False,False,False,100000,False,True,False,1.3471006836614794,0.3976038238565162,9.682952079418135,0.3697181761063898,True,Cruise
1,219,1675392126.7673848,49.366619523588426,0.008445073018820934,False,False,False,False,100000,False,True,False,0.4904690100540477,0.18144461665578798,9.785135146416282,0.8893728162397728,True,Cruise
1,220,1675392126.867354,49.67987729465693,0.004268302737907592,False,False,False,False,100000,False,True,False,-0.6830031616630035,0.11290188006226308,9.901778052055615,1.0168672143656081,True,Cruise
1,221,1675392126.9675112,49.67987729465693,0.004268302737907592,False,False,False,False,100000,False,True,False,-2.402973447595057,0.23103041765343157,10.036295479634234,1.5325023035867011,True,Cruise
1,222,1675392127.067402,49.586799315545235,0.005509342459396813,False,False,False,False,100000,False,True,False,-0.8799071274972962,0.2521754713921545,9.867816454872106,1.5325023035867011,True,Cruise
1,223,1675392127.1674547,49.340617758876775,0.00879176321497635,False,True,False,False,100000,False,True,False,-0.15959677057967475,0.1835381087135118,9.810862612163538,0.3998822269849385,True,Cruise
1,224,1675392127.2674737,49.340617758876775,0.00879176321497635,False,True,False,False,100000,False,True,False,-0.15959677057967475,0.1835381087135118,9.810862612163538,0.3998822269849385,True,Cruise
1,225,1675392127.3673744,49.47575356713486,0.006989952438201906,False,True,False,False,100000,False,True,False,-1.242843715751044,0.4173952828304703,9.915766181781022,0.07446478370358554,True,Cruise
1,226,1675392127.467342,49.836554445951094,0.002179274053985332,False,True,False,False,100000,False,True,False,-1.5836794689609655,0.42363663488978914,9.906776803999515,0.3313639191059362,True,Cruise
1,227,1675392127.5673444,49.836554445951094,0.002179274053985332,False,True,False,False,100000,False,True,False,0.2022557572111488,0.31730166464116993,9.731362136440232,0.03761141439319131,True,Cruise
1,228,1675392127.6674,49.81600529942678,0.0024532626743096002,False,True,False,False,100000,False,True,False,0.23860557057233467,0.32589448641923513,9.726949317029275,0.03761141439319131,True,Cruise
1,229,1675392127.7673705,49.31596764425671,0.009120431409910545,False,True,False,False,100000,False,True,False,1.559389355052045,0.2724845897843664,9.65511275931265,0.6223097371146764,True,Cruise
1,230,1675392127.867388,49.31596764425671,0.009120431409910545,False,True,False,False,100000,False,True,False,1.559389355052045,0.2724845897843664,9.65511275931265,0.7577558895796148,True,Cruise
1,231,1675392127.967361,49.60835177875142,0.005221976283314388,False,True,False,False,100000,False,True,False,-1.8014470626395631,0.3906936788011375,9.9892748340346,1.148870286740263,True,Cruise
1,232,1675392128.0674021,49.60835177875142,0.005221976283314388,False,True,False,False,100000,False,True,False,-2.394376190827386,0.5038864564642143,10.016076066776973,0.10956677267449651,True,Cruise
1,233,1675392128.1673632,49.05801057830241,0.012559858955967904,False,True,False,False,100000,False,True,False,-2.394376190827386,0.5038864564642143,10.016076066776973,0.10956677267449651,True,Cruise
1,234,1675392128.2673514,49.66545444473372,0.004460607403550381,False,True,False,False,100000,False,True,False,-0.24083041506530564,0.3180713003794019,9.840679264563608,1.3552573948886841,True,Cruise
1,235,1675392128.3673925,49.66545444473372,0.004460607403550381,False,True,False,False,100000,False,True,False,0.4219993932114176,0.4660320422873832,9.766376923754255,0.6831958531313457,True,Cruise
1,236,1675392128.4674532,49.6499306291383,0.004667591611489406,False,True,False,False,100000,False,True,False,0.825736954917654,0.6695388495669043,9.800005025787911,0.512943670323265,True,Cruise
1,237,1675392128.5673795,49.6499306291383,0.004667591611489406,False,True,False,False,100000,False,True,False,0.6111084877431621,0.5623680579029452,9.822925782095716,0.24099028730899813,True,Cruise
1,238,1675392128.6676817,49.65633086826624,0.004582255089783501,False,True,False,False,100000,False,True,False,0.10500645105162344,0.415606885636488,9.867258802920997,0.5288133224152385,True,Cruise
1,239,1675392128.7673912,49.410556171590656,0.007859251045457894,False,True,False,False,100000,False,True,False,0.16546622412110412,0.3239756260868918,9.854676719193993,0.08106190453416422,True,Cruise
1,240,1675392128.8673267,49.74086991869537,0.003455067750728415,False,True,False,False,100000,False,True,False,-0.8112232888444975,0.46665659111398855,9.92838634869471,0.9894921731140729,True,Cruise
1,241,1675392128.9674358,49.74086991869537,0.003455067750728415,False,True,False,False,100000,False,True,False,-1.1654123208253548,0.4359771532425369,9.924542034285459,0.27846541250707874,True,Cruise
1,242,1675392129.0673535,49.766503035621916,-0.003113292858374411,False,True,False,False,100000,False,True,False,-1.1654123208253548,0.4359771532425369,9.924542034285459,2.674162142591064,True,Cruise
1,243,1675392129.1673121,49.48970261576343,0.006803965123154309,False,True,False,False,100000,False,True,False,1.4739255005862628,0.07367609985717113,9.684348704690748,2.674162142591064,True,Cruise
1,244,1675392129.2673295,49.48970261576343,0.006803965123154309,False,True,False,False,100000,False,True,False,0.6401795393550094,0.25047535758963135,9.774018157529948,0.43003098444705595,True,Cruise
1,245,1675392129.3673146,49.984280210737644,0.0002095971901647772,False,True,False,False,100000,False,True,False,-1.7503618705704753,0.13221233154873147,9.989158707005501,1.1700098138927317,True,Cruise
1,246,1675392129.467342,28.97288782777966,0.0002095971901647772,True,True,False,False,15.315258551853107,False,False,False,-1.7503618705704753,0.13221233154873147,9.989158707005501,0.9328979913290376,True,Keep distance
1,247,1675392129.5673442,28.97288782777966,0.0010056104841401664,True,True,False,False,15.315258551853107,False,False,False,-1.7503618705704753,0.13221233154873147,9.989158707005501,0.9328979913290376,True,Keep distance
1,248,1675392129.667384,28.97288782777966,0.0003685221084856205,True,True,False,False,15.315258551853107,False,False,False,-1.0770343217152671,-0.010088217169541315,9.911556935274616,1.0853596879592151,True,Keep distance
1,249,1675392129.7673514,28.97288782777966,0.0003685221084856205,True,True,False,False,15.315258551853107,False,False,False,-3.079634320062726,0.06997395933646286,10.033069059336343,0.4268623572545715,True,Keep distance
1,250,1675392129.8673491,28.97288782777966,0.0010324042054928953,True,True,False,False,15.315258551853107,False,False,False,-3.079634320062726,0.06997395933646286,10.033069059336343,0.2551567804679267,True,Keep distance
1,251,1675392129.9673498,28.97288782777966,0.003220770142551118,True,True,False,False,15.315258551853107,False,False,False,-3.7046459562208756,0.45466432697090686,9.928356355685422,0.43518005087569167,True,Keep distance
1,252,1675392130.0673385,28.97288782777966,0.003220770142551118,True,True,False,False,15.315258551853107,False,False,False,-3.7990841607227908,0.40436894068258794,9.905292355045882,0.43518005087569167,True,Keep distance
1,253,1675392130.1673362,28.97288782777966,4.0126939988696325e-05,True,True,False,False,15.315258551853107,False,False,False,-4.116461898980263,0.31543349487299055,9.84209999864148,0.11149240545254915,True,Keep distance
1,254,1675392130.2673743,28.97288782777966,0.007696904426538241,True,True,False,False,15.315258551853107,False,False,False,-4.218519097818472,0.29309801937702595,9.822023229343998,0.1063843125923975,True,Keep distance
1,255,1675392130.3673677,28.97288782777966,0.007696904426538241,True,True,False,False,15.315258551853107,False,False,False,-4.389839568969092,0.12875610985244115,9.78268568798524,0.11808536892218624,True,Keep distance
1,256,1675392130.4673786,26.74836802667086,0.004572345509369488,True,True,False,False,13.832245351113906,False,False,False,-4.389839568969092,0.12875610985244115,9.78268568798524,0.11808536892218624,True,Keep distance
1,257,1675392130.567375,26.74836802667086,0.006032025630488535,True,True,False,False,13.832245351113906,False,False,False,-4.544850690558997,0.2521936993268403,9.728200433769395,0.11808536892218624,True,Keep distance
1,258,1675392130.6673887,26.74836802667086,0.006032025630488535,True,True,False,False,13.832245351113906,False,False,False,-4.569049769839756,0.24332115603712687,9.712180635040808,0.11808536892218624,True,Keep distance
1,259,1675392130.7673712,26.74836802667086,-0.0037089299974491304,True,True,False,False,13.832245351113906,False,False,False,-4.571643699176779,0.18854104913062886,9.674081673430535,0.034145748916756646,True,Keep distance
1,260,1675392130.867345,26.74836802667086,-0.0037089299974491304,True,True,False,False,13.832245351113906,False,False,False,-4.527553869492307,0.24448205619602623,9.658882526563296,0.038973883925298235,True,Keep distance
1,261,1675392130.9673681,26.74836802667086,-0.004405070730551681,True,True,False,False,13.832245351113906,False,False,False,-4.527553869492307,0.24448205619602623,9.658882526563296,0.038973883925298235,True,Keep distance
1,262,1675392131.0673444,26.74836802667086,-0.004405070730551681,True,True,False,False,13.832245351113906,False,False,False,-4.365412995423175,0.07039101723757991,9.655122785498069,0.050771330343176886,True,Keep distance
1,263,1675392131.1673427,26.74836802667086,-0.002099882885471948,True,True,False,False,13.832245351113906,False,False,False,-4.26710147101339,0.03631295624665949,9.666122043968647,0.055753942745666536,True,Keep distance
1,264,1675392131.2673507,26.74836802667086,-0.00030295396070086956,True,True,False,False,13.832245351113906,False,False,False,-4.118022948170648,-0.022467208081653936,9.69548892386272,0.05017908271925047,True,Keep distance
1,265,1675392131.3673613,26.74836802667086,-0.00030295396070086956,True,True,False,False,13.832245351113906,False,False,False,-4.118022948170648,-0.022467208081653936,9.69548892386272,0.05017908271925047,True,Keep distance
1,266,1675392131.4674113,24.633223787373968,-0.0071088175482912986,True,True,False,False,12.422149191582646,False,False,False,-3.984004049666006,-0.061443136337468764,9.735276328032489,0.1451317527985118,True,Keep distance
1,267,1675392131.5674105,24.633223787373968,-0.007398556105159293,True,True,False,False,12.422149191582646,False,False,False,-3.9104776647558,-0.14262765685870535,9.764459976476166,0.07578621730356705,True,Keep distance
1,268,1675392131.6673665,24.633223787373968,-0.008132161300399104,True,True,False,False,12.422149191582646,False,False,False,-3.852793947288976,-0.232078176519256,9.793558493499816,0.037450527592639074,True,Keep distance
1,269,1675392131.7673805,24.633223787373968,-0.008132161300399104,True,True,False,False,12.422149191582646,False,False,False,-3.8115702049995916,-0.250981444429124,9.82080244743984,0.024262874166802322,True,Keep distance
1,270,1675392131.8674445,24.633223787373968,-0.008132161300399104,True,True,False,False,12.422149191582646,False,False,False,-3.8115702049995916,-0.250981444429124,9.82080244743984,0.06645915206987967,True,Keep distance
1,271,1675392131.9673948,24.633223787373968,-0.0073826062649898,True,True,False,False,12.422149191582646,False,False,False,-3.779849484477373,-0.2982854970661552,9.855050679328679,0.06645915206987967,True,Keep distance
1,272,1675392132.0678759,24.633223787373968,-0.008262636231138036,True,True,False,False,12.422149191582646,False,False,False,-3.776732790954077,-0.3213667224774304,9.871957474804148,0.012581478272196403,True,Keep distance
1,273,1675392132.1673946,24.633223787373968,-0.010270098353660195,True,True,False,False,12.422149191582646,False,False,False,-3.785488560885126,-0.3270168382761626,9.883429620686359,0.010595971739891751,True,Keep distance
1,274,1675392132.2673445,22.85339855830636,-0.010270098353660195,True,True,False,False,11.235599038870907,False,False,False,-3.803912982264854,-0.3320813248437265,9.889359330744208,0.015174945881635713,True,Keep distance
1,275,1675392132.3673384,22.85339855830636,-0.0063139283342458835,True,True,False,False,11.235599038870907,False,False,False,-3.803912982264854,-0.3320813248437265,9.889359330744208,0.05605269071996704,True,Keep distance
1,276,1675392132.467378,22.85339855830636,-0.0063139283342458835,True,True,False,False,11.235599038870907,False,False,False,-3.859797688460959,-0.38364437463760115,9.88578562142699,0.057049767405903756,True,Keep distance
1,277,1675392132.5673556,22.85339855830636,-0.005580850485735681,True,True,False,False,11.235599038870907,False,False,False,-3.889618291701511,-0.29111605886819586,9.877397778160544,0.02136868872043886,True,Keep distance
1,278,1675392132.6673887,22.85339855830636,-0.005721823579281479,True,True,False,False,11.235599038870907,False,False,False,-3.92002819927943,-0.2728512149427991,9.866050323803497,0.02369356693321275,True,Keep distance
1,279,1675392132.7673566,22.85339855830636,-0.009971279269672726,True,True,False,False,11.235599038870907,False,False,False,-3.9346051643346462,-0.25533884733707896,9.859553079415315,0.02369356693321275,True,Keep distance
1,280,1675392132.86734,22.85339855830636,-0.009971279269672726,True,True,False,False,11.235599038870907,False,False,False,-3.9739541316812823,-0.2103765693130607,9.838357678283476,0.06339710328946682,True,Keep distance
1,281,1675392132.9677017,22.85339855830636,0.0034338109275888684,True,True,False,False,11.235599038870907,False,False,False,-3.9739541316812823,-0.2103765693130607,9.838357678283476,0.020404456053996718,True,Keep distance
1,282,1675392133.0673568,22.85339855830636,0.0034338109275888684,True,True,False,False,11.235599038870907,False,False,False,-3.9739541316812823,-0.2103765693130607,9.838357678283476,0.031189252841353272,True,Keep distance
1,283,1675392133.1675146,22.85339855830636,-0.007039576647579684,True,True,False,False,11.235599038870907,False,False,False,-4.014666281696884,0.00979476836092577,9.804081266848517,0.043870024534176155,True,Keep distance
1,284,1675392133.2674603,22.85339855830636,-0.004631045251706279,True,True,False,False,11.235599038870907,False,False,False,-4.019080440538965,0.05306271665430384,9.79833854059458,0.043870024534176155,True,Keep distance
1,285,1675392133.3674138,22.85339855830636,-0.004631045251706279,True,True,False,False,11.235599038870907,False,False,False,-4.028202574035992,0.006423296969450945,9.78475711993193,0.043870024534176155,True,Keep distance
1,286,1675392133.4673734,22.85339855830636,0.0014574739031960274,True,True,False,False,11.235599038870907,False,False,False,-4.029019017855885,-0.005173050978638828,9.77878449378552,0.02025700027694287,True,Keep distance
1,287,1675392133.5674078,22.85339855830636,0.0014574739031960274,True,True,False,False,11.235599038870907,False,False,False,-4.025464500483768,0.025187304930670992,9.775299276424619,0.02025700027694287,True,Keep distance
1,288,1675392133.6673436,22.85339855830636,-0.007922882457045198,True,True,False,False,10.17603847199265,False,False,False,-4.018397667199395,0.07219226764462136,9.774199033580114,0.0671738597780057,True,Keep distance
1,289,1675392133.767336,21.264057707988975,-0.007023403141164827,True,True,False,False,10.17603847199265,False,False,False,-4.005857701982407,0.018864094827992072,9.776800867305555,0.054844455347267125,True,Keep distance
1,290,1675392133.8674037,21.264057707988975,-0.007964082586404218,True,True,False,False,10.17603847199265,False,False,False,-4.001821257329881,-0.06649336359294979,9.77861523161676,0.017958490318538634,True,Keep distance
1,291,1675392133.96747,21.264057707988975,-0.007964082586404218,True,True,False,False,10.17603847199265,False,False,False,-3.9927498309056224,-0.08310498620631342,9.783179433535988,0.005271229596714412,True,Keep distance
1,292,1675392134.0674338,21.264057707988975,0.004773693688682891,True,True,False,False,10.17603847199265,False,False,False,-3.9792786700133256,-0.14466438736864423,9.791670770103547,0.021947965688613902,True,Keep distance
1,293,1675392134.167359,21.264057707988975,-0.006426767378156209,True,True,False,False,10.17603847199265,False,False,False,-3.9792786700133256,-0.14466438736864423,9.791670770103547,0.021947965688613902,True,Keep distance
1,294,1675392134.267449,21.264057707988975,-0.006426767378156209,True,True,False,False,10.17603847199265,False,False,False,-3.961259082998232,0.02757860424962425,9.8036182874803,0.15460687146155705,True,Keep distance
1,295,1675392134.367372,21.264057707988975,0.00807004889866598,True,True,False,False,10.17603847199265,False,False,False,-3.9585492603592143,0.0644429223369707,9.806522238007817,0.037077675432074526,True,Keep distance
1,296,1675392134.46735,21.264057707988975,0.00807004889866598,True,True,False,False,10.17603847199265,False,False,False,-3.956928180153872,-0.07379750227974183,9.809346462123903,0.13827877328461885,True,Keep distance
1,297,1675392134.5673656,21.264057707988975,-0.0038720141205002044,True,True,False,False,10.17603847199265,False,False,False,-3.953181318498953,0.011711822583345605,9.814219949172841,0.11187476433097081,True,Keep distance
1,298,1675392134.667352,21.264057707988975,-0.004782612841983378,True,True,False,False,9.2673395786288,False,False,False,-3.951697328104316,0.12355730295758584,9.816305419497331,0.11187476433097081,True,Keep distance
1,299,1675392134.7674615,19.9010093679432,-0.004782612841983378,True,True,False,False,9.2673395786288,False,False,False,-3.9498440647970656,0.11342893086208672,9.821056645834181,0.011339870276809421,True,Keep distance
1,300,1675392134.8673973,19.9010093679432,-0.007136716447343492,True,True,False,False,9.2673395786288,False,False,False,-3.950075202169417,0.019160182255746477,9.822899195373532,0.08066259983527972,True,Keep distance
1,301,1675392134.9673584,19.9010093679432,-0.007136716447343492,True,True,False,False,9.2673395786288,False,False,False,-3.9514547010952747,0.04481469528501286,9.823692407023342,0.015508362370773035,True,Keep distance
1,302,1675392135.0673344,19.9010093679432,-0.0015907536946960603,True,True,False,False,9.2673395786288,False,False,False,-3.953844677758279,-0.014762989251355094,9.823543156499865,0.02982276614889337,True,Keep distance
1,303,1675392135.1674163,19.9010093679432,-0.0015907536946960603,True,True,False,False,9.2673395786288,False,False,False,-3.9576540230434687,-0.03837005334835051,9.82175691006903,0.02982276614889337,True,Keep distance
1,304,1675392135.2673633,19.9010093679432,0.0036909515136776907,True,True,False,False,9.2673395786288,False,False,False,-3.9576540230434687,-0.03837005334835051,9.82175691006903,0.01831238528114271,True,Keep distance
1,305,1675392135.3673434,19.9010093679432,0.0036909515136776907,True,True,False,False,9.2673395786288,False,False,False,-3.9601349000597246,-0.028272610595804173,9.819835593175146,0.008325194853691336,True,Keep distance
1,306,1675392135.4673524,19.9010093679432,-0.0033315355896543553,True,True,False,False,9.2673395786288,False,False,False,-3.9627668406006187,-0.011819997881515682,9.817575226635059,0.04827603519438045,True,Keep distance
1,307,1675392135.5673475,19.9010093679432,0.004263551503230363,True,True,False,False,9.2673395786288,False,False,False,-3.9655841662784495,0.05576625152319942,9.815176740313591,0.03477925349619256,True,Keep distance
1,308,1675392135.6673603,18.7131422748687,0.004263551503230363,True,True,False,False,8.475428183245802,False,False,False,-3.968663658967569,-0.056863711892101175,9.812815759641381,0.03477925349619256,True,Keep distance
1,309,1675392135.7673476,18.7131422748687,0.00044239814051242406,True,True,False,False,8.475428183245802,False,False,False,-3.9699577056119,-0.060256655946929354,9.811666045824676,0.014540495558930822,True,Keep distance
1,310,1675392135.8674045,18.7131422748687,0.00044239814051242406,True,True,False,False,8.475428183245802,False,False,False,-3.972378965940242,0.08012090058341421,9.808497139723135,0.032088804302472726,True,Keep distance
1,311,1675392135.9673667,18.7131422748687,-0.005561289643529354,True,True,False,False,8.475428183245802,False,False,False,-3.974210065023958,0.05360240187801789,9.80614097666424,0.032088804302472726,True,Keep distance
1,312,1675392136.0673585,18.7131422748687,-0.005561289643529354,True,True,False,False,8.475428183245802,False,False,False,-3.974210065023958,0.05360240187801789,9.80614097666424,0.02199957144537377,True,Keep distance
1,313,1675392136.1673725,18.7131422748687,-0.005561289643529354,True,True,False,False,8.475428183245802,False,False,False,-3.9749252138961517,0.01457541839932691,9.805088312373876,0.03904772694362153,True,Keep distance
1,314,1675392136.267374,18.7131422748687,-0.005561289643529354,True,True,False,False,8.475428183245802,False,False,False,-3.9753516746238766,-0.026779711784316547,9.8044547816707,0.0020719756674723922,True,Keep distance
1,315,1675392136.3673537,18.7131422748687,-0.005561289643529354,True,True,False,False,8.475428183245802,False,False,False,-3.975338840924655,-0.03380312840520399,9.804199773589124,0.004960269057974601,True,Keep distance
1,316,1675392136.4673371,18.7131422748687,-0.005561289643529354,True,True,False,False,8.475428183245802,False,False,False,-3.974941319829593,-0.05591525935207704,9.804287381275998,0.01261725868917914,True,Keep distance
1,317,1675392136.5673456,17.876569366869283,-0.01291359043605744,True,True,False,False,7.917712911246188,False,False,False,-3.9746324646343574,-0.06964293016120797,9.804444887760082,0.013732048123569112,True,Keep distance
1,318,1675392136.6673424,17.876569366869283,-0.01291359043605744,True,True,False,False,7.917712911246188,False,False,False,-3.9734164401087972,-0.10503320298951532,9.805281426876311,0.03542103787584116,True,Keep distance
1,319,1675392136.7673464,17.876569366869283,-0.0013026882237343052,True,True,False,False,7.917712911246188,False,False,False,-3.9729357045995974,-0.08980177733117975,9.805654631990267,0.03542103787584116,True,Keep distance
