repetition,iteration,time,speed,steering,obstacle_North,obstacle_NorthWest,obstacle_SouthWest,obstacle_West,obstacle_distance,follow_enable,steady_motion_enable,passing_start,accel_x,accel_y,accel_z,accel_diff,success,action
1,1,1675392441.8591485,0.0,0.0,False,False,False,False,100000,False,True,False,0.07976834795721721,-4.7972765338879676e-15,9.819078128636574,0.005294499837633186,True,Cruise
1,2,1675392441.8593593,0.0,0.0,False,False,False,False,100000,False,True,False,0.07976834795721721,-4.7972765338879676e-15,9.819078128636574,0.005294499837633186,True,Cruise
1,3,1675392441.95955,0.0,0.0,False,False,False,False,100000,False,True,False,0.07544761358279428,-9.951054293787111e-14,9.815827999570038,0.005442670053315225,True,Cruise
1,4,1675392442.0596442,0.0,0.0,False,False,False,False,100000,False,True,False,0.06634013120926369,-1.0118243924077016e-13,9.80994122680432,0.005404337763805292,True,Cruise
1,5,1675392442.1595016,49.75725656390653,0.0032365791479129036,False,False,False,False,100000,False,True,False,0.061721472467843076,-2.8392191021528796e-14,9.807350924425798,0.9867035359742803,True,Cruise
1,6,1675392442.2594743,49.75725656390653,0.0032365791479129036,False,False,False,False,100000,False,True,False,1.0390450673217124,-0.009325595515692321,9.708046289606958,1.5802715020515536,True,Cruise
1,7,1675392442.359473,49.75725656390653,0.0032365791479129036,False,False,False,False,100000,False,True,False,3.05663874960826,0.0056577794097688455,9.567831341380804,0.44242379695706774,True,Cruise
1,8,1675392442.4595885,49.75191614850538,0.0033077846865949053,False,False,False,False,100000,False,True,False,3.4845860023958606,0.0026651892945667387,9.57974362723222,0.10890413330629502,True,Cruise
1,9,1675392442.5594602,49.75191614850538,0.0033077846865949053,False,False,False,False,100000,False,True,False,3.6825955976038034,0.0018875460353023738,9.621714224705135,0.09360827953197874,True,Cruise
1,10,1675392442.659452,49.75191614850538,0.0033077846865949053,False,False,False,False,100000,False,True,False,3.8786614033450912,0.002458501536147366,9.668254932657739,0.10505342188485284,True,Cruise
1,11,1675392442.759459,49.75191614850538,0.0033077846865949053,False,False,False,False,100000,False,True,False,4.100277837296534,0.003258213199144422,9.713355921132772,0.22616052373816925,True,Cruise
1,12,1675392442.8594775,49.75363370403769,0.003284883946164094,False,False,False,False,100000,False,True,False,4.397989476061319,0.004418631202546633,9.778795947195047,0.10266825021616495,True,Cruise
1,13,1675392442.9594882,49.75363370403769,0.003284883946164094,False,False,False,False,100000,False,True,False,4.473721800696656,0.004697274044181383,9.79976644641462,0.06506184591677355,True,Cruise
1,14,1675392443.0594647,49.75363370403769,0.003284883946164094,False,False,False,False,100000,False,True,False,4.583659964916396,0.005415474616603333,9.838957812594051,0.05171065369200849,True,Cruise
1,15,1675392443.15955,49.71372979809419,0.003816936025410781,False,False,False,False,100000,False,True,False,4.651796150149785,0.006367776138457273,9.886467114358306,0.04474802187088214,True,Cruise
1,16,1675392443.2595062,49.71372979809419,0.003816936025410781,False,False,False,False,100000,False,True,False,4.652101459164985,0.005109288524050396,9.898337339707211,0.011940655530756421,True,Cruise
1,17,1675392443.359468,49.71372979809419,0.003816936025410781,False,False,False,False,100000,False,True,False,4.599514469914889,0.008820352352347634,9.920187078458843,0.025903275125639127,True,Cruise
1,18,1675392443.4595535,49.71372979809419,0.003816936025410781,False,False,False,False,100000,False,True,False,4.567568814985424,0.00869920588193922,9.922760005914212,0.03740884727323445,True,Cruise
1,19,1675392443.5594652,49.766954476526124,0.0031072736463183597,False,False,False,False,100000,False,True,False,4.488344364984361,0.008609359089849012,9.921067868992239,0.04186240740852474,True,Cruise
1,20,1675392443.659477,49.766954476526124,0.0031072736463183597,False,False,False,False,100000,False,True,False,4.395618658470389,0.007220391732202374,9.910999342323311,0.0495687586617174,True,Cruise
1,21,1675392443.759449,49.766954476526124,0.0031072736463183597,False,False,False,False,100000,False,True,False,4.297235359455975,0.006229131090616271,9.893856536501488,0.05031843837621245,True,Cruise
1,22,1675392443.8594687,49.74010990940737,0.003465201207901705,False,False,False,False,100000,False,True,False,4.200130388016627,0.006716975051906319,9.871290120084291,0.04795369733319718,True,Cruise
1,23,1675392443.9595754,49.74010990940737,0.003465201207901705,False,False,False,False,100000,False,True,False,4.1100303167062835,0.0056427618208852795,9.845156130042861,0.043308606806838575,True,Cruise
1,24,1675392444.0595233,49.74010990940737,0.003465201207901705,False,False,False,False,100000,False,True,False,3.99711763595547,0.00773990202945383,9.803446987751101,0.043308606806838575,True,Cruise
1,25,1675392444.159525,49.80834561394789,0.002555391814028104,False,False,False,False,100000,False,True,False,3.9404404702904117,0.00736542050060294,9.776596987131066,0.033262803592176954,True,Cruise
1,26,1675392444.2594748,49.80834561394789,0.002555391814028104,False,False,False,False,100000,False,True,False,3.918147191988078,0.007321127750427581,9.764057163530056,0.021836736218949424,True,Cruise
1,27,1675392444.3594408,49.80834561394789,0.002555391814028104,False,False,False,False,100000,False,True,False,3.8857045522462275,0.0051477246125492745,9.741559360757854,0.01427076917198624,True,Cruise
1,28,1675392444.4595351,49.82456683398487,0.002339108880201745,False,False,False,False,100000,False,True,False,3.8687499132850562,0.0034067925453428387,9.723334811343914,0.010796610630470941,True,Cruise
1,29,1675392444.559491,49.82456683398487,0.002339108880201745,False,False,False,False,100000,False,True,False,3.8657600889631607,0.004789738198373507,9.710048016120002,0.010796610630470941,True,Cruise
1,30,1675392444.659457,49.82456683398487,0.002339108880201745,False,False,False,False,100000,False,True,False,3.8827890029198078,0.0032373501994499517,9.699897017563961,0.008400562557832104,True,Cruise
1,31,1675392444.759459,49.82456683398487,0.002339108880201745,False,False,False,False,100000,False,True,False,3.8929545918903097,0.0032773622542936263,9.699064237591438,0.008400562557832104,True,Cruise
1,32,1675392444.8594644,49.772563405544474,0.003032487926073695,False,False,False,False,100000,False,True,False,3.91805018145393,0.0034249395283565557,9.700907058239302,0.013315171533647937,True,Cruise
1,33,1675392444.95948,49.772563405544474,0.003032487926073695,False,False,False,False,100000,False,True,False,3.9323277030576564,0.0015231558014457958,9.703420788983504,0.014621328487629235,True,Cruise
1,34,1675392445.0594761,49.772563405544474,0.003032487926073695,False,False,False,False,100000,False,True,False,3.962777428001032,0.0074752644950840785,9.71113885981852,0.016395519419480618,True,Cruise
1,35,1675392445.1594653,49.73390401966514,0.003547946404464748,False,False,False,False,100000,False,True,False,3.9939161572982464,0.00807626553051187,9.721681213785855,0.016353881341125323,True,Cruise
1,36,1675392445.2594788,49.73390401966514,0.003547946404464748,False,False,False,False,100000,False,True,False,4.023784573675555,0.007141459905486656,9.734079104515603,0.016030055925873397,True,Cruise
1,37,1675392445.3594563,49.73390401966514,0.003547946404464748,False,False,False,False,100000,False,True,False,4.050802618288928,0.012557189788752466,9.74736087125936,0.015828255504191403,True,Cruise
1,38,1675392445.459489,49.74435942235049,0.0034085410353267534,False,False,False,False,100000,False,True,False,4.062882468422961,0.01334008746315812,9.754042156601493,0.02448913412057503,True,Cruise
1,39,1675392445.5595057,49.74435942235049,0.0034085410353267534,False,False,False,False,100000,False,True,False,4.092247958666968,0.015011277686347715,9.773016577626608,0.01053385147362156,True,Cruise
1,40,1675392445.6594806,49.74435942235049,0.0034085410353267534,False,False,False,False,100000,False,True,False,4.1104360723180475,0.015054129992430188,9.788668657951254,0.006757252218169783,True,Cruise
1,41,1675392445.7595034,49.74435942235049,0.0034085410353267534,False,False,False,False,100000,False,True,False,4.116433149949694,0.01567491877065313,9.796491799532903,0.005531546249928471,True,Cruise
1,42,1675392445.8594697,49.69452402164006,0.004073013044799135,False,False,False,False,100000,False,True,False,4.117733722604537,0.01584423759254087,9.799523861341239,0.00330356729968347,True,Cruise
1,43,1675392445.9594977,49.69452402164006,0.004073013044799135,False,False,False,False,100000,False,True,False,4.115723767724465,0.01828717666253404,9.805016317248555,0.006338370596094236,True,Cruise
1,44,1675392446.0594537,49.69452402164006,0.004073013044799135,False,False,False,False,100000,False,True,False,4.113382069019285,0.02021138871839404,9.805679016897836,0.006338370596094236,True,Cruise
1,45,1675392446.1594706,49.74396530647491,0.0034137959136678053,False,False,False,False,100000,False,True,False,4.106809708214768,0.02054600188488348,9.805398813842483,0.004517710032027658,True,Cruise
1,46,1675392446.2595837,49.74396530647491,0.0034137959136678053,False,False,False,False,100000,False,True,False,4.093756320915939,0.01644705235499665,9.80155882881683,0.005249856552127841,True,Cruise
1,47,1675392446.359502,49.74396530647491,0.0034137959136678053,False,False,False,False,100000,False,True,False,4.083991502396379,0.01662944744039676,9.797288284979297,0.005249856552127841,True,Cruise
1,48,1675392446.4594917,49.72874519610015,0.003616730718664643,False,False,False,False,100000,False,True,False,4.074175747963195,0.01702252760671085,9.792145999359388,0.005550922299462454,True,Cruise
1,49,1675392446.5594578,49.72874519610015,0.003616730718664643,False,False,False,False,100000,False,True,False,4.074175747963195,0.01702252760671085,9.792145999359388,0.005523149257077775,True,Cruise
1,50,1675392446.659449,49.72874519610015,0.003616730718664643,False,False,False,False,100000,False,True,False,4.0605859561656015,0.01818907620472911,9.783723803611412,0.005179085742513451,True,Cruise
1,51,1675392446.7594862,49.90429782158794,0.0012760290454941323,False,False,False,False,100000,False,True,False,4.0529077705122525,0.018271663365884875,9.778199083028154,0.004573687424391826,True,Cruise
1,52,1675392446.8595598,49.90429782158794,0.0012760290454941323,False,False,False,False,100000,False,True,False,4.046659981685853,0.025216146599065348,9.773126463732462,0.010629777942847212,True,Cruise
1,53,1675392446.9594874,49.90429782158794,0.0012760290454941323,False,False,False,False,100000,False,True,False,4.04420008078872,0.009282281079288614,9.770831774782025,0.008300470246122155,True,Cruise
1,54,1675392447.0594826,49.81874434529624,0.0024167420627167844,False,False,False,False,100000,False,True,False,4.0390107275639995,3.624671198636036e-05,9.765246009246548,0.0017197154561826818,True,Cruise
1,55,1675392447.159499,49.81874434529624,0.0024167420627167844,False,False,False,False,100000,False,True,False,4.037367580093902,-0.003388051621391057,9.762724119957108,0.003852663717022112,True,Cruise
1,56,1675392447.2595453,49.81874434529624,0.0024167420627167844,False,False,False,False,100000,False,True,False,4.037036469436106,0.003938110607724588,9.761839870364073,0.007386757381815808,True,Cruise
1,57,1675392447.359514,49.76397255415203,0.0031470326113062774,False,False,False,False,100000,False,True,False,4.037036469436106,0.003938110607724588,9.761839870364073,0.0008311957069774763,True,Cruise
1,58,1675392447.4594803,49.76397255415203,0.0031470326113062774,False,False,False,False,100000,False,True,False,4.0397722717645825,0.005285494748905846,9.760894206204448,0.001957738938984513,True,Cruise
1,59,1675392447.5594676,49.76397255415203,0.0031470326113062774,False,False,False,False,100000,False,True,False,4.0422653165293845,0.01548279526487281,9.76189654374561,0.0026251248476798473,True,Cruise
1,60,1675392447.6595116,49.82514472053266,0.0023314037262312038,False,False,False,False,100000,False,True,False,4.04521382588113,0.019003325524908507,9.763460454041113,0.002255553571072764,True,Cruise
1,61,1675392447.7594652,49.82514472053266,0.0023314037262312038,False,False,False,False,100000,False,True,False,4.04521382588113,0.019003325524908507,9.763460454041113,0.006450432447459849,True,Cruise
1,62,1675392447.8594668,49.82514472053266,0.0023314037262312038,False,False,False,False,100000,False,True,False,4.049992419567298,0.019768974279088223,9.766482644602796,0.0049058213197306615,True,Cruise
1,63,1675392447.959477,49.82514472053266,0.0023314037262312038,False,False,False,False,100000,False,True,False,4.053100376111418,0.018538514245268423,9.768703444995035,0.002575126982708765,True,Cruise
1,64,1675392448.0595424,49.16924039561866,-0.011076794725084568,False,False,False,False,100000,False,True,False,4.055916467602955,0.020413055856701535,9.770910753692545,0.0017016603301561648,True,Cruise
1,65,1675392448.1596093,49.16924039561866,-0.011076794725084568,False,False,False,False,100000,False,True,False,4.058375205286617,0.05934802554338037,9.772969187766327,0.03854850397394233,True,Cruise
1,66,1675392448.2595134,49.16924039561866,-0.011076794725084568,False,False,False,False,100000,False,True,False,4.060677233816074,-0.09979698962203881,9.774752387502813,0.03854850397394233,True,Cruise
1,67,1675392448.3595195,49.77039823386299,0.0030613568818268475,False,False,False,False,100000,False,True,False,4.061863386070958,-0.12382102427423022,9.776907585290177,0.003818089543097274,True,Cruise
1,68,1675392448.4595082,49.79565327311446,0.0027246230251405236,False,False,False,False,100000,False,True,False,4.062028243233645,-0.17171836199097332,9.777426826196077,0.04790043579503416,True,Cruise
1,69,1675392448.559488,49.87044530026871,0.0017273959964171919,False,False,False,False,100000,False,True,False,4.062914303494696,-0.06636977096013078,9.777777771748369,0.08923368260390563,True,Cruise
1,70,1675392448.6594622,49.97998032543031,0.00026692899426251546,False,False,False,False,100000,False,True,False,4.062841328942765,-0.16559038839256598,9.778349424982489,0.18845360684203377,True,Cruise
1,71,1675392448.7595103,49.965580931087125,0.00045892091883837553,False,False,False,False,100000,False,True,False,4.062841328942765,-0.16559038839256598,9.778349424982489,0.11840212139409545,True,Cruise
1,72,1675392448.8595679,49.89882465255941,0.0013490046325411822,False,False,False,False,100000,False,True,False,4.063230022812076,-0.047188922380129686,9.778413563925183,0.11840212139409545,True,Cruise
1,73,1675392448.9595096,49.911451204106044,0.0011806506119193976,False,False,False,False,100000,False,True,False,4.062623128569418,-0.029943865883469107,9.778129801292502,0.004514654343530116,True,Cruise
1,74,1675392449.0595915,49.92683445251217,0.0009755406331711018,False,False,False,False,100000,False,True,False,4.061691653450055,-0.008506658259849862,9.777618428628909,0.01895668294117131,True,Cruise
1,75,1675392449.1594768,49.92683445251217,0.0009755406331711018,False,False,False,False,100000,False,True,False,4.060631755045765,0.009157734630411946,9.776934698509333,0.014193074571472106,True,Cruise
1,76,1675392449.2594826,49.96985061061224,0.0004019918585035291,False,False,False,False,100000,False,True,False,4.059550547278749,0.027583871244188204,9.776141717363473,0.018474856964065835,True,Cruise
1,77,1675392449.359473,49.97944856395652,0.00027401914724650754,False,False,False,False,100000,False,True,False,4.058487329513499,0.03661551853723595,9.775305620321507,0.0009531887469786224,True,Cruise
1,78,1675392449.459525,49.97944856395652,0.00027401914724650754,False,False,False,False,100000,False,True,False,4.057040300701956,0.04209061122302532,9.774091535361045,0.0019995619747705346,True,Cruise
1,79,1675392449.55946,49.92952330480806,0.0009396892692259474,False,False,False,False,100000,False,True,False,4.056616270865329,0.04145077040587804,9.773720894468607,0.0008523920722208643,True,Cruise
1,80,1675392449.6594887,49.95850463796355,0.0005532714938193239,False,False,False,False,100000,False,True,False,4.056227516572172,0.038200997443572304,9.773374978358731,0.003291171852403421,True,Cruise
1,81,1675392449.7594798,49.95850463796355,0.0005532714938193239,False,False,False,False,100000,False,True,False,4.055565257418219,0.04271860851413665,9.772770891627163,0.0020255729154054184,True,Cruise
1,82,1675392449.859591,49.96432704224884,0.00047563943668214685,False,False,False,False,100000,False,True,False,4.05473590823301,0.026989741618729884,9.771970890508364,0.005116121022012258,True,Cruise
1,83,1675392449.9595,49.97239994962353,0.0003680006716862947,False,False,False,False,100000,False,True,False,4.054633723380821,0.023405986106350068,9.771859652354552,0.0035869373068668203,True,Cruise
1,84,1675392450.0594513,49.97239994962353,0.0003680006716862947,False,False,False,False,100000,False,True,False,4.054545253795247,0.01717819424269454,9.771739357585266,0.003485554798086949,True,Cruise
1,85,1675392450.1594913,49.983907801343115,0.00021456264875850984,False,False,False,False,100000,False,True,False,4.054665663596593,0.008035694924871222,9.771787730973152,0.009143420163227512,True,Cruise
1,86,1675392450.2595696,49.983907801343115,0.00021456264875850984,False,False,False,False,100000,False,True,False,4.054665663596593,0.008035694924871222,9.771787730973152,0.0023849994449665624,True,Cruise
1,87,1675392450.359509,49.94627223828027,0.0007163701562630663,False,False,False,False,100000,False,True,False,4.054880511473592,0.0021442496105087833,9.771944240978156,0.0025171544774356186,True,Cruise
1,88,1675392450.459502,49.94045363595363,0.0007939515206182381,False,False,False,False,100000,False,True,False,4.055331248890708,-0.0001010728943576518,9.77230840703792,0.003344614180391487,True,Cruise
1,89,1675392450.5595126,49.94045363595363,0.0007939515206182381,False,False,False,False,100000,False,True,False,4.055501473179224,0.0014876174953961136,9.772452164533057,0.0016042380372952097,True,Cruise
1,90,1675392450.6594636,49.968764056460515,0.00041647924719317823,False,False,False,False,100000,False,True,False,4.055857170886485,0.002722718533943839,9.772755152282377,0.001320529064659426,True,Cruise
1,91,1675392450.7594702,49.95692194732487,0.0005743740356683794,False,False,False,False,100000,False,True,False,4.05621872239021,0.0012177512334878259,9.77306051517965,0.002865304849908311,True,Cruise
1,92,1675392450.859557,49.95692194732487,0.0005743740356683794,False,False,False,False,100000,False,True,False,4.056717102261355,0.0016291795657892567,9.773484818053582,0.0010826229153268173,True,Cruise
1,93,1675392450.9595902,49.9763243133214,0.00031567582238127925,False,False,False,False,100000,False,True,False,4.056861902097511,0.0022516341255744772,9.773610117730794,0.002367209221475713,True,Cruise
1,94,1675392451.0594811,49.9763243133214,0.00031567582238127925,False,False,False,False,100000,False,True,False,4.056992770745126,0.004612422551429833,9.77372514339601,0.002367209221475713,True,Cruise
1,95,1675392451.1595826,49.9763243133214,0.00031567582238127925,False,False,False,False,100000,False,True,False,4.056992770745126,0.004612422551429833,9.77372514339601,0.0008708432913925196,True,Cruise
1,96,1675392451.2594478,49.911579731373294,0.0011789369150227301,False,False,False,False,100000,False,True,False,4.057309927531952,0.0045749557004716255,9.773998163871164,0.0024007653270945,True,Cruise
1,97,1675392451.3595707,49.97627909914261,0.0003162786780985476,False,False,False,False,100000,False,True,False,4.057479460019531,0.01608383237690649,9.77415773941811,0.005372125675893389,True,Cruise
1,98,1675392451.459516,49.97627909914261,0.0003162786780985476,False,False,False,False,100000,False,True,False,4.057479460019531,0.01608383237690649,9.77415773941811,0.0044148525966679645,True,Cruise
1,99,1675392451.5595984,49.9672231860705,0.0004370241857267303,False,False,False,False,100000,False,True,False,4.057549415409262,0.00869004570738934,9.774203447039573,0.004351578989651211,True,Cruise
1,100,1675392451.6596358,49.998340098032585,2.2132026232225767e-05,False,False,False,False,100000,False,True,False,4.057504843971772,0.00991213293124999,9.774156950245304,0.001223783374474692,True,Cruise
1,101,1675392451.7595396,49.998340098032585,2.2132026232225767e-05,False,False,False,False,100000,False,True,False,4.057467933990763,0.01197143083661848,9.774125250396443,0.0020598725907616223,True,Cruise
1,102,1675392451.859577,49.874707584397505,0.0016705655413666216,False,False,False,False,100000,False,True,False,4.05737983076523,0.004989729096610455,9.774042796992397,0.0014091474383408158,True,Cruise
1,103,1675392451.9595416,49.99051253699522,0.0001264995067304154,False,False,False,False,100000,False,True,False,4.057189719124248,0.017802794306165954,9.77389166810108,0.01979016330449171,True,Cruise
1,104,1675392452.059518,49.99051253699522,0.0001264995067304154,False,False,False,False,100000,False,True,False,4.057189719124248,0.017802794306165954,9.77389166810108,0.01979016330449171,True,Cruise
1,105,1675392452.1595464,49.9952691946162,6.307740511735083e-05,False,False,False,False,100000,False,True,False,4.057189719124248,0.017802794306165954,9.77389166810108,0.01979016330449171,True,Cruise
1,106,1675392452.259548,49.9952691946162,6.307740511735083e-05,False,False,False,False,100000,False,True,False,4.056949437863243,0.001491020176224018,9.773673160610777,0.0004890670015083513,True,Cruise
1,107,1675392452.3595495,49.99661309260633,4.5158765248942586e-05,False,False,False,False,100000,False,True,False,4.056832787883652,0.0006533875787573274,9.773574096270604,0.000573799707261917,True,Cruise
1,108,1675392452.4596171,49.99661309260633,4.5158765248942586e-05,False,False,False,False,100000,False,True,False,4.056778490627764,0.00021938739422924629,9.773529269002276,0.00043967469355544585,True,Cruise
1,109,1675392452.5595317,49.98081223386117,-0.0002558368818510669,False,False,False,False,100000,False,True,False,4.056681817552325,-0.0006574771068180082,9.77345111724152,0.00043770772393778007,True,Cruise
1,110,1675392452.659553,49.98081223386117,-0.0002558368818510669,False,False,False,False,100000,False,True,False,4.056681817552325,-0.0006574771068180082,9.77345111724152,0.0029669958769065626,True,Cruise
1,111,1675392452.7595336,49.933062021871415,-0.0008925063750477944,False,False,False,False,100000,False,True,False,4.05657536473071,-0.005837518950555541,9.773366236241976,0.0009542175398824365,True,Cruise
1,112,1675392452.8595424,49.9676065279296,-0.0004319129609387309,False,False,False,False,100000,False,True,False,4.056529453511681,-0.011771036280202471,9.773332573396488,0.0057598400024262844,True,Cruise
1,113,1675392452.9595287,49.94274210725742,-0.0007634385699009863,False,False,False,False,100000,False,True,False,4.056495224955494,-0.01261466873311678,9.77331476962214,0.002917509447540916,True,Cruise
1,114,1675392453.0595384,49.94274210725742,-0.0007634385699009863,False,False,False,False,100000,False,True,False,4.0564938627828715,-0.01165635318285997,9.773316573303054,0.0009583182157525283,True,Cruise
1,115,1675392453.159456,49.971756063254865,-0.0003765858232685263,False,False,False,False,100000,False,True,False,4.0564938627828715,-0.01165635318285997,9.773316573303054,0.008784816756269114,True,Cruise
1,116,1675392453.2595522,49.94298206551438,-0.0007602391264749322,False,False,False,False,100000,False,True,False,4.056509145571055,-0.020441121965707028,9.773341257498965,0.0015220058431919033,True,Cruise
1,117,1675392453.3595333,49.94298206551438,-0.0007602391264749322,False,False,False,False,100000,False,True,False,4.056558693711557,-0.01892495486289204,9.773386075127567,0.0036873485092301793,True,Cruise
1,118,1675392453.4596174,49.95901060310569,-0.0005465252919241725,False,False,False,False,100000,False,True,False,4.056600035143743,-0.019061384236736714,9.773422793316058,0.003466034695434655,True,Cruise
1,119,1675392453.5596075,49.95901060310569,-0.0005465252919241725,False,False,False,False,100000,False,True,False,4.056619817479062,-0.022122623214484598,9.77344218665424,0.0030613643235066637,True,Cruise
1,120,1675392453.6597805,49.95462024523131,-0.0006050633969158518,False,False,False,False,100000,False,True,False,4.056712391726526,-0.01713503432604036,9.773517185956273,0.0007279243006683066,True,Cruise
1,121,1675392453.7595336,49.92891541018843,-0.0009477945308209456,False,False,False,False,100000,False,True,False,4.056732972695572,-0.017299647916105828,9.77353436166739,0.00016678193959043192,True,Cruise
1,122,1675392453.8595192,49.92891541018843,-0.0009477945308209456,False,False,False,False,100000,False,True,False,4.056771013937564,-0.016835932007954073,9.773565151909624,0.00038334011265415215,True,Cruise
1,123,1675392453.9596684,49.87330437039219,-0.0016892750614374752,False,False,False,False,100000,False,True,False,4.056803721738609,-0.014925212568609125,9.77359032049589,0.001433017189482224,True,Cruise
1,124,1675392454.0596757,49.93463412524784,-0.0008715449966954963,False,False,False,False,100000,False,True,False,4.0568084420641695,-0.02638564738777975,9.773611242354185,0.011460454888445153,True,Cruise
1,125,1675392454.159528,49.88203210349898,-0.0015729052866802601,False,False,False,False,100000,False,True,False,4.0568068767700955,-0.037822538910766874,9.773628387887827,0.003478858017246007,True,Cruise
1,126,1675392454.2594812,49.88203210349898,-0.0015729052866802601,False,False,False,False,100000,False,True,False,4.056829976876331,-0.028257966806795872,9.773628380646485,0.003963470088521444,True,Cruise
1,127,1675392454.3594723,49.83056368216181,-0.0022591509045091656,False,False,False,False,100000,False,True,False,4.056826751809422,-0.0376274577591212,9.773628898059487,0.005406021954638418,True,Cruise
1,128,1675392454.4594727,49.83056368216181,-0.0022591509045091656,False,False,False,False,100000,False,True,False,4.056822798908833,-0.04103534373292311,9.773627096645512,0.0034078887424549517,True,Cruise
1,129,1675392454.5594964,49.9968483377835,-4.202216288670281e-05,False,False,False,False,100000,False,True,False,4.056786075482236,-0.051811121682416576,9.77361714007033,0.010775845125104568,True,Cruise
1,130,1675392454.659541,49.96278615614816,-0.0004961845846912271,False,False,False,False,100000,False,True,False,4.0567642377333355,-0.06438503675985288,9.773612287957317,0.01257393497696158,True,Cruise
1,131,1675392454.7594733,49.96278615614816,-0.0004961845846912271,False,False,False,False,100000,False,True,False,4.056868626973155,-0.026332575354505318,9.773589191097217,0.0009941042093466368,True,Cruise
1,132,1675392454.8594716,49.980577505203584,-0.0002589665972855586,False,False,False,False,100000,False,True,False,4.056862137595197,-0.029951109670594514,9.77357681211517,0.002624480957260253,True,Cruise
1,133,1675392454.9596305,49.980577505203584,-0.0002589665972855586,False,False,False,False,100000,False,True,False,4.05684761036939,-0.03081668938907306,9.773571394606005,0.0008657185678594417,True,Cruise
1,134,1675392455.0595493,49.78606340323286,0.0028524879568952166,False,False,False,False,100000,False,True,False,4.05684761036939,-0.03081668938907306,9.773571394606005,0.005004216659954179,True,Cruise
1,135,1675392455.159531,49.78606340323286,0.0028524879568952166,False,False,False,False,100000,False,True,False,4.056819401867305,-0.02581258084439674,9.773554473221,0.03480170382250715,True,Cruise
1,136,1675392455.2595212,49.93126487281073,-0.0009164683625235879,False,False,False,False,100000,False,True,False,4.056817633651185,0.060299896756939454,9.77353707134597,0.023514587077840626,True,Cruise
1,137,1675392455.3594375,49.94251800530111,-0.0007664265959851774,False,False,False,False,100000,False,True,False,4.056787075663149,0.001260102076088419,9.773533883844541,0.022152023656589675,True,Cruise
1,138,1675392455.4595053,49.94251800530111,-0.0007664265959851774,False,False,False,False,100000,False,True,False,4.056770951229018,-0.001452046498989994,9.773532433268574,0.002712196894557347,True,Cruise
1,139,1675392455.5597227,49.94251800530111,-0.0007664265959851774,False,False,False,False,100000,False,True,False,4.05675215399912,0.009468368582520557,9.77352902295771,0.010920431791763326,True,Cruise
1,140,1675392455.6597586,49.87473964913911,-0.0016701380114785207,False,False,False,False,100000,False,True,False,4.05675215399912,0.009468368582520557,9.77352902295771,0.0011493325777736942,True,Cruise
1,141,1675392455.7595668,49.93729872185185,-0.0008360170419752888,False,False,False,False,100000,False,True,False,4.056726397954843,-0.007440722789711772,9.773526245367778,0.015138641734332905,True,Cruise
1,142,1675392455.8595257,49.99888401719342,-1.4879770754435025e-05,False,False,False,False,100000,False,True,False,4.056712560112628,-0.021539187708613107,9.773526772147092,0.014098471719759743,True,Cruise
1,143,1675392455.95956,49.99888401719342,-1.4879770754435025e-05,False,False,False,False,100000,False,True,False,4.056726083256571,-0.01997697839375661,9.773525330557693,0.001285369459654721,True,Cruise
1,144,1675392456.059507,49.95584424030322,-0.0005887434626236923,False,False,False,False,100000,False,True,False,4.056726083256571,-0.01997697839375661,9.773525330557693,0.001285369459654721,True,Cruise
1,145,1675392456.159526,49.95584424030322,-0.0005887434626236923,False,False,False,False,100000,False,True,False,4.05675721577251,-0.011278482748649067,9.773524744084167,0.0021000112155931893,True,Cruise
1,146,1675392456.2595553,49.95584424030322,-0.0005887434626236923,False,False,False,False,100000,False,True,False,4.147339869128541,0.19466753608133597,9.774485161177683,0.22691066557247347,True,Cruise
1,147,1675392456.3596814,49.99095396710601,0.00012061377191983902,False,False,False,False,100000,False,True,False,4.114886954185202,0.0559143839092844,9.776954583177421,0.058490579004273534,True,Cruise
1,148,1675392456.4596045,49.93247938928603,-0.000900274809519661,False,False,False,False,100000,False,True,False,4.120103094739553,0.059935474921788676,9.779402625937607,0.04146375465892475,True,Cruise
1,149,1675392456.5596983,49.93247938928603,-0.000900274809519661,False,False,False,False,100000,False,True,False,4.09953433406355,0.023939249698826295,9.780066556932955,0.04146375465892475,True,Cruise
1,150,1675392456.6598446,49.93247938928603,-0.000900274809519661,False,False,False,False,100000,False,True,False,4.076445193388024,-0.06989420818104089,9.778414475096124,0.0187633511854549,True,Cruise
1,151,1675392456.759561,49.924720348837766,-0.0010037286821630896,False,False,False,False,100000,False,True,False,4.077810974446655,-0.10133527023074879,9.775883899863206,0.00914353236974604,True,Cruise
1,152,1675392456.859581,49.924720348837766,-0.0010037286821630896,False,False,False,False,100000,False,True,False,4.082100744587852,-0.11761497302701222,9.773402241101808,0.007880408262406538,True,Cruise
1,153,1675392456.9648669,49.924720348837766,-0.0010037286821630896,False,False,False,False,100000,False,True,False,4.083245194912779,-0.12352879834997108,9.77157371541539,0.0016450171547035444,True,Cruise
1,154,1675392457.0634046,49.969783272560214,-0.00040288969919710936,False,False,False,False,100000,False,True,False,4.083245194912779,-0.12352879834997108,9.77157371541539,0.008098542335717936,True,Cruise
1,155,1675392457.1614273,49.975075247769595,-0.0003323300297386906,False,False,False,False,100000,False,True,False,4.078202492254356,-0.10370608577730817,9.769617784626902,0.012753177644455313,True,Cruise
1,156,1675392457.2623234,49.6511365502766,-0.004651512662978673,False,False,False,False,100000,False,True,False,4.0761943661150175,-0.09207331159479944,9.769389277222565,0.011807041179168108,True,Cruise
1,157,1675392457.3609939,49.6511365502766,-0.004651512662978673,False,False,False,False,100000,False,True,False,4.067082771065942,-0.11494674954120482,9.769618498117676,0.04400771048353711,True,Cruise
1,158,1675392457.4620326,49.950472693067,-0.0006603640924399781,False,False,False,False,100000,False,True,False,4.067082771065942,-0.11494674954120482,9.769618498117676,0.04400771048353711,True,Cruise
1,159,1675392457.5616643,49.950472693067,-0.0006603640924399781,False,False,False,False,100000,False,True,False,4.067082771065942,-0.11494674954120482,9.769618498117676,0.026431884022061865,True,Cruise
1,160,1675392457.6599908,49.950472693067,-0.0006603640924399781,False,False,False,False,100000,False,True,False,4.079410185294904,-0.1537953552821248,9.768088210629182,0.017194666269559285,True,Cruise
1,161,1675392457.7595022,49.94283782761498,0.0007621622984668997,False,False,False,False,100000,False,True,False,4.069265061965536,-0.06342528703709045,9.769038041435815,0.0909427014143602,True,Cruise
1,162,1675392457.8594732,49.94283782761498,0.0007621622984668997,False,False,False,False,100000,False,True,False,4.069265061965536,-0.06342528703709045,9.769038041435815,0.4425321024015694,True,Cruise
1,163,1675392457.9594812,49.987915066030034,0.00016113245293292888,False,False,False,False,100000,False,True,False,4.095253314021953,0.3762752018860784,9.811731746495596,0.4425321024015694,True,Cruise
1,164,1675392458.0594537,49.987915066030034,0.00016113245293292888,False,False,False,False,100000,False,True,False,4.091362509340458,0.21172854788710804,9.804255247065493,0.06482337066640359,True,Cruise
1,165,1675392458.1595473,49.9801144867602,-0.000265140176530672,False,False,False,False,100000,False,True,False,4.0727341697820885,0.07642571369656936,9.796788941438225,0.0720679180002046,True,Cruise
1,166,1675392458.259658,49.9801144867602,-0.000265140176530672,False,False,False,False,100000,False,True,False,4.06382601387146,0.013593561754601595,9.792973487617436,0.06357509140571609,True,Cruise
1,167,1675392458.3595862,49.97801728860704,-0.0002931028185727896,False,False,False,False,100000,False,True,False,3.9082399335967066,0.003295746548650776,9.773551538447464,0.1740724326195757,True,Cruise
1,168,1675392458.4595332,49.990067541979286,-0.0001324327736095482,False,False,False,False,100000,False,True,False,3.9473861428085035,-0.02609302107413809,9.767137499588348,0.04936866670800731,True,Cruise
1,169,1675392458.5596077,49.990067541979286,-0.0001324327736095482,False,False,False,False,100000,False,True,False,4.011450599029415,-0.07559783535559535,9.757315838012797,0.02557471855875273,True,Cruise
1,170,1675392458.6595025,49.990041001802474,0.00013278664263369333,False,False,False,False,100000,False,True,False,4.029716009829112,-0.11513770716639897,9.753702208408097,0.018862294034878005,True,Cruise
1,171,1675392458.7596004,49.990041001802474,0.00013278664263369333,False,False,False,False,100000,False,True,False,4.029716009829112,-0.11513770716639897,9.753702208408097,0.018862294034878005,True,Cruise
1,172,1675392458.8595703,49.930047402498836,-0.000932701300015535,False,False,False,False,100000,False,True,False,4.029716009829112,-0.11513770716639897,9.753702208408097,0.028384762973757468,True,Cruise
1,173,1675392458.9595122,49.9874502061079,-0.00016733058522799084,False,False,False,False,100000,False,True,False,4.012472726848904,-0.13893452594897246,9.755516095724602,0.007018671371378787,True,Cruise
1,174,1675392459.0594773,49.9874502061079,-0.00016733058522799084,False,False,False,False,100000,False,True,False,4.008492382996597,-0.14505722699238646,9.75832813133863,0.0038966425435058728,True,Cruise
1,175,1675392459.1738544,49.96817132020075,-0.00042438239732332317,False,False,False,False,100000,False,True,False,4.008492382996597,-0.14505722699238646,9.75832813133863,0.01683397458595707,True,Cruise
1,176,1675392459.259479,49.92152165066943,0.001046377991074211,False,False,False,False,100000,False,True,False,4.012000361844787,-0.11130460594942379,9.760326437540282,0.017168545414000824,True,Cruise
1,177,1675392459.359554,49.92152165066943,0.001046377991074211,False,False,False,False,100000,False,True,False,4.014782150027207,-0.017895091234915828,9.751981893360465,0.06903019647141005,True,Cruise
1,178,1675392459.4594703,49.99282512578251,-9.566498956654754e-05,False,False,False,False,100000,False,True,False,4.014782150027207,-0.017895091234915828,9.751981893360465,0.0067986371793624135,True,Cruise
1,179,1675392459.559492,49.99282512578251,-9.566498956654754e-05,False,False,False,False,100000,False,True,False,4.019172274794315,-0.013440057861937986,9.754646654076081,0.06846465882628214,True,Cruise
1,180,1675392459.6594706,49.9002290016679,-0.0013302799777613536,False,False,False,False,100000,False,True,False,4.03887626450224,0.06778227832586779,9.763573564416129,0.11139669533376675,True,Cruise
1,181,1675392459.7594602,49.9002290016679,-0.0013302799777613536,False,False,False,False,100000,False,True,False,4.03887626450224,0.06778227832586779,9.763573564416129,0.21398799572558483,True,Cruise
1,182,1675392459.8594782,49.8549062018075,-0.0019345839758999966,False,False,False,False,100000,False,True,False,4.033705671269618,0.24083923080769892,9.74973973020749,0.04054413327066437,True,Cruise
1,183,1675392459.973848,49.97530958291629,0.00032920556111618125,False,False,False,False,100000,False,True,False,4.03962515494601,0.202710821008259,9.755112707669154,0.03287990456606896,True,Cruise
1,184,1675392460.059492,49.97530958291629,0.00032920556111618125,False,False,False,False,100000,False,True,False,4.051591628730861,0.12253850628081607,9.765350764722223,0.04889721833003439,True,Cruise
1,185,1675392460.159459,49.95700390243959,-0.0005732813008054968,False,False,False,False,100000,False,True,False,4.062511801829054,0.09791380654384174,9.774559235420755,0.017371791348738917,True,Cruise
1,186,1675392460.25954,49.95700390243959,-0.0005732813008054968,False,False,False,False,100000,False,True,False,4.067227316126822,0.06973121268420902,9.778669172241145,0.028868430030347447,True,Cruise
1,187,1675392460.3596158,49.91489900389545,-0.0011346799480607328,False,False,False,False,100000,False,True,False,4.080446008613068,-0.0457872929494157,9.791030338802964,0.09094134223837735,True,Cruise
1,188,1675392460.4595048,49.94037178548993,-0.0007950428601342682,False,False,False,False,100000,False,True,False,4.082367418112548,-0.060102553742027415,9.79301197957442,0.014578937072786726,True,Cruise
1,189,1675392460.5595102,49.94037178548993,-0.0007950428601342682,False,False,False,False,100000,False,True,False,4.083759725970311,-0.079857189958265,9.794542952678615,0.01986273022150894,True,Cruise
1,190,1675392460.659585,49.9674024644667,0.00043463380711071433,False,False,False,False,100000,False,True,False,4.085051430217111,-0.10135331336688369,9.796559507536873,0.007842663840596608,True,Cruise
1,191,1675392460.773799,49.9674024644667,0.00043463380711071433,False,False,False,False,100000,False,True,False,4.085051430217111,-0.10135331336688369,9.796559507536873,0.007842663840596608,True,Cruise
1,192,1675392460.8595014,49.986922430814076,0.000174367589145632,False,False,False,False,100000,False,True,False,4.085051430217111,-0.10135331336688369,9.796559507536873,0.007842663840596608,True,Cruise
1,193,1675392460.9596367,49.986922430814076,0.000174367589145632,False,False,False,False,100000,False,True,False,4.081219224794614,-0.06774206806314084,9.794150231069993,0.028978467136054335,True,Cruise
1,194,1675392461.0595336,49.97103527124154,0.00038619638344619233,False,False,False,False,100000,False,True,False,4.0776118692107906,-0.05944984138479027,9.791355731180822,0.005088799843130518,True,Cruise
1,195,1675392461.1595764,49.97103527124154,0.00038619638344619233,False,False,False,False,100000,False,True,False,3.0033058467504654,-0.03626322556075178,9.8904190733028,0.9862198926491618,True,Cruise
1,196,1675392461.2595048,49.93024704672539,0.0009300393769947927,False,False,False,False,100000,False,True,False,2.0041481339006797,-0.027204905264251115,9.969521568981346,1.002324993770176,True,Cruise
1,197,1675392461.3595471,49.99908878709137,-1.2149505448433279e-05,False,False,False,False,100000,False,True,False,0.4542507071163697,0.009968737581388791,10.036172421008386,0.07876303735065283,True,Cruise
1,198,1675392461.459677,49.99908878709137,-1.2149505448433279e-05,False,False,False,False,100000,False,True,False,0.38016543165992384,0.019583028876915418,10.01122140066597,0.07876303735065283,True,Cruise
1,199,1675392461.5595424,49.89290613140838,-0.0014279182478882473,False,False,False,False,100000,False,True,False,0.7449458946428744,0.023896617733343464,9.91632307739544,0.08082123894429243,True,Cruise
1,200,1675392461.659527,49.89290613140838,-0.0014279182478882473,False,False,False,False,100000,False,True,False,-0.3697790348550082,0.01773492233475906,9.958061159866139,0.13902450129442684,True,Cruise
1,201,1675392461.759546,49.99117551868298,0.00011765975089358895,False,False,False,False,100000,False,True,False,-0.504929763021004,0.024337696623500018,9.926147275614028,0.13902450129442684,True,Cruise
1,202,1675392461.859496,49.901572645959675,-0.0013123647205376837,False,False,False,False,100000,False,True,False,-0.504929763021004,0.024337696623500018,9.926147275614028,0.7021501632446258,True,Cruise
1,203,1675392461.9595077,49.901572645959675,-0.0013123647205376837,False,False,False,False,100000,False,True,False,-0.605880857877831,0.006555325303481884,9.814958897120702,0.13941270429205196,True,Cruise
1,204,1675392462.0594838,49.97065123532066,0.00039131686239119215,False,False,False,False,100000,False,True,False,-0.7430447872165944,-0.0033139098115180744,9.792055692003979,0.13941270429205196,True,Cruise
1,205,1675392462.159474,49.92648811481016,-0.0009801584691978412,False,False,False,False,100000,False,True,False,-0.25154554346397767,0.005250578975230224,9.693640278196884,0.5108003935506963,True,Cruise
1,206,1675392462.2595258,49.92648811481016,-0.0009801584691978412,False,False,False,False,100000,False,True,False,-0.3299324214903335,-0.012869504705498027,9.672224511111205,0.07976302384773021,True,Cruise
1,207,1675392462.3594525,49.92648811481016,-0.0009801584691978412,False,False,False,False,100000,False,True,False,-0.3299324214903335,-0.012869504705498027,9.672224511111205,0.07976302384773021,True,Cruise
1,208,1675392462.4594963,49.91397009680037,0.001147065375995071,False,False,False,False,100000,False,True,False,-0.6507931001279991,-0.04638112424975969,9.662192705054585,0.06969738595200209,True,Cruise
1,209,1675392462.5595186,49.977306233785995,-0.00030258354952003043,False,False,False,False,100000,False,True,False,-0.14764920247112662,-0.03510062658599803,9.612314091221599,0.5174781432583846,True,Cruise
1,210,1675392462.6594567,49.96270542049799,-0.0004972610600268491,False,False,False,False,100000,False,True,False,-0.12546921331720756,-0.035614548527283886,9.63018168581078,0.029179049054453673,True,Cruise
1,211,1675392462.759538,49.96270542049799,-0.0004972610600268491,False,False,False,False,100000,False,True,False,-0.15987704937194575,-0.034271519787621094,9.644569308824773,0.037318984500627754,True,Cruise
1,212,1675392462.8595026,49.96270542049799,-0.0004972610600268491,False,False,False,False,100000,False,True,False,-0.26390078906488196,-0.03169065913137056,9.680624027089593,0.05257583681388793,True,Cruise
1,213,1675392462.9818034,49.92807569155104,-0.0009589907793194765,False,False,False,False,100000,False,True,False,-0.31885270345259203,-0.026839134984515862,9.73637287144528,0.17537442946435042,True,Cruise
1,214,1675392463.0784285,49.972336013322185,-0.00036885315570422527,False,False,False,False,100000,False,True,False,-0.1283236899773572,-0.03297318833144189,9.750492661290668,0.08115869390127467,True,Cruise
1,215,1675392463.1738813,49.92261131196562,-0.0010318491737917876,False,False,False,False,100000,False,True,False,-0.1283236899773572,-0.03297318833144189,9.750492661290668,0.4069420814619193,True,Cruise
1,216,1675392463.2697675,49.92261131196562,-0.0010318491737917876,False,False,False,False,100000,False,True,False,-0.009698919291789745,-0.03606087694852729,9.779872646170514,0.2923124973241846,True,Cruise
1,217,1675392463.369722,49.92261131196562,-0.0010318491737917876,False,False,False,False,100000,False,True,False,-0.009698919291789745,-0.03606087694852729,9.779872646170514,0.2923124973241846,True,Cruise
1,218,1675392463.462696,49.06069669546946,-0.012524044060407233,False,False,False,False,100000,False,True,False,0.10235230010778319,-0.04131529111273211,9.81457660776956,0.11741997099219662,True,Cruise
1,219,1675392463.5594776,49.06069669546946,-0.012524044060407233,False,False,False,False,100000,False,True,False,-0.8078619763554157,-0.012032420017387822,9.930098006561462,0.907518838384202,True,Cruise
1,220,1675392463.6596153,49.89644187457273,0.0013807750056969623,False,False,False,False,100000,False,True,False,-1.6955515025150463,-0.1821714597985943,10.011648324225042,0.907518838384202,True,Cruise
1,221,1675392463.7595003,49.37015687023501,-0.008397908396866553,False,False,False,False,100000,False,True,False,0.7190219066115242,-0.208316137257762,9.7652809382158,1.5424995094040022,True,Cruise
1,222,1675392463.8595655,49.37015687023501,-0.008397908396866553,False,False,False,False,100000,False,True,False,0.7190219066115242,-0.208316137257762,9.7652809382158,1.563345647835853,True,Cruise
1,223,1675392463.9596398,49.35019042873651,-0.008664127616846467,False,False,False,False,100000,False,True,False,0.7190219066115242,-0.208316137257762,9.7652809382158,2.3486243282127415,True,Cruise
1,224,1675392464.0595593,49.35019042873651,-0.008664127616846467,False,False,False,False,100000,False,True,False,-1.739723669584526,-0.44730539590050594,9.976255308541472,0.13499064543837844,True,Cruise
1,225,1675392464.1595404,49.393019201582064,-0.008093077312239107,False,False,False,False,100000,False,True,False,-1.331464584427647,-0.3816413825017687,9.921674157963718,0.4206564224244915,True,Cruise
1,226,1675392464.2596605,49.73986575083671,0.003468456655510612,False,False,False,False,100000,False,True,False,-0.3018045322833187,-0.3569584859828714,9.804695034714715,0.18069926483417115,True,Cruise
1,227,1675392464.3597026,49.73986575083671,0.003468456655510612,False,False,False,False,100000,False,True,False,0.8954261484006242,-0.42629501404945375,9.68222146669961,1.0261959125106466,True,Cruise
1,228,1675392464.4595957,49.73986575083671,0.003468456655510612,False,False,False,False,100000,False,True,False,0.8954261484006242,-0.42629501404945375,9.68222146669961,0.5555160021313319,True,Cruise
1,229,1675392464.559475,49.53516862837329,-0.0061977516216894695,False,False,False,False,100000,False,True,False,0.937461124782408,-0.3090762801145629,9.722823127328711,0.48712958045590143,True,Cruise
1,230,1675392464.6594534,49.539689314890786,-0.006137475801456252,False,False,False,False,100000,False,True,False,-0.20547514182968782,-0.3543004978342472,9.839146006341167,0.7087835011137,True,Cruise
1,231,1675392464.7594662,49.65381027249669,-0.004615863033377442,False,False,False,False,100000,False,True,False,-0.6553810639047192,-0.36667195513483686,9.866225898543817,0.3242738914901338,True,Cruise
1,232,1675392464.8597417,49.65381027249669,-0.004615863033377442,False,False,False,False,100000,False,True,False,-0.34454992179580296,-0.27918102339481005,9.836512355155595,0.3242738914901338,True,Cruise
1,233,1675392464.9595466,49.675228167487354,-0.004330291100168569,False,False,False,False,100000,False,True,False,-0.34454992179580296,-0.27918102339481005,9.836512355155595,0.3242738914901338,True,Cruise
1,234,1675392465.061867,49.675228167487354,-0.004330291100168569,False,False,False,False,100000,False,True,False,0.6910920717642011,-0.20102557734694476,9.757600161918889,0.008218834450563746,True,Cruise
1,235,1675392465.1657813,49.886944753885714,-0.0015074032815238355,False,False,False,False,100000,False,True,False,0.5343220839809291,-0.21269375799333032,9.784891233176737,0.13859755343244556,True,Cruise
1,236,1675392465.2702112,49.886944753885714,-0.0015074032815238355,False,False,False,False,100000,False,True,False,0.3969914636440254,-0.21772285600513597,9.802899306603077,0.8939147997787484,True,Cruise
1,237,1675392465.3746927,49.799566453446225,-0.002672447287383685,False,False,False,False,100000,False,True,False,1.3314322495657736,-0.1597580326746263,9.751260728585907,0.3010061484278879,True,Cruise
1,238,1675392465.4780145,49.799566453446225,-0.002672447287383685,False,False,False,False,100000,False,True,False,-0.059194036480773544,-0.19433726788716083,9.895644243168904,1.3985291524436791,True,Cruise
1,239,1675392465.581741,49.8027486398651,-0.002630018135131952,False,False,False,False,100000,False,True,False,-0.027969521684772715,-0.1828227144407104,9.89314600706089,0.11171300782218846,True,Cruise
1,240,1675392465.6594667,49.925712225972084,0.000990503653705559,False,False,False,False,100000,False,True,False,0.08222823532898393,-0.16803159561123812,9.882307498418562,0.08659274132727089,True,Cruise
1,241,1675392465.7594562,49.925712225972084,0.000990503653705559,False,False,False,False,100000,False,True,False,0.22143865968065568,-0.09185511798491915,9.866631856463405,0.08427851648776426,True,Cruise
1,242,1675392465.8594675,49.557866983327045,-0.00589510688897276,False,False,False,False,100000,False,True,False,1.016320059589864,-0.08581508531498663,9.797799519777975,0.07674339059546534,True,Cruise
1,243,1675392465.9595242,49.557866983327045,-0.00589510688897276,False,False,False,False,100000,False,True,False,1.016320059589864,-0.08581508531498663,9.797799519777975,0.07674339059546534,True,Cruise
1,244,1675392466.059585,49.9376257596517,0.0008316565379772685,False,False,False,False,100000,False,True,False,-1.673619237191845,-0.2951575905322331,10.01574370602672,0.39872359838888644,True,Cruise
1,245,1675392466.1596205,49.94661014189744,0.0007118647747008074,False,False,False,False,100000,False,True,False,-1.4205935177628786,-0.23196956759919188,9.970683406728815,1.4382115204244093,True,Cruise
1,246,1675392466.2595026,49.94661014189744,0.0007118647747008074,False,False,False,False,100000,False,True,False,1.770939228833505,0.1003616123541634,9.658844385464148,0.5028257358396433,True,Cruise
1,247,1675392466.362875,49.796429634074826,0.0027142715456689613,False,False,False,False,100000,False,True,False,1.563807398400216,0.054228942298420596,9.684638413302364,0.5028257358396433,True,Cruise
1,248,1675392466.465867,49.796429634074826,0.0027142715456689613,False,False,False,False,100000,False,True,False,1.0593376453819767,-0.04005933573982187,9.734771134316999,0.5156484275182379,True,Cruise
1,249,1675392466.5697372,49.04719769419567,0.012704030744057817,False,False,False,False,100000,False,True,False,1.0593376453819767,-0.04005933573982187,9.734771134316999,0.5156484275182379,True,Cruise
1,250,1675392466.6737685,49.60504737357756,0.005266035018965881,False,False,False,False,100000,False,True,False,-0.7338252096312045,-0.02113029980877888,9.87642155389818,0.7607014991163207,True,Cruise
1,251,1675392466.7777143,49.60504737357756,0.005266035018965881,False,False,False,False,100000,False,True,False,-2.1896514187803997,0.13047363763417943,9.987175164371408,0.7190593485978078,True,Cruise
1,252,1675392466.8819566,49.74205992538222,0.003439200994903725,False,False,False,False,100000,False,True,False,-0.2855445071185618,0.19018966025726544,9.769624358745332,0.296081759324631,True,Cruise
1,253,1675392466.959547,49.74205992538222,0.003439200994903725,False,False,False,False,100000,False,True,False,-0.2855445071185618,0.19018966025726544,9.769624358745332,0.296081759324631,True,Cruise
1,254,1675392467.0609071,49.74205992538222,0.003439200994903725,False,False,False,False,100000,False,True,False,-0.2855445071185618,0.19018966025726544,9.769624358745332,0.296081759324631,True,Cruise
1,255,1675392467.1609254,49.8154323468899,0.0024609020414679884,False,False,False,False,100000,False,True,False,0.5104817001939033,0.4916852616845986,9.718429829197518,0.2633569609953424,True,Cruise
1,256,1675392467.259472,49.95696260777206,0.0005738318963724464,False,False,False,False,100000,False,True,False,0.5972085198280372,0.42114544038069335,9.709770836795578,0.17027200183502905,True,Cruise
1,257,1675392467.3594966,49.95696260777206,0.0005738318963724464,False,False,False,False,100000,False,True,False,0.4306295448812374,0.39586700910752354,9.734367597292627,0.7871435624061593,True,Cruise
1,258,1675392467.4595244,49.37417537754383,0.008344328299415636,False,False,False,False,100000,False,True,False,1.0955198882718167,0.2855107768098363,9.6920024973889,0.1335472696591789,True,Cruise
1,259,1675392467.5595026,49.37417537754383,0.008344328299415636,False,True,False,False,100000,False,True,False,0.7852747963382521,0.25955215725435254,9.731410365675922,0.313813395318013,True,Cruise
1,260,1675392467.6594734,49.430809988960604,0.007589200147191938,False,True,False,False,100000,False,True,False,-2.438089868756099,0.3136728342089071,10.02570334458356,0.14190228134052735,True,Cruise
1,261,1675392467.7817922,49.430809988960604,0.007589200147191938,False,True,False,False,100000,False,True,False,-2.5743004753083802,0.35307646185784497,10.020200414417765,0.14190228134052735,True,Cruise
1,262,1675392467.8777,49.50632216231876,0.0065823711690831945,False,True,False,False,100000,False,True,False,-1.0785565032255342,0.21201512756904084,9.853380606591054,0.5549627318243505,True,Cruise
1,263,1675392467.9739916,48.82497151543315,0.01566704646089136,False,True,False,False,100000,False,True,False,-0.528386972580968,0.16643497989406664,9.796639339402073,0.5549627318243505,True,Cruise
1,264,1675392468.0696878,48.82497151543315,0.01566704646089136,False,True,False,False,100000,False,True,False,-1.0919478942390688,0.1793126764185035,9.847321748694581,0.89679275812952,True,Cruise
1,265,1675392468.165841,48.82497151543315,0.01566704646089136,False,True,False,False,100000,False,True,False,-1.0919478942390688,0.1793126764185035,9.847321748694581,0.89679275812952,True,Cruise
1,266,1675392468.2617674,49.59056137749495,0.005459181633400656,False,True,False,False,100000,False,True,False,-2.929696250499665,0.5919173741679833,9.960690216082133,1.886905950740859,True,Cruise
1,267,1675392468.3595135,49.40382626816951,0.007948983091073208,False,True,False,False,100000,False,True,False,-2.765647476157615,0.6789816118267941,9.922618900671726,1.7668045266421621,True,Cruise
1,268,1675392468.4597049,49.40382626816951,0.007948983091073208,False,True,False,False,100000,False,True,False,0.602139942178998,0.47346767395169426,9.587710869089639,1.1990195953803797,True,Cruise
1,269,1675392468.5595722,49.30251369129822,0.00929981744935705,False,True,False,False,100000,False,True,False,2.1726037832594924,0.6221494858223071,9.516823746735342,0.3821485589520458,True,Cruise
1,270,1675392468.6595404,49.30251369129822,0.00929981744935705,True,True,False,False,16.092260317787165,False,False,False,1.9148264679325429,0.6738526476306524,9.55941697962426,0.26633915357318205,True,Keep distance
1,271,1675392468.7596998,30.138390476680748,-0.002359602150770306,True,True,False,False,16.092260317787165,False,False,False,-1.4192212366991674,0.7940448587915077,9.905560932944601,1.1385530115836489,True,Keep distance
1,272,1675392468.8596423,30.138390476680748,0.0027320559288562746,True,True,False,False,16.092260317787165,False,False,False,-2.0327069500346853,0.7448398988717084,9.94219868158719,0.6165453537032743,True,Keep distance
1,273,1675392468.9818442,30.138390476680748,0.0027320559288562746,True,True,False,False,16.092260317787165,False,False,False,-2.0327069500346853,0.7448398988717084,9.94219868158719,0.5519378730325591,True,Keep distance
1,274,1675392469.0780296,30.138390476680748,0.0027320559288562746,True,True,False,False,16.092260317787165,False,False,False,-3.0773858811574355,0.48471390110107826,9.999996706345465,0.19101087650334303,True,Keep distance
1,275,1675392469.1747928,30.138390476680748,0.0007887452135039191,True,True,False,False,16.092260317787165,False,False,False,-3.1911266513722376,0.4595245671761896,9.991238273799746,0.11682540602665956,True,Keep distance
1,276,1675392469.269777,30.138390476680748,0.0007887452135039191,True,True,False,False,16.092260317787165,False,False,False,-3.1911266513722376,0.4595245671761896,9.991238273799746,0.2217522711095034,True,Keep distance
1,277,1675392469.3698165,30.138390476680748,0.0006351607159978831,True,True,False,False,16.092260317787165,False,False,False,-3.4500907050520624,0.2098167810756965,9.94674448208721,0.1369793423468328,True,Keep distance
1,278,1675392469.4620452,30.138390476680748,0.0006351509152299192,True,True,False,False,16.092260317787165,False,False,False,-3.7934066857566298,0.01916584195975825,9.900129519791825,0.12999822870803024,True,Keep distance
1,279,1675392469.5595763,30.138390476680748,0.0006351509152299192,True,True,False,False,16.092260317787165,False,False,False,-3.9114627566100992,-0.018110705799064958,9.883892561780096,0.12999822870803024,True,Keep distance
1,280,1675392469.6595209,30.138390476680748,-0.0008510108477765777,True,True,False,False,16.092260317787165,False,False,False,-3.9114627566100992,-0.018110705799064958,9.883892561780096,0.12999822870803024,True,Keep distance
1,281,1675392469.7594767,30.138390476680748,-0.0008510108477765777,True,True,False,False,16.092260317787165,False,False,False,-4.124159937352515,-0.07000155282495849,9.84945254340821,0.10533637545091448,True,Keep distance
1,282,1675392469.8594415,30.138390476680748,0.0005377224969911609,True,True,False,False,16.092260317787165,False,False,False,-4.355334603560922,-0.1283246936734373,9.794924301971605,0.2445744143796905,True,Keep distance
1,283,1675392469.9595535,30.138390476680748,0.0005377224969911609,True,True,False,False,16.092260317787165,False,False,False,-4.447633488479175,-0.10972964110261882,9.759807836161672,0.050389012817517044,True,Keep distance
1,284,1675392470.0595815,30.138390476680748,0.001755587672858901,True,True,False,False,16.092260317787165,False,False,False,-4.476476793502576,-0.08766868715511643,9.743485151832772,0.02827201726443708,True,Keep distance
1,285,1675392470.1595268,30.138390476680748,0.006790534784271026,True,True,False,False,16.092260317787165,False,False,False,-4.502656871889263,-0.06107540592005123,9.714600888723064,0.019381886421357405,True,Keep distance
1,286,1675392470.277816,30.138390476680748,0.006790534784271026,True,True,False,False,16.092260317787165,False,False,False,-4.501555531586048,-0.04289270434744637,9.702433988546503,0.02190563961285549,True,Keep distance
1,287,1675392470.3738124,30.138390476680748,0.006790534784271026,True,True,False,False,14.543246569420802,False,False,False,-4.501555531586048,-0.04289270434744637,9.702433988546503,0.02190563961285549,True,Keep distance
1,288,1675392470.4700105,27.814869854131203,0.004902501577402185,True,True,False,False,14.543246569420802,False,False,False,-4.4719374814837085,0.4390747425378989,9.651728988933264,0.03957308004216535,True,Keep distance
1,289,1675392470.5659435,27.814869854131203,0.0014315706728553034,True,True,False,False,14.543246569420802,False,False,False,-4.364072078929261,0.3750987784691278,9.655002170871757,0.051470621096958616,True,Keep distance
1,290,1675392470.6617312,27.814869854131203,0.0014315706728553034,True,True,False,False,14.543246569420802,False,False,False,-4.364072078929261,0.3750987784691278,9.655002170871757,0.0445351998684256,True,Keep distance
1,291,1675392470.7594593,27.814869854131203,0.013500637417358508,True,True,False,False,14.543246569420802,False,False,False,-4.227657159206221,0.23804060005223399,9.675566906105704,0.0900139042993408,True,Keep distance
1,292,1675392470.859471,27.814869854131203,-0.001529172333321947,True,True,False,False,14.543246569420802,False,False,False,-4.227657159206221,0.23804060005223399,9.675566906105704,0.0900139042993408,True,Keep distance
1,293,1675392470.9594843,27.814869854131203,-0.001529172333321947,True,True,False,False,14.543246569420802,False,False,False,-4.093739852702812,0.5089712133447419,9.709666955579788,0.3041382178785126,True,Keep distance
1,294,1675392471.0595052,27.814869854131203,0.009333757479865335,True,True,False,False,14.543246569420802,False,False,False,-4.051399400870956,0.5062216487976252,9.722907190390533,0.04444747219323182,True,Keep distance
1,295,1675392471.1595597,27.814869854131203,0.009333757479865335,True,True,False,False,14.543246569420802,False,False,False,-3.9701489133527863,0.36378788199040346,9.750620242215795,0.12344442141204715,True,Keep distance
1,296,1675392471.2595944,27.814869854131203,0.004572056312745341,True,True,False,False,14.543246569420802,False,False,False,-3.8757268119089683,0.33176456292795053,9.79335760331923,0.14806587571944907,True,Keep distance
1,297,1675392471.3817198,27.814869854131203,0.004572056312745341,True,True,False,False,13.161516630417463,False,False,False,-3.8757268119089683,0.33176456292795053,9.79335760331923,0.14806587571944907,True,Keep distance
1,298,1675392471.4781902,25.742274945626193,0.004416706443034435,True,True,False,False,13.161516630417463,False,False,False,-3.8177277033515438,0.3272823516001461,9.831997202739439,0.0698355601051302,True,Keep distance
1,299,1675392471.5737882,25.742274945626193,0.004416706443034435,True,True,False,False,13.161516630417463,False,False,False,-3.8053240235686685,0.29410795107967064,9.843090216980872,0.037113974282063644,True,Keep distance
1,300,1675392471.6699445,25.742274945626193,0.004416706443034435,True,True,False,False,13.161516630417463,False,False,False,-3.79651568951329,0.2740391817364992,9.853097693128783,0.012859708793984547,True,Keep distance
1,301,1675392471.7659092,25.742274945626193,-0.005661270073886938,True,True,False,False,13.161516630417463,False,False,False,-3.7891192509552196,0.25110416510505534,9.869504623349076,0.011826034962352815,True,Keep distance
1,302,1675392471.8617873,25.742274945626193,-0.005661270073886938,True,True,False,False,13.161516630417463,False,False,False,-3.793740268160122,0.21274700557055282,9.880718667923755,0.02903748565016142,True,Keep distance
1,303,1675392471.9594471,25.742274945626193,-0.005661270073886938,True,True,False,False,13.161516630417463,False,False,False,-3.793740268160122,0.21274700557055282,9.880718667923755,0.17863275116843555,True,Keep distance
1,304,1675392472.0595958,25.742274945626193,-0.007050219572888159,True,True,False,False,13.161516630417463,False,False,False,-3.8273356573545025,-0.010668929177333076,9.887227163223153,0.17863275116843555,True,Keep distance
1,305,1675392472.1596248,25.742274945626193,-0.010871206191327195,True,True,False,False,13.161516630417463,False,False,False,-3.8402141608310933,-0.023599830079320518,9.885898881288288,0.01829831639337542,True,Keep distance
1,306,1675392472.2595778,25.742274945626193,-0.010871206191327195,True,True,False,False,13.161516630417463,False,False,False,-3.868864406905308,-0.0935457153661264,9.88015930374272,0.02694569998464761,True,Keep distance
1,307,1675392472.3594694,25.742274945626193,-0.011426871522798794,True,True,False,False,13.161516630417463,False,False,False,-3.899012151000021,-0.19862528205249116,9.87096703110834,0.08460119937393702,True,Keep distance
1,308,1675392472.459463,25.742274945626193,-0.011426871522798794,True,True,False,False,12.079018484339283,False,False,False,-3.899012151000021,-0.19862528205249116,9.87096703110834,0.11047260762718583,True,Keep distance
1,309,1675392472.5595133,24.118527726508923,-0.011426871522798794,True,True,False,False,12.079018484339283,False,False,False,-3.928559282760174,-0.3044249472101225,9.859236946145671,0.11047260762718583,True,Keep distance
1,310,1675392472.6777604,24.118527726508923,-0.008494571549517306,True,True,False,False,12.079018484339283,False,False,False,-3.955694344258139,-0.3761344703919792,9.84594812082965,0.0309686571909733,True,Keep distance
1,311,1675392472.773718,24.118527726508923,-0.011277626203580703,True,True,False,False,12.079018484339283,False,False,False,-3.988695784201495,-0.4196257910587009,9.825152271043091,0.035640278288511254,True,Keep distance
1,312,1675392472.8701432,24.118527726508923,-0.011277626203580703,True,True,False,False,12.079018484339283,False,False,False,-3.997236896932172,-0.40154279039541746,9.818443923933916,0.02109377729577176,True,Keep distance
1,313,1675392472.9658334,24.118527726508923,-0.01097368002879821,True,True,False,False,12.079018484339283,False,False,False,-4.005340723601029,-0.4385685477889786,9.812070492696092,0.03843435108062835,True,Keep distance
1,314,1675392473.0657024,24.118527726508923,-0.01097368002879821,True,True,False,False,12.079018484339283,False,False,False,-4.005340723601029,-0.4385685477889786,9.812070492696092,0.035455066726968694,True,Keep distance
1,315,1675392473.1595821,24.118527726508923,-0.00923549495877886,True,True,False,False,12.079018484339283,False,False,False,-4.025336688556842,-0.4475299868798121,9.790708869760108,0.013748815919168527,True,Keep distance
1,316,1675392473.2594728,24.118527726508923,-0.01587438294525556,True,True,False,False,12.079018484339283,False,False,False,-4.025336688556842,-0.4475299868798121,9.790708869760108,0.013238971865696399,True,Keep distance
1,317,1675392473.3595092,24.118527726508923,-0.01587438294525556,True,True,False,False,12.079018484339283,False,False,False,-4.027362138069258,-0.43508115935077873,9.786684615358888,0.007911343679619726,True,Keep distance
1,318,1675392473.4595666,24.118527726508923,-0.01058342221395852,True,True,False,False,12.079018484339283,False,False,False,-4.026811423540569,-0.3436792763770433,9.778217815197474,0.06203767662368543,True,Keep distance
1,319,1675392473.5595627,24.118527726508923,-0.01058342221395852,True,True,False,False,12.079018484339283,False,False,False,-4.026821158649032,-0.4057010528020651,9.776813366844118,0.06203767662368543,True,Keep distance
1,320,1675392473.6594636,22.580376969401513,-0.0066001851263244185,True,True,False,False,11.053584646267677,False,False,False,-4.019005943265482,-0.38549311036187134,9.775565282188957,0.0217024478910539,True,Keep distance
1,321,1675392473.7594914,22.580376969401513,-0.0066001851263244185,True,True,False,False,11.053584646267677,False,False,False,-4.009206848057641,-0.32732145500073756,9.777178114850987,0.05205739647146248,True,Keep distance
1,322,1675392473.8776903,22.580376969401513,0.021028776098596158,True,True,False,False,11.053584646267677,False,False,False,-4.00328736017302,-0.2725966252641909,9.778588583103978,0.05506211716963759,True,Keep distance
1,323,1675392473.9739518,22.580376969401513,-0.008059273778888371,True,True,False,False,11.053584646267677,False,False,False,-3.997915836399377,-0.32426408847763716,9.780451990180161,0.35224802437537006,True,Keep distance
1,324,1675392474.0739522,22.580376969401513,-0.007292300665734435,True,True,False,False,11.053584646267677,False,False,False,-3.979936391040738,0.261788126502688,9.784539701414662,0.2340970720158034,True,Keep distance
1,325,1675392474.1663496,22.580376969401513,-0.007292300665734435,True,True,False,False,11.053584646267677,False,False,False,-3.979936391040738,0.261788126502688,9.784539701414662,0.2340970720158034,True,Keep distance
1,326,1675392474.2647653,22.580376969401513,-0.002615508986899511,True,True,False,False,11.053584646267677,False,False,False,-3.973951327926575,-0.010726918746092752,9.794011342251231,0.2727452709902823,True,Keep distance
1,327,1675392474.3595643,22.580376969401513,-0.002615508986899511,True,True,False,False,11.053584646267677,False,False,False,-3.9718543356446765,-0.015668825644173587,9.797231424220008,0.006260091717002621,True,Keep distance
1,328,1675392474.4602814,22.580376969401513,-0.007870457486922569,True,True,False,False,11.053584646267677,False,False,False,-3.96555293087264,0.12015607041585362,9.803230563806864,0.10118088666790001,True,Keep distance
1,329,1675392474.5599837,22.580376969401513,-0.007542282013465821,True,True,False,False,11.053584646267677,False,False,False,-3.958937809237965,0.20648268674035167,9.808688580146773,0.028434713148456532,True,Keep distance
1,330,1675392474.659792,22.580376969401513,-0.007542282013465821,True,True,False,False,11.053584646267677,False,False,False,-3.9568613650367177,0.13288929885091783,9.81125480763271,0.07366738684842256,True,Keep distance
1,331,1675392474.7596564,22.580376969401513,-0.007542282013465821,True,True,False,False,11.053584646267677,False,False,False,-3.9568613650367177,0.13288929885091783,9.81125480763271,0.11677811969770481,True,Keep distance
1,332,1675392474.8595476,22.580376969401513,-0.006979173498592987,True,True,False,False,11.053584646267677,False,False,False,-3.9526670547149427,0.01635725913906109,9.817565173838437,0.022370390797314843,True,Keep distance
1,333,1675392474.9865243,22.580376969401513,-0.008749246579569424,True,True,False,False,11.053584646267677,False,False,False,-3.951318103996127,-0.032344985248391835,9.820491826795532,0.02644291264960639,True,Keep distance
1,334,1675392475.0779164,22.580376969401513,-0.008749246579569424,True,True,False,False,11.053584646267677,False,False,False,-3.951112685189487,-0.08517765823463033,9.822360646152072,0.022308920945003998,True,Keep distance
1,335,1675392475.1742375,22.580376969401513,-0.009689965284155345,True,True,False,False,11.053584646267677,False,False,False,-3.951402617409111,-0.10242704546905841,9.822910945715243,0.0433564619572261,True,Keep distance
1,336,1675392475.2698061,22.580376969401513,-0.009689965284155345,True,True,False,False,11.053584646267677,False,False,False,-3.9522587662162536,-0.1457737721136385,9.823244250183368,0.0433564619572261,True,Keep distance
1,337,1675392475.3657486,21.313917155943166,0.0032166852343070733,True,True,False,False,10.20927810396211,False,False,False,-3.9522587662162536,-0.1457737721136385,9.823244250183368,0.0433564619572261,True,Keep distance
1,338,1675392475.461906,21.313917155943166,0.0032166852343070733,True,True,False,False,10.20927810396211,False,False,False,-3.957219335857509,-0.24500789738722725,9.822338900883778,0.0433564619572261,True,Keep distance
1,339,1675392475.5596328,21.313917155943166,0.0032166852343070733,True,True,False,False,10.20927810396211,False,False,False,-3.960033914140506,-0.3044561063471061,9.820797557943978,0.04926760512948842,True,Keep distance
1,340,1675392475.6599424,21.313917155943166,-0.0063405245731919385,True,True,False,False,10.20927810396211,False,False,False,-3.9590101188177007,-0.16454368490886345,9.819633040472374,0.13992101318428588,True,Keep distance
1,341,1675392475.7596085,21.313917155943166,-0.0010206732424895366,True,True,False,False,10.20927810396211,False,False,False,-3.9600258547734537,-0.012815534328734363,9.817401561567525,0.06122335279343033,True,Keep distance
1,342,1675392475.8595426,21.313917155943166,-0.0010206732424895366,True,True,False,False,10.20927810396211,False,False,False,-3.9600258547734537,-0.012815534328734363,9.817401561567525,0.06122335279343033,True,Keep distance
1,343,1675392475.9595318,21.313917155943166,-0.0010206732424895366,True,True,False,False,10.20927810396211,False,False,False,-3.9664752424534333,-0.11472907176972656,9.814162341308062,0.061281152973596105,True,Keep distance
1,344,1675392476.059948,21.313917155943166,0.00023518079486783982,True,True,False,False,10.20927810396211,False,False,False,-3.9676312436047936,-0.053810414411168205,9.812995854802454,0.061281152973596105,True,Keep distance
1,345,1675392476.1823382,21.313917155943166,0.00023518079486783982,True,True,False,False,10.20927810396211,False,False,False,-3.9676312436047936,-0.053810414411168205,9.812995854802454,0.061281152973596105,True,Keep distance
1,346,1675392476.2777543,21.313917155943166,-0.006569877824769473,True,True,False,False,10.20927810396211,False,False,False,-3.9705194665038013,0.03343943699149916,9.809736900400749,0.019242700825849782,True,Keep distance
1,347,1675392476.3744297,21.313917155943166,-0.006569877824769473,True,True,False,False,10.20927810396211,False,False,False,-3.971303951740012,0.05723516359972054,9.808780814675904,0.016824146839467227,True,Keep distance
1,348,1675392476.4698439,21.313917155943166,-0.006126533640676817,True,True,False,False,10.20927810396211,False,False,False,-3.9720377639170765,0.0740207968705517,9.807911359523574,0.016824146839467227,True,Keep distance
1,349,1675392476.5690923,21.313917155943166,-0.005404367937857682,True,True,False,False,10.20927810396211,False,False,False,-3.9736847009503564,0.045415176682680566,9.806505946969189,0.016824146839467227,True,Keep distance
1,350,1675392476.6618514,20.245155043050634,-0.005404367937857682,True,True,False,False,9.496770028700423,False,False,False,-3.974448981247392,0.010582302958514925,9.805947066150617,0.003227378516882676,True,Keep distance
1,351,1675392476.7596512,20.245155043050634,-0.005404367937857682,True,True,False,False,9.496770028700423,False,False,False,-3.9751192544251324,0.01989484178037959,9.805065388655732,0.006169375400335993,True,Keep distance
1,352,1675392476.8595843,20.245155043050634,-0.003554489548935213,True,True,False,False,9.496770028700423,False,False,False,-3.9751986469718905,0.019261905976398607,9.804761631210464,0.007144392612525339,True,Keep distance
1,353,1675392476.9595003,20.245155043050634,0.0007446762330553351,True,True,False,False,9.496770028700423,False,False,False,-3.9746956626355647,0.001735383771451106,9.804384585138445,0.017163925064961262,True,Keep distance
1,354,1675392477.059562,20.245155043050634,0.0007446762330553351,True,True,False,False,9.496770028700423,False,False,False,-3.9746956626355647,0.001735383771451106,9.804384585138445,0.0067880208077000835,True,Keep distance
1,355,1675392477.1596656,20.245155043050634,0.0007446762330553351,True,True,False,False,9.496770028700423,False,False,False,-3.9730108342193935,0.043649658537061015,9.804699413022055,0.04194930503018233,True,Keep distance
1,356,1675392477.259742,20.245155043050634,-0.005188584706337812,True,True,False,False,9.496770028700423,False,False,False,-3.9730108342193935,0.043649658537061015,9.804699413022055,0.04194930503018233,True,Keep distance
1,357,1675392477.3820105,20.245155043050634,-0.005188584706337812,True,True,False,False,9.496770028700423,False,False,False,-3.972577137124456,0.04455246446969065,9.804959474886926,0.0010347868841983012,True,Keep distance
1,358,1675392477.4787693,20.245155043050634,-0.01144377695010688,True,True,False,False,9.496770028700423,False,False,False,-3.9722195086900123,0.060279992092572406,9.805280287455483,0.0636045235124604,True,Keep distance
1,359,1675392477.5780082,20.245155043050634,-0.01144377695010688,True,True,False,False,9.496770028700423,False,False,False,-3.9722275005340286,-0.0033232715558494694,9.805680538185516,0.0636045235124604,True,Keep distance
1,360,1675392477.6739216,20.245155043050634,-0.01144377695010688,True,True,False,False,9.496770028700423,False,False,False,-3.9721312152231674,-0.040467643850879205,9.806097193776656,0.037146833861508154,True,Keep distance
1,361,1675392477.7662292,20.245155043050634,-0.01144377695010688,True,True,False,False,9.496770028700423,False,False,False,-3.9721312152231674,-0.040467643850879205,9.806097193776656,0.011751069495241233,True,Keep distance
1,362,1675392477.8619447,20.245155043050634,-0.008660592072091803,True,True,False,False,9.496770028700423,False,False,False,-3.9720661481014976,-0.09258626082326339,9.807009651174322,0.06386111370102164,True,Keep distance
1,363,1675392477.9614675,20.245155043050634,-0.008660592072091803,True,True,False,False,9.496770028700423,False,False,False,-3.9720661481014976,-0.09258626082326339,9.807009651174322,0.06386111370102164,True,Keep distance
1,364,1675392478.060478,20.245155043050634,-0.008660592072091803,True,True,False,False,9.496770028700423,False,False,False,-3.9720661481014976,-0.09258626082326339,9.807009651174322,0.06386111370102164,True,Keep distance
1,365,1675392478.160013,20.245155043050634,-0.008660592072091803,True,True,False,False,9.496770028700423,False,False,False,-3.9720661481014976,-0.09258626082326339,9.807009651174322,0.06386111370102164,True,Keep distance
1,366,1675392478.2602956,20.245155043050634,-0.008660592072091803,True,True,False,False,9.496770028700423,False,False,False,-3.9720661481014976,-0.09258626082326339,9.807009651174322,0.06386111370102164,True,Keep distance
1,367,1675392478.3602378,20.245155043050634,-0.008660592072091803,True,True,False,False,8.986793585993594,False,False,False,-3.9720661481014976,-0.09258626082326339,9.807009651174322,0.06386111370102164,True,Keep distance
1,368,1675392478.460121,19.48019037899039,-0.008660592072091803,True,True,False,False,8.986793585993594,False,False,False,-3.9720661481014976,-0.09258626082326339,9.807009651174322,0.06386111370102164,True,Keep distance
1,369,1675392478.5601075,19.48019037899039,0.0014287570238647898,True,True,False,False,8.986793585993594,False,False,False,-3.9711897682227884,-0.1182041519397627,9.808285131898465,0.025664591133043223,True,Keep distance
1,370,1675392478.6840253,19.48019037899039,0.0014287570238647898,True,True,False,False,8.986793585993594,False,False,False,-3.970679353410309,-0.12247597572733357,9.80867396428569,0.004319744480661975,True,Keep distance
1,371,1675392478.7748451,19.48019037899039,-0.006345633008325843,True,True,False,False,8.986793585993594,False,False,False,-3.9698540657496637,-0.17764601916361464,9.809403352856581,0.004319744480661975,True,Keep distance
1,372,1675392478.870352,19.48019037899039,-0.006345633008325843,True,True,False,False,8.986793585993594,False,False,False,-3.9698540657496637,-0.17764601916361464,9.809403352856581,0.04426678664900277,True,Keep distance
1,373,1675392478.9662502,19.48019037899039,-0.006345633008325843,True,True,False,False,8.986793585993594,False,False,False,-3.9698540657496637,-0.17764601916361464,9.809403352856581,0.04426678664900277,True,Keep distance
1,374,1675392479.062023,19.48019037899039,-0.006345633008325843,True,True,False,False,8.986793585993594,False,False,False,-3.9681086554235425,-0.05970280102649991,9.80961420646957,0.04426678664900277,True,Keep distance
1,375,1675392479.162044,19.48019037899039,-0.006345633008325843,True,True,False,False,8.986793585993594,False,False,False,-3.9681086554235425,-0.05970280102649991,9.80961420646957,0.11795632081830829,True,Keep distance
