repetition,iteration,time,speed,steering,obstacle_North,obstacle_NorthWest,obstacle_SouthWest,obstacle_West,obstacle_distance,follow_enable,steady_motion_enable,passing_start,accel_x,accel_y,accel_z,accel_diff,success,action
1,1,1675392705.5161355,0.0,0.0,False,False,False,False,100000,False,True,False,0.05150756919024371,3.529165112944208e-13,9.814366416948998,0.0006480302729071818,True,Cruise
1,2,1675392705.5163765,0.0,0.0,False,False,False,False,100000,False,True,False,0.05150756919024371,3.529165112944208e-13,9.814366416948998,0.0006480302729071818,True,Cruise
1,3,1675392705.6164665,49.28575934358662,-0.009523208752178375,False,False,False,False,100000,False,True,False,0.05150756919024371,3.529165112944208e-13,9.814366416948998,0.0006480302729071818,True,Cruise
1,4,1675392705.7164989,49.75721886827339,0.003237081756354784,False,False,False,False,100000,False,True,False,1.0374661465306771,0.028847771526606437,9.71912747271488,0.9910391158004332,True,Cruise
1,5,1675392705.8164678,49.7894755342456,0.002806992876725379,False,False,False,False,100000,False,True,False,1.9455046388993402,-0.050221241146724986,9.647118672009858,0.678419722981126,True,Cruise
1,6,1675392705.9164789,49.7894755342456,0.002806992876725379,False,False,False,False,100000,False,True,False,3.0662328392483267,0.011656843570293268,9.582670007480276,0.4460951727344733,True,Cruise
1,7,1675392706.0165243,49.772272780765185,0.003036362923130838,False,False,False,False,100000,False,True,False,3.0662328392483267,0.011656843570293268,9.582670007480276,0.4460951727344733,True,Cruise
1,8,1675392706.1165483,49.772272780765185,0.003036362923130838,False,False,False,False,100000,False,True,False,3.6090513630978824,0.004484643838955159,9.615209445150494,0.11105663184039039,True,Cruise
1,9,1675392706.2165048,49.750244188389516,0.0033300774881397815,False,False,False,False,100000,False,True,False,3.899736715765167,0.002392197301998081,9.683340845548685,0.10575517175998343,True,Cruise
1,10,1675392706.316482,49.823008440316215,0.0023598874624504804,False,False,False,False,100000,False,True,False,4.009888988662244,0.0025435960747618755,9.70539479921932,0.11403264918431169,True,Cruise
1,11,1675392706.4164455,49.815491981102525,0.002460106918632937,False,False,False,False,100000,False,True,False,4.417876770057053,0.0017157700910643775,9.789171105901772,0.09039391131901749,True,Cruise
1,12,1675392706.5164607,49.815491981102525,0.002460106918632937,False,False,False,False,100000,False,True,False,4.4925006013898665,0.0018321617367805447,9.808935379785796,0.07719686698283827,True,Cruise
1,13,1675392706.6164813,49.76711412143489,0.0031051450475347965,False,False,False,False,100000,False,True,False,4.632829996942305,0.004262758992517283,9.861984995386493,0.037023137662121494,True,Cruise
1,14,1675392706.7164779,49.74159682338039,0.0034453756882614653,False,False,False,False,100000,False,True,False,4.653497997339089,0.0027281092394196406,9.876665983098967,0.025397889488695223,True,Cruise
1,15,1675392706.816472,49.74159682338039,0.0034453756882614653,False,False,False,False,100000,False,True,False,4.6498965979398275,0.00609174412271601,9.908722227987564,0.010881755592005837,True,Cruise
1,16,1675392706.9164944,49.629818664456536,0.004935751140579466,False,False,False,False,100000,False,True,False,4.630206756700993,0.007574026966589081,9.915009925666759,0.020722503529851454,True,Cruise
1,17,1675392707.016565,49.629818664456536,0.004935751140579466,False,False,False,False,100000,False,True,False,4.6030069727845,0.0037645365872437603,9.919015219784999,0.07326327681729837,True,Cruise
1,18,1675392707.1165965,49.629818664456536,0.004935751140579466,False,False,False,False,100000,False,True,False,4.440516525364587,0.012568306213082763,9.913074776917327,0.046765055494904256,True,Cruise
1,19,1675392707.2165031,49.629818664456536,0.004935751140579466,False,False,False,False,100000,False,True,False,4.391762739275856,0.012274811239779847,9.906619699580732,0.05065882193722045,True,Cruise
1,20,1675392707.3164809,49.73661554482685,0.0035117927356420717,False,False,False,False,100000,False,True,False,4.291420132970097,0.012517338018479904,9.88887576425286,0.05101644175940335,True,Cruise
1,21,1675392707.4166126,49.73661554482685,0.0035117927356420717,False,False,False,False,100000,False,True,False,4.192999241708485,0.017159371001949638,9.866070450469355,0.050208674926626805,True,Cruise
1,22,1675392707.5164795,49.73661554482685,0.0035117927356420717,False,False,False,False,100000,False,True,False,4.0611059435745185,0.007808249903444469,9.82635708393073,0.13805954164883108,True,Cruise
1,23,1675392707.6164682,49.79461920055747,0.0027384106592337107,False,False,False,False,100000,False,True,False,4.023369531394,0.008331823740512431,9.812584042028034,0.04017471365267357,True,Cruise
1,24,1675392707.7164803,49.79461920055747,0.0027384106592337107,False,False,False,False,100000,False,True,False,3.9592676790581622,0.006802225342011217,9.785559228017048,0.02905483125520274,True,Cruise
1,25,1675392707.8164566,49.74509720488432,0.0033987039348758017,False,False,False,False,100000,False,True,False,3.8936664846633353,0.004484859864378964,9.749204679151319,0.021045631222081668,True,Cruise
1,26,1675392707.9165218,49.74509720488432,0.0033987039348758017,False,False,False,False,100000,False,True,False,3.8936664846633353,0.004484859864378964,9.749204679151319,0.021045631222081668,True,Cruise
1,27,1675392708.0164788,49.74509720488432,0.0033987039348758017,False,False,False,False,100000,False,True,False,3.8702541641001185,0.0021667732263399644,9.72955946349839,0.010620579249587835,True,Cruise
1,28,1675392708.1164637,49.74058819123423,0.003458824116876888,False,False,False,False,100000,False,True,False,3.861782726327462,0.006569644340400795,9.714573769276116,0.005655544856914042,True,Cruise
1,29,1675392708.216559,49.749032639938314,0.003346231467489153,False,False,False,False,100000,False,True,False,3.8727903001117245,0.00591895966622158,9.701660598378309,0.007113297218480301,True,Cruise
1,30,1675392708.3164961,49.79714586399586,0.002704721813388598,False,False,False,False,100000,False,True,False,3.881561191562924,0.0063441072578002446,9.699918774969682,0.008952275471084873,True,Cruise
1,31,1675392708.416466,49.70444981261913,0.003940669165078275,False,False,False,False,100000,False,True,False,3.918525212355598,0.008873189324576505,9.70179098872512,0.010807549258249357,True,Cruise
1,32,1675392708.5164838,49.70444981261913,0.003940669165078275,False,False,False,False,100000,False,True,False,3.933295467380561,0.005599996738763336,9.704528887706614,0.015903989808484606,True,Cruise
1,33,1675392708.6165235,49.79526612689273,0.0027297849747635965,False,False,False,False,100000,False,True,False,3.9645725854203886,0.0012894004215494611,9.712597210470054,0.016765687169971157,True,Cruise
1,34,1675392708.7164528,49.76346974524186,0.00315373673010848,False,False,False,False,100000,False,True,False,3.9962740782826813,0.008978781812858974,9.723363374277076,0.016703609322746622,True,Cruise
1,35,1675392708.8165975,49.76346974524186,0.00315373673010848,False,False,False,False,100000,False,True,False,4.0265042740910735,0.006357945229812843,9.735858540965832,0.016152397249058738,True,Cruise
1,36,1675392708.9165478,49.79565038218748,0.0027246615708335785,False,False,False,False,100000,False,True,False,4.0265042740910735,0.006357945229812843,9.735858540965832,0.04412847507791856,True,Cruise
1,37,1675392709.0164857,49.79000483897832,0.002799935480289085,False,False,False,False,100000,False,True,False,4.0766755270783825,0.010200217019262879,9.76226456365092,0.012727467130851605,True,Cruise
1,38,1675392709.1164932,49.79000483897832,0.002799935480289085,False,False,False,False,100000,False,True,False,4.094860287683995,0.00906523096726709,9.774487039562414,0.010646748196626343,True,Cruise
1,39,1675392709.2164705,49.79107378318333,0.002785682890888953,False,False,False,False,100000,False,True,False,4.094860287683995,0.00906523096726709,9.774487039562414,0.010646748196626343,True,Cruise
1,40,1675392709.3164937,49.79107378318333,0.002785682890888953,False,False,False,False,100000,False,True,False,4.112521642708506,0.009046013837069553,9.789764740080539,0.006540153286505094,True,Cruise
1,41,1675392709.4166236,49.82525729419447,0.0023299027440737237,False,False,False,False,100000,False,True,False,4.11913991186716,0.009849448327791171,9.800191451137568,0.002706451229205955,True,Cruise
1,42,1675392709.5164845,49.78080279766349,0.0029226293644868634,False,False,False,False,100000,False,True,False,4.118247165655938,0.008563161382098484,9.804161097190809,0.003341915286498177,True,Cruise
1,43,1675392709.6165705,49.78080279766349,0.0029226293644868634,False,False,False,False,100000,False,True,False,4.113900353617425,0.009408262121885832,9.805792115574857,0.0037840418993030237,True,Cruise
1,44,1675392709.716497,49.800874088274924,0.0026550121563342828,False,False,False,False,100000,False,True,False,4.106906903645223,0.012017471353187623,9.805278311172012,0.003857393000281638,True,Cruise
1,45,1675392709.8164556,49.800874088274924,0.0026550121563342828,False,False,False,False,100000,False,True,False,4.093304377786248,0.011376687171130833,9.801167041579065,0.009148680884746373,True,Cruise
1,46,1675392709.9164674,49.800874088274924,0.0026550121563342828,False,False,False,False,100000,False,True,False,4.088332339300823,0.010846146504856794,9.799098908494374,0.0053597578842347155,True,Cruise
1,47,1675392710.016453,49.793994969845144,0.002746733735398024,False,False,False,False,100000,False,True,False,4.078254881890557,0.011443919609780955,9.794235331393555,0.005644545226829139,True,Cruise
1,48,1675392710.116425,49.793994969845144,0.002746733735398024,False,False,False,False,100000,False,True,False,4.068514903294237,0.011914465362181555,9.78876070772659,0.005544755409981511,True,Cruise
1,49,1675392710.2164528,49.793994969845144,0.002746733735398024,False,False,False,False,100000,False,True,False,4.063934029218024,0.01278950127913084,9.785924717660867,0.005458290465974708,True,Cruise
1,50,1675392710.3164518,49.764050487509046,0.0031459934998794205,False,False,False,False,100000,False,True,False,4.063934029218024,0.01278950127913084,9.785924717660867,0.014629620382750404,True,Cruise
1,51,1675392710.4164622,49.764050487509046,0.0031459934998794205,False,False,False,False,100000,False,True,False,4.048666456527025,0.01402040580799205,9.775000507763277,0.004189890060300788,True,Cruise
1,52,1675392710.516472,49.73665927820565,0.003511209623924728,False,False,False,False,100000,False,True,False,4.041151829625617,0.017858391257652904,9.76827903141696,0.00337798320187352,True,Cruise
1,53,1675392710.616482,49.73665927820565,0.003511209623924728,False,False,False,False,100000,False,True,False,4.038146941352387,0.02036066944822686,9.764877961790097,0.003545410359791452,True,Cruise
1,54,1675392710.7164505,49.77268068595196,0.0030309241873072374,False,False,False,False,100000,False,True,False,4.036674560012408,0.02274645607167897,9.762453365246138,0.0037065554122311193,True,Cruise
1,55,1675392710.8164637,49.77268068595196,0.0030309241873072374,False,False,False,False,100000,False,True,False,4.036470072250105,0.02326949845536653,9.761614728404549,0.0010093068572717145,True,Cruise
1,56,1675392710.9165206,49.741270803084674,0.0034497226255376405,False,False,False,False,100000,False,True,False,4.037694565730653,0.021230117934990633,9.76053292396424,0.001330509260019123,True,Cruise
1,57,1675392711.0165205,49.741270803084674,0.0034497226255376405,False,False,False,False,100000,False,True,False,4.039697861569199,0.020624226688500547,9.760896032909171,0.001347678477178097,True,Cruise
1,58,1675392711.1164722,49.89196255897557,0.0014404992136590503,False,False,False,False,100000,False,True,False,4.040943327622484,0.024055508962674284,9.761356226997849,0.0036792203432517868,True,Cruise
1,59,1675392711.216463,49.89196255897557,0.0014404992136590503,False,False,False,False,100000,False,True,False,4.043820828035635,0.03203215334711672,9.762728758390141,0.014953230311232081,True,Cruise
1,60,1675392711.31656,49.80401156371529,0.0026131791504627063,False,False,False,False,100000,False,True,False,4.048788362260938,0.007231807149510658,9.765585858210684,0.002876783826242886,True,Cruise
1,61,1675392711.4164772,49.80401156371529,0.0026131791504627063,False,False,False,False,100000,False,True,False,4.050413078570582,0.007055848367343024,9.766673420118797,0.0019630220283593024,True,Cruise
1,62,1675392711.5165064,49.80401156371529,0.0026131791504627063,False,False,False,False,100000,False,True,False,4.05351239634063,0.0029404638096915884,9.768921089344929,0.004413210248498201,True,Cruise
1,63,1675392711.616515,49.86808311223905,0.0017588918368127023,False,False,False,False,100000,False,True,False,4.054925044007762,0.01077727389010739,9.770045547288309,0.008042112367679878,True,Cruise
1,64,1675392711.7165086,49.86808311223905,0.0017588918368127023,False,False,False,False,100000,False,True,False,4.0597057402414265,0.01635646059662375,9.774126950057825,0.002607439251832642,True,Cruise
1,65,1675392711.8164644,49.95607442530364,0.0005856743292847706,False,False,False,False,100000,False,True,False,4.060650681695749,0.010128567799646385,9.77497903605625,0.006356541008398352,True,Cruise
1,66,1675392711.9164765,49.95607442530364,0.0005856743292847706,False,False,False,False,100000,False,True,False,4.062649052960486,0.008570267026943601,9.777015564919083,0.0013211626858745007,True,Cruise
1,67,1675392712.01652,49.95607442530364,0.0005856743292847706,False,False,False,False,100000,False,True,False,4.0630447269595376,0.013001022779822475,9.777505982851542,0.004475339562946292,True,Cruise
1,68,1675392712.1165483,49.89713968309245,0.001371470892100655,False,False,False,False,100000,False,True,False,4.0635691276987105,-0.0010911994039842815,9.77839289750711,0.001137082625115366,True,Cruise
1,69,1675392712.2164943,49.9746276583819,0.00033829788824137253,False,False,False,False,100000,False,True,False,4.063505863341404,-0.0033323910388914045,9.778505386565707,0.0022449044771630905,True,Cruise
1,70,1675392712.3165064,49.9746276583819,0.00033829788824137253,False,False,False,False,100000,False,True,False,4.062750627179831,0.009711188455659,9.778356654037934,0.003551137995012304,True,Cruise
1,71,1675392712.4165192,49.98000146277939,-0.0002666471629414049,False,False,False,False,100000,False,True,False,4.062394884886327,0.0011133760602415887,9.77816185392311,0.004865690705254953,True,Cruise
1,72,1675392712.5164733,49.98000146277939,-0.0002666471629414049,False,False,False,False,100000,False,True,False,4.061981499017693,-0.0037281761981647135,9.777910001005838,0.0013970242810707465,True,Cruise
1,73,1675392712.6164658,49.98000146277939,-0.0002666471629414049,False,False,False,False,100000,False,True,False,4.0604995602836125,-0.007435091882042691,9.776891970771093,0.00453291290559367,True,Cruise
1,74,1675392712.7164176,49.982994544096826,0.0002267394120423163,False,False,False,False,100000,False,True,False,4.059416194680033,-0.010773556328302604,9.77607713978181,0.0010553184871614834,True,Cruise
1,75,1675392712.8164585,49.982994544096826,0.0002267394120423163,False,False,False,False,100000,False,True,False,4.058337978001937,-0.012671753674967102,9.775227266470251,0.0017816618055044753,True,Cruise
1,76,1675392712.9164522,49.89201966539139,0.0014397377947815222,False,False,False,False,100000,False,True,False,4.05732760318198,-0.00685679259465519,9.774398197167761,0.002119283562024421,True,Cruise
1,77,1675392713.0165792,49.89201966539139,0.0014397377947815222,False,False,False,False,100000,False,True,False,4.05732760318198,-0.00685679259465519,9.774398197167761,0.002119283562024421,True,Cruise
1,78,1675392713.1164813,49.9101141636261,0.0011984778183187367,False,False,False,False,100000,False,True,False,4.056048837443929,0.0007405698838272448,9.773291945211234,0.006521151413255971,True,Cruise
1,79,1675392713.2165525,49.9101141636261,0.0011984778183187367,False,False,False,False,100000,False,True,False,4.054908384009957,0.013777424964024428,9.772233472349999,0.002315114408063808,True,Cruise
1,80,1675392713.3165586,49.98544878406114,-0.00019401621251810322,False,False,False,False,100000,False,True,False,4.0546134877138975,0.014688537472084007,9.771915513384112,0.0002634634391158623,True,Cruise
1,81,1675392713.416457,49.98544878406114,-0.00019401621251810322,False,False,False,False,100000,False,True,False,4.0546134877138975,0.014688537472084007,9.771915513384112,0.0010266326492094887,True,Cruise
1,82,1675392713.5164616,49.99170230359874,-0.00011063595201680007,False,False,False,False,100000,False,True,False,4.054492405897701,0.011969889775903655,9.771702275257555,0.0027296843408676015,True,Cruise
1,83,1675392713.6164706,49.99170230359874,-0.00011063595201680007,False,False,False,False,100000,False,True,False,4.0545294810170756,0.006067631975027043,9.771696330091105,0.0016834001273145847,True,Cruise
1,84,1675392713.7165103,49.989628047691205,0.0001382926974506189,False,False,False,False,100000,False,True,False,4.0545294810170756,0.006067631975027043,9.771696330091105,0.00013419164850325379,True,Cruise
1,85,1675392713.8166184,49.989628047691205,0.0001382926974506189,False,False,False,False,100000,False,True,False,4.05504416358029,0.002257380175753991,9.772056093211658,0.0016407830356380822,True,Cruise
1,86,1675392713.916568,49.989628047691205,0.0001382926974506189,False,False,False,False,100000,False,True,False,4.0553734879669046,8.105242091157634e-05,9.772323965982132,0.0003958010159620189,True,Cruise
1,87,1675392714.0165603,49.9721731658977,0.00037102445469738144,False,False,False,False,100000,False,True,False,4.0559229484877175,-0.002251265458645421,9.772781922891362,0.0010574036791141175,True,Cruise
1,88,1675392714.116566,49.9721731658977,0.00037102445469738144,False,False,False,False,100000,False,True,False,4.056107844072398,-0.003701244497416478,9.772938310439777,0.001470062126377306,True,Cruise
1,89,1675392714.216506,49.99447717135883,-7.363771521556349e-05,False,False,False,False,100000,False,True,False,4.056287464767083,-0.00204827969352807,9.773092512062464,0.0011122395782754365,True,Cruise
1,90,1675392714.3164587,49.85771189648945,-0.0018971747134739901,False,False,False,False,100000,False,True,False,4.056625897517597,-0.0005105934156875187,9.773385158687576,0.0004995576911025721,True,Cruise
1,91,1675392714.416461,49.92723445340091,-0.0009702072879879504,False,False,False,False,100000,False,True,False,4.056625897517597,-0.0005105934156875187,9.773385158687576,0.0004995576911025721,True,Cruise
1,92,1675392714.516426,49.89637503181817,-0.0013816662424244932,False,False,False,False,100000,False,True,False,4.056625897517597,-0.0005105934156875187,9.773385158687576,0.0004995576911025721,True,Cruise
1,93,1675392714.6165428,49.89637503181817,-0.0013816662424244932,False,False,False,False,100000,False,True,False,4.056625897517597,-0.0005105934156875187,9.773385158687576,0.0004995576911025721,True,Cruise
1,94,1675392714.7217875,49.960579704775185,-0.0005256039363309155,False,False,False,False,100000,False,True,False,4.057058816526881,0.0008120722363457002,9.77375863035185,0.019673411344472612,True,Cruise
1,95,1675392714.8165817,49.87244270676934,-0.0017007639097421246,False,False,False,False,100000,False,True,False,4.057277873467807,-0.01880729806623863,9.773950418741341,0.00014422872504995485,True,Cruise
1,96,1675392714.9165611,49.89386010372836,-0.0014151986169553034,False,False,False,False,100000,False,True,False,4.057473174188137,-0.02289368905885887,9.774142035687657,0.001474967405076378,True,Cruise
1,97,1675392715.0165503,49.89386010372836,-0.0014151986169553034,False,False,False,False,100000,False,True,False,4.057508552956413,-0.025092802683702592,9.774179561705344,0.002199718298833175,True,Cruise
1,98,1675392715.1166332,49.89032567936334,-0.0014623242751554862,False,False,False,False,100000,False,True,False,4.057508552956413,-0.025092802683702592,9.774179561705344,0.002199718298833175,True,Cruise
1,99,1675392715.2164621,49.841102497527054,-0.0021186333663059443,False,False,False,False,100000,False,True,False,4.05750307840554,-0.0333000871430772,9.774190011130695,0.0015874743916731596,True,Cruise
1,100,1675392715.316603,49.841102497527054,-0.0021186333663059443,False,False,False,False,100000,False,True,False,4.057413923857218,-0.03958706568356967,9.774129167833635,0.0007324020223494442,True,Cruise
1,101,1675392715.4165342,49.928583508872464,-0.0009522198817004631,False,False,False,False,100000,False,True,False,4.0573536684014115,-0.043860356384445534,9.774088758940522,0.004273906528316828,True,Cruise
1,102,1675392715.5164878,49.89778623295323,-0.0013628502272902603,False,False,False,False,100000,False,True,False,4.057292505754657,-0.04865488487633799,9.774042518441796,0.0047951415529313614,True,Cruise
1,103,1675392715.6164527,49.89778623295323,-0.0013628502272902603,False,False,False,False,100000,False,True,False,4.057221572130471,-0.03099632324951281,9.773933463268632,0.017659040838568122,True,Cruise
1,104,1675392715.7165265,49.89778623295323,-0.0013628502272902603,False,False,False,False,100000,False,True,False,4.057169609787579,-0.027875952301702398,9.773877077900071,0.003121312904341035,True,Cruise
1,105,1675392715.8198094,49.89778623295323,-0.0013628502272902603,False,False,False,False,100000,False,True,False,4.057027386989528,-0.033627742356938634,9.773765821957737,0.00020834634617447013,True,Cruise
1,106,1675392715.9210892,49.86602356247153,-0.0017863525003795155,False,False,False,False,100000,False,True,False,4.05689176115143,-0.03219712624176082,9.773657386051552,0.0012450262187745334,True,Cruise
1,107,1675392716.0184093,49.86602356247153,-0.0017863525003795155,False,False,False,False,100000,False,True,False,4.056773026896606,-0.028163956897323265,9.77355767558503,0.002553000056779135,True,Cruise
1,108,1675392716.119083,49.86602356247153,-0.0017863525003795155,False,False,False,False,100000,False,True,False,4.056773026896606,-0.028163956897323265,9.77355767558503,0.005233607852648253,True,Cruise
1,109,1675392716.2164757,49.89773994314493,-0.0013634674247343299,False,False,False,False,100000,False,True,False,4.056563402063119,-0.03325591376447478,9.773404414352939,0.0001468601527968866,True,Cruise
1,110,1675392716.3164659,49.89773994314493,-0.0013634674247343299,False,False,False,False,100000,False,True,False,4.056530602421723,-0.03416350679962589,9.773376447154147,0.0009086160344935573,True,Cruise
1,111,1675392716.417182,49.91442120726466,-0.0011410505698045822,False,False,False,False,100000,False,True,False,4.056504211839113,-0.029163595059952984,9.773332716269483,0.0006829772731821926,True,Cruise
1,112,1675392716.5183523,49.91442120726466,-0.0011410505698045822,False,False,False,False,100000,False,True,False,4.056486279620434,-0.02939346718595287,9.77330933960159,0.0009127205881322851,True,Cruise
1,113,1675392716.6207323,49.91542521772707,-0.0011276637636390477,False,False,False,False,100000,False,True,False,4.056486279620434,-0.02939346718595287,9.77330933960159,0.0009127205881322851,True,Cruise
1,114,1675392716.7164922,49.91542521772707,-0.0011276637636390477,False,False,False,False,100000,False,True,False,4.056492481034973,-0.02582410899505994,9.773306576521836,0.003569364647531333,True,Cruise
1,115,1675392716.8164666,49.871161411619894,-0.0017178478450681472,False,False,False,False,100000,False,True,False,4.056507208399125,-0.025087552298118473,9.77332345662636,0.0005112930356193018,True,Cruise
1,116,1675392716.9164739,49.90478825904882,-0.0012694898793490742,False,False,False,False,100000,False,True,False,4.0565338112250355,-0.02240748591217279,9.773351079514498,0.0021691741046514787,True,Cruise
1,117,1675392717.0165422,49.90478825904882,-0.0012694898793490742,False,False,False,False,100000,False,True,False,4.056539513208936,-0.03178377509779325,9.77338878553182,0.00361025932094147,True,Cruise
1,118,1675392717.1217368,49.89160762454806,-0.0014452316726926077,False,False,False,False,100000,False,True,False,4.056539513208936,-0.03178377509779325,9.77338878553182,0.0018801957177193586,True,Cruise
1,119,1675392717.2164638,49.89160762454806,-0.0014452316726926077,False,False,False,False,100000,False,True,False,4.0565897145251935,-0.02990462514769607,9.773426351870821,0.0024315644761830697,True,Cruise
1,120,1675392717.316627,49.93073551535137,-0.0009235264619816945,False,False,False,False,100000,False,True,False,4.056675574575696,-0.029619233681832027,9.77348492228025,0.0027224730471905796,True,Cruise
1,121,1675392717.416501,49.93073551535137,-0.0009235264619816945,False,False,False,False,100000,False,True,False,4.056714497698609,-0.03291102197705193,9.77352299784199,0.0011481237988852683,True,Cruise
1,122,1675392717.516467,49.815798355979325,-0.002456021920275674,False,False,False,False,100000,False,True,False,4.056734247008766,-0.03506929688800942,9.773540380787573,0.0011481237988852683,True,Cruise
1,123,1675392717.6164575,49.866259216439246,-0.0017832104474766947,False,False,False,False,100000,False,True,False,4.056821394101912,-0.021750295738660295,9.773581759895318,0.008214303082387396,True,Cruise
1,124,1675392717.733786,49.866259216439246,-0.0017832104474766947,False,False,False,False,100000,False,True,False,4.056786864552733,-0.03842597090153727,9.773598613459779,0.01262627255859345,True,Cruise
1,125,1675392717.8166122,49.93010161054222,-0.0009319785261037246,False,False,False,False,100000,False,True,False,4.056760354826395,-0.05105220898096089,9.77361157185522,0.01262627255859345,True,Cruise
1,126,1675392717.9165149,49.846772956535844,-0.00204302724618876,False,False,False,False,100000,False,True,False,4.056819281741573,-0.04407029730007735,9.773629223146887,0.01262627255859345,True,Cruise
1,127,1675392718.0165071,49.846772956535844,-0.00204302724618876,False,False,False,False,100000,False,True,False,4.056826148247859,-0.04513451274536145,9.773630188185965,0.0010642380345534661,True,Cruise
1,128,1675392718.116541,49.846772956535844,-0.00204302724618876,False,False,False,False,100000,False,True,False,4.056810555344268,-0.053064783975875406,9.773630017507942,0.007930286562116829,True,Cruise
1,129,1675392718.2166133,49.846772956535844,-0.00204302724618876,False,False,False,False,100000,False,True,False,4.056799163245744,-0.05599565868057275,9.773623694230904,0.0011494122175794057,True,Cruise
1,130,1675392718.3165226,49.88503308005529,-0.0015328922659295502,False,False,False,False,100000,False,True,False,4.0567899842416155,-0.057983247395200915,9.773612937652103,0.0009928862339556872,True,Cruise
1,131,1675392718.4165704,49.92966213690694,-0.0009378381745741569,False,False,False,False,100000,False,True,False,4.056775593617644,-0.0622748970304757,9.77359978176666,0.0007470664653722287,True,Cruise
1,132,1675392718.533763,49.92966213690694,-0.0009378381745741569,False,False,False,False,100000,False,True,False,4.05679630186979,-0.058696121737572805,9.773589865934817,0.0035788489424003747,True,Cruise
1,133,1675392718.616652,49.92966213690694,-0.0009378381745741569,False,False,False,False,100000,False,True,False,4.056859138418629,-0.04139146243457487,9.77356261056178,0.01730479485229635,True,Cruise
1,134,1675392718.7165,49.9751347123105,-0.00033153716919338214,False,False,False,False,100000,False,True,False,4.056851340270345,-0.04035046999192626,9.773556727745165,0.0010410382722549204,True,Cruise
1,135,1675392718.8164816,49.9751347123105,-0.00033153716919338214,False,False,False,False,100000,False,True,False,4.056818993100508,-0.03228361323229838,9.773541566601153,0.001638631921601049,True,Cruise
1,136,1675392718.9164727,49.9751347123105,-0.00033153716919338214,False,False,False,False,100000,False,True,False,4.056813252480475,-0.029280807707852255,9.773536999989986,0.007770308794570439,True,Cruise
1,137,1675392719.0165677,49.904626852903824,-0.0012716419612823521,False,False,False,False,100000,False,True,False,4.056819961222331,-0.021510503607984396,9.773531713087475,0.007770308794570439,True,Cruise
1,138,1675392719.1164985,49.986434269180094,-0.00018087641093213224,False,False,False,False,100000,False,True,False,4.056819961222331,-0.021510503607984396,9.773531713087475,0.0029567690153109857,True,Cruise
1,139,1675392719.2166076,49.99826030957251,-2.3195872366617255e-05,False,False,False,False,100000,False,True,False,4.056758445629876,-0.026097559202424455,9.773525779828844,0.007543635808146402,True,Cruise
1,140,1675392719.33392,49.99826030957251,-2.3195872366617255e-05,False,False,False,False,100000,False,True,False,4.056792369297362,-0.002767641993726649,9.773518627340133,0.0039017740360996448,True,Cruise
1,141,1675392719.4165604,49.98338732450501,0.00022150233993312174,False,False,False,False,100000,False,True,False,4.056797357199506,0.00015859788896016385,9.773518232572794,0.0013490806907651422,True,Cruise
1,142,1675392719.516507,49.99207706341029,-0.00010563915452945462,False,False,False,False,100000,False,True,False,4.0567966084332445,0.0015076781999412395,9.773518913797899,0.0013490806907651422,True,Cruise
1,143,1675392719.6167426,49.99207706341029,-0.00010563915452945462,False,False,False,False,100000,False,True,False,4.0567874454715875,0.008758551312809476,9.773523713273585,0.0013490806907651422,True,Cruise
1,144,1675392719.7164981,49.99207706341029,-0.00010563915452945462,False,False,False,False,100000,False,True,False,4.056769083326107,0.005164303443728676,9.77353159229283,0.00010967741574793558,True,Cruise
1,145,1675392719.8164415,49.99207706341029,-0.00010563915452945462,False,False,False,False,100000,False,True,False,4.135878865224645,0.1384726793128714,9.775704593160963,0.07654235704086364,True,Cruise
1,146,1675392719.916511,49.9924408314119,-0.00010078891450803298,False,False,False,False,100000,False,True,False,4.135878865224645,0.1384726793128714,9.775704593160963,0.07654235704086364,True,Cruise
1,147,1675392720.0165057,49.96741108998711,-0.00043451880017182274,False,False,False,False,100000,False,True,False,4.1133685655841905,0.08933162188061322,9.777080021660328,0.054068927481691356,True,Cruise
1,148,1675392720.11656,49.94900434577767,-0.000679942056297844,False,False,False,False,100000,False,True,False,4.115114445563643,0.06153202737581427,9.778956151657052,0.027917475088168487,True,Cruise
1,149,1675392720.2166078,49.942942411908454,0.0007607678412206576,False,False,False,False,100000,False,True,False,4.100365987655766,0.016846123608357855,9.779098158961942,0.04705706293692197,True,Cruise
1,150,1675392720.3164933,49.942942411908454,0.0007607678412206576,False,False,False,False,100000,False,True,False,4.080213778879197,-0.0472904271291648,9.778446605790217,0.02814298047065194,True,Cruise
1,151,1675392720.416554,49.93175067893296,0.0009099909475605641,False,False,False,False,100000,False,True,False,4.077170095567846,-0.08358173022387215,9.776302486148879,0.016017149398048963,True,Cruise
1,152,1675392720.5164695,49.93175067893296,0.0009099909475605641,False,False,False,False,100000,False,True,False,4.074157951766872,-0.10108378083542253,9.77547205982181,0.017778762436449408,True,Cruise
1,153,1675392720.6164742,49.97641458455405,0.0003144722059460454,False,False,False,False,100000,False,True,False,4.079576053726796,-0.08284841189182242,9.772037143039146,0.0032318804037338262,True,Cruise
1,154,1675392720.716454,49.892832725900085,-0.0014288969879989288,False,False,False,False,100000,False,True,False,4.07890793613465,-0.07356451945767074,9.770632436319046,0.0028479847558093084,True,Cruise
1,155,1675392720.816485,49.892832725900085,-0.0014288969879989288,False,False,False,False,100000,False,True,False,4.077634263817637,-0.06851633450224111,9.770150146199994,0.0052286725154944294,True,Cruise
1,156,1675392720.9338527,49.984320794904384,0.00020905606794150369,False,False,False,False,100000,False,True,False,4.073652446464472,-0.08330310771245263,9.769173039256147,0.006547383612356355,True,Cruise
1,157,1675392721.0296614,49.984320794904384,0.00020905606794150369,False,False,False,False,100000,False,True,False,4.073992144620058,-0.05160703984768286,9.76859604188789,0.03170313925919601,True,Cruise
1,158,1675392721.1257412,49.949177367168645,-0.0006776351044180697,False,False,False,False,100000,False,True,False,4.073992144620058,-0.05160703984768286,9.76859604188789,0.03170313925919601,True,Cruise
1,159,1675392721.2218773,49.99667548009978,-4.432693200284821e-05,False,False,False,False,100000,False,True,False,4.06502920933572,-0.024369032292154733,9.76914359232307,0.011145589329166566,True,Cruise
1,160,1675392721.3176942,49.99667548009978,-4.432693200284821e-05,False,False,False,False,100000,False,True,False,4.060965736925388,-0.03399111101544357,9.769393336282949,0.32526488898073525,True,Cruise
1,161,1675392721.416515,49.945009785816396,0.0007332028557813421,False,False,False,False,100000,False,True,False,4.031019033466864,0.24122297199895484,9.79517482239576,0.04797238158139094,True,Cruise
1,162,1675392721.516691,49.945009785816396,0.0007332028557813421,False,False,False,False,100000,False,True,False,4.041590246284633,0.19456950596259256,9.791561934223397,0.04797238158139094,True,Cruise
1,163,1675392721.6174538,49.99508777580648,6.549632258030781e-05,False,False,False,False,100000,False,True,False,4.060068451246791,0.06281874595794172,9.782047257208138,0.13338004310664825,True,Cruise
1,164,1675392721.7164922,49.99508777580648,6.549632258030781e-05,False,False,False,False,100000,False,True,False,4.057291421975613,0.023828236270869777,9.779839207510813,0.03915159282451341,True,Cruise
1,165,1675392721.8164809,49.98974649243114,-0.00013671343425150927,False,False,False,False,100000,False,True,False,3.9635493570826577,0.14882527541059984,9.787374909705571,0.11598048109882987,True,Cruise
1,166,1675392721.9166224,49.942781737001205,0.000762910173317307,False,False,False,False,100000,False,True,False,4.01041586225068,-0.0027149650130397314,9.773484638699465,0.048750963278817484,True,Cruise
1,167,1675392722.016476,49.942781737001205,0.000762910173317307,False,False,False,False,100000,False,True,False,4.01041586225068,-0.0027149650130397314,9.773484638699465,0.048750963278817484,True,Cruise
1,168,1675392722.1165154,49.99692245777282,-4.1033896362441925e-05,False,False,False,False,100000,False,True,False,4.01041586225068,-0.0027149650130397314,9.773484638699465,0.048750963278817484,True,Cruise
1,169,1675392722.216582,49.99692245777282,-4.1033896362441925e-05,False,False,False,False,100000,False,True,False,4.030533384080136,-0.09666738633415388,9.764222548231484,0.018847249986918918,True,Cruise
1,170,1675392722.3165538,49.96365728631832,-0.000484569515755667,False,False,False,False,100000,False,True,False,4.023334775864944,-0.13841859985431015,9.762729194720265,0.016440633868902318,True,Cruise
1,171,1675392722.4164717,49.96365728631832,-0.000484569515755667,False,False,False,False,100000,False,True,False,4.018672833219306,-0.14311788496813949,9.761871936140679,0.002737980824603424,True,Cruise
1,172,1675392722.516515,49.99668834415605,-4.415541125269673e-05,False,False,False,False,100000,False,True,False,4.018006980262773,-0.14575840241745203,9.761587601063615,0.002737980824603424,True,Cruise
1,173,1675392722.6165304,49.99648206899306,4.690574675920455e-05,False,False,False,False,100000,False,True,False,4.018006980262773,-0.14575840241745203,9.761587601063615,0.015872193728250217,True,Cruise
1,174,1675392722.7164836,49.954108028610044,0.0006118929518660747,False,False,False,False,100000,False,True,False,4.0231277543007105,-0.12232576144361673,9.761491150315846,0.008127815583396888,True,Cruise
1,175,1675392722.8164742,49.954108028610044,0.0006118929518660747,False,False,False,False,100000,False,True,False,4.017811733129542,-0.03312047885159795,9.748140773621612,0.07554830977325369,True,Cruise
1,176,1675392722.9297078,49.99613476244265,5.1536500764616245e-05,False,False,False,False,100000,False,True,False,4.02425490340958,-0.0120617465922212,9.752011288524622,0.010047660520172263,True,Cruise
1,177,1675392723.033667,49.99613476244265,5.1536500764616245e-05,False,False,False,False,100000,False,True,False,4.028258768922174,0.009404575847158954,9.754440590840836,0.021971241381814062,True,Cruise
1,178,1675392723.1165257,49.956796096096255,-0.0005760520520498825,False,False,False,False,100000,False,True,False,4.028258768922174,0.009404575847158954,9.754440590840836,0.021971241381814062,True,Cruise
1,179,1675392723.2165103,49.956796096096255,-0.0005760520520498825,False,False,False,False,100000,False,True,False,4.0206320259652655,0.27249343644468865,9.732774192547684,0.2640896601414654,True,Cruise
1,180,1675392723.3165977,49.86139917930746,-0.0018480109425672451,False,False,False,False,100000,False,True,False,4.029235220507403,0.2359613779151664,9.742943352951814,0.02719071317349705,True,Cruise
1,181,1675392723.4165072,49.961451355576145,0.0005139819256514751,False,False,False,False,100000,False,True,False,4.0402745360742784,0.18543075902737374,9.75398070629599,0.045967926797303785,True,Cruise
1,182,1675392723.5164683,49.961451355576145,0.0005139819256514751,False,False,False,False,100000,False,True,False,4.051431309523894,0.09927483162791624,9.764495733185367,0.0415429846261692,True,Cruise
1,183,1675392723.6164637,49.961451355576145,0.0005139819256514751,False,False,False,False,100000,False,True,False,4.051431309523894,0.09927483162791624,9.764495733185367,0.0415429846261692,True,Cruise
1,184,1675392723.7165105,49.931024938143054,-0.0009196674914259141,False,False,False,False,100000,False,True,False,4.065796115846078,0.051298863920492474,9.778243049318181,0.05193293597509375,True,Cruise
1,185,1675392723.8165414,49.931024938143054,-0.0009196674914259141,False,False,False,False,100000,False,True,False,4.072968285783943,0.008908831247953525,9.785528492409606,0.020740041015682983,True,Cruise
1,186,1675392723.917748,49.99429239547194,-7.610139370745625e-05,False,False,False,False,100000,False,True,False,4.07578437357083,-0.03183377148715249,9.788511884990122,0.04094863440144984,True,Cruise
1,187,1675392724.0218406,49.96358119100168,-0.0004855841199775878,False,False,False,False,100000,False,True,False,4.0781075612194515,-0.06065699272120214,9.791034458392726,0.04094863440144984,True,Cruise
1,188,1675392724.125961,49.96358119100168,-0.0004855841199775878,False,False,False,False,100000,False,True,False,4.081327669200659,-0.07481073962084152,9.794684942723483,0.003907708422289743,True,Cruise
1,189,1675392724.229922,49.96358119100168,-0.0004855841199775878,False,False,False,False,100000,False,True,False,4.082721092991253,-0.07973116794025648,9.796529355889035,0.005436368699044832,True,Cruise
1,190,1675392724.3337893,49.998142468450446,2.4767087327353792e-05,False,False,False,False,100000,False,True,False,4.081799689628338,-0.08698870288287999,9.796267101789164,0.0013322051365053638,True,Cruise
1,191,1675392724.4165134,49.93541492391633,-0.0008611343477822694,False,False,False,False,100000,False,True,False,4.080818665421834,-0.08548148811820816,9.7954916095436,0.001958441488408967,True,Cruise
1,192,1675392724.5164816,49.94038004999738,-0.0007949326667015971,False,False,False,False,100000,False,True,False,4.079566608855403,-0.07145352525828062,9.794431143153352,0.014123596447431308,True,Cruise
1,193,1675392724.616649,49.94038004999738,-0.0007949326667015971,False,False,False,False,100000,False,True,False,4.076363881327118,-0.07570254248655393,9.791611933540041,0.002673273364829679,True,Cruise
1,194,1675392724.7164931,49.997619352055565,3.174197259245924e-05,False,False,False,False,100000,False,True,False,1.90144098132025,-0.054273380408071774,9.973052947600411,2.182583256497888,True,Cruise
1,195,1675392724.816478,49.997619352055565,3.174197259245924e-05,False,False,False,False,100000,False,True,False,1.90144098132025,-0.054273380408071774,9.973052947600411,0.5822713868590332,True,Cruise
1,196,1675392724.9166093,49.947956722861406,-0.0006939103618479635,False,False,False,False,100000,False,True,False,1.3201496265752592,-0.04710605234281577,10.0060523151986,0.2383949850734281,True,Cruise
1,197,1675392725.0165343,49.947956722861406,-0.0006939103618479635,False,False,False,False,100000,False,True,False,1.3201496265752592,-0.04710605234281577,10.0060523151986,0.5418972212025374,True,Cruise
1,198,1675392725.1165524,49.968233794423064,0.00042354940769247473,False,False,False,False,100000,False,True,False,0.1585048290428444,-0.03636147253346021,9.970815602292353,0.14186004227244067,True,Cruise
1,199,1675392725.2179825,49.96206334329297,0.000505822089427074,False,False,False,False,100000,False,True,False,0.1585048290428444,-0.03636147253346021,9.970815602292353,0.10998686808794648,True,Cruise
1,200,1675392725.3218114,49.96206334329297,0.000505822089427074,False,False,False,False,100000,False,True,False,0.11397903565412654,-0.011517244231493768,9.873361360748024,0.1094104362328637,True,Cruise
1,201,1675392725.4257843,49.92169378454625,-0.001044082872716652,False,False,False,False,100000,False,True,False,0.00698910610327879,-0.010102170580311215,9.850518504141814,0.1606530720273635,True,Cruise
1,202,1675392725.529987,49.92169378454625,-0.001044082872716652,False,False,False,False,100000,False,True,False,-0.15275704847612762,-0.008125680381348714,9.833587197771216,0.3884362042245732,True,Cruise
1,203,1675392725.6336794,49.92169378454625,-0.001044082872716652,False,False,False,False,100000,False,True,False,-0.540549787232219,-0.029806936704802077,9.839009341690453,0.07261343461996639,True,Cruise
1,204,1675392725.7376845,49.96413426218353,0.0004782098375529369,False,False,False,False,100000,False,True,False,-0.6129707771998619,-0.018556441811193234,9.78278161565225,0.029411154818143027,True,Cruise
1,205,1675392725.81654,49.96413426218353,0.0004782098375529369,False,False,False,False,100000,False,True,False,-0.6129707771998619,-0.018556441811193234,9.78278161565225,0.029411154818143027,True,Cruise
1,206,1675392725.9258323,49.96413426218353,0.0004782098375529369,False,False,False,False,100000,False,True,False,-0.6036913216893853,-0.013579836917922309,9.755441944598797,0.029297312234155947,True,Cruise
1,207,1675392726.021933,49.96413426218353,0.0004782098375529369,False,False,False,False,100000,False,True,False,-0.6036913216893853,-0.013579836917922309,9.755441944598797,0.029297312234155947,True,Cruise
1,208,1675392726.1187198,49.87749568114352,0.0016333909180863526,False,False,False,False,100000,False,True,False,-0.39519273894652374,-0.0016553268605434535,9.665196508670782,0.2913184853580902,True,Cruise
1,209,1675392726.2198236,49.986904757692244,-0.00017460323077014565,False,False,False,False,100000,False,True,False,-0.459547613808443,-0.006764319410495205,9.661245610638867,0.0646781363261755,True,Cruise
1,210,1675392726.3177648,49.986904757692244,-0.00017460323077014565,False,False,False,False,100000,False,True,False,-0.1536352510554491,-0.013967918669983297,9.60688857196226,0.9141455367353628,True,Cruise
1,211,1675392726.4176552,49.97961814834271,0.00027175802209723624,False,False,False,False,100000,False,True,False,-0.042327176923617926,-0.005738651148820855,9.607874886659083,0.11161622206271474,True,Cruise
1,212,1675392726.517314,49.97961814834271,0.00027175802209723624,False,False,False,False,100000,False,True,False,-0.042327176923617926,-0.005738651148820855,9.607874886659083,0.11161622206271474,True,Cruise
1,213,1675392726.617094,49.95770089156208,0.0005639881125056314,False,False,False,False,100000,False,True,False,-0.2320391051404643,0.02773612726733272,9.66422333378336,0.01528524991138057,True,Cruise
1,214,1675392726.7164779,49.238808196623324,-0.010149224045022342,False,False,False,False,100000,False,True,False,-0.2320391051404643,0.02773612726733272,9.66422333378336,0.01528524991138057,True,Cruise
1,215,1675392726.8379784,49.238808196623324,-0.010149224045022342,False,False,False,False,100000,False,True,False,-0.30558099129224875,0.03414645094288989,9.699050070513191,0.0554513912086117,True,Cruise
1,216,1675392726.9338074,49.238808196623324,-0.010149224045022342,False,False,False,False,100000,False,True,False,-2.0202172255808937,-0.08794275190788135,9.881778216234508,0.8358749107129659,True,Cruise
1,217,1675392727.0296688,49.21419716474695,-0.010477371136707384,False,False,False,False,100000,False,True,False,-2.61577787368227,-0.19233006785394474,9.936241671777273,0.6070876915957146,True,Cruise
1,218,1675392727.125918,49.21419716474695,-0.010477371136707384,False,False,False,False,100000,False,True,False,-2.61577787368227,-0.19233006785394474,9.936241671777273,0.6070876915957146,True,Cruise
1,219,1675392727.221725,49.03251682855154,-0.012899775619312808,False,False,False,False,100000,False,True,False,-2.471453086451186,-0.3853415362074931,9.901526824281492,0.24349166671971717,True,Cruise
1,220,1675392727.3176768,49.85342188209707,0.001954374905372481,False,False,False,False,100000,False,True,False,-1.9173471065505028,-0.38536345290645174,9.836107314610485,0.27297965856377704,True,Cruise
1,221,1675392727.4164963,49.31553771885675,-0.00912616374857665,False,False,False,False,100000,False,True,False,-0.4241583819839871,-0.4786738128325624,9.691286247152261,1.5030943190704493,True,Cruise
1,222,1675392727.5165446,49.31553771885675,-0.00912616374857665,False,False,False,False,100000,False,True,False,1.8530700038265524,-0.24141562824502016,9.51834814919477,0.9599841967743468,True,Cruise
1,223,1675392727.6165483,49.31553771885675,-0.00912616374857665,False,False,False,False,100000,False,True,False,-0.2741494524225774,-0.5567613269285224,9.771902665516222,0.3170080660360528,True,Cruise
1,224,1675392727.7164865,49.57068270804007,-0.005724230559465819,False,False,False,False,100000,False,True,False,-0.3442741861562546,-0.6195229764852273,9.79149898787252,0.09612761718772447,True,Cruise
1,225,1675392727.8166456,49.58206768813624,-0.005572430824850115,False,False,False,False,100000,False,True,False,0.7828616111252936,-0.6299997579991281,9.708537613255787,1.087813587366883,True,Cruise
1,226,1675392727.91672,49.58206768813624,-0.005572430824850115,False,False,False,False,100000,False,True,False,1.5418706811974123,-0.5229245396058797,9.663791444076795,0.14348390812251569,True,Cruise
1,227,1675392728.0165777,49.76565607578943,-0.0031245856561409693,False,False,False,False,100000,False,True,False,1.1612105713437257,-0.5437988747314512,9.749666765107607,0.24834896394683723,True,Cruise
1,228,1675392728.134194,49.76565607578943,-0.0031245856561409693,False,False,False,False,100000,False,True,False,1.1612105713437257,-0.5437988747314512,9.749666765107607,0.5475358659881867,True,Cruise
1,229,1675392728.2296953,49.70211801093624,-0.003971759854183519,False,False,False,False,100000,False,True,False,1.7013677343345328,-0.45507141993149197,9.762044268001063,0.5475358659881867,True,Cruise
1,230,1675392728.3257284,49.70211801093624,-0.003971759854183519,False,False,False,False,100000,False,True,False,0.4283152862627053,-0.417413395833932,9.934467464834274,0.6675261346367317,True,Cruise
1,231,1675392728.4217055,49.95309179510691,-0.0006254427319079076,False,False,False,False,100000,False,True,False,1.339661466256152,-0.3555299339835119,9.854075591863252,0.6675261346367317,True,Cruise
1,232,1675392728.5179992,49.90789407292752,-0.0012280790276330141,False,False,False,False,100000,False,True,False,2.041122549115297,-0.21492037819019583,9.804632116802313,0.7171215762842585,True,Cruise
1,233,1675392728.6165166,49.90789407292752,-0.0012280790276330141,False,False,False,False,100000,False,True,False,2.041122549115297,-0.21492037819019583,9.804632116802313,0.7171215762842585,True,Cruise
1,234,1675392728.7167933,49.90789407292752,-0.0012280790276330141,False,False,False,False,100000,False,True,False,2.041122549115297,-0.21492037819019583,9.804632116802313,0.7171215762842585,True,Cruise
1,235,1675392728.8167706,49.942145803934054,0.0007713892808793065,False,False,False,False,100000,False,True,False,0.9171636588393416,-0.1695233709313007,9.931636531440091,1.1320223481168141,True,Cruise
1,236,1675392728.9165254,49.720231160095366,-0.003730251198728508,False,False,False,False,100000,False,True,False,0.7290996074297668,-0.048623735560082024,9.938566272637484,0.10363405027586949,True,Cruise
1,237,1675392729.0165012,49.98626292393041,0.0001831610142611976,False,False,False,False,100000,False,True,False,-0.36823954637849565,-0.00590048595641531,10.035749029689757,1.1024622364532999,True,Cruise
1,238,1675392729.1164856,49.98626292393041,0.0001831610142611976,False,False,False,False,100000,False,True,False,-0.9368892583275799,-0.13010129913369098,10.063959785847844,0.22337651080859708,True,Cruise
1,239,1675392729.2164638,49.98626292393041,0.0001831610142611976,False,False,False,False,100000,False,True,False,-0.7480505219772796,-0.019337683313247634,10.019592921579267,0.22337651080859708,True,Cruise
1,240,1675392729.3338327,49.966303399026394,-0.0004492880129813833,False,False,False,False,100000,False,True,False,-0.7480505219772796,-0.019337683313247634,10.019592921579267,0.22337651080859708,True,Cruise
1,241,1675392729.429854,49.966303399026394,-0.0004492880129813833,False,False,False,False,100000,False,True,False,1.3720937787556322,0.05696568830175914,9.788081417224797,0.37613642600836755,True,Cruise
1,242,1675392729.525805,49.99686156610782,4.184578522904603e-05,False,False,False,False,100000,False,True,False,0.18507572743225947,0.048684620611943924,9.858220821749232,0.2928084716086121,True,Cruise
1,243,1675392729.6217492,49.99686156610782,4.184578522904603e-05,False,False,False,False,100000,False,True,False,0.22395674114219066,0.0497774001885416,9.838233451829472,0.10339863051535057,True,Cruise
1,244,1675392729.7218146,49.74537767572833,0.003394964323622242,False,False,False,False,100000,False,True,False,0.0379936998903871,0.0557228224526818,9.828671419852702,0.08324529096485257,True,Cruise
1,245,1675392729.8164659,49.74537767572833,0.003394964323622242,False,False,False,False,100000,False,True,False,0.0379936998903871,0.0557228224526818,9.828671419852702,0.08324529096485257,True,Cruise
1,246,1675392729.9165616,49.91527716751722,-0.0011296377664370492,False,False,False,False,100000,False,True,False,-1.6936610973947377,0.13298864353792902,9.938917836850482,0.24336122018185513,True,Cruise
1,247,1675392730.016479,49.990168853226486,0.00013108195698020278,False,False,False,False,100000,False,True,False,-1.0639358576767879,0.09435423576373964,9.8324561472356,0.39684569962716415,True,Cruise
1,248,1675392730.116592,49.990168853226486,0.00013108195698020278,False,False,False,False,100000,False,True,False,1.1265956297383524,-0.004322253225065658,9.609220789652479,0.1282361811800986,True,Cruise
1,249,1675392730.2165265,49.67393411223562,0.004347545170191733,False,False,False,False,100000,False,True,False,0.665712218816859,0.06178464189228826,9.660801702176588,0.34092217158658344,True,Cruise
1,250,1675392730.316634,49.8173445470825,0.0024354060389000253,False,True,False,False,100000,False,True,False,0.665712218816859,0.06178464189228826,9.660801702176588,0.34092217158658344,True,Cruise
1,251,1675392730.4165816,49.8173445470825,0.0024354060389000253,False,True,False,False,100000,False,True,False,-1.8639530742523174,0.23489535786792218,9.8716032692561,1.312648176244174,True,Cruise
1,252,1675392730.5336971,48.9118075281563,0.014509232957915947,False,True,False,False,100000,False,True,False,-0.5599213453005213,0.17003864995571769,9.736177673732445,1.312648176244174,True,Cruise
1,253,1675392730.6298938,48.9118075281563,0.014509232957915947,False,True,False,False,100000,False,True,False,0.05970578947763932,0.10353585078459618,9.69188201015652,0.14777320402885566,True,Cruise
1,254,1675392730.7257452,49.77002677723151,0.003066309636913228,False,True,False,False,100000,False,True,False,-1.9122638957628646,0.34174448975874067,9.884134092929408,0.964422191264226,True,Cruise
1,255,1675392730.822317,49.77002677723151,0.003066309636913228,False,True,False,False,100000,False,True,False,-1.9122638957628646,0.34174448975874067,9.884134092929408,0.964422191264226,True,Cruise
1,256,1675392730.9177794,48.80580182725577,0.015922642303256317,False,True,False,False,100000,False,True,False,-1.113082620418363,0.27575755233146654,9.778563263108438,0.808820243862246,True,Cruise
1,257,1675392731.0165775,48.80580182725577,0.015922642303256317,False,True,False,False,100000,False,True,False,0.30344871048282884,0.19827443526220245,9.656160547707803,1.4239196148634656,True,Cruise
1,258,1675392731.1164777,49.802338096444196,0.002635492047410677,False,True,False,False,100000,False,True,False,-2.606350039536145,0.654683906814716,9.951834546324093,1.3482012512286796,True,Cruise
1,259,1675392731.2165089,49.802338096444196,0.002635492047410677,False,True,False,False,100000,False,True,False,-3.1513048240978523,0.7390717486157632,9.986307956813256,0.5525264166456566,True,Cruise
1,260,1675392731.3165035,49.87067379892076,-0.0017243493477231968,False,True,False,False,100000,False,True,False,0.438772924153824,0.5655785430092588,9.635028013443725,1.7440679432621773,True,Cruise
1,261,1675392731.4165633,49.87067379892076,-0.0017243493477231968,False,True,False,False,100000,False,True,False,0.438772924153824,0.5655785430092588,9.635028013443725,1.7440679432621773,True,Cruise
1,262,1675392731.5164838,49.54281334339626,0.006095822088049793,False,True,False,False,100000,False,True,False,2.6257001143030165,0.3199228512890375,9.501831811673632,2.204708253273971,True,Cruise
1,263,1675392731.6164715,49.54281334339626,0.006095822088049793,False,True,False,False,100000,False,True,False,0.7576032846632699,0.3431560570267188,9.7104206979626,1.879849693523978,True,Cruise
1,264,1675392731.7337258,49.4948871700685,0.006734837732419965,False,True,False,False,100000,False,True,False,-0.31270376516391435,0.42637280218859075,9.816786976159069,0.22433594704626122,True,Cruise
1,265,1675392731.8297153,49.4948871700685,0.006734837732419965,False,True,False,False,100000,False,True,False,-0.22397649678233278,0.42370598272798315,9.836584145072674,0.138078536540806,True,Cruise
1,266,1675392731.9264395,49.67354879501232,0.00435268273316905,False,True,False,False,100000,False,True,False,-0.3567431878034513,0.3944003796740691,9.860664627588603,0.138078536540806,True,Cruise
1,267,1675392732.021803,49.67354879501232,0.00435268273316905,False,True,False,False,100000,False,True,False,-0.3567431878034513,0.3944003796740691,9.860664627588603,0.138078536540806,True,Cruise
1,268,1675392732.1178658,49.79820826981945,0.0026905564024073355,False,True,False,False,100000,False,True,False,-0.3567431878034513,0.3944003796740691,9.860664627588603,1.7941593818271035,True,Cruise
1,269,1675392732.2166054,49.79820826981945,0.0026905564024073355,False,True,False,False,100000,False,True,False,0.9589004871885706,0.2675438275966676,9.803454279874297,0.27702571308437296,True,Cruise
1,270,1675392732.3164907,49.664607678037825,0.004471897626162307,False,True,False,False,100000,False,True,False,1.3603090918453187,0.26979598685449363,9.797344929777823,0.26276255463902026,True,Cruise
1,271,1675392732.4164915,49.898283373427,-0.0013562216876400442,False,True,False,False,100000,False,True,False,1.0302860356243735,0.26189732054184206,9.839738196983088,0.33282847785498876,True,Cruise
1,272,1675392732.5166829,49.898283373427,-0.0013562216876400442,False,True,False,False,100000,False,True,False,-0.12937488886132822,0.5094646150832975,10.00599635930823,1.197390830783893,True,Cruise
1,273,1675392732.6168802,49.97409761132297,0.0003453651823605019,False,True,False,False,100000,False,True,False,1.3313271593414546,0.1343509522353579,9.868369467244026,1.5143651789110362,True,Cruise
1,274,1675392732.7166073,49.791477751082134,0.0027802966522382485,False,True,False,False,100000,False,True,False,1.078751996522345,0.11372836647166615,9.891285143728219,0.29928678395443936,True,Cruise
1,275,1675392732.837694,49.791477751082134,0.0027802966522382485,False,True,False,False,100000,False,True,False,-0.3821735872109444,0.33723314733356574,9.991890109200394,0.566702725035004,True,Cruise
1,276,1675392732.933872,49.9916801245842,0.00011093167221068546,False,True,False,False,100000,False,True,False,-0.3821735872109444,0.33723314733356574,9.991890109200394,0.566702725035004,True,Cruise
1,277,1675392733.0297542,49.9916801245842,0.00011093167221068546,False,True,False,False,100000,False,True,False,0.8139288611263943,0.11292752637145873,9.845877943188142,1.1550350459643575,True,Cruise
1,278,1675392733.125745,49.9916801245842,0.00011093167221068546,True,True,False,False,15.734305513886543,False,True,False,0.8139288611263943,0.11292752637145873,9.845877943188142,1.1550350459643575,True,Cruise
1,279,1675392733.2226086,29.601458270829816,0.0027944440567683484,True,True,False,False,15.734305513886543,False,False,False,0.8373824200976627,-0.07577664621250191,9.833230559624445,0.1905762065159847,True,Keep distance
1,280,1675392733.3181953,29.601458270829816,0.0027944440567683484,True,True,False,False,15.734305513886543,False,False,False,0.5639394841150848,-0.09112329059654534,9.84931477604162,0.27434514894631734,True,Keep distance
1,281,1675392733.417241,29.601458270829816,0.00229902937005555,True,True,False,False,15.734305513886543,False,False,False,-1.6946540993000199,-0.13777119775601762,10.026883889993249,1.0595049530734513,True,Keep distance
1,282,1675392733.5165212,29.601458270829816,0.003930683219332952,True,True,False,False,15.734305513886543,False,False,False,-2.960543013569293,-0.09507298542412361,10.07686098315343,0.49906418507684763,True,Keep distance
1,283,1675392733.6176782,29.601458270829816,0.003930683219332952,True,True,False,False,15.734305513886543,False,False,False,-3.26265504210943,-0.09554072366496538,10.064917498575664,0.30234838083171145,True,Keep distance
1,284,1675392733.7165241,29.601458270829816,0.00455261577767504,True,True,False,False,15.734305513886543,False,False,False,-3.26265504210943,-0.09554072366496538,10.064917498575664,0.30234838083171145,True,Keep distance
1,285,1675392733.8165274,29.601458270829816,0.00455261577767504,True,True,False,False,15.734305513886543,False,False,False,-3.6867610887404303,-0.027072662483960244,9.973106994005486,0.4392982846999211,True,Keep distance
1,286,1675392733.9165924,29.601458270829816,0.009378998814078165,True,True,False,False,15.734305513886543,False,False,False,-3.925441475256481,0.04670438836211054,9.905640786887574,0.13437766819413943,True,Keep distance
1,287,1675392734.0165637,29.601458270829816,0.009378998814078165,True,True,False,False,15.734305513886543,False,False,False,-4.182577108539063,0.12141110053204696,9.84291624931706,0.13661565972344905,True,Keep distance
1,288,1675392734.1363032,29.601458270829816,0.0056462157804786995,True,True,False,False,15.734305513886543,False,False,False,-4.303552451369004,0.1414350579344974,9.813101859714518,0.1533082244275918,True,Keep distance
1,289,1675392734.2298095,29.601458270829816,0.0056462157804786995,True,True,False,False,15.734305513886543,False,False,False,-4.412837338826821,0.2449906571097891,9.784180190849817,0.1533082244275918,True,Keep distance
1,290,1675392734.3257585,29.601458270829816,0.0056462157804786995,True,True,False,False,15.734305513886543,False,False,False,-4.412837338826821,0.2449906571097891,9.784180190849817,0.1533082244275918,True,Keep distance
1,291,1675392734.4217303,27.204279626903066,0.0056462157804786995,True,True,False,False,14.136186417935377,False,False,False,-4.699688238400123,0.558173946396426,9.661696414195042,0.04941673187504812,True,Keep distance
1,292,1675392734.5177388,27.204279626903066,0.005473546177567878,True,True,False,False,14.136186417935377,False,False,False,-4.72333891639348,0.5419899571858476,9.644568404187075,0.02574974974131149,True,Keep distance
1,293,1675392734.6166809,27.204279626903066,0.004238316982312419,True,True,False,False,14.136186417935377,False,False,False,-4.7274822029951125,0.4984929277934105,9.617812612311873,0.027482407418864523,True,Keep distance
1,294,1675392734.7184877,27.204279626903066,0.0017907201573412349,True,True,False,False,14.136186417935377,False,False,False,-4.710900830772759,0.4704663813036765,9.608517085835993,0.058660090781035956,True,Keep distance
1,295,1675392734.8188605,27.204279626903066,0.0017907201573412349,True,True,False,False,14.136186417935377,False,False,False,-4.683636708715646,0.4189299391251817,9.602061930804787,0.058660090781035956,True,Keep distance
1,296,1675392734.9165237,27.204279626903066,0.010134394242933659,True,True,False,False,14.136186417935377,False,False,False,-4.6034486170039965,0.34376634681959795,9.597823861130545,0.08486903945643735,True,Keep distance
1,297,1675392735.016525,27.204279626903066,0.010134394242933659,True,True,False,False,14.136186417935377,False,False,False,-4.497397629055947,0.22024773137774054,9.604729563697735,0.07854372927347987,True,Keep distance
1,298,1675392735.1167102,27.204279626903066,0.010134394242933659,True,True,False,False,14.136186417935377,False,False,False,-4.43833876429296,0.15403669534592623,9.61210274296653,0.07854372927347987,True,Keep distance
1,299,1675392735.2378793,27.204279626903066,0.00192693359572723,True,True,False,False,14.136186417935377,False,False,False,-4.378030555795032,0.23732535494776277,9.621969076533366,0.07871964240360636,True,Keep distance
1,300,1675392735.3337643,27.204279626903066,0.00192693359572723,True,True,False,False,14.136186417935377,False,False,False,-4.3162306414342675,0.28459679487916384,9.63392581739222,0.06838603397373091,True,Keep distance
1,301,1675392735.429785,27.204279626903066,0.0019395261112987853,True,True,False,False,14.136186417935377,False,False,False,-4.1905084804095205,0.18183453568536145,9.662979694467996,0.14304793692034173,True,Keep distance
1,302,1675392735.5259867,25.09601420391588,0.0019395261112987853,True,True,False,False,12.73067613594392,False,False,False,-4.1905084804095205,0.18183453568536145,9.662979694467996,0.14304793692034173,True,Keep distance
1,303,1675392735.6217668,25.09601420391588,2.7813785103963042e-05,True,True,False,False,12.73067613594392,False,False,False,-4.015968074354956,0.07484594238946236,9.715978398721195,0.05422684010248973,True,Keep distance
1,304,1675392735.721717,25.09601420391588,0.018227310137478612,True,True,False,False,12.73067613594392,False,False,False,-4.015968074354956,0.07484594238946236,9.715978398721195,0.05422684010248973,True,Keep distance
1,305,1675392735.8164923,25.09601420391588,0.018227310137478612,True,True,False,False,12.73067613594392,False,False,False,-3.8771474296922768,0.04889627141426597,9.77320622144247,0.05616191879391067,True,Keep distance
1,306,1675392735.9168844,25.09601420391588,0.018227310137478612,True,True,False,False,12.73067613594392,False,False,False,-3.8403991486964357,-0.03518362775401925,9.791814351777827,0.09362760338103256,True,Keep distance
1,307,1675392736.017092,25.09601420391588,0.018227310137478612,True,True,False,False,12.73067613594392,False,False,False,-3.811068620674842,0.19715591097652668,9.810002770946125,0.2348888241772905,True,Keep distance
1,308,1675392736.117811,25.09601420391588,0.018227310137478612,True,True,False,False,12.73067613594392,False,False,False,-3.811068620674842,0.19715591097652668,9.810002770946125,0.2348888241772905,True,Keep distance
1,309,1675392736.2169545,25.09601420391588,0.006032978404896345,True,True,False,False,12.73067613594392,False,False,False,-3.786887040414821,0.35282061207562,9.827175446317794,0.15846497648238428,True,Keep distance
1,310,1675392736.3174198,25.09601420391588,0.006032978404896345,True,True,False,False,12.73067613594392,False,False,False,-3.786887040414821,0.35282061207562,9.827175446317794,0.15846497648238428,True,Keep distance
1,311,1675392736.4386575,25.09601420391588,0.006032978404896345,True,True,False,False,12.73067613594392,False,False,False,-3.786887040414821,0.35282061207562,9.827175446317794,0.15846497648238428,True,Keep distance
1,312,1675392736.534514,25.09601420391588,0.006032978404896345,True,True,False,False,12.73067613594392,False,False,False,-3.786887040414821,0.35282061207562,9.827175446317794,0.15846497648238428,True,Keep distance
1,313,1675392736.6306791,25.09601420391588,0.006032978404896345,True,True,False,False,12.73067613594392,False,False,False,-3.786887040414821,0.35282061207562,9.827175446317794,0.15846497648238428,True,Keep distance
1,314,1675392736.7271054,25.09601420391588,0.006032978404896345,True,True,False,False,12.73067613594392,False,False,False,-3.786887040414821,0.35282061207562,9.827175446317794,0.15846497648238428,True,Keep distance
1,315,1675392736.8230054,25.09601420391588,0.006032978404896345,True,True,False,False,12.73067613594392,False,False,False,-3.786887040414821,0.35282061207562,9.827175446317794,0.15846497648238428,True,Keep distance
1,316,1675392736.9168751,25.09601420391588,-0.002444650599580483,True,True,False,False,12.73067613594392,False,False,False,-3.786887040414821,0.35282061207562,9.827175446317794,0.15846497648238428,True,Keep distance
1,317,1675392737.0164886,25.09601420391588,-0.002444650599580483,True,True,False,False,12.73067613594392,False,False,False,-3.728843721580887,0.25472589502636434,9.881601750637067,0.06936554821056606,True,Keep distance
1,318,1675392737.1164944,25.09601420391588,-0.002444650599580483,True,True,False,False,12.73067613594392,False,False,False,-3.72439700051128,0.2232998215103411,9.89915897634475,0.0738237962481126,True,Keep distance
1,319,1675392737.2164638,25.09601420391588,-0.002444650599580483,True,True,False,False,12.73067613594392,False,False,False,-3.7370835723727565,0.17475830470296902,9.909978131042699,0.011878411806007497,True,Keep distance
1,320,1675392737.3164644,25.09601420391588,-0.002444650599580483,True,True,False,False,12.73067613594392,False,False,False,-3.748901600873775,0.16840449137596214,9.912832243588923,0.013717969961763856,True,Keep distance
1,321,1675392737.416475,25.09601420391588,-0.0034278804120787543,True,True,False,False,12.73067613594392,False,False,False,-3.797480575012627,0.08211492815676927,9.91151354731646,0.09903304705400781,True,Keep distance
1,322,1675392737.5165005,25.09601420391588,-0.00575936507411664,True,True,False,False,12.73067613594392,False,False,False,-3.855570789825147,-0.04601840288924062,9.897486181832743,0.054585214546448615,True,Keep distance
1,323,1675392737.6165144,25.09601420391588,-0.010641872544394861,True,True,False,False,12.73067613594392,False,False,False,-3.875398383541071,-0.08385989336645389,9.890644056044605,0.04326576659902703,True,Keep distance
1,324,1675392737.7165754,25.09601420391588,-2.6396287576688248e-05,True,True,False,False,12.73067613594392,False,False,False,-3.914072142258295,-0.16054293372439843,9.874683359211518,0.05758775128550909,True,Keep distance
1,325,1675392737.8165376,23.267976333899362,-2.6396287576688248e-05,True,True,False,False,11.511984222599576,False,False,False,-3.914072142258295,-0.16054293372439843,9.874683359211518,0.03107541313686744,True,Keep distance
1,326,1675392737.9165134,23.267976333899362,-0.007114307946459367,True,True,False,False,11.511984222599576,False,False,False,-3.965790574880087,-0.17390527159751695,9.847540092322202,0.019215970132943926,True,Keep distance
1,327,1675392738.0164752,23.267976333899362,-0.008263815308810618,True,True,False,False,11.511984222599576,False,False,False,-4.006102176462547,-0.2472972236055051,9.820297418214237,0.09748750547432136,True,Keep distance
1,328,1675392738.1164796,23.267976333899362,-0.008263815308810618,True,True,False,False,11.511984222599576,False,False,False,-4.006102176462547,-0.2472972236055051,9.820297418214237,0.09748750547432136,True,Keep distance
1,329,1675392738.2166166,23.267976333899362,-0.0015672401816011136,True,True,False,False,11.511984222599576,False,False,False,-4.025771385067685,-0.3257359008018976,9.80386655008431,0.02743309535161048,True,Keep distance
1,330,1675392738.3165047,23.267976333899362,-0.008186354196223381,True,True,False,False,11.511984222599576,False,False,False,-4.0331945899550785,-0.32826841370099363,9.796476274431916,0.010776537783661364,True,Keep distance
1,331,1675392738.4165065,23.267976333899362,-0.008186354196223381,True,True,False,False,11.511984222599576,False,False,False,-4.045094328028624,-0.2572277976765168,9.778416857764617,0.08440055144628779,True,Keep distance
1,332,1675392738.5165248,23.267976333899362,-0.010797530747722467,True,True,False,False,11.511984222599576,False,False,False,-4.046303116683602,-0.24988068224262439,9.770395337451427,0.0673093825593595,True,Keep distance
1,333,1675392738.6164916,23.267976333899362,-0.010797530747722467,True,True,False,False,11.511984222599576,False,False,False,-4.0437386708385334,-0.3010773214463638,9.765715582264551,0.003305696860772158,True,Keep distance
1,334,1675392738.7166255,23.267976333899362,-0.0009711837298527695,True,True,False,False,11.511984222599576,False,False,False,-4.0412240949044325,-0.32722167534619756,9.764592994491771,0.026288981271165853,True,Keep distance
1,335,1675392738.8165786,21.67097594349609,-0.0009711837298527695,True,True,False,False,10.44731729566406,False,False,False,-4.026519155413199,-0.2480563176903724,9.765314577121073,0.012514013903866656,True,Keep distance
1,336,1675392738.9164908,21.67097594349609,-0.002538741182484435,True,True,False,False,10.44731729566406,False,False,False,-4.013311083198754,-0.1456389793350741,9.76892757760819,0.02447997639696048,True,Keep distance
1,337,1675392739.0164804,21.67097594349609,-0.009251702231547127,True,True,False,False,10.44731729566406,False,False,False,-4.0070959547617075,-0.1343075530753835,9.771555737129868,0.01318848986954827,True,Keep distance
1,338,1675392739.116472,21.67097594349609,-0.0005275901927329804,True,True,False,False,10.44731729566406,False,False,False,-4.001226908021091,-0.1453328301076938,9.774628611050138,0.012862542416358015,True,Keep distance
1,339,1675392739.2165112,21.67097594349609,-0.0005275901927329804,True,True,False,False,10.44731729566406,False,False,False,-3.985404143790221,-0.24737824312421391,9.785623139693033,0.060909757647156546,True,Keep distance
1,340,1675392739.3165696,21.67097594349609,-0.0005275901927329804,True,True,False,False,10.44731729566406,False,False,False,-3.985404143790221,-0.24737824312421391,9.785623139693033,0.060909757647156546,True,Keep distance
1,341,1675392739.4164925,21.67097594349609,-0.0093290538800778,True,True,False,False,10.44731729566406,False,False,False,-3.9630032119909635,-0.020540439915113465,9.801083009613494,0.010395931753591148,True,Keep distance
1,342,1675392739.516487,21.67097594349609,0.0015923210963785523,True,True,False,False,10.44731729566406,False,False,False,-3.958951585182566,0.011978189017603894,9.804813775928157,0.13427478285900946,True,Keep distance
1,343,1675392739.6165314,21.67097594349609,0.007124251504038191,True,True,False,False,10.44731729566406,False,False,False,-3.9498370401800558,0.021535340832752273,9.814741425313692,0.07288022857458389,True,Keep distance
1,344,1675392739.7164905,21.67097594349609,0.007124251504038191,True,True,False,False,10.44731729566406,False,False,False,-3.947557689583706,0.051384104018350515,9.817494275221671,0.030061974078008733,True,Keep distance
1,345,1675392739.8164823,21.67097594349609,-0.0048462506217656414,True,True,False,False,10.44731729566406,False,False,False,-3.947557689583706,0.051384104018350515,9.817494275221671,0.030061974078008733,True,Keep distance
1,346,1675392739.9166377,21.67097594349609,-0.0048462506217656414,True,True,False,False,10.44731729566406,False,False,False,-3.9439254806922737,0.1609247371046421,9.823838090336247,0.10978427587129445,True,Keep distance
1,347,1675392740.0165095,20.265126696049954,-0.00313338226574046,True,True,False,False,9.510084464033302,False,False,False,-3.944670467869436,0.013931327118490404,9.827190891162196,0.0786745848326564,True,Keep distance
1,348,1675392740.1164703,20.265126696049954,-0.006246253432172026,True,True,False,False,9.510084464033302,False,False,False,-3.945587327924479,-0.007725513800897919,9.827636789145362,0.021680825998554972,True,Keep distance
1,349,1675392740.2165096,20.265126696049954,-0.006246253432172026,True,True,False,False,9.510084464033302,False,False,False,-3.9479627270704825,0.028847197064254124,9.827583019260398,0.013419400385788066,True,Keep distance
1,350,1675392740.3166306,20.265126696049954,0.0036590117051366,True,True,False,False,9.510084464033302,False,False,False,-3.9479627270704825,0.028847197064254124,9.827583019260398,0.013419400385788066,True,Keep distance
1,351,1675392740.4165096,20.265126696049954,-0.0025328844378962167,True,True,False,False,9.510084464033302,False,False,False,-3.953046988368342,-0.03615286791447916,9.82557845472846,0.0746315148064634,True,Keep distance
1,352,1675392740.5166006,20.265126696049954,-0.0025328844378962167,True,True,False,False,9.510084464033302,False,False,False,-3.956490010165921,-0.02245158870643189,9.82322235465455,0.08831704987906969,True,Keep distance
1,353,1675392740.61649,20.265126696049954,0.009006661992421656,True,True,False,False,9.510084464033302,False,False,False,-3.9602352122381705,-0.010533387476620082,9.820411708381043,0.05320249008877433,True,Keep distance
1,354,1675392740.7165163,20.265126696049954,0.009006661992421656,True,True,False,False,9.510084464033302,False,False,False,-3.964291722877413,-0.1214296656746131,9.817371059908908,0.05780992297728408,True,Keep distance
1,355,1675392740.816443,19.091943961590186,-0.0038695554109339793,True,True,False,False,8.727962641060124,False,False,False,-3.964291722877413,-0.1214296656746131,9.817371059908908,0.24349519746432,True,Keep distance
1,356,1675392740.9165828,19.091943961590186,0.0053302216890728565,True,True,False,False,8.727962641060124,False,False,False,-3.969364438890144,0.1219692774711081,9.812773972136377,0.05264117294211068,True,Keep distance
1,357,1675392741.0165122,19.091943961590186,0.0053302216890728565,True,True,False,False,8.727962641060124,False,False,False,-3.972083488305474,0.04124954537988732,9.809933067288119,0.05264117294211068,True,Keep distance
1,358,1675392741.1164753,19.091943961590186,0.0017167395233464147,True,True,False,False,8.727962641060124,False,False,False,-3.9730443339604133,-0.034726807253201035,9.808644113644103,0.07599336013953081,True,Keep distance
1,359,1675392741.2164757,19.091943961590186,0.0017167395233464147,True,True,False,False,8.727962641060124,False,False,False,-3.9758402043417265,0.11738577238501782,9.805504639551708,0.07602601253595592,True,Keep distance
1,360,1675392741.3166082,19.091943961590186,0.012621211915810419,True,True,False,False,8.727962641060124,False,False,False,-3.9770377790245175,0.15277071947858883,9.804046066784785,0.07602601253595592,True,Keep distance
1,361,1675392741.416506,19.091943961590186,-0.008358220131801694,True,True,False,False,8.727962641060124,False,False,False,-3.9771564315595076,0.08380343110087776,9.803076913182165,0.025893146622824173,True,Keep distance
1,362,1675392741.516479,19.091943961590186,-0.008358220131801694,True,True,False,False,8.727962641060124,False,False,False,-3.97762201708141,0.232326994560513,9.802694950401037,0.15113822385663217,True,Keep distance
1,363,1675392741.6164606,19.091943961590186,-0.008267156978776351,True,True,False,False,8.727962641060124,False,False,False,-3.975839604539855,-0.040750004592065056,9.802634109402657,0.043392062468425294,True,Keep distance
1,364,1675392741.716474,19.091943961590186,-0.008267156978776351,True,True,False,False,8.727962641060124,False,False,False,-3.975471629454802,-0.08414011767465387,9.80281786543836,0.043392062468425294,True,Keep distance
1,365,1675392741.8164587,18.220738693906398,-0.0065716540881972565,True,True,False,False,8.147159129270932,False,False,False,-3.975471629454802,-0.08414011767465387,9.80281786543836,0.043392062468425294,True,Keep distance
1,366,1675392741.9165046,18.220738693906398,-0.002429634997772224,True,True,False,False,8.147159129270932,False,False,False,-3.973977021719384,-0.17571373955833303,9.804895310078448,0.030720851269977797,True,Keep distance
1,367,1675392742.0165744,18.220738693906398,-0.0014474776683728674,True,True,False,False,8.147159129270932,False,False,False,-3.972619409641826,-0.20593053050380739,9.805982086624125,0.006613257863297596,True,Keep distance
1,368,1675392742.1165311,18.220738693906398,-0.0014474776683728674,True,True,False,False,8.147159129270932,False,False,False,-3.97155346280646,-0.1761223073894117,9.806521469565299,0.012150794852218125,True,Keep distance
1,369,1675392742.216501,18.221243464038103,0.0036480646538144135,True,True,False,False,8.14749564269207,False,False,False,-3.9706429777278918,-0.164018707587295,9.807083345256707,0.012150794852218125,True,Keep distance
1,370,1675392742.3164978,18.221243464038103,0.0036480646538144135,True,True,False,False,8.14749564269207,False,False,False,-3.968651701866748,-0.14194839501945275,9.80875331670224,0.007370019658520613,True,Keep distance
