repetition,iteration,time,speed,steering,obstacle_North,obstacle_NorthWest,obstacle_SouthWest,obstacle_West,obstacle_distance,follow_enable,steady_motion_enable,passing_start,accel_x,accel_y,accel_z,accel_diff,success,action
1,1,1675461240.1569734,0.0,0.0,False,True,False,True,100000,False,True,False,-0.07212504674529217,-6.403245228991495e-13,9.768076971363683,0.013826692223594735,True,Cruise
1,2,1675461240.157124,0.0,0.0,False,True,False,True,100000,False,True,False,-0.07212504674529217,-6.403245228991495e-13,9.768076971363683,0.013826692223594735,True,Cruise
1,3,1675461240.2572796,0.0,0.0,False,True,False,True,100000,False,True,False,-0.06362108344830059,-1.3203331004646683e-13,9.78033067638404,0.014915450998293075,True,Cruise
1,4,1675461240.3572893,49.637666907488864,0.004831107900148502,False,True,False,True,100000,False,True,False,0.9541637798906737,-0.014693090965913326,9.717755305062557,1.0012504049923237,True,Cruise
1,5,1675461240.4573066,49.637666907488864,0.004831107900148502,False,True,False,True,100000,False,True,False,2.561743283125791,0.009900888422345131,9.618171028526328,0.6884704531239961,True,Cruise
1,6,1675461240.5584757,49.680812493259126,0.004255833423211645,False,True,False,True,100000,False,True,False,3.0194320360599685,0.008365504029464392,9.606057063751225,0.4578516136372665,True,Cruise
1,7,1675461240.6573029,49.688658429511726,0.004151220939843634,False,True,False,True,100000,False,True,False,3.4770606915033624,0.0055996078313049515,9.630558113162943,0.4582924152623334,True,Cruise
1,8,1675461240.757352,49.688658429511726,0.004151220939843634,False,True,False,True,100000,False,True,False,3.701023881276234,0.0012905371787188648,9.680171569073469,0.10645507541092451,True,Cruise
1,9,1675461240.8573039,49.6943885757024,-0.004074818990634723,False,True,False,True,100000,False,True,False,3.918232438285743,0.0023763511078099897,9.729818584096785,0.11496446067500253,True,Cruise
1,10,1675461240.9572713,49.73981684538717,-0.0034691087281710593,False,True,False,True,100000,False,True,False,4.155649005335448,-0.008763020711752917,9.77406315589845,0.12631173781911106,True,Cruise
1,11,1675461241.057446,49.73981684538717,-0.0034691087281710593,False,True,False,True,100000,False,True,False,4.269916758366576,-0.018712756074875894,9.794452396590808,0.11649823068437548,True,Cruise
1,12,1675461241.1573613,49.73981684538717,-0.0034691087281710593,False,True,False,False,100000,False,True,False,4.466603989024446,-0.008399022887748107,9.83234626443568,0.11649823068437548,True,Cruise
1,13,1675461241.2573142,49.94454000218521,-0.0007394666375305978,False,True,False,False,100000,False,True,False,4.606414330222971,-0.01151372653076011,9.865902805645256,0.0794616432624282,True,Cruise
1,14,1675461241.3572724,49.320758221716495,0.009056557043780082,False,True,False,False,100000,False,True,False,4.6869387748112,-0.023806400688170037,9.89363071383008,0.04349200767588467,True,Cruise
1,15,1675461241.4572654,49.73848427881562,-0.0034868762824584124,False,True,False,False,100000,False,True,False,4.713941969032567,0.031088292512618035,9.913979334284177,0.015635104166100942,True,Cruise
1,16,1675461241.5573637,49.73848427881562,-0.0034868762824584124,False,True,False,False,100000,False,True,False,4.709958793622787,0.0635645568894082,9.921037629597842,0.03347227161324968,True,Cruise
1,17,1675461241.657296,49.405516937774024,-0.007926440829679695,False,True,False,False,100000,False,True,False,4.709958793622787,0.0635645568894082,9.921037629597842,0.03347227161324968,True,Cruise
1,18,1675461241.7572901,49.405516937774024,-0.007926440829679695,False,True,False,False,100000,False,True,False,4.641455576253827,-0.021780784257020604,9.929111922691638,0.031168158404029,True,Cruise
1,19,1675461241.857198,49.536105859703774,-0.006185255203949638,False,True,False,False,100000,False,True,False,4.559960985307722,-0.020050447601907648,9.92387531706068,0.046721663960401394,True,Cruise
1,20,1675461241.9572678,49.47320204748974,-0.007023972700136785,False,True,False,False,100000,False,True,False,4.407170417319877,-0.026880524958291574,9.90213261769351,0.05435300004599047,True,Cruise
1,21,1675461242.0572553,49.47320204748974,-0.007023972700136785,False,True,False,False,100000,False,True,False,4.352554485721661,-0.015657162357450034,9.891825654374635,0.05670182841203328,True,Cruise
1,22,1675461242.1572626,49.47320204748974,-0.007023972700136785,False,True,False,False,100000,False,True,False,4.352554485721661,-0.015657162357450034,9.891825654374635,0.11158203962743687,True,Cruise
1,23,1675461242.2573733,49.85620846692429,-0.001917220441009401,False,True,False,False,100000,False,True,False,4.191168621629298,-0.02280136443835767,9.85456679546349,0.05452183884707116,True,Cruise
1,24,1675461242.3573685,49.20024444935783,0.010663407341895546,False,True,False,False,100000,False,True,False,4.093594985061281,-0.013467667487956754,9.826660210635037,0.055504615816107765,True,Cruise
1,25,1675461242.457264,49.10391883851619,0.011947748819784094,False,True,False,False,100000,False,True,False,4.0096427227930596,0.025043698774126554,9.79838284079818,0.07845172511972741,True,Cruise
1,26,1675461242.5572693,49.10391883851619,0.011947748819784094,False,True,False,False,100000,False,True,False,3.941750718942709,0.04665817721993747,9.771448794482884,0.03445785373134488,True,Cruise
1,27,1675461242.6572757,49.88418215123318,0.0015442379835575427,False,True,False,False,100000,False,True,False,3.941750718942709,0.04665817721993747,9.771448794482884,0.05582435859212213,True,Cruise
1,28,1675461242.7573788,49.88418215123318,0.0015442379835575427,False,True,False,False,100000,False,True,False,3.8731628902113404,0.0775797521861327,9.736607558415804,0.055556405779058377,True,Cruise
1,29,1675461242.857441,49.94563924573856,0.0007248100568192192,False,True,False,False,100000,False,True,False,3.850025999438099,0.007294215560030061,9.718588065803017,0.02143510578150974,True,Cruise
1,30,1675461242.957314,48.657825337260995,0.01789566216985335,False,True,False,False,100000,False,True,False,3.84298617730974,0.012119801005441598,9.70557159682197,0.006228532845013985,True,Cruise
1,31,1675461243.0572755,48.657825337260995,0.01789566216985335,False,True,False,False,100000,False,True,False,3.8498496745889095,0.016257865495504027,9.697825056060774,0.00611089502613406,True,Cruise
1,32,1675461243.1572936,48.657825337260995,0.01789566216985335,False,True,False,False,100000,False,True,False,3.8676538209761713,0.0609423968534082,9.695300402351146,0.00611089502613406,True,Cruise
1,33,1675461243.25727,48.11250989626986,0.025166534716401807,False,True,False,False,100000,False,True,False,3.8796868142227883,0.09624943279123581,9.695888177809532,0.014133212467300078,True,Cruise
1,34,1675461243.357263,49.681840030161844,0.004242132931175426,False,True,False,False,100000,False,True,False,3.8934834358456167,0.09879423802299965,9.697598409599301,0.014133212467300078,True,Cruise
1,35,1675461243.4572756,49.718538726478165,0.0037528169802910644,False,True,False,False,100000,False,True,False,3.9086735960784447,0.07105065955708022,9.700344727683218,0.023053466341638216,True,Cruise
1,36,1675461243.557269,49.718538726478165,0.0037528169802910644,False,True,False,False,100000,False,True,False,3.9245230524844166,0.10744282533851997,9.704067943947214,0.01830486510199646,True,Cruise
1,37,1675461243.6572633,49.718538726478165,0.0037528169802910644,False,True,False,False,100000,False,True,False,3.941093133673832,0.12281398889571596,9.70860909475281,0.01820930934120572,True,Cruise
1,38,1675461243.7572596,49.96516503518566,0.0004644661975244824,False,True,False,False,100000,False,True,False,4.0276053021857345,0.0740636548095782,9.73918089980617,0.055453610256313145,True,Cruise
1,39,1675461243.8572516,48.33915249430457,0.02214463340927239,False,True,False,False,100000,False,True,False,4.072574615520074,-0.05533906891461851,9.759742683675944,0.07925057592124149,True,Cruise
1,40,1675461243.9572916,49.78810615474038,0.0028252512701281997,False,True,False,False,100000,False,True,False,4.072574615520074,-0.05533906891461851,9.759742683675944,0.12579308521603746,True,Cruise
1,41,1675461244.0572834,49.78810615474038,0.0028252512701281997,False,True,False,False,100000,False,True,False,4.091108932176317,0.12219643857978722,9.773092819028603,0.060597566412657636,True,Cruise
1,42,1675461244.157334,49.78810615474038,0.0028252512701281997,False,True,False,False,100000,False,True,False,4.099171192888043,0.1819519547925056,9.779121358611633,0.060597566412657636,True,Cruise
1,43,1675461244.257292,48.81762975768704,0.015764936564172823,False,True,False,False,100000,False,True,False,4.124597007653485,-0.06469480448705175,9.797521768660872,0.036506392829706955,True,Cruise
1,44,1675461244.357257,49.600892832547,0.005321428899373427,False,True,False,False,100000,False,True,False,4.125499407803954,0.01944809994555995,9.800890693909256,0.06666861348398864,True,Cruise
1,45,1675461244.4572933,48.36007959506047,0.02186560539919375,False,True,False,False,100000,False,True,False,4.125532175481047,0.025085547937564907,9.805513086046107,0.06100713056728715,True,Cruise
1,46,1675461244.5572708,48.36007959506047,0.02186560539919375,False,True,False,False,100000,False,True,False,4.124615105775879,-0.01024113491976701,9.80683758622503,0.0586954536946179,True,Cruise
1,47,1675461244.657319,48.36007959506047,0.02186560539919375,False,True,False,False,100000,False,True,False,4.122477073664978,-0.06889285981862155,9.807586097747237,0.0586954536946179,True,Cruise
1,48,1675461244.7573004,47.350819137652486,0.03532241149796691,False,True,False,False,100000,False,True,False,4.107874921230266,0.1025078291021359,9.806883718584345,0.0055109142331873865,True,Cruise
1,49,1675461244.8572872,46.928310943975404,0.040955854080327904,False,True,False,False,100000,False,True,False,4.102616749822433,0.10352885080385522,9.805587831314552,0.0055109142331873865,True,Cruise
1,50,1675461244.9572756,46.928310943975404,0.040955854080327904,False,True,False,False,100000,False,True,False,4.102616749822433,0.10352885080385522,9.805587831314552,0.0055109142331873865,True,Cruise
1,51,1675461245.0573444,47.68815374739668,0.030824616701377545,False,True,False,False,100000,False,True,False,4.089388396672382,0.14274679916498878,9.802004095773638,0.08715169557795122,True,Cruise
1,52,1675461245.1573532,46.54501505725964,0.04606646590320483,False,True,False,False,100000,False,True,False,4.0539802243781216,0.3263957245058537,9.78855810430487,0.0490110484394258,True,Cruise
1,53,1675461245.257272,46.54501505725964,0.04606646590320483,False,True,False,False,100000,False,True,False,4.051314210589276,0.22654066170651127,9.785160580264087,0.09994840852054943,True,Cruise
1,54,1675461245.3573806,46.54501505725964,0.04606646590320483,False,True,False,False,100000,False,True,False,4.037498437661124,0.3622545383780862,9.779508980767353,0.08280407249019954,True,Cruise
1,55,1675461245.4573996,47.18059819539096,0.0375920240614539,False,True,False,False,100000,False,True,False,4.031881204930759,0.38301589575139855,9.776712583212273,0.08280407249019954,True,Cruise
1,56,1675461245.557311,47.18059819539096,0.0375920240614539,False,True,False,False,100000,False,True,False,4.027385558765387,0.38860470733287783,9.773993835129836,0.05375860871062653,True,Cruise
1,57,1675461245.6572964,47.58663908212878,0.03217814557161627,False,True,False,False,100000,False,True,False,4.024772360454323,0.3547744779462908,9.768642331272346,0.037705904453792245,True,Cruise
1,58,1675461245.7572806,46.242967236777865,0.05009377017629509,False,True,False,False,100000,False,True,False,4.024955337996092,0.33073964340260886,9.762587744292361,0.013517367021953363,True,Cruise
1,59,1675461245.8572817,46.13406290921805,0.05154582787709259,False,True,False,False,100000,False,True,False,4.0261247917154765,0.23764590273273095,9.761068525555482,0.0931134802243088,True,Cruise
1,60,1675461245.9572687,46.13406290921805,0.05154582787709259,False,True,False,False,100000,False,True,False,4.011826178885275,0.4004156763866157,9.760117451711668,0.046053098903674525,True,Cruise
1,61,1675461246.0573752,46.493479577628726,0.04675360563161694,False,True,False,False,100000,False,True,False,4.01076826380216,0.396402757987271,9.759933187938152,0.008197262703246265,True,Cruise
1,62,1675461246.1572626,48.22389846257292,0.023681353832361085,False,True,False,False,100000,False,True,False,4.011337027714633,0.388225658261368,9.75985155760961,0.008197262703246265,True,Cruise
1,63,1675461246.257334,48.22389846257292,0.023681353832361085,False,True,False,False,100000,False,True,False,4.026339209574697,0.412502519338186,9.760693982249403,0.042704622290787295,True,Cruise
1,64,1675461246.3573291,49.941953062505824,0.0007739591665890107,False,True,False,False,100000,False,True,False,4.026339209574697,0.412502519338186,9.760693982249403,0.06576294138287263,True,Cruise
1,65,1675461246.4572904,49.941953062505824,0.0007739591665890107,False,True,False,False,100000,False,True,False,4.0535002154482,0.22736547848842123,9.760524281378311,0.19321085430332935,True,Cruise
1,66,1675461246.5572214,48.41920793309733,0.021077227558702234,False,True,False,False,100000,False,True,False,4.070573619097491,0.03491051661425931,9.760380203393787,0.09353019020045031,True,Cruise
1,67,1675461246.657501,48.41920793309733,0.021077227558702234,False,True,False,False,100000,False,True,False,4.074102605741499,-0.02679546125361999,9.767528166849567,0.061770913963082576,True,Cruise
1,68,1675461246.7573788,49.30160132740723,0.00931198230123691,False,True,False,False,100000,False,True,False,4.074102605741499,-0.02679546125361999,9.767528166849567,0.05634341330430825,True,Cruise
1,69,1675461246.8573244,49.30160132740723,0.00931198230123691,False,True,False,False,100000,False,True,False,4.0656202796642935,0.057936909682002005,9.771717111662161,0.11156183534485438,True,Cruise
1,70,1675461246.9573586,48.59341794622545,0.018754427383660725,False,True,False,False,100000,False,True,False,4.072982710170847,-0.11842679967861441,9.773965183974973,0.01878844505216299,True,Cruise
1,71,1675461247.0574133,48.065124261916985,0.025798343174440158,False,True,False,False,100000,False,True,False,4.075620628089717,-0.09667200595554479,9.777417077673427,0.02358536992514,True,Cruise
1,72,1675461247.1573703,48.40595208948188,0.02125397214024162,False,True,False,False,100000,False,True,False,4.075620628089717,-0.09667200595554479,9.777417077673427,0.16029930572949533,True,Cruise
1,73,1675461247.2574835,48.40595208948188,0.02125397214024162,False,True,False,False,100000,False,True,False,4.075620628089717,-0.09667200595554479,9.777417077673427,0.16029930572949533,True,Cruise
1,74,1675461247.3572884,49.30519035969836,0.009264128537355214,False,True,False,False,100000,False,True,False,4.068507783459705,0.08147620009519692,9.780587222290977,0.018383804609534787,True,Cruise
1,75,1675461247.4572673,49.30519035969836,0.009264128537355214,False,True,False,False,100000,False,True,False,4.069328064316225,0.1375209501397242,9.780807618664987,0.06772889068840542,True,Cruise
1,76,1675461247.5572684,49.448694465757775,0.007350740456563019,False,True,False,False,100000,False,True,False,4.074187800771829,0.04463844760049896,9.780142058173768,0.025285278881423203,True,Cruise
1,77,1675461247.657297,49.448694465757775,0.007350740456563019,False,True,False,False,100000,False,True,False,4.074109806993439,0.053324009342859024,9.779919598620454,0.008688760214361812,True,Cruise
1,78,1675461247.7572796,49.41589958688936,-0.007788005508141863,False,True,False,False,100000,False,True,False,4.069551005281172,0.07991825423828489,9.7790877385203,0.026994972232545208,True,Cruise
1,79,1675461247.8573534,49.59769897149282,-0.005364013713429098,False,True,False,False,100000,False,True,False,4.069498712200288,-0.012211602691776876,9.777898324156759,0.12802468479211523,True,Cruise
1,80,1675461247.9573092,49.59769897149282,-0.005364013713429098,False,True,False,False,100000,False,True,False,4.069462347300514,-0.09290915274757916,9.777278116166723,0.08069994154499466,True,Cruise
1,81,1675461248.0572617,49.27319666066062,-0.009690711191191678,False,True,False,False,100000,False,True,False,4.065816328344428,-0.09750471114211569,9.776308191213962,0.0024386308172900406,True,Cruise
1,82,1675461248.157288,49.27319666066062,-0.009690711191191678,False,True,False,False,100000,False,True,False,4.063696415839698,-0.09182935975930763,9.775830149751085,0.0060771840507163645,True,Cruise
1,83,1675461248.2573338,49.34750095861499,-0.008699987218466865,False,True,False,False,100000,False,True,False,4.06038581598298,-0.17772161074047352,9.77478769905798,0.021874655438989303,True,Cruise
1,84,1675461248.357299,49.56731794676973,0.005769094043070345,False,True,False,False,100000,False,True,False,4.057426530883041,-0.21696598229801362,9.773802480437526,0.003221847179274265,True,Cruise
1,85,1675461248.4572625,49.56731794676973,0.005769094043070345,False,True,False,False,100000,False,True,False,4.05433863036769,-0.2713570916389789,9.772483717573564,0.047058892664907835,True,Cruise
1,86,1675461248.5572803,48.558985737406765,-0.019213523501243113,False,True,False,False,100000,False,True,False,4.05433863036769,-0.2713570916389789,9.772483717573564,0.11902511796927537,True,Cruise
1,87,1675461248.6573155,48.558985737406765,-0.019213523501243113,False,True,False,False,100000,False,True,False,4.053717991736505,-0.08226253763742823,9.771761703340914,0.07007199600847051,True,Cruise
1,88,1675461248.7572682,48.563351562610904,-0.01915531249852131,False,True,False,False,100000,False,True,False,4.052932064247345,-0.1904341586879708,9.77125910325214,0.10817564369842983,True,Cruise
1,89,1675461248.8573573,49.22161095940508,-0.01037852054126558,False,True,False,False,100000,False,True,False,4.052932064247345,-0.1904341586879708,9.77125910325214,0.020059230194850043,True,Cruise
1,90,1675461248.9572442,49.22161095940508,-0.01037852054126558,False,True,False,False,100000,False,True,False,4.04909541165498,-0.2971015919413608,9.771050103446932,0.020832485945140117,True,Cruise
1,91,1675461249.0574453,49.22318251495914,-0.010357566467211457,False,True,False,False,100000,False,True,False,4.048577155852226,-0.31792762950143466,9.771056516228414,0.020832485945140117,True,Cruise
1,92,1675461249.157391,49.22318251495914,-0.010357566467211457,False,True,False,False,100000,False,True,False,4.050789095747337,-0.2083922712001736,9.770924997375161,0.03663589403146926,True,Cruise
1,93,1675461249.2572792,49.22318251495914,-0.010357566467211457,False,True,False,False,100000,False,True,False,4.052372388943149,-0.2106615547314333,9.771235732804206,0.0027844248231930838,True,Cruise
1,94,1675461249.357269,48.6596427649717,-0.017871429800377363,False,True,False,False,100000,False,True,False,4.052631598515293,-0.20807287287446374,9.771422356256307,0.002608312034969931,True,Cruise
1,95,1675461249.4573526,48.6596427649717,-0.017871429800377363,False,True,False,False,100000,False,True,False,4.0528808712570035,-0.20133224450660542,9.771629477194963,0.006748415130722614,True,Cruise
1,96,1675461249.557275,49.419408366091346,-0.00774122178544873,False,True,False,False,100000,False,True,False,4.051179646365049,-0.2601964081077362,9.772534868568183,0.03131614170593208,True,Cruise
1,97,1675461249.657266,49.419408366091346,-0.00774122178544873,False,True,False,False,100000,False,True,False,4.050842404897696,-0.26510893398267604,9.77279322583836,0.004930861056479779,True,Cruise
1,98,1675461249.7572734,48.72496799207092,-0.017000426772387674,False,True,False,False,100000,False,True,False,4.053677950334774,-0.1971567523581026,9.772943747230055,0.053550404027148085,True,Cruise
1,99,1675461249.8572412,48.98785979771377,-0.013495202697149732,False,True,False,False,100000,False,True,False,4.057025511236437,-0.10412601921616824,9.773113067219873,0.053550404027148085,True,Cruise
1,100,1675461249.9572754,48.98785979771377,-0.013495202697149732,False,True,False,False,100000,False,True,False,4.057025511236437,-0.10412601921616824,9.773113067219873,0.053550404027148085,True,Cruise
1,101,1675461250.0573125,48.98785979771377,-0.013495202697149732,False,True,False,False,100000,False,True,False,4.054971557878544,-0.2140622091318635,9.774044983473583,0.06273435679604994,True,Cruise
1,102,1675461250.1573937,49.998629095255126,-1.827872993163005e-05,False,True,False,False,100000,False,True,False,4.055384047007949,-0.2054698150986761,9.774135587826674,0.00860276651154907,True,Cruise
1,103,1675461250.2573352,49.14205916600233,-0.011439211119968885,False,True,False,False,100000,False,True,False,4.059460508507339,-0.11938069602093794,9.773947089976112,0.07375546570434986,True,Cruise
1,104,1675461250.3574386,49.14205916600233,-0.011439211119968885,False,True,False,False,100000,False,True,False,4.062561484305064,0.009461133523218743,9.77389576009676,0.055127570349907694,True,Cruise
1,105,1675461250.4572744,49.84049221096035,-0.0021267705205287087,False,True,False,False,100000,False,True,False,4.060576159851721,-0.09288643411853796,9.774206183349309,0.05951984500027,True,Cruise
1,106,1675461250.5572875,49.33800362726875,0.008826618303083357,False,True,False,False,100000,False,True,False,4.057707083552396,-0.1889605995764364,9.7745505269038,0.036597768901948796,True,Cruise
1,107,1675461250.6573036,49.33800362726875,0.008826618303083357,False,True,False,False,100000,False,True,False,4.06003153547104,-0.027262751202849555,9.774320332377,0.06400943179429473,True,Cruise
1,108,1675461250.7573264,48.44662839143169,0.020711621447577547,False,True,False,False,100000,False,True,False,4.06212269493107,0.07396335206396701,9.7740789069311,0.06400943179429473,True,Cruise
1,109,1675461250.857297,48.44662839143169,0.020711621447577547,False,True,False,False,100000,False,True,False,4.06212269493107,0.07396335206396701,9.7740789069311,0.10124798870455358,True,Cruise
1,110,1675461250.9573057,49.72338519685926,-0.0036881973752098526,False,True,False,False,100000,False,True,False,4.062650153461936,0.2507443747492354,9.773977464251853,0.08573896918954177,True,Cruise
1,111,1675461251.0572724,49.05877378209244,0.012549682905434104,False,True,False,False,100000,False,True,False,4.05923949727132,0.23063509512033542,9.77409354935835,0.21416471214548244,True,Cruise
1,112,1675461251.1573744,49.05877378209244,0.012549682905434104,False,True,False,False,100000,False,True,False,4.058939032677969,0.06295833903181815,9.774069830255204,0.16767702697130527,True,Cruise
1,113,1675461251.257484,49.67065022066137,0.004391330391181689,False,True,False,False,100000,False,True,False,4.058939032677969,0.06295833903181815,9.774069830255204,0.16767702697130527,True,Cruise
1,114,1675461251.3573592,49.67065022066137,0.004391330391181689,False,True,False,False,100000,False,True,False,4.056614185207075,0.3667143444539937,9.773986332322824,0.045306273489408376,True,Cruise
1,115,1675461251.4573522,49.67065022066137,0.004391330391181689,False,True,False,False,100000,False,True,False,4.056002824605932,0.39895115157884503,9.773928157024034,0.085646580600097,True,Cruise
1,116,1675461251.557269,49.990170216188986,-0.0001310637841469086,False,True,False,False,100000,False,True,False,4.056865792857974,0.1904965936453453,9.773478072548697,0.04544586437156203,True,Cruise
1,117,1675461251.6573436,49.990170216188986,-0.0001310637841469086,False,True,False,False,100000,False,True,False,4.055172497788141,0.3612804598823088,9.773553129235149,0.17079227689958565,True,Cruise
1,118,1675461251.757451,49.990170216188986,-0.0001310637841469086,False,True,False,False,100000,False,True,False,4.055172497788141,0.3612804598823088,9.773553129235149,0.17079227689958565,True,Cruise
1,119,1675461251.857362,49.33285592098136,0.008895254386915219,False,True,False,False,100000,False,True,False,4.0570190493629505,0.10488482555966692,9.773162888500822,0.04899896521820181,True,Cruise
1,120,1675461251.9572618,49.767878736627836,-0.0030949501782955515,False,True,False,False,100000,False,True,False,4.056045199770903,0.13119264686878734,9.773185840015051,0.03949153579460073,True,Cruise
1,121,1675461252.057276,49.98731517127833,-0.00016913104962222808,False,True,False,False,100000,False,True,False,4.054685764941716,0.20349660563152294,9.773236200385435,0.1390949887427029,True,Cruise
1,122,1675461252.1572573,49.98731517127833,-0.00016913104962222808,False,True,False,False,100000,False,True,False,4.056587357632252,-0.03567053619364205,9.77301235867499,0.10007982954150961,True,Cruise
1,123,1675461252.2573102,49.98731517127833,-0.00016913104962222808,False,True,False,False,100000,False,True,False,4.056587357632252,-0.03567053619364205,9.77301235867499,0.10007982954150961,True,Cruise
1,124,1675461252.3572664,48.455592701262404,-0.02059209731650129,False,True,False,False,100000,False,True,False,4.056581292961635,-0.029538901253433357,9.77306664783454,0.006131878271220198,True,Cruise
1,125,1675461252.4572678,49.97924260621255,0.00027676525049926196,False,True,False,False,100000,False,True,False,4.056457069298342,0.010679712280822817,9.773140399569094,0.047954577324305706,True,Cruise
1,126,1675461252.5572531,49.53703246136655,-0.006172900515112713,False,True,False,False,100000,False,True,False,4.05661204792563,-0.11179957826364607,9.773241745963924,0.08860405927003998,True,Cruise
1,127,1675461252.6574357,49.53703246136655,-0.006172900515112713,False,True,False,False,100000,False,True,False,4.05661204792563,-0.11179957826364607,9.773241745963924,0.08860405927003998,True,Cruise
1,128,1675461252.7574344,48.503876725371505,-0.019948310328379928,False,True,False,False,100000,False,True,False,4.056559015498349,-0.0662349498686147,9.773295404252838,0.04556469085188236,True,Cruise
1,129,1675461252.8572984,48.503876725371505,-0.019948310328379928,False,True,False,False,100000,False,True,False,4.056383815118724,-0.20878206432221547,9.773431485017937,0.14254728707413414,True,Cruise
1,130,1675461252.9572747,49.834835267719946,-0.002202196430400692,False,True,False,False,100000,False,True,False,4.0551634819481475,-0.32092583710901607,9.773613106417619,0.14819679783529346,True,Cruise
1,131,1675461253.0572984,49.834835267719946,-0.002202196430400692,False,True,False,False,100000,False,True,False,4.0537208923596015,-0.4163411618319491,9.773737706732598,0.14819679783529346,True,Cruise
1,132,1675461253.1574323,49.834835267719946,-0.002202196430400692,False,True,False,False,100000,False,True,False,4.0537208923596015,-0.4163411618319491,9.773737706732598,0.08502836057542634,True,Cruise
1,133,1675461253.2574131,49.500589658286266,-0.006658804556183155,False,True,False,False,100000,False,True,False,4.05644491395514,-0.214289938488345,9.773447296024889,0.012238955616940907,True,Cruise
1,134,1675461253.3572905,49.500589658286266,-0.006658804556183155,False,True,False,False,100000,False,True,False,4.057823439704865,-0.19632195892483634,9.773418745178487,0.04463411333611901,True,Cruise
1,135,1675461253.4573104,49.373876014909754,-0.008348319801203333,False,True,False,False,100000,False,True,False,4.057120000844522,-0.2409504333104081,9.773511054916005,0.04463411333611901,True,Cruise
1,136,1675461253.5572624,49.373876014909754,-0.008348319801203333,False,True,False,False,100000,False,True,False,4.055984579105459,-0.22271660119232703,9.773633053716564,0.024202301778233456,True,Cruise
1,137,1675461253.6573417,48.93140474485501,0.014247936735266614,False,True,False,False,100000,False,True,False,4.055691376243762,-0.223221469117269,9.773658073930017,0.0005843676503913871,True,Cruise
1,138,1675461253.7572699,49.74914940618789,0.0033446745841614386,False,True,False,False,100000,False,True,False,4.055606238976172,-0.2860840578221045,9.773650291899463,0.06286264683886325,True,Cruise
1,139,1675461253.8572624,49.74914940618789,0.0033446745841614386,False,True,False,False,100000,False,True,False,4.059583700142856,0.20637806500466774,9.773336323597222,0.4924782849958749,True,Cruise
1,140,1675461253.9572856,49.74914940618789,0.0033446745841614386,False,True,False,False,100000,False,True,False,4.058593342080433,0.264239687378,9.773422914367318,0.05787016200709462,True,Cruise
1,141,1675461254.0573144,48.40670822351223,0.02124389035317018,False,True,False,False,100000,False,True,False,4.057164009739144,0.14827366447767637,9.773608805115796,0.040772060759540256,True,Cruise
1,142,1675461254.1572688,48.98802813358259,-0.013492958218898793,False,True,False,False,100000,False,True,False,4.0555666870905265,0.4743870079031431,9.773710261809695,0.3389370490687212,True,Cruise
1,143,1675461254.257336,48.98802813358259,-0.013492958218898793,False,True,False,False,100000,False,True,False,4.0555666870905265,0.4743870079031431,9.773710261809695,0.3389370490687212,True,Cruise
1,144,1675461254.3572953,49.67124699255294,-0.004383373432627499,False,True,False,False,100000,False,True,False,4.057448799086633,-0.044377173932907396,9.773691801846832,0.5187675963688971,True,Cruise
1,145,1675461254.4572709,49.67124699255294,-0.004383373432627499,False,True,False,False,100000,False,True,False,4.056674933474996,-0.09257004708882192,9.77374175957676,0.04819911188789396,True,Cruise
1,146,1675461254.5572648,49.89432438175458,-0.0014090082432723018,False,True,False,False,100000,False,True,False,4.056656635082353,-0.002555701906757887,9.773662624197415,0.03251042025001535,True,Cruise
1,147,1675461254.6572707,48.32930065228736,-0.02227599130283517,False,True,False,False,100000,False,True,False,4.0566302863154675,-0.05917191606046004,9.773641860334806,0.04715894672270438,True,Cruise
1,148,1675461254.7573483,48.32930065228736,-0.02227599130283517,False,True,False,False,100000,False,True,False,4.052362060299599,-0.457105045823467,9.773889648221058,0.44511386223740007,True,Cruise
1,149,1675461254.857346,47.63843534411571,-0.03148752874512379,False,True,False,False,100000,False,True,False,4.050361754911382,-0.5332097440832583,9.773945177547295,0.44511386223740007,True,Cruise
1,150,1675461254.9572747,49.92860605317102,-0.0009519192910530833,False,True,False,False,100000,False,True,False,4.047833972610021,-0.582783932248173,9.773861142904249,0.010856988206831737,True,Cruise
1,151,1675461255.05734,49.92860605317102,-0.0009519192910530833,False,True,False,False,100000,False,True,False,4.043937732162125,-0.8259019940590461,9.77397968893487,0.2431493095229034,True,Cruise
1,152,1675461255.1572824,48.11790305858461,-0.025094625885538513,False,True,False,False,100000,False,True,False,4.057744121157262,-0.42266165120201077,9.772636874590468,0.16302843024993874,True,Cruise
1,153,1675461255.2572565,48.11790305858461,-0.025094625885538513,False,True,False,False,100000,False,True,False,4.06054053792004,-0.39686286567660717,9.772449933332751,0.025950572793885636,True,Cruise
1,154,1675461255.3572712,48.526926202893065,-0.01964098396142576,False,True,False,False,100000,False,True,False,4.06054053792004,-0.39686286567660717,9.772449933332751,0.4364386683109949,True,Cruise
1,155,1675461255.4573343,47.843177145530355,-0.028757638059595327,False,True,False,False,100000,False,True,False,4.046465273447644,-0.738687703310185,9.773428239199061,0.060426811212484235,True,Cruise
1,156,1675461255.5573428,47.843177145530355,-0.028757638059595327,False,True,False,False,100000,False,True,False,4.04664583505485,-0.681537535671213,9.773279081056595,0.10512704541990459,True,Cruise
1,157,1675461255.6572828,48.57122556848131,-0.019050325753582467,False,True,False,False,100000,False,True,False,4.040394085151953,-0.8676418576375988,9.773477367205034,0.08108241431662257,True,Cruise
1,158,1675461255.7572572,48.57122556848131,-0.019050325753582467,False,True,False,False,100000,False,True,False,4.038819486373126,-0.9333535037707333,9.773349335527856,0.06573063358093346,True,Cruise
1,159,1675461255.8572614,48.51825957523171,-0.019756538996910558,False,True,False,False,100000,False,True,False,4.038819486373126,-0.9333535037707333,9.773349335527856,0.06573063358093346,True,Cruise
1,160,1675461255.957335,48.51825957523171,-0.019756538996910558,False,True,False,False,100000,False,True,False,4.050277429299629,-0.7974851222695181,9.771761361333168,0.014352249477634036,True,Cruise
1,161,1675461256.0572782,48.50131931281838,-0.01998240916242157,False,True,False,False,100000,False,True,False,4.050485592776866,-0.8154664805906462,9.771672630720376,0.0036334338465895564,True,Cruise
1,162,1675461256.1572464,48.719738972007114,-0.017070147039905146,False,True,False,False,100000,False,True,False,4.049499548574042,-0.8202848786100027,9.77173520039748,0.0016902204241931549,True,Cruise
1,163,1675461256.2572813,48.719738972007114,-0.017070147039905146,False,True,False,False,100000,False,True,False,4.049331267293305,-0.8123658651747916,9.77174692545758,0.007920809924088201,True,Cruise
1,164,1675461256.3572743,49.3148977143853,-0.009134697141529294,False,True,False,False,100000,False,True,False,4.051124244066197,-0.7672038858932286,9.771606802031622,0.030691335682118796,True,Cruise
1,165,1675461256.4572585,49.3148977143853,-0.009134697141529294,False,True,False,False,100000,False,True,False,4.0533527622345655,-0.7444424769320707,9.771553028460934,0.11016492412813397,True,Cruise
1,166,1675461256.5573044,49.31522327871778,-0.00913035628376296,False,True,False,False,100000,False,True,False,4.061080630226542,-0.5578925669628709,9.771149912047226,0.0765459629277161,True,Cruise
1,167,1675461256.65729,49.31522327871778,-0.00913035628376296,False,True,False,False,100000,False,True,False,4.062365528427307,-0.5235978744683594,9.771268212337453,0.03431895819569856,True,Cruise
1,168,1675461256.7572734,49.497516529631255,0.006699779604916526,False,True,False,False,100000,False,True,False,4.062181733201817,-0.47684583056474555,9.771783631741632,0.024328583544146534,True,Cruise
1,169,1675461256.857346,49.284450868802494,-0.009540655082633437,False,True,False,False,100000,False,True,False,4.266032179816525,-0.33182164573610395,9.769349628200466,0.1949920911870444,True,Cruise
1,170,1675461256.9572828,47.9975163720744,-0.026699781705674656,False,True,False,False,100000,False,True,False,4.260388347961135,0.0609534698086055,9.768651534814078,0.21194529147219152,True,Cruise
1,171,1675461257.0572586,47.9975163720744,-0.026699781705674656,False,True,False,False,100000,False,True,False,4.130888813047115,-0.261052006519334,9.782110502202132,0.14175994979402445,True,Cruise
1,172,1675461257.157289,48.38776480390392,-0.021496469281281037,False,True,False,False,100000,False,True,False,4.1790928541110235,-0.22001181016282687,9.777010631139301,0.2362231064430831,True,Cruise
1,173,1675461257.2573378,48.38776480390392,-0.021496469281281037,False,True,False,False,100000,False,True,False,4.096015613341898,-0.6143756839742767,9.784492530590372,0.16731769058597648,True,Cruise
1,174,1675461257.3573275,48.50866433164837,-0.019884475578021713,False,True,False,False,100000,False,True,False,4.096144781526163,-0.5784060969523042,9.78166176855389,0.03814328792351048,True,Cruise
1,175,1675461257.4572709,48.07961983829517,-0.025605068822731024,False,True,False,False,100000,False,True,False,4.103426863016725,-0.6546542643501331,9.778510711661044,0.03855219111546507,True,Cruise
1,176,1675461257.557368,48.07961983829517,-0.025605068822731024,False,True,False,False,100000,False,True,False,4.099045209741789,-0.7548826076305944,9.776791330379895,0.13086150712843603,True,Cruise
1,177,1675461257.6572902,48.32076120073366,-0.022389850656884473,False,True,False,False,100000,False,True,False,4.090480858329323,-0.8854635050608544,9.776668208012113,0.13086150712843603,True,Cruise
1,178,1675461257.757323,48.32076120073366,-0.022389850656884473,False,True,False,False,100000,False,True,False,4.089079955414593,-1.0458827833619297,9.774691641079276,0.06342577602828589,True,Cruise
1,179,1675461257.8572688,48.32076120073366,-0.022389850656884473,False,True,False,True,100000,False,True,False,4.07157505924142,-1.085707032195024,9.773485010562885,0.0435183655754309,True,Cruise
1,180,1675461257.9572623,49.6355627003864,0.004859163994848042,False,True,False,True,100000,False,True,False,4.063060064639958,-1.1180329629726615,9.773352793485696,0.03342885602378633,True,Cruise
1,181,1675461258.057292,49.81468278680547,0.0024708961759270947,False,True,False,True,100000,False,True,False,4.295655370846117,-0.8619316542106508,9.790004205543395,0.3867978185526993,True,Cruise
1,182,1675461258.1572814,48.80147595621451,0.015980320583806544,False,True,False,True,100000,False,True,False,3.6488577013812513,-0.42523418412897507,9.82272432165773,0.6432290878591529,True,Cruise
1,183,1675461258.2572844,48.80147595621451,0.015980320583806544,False,True,False,True,100000,False,True,False,3.638469292259713,-0.29599212071419434,9.819262052773539,0.1297051167287286,True,Cruise
1,184,1675461258.3573153,48.244919465216924,0.023401073797107704,False,True,False,True,100000,False,True,False,3.95929351511849,-0.10188982002654817,9.773221075813359,0.1297051167287286,True,Cruise
1,185,1675461258.4572618,48.74060089555097,0.016791988059320414,False,True,False,True,100000,False,True,False,4.035616010088861,0.15084234523461626,9.760898476338767,0.09153377428530675,True,Cruise
1,186,1675461258.5573199,48.74060089555097,0.016791988059320414,False,True,False,True,100000,False,True,False,4.035043034840805,0.3021832450964111,9.75850622707357,0.13566257588191724,True,Cruise
1,187,1675461258.6572857,48.083752217932954,0.02554997042756063,False,True,False,True,100000,False,True,False,4.022195439253194,0.43722996006979453,9.757218377147575,0.024264767963557785,True,Cruise
1,188,1675461258.7573,48.083752217932954,0.02554997042756063,False,True,False,True,100000,False,True,False,3.9919554172878797,0.48252141402670345,9.755225195661989,0.03054068598864373,True,Cruise
1,189,1675461258.8572683,47.506058509849744,0.033252553202003474,False,True,False,True,100000,False,True,False,3.587865111834748,1.0706061502359392,9.7881153345661,0.03054068598864373,True,Cruise
1,190,1675461258.9572883,47.506058509849744,0.033252553202003474,False,True,False,True,100000,False,True,False,2.7809604220470616,1.2499787603953423,9.85982000423585,0.36160665937112657,True,Cruise
1,191,1675461259.0572696,47.63780504753149,0.0314959326995802,False,True,False,True,100000,False,True,False,2.2731663731498983,1.4635742968865761,9.880240882176741,0.423592430402034,True,Cruise
1,192,1675461259.1572769,47.69186505166365,0.030775132644484705,False,True,False,True,100000,False,True,False,2.6925520429601457,1.4407929004294957,9.825220749250898,0.423592430402034,True,Cruise
1,193,1675461259.2572722,47.69186505166365,0.030775132644484705,False,True,False,True,100000,False,True,False,2.559177573145628,1.6086804265951327,9.818056744022494,0.11105921113498332,True,Cruise
1,194,1675461259.3572738,49.33374947031282,0.008883340395829107,False,True,False,True,100000,False,True,False,2.559177573145628,1.6086804265951327,9.818056744022494,0.7878075630177169,True,Cruise
1,195,1675461259.4572678,48.942104787287725,0.014105269502830312,False,True,False,True,100000,False,True,False,2.4462805477695,2.0019967273090553,9.732533446036731,0.6003331467366785,True,Cruise
1,196,1675461259.5572712,48.942104787287725,0.014105269502830312,False,True,False,True,100000,False,True,False,3.2532686054384903,1.7363415527068684,9.654842511291898,0.5284773097635221,True,Cruise
1,197,1675461259.6572485,48.676704781491814,0.017643936246775817,False,True,False,True,100000,False,True,False,3.516712443051922,1.628220223287704,9.639321896330442,0.18322746454048383,True,Cruise
1,198,1675461259.757269,48.676704781491814,0.017643936246775817,False,True,False,True,100000,False,True,False,3.5489236287951567,1.6172455657749705,9.643907938212505,0.03433708453918322,True,Cruise
1,199,1675461259.8572428,49.010123752952445,0.01319834996063408,False,True,False,True,100000,False,True,False,1.5878923370391211,1.3805658808267485,9.83835950538085,1.9848104223042966,True,Cruise
1,200,1675461259.9572554,49.71792884687153,0.0037609487083796137,False,True,False,True,100000,False,True,False,0.9537688501285206,1.437536600973333,9.890357145728158,1.9848104223042966,True,Cruise
1,201,1675461260.0572546,49.71792884687153,0.0037609487083796137,False,True,False,True,100000,False,True,False,2.8546680052718463,1.163417040249293,9.705608853418505,0.6387973185661998,True,Cruise
1,202,1675461260.1572635,48.895889769148326,0.014721469744688947,False,True,False,True,100000,False,True,False,3.681669307494167,0.7519159006370215,9.658746961754222,0.252041808364011,True,Cruise
1,203,1675461260.2573626,48.895889769148326,0.014721469744688947,False,True,False,True,100000,False,True,False,3.681669307494167,0.7519159006370215,9.658746961754222,0.252041808364011,True,Cruise
1,204,1675461260.3572705,49.65523455045503,0.004596872660599695,False,True,False,True,100000,False,True,False,-0.005866841226935246,0.6332548114277773,10.014194065533973,3.706527478085465,True,Cruise
1,205,1675461260.4572587,49.31635927906529,-0.009115209612462852,False,True,False,True,100000,False,True,False,-0.21337494098516796,0.6936762703909524,9.978915027042094,1.1253281285329022,True,Cruise
1,206,1675461260.5572848,49.31635927906529,-0.009115209612462852,False,True,False,True,100000,False,True,False,1.2064801946631956,0.22963919945497632,9.837086280721456,0.33201826012437474,True,Cruise
1,207,1675461260.65729,49.72397054613908,-0.0036803927181455975,False,True,False,True,100000,False,True,False,0.2968339015599975,-0.026862592154972567,9.899843919611337,0.7888692207811211,True,Cruise
1,208,1675461260.7572613,49.72397054613908,-0.0036803927181455975,False,True,False,True,100000,False,True,False,1.0690311366045577,0.10261670246115528,9.803608843100434,0.7888692207811211,True,Cruise
1,209,1675461260.8572972,48.992308260189574,0.013435889864138942,False,True,False,True,100000,False,True,False,1.0690311366045577,0.10261670246115528,9.803608843100434,0.7888692207811211,True,Cruise
1,210,1675461260.9573534,48.13204940708333,0.02490600790555557,False,True,False,True,100000,False,True,False,0.24110184014905783,-0.11184920779943883,9.878597017648563,0.7592598004541813,True,Cruise
1,211,1675461261.0572903,48.13204940708333,0.02490600790555557,False,True,False,True,100000,False,True,False,-2.203216237039324,0.06053594888002014,10.058058338025154,0.16244712786022644,True,Cruise
1,212,1675461261.1572437,48.84937478640034,0.015341669514662098,False,True,False,True,100000,False,True,False,-2.093947419108527,0.17155539359187105,10.011970620855442,0.43765430453382925,True,Cruise
1,213,1675461261.2572722,48.84937478640034,0.015341669514662098,False,True,False,True,100000,False,True,False,-2.8633999566001123,0.2785549009233135,10.021112589391091,0.3433223651896311,True,Cruise
1,214,1675461261.3573222,48.2913326075017,0.022782231899977315,False,True,False,True,100000,False,True,False,-1.7681357415304595,0.23703425268866438,9.812821174190328,1.1156670554821921,True,Cruise
1,215,1675461261.4572618,49.57054407302681,0.005726079026309162,False,True,False,True,100000,False,True,False,-2.8493172920651633,0.4899011697376993,9.859675264035447,0.6344808676242574,True,Cruise
1,216,1675461261.5573688,49.57054407302681,0.005726079026309162,False,True,False,True,100000,False,True,False,0.044471294252082606,0.6485838004586165,9.544670654905667,1.448240971407528,True,Cruise
1,217,1675461261.6573725,49.21555280303943,-0.01045929595947428,False,True,False,True,100000,False,True,False,0.044471294252082606,0.6485838004586165,9.544670654905667,1.100610973510751,True,Cruise
1,218,1675461261.757401,49.21555280303943,-0.01045929595947428,False,True,False,True,100000,False,True,False,0.9615668147144102,0.5182054118541037,9.479158902353,0.1996431232262491,True,Cruise
1,219,1675461261.8572896,49.937592887802104,-0.0008320948293052408,False,True,False,True,100000,False,True,False,1.0411772829363544,0.41522399876268906,9.517994504127135,0.13583520183656733,True,Cruise
1,220,1675461261.9573545,49.20200624499103,-0.010639916733452947,False,True,False,True,100000,False,True,False,2.1915675543640942,0.6133549481875324,9.467881485842629,0.13583520183656733,True,Cruise
1,221,1675461262.0574286,49.20200624499103,-0.010639916733452947,False,True,False,True,100000,False,True,False,0.7024723929812635,0.5960218648239471,9.653504512846249,1.500720075026197,True,Cruise
1,222,1675461262.1574323,49.19927991269806,-0.010676267830692506,False,True,False,True,100000,False,True,False,-0.7335244385996955,0.5042049954861758,9.807341620823586,1.447129259463844,True,Cruise
1,223,1675461262.2572827,49.19927991269806,-0.010676267830692506,False,True,False,True,100000,False,True,False,-0.6549083077492942,-0.021572370233909587,9.827556909617376,0.33481998765908927,True,Cruise
1,224,1675461262.3574033,49.964813310376194,0.00046915586165076025,False,True,False,True,100000,False,True,False,-0.6549083077492942,-0.021572370233909587,9.827556909617376,0.33481998765908927,True,Cruise
1,225,1675461262.4572704,49.96613986014841,0.0004514685313544957,False,True,False,True,100000,False,True,False,2.295328600638238,-0.3710197079105232,9.638909665447553,1.055954171363368,True,Cruise
1,226,1675461262.557303,49.96613986014841,0.0004514685313544957,False,True,False,True,100000,False,True,False,3.50113726925164,-0.41109829373836626,9.601565649416452,0.08924907881988346,True,Cruise
1,227,1675461262.6574283,49.60257640773699,-0.005298981230173414,False,True,False,True,100000,False,True,False,3.0962137550140025,-0.39970475706688957,9.719038356096977,0.3377280618381584,True,Cruise
1,228,1675461262.75728,49.60257640773699,-0.005298981230173414,False,True,False,True,100000,False,True,False,2.5085793522504476,-0.4886754086187886,9.808287784861678,0.6009953649435865,True,Cruise
1,229,1675461262.8574274,49.88157784619609,0.0015789620507187727,False,True,False,True,100000,False,True,False,2.5085793522504476,-0.4886754086187886,9.808287784861678,0.6009953649435865,True,Cruise
1,230,1675461262.9573092,49.88157784619609,0.0015789620507187727,False,True,False,True,100000,False,True,False,-1.0118332071481038,-0.755133495610864,10.168611743026094,1.3499134078707966,True,Cruise
1,231,1675461263.0573366,49.70485667904074,0.003935244279456818,False,True,False,True,100000,False,True,False,1.3457768916839374,-0.36851824746029543,9.942395755087809,1.0600558145595067,True,Cruise
1,232,1675461263.1572902,48.4755464085856,0.020326047885525292,False,True,False,True,100000,False,True,False,1.6816380373617237,-0.23561341903153885,9.916877477158534,0.1833767463564807,True,Cruise
1,233,1675461263.257258,48.4755464085856,0.020326047885525292,False,True,False,True,100000,False,True,False,-0.9996012378991956,-0.2550867035338951,10.143179768573763,1.213006615994002,True,Cruise
1,234,1675461263.357278,48.87397263956775,0.015013698139096723,False,True,False,True,100000,False,True,False,-2.554611709717678,0.3174373108540816,10.216748007061105,1.6586903268031057,True,Cruise
1,235,1675461263.4572608,48.87397263956775,0.015013698139096723,False,True,False,True,100000,False,True,False,-2.8737509414298494,0.6045260566717429,10.149003012084592,0.18937857850877132,True,Cruise
1,236,1675461263.5572937,49.07383335715914,-0.012348888571211558,False,True,False,True,100000,False,True,False,-2.8305132853543107,0.7083010463897286,10.095810667042011,0.12437109376781866,True,Cruise
1,237,1675461263.6573036,49.47371420642332,0.007017143914355761,False,True,False,True,100000,False,True,False,-2.587154729253609,0.7611222932380994,10.02159589837224,0.6911657082710095,True,Cruise
1,238,1675461263.7573125,49.47371420642332,0.007017143914355761,False,True,False,True,100000,False,True,False,0.29390043098177565,0.24338838271332883,9.63424817048139,1.284366147968905,True,Cruise
1,239,1675461263.857278,49.7289180127918,-0.003614426496109346,False,True,False,True,100000,False,True,False,0.29390043098177565,0.24338838271332883,9.63424817048139,1.486815815338654,True,Cruise
1,240,1675461263.9572856,49.7289180127918,-0.003614426496109346,False,True,False,True,100000,False,True,False,1.583628974454361,0.9698199294421559,9.494538611716095,1.486815815338654,True,Cruise
1,241,1675461264.0572977,49.46226484234178,0.007169802102109602,False,True,False,True,100000,False,True,False,1.8770488198414519,0.5040414788577705,9.479254756629745,0.3436868782897592,True,Cruise
1,242,1675461264.1573713,49.58237026628343,0.005568396449554279,False,True,False,True,100000,False,True,False,1.57670031942352,0.2891308511883526,9.52230836986686,1.6149350454057918,True,Cruise
1,243,1675461264.25733,49.58237026628343,0.005568396449554279,False,True,False,True,100000,False,True,False,-0.4448942625549076,0.45320372805866116,9.726790451185002,0.4032655892255621,True,Cruise
1,244,1675461264.3573399,49.153398798300636,0.011288016022658186,False,True,False,True,100000,False,True,False,0.10846466791843937,0.17504796633060313,9.712353084754819,0.4032655892255621,True,Cruise
1,245,1675461264.4572728,49.153398798300636,0.011288016022658186,False,True,False,True,100000,False,True,False,0.10846466791843937,0.17504796633060313,9.712353084754819,0.6195039719538221,True,Cruise
1,246,1675461264.55729,48.46588675818001,0.020454843224266477,False,True,False,True,100000,False,True,False,-1.9744157331735401,0.28621239238364027,9.923525571368252,0.8426776383173771,True,Cruise
1,247,1675461264.6572745,47.36904446022013,-0.03507940719706495,False,True,False,True,100000,False,True,False,-2.422666839797648,0.23984689542935758,9.962483994272798,0.45232352648603663,True,Cruise
1,248,1675461264.7572913,47.36904446022013,-0.03507940719706495,False,True,False,True,100000,False,True,False,-2.980627907904091,0.4757710572828909,9.991888002834179,0.2525995031980332,True,Cruise
1,249,1675461264.857264,47.36904446022013,-0.03507940719706495,False,True,False,True,100000,False,True,False,-2.980627907904091,0.4757710572828909,9.991888002834179,0.2525995031980332,True,Cruise
1,250,1675461264.9573817,49.194947650842614,0.010734031322098492,False,True,False,True,100000,False,True,False,-3.3783711079985994,-0.48094632768480694,9.973433301649234,1.0362665602617291,True,Cruise
1,251,1675461265.0573852,47.31681060970587,0.035775858537255116,False,True,False,True,100000,False,True,False,0.15789947077231134,-0.0943249524066399,9.620341819141645,1.8134322584801144,True,Cruise
1,252,1675461265.1572547,47.05355919672182,0.03928587737704234,False,True,False,True,100000,False,True,False,0.16919493240992312,0.354152759861288,9.658226046635727,1.4041436371481493,True,Cruise
1,253,1675461265.2572753,47.05355919672182,0.03928587737704234,False,True,False,True,100000,False,True,False,-1.2272528230101432,0.28562604076241405,9.788060976047793,1.4041436371481493,True,Cruise
1,254,1675461265.357279,47.05355919672182,0.03928587737704234,False,True,False,True,100000,False,True,False,-2.3651395320216473,0.13060735761092085,9.887394135451087,1.152685573444942,True,Cruise
1,255,1675461265.457349,49.40793494686626,0.007894200708449832,False,True,False,True,100000,False,True,False,-3.8124358379839194,0.9450578374229603,9.974009566052734,1.6629787774161187,True,Cruise
1,256,1675461265.5573013,49.48470637290786,0.006870581694561963,False,True,False,True,100000,False,True,False,1.2596123522620204,0.6756052542948809,9.49815312667872,1.3736919902485802,True,Cruise
1,257,1675461265.6573908,49.48470637290786,0.006870581694561963,False,True,False,True,100000,False,True,False,1.2596123522620204,0.6756052542948809,9.49815312667872,0.8880152857653809,True,Cruise
1,258,1675461265.7572722,49.97390307887413,0.0003479589483449423,False,True,False,True,100000,False,True,False,2.9360348956441817,0.9196335165047993,9.436216972213066,0.8880152857653809,True,Cruise
1,259,1675461265.8573942,49.97390307887413,0.0003479589483449423,False,True,False,True,100000,False,True,False,2.9360348956441817,0.9196335165047993,9.436216972213066,0.2943079883266502,True,Cruise
1,260,1675461265.9573247,48.58768953490083,-0.0188308062013223,False,True,False,True,100000,False,True,False,3.3569269656896386,0.7556361759100313,9.530274300631236,0.46140225766511983,True,Cruise
1,261,1675461266.0572796,48.58768953490083,-0.0188308062013223,False,True,False,True,100000,False,True,False,3.512207903459161,0.7049690624025345,9.564960084186993,0.46140225766511983,True,Cruise
1,262,1675461266.1572678,47.118374912779295,-0.03842166782960943,False,True,False,True,100000,False,True,False,0.09408621422908708,0.3482693115175524,9.970552643920069,1.1943158479044471,True,Cruise
1,263,1675461266.2572732,49.94017849752103,-0.0007976200330528983,False,True,False,True,100000,False,True,False,-1.7718783239977034,-0.0017937575244009775,10.168557433561027,0.7168267762561136,True,Cruise
1,264,1675461266.3572881,49.94017849752103,-0.0007976200330528983,False,True,False,False,100000,False,True,False,1.3683442704915656,-0.4788793108341438,9.867980908431853,3.534586375906123,True,Cruise
1,265,1675461266.4572766,49.81598775374715,-0.002453496616704704,False,True,False,False,100000,False,True,False,2.63885408271625,-0.29146846938204213,9.764865244903016,1.2883907972808484,True,Cruise
1,266,1675461266.5572727,44.607321177389295,0.07190238430147615,False,True,False,False,100000,False,True,False,3.420540999831925,-0.33982257346746614,9.710687254493076,0.4200749311045367,True,Cruise
1,267,1675461266.6572938,44.607321177389295,0.07190238430147615,False,True,False,False,100000,False,True,False,2.970641960011381,-0.6270773989347823,9.798031440314055,1.87533194869026,True,Cruise
1,268,1675461266.7573795,47.041760449997554,-0.03944319400003261,False,True,False,False,100000,False,True,False,-0.25026687678594156,0.8061058984460575,10.105012409249307,1.6659274046031152,True,Cruise
1,269,1675461266.8572986,47.041760449997554,-0.03944319400003261,False,True,False,True,100000,False,True,False,-1.5957079638681426,1.0895581798217615,10.210813566202395,1.3790398106793866,True,Cruise
1,270,1675461266.9572725,48.935489705250376,0.01419347059666164,False,True,False,True,100000,False,True,False,-3.1069264731275363,0.5961222176357658,10.232904196778549,1.5898894387553668,True,Cruise
1,271,1675461267.0572739,46.210919084853394,0.0505210788686214,False,True,False,True,100000,False,True,False,0.5361350640883035,0.5189008516868664,9.817761445008815,2.11338462759492,True,Cruise
1,272,1675461267.1572614,46.210919084853394,0.0505210788686214,False,True,False,True,100000,False,True,False,-0.21018775850259097,1.1017751382003023,9.876405490739495,1.3582308518934458,True,Cruise
1,273,1675461267.2573812,49.76272537454845,-0.0031636616726873398,False,True,False,True,100000,False,True,False,-1.109999081600747,2.5391590700293767,9.82916949856197,1.2435070583485914,True,Cruise
1,274,1675461267.3572664,49.76272537454845,-0.0031636616726873398,False,True,True,True,100000,False,True,False,-1.109999081600747,2.5391590700293767,9.82916949856197,1.2435070583485914,True,Cruise
1,275,1675461267.4573805,44.82627401751971,0.06898301309973726,False,True,True,True,100000,False,True,False,-1.109999081600747,2.5391590700293767,9.82916949856197,1.2435070583485914,True,Cruise
1,276,1675461267.5573156,49.500414482903736,0.006661140227950157,False,True,True,True,100000,False,True,False,-1.1322338368022435,1.987218458437053,9.789213457554137,1.9101156363393577,True,Cruise
1,277,1675461267.6572676,49.500414482903736,0.006661140227950157,False,True,True,True,100000,False,True,False,0.6683162149939775,2.052218255961061,9.593348034060961,1.317939438646475,True,Cruise
1,278,1675461267.7572496,43.97251091158322,0.08036652117889037,False,True,True,True,100000,False,True,False,1.6201061816369444,1.4263001345528632,9.514575525593095,1.1418768512408453,True,Cruise
1,279,1675461267.85727,43.97251091158322,0.08036652117889037,False,True,True,True,100000,False,True,False,0.36628966219181747,0.9809508980069668,9.655420587297801,1.3379944463009208,True,Cruise
1,280,1675461267.957408,49.329430221778495,0.008940930376286786,False,True,True,True,100000,False,True,False,-2.8158652215970257,2.9072998409574606,9.929601299650638,3.729893432452726,True,Cruise
1,281,1675461268.0574555,47.94373255694538,0.02741689924072829,False,True,True,True,100000,False,True,False,-1.2526600136810717,3.192257700558043,9.760992088943091,1.5978862818546031,True,Cruise
1,282,1675461268.1573272,47.94373255694538,0.02741689924072829,False,True,True,True,100000,False,True,False,-0.1768977932723546,1.619135113219701,9.69580646764873,0.9028169964822718,True,Cruise
1,283,1675461268.2572794,47.631182722805676,-0.031584230362591004,False,True,True,True,100000,False,True,False,-1.6467123383817366,2.16176749224092,9.82203326084799,0.3629717496848214,True,Cruise
1,284,1675461268.3573184,47.631182722805676,-0.031584230362591004,False,True,True,True,100000,False,True,False,-1.6467123383817366,2.16176749224092,9.82203326084799,0.3629717496848214,True,Cruise
1,285,1675461268.4572837,42.32272953496621,-0.10236360620045054,False,True,True,True,100000,False,True,False,-2.1008960047557332,0.5702694206063161,9.857767868973843,1.6554231715895174,True,Cruise
1,286,1675461268.5572674,44.24345367450765,-0.07675395100656471,False,True,True,True,100000,False,True,False,-1.7289244144279718,0.7335220300084975,9.820978114255533,1.3058809265813582,True,Cruise
1,287,1675461268.65727,44.24345367450765,-0.07675395100656471,False,True,True,True,100000,False,True,False,-3.9261188839481687,-1.8157667291857256,9.986934451314664,0.6333495211315764,True,Cruise
1,288,1675461268.7572656,42.95992602043793,-0.09386765306082755,False,True,True,True,100000,False,True,False,-4.093767461459081,-2.035560251388954,9.97821829888189,0.27657044176333245,True,Cruise
1,289,1675461268.8573694,42.95992602043793,-0.09386765306082755,False,True,True,True,100000,False,True,False,-4.130598367028652,-2.362882685057586,9.956617334871595,0.33009558136092165,True,Cruise
1,290,1675461268.9573247,44.132692619112696,-0.07823076507849738,True,True,True,True,5.053047285650827,False,False,False,-4.130598367028652,-2.362882685057586,9.956617334871595,0.33009558136092165,True,Keep distance
1,291,1675461269.0572946,13.57957092847624,-0.07465145431790134,True,True,True,True,5.053047285650827,False,False,False,-4.264520553707043,-4.59968397666458,9.859179210863346,0.4361440374383315,True,Keep distance
1,292,1675461269.1572983,13.57957092847624,-0.07465145431790134,True,True,True,True,5.053047285650827,False,False,False,-4.764322093679467,-5.024749679845979,9.824242903486363,0.18753662468038018,True,Keep distance
1,293,1675461269.2572932,13.57957092847624,-0.03918319341303612,True,True,True,True,5.053047285650827,False,False,False,-4.871499649956184,-5.103064528789543,9.807075071432536,0.13384684752331835,True,Keep distance
1,294,1675461269.357314,13.57957092847624,-0.03918319341303612,True,True,True,True,5.053047285650827,False,False,False,-4.430575862267939,-5.08068301368252,9.74116578811662,0.44638408618033437,True,Keep distance
1,295,1675461269.4573357,13.57957092847624,-0.0204270741042837,True,True,True,True,5.053047285650827,False,False,False,-4.485737219535864,-4.411162896527422,9.711407915177924,0.27623928195369474,True,Keep distance
1,296,1675461269.5573578,13.57957092847624,-0.020399591531015646,True,True,True,True,5.053047285650827,False,False,False,-3.9738393987036194,-3.9246237016401064,9.636342554791598,0.3863441389668073,True,Keep distance
1,297,1675461269.657459,13.57957092847624,-0.020399591531015646,True,True,True,True,5.053047285650827,False,False,False,-4.165488387472382,-3.107995983576178,9.645242834083,0.4572902033815472,True,Keep distance
1,298,1675461269.7573526,13.57957092847624,-0.02900907779422844,True,True,True,True,5.053047285650827,False,False,False,-4.422951981284885,-2.4246639789119326,9.66366820928706,0.3311515413842896,True,Keep distance
1,299,1675461269.8574474,13.57957092847624,-0.02900907779422844,True,True,True,True,5.053047285650827,False,False,False,-4.39956491631714,-2.0851388523448096,9.662475444458604,0.3403317338511977,True,Keep distance
1,300,1675461269.9572825,13.522066435030666,-0.04396583827295812,True,True,True,True,5.014710956687112,False,False,False,-4.234329159929255,-1.1716888768581812,9.665208107084972,0.9282786113827184,True,Keep distance
1,301,1675461270.0573568,13.522066435030666,-0.08137883323945176,True,True,True,True,5.014710956687112,False,False,False,-4.183623290176164,-0.9186183650827902,9.671008570043245,0.2581654789630212,True,Keep distance
1,302,1675461270.157407,13.522066435030666,-0.08137883323945176,True,True,True,True,5.014710956687112,False,False,False,-4.120499914876177,-0.8471614984035577,9.691293807514764,0.22449109805443654,True,Keep distance
1,303,1675461270.2572684,13.522066435030666,-0.06038162563696869,True,True,True,True,5.014710956687112,False,False,False,-4.097873733447027,-1.047504455124278,9.719950649820566,0.42225871881971583,True,Keep distance
1,304,1675461270.3572502,13.522066435030666,-0.016138025470027635,False,True,True,True,5.014710956687112,False,True,False,-4.101201180683209,-1.3494702373602379,9.735124389239912,0.302365090436133,True,Cruise
1,305,1675461270.4572923,48.78964808974793,-0.016138025470027635,False,True,True,True,5.014710956687112,False,True,False,-4.101201180683209,-1.3494702373602379,9.735124389239912,0.302365090436133,True,Cruise
1,306,1675461270.5573516,48.78964808974793,-0.016138025470027635,False,True,True,True,5.014710956687112,False,True,False,-0.16336496129906142,-1.63629629938262,9.44850026095198,1.8799590278372433,True,Cruise
1,307,1675461270.6573627,46.55450653039292,-0.04593991292809441,False,True,True,True,5.014710956687112,False,True,False,2.106578054748043,-0.9978763804766609,9.352115438162711,0.8560968301301827,True,Cruise
1,308,1675461270.7573287,47.32800207652609,-0.03562663897965216,False,True,True,True,5.014710956687112,False,True,False,2.758972577644622,-1.3684300407609298,9.358257368635538,0.7503108368972539,True,Cruise
1,309,1675461270.8573678,47.32800207652609,-0.03562663897965216,False,True,True,True,5.014710956687112,False,True,False,3.2593775415380293,-1.921069323893005,9.457818146260545,0.25268050342670173,True,Cruise
1,310,1675461270.95732,45.487207625155726,-0.06017056499792365,False,True,False,True,5.014710956687112,False,True,False,3.2593775415380293,-1.921069323893005,9.457818146260545,0.25268050342670173,True,Cruise
1,311,1675461271.0572693,45.487207625155726,-0.06017056499792365,False,True,False,True,5.014710956687112,False,True,False,3.2593775415380293,-1.921069323893005,9.457818146260545,0.25268050342670173,True,Cruise
1,312,1675461271.1572978,45.487207625155726,-0.06017056499792365,False,True,False,True,5.014710956687112,False,True,False,3.191429536451565,-1.782058354542647,9.699657749348969,0.22640510823364085,True,Cruise
1,313,1675461271.2573035,49.772755466522014,-0.0030299271130397433,False,True,False,True,5.014710956687112,False,True,False,3.4127616069652045,-1.79724643765286,9.744831964647844,0.20348862649956972,True,Cruise
1,314,1675461271.357279,49.772755466522014,-0.0030299271130397433,False,True,False,True,5.014710956687112,False,True,False,3.4127616069652045,-1.79724643765286,9.744831964647844,0.20348862649956972,True,Cruise
1,315,1675461271.457278,49.772755466522014,-0.0030299271130397433,False,True,False,True,5.014710956687112,False,True,False,4.4273105192718445,-2.0500819744898653,9.778348945136226,0.2549826232019814,True,Cruise
1,316,1675461271.5572846,49.25638538443409,0.009914861540878757,False,True,False,True,5.014710956687112,False,True,False,4.694996208244694,-1.4361833184758173,9.872048087970816,0.2549826232019814,True,Cruise
1,317,1675461271.6572773,49.25638538443409,0.009914861540878757,False,True,False,True,5.014710956687112,False,True,False,4.694996208244694,-1.4361833184758173,9.872048087970816,0.4224794085920837,True,Cruise
1,318,1675461271.7573402,48.44329557581783,0.020756058989095577,False,True,False,True,5.014710956687112,False,True,False,4.95561220070347,-1.2565146694775682,9.899771891691993,0.3177579711838858,True,Cruise
1,319,1675461271.8573155,48.44329557581783,0.020756058989095577,False,True,False,True,5.014710956687112,False,True,False,5.793870432433875,-0.9378622711297113,9.95118432315148,0.32699852388322304,True,Cruise
1,320,1675461271.9572902,46.44976808264903,-0.0473364255646796,False,True,False,True,5.014710956687112,False,True,False,5.793870432433875,-0.9378622711297113,9.95118432315148,0.2775694446147584,True,Cruise
1,321,1675461272.0573013,45.80644843765341,0.0559140208312879,False,True,False,True,5.014710956687112,False,True,False,5.12957842487555,0.2749088841578083,10.099702557598151,0.22625592435689024,True,Cruise
1,322,1675461272.1572945,45.80644843765341,0.0559140208312879,False,True,False,True,5.014710956687112,False,True,False,4.213730308309112,-0.629575562774523,10.192128779287904,1.2905086182651473,True,Cruise
1,323,1675461272.257418,45.80644843765341,0.0559140208312879,False,True,False,True,5.014710956687112,False,True,False,3.508995418548792,-1.0794464649083984,10.245505507795265,0.8377852759379256,True,Cruise
1,324,1675461272.3573596,46.60105362292912,0.045319285027611726,False,True,False,True,5.014710956687112,False,True,False,1.425613289764051,1.615424993757662,10.344066514353548,0.8377852759379256,True,Cruise
1,325,1675461272.4572613,49.69982196282431,-0.004002373829009206,False,True,False,True,5.014710956687112,False,True,False,0.28918817948893966,2.1942042342634176,10.431694427629768,1.2783294143879202,True,Cruise
1,326,1675461272.5572803,48.59493637996029,-0.018734181600529486,False,True,False,True,5.014710956687112,False,True,False,3.317444576675983,2.2625015986502843,9.909245977068066,0.5347479812999011,True,Cruise
1,327,1675461272.6572921,48.59493637996029,-0.018734181600529486,False,True,False,True,5.014710956687112,False,True,False,3.5302030662195563,1.7998779415568658,9.840313991340293,0.5138467102470595,True,Cruise
1,328,1675461272.757277,48.59493637996029,-0.018734181600529486,False,True,False,True,5.014710956687112,False,True,False,3.4843896564856625,1.147847767653789,9.754289130980824,0.6592742166893745,True,Cruise
1,329,1675461272.8572667,46.3080567606817,-0.049225909857577244,False,True,False,True,5.014710956687112,False,True,False,1.2981147188867672,1.0822781120916962,9.884469814492398,2.081855174131966,True,Cruise
1,330,1675461272.9573123,46.10670602151041,-0.05191058637986116,False,True,False,True,5.014710956687112,False,True,False,0.46297010831709123,0.842901355649824,9.899163266749383,1.327352531071954,True,Cruise
1,331,1675461273.057317,48.71004663080628,-0.017199378255916234,False,True,False,True,5.014710956687112,False,True,False,-2.055767337687798,-0.40330091943795404,9.95858173479829,0.6038236540591851,True,Cruise
1,332,1675461273.1573365,48.71004663080628,-0.017199378255916234,False,True,False,True,5.014710956687112,False,True,False,-0.7291281076838533,-0.748097449465347,9.770347541434957,1.3835781167883279,True,Cruise
1,333,1675461273.2574046,48.71004663080628,-0.017199378255916234,False,True,False,True,5.014710956687112,False,True,False,-0.7291281076838533,-0.748097449465347,9.770347541434957,2.373563390686135,True,Cruise
1,334,1675461273.3573632,48.301693999306806,-0.022644080009242597,False,True,False,True,5.014710956687112,False,True,False,2.2687698239566796,-0.8665826912041279,9.419460143610948,0.7004270731327488,True,Cruise
1,335,1675461273.4574,47.22124236832902,-0.03705010175561308,False,True,False,True,5.014710956687112,False,True,False,2.861030329869865,-1.687393635744085,9.379487964705598,0.36162422846820136,True,Cruise
1,336,1675461273.5572996,47.97909980289081,-0.026945335961455902,False,True,False,True,5.014710956687112,False,True,False,1.2274715398242464,-1.8026974236422215,9.556100233319473,1.6471190538221285,True,Cruise
1,337,1675461273.6572444,47.97909980289081,-0.026945335961455902,False,True,False,True,5.014710956687112,False,True,False,-0.006783099881863992,-2.2846020766766357,9.670601134931905,0.1919619724117133,True,Cruise
1,338,1675461273.757272,47.97909980289081,-0.026945335961455902,False,True,False,True,5.014710956687112,False,True,False,-0.006783099881863992,-2.2846020766766357,9.670601134931905,0.1919619724117133,True,Cruise
1,339,1675461273.8572721,48.9027011154883,-0.014630651793489323,False,True,False,True,5.014710956687112,False,True,False,1.231447977240699,-1.7088164642171386,9.545723828980156,0.1919619724117133,True,Cruise
1,340,1675461273.957289,48.322919019970534,-0.022361079733726197,False,True,False,True,5.014710956687112,False,True,False,0.9620762014876303,-1.6322338088921269,9.626644785203135,0.28868351687331884,True,Cruise
1,341,1675461274.057267,49.46738608519913,-0.007101518864011577,False,True,False,True,5.014710956687112,False,True,False,2.3943073638682213,-1.5439510220771973,9.551409407669013,0.07201706008446596,True,Cruise
1,342,1675461274.1572313,49.46738608519913,-0.007101518864011577,False,True,False,True,5.014710956687112,False,True,False,2.79206705325075,-1.6772447990021584,9.591822741041447,0.07201706008446596,True,Cruise
1,343,1675461274.2572975,49.46738608519913,-0.007101518864011577,False,True,False,True,5.014710956687112,False,True,False,2.79206705325075,-1.6772447990021584,9.591822741041447,0.4655125507595207,True,Cruise
1,344,1675461274.3573248,49.451968010777456,-0.007307093189633889,False,True,False,True,5.014710956687112,False,True,False,3.703861292067788,-1.3064784311779085,9.639066526592641,0.9854280332539439,True,Cruise
1,345,1675461274.4573503,49.98203662018142,-0.00023951173091439648,False,True,False,True,5.014710956687112,False,True,False,3.970107816729077,-1.1614628302033787,9.702866481678997,0.14213475958518068,True,Cruise
1,346,1675461274.5572727,49.99820313396201,-2.395821383996144e-05,False,True,False,True,5.014710956687112,False,True,False,4.150499478139604,-0.894793138279687,9.768686088010327,0.18935654738719027,True,Cruise
1,347,1675461274.6573317,49.99820313396201,-2.395821383996144e-05,False,True,False,True,5.014710956687112,False,True,False,4.146128028362378,-0.5746458927219904,9.842848508072453,0.17933633757981668,True,Cruise
1,348,1675461274.7573757,49.91150159471124,0.0011799787371835084,False,True,False,True,5.014710956687112,False,True,False,4.146128028362378,-0.5746458927219904,9.842848508072453,0.17933633757981668,True,Cruise
1,349,1675461274.8572922,49.91150159471124,0.0011799787371835084,False,True,False,True,5.014710956687112,False,True,False,2.8343930587127617,-0.19145224306041156,10.036574569143825,1.3802230944600478,True,Cruise
1,350,1675461274.9573355,49.80490934303384,0.0026012087595487774,False,True,False,True,5.014710956687112,False,True,False,1.823143913921188,-0.2820287096274031,10.137134607703873,1.081561866132227,True,Cruise
1,351,1675461275.0572846,49.80490934303384,0.0026012087595487774,False,True,False,True,5.014710956687112,False,True,False,0.7474716509791719,-0.21905824724396528,10.230622435124577,0.20986900200052078,True,Cruise
1,352,1675461275.1574552,49.48515172773292,0.006864643630227763,False,True,False,True,5.014710956687112,False,True,False,0.6254457392602388,0.09628827503462607,10.15711661586586,0.10870817562003604,True,Cruise
1,353,1675461275.2573514,49.740164534282115,0.003464472876238428,False,True,False,True,5.014710956687112,False,True,False,0.6254457392602388,0.09628827503462607,10.15711661586586,0.10870817562003604,True,Cruise
1,354,1675461275.3572886,49.740164534282115,0.003464472876238428,False,True,False,True,5.014710956687112,False,True,False,-1.3361144456995109,0.45676365883582937,10.198341726114863,1.9948334194265434,True,Cruise
1,355,1675461275.4572656,48.49813600271413,0.020024853297144898,False,True,False,True,5.014710956687112,False,True,False,-0.008895691548029133,0.4647604842193557,10.01564229131778,0.973886010624463,True,Cruise
1,356,1675461275.5573356,49.34989635571968,0.00866804859040426,False,True,False,True,5.014710956687112,False,True,False,-0.409782714645366,0.406585202496849,9.942208840936773,1.321840051546303,True,Cruise
1,357,1675461275.6573389,49.34989635571968,0.00866804859040426,False,True,False,True,5.014710956687112,False,True,False,-2.6936657771192567,0.8649998523335987,10.039597657228887,1.0152565917987302,True,Cruise
1,358,1675461275.757274,49.62060286210431,0.005058628505275823,False,True,False,True,5.014710956687112,False,True,False,-1.6533091110940952,0.8254404677373783,9.830074253163337,1.0619825772129394,True,Cruise
1,359,1675461275.8572905,48.888721211125244,0.014817050518330122,False,True,False,True,5.014710956687112,False,True,False,-0.05181516099206532,0.6770358836547968,9.597282952909456,1.2388985386511866,True,Cruise
1,360,1675461275.9572566,48.888721211125244,0.014817050518330122,False,True,False,True,5.014710956687112,False,True,False,-0.7553129975928018,0.7916523090707248,9.626548854578912,0.20206030432778543,True,Cruise
1,361,1675461276.0572844,48.00926605021445,0.026543119330473992,False,True,False,True,5.014710956687112,False,True,False,-0.7553129975928018,0.7916523090707248,9.626548854578912,1.4012449291895657,True,Cruise
1,362,1675461276.1573756,48.00926605021445,0.026543119330473992,False,True,False,True,5.014710956687112,False,True,False,-2.9774767487288103,0.7620445037081673,9.785290914129998,0.9383682745813609,True,Cruise
1,363,1675461276.2573485,48.6218737770389,0.018375016306148014,False,True,False,True,5.014710956687112,False,True,False,-3.853954052959466,1.0412993882679231,9.814171494716083,0.13060599480983598,True,Cruise
1,364,1675461276.3572724,48.846123087588474,0.015385025498820391,False,True,False,True,5.014710956687112,False,True,False,-3.474993713246329,1.2388745835389012,9.729484186896366,0.4387969210460549,True,Cruise
1,365,1675461276.4572606,48.846123087588474,0.015385025498820391,False,True,False,True,5.014710956687112,False,True,False,-0.08440540245335068,1.0107587413233032,9.407015712691539,1.8240871854464995,True,Cruise
1,366,1675461276.557253,49.003726509648864,0.013283646538015106,False,True,False,True,5.014710956687112,False,True,False,0.0790409690879986,1.070201997896831,9.41694996726687,0.12847369201491546,True,Cruise
1,367,1675461276.6572907,49.003726509648864,0.013283646538015106,False,True,True,False,5.014710956687112,False,True,False,-0.02464152352431493,1.138293767677497,9.4504005450463,0.12847369201491546,True,Cruise
1,368,1675461276.7572563,49.1142658173927,0.01180978910143071,False,True,True,False,5.014710956687112,False,True,False,-0.02464152352431493,1.138293767677497,9.4504005450463,0.4320554755748004,True,Cruise
