repetition,iteration,time,speed,steering,obstacle_North,obstacle_NorthWest,obstacle_SouthWest,obstacle_West,obstacle_distance,follow_enable,steady_motion_enable,passing_start,accel_x,accel_y,accel_z,accel_diff,success,action
1,1,1675454904.020782,0.0,0.0,False,True,False,True,100000,False,True,False,0.24666626616225684,1.8855637290978922e-13,10.336500073756252,0.04833289572123185,True,Cruise
1,2,1675454904.0209153,0.0,0.0,False,True,False,True,100000,False,True,False,0.24666626616225684,1.8855637290978922e-13,10.336500073756252,0.04833289572123185,True,Cruise
1,3,1675454904.1210752,0.0,0.0,False,True,False,True,100000,False,True,False,0.2796810022504297,-8.337990473290644e-13,10.301774476662798,0.047914923483906156,True,Cruise
1,4,1675454904.221191,49.645902376481374,0.004721301646915027,False,True,False,True,100000,False,True,False,0.32766168855575417,8.287308409358302e-14,10.219097679569854,0.047993715498919086,True,Cruise
1,5,1675454904.3211536,49.982262977947904,-0.00023649362736125404,False,True,False,True,100000,False,True,False,1.3289558669501045,-0.014195203857132641,10.078087301884507,0.9254949326136298,True,Cruise
1,6,1675454904.4211202,49.982262977947904,-0.00023649362736125404,False,True,False,True,100000,False,True,False,2.9253543587854307,0.024490071547661453,9.865177919956164,0.6855192621807339,True,Cruise
1,7,1675454904.5211465,49.982262977947904,-0.00023649362736125404,False,True,False,True,100000,False,True,False,3.6329038358795436,-0.005129186303499694,9.750841253285412,0.7173398332151817,True,Cruise
1,8,1675454904.6211288,49.375309189074606,0.008329210812338603,False,True,False,True,100000,False,True,False,3.783937458477806,-0.005465072013121931,9.718183530503099,0.15452441500193626,True,Cruise
1,9,1675454904.7211611,49.3024647152954,0.009300470462727984,False,True,False,True,100000,False,True,False,3.8775646337081513,-0.029052695605838143,9.694538434723263,0.085136786555971,True,Cruise
1,10,1675454904.8211336,49.3024647152954,0.009300470462727984,False,True,False,True,100000,False,True,False,4.023692289927534,0.01673561311200393,9.662029991405412,0.07446217249705697,True,Cruise
1,11,1675454904.9211385,49.87688536664237,0.0016415284447684013,False,True,False,True,100000,False,True,False,4.1865181871377795,0.016174060000580304,9.642274761827135,0.07972537450698206,True,Cruise
1,12,1675454905.021087,49.87688536664237,0.0016415284447684013,False,True,False,True,100000,False,True,False,4.271126943340088,0.03499801767968312,9.637134336384381,0.08682975862305951,True,Cruise
1,13,1675454905.1210842,48.36614429859257,0.021784742685432377,False,True,False,True,100000,False,True,False,4.4228409382333975,-0.009936936052267108,9.637255931177016,0.1582286355204815,True,Cruise
1,14,1675454905.2212481,48.36614429859257,0.021784742685432377,False,True,False,True,100000,False,True,False,4.530200056860273,0.03115962466045747,9.65079625517742,0.10789602971788412,True,Cruise
1,15,1675454905.3211951,49.87392550021866,0.0016809933304178643,False,True,False,True,100000,False,True,False,4.5645041202172765,0.05832074059167872,9.66181528505469,0.045121103719509455,True,Cruise
1,16,1675454905.4210827,49.87392550021866,0.0016809933304178643,False,True,False,True,100000,False,True,False,4.5645041202172765,0.05832074059167872,9.66181528505469,0.06145616711847732,True,Cruise
1,17,1675454905.5210814,49.24906892515703,-0.01001241433123951,False,True,False,True,100000,False,True,False,4.588329865478796,-0.01865620006505591,9.722645746644476,0.03519780946539326,True,Cruise
1,18,1675454905.6212604,49.3664318726026,0.008447575031965433,False,True,False,False,100000,False,True,False,4.588329865478796,-0.01865620006505591,9.722645746644476,0.05379846539876327,True,Cruise
1,19,1675454905.721254,49.3664318726026,0.008447575031965433,False,True,False,False,100000,False,True,False,4.516102407760219,-0.03392776267512363,9.772400488450188,0.036138467444267124,True,Cruise
1,20,1675454905.8211417,49.39673577357156,0.008043523019045908,False,True,False,False,100000,False,True,False,4.39891747796972,0.039672812573303934,9.81408439145072,0.05272246794251665,True,Cruise
1,21,1675454905.921092,49.39673577357156,0.008043523019045908,False,True,False,False,100000,False,True,False,4.35477023273532,0.039734833739738185,9.82495711501583,0.05272246794251665,True,Cruise
1,22,1675454906.021089,49.66430594737742,-0.004475920701634448,False,True,False,False,100000,False,True,False,4.309647580125181,0.028312034555933806,9.834050706450327,0.04666543448953131,True,Cruise
1,23,1675454906.1211557,49.66430594737742,-0.004475920701634448,False,True,False,False,100000,False,True,False,4.264375480312228,0.019605212805148566,9.841281958736259,0.04666543448953131,True,Cruise
1,24,1675454906.2211614,49.66430594737742,-0.004475920701634448,False,True,False,False,100000,False,True,False,4.176605389201302,-0.013145745395376133,9.850028393994542,0.04572703386085254,True,Cruise
1,25,1675454906.3210964,49.71929493329555,-0.003742734222726035,False,True,False,False,100000,False,True,False,4.060021960319834,-0.025525477408032515,9.84963491375206,0.04572703386085254,True,Cruise
1,26,1675454906.4211216,49.71929493329555,-0.003742734222726035,False,True,False,False,100000,False,True,False,4.02697797910259,-0.022958301066920796,9.846321382257877,0.033308776321187804,True,Cruise
1,27,1675454906.5210588,49.51692559193298,-0.006440992107560272,False,True,False,False,100000,False,True,False,3.971431780547838,-0.016380539738814086,9.835853504479939,0.023263423240432908,True,Cruise
1,28,1675454906.621078,49.51692559193298,-0.006440992107560272,False,True,False,False,100000,False,True,False,3.949219595986316,-0.01773136428063571,9.829072576009175,0.023263423240432908,True,Cruise
1,29,1675454906.7210937,49.86671819964984,0.0017770906713354354,False,True,False,False,100000,False,True,False,3.9049933193199777,-0.0037149342201474827,9.804940176814538,0.0637170168381924,True,Cruise
1,30,1675454906.8211246,49.86671819964984,0.0017770906713354354,False,True,False,False,100000,False,True,False,3.9049933193199777,-0.0037149342201474827,9.804940176814538,0.054517798207315823,True,Cruise
1,31,1675454906.9212368,49.855186083535074,0.001930852219532343,False,True,False,False,100000,False,True,False,3.8930585471416475,-0.019772905188318923,9.787678558782453,0.03845620723505459,True,Cruise
1,32,1675454907.0211978,49.95066319612343,0.0006578240516875907,False,True,False,False,100000,False,True,False,3.897356766434458,0.004765056274615444,9.763569127377426,0.008681786156102489,True,Cruise
1,33,1675454907.1213589,49.95066319612343,0.0006578240516875907,False,True,False,False,100000,False,True,False,3.897356766434458,0.004765056274615444,9.763569127377426,0.009987965095717933,True,Cruise
1,34,1675454907.2211664,49.95066319612343,0.0006578240516875907,False,True,False,False,100000,False,True,False,3.9036128431055825,0.008200553682537639,9.756582117358938,0.009987965095717933,True,Cruise
1,35,1675454907.3210695,49.69141223892435,0.004114503481008659,False,True,False,False,100000,False,True,False,3.9326682720582,0.0006788815795135734,9.740167773679847,0.01208019604627592,True,Cruise
1,36,1675454907.4210906,49.69141223892435,0.004114503481008659,False,True,False,False,100000,False,True,False,3.9326682720582,0.0006788815795135734,9.740167773679847,0.01208019604627592,True,Cruise
1,37,1675454907.521133,49.63893490791468,0.004814201227804321,False,True,False,False,100000,False,True,False,3.9575688347234386,0.01425261987557147,9.733553680106871,0.02520470743271288,True,Cruise
1,38,1675454907.6211097,48.88270953725487,0.014897206169935073,False,True,False,False,100000,False,True,False,3.984250040994801,0.02345431571258993,9.730534141183366,0.013908298337979526,True,Cruise
1,39,1675454907.7210906,48.88270953725487,0.014897206169935073,False,True,False,False,100000,False,True,False,4.010774052472138,0.028517041019276473,9.730902002139326,0.013213113523486834,True,Cruise
1,40,1675454907.8211102,49.66545840161018,0.004460554645197604,False,True,False,False,100000,False,True,False,4.010774052472138,0.028517041019276473,9.730902002139326,0.03978185318124155,True,Cruise
1,41,1675454907.9210985,49.66545840161018,0.004460554645197604,False,True,False,False,100000,False,True,False,4.0463908392048165,0.08491581520521331,9.736860517139116,0.03652275669649552,True,Cruise
1,42,1675454908.0212317,49.721118469022045,0.003718420413039384,False,True,False,False,100000,False,True,False,4.056685344582243,0.11981969620017255,9.739967606972911,0.03652275669649552,True,Cruise
1,43,1675454908.1211565,47.93482752111677,0.027535633051776375,False,True,False,False,100000,False,True,False,4.082958382150724,0.024982740041527243,9.751313117485932,0.00951319697180912,True,Cruise
1,44,1675454908.2210672,47.93482752111677,0.027535633051776375,False,True,False,False,100000,False,True,False,4.0947682086519315,0.030246332350911547,9.7598099313445,0.006886233043432639,True,Cruise
1,45,1675454908.3211334,48.78206661687171,0.016239111775043835,False,True,False,False,100000,False,True,False,4.100858112794299,0.10573718425226877,9.768379492234486,0.07621937435523221,True,Cruise
1,46,1675454908.421129,49.72589823507123,0.0036546901990502645,False,True,False,False,100000,False,True,False,4.101757756222104,0.16741899499091326,9.772492654623296,0.010375281029418816,True,Cruise
1,47,1675454908.5211253,49.72589823507123,0.0036546901990502645,False,True,False,False,100000,False,True,False,4.101663677543284,0.20320576631729217,9.77986329956227,0.02639160080437627,True,Cruise
1,48,1675454908.6212573,47.76272835682237,0.02983028857570176,False,True,False,False,100000,False,True,False,4.103259402701958,0.05297715379464408,9.785461627471584,0.11051825609929251,True,Cruise
1,49,1675454908.7211418,47.76272835682237,0.02983028857570176,False,True,False,False,100000,False,True,False,4.101273819088019,0.015362607049865645,9.789713806513491,0.0025671624560730444,True,Cruise
1,50,1675454908.8211083,47.76272835682237,0.02983028857570176,False,True,False,False,100000,False,True,False,4.092536344110778,0.12037479212136526,9.79281859385946,0.0025671624560730444,True,Cruise
1,51,1675454908.9210923,47.76272835682237,0.02983028857570176,False,True,False,False,100000,False,True,False,4.086642897753804,0.19554920378698257,9.793820755042363,0.07541173122446367,True,Cruise
1,52,1675454909.0211282,47.76272835682237,0.02983028857570176,False,True,False,False,100000,False,True,False,4.076428657494673,0.19596928769376662,9.794401815724365,0.01029942567424858,True,Cruise
1,53,1675454909.121154,49.84037200908135,0.002128373212248693,False,True,False,False,100000,False,True,False,4.064123769262591,0.18778565165379651,9.792351483015802,0.005335534097045227,True,Cruise
1,54,1675454909.2211025,49.84037200908135,0.002128373212248693,False,True,False,False,100000,False,True,False,4.060899044173386,0.2737243052255078,9.791055817712163,0.08600889359943309,True,Cruise
1,55,1675454909.3210642,49.84037200908135,0.002128373212248693,False,True,False,False,100000,False,True,False,4.060899044173386,0.2737243052255078,9.791055817712163,0.08600889359943309,True,Cruise
1,56,1675454909.4211066,49.84037200908135,0.002128373212248693,False,True,False,False,100000,False,True,False,4.059701767458964,0.0009325636299864289,9.783461101670381,0.004350624719935873,True,Cruise
1,57,1675454909.5211596,48.20310574697,0.023958590040399918,False,True,False,False,100000,False,True,False,4.056662520510376,0.0019288827845601402,9.781691250977094,0.003655413157059431,True,Cruise
1,58,1675454909.621188,48.20310574697,0.023958590040399918,False,True,False,False,100000,False,True,False,4.05072608802259,-0.07970869091120966,9.778173128656006,0.07512080694350998,True,Cruise
1,59,1675454909.721102,48.20310574697,0.023958590040399918,False,True,False,False,100000,False,True,False,4.042112239285882,0.11509960948524765,9.775212091571122,0.05997567262212306,True,Cruise
1,60,1675454909.8211217,47.177472607417016,0.037633698567773155,False,True,False,False,100000,False,True,False,4.038413484092279,0.1136727297912367,9.772152081359005,0.005008037354258086,True,Cruise
1,61,1675454909.921319,47.177472607417016,0.037633698567773155,False,True,False,False,100000,False,True,False,4.037890719193541,0.10884875527372898,9.77071649069245,0.005060131801328449,True,Cruise
1,62,1675454910.0211556,47.177472607417016,0.037633698567773155,False,True,False,False,100000,False,True,False,4.037657779364002,0.07270582145595485,9.769421085942108,0.10586744901141748,True,Cruise
1,63,1675454910.1210926,47.177472607417016,0.037633698567773155,False,True,False,False,100000,False,True,False,4.037657779364002,0.07270582145595485,9.769421085942108,0.10586744901141748,True,Cruise
1,64,1675454910.2211106,48.458443820673146,0.02055408239102471,False,True,False,False,100000,False,True,False,4.031355881262454,0.29448827513404824,9.765972955918036,0.01322478066328404,True,Cruise
1,65,1675454910.321065,48.458443820673146,0.02055408239102471,False,True,False,False,100000,False,True,False,4.038855196247067,0.25086318314939526,9.764817441765341,0.044280058591480674,True,Cruise
1,66,1675454910.421069,48.458443820673146,0.02055408239102471,False,True,False,False,100000,False,True,False,4.043972748398872,0.20205467298422783,9.764453381219962,0.04907741379341819,True,Cruise
1,67,1675454910.5210893,47.43498838530581,0.03420015486258919,False,True,False,False,100000,False,True,False,4.043972748398872,0.20205467298422783,9.764453381219962,0.0055538597193310005,True,Cruise
1,68,1675454910.6211321,47.43498838530581,0.03420015486258919,False,True,False,False,100000,False,True,False,4.050262921090026,0.2098298347140844,9.765158339727032,0.004682341465036776,True,Cruise
1,69,1675454910.721185,47.43498838530581,0.03420015486258919,False,True,False,False,100000,False,True,False,4.05140189321672,0.15968465957219644,9.766455098629805,0.09000827392672012,True,Cruise
1,70,1675454910.8211334,47.43498838530581,0.03420015486258919,False,True,False,False,100000,False,True,False,4.047931842411795,0.2496183070177952,9.76763288460759,0.044905148728371216,True,Cruise
1,71,1675454910.9210763,46.76724362985177,0.04310341826864311,False,True,False,False,100000,False,True,False,4.045084362018431,0.28652289852821367,9.770317528882993,0.00789370327218393,True,Cruise
1,72,1675454911.0210721,46.76724362985177,0.04310341826864311,False,True,False,False,100000,False,True,False,4.04349387098529,0.32154531359283195,9.7720741815782,0.06672437899532704,True,Cruise
1,73,1675454911.1211956,46.76724362985177,0.04310341826864311,False,True,False,False,100000,False,True,False,4.041883756716851,0.3613993198765257,9.772929712711477,0.039895691726527766,True,Cruise
1,74,1675454911.2212708,46.30787623950868,0.04922831680655094,False,True,False,False,100000,False,True,False,4.041645374964171,0.3952155672933318,9.774701140637477,0.008658031263188086,True,Cruise
1,75,1675454911.3213718,46.30787623950868,0.04922831680655094,False,True,False,False,100000,False,True,False,4.041645374964171,0.3952155672933318,9.774701140637477,0.008658031263188086,True,Cruise
1,76,1675454911.421166,46.30787623950868,0.04922831680655094,False,True,False,False,100000,False,True,False,4.0396267586611465,0.4585909892370384,9.77609698669827,0.05915180036215479,True,Cruise
1,77,1675454911.5210829,46.30787623950868,0.04922831680655094,False,True,False,False,100000,False,True,False,4.036095961256639,0.5111988210056662,9.776769714261436,0.016299253606888824,True,Cruise
1,78,1675454911.6210716,47.0488532358288,0.039348623522282626,False,True,False,False,100000,False,True,False,4.035556207730611,0.5196089597685669,9.776872235094897,0.00842806492626862,True,Cruise
1,79,1675454911.7211869,47.0488532358288,0.039348623522282626,False,True,False,False,100000,False,True,False,4.035491641417691,0.5263489394142359,9.776863627279997,0.0067402943947036525,True,Cruise
1,80,1675454911.8210852,47.0488532358288,0.039348623522282626,False,True,False,False,100000,False,True,False,4.042548916468889,0.4896785791705981,9.775975314398682,0.07221472626434262,True,Cruise
1,81,1675454911.9210815,47.0488532358288,0.039348623522282626,False,True,False,False,100000,False,True,False,4.051033798606237,0.4439433950990318,9.774945125499922,0.0010630308630384408,True,Cruise
1,82,1675454912.0211098,47.11847884511098,0.03842028206518699,False,True,False,False,100000,False,True,False,4.051081611661565,0.44267407786532303,9.774830729834783,0.0012753582619219825,True,Cruise
1,83,1675454912.121071,47.11847884511098,0.03842028206518699,False,True,False,False,100000,False,True,False,4.050341430904537,0.43148485911286144,9.774624747009456,0.005848710877604783,True,Cruise
1,84,1675454912.2211888,47.11847884511098,0.03842028206518699,False,True,False,False,100000,False,True,False,4.05065790928816,0.4140804404046481,9.77443133517393,0.0174083703222395,True,Cruise
1,85,1675454912.32116,47.11847884511098,0.03842028206518699,False,True,False,False,100000,False,True,False,4.051270999835284,0.3905440976268831,9.774056891083351,0.009677922710462328,True,Cruise
1,86,1675454912.4210699,47.22796359177476,0.036960485443003184,False,True,False,False,100000,False,True,False,4.051270999835284,0.3905440976268831,9.774056891083351,0.009677922710462328,True,Cruise
1,87,1675454912.5210643,47.22796359177476,0.036960485443003184,False,True,False,False,100000,False,True,False,4.051270999835284,0.3905440976268831,9.774056891083351,0.0020112377477305037,True,Cruise
1,88,1675454912.6212592,47.22796359177476,0.036960485443003184,False,True,False,False,100000,False,True,False,4.052157918616189,0.37242727673340253,9.773254955250154,0.00040597692749102073,True,Cruise
1,89,1675454912.7213218,47.56555621292642,0.03245925049431444,False,True,False,False,100000,False,True,False,4.053334886416265,0.36843597962501545,9.772919254652395,0.009524346411811735,True,Cruise
1,90,1675454912.8211784,47.56555621292642,0.03245925049431444,False,True,False,False,100000,False,True,False,4.054410815411075,0.36905957311736504,9.77268393095732,0.0034275181672474234,True,Cruise
1,91,1675454912.9211125,47.56555621292642,0.03245925049431444,False,True,False,False,100000,False,True,False,4.057494541955504,0.35654135468599846,9.772306334423783,0.012897974307555333,True,Cruise
1,92,1675454913.021159,47.56555621292642,0.03245925049431444,False,True,False,False,100000,False,True,False,4.060194795354747,0.34177042309581096,9.77213541325012,0.015274933092808637,True,Cruise
1,93,1675454913.1210835,48.71047329061634,0.01719368945844876,False,True,False,False,100000,False,True,False,4.060235758896348,0.34747087736039933,9.772201431273158,0.005700983705797631,True,Cruise
1,94,1675454913.2210965,48.71047329061634,0.01719368945844876,False,True,False,False,100000,False,True,False,4.059273159373509,0.35828397555327385,9.77245357356867,0.04774297472130511,True,Cruise
1,95,1675454913.3210628,48.71047329061634,0.01719368945844876,False,True,False,False,100000,False,True,False,4.0680741347944,0.2757602704425159,9.771756507251734,0.13057402835543963,True,Cruise
1,96,1675454913.4210744,48.71047329061634,0.01719368945844876,False,True,False,False,100000,False,True,False,4.0680741347944,0.2757602704425159,9.771756507251734,0.0959981386423455,True,Cruise
1,97,1675454913.521091,47.65503265414497,0.031266231278067075,False,True,False,False,100000,False,True,False,4.076334177670391,0.177677884370554,9.771768040111276,0.0025111077669421502,True,Cruise
1,98,1675454913.6210806,47.65503265414497,0.031266231278067075,False,True,False,False,100000,False,True,False,4.07290180918561,0.12848581997807676,9.772602475298093,0.047130282988755774,True,Cruise
1,99,1675454913.7210953,47.65503265414497,0.031266231278067075,False,True,False,False,100000,False,True,False,4.0540309015295515,0.323852236813786,9.774810850028455,0.015583702863955537,True,Cruise
1,100,1675454913.82108,48.61926762081766,0.018409765055764537,False,True,False,False,100000,False,True,False,4.0524427946183055,0.32524435664537016,9.774945093321739,0.002116152747045636,True,Cruise
1,101,1675454913.9211612,48.61926762081766,0.018409765055764537,False,True,False,False,100000,False,True,False,4.0524427946183055,0.32524435664537016,9.774945093321739,0.002116152747045636,True,Cruise
1,102,1675454914.021114,48.61926762081766,0.018409765055764537,False,True,False,False,100000,False,True,False,4.064705964783717,0.23474890208167268,9.773548323752124,0.04350097946304994,True,Cruise
1,103,1675454914.1210747,48.61926762081766,0.018409765055764537,False,True,False,False,100000,False,True,False,4.066966381623633,0.2507189691712608,9.77338332551522,0.0022495865134296764,True,Cruise
1,104,1675454914.2210686,48.82799662674191,0.015626711643441232,False,True,False,False,100000,False,True,False,4.064451258048148,0.27037472696851605,9.773624413300281,0.006631899546394388,True,Cruise
1,105,1675454914.3212388,48.82799662674191,0.015626711643441232,False,True,False,False,100000,False,True,False,4.064451258048148,0.27037472696851605,9.773624413300281,0.006631899546394388,True,Cruise
1,106,1675454914.4211845,48.82799662674191,0.015626711643441232,False,True,False,False,100000,False,True,False,4.063014838729394,0.2791452580221087,9.773739667342506,0.0474005188261504,True,Cruise
1,107,1675454914.5210078,48.82799662674191,0.015626711643441232,False,True,False,False,100000,False,True,False,4.062454761910115,0.22362662643669298,9.773681218981839,0.008127746514656625,True,Cruise
1,108,1675454914.6211286,48.72867977507065,0.016950936332391302,False,True,False,False,100000,False,True,False,4.060714852938725,0.2145443782293086,9.77369482231585,0.0037548030330122797,True,Cruise
1,109,1675454914.7211068,48.72867977507065,0.016950936332391302,False,True,False,False,100000,False,True,False,4.060714852938725,0.2145443782293086,9.77369482231585,0.002764565993886285,True,Cruise
1,110,1675454914.8210871,48.72867977507065,0.016950936332391302,False,True,False,False,100000,False,True,False,4.059627071924217,0.20648882317272602,9.773665561849523,0.012014697110876825,True,Cruise
1,111,1675454914.9211981,48.72867977507065,0.016950936332391302,False,True,False,False,100000,False,True,False,4.0586523389904485,0.21846389183612552,9.773689496778116,0.012014697110876825,True,Cruise
1,112,1675454915.0211377,48.57879362183796,0.018949418375493805,False,True,False,False,100000,False,True,False,4.056958936178074,0.23526467811332077,9.773592299547747,0.003999604068715803,True,Cruise
1,113,1675454915.1210992,48.57879362183796,0.018949418375493805,False,True,False,False,100000,False,True,False,4.056958936178074,0.23526467811332077,9.773592299547747,0.005113957535061375,True,Cruise
1,114,1675454915.2211318,48.57879362183796,0.018949418375493805,False,True,False,False,100000,False,True,False,4.055405128152771,0.2683718493666027,9.77348659290813,0.027212812276352166,True,Cruise
1,115,1675454915.321248,48.57879362183796,0.018949418375493805,False,True,False,False,100000,False,True,False,4.0541296862900875,0.30165473166913953,9.77342049212916,0.0102500634112572,True,Cruise
1,116,1675454915.4211407,48.396760712928256,0.021376523827623253,False,True,False,False,100000,False,True,False,4.053831078567752,0.31190025631574536,9.773358378694642,0.0102500634112572,True,Cruise
1,117,1675454915.5211139,48.396760712928256,0.021376523827623253,False,True,False,False,100000,False,True,False,4.0524109315170005,0.3610575155608946,9.773258156047968,0.04917787102670749,True,Cruise
1,118,1675454915.6212585,48.396760712928256,0.021376523827623253,False,True,False,False,100000,False,True,False,4.0511198652449085,0.4021969366968499,9.773212134110322,0.015278955832804099,True,Cruise
1,119,1675454915.7211692,48.396760712928256,0.021376523827623253,False,True,False,False,100000,False,True,False,4.050902987680943,0.413383312799365,9.773154551422373,0.01118862645504908,True,Cruise
1,120,1675454915.8211026,49.250513538361254,0.009993152821849897,False,True,False,False,100000,False,True,False,4.051088051939128,0.4769712972428745,9.772953030226848,0.04284536973338177,True,Cruise
1,121,1675454915.921081,49.250513538361254,0.009993152821849897,False,True,False,False,100000,False,True,False,4.051088051939128,0.4769712972428745,9.772953030226848,0.17074187066965352,True,Cruise
1,122,1675454916.0210972,49.250513538361254,0.009993152821849897,False,True,False,False,100000,False,True,False,4.0612947512231585,0.28847104803659895,9.772100991424768,0.018048941605969593,True,Cruise
1,123,1675454916.121206,49.53454689823137,-0.006206041356915113,False,True,False,False,100000,False,True,False,4.061264473271255,0.27818989714071907,9.772328721214516,0.006221200118434302,True,Cruise
1,124,1675454916.221194,49.53454689823137,-0.006206041356915113,False,True,False,False,100000,False,True,False,4.0606575657220345,0.26574234660773194,9.772503866427474,0.012463567983935853,True,Cruise
1,125,1675454916.3210967,49.53454689823137,-0.006206041356915113,False,True,False,False,100000,False,True,False,4.064987328716131,0.1080643640622757,9.772319903397689,0.18697340330020357,True,Cruise
1,126,1675454916.4210923,49.53454689823137,-0.006206041356915113,False,True,False,False,100000,False,True,False,4.067439149022926,-0.09971139166442024,9.772688395194663,0.08256828394432127,True,Cruise
1,127,1675454916.521113,47.93025372279015,-0.027596617029464688,False,True,False,False,100000,False,True,False,4.067439149022926,-0.09971139166442024,9.772688395194663,0.08256828394432127,True,Cruise
1,128,1675454916.6211376,47.93025372279015,-0.027596617029464688,False,True,False,False,100000,False,True,False,4.064854427819786,-0.15991260001192367,9.773278819921206,0.025750724996357933,True,Cruise
1,129,1675454916.721112,47.93025372279015,-0.027596617029464688,False,True,False,False,100000,False,True,False,4.0619806642842455,-0.5706407508811765,9.77383766874792,0.17557895116690309,True,Cruise
1,130,1675454916.8210719,47.93025372279015,-0.027596617029464688,False,True,False,False,100000,False,True,False,4.0562415604547875,-0.686594496334812,9.774357097161706,0.04022886130034592,True,Cruise
1,131,1675454916.9211388,47.93025372279015,-0.027596617029464688,False,True,False,False,100000,False,True,False,4.0562415604547875,-0.686594496334812,9.774357097161706,0.04022886130034592,True,Cruise
1,132,1675454917.021134,48.23456802741418,-0.023539092967810992,False,True,False,False,100000,False,True,False,4.049087594412926,-0.8090571883759081,9.774671321160772,0.1226718749705981,True,Cruise
1,133,1675454917.1212175,48.23456802741418,-0.023539092967810992,False,True,False,False,100000,False,True,False,4.047523294776144,-0.8632093451977688,9.774630832767397,0.05417476129271848,True,Cruise
1,134,1675454917.2212784,48.23456802741418,-0.023539092967810992,False,True,False,False,100000,False,True,False,4.0477484274761055,-0.8560030043013951,9.774417073776108,0.00721302479918772,True,Cruise
1,135,1675454917.3211713,48.23456802741418,-0.023539092967810992,False,True,False,False,100000,False,True,False,4.047451359354627,-0.8749777831404425,9.773847058275338,0.000710621616942991,True,Cruise
1,136,1675454917.4210927,48.07084185685234,-0.02572210857530218,True,True,False,False,13.207269949705019,False,False,False,4.046954202851815,-0.8754544134050888,9.773672009467854,0.000710621616942991,True,Keep distance
1,137,1675454917.5211372,25.810904924557526,-0.02572210857530218,True,True,False,False,13.207269949705019,False,False,False,4.045855152661737,-0.8470093582632987,9.773312399025532,0.02846855094679066,True,Keep distance
1,138,1675454917.621257,25.810904924557526,-0.02572210857530218,True,True,False,False,13.207269949705019,False,False,False,2.0697334728424623,-0.8365270495140059,9.964622967767601,1.8233564644140503,True,Keep distance
1,139,1675454917.7211666,25.810904924557526,-0.02572210857530218,True,True,False,False,13.207269949705019,False,False,False,0.25234857031295244,-0.8097634928064712,10.109621672626204,1.3535125534161006,True,Keep distance
1,140,1675454917.8210962,25.810904924557526,-0.03066391055296147,True,True,False,False,13.207269949705019,False,False,False,-1.9877159292276916,-0.7578642458335593,10.238061453703882,0.5416795325699468,True,Keep distance
1,141,1675454917.9211383,25.810904924557526,-0.03066391055296147,True,True,False,False,13.207269949705019,False,False,False,-2.8541472258612943,-0.7112111909358584,10.209606258749835,0.3271916032048722,True,Keep distance
1,142,1675454918.0210993,25.810904924557526,-0.03066391055296147,True,True,False,False,13.207269949705019,False,False,False,-3.2638406513985014,-0.7059067812758223,10.12305845693618,0.41876886427840865,True,Keep distance
1,143,1675454918.1210845,25.810904924557526,-0.03066391055296147,True,True,False,False,13.207269949705019,False,False,False,-3.6684583664893933,-0.7099686088413812,10.02874002574907,0.2281092964631504,True,Keep distance
1,144,1675454918.2212794,25.810904924557526,-0.03139618415041527,True,True,False,False,13.207269949705019,False,False,False,-4.116882578070208,-0.6817196606657686,9.937376046030137,0.2281092964631504,True,Keep distance
1,145,1675454918.3211217,25.810904924557526,-0.03139618415041527,True,True,False,False,13.207269949705019,False,False,False,-4.533134451813353,-0.6656963804840091,9.847665724035492,0.20432409923359207,True,Keep distance
1,146,1675454918.421098,25.810904924557526,-0.03139618415041527,True,True,False,False,13.207269949705019,False,False,False,-4.7084052430053775,-0.6586202229684428,9.803293931475304,0.18093860346887725,True,Keep distance
1,147,1675454918.5211701,25.112738916901385,-0.03139618415041527,True,True,False,False,12.741825944600922,False,False,False,-4.7084052430053775,-0.6586202229684428,9.803293931475304,0.3810468366109489,True,Keep distance
1,148,1675454918.6211984,25.112738916901385,-0.023726282509767428,True,True,False,False,12.741825944600922,False,False,False,-5.13222290711984,-0.6556592801918102,9.638769449911644,0.0749174042443609,True,Keep distance
1,149,1675454918.72124,25.112738916901385,-0.023726282509767428,True,True,False,False,12.741825944600922,False,False,False,-5.13222290711984,-0.6556592801918102,9.638769449911644,0.09344593724040284,True,Keep distance
1,150,1675454918.8211734,25.112738916901385,-0.023726282509767428,True,True,False,False,12.741825944600922,False,False,False,-5.173658205117193,-0.5309927831393045,9.544293968469365,0.06434045083991076,True,Keep distance
1,151,1675454918.9211235,25.112738916901385,-0.04823278337225718,True,True,False,False,12.741825944600922,False,False,False,-5.106730258654264,-0.49545278694109196,9.50302530829637,0.04671344922742292,True,Keep distance
1,152,1675454919.0211039,25.112738916901385,-0.04823278337225718,True,True,False,False,12.741825944600922,False,False,False,-5.106730258654264,-0.49545278694109196,9.50302530829637,0.04671344922742292,True,Keep distance
1,153,1675454919.1212308,25.112738916901385,-0.04823278337225718,True,True,False,False,12.741825944600922,False,False,False,-4.8358084929683525,-0.602021209101907,9.480344304586195,0.24705884700908795,True,Keep distance
1,154,1675454919.2211483,25.112738916901385,-0.04823278337225718,True,True,False,False,12.741825944600922,False,False,False,-4.6655125129516275,-0.78038088384327,9.497374599763852,0.09727133586475771,True,Keep distance
1,155,1675454919.3210824,25.112738916901385,-0.017254610107126648,True,True,False,False,12.741825944600922,False,False,False,-4.569302852065621,-0.7826478226982884,9.511425356905985,0.10095885529372471,True,Keep distance
1,156,1675454919.4211817,25.112738916901385,-0.017254610107126648,True,True,False,False,12.741825944600922,False,False,False,-4.370970916437117,-0.906244881290608,9.549686780456005,0.1559400678806183,True,Keep distance
1,157,1675454919.5212476,25.112738916901385,-0.017254610107126648,False,True,False,False,12.741825944600922,False,True,False,-4.370970916437117,-0.906244881290608,9.549686780456005,0.5179541435525373,True,Cruise
1,158,1675454919.6211817,48.705904241965506,-0.017254610107126648,False,True,False,False,12.741825944600922,False,True,False,-4.042081094921297,-0.40965534335804976,9.623651801860344,0.10634228252844838,True,Cruise
1,159,1675454919.7210803,48.878787622321155,-0.014949498369051212,False,True,False,False,12.741825944600922,False,True,False,-1.9154356310211647,-0.4243178586819001,9.496280039529784,2.049359532799647,True,Cruise
1,160,1675454919.8210645,48.878787622321155,-0.014949498369051212,False,True,False,False,12.741825944600922,False,True,False,1.3723514656040408,-0.39205502564328765,9.329792144423172,1.4090908517258474,True,Cruise
1,161,1675454919.9210865,48.878787622321155,-0.014949498369051212,False,True,False,False,12.741825944600922,False,True,False,2.9014226660997604,-0.27338636698438085,9.356988719064924,0.5897820016416205,True,Cruise
1,162,1675454920.0210989,46.62287193348262,-0.045028374220231655,False,True,False,False,12.741825944600922,False,True,False,2.9014226660997604,-0.27338636698438085,9.356988719064924,0.5897820016416205,True,Cruise
1,163,1675454920.1211133,46.62287193348262,-0.045028374220231655,False,True,False,False,12.741825944600922,False,True,False,3.7138858301131346,-0.17839682553920722,9.554729079852168,0.8415584686442508,True,Cruise
1,164,1675454920.2210844,46.62287193348262,-0.045028374220231655,False,True,False,False,12.741825944600922,False,True,False,4.111759822706589,-0.3643936933704725,9.695415651673763,0.36174597749242904,True,Cruise
1,165,1675454920.3210864,46.62287193348262,-0.045028374220231655,False,True,False,False,12.741825944600922,False,True,False,4.528688413715971,-0.6150442659474317,9.819759063630764,0.22733505334734494,True,Cruise
1,166,1675454920.4211054,44.93967359725964,-0.06747101870320471,False,True,False,False,12.741825944600922,False,True,False,4.73012584271998,-0.6421026450799633,9.875051837940017,0.21063353146125421,True,Cruise
1,167,1675454920.521129,44.93967359725964,-0.06747101870320471,False,True,False,False,12.741825944600922,False,True,False,4.912838046041213,-0.6759976739736645,9.926106537799857,0.19271534605210566,True,Cruise
1,168,1675454920.6212375,44.93967359725964,-0.06747101870320471,False,True,False,False,12.741825944600922,False,True,False,5.273361708470967,-1.0347439061158934,10.055031019010235,0.5246881855953819,True,Cruise
1,169,1675454920.7212,44.93967359725964,-0.06747101870320471,False,True,False,False,12.741825944600922,False,True,False,5.351729693863909,-1.370602102997176,10.116206259252799,0.0827731470289425,True,Cruise
1,170,1675454920.8211539,44.38805505125802,-0.07482593264989307,False,True,False,False,12.741825944600922,False,True,False,5.344093434206705,-1.525012740551809,10.152504913885085,0.07746459001435223,True,Cruise
1,171,1675454920.9210703,44.38805505125802,-0.07482593264989307,False,True,False,False,12.741825944600922,False,True,False,5.344093434206705,-1.525012740551809,10.152504913885085,0.07746459001435223,True,Cruise
1,172,1675454921.0210924,44.38805505125802,-0.07482593264989307,False,True,False,False,12.741825944600922,False,True,False,5.104713191087206,-1.698319598211743,10.178860205232375,0.2105145714967119,True,Cruise
1,173,1675454921.1211104,44.38805505125802,-0.07482593264989307,False,True,False,False,12.741825944600922,False,True,False,4.876802347966543,-1.986948981440609,10.150157659072114,0.1181825847359181,True,Cruise
1,174,1675454921.2211022,45.247966487350375,-0.06336044683532831,False,True,False,False,12.741825944600922,False,True,False,4.67024946076376,-2.0781581583398983,10.107856638378577,0.11502019934290679,True,Cruise
1,175,1675454921.321106,45.247966487350375,-0.06336044683532831,False,True,False,False,12.741825944600922,False,True,False,4.563741790594288,-2.1119251665138634,10.0806154779606,0.1141783654361239,True,Cruise
1,176,1675454921.4211133,45.247966487350375,-0.06336044683532831,False,True,False,False,12.741825944600922,False,True,False,4.489084568088027,-2.157236532528708,10.004363290102951,0.05824313602448692,True,Cruise
1,177,1675454921.5211017,45.247966487350375,-0.06336044683532831,False,True,False,False,12.741825944600922,False,True,False,4.323120154405211,-2.1049799832721314,9.976998014774226,0.17613571995226587,True,Cruise
1,178,1675454921.6211784,45.59817665001587,-0.05869097799978831,False,True,False,False,12.741825944600922,False,True,False,4.033583823041118,-1.9781303794606755,9.869894922266827,0.0790449907201745,True,Cruise
1,179,1675454921.7211113,45.59817665001587,-0.05869097799978831,False,True,False,False,12.741825944600922,False,True,False,3.9042039861612032,-1.9289829019813962,9.797923239046227,0.07708941450692885,True,Cruise
1,180,1675454921.8211184,45.59817665001587,-0.05869097799978831,False,True,False,False,12.741825944600922,False,True,False,3.9005357938341367,-1.893733719258395,9.759459402444714,0.05230131206476384,True,Cruise
1,181,1675454921.9211884,45.59817665001587,-0.05869097799978831,False,True,False,False,12.741825944600922,False,True,False,3.7147624753134316,-1.7106308006934083,9.678962672021878,0.07066442850461646,True,Cruise
1,182,1675454922.0211794,47.07418618955005,-0.03901085080599935,False,True,False,False,12.741825944600922,False,True,False,3.7147624753134316,-1.7106308006934083,9.678962672021878,0.07066442850461646,True,Cruise
1,183,1675454922.1211605,47.07418618955005,-0.03901085080599935,False,True,False,False,12.741825944600922,False,True,False,3.747476237967472,-1.2933007460850858,9.598547857311752,0.1572861674932068,True,Cruise
1,184,1675454922.2210925,47.07418618955005,-0.03901085080599935,False,True,False,False,12.741825944600922,False,True,False,3.747476237967472,-1.2933007460850858,9.598547857311752,0.1572861674932068,True,Cruise
1,185,1675454922.321127,46.97151109208824,-0.04037985210549013,False,True,False,False,12.741825944600922,False,True,False,3.7122084406435087,-1.1291024687444735,9.585314874396202,0.04293568003303077,True,Cruise
1,186,1675454922.4211073,46.93815175972509,-0.04082464320366548,False,True,False,False,12.741825944600922,False,True,False,3.71957214049664,-1.0814033828223428,9.586094863577085,0.04293568003303077,True,Cruise
1,187,1675454922.5211017,46.93815175972509,-0.04082464320366548,False,True,False,False,12.741825944600922,False,True,False,3.785787753743669,-0.9742108523808054,9.602097270796918,0.055984161409455196,True,Cruise
1,188,1675454922.6212137,46.93815175972509,-0.04082464320366548,False,True,False,False,12.741825944600922,False,True,False,3.8162628523871005,-0.9526969455218982,9.611577198898795,0.03848959421034964,True,Cruise
1,189,1675454922.7211072,47.05092262089292,-0.03932103172142775,False,True,False,False,12.741825944600922,False,True,False,3.8486578565162417,-0.9370045863314529,9.622817089626473,0.036054172030793946,True,Cruise
1,190,1675454922.8211179,47.05092262089292,-0.03932103172142775,False,True,False,False,12.741825944600922,False,True,False,3.914591693654885,-0.9334508684532138,9.649636141421155,0.038825946836953076,True,Cruise
1,191,1675454922.921192,47.05092262089292,-0.03932103172142775,False,True,False,False,12.741825944600922,False,True,False,3.979362306871635,-0.9503288638174465,9.680176203834737,0.03664147830514917,True,Cruise
1,192,1675454923.0212314,47.05092262089292,-0.03932103172142775,False,True,False,False,12.741825944600922,False,True,False,4.009865865197771,-0.9628149630909459,9.696183333082764,0.8514594259722632,True,Cruise
1,193,1675454923.121138,42.98503523972198,-0.09353286347037362,False,True,False,False,12.741825944600922,False,True,False,4.802793027939487,-0.65346599582355,9.672669823902208,0.8514594259722632,True,Cruise
1,194,1675454923.2211092,42.98503523972198,-0.09353286347037362,False,True,False,False,12.741825944600922,False,True,False,4.229764275394722,-1.0419994568428217,9.771623086167484,0.5459828161240291,True,Cruise
1,195,1675454923.3210988,42.98503523972198,-0.09353286347037362,False,True,False,False,12.741825944600922,False,True,False,4.360530776867913,-2.046676524883079,9.794107488221997,0.5824319473722124,True,Cruise
1,196,1675454923.4210904,42.98503523972198,-0.09353286347037362,False,True,False,False,12.741825944600922,False,True,False,4.157782124155467,-2.256221421116617,9.825354688243749,0.21174568181514491,True,Cruise
1,197,1675454923.5210755,46.04018718106032,-0.052797504252529055,False,True,False,False,12.741825944600922,False,True,False,3.52896571266987,-2.835028812229712,9.903456055392722,0.4183794054507893,True,Cruise
1,198,1675454923.6210794,46.04018718106032,-0.052797504252529055,False,True,False,False,12.741825944600922,False,True,False,3.52896571266987,-2.835028812229712,9.903456055392722,0.28041149417222533,True,Cruise
1,199,1675454923.721111,46.04018718106032,-0.052797504252529055,False,True,False,False,12.741825944600922,False,True,False,3.6883553219870526,-2.6155246271299264,9.87795909135663,0.25115111787945,True,Cruise
1,200,1675454923.82109,46.04018718106032,-0.052797504252529055,False,True,False,False,12.741825944600922,False,True,False,3.931280618181904,-2.5816247543062163,9.851016543182029,0.24675453756914112,True,Cruise
1,201,1675454923.9210818,45.652431555804434,-0.057967579255940885,False,True,False,False,12.741825944600922,False,True,False,3.953940592982297,-2.7626386382335317,9.797077964335438,0.2933463733265085,True,Cruise
1,202,1675454924.0210948,45.652431555804434,-0.057967579255940885,False,True,False,True,12.741825944600922,False,True,False,3.953940592982297,-2.7626386382335317,9.797077964335438,0.2933463733265085,True,Cruise
1,203,1675454924.1212842,45.652431555804434,-0.057967579255940885,False,True,False,True,12.741825944600922,False,True,False,3.953940592982297,-2.7626386382335317,9.797077964335438,0.1720973991838183,True,Cruise
1,204,1675454924.2212107,47.912296441340516,-0.027836047448793082,False,True,False,True,12.741825944600922,False,True,False,4.000715490340722,-2.51214732372417,9.763261464578958,0.08866616986675137,True,Cruise
1,205,1675454924.3212647,47.912296441340516,-0.027836047448793082,False,True,False,True,12.741825944600922,False,True,False,4.008442269698975,-2.340590183485943,9.752259088752124,0.07450996079066342,True,Cruise
1,206,1675454924.4210892,47.912296441340516,-0.027836047448793082,False,True,False,True,12.741825944600922,False,True,False,4.345821622337456,-1.402671032550235,9.762053910520672,0.4065776106274226,True,Cruise
1,207,1675454924.521077,47.912296441340516,-0.027836047448793082,False,True,False,True,12.741825944600922,False,True,False,4.345821622337456,-1.402671032550235,9.762053910520672,0.4065776106274226,True,Cruise
1,208,1675454924.6211026,47.92919189881053,-0.027610774682526273,False,True,False,True,12.741825944600922,False,True,False,4.1105868150633755,-1.148968527475695,9.772614809414252,0.3461385679461497,True,Cruise
1,209,1675454924.7211144,47.92919189881053,-0.027610774682526273,False,True,False,True,12.741825944600922,False,True,False,4.174397037990207,-1.1441532825125347,9.764717158994143,0.06447715887184743,True,Cruise
1,210,1675454924.8211045,47.92919189881053,-0.027610774682526273,False,True,False,True,12.741825944600922,False,True,False,4.249718315428923,-1.1342552266748684,9.754611956813589,0.03084665024997666,True,Cruise
1,211,1675454924.9210887,49.19901324145857,-0.010679823447219034,False,True,False,True,12.741825944600922,False,True,False,4.268734710055882,-1.1073719044442838,9.750621596203873,0.04985728608075732,True,Cruise
1,212,1675454925.0212348,49.19901324145857,-0.010679823447219034,False,True,False,True,12.741825944600922,False,True,False,4.219112596726496,-1.1103716515702549,9.754415849917617,0.04985728608075732,True,Cruise
1,213,1675454925.1211855,49.19901324145857,-0.010679823447219034,False,True,False,True,12.741825944600922,False,True,False,4.14731763118739,-0.7755107429571237,9.757038328865457,0.342480981354885,True,Cruise
1,214,1675454925.2211516,48.876779916032866,-0.014976267786228499,False,True,False,True,12.741825944600922,False,True,False,4.090609803286748,-0.603024936570415,9.703131444837599,0.1050954860092921,True,Cruise
1,215,1675454925.3211193,48.876779916032866,-0.014976267786228499,False,True,False,True,12.741825944600922,False,True,False,4.08113971416035,-0.6633805243072959,9.701149761414253,0.08044904921514681,True,Cruise
1,216,1675454925.4212718,48.876779916032866,-0.014976267786228499,False,True,False,True,12.741825944600922,False,True,False,4.071696775265273,-0.5142776786119214,9.72428530285859,0.04479414548969192,True,Cruise
1,217,1675454925.521143,48.876779916032866,-0.014976267786228499,False,True,False,True,12.741825944600922,False,True,False,4.071696775265273,-0.5142776786119214,9.72428530285859,0.04479414548969192,True,Cruise
1,218,1675454925.621314,49.92192788915389,-0.0010409614779481786,False,True,False,True,12.741825944600922,False,True,False,4.071696775265273,-0.5142776786119214,9.72428530285859,0.04479414548969192,True,Cruise
1,219,1675454925.7211986,49.92192788915389,-0.0010409614779481786,False,True,False,True,12.741825944600922,False,True,False,4.068546081558874,-0.36225424001844414,9.762916721386631,0.030372414491462982,True,Cruise
1,220,1675454925.8211272,49.92192788915389,-0.0010409614779481786,False,True,False,True,12.741825944600922,False,True,False,4.068546081558874,-0.36225424001844414,9.762916721386631,0.18219172418273505,True,Cruise
1,221,1675454925.9212356,49.933533696251544,-0.0008862173833127467,False,True,False,True,12.741825944600922,False,True,False,4.08088825404045,-0.04077219515356499,9.78568800096344,0.005427710877810139,True,Cruise
1,222,1675454926.0211716,49.933533696251544,-0.0008862173833127467,False,True,False,True,12.741825944600922,False,True,False,4.08088825404045,-0.04077219515356499,9.78568800096344,0.013817767295864916,True,Cruise
1,223,1675454926.1210644,49.933533696251544,-0.0008862173833127467,False,True,False,True,12.741825944600922,False,True,False,4.073771046855952,-0.013626887286572539,9.797664136438758,0.018015568157638107,True,Cruise
1,224,1675454926.2211974,49.933533696251544,-0.0008862173833127467,False,True,False,True,12.741825944600922,False,True,False,4.07040196002738,0.021401898236415,9.80203904756328,0.016449963797420662,True,Cruise
1,225,1675454926.3212628,48.207356245579305,-0.023901916725609193,False,True,False,True,12.741825944600922,False,True,False,4.069229294384333,0.0340720832719243,9.803192251382272,0.012776486707720738,True,Cruise
1,226,1675454926.421089,48.207356245579305,-0.023901916725609193,False,True,False,True,12.741825944600922,False,True,False,4.066553032783134,0.11626303136044548,9.803086477810416,0.06807714794466996,True,Cruise
1,227,1675454926.5210536,48.207356245579305,-0.023901916725609193,False,True,False,True,12.741825944600922,False,True,False,4.066553032783134,0.11626303136044548,9.803086477810416,0.06807714794466996,True,Cruise
1,228,1675454926.621054,48.14026943664163,0.024796407511444896,False,True,False,True,12.741825944600922,False,True,False,4.051476103107885,-0.4889948420426259,9.799772032589606,0.08080715938537603,True,Cruise
1,229,1675454926.721259,48.14026943664163,0.024796407511444896,False,True,False,True,12.741825944600922,False,True,False,4.049292306846268,-0.5350777456919952,9.797559673165045,0.046187633724761784,True,Cruise
1,230,1675454926.821196,48.14026943664163,0.024796407511444896,False,True,False,True,12.741825944600922,False,True,False,4.06705714238142,-0.1458134493177133,9.790699803639223,0.19703410570259156,True,Cruise
1,231,1675454926.9211667,48.14026943664163,0.024796407511444896,False,True,False,True,12.741825944600922,False,True,False,4.075108339157305,0.27322222695538023,9.785171745286728,0.06337437182108857,True,Cruise
1,232,1675454927.021223,48.98578461445019,0.013522871807330783,False,True,False,True,12.741825944600922,False,True,False,4.070618406869588,0.262426811153337,9.783010196180932,0.011890028966493561,True,Cruise
1,233,1675454927.1211357,48.98578461445019,0.013522871807330783,False,True,False,True,12.741825944600922,False,True,False,4.07439480544465,0.6928367979806148,9.79845024706504,0.43070339343701375,True,Cruise
1,234,1675454927.2212389,48.98578461445019,0.013522871807330783,False,True,False,True,12.741825944600922,False,True,False,4.157718391025979,0.4507421044616709,9.77701713926645,0.04940444588850698,True,Cruise
1,235,1675454927.3212452,47.40254142068908,0.03463278105747895,False,True,False,True,12.741825944600922,False,True,False,4.175256935182075,0.6296275364345286,9.766658403982957,0.06373453916312186,True,Cruise
1,236,1675454927.4212413,47.40254142068908,0.03463278105747895,False,True,False,True,12.741825944600922,False,True,False,4.168914597949338,0.6791208308534527,9.764423532269848,1.124242227166754,True,Cruise
1,237,1675454927.5211086,47.40254142068908,0.03463278105747895,False,True,False,True,12.741825944600922,False,True,False,3.065601527261152,0.8681995982066518,9.868683175131618,1.124242227166754,True,Cruise
1,238,1675454927.6210885,44.79138694692673,0.06944817404097692,False,True,False,True,12.741825944600922,False,True,False,-0.14119859443035604,1.2229659418671448,10.10086496929543,3.23470780204581,True,Cruise
1,239,1675454927.7212088,41.1532461164443,0.11795671844740928,False,True,False,True,12.741825944600922,False,True,False,-1.1220268777632243,1.3060295301988065,10.107348915288659,0.796165271183392,True,Cruise
1,240,1675454927.8211288,41.1532461164443,0.11795671844740928,False,True,False,True,12.741825944600922,False,True,False,-1.8451838487459025,1.1691777590191816,10.126826291068127,1.3859612778394481,True,Cruise
1,241,1675454927.921077,41.1532461164443,0.11795671844740928,False,True,False,True,12.741825944600922,False,True,False,-3.47115763107855,3.864533638571128,10.098727978649016,0.6414270733512253,True,Cruise
1,242,1675454928.021233,40.539238357096956,0.12614348857204055,False,True,False,True,12.741825944600922,False,True,False,-3.47115763107855,3.864533638571128,10.098727978649016,0.6414270733512253,True,Cruise
1,243,1675454928.1213398,40.539238357096956,0.12614348857204055,False,True,False,True,12.741825944600922,False,True,False,-4.24522296022232,4.676248499524835,9.960996407978781,1.1300566954072875,True,Cruise
1,244,1675454928.2211719,40.539238357096956,0.12614348857204055,False,True,False,True,12.741825944600922,False,True,False,-4.721653437762409,5.565112545069853,9.867304674935426,0.50623956805029,True,Cruise
1,245,1675454928.3210726,39.71561540427474,0.13712512794300338,False,True,False,True,12.741825944600922,False,True,False,-5.103176745699167,5.896806429161044,9.840891931472507,0.50623956805029,True,Cruise
1,246,1675454928.4210978,39.71561540427474,0.13712512794300338,False,True,False,True,12.741825944600922,False,True,False,-5.397139384915556,6.0201420954378015,9.807491601443555,0.32053284055934006,True,Cruise
1,247,1675454928.5211704,39.71561540427474,0.13712512794300338,False,True,False,True,12.741825944600922,False,True,False,-5.922863333382311,6.399129892964452,9.738075010281653,0.35135512738390434,True,Cruise
1,248,1675454928.6212418,39.419069417945906,0.14107907442738793,False,True,False,True,12.741825944600922,False,True,False,-6.029673026287463,6.81720056552703,9.565964513596196,0.3928564936114647,True,Cruise
1,249,1675454928.7211962,39.419069417945906,0.14107907442738793,False,True,False,True,12.741825944600922,False,True,False,-6.021789869483822,6.874157896102378,9.517752649013012,0.055873592153411374,True,Cruise
1,250,1675454928.821112,39.419069417945906,0.14107907442738793,False,True,False,True,12.741825944600922,False,True,False,-5.964777571462796,6.988095191573956,9.435690723189348,0.11912839536117777,True,Cruise
1,251,1675454928.921119,39.419069417945906,0.14107907442738793,False,True,False,True,12.741825944600922,False,True,False,-5.877284428124557,7.033526094816077,9.404779131145435,0.10331768301355722,True,Cruise
1,252,1675454929.021172,38.24033653151502,0.15679551291313307,False,True,False,True,12.741825944600922,False,True,False,-5.776713670350354,7.028842865254704,9.380737519406821,0.10351042968412479,True,Cruise
1,253,1675454929.1211827,38.24033653151502,0.15679551291313307,False,True,False,True,12.741825944600922,False,True,False,-5.776713670350354,7.028842865254704,9.380737519406821,0.3681228848686576,True,Cruise
1,254,1675454929.2210834,38.24033653151502,0.15679551291313307,False,True,False,True,12.741825944600922,False,True,False,-5.3697829383225955,6.991468578191961,9.352461198545152,0.1629462714447996,True,Cruise
1,255,1675454929.3211262,37.7671830829302,0.16310422556093057,False,True,False,True,12.741825944600922,False,True,False,-5.087216573049809,7.009607169874108,9.367454574796634,0.13615119767565187,True,Cruise
1,256,1675454929.4213572,37.7671830829302,0.16310422556093057,False,True,False,True,12.741825944600922,False,True,False,-4.918296640466893,6.862132182188126,9.41049090482342,0.08436113769281837,True,Cruise
1,257,1675454929.521136,37.7671830829302,0.16310422556093057,False,True,False,True,12.741825944600922,False,True,False,-4.918296640466893,6.862132182188126,9.41049090482342,0.3209892722229752,True,Cruise
1,258,1675454929.6210303,37.166204745685235,0.1711172700575301,False,True,False,True,12.741825944600922,False,True,False,-4.600231361488166,6.845695739279148,9.450471331721088,0.14076442369564518,True,Cruise
1,259,1675454929.721075,37.166204745685235,0.1711172700575301,False,True,False,True,12.741825944600922,False,True,False,-4.424462911805688,6.6995072321484574,9.554288351629458,0.12545313551080037,True,Cruise
1,260,1675454929.8210783,37.166204745685235,0.1711172700575301,False,True,False,True,12.741825944600922,False,True,False,-4.335334334172999,6.728579815611251,9.584487736312864,0.09849427036779212,True,Cruise
1,261,1675454929.921061,37.46729049779418,0.16710279336274422,False,True,False,True,12.741825944600922,False,True,False,-4.136394560478383,6.738843069218921,9.643346761869848,0.10146890888180377,True,Cruise
1,262,1675454930.0210555,37.46729049779418,0.16710279336274422,False,True,False,True,12.741825944600922,False,True,False,-4.054498896423721,6.70579276741549,9.672495088452076,0.09299917839850072,True,Cruise
1,263,1675454930.1212,37.46729049779418,0.16710279336274422,False,True,False,True,12.741825944600922,False,True,False,-3.808706570931988,6.540526490576,9.74944098097442,0.3060187574432016,True,Cruise
1,264,1675454930.2210593,36.232161789130814,0.1835711761449225,False,True,False,True,12.741825944600922,False,True,False,-3.79865947660923,6.474572556454902,9.800593642031194,0.03704217339106649,True,Cruise
1,265,1675454930.3210776,36.232161789130814,0.1835711761449225,False,True,False,True,12.741825944600922,False,True,False,-4.2305061727378375,6.436605724492174,9.860953061175733,0.12443016854135994,True,Cruise
1,266,1675454930.4210205,36.1175770507737,0.1850989726563507,False,True,False,True,12.741825944600922,False,True,False,-4.154298600802688,6.673689135117038,9.88151585672871,0.0495368525530909,True,Cruise
1,267,1675454930.5211015,36.1175770507737,0.1850989726563507,False,True,False,True,12.741825944600922,False,True,False,-4.154298600802688,6.673689135117038,9.88151585672871,0.0495368525530909,True,Cruise
1,268,1675454930.6210701,36.1175770507737,0.1850989726563507,False,True,False,True,12.741825944600922,False,True,False,-4.122964213070096,6.584014432874844,9.879081734345963,0.09502273953415946,True,Cruise
1,269,1675454930.7210915,38.2439278442671,0.15674762874310535,False,True,False,True,12.741825944600922,False,True,False,-4.1237362512891735,6.569912505563079,9.873673191814875,0.015123251278366445,True,Cruise
1,270,1675454930.82109,38.2439278442671,0.15674762874310535,False,True,False,True,12.741825944600922,False,True,False,-4.1332861690470715,6.552676077105331,9.866679628411575,0.020909455378791252,True,Cruise
1,271,1675454930.9210827,38.2439278442671,0.15674762874310535,False,True,False,True,12.741825944600922,False,True,False,-2.502184137249692,5.565352946778305,9.787014765816577,0.1638942494162934,True,Cruise
1,272,1675454931.0210822,35.33422736277952,0.19554363516293968,False,True,False,True,12.741825944600922,False,True,False,-1.7420198776164075,6.56038920602402,9.724525489581286,0.1638942494162934,True,Cruise
1,273,1675454931.121086,35.33422736277952,0.19554363516293968,False,True,False,True,12.741825944600922,False,True,False,-3.7574182812686434,5.995934102339329,9.829064277692932,2.095559268486465,True,Cruise
1,274,1675454931.2210872,35.33422736277952,0.19554363516293968,False,True,False,True,12.741825944600922,False,True,False,-4.210943229287118,6.340705654109009,9.851091561758206,0.33835220211601263,True,Cruise
1,275,1675454931.3211863,35.88259884365742,0.1882320154179011,False,True,False,True,12.741825944600922,False,True,False,-4.215232194658074,6.738670218284359,9.792810974565754,0.07064578752067584,True,Cruise
1,276,1675454931.4211037,35.88259884365742,0.1882320154179011,False,True,False,True,12.741825944600922,False,True,False,-4.049420162949781,6.6369449868217325,9.743534694455073,0.09357459228111716,True,Cruise
1,277,1675454931.5210674,35.88259884365742,0.1882320154179011,False,True,False,True,12.741825944600922,False,True,False,-4.049420162949781,6.6369449868217325,9.743534694455073,0.09357459228111716,True,Cruise
1,278,1675454931.6210876,40.83280937020608,0.12222920839725229,False,True,False,True,12.741825944600922,False,True,False,-4.1356011920331355,6.42634674768672,9.702409697183247,0.23123592606089882,True,Cruise
1,279,1675454931.7211797,40.83280937020608,0.12222920839725229,False,True,False,True,12.741825944600922,False,True,False,-3.8828231076581763,6.179629455597237,9.73414872038045,0.3546456650655046,True,Cruise
1,280,1675454931.8211815,40.83280937020608,0.12222920839725229,False,True,False,True,12.741825944600922,False,True,False,1.588800644281894,5.13291008031795,9.278945037785535,1.0844197474580841,True,Cruise
1,281,1675454931.9211664,38.38658234429913,0.1548455687426783,False,True,False,True,12.741825944600922,False,True,False,2.1856166898013445,4.955580904035546,9.270814723350552,0.6226565112188922,True,Cruise
1,282,1675454932.0211034,38.38658234429913,0.1548455687426783,True,True,False,True,11.498660398232039,False,False,False,2.5497614382092184,4.9050512947860945,9.290537538150119,0.368162503016744,True,Keep distance
1,283,1675454932.1211066,23.247990597348057,0.1548455687426783,True,True,False,True,11.498660398232039,False,False,False,2.5497614382092184,4.9050512947860945,9.290537538150119,2.0540270049849916,True,Keep distance
1,284,1675454932.221211,23.247990597348057,0.13954360542529914,True,True,False,True,11.498660398232039,False,False,False,2.5497614382092184,4.9050512947860945,9.290537538150119,1.1108536185572817,True,Keep distance
1,285,1675454932.3211088,23.247990597348057,0.13954360542529914,True,True,False,True,11.498660398232039,False,False,False,-2.044129660503978,5.069593199720864,9.855430615237903,0.25703321110749594,True,Keep distance
1,286,1675454932.421082,23.247990597348057,0.13954360542529914,True,True,False,True,11.498660398232039,False,False,False,-2.502491703388845,4.867348458215864,9.926236801059549,0.2742646628806544,True,Keep distance
1,287,1675454932.5210714,23.247990597348057,0.13214842189189255,True,True,False,True,11.498660398232039,False,False,False,-2.6347263522738857,4.737883927312736,9.946745409414719,0.1861925620006954,True,Keep distance
1,288,1675454932.6212173,23.247990597348057,0.13214842189189255,True,True,False,True,11.498660398232039,False,False,False,-2.7491896974089243,4.673485081658375,9.961479499151887,0.11087171776523862,True,Keep distance
1,289,1675454932.721133,23.247990597348057,0.13214842189189255,True,True,False,True,11.498660398232039,False,False,False,-3.1177745813526845,4.469476894969608,9.970081836928804,0.15330262779784506,True,Keep distance
1,290,1675454932.821167,23.247990597348057,0.13214842189189255,True,True,False,True,11.498660398232039,False,False,False,-3.2768922489185934,4.412360474176549,9.971053593423019,0.17148959861493837,True,Keep distance
1,291,1675454932.92132,23.247990597348057,0.07453679213665933,True,True,False,True,11.498660398232039,False,False,False,-3.4375031047872504,4.3522921698266295,9.968900868922397,0.17148959861493837,True,Keep distance
1,292,1675454933.0213482,23.247990597348057,0.07453679213665933,True,True,False,True,11.498660398232039,False,False,False,-3.3210549450409554,4.3028790708537255,9.916012643761347,0.2762954207759454,True,Keep distance
1,293,1675454933.1211972,18.496370368960935,0.07453679213665933,True,False,False,True,8.33091357930729,False,False,False,-3.6377500753613847,3.024323606038017,9.881025142543718,1.3176585321775287,True,Keep distance
1,294,1675454933.2211106,18.496370368960935,0.07453679213665933,True,False,False,True,8.33091357930729,False,False,False,-3.807581665848621,2.902603627294058,9.87417010227018,0.20905863753982035,True,Keep distance
1,295,1675454933.321155,18.496370368960935,0.050138257074962916,True,False,False,True,8.33091357930729,False,False,False,-3.959489841562608,2.776352955235324,9.864875170525062,0.19774155304381524,True,Keep distance
1,296,1675454933.4211185,18.496370368960935,0.050138257074962916,True,False,False,True,8.33091357930729,False,False,False,-4.150783382099688,2.0760602401503325,9.890256479235452,0.3048197123435953,True,Keep distance
1,297,1675454933.5211017,18.496370368960935,0.050138257074962916,True,False,False,True,8.33091357930729,False,False,False,-4.125056671503916,1.683916102121427,9.835934807931904,0.09506914719030488,True,Keep distance
1,298,1675454933.6210847,18.496370368960935,0.050138257074962916,True,False,False,True,8.33091357930729,False,False,False,-4.125056671503916,1.683916102121427,9.835934807931904,0.215725591304932,True,Keep distance
1,299,1675454933.721059,18.496370368960935,0.062176821840039496,True,False,False,True,8.33091357930729,False,False,False,-4.279049696487325,1.1504411285126261,9.69401271502451,0.215725591304932,True,Keep distance
1,300,1675454933.8210855,18.496370368960935,0.062176821840039496,True,False,False,True,8.33091357930729,False,False,False,-4.279049696487325,1.1504411285126261,9.69401271502451,0.16217701512747265,True,Keep distance
1,301,1675454933.9212646,18.496370368960935,0.062176821840039496,True,False,False,True,8.33091357930729,False,False,False,-4.230550493034835,1.0911618285106472,9.666248425111197,0.08647665099684598,True,Keep distance
1,302,1675454934.0213113,18.496370368960935,0.062176821840039496,True,False,False,True,8.33091357930729,False,False,False,-4.21710403938153,1.1163252702934625,9.662474491956432,0.028779306622367596,True,Keep distance
1,303,1675454934.121151,16.85496437665576,-0.1207621395638839,True,False,False,True,7.236642917770508,False,False,False,-4.21710403938153,1.1163252702934625,9.662474491956432,0.06674276467307708,True,Keep distance
1,304,1675454934.221101,16.85496437665576,-0.1207621395638839,True,False,False,True,7.236642917770508,False,False,False,-4.160168708729723,1.1502083862793426,9.670530496602819,0.06674276467307708,True,Keep distance
1,305,1675454934.321106,16.85496437665576,-0.1207621395638839,True,False,False,True,7.236642917770508,False,False,False,-2.690138842929641,1.2712123225656808,9.554840844293787,1.8566266101587978,True,Keep distance
1,306,1675454934.4210856,16.85496437665576,-0.1207621395638839,True,False,False,True,7.236642917770508,False,False,False,-1.346493174790702,-0.9489621691437563,9.495711893935649,0.7399993847291283,True,Keep distance
1,307,1675454934.5210981,16.85496437665576,-0.1576381660784496,True,False,False,True,7.236642917770508,False,False,False,-2.8202911049134065,-1.4608027265161792,9.699813741466755,0.9356138178150355,True,Keep distance
1,308,1675454934.621218,16.85496437665576,-0.1576381660784496,True,False,False,True,7.236642917770508,False,False,False,-2.8202911049134065,-1.4608027265161792,9.699813741466755,0.9356138178150355,True,Keep distance
1,309,1675454934.7211688,16.85496437665576,-0.1576381660784496,True,False,False,True,7.236642917770508,False,False,False,-27.05151540972242,-7.683600850696009,11.887527682657037,25.112975532436245,True,Keep distance
1,310,1675454934.8212214,16.85496437665576,-0.1576381660784496,True,False,False,True,7.236642917770508,False,False,False,4.575548525125857,-43.76046873321692,5.875824572816077,0.0,False,stop
1,311,1675454934.92115,0.0,-0.1576381660784496,True,False,False,True,7.236642917770508,False,False,False,-80.41259840259715,-35.974429717136104,-1.6406684180632127,0.0,False,stop
1,312,1675454935.0211706,0.0,-0.1576381660784496,True,False,False,True,7.236642917770508,False,False,False,-24.255461912774436,-56.48550661307287,-5.8451688585296155,0.0,False,stop
1,313,1675454935.12112,0.0,-0.1576381660784496,True,False,False,True,7.236642917770508,False,False,False,-24.255461912774436,-56.48550661307287,-5.8451688585296155,0.0,False,stop
1,314,1675454935.2210708,0.0,-0.1576381660784496,True,False,False,True,7.154501346554024,False,False,False,9.929054175787451,-17.207225019473036,-3.356446168875478,0.0,False,stop
1,315,1675454935.3211167,0.0,-0.1576381660784496,True,False,False,True,7.154501346554024,False,False,False,4.841328274919211,-28.202620380054977,1.7982522951891404,0.0,False,stop
1,316,1675454935.421224,0.0,-0.1576381660784496,True,False,False,True,7.154501346554024,False,False,False,6.582860636312504,-32.164985261300444,1.6568732731388862,0.0,False,stop
1,317,1675454935.5211167,0.0,-0.1576381660784496,True,False,False,True,7.154501346554024,False,False,False,69.17717369687875,268.44284631339127,160.78819330193534,0.0,False,stop
1,318,1675454935.6210978,0.0,-0.1576381660784496,False,False,False,True,7.154501346554024,False,False,False,11.684102084483259,-167.27654707462986,151.32540834061945,0.0,False,stop
1,319,1675454935.721063,0.0,-0.1576381660784496,False,False,False,True,7.154501346554024,False,False,False,30.78825669170434,-6.702550441862631,1.3798840493535656,0.0,False,stop
1,320,1675454935.821076,0.0,-0.1576381660784496,False,False,False,True,7.154501346554024,False,False,False,-35.95255511365294,-74.13554319943351,58.06638080822917,0.0,False,stop
1,321,1675454935.921187,0.0,-0.1576381660784496,False,False,False,True,7.154501346554024,False,False,False,-6.459074640442288,-52.55715397780572,24.770217394889478,0.0,False,stop
1,322,1675454936.0210965,0.0,-0.1576381660784496,False,False,False,False,7.154501346554024,False,False,False,-187.96600587740346,48.825434108266016,86.78399662191052,0.0,False,stop
1,323,1675454936.1211073,0.0,-0.1576381660784496,False,False,False,False,7.154501346554024,False,False,False,-187.96600587740346,48.825434108266016,86.78399662191052,0.0,False,stop
1,324,1675454936.2211046,0.0,-0.1576381660784496,False,False,False,False,7.154501346554024,False,False,False,20.339718309265702,51.83664878424497,-4.976646159745577,0.0,False,stop
1,325,1675454936.3211718,0.0,-0.1576381660784496,False,False,False,False,7.154501346554024,False,False,False,18.953182946155664,1.582385706927396,-10.981577182234123,0.0,False,stop
1,326,1675454936.4211595,0.0,-0.1576381660784496,False,False,False,False,7.154501346554024,False,False,False,-10.779269256102507,-35.79005427064097,21.659886090182475,0.0,False,stop
1,327,1675454936.5211287,0.0,-0.1576381660784496,False,False,False,False,7.154501346554024,False,False,False,-10.779269256102507,-35.79005427064097,21.659886090182475,0.0,False,stop
1,328,1675454936.6210616,0.0,-0.1576381660784496,True,False,False,False,6.789234612815066,False,False,False,-9.138558174330429,16.548638044400406,18.255997666586808,0.0,False,stop
1,329,1675454936.7210488,0.0,-0.1576381660784496,True,False,False,False,6.789234612815066,False,False,False,-6.3219877349012705,17.91265950436263,12.18317612497271,0.0,False,stop
1,330,1675454936.8210733,0.0,-0.1576381660784496,True,False,False,False,6.789234612815066,False,False,False,-5.1259430455652355,16.201863607871232,9.655931699025022,0.0,False,stop
1,331,1675454936.921098,0.0,-0.1576381660784496,True,False,False,False,6.789234612815066,False,False,False,5.685470940507502,11.059849232524677,2.6643414596520207,0.0,False,stop
1,332,1675454937.0211515,0.0,-0.1576381660784496,True,False,False,False,6.789234612815066,False,False,False,65.76531598254898,1.804298415777474,-37.03406064539634,0.0,False,stop
1,333,1675454937.121395,0.0,-0.1576381660784496,True,False,False,False,6.789234612815066,False,False,False,109.08016856942044,-10.835809227832824,-17.247604530986848,0.0,False,stop
1,334,1675454937.2211223,0.0,-0.1576381660784496,True,False,False,False,6.789234612815066,False,False,False,-32.148218895539934,-20.745556404138913,-34.09387101395271,0.0,False,stop
1,335,1675454937.3211458,0.0,-0.1576381660784496,True,False,False,False,6.789234612815066,False,False,False,-19.552777931022256,1.9172055224686737,-43.6125737196185,0.0,False,stop
1,336,1675454937.4211938,0.0,-0.1576381660784496,True,False,False,False,6.789234612815066,False,False,False,-0.9072117166691904,61.47162836950865,-19.053078601054732,0.0,False,stop
