repetition,iteration,time,speed,steering,obstacle_North,obstacle_NorthWest,obstacle_SouthWest,obstacle_West,obstacle_distance,follow_enable,steady_motion_enable,passing_start,accel_x,accel_y,accel_z,accel_diff,success,action
1,1,1675460538.844006,0.0,0.0,False,True,False,True,100000,False,True,False,0.045143119564848865,-1.5465842066118542e-13,9.81012439782137,0.00028663035489859674,True,Cruise
1,2,1675460538.8441243,0.0,0.0,False,True,False,True,100000,False,True,False,0.045143119564848865,-1.5465842066118542e-13,9.81012439782137,0.00028663035489859674,True,Cruise
1,3,1675460538.944305,0.0,0.0,False,True,False,True,100000,False,True,False,0.04496887439693633,-2.5938104572363265e-16,9.80960011399977,0.00024488551037237465,True,Cruise
1,4,1675460539.0442595,49.56776513866933,0.005763131484408919,False,True,False,True,100000,False,True,False,1.0309383100564207,-3.8614119272913285e-13,9.714109439307014,0.00022317267559845107,True,Cruise
1,5,1675460539.1443448,49.22998512762578,0.010266864964989596,False,True,False,True,100000,False,True,False,1.9392104735230764,-0.017449154541614165,9.642182392134657,0.9112827750141761,True,Cruise
1,6,1675460539.2443454,49.22998512762578,0.010266864964989596,False,True,False,True,100000,False,True,False,1.9392104735230764,-0.017449154541614165,9.642182392134657,0.9112827750141761,True,Cruise
1,7,1675460539.3442876,49.956218597973475,0.000583752027020285,False,True,False,True,100000,False,True,False,3.3313162726397056,0.02005255859336834,9.578544531893082,0.1634983940279428,True,Cruise
1,8,1675460539.444301,49.974294260286115,0.0003427431961851033,False,True,False,True,100000,False,True,False,3.6039199755939033,0.03997779430084376,9.61154625745561,0.11410671023852494,True,Cruise
1,9,1675460539.5442977,48.723342098223256,0.017022105357023278,False,True,False,True,100000,False,True,False,3.7923138094094453,-0.016168250430259382,9.657761584782456,0.09888333504659542,True,Cruise
1,10,1675460539.6442862,48.723342098223256,0.017022105357023278,False,True,False,True,100000,False,True,False,4.006802328475368,-0.05682689888529083,9.703299933739846,0.09888333504659542,True,Cruise
1,11,1675460539.7442935,48.723342098223256,0.017022105357023278,False,True,False,False,100000,False,True,False,4.006802328475368,-0.05682689888529083,9.703299933739846,0.1208696875131726,True,Cruise
1,12,1675460539.844295,49.975765742479275,0.00032312343360959466,False,True,False,False,100000,False,True,False,4.32804045427287,0.04117681709888982,9.767962045691831,0.09122609681249576,True,Cruise
1,13,1675460539.9442973,49.79971124106159,-0.0026705167858454637,False,True,False,False,100000,False,True,False,4.491584697661335,0.027540580571236328,9.808836236779724,0.07792200380412449,True,Cruise
1,14,1675460540.044305,48.839857014052704,0.015468573145963957,False,True,False,False,100000,False,True,False,4.552699943165486,0.08344204785820078,9.82807508995954,0.08503046953617659,True,Cruise
1,15,1675460540.1442924,48.839857014052704,0.015468573145963957,False,True,False,False,100000,False,True,False,4.633825013939292,-0.032570453891774806,9.862731987058847,0.052060491579896596,True,Cruise
1,16,1675460540.2442737,48.839857014052704,0.015468573145963957,False,True,False,False,100000,False,True,False,4.662376305488011,0.050525816730171785,9.901604915305587,0.052060491579896596,True,Cruise
1,17,1675460540.3442674,49.70725029871797,0.0039033293504270594,False,True,False,False,100000,False,True,False,4.651287489898989,0.05235937670545425,9.910303456728835,0.01421226217891663,True,Cruise
1,18,1675460540.444304,49.37136203538648,-0.008381839528180186,False,True,False,False,100000,False,True,False,4.6045461998065464,0.03814468931576867,9.920783317481035,0.044178423181151075,True,Cruise
1,19,1675460540.5443132,49.37136203538648,-0.008381839528180186,False,True,False,False,100000,False,True,False,4.571099066717923,0.06695264779102326,9.922550770850373,0.044178423181151075,True,Cruise
1,20,1675460540.6442912,49.671245753149506,0.004383389958006595,False,True,False,False,100000,False,True,False,4.489909432551898,-0.03213956261202847,9.91935888955407,0.04942526002532388,True,Cruise
1,21,1675460540.7442608,49.671245753149506,0.004383389958006595,False,True,False,False,100000,False,True,False,4.443599828336859,-0.04876830349411644,9.914693928386631,0.04942526002532388,True,Cruise
1,22,1675460540.8442852,49.38417872251162,0.008210950366511684,False,True,False,False,100000,False,True,False,4.293668632282276,0.01983198129768872,9.890311312249963,0.16667295699525733,True,Cruise
1,23,1675460540.9442852,48.087886451062516,0.025494847319166472,False,True,False,False,100000,False,True,False,4.194745280088249,0.0135584473132472,9.867287880278246,0.050773013537914656,True,Cruise
1,24,1675460541.0445223,48.087886451062516,0.025494847319166472,False,True,False,False,100000,False,True,False,4.147893179865306,-0.004397445088055349,9.854418897699937,0.05747827231324565,True,Cruise
1,25,1675460541.1444292,49.91016575032109,0.0011977899957187768,False,True,False,False,100000,False,True,False,4.023056165503939,0.0871512473946566,9.813362617544726,0.05126660989130716,True,Cruise
1,26,1675460541.244554,49.91016575032109,0.0011977899957187768,False,True,False,False,100000,False,True,False,4.023056165503939,0.0871512473946566,9.813362617544726,0.05126660989130716,True,Cruise
1,27,1675460541.3443773,49.6736126909829,0.004351830786894668,False,True,False,False,100000,False,True,False,3.933805577135717,-0.02502126881320951,9.772892000426166,0.1489503667885207,True,Cruise
1,28,1675460541.4443479,49.67843076044963,0.0042875898606716065,False,True,False,False,100000,False,True,False,3.8942468113996216,-0.008865075810685227,9.749104884090645,0.035313021250101856,True,Cruise
1,29,1675460541.5443084,49.67843076044963,0.0042875898606716065,False,True,False,False,100000,False,True,False,3.8942468113996216,-0.008865075810685227,9.749104884090645,0.02423968110837678,True,Cruise
1,30,1675460541.6443198,49.55644134570978,0.0059141153905362814,False,True,False,False,100000,False,True,False,3.86409993718121,0.01343256097835292,9.721084259556225,0.010285339677572005,True,Cruise
1,31,1675460541.744308,49.55644134570978,0.0059141153905362814,False,True,False,False,100000,False,True,False,3.861444920662741,0.0062122212487983886,9.71413965282906,0.010363878671545517,True,Cruise
1,32,1675460541.844339,48.66081395230915,0.0178558139692114,False,True,False,False,100000,False,True,False,3.88070544988533,-0.023904050657419885,9.699320395018562,0.03710914187473642,True,Cruise
1,33,1675460541.944324,48.66081395230915,0.0178558139692114,False,True,False,False,100000,False,True,False,3.88070544988533,-0.023904050657419885,9.699320395018562,0.03710914187473642,True,Cruise
1,34,1675460542.0443022,49.3633895175153,0.008488139766462713,False,True,False,False,100000,False,True,False,3.9163401977359134,0.0731938824826095,9.701283409073863,0.014157063068185968,True,Cruise
1,35,1675460542.1444025,49.028517238534604,0.012953103486205335,False,True,False,False,100000,False,True,False,3.930914546152203,0.07098781185541918,9.7040401197422,0.0203677422847807,True,Cruise
1,36,1675460542.2443454,48.51387192419178,0.019815041010776274,False,True,False,False,100000,False,True,False,3.946313978747497,0.08380848393692412,9.70769152616997,0.0203677422847807,True,Cruise
1,37,1675460542.344457,48.51387192419178,0.019815041010776274,False,True,False,False,100000,False,True,False,3.994676537564686,0.030437553422287197,9.722877552684096,0.024455337474743242,True,Cruise
1,38,1675460542.4443498,49.9288548075844,-0.0009486025655413028,False,True,False,False,100000,False,True,False,4.009604775720734,0.07582466537630331,9.729060881017519,0.026269599531277964,True,Cruise
1,39,1675460542.5442674,49.9288548075844,-0.0009486025655413028,False,True,False,False,100000,False,True,False,4.051051744691199,0.1611239161641856,9.748904459202743,0.016164362418785345,True,Cruise
1,40,1675460542.6444566,49.615765267955894,0.005123129760588089,False,True,False,False,100000,False,True,False,4.065303511426755,0.034844777027083655,9.755362124599515,0.12724478487808027,True,Cruise
1,41,1675460542.7443674,49.615765267955894,0.005123129760588089,False,True,False,False,100000,False,True,False,4.077721965534595,-0.019249128139511528,9.76179149560428,0.026244332804828286,True,Cruise
1,42,1675460542.844275,49.91648773926093,0.0011134968098542792,False,True,False,False,100000,False,True,False,4.103051061682032,0.013692060768423603,9.779808996816856,0.02102345576019161,True,Cruise
1,43,1675460542.9443023,49.91648773926093,0.0011134968098542792,False,True,False,False,100000,False,True,False,4.108615849462142,0.014915643159380784,9.785017014869483,0.008115050380872511,True,Cruise
1,44,1675460543.0443118,47.763876555122295,0.029814979265036082,False,True,False,False,100000,False,True,False,4.116644533949544,-0.013160337868130513,9.793795653403269,0.033424774902277146,True,Cruise
1,45,1675460543.1442904,47.763876555122295,0.029814979265036082,False,True,False,False,100000,False,True,False,4.120014081788692,-0.11981634751000855,9.800254563638424,0.08896155097351269,True,Cruise
1,46,1675460543.2443902,49.05073529325865,0.012656862756551372,False,True,False,False,100000,False,True,False,4.1182183213143,0.059418955682414454,9.802792734026534,0.17926226868775333,True,Cruise
1,47,1675460543.344307,47.93710755385572,0.027505232615257058,False,True,False,False,100000,False,True,False,4.111242300503628,0.09532543657276588,9.806251175152433,0.036740999595838576,True,Cruise
1,48,1675460543.4442942,48.870319191330445,0.0150624107822607,False,True,False,False,100000,False,True,False,4.109131674521284,0.0009365448039796939,9.806126982652867,0.09069071893548275,True,Cruise
1,49,1675460543.5444288,48.870319191330445,0.0150624107822607,False,True,False,False,100000,False,True,False,4.104318475629188,0.09149856540356385,9.805726929680935,0.09069071893548275,True,Cruise
1,50,1675460543.6444204,47.98950794234017,0.0268065607687977,False,True,False,False,100000,False,True,False,4.087367376061633,0.09519689972638,9.799253844257125,0.006129226337035838,True,Cruise
1,51,1675460543.7444017,47.28012948086653,0.036264940255112926,False,True,False,False,100000,False,True,False,4.087367376061633,0.09519689972638,9.799253844257125,0.006129226337035838,True,Cruise
1,52,1675460543.8443303,47.28012948086653,0.036264940255112926,False,True,False,False,100000,False,True,False,4.087367376061633,0.09519689972638,9.799253844257125,0.006129226337035838,True,Cruise
1,53,1675460543.9443781,47.28012948086653,0.036264940255112926,False,True,False,False,100000,False,True,False,4.068858138751499,0.16395823526073441,9.791943420700761,0.07274898902500794,True,Cruise
1,54,1675460544.0443013,49.35742248535815,0.008567700195224707,False,True,False,False,100000,False,True,False,4.054443662130691,0.26477478188325554,9.78665543364012,0.029428220142450754,True,Cruise
1,55,1675460544.1442935,46.62483563488253,0.04500219153489964,False,True,False,False,100000,False,True,False,4.037619697476628,0.35481440313886425,9.775400381152215,0.08438674420571345,True,Cruise
1,56,1675460544.2443318,46.62483563488253,0.04500219153489964,False,True,False,False,100000,False,True,False,4.037619697476628,0.35481440313886425,9.775400381152215,0.08438674420571345,True,Cruise
1,57,1675460544.3444443,46.69008582226205,0.04413218903650605,False,True,False,False,100000,False,True,False,4.037619697476628,0.35481440313886425,9.775400381152215,0.08438674420571345,True,Cruise
1,58,1675460544.444459,46.30777993531517,0.04922960086246441,False,True,False,False,100000,False,True,False,4.027818337537604,0.34251933149862146,9.766768384195306,0.026793516895427957,True,Cruise
1,59,1675460544.5445302,46.30777993531517,0.04922960086246441,False,True,False,False,100000,False,True,False,4.018883869066421,0.3449919826364751,9.764227991242114,0.023969367942619918,True,Cruise
1,60,1675460544.6443825,47.933845418637475,0.027548727751500395,False,True,False,False,100000,False,True,False,4.013743284976836,0.38118028157279826,9.762406371049629,0.023758523290371106,True,Cruise
1,61,1675460544.7445338,47.933845418637475,0.027548727751500395,False,True,False,False,100000,False,True,False,4.013239193960769,0.38761465718708576,9.761686895580322,0.006494069775506823,True,Cruise
1,62,1675460544.8444462,46.918480017550394,0.04108693309932805,False,True,False,False,100000,False,True,False,4.013239193960769,0.38761465718708576,9.761686895580322,0.07349416611181778,True,Cruise
1,63,1675460544.9443145,48.17994151903957,0.02426744641280562,False,True,False,False,100000,False,True,False,4.034719919450171,0.20314232406130575,9.759244255170982,0.08296554982169065,True,Cruise
1,64,1675460545.044297,48.17994151903957,0.02426744641280562,False,True,False,False,100000,False,True,False,4.033238343840451,0.38746841937670684,9.760860478423165,0.10991184993273821,True,Cruise
1,65,1675460545.1443179,47.32779906109732,0.03562934585203573,False,True,False,False,100000,False,True,False,4.046096445361012,0.20775055991895686,9.76165409563766,0.07027501374086073,True,Cruise
1,66,1675460545.244542,47.32779906109732,0.03562934585203573,False,True,False,False,100000,False,True,False,4.050051519436219,0.17914633842830643,9.762572882804536,0.02889097208272121,True,Cruise
1,67,1675460545.3443658,48.473728214630555,0.020350290471592633,False,True,False,False,100000,False,True,False,4.049254039521929,0.20958509733952757,9.765525327569076,0.030592007916395453,True,Cruise
1,68,1675460545.444309,49.53789073740796,0.006161456834560455,False,True,False,False,100000,False,True,False,4.053906806244474,0.17280372116833387,9.767878781339865,0.11481108947074219,True,Cruise
1,69,1675460545.5443275,49.53789073740796,0.006161456834560455,False,True,False,False,100000,False,True,False,4.059420818845837,0.10142472864106727,9.768831769799146,0.025925616001564743,True,Cruise
1,70,1675460545.6442592,48.398254315703454,0.021356609123953926,False,True,False,False,100000,False,True,False,4.073013836760463,0.0018604228991849878,9.771778138564581,0.059796616785990964,True,Cruise
1,71,1675460545.7443717,48.398254315703454,0.021356609123953926,False,True,False,False,100000,False,True,False,4.077221743389528,-0.05778039427998661,9.772727784315562,0.059796616785990964,True,Cruise
1,72,1675460545.8443506,49.42276532648616,0.007696462313517911,False,True,False,False,100000,False,True,False,4.074352159971202,-0.008276835669935345,9.775455044144833,0.06004030139395585,True,Cruise
1,73,1675460545.9443173,49.42276532648616,0.007696462313517911,False,True,False,False,100000,False,True,False,4.070749354984246,0.051640821960208826,9.776771057754127,0.013023807163053397,True,Cruise
1,74,1675460546.044741,49.9367978031708,0.0008426959577226963,False,True,False,False,100000,False,True,False,4.072427057266988,0.016971968121515742,9.778980287067904,0.0827021053651826,True,Cruise
1,75,1675460546.1444206,49.64683916281891,0.004708811162414578,False,True,False,False,100000,False,True,False,4.072427057266988,0.016971968121515742,9.778980287067904,0.10198655807615155,True,Cruise
1,76,1675460546.2442832,49.64683916281891,0.004708811162414578,False,True,False,False,100000,False,True,False,4.079506225511375,-0.1277823695662766,9.778838487838541,0.04294104713278848,True,Cruise
1,77,1675460546.3442888,48.95081000366735,-0.013989199951102019,False,True,False,False,100000,False,True,False,4.079506225511375,-0.1277823695662766,9.778838487838541,0.07756081195202993,True,Cruise
1,78,1675460546.4442961,49.0929565426599,-0.012093912764534654,False,True,False,False,100000,False,True,False,4.072764946726467,-0.04754726016654803,9.779256153492499,0.003471597081579759,True,Cruise
1,79,1675460546.5442896,49.0929565426599,-0.012093912764534654,False,True,False,False,100000,False,True,False,4.072526742077237,-0.1524382814672775,9.77855075712853,0.15777828625989837,True,Cruise
1,80,1675460546.6443079,49.0929565426599,-0.012093912764534654,False,True,False,False,100000,False,True,False,4.072198214345009,-0.22134111566697282,9.778153184012991,0.014275623152145134,True,Cruise
1,81,1675460546.7442782,49.53270097720584,0.006230653637255472,False,True,False,False,100000,False,True,False,4.06860879398183,-0.23466316173694016,9.777459128118576,0.0023123986148538274,True,Cruise
1,82,1675460546.844482,48.77334895357566,-0.016355347285657823,False,True,False,False,100000,False,True,False,4.06860879398183,-0.23466316173694016,9.777459128118576,0.0868831202992706,True,Cruise
1,83,1675460546.944286,49.62650927770369,-0.0049798762972841065,False,True,False,False,100000,False,True,False,4.060001104889597,-0.004826542943432921,9.77581386076311,0.16876621415032259,True,Cruise
1,84,1675460547.0443003,49.62650927770369,-0.0049798762972841065,False,True,False,False,100000,False,True,False,4.057804332728919,-0.31162695813605773,9.774741957078703,0.13804450403864674,True,Cruise
1,85,1675460547.1443331,48.91157245590138,-0.014512367254648311,False,True,False,False,100000,False,True,False,4.056867364635567,-0.2436473008231371,9.774229154509296,0.06798804809718599,True,Cruise
1,86,1675460547.2443044,48.91157245590138,-0.014512367254648311,False,True,False,False,100000,False,True,False,4.0552172926027925,-0.12765748379584838,9.77328033806906,0.05585840436843888,True,Cruise
1,87,1675460547.3442736,49.06928264038979,-0.012409564794802845,False,True,False,False,100000,False,True,False,4.0552172926027925,-0.12765748379584838,9.77328033806906,0.11675121032139336,True,Cruise
1,88,1675460547.4445477,49.06928264038979,-0.012409564794802845,False,True,False,False,100000,False,True,False,4.050755950473854,-0.24561440357605174,9.771966869427223,0.0015638696605785578,True,Cruise
1,89,1675460547.5445912,49.36535156889409,-0.008461979081412139,False,True,False,False,100000,False,True,False,4.050356102596624,-0.22148331922148118,9.77168624820821,0.02413602823003166,True,Cruise
1,90,1675460547.644385,49.272680154346496,-0.009697597942046686,False,True,False,False,100000,False,True,False,4.0501031453880225,-0.20753325838584824,9.771449920641084,0.003993602931352734,True,Cruise
1,91,1675460547.7443097,49.272680154346496,-0.009697597942046686,False,True,False,False,100000,False,True,False,4.050412330918036,-0.17711491753543118,9.770964509560434,0.037722186576324576,True,Cruise
1,92,1675460547.8443148,49.272680154346496,-0.009697597942046686,False,True,False,False,100000,False,True,False,4.050412330918036,-0.17711491753543118,9.770964509560434,0.037722186576324576,True,Cruise
1,93,1675460547.9445384,49.88856336185528,-0.0014858218419295638,False,True,False,False,100000,False,True,False,4.051322368033275,-0.15869120747262752,9.771005436769373,0.00420037125414532,True,Cruise
1,94,1675460548.0443072,48.76069813156632,-0.01652402491244903,False,True,False,False,100000,False,True,False,4.051634030988148,-0.17670022034183688,9.771110176840596,0.07936016471814016,True,Cruise
1,95,1675460548.144299,49.99756766121011,-3.243118386518466e-05,False,True,False,False,100000,False,True,False,4.052946733353137,-0.12077039462816887,9.771617805802608,0.11597490438224337,True,Cruise
1,96,1675460548.2443419,49.99756766121011,-3.243118386518466e-05,False,True,False,False,100000,False,True,False,4.051742013658921,-0.1928824807052081,9.771962004532174,0.07212296985489007,True,Cruise
1,97,1675460548.3442857,49.828164864044275,-0.002291135146076275,False,True,False,False,100000,False,True,False,4.056475451587212,-0.015501027767104464,9.772230436114503,0.17744480081582567,True,Cruise
1,98,1675460548.444312,49.828164864044275,-0.002291135146076275,False,True,False,False,100000,False,True,False,4.056475451587212,-0.015501027767104464,9.772230436114503,0.03274146301409137,True,Cruise
1,99,1675460548.5443084,48.918696113699625,-0.014417385150671735,False,True,False,False,100000,False,True,False,4.057861559553284,0.01721069480354696,9.772389531904013,0.019602041222689492,True,Cruise
1,100,1675460548.6443107,49.836524365730924,0.0021796751235877232,False,True,False,False,100000,False,True,False,4.058296364700429,0.017540314259065073,9.773185694774586,0.10540429278963788,True,Cruise
1,101,1675460548.744585,49.836524365730924,0.0021796751235877232,False,True,False,False,100000,False,True,False,4.055792715695367,-0.19430509822139713,9.773900945543998,0.10645759011940928,True,Cruise
1,102,1675460548.8446472,48.466949862061945,-0.0204406685058407,False,True,False,False,100000,False,True,False,4.059217157352849,0.03874952781559306,9.773935827537068,0.23307978619919034,True,Cruise
1,103,1675460548.9446492,48.466949862061945,-0.0204406685058407,False,True,False,False,100000,False,True,False,4.060077654656266,0.06576773719461727,9.774032386870227,0.027032081262137388,True,Cruise
1,104,1675460549.044343,49.78509500153139,-0.0028653999795815025,False,True,False,False,100000,False,True,False,4.05812953031285,-0.0873739964401464,9.774533020304823,0.18162631388233264,True,Cruise
1,105,1675460549.1443005,49.7949865852631,0.0027335121964919135,False,True,False,False,100000,False,True,False,4.0584261111984965,-0.048040052679742554,9.774619626444691,0.09364551758498632,True,Cruise
1,106,1675460549.2444007,49.7949865852631,0.0027335121964919135,False,True,False,False,100000,False,True,False,4.059222775771479,-0.03897846493425706,9.774570555966957,0.009096672733629789,True,Cruise
1,107,1675460549.344378,49.37760028127281,0.008298662916362427,False,True,False,False,100000,False,True,False,4.059222775771479,-0.03897846493425706,9.774570555966957,0.009096672733629789,True,Cruise
1,108,1675460549.444501,49.37760028127281,0.008298662916362427,False,True,False,False,100000,False,True,False,4.060459182034121,0.02766175000327436,9.77444425222191,0.06665180342648425,True,Cruise
1,109,1675460549.544389,49.85757233458185,-0.0018990355389086387,False,True,False,False,100000,False,True,False,4.05992569733527,0.0688078948862389,9.774409056431582,0.05794097035889103,True,Cruise
1,110,1675460549.6443658,49.66583849749349,-0.004455486700086874,False,True,False,False,100000,False,True,False,4.058938953534607,0.13358809188806275,9.77435674715198,0.04531856591107499,True,Cruise
1,111,1675460549.7443771,49.66583849749349,-0.004455486700086874,False,True,False,False,100000,False,True,False,4.058074452676386,0.09424185783906955,9.77425177008317,0.08466147121574481,True,Cruise
1,112,1675460549.844355,49.66583849749349,-0.004455486700086874,False,True,False,False,100000,False,True,False,4.058074452676386,0.09424185783906955,9.77425177008317,0.08466147121574481,True,Cruise
1,113,1675460549.94431,49.357972559314724,0.008560365875803715,False,True,False,False,100000,False,True,False,4.057405290740328,0.01622670162486754,9.774014224174572,0.03871846291169346,True,Cruise
1,114,1675460550.0442977,49.95927194908392,0.0005430406788810095,False,True,False,False,100000,False,True,False,4.057207427169304,0.10228823262135457,9.77381022420072,0.09313014859977904,True,Cruise
1,115,1675460550.1443307,49.495712094072836,0.006723838745695494,False,True,False,False,100000,False,True,False,4.056865992410252,0.12703385398666758,9.77363398042123,0.06838436482956652,True,Cruise
1,116,1675460550.2445629,49.495712094072836,0.006723838745695494,False,True,False,False,100000,False,True,False,4.056740036634115,0.06929680984087856,9.773551285168693,0.04157475135975103,True,Cruise
1,117,1675460550.3446019,49.495712094072836,0.006723838745695494,False,True,False,False,100000,False,True,False,4.056607536805247,0.027722338573676224,9.77347556678891,0.04157475135975103,True,Cruise
1,118,1675460550.4443204,49.75369335270357,-0.003284088630619049,False,True,False,False,100000,False,True,False,4.055803563467247,0.13387252778162195,9.773324011845006,0.04157475135975103,True,Cruise
1,119,1675460550.544314,49.981046982840276,-0.00025270689546299694,False,True,False,False,100000,False,True,False,4.056067062561318,0.06251512810063369,9.773182453041725,0.030446623002983828,True,Cruise
1,120,1675460550.644312,49.981046982840276,-0.00025270689546299694,False,True,False,False,100000,False,True,False,4.056067062561318,0.06251512810063369,9.773182453041725,0.0620147936929056,True,Cruise
1,121,1675460550.7443013,49.48038852640714,-0.006928152981238137,False,True,False,False,100000,False,True,False,4.0563556628505095,-0.028351038139737186,9.773083497274962,0.011458085719659205,True,Cruise
1,122,1675460550.8443658,49.48038852640714,-0.006928152981238137,False,True,False,False,100000,False,True,False,4.056238884186005,-0.00044574742453651274,9.773087796758512,0.02790553539428884,True,Cruise
1,123,1675460550.944299,49.76835073378512,0.0030886568828650193,False,True,False,False,100000,False,True,False,4.055988914966427,-0.14273803632992668,9.773144568284385,0.05742756227703476,True,Cruise
1,124,1675460551.0443134,48.146575338610305,0.024712328818529264,False,True,False,False,100000,False,True,False,4.056154169207659,-0.06182506731328377,9.773160195959138,0.08091313928081569,True,Cruise
1,125,1675460551.144309,48.146575338610305,0.024712328818529264,False,True,False,False,100000,False,True,False,4.056270950971439,-0.06880113011545846,9.77319222072894,0.24154905014163874,True,Cruise
1,126,1675460551.2444935,49.0902999316431,-0.012129334244758696,False,True,False,False,100000,False,True,False,4.051683273794436,0.36561903925306205,9.773688278249505,0.04889188168084008,True,Cruise
1,127,1675460551.3445966,49.76344183264969,0.0031541088980041473,False,True,False,False,100000,False,True,False,4.051683273794436,0.36561903925306205,9.773688278249505,0.04889188168084008,True,Cruise
1,128,1675460551.4444833,49.76344183264969,0.0031541088980041473,False,True,False,False,100000,False,True,False,4.05597569190952,0.17800297282557154,9.773103261070233,0.18766607439838262,True,Cruise
1,129,1675460551.5443254,49.76344183264969,0.0031541088980041473,False,True,False,False,100000,False,True,False,4.060068889307112,0.06817184696269823,9.77293477104634,0.1328740282081836,True,Cruise
1,130,1675460551.644293,49.098563736803165,-0.012019150175957784,False,True,False,False,100000,False,True,False,4.059122636127427,0.19081112332665734,9.77308791734924,0.08679296202761975,True,Cruise
1,131,1675460551.7443843,49.26304939980862,0.009826008002551692,False,True,False,False,100000,False,True,False,4.0589132714629725,0.10836193803416848,9.773242742068625,0.16923858706206565,True,Cruise
1,132,1675460551.8443317,49.26304939980862,0.009826008002551692,False,True,False,False,100000,False,True,False,4.057555665155705,-0.19021541805177636,9.773513655578174,0.16817523666478412,True,Cruise
1,133,1675460551.944333,48.74169944565857,-0.01677734072455246,False,True,False,False,100000,False,True,False,4.056907912990156,0.19989108610697345,9.773692852999604,0.20147735263993424,True,Cruise
1,134,1675460552.0445645,48.71253667913136,-0.017166177611581873,False,True,False,False,100000,False,True,False,4.056907912990156,0.19989108610697345,9.773692852999604,0.188629839759897,True,Cruise
1,135,1675460552.144409,48.71253667913136,-0.017166177611581873,False,True,False,False,100000,False,True,False,4.056690701466006,-0.2988891098102517,9.773733403209524,0.21335282450694548,True,Cruise
1,136,1675460552.2442803,49.60672047916617,0.005243726944451072,False,True,False,False,100000,False,True,False,4.054101223984962,-0.4330504250257063,9.773893757778284,0.022481496639576923,True,Cruise
1,137,1675460552.3443675,49.60672047916617,0.005243726944451072,False,True,False,False,100000,False,True,False,4.054101223984962,-0.4330504250257063,9.773893757778284,0.022481496639576923,True,Cruise
1,138,1675460552.4444153,49.339955000722945,-0.008800599990360732,False,True,False,False,100000,False,True,False,4.059055520119417,-0.17483418972172798,9.773448473872056,0.25826414288960925,True,Cruise
1,139,1675460552.544333,49.339955000722945,-0.008800599990360732,False,True,False,False,100000,False,True,False,4.059744742119903,-0.10912315677556196,9.773415344296199,0.25826414288960925,True,Cruise
1,140,1675460552.6443057,49.31743168516797,-0.009100910864427072,False,True,False,False,100000,False,True,False,4.0584587863838255,-0.27061398843387935,9.77355049730573,0.0972491480764181,True,Cruise
1,141,1675460552.744284,48.712954424447275,0.017160607674036352,False,True,False,False,100000,False,True,False,4.055311615070059,-0.3267799823497777,9.773729813773398,0.02957116757835363,True,Cruise
1,142,1675460552.8444617,49.82979558305656,0.0022693922259125793,False,True,False,False,100000,False,True,False,4.055311615070059,-0.3267799823497777,9.773729813773398,0.02957116757835363,True,Cruise
1,143,1675460552.9445655,49.82979558305656,0.0022693922259125793,False,True,False,False,100000,False,True,False,4.0598572786533085,0.1791436343560528,9.773245275516738,0.5059442694363109,True,Cruise
1,144,1675460553.0443182,48.68146729201396,-0.017580436106480454,False,True,False,False,100000,False,True,False,4.059324319520866,0.08305174200081875,9.77331307489096,0.07714448842685642,True,Cruise
1,145,1675460553.144286,48.68146729201396,-0.017580436106480454,False,True,False,False,100000,False,True,False,4.057816127828314,0.062351749148919715,9.773455266080179,0.05644529891870214,True,Cruise
1,146,1675460553.244284,48.68146729201396,-0.017580436106480454,False,True,False,False,100000,False,True,False,4.0548557549869875,-0.2391438717335936,9.773800271213883,0.01581020005257606,True,Cruise
1,147,1675460553.344357,49.25209171050402,-0.009972110526613042,False,True,False,False,100000,False,True,False,4.053404235659753,-0.2548870127555231,9.773895287574476,0.01581020005257606,True,Cruise
1,148,1675460553.4443636,49.05428638996142,-0.012609514800514391,False,True,False,False,100000,False,True,False,4.053404235659753,-0.2548870127555231,9.773895287574476,0.01581020005257606,True,Cruise
1,149,1675460553.5443072,49.05428638996142,-0.012609514800514391,False,True,False,False,100000,False,True,False,4.054513085722608,-0.2309400893210146,9.773405777036446,0.02241385307431347,True,Cruise
1,150,1675460553.6443064,48.96032084549227,-0.013862388726769752,False,True,False,False,100000,False,True,False,4.054186615202684,-0.3046492986914108,9.773389558516186,0.05545433599849971,True,Cruise
1,151,1675460553.744319,48.548821652415945,-0.019349044634454075,False,True,False,False,100000,False,True,False,4.053121661479813,-0.41181382242346565,9.773375846003837,0.05171586692131462,True,Cruise
1,152,1675460553.844373,48.548821652415945,-0.019349044634454075,False,True,False,False,100000,False,True,False,4.052663296368173,-0.44612925132453063,9.773355734679443,0.03431849594176563,True,Cruise
1,153,1675460553.9443555,47.41160481505591,-0.03451193579925456,False,True,False,False,100000,False,True,False,4.0492393517778895,-0.5965572904168907,9.773436461951071,0.15046702249537042,True,Cruise
1,154,1675460554.0442872,47.53049827780574,-0.03292668962925683,False,True,False,False,100000,False,True,False,4.048401226387905,-0.5839112241769822,9.773403503080642,0.01267385228731304,True,Cruise
1,155,1675460554.1445134,47.53049827780574,-0.03292668962925683,False,True,False,False,100000,False,True,False,4.036446008405859,-0.9297547390130004,9.774062774507335,0.06922566028940388,True,Cruise
1,156,1675460554.2444077,48.30412147890012,-0.02261171361466506,False,True,False,False,100000,False,True,False,4.032003975329615,-1.0213222226492429,9.773707437538842,0.06081982882672761,True,Cruise
1,157,1675460554.3444018,48.30412147890012,-0.02261171361466506,False,True,False,False,100000,False,True,False,4.03198294312908,-1.082140762875247,9.773312088405927,0.06081982882672761,True,Cruise
1,158,1675460554.4444003,48.72825019236393,-0.016956664101814234,False,True,False,False,100000,False,True,False,4.03198294312908,-1.082140762875247,9.773312088405927,0.06081982882672761,True,Cruise
1,159,1675460554.5444221,49.521684862214684,-0.00637753517047081,False,True,False,False,100000,False,True,False,4.047833753069972,-1.0274659877624055,9.771115757652304,0.03231791710421517,True,Cruise
1,160,1675460554.6443665,49.521684862214684,-0.00637753517047081,False,True,False,False,100000,False,True,False,4.051503635770657,-1.0328896892383257,9.770678024465488,0.18365802296771294,True,Cruise
1,161,1675460554.7443962,48.768288162083344,-0.01642282450555538,False,True,False,False,100000,False,True,False,4.064591079502691,-0.7314381455358699,9.769796206187925,0.11807993742208643,True,Cruise
1,162,1675460554.8443475,48.768288162083344,-0.01642282450555538,False,True,False,False,100000,False,True,False,4.0662658396820595,-0.6736175553429746,9.769915430724572,0.05784496249807134,True,Cruise
1,163,1675460554.9442954,48.769606935560596,-0.016405240859192087,False,True,False,False,100000,False,True,False,4.064913350170717,-0.5461114169342952,9.770617617496647,0.12751524468091838,True,Cruise
1,164,1675460555.0442972,49.94455743287568,-0.0007392342283241678,False,True,False,False,100000,False,True,False,4.0553537273566596,-0.623342052796478,9.772045445565638,0.015231310890586647,True,Cruise
1,165,1675460555.1443577,49.94455743287568,-0.0007392342283241678,False,True,False,False,100000,False,True,False,4.052951230105774,-0.5342325309890951,9.772622237192731,0.005020921554745592,True,Cruise
1,166,1675460555.2443397,49.352352504873785,-0.008635299935016197,False,True,False,False,100000,False,True,False,4.053478014739034,-0.5392246318622937,9.772727499155845,0.005020921554745592,True,Cruise
1,167,1675460555.3443692,49.352352504873785,-0.008635299935016197,False,True,False,False,100000,False,True,False,4.066709657118821,-0.17207420513776642,9.771922955318846,0.1438806213359809,True,Cruise
1,168,1675460555.4443226,49.38117365830366,-0.008251017889284534,False,True,False,False,100000,False,True,False,4.066709657118821,-0.17207420513776642,9.771922955318846,0.3137199797022909,True,Cruise
1,169,1675460555.5443027,49.80904443801188,-0.0025460741598416175,False,True,False,False,100000,False,True,False,4.275278307795271,-0.15519405150711732,9.770165188619494,0.08365561534835397,True,Cruise
1,170,1675460555.6443143,49.80904443801188,-0.0025460741598416175,False,True,False,False,100000,False,True,False,4.101622888967729,-0.20085553220963862,9.785875805974555,0.0770633146887617,True,Cruise
1,171,1675460555.7445195,48.93302599216307,-0.014226320104492415,False,True,False,False,100000,False,True,False,4.075611885755761,-0.1283235212065075,9.787011395058586,0.03384926170361018,True,Cruise
1,172,1675460555.844416,48.93302599216307,-0.014226320104492415,False,True,False,False,100000,False,True,False,4.116918232421623,-0.060439390531638104,9.780969913604485,0.05957401999155459,True,Cruise
1,173,1675460555.9442983,49.279074612394886,-0.009612338501401533,False,True,False,False,100000,False,True,False,4.116918232421623,-0.060439390531638104,9.780969913604485,0.05957401999155459,True,Cruise
1,174,1675460556.0442915,49.48055463813598,-0.006925938158186955,False,True,False,False,100000,False,True,False,4.091031352090778,-0.44250755512488954,9.77952989348337,0.03377558743721891,True,Cruise
1,175,1675460556.1443048,49.48055463813598,-0.006925938158186955,False,True,False,False,100000,False,True,False,4.0936854412382475,-0.4009142489855967,9.777850549219968,0.04171171900023626,True,Cruise
1,176,1675460556.244363,49.58289656594886,-0.005561379120681852,False,True,False,False,100000,False,True,False,4.093360474955575,-0.396685297685216,9.776660679078972,0.01351137893411212,True,Cruise
1,177,1675460556.3443162,49.58289656594886,-0.005561379120681852,False,True,False,False,100000,False,True,False,4.083464066532859,-0.4135107466355408,9.774174586367073,0.022974317907375145,True,Cruise
1,178,1675460556.444368,48.36491948477389,-0.021801073536348078,False,True,False,False,100000,False,True,False,4.083464066532859,-0.4135107466355408,9.774174586367073,0.022974317907375145,True,Cruise
1,179,1675460556.5445244,49.2604771983732,-0.009860304021690648,False,True,False,False,100000,False,True,False,3.965348585612322,-0.3516438207547119,9.779775002915276,0.10118032615622187,True,Cruise
1,180,1675460556.6443374,49.2604771983732,-0.009860304021690648,False,True,False,False,100000,False,True,False,3.965348585612322,-0.3516438207547119,9.779775002915276,0.10118032615622187,True,Cruise
1,181,1675460556.7443767,49.93324979662665,0.0008900027116447514,False,True,False,False,100000,False,True,False,4.086807780492784,-0.12235794440942661,9.805579330601413,0.013705629125588063,True,Cruise
1,182,1675460556.8444061,49.93324979662665,0.0008900027116447514,False,True,False,False,100000,False,True,False,4.167549308452541,-0.19977390022866912,9.793419596780648,0.11251792603525468,True,Cruise
1,183,1675460556.9442978,49.47806895788494,0.006959080561534046,False,True,False,True,100000,False,True,False,4.167549308452541,-0.19977390022866912,9.793419596780648,0.11251792603525468,True,Cruise
1,184,1675460557.0443377,48.72132547277821,0.017048993696290534,False,True,False,True,100000,False,True,False,3.854767909606247,-0.11990731673777669,9.784259520650961,0.08007710830743639,True,Cruise
1,185,1675460557.1444542,48.72132547277821,0.017048993696290534,False,True,False,True,100000,False,True,False,3.97898981986029,-0.1365823643413183,9.766423102226183,0.06434698526975685,True,Cruise
1,186,1675460557.2444293,48.72132547277821,0.017048993696290534,False,True,False,True,100000,False,True,False,4.011609618419156,0.046588583355197735,9.761144860703432,0.1861276636387866,True,Cruise
1,187,1675460557.344394,48.77995998675196,0.01626720017664053,False,True,False,True,100000,False,True,False,4.022846335140263,0.1991859165490013,9.756421603982503,0.044110757860150736,True,Cruise
1,188,1675460557.444352,48.561229542228475,0.019183606103620326,False,True,False,True,100000,False,True,False,4.022846335140263,0.1991859165490013,9.756421603982503,0.044110757860150736,True,Cruise
1,189,1675460557.5444396,49.397677893330474,0.008030961422260391,False,True,False,True,100000,False,True,False,3.989802835563505,0.39416983185015186,9.753980804473924,0.06366238447349279,True,Cruise
1,190,1675460557.6443827,49.397677893330474,0.008030961422260391,False,True,False,True,100000,False,True,False,3.975110464752238,0.516283069907775,9.739294325421701,0.13638755064961403,True,Cruise
1,191,1675460557.7443874,49.16415532506358,0.011144595665818947,False,True,False,True,100000,False,True,False,3.9890406007202808,0.5849885570316746,9.754301627649866,0.024943303635772764,True,Cruise
1,192,1675460557.8443913,49.16415532506358,0.011144595665818947,False,True,False,True,100000,False,True,False,3.9991742076638457,0.5909154228321558,9.754715365755183,0.030746403768279727,True,Cruise
1,193,1675460557.9443467,47.80659027543242,0.029245462994234427,False,True,False,True,100000,False,True,False,4.007269989555585,0.7578867870758204,9.755972855906398,0.16717224483540777,True,Cruise
1,194,1675460558.0444021,47.80659027543242,0.029245462994234427,False,True,False,True,100000,False,True,False,2.1929259959414256,0.7797169955017237,9.934582168463153,1.8274914557281903,True,Cruise
1,195,1675460558.1443338,49.00265944027308,0.013297874129692314,False,True,False,True,100000,False,True,False,0.8559755336906987,1.1087764600600176,10.03655154255606,1.3806210280090343,True,Cruise
1,196,1675460558.2444947,49.00265944027308,0.013297874129692314,False,True,False,True,100000,False,True,False,2.1626273310128092,1.2919599565766313,9.833339747042809,0.7701606985553222,True,Cruise
1,197,1675460558.344484,48.96617531363537,0.013784329151528402,False,True,False,True,100000,False,True,False,3.311780772218475,1.0952902457357165,9.716939747677321,0.4745940470492478,True,Cruise
1,198,1675460558.444574,49.380558723663064,0.008259217017825827,False,True,False,True,100000,False,True,False,3.4407935779894285,1.155571388780468,9.707317898022469,0.14272596207577692,True,Cruise
1,199,1675460558.5442896,49.380558723663064,0.008259217017825827,False,True,False,True,100000,False,True,False,3.4883733267878796,1.1200420347392581,9.701969354562896,0.059621928947730884,True,Cruise
1,200,1675460558.644292,48.9151986044113,0.014464018607849308,False,True,False,True,100000,False,True,False,3.5813627850710805,0.8914338183394537,9.700571180107612,0.6887437486621303,True,Cruise
1,201,1675460558.7443364,48.9151986044113,0.014464018607849308,False,True,False,True,100000,False,True,False,2.0104964460186854,0.7815669355799829,9.853611454585781,0.895305966907894,True,Cruise
1,202,1675460558.8443046,49.25633121853372,0.009915583752883764,False,True,False,True,100000,False,True,False,-1.0500210946768185,0.7711946599531637,10.108327821854148,1.3800236805432715,True,Cruise
1,203,1675460558.944502,49.25633121853372,0.009915583752883764,False,True,False,True,100000,False,True,False,-1.0500210946768185,0.7711946599531637,10.108327821854148,1.3800236805432715,True,Cruise
1,204,1675460559.0444431,49.34983862799231,0.008668818293435824,False,True,False,True,100000,False,True,False,0.4310068703957226,0.6229559666319484,9.898681916221395,1.5031200714756858,True,Cruise
1,205,1675460559.1444979,49.82274346718988,-0.002363420437468233,False,True,False,True,100000,False,True,False,0.9551777358320285,0.5170998789535464,9.805371548319046,0.8201242088785279,True,Cruise
1,206,1675460559.2443802,48.90980755192835,0.014535899307621995,False,True,False,True,100000,False,True,False,2.407089184129127,0.369709342873681,9.650864230699106,0.6621349066965824,True,Cruise
1,207,1675460559.3444505,48.90980755192835,0.014535899307621995,False,True,False,True,100000,False,True,False,2.2397965858148754,0.09801636108622808,9.66700924483271,0.24119048711453941,True,Cruise
1,208,1675460559.4447014,49.308126324988955,0.009224982333480604,False,True,False,True,100000,False,True,False,2.2397965858148754,0.09801636108622808,9.66700924483271,0.24119048711453941,True,Cruise
1,209,1675460559.544505,49.308126324988955,0.009224982333480604,False,True,False,True,100000,False,True,False,-1.6628630125303339,0.4665823013433066,9.98689404678852,3.933054675363143,True,Cruise
1,210,1675460559.6443188,49.308126324988955,0.009224982333480604,False,True,False,True,100000,False,True,False,-2.1578518733972945,0.5513175394623692,10.007474630786422,0.33243972757926965,True,Cruise
1,211,1675460559.744307,47.7329526335131,0.030227298219825283,False,True,False,True,100000,False,True,False,-0.8468718577454266,0.19313226971165104,9.808291720569796,0.4737049194486293,True,Cruise
1,212,1675460559.844296,47.7329526335131,0.030227298219825283,False,True,False,True,100000,False,True,False,-1.3620836638847662,0.04381264293109069,9.828459001267664,0.8273572268701289,True,Cruise
1,213,1675460559.9443245,47.7329526335131,0.030227298219825283,False,True,False,True,100000,False,True,False,-1.3620836638847662,0.04381264293109069,9.828459001267664,0.8273572268701289,True,Cruise
1,214,1675460560.0442944,49.40394933006456,0.007947342265805851,False,True,False,True,100000,False,True,False,-1.7259446941461363,1.052229641827334,9.73973934127929,2.2170265389565507,True,Cruise
1,215,1675460560.1442883,49.271618927832286,0.009711747628902789,False,True,False,True,100000,False,True,False,-0.07844346416535933,0.7918994853160077,9.581033735897284,1.675475921151078,True,Cruise
1,216,1675460560.2442937,47.79536916084118,-0.02939507785545086,False,True,False,True,100000,False,True,False,1.4973853668572852,0.7885453049460188,9.456962290743547,0.35560113755331046,True,Cruise
1,217,1675460560.3443828,47.79536916084118,-0.02939507785545086,False,True,False,True,100000,False,True,False,-0.26958290898332693,0.9132138464125847,9.659213305873386,1.5481928273047056,True,Cruise
1,218,1675460560.4443438,47.79536916084118,-0.02939507785545086,False,True,False,True,100000,False,True,False,-0.26958290898332693,0.9132138464125847,9.659213305873386,1.5481928273047056,True,Cruise
1,219,1675460560.5443013,49.71478115469423,-0.003802917937410274,False,True,False,True,100000,False,True,False,-0.26958290898332693,0.9132138464125847,9.659213305873386,3.1255705889632392,True,Cruise
1,220,1675460560.6443074,49.91199725095214,0.0011733699873048395,False,True,False,True,100000,False,True,False,1.5446838793624411,0.024607624752199592,9.506384282200099,1.7382270488658975,True,Cruise
1,221,1675460560.7443042,49.456089336819076,-0.007252142175745657,False,True,False,True,100000,False,True,False,2.438595959047584,-0.07708574797273196,9.45565626826696,0.9011069191060457,True,Cruise
1,222,1675460560.8443012,49.456089336819076,-0.007252142175745657,False,True,False,True,100000,False,True,False,2.5176776204057867,-0.3639002455712169,9.533018559384132,0.511589938667379,True,Cruise
1,223,1675460560.9443324,48.22634471526721,-0.023648737129770496,False,True,False,True,100000,False,True,False,2.5176776204057867,-0.3639002455712169,9.533018559384132,0.511589938667379,True,Cruise
1,224,1675460561.0442615,48.22634471526721,-0.023648737129770496,False,True,False,True,100000,False,True,False,0.5571447440113098,-0.5281683165368478,9.843548633520873,0.25541149599853424,True,Cruise
1,225,1675460561.144298,49.395193282278726,-0.008064089569616977,False,True,False,True,100000,False,True,False,-0.48822660014428093,-0.6166992165596701,9.968180072865618,0.25541149599853424,True,Cruise
1,226,1675460561.2443755,49.78461802894212,-0.0028717596141051003,False,True,False,True,100000,False,True,False,0.44223094014440106,-0.5282539613724788,9.902340291915067,0.5204599901838636,True,Cruise
1,227,1675460561.3446782,49.78461802894212,-0.0028717596141051003,False,True,False,True,100000,False,True,False,0.7049216503601213,-0.556210639523202,9.9071046455606,0.5204599901838636,True,Cruise
1,228,1675460561.444523,49.78461802894212,-0.0028717596141051003,False,True,False,True,100000,False,True,False,0.7049216503601213,-0.556210639523202,9.9071046455606,1.8678100800713535,True,Cruise
1,229,1675460561.5443363,49.63609180468709,0.0048521092708387475,False,True,False,True,100000,False,True,False,2.9065156778533834,-0.7034060780648399,9.750541529216065,0.34467784877769986,True,Cruise
1,230,1675460561.6442661,47.83577818929008,-0.02885629080946557,False,True,False,True,100000,False,True,False,0.7075970528604898,-0.47855035982210414,9.981565547053192,0.9847034683756782,True,Cruise
1,231,1675460561.7442966,47.83577818929008,-0.02885629080946557,False,True,False,True,100000,False,True,False,0.3804123036943645,-0.4510158477770413,10.007495999887885,0.3293636255336528,True,Cruise
1,232,1675460561.8442903,48.277466202823675,0.02296711729568433,False,True,False,True,100000,False,True,False,-1.621408892040122,-0.7331670964098526,10.171807575053982,1.004972940013831,True,Cruise
1,233,1675460561.9444394,48.302606738111585,0.0226319101585122,False,True,False,True,100000,False,True,False,-2.2669750136563533,-0.968914549062472,10.202729250810483,0.6879597581562544,True,Cruise
1,234,1675460562.044312,48.302606738111585,0.0226319101585122,False,True,False,True,100000,False,True,False,-3.1330246322063737,-0.32089253993033434,10.15926712546677,1.082526407275906,True,Cruise
1,235,1675460562.144326,48.302606738111585,0.0226319101585122,False,True,False,True,100000,False,True,False,-3.2899994820853813,0.3185336491920317,10.072931349757285,0.16424376556594178,True,Cruise
1,236,1675460562.244488,47.48975812085611,0.03346989172191849,False,True,False,True,100000,False,True,False,-2.9696040191809874,0.41298188650117457,9.991043737448916,0.34391758203105993,True,Cruise
1,237,1675460562.3444035,47.16808098444108,0.03775892020745219,False,True,False,True,100000,False,True,False,-3.0801238937951236,0.3846789551955654,9.9115001717015,0.36821240768446584,True,Cruise
1,238,1675460562.444291,47.16808098444108,0.03775892020745219,False,True,False,True,100000,False,True,False,-3.5060015504390862,0.6012728868911664,9.901703752113344,0.47789191195568353,True,Cruise
1,239,1675460562.5443027,49.67944644198209,-0.00427404744023884,False,True,False,True,100000,False,True,False,-4.51764887860843,1.556023760291441,9.801602316276162,0.23220921821080667,True,Cruise
1,240,1675460562.6443548,48.77515059631829,-0.016331325382422837,False,True,False,True,100000,False,True,False,-4.51764887860843,1.556023760291441,9.801602316276162,0.23220921821080667,True,Cruise
1,241,1675460562.7443485,48.77515059631829,-0.016331325382422837,False,True,False,True,100000,False,True,False,-0.8471479641796998,1.4426276503761817,9.404049360465997,1.8463450791171572,True,Cruise
1,242,1675460562.844283,49.933689649626935,-0.0008841380049742574,False,True,False,True,100000,False,True,False,1.3661273640118514,1.03441410564015,9.222222578928882,0.5411911305878795,True,Cruise
1,243,1675460562.9445033,49.933689649626935,-0.0008841380049742574,False,True,False,True,100000,False,True,False,1.8999990998235108,0.9480960662032454,9.201777393769484,0.5411911305878795,True,Cruise
1,244,1675460563.0443342,49.70014611289415,-0.003998051828077977,False,True,False,True,100000,False,True,False,2.5391285631697373,0.8419850217270487,9.278149859950892,0.6523639921605845,True,Cruise
1,245,1675460563.1443682,48.61541320636083,0.01846115724852224,False,True,False,True,100000,False,True,False,2.781790726661187,0.8129917168494856,9.314607237470183,0.2470924476661692,True,Cruise
1,246,1675460563.244305,48.61541320636083,0.01846115724852224,False,True,False,True,100000,False,True,False,-0.14261482455380975,0.507929809503481,9.777823711531246,1.506970725188124,True,Cruise
1,247,1675460563.34444,49.61158094062741,0.0051789207916344395,False,True,False,True,100000,False,True,False,-0.4366929322753782,0.6045782234938318,9.843280622678208,0.3163976241769996,True,Cruise
1,248,1675460563.4444623,49.61158094062741,0.0051789207916344395,False,True,False,True,100000,False,True,False,0.8242903646833244,0.5671836238315648,9.763081925221986,1.264084278189716,True,Cruise
1,249,1675460563.5443275,46.91513549994006,0.041131526667465904,False,True,False,True,100000,False,True,False,0.8242903646833244,0.5671836238315648,9.763081925221986,1.264084278189716,True,Cruise
1,250,1675460563.6443102,47.37545393591069,0.03499394752119079,False,True,False,True,100000,False,True,False,3.890571807704793,0.10264227612248941,9.646105848766455,3.10347610817485,True,Cruise
1,251,1675460563.7443228,47.37545393591069,0.03499394752119079,False,True,False,True,100000,False,True,False,-0.5228195447325474,0.5793435183946535,10.181875466289027,0.9465395303214242,True,Cruise
1,252,1675460563.844382,47.2916061233078,0.03611191835589603,False,True,False,True,100000,False,True,False,-1.9077430818735595,1.01611376578155,10.315608425431975,0.3072814953073563,True,Cruise
1,253,1675460563.9443057,47.2916061233078,0.03611191835589603,False,True,False,True,100000,False,True,False,-2.213776634773869,1.039632604992494,10.330177092485206,0.3072814953073563,True,Cruise
1,254,1675460564.04429,49.60268766622839,0.005297497783621458,False,True,False,True,100000,False,True,False,-2.566860590215028,1.26239045609738,10.308811830688914,0.4180260927627185,True,Cruise
1,255,1675460564.1442957,43.95496062699065,0.08060052497345807,False,True,False,True,100000,False,True,False,0.8878772302596453,1.2460227695295232,9.926724033266296,1.1653978455455487,True,Cruise
1,256,1675460564.2446146,43.95496062699065,0.08060052497345807,False,True,False,True,100000,False,True,False,0.7313777677382465,1.1102551051435867,9.928133895069125,1.311541697358247,True,Cruise
1,257,1675460564.3445973,48.937390886971436,0.014168121507047526,False,True,False,True,100000,False,True,False,-0.7763519123542899,1.161851290761576,10.037281057839712,1.2742773219890469,True,Cruise
1,258,1675460564.4443672,48.937390886971436,0.014168121507047526,False,True,False,True,100000,False,True,False,-1.2451344903863502,2.066969674983201,9.987992892111777,1.364888966341731,True,Cruise
1,259,1675460564.54434,49.22587343365746,-0.010321687551233838,False,True,False,True,100000,False,True,False,-1.2451344903863502,2.066969674983201,9.987992892111777,3.260592829174508,True,Cruise
1,260,1675460564.64439,49.22587343365746,-0.010321687551233838,False,True,False,True,100000,False,True,False,1.764921279482941,1.3051342125441183,9.637607626247913,0.414523407284121,True,Cruise
1,261,1675460564.7446873,47.366338476719505,-0.03511548697707329,False,True,False,True,100000,False,True,False,2.130806344813508,1.1156659182577282,9.592225475409839,0.35379403907963797,True,Cruise
1,262,1675460564.8444972,48.93587024699867,0.014188396706684418,False,True,False,True,100000,False,True,False,0.7677734607619188,1.0406792788650565,9.733934308730626,1.7089134711552674,True,Cruise
1,263,1675460564.9443307,48.93587024699867,0.014188396706684418,False,True,False,True,100000,False,True,False,-1.9845228058086706,0.23057691658396645,9.956555782033309,1.2256509405693177,True,Cruise
1,264,1675460565.0443652,46.16113514033984,-0.05118486479546884,False,True,False,True,100000,False,True,False,-1.9845228058086706,0.23057691658396645,9.956555782033309,3.8799473310225396,True,Cruise
1,265,1675460565.144535,46.16113514033984,-0.05118486479546884,False,True,False,True,100000,False,True,False,1.8664948639830676,0.505728872803874,9.571918811047553,1.160438866137994,True,Cruise
1,266,1675460565.2443376,48.36711204637595,-0.02177183938165403,False,True,False,True,100000,False,True,False,-0.5869298884956968,-0.5200003604536634,9.817467737093427,1.7229558134194873,True,Cruise
1,267,1675460565.344284,48.36711204637595,-0.02177183938165403,False,True,False,True,100000,False,True,False,-0.5222057121046602,-1.8174375408004066,9.796818645281686,0.360686242686246,True,Cruise
1,268,1675460565.4443016,49.18944667048776,-0.010807377726829834,False,True,False,True,100000,False,True,False,-1.2971213807119575,-1.450405305055552,9.861707424517473,0.4361913311324848,True,Cruise
1,269,1675460565.544319,49.18944667048776,-0.010807377726829834,False,True,False,True,100000,False,True,False,-1.2971213807119575,-1.450405305055552,9.861707424517473,0.4361913311324848,True,Cruise
1,270,1675460565.6442633,49.71090072072575,0.0038546570569899644,False,True,False,True,100000,False,True,False,2.276184869787607,-1.2408355775732431,9.546992232952636,3.593255165214121,True,Cruise
1,271,1675460565.744288,49.19924648558377,0.01067671352554974,False,True,False,True,100000,False,True,False,3.2368435922619994,-1.5458968015347339,9.511583216842439,0.38214877011962617,True,Cruise
1,272,1675460565.8442976,46.09207997565381,0.05210560032461587,False,True,False,True,100000,False,True,False,2.8224627925388313,-0.9092155959561512,9.653727166066759,0.364042066323686,True,Cruise
1,273,1675460565.944345,46.09207997565381,0.05210560032461587,False,True,False,True,100000,False,True,False,2.0188376275104507,-0.8393663340164285,9.761082602390529,0.8137674821278391,True,Cruise
1,274,1675460566.0443082,46.09207997565381,0.05210560032461587,False,True,False,True,100000,False,True,False,-0.9179006810961314,0.09803092990990499,10.067080354387446,3.097867031988493,True,Cruise
1,275,1675460566.1443582,46.070779992863194,0.05238960009515734,False,True,False,True,100000,False,True,False,-1.8135813903651976,0.39288794256854326,10.145566068871974,0.9462265047275206,True,Cruise
1,276,1675460566.244313,47.582893902371666,0.032228081301711106,False,True,False,True,100000,False,True,False,-2.64943127367821,1.0082783418647876,10.188505670141659,0.3980039976109925,True,Cruise
1,277,1675460566.3442938,46.23134666075633,0.05024871118991562,False,True,False,True,100000,False,True,False,-2.9375077642227114,1.7969009891104248,10.156201337337867,0.4449595934083075,True,Cruise
1,278,1675460566.4443188,46.23134666075633,0.05024871118991562,False,True,False,True,100000,False,True,False,-3.172085717084152,1.990758933825895,10.103569765139516,0.18556379123665365,True,Cruise
1,279,1675460566.5442991,46.23134666075633,0.05024871118991562,False,True,True,True,100000,False,True,False,-3.172085717084152,1.990758933825895,10.103569765139516,0.18556379123665365,True,Cruise
1,280,1675460566.6443467,48.83651794611225,0.015513094051836677,False,True,True,True,100000,False,True,False,-1.9590666079945334,3.208270279758994,9.80317133472707,1.8091867890763529,True,Cruise
1,281,1675460566.7442977,49.172922318336646,0.011027702422178135,False,True,True,True,100000,False,True,False,-0.2872729923249625,2.7921907836868245,9.627953274852425,1.731680515843336,True,Cruise
1,282,1675460566.8442924,49.31982268402608,-0.009069030879652296,False,True,True,True,100000,False,True,False,1.6851783483328266,2.4116911266005507,9.436539228749854,0.7684912718422227,True,Cruise
1,283,1675460566.9442964,49.31982268402608,-0.009069030879652296,False,True,True,True,100000,False,True,False,2.339879701343159,2.172287151740861,9.398754628406587,0.25784122330687903,True,Cruise
1,284,1675460567.0442965,49.31982268402608,-0.009069030879652296,False,True,True,True,100000,False,True,False,2.339879701343159,2.172287151740861,9.398754628406587,0.25784122330687903,True,Cruise
1,285,1675460567.1442816,46.14529725101341,-0.05139603665315451,False,True,True,True,100000,False,True,False,2.7517054806979315,1.4423554432116168,9.43868739415114,1.8210674405663334,True,Cruise
1,286,1675460567.2444324,45.12904203409787,-0.06494610621202838,False,True,True,True,100000,False,True,False,-0.5745498405232053,0.2926375784870431,9.808230377891975,1.777331255336697,True,Cruise
1,287,1675460567.3443089,45.12904203409787,-0.06494610621202838,False,True,True,True,100000,False,True,False,-2.8192180811981635,-1.3123535845018732,10.025723950743782,0.5717474451601613,True,Cruise
1,288,1675460567.4447544,44.49468990924891,-0.07340413454334783,False,True,True,True,100000,False,True,False,-2.9501139054724588,-1.6695879631951789,10.030029629759659,0.3804847657983524,True,Cruise
1,289,1675460567.5443585,44.94043291171956,-0.0674608945104058,False,True,True,True,100000,False,True,False,-2.9501139054724588,-1.6695879631951789,10.030029629759659,0.3804847657983524,True,Cruise
1,290,1675460567.644285,44.94043291171956,-0.0674608945104058,False,True,True,True,100000,False,True,False,-3.119684832481584,-3.3489439792445292,9.984253586514312,0.40201631773959673,True,Cruise
1,291,1675460567.744511,45.7079012698979,-0.05722798306802797,False,True,True,True,100000,False,True,False,-3.366880473362027,-3.8346264877462635,9.962390059361072,0.28498635674624906,True,Cruise
1,292,1675460567.8443491,45.7079012698979,-0.05722798306802797,False,True,True,True,100000,False,True,False,-3.50526545326049,-3.9008665256621198,9.950194038357495,0.1539054521870873,True,Cruise
1,293,1675460567.9443166,45.120922297964576,-0.06505436936047232,False,True,True,True,100000,False,True,False,-3.677464682710712,-3.9851985036866835,9.939474812576174,0.1920399930799223,True,Cruise
1,294,1675460568.044316,47.84493722186849,-0.02873417037508677,False,True,True,True,100000,False,True,False,-3.894708064113468,-4.088923321436398,9.930982353604936,0.24088513121380672,True,Cruise
1,295,1675460568.144295,47.84493722186849,-0.02873417037508677,False,True,True,True,100000,False,True,False,-4.114137303703799,-4.279314492790764,9.856086169408831,0.3000123792846147,True,Cruise
1,296,1675460568.2443025,47.3646318511712,-0.03513824198438404,False,True,True,True,100000,False,True,False,0.35957176334279856,-3.182109253398959,9.416142624048561,1.1301612708022815,True,Cruise
1,297,1675460568.3444626,47.3646318511712,-0.03513824198438404,False,True,True,True,100000,False,True,False,0.926122237617449,-3.0660804137960067,9.382682926912086,0.5792768620037432,True,Cruise
1,298,1675460568.4443314,46.889550954002644,-0.04147265394663137,False,True,True,True,100000,False,True,False,1.262312736480723,-2.725800641643706,9.403993200457357,0.19844263881108187,True,Cruise
1,299,1675460568.5442743,46.889550954002644,-0.04147265394663137,False,True,True,True,100000,False,True,False,1.262312736480723,-2.725800641643706,9.403993200457357,0.19844263881108187,True,Cruise
1,300,1675460568.6443577,44.72111447156848,-0.07038514037908691,False,True,True,True,100000,False,True,False,-1.2292870881949078,-1.9201448586068948,9.757562223910126,0.5763133016053591,True,Cruise
1,301,1675460568.7442925,45.2515096469361,-0.06331320470751868,False,True,True,True,100000,False,True,False,-1.9942927579344618,-1.5777578500459966,9.851498167272577,0.8433780290121019,True,Cruise
1,302,1675460568.8443103,45.2515096469361,-0.06331320470751868,False,True,True,True,100000,False,True,False,-2.8803729615166533,-1.9756538475712848,9.954649933175189,0.15318275213530086,True,Cruise
1,303,1675460568.9443376,46.279432405980806,-0.04960756792025592,False,True,True,True,100000,False,True,False,-3.089552199886736,-2.046240948144468,9.977741645959654,0.07542138402177888,True,Cruise
1,304,1675460569.044444,46.279432405980806,-0.04960756792025592,False,True,True,True,100000,False,True,False,-3.089552199886736,-2.046240948144468,9.977741645959654,0.07542138402177888,True,Cruise
1,305,1675460569.144369,47.110358000241725,-0.03852855999677696,False,True,True,True,100000,False,True,False,-0.1997070678847968,-2.2150023228679796,9.72694767930903,1.4306436345135178,True,Cruise
1,306,1675460569.2443442,46.03461210331975,-0.05287183862240336,False,True,True,True,100000,False,True,False,2.308819386457651,-2.102827300620409,9.537108360532768,1.088249618567274,True,Cruise
1,307,1675460569.3445697,48.91150360405492,-0.014513285279267698,False,True,True,True,100000,False,True,False,1.2116684850276742,-2.2001978692451085,9.718707908990728,1.7604992346365245,True,Cruise
1,308,1675460569.4444995,48.91150360405492,-0.014513285279267698,False,True,True,True,100000,False,True,False,-1.8686524795050417,-2.556947120170917,10.026124742898215,1.409085481319652,True,Cruise
1,309,1675460569.5444987,48.29901034918193,0.022679862010907634,False,True,True,True,100000,False,True,False,-1.8686524795050417,-2.556947120170917,10.026124742898215,4.120861852601281,True,Cruise
1,310,1675460569.644606,48.29901034918193,0.022679862010907634,False,True,True,True,100000,False,True,False,2.221313643709713,-2.1991684222585777,9.671619563104908,1.0726028735856725,True,Cruise
1,311,1675460569.7444346,49.83683718388072,0.002175504214923795,False,True,True,True,100000,False,True,False,3.925529312203931,-1.640994930126598,9.572921681401244,0.867826732553,True,Cruise
1,312,1675460569.8444314,47.673103557815935,-0.03102528589578753,False,True,True,True,100000,False,True,False,4.0921616481793,-1.2776132402265183,9.62525770562558,0.13523076788215913,True,Cruise
1,313,1675460569.944331,47.673103557815935,-0.03102528589578753,False,True,True,True,100000,False,True,False,3.581489792939286,-0.9647402025424543,9.741221757011921,0.6584600083999405,True,Cruise
1,314,1675460570.0443356,47.673103557815935,-0.03102528589578753,False,True,False,True,100000,False,True,False,2.2980962537043177,-0.9902962067780753,9.952375162226815,1.3008988609559142,True,Cruise
1,315,1675460570.1443002,46.57197640053233,0.04570698132623562,False,True,False,True,100000,False,True,False,1.8877906870273586,-0.9965309859673633,10.006351058998172,0.41388757887850647,True,Cruise
1,316,1675460570.2443244,46.57197640053233,0.04570698132623562,False,True,False,True,100000,False,True,False,0.44682068343489684,-1.2849339914065336,10.145367572777499,1.1513360733962816,True,Cruise
1,317,1675460570.3443313,47.843915086097795,0.028747798852029386,False,True,False,True,100000,False,True,False,-0.002341508667006484,-0.027557979308419207,10.177354022662358,1.3355763713055802,True,Cruise
1,318,1675460570.4442992,47.843915086097795,0.028747798852029386,False,True,False,True,100000,False,True,False,-0.13801236119089055,0.681627414641724,10.134664427535641,0.20312600447785611,True,Cruise
1,319,1675460570.544328,49.836289285544645,0.0021828095260714208,False,True,False,True,100000,False,True,False,1.5707547108066893,0.3037510266779171,9.899430864091116,1.7657888606213838,True,Cruise
1,320,1675460570.644309,48.60537494650962,0.018595000713205054,False,True,False,True,100000,False,True,False,2.2837651271674715,0.4655267589013656,9.809151215643366,0.5500390427032581,True,Cruise
1,321,1675460570.7443178,48.60537494650962,0.018595000713205054,False,True,False,True,100000,False,True,False,3.1098497536506513,0.24427966653945715,9.705112512569858,0.31363129744101553,True,Cruise
1,322,1675460570.844558,49.852590296958525,0.0019654627072196408,False,True,False,True,100000,False,True,False,3.2580262124220107,0.6287091335770768,9.681555746451748,0.3369817559725902,True,Cruise
1,323,1675460570.9445825,49.852590296958525,0.0019654627072196408,False,True,False,True,100000,False,True,False,3.335278479321464,1.168485169262065,9.663802813552334,0.20894945423521213,True,Cruise
1,324,1675460571.044591,49.888060250890945,0.0014925299881206643,False,True,False,True,100000,False,True,False,3.335278479321464,1.168485169262065,9.663802813552334,0.20894945423521213,True,Cruise
1,325,1675460571.144561,49.46500859811825,0.007133218691756639,False,True,False,True,100000,False,True,False,3.580718736177008,1.3608517457503286,9.636004033913826,0.3149403602768019,True,Cruise
1,326,1675460571.244463,49.46500859811825,0.007133218691756639,False,True,False,True,100000,False,True,False,3.6724897768961933,1.2900209695433353,9.642420886370928,0.11610382753477066,True,Cruise
1,327,1675460571.3444834,49.53336547547026,-0.006221793660396504,False,True,False,True,100000,False,True,False,3.705891806473915,1.1675000426620785,9.656256586053214,0.7546175382163617,True,Cruise
1,328,1675460571.4443383,49.53336547547026,-0.006221793660396504,False,True,False,True,100000,False,True,False,2.611171617833467,1.0747176283312803,9.786626870459179,0.3520483627922651,True,Cruise
1,329,1675460571.544315,49.367960196315146,-0.008427197382464736,False,True,False,True,100000,False,True,False,2.611171617833467,1.0747176283312803,9.786626870459179,0.3520483627922651,True,Cruise
1,330,1675460571.644527,49.770599547702155,-0.003058672697304571,False,True,False,True,100000,False,True,False,-0.1424886772840015,0.3490920684317869,10.039132975343916,0.3447998850669714,True,Cruise
1,331,1675460571.7443335,49.770599547702155,-0.003058672697304571,False,True,False,True,100000,False,True,False,0.16952521752527577,0.18256726962548087,9.97864264325796,0.19780071607196578,True,Cruise
1,332,1675460571.8443942,49.7520408372237,-0.0033061221703506085,False,True,False,True,100000,False,True,False,2.2678215054473885,-0.13028245822628834,9.759004230921352,0.9861477860724036,True,Cruise
1,333,1675460571.9443722,49.7520408372237,-0.0033061221703506085,False,True,False,True,100000,False,True,False,2.748099833694182,-0.2757554984698088,9.71465853141802,0.5037819161955572,True,Cruise
1,334,1675460572.044309,49.795334317518616,0.0027288757664184855,False,True,False,True,100000,False,True,False,1.3345385788905342,-0.48590089229876143,9.840405309055626,0.5572893559799985,True,Cruise
1,335,1675460572.1442895,49.20880403638662,0.010549279514845097,False,True,False,True,100000,False,True,False,0.6992759146853207,-0.4960137228680989,9.87227991028201,0.25707086998897655,True,Cruise
1,336,1675460572.2442906,49.20880403638662,0.010549279514845097,False,True,False,True,100000,False,True,False,-0.7367374987974511,-0.5561405489921303,9.981468317125671,1.185520841060727,True,Cruise
1,337,1675460572.3443072,49.80643693267153,0.002580840897712882,False,True,False,True,100000,False,True,False,-2.536000198849431,-0.3275069491099728,10.08222336958133,0.24123594122931896,True,Cruise
1,338,1675460572.44453,49.80643693267153,0.002580840897712882,False,True,False,True,100000,False,True,False,-2.730384487973769,-0.18669719271881227,10.058095792258205,0.24123594122931896,True,Cruise
1,339,1675460572.5443122,49.10166371053591,0.011977817192854553,False,True,False,True,100000,False,True,False,-2.730384487973769,-0.18669719271881227,10.058095792258205,0.24123594122931896,True,Cruise
1,340,1675460572.6443172,48.92624737129035,0.014316701716128642,False,True,False,True,100000,False,True,False,2.028674100679643,-0.13268973339218224,9.545162242166107,0.44107616390854604,True,Cruise
1,341,1675460572.7445111,48.92624737129035,0.014316701716128642,False,True,False,True,100000,False,True,False,0.46431453225999125,-0.01335592434055614,9.698176720989279,1.5763485807455202,True,Cruise
1,342,1675460572.8444715,48.92624737129035,0.014316701716128642,False,True,False,True,100000,False,True,False,-2.3090871631266636,0.44521234309007496,9.917723990634668,0.791676434651359,True,Cruise
1,343,1675460572.9443057,49.92769329122942,-0.0009640894502744649,False,True,False,True,100000,False,True,False,-3.5274166713763706,0.6201207561819058,9.97358801422435,0.4405803081507397,True,Cruise
1,344,1675460573.0443108,49.651596443919914,0.004645380747734471,False,True,False,True,100000,False,True,False,-3.5274166713763706,0.6201207561819058,9.97358801422435,3.8144979885659014,True,Cruise
1,345,1675460573.144345,49.955682138114376,-0.0005909048251416239,False,True,False,True,100000,False,True,False,1.4827118182450667,0.45725290279584746,9.452457445713527,1.2296521521691457,True,Cruise
1,346,1675460573.244389,49.955682138114376,-0.0005909048251416239,False,True,False,True,100000,False,True,False,2.181649090505232,0.5518629828157278,9.433275600390852,0.07628191243080226,True,Cruise
1,347,1675460573.3443346,49.846526285516404,0.0020463161931146686,False,True,False,True,100000,False,True,False,1.7790951283477345,0.5781465547877436,9.516333467573025,0.3238359879302363,True,Cruise
1,348,1675460573.4442842,49.846526285516404,0.0020463161931146686,False,True,False,True,100000,False,True,False,2.231896632944113,0.5581072942737866,9.507566199329197,0.45332950435544084,True,Cruise
1,349,1675460573.5443575,49.901358484254175,0.001315220209944283,False,True,False,True,100000,False,True,False,0.3499716356997347,0.4280439362230657,9.77171445957163,0.3357940198723437,True,Cruise
1,350,1675460573.644439,49.833640473803015,-0.002218127015959837,False,True,False,True,100000,False,True,False,0.6751994777698486,0.34488850374699676,9.763368887442471,0.3357940198723437,True,Cruise
1,351,1675460573.744292,49.833640473803015,-0.002218127015959837,False,True,False,True,100000,False,True,False,0.6778669405702423,0.2197395469497474,9.814215702305644,0.07232617030557272,True,Cruise
1,352,1675460573.8443038,49.492574081123564,0.006765678918352459,False,True,False,True,100000,False,True,False,0.22833693217563783,0.06789976686439583,9.890477625711833,0.10452951023628448,True,Cruise
1,353,1675460573.9444895,49.492574081123564,0.006765678918352459,False,True,False,True,100000,False,True,False,0.3286470810333004,0.03204662393295995,9.895396515533474,0.10663849820297469,True,Cruise
1,354,1675460574.0445058,49.27078259097943,0.009722898786940947,False,True,False,True,100000,False,True,False,-1.9058863423834378,0.0779503980398634,10.09899217843721,0.5515438230896609,True,Cruise
1,355,1675460574.1443095,47.65704891642405,0.031239347781012658,False,True,False,True,100000,False,True,False,-2.022623608991992,0.08080814935577231,10.08890025381347,0.11720752151816644,True,Cruise
1,356,1675460574.2443957,47.65704891642405,0.031239347781012658,False,True,False,True,100000,False,True,False,-1.8694964299644268,0.31235503498151773,10.03930946449893,0.6053972866163437,True,Cruise
1,357,1675460574.344489,48.67438575131787,0.017674856649095048,False,True,False,True,100000,False,True,False,-2.878925809756799,0.5536060030079079,10.07153794798779,0.4853014214630945,True,Cruise
1,358,1675460574.4445763,48.40934095630827,0.021208787249223034,False,True,True,True,100000,False,True,False,-2.878925809756799,0.5536060030079079,10.07153794798779,0.4853014214630945,True,Cruise
1,359,1675460574.5443697,48.40934095630827,0.021208787249223034,False,True,True,True,100000,False,True,False,-2.035907709099122,0.6990500781753931,9.8801074135336,0.8766294237357197,True,Cruise
1,360,1675460574.6442988,48.821427740985825,0.015714296786855653,False,True,True,True,100000,False,True,False,-2.7759787611796485,1.0891493153786302,9.88839438227627,0.4050789237514665,True,Cruise
1,361,1675460574.744269,49.50262206560948,0.0066317057918736265,False,True,True,True,100000,False,True,False,-0.8898581587574437,1.22721907551646,9.649056103789574,1.3138011580831517,True,Cruise
1,362,1675460574.844285,49.50262206560948,0.0066317057918736265,False,True,True,True,100000,False,True,False,1.3657908891643566,1.3593574885257604,9.438885253079494,0.9559023948926287,True,Cruise
1,363,1675460574.9442852,49.50262206560948,0.0066317057918736265,False,True,True,True,100000,False,True,False,1.3657908891643566,1.3593574885257604,9.438885253079494,0.9559023948926287,True,Cruise
1,364,1675460575.044318,48.967505683479956,0.013766590886933891,False,True,True,True,100000,False,True,False,2.6085295607456502,1.147560034709062,9.386725618616888,1.2617361827078384,True,Cruise
1,365,1675460575.1443095,49.54851293249603,0.006019827566719581,False,True,True,True,100000,False,True,False,-0.8030708919982533,1.1331311789666723,9.759180270394555,0.3187877043143179,True,Cruise
1,366,1675460575.2443244,49.778217798151616,0.0029570960246451477,False,True,True,True,100000,False,True,False,1.3637516730155734,0.9661497758547534,9.600364921108715,1.2935676362574973,True,Cruise
1,367,1675460575.3443217,49.778217798151616,0.0029570960246451477,False,True,True,True,100000,False,True,False,2.404137937590091,0.8411980891415355,9.538991730194265,1.0496585978740027,True,Cruise
1,368,1675460575.444416,49.778217798151616,0.0029570960246451477,False,True,True,True,100000,False,True,False,2.404137937590091,0.8411980891415355,9.538991730194265,1.0496585978740027,True,Cruise
1,369,1675460575.5446055,49.9854011054648,-0.00019465192713596525,False,True,True,True,100000,False,True,False,3.232745506455456,0.45133247144861605,9.59767524706749,0.9176216312798335,True,Cruise
1,370,1675460575.644309,49.98095313063733,-0.0002539582581688478,False,True,True,True,100000,False,True,False,3.130502596102473,0.4654081985955177,9.68893045266591,0.31612141256097565,True,Cruise
1,371,1675460575.7443564,49.98095313063733,-0.0002539582581688478,False,True,True,True,100000,False,True,False,2.3499375544750873,0.33841863861443217,9.848619715261107,0.6364819529421409,True,Cruise
1,372,1675460575.8443224,49.480648792745605,0.006924682763392004,False,True,True,True,100000,False,True,False,1.5006733058595934,0.18053284036135916,9.980231134930143,0.35775355528376723,True,Cruise
1,373,1675460575.9443378,49.690242151616346,0.004130104645115444,False,True,True,True,100000,False,True,False,1.5006733058595934,0.18053284036135916,9.980231134930143,0.35775355528376723,True,Cruise
1,374,1675460576.044291,48.85841474990188,0.015221136667974892,False,True,True,True,100000,False,True,False,-1.3823617387917273,0.06867435246760967,10.257964334053833,0.35775355528376723,True,Cruise
1,375,1675460576.144268,48.85841474990188,0.015221136667974892,False,True,True,True,100000,False,True,False,-0.3083539879426664,-0.0852535571365129,10.118617928810984,0.7764345178151894,True,Cruise
1,376,1675460576.244506,49.14111948516774,0.011451740197763469,False,True,True,True,100000,False,True,False,-1.1985106480381584,0.03989319686772919,10.172304639357419,0.9005125498511702,True,Cruise
1,377,1675460576.344418,49.14111948516774,0.011451740197763469,False,True,True,True,100000,False,True,False,-2.579986332930959,0.21167730165711815,10.217488866106738,0.6066442941633192,True,Cruise
1,378,1675460576.4443111,49.459158812849665,0.007211215828671056,False,True,True,True,100000,False,True,False,-0.898402676760005,0.27035144033322084,9.92756370350098,1.7074023682666697,True,Cruise
1,379,1675460576.5442846,49.90346765926318,0.0012870978764909862,False,True,True,True,100000,False,True,False,0.3017320665607017,0.3308160424923695,9.77625286777409,1.2111458785993088,True,Cruise
1,380,1675460576.6443057,49.90346765926318,0.0012870978764909862,False,True,True,True,100000,False,True,False,1.1806043484685336,0.33377696504266563,9.659048571995442,0.021631106455790538,True,Cruise
1,381,1675460576.7443333,49.830404445913544,-0.0022612740544860318,False,True,True,True,100000,False,True,False,2.0389927588492247,0.4855381400417335,9.553406293782794,0.39778415326506206,True,Cruise
1,382,1675460576.8443058,49.830404445913544,-0.0022612740544860318,False,False,True,True,100000,False,True,False,1.698712465683557,0.3664595569690078,9.58679139968211,0.36205655933766656,True,Cruise
1,383,1675460576.9444215,49.6397821284103,-0.004802904954529265,False,False,True,True,100000,False,True,False,0.22335202043833838,0.4677744675234354,9.716889596918904,0.36205655933766656,True,Cruise
1,384,1675460577.0443947,49.929953526843754,-0.0009339529754166771,False,False,True,True,100000,False,True,False,-0.9875740502014256,0.44397888709402755,9.829908797563604,1.2164216036873885,True,Cruise
1,385,1675460577.1443648,49.929953526843754,-0.0009339529754166771,False,False,True,True,100000,False,True,False,-0.050446993345292644,0.23986860930693998,9.711893911083324,1.120082128972978,True,Cruise
1,386,1675460577.2442896,49.75220247627359,-0.003303966983018797,False,False,True,True,100000,False,True,False,1.287700492569956,0.1878599500393923,9.612543930518692,0.22316466699840026,True,Cruise
1,387,1675460577.3442674,49.47303994138388,-0.007026134114881602,False,False,True,True,100000,False,True,False,0.09439143847739134,0.0942433892889336,9.740419477155177,1.2037868226781747,True,Cruise
1,388,1675460577.4445813,49.47303994138388,-0.007026134114881602,False,False,True,True,100000,False,True,False,-1.179371414891486,-0.1658462097325156,9.86767077545569,0.7214431467308495,True,Cruise
1,389,1675460577.5443184,49.80019562743887,-0.0026640583008150386,False,False,True,True,100000,False,True,False,-1.4711535618722387,-0.30142466675769247,9.875795133824065,1.5229533430055344,True,Cruise
1,390,1675460577.6444862,49.80019562743887,-0.0026640583008150386,False,False,True,True,100000,False,True,False,1.3268327043034212,-0.3617026496381871,9.62558056675348,1.2869293407156317,True,Cruise
1,391,1675460577.7445247,49.50847109094268,-0.006553718787431036,False,False,True,True,100000,False,True,False,1.65036344402334,-0.2657507510084649,9.617919114772123,0.3375464475310456,True,Cruise
1,392,1675460577.8445432,49.50847109094268,-0.006553718787431036,False,False,True,True,100000,False,True,False,0.3372940166315566,-0.3025348578647407,9.762877794733493,1.3215587049254915,True,Cruise
1,393,1675460577.9443374,49.82874988951808,-0.0022833348064256243,False,False,True,True,100000,False,True,False,-0.8955617086354026,-0.4933432239229025,9.872488045225305,0.1994326782578559,True,Cruise
