repetition,iteration,time,speed,steering,obstacle_North,obstacle_NorthWest,obstacle_SouthWest,obstacle_West,obstacle_distance,follow_enable,steady_motion_enable,passing_start,accel_x,accel_y,accel_z,accel_diff,success,action
1,1,1675460650.0580454,0.0,0.0,False,True,False,True,100000,False,True,False,-0.04336732387116506,2.5345768055203166e-13,9.802715199147,0.015016569627784316,True,Cruise
1,2,1675460650.0582192,0.0,0.0,False,True,False,True,100000,False,True,False,-0.04336732387116506,2.5345768055203166e-13,9.802715199147,0.015016569627784316,True,Cruise
1,3,1675460650.158338,49.61591423924823,-0.005121143476690309,False,True,False,True,100000,False,True,False,-0.020385367286161804,2.0492237524959115e-13,9.821625237345883,0.014364848855206327,True,Cruise
1,4,1675460650.2583907,49.61591423924823,-0.005121143476690309,False,True,False,True,100000,False,True,False,0.003495574103190513,-2.044728235480543e-14,9.836591925203463,0.013831880085203238,True,Cruise
1,5,1675460650.3584428,49.75025479105175,0.003329936119309992,False,True,False,True,100000,False,True,False,1.9213291153260055,0.015539166984579928,9.6807132963734,1.9242206485940636,True,Cruise
1,6,1675460650.4583666,49.75025479105175,0.003329936119309992,False,True,False,True,100000,False,True,False,2.6077352586103903,-0.006349580131216074,9.63980117294684,1.9242206485940636,True,Cruise
1,7,1675460650.5583324,49.62447608262042,0.005006985565061129,False,True,False,True,100000,False,True,False,3.3444346702399446,-0.009181933257578241,9.626131217815038,0.28078726657613584,True,Cruise
1,8,1675460650.6583917,49.54722883111958,0.006036948918405564,False,True,False,True,100000,False,True,False,3.633391037332119,0.002052840015415141,9.660663319785787,0.12382587764880751,True,Cruise
1,9,1675460650.758387,49.54722883111958,0.006036948918405564,False,True,False,True,100000,False,True,False,3.83392349001306,0.014949878975742011,9.705409137090276,0.10341138313905136,True,Cruise
1,10,1675460650.8583329,49.68905187018665,-0.004145975064177991,False,True,False,False,100000,False,True,False,4.056318604775604,0.010924663157593467,9.747050140933862,0.22629574152804838,True,Cruise
1,11,1675460650.9583912,49.93762606941911,0.0008316524077451521,False,True,False,False,100000,False,True,False,4.171214332899324,0.00801932864152885,9.766317512327758,0.11166300328687995,True,Cruise
1,12,1675460651.0583525,49.93762606941911,0.0008316524077451521,False,True,False,False,100000,False,True,False,4.382033668177004,0.03558524249844953,9.802641100099247,0.11166300328687995,True,Cruise
1,13,1675460651.1583445,48.464937989978004,0.02046749346695996,False,True,False,False,100000,False,True,False,4.5440216790871135,-0.012800506568483732,9.836228998988886,0.06156412109425726,True,Cruise
1,14,1675460651.2583416,48.464937989978004,0.02046749346695996,False,True,False,False,100000,False,True,False,4.647346679334747,0.0004581411153026974,9.865944280597844,0.04682062280489481,True,Cruise
1,15,1675460651.3583572,49.092075626132186,0.012105658318237546,False,True,False,False,100000,False,True,False,4.694854807736759,0.038728840100010604,9.890036047059303,0.04682062280489481,True,Cruise
1,16,1675460651.458375,49.25542492684677,-0.009927667642043083,False,True,False,False,100000,False,True,False,4.699959200975986,0.06327842961287851,9.899487307453438,0.026796706861641175,True,Cruise
1,17,1675460651.5583525,49.25542492684677,-0.009927667642043083,False,True,False,False,100000,False,True,False,4.67849664953622,0.05150886081411254,9.912525730965562,0.02989181813896138,True,Cruise
1,18,1675460651.6583695,49.47608700359818,-0.006985506618690941,False,True,False,False,100000,False,True,False,4.622866794442346,0.08823985052117467,9.917327791896566,0.1231504176545593,True,Cruise
1,19,1675460651.758389,49.47608700359818,-0.006985506618690941,False,True,False,False,100000,False,True,False,4.54218956270418,-0.06572979986364579,9.914007043380359,0.05669339675329047,True,Cruise
1,20,1675460651.8584015,49.62233970078217,0.005035470656237744,False,True,False,False,100000,False,True,False,4.4438736889154535,-0.025326264549806483,9.903399506648748,0.05669339675329047,True,Cruise
1,21,1675460651.958372,49.26804822930625,-0.009759356942583345,False,True,False,False,100000,False,True,False,4.33734246729157,0.012028954973715759,9.88651168606196,0.08245941665375524,True,Cruise
1,22,1675460652.058409,49.26804822930625,-0.009759356942583345,False,True,False,False,100000,False,True,False,4.283657499275946,0.028655846740244552,9.876134357140423,0.05409975027729929,True,Cruise
1,23,1675460652.1583529,49.26804822930625,-0.009759356942583345,False,True,False,False,100000,False,True,False,4.230904883051201,0.02493402107219439,9.864728548304239,0.06216188378808291,True,Cruise
1,24,1675460652.2584555,49.859205300359896,-0.0018772626618679816,False,True,False,False,100000,False,True,False,4.085579925998874,-0.05330512512770571,9.826471112874536,0.05572454457585469,True,Cruise
1,25,1675460652.3584259,49.89316666375394,0.0014244444832807752,False,True,False,False,100000,False,True,False,4.085579925998874,-0.05330512512770571,9.826471112874536,0.05572454457585469,True,Cruise
1,26,1675460652.4583907,49.85011327340645,0.0019984896879139953,False,True,False,False,100000,False,True,False,3.969896480007957,-0.026495409334423833,9.78675660133549,0.0591311432270546,True,Cruise
1,27,1675460652.5583575,49.85011327340645,0.0019984896879139953,False,True,False,False,100000,False,True,False,3.9137835455162957,-0.01893662409247186,9.762110785453801,0.029836789092316955,True,Cruise
1,28,1675460652.6583593,49.85011327340645,0.0019984896879139953,False,True,False,False,100000,False,True,False,3.8753929427954144,-0.0011019127582658364,9.7404911126192,0.020757984733792163,True,Cruise
1,29,1675460652.7583888,49.23623599866501,0.010183520017799836,False,True,False,False,100000,False,True,False,3.8541060712975215,-0.001610509396253131,9.722907138879028,0.011911999068697108,True,Cruise
1,30,1675460652.8583717,49.691941552164884,0.0041074459711348535,False,True,False,False,100000,False,True,False,3.8484413969067637,-0.02310326112126354,9.710019711285467,0.02569265853596191,True,Cruise
1,31,1675460652.9584472,49.691941552164884,5.4907976832210804e-05,False,True,False,False,100000,False,True,False,3.850759015227934,0.04224637698564465,9.705451721915686,0.06555008071901147,True,Cruise
1,32,1675460653.0583715,49.99588190173758,5.4907976832210804e-05,False,True,False,False,100000,False,True,False,3.864256697254352,0.020188196563858545,9.700081764245061,0.011746685940326174,True,Cruise
1,33,1675460653.1583583,49.59727125899825,0.005369716546690029,False,True,False,False,100000,False,True,False,3.8871858741207364,0.009227905187157506,9.699550276353687,0.015494904919980545,True,Cruise
1,34,1675460653.2583776,49.59727125899825,0.005369716546690029,False,True,False,False,100000,False,True,False,3.916577448324125,-0.011332235670776897,9.70339690729811,0.02105496335682981,True,Cruise
1,35,1675460653.3583622,49.40751836388601,0.007899755148186492,False,True,False,False,100000,False,True,False,3.916577448324125,-0.011332235670776897,9.70339690729811,0.02105496335682981,True,Cruise
1,36,1675460653.4584143,49.73755832440226,0.003499222341303229,False,True,False,False,100000,False,True,False,3.96651460625485,0.030600511110789378,9.715832756514688,0.02190778166543353,True,Cruise
1,37,1675460653.558369,49.73755832440226,0.003499222341303229,False,True,False,False,100000,False,True,False,4.016373297914655,0.04666790929702281,9.733598149652588,0.017386332104636443,True,Cruise
1,38,1675460653.6583622,49.73755832440226,0.003499222341303229,False,True,False,False,100000,False,True,False,4.031867395550177,0.058301049126577076,9.740146289447903,0.03117466262939371,True,Cruise
1,39,1675460653.7583706,49.719887200301294,0.0037348373293160575,False,True,False,False,100000,False,True,False,4.0602359980246545,0.02072792553315615,9.753468608527957,0.01869912337015543,True,Cruise
1,40,1675460653.8583577,49.72611427364403,0.0036518096847462664,False,True,False,False,100000,False,True,False,4.083750113752799,0.021159368438604702,9.76643616711216,0.02685623497610898,True,Cruise
1,41,1675460653.9583793,49.01690874745455,0.013107883367272671,False,True,False,False,100000,False,True,False,4.0934913630663265,0.02278500109304169,9.77254650809968,0.011613392557699847,True,Cruise
1,42,1675460654.0584254,49.01690874745455,0.013107883367272671,False,True,False,False,100000,False,True,False,4.114402494032308,0.01815787225570599,9.788457676835824,0.007668509182235551,True,Cruise
1,43,1675460654.1583755,49.01690874745455,0.013107883367272671,False,True,False,False,100000,False,True,False,4.118605223158202,-0.010975614436124301,9.79276506720326,0.029748556111283186,True,Cruise
1,44,1675460654.258383,48.319092770570556,0.022412096392392618,False,True,False,False,100000,False,True,False,4.121186302296351,0.04604584728413242,9.796541648770916,0.02501460958357361,True,Cruise
1,45,1675460654.3583724,49.495843041531415,0.006722092779581079,False,True,False,False,100000,False,True,False,4.122556616470741,0.07082019912635447,9.799717246742931,0.03477175695103917,True,Cruise
1,46,1675460654.4583821,49.10045602857104,0.01199391961905282,False,True,False,False,100000,False,True,False,4.119240720809415,0.1307417032352466,9.80568784277355,0.05183344524788431,True,Cruise
1,47,1675460654.558372,49.10045602857104,0.01199391961905282,False,True,False,False,100000,False,True,False,4.1164394727171825,0.18249360189813751,9.806462465376532,0.09830836483506947,True,Cruise
1,48,1675460654.6583672,46.40133567808637,0.0479821909588484,False,True,False,False,100000,False,True,False,4.108039164181501,0.035975032505047216,9.805226587619757,0.00923423679917783,True,Cruise
1,49,1675460654.758357,46.40133567808637,0.0479821909588484,False,True,False,False,100000,False,True,False,4.097647662470237,-0.034047545013533465,9.802394590472979,0.06238451067888838,True,Cruise
1,50,1675460654.8583608,47.38312456618006,0.03489167245093253,False,True,False,False,100000,False,True,False,4.077638158525397,0.333612587045327,9.79902793948242,0.36821961828852834,True,Cruise
1,51,1675460654.9583547,47.38312456618006,0.03489167245093253,False,True,False,False,100000,False,True,False,4.068666485088147,0.3927066450447439,9.796752758603068,0.05981450545759674,True,Cruise
1,52,1675460655.058358,46.76052131387291,0.04319304914836121,False,True,False,False,100000,False,True,False,4.0595141839207995,0.25415985898648735,9.790849454964247,0.04582266177551687,True,Cruise
1,53,1675460655.158626,46.76052131387291,0.04319304914836121,False,True,False,False,100000,False,True,False,4.051069334352329,0.2634075210771804,9.784725948078513,0.016520358556147495,True,Cruise
1,54,1675460655.2583663,45.23757536713984,0.06349899510480211,False,True,False,False,100000,False,True,False,4.051069334352329,0.2634075210771804,9.784725948078513,0.016520358556147495,True,Cruise
1,55,1675460655.35834,46.29626416517241,0.04938314446436788,False,True,False,False,100000,False,True,False,4.042486244811479,0.26689303144902904,9.778850685140704,0.03678920544805462,True,Cruise
1,56,1675460655.4583585,46.357900946190476,0.048561320717460256,False,True,False,False,100000,False,True,False,4.018621880468778,0.4467835923260493,9.77226396159186,0.1460457672310184,True,Cruise
1,57,1675460655.5583434,46.357900946190476,0.048561320717460256,False,True,False,False,100000,False,True,False,4.003390055713919,0.5671422853949064,9.768616613690531,0.054315897503442394,True,Cruise
1,58,1675460655.6583457,46.09328419201661,0.052089544106445236,False,True,False,False,100000,False,True,False,4.009868685244279,0.4130201124138349,9.763957652131797,0.011720743337826413,True,Cruise
1,59,1675460655.7583458,46.09328419201661,0.052089544106445236,False,True,False,False,100000,False,True,False,4.009868685244279,0.4130201124138349,9.763957652131797,0.011720743337826413,True,Cruise
1,60,1675460655.8583376,46.09328419201661,0.052089544106445236,False,True,False,False,100000,False,True,False,4.0140193776530975,0.39757136146360617,9.760944781582438,0.004605934759092021,True,Cruise
1,61,1675460655.9583514,47.71972161205631,0.03040371183924917,False,True,False,False,100000,False,True,False,4.012198659405778,0.44440000796069545,9.759474280955725,0.04688709331765661,True,Cruise
1,62,1675460656.0583441,47.68477108643994,0.030869718847467486,False,True,False,False,100000,False,True,False,4.014917010163102,0.4915096181428553,9.759475675568284,0.05382764549385601,True,Cruise
1,63,1675460656.1583512,47.40247887716221,0.0346336149711705,False,True,False,False,100000,False,True,False,4.028919464327323,0.3247341743611235,9.758546629845076,0.0860211091546227,True,Cruise
1,64,1675460656.2583468,47.40247887716221,0.0346336149711705,False,True,False,False,100000,False,True,False,4.045924907703734,0.21266734820471872,9.758913285525056,0.027475803651213593,True,Cruise
1,65,1675460656.3583484,48.4395261740039,0.020806317679947967,False,True,False,False,100000,False,True,False,4.050670010520523,0.20128944579404892,9.762732308296874,0.004610110297220318,True,Cruise
1,66,1675460656.4583611,48.4395261740039,0.020806317679947967,False,True,False,False,100000,False,True,False,4.05102423506849,0.23977875324247144,9.764293780845225,0.03852259673761402,True,Cruise
1,67,1675460656.5584035,48.384400455036086,0.02154132726618555,False,True,False,False,100000,False,True,False,4.064785219253211,0.056239725095680086,9.766254765322277,0.06852914632941502,True,Cruise
1,68,1675460656.6583989,48.384400455036086,0.02154132726618555,False,True,False,False,100000,False,True,False,4.068858067913221,0.02868521541078828,9.767600666922883,0.027886386486969963,True,Cruise
1,69,1675460656.7583485,47.85650126925436,0.028579983076608566,False,True,False,False,100000,False,True,False,4.072216026303632,0.026106250791308825,9.770644494596072,0.0019842180856414924,True,Cruise
1,70,1675460656.8583791,47.85650126925436,0.028579983076608566,False,True,False,False,100000,False,True,False,4.072975094141949,0.02373289143327715,9.772138947220137,0.002905582088170872,True,Cruise
1,71,1675460656.9583445,48.55257734313178,0.01929896875824289,False,True,False,False,100000,False,True,False,4.071529653848329,0.05432337000422491,9.776319486415103,0.055395341483170164,True,Cruise
1,72,1675460657.0583456,48.90936942739687,0.014541740968041708,False,True,False,False,100000,False,True,False,4.0755539587776966,0.030743014327665553,9.778579867853516,0.05625430889143382,True,Cruise
1,73,1675460657.158365,49.452914194889196,0.007294477401477343,False,True,False,False,100000,False,True,False,4.0755539587776966,0.030743014327665553,9.778579867853516,0.027866418892366355,True,Cruise
1,74,1675460657.2585707,49.452914194889196,0.007294477401477343,False,True,False,False,100000,False,True,False,4.078906251543704,0.02386501409488635,9.779358528002362,0.02275857539018641,True,Cruise
1,75,1675460657.3583372,49.51885584063153,0.0064152554582462586,False,True,False,False,100000,False,True,False,4.079703463682975,0.04114945290104157,9.779648533269565,0.017305244150075758,True,Cruise
1,76,1675460657.4583836,49.51885584063153,0.0064152554582462586,False,True,False,False,100000,False,True,False,4.080902639861109,-0.025779761086569403,9.779842731313973,0.06694023768546148,True,Cruise
1,77,1675460657.5583856,49.70397862811119,0.003946951625184146,False,True,False,False,100000,False,True,False,4.079120885091623,-0.0174241976957823,9.779881313156295,0.0033685552860447006,True,Cruise
1,78,1675460657.6583757,49.61291582801038,-0.005161122293194953,False,True,False,False,100000,False,True,False,4.075188592186193,-0.022546162317514506,9.7796561177309,0.006218317366322118,True,Cruise
1,79,1675460657.7583585,49.61291582801038,-0.005161122293194953,False,True,False,False,100000,False,True,False,4.071811188332859,-0.03721360072826,9.779011392435619,0.006218317366322118,True,Cruise
1,80,1675460657.8583572,49.61291582801038,-0.005161122293194953,False,True,False,False,100000,False,True,False,4.06970012728813,-0.14000232998240988,9.777343452139567,0.11780854108736016,True,Cruise
1,81,1675460657.9583688,49.474624914702495,0.007005001137299998,False,True,False,False,100000,False,True,False,4.06970012728813,-0.14000232998240988,9.777343452139567,0.11780854108736016,True,Cruise
1,82,1675460658.0583408,49.20813397733346,-0.010558213635553804,False,True,False,False,100000,False,True,False,4.068172527409548,-0.1506707507093651,9.776813396888121,0.010790260458670962,True,Cruise
1,83,1675460658.1585534,49.62516732881492,0.004997768949134441,False,True,False,False,100000,False,True,False,4.061094011528675,-0.08837215089642778,9.775405053929099,0.0986449267083658,True,Cruise
1,84,1675460658.2583692,49.62516732881492,0.004997768949134441,False,True,False,False,100000,False,True,False,4.0570241422284585,0.03011606513901125,9.774422329434115,0.1901383445131689,True,Cruise
1,85,1675460658.3583648,49.62516732881492,0.004997768949134441,False,True,False,False,100000,False,True,False,4.057279932524691,-0.16002084399933073,9.773729214111276,0.1901383445131689,True,Cruise
1,86,1675460658.458348,48.36892125474901,-0.021747716603346505,False,True,False,False,100000,False,True,False,4.055036154676836,-0.05010164255151816,9.772819118475983,0.031138868575418983,True,Cruise
1,87,1675460658.5583532,48.24482450885134,-0.023402339881982207,False,True,False,False,100000,False,True,False,4.054392248146204,-0.14437944348172677,9.771550580894338,0.2182157255780654,True,Cruise
1,88,1675460658.6583412,48.24482450885134,-0.023402339881982207,False,True,False,False,100000,False,True,False,4.053945310717166,-0.26248676289635353,9.771287690396246,0.11810845763021434,True,Cruise
1,89,1675460658.7583628,49.34257871530806,-0.008765617129225944,False,True,False,False,100000,False,True,False,4.048894086943243,-0.3205845612656488,9.771077072065676,0.0044221441546726595,True,Cruise
1,90,1675460658.8583705,48.272965653936595,-0.02302712461417877,False,True,False,False,100000,False,True,False,4.048894086943243,-0.3205845612656488,9.771077072065676,0.0044221441546726595,True,Cruise
1,91,1675460658.9583485,48.272965653936595,-0.02302712461417877,False,True,False,False,100000,False,True,False,4.049917522760569,-0.21474973759369947,9.770721233082059,0.10584037010482843,True,Cruise
1,92,1675460659.058347,49.4354841235304,-0.0075268783529279775,False,True,False,False,100000,False,True,False,4.049917522760569,-0.21474973759369947,9.770721233082059,0.10584037010482843,True,Cruise
1,93,1675460659.1583862,49.4354841235304,-0.0075268783529279775,False,True,False,False,100000,False,True,False,4.049297147335531,-0.32223706278560826,9.771067943488793,0.13559561556457306,True,Cruise
1,94,1675460659.2583644,47.79565896723065,-0.02939121377025802,False,True,False,False,100000,False,True,False,4.0498196955045636,-0.3195292813580621,9.771280233690884,0.12211108565828022,True,Cruise
1,95,1675460659.3583562,47.79565896723065,-0.02939121377025802,False,True,False,False,100000,False,True,False,4.051848216047329,-0.23210476379594958,9.77130804176348,0.08744805280764942,True,Cruise
1,96,1675460659.4583652,49.90178639580278,0.0013095147226296396,False,True,False,False,100000,False,True,False,4.04953837696699,-0.3224945466065196,9.77206539224107,0.11152191437635553,True,Cruise
1,97,1675460659.5583827,48.99843953945915,-0.013354139473877997,False,True,False,False,100000,False,True,False,4.052120670546872,-0.2699406295346744,9.77232148012123,0.2809636937897304,True,Cruise
1,98,1675460659.6583464,48.99843953945915,-0.013354139473877997,False,True,False,False,100000,False,True,False,4.057723098311709,-0.05683145547388216,9.77208745099601,0.21318293091935087,True,Cruise
1,99,1675460659.758339,48.873576148732,-0.015018984683573334,False,True,False,False,100000,False,True,False,4.05681797757133,-0.21524053727848524,9.772799889435563,0.07451647164473814,True,Cruise
1,100,1675460659.8583906,48.873576148732,-0.015018984683573334,False,True,False,False,100000,False,True,False,4.055961437388244,-0.23331214323911031,9.773137446017873,0.018095042070346307,True,Cruise
1,101,1675460659.9583697,49.86762648102595,-0.0017649802529872984,False,True,False,False,100000,False,True,False,4.0545641507464225,-0.23744502734212283,9.773717686386128,0.00440111575095427,True,Cruise
1,102,1675460660.0583405,49.517072114491114,0.006439038473451795,False,True,False,False,100000,False,True,False,4.0586400955031925,-0.12570665288753885,9.77381741705278,0.12923931063201302,True,Cruise
1,103,1675460660.1583438,49.517072114491114,0.006439038473451795,False,True,False,False,100000,False,True,False,4.0586400955031925,-0.12570665288753885,9.77381741705278,0.07689032044565407,True,Cruise
1,104,1675460660.2583766,49.86705225213401,-0.0017726366382132233,False,True,False,False,100000,False,True,False,4.062884536114547,-0.042949644109623424,9.773937815176286,0.017783903998280656,True,Cruise
1,105,1675460660.3583586,49.86705225213401,-0.0017726366382132233,False,True,False,False,100000,False,True,False,4.064019697103743,0.04041850268747023,9.773953697257198,0.0833758762658219,True,Cruise
1,106,1675460660.4583397,49.253020456021765,-0.009959727253043178,False,True,False,False,100000,False,True,False,4.064019697103743,0.04041850268747023,9.773953697257198,0.0833758762658219,True,Cruise
1,107,1675460660.5583909,48.82671605957166,0.01564378587237785,False,True,False,False,100000,False,True,False,4.061175980833088,0.06399611028923102,9.774589458785858,0.027126529664440874,True,Cruise
1,108,1675460660.6583626,48.82671605957166,0.01564378587237785,False,True,False,False,100000,False,True,False,4.06082843296594,0.1620751054139819,9.774586987941547,0.13923476192572606,True,Cruise
1,109,1675460660.758395,49.041578200440526,0.012778957327459636,False,True,False,False,100000,False,True,False,4.061227736884665,0.3033375369648135,9.774508547602327,0.21019847470515873,True,Cruise
1,110,1675460660.858368,48.89476501612302,0.014736466451693023,False,True,False,False,100000,False,True,False,4.060736097785702,0.3468487380991036,9.774493653251435,0.04351398114392619,True,Cruise
1,111,1675460660.958346,48.89476501612302,0.014736466451693023,False,True,False,False,100000,False,True,False,4.058770560964563,0.33345832346000803,9.774486178654506,0.013533905388754458,True,Cruise
1,112,1675460661.0583491,49.022673238366316,-0.013031023488449147,False,True,False,False,100000,False,True,False,4.055978317228373,0.37142457679702784,9.774342723634716,0.0264855246457293,True,Cruise
1,113,1675460661.1583612,49.022673238366316,-0.013031023488449147,False,True,False,False,100000,False,True,False,4.058522655640181,0.202673041041692,9.77383654122733,0.09723417023523119,True,Cruise
1,114,1675460661.258392,49.74200086615477,-0.0034399884512697947,False,True,False,False,100000,False,True,False,4.058522655640181,0.202673041041692,9.77383654122733,0.09723417023523119,True,Cruise
1,115,1675460661.3583944,49.74200086615477,-0.0034399884512697947,False,True,False,False,100000,False,True,False,4.059877134001451,-0.020550404311839247,9.773555741491098,0.056191240836527705,True,Cruise
1,116,1675460661.4583113,49.89998825549058,0.0013334899267922512,False,True,False,False,100000,False,True,False,4.057693503304603,-0.09667643188754507,9.773533403955705,0.07615734249855906,True,Cruise
1,117,1675460661.5583613,48.73951312792711,-0.01680649162763854,False,True,False,False,100000,False,True,False,4.0563945729037,-0.02993220550348086,9.77344926556845,0.04759368645780682,True,Cruise
1,118,1675460661.658383,48.73951312792711,-0.01680649162763854,False,True,False,False,100000,False,True,False,4.055978416093682,-0.021627195636558072,9.773318289515423,0.05589746504725525,True,Cruise
1,119,1675460661.7584028,49.080316188689075,-0.012262450817479014,False,True,False,False,100000,False,True,False,4.055096973008194,-0.21545426633574116,9.773316301821053,0.19382907491315643,True,Cruise
1,120,1675460661.8583574,49.080316188689075,-0.012262450817479014,False,True,False,False,100000,False,True,False,4.053022512875499,-0.4037274704184622,9.773323132024526,0.053667186743679186,True,Cruise
1,121,1675460661.95834,48.06519414018858,-0.02579741146415229,False,True,False,False,100000,False,True,False,4.052743992134757,-0.3923049783720245,9.77312059798113,0.053667186743679186,True,Cruise
1,122,1675460662.0584002,48.335951508397564,-0.022187313221365804,False,True,False,False,100000,False,True,False,4.052743992134757,-0.3923049783720245,9.77312059798113,0.011427682109364528,True,Cruise
1,123,1675460662.1584187,48.335951508397564,-0.022187313221365804,False,True,False,False,100000,False,True,False,4.049975583860786,-0.5198877891037172,9.77327620014777,0.15695926865712573,True,Cruise
1,124,1675460662.2583582,48.67046998940917,-0.01772706680787774,False,True,False,False,100000,False,True,False,4.0462851753605005,-0.6203357158877003,9.7732750625341,0.01169294954123379,True,Cruise
1,125,1675460662.3583345,48.67046998940917,-0.01772706680787774,False,True,False,False,100000,False,True,False,4.0462735350328565,-0.6209583671228639,9.773173717871998,0.000630952294880549,True,Cruise
1,126,1675460662.4583483,49.04729891649947,-0.01270268111334041,False,True,False,False,100000,False,True,False,4.0462735350328565,-0.6209583671228639,9.773173717871998,0.000630952294880549,True,Cruise
1,127,1675460662.558483,49.76726860069524,-0.003103085324063548,False,True,False,False,100000,False,True,False,4.052490074914631,-0.5433544434702606,9.772302434333817,0.010150860731177668,True,Cruise
1,128,1675460662.6583552,49.76726860069524,-0.003103085324063548,False,True,False,False,100000,False,True,False,4.054352116068285,-0.5309704181785865,9.772181031739837,0.01252381803894299,True,Cruise
1,129,1675460662.758344,49.8606038125689,-0.00185861583241469,False,True,False,False,100000,False,True,False,4.054352116068285,-0.5309704181785865,9.772181031739837,0.12399152344763242,True,Cruise
1,130,1675460662.8585465,49.8606038125689,-0.00185861583241469,False,True,False,False,100000,False,True,False,4.06182257635193,-0.27827508086396885,9.771867528959865,0.04458863852393639,True,Cruise
1,131,1675460662.9583864,49.264116364358436,-0.009811781808554187,False,True,False,False,100000,False,True,False,4.06182257635193,-0.27827508086396885,9.771867528959865,0.08316310807158378,True,Cruise
1,132,1675460663.0583603,49.82169157246693,0.002377445700440924,False,True,False,False,100000,False,True,False,4.061107275099604,-0.14359620622756647,9.772464885792203,0.051519185205072315,True,Cruise
1,133,1675460663.1583636,49.82169157246693,0.002377445700440924,False,True,False,False,100000,False,True,False,4.057367550040127,-0.13358994126001164,9.773361294613935,0.01694508121253814,True,Cruise
1,134,1675460663.258333,49.55686349965565,0.005908486671257987,False,True,False,False,100000,False,True,False,4.056871354415044,-0.15393459526082512,9.773539864533744,0.15511776164474045,True,Cruise
1,135,1675460663.3583653,49.55686349965565,0.005908486671257987,False,True,False,False,100000,False,True,False,4.061410662793115,0.10174923452163158,9.773349716904884,0.1006064969442208,True,Cruise
1,136,1675460663.458381,49.638593929215055,0.004818747610465954,False,True,False,False,100000,False,True,False,4.061410662793115,0.10174923452163158,9.773349716904884,0.1006064969442208,True,Cruise
1,137,1675460663.558363,49.486395340357056,0.006848062128572579,False,True,False,False,100000,False,True,False,4.062266109395435,0.20663620021985546,9.773788969359769,0.07334078422069024,True,Cruise
1,138,1675460663.6583652,49.486395340357056,0.006848062128572579,False,True,False,False,100000,False,True,False,4.0616946205796305,0.22745932874769784,9.77393298413778,0.020831467096916582,True,Cruise
1,139,1675460663.7584004,49.23334720736968,0.010222037235070897,False,True,False,False,100000,False,True,False,4.059929173303114,0.2722032068533353,9.77424794024862,0.023107960121640837,True,Cruise
1,140,1675460663.858343,49.23334720736968,0.010222037235070897,False,True,False,False,100000,False,True,False,4.059444023709032,0.275866626142379,9.77430325834258,0.0036958180566006023,True,Cruise
1,141,1675460663.958378,49.335190557791556,0.008864125896112641,False,True,False,False,100000,False,True,False,4.059444023709032,0.275866626142379,9.77430325834258,0.0036958180566006023,True,Cruise
1,142,1675460664.0583599,48.479817772300294,-0.020269096369329435,False,True,False,False,100000,False,True,False,4.057655876032488,0.3632867182820843,9.774358533171737,0.008609227782877267,True,Cruise
1,143,1675460664.1583526,48.479817772300294,-0.020269096369329435,False,True,False,False,100000,False,True,False,4.056762841782183,0.35976604913748955,9.774282784105186,0.012116956758028843,True,Cruise
1,144,1675460664.258351,48.479817772300294,-0.020269096369329435,False,True,False,False,100000,False,True,False,4.059003244434389,0.099843473791918,9.773961381480714,0.33700429189653647,True,Cruise
1,145,1675460664.3583684,49.58424995144622,-0.005543333980717093,False,True,False,False,100000,False,True,False,4.0577272032082785,-0.19982811349089055,9.77395644334285,0.07943455207512477,True,Cruise
1,146,1675460664.4583888,48.78083419388156,-0.016255544081579153,False,True,False,False,100000,False,True,False,4.0577272032082785,-0.19982811349089055,9.77395644334285,0.12780946777889057,True,Cruise
1,147,1675460664.5584452,47.99594342375133,-0.02672075434998235,False,True,False,False,100000,False,True,False,4.054458310618693,-0.19023406523924244,9.773792662008075,0.137340599604719,True,Cruise
1,148,1675460664.6584008,47.99594342375133,-0.02672075434998235,False,True,False,False,100000,False,True,False,4.052359559473304,-0.40854247681897526,9.773692390934153,0.12646584979753484,True,Cruise
1,149,1675460664.7583706,48.35540514996093,-0.02192793133385425,False,True,False,False,100000,False,True,False,4.048126654103111,-0.6592132675184383,9.773733377311045,0.18889596353119542,True,Cruise
1,150,1675460664.8583856,48.35540514996093,-0.02192793133385425,False,True,False,False,100000,False,True,False,4.043165093575994,-0.8702225827749464,9.773666673629783,0.08099009796625156,True,Cruise
1,151,1675460664.958346,48.07048178097073,-0.02572690958705691,False,True,False,False,100000,False,True,False,4.043165093575994,-0.8702225827749464,9.773666673629783,0.08099009796625156,True,Cruise
1,152,1675460665.0583372,48.07048178097073,-0.02572690958705691,False,True,False,False,100000,False,True,False,4.043165093575994,-0.8702225827749464,9.773666673629783,0.006089582056057927,True,Cruise
1,153,1675460665.1583521,48.07048178097073,-0.02572690958705691,False,True,False,False,100000,False,True,False,4.042400665150931,-1.012298008896329,9.772640591585345,0.07862604204160754,True,Cruise
1,154,1675460665.2585049,49.637547123322676,-0.004832705022364292,False,True,False,False,100000,False,True,False,4.0415582560037935,-1.0410447615189748,9.772491781597905,0.05778177139931287,True,Cruise
1,155,1675460665.3584428,48.560564574309325,-0.019192472342542368,False,True,False,False,100000,False,True,False,4.040941430280894,-1.0607787082310973,9.772115222793754,0.013398542405998614,True,Cruise
1,156,1675460665.4583669,49.119388977943174,-0.011741480294091035,False,True,False,False,100000,False,True,False,4.041192682287278,-1.1235064900598775,9.771889910517231,0.06272868965913207,True,Cruise
1,157,1675460665.5583937,49.68854046071668,-0.004152793857110966,False,True,False,False,100000,False,True,False,4.0522795351011665,-0.8828689746333733,9.770883914241098,0.24089488198063785,True,Cruise
1,158,1675460665.65838,49.68854046071668,-0.004152793857110966,False,True,False,False,100000,False,True,False,4.054208991001713,-0.794607046632605,9.770766313970457,0.11527937041582088,True,Cruise
1,159,1675460665.7583532,49.81426843067725,-0.00247642092430335,False,True,False,False,100000,False,True,False,4.056417812501951,-0.6980557224435933,9.770697987917432,0.09657661085128774,True,Cruise
1,160,1675460665.8583488,49.81426843067725,-0.00247642092430335,False,True,False,False,100000,False,True,False,4.061759400246444,-0.5234889103799937,9.770571350267197,0.09865511046368015,True,Cruise
1,161,1675460665.9583921,49.70502233478583,-0.003933035536188949,False,True,False,False,100000,False,True,False,4.064045367379809,-0.42486031712470806,9.770647293334928,0.09865511046368015,True,Cruise
1,162,1675460666.058361,49.70502233478583,-0.003933035536188949,False,True,False,False,100000,False,True,False,4.064183696268842,-0.1776840771645163,9.77198798207373,0.03647348619543893,True,Cruise
1,163,1675460666.15835,49.82136965025698,-0.002381737996573596,False,True,False,False,100000,False,True,False,4.063305144866505,-0.13626014858273952,9.772406138786728,0.04143535406813023,True,Cruise
1,164,1675460666.2584236,49.097133007115325,-0.012038226571795718,False,True,False,False,100000,False,True,False,4.319874642731213,0.29644538526134034,9.763023776077985,0.041384629556014615,True,Cruise
1,165,1675460666.3583791,49.097133007115325,-0.012038226571795718,False,True,False,False,100000,False,True,False,4.294294828723623,0.1967217188338855,9.767399257007618,0.009600534154499966,True,Cruise
1,166,1675460666.4583852,49.979201109506505,-0.0002773185399132551,False,True,False,False,100000,False,True,False,4.149873997649436,-0.0937107016857921,9.781142317746314,0.009600534154499966,True,Cruise
1,167,1675460666.5583649,49.979201109506505,-0.0002773185399132551,False,True,False,False,100000,False,True,False,4.108299915560011,-0.1424972122042201,9.784163484816201,0.06416895947891911,True,Cruise
1,168,1675460666.6583607,49.219285321992686,-0.010409529040097532,False,True,False,False,100000,False,True,False,4.03176815802903,-0.2222482922655884,9.790206563811784,0.11069717017829497,True,Cruise
1,169,1675460666.7583554,49.219285321992686,-0.010409529040097532,False,True,False,False,100000,False,True,False,4.062112211381191,-0.03743387411526069,9.783808529409884,0.060491426441480096,True,Cruise
1,170,1675460666.8583453,49.809206772173006,0.002543909704359863,False,True,False,False,100000,False,True,False,4.1054140216904615,-0.1980520371678674,9.777927146817582,0.048140174805324835,True,Cruise
1,171,1675460666.9583387,49.18032941254719,-0.010928941166037421,False,True,False,False,100000,False,True,False,4.100868607950889,-0.31756008741065367,9.777296874068284,0.11959612076750119,True,Cruise
1,172,1675460667.058356,49.18032941254719,-0.010928941166037421,False,True,False,False,100000,False,True,False,4.100868607950889,-0.31756008741065367,9.777296874068284,0.15700455695403898,True,Cruise
1,173,1675460667.1583762,48.100490979979796,-0.02532678693360271,False,True,False,False,100000,False,True,False,4.085588576545147,-0.41465830323873054,9.776477212386716,0.094575332113357,True,Cruise
1,174,1675460667.258362,48.463056435596094,-0.02049258085871876,False,True,False,False,100000,False,True,False,4.0406353996202,-0.11849054217556967,9.776064706703188,0.1384292951350216,True,Cruise
1,175,1675460667.3583596,48.463056435596094,-0.02049258085871876,False,True,False,False,100000,False,True,False,3.999110574740973,-0.5206513677739614,9.777537937916073,0.14398013029671394,True,Cruise
1,176,1675460667.4583406,48.463056435596094,-0.02049258085871876,False,True,False,True,100000,False,True,False,4.0367343035162,-0.6595485098244781,9.772813863032514,0.14398013029671394,True,Cruise
1,177,1675460667.558348,49.92959727273797,0.0009387030301604266,False,True,False,True,100000,False,True,False,4.069354414241952,-0.6223728524849278,9.767509009503504,0.04974175904963829,True,Cruise
1,178,1675460667.6583576,49.682247654836075,-0.004236697935519021,False,True,False,True,100000,False,True,False,5.381838184430108,3.44625534209632,11.798849363338043,4.7331482826830396,True,Cruise
1,179,1675460667.7583375,49.682247654836075,-0.004236697935519021,False,True,False,True,100000,False,True,False,4.69007609278592,-0.7986869463506387,10.406980504796158,2.8973034614803117,True,Cruise
1,180,1675460667.8583508,49.86737612800554,0.0017683182932595343,False,True,False,True,100000,False,True,False,3.8229413225440267,-0.7162108931571123,9.755172731195207,5.668138852178514,True,Cruise
1,181,1675460667.958362,48.36714018709788,0.021771464172028243,False,True,False,True,100000,False,True,False,3.8229413225440267,-0.7162108931571123,9.755172731195207,1.9350074606999998,True,Cruise
1,182,1675460668.058369,48.36714018709788,0.021771464172028243,False,True,False,True,100000,False,True,False,3.8229413225440267,-0.7162108931571123,9.755172731195207,1.9350074606999998,True,Cruise
1,183,1675460668.158343,49.27786431551889,0.009628475793081489,False,True,False,True,100000,False,True,False,4.02941265308127,-0.19383477700097124,9.742639673487176,0.21337429384920442,True,Cruise
1,184,1675460668.2584658,49.31179754109023,0.00917603278546358,False,True,False,True,100000,False,True,False,4.029314854445661,0.1519793373344026,9.750514609001351,0.13269732656191752,True,Cruise
1,185,1675460668.3583505,49.31179754109023,0.00917603278546358,False,True,False,True,100000,False,True,False,4.013749277869495,0.037329950372366645,9.758595834388185,0.07041711932131876,True,Cruise
1,186,1675460668.4583633,49.255797484083345,0.009922700212222076,False,True,False,True,100000,False,True,False,4.0086256100361615,0.10747993608955682,9.761957117673557,0.07041711932131876,True,Cruise
1,187,1675460668.5583878,49.255797484083345,0.009922700212222076,False,True,False,True,100000,False,True,False,4.00796554466614,0.37985659854475856,9.768955602717963,0.27246735718145093,True,Cruise
1,188,1675460668.658363,46.80670426935468,0.04257727640860426,False,True,False,True,100000,False,True,False,4.01083988479818,0.4405999155220827,9.770485462759519,0.104364935423837,True,Cruise
1,189,1675460668.7583396,46.33502821877838,0.04886629041628822,False,True,False,True,100000,False,True,False,3.0322881019515084,0.6611235615013428,9.870741066834396,0.9853557592767477,True,Cruise
1,190,1675460668.8583312,46.33502821877838,0.04886629041628822,False,True,False,True,100000,False,True,False,1.1618693909090807,1.410890093287185,10.018954345792249,0.9872192887827337,True,Cruise
1,191,1675460668.9584396,46.33502821877838,0.04886629041628822,False,True,False,True,100000,False,True,False,-0.25114476894057286,1.3193714459658226,10.127301383914137,1.4201139952176163,True,Cruise
1,192,1675460669.058375,48.38988914073726,0.021468144790169893,False,True,False,True,100000,False,True,False,-0.25114476894057286,1.3193714459658226,10.127301383914137,1.4201139952176163,True,Cruise
1,193,1675460669.1583498,47.995483945713616,0.026726880723818455,False,True,False,True,100000,False,True,False,-0.5051816754982994,2.206992119207363,9.92427355230495,2.0057453666204403,True,Cruise
1,194,1675460669.2583685,47.9429277830115,0.027427629559846706,False,True,False,True,100000,False,True,False,1.9664523765765713,2.1420886277162583,9.648913397501595,1.0746906602656574,True,Cruise
1,195,1675460669.3584163,47.9429277830115,0.027427629559846706,False,True,False,True,100000,False,True,False,2.9437388245749765,2.281591368246134,9.53863661750278,0.12441551341993957,True,Cruise
1,196,1675460669.458406,47.9429277830115,0.027427629559846706,False,True,False,True,100000,False,True,False,2.9437388245749765,2.281591368246134,9.53863661750278,0.0627673246090427,True,Cruise
1,197,1675460669.5583794,48.521578989260725,0.019712280143190368,False,True,False,True,100000,False,True,False,2.958311337954771,2.3145084336518074,9.554390620853416,0.0627673246090427,True,Cruise
1,198,1675460669.65836,49.25778714771237,0.009896171363835131,False,True,False,True,100000,False,True,False,3.01548727607448,2.264062829291586,9.56158090593464,0.0765868598304307,True,Cruise
1,199,1675460669.7584295,49.244466213322056,0.010073783822372593,False,True,False,True,100000,False,True,False,3.3784519775456388,1.939343402413213,9.584378369829869,0.18040833493381506,True,Cruise
1,200,1675460669.8583355,49.244466213322056,0.010073783822372593,False,True,False,True,100000,False,True,False,3.531390892109231,1.7070357179800464,9.594695652546633,0.22748206748643415,True,Cruise
1,201,1675460669.958337,49.987477551535534,-0.00016696597952621015,False,True,False,True,100000,False,True,False,3.9408011241260605,1.3259278170258746,9.642184603004601,0.3366401002415587,True,Cruise
1,202,1675460670.0583918,49.987477551535534,-0.00016696597952621015,False,True,False,True,100000,False,True,False,3.9408011241260605,1.3259278170258746,9.642184603004601,0.13790663896726396,True,Cruise
1,203,1675460670.1583753,49.23614154212931,-0.010184779438275832,False,True,False,True,100000,False,True,False,4.16536477952085,0.996506825569326,9.683242212446718,0.2296025336779867,True,Cruise
1,204,1675460670.2583814,49.23614154212931,-0.010184779438275832,False,True,False,True,100000,False,True,False,4.344072307247108,0.652856569957421,9.728333583571445,0.16102539789669126,True,Cruise
1,205,1675460670.3583875,49.150034862365096,-0.01133286850179872,False,True,False,True,100000,False,True,False,3.6381993209082752,0.3345788218382115,9.849852804773702,0.4326703466791793,True,Cruise
1,206,1675460670.4583628,49.77358738461169,-0.0030188348718441895,False,True,False,True,100000,False,True,False,2.6309950839106255,0.22798701559646897,9.965489015453938,1.01940861356199,True,Cruise
1,207,1675460670.5583494,49.77358738461169,-0.0030188348718441895,False,True,False,True,100000,False,True,False,2.6309950839106255,0.22798701559646897,9.965489015453938,1.321355029721573,True,Cruise
1,208,1675460670.658353,49.248041934112294,-0.0100261075451694,False,True,False,True,100000,False,True,False,1.9998579998501758,-0.05291202037304499,9.998233466930907,0.6625631410263827,True,Cruise
1,209,1675460670.7583883,49.248041934112294,-0.0100261075451694,False,True,False,True,100000,False,True,False,2.3396482921931443,-0.10903708349756394,9.959146452666923,1.3765541502243226,True,Cruise
1,210,1675460670.858405,49.85482475088645,0.0019356699881806318,False,True,False,True,100000,False,True,False,-1.185366051011564,-0.4207886205423379,10.208905001294987,0.3543214163276431,True,Cruise
1,211,1675460670.9583926,49.85482475088645,0.0019356699881806318,False,True,False,True,100000,False,True,False,-1.5027001419665018,-0.5774306257548866,10.191411488519615,0.3543214163276431,True,Cruise
1,212,1675460671.0583951,49.85482475088645,0.0019356699881806318,False,True,False,True,100000,False,True,False,2.0470401818640016,-0.3495580546095566,9.75215961170524,0.3543214163276431,True,Cruise
1,213,1675460671.1583614,49.22505407432251,0.010332612342366562,False,True,False,True,100000,False,True,False,1.9969397125794952,-0.2935720650948636,9.71775866030943,0.18204918130865605,True,Cruise
1,214,1675460671.258361,49.958014695287034,-0.0005598040628395576,False,True,False,True,100000,False,True,False,1.9969397125794952,-0.2935720650948636,9.71775866030943,1.1991905863335484,True,Cruise
1,215,1675460671.3583326,49.958014695287034,-0.0005598040628395576,False,True,False,True,100000,False,True,False,-2.102740290166022,-0.4874160469539196,10.01046752163194,1.288673298018049,True,Cruise
1,216,1675460671.4584396,49.958014695287034,-0.0005598040628395576,False,True,False,True,100000,False,True,False,-0.9925902579982782,-0.2874467379201914,9.854703075259556,1.1387200627156637,True,Cruise
1,217,1675460671.558366,48.225718233886575,-0.02365709021484572,False,True,False,True,100000,False,True,False,-0.9925902579982782,-0.2874467379201914,9.854703075259556,1.1387200627156637,True,Cruise
1,218,1675460671.6582816,49.225595280432394,-0.010325396260901416,False,True,False,True,100000,False,True,False,0.926655019431131,-0.16496193940423753,9.628001420831474,0.4629794432887889,True,Cruise
1,219,1675460671.758358,49.225595280432394,-0.010325396260901416,False,True,False,True,100000,False,True,False,-1.776402841025507,-0.3070588252287949,9.853730724894993,1.2994101247153678,True,Cruise
1,220,1675460671.8583665,49.23803332937179,-0.010159555608376168,False,True,False,True,100000,False,True,False,-3.2072768831423426,-0.21708125827189823,9.93412511885599,0.5482748468995409,True,Cruise
1,221,1675460671.958341,49.23803332937179,-0.010159555608376168,False,True,False,True,100000,False,True,False,-3.106071384876648,-0.27067569898285637,9.894237604830927,0.12126801197936543,True,Cruise
1,222,1675460672.0583365,48.39274526148959,-0.02143006318013886,False,True,False,True,100000,False,True,False,-1.2655940724552983,-0.22164416585655372,9.66691714413758,1.8551106222078146,True,Cruise
1,223,1675460672.1583812,48.818553901083064,-0.015752614652225827,False,True,False,True,100000,False,True,False,-1.599288927366893,-0.27785691057372625,9.696146279790138,0.426540642178426,True,Cruise
1,224,1675460672.2583983,48.818553901083064,-0.015752614652225827,False,True,False,True,100000,False,True,False,-2.4122112370213125,-0.5222583563816805,9.762061314131309,0.8514220692459715,True,Cruise
1,225,1675460672.358348,49.01725198725358,-0.013103306836618967,False,True,False,True,100000,False,True,False,-2.476082438926971,-0.7052215066441455,9.744049598844002,0.3055131332995724,True,Cruise
1,226,1675460672.4583883,49.46567537127598,-0.007124328382987012,False,True,False,True,100000,False,True,False,-1.8815198612667283,-0.6911064257752313,9.685673262281231,0.5975882285758465,True,Cruise
1,227,1675460672.5583665,49.46567537127598,-0.007124328382987012,False,True,False,True,100000,False,True,False,-1.8815198612667283,-0.6911064257752313,9.685673262281231,3.053014342508111,True,Cruise
1,228,1675460672.6583507,49.868593842730085,0.0017520820969321974,False,True,False,True,100000,False,True,False,2.50447568438875,-0.8511129557801566,9.390519191976765,0.526729163595745,True,Cruise
1,229,1675460672.7583673,49.868593842730085,0.0017520820969321974,False,True,False,True,100000,False,True,False,2.8372025747381144,-0.8551896846302626,9.406452222346033,0.3331331036334026,True,Cruise
1,230,1675460672.858358,48.91929088804067,0.014409454826124378,False,True,False,True,100000,False,True,False,0.9645464868326786,-0.585035218904432,9.745066556622199,1.782580978337361,True,Cruise
1,231,1675460672.9583864,48.91929088804067,0.014409454826124378,False,True,False,True,100000,False,True,False,0.9645464868326786,-0.585035218904432,9.745066556622199,1.782580978337361,True,Cruise
1,232,1675460673.0585005,49.798822934432906,0.002682360874227886,False,True,False,True,100000,False,True,False,-2.097087480490288,-0.19376263302932914,10.095903010551131,0.5347168703267134,True,Cruise
1,233,1675460673.158397,49.21481237167299,0.01046916837769345,False,True,False,True,100000,False,True,False,-1.9149441171627903,0.013236302437568213,10.084390767825528,0.27596611353797557,True,Cruise
1,234,1675460673.2583487,49.21481237167299,0.01046916837769345,False,True,False,True,100000,False,True,False,0.16440614075031465,0.02978296377665984,9.917575549344638,0.30051914108393124,True,Cruise
1,235,1675460673.3583646,49.91188262710952,-0.0011748983052063606,False,True,False,True,100000,False,True,False,0.45081530789099705,0.09491271933444934,9.89969419581566,0.30051914108393124,True,Cruise
1,236,1675460673.458343,49.91188262710952,-0.0011748983052063606,False,True,False,True,100000,False,True,False,1.5579070679051499,0.264721728098026,9.811546038095738,0.9982592569792306,True,Cruise
1,237,1675460673.5583577,49.12964409933863,-0.011604745342151637,False,True,False,True,100000,False,True,False,3.2627416928338566,0.31282139180361196,9.713564532167464,0.9982592569792306,True,Cruise
1,238,1675460673.658342,49.12964409933863,-0.011604745342151637,False,True,False,True,100000,False,True,False,2.981399033848922,0.2794722418292697,9.762830451099171,0.28756388566179514,True,Cruise
1,239,1675460673.7583406,49.078450818942,0.012287322414106693,False,True,False,True,100000,False,True,False,-0.42692752687734636,0.39097964070119373,10.097955302320514,1.6161989644118824,True,Cruise
1,240,1675460673.8583474,48.222572489684964,0.023699033470867107,False,True,False,True,100000,False,True,False,-1.585678497322871,0.24051359487552004,10.19016915933104,0.7815677471161886,True,Cruise
1,241,1675460673.9583836,47.70754500394497,-0.030566066614067043,False,True,False,True,100000,False,True,False,-2.50621021308373,0.740108429482352,10.217191554789604,0.2881222371029885,True,Cruise
1,242,1675460674.058361,47.70754500394497,-0.030566066614067043,False,True,False,True,100000,False,True,False,-2.50621021308373,0.740108429482352,10.217191554789604,0.2881222371029885,True,Cruise
1,243,1675460674.1583412,48.59713714190272,-0.01870483810796378,False,True,False,True,100000,False,True,False,-2.9955718022640934,0.7591226387131764,10.10175795128127,0.28316729475380775,True,Cruise
1,244,1675460674.2583597,48.59713714190272,-0.01870483810796378,False,True,False,True,100000,False,True,False,-3.250911423404146,0.970981210735595,10.075481513674024,0.33282552161252793,True,Cruise
1,245,1675460674.358347,48.22355354727993,-0.023685952702934294,False,True,False,True,100000,False,True,False,-1.7772432057038678,-0.3139085599080975,9.846196562476704,0.880450182905231,True,Cruise
1,246,1675460674.45834,48.22355354727993,-0.023685952702934294,False,True,False,True,100000,False,True,False,-1.652617922389859,0.08071761094453028,9.779784339025433,0.7828919824851245,True,Cruise
1,247,1675460674.5583565,48.22355354727993,-0.023685952702934294,False,True,False,True,100000,False,True,False,-1.652617922389859,0.08071761094453028,9.779784339025433,0.7581530985529059,True,Cruise
1,248,1675460674.6584241,47.74563991615819,0.030058134451224128,False,True,False,True,100000,False,True,False,-1.8506203624653528,-0.4655279463502863,9.66692992800578,0.4790437534919185,True,Cruise
1,249,1675460674.758367,47.30471729951103,0.03593710267318619,False,True,False,True,100000,False,True,False,-1.4738031278381964,-0.6544571144416337,9.615539826355603,0.42464856224337033,True,Cruise
1,250,1675460674.858357,46.56755635368814,0.04576591528415817,False,True,False,True,100000,False,True,False,-0.9976255184180208,-0.21747624713060962,9.556915936975031,0.6411573669870225,True,Cruise
1,251,1675460674.9583886,46.56755635368814,0.04576591528415817,False,True,False,True,100000,False,True,False,-2.6717816342846223,-0.15732686156906517,9.709726882162357,0.8212639829590194,True,Cruise
1,252,1675460675.0583804,47.816077400795685,0.029118967989390877,False,True,False,True,100000,False,True,False,-3.8365892755843714,0.2778237369185371,9.789711396247844,1.2460057813220187,True,Cruise
1,253,1675460675.1584156,48.33297525799778,0.02222699656002964,False,True,False,True,100000,False,True,False,-3.8365892755843714,0.2778237369185371,9.789711396247844,1.2460057813220187,True,Cruise
1,254,1675460675.2583454,48.33297525799778,0.02222699656002964,False,True,False,True,100000,False,True,False,-1.376897807688996,0.7288625777402203,9.556052029367661,1.3911313812440187,True,Cruise
1,255,1675460675.3583386,49.48494252111158,0.0068674330518456545,False,True,False,True,100000,False,True,False,1.4377719591631033,0.7508977356335493,9.348725596843144,1.2181735486220895,True,Cruise
1,256,1675460675.4583702,49.48494252111158,0.0068674330518456545,False,True,False,True,100000,False,True,False,2.72757528097104,1.1322319027872716,9.325444250500071,0.5329206359417741,True,Cruise
1,257,1675460675.5583663,48.40123918425361,0.021316810876618464,False,True,False,True,100000,False,True,False,2.72757528097104,1.1322319027872716,9.325444250500071,0.5329206359417741,True,Cruise
1,258,1675460675.6583588,49.98602010418798,-0.00018639861082698765,False,True,False,True,100000,False,True,False,2.0913205323418604,1.3759087910062249,9.575182371384141,0.7256498191469208,True,Cruise
1,259,1675460675.7583559,49.98602010418798,-0.00018639861082698765,False,True,False,True,100000,False,True,False,0.8381122073746126,1.5973723839503229,9.79027461213202,0.8333114682735858,True,Cruise
1,260,1675460675.8583412,48.68298517450897,-0.017560197673213734,False,True,False,True,100000,False,True,False,3.35718632179077,1.1564858339948327,9.702390766036297,0.7954183239721894,True,Cruise
1,261,1675460675.9583564,48.68298517450897,-0.017560197673213734,False,True,False,True,100000,False,True,False,2.9171826349808962,0.9270901486243734,9.802012399267769,0.5061127292220282,True,Cruise
1,262,1675460676.0583096,48.6739636556684,-0.017680484591087977,False,True,False,False,100000,False,True,False,1.6775251809175602,0.4786414415191902,9.9964146377999,1.332534831314141,True,Cruise
1,263,1675460676.1583998,49.27008716445492,-0.009732171140600997,False,True,False,False,100000,False,True,False,0.38510556519478895,0.4578060447901805,10.156374564593486,0.48784182899625933,True,Cruise
1,264,1675460676.2583528,49.27008716445492,-0.009732171140600997,False,True,False,False,100000,False,True,False,0.6263305717734852,0.17958854425982806,10.139855134513637,0.26060823426377216,True,Cruise
1,265,1675460676.3583484,48.859809664120604,0.015202537811725267,False,True,False,False,100000,False,True,False,1.7491475674310955,-0.10425542458369222,10.028473912488662,1.1634823509646375,True,Cruise
1,266,1675460676.4583895,48.859809664120604,0.015202537811725267,False,True,False,False,100000,False,True,False,3.3888745452819613,-0.44172011439176123,9.884939303096134,0.691817333711132,True,Cruise
1,267,1675460676.5583427,49.09214301836715,0.012104759755104675,False,True,False,True,100000,False,True,False,3.3888745452819613,-0.44172011439176123,9.884939303096134,0.691817333711132,True,Cruise
1,268,1675460676.6583476,45.56131520803125,0.05918246389291667,False,True,False,True,100000,False,True,False,0.6130633904237456,-0.4011125867618338,10.127668885828069,2.786699515388901,True,Cruise
1,269,1675460676.7584057,45.56131520803125,0.05918246389291667,False,True,False,True,100000,False,True,False,0.6864650326757789,-0.6700844896153295,10.052434978908089,0.9387474670300777,True,Cruise
1,270,1675460676.8583615,47.63515870372174,0.03153121728371011,False,True,False,True,100000,False,True,False,0.8431281692984703,-0.6055279737296577,9.991084732031133,0.16409371793157657,True,Cruise
1,271,1675460676.9583552,47.63515870372174,0.03153121728371011,False,True,False,True,100000,False,True,False,-1.4905102271705637,0.6652218907933355,10.132413408410251,1.29291303195612,True,Cruise
1,272,1675460677.058358,45.64385430217598,0.058081942637653594,False,True,True,True,100000,False,True,False,-1.4905102271705637,0.6652218907933355,10.132413408410251,1.29291303195612,True,Cruise
1,273,1675460677.1583397,48.423905263981524,0.02101459648024633,False,True,True,True,100000,False,True,False,-3.30692143160333,0.8119709760041041,10.12355432668548,1.8223510751027356,True,Cruise
1,274,1675460677.2583766,48.423905263981524,0.02101459648024633,False,True,True,True,100000,False,True,False,-3.7236163877899213,1.313757997496958,10.03115298784792,0.6557801867259412,True,Cruise
1,275,1675460677.358366,45.96235182437228,0.05383530900836966,False,True,True,True,100000,False,True,False,-2.0707116395411944,2.536514802181807,9.742276314819794,1.7337169113932671,True,Cruise
1,276,1675460677.4584045,45.96235182437228,0.05383530900836966,False,True,True,True,100000,False,True,False,-1.1083294623857125,1.985160864983749,9.604247246409136,0.7971320147464573,True,Cruise
1,277,1675460677.5583904,47.49286631099856,0.033428449186685846,False,True,True,True,100000,False,True,False,-1.1083294623857125,1.985160864983749,9.604247246409136,0.7971320147464573,True,Cruise
1,278,1675460677.6583378,49.26885434940829,-0.009748608674556155,False,True,True,True,100000,False,True,False,-3.8965585612687694,3.259738832662559,9.713278178242366,0.22047209480105961,True,Cruise
1,279,1675460677.7583377,49.26885434940829,-0.009748608674556155,False,True,True,True,100000,False,True,False,-1.830729310381233,2.9144040228404755,9.467485225858638,1.8030883584995692,True,Cruise
1,280,1675460677.8583653,49.845979746020106,0.002053603386398582,False,True,True,True,100000,False,True,False,-0.16556226476665756,2.2091804930195518,9.31978934154334,1.8143691992142987,True,Cruise
1,281,1675460677.9583757,49.845979746020106,0.002053603386398582,False,True,True,True,100000,False,True,False,1.850224957360816,1.603358735104266,9.18801991386357,0.8130222870188871,True,Cruise
1,282,1675460678.058383,44.42429554193598,-0.07434272610752027,False,True,True,True,100000,False,True,False,1.850224957360816,1.603358735104266,9.18801991386357,0.8130222870188871,True,Cruise
1,283,1675460678.1583424,45.207195086376096,-0.06390406551498544,False,True,True,True,100000,False,True,False,2.810638279411401,1.357146380931943,9.253299676826359,0.9936174917803108,True,Cruise
1,284,1675460678.2583349,45.207195086376096,-0.06390406551498544,False,True,True,True,100000,False,True,False,-1.2709590333726302,-0.3129506742411272,9.791211121598032,1.6337823857166585,True,Cruise
1,285,1675460678.3583567,45.207195086376096,-0.06390406551498544,False,True,True,True,100000,False,True,False,-1.9024811491060782,-1.0151170117452701,9.884844995098096,1.6337823857166585,True,Cruise
1,286,1675460678.4583755,45.1178219366861,-0.06509570751085202,False,True,True,True,100000,False,True,False,-2.3873756677053306,-1.2576699384394234,9.958171993899898,1.6337823857166585,True,Cruise
1,287,1675460678.5583315,44.728633255671575,-0.07028488992437902,False,True,True,True,100000,False,True,False,-2.737491315017172,-1.4570897568649415,10.01157587569632,0.4064495110888711,True,Cruise
1,288,1675460678.6583412,45.657632033378526,-0.057898239554952984,False,True,True,True,100000,False,True,False,-3.163613929819306,-2.495926657579727,10.07489279629544,0.35442033530475325,True,Cruise
1,289,1675460678.7583385,45.657632033378526,-0.057898239554952984,False,True,True,True,100000,False,True,False,-3.261490364296938,-3.2460197946096585,10.075306058791995,0.4168031553403843,True,Cruise
1,290,1675460678.8583517,45.40125345966074,-0.061316620537856865,False,True,True,True,100000,False,True,False,-3.0487510739911654,-3.7086116507486926,10.027252994147757,0.2692929009261652,True,Cruise
1,291,1675460678.9583495,45.40125345966074,-0.061316620537856865,False,True,True,True,100000,False,True,False,-3.0697496070816017,-3.6080842090520475,10.000481838370016,0.3222725629652076,True,Cruise
1,292,1675460679.0583417,44.92642768604035,-0.06764763085279533,False,True,True,True,100000,False,True,False,-3.0697496070816017,-3.6080842090520475,10.000481838370016,0.3222725629652076,True,Cruise
1,293,1675460679.1583357,44.92642768604035,-0.06764763085279533,False,True,True,True,100000,False,True,False,-3.0697496070816017,-3.6080842090520475,10.000481838370016,0.21495514159421986,True,Cruise
1,294,1675460679.2583308,48.95267344632113,-0.013964354049051678,False,True,True,True,100000,False,True,False,-3.4382873388496944,-3.5192000527611906,9.917147758901505,0.40134575061801064,True,Cruise
1,295,1675460679.3583384,46.18453677037791,-0.05087284306162787,False,True,True,True,100000,False,True,False,-3.7671372117436857,-3.4771201803004197,9.91754380319119,0.33153146369505915,True,Cruise
1,296,1675460679.4584062,46.18453677037791,-0.05087284306162787,False,True,True,True,100000,False,True,False,0.08381831821882411,-2.830423770610969,9.50320156508019,1.8262823156498469,True,Cruise
1,297,1675460679.558414,45.91435506715434,-0.05447526577127547,False,True,True,True,100000,False,True,False,0.08381831821882411,-2.830423770610969,9.50320156508019,1.8262823156498469,True,Cruise
1,298,1675460679.6583705,47.184466692033126,-0.03754044410622497,False,True,True,True,100000,False,True,False,-0.325635801674764,-2.64263643429587,9.586343606136701,0.18889566746656886,True,Cruise
1,299,1675460679.7583406,47.184466692033126,-0.03754044410622497,False,True,True,True,100000,False,True,False,-0.938727315043954,-2.4030889558900217,9.659245059643,0.6622528369884534,True,Cruise
1,300,1675460679.8583329,47.07979725409313,-0.03893603661209161,False,True,True,True,100000,False,True,False,2.11037834971798,-1.687424343380734,9.44811091464842,0.9383856076719735,True,Cruise
1,301,1675460679.9583905,47.07979725409313,-0.03893603661209161,False,True,True,True,100000,False,True,False,2.787090299856743,-1.6830385187152919,9.42994591911572,0.6769699151227523,True,Cruise
1,302,1675460680.0583942,46.60389103765148,-0.045281452831313615,False,True,True,True,100000,False,True,False,2.787090299856743,-1.6830385187152919,9.42994591911572,0.6769699151227523,True,Cruise
1,303,1675460680.1583383,46.60389103765148,-0.045281452831313615,False,True,True,True,100000,False,True,False,3.9347325955501047,-1.742042490509369,9.504367604899409,1.1515654105897293,True,Cruise
1,304,1675460680.2583833,46.6394940818243,-0.04480674557567597,False,True,True,True,100000,False,True,False,0.19612484761986626,-1.8902437176390408,9.955656108086364,1.8222015488040917,True,Cruise
1,305,1675460680.3583984,49.96983416485376,0.0004022111352832634,False,True,True,True,100000,False,True,False,-0.1183992729732661,-2.1321747886794626,10.021634002607554,0.5229402825775332,True,Cruise
1,306,1675460680.4583757,49.96983416485376,0.0004022111352832634,False,True,True,True,100000,False,True,False,0.5705778587943232,-2.2725140979246072,9.996427653606755,0.27209334343652536,True,Cruise
1,307,1675460680.558403,47.43164374419781,-0.034244750077362614,False,True,True,True,100000,False,True,False,0.5705778587943232,-2.2725140979246072,9.996427653606755,0.27209334343652536,True,Cruise
1,308,1675460680.658337,49.11433015752539,-0.011808931232994804,False,True,True,True,100000,False,True,False,3.5994148312755483,-1.5745899211781023,9.774551320859059,0.2737402107615729,True,Cruise
1,309,1675460680.7583659,49.11433015752539,-0.011808931232994804,False,True,True,True,100000,False,True,False,4.007947452315737,-1.921018026235379,9.781209788616485,0.48146540922339953,True,Cruise
1,310,1675460680.8583524,47.6351921043404,-0.03153077194212802,False,True,True,True,100000,False,True,False,4.254140297279672,-2.1717691265272676,9.79657408636772,0.20370232720394021,True,Cruise
1,311,1675460680.9583366,47.6351921043404,-0.03153077194212802,False,True,True,True,100000,False,True,False,4.240184447696074,-1.36524556258728,9.83054919547606,0.33429649150906604,True,Cruise
1,312,1675460681.0583463,48.33770166668395,-0.022163977777547382,False,True,True,True,100000,False,True,False,4.240184447696074,-1.36524556258728,9.83054919547606,4.080378839668787,True,Cruise
1,313,1675460681.15841,48.014190419846805,0.026477461068709286,False,True,True,True,100000,False,True,False,0.18045840639180177,-1.1903753882412662,10.201408153702673,1.0689493424727146,True,Cruise
1,314,1675460681.2584023,48.014190419846805,0.026477461068709286,False,True,True,True,100000,False,True,False,2.3042405601258578,-1.1486776569206258,9.960270491445511,1.070734418232474,True,Cruise
1,315,1675460681.3583672,48.90505264432489,0.014599298075668123,False,True,True,True,100000,False,True,False,1.7313369132505603,-0.3022244524009859,9.983276559585022,0.49815686699276884,True,Cruise
1,316,1675460681.458392,49.679755279828505,-0.004269929602286578,False,True,False,True,100000,False,True,False,1.9276078678902855,-0.17485582162209867,9.901677308505795,0.6353227314548202,True,Cruise
1,317,1675460681.5583577,49.679755279828505,-0.004269929602286578,False,True,False,True,100000,False,True,False,3.263152191851991,-0.2980467717368774,9.723284596620012,1.3530257244821604,True,Cruise
1,318,1675460681.65834,49.42030286113444,-0.007729295184874124,False,True,False,True,100000,False,True,False,3.4086358424092453,-0.024758718600597994,9.696682509356995,0.3107402832161166,True,Cruise
1,319,1675460681.7583902,49.42030286113444,-0.007729295184874124,False,True,False,True,100000,False,True,False,3.4675642406705403,-0.07300395671975113,9.680836748140424,0.0777897632812195,True,Cruise
1,320,1675460681.8583982,49.8755177904563,-0.0016597627939160487,False,True,False,True,100000,False,True,False,3.5195910378063755,0.08366227297402812,9.659433785772764,0.056565904399999,True,Cruise
1,321,1675460681.958381,49.556166031033214,0.0059177862528904815,False,True,False,True,100000,False,True,False,3.555926914071485,0.1308748672929165,9.655585865480804,0.05970034720876057,True,Cruise
1,322,1675460682.0583785,49.556166031033214,0.0059177862528904815,False,True,False,True,100000,False,True,False,2.18380227929299,0.7774083704960245,9.766740338659492,1.5231612047844192,True,Cruise
1,323,1675460682.158343,49.556166031033214,0.0059177862528904815,False,True,False,True,100000,False,True,False,1.3925957524868806,0.7540436113194473,9.833991615851334,0.7944031812095796,True,Cruise
1,324,1675460682.258401,49.86843459125867,0.0017542054498844249,False,True,False,True,100000,False,True,False,0.6724370499053021,0.6648132523985977,9.891533510919034,0.25402652342401133,True,Cruise
1,325,1675460682.3584,48.596571890176214,0.018712374797650432,False,True,False,True,100000,False,True,False,0.5638090776140461,0.6148444135394667,9.894029454324214,0.25402652342401133,True,Cruise
1,326,1675460682.4583588,48.596571890176214,0.018712374797650432,False,True,False,True,100000,False,True,False,0.4171364776782211,0.49382382449525264,9.904890315324002,1.1002975182683241,True,Cruise
1,327,1675460682.558363,49.123063165597316,0.01169249112536913,False,True,False,True,100000,False,True,False,-1.7202522005218512,0.5767176978386741,10.060134950378767,0.7062674244986861,True,Cruise
1,328,1675460682.658373,49.74404304915639,0.0034127593445815118,False,True,False,True,100000,False,True,False,-1.9237026966328046,0.8551085846050445,10.007078443464872,0.5190348937536207,True,Cruise
1,329,1675460682.7583523,49.74404304915639,0.0034127593445815118,False,True,False,True,100000,False,True,False,0.13545985642076713,0.5408360268910188,9.760091766209298,1.1929818521501292,True,Cruise
1,330,1675460682.8583615,49.626828197636655,0.004975624031511319,False,True,False,True,100000,False,True,False,2.1143160242062944,0.45499020541997626,9.565663126749975,0.8007230494173984,True,Cruise
1,331,1675460682.9583495,49.770731400525605,0.0030569146596586454,False,True,False,True,100000,False,True,False,2.024455681468146,0.3014846606228678,9.58015760988736,0.17846266702561214,True,Cruise
1,332,1675460683.0584338,49.770731400525605,0.0030569146596586454,False,True,False,True,100000,False,True,False,2.024455681468146,0.3014846606228678,9.58015760988736,0.17846266702561214,True,Cruise
1,333,1675460683.1583521,49.20950373767496,0.010539950164333867,False,True,False,True,100000,False,True,False,0.6426942390535225,0.4528983099060736,9.712411644129432,0.1346204602372932,True,Cruise
1,334,1675460683.258341,49.20950373767496,0.010539950164333867,False,True,False,True,100000,False,True,False,0.3974683702057658,0.538119343877088,9.738568278276421,0.26092627482322556,True,Cruise
1,335,1675460683.358357,49.15587880453276,0.011254949272896516,False,True,False,True,100000,False,True,False,-1.8158151142214514,0.4699262032198691,9.939027899809084,0.7332519962358166,True,Cruise
1,336,1675460683.4583719,49.15587880453276,0.011254949272896516,False,True,False,True,100000,False,True,False,-2.5466604456763533,0.44050788575092537,9.990585189028756,0.7332519962358166,True,Cruise
1,337,1675460683.5583928,48.95535734534937,0.013928568728675043,False,True,False,True,100000,False,True,False,-2.5466604456763533,0.44050788575092537,9.990585189028756,0.7332519962358166,True,Cruise
1,338,1675460683.6583729,49.28331042991547,0.00955586093446042,False,True,False,True,100000,False,True,False,-2.095796731086375,0.4794750549794632,9.876308061495005,0.3242462041704623,True,Cruise
1,339,1675460683.758353,49.28331042991547,0.00955586093446042,False,True,False,True,100000,False,True,False,-1.4655556317977556,0.500816900296012,9.780340382712799,0.5122290626222261,True,Cruise
1,340,1675460683.8583727,49.434394753790095,0.007541403282798749,False,True,False,True,100000,False,True,False,1.2857457765971028,0.5952448580028767,9.542613835727765,0.14886981182882564,True,Cruise
1,341,1675460683.958394,49.75525485351714,0.003263268619771516,False,True,False,True,100000,False,True,False,1.2857457765971028,0.5952448580028767,9.542613835727765,0.14886981182882564,True,Cruise
1,342,1675460684.05835,49.75525485351714,0.003263268619771516,False,True,False,True,100000,False,True,False,0.8577061262327161,0.6003500786217346,9.643340810612948,0.4397612181981873,True,Cruise
1,343,1675460684.1583889,49.625091356472446,0.00499878191370071,False,True,False,True,100000,False,True,False,1.4098876567331171,0.627029327730232,9.606436436260573,0.5785320707567929,True,Cruise
1,344,1675460684.2583518,49.625091356472446,0.00499878191370071,False,True,False,True,100000,False,True,False,0.9915654817557502,0.477643641772783,9.713620871915827,1.0030025996516128,True,Cruise
1,345,1675460684.3583531,49.22429514844301,0.010342731354093108,False,True,False,True,100000,False,True,False,0.39513275665411646,0.5186545721827702,9.805405185211887,0.19891073857615157,True,Cruise
1,346,1675460684.4583716,49.757158609992366,0.0032378852001017843,False,True,False,True,100000,False,True,False,0.33581360259383336,0.5009783865452688,9.829349268935383,0.0663666235579059,True,Cruise
1,347,1675460684.5584157,49.757158609992366,0.0032378852001017843,False,True,False,True,100000,False,True,False,-0.13264104756324577,0.5085815242147282,9.885180281210776,0.4718311868538441,True,Cruise
1,348,1675460684.6583369,49.73695913167512,0.0035072115776650305,False,True,False,True,100000,False,True,False,2.26084493759273,0.4767831551994739,9.697890043633453,0.3620509750651119,True,Cruise
1,349,1675460684.7584398,49.73695913167512,0.0035072115776650305,False,True,False,True,100000,False,True,False,1.9192682270012291,0.37187154755389845,9.756197966836986,0.3620509750651119,True,Cruise
1,350,1675460684.85835,48.01867471321339,0.0264176704904881,False,True,False,True,100000,False,True,False,1.0449520040677382,0.30892413876386926,9.861315362698836,0.4226442294507385,True,Cruise
1,351,1675460684.9583752,48.995360910449016,0.013395187860679822,False,True,False,True,100000,False,True,False,0.7315553802492102,0.30545879248090585,9.897633550319169,2.212895400271742,True,Cruise
1,352,1675460685.0583599,48.995360910449016,0.013395187860679822,False,True,False,True,100000,False,True,False,-2.2015845356226524,0.5229841327887356,10.146363593774158,0.5313357485519581,True,Cruise
1,353,1675460685.158344,48.89309225464301,0.014758769938093249,False,True,False,True,100000,False,True,False,-2.6005958123596256,0.7087825111821203,10.12275662170002,0.13008100803802272,True,Cruise
1,354,1675460685.2583604,48.747843251769055,0.016695423309745903,False,True,False,True,100000,False,True,False,-2.3246222624838815,0.6217997728399415,10.028938604534714,0.2920757140688572,True,Cruise
1,355,1675460685.3584337,48.747843251769055,0.016695423309745903,False,True,False,True,100000,False,True,False,-1.0995244513255245,0.6089863090749004,9.854392708225156,0.5458104474996136,True,Cruise
1,356,1675460685.458356,48.218006161315046,0.023759917849132683,False,True,False,True,100000,False,True,False,-1.5367146152112412,0.7156262518520166,9.837229731124824,0.4503353023879796,True,Cruise
1,357,1675460685.5583627,48.218006161315046,0.023759917849132683,False,True,False,True,100000,False,True,False,-1.2603903986777956,0.7804263809074413,9.787314192532303,0.7705258416983816,True,Cruise
1,358,1675460685.658348,49.50075775436629,0.00665656327511621,False,True,False,True,100000,False,True,False,-3.380149941190336,1.0896843469545747,9.900662953892114,0.5997171093091666,True,Cruise
1,359,1675460685.7583342,49.502887725019114,0.006628163666411826,False,True,False,True,100000,False,True,False,-3.1667810335115276,1.0916608046869278,9.843988285095174,1.7141868447968385,True,Cruise
1,360,1675460685.8583465,49.502887725019114,0.006628163666411826,False,True,False,True,100000,False,True,False,0.09075599527379472,0.9470206401556526,9.50816110913264,1.5639875700065227,True,Cruise
1,361,1675460685.9583778,49.502887725019114,0.006628163666411826,False,True,True,False,100000,False,True,False,0.09075599527379472,0.9470206401556526,9.50816110913264,1.5639875700065227,True,Cruise
1,362,1675460686.0583754,49.22786379636524,0.00263907350110802,False,True,True,False,100000,False,True,False,2.4390879582365943,0.9415275334222495,9.343168112663001,2.354127411882868,True,Cruise
1,363,1675460686.1583488,49.8020694874169,0.00263907350110802,False,True,True,False,100000,False,True,False,3.0297300398533356,0.8274598475717464,9.405985214273795,0.15510855445667932,True,Cruise
1,364,1675460686.2583728,49.428093275379545,0.007625422994939419,False,True,True,False,100000,False,True,False,3.192979924677835,0.8224643806940487,9.43966366356031,0.249911394477229,True,Cruise
1,365,1675460686.3583467,49.428093275379545,0.007625422994939419,False,True,True,False,100000,False,True,False,3.1335147638233045,0.4435130879633216,9.554879679217382,0.339512480206867,True,Cruise
1,366,1675460686.4583685,49.41861335896639,0.007751821880448109,False,True,True,True,100000,False,True,False,3.1335147638233045,0.4435130879633216,9.554879679217382,3.7018833849594888,True,Cruise
1,367,1675460686.5583684,49.41861335896639,0.007751821880448109,False,True,True,True,100000,False,True,False,-0.5387191581967696,0.5545241363577815,10.009098970902082,0.25596418623652006,True,Cruise
1,368,1675460686.6583612,49.804576313394435,0.0026056491547408614,False,True,True,True,100000,False,True,False,-0.2936169183944478,0.4808409386018403,10.005446157182782,0.4482631612935349,True,Cruise
1,369,1675460686.7583628,49.663931918083236,-0.004480907758890155,False,True,True,True,100000,False,True,False,0.7952543331361768,0.3185032241007096,9.95611131104546,0.26076106543824057,True,Cruise
1,370,1675460686.8583906,49.663931918083236,-0.004480907758890155,False,True,True,True,100000,False,True,False,2.516956219641951,0.17595888191706868,9.826397351462694,0.6305361973044749,True,Cruise
1,371,1675460686.9584067,49.78140448257364,-0.0029146068990181075,False,True,True,True,100000,False,True,False,2.516956219641951,0.17595888191706868,9.826397351462694,0.6305361973044749,True,Cruise
1,372,1675460687.058429,49.78140448257364,-0.0029146068990181075,False,True,True,True,100000,False,True,False,1.7254169691267829,0.10205536640681491,9.930748881043918,0.3049369321143657,True,Cruise
1,373,1675460687.1584148,49.764144771561504,0.0031447363791799366,False,True,True,True,100000,False,True,False,1.078033294191616,0.03325302963135383,9.991991615770132,0.29432600253968544,True,Cruise
1,374,1675460687.258418,49.67499845223185,0.004333353970242099,False,True,True,True,100000,False,True,False,0.791001665490716,-0.02978071317203417,10.00834359315808,0.29432600253968544,True,Cruise
1,375,1675460687.3583782,49.67499845223185,0.004333353970242099,False,True,True,True,100000,False,True,False,0.3192329640658427,-0.06200304206789254,10.018824656155278,0.15333008194080297,True,Cruise
1,376,1675460687.4583476,49.555608318683184,0.005925222417557518,False,True,True,True,100000,False,True,False,0.3192329640658427,-0.06200304206789254,10.018824656155278,0.5923056641939833,True,Cruise
1,377,1675460687.55835,49.908218214099456,0.001223757145340591,False,True,True,True,100000,False,True,False,-0.9958062218944186,-0.09374916248559903,10.034834851764876,0.13554476521266326,True,Cruise
1,378,1675460687.6583462,49.94447476964372,0.0007403364047503884,False,True,True,True,100000,False,True,False,0.3194426859092938,-0.01706516816019555,9.834793273538587,1.2031444281128245,True,Cruise
1,379,1675460687.7583406,49.94447476964372,0.0007403364047503884,False,True,True,True,100000,False,True,False,1.3975571941825908,-0.041460423357123986,9.716293543420184,0.23119060238247294,True,Cruise
1,380,1675460687.8583457,49.94447476964372,0.0007403364047503884,False,True,True,True,100000,False,True,False,1.4442209350678739,-0.024088581924727834,9.69105983639391,0.23119060238247294,True,Cruise
1,381,1675460687.9583473,49.87052366404557,0.0017263511460590994,False,True,True,True,100000,False,True,False,0.4371388150446971,0.11431370804856951,9.759163090148043,1.0188266012978504,True,Cruise
1,382,1675460688.0583448,49.53335879902943,-0.006221882679607629,False,True,True,True,100000,False,True,False,-0.07992702207987379,0.15175787588469353,9.779540466550646,0.1876634220826825,True,Cruise
1,383,1675460688.1584544,49.19250614691737,-0.010766584707768478,False,True,True,True,100000,False,True,False,-2.1943109808916406,0.15072033374997545,9.923288336459727,0.5714700494684387,True,Cruise
1,384,1675460688.2583508,49.19250614691737,-0.010766584707768478,False,True,True,True,100000,False,True,False,-2.2370496670544977,-0.03403698071361215,9.900527062497456,0.40785639169883103,True,Cruise
1,385,1675460688.3583431,49.606095487588135,-0.005252060165491498,False,False,True,True,100000,False,True,False,-2.6440550397440745,-0.01339845776006884,9.916882924495683,0.40785639169883103,True,Cruise
1,386,1675460688.4583447,49.606095487588135,-0.005252060165491498,False,False,True,True,100000,False,True,False,-1.9754496913263595,-0.13925940201008175,9.771998531000454,0.695604468573024,True,Cruise
1,387,1675460688.5583477,49.442106470003424,-0.007438580399954373,False,False,True,True,100000,False,True,False,-0.3649771758228527,-0.17908655082363767,9.60635648433629,1.3361910690635865,True,Cruise
1,388,1675460688.6584044,49.442106470003424,-0.007438580399954373,False,False,True,True,100000,False,True,False,1.575243825483718,-0.1124986611087033,9.447277919887606,1.3522232938669096,True,Cruise
1,389,1675460688.7583637,49.8535990619766,-0.0019520125069786938,False,False,True,True,100000,False,True,False,-0.22180465937088104,-0.35204030198595637,9.638492586257168,0.4780118959089589,True,Cruise
1,390,1675460688.8583558,49.7890466348974,-0.0028127115347012658,False,False,True,True,100000,False,True,False,-0.43708951531105966,-0.44531278842974864,9.668774051478668,0.23656773461432085,True,Cruise
1,391,1675460688.9583352,49.71209874695367,-0.003838683373951073,False,False,True,True,100000,False,True,False,1.6811284909098205,-0.3896846923826273,9.5760026345665,0.22283139860197237,True,Cruise
1,392,1675460689.0583427,49.71209874695367,-0.003838683373951073,False,False,True,True,100000,False,True,False,0.7565483563468405,-0.46963948360648866,9.695806033687788,0.9357318249953691,True,Cruise
1,393,1675460689.1583445,49.5318143793941,-0.006242474941411982,False,False,True,True,100000,False,True,False,-0.25064324870557714,-0.49726321915522453,9.828039896820018,0.11378770630313223,True,Cruise
