repetition,iteration,time,speed,steering,obstacle_North,obstacle_NorthWest,obstacle_SouthWest,obstacle_West,obstacle_distance,follow_enable,steady_motion_enable,passing_start,accel_x,accel_y,accel_z,accel_diff,success,action
1,1,1675460992.7492821,0.0,0.0,False,True,False,True,100000,False,True,False,0.026230472446473863,1.7594510058717348e-13,9.796104707491304,0.0014539075176268211,True,Cruise
1,2,1675460992.7494028,0.0,0.0,False,True,False,True,100000,False,True,False,0.026230472446473863,1.7594510058717348e-13,9.796104707491304,0.0014539075176268211,True,Cruise
1,3,1675460992.8495514,0.0,0.0,False,True,False,True,100000,False,True,False,0.026230472446473863,1.7594510058717348e-13,9.796104707491304,0.0019198682606113378,True,Cruise
1,4,1675460992.9495769,49.97109659949344,0.0003853786734207803,False,True,False,True,100000,False,True,False,0.024195174936089477,3.508569943957615e-14,9.797587888759201,0.9908086420816323,True,Cruise
1,5,1675460993.0496955,49.728399779393165,0.0036213362747578364,False,True,False,True,100000,False,True,False,2.595373912192429,0.000790100770958316,9.588681446449607,0.6775438317814061,True,Cruise
1,6,1675460993.1495945,49.93406202691468,-0.0008791729744709112,False,True,False,True,100000,False,True,False,3.314355600057299,0.004669834334988991,9.572133553945672,0.2727747475665188,True,Cruise
1,7,1675460993.2496195,49.93406202691468,-0.0008791729744709112,False,True,False,True,100000,False,True,False,3.478688507257084,0.020979786846718536,9.586311934704955,0.16574783685050984,True,Cruise
1,8,1675460993.3495758,49.93406202691468,-0.0008791729744709112,False,True,False,False,100000,False,True,False,3.6845686584176245,-0.005694507817236894,9.631149822438474,0.2123878311347195,True,Cruise
1,9,1675460993.4496047,49.46651595931135,-0.00711312054251527,False,True,False,False,100000,False,True,False,3.781642075251517,-0.005715719983869786,9.655585984666613,0.10010182181260574,True,Cruise
1,10,1675460993.549626,49.207600869876124,0.010565321734985068,False,True,False,False,100000,False,True,False,3.9996768538546794,0.016040085198796107,9.702980560954321,0.1195679532196013,True,Cruise
1,11,1675460993.64956,49.92671358425662,-0.0009771522099117785,False,True,False,False,100000,False,True,False,4.224359236964954,-0.01706678231305499,9.748034290420168,0.11282062389713624,True,Cruise
1,12,1675460993.7495372,49.92671358425662,-0.0009771522099117785,False,True,False,False,100000,False,True,False,4.4163870899668725,0.04979475104189932,9.791227652696765,0.14892070531434684,True,Cruise
1,13,1675460993.8495643,49.92671358425662,-0.0009771522099117785,False,True,False,False,100000,False,True,False,4.4163870899668725,0.04979475104189932,9.791227652696765,0.151861494211603,True,Cruise
1,14,1675460993.9495664,49.77733636839326,-0.002968848421423265,False,True,False,False,100000,False,True,False,4.603401154683374,-0.003250444962341246,9.849994587296795,0.03855781358998597,True,Cruise
1,15,1675460994.0495656,49.36015706445066,0.008531239140657843,False,True,False,False,100000,False,True,False,4.659921489433329,0.0016089449156533148,9.882019646716733,0.03855781358998597,True,Cruise
1,16,1675460994.1495895,49.83620661074533,0.002183911856729015,False,True,False,False,100000,False,True,False,4.669322768481835,-0.008626928723974298,9.906084044305121,0.011127408735646972,True,Cruise
1,17,1675460994.2495584,49.83620661074533,0.002183911856729015,False,True,False,False,100000,False,True,False,4.639643603378086,0.015472289085614677,9.921058568696086,0.05947425214792521,True,Cruise
1,18,1675460994.3496847,49.86220453295591,0.001837272893921259,False,True,False,False,100000,False,True,False,4.639643603378086,0.015472289085614677,9.921058568696086,0.05947425214792521,True,Cruise
1,19,1675460994.449694,49.86220453295591,0.001837272893921259,False,True,False,False,100000,False,True,False,4.54010417183271,0.013131811048714675,9.925904791634492,0.045486964860117114,True,Cruise
1,20,1675460994.5495718,49.80598173306847,-0.002586910225753687,False,True,False,False,100000,False,True,False,4.449751338271687,-4.138115311734911e-05,9.918081511867411,0.04712333656684775,True,Cruise
1,21,1675460994.6495805,48.98589739921886,0.013521368010415237,False,True,False,False,100000,False,True,False,4.350021779654065,-0.005669307344428955,9.90268741995171,0.052180743870394376,True,Cruise
1,22,1675460994.7496448,48.98589739921886,0.013521368010415237,False,True,False,False,100000,False,True,False,4.2484874483954185,-0.05498306635389455,9.881274863254855,0.0682865590020881,True,Cruise
1,23,1675460994.849563,48.98589739921886,0.013521368010415237,False,True,False,False,100000,False,True,False,4.2484874483954185,-0.05498306635389455,9.881274863254855,0.0682865590020881,True,Cruise
1,24,1675460994.94957,49.76242244292655,0.0031677007609794096,False,True,False,False,100000,False,True,False,4.106386852048317,0.05845194463915537,9.84188138019312,0.04717011280139384,True,Cruise
1,25,1675460995.0495963,49.76242244292655,0.0031677007609794096,False,True,False,False,100000,False,True,False,4.025954002215447,0.022307716751490334,9.813501679592644,0.0720325393471224,True,Cruise
1,26,1675460995.149691,49.609532659230496,0.005206231210259997,False,True,False,False,100000,False,True,False,4.025954002215447,0.022307716751490334,9.813501679592644,0.042749129790649223,True,Cruise
1,27,1675460995.2495906,49.30721274079243,0.009237163456100934,False,True,False,False,100000,False,True,False,3.9337880071941362,0.006440951224006325,9.772369530066669,0.030282853493523682,True,Cruise
1,28,1675460995.3495724,49.30721274079243,0.009237163456100934,False,True,False,False,100000,False,True,False,3.911235765920426,0.0053689110179789045,9.759850592572825,0.025816209106794736,True,Cruise
1,29,1675460995.4495928,49.16379891095487,0.01114934785393505,False,True,False,False,100000,False,True,False,3.8680789990132936,0.04063794612499065,9.728072946210396,0.015903665824562728,True,Cruise
1,30,1675460995.5495646,49.40536052370734,0.007928526350568867,False,True,False,False,100000,False,True,False,3.858651658635493,0.04126428685100791,9.712738643924977,0.01060479517226531,True,Cruise
1,31,1675460995.649683,49.74217225720871,0.0034377032372171572,False,True,False,False,100000,False,True,False,3.8591059214732226,0.052251378098371,9.707019416560378,0.01925282596997496,True,Cruise
1,32,1675460995.749602,49.74217225720871,0.0034377032372171572,False,True,False,False,100000,False,True,False,3.869109775750036,0.02649625444483066,9.699547320129893,0.010208489305413836,True,Cruise
1,33,1675460995.8496816,49.74217225720871,0.0034377032372171572,False,True,False,False,100000,False,True,False,3.9012876475515745,0.015973947732740194,9.697952757475413,0.025394119049635202,True,Cruise
1,34,1675460995.9496264,49.89324104346714,0.0014234527537714185,False,True,False,False,100000,False,True,False,3.915250749675802,0.0064930487765087605,9.699753573474682,0.016973467654344942,True,Cruise
1,35,1675460996.0496037,49.78095668819492,0.002920577490734356,False,True,False,False,100000,False,True,False,3.9301985021037886,0.010796762378692312,9.702585617522944,0.01581068394818202,True,Cruise
1,36,1675460996.1495757,49.78095668819492,0.002920577490734356,False,True,False,False,100000,False,True,False,3.961934466777128,-0.00919994389669176,9.710901584571477,0.018923477483326442,True,Cruise
1,37,1675460996.2496133,48.723421543670106,0.017021046084398646,False,True,False,False,100000,False,True,False,3.978042131514447,-0.002050181357886802,9.716164857441653,0.018923477483326442,True,Cruise
1,38,1675460996.3495903,48.47303960482748,0.020359471935633623,False,True,False,False,100000,False,True,False,4.009661551308929,-0.00030246894107440614,9.728260237831114,0.016863388602861087,True,Cruise
1,39,1675460996.4496,48.47303960482748,0.020359471935633623,False,True,False,False,100000,False,True,False,4.051401099016725,0.07383337482290411,9.748566711551817,0.08746808588518466,True,Cruise
1,40,1675460996.5495574,49.41621163559367,0.007783844858751086,False,True,False,False,100000,False,True,False,4.074129446453864,0.08818040405556102,9.762105332449027,0.08746808588518466,True,Cruise
1,41,1675460996.6495922,49.41621163559367,0.007783844858751086,False,True,False,False,100000,False,True,False,4.0838579008687566,0.13188779293982875,9.768540928745836,0.07379097704850078,True,Cruise
1,42,1675460996.7496727,49.44958230146333,0.007338902647155577,False,True,False,False,100000,False,True,False,4.101513828582062,0.029657157837632106,9.780164019200086,0.07379097704850078,True,Cruise
1,43,1675460996.849609,49.44958230146333,0.007338902647155577,False,True,False,False,100000,False,True,False,4.108020701812281,0.028508913735249056,9.785358154133261,0.008404576221132472,True,Cruise
1,44,1675460996.949585,48.33461345580875,0.022205153922549986,False,True,False,False,100000,False,True,False,4.116606194131487,0.04148269562557975,9.794211195994997,0.00469906089220414,True,Cruise
1,45,1675460997.0495772,48.33461345580875,0.022205153922549986,False,True,False,False,100000,False,True,False,4.119929824740836,0.0006293588013028904,9.800756656882596,0.09196205824137166,True,Cruise
1,46,1675460997.1496656,48.54692638245329,0.019374314900622733,False,True,False,False,100000,False,True,False,4.116827781314919,0.13242991450506011,9.805058106012224,0.03996792413835136,True,Cruise
1,47,1675460997.249581,49.72426960451659,0.0036764052731121212,False,True,False,False,100000,False,True,False,4.108795498602806,0.1129836537420208,9.806710426939999,0.022304710554460656,True,Cruise
1,48,1675460997.3495805,49.72426960451659,0.0036764052731121212,False,True,False,False,100000,False,True,False,4.108795498602806,0.1129836537420208,9.806710426939999,0.011965595618768449,True,Cruise
1,49,1675460997.4496062,48.64747631146321,0.0180336491804906,False,True,False,False,100000,False,True,False,4.1033326638938705,0.058178878640762016,9.804907391339768,0.05510586969037331,True,Cruise
1,50,1675460997.549577,48.64747631146321,0.0180336491804906,False,True,False,False,100000,False,True,False,4.091012209524199,-0.029519170122137908,9.799422489880278,0.03816093721977382,True,Cruise
1,51,1675460997.6496933,47.81410221594812,0.029145303787358395,False,True,False,False,100000,False,True,False,4.077642432454395,0.07788041503294615,9.79479509968925,0.09692527250294848,True,Cruise
1,52,1675460997.7496557,48.64374048698825,0.01808346017349001,False,True,False,False,100000,False,True,False,4.070219707117669,0.15665410234740987,9.792287531641204,0.07916235571316048,True,Cruise
1,53,1675460997.84959,48.64374048698825,0.01808346017349001,False,True,False,False,100000,False,True,False,4.063715749781353,0.21639798744437758,9.78956359474679,0.0601585663037032,True,Cruise
1,54,1675460997.9497156,47.48628056773363,0.03351625909688496,False,True,False,False,100000,False,True,False,4.063715749781353,0.21639798744437758,9.78956359474679,0.12011893535955025,True,Cruise
1,55,1675460998.0496795,46.38957123736602,0.04813905016845303,False,True,False,False,100000,False,True,False,4.049814022821538,0.059115759620869915,9.777724944565344,0.038219933008810394,True,Cruise
1,56,1675460998.1496885,46.38957123736602,0.04813905016845303,False,True,False,False,100000,False,True,False,4.038184782719229,0.191351329415984,9.773050855306533,0.01844028989281338,True,Cruise
1,57,1675460998.2496011,46.41583478992797,0.0477888694676271,False,True,False,False,100000,False,True,False,4.019701179015039,0.3787775493178931,9.767575486737918,0.01630015402528271,True,Cruise
1,58,1675460998.3496091,46.41583478992797,0.0477888694676271,False,True,False,False,100000,False,True,False,4.019701179015039,0.3787775493178931,9.767575486737918,0.01630015402528271,True,Cruise
1,59,1675460998.449599,45.854039803091304,0.05527946929211593,False,True,False,False,100000,False,True,False,4.019701179015039,0.3787775493178931,9.767575486737918,0.011566548102931791,True,Cruise
1,60,1675460998.5495853,45.854039803091304,0.05527946929211593,False,True,False,False,100000,False,True,False,4.014530038848596,0.40134846590444223,9.763064527536981,0.0069711083838571485,True,Cruise
1,61,1675460998.6495898,46.79498870168547,0.04273348397752712,False,True,False,False,100000,False,True,False,4.007415552845416,0.5159864994771831,9.7609440031361,0.015400279808879976,True,Cruise
1,62,1675460998.7496102,47.691986814492566,0.030773509140099128,False,True,False,False,100000,False,True,False,4.007863715987487,0.5575261696537923,9.760820745748239,0.04154227053215855,True,Cruise
1,63,1675460998.8496192,47.691986814492566,0.030773509140099128,False,True,False,False,100000,False,True,False,4.015697365141549,0.5033605689987554,9.760197860682439,0.05473268072363242,True,Cruise
1,64,1675460998.9496133,48.37555217230908,0.021659304369212273,False,True,False,False,100000,False,True,False,4.036902883290849,0.3135961207308756,9.759399411369268,0.19094726326318162,True,Cruise
1,65,1675460999.0495641,47.9515822935863,0.027312236085516025,False,True,False,False,100000,False,True,False,4.053857274102116,0.20685031588975009,9.761311907802964,0.04604186847203087,True,Cruise
1,66,1675460999.149581,47.9515822935863,0.027312236085516025,False,True,False,False,100000,False,True,False,4.0560500456704425,0.16336043682849413,9.762571040748831,0.019136238885053856,True,Cruise
1,67,1675460999.2496994,48.89068752371377,0.014790833017149705,False,True,False,False,100000,False,True,False,4.054996768533728,0.1985284429528917,9.767373754320818,0.017783506408114776,True,Cruise
1,68,1675460999.3495815,48.89068752371377,0.014790833017149705,False,True,False,False,100000,False,True,False,4.054996768533728,0.1985284429528917,9.767373754320818,0.017783506408114776,True,Cruise
1,69,1675460999.4495735,48.44364273355145,0.020751430219314006,False,True,False,False,100000,False,True,False,4.070020917405799,-0.015424435008009631,9.770584784754467,0.21450377561602105,True,Cruise
1,70,1675460999.5495846,49.03271323807423,0.012897156825676917,False,True,False,False,100000,False,True,False,4.072083838467357,-0.025511470333275325,9.77188021516938,0.010376996912366343,True,Cruise
1,71,1675460999.6496592,49.03271323807423,0.012897156825676917,False,True,False,False,100000,False,True,False,4.071639870655986,-0.006506270089008602,9.774637617022877,0.021086161716125443,True,Cruise
1,72,1675460999.749634,49.54826482042415,-0.006023135727678061,False,True,False,False,100000,False,True,False,4.070593365030244,0.014516841081740771,9.775886552007654,0.021086161716125443,True,Cruise
1,73,1675460999.8496528,49.54826482042415,-0.006023135727678061,False,True,False,False,100000,False,True,False,4.07340312437022,0.037425194412161,9.777490127700457,0.005699737479672637,True,Cruise
1,74,1675460999.949587,48.39919394760258,0.02134408069863222,False,True,False,False,100000,False,True,False,4.085270615620686,-0.21981897154625418,9.777781988721571,0.2575179284070843,True,Cruise
1,75,1675461000.049573,49.82434765663535,-0.0023420312448620114,False,True,False,False,100000,False,True,False,4.078871533111523,-0.08487030221790502,9.779447074739835,0.22568803518748926,True,Cruise
1,76,1675461000.1496139,49.82434765663535,-0.0023420312448620114,False,True,False,False,100000,False,True,False,4.072861890891893,0.043161526306174786,9.780243687371998,0.22568803518748926,True,Cruise
1,77,1675461000.2495763,48.934487064703724,0.014206839137283643,False,True,False,False,100000,False,True,False,4.065256494541749,0.15752385469833594,9.780686472520147,0.07191674609096094,True,Cruise
1,78,1675461000.3496885,48.934487064703724,0.014206839137283643,False,True,False,False,100000,False,True,False,4.070373028101096,-0.06768462745405868,9.77981299011317,0.22526828964717752,True,Cruise
1,79,1675461000.4495792,48.40252092710594,0.021299720971920805,False,True,False,False,100000,False,True,False,4.068262221871126,0.05021784293330666,9.779235926445967,0.04239704611572194,True,Cruise
1,80,1675461000.5495768,48.736988312170695,-0.016840155837724132,False,True,False,False,100000,False,True,False,4.064458282864925,0.09569734560320564,9.77845010807106,0.07224386131398337,True,Cruise
1,81,1675461000.6495874,48.736988312170695,-0.016840155837724132,False,True,False,False,100000,False,True,False,4.060967239581729,0.1678561451772628,9.778140659561673,0.07224386131398337,True,Cruise
1,82,1675461000.7496305,49.98006540687917,-0.00026579457494439534,False,True,False,False,100000,False,True,False,4.058582597425737,0.32051583600566214,9.777665869574907,0.15267905274649218,True,Cruise
1,83,1675461000.8496227,49.98006540687917,-0.00026579457494439534,False,True,False,False,100000,False,True,False,4.0688379768882434,-0.23667507386119233,9.774724216909247,0.09254828797149296,True,Cruise
1,84,1675461000.94958,49.64357787751911,0.00475229496641191,False,True,False,False,100000,False,True,False,4.0688379768882434,-0.23667507386119233,9.774724216909247,0.2208931351971375,True,Cruise
1,85,1675461001.0495799,49.5398819833988,-0.006134906888015939,False,True,False,False,100000,False,True,False,4.056888358163983,-0.049940565707228775,9.773518819111468,0.2208931351971375,True,Cruise
1,86,1675461001.1495914,49.5398819833988,-0.006134906888015939,False,True,False,False,100000,False,True,False,4.0552345906227965,-0.031355032800737134,9.773158891503344,0.018662436292768803,True,Cruise
1,87,1675461001.2496488,49.7387361934153,0.0034835174211293005,False,True,False,False,100000,False,True,False,4.054479483525805,-0.08935221717071685,9.772302955941074,0.05595899190539431,True,Cruise
1,88,1675461001.3495815,49.7387361934153,0.0034835174211293005,False,True,False,False,100000,False,True,False,4.054380018073031,-0.18762283001843022,9.771616019331653,0.04231448697556711,True,Cruise
1,89,1675461001.4496393,49.7387361934153,0.0034835174211293005,False,True,False,False,100000,False,True,False,4.054380018073031,-0.18762283001843022,9.771616019331653,0.13740661150538586,True,Cruise
1,90,1675461001.5495815,48.819145423598904,0.015744727685347987,False,True,False,False,100000,False,True,False,4.053001075387048,-0.032563604779527876,9.771133946916002,0.004573668945865623,True,Cruise
1,91,1675461001.649589,49.3988935077658,0.00801475322978943,False,True,False,False,100000,False,True,False,4.052754187150982,-0.059361996276551185,9.770999629579196,0.1371304430103523,True,Cruise
1,92,1675461001.749717,49.61964936932555,-0.005071341742325995,False,True,False,False,100000,False,True,False,4.052043878408255,0.08395835046100596,9.771088402386784,0.006191801334074172,True,Cruise
1,93,1675461001.8496284,49.61964936932555,-0.005071341742325995,False,True,False,False,100000,False,True,False,4.052460040579887,0.08335698106385027,9.77122223704601,0.006505969951153924,True,Cruise
1,94,1675461001.9495804,48.56707942655427,-0.019105607645943084,False,True,False,False,100000,False,True,False,4.053060481658102,0.153788814654024,9.771471256238003,0.07043483316456647,True,Cruise
1,95,1675461002.0495732,48.56707942655427,-0.019105607645943084,False,True,False,False,100000,False,True,False,4.0556626888530545,0.037944454807069754,9.771671339551746,0.10037438550309832,True,Cruise
1,96,1675461002.1496382,49.116590111951716,-0.011778798507310425,False,True,False,False,100000,False,True,False,4.0563257967278155,-0.1964264340042326,9.772121685895641,0.09606886559871755,True,Cruise
1,97,1675461002.2496016,49.116590111951716,-0.011778798507310425,False,True,False,False,100000,False,True,False,4.055875220766713,-0.1568894124869061,9.772409112739584,0.03954063357293205,True,Cruise
1,98,1675461002.349585,48.33250726612454,-0.022233236451672817,False,True,False,False,100000,False,True,False,4.055163603833959,-0.14392658404080902,9.772947238612469,0.00983016233197293,True,Cruise
1,99,1675461002.4496121,48.81462801373068,-0.015804959816924233,False,True,False,False,100000,False,True,False,4.055163603833959,-0.14392658404080902,9.772947238612469,0.00983016233197293,True,Cruise
1,100,1675461002.549617,48.81462801373068,-0.015804959816924233,False,True,False,False,100000,False,True,False,4.051636757139625,-0.411330253220839,9.77399916531761,0.059748529666055976,True,Cruise
1,101,1675461002.6495738,48.83181257269386,-0.01557583236408184,False,True,False,False,100000,False,True,False,4.053027428576973,-0.35796706992855437,9.774092492919676,0.036312335740907156,True,Cruise
1,102,1675461002.7496243,48.83181257269386,-0.01557583236408184,False,True,False,False,100000,False,True,False,4.053557906990469,-0.3658355615242397,9.77413989700748,0.01707221245974286,True,Cruise
1,103,1675461002.849746,47.690477699829806,-0.03079363066893594,False,True,False,False,100000,False,True,False,4.053928161288031,-0.3784553669696355,9.77418515755678,0.00788649570380254,True,Cruise
1,104,1675461002.9496315,47.690477699829806,-0.03079363066893594,False,True,False,False,100000,False,True,False,4.054117652468189,-0.3896946455872454,9.774229943650829,0.011240965107402542,True,Cruise
1,105,1675461003.0495656,49.04376681230346,-0.01274977583595384,False,True,False,False,100000,False,True,False,4.044054289473399,-0.6560724097531118,9.775019781049203,0.19223373408090205,True,Cruise
1,106,1675461003.1495705,49.768743632029015,0.0030834182396131922,False,True,False,False,100000,False,True,False,4.049357193019327,-0.48505546355851453,9.774358676359908,0.060001349509134355,True,Cruise
1,107,1675461003.2496464,49.768743632029015,0.0030834182396131922,False,True,False,False,100000,False,True,False,4.065370992357836,-0.14684763392378813,9.772855433908967,0.096630218461196,True,Cruise
1,108,1675461003.3496263,48.70633003001422,0.017248932933143703,False,True,False,False,100000,False,True,False,4.065370992357836,-0.14684763392378813,9.772855433908967,0.096630218461196,True,Cruise
1,109,1675461003.4495692,47.864293824672025,-0.028476082337706404,False,True,False,False,100000,False,True,False,4.0664640061121355,-0.11296606888625534,9.772824535128018,0.1500158942846097,True,Cruise
1,110,1675461003.5495834,47.864293824672025,-0.028476082337706404,False,True,False,False,100000,False,True,False,4.059251401089828,-0.07693638669730501,9.773841407470295,0.25798778174836573,True,Cruise
1,111,1675461003.649555,49.24011278494472,0.010131829534070335,False,True,False,False,100000,False,True,False,4.05325781480812,-0.297785005943273,9.774448240434335,0.04062911664042847,True,Cruise
1,112,1675461003.7496932,49.24011278494472,0.010131829534070335,False,True,False,False,100000,False,True,False,4.048935071449845,-0.3381820674546895,9.774789458960894,0.09244401560787263,True,Cruise
1,113,1675461003.8496032,49.712535973845576,0.0038328536820589226,False,True,False,False,100000,False,True,False,4.056070069184988,-0.03485096183969983,9.773726056363312,0.39586021798424936,True,Cruise
1,114,1675461003.9496095,49.712535973845576,0.0038328536820589226,False,True,False,False,100000,False,True,False,4.06242403927468,0.1923941397036726,9.773137707208274,0.2273346767787233,True,Cruise
1,115,1675461004.0496411,49.68641689086451,0.004181108121806503,False,True,False,False,100000,False,True,False,4.063792893347239,0.16153118875280598,9.773126003952001,0.030893294415354405,True,Cruise
1,116,1675461004.1496282,49.522594837490566,-0.00636540216679247,False,True,False,False,100000,False,True,False,4.062004537916491,0.12111916984808423,9.773314705533782,0.040452009781829654,True,Cruise
1,117,1675461004.2495732,49.522594837490566,-0.00636540216679247,False,True,False,False,100000,False,True,False,4.059517621616432,0.14987941058106238,9.773560057468243,0.022229534065135947,True,Cruise
1,118,1675461004.34964,49.4575524334937,-0.007232634220083966,False,True,False,False,100000,False,True,False,4.0588309465133925,0.2019705187142284,9.773619712609646,0.022229534065135947,True,Cruise
1,119,1675461004.4496033,49.4575524334937,-0.007232634220083966,False,True,False,False,100000,False,True,False,4.057619976742985,0.05175045261387483,9.773749234885852,0.05866880927694689,True,Cruise
1,120,1675461004.5495958,49.54281167646562,0.006095844313791752,False,True,False,False,100000,False,True,False,4.057619976742985,0.05175045261387483,9.773749234885852,0.05866880927694689,True,Cruise
1,121,1675461004.6495724,48.92948761177004,-0.0142734985097328,False,True,False,False,100000,False,True,False,4.0567732105020085,-0.024876508130752824,9.773723204120921,0.06415528683921866,True,Cruise
1,122,1675461004.7496383,48.92948761177004,-0.0142734985097328,False,True,False,False,100000,False,True,False,4.057656657759399,0.0796821212545783,9.77355684341093,0.15249108199493383,True,Cruise
1,123,1675461004.8495839,49.67195105126146,-0.004373985983180521,False,True,False,False,100000,False,True,False,4.0553071709417114,-0.20419590851442954,9.773716207894566,0.13139690818739752,True,Cruise
1,124,1675461004.9495845,49.67195105126146,-0.004373985983180521,False,True,False,False,100000,False,True,False,4.055881624697449,-0.1672859578046243,9.773501038186408,0.12425037562372321,True,Cruise
1,125,1675461005.049601,49.640525425149015,-0.004792994331346447,False,True,False,False,100000,False,True,False,4.056291336967315,-0.16537694548994072,9.773436260888717,0.0019535578465939727,True,Cruise
1,126,1675461005.1496623,49.50552550827873,0.006592993222950231,False,True,False,False,100000,False,True,False,4.056437081216931,-0.17986918104117852,9.773400208736968,0.014493013227638428,True,Cruise
1,127,1675461005.249596,49.50552550827873,0.006592993222950231,False,True,False,False,100000,False,True,False,4.056295039579975,-0.2370515411859386,9.773380493965659,0.04438289711172168,True,Cruise
1,128,1675461005.3495862,49.85266629064583,0.001964449458055585,False,True,False,False,100000,False,True,False,4.057908548967889,-0.03634954621168169,9.77323907524829,0.03507912537067816,True,Cruise
1,129,1675461005.449687,49.85266629064583,0.001964449458055585,False,True,False,False,100000,False,True,False,4.057868055646902,-0.0012704472743919545,9.773253731664965,0.03507912537067816,True,Cruise
1,130,1675461005.549634,49.82634394043474,-0.002315414127536779,False,True,False,False,100000,False,True,False,4.057868055646902,-0.0012704472743919545,9.773253731664965,0.003045700635067249,True,Cruise
1,131,1675461005.6496062,49.6827253188641,-0.004230329081811948,False,True,False,False,100000,False,True,False,4.056496991325903,0.02261486553437537,9.773410083413959,0.02107967593965603,True,Cruise
1,132,1675461005.7495806,49.6827253188641,-0.004230329081811948,False,True,False,False,100000,False,True,False,4.056409314676371,0.04269396424560702,9.773445965624637,0.020644538319390192,True,Cruise
1,133,1675461005.8495862,49.6827253188641,-0.004230329081811948,False,True,False,False,100000,False,True,False,4.056436311378122,0.03828551187250769,9.773461166480748,0.004408561240792407,True,Cruise
1,134,1675461005.9496286,49.1976967152756,-0.010697377129658726,False,True,False,False,100000,False,True,False,4.056444586835055,0.012460071423279236,9.773495038755849,0.008592646433376693,True,Cruise
1,135,1675461006.0495818,48.55489022717134,-0.019268130304382083,False,True,False,False,100000,False,True,False,4.056444586835055,0.012460071423279236,9.773495038755849,0.008592646433376693,True,Cruise
1,136,1675461006.149576,48.55489022717134,-0.019268130304382083,False,True,False,False,100000,False,True,False,4.054179024818806,-0.22746357817247806,9.773745790371406,0.03651717260990605,True,Cruise
1,137,1675461006.2495859,49.34132833792499,0.008782288827666785,False,True,False,False,100000,False,True,False,4.054179024818806,-0.22746357817247806,9.773745790371406,0.12862609187527915,True,Cruise
1,138,1675461006.3495708,49.13096813371537,-0.011587091550461767,False,True,False,False,100000,False,True,False,4.052751072802439,-0.314051046436367,9.773828203817285,0.04708441945406265,True,Cruise
1,139,1675461006.4495575,49.13096813371537,-0.011587091550461767,False,True,False,False,100000,False,True,False,4.056510438191498,-0.1444079046006342,9.773268261455257,0.3346065798623874,True,Cruise
1,140,1675461006.5495698,49.44803369099249,-0.007359550786766818,False,True,False,False,100000,False,True,False,4.055807354380008,-0.33524657292020943,9.773363145860388,0.06421732815423487,True,Cruise
1,141,1675461006.649578,49.44803369099249,-0.007359550786766818,False,True,False,False,100000,False,True,False,4.055073470258221,-0.3994596897448221,9.773410864128593,0.03747479813942155,True,Cruise
1,142,1675461006.7495656,48.535045517425566,-0.019532726434325826,False,True,False,False,100000,False,True,False,4.055174473476122,-0.3955379804021492,9.773359962928398,0.0413976442091192,True,Cruise
1,143,1675461006.849573,48.76138044545055,-0.016514927393992712,False,True,False,False,100000,False,True,False,4.055956002272571,-0.31820326588327036,9.773284177040486,0.046436159572147785,True,Cruise
1,144,1675461006.9496984,48.76138044545055,-0.016514927393992712,False,True,False,False,100000,False,True,False,4.050943245579048,-0.5387343426798884,9.773681269146495,0.08565915076639957,True,Cruise
1,145,1675461007.0496151,48.98663289189382,-0.013511561441415814,False,True,False,False,100000,False,True,False,4.049780101632104,-0.5373558206902217,9.773592121160833,0.001805872110824874,True,Cruise
1,146,1675461007.1497416,48.98663289189382,-0.013511561441415814,False,True,False,False,100000,False,True,False,4.050300874394503,-0.5168324384698284,9.773457862798319,0.02053042735410827,True,Cruise
1,147,1675461007.249718,49.11493901537984,-0.011800813128268802,False,True,False,False,100000,False,True,False,4.050300874394503,-0.5168324384698284,9.773457862798319,0.023850041215393546,True,Cruise
1,148,1675461007.3497047,49.02960555839808,-0.012938592554692256,False,True,False,False,100000,False,True,False,4.053708438775395,-0.5010650339678749,9.772918675401911,0.008134985744836608,True,Cruise
1,149,1675461007.4495707,49.02960555839808,-0.012938592554692256,False,True,False,False,100000,False,True,False,4.0549357645116935,-0.47049807685467343,9.772781662749635,0.015147119010963377,True,Cruise
1,150,1675461007.54957,49.02960555839808,-0.012938592554692256,False,True,False,False,100000,False,True,False,4.0549357645116935,-0.47049807685467343,9.772781662749635,0.007599065696011418,True,Cruise
1,151,1675461007.6496863,49.132786456975964,-0.01156284724032046,False,True,False,False,100000,False,True,False,4.0542460496433765,-0.4719105589527382,9.772862694524614,0.006171729322913197,True,Cruise
1,152,1675461007.7495797,48.5136086637982,-0.01981855114935727,False,True,False,False,100000,False,True,False,4.0550665818168365,-0.39711766701850315,9.772838249832217,0.04321002642248195,True,Cruise
1,153,1675461007.8495538,48.5136086637982,-0.01981855114935727,False,True,False,False,100000,False,True,False,4.0550665818168365,-0.39711766701850315,9.772838249832217,0.08811167968098642,True,Cruise
1,154,1675461007.9496453,48.5136086637982,-0.01981855114935727,False,True,False,False,100000,False,True,False,4.049057580775428,-0.5604424183836058,9.773360078751368,0.017123071301210782,True,Cruise
1,155,1675461008.0496101,49.46020504127971,-0.007197266116270613,False,True,False,False,100000,False,True,False,4.049057580775428,-0.5604424183836058,9.773360078751368,0.017123071301210782,True,Cruise
1,156,1675461008.1495748,49.46020504127971,-0.007197266116270613,False,True,False,False,100000,False,True,False,4.0488970343383075,-0.5870148600126248,9.773174858909098,0.026573572128640668,True,Cruise
1,157,1675461008.249571,49.742056715340354,-0.003439243795461903,False,True,False,False,100000,False,True,False,4.049555948620867,-0.6643405249962899,9.772977141622148,0.05808647539399954,True,Cruise
1,158,1675461008.3495824,49.742056715340354,-0.003439243795461903,False,True,False,False,100000,False,True,False,4.059871187795477,-0.45082481164472477,9.772068819138081,0.006677267452279423,True,Cruise
1,159,1675461008.4496996,49.16267684988138,-0.011164308668248276,False,True,False,False,100000,False,True,False,4.061774390116232,-0.44442473524156734,9.772016439855063,0.006677267452279423,True,Cruise
1,160,1675461008.549724,49.16267684988138,-0.011164308668248276,False,True,False,False,100000,False,True,False,4.063567448062606,-0.39817069655976534,9.771983944083567,0.046288791377090986,True,Cruise
1,161,1675461008.649575,49.05071619996751,-0.012657117333766529,False,True,False,False,100000,False,True,False,4.060117939803488,-0.3784823425460697,9.772799157351093,0.02000487349797225,True,Cruise
1,162,1675461008.7495594,49.65188780102027,0.004641495986396366,False,True,False,False,100000,False,True,False,4.05637089900419,-0.39260666115116766,9.773333893640048,0.026842644484225943,True,Cruise
1,163,1675461008.8497148,49.65188780102027,0.004641495986396366,False,True,False,False,100000,False,True,False,4.0558819114683695,-0.36576870414237705,9.773445776126012,0.026842644484225943,True,Cruise
1,164,1675461008.9496114,49.956268681864444,0.000583084241807398,False,True,False,False,100000,False,True,False,4.064416794962728,-0.04012099525819484,9.772887540191872,0.1372135401308679,True,Cruise
1,165,1675461009.0496423,49.956268681864444,0.000583084241807398,False,True,False,False,100000,False,True,False,4.064416794962728,-0.04012099525819484,9.772887540191872,0.1372135401308679,True,Cruise
1,166,1675461009.1497118,49.13965603659957,-0.011471252845339012,False,True,False,False,100000,False,True,False,4.203216438727685,0.070862692462527,9.774906627722762,0.03419180653283614,True,Cruise
1,167,1675461009.2496674,49.275993340863636,0.009653422121818151,False,True,False,False,100000,False,True,False,4.222572152387119,0.09895250850700926,9.772583221322664,0.03419180653283614,True,Cruise
1,168,1675461009.3495843,49.275993340863636,0.009653422121818151,False,True,False,False,100000,False,True,False,4.115285985117947,-0.17711034298733874,9.78225911985675,0.1119450662248242,True,Cruise
1,169,1675461009.4496286,49.91637818658896,-0.0011149575121472356,False,True,False,False,100000,False,True,False,3.993733375126822,-0.303822231319226,9.791203397688907,0.316860824784547,True,Cruise
1,170,1675461009.5495882,48.32196438963686,-0.022373808138175154,False,True,False,False,100000,False,True,False,4.059276724510928,0.0060556557293628376,9.782228613404124,0.316860824784547,True,Cruise
1,171,1675461009.6495667,48.32196438963686,-0.022373808138175154,False,True,False,False,100000,False,True,False,4.085504474591573,-0.11548297612913062,9.776533496379903,0.316860824784547,True,Cruise
1,172,1675461009.749563,49.85874061113636,0.0018834585181817872,False,True,False,False,100000,False,True,False,4.085146676451955,-0.1356997074409997,9.77541407385273,0.02025086050614555,True,Cruise
1,173,1675461009.8496432,49.85874061113636,0.0018834585181817872,False,True,False,False,100000,False,True,False,4.081962587439384,-0.415911213864553,9.77411613620557,0.1394799194621791,True,Cruise
1,174,1675461009.949586,47.55232248650019,-0.0326357001799975,False,True,False,False,100000,False,True,False,4.084382732491613,-0.12176652729225039,9.771351881806327,0.04851961418602874,True,Cruise
1,175,1675461010.0495903,47.55232248650019,-0.0326357001799975,False,True,False,True,100000,False,True,False,4.077605218238172,-0.07372332269414847,9.771089673396085,0.04851961418602874,True,Cruise
1,176,1675461010.1496162,49.58719546165772,-0.005504060511230339,False,True,False,True,100000,False,True,False,3.9606989620004636,-0.4174217313289194,9.778978067541209,0.41915077655369376,True,Cruise
1,177,1675461010.2496092,49.030621812949406,-0.012925042494007926,False,True,False,True,100000,False,True,False,4.105704740031415,-0.7472740339297335,9.764457656644888,0.36061067583478246,True,Cruise
1,178,1675461010.3495984,49.030621812949406,-0.012925042494007926,False,True,False,True,100000,False,True,False,4.124976790263597,-0.3069013659746392,9.762604146740614,0.192792656374382,True,Cruise
1,179,1675461010.449579,49.928025149617014,-0.0009596646717730964,False,True,False,True,100000,False,True,False,3.5314852035044777,-1.3215318606777782,8.627168285534927,6.015312713811345,True,Cruise
1,180,1675461010.5496178,49.928025149617014,-0.0009596646717730964,False,True,False,True,100000,False,True,False,2.2493143508594553,-4.771146292948667,6.969307997405331,4.036372450810408,True,Cruise
1,181,1675461010.6497576,49.812918958129345,-0.0024944138916087586,False,True,False,True,100000,False,True,False,3.7932435217955263,-0.5656561209029979,9.791316322521746,0.07421508890363322,True,Cruise
1,182,1675461010.7497108,49.812918958129345,-0.0024944138916087586,False,True,False,True,100000,False,True,False,3.89026185640462,-0.4646826236955067,9.77724929346484,0.06689181839654414,True,Cruise
1,183,1675461010.8496583,48.79139523170984,0.016114730243868787,False,True,False,True,100000,False,True,False,4.008262562504898,-0.45922734426951517,9.772461135783951,0.05252185726140347,True,Cruise
1,184,1675461010.9495592,47.40661237238151,0.03457850170157989,False,True,False,True,100000,False,True,False,4.057592326006431,-0.09711272265335905,9.776589268450445,0.26890462493243195,True,Cruise
1,185,1675461011.0495872,47.40661237238151,0.03457850170157989,False,True,False,True,100000,False,True,False,4.057592326006431,-0.09711272265335905,9.776589268450445,0.13596524693891177,True,Cruise
1,186,1675461011.1496723,49.886952916340306,0.0015072944487959613,False,True,False,True,100000,False,True,False,4.057592326006431,-0.09711272265335905,9.776589268450445,0.13596524693891177,True,Cruise
1,187,1675461011.2495759,48.24788220209096,0.023361570638787153,False,True,False,True,100000,False,True,False,4.008056106149469,0.8973564111118258,9.783631435778693,0.21884106008234422,True,Cruise
1,188,1675461011.349592,48.24788220209096,0.023361570638787153,False,True,False,True,100000,False,True,False,4.017590955627695,0.702183900259018,9.78245649623433,0.36455033351011606,True,Cruise
1,189,1675461011.4495728,48.54956222203586,0.01933917037285523,False,True,False,True,100000,False,True,False,4.016980205699069,0.970757282440249,9.781925941584564,0.2685746006605562,True,Cruise
1,190,1675461011.5496013,48.54956222203586,0.01933917037285523,False,True,False,True,100000,False,True,False,4.016991514223092,1.163386751295632,9.780908495116227,0.19263215618557983,True,Cruise
1,191,1675461011.649584,47.90642821568205,0.027914290457572762,False,True,False,True,100000,False,True,False,4.0247198570301554,1.3171729017746556,9.77648934937162,0.15404361788406715,True,Cruise
1,192,1675461011.7495701,47.78021072031389,0.029597190395814814,False,True,False,True,100000,False,True,False,4.026936215522005,1.3608147351895694,9.77494906413737,0.0437252140918981,True,Cruise
1,193,1675461011.849577,47.78021072031389,0.029597190395814814,False,True,False,True,100000,False,True,False,3.04261646231183,1.5553153254639684,9.869295583850885,0.6002053253236322,True,Cruise
1,194,1675461011.9495924,49.10567767813865,0.011924297624818005,False,True,False,True,100000,False,True,False,1.8096919471283874,1.738079845999462,9.955606412583398,0.6493022869735793,True,Cruise
1,195,1675461012.0496886,49.10567767813865,0.011924297624818005,False,True,False,True,100000,False,True,False,0.9721230340497868,1.681856112137518,9.961317995060366,0.3837866137374829,True,Cruise
1,196,1675461012.1495965,49.54816892853165,-0.0060244142862446075,False,True,False,True,100000,False,True,False,0.9721230340497868,1.681856112137518,9.961317995060366,0.3837866137374829,True,Cruise
1,197,1675461012.2495365,48.8888246479964,0.014815671360048015,False,True,False,True,100000,False,True,False,3.3654153265094613,1.3373168362239294,9.688648801610091,0.1776992249318505,True,Cruise
1,198,1675461012.349638,48.8888246479964,0.014815671360048015,False,True,False,True,100000,False,True,False,3.53416694133151,1.3901420457905787,9.671058910462875,0.1776992249318505,True,Cruise
1,199,1675461012.449581,48.8888246479964,0.014815671360048015,False,True,False,True,100000,False,True,False,2.840696514238345,1.1111422531500046,9.740002580058512,0.49017875865632493,True,Cruise
1,200,1675461012.5495577,49.86032475480396,0.0018623366026138306,False,True,False,True,100000,False,True,False,2.44561978312892,1.0950042496261916,9.774236368847953,0.3968853876331599,True,Cruise
1,201,1675461012.6495628,49.98079188401583,0.0002561082131222903,False,True,False,True,100000,False,True,False,2.44561978312892,1.0950042496261916,9.774236368847953,0.3968853876331599,True,Cruise
1,202,1675461012.7496474,49.98079188401583,0.0002561082131222903,False,True,False,True,100000,False,True,False,3.4978311169981366,0.7419925016054968,9.683961504474018,0.2953237325984543,True,Cruise
1,203,1675461012.8495862,48.804420828963366,0.015941055613821836,False,True,False,True,100000,False,True,False,1.7708615013992368,0.4804409963963711,9.871203938368605,1.8921430082490314,True,Cruise
1,204,1675461012.9496686,49.89635839000942,-0.0013818881332077837,False,True,False,True,100000,False,True,False,0.012893222343069465,0.6120330881942241,10.02233792801941,1.7693531110604255,True,Cruise
1,205,1675461013.0496008,49.89635839000942,-0.0013818881332077837,False,True,False,True,100000,False,True,False,-2.141787710730045,0.6528254786258381,10.168522077901157,0.8506480376144094,True,Cruise
1,206,1675461013.149658,49.43335902689145,-0.007555212974780655,False,True,False,True,100000,False,True,False,-2.141787710730045,0.6528254786258381,10.168522077901157,0.8506480376144094,True,Cruise
1,207,1675461013.2497053,49.43335902689145,-0.007555212974780655,False,True,False,True,100000,False,True,False,2.060021572573584,0.20161346482123724,9.707794805441866,4.251007310537814,True,Cruise
1,208,1675461013.3496816,49.646251520790884,-0.004716646389454841,False,True,False,True,100000,False,True,False,0.6479257931168528,0.015604639811036025,9.816258846947095,0.6749110960176385,True,Cruise
1,209,1675461013.4496956,49.91009912521641,0.0011986783304478636,False,True,False,True,100000,False,True,False,1.2352730480687528,0.11283424851225589,9.742271046396448,0.5999204858462885,True,Cruise
1,210,1675461013.5495944,49.91009912521641,0.0011986783304478636,False,True,False,True,100000,False,True,False,0.9915099084257692,0.0938690734676803,9.760680023384815,0.4169205361461619,True,Cruise
1,211,1675461013.6495745,49.91009912521641,0.0011986783304478636,False,True,False,True,100000,False,True,False,0.9915099084257692,0.0938690734676803,9.760680023384815,0.8602341596378412,True,Cruise
1,212,1675461013.7496617,49.82091057034183,-0.002387859062108939,False,True,False,True,100000,False,True,False,0.4251857661390592,-0.26293934307118305,9.813986145285106,1.133419190334234,True,Cruise
1,213,1675461013.849588,49.40399850274581,0.007946686630055967,False,True,False,True,100000,False,True,False,0.05712292721242242,-0.3233246236324618,9.836007828075074,1.127954932264139,True,Cruise
1,214,1675461013.9495885,49.40399850274581,0.007946686630055967,False,True,False,True,100000,False,True,False,-2.1056828199838007,-0.05141023276444731,9.986950302673117,0.24413047677589622,True,Cruise
1,215,1675461014.049619,49.80183450324213,-0.0026422066234383086,False,True,False,True,100000,False,True,False,-2.1056828199838007,-0.05141023276444731,9.986950302673117,0.11722295778982744,True,Cruise
1,216,1675461014.1495693,49.63972360964497,0.004803685204733802,False,True,False,True,100000,False,True,False,-2.0014478795374955,-0.00887278904603379,9.954287404683905,0.11722295778982744,True,Cruise
1,217,1675461014.2495804,49.63972360964497,0.004803685204733802,False,True,False,True,100000,False,True,False,0.6935922939635034,-0.3693792463190386,9.683304278149844,0.3005276167832071,True,Cruise
1,218,1675461014.3495762,48.867152213869005,-0.015104637148413312,False,True,False,True,100000,False,True,False,0.0013712132643211097,0.083217704585821,9.740170262628629,0.30365173660278927,True,Cruise
1,219,1675461014.4495685,48.139193896142096,-0.024810748051438694,False,True,False,True,100000,False,True,False,-1.1198581859000627,0.20150074118598757,9.846471621018269,1.132451421074372,True,Cruise
1,220,1675461014.5495825,48.139193896142096,-0.024810748051438694,False,True,False,True,100000,False,True,False,-1.1198581859000627,0.20150074118598757,9.846471621018269,1.132451421074372,True,Cruise
1,221,1675461014.6496406,48.139193896142096,-0.024810748051438694,False,True,False,True,100000,False,True,False,-2.7856708072287195,-0.16851560149499703,9.969323485438018,0.7046087755230706,True,Cruise
1,222,1675461014.7495801,49.6513870280333,-0.004648172959556025,False,True,False,True,100000,False,True,False,-3.5949177953365608,-0.47869295253523947,9.96961893781707,0.866654927956948,True,Cruise
1,223,1675461014.8495727,48.19010636268599,-0.024131915164186887,False,True,False,True,100000,False,True,False,-1.769274126035364,-0.6809889036034309,9.737979598200676,1.92263275352899,True,Cruise
1,224,1675461014.94969,48.19010636268599,-0.024131915164186887,False,True,False,True,100000,False,True,False,-0.01767546003854012,-0.4938524373623397,9.574091217406684,0.7198308012395317,True,Cruise
1,225,1675461015.049636,48.78456424108501,-0.016205810118866626,False,True,False,True,100000,False,True,False,-1.7373393807512219,-0.6592681683752297,9.74122604823576,0.48517015508917716,True,Cruise
1,226,1675461015.149647,48.64905221918865,-0.0180126370774847,False,True,False,True,100000,False,True,False,-1.6301478984211715,-1.1318264709829593,9.716962574831397,0.48517015508917716,True,Cruise
1,227,1675461015.2495923,48.64905221918865,-0.0180126370774847,False,True,False,True,100000,False,True,False,-1.0255435667287545,-0.817326789100127,9.686076054702623,0.02316651111403157,True,Cruise
1,228,1675461015.3495946,49.81833734754192,-0.002422168699441092,False,True,False,True,100000,False,True,False,-1.0255435667287545,-0.817326789100127,9.686076054702623,0.02316651111403157,True,Cruise
1,229,1675461015.4495826,49.81833734754192,-0.002422168699441092,False,True,False,True,100000,False,True,False,1.3831636680033383,-0.8232712609829305,9.510470872008778,1.1006563664351354,True,Cruise
1,230,1675461015.5497105,49.61435131663182,0.005141982444909113,False,True,False,True,100000,False,True,False,1.3831636680033383,-0.8232712609829305,9.510470872008778,0.8329377013324237,True,Cruise
1,231,1675461015.6495833,49.61435131663182,0.005141982444909113,False,True,False,True,100000,False,True,False,2.776849865452866,-0.7199333166214241,9.458053189135143,0.567439174393868,True,Cruise
1,232,1675461015.749563,48.684325272354066,0.01754232970194579,False,True,False,True,100000,False,True,False,2.4907612260556435,-0.43665887839548323,9.625666569572346,0.43610246759903,True,Cruise
1,233,1675461015.8495603,49.27792738399734,0.009627634880035485,False,True,False,True,100000,False,True,False,0.8376344612260559,-0.5177023499956501,9.873152535803971,1.5319890779866607,True,Cruise
1,234,1675461015.949647,49.27792738399734,0.009627634880035485,False,True,False,True,100000,False,True,False,-0.4827114050302346,-0.29035310754912314,10.019734487893974,1.3477711798594,True,Cruise
1,235,1675461016.0497017,48.77364492699517,0.016351400973397733,False,True,False,True,100000,False,True,False,0.009541929109229907,-0.07524924665850073,10.000737501837968,0.3391546273542909,True,Cruise
1,236,1675461016.149582,48.77364492699517,0.016351400973397733,False,True,False,True,100000,False,True,False,-0.6348805035001517,-0.03223656753827649,10.078497800481976,0.6505205809661195,True,Cruise
1,237,1675461016.2497091,49.3740604140734,0.008345861145688072,False,True,False,True,100000,False,True,False,-0.6348805035001517,-0.03223656753827649,10.078497800481976,1.2320877277967814,True,Cruise
1,238,1675461016.3497171,47.76213627611763,0.029838182985098296,False,True,False,True,100000,False,True,False,-1.115005848357803,0.5693044737036507,10.075780027236782,1.5538308947358384,True,Cruise
1,239,1675461016.449661,47.76213627611763,0.029838182985098296,False,True,False,True,100000,False,True,False,-1.2266062571523297,1.0578645382093088,10.049113154794776,1.0445481218362247,True,Cruise
1,240,1675461016.5495622,49.50940344954572,-0.006541287339390386,False,True,False,True,100000,False,True,False,-2.0948902389061237,1.340953790748977,10.099018627991107,0.6788644385658991,True,Cruise
1,241,1675461016.6497574,49.50940344954572,-0.006541287339390386,False,True,False,True,100000,False,True,False,-2.7623008254718013,1.462672705640043,10.123606036296842,0.6788644385658991,True,Cruise
1,242,1675461016.7497914,49.376448165625625,-0.008314024458325036,False,True,False,True,100000,False,True,False,0.2755487562104397,1.1745792984304277,9.774987878717408,1.2027726403703989,True,Cruise
1,243,1675461016.849724,49.98349911292577,-0.00022001182765638558,False,True,False,True,100000,False,True,False,2.6121079100604434,0.7826695751482936,9.547256194392917,0.42780963689339324,True,Cruise
1,244,1675461016.9495955,49.98349911292577,-0.00022001182765638558,False,True,False,True,100000,False,True,False,2.825811255828618,0.7032616495708317,9.534875318723442,0.11049910552940069,True,Cruise
1,245,1675461017.0495903,48.067183489325956,-0.025770886808987245,False,True,False,True,100000,False,True,False,3.009104671379977,0.6875977511056542,9.545004389978416,0.11049910552940069,True,Cruise
1,246,1675461017.149602,48.067183489325956,-0.025770886808987245,False,True,False,True,100000,False,True,False,1.1239809503932656,0.6497811590505418,9.746747563402405,1.896265236216872,True,Cruise
1,247,1675461017.2495599,49.90963550836564,-0.0012048598884581365,False,True,False,True,100000,False,True,False,1.1239809503932656,0.6497811590505418,9.746747563402405,1.896265236216872,True,Cruise
1,248,1675461017.3495512,48.98243906555349,0.013567479125953444,False,True,False,True,100000,False,True,False,-2.8948437075420483,-0.5655318372968974,10.069241744629176,0.4003909141186704,True,Cruise
1,249,1675461017.449533,48.98243906555349,0.013567479125953444,False,True,False,True,100000,False,True,False,0.6742555966108189,-0.934677985915926,9.70433066745909,1.7781737905813624,True,Cruise
1,250,1675461017.5495942,49.373595606913476,0.008352058574487047,False,True,False,True,100000,False,True,False,0.4900424297018602,-0.6881808048644491,9.734364592703017,0.30918827240778435,True,Cruise
1,251,1675461017.64958,49.373595606913476,0.008352058574487047,False,True,False,True,100000,False,True,False,0.3489673508559078,-0.49910850210977437,9.74309358588426,0.10622619103176018,True,Cruise
1,252,1675461017.7495673,46.24501046332652,0.05006652715564631,False,True,False,True,100000,False,True,False,2.3676713409534527,-0.4899749240241653,9.587137847688417,0.10622619103176018,True,Cruise
1,253,1675461017.849718,46.24501046332652,0.05006652715564631,False,True,False,True,100000,False,True,False,2.3676713409534527,-0.4899749240241653,9.587137847688417,2.0247398386362145,True,Cruise
1,254,1675461017.9496055,48.441905091852114,0.020774598775305086,False,True,False,True,100000,False,True,False,-0.6827738862534741,-0.4122506248953029,9.89881584174166,1.509386025883631,True,Cruise
1,255,1675461018.0497143,45.86294117438588,0.05516078434152161,False,True,False,True,100000,False,True,False,-1.92167868206145,0.9637193755362422,9.991016850698923,0.6627657209846864,True,Cruise
1,256,1675461018.1496317,45.86294117438588,0.05516078434152161,False,True,False,True,100000,False,True,False,-1.7663227706104507,1.0038689892899932,9.943936295405388,0.6683625446035351,True,Cruise
1,257,1675461018.2497454,45.86294117438588,0.05516078434152161,False,True,False,True,100000,False,True,False,-1.7663227706104507,1.0038689892899932,9.943936295405388,0.6683625446035351,True,Cruise
1,258,1675461018.349643,48.63356450972809,0.018219139870292132,False,True,False,True,100000,False,True,False,-2.9354749483249356,1.9083563893641429,9.995347433823786,1.4790731478533754,True,Cruise
1,259,1675461018.4497297,49.68656852324138,0.00417908635678163,False,True,False,True,100000,False,True,False,0.04407875376939425,1.9839260216814452,9.6808152764336,1.36680321235399,True,Cruise
1,260,1675461018.5495763,48.72097256832097,0.01705369908905374,False,True,False,True,100000,False,True,False,0.5960035475078437,1.8774794350846309,9.638837855832234,0.7200270233722633,True,Cruise
1,261,1675461018.6496015,48.72097256832097,0.01705369908905374,False,True,False,True,100000,False,True,False,1.296063543819179,2.0328929346611515,9.574018413530762,0.6306546524926675,True,Cruise
1,262,1675461018.7496338,48.72097256832097,0.01705369908905374,False,True,False,True,100000,False,True,False,0.6915940309859469,2.1955429003187277,9.650744468019388,0.6306546524926675,True,Cruise
1,263,1675461018.8496087,48.81557858007957,0.015792285598939103,False,True,False,True,100000,False,True,False,-0.2756927905767662,2.061569081620732,9.756302737168879,0.18130737781144007,True,Cruise
1,264,1675461018.9496434,49.29353816615892,-0.009419491117881106,False,True,False,True,100000,False,True,False,0.42244944522425487,1.7303332658542308,9.701910322803135,0.72585062897496,True,Cruise
1,265,1675461019.0496037,49.29353816615892,-0.009419491117881106,False,True,False,True,100000,False,True,False,0.45107870232218067,1.5864576700705841,9.71722458142391,0.72585062897496,True,Cruise
1,266,1675461019.1496155,49.044629378729795,-0.012738274950269426,False,True,False,True,100000,False,True,False,1.36504196905021,1.457347985642634,9.640636679845942,0.14749355220206195,True,Cruise
1,267,1675461019.249679,49.044629378729795,-0.012738274950269426,False,True,False,True,100000,False,True,False,1.8762057173912725,0.8183909517340282,9.642289214055566,0.5253181079294008,True,Cruise
1,268,1675461019.3496048,48.28510788651882,0.022865228179749036,False,True,False,True,100000,False,True,False,0.41520350537347445,0.349117994104002,9.838222663422886,1.100023154064844,True,Cruise
1,269,1675461019.449579,48.815194793256445,0.015797402756580772,False,True,False,True,100000,False,True,False,-0.6603268935157491,0.14973159064475167,9.954542750508223,0.971165344466952,True,Cruise
1,270,1675461019.5495708,48.815194793256445,0.015797402756580772,False,True,False,True,100000,False,True,False,-1.2169539328563364,0.8257230581903124,9.993510145931236,0.4938444919189979,True,Cruise
1,271,1675461019.6496835,47.83377168576065,0.028883044189858022,False,True,False,True,100000,False,True,False,-0.7046247140670894,0.6515103400304277,9.943644206740439,0.8800612587000004,True,Cruise
1,272,1675461019.7495785,45.29519927655321,0.06273067631262388,False,True,False,True,100000,False,True,False,-1.4910913314302052,-0.019235530199512036,10.00994475913955,1.8880605184978947,True,Cruise
1,273,1675461019.849597,45.29519927655321,0.06273067631262388,False,True,False,True,100000,False,True,False,-2.2621119469030146,0.09429344358388138,10.061597758558769,0.7810439486491028,True,Cruise
1,274,1675461019.9495907,46.32067337279253,0.04905768836276634,False,True,False,True,100000,False,True,False,-2.2621119469030146,0.09429344358388138,10.061597758558769,0.7810439486491028,True,Cruise
1,275,1675461020.0496726,46.32067337279253,0.04905768836276634,False,True,False,True,100000,False,True,False,-3.4410623771261037,1.4678365402809492,10.076594690866848,0.3539353457556807,True,Cruise
1,276,1675461020.1496973,47.42545103877791,0.034327319482961194,False,True,False,True,100000,False,True,False,-3.7080920452345776,1.7635091508432899,10.020506691879254,0.16968076604914006,True,Cruise
1,277,1675461020.2496028,47.77680047147569,0.029642660380324128,False,True,False,True,100000,False,True,False,-3.810155109033086,1.8950149644642023,9.987629429843214,0.16968076604914006,True,Cruise
1,278,1675461020.349547,47.77680047147569,0.029642660380324128,False,True,True,True,100000,False,True,False,-1.0575569945633025,2.265974214404062,9.626889201952059,2.8008107142249927,True,Cruise
1,279,1675461020.449652,46.63728646520344,0.0448361804639542,False,True,True,True,100000,False,True,False,0.31964290345535384,2.2577286062359794,9.493305475329981,1.3836878843058869,True,Cruise
1,280,1675461020.549591,46.63728646520344,0.0448361804639542,False,True,True,True,100000,False,True,False,0.2612056638394402,2.535908097303307,9.511413369437122,1.3965226053717255,True,Cruise
1,281,1675461020.6495612,49.06718705226057,0.012437505969858969,False,True,True,True,100000,False,True,False,-2.3338803612635353,2.7270019602002042,9.752752391875582,0.8391680347374498,True,Cruise
1,282,1675461020.7495873,49.06718705226057,0.012437505969858969,False,True,True,True,100000,False,True,False,-3.170362702407754,2.7328919992802647,9.819577468894886,0.8391680347374498,True,Cruise
1,283,1675461020.8495858,47.281111041696825,0.036251852777375713,False,True,True,True,100000,False,True,False,-3.170362702407754,2.7328919992802647,9.819577468894886,0.8391680347374498,True,Cruise
1,284,1675461020.9496057,46.412627630705686,0.04783163159059083,False,True,True,True,100000,False,True,False,-0.6507019962716798,1.8866717940230153,9.5990712564287,0.6251663843551512,True,Cruise
1,285,1675461021.0495734,46.412627630705686,0.04783163159059083,False,True,True,True,100000,False,True,False,-1.6709550295685434,2.259420583304566,9.734848232286723,0.7839091473752988,True,Cruise
1,286,1675461021.1495934,49.50450958282011,-0.006606538895731833,False,True,True,True,100000,False,True,False,-2.3897596211705108,2.3301473223335387,9.8097224492693,0.7261463081848573,True,Cruise
1,287,1675461021.2496448,49.50450958282011,-0.006606538895731833,False,True,True,True,100000,False,True,False,-0.9305437393657525,2.5159277599813303,9.672215871250282,1.4774076687638868,True,Cruise
1,288,1675461021.3495848,47.27824627610081,-0.036290049651989176,False,True,True,True,100000,False,True,False,-0.9305437393657525,2.5159277599813303,9.672215871250282,1.4774076687638868,True,Cruise
1,289,1675461021.4495723,42.569795497173764,-0.09906939337101651,False,True,True,True,100000,False,True,False,2.2026227350435175,0.7491311432399402,9.545075910749047,0.5311324968400902,True,Cruise
1,290,1675461021.5495684,42.569795497173764,-0.09906939337101651,False,True,True,True,100000,False,True,False,1.093645438228314,-0.14634335971780207,9.729456267718625,0.714567162175495,True,Cruise
1,291,1675461021.6495776,43.08643630467931,-0.09218084927094257,False,True,True,True,100000,False,True,False,-0.3066151097133383,-0.9882811432033514,9.925857895333982,1.2154944923955937,True,Cruise
1,292,1675461021.7496,43.08643630467931,-0.09218084927094257,True,True,True,True,5.35695220979857,False,False,False,-1.5899285534645367,-1.7563524320961286,10.062508194455523,1.5018322822419217,True,Keep distance
1,293,1675461021.8495557,14.035428314697857,-0.049070305404841606,True,True,True,True,5.35695220979857,False,False,False,-1.5899285534645367,-1.7563524320961286,10.062508194455523,1.5018322822419217,True,Keep distance
1,294,1675461021.9495804,14.035428314697857,-0.08582202746954894,True,True,True,True,5.35695220979857,False,False,False,-3.3292394059407777,-3.5027935025009698,10.175197845256491,0.5879842767713346,True,Keep distance
1,295,1675461022.049559,14.035428314697857,-0.08582202746954894,True,True,True,True,5.35695220979857,False,False,False,-3.2922939122429944,-4.088870015604744,10.14561979572888,0.20198493017043012,True,Keep distance
1,296,1675461022.1496856,14.035428314697857,-0.025750287687135547,True,True,True,True,5.35695220979857,False,False,False,-3.2922939122429944,-4.088870015604744,10.14561979572888,0.6120131402202683,True,Keep distance
1,297,1675461022.2497463,14.035428314697857,-0.025750287687135547,True,True,True,True,5.35695220979857,False,False,False,-3.873154582728718,-4.817334819187708,10.05705211767814,0.4883599922457923,True,Keep distance
1,298,1675461022.3495688,14.035428314697857,-0.07829369614429652,True,True,True,True,5.35695220979857,False,False,False,-3.873154582728718,-4.817334819187708,10.05705211767814,0.8518050337400304,True,Keep distance
1,299,1675461022.4496531,14.035428314697857,-0.0793511511298459,True,True,True,True,5.35695220979857,False,False,False,-4.546164533884365,-3.8979444740730878,9.89966875827198,0.43449859094803034,True,Keep distance
1,300,1675461022.5496163,14.035428314697857,-0.0793511511298459,True,True,True,True,5.35695220979857,False,False,False,-4.4207721402727405,-4.229292534936614,9.84501980530166,0.048911418557521985,True,Keep distance
1,301,1675461022.649575,14.035428314697857,-0.04084804965060148,True,True,True,True,5.35695220979857,False,False,False,-4.4207721402727405,-4.229292534936614,9.84501980530166,0.048911418557521985,True,Keep distance
1,302,1675461022.7496655,14.035428314697857,-0.04084804965060148,True,True,True,True,4.506518702259108,False,False,False,-4.509100030966842,-4.001092952523681,9.730396193331535,0.11557727591208078,True,Keep distance
1,303,1675461022.849685,12.759778053388661,-0.05122309351385287,True,True,True,True,4.506518702259108,False,False,False,-4.573837046321517,-2.843602353101307,9.672386713107567,0.2420289123383223,True,Keep distance
1,304,1675461022.9495604,12.759778053388661,-0.0320169923187055,True,True,True,True,4.506518702259108,False,False,False,-4.631136639773058,-2.2563760198768206,9.612794546192722,0.19202595879518336,True,Keep distance
1,305,1675461023.0496612,12.759778053388661,-0.0320169923187055,True,True,True,True,4.506518702259108,False,False,False,-4.634114279237783,-2.2810791633154808,9.600072667784248,0.027945622604853608,True,Keep distance
1,306,1675461023.1496246,12.759778053388661,-0.033895254839430726,True,True,True,True,4.506518702259108,False,False,False,-4.585430530623648,-1.927143469988967,9.58648603675234,0.35752647305121565,True,Keep distance
1,307,1675461023.249627,12.759778053388661,-0.033895254839430726,True,True,False,True,4.506518702259108,False,False,False,-4.4746171611138745,-1.3781261650659882,9.57267730695342,0.2294552831027709,True,Keep distance
1,308,1675461023.3495767,12.759778053388661,-0.048002488965414744,True,True,False,True,4.506518702259108,False,False,False,-4.368690451565911,-1.1280221436821125,9.576016092219184,0.12446041577081073,True,Keep distance
1,309,1675461023.4495664,12.759778053388661,-0.045134085792350634,True,True,False,True,4.506518702259108,False,False,False,-4.2592726865644925,-0.8700242505863038,9.59296874675089,0.12446041577081073,True,Keep distance
1,310,1675461023.5496118,12.759778053388661,-0.045134085792350634,True,True,False,True,4.506518702259108,False,False,False,-4.181668465574635,-1.0366146845426831,9.623597743599115,0.05103018486646851,True,Keep distance
1,311,1675461023.6496527,12.759778053388661,-0.025340610930300194,True,True,False,True,4.506518702259108,False,False,False,-4.029939524408852,-1.0658390899124248,9.677670819195631,0.07966609775299816,True,Keep distance
1,312,1675461023.749559,12.759778053388661,-0.025340610930300194,False,True,False,True,4.506518702259108,False,True,False,-4.029939524408852,-1.0658390899124248,9.677670819195631,0.07966609775299816,True,Cruise
1,313,1675461023.849688,48.95781643337686,0.013895780888308522,False,True,False,True,4.506518702259108,False,True,False,-4.029939524408852,-1.0658390899124248,9.677670819195631,0.07966609775299816,True,Cruise
1,314,1675461023.9496253,46.438620620153756,-0.047485058397949934,False,True,False,True,4.506518702259108,False,True,False,-1.8457005975147065,-0.9251546404035211,9.569513905849018,1.9413494465536023,True,Cruise
1,315,1675461024.0495636,46.438620620153756,-0.047485058397949934,False,True,False,True,4.506518702259108,False,True,False,1.42789133826016,0.04659811451881521,9.37769462027898,1.484380839844582,True,Cruise
1,316,1675461024.1495342,45.04284085831179,-0.06609545522250937,False,True,False,True,4.506518702259108,False,True,False,2.8034724300399803,-1.1236645359214914,9.392670330977786,1.1015134257010508,True,Cruise
1,317,1675461024.249626,45.04284085831179,-0.06609545522250937,False,True,False,True,4.506518702259108,False,True,False,3.1129888681378723,-1.2490525404580919,9.439942821989758,0.33727921006334466,True,Cruise
1,318,1675461024.34957,47.04863888962028,0.03935148147172957,False,True,False,True,4.506518702259108,False,True,False,3.658747390693178,-1.6382268738539292,9.621181145896324,0.33727921006334466,True,Cruise
1,319,1675461024.4496737,47.04719093532499,0.03937078752900016,False,True,False,True,4.506518702259108,False,True,False,2.3177174706985033,-1.9176094351903736,9.837208578167525,2.0383654436652776,True,Cruise
1,320,1675461024.5495675,47.04719093532499,0.03937078752900016,False,True,False,True,4.506518702259108,False,True,False,4.750301187370233,-0.0376675866087372,9.73521591035811,0.273070919623311,True,Cruise
1,321,1675461024.6495624,47.81539700736872,-0.02912803990175036,False,True,False,True,4.506518702259108,False,True,False,5.051418427006643,0.11287386731941877,9.897668456191866,0.11488764646634686,True,Cruise
1,322,1675461024.74957,47.81539700736872,-0.02912803990175036,False,True,False,True,4.506518702259108,False,True,False,5.051418427006643,0.11287386731941877,9.897668456191866,0.11488764646634686,True,Cruise
1,323,1675461024.8495736,45.211202168700915,-0.06385063775065446,False,True,False,True,4.506518702259108,False,True,False,5.051418427006643,0.11287386731941877,9.897668456191866,0.11488764646634686,True,Cruise
1,324,1675461024.9496217,46.72999285276311,-0.043600095296491864,False,True,False,True,4.506518702259108,False,True,False,5.483063584721044,-0.4136054153016579,10.058183471428302,0.1709404935871413,True,Cruise
1,325,1675461025.0495453,46.72999285276311,-0.043600095296491864,False,True,False,True,4.506518702259108,False,True,False,5.2891632000912665,-0.6997219515768299,10.096265908043115,0.34772158901655587,True,Cruise
1,326,1675461025.1496267,46.36207299489611,-0.04850569340138524,False,True,False,True,4.506518702259108,False,True,False,5.006008299614951,-0.7343273831173622,10.134387805313862,0.14717773022086006,True,Cruise
1,327,1675461025.249621,46.72182359126607,-0.04370901878311895,False,True,False,True,4.506518702259108,False,True,False,4.929281946088468,-0.8598899868450635,10.13728323146792,0.14717773022086006,True,Cruise
1,328,1675461025.3495836,46.72182359126607,-0.04370901878311895,False,True,False,True,4.506518702259108,False,True,False,4.70814843090561,-1.583866449611284,10.110694319964127,0.24312329510368635,True,Cruise
1,329,1675461025.4496546,45.232926263923716,-0.06356098314768378,False,True,False,True,4.506518702259108,False,True,False,4.6329232943681875,-1.8142950852985644,10.091912432138383,0.24312329510368635,True,Cruise
1,330,1675461025.5496275,45.232926263923716,-0.06356098314768378,False,True,False,True,4.506518702259108,False,True,False,2.45371218128256,-2.3161995050372046,10.226967343952289,0.6853414717781394,True,Cruise
1,331,1675461025.6495733,45.6119563791478,-0.0585072482780293,False,True,False,True,4.506518702259108,False,True,False,1.9588816779220928,-2.514449175302717,10.187713875074374,0.5345100500788617,True,Cruise
1,332,1675461025.74959,45.6119563791478,-0.0585072482780293,False,True,False,True,4.506518702259108,False,True,False,0.6425491534169405,-2.4506194644665675,10.110622408852407,0.8851564154650359,True,Cruise
1,333,1675461025.8495665,47.140700250078396,-0.038123996665621426,False,True,False,True,4.506518702259108,False,True,False,0.3875383500810191,-2.4475934325743633,10.060932373989349,0.8460720294765215,True,Cruise
1,334,1675461025.9496043,48.196683743438825,-0.02404421675414893,False,True,False,True,4.506518702259108,False,True,False,0.3875383500810191,-2.4475934325743633,10.060932373989349,0.8460720294765215,True,Cruise
1,335,1675461026.0495675,48.196683743438825,-0.02404421675414893,False,True,False,True,4.506518702259108,False,True,False,2.8207541302825594,-2.8037583177464565,9.617735964696676,0.35188771442067485,True,Cruise
1,336,1675461026.1496701,48.40768961874253,-0.021230805083432898,False,True,False,True,4.506518702259108,False,True,False,2.965154135751624,-2.7295889084590845,9.570547193072738,0.35188771442067485,True,Cruise
1,337,1675461026.2495663,48.668755439895676,-0.01774992746805761,False,True,False,True,4.506518702259108,False,True,False,2.9978246999652125,-2.7000331449933093,9.53990774084004,0.053662696104453025,True,Cruise
1,338,1675461026.3496203,48.668755439895676,-0.01774992746805761,False,True,False,True,4.506518702259108,False,True,False,3.0054127094129415,-2.500156049071665,9.48298363510557,0.03585102564942336,True,Cruise
1,339,1675461026.44972,48.92034486517137,-0.014395401797715002,False,True,False,True,4.506518702259108,False,True,False,3.0667924603218526,-2.3744221059205004,9.476400483329343,0.14007082554653957,True,Cruise
1,340,1675461026.549644,49.86950115298325,0.0017399846268899939,False,True,False,True,4.506518702259108,False,True,False,3.2496791317084157,-2.0936525899178426,9.472509387631453,0.19762309013168847,True,Cruise
1,341,1675461026.6495724,49.86950115298325,0.0017399846268899939,False,True,False,True,4.506518702259108,False,True,False,3.3571412713923725,-1.933496293402399,9.47606938436304,0.19290107401392528,True,Cruise
1,342,1675461026.749554,48.28360864041563,0.022885218127791675,False,True,False,True,4.506518702259108,False,True,False,3.416908007682723,-1.776134981379031,9.410922600599564,0.18049584129070992,True,Cruise
1,343,1675461026.8495567,48.28360864041563,0.022885218127791675,False,True,False,True,4.506518702259108,False,True,False,2.7782096261146867,-0.41830270393769,9.57357727947263,0.9007270082296006,True,Cruise
1,344,1675461026.949548,48.776094653607736,0.016318737951896818,False,True,False,True,4.506518702259108,False,True,False,1.407240469556971,0.23148542909968245,9.751233976294376,0.6278617381233732,True,Cruise
1,345,1675461027.0495331,48.927345047272716,0.014302066036363787,False,True,False,True,4.506518702259108,False,True,False,2.037948160163928,0.13776024405739282,9.712441589645678,0.5034787643048532,True,Cruise
1,346,1675461027.149572,48.927345047272716,0.014302066036363787,False,True,False,True,4.506518702259108,False,True,False,2.037948160163928,0.13776024405739282,9.712441589645678,0.18242439833510293,True,Cruise
1,347,1675461027.2495627,48.388093389758204,0.021492088136557338,False,True,False,True,4.506518702259108,False,True,False,2.732743335376631,0.4270826404804102,9.743048051979498,0.1903381882611731,True,Cruise
1,348,1675461027.349635,48.388093389758204,0.021492088136557338,False,True,False,True,4.506518702259108,False,True,False,1.864595430819787,0.7965919304953957,9.909986427122963,0.9581682110617937,True,Cruise
1,349,1675461027.4495783,48.530860062531076,0.019588532499585688,False,True,False,True,4.506518702259108,False,True,False,0.24797914894609133,1.1352146799418863,10.072691668618473,0.7938215809554522,True,Cruise
1,350,1675461027.5495605,48.45630569519614,0.02058259073071806,False,True,False,True,4.506518702259108,False,True,False,-0.4924582550595826,1.1791098800879114,10.119623267875404,0.8674744714137539,True,Cruise
1,351,1675461027.6495624,48.45630569519614,0.02058259073071806,False,True,False,True,4.506518702259108,False,True,False,0.302859145451495,1.220623517086151,10.02483155719174,0.3935456565160258,True,Cruise
1,352,1675461027.7495995,48.56021752998117,0.019197099600251035,False,True,False,True,4.506518702259108,False,True,False,0.302859145451495,1.220623517086151,10.02483155719174,0.3935456565160258,True,Cruise
1,353,1675461027.849607,48.56021752998117,0.019197099600251035,False,True,False,True,4.506518702259108,False,True,False,0.08427619116428398,1.4546465602838519,9.978552465214937,0.3235537776114434,True,Cruise
1,354,1675461027.9495695,48.87397844760184,0.015013620698642075,False,True,False,True,4.506518702259108,False,True,False,1.3038987514241889,1.5327590158591042,9.79742384548252,0.7436635373908881,True,Cruise
1,355,1675461028.0495582,48.87397844760184,0.015013620698642075,False,True,False,True,4.506518702259108,False,True,False,1.8889087775804498,1.4584923356645243,9.731852067663656,0.593339640119215,True,Cruise
1,356,1675461028.1495602,47.43461093951471,0.03420518747313718,False,True,False,True,4.506518702259108,False,True,False,1.0991593318513504,1.386639469128325,9.788080798434493,0.5885356922036059,True,Cruise
1,357,1675461028.2495754,48.93268609752101,0.014230852033053297,False,True,False,True,4.506518702259108,False,True,False,1.0991593318513504,1.386639469128325,9.788080798434493,0.5885356922036059,True,Cruise
1,358,1675461028.3495739,48.93268609752101,0.014230852033053297,False,True,False,True,4.506518702259108,False,True,False,-0.8989647969881239,1.6649038133960332,9.87229964506143,3.0177258347445544,True,Cruise
1,359,1675461028.4496162,48.22950605400992,0.023606585946534454,False,True,False,True,4.506518702259108,False,True,False,-0.8989647969881239,1.6649038133960332,9.87229964506143,1.368242008470206,True,Cruise
1,360,1675461028.549573,48.39466005876442,0.021404532549807738,False,True,False,True,4.506518702259108,False,True,False,-1.3678834270262565,1.1395024575752035,9.875632270778741,0.861244361000646,True,Cruise
1,361,1675461028.6495893,48.39466005876442,0.021404532549807738,False,True,False,True,4.506518702259108,False,True,False,-2.0268085819320527,1.2646123311860775,9.875387269660738,0.2951591325107233,True,Cruise
1,362,1675461028.749579,47.9194562248142,0.0277405836691441,False,True,True,True,4.506518702259108,False,True,False,-1.034649812028961,1.211332177061063,9.743354629028842,1.0023225118251278,True,Cruise
1,363,1675461028.8496795,48.468008525892685,0.02042655298809755,False,True,True,True,4.506518702259108,False,True,False,-1.4754156389579671,1.1285097948279028,9.766035441250239,0.7860132358481434,True,Cruise
1,364,1675461028.9496167,48.468008525892685,0.02042655298809755,False,True,True,True,4.506518702259108,False,True,False,-0.9615090641103173,1.2969061720499906,9.672967714936071,1.3390666652027754,True,Cruise
1,365,1675461029.0496206,48.73510660857072,0.0168652452190571,False,True,True,True,4.506518702259108,False,True,False,-0.9615090641103173,1.2969061720499906,9.672967714936071,1.3863741965958722,True,Cruise
1,366,1675461029.1495519,48.73510660857072,0.0168652452190571,False,True,True,True,4.506518702259108,False,True,False,1.7942358178318194,1.1774800063627566,9.450677390727078,0.7773979041727702,True,Cruise
