repetition,iteration,time,speed,steering,obstacle_North,obstacle_NorthWest,obstacle_SouthWest,obstacle_West,obstacle_distance,follow_enable,steady_motion_enable,passing_start,accel_x,accel_y,accel_z,accel_diff,success,action
1,1,1675461135.133256,0.0,0.0,False,True,False,True,100000,False,True,False,-0.07212504674529217,-6.403245228991495e-13,9.768076971363683,0.028829123250623947,True,Cruise
1,2,1675461135.1334445,0.0,0.0,False,True,False,True,100000,False,True,False,-0.07212504674529217,-6.403245228991495e-13,9.768076971363683,0.028829123250623947,True,Cruise
1,3,1675461135.2335877,0.0,0.0,False,True,False,True,100000,False,True,False,-0.06362108344830059,-1.3203331004646683e-13,9.78033067638404,0.015087420376697462,True,Cruise
1,4,1675461135.3335931,49.637666907488864,0.004831107900148502,False,True,False,True,100000,False,True,False,-0.04336732387116506,2.5345768055203166e-13,9.802715199147,0.01512419171482807,True,Cruise
1,5,1675461135.4336636,49.42267187553893,0.007697708326147573,False,True,False,True,100000,False,True,False,0.9658813456314783,2.0428263099482818e-13,9.726728192269482,0.015016569627784316,True,Cruise
1,6,1675461135.5335803,49.42267187553893,0.007697708326147573,False,True,False,True,100000,False,True,False,2.5737010359519257,0.0059840043181920615,9.625108557656146,0.6888368354597748,True,Cruise
1,7,1675461135.6335716,49.42267187553893,0.007697708326147573,False,True,False,True,100000,False,True,False,2.5737010359519257,0.0059840043181920615,9.625108557656146,0.7403354339462243,True,Cruise
1,8,1675461135.7335699,49.00189046675447,0.013308127109940417,False,True,False,True,100000,False,True,False,3.4879148932461503,0.009909185857703626,9.634414430343657,0.17505488639191769,True,Cruise
1,9,1675461135.83356,49.62845743018491,0.004953900930867868,False,True,False,True,100000,False,True,False,3.710382371011519,-0.007712323828963228,9.682127426629847,0.10703509991643238,True,Cruise
1,10,1675461135.9335554,49.57197638692126,-0.0057069815077165475,False,True,False,True,100000,False,True,False,3.8142798572366905,0.015393302161484485,9.706702791256841,0.10923601119992381,True,Cruise
1,11,1675461136.0335977,49.57197638692126,-0.0057069815077165475,False,True,False,True,100000,False,True,False,3.925663901960938,0.02020512502975102,9.730098224174622,0.12153273487224976,True,Cruise
1,12,1675461136.1335683,49.82918620592836,0.002277517254288509,False,True,False,False,100000,False,True,False,4.161066431744811,0.0347352326829284,9.772928593954726,0.23067981934727516,True,Cruise
1,13,1675461136.2335942,49.82918620592836,0.002277517254288509,False,True,False,False,100000,False,True,False,4.469035290419484,-0.025941927959780377,9.829651951115247,0.0930014708267074,True,Cruise
1,14,1675461136.3335774,49.56363886628504,-0.005818148449532793,False,True,False,False,100000,False,True,False,4.545472348690382,-0.03924203409573231,9.846697306015193,0.0794358912834828,True,Cruise
1,15,1675461136.4335685,49.56363886628504,-0.005818148449532793,False,True,False,False,100000,False,True,False,4.653335465635729,0.016441685337851716,9.877069515918876,0.07672418917103914,True,Cruise
1,16,1675461136.53368,49.78331852935377,-0.0028890862752830294,False,True,False,False,100000,False,True,False,4.704596047176406,0.011089910718598111,9.901067249578801,0.022445578907714453,True,Cruise
1,17,1675461136.6335785,49.78331852935377,-0.0028890862752830294,False,True,False,False,100000,False,True,False,4.692174277997016,-0.030515387855319143,9.922301403628099,0.0645628932277849,True,Cruise
1,18,1675461136.733594,49.740554673002144,-0.0034592710266381577,False,True,False,False,100000,False,True,False,4.637097113712729,-0.006684921192048433,9.925822197125651,0.03278769498618629,True,Cruise
1,19,1675461136.833679,49.67515857697694,-0.004331218973640793,False,True,False,False,100000,False,True,False,4.637097113712729,-0.006684921192048433,9.925822197125651,0.03815874133747522,True,Cruise
1,20,1675461136.9335775,49.67515857697694,-0.004331218973640793,False,True,False,False,100000,False,True,False,4.555324053014101,-0.005609176325466698,9.921032221407998,0.048597175473428386,True,Cruise
1,21,1675461137.0337148,49.14980476455819,0.011335936472557474,False,True,False,False,100000,False,True,False,4.507329578965027,-0.011112578846993282,9.915747480597512,0.05174807905279938,True,Cruise
1,22,1675461137.133569,49.9060085297012,-0.0012532196039840527,False,True,False,False,100000,False,True,False,4.402782808311167,-0.014383877780492382,9.900096797226466,0.05403371711832679,True,Cruise
1,23,1675461137.233652,49.9060085297012,-0.0012532196039840527,False,True,False,False,100000,False,True,False,4.187974304850446,0.01675274249540042,9.853660478482535,0.0661888821282718,True,Cruise
1,24,1675461137.3336213,49.38508514509836,0.008198864732021924,False,True,False,False,100000,False,True,False,4.187974304850446,0.01675274249540042,9.853660478482535,0.05564799572741058,True,Cruise
1,25,1675461137.4335887,49.848805732540384,0.0020159235661281957,False,True,False,False,100000,False,True,False,4.0910330570924485,-0.037231758307188355,9.826286577767332,0.059342122428587295,True,Cruise
1,26,1675461137.5335727,49.848805732540384,0.0020159235661281957,False,True,False,False,100000,False,True,False,3.9718321441430366,0.052631594138028245,9.784962756175016,0.04369071187242912,True,Cruise
1,27,1675461137.633605,49.848805732540384,0.0020159235661281957,False,True,False,False,100000,False,True,False,3.9718321441430366,0.052631594138028245,9.784962756175016,0.07903083957289415,True,Cruise
1,28,1675461137.7335966,49.65435629801995,0.004608582693067338,False,True,False,False,100000,False,True,False,3.8912755957675524,0.004741826579796567,9.748025455010787,0.02516598892912204,True,Cruise
1,29,1675461137.8335521,49.62987265690674,0.004935031241243429,False,True,False,False,100000,False,True,False,3.87341385104619,0.007983294163753792,9.737449327130712,0.021009605363372617,True,Cruise
1,30,1675461137.9335573,49.62987265690674,0.004935031241243429,False,True,False,False,100000,False,True,False,3.8506760520382035,0.01993430702469315,9.719613703935313,0.020375518201366734,True,Cruise
1,31,1675461138.0335739,47.96872950562644,0.02708360659164751,False,True,False,False,100000,False,True,False,3.845970924021362,0.026448019906013736,9.702170065486065,0.004994150810699193,True,Cruise
1,32,1675461138.1335776,47.96872950562644,0.02708360659164751,False,True,False,False,100000,False,True,False,3.845970924021362,0.026448019906013736,9.702170065486065,0.0595303969715057,True,Cruise
1,33,1675461138.2335896,49.54798023138149,0.006026930248246812,False,True,False,False,100000,False,True,False,3.8680208257551723,0.1323084556788729,9.69647754747466,0.013427856558050158,True,Cruise
1,34,1675461138.333636,49.666129711968935,0.004451603840414214,False,True,False,False,100000,False,True,False,3.8797574335749734,0.13880799229970853,9.697039145500092,0.05708527020590384,True,Cruise
1,35,1675461138.4335847,49.666129711968935,0.004451603840414214,False,True,False,False,100000,False,True,False,3.9101966540715076,0.0740414522781602,9.701193393840283,0.12133375737307536,True,Cruise
1,36,1675461138.5335588,49.02416267490136,0.013011164334648497,False,True,False,False,100000,False,True,False,3.945460530969262,0.009501025181812024,9.70904686994952,0.05987114638669479,True,Cruise
1,37,1675461138.6335943,49.02416267490136,0.013011164334648497,False,True,False,False,100000,False,True,False,3.9970870731130166,0.055535600743719736,9.726190997769622,0.05165347684974921,True,Cruise
1,38,1675461138.7335737,49.73808769295389,0.0034921640939481204,False,True,False,False,100000,False,True,False,4.013259111958693,0.0742691485844513,9.732799904284747,0.02561558706047328,True,Cruise
1,39,1675461138.833558,49.30651141990303,0.00924651440129292,False,True,False,False,100000,False,True,False,4.028979648795081,0.10012299284515054,9.739610966319578,0.06668373460809066,True,Cruise
1,40,1675461138.9336343,49.0655178363405,0.012459762182126745,False,True,False,False,100000,False,True,False,4.058932184411937,-0.012121685841025872,9.753309688001249,0.029436162623389512,True,Cruise
1,41,1675461139.0336254,49.0655178363405,0.012459762182126745,False,True,False,False,100000,False,True,False,4.093016487700175,0.021603517676705455,9.772994935715298,0.013305339715296837,True,Cruise
1,42,1675461139.1335833,49.0655178363405,0.012459762182126745,False,True,False,False,100000,False,True,False,4.093016487700175,0.021603517676705455,9.772994935715298,0.013305339715296837,True,Cruise
1,43,1675461139.2335942,49.45188628123874,0.007308182916816773,False,True,False,False,100000,False,True,False,4.108585475323666,0.04518662746653046,9.784391592962395,0.030470317349630315,True,Cruise
1,44,1675461139.333562,49.276817859627606,0.00964242853829857,False,True,False,False,100000,False,True,False,4.1189130412517745,0.0582643428949847,9.793732298349372,0.03266488596101135,True,Cruise
1,45,1675461139.4336793,49.276817859627606,0.00964242853829857,False,True,False,False,100000,False,True,False,4.124735475874721,0.006195037885759629,9.800659015696409,0.020195987368069577,True,Cruise
1,46,1675461139.533561,49.120418248685276,0.01172775668419628,False,True,False,False,100000,False,True,False,4.12494241033851,0.02980767584392098,9.805206158566124,0.004864155108070298,True,Cruise
1,47,1675461139.6335745,46.58527772988679,0.04552963026817607,False,True,False,False,100000,False,True,False,4.123438928513631,0.034232002826615114,9.80655703904486,0.004864155108070298,True,Cruise
1,48,1675461139.7336018,46.58527772988679,0.04552963026817607,False,True,False,False,100000,False,True,False,4.11767303111803,0.043702438974229145,9.807512987950746,0.011128727326756443,True,Cruise
1,49,1675461139.833597,48.74490353081643,0.016734619589114236,False,True,False,False,100000,False,True,False,4.1050525315345014,0.17442477343790233,9.806752970474058,0.22093210845411157,True,Cruise
1,50,1675461139.9336271,48.74490353081643,0.016734619589114236,False,True,False,False,100000,False,True,False,4.087995564309425,0.30197978185254976,9.804265492485749,0.08322711191932321,True,Cruise
1,51,1675461140.0335722,47.47545050371302,0.03366065995049299,False,True,False,False,100000,False,True,False,4.080695960655236,0.19696177296500836,9.799211372845022,0.12924862539780912,True,Cruise
1,52,1675461140.133551,47.416537724153926,0.034446163677947644,False,True,False,False,100000,False,True,False,4.079142813748693,0.06775812423226824,9.796176235935986,0.12924862539780912,True,Cruise
1,53,1675461140.2335498,47.416537724153926,0.034446163677947644,False,True,False,False,100000,False,True,False,4.065518574191444,0.24542423302314065,9.790710752361546,0.17827152780830122,True,Cruise
1,54,1675461140.333584,47.07442169264748,0.03900771076470022,False,True,False,False,100000,False,True,False,4.0527728662527895,0.2819423170044269,9.784868701906833,0.012642635448725865,True,Cruise
1,55,1675461140.433636,47.07442169264748,0.03900771076470022,False,True,False,False,100000,False,True,False,4.038969507014291,0.26092130263944174,9.776127873263222,0.017414946716432306,True,Cruise
1,56,1675461140.533582,47.387295393812764,0.034836061415829817,False,True,False,False,100000,False,True,False,4.034230965057521,0.28942183417484035,9.77357047831613,0.013867086229310132,True,Cruise
1,57,1675461140.6336222,47.387295393812764,0.034836061415829817,False,True,False,False,100000,False,True,False,4.030310166133315,0.30249786671634693,9.771133104881358,0.013867086229310132,True,Cruise
1,58,1675461140.7335727,46.459791034846795,0.04720278620204273,False,True,False,False,100000,False,True,False,4.026300587068261,0.2662434568770564,9.764680972113887,0.0193713514342112,True,Cruise
1,59,1675461140.8335724,47.51147849341162,0.033180286754511706,False,True,False,False,100000,False,True,False,4.026300587068261,0.2662434568770564,9.764680972113887,0.0193713514342112,True,Cruise
1,60,1675461140.9335968,47.51147849341162,0.033180286754511706,False,True,False,False,100000,False,True,False,4.017358933621923,0.3893649439039687,9.760712478761588,0.08561631254876818,True,Cruise
1,61,1675461141.0335813,48.30158694799881,0.02264550736001591,False,True,False,False,100000,False,True,False,4.026268685605623,0.27308953778281136,9.759121693692078,0.024496069353060056,True,Cruise
1,62,1675461141.1336339,48.30158694799881,0.02264550736001591,False,True,False,False,100000,False,True,False,4.026268685605623,0.27308953778281136,9.759121693692078,0.024496069353060056,True,Cruise
1,63,1675461141.2336082,48.66698781181953,0.017773495842406242,False,True,False,False,100000,False,True,False,4.026268685605623,0.27308953778281136,9.759121693692078,0.14160118468119529,True,Cruise
1,64,1675461141.3335645,47.915519698896055,0.027793070681385857,False,True,False,False,100000,False,True,False,4.045135644185648,0.1452113183358432,9.759438027177538,0.012935244113868864,True,Cruise
1,65,1675461141.4335625,47.915519698896055,0.027793070681385857,False,True,False,False,100000,False,True,False,4.050418193109203,0.05059708656834583,9.761224333550402,0.05887291394840148,True,Cruise
1,66,1675461141.533529,49.03743482718756,0.012834202304165862,False,True,False,False,100000,False,True,False,4.048262823694972,0.1397207140997482,9.765681787292875,0.028385270403536424,True,Cruise
1,67,1675461141.6335583,49.03743482718756,0.012834202304165862,False,True,False,False,100000,False,True,False,4.048262823694972,0.1397207140997482,9.765681787292875,0.0024427367981111467,True,Cruise
1,68,1675461141.7336097,49.51225176044492,-0.006503309860734397,False,True,False,False,100000,False,True,False,4.057169584803383,0.06050021562653597,9.767751385402157,0.07974647959703589,True,Cruise
1,69,1675461141.8335514,48.815232520587855,0.015796899725495264,False,True,False,False,100000,False,True,False,4.066506620724584,-0.010380504451374074,9.769919035158912,0.012423624338311188,True,Cruise
1,70,1675461141.9335523,48.815232520587855,0.015796899725495264,False,True,False,False,100000,False,True,False,4.072943527964006,-0.0593490061583268,9.773551845749807,0.0947549984819668,True,Cruise
1,71,1675461142.0335612,49.15764806747368,0.01123135910035093,False,True,False,False,100000,False,True,False,4.072943527964006,-0.0593490061583268,9.773551845749807,0.0702373188790899,True,Cruise
1,72,1675461142.133555,49.15764806747368,0.01123135910035093,False,True,False,False,100000,False,True,False,4.069196822780751,0.04613498438043065,9.776183384688128,0.03534911765541659,True,Cruise
1,73,1675461142.2335415,48.359411422076064,0.021874514372319128,False,True,False,False,100000,False,True,False,4.070311941160846,-0.009326602393365156,9.777792269907502,0.00417081179316274,True,Cruise
1,74,1675461142.3335474,48.865095577915454,0.015132058961127242,False,True,False,False,100000,False,True,False,4.070866552000894,-0.03850533154994463,9.778927598799067,0.00417081179316274,True,Cruise
1,75,1675461142.4336472,48.865095577915454,0.015132058961127242,False,True,False,False,100000,False,True,False,4.0661320977199065,0.12987476593176125,9.78001383423751,0.07558691153461491,True,Cruise
1,76,1675461142.533661,49.94712177703514,0.0007050429728647423,False,True,False,False,100000,False,True,False,4.066357243272173,0.10021020284882304,9.780053868932614,0.029665444480036676,True,Cruise
1,77,1675461142.633576,49.94712177703514,0.0007050429728647423,False,True,False,False,100000,False,True,False,4.066520557650834,0.08716011208006466,9.779870818137496,0.0037631951900933265,True,Cruise
1,78,1675461142.733591,49.13978415048493,0.011469544660200968,False,True,False,False,100000,False,True,False,4.066520557650834,0.08716011208006466,9.779870818137496,0.09678526102148713,True,Cruise
1,79,1675461142.83355,49.435670265953924,0.007524396453947721,False,True,False,False,100000,False,True,False,4.0697510645557715,-0.048746857948556606,9.778207920299794,0.09157823186731023,True,Cruise
1,80,1675461142.9335718,49.435670265953924,0.007524396453947721,False,True,False,False,100000,False,True,False,4.0666130354504215,0.04277745407173989,9.778047812560374,0.06278158164941175,True,Cruise
1,81,1675461143.0335686,49.70610328913911,-0.00391862281147856,False,True,False,False,100000,False,True,False,4.061135363011932,0.06253651822243039,9.776803674557588,0.02228317847543771,True,Cruise
1,82,1675461143.1335547,49.70610328913911,-0.00391862281147856,False,True,False,False,100000,False,True,False,4.060217822465529,0.051223931108956615,9.776264748691666,0.011362523880863128,True,Cruise
1,83,1675461143.233557,49.77367620673466,-0.0030176505768711314,False,True,False,False,100000,False,True,False,4.060217822465529,0.051223931108956615,9.776264748691666,0.011362523880863128,True,Cruise
1,84,1675461143.3335505,48.763480517174145,0.01648692643767806,False,True,False,False,100000,False,True,False,4.060312402324847,-0.08311369789083146,9.7738825305005,0.053007051792051334,True,Cruise
1,85,1675461143.4336004,48.763480517174145,0.01648692643767806,False,True,False,False,100000,False,True,False,4.059402938595403,-0.0887845232554674,9.773451471629174,0.005759444100077892,True,Cruise
1,86,1675461143.533567,49.141531477623204,-0.011446246965023919,False,True,False,False,100000,False,True,False,4.057189205808762,-0.08654099828297586,9.772736873703927,0.002433700849179865,True,Cruise
1,87,1675461143.6336129,49.141531477623204,-0.011446246965023919,False,True,False,False,100000,False,True,False,4.054225467604184,0.00702859689661778,9.772289190521779,0.157072767324419,True,Cruise
1,88,1675461143.7335637,49.68185427248565,0.004241943033524598,False,True,False,False,100000,False,True,False,4.055092037861237,-0.17248256298966047,9.771388121377612,0.13366421602495576,True,Cruise
1,89,1675461143.8335776,48.76939902858121,-0.01640801295225048,False,True,False,False,100000,False,True,False,4.055092037861237,-0.17248256298966047,9.771388121377612,0.13366421602495576,True,Cruise
1,90,1675461143.9335542,48.76939902858121,-0.01640801295225048,False,True,False,False,100000,False,True,False,4.0546927402179485,-0.11418381525820748,9.771182615990101,0.13925306721787667,True,Cruise
1,91,1675461144.0336008,49.5774332522109,0.005634223303854685,False,True,False,False,100000,False,True,False,4.054212978328425,-0.11569713531888828,9.771190631545746,0.17774943615231573,True,Cruise
1,92,1675461144.1336956,49.5774332522109,0.005634223303854685,False,True,False,False,100000,False,True,False,4.053923775330914,-0.2865158053901058,9.771267849723841,0.17081893234041787,True,Cruise
1,93,1675461144.2335825,49.00675170869026,-0.013243310550796559,False,True,False,False,100000,False,True,False,4.053923775330914,-0.2865158053901058,9.771267849723841,0.3127357127175859,True,Cruise
1,94,1675461144.3335845,48.962881413432044,-0.013828247820906128,False,True,False,False,100000,False,True,False,4.0545260628503845,0.02621913508644778,9.771614640506256,0.06025656993536589,True,Cruise
1,95,1675461144.433555,48.962881413432044,-0.013828247820906128,False,True,False,False,100000,False,True,False,4.054947821165377,-0.08122966452736563,9.771948017794164,0.16770550118562066,True,Cruise
1,96,1675461144.5337136,49.27958063398638,-0.009605591546848258,False,True,False,False,100000,False,True,False,4.054628688669171,-0.20076973115183258,9.77239769132343,0.02647404293862021,True,Cruise
1,97,1675461144.6335597,49.27958063398638,-0.009605591546848258,False,True,False,False,100000,False,True,False,4.054081765468266,-0.20799525281762277,9.772848874898479,0.008454645806062243,True,Cruise
1,98,1675461144.73357,48.91448244146419,-0.014473567447144092,False,True,False,False,100000,False,True,False,4.054733791967773,-0.16018105197056093,9.773169534731183,0.04781972149571282,True,Cruise
1,99,1675461144.833595,49.801924768662246,-0.00264100308450336,False,True,False,False,100000,False,True,False,4.055030292048755,-0.16677999191680737,9.773326354623816,0.0066074589057303155,True,Cruise
1,100,1675461144.933556,49.801924768662246,-0.00264100308450336,False,True,False,False,100000,False,True,False,4.054873896142042,-0.22894621995588277,9.773827462132068,0.012470574389550656,True,Cruise
1,101,1675461145.0335624,49.21929186211018,-0.010409441838530886,False,True,False,False,100000,False,True,False,4.0544705097585805,-0.29410359640543077,9.773981691153427,0.06515880763913275,True,Cruise
1,102,1675461145.1335588,49.21929186211018,-0.010409441838530886,False,True,False,False,100000,False,True,False,4.057424041538681,-0.1305404961411243,9.773919334644678,0.06405213271703981,True,Cruise
1,103,1675461145.2335556,49.885339386155906,-0.0015288081845880016,False,True,False,False,100000,False,True,False,4.057424041538681,-0.1305404961411243,9.773919334644678,0.025285302115456456,True,Cruise
1,104,1675461145.333549,49.63557254593202,0.004859032720906353,False,True,False,False,100000,False,True,False,4.05666401283488,-0.1958160506448412,9.774244787374448,0.03141627169881736,True,Cruise
1,105,1675461145.4335756,49.63557254593202,0.004859032720906353,False,True,False,False,100000,False,True,False,4.058266172127996,-0.09294459980147644,9.774163862675097,0.04252951614316739,True,Cruise
1,106,1675461145.5335884,49.7749460077469,-0.003000719896708013,False,True,False,False,100000,False,True,False,4.059947210217475,0.0380024010481973,9.774031814861305,0.046460494755003474,True,Cruise
1,107,1675461145.6335433,49.7749460077469,-0.003000719896708013,False,True,False,False,100000,False,True,False,4.059871371834519,0.08009034355563886,9.77403731415375,0.042088011193358296,True,Cruise
1,108,1675461145.733529,49.286291717072714,-0.00951611043903048,False,True,False,False,100000,False,True,False,4.059871371834519,0.08009034355563886,9.77403731415375,0.042088011193358296,True,Cruise
1,109,1675461145.8335562,49.909940981788175,0.001200786909490972,False,True,False,False,100000,False,True,False,4.057737412814121,0.00500379284452436,9.77413761680849,0.08937148821366919,True,Cruise
1,110,1675461145.9336102,49.909940981788175,0.001200786909490972,False,True,False,False,100000,False,True,False,4.057093500566152,-0.051346771594815065,9.774095117044356,0.08765690530512221,True,Cruise
1,111,1675461146.0335567,49.61230755286727,0.005169232628436392,False,True,False,False,100000,False,True,False,4.057583884280719,0.015022004306876257,9.773971104719237,0.06637070340092244,True,Cruise
1,112,1675461146.1335826,49.61230755286727,0.005169232628436392,False,True,False,False,100000,False,True,False,4.058087084967389,0.06350510686099368,9.773800437159602,0.00018632586853360424,True,Cruise
1,113,1675461146.2335784,49.04806305038354,-0.01269249266155282,False,True,False,False,100000,False,True,False,4.058087084967389,0.06350510686099368,9.773800437159602,0.00018632586853360424,True,Cruise
1,114,1675461146.333639,49.04806305038354,-0.01269249266155282,False,True,False,False,100000,False,True,False,4.057847334724601,0.17033468004150742,9.77363360842828,0.17725415163227776,True,Cruise
1,115,1675461146.4336338,49.119568461526896,0.0117390871796414,False,True,False,False,100000,False,True,False,4.056425642963105,-0.11569000282609695,9.773678620673287,0.10877460395885201,True,Cruise
1,116,1675461146.5334904,49.053956323776845,-0.012613915682975395,False,True,False,False,100000,False,True,False,4.055094928418423,-0.2276144885522787,9.773645340923228,0.23651615989497027,True,Cruise
1,117,1675461146.6335306,49.053956323776845,-0.012613915682975395,False,True,False,False,100000,False,True,False,4.057812429866211,0.2150934258949288,9.773293789471158,0.20620152080395787,True,Cruise
1,118,1675461146.7335582,49.89351680833172,0.0014197758889104369,False,True,False,False,100000,False,True,False,4.057812429866211,0.2150934258949288,9.773293789471158,0.20620152080395787,True,Cruise
1,119,1675461146.8335571,49.27642192855191,0.00964770761930785,False,True,False,False,100000,False,True,False,4.055137700905338,-0.2278770360392007,9.77345190943252,0.013157887549060566,True,Cruise
1,120,1675461146.9335551,49.27642192855191,0.00964770761930785,False,True,False,False,100000,False,True,False,4.055785777984074,-0.17169896149084232,9.773256173948699,0.1128809798244806,True,Cruise
1,121,1675461147.0335698,49.406411397021515,-0.007914514706379818,False,True,False,False,100000,False,True,False,4.0577286664752785,-0.00998927398233894,9.773092017585236,0.06673376867619289,True,Cruise
1,122,1675461147.133564,49.406411397021515,-0.007914514706379818,False,True,False,False,100000,False,True,False,4.058456822970778,0.056740511508617655,9.77305462538547,0.06673376867619289,True,Cruise
1,123,1675461147.2337,49.80546971562189,0.0025937371250414104,False,True,False,False,100000,False,True,False,4.0582364961819275,0.11898703471946902,9.773081617890147,0.06224691899466391,True,Cruise
1,124,1675461147.3336174,49.80546971562189,0.0025937371250414104,False,True,False,False,100000,False,True,False,4.056206111690026,-0.080155828336901,9.773341273758167,0.1272807281329494,True,Cruise
1,125,1675461147.4335775,49.38541803459402,-0.008194426205413042,False,True,False,False,100000,False,True,False,4.056573694025513,0.007678570315513956,9.773329690759773,0.08783516856914757,True,Cruise
1,126,1675461147.5335712,49.75533207807374,0.0032622389590167486,False,True,False,False,100000,False,True,False,4.056446079849945,-0.03598712326532025,9.773405752838725,0.06290378060192074,True,Cruise
1,127,1675461147.633564,49.75533207807374,0.0032622389590167486,False,True,False,False,100000,False,True,False,4.055791057497907,-0.12688517122779844,9.773510614063387,0.020397858864820814,True,Cruise
1,128,1675461147.7336242,49.74496025079766,0.003400529989364503,False,True,False,False,100000,False,True,False,4.055791057497907,-0.12688517122779844,9.773510614063387,0.020397858864820814,True,Cruise
1,129,1675461147.833577,49.74496025079766,0.003400529989364503,False,True,False,False,100000,False,True,False,4.057513106904652,0.04849089496108483,9.773433293698783,0.15817893801086758,True,Cruise
1,130,1675461147.9335744,49.703367341501945,-0.0039551021133073395,False,True,False,False,100000,False,True,False,4.057513106904652,0.04849089496108483,9.773433293698783,0.15817893801086758,True,Cruise
1,131,1675461148.033569,49.84926819308781,0.0020097574254959063,False,True,False,False,100000,False,True,False,4.057268020775211,0.06911347248718579,9.773535767102159,0.0022792425831025505,True,Cruise
1,132,1675461148.1335804,49.84926819308781,0.0020097574254959063,False,True,False,False,100000,False,True,False,4.05704378592523,-0.0011499446278777424,9.773585184452973,0.07026379229751202,True,Cruise
1,133,1675461148.233591,49.84926819308781,0.0020097574254959063,False,True,False,False,100000,False,True,False,4.056858286943571,-0.03998592086536872,9.773623233732422,0.048454370674563166,True,Cruise
1,134,1675461148.333559,49.33281600400563,-0.00889578661325826,False,True,False,False,100000,False,True,False,4.057037929252096,0.05298090816713902,9.773638729337362,0.04451266417992042,True,Cruise
1,135,1675461148.4335437,49.33281600400563,-0.00889578661325826,False,True,False,False,100000,False,True,False,4.057083988329567,0.09551005762054046,9.773641277786831,0.04252917447074383,True,Cruise
1,136,1675461148.533554,48.65619116583076,-0.01791745112225649,False,True,False,False,100000,False,True,False,4.056519792168917,-0.10928570296043325,9.773710945984499,0.08210589370660486,True,Cruise
1,137,1675461148.6335974,49.11947396626423,-0.011740347116476917,False,True,False,False,100000,False,True,False,4.055917260703612,-0.1490614814380014,9.773739176530807,0.01082726073481286,True,Cruise
1,138,1675461148.7335706,48.77844830940556,0.016287355874592544,False,True,False,False,100000,False,True,False,4.055716624568504,-0.15988688185314798,9.773734076270632,0.01082726073481286,True,Cruise
1,139,1675461148.8335698,48.77844830940556,0.016287355874592544,False,True,False,False,100000,False,True,False,4.055716624568504,-0.15988688185314798,9.773734076270632,0.01082726073481286,True,Cruise
1,140,1675461148.9336867,49.31520744578705,-0.009130567389505974,False,True,False,False,100000,False,True,False,4.054093488175777,-0.4064718569684339,9.773641557750592,0.09532596294113956,True,Cruise
1,141,1675461149.0336275,49.31520744578705,-0.009130567389505974,False,True,False,False,100000,False,True,False,4.0585941383247786,-0.037753723728044135,9.773216582020154,0.36874584504291436,True,Cruise
1,142,1675461149.133569,49.28374145029928,0.009550113996009621,False,True,False,False,100000,False,True,False,4.056847537516115,-0.2795069045628851,9.773410812631935,0.13662890070879344,True,Cruise
1,143,1675461149.2335873,49.28374145029928,0.009550113996009621,False,True,False,False,100000,False,True,False,4.055887811876806,-0.33067902989737286,9.7734788889411,0.05118116957373231,True,Cruise
1,144,1675461149.3335807,49.63042827964873,0.004927622938016884,False,True,False,False,100000,False,True,False,4.055887811876806,-0.33067902989737286,9.7734788889411,0.32013316715954393,True,Cruise
1,145,1675461149.433557,48.31741226693077,-0.022434503107589755,False,True,False,False,100000,False,True,False,4.059275461758293,0.05990953456392261,9.773195772853331,0.02793907978270851,True,Cruise
1,146,1675461149.5335488,48.31741226693077,-0.022434503107589755,False,True,False,False,100000,False,True,False,4.0580881789644865,0.023686275813110433,9.773347723049783,0.1033883529664044,True,Cruise
1,147,1675461149.6336203,47.679519869418364,-0.030939735074421812,False,True,False,False,100000,False,True,False,4.054084100234615,-0.29673837484867843,9.7738733790057,0.14413746049297585,True,Cruise
1,148,1675461149.7335694,47.63972752657114,-0.03147029964571809,False,True,False,False,100000,False,True,False,4.054084100234615,-0.29673837484867843,9.7738733790057,0.14413746049297585,True,Cruise
1,149,1675461149.8335967,47.63972752657114,-0.03147029964571809,False,True,False,False,100000,False,True,False,4.046383078551467,-0.5041213905345339,9.774418960528145,0.038365341189619775,True,Cruise
1,150,1675461149.9335532,48.35609212101048,-0.021918771719860303,False,True,False,False,100000,False,True,False,4.038832965598803,-0.6723625599134454,9.7743052171735,0.07364295414960487,True,Cruise
1,151,1675461150.033594,48.35609212101048,-0.021918771719860303,False,True,False,False,100000,False,True,False,4.0416225242408235,-0.759286642559914,9.773393043076316,0.025494604211694596,True,Cruise
1,152,1675461150.1336021,47.83129053089259,-0.0289161262547655,False,True,False,False,100000,False,True,False,4.0416225242408235,-0.759286642559914,9.773393043076316,0.025494604211694596,True,Cruise
1,153,1675461150.2335804,48.654009656184044,-0.017946537917546045,False,True,False,False,100000,False,True,False,4.046520832156788,-0.8233120052152212,9.772578203215982,0.05297378712572163,True,Cruise
1,154,1675461150.33356,48.654009656184044,-0.017946537917546045,False,True,False,False,100000,False,True,False,4.046520832156788,-0.8233120052152212,9.772578203215982,0.2558950961151442,True,Cruise
1,155,1675461150.4335442,49.24559224282372,-0.010058770095683746,False,True,False,False,100000,False,True,False,4.038592751244653,-1.1470194579307578,9.772539747290757,0.06790959200213179,True,Cruise
1,156,1675461150.5335853,49.24559224282372,-0.010058770095683746,False,True,False,False,100000,False,True,False,4.051735910726247,-0.9273854068481692,9.771076053986686,0.02310561976870012,True,Cruise
1,157,1675461150.6336577,48.69474954584764,-0.01740333938869806,False,True,False,False,100000,False,True,False,4.051735910726247,-0.9273854068481692,9.771076053986686,0.02310561976870012,True,Cruise
1,158,1675461150.7336404,48.69474954584764,-0.01740333938869806,False,True,False,False,100000,False,True,False,4.057634853135095,-0.8140540532848749,9.770604385308394,0.12916715785332306,True,Cruise
1,159,1675461150.8335843,49.112611884406306,-0.01183184154124931,False,True,False,False,100000,False,True,False,4.057634853135095,-0.8140540532848749,9.770604385308394,0.01463772258407412,True,Cruise
1,160,1675461150.9335933,48.92370924700267,-0.014350543373297773,False,True,False,False,100000,False,True,False,4.053117535941377,-0.7768176999175584,9.77146588659113,0.11049161923155833,True,Cruise
1,161,1675461151.033563,48.92370924700267,-0.014350543373297773,False,True,False,False,100000,False,True,False,4.058187791469144,-0.5754999606162349,9.771282768382228,0.09089023262270393,True,Cruise
1,162,1675461151.1335602,49.3017085323223,-0.009310552902369271,False,True,False,False,100000,False,True,False,4.05820392507694,-0.5584811711614355,9.77149873350394,0.01702016732390982,True,Cruise
1,163,1675461151.2335663,48.55439706091603,-0.0192747058544529,False,True,False,False,100000,False,True,False,4.057782449539944,-0.5371787601137874,9.771942615494815,0.00825969539869375,True,Cruise
1,164,1675461151.3335557,48.55439706091603,-0.0192747058544529,False,True,False,False,100000,False,True,False,4.061718414942044,-0.3824631973370252,9.772012515189084,0.1547656359627163,True,Cruise
1,165,1675461151.433568,48.47130710255952,-0.020382571965873116,False,True,False,False,100000,False,True,False,4.062486591285391,-0.3486525907743554,9.772199287031212,0.03381984764529759,True,Cruise
1,166,1675461151.5335279,48.47130710255952,-0.020382571965873116,False,True,False,False,100000,False,True,False,4.062555315054622,-0.2997594928326929,9.772447992239567,0.04889377878186676,True,Cruise
1,167,1675461151.6335602,48.47663397676236,-0.02031154697650193,False,True,False,False,100000,False,True,False,4.447263311748686,-0.3294590749462087,9.754445973369995,0.2064943337001752,True,Cruise
1,168,1675461151.733599,48.47663397676236,-0.02031154697650193,False,True,False,False,100000,False,True,False,4.240870902488454,-0.5133167845918516,9.774666757311,0.12318445301786864,True,Cruise
1,169,1675461151.8335667,49.16837942267651,-0.011088274364313217,False,True,False,False,100000,False,True,False,4.1184201832078,-0.6098104050855989,9.785326602660206,0.05618324492202028,True,Cruise
1,170,1675461151.9335566,48.030150533764434,-0.02626465954980753,False,True,False,False,100000,False,True,False,4.092954760987726,-0.7153336655456634,9.78605901762396,0.053565495741678876,True,Cruise
1,171,1675461152.0335724,48.030150533764434,-0.02626465954980753,False,True,False,False,100000,False,True,False,4.067595739581281,-0.7980998422712422,9.787465785897696,0.08657539473452171,True,Cruise
1,172,1675461152.1336813,48.438728896075226,-0.020816948052330354,False,True,False,False,100000,False,True,False,4.1157896924366435,-0.8324900926756349,9.781132460430724,0.14035650125444452,True,Cruise
1,173,1675461152.2336864,48.438728896075226,-0.020816948052330354,False,True,False,False,100000,False,True,False,4.100691718467375,-1.0322538400049956,9.780274960162332,0.060042744224431885,True,Cruise
1,174,1675461152.3335943,49.7988293675068,-0.002682275099909363,False,True,False,False,100000,False,True,False,4.097231881435924,-1.024022336569019,9.77787095417584,0.022627248257475346,True,Cruise
1,175,1675461152.4335508,49.8556481532921,0.001924691289438593,False,True,False,False,100000,False,True,False,4.092155786487034,-1.0019870197619027,9.777052152010915,0.022627248257475346,True,Cruise
1,176,1675461152.5335524,49.8556481532921,0.001924691289438593,False,True,False,False,100000,False,True,False,4.134654697136926,-0.7348828888751627,9.769787095067045,0.12215845515188924,True,Cruise
1,177,1675461152.63359,49.82508712034545,0.0023321717287273407,False,True,False,False,100000,False,True,False,4.107474906106908,-0.6388735699564866,9.771310184787028,0.09979403870952747,True,Cruise
1,178,1675461152.7337632,49.82508712034545,0.0023321717287273407,False,True,False,False,100000,False,True,False,4.04980214421031,-0.5236317607988922,9.77379330340731,0.0595494170024806,True,Cruise
1,179,1675461152.833573,49.790921458244796,0.0027877138900693774,False,True,False,True,100000,False,True,False,3.6417034138485285,0.14191193594327234,9.827502680721604,0.7825456428909522,True,Cruise
1,180,1675461152.9335735,49.790921458244796,0.0027877138900693774,False,True,False,True,100000,False,True,False,3.6417034138485285,0.14191193594327234,9.827502680721604,0.11050986103131522,True,Cruise
1,181,1675461153.0335612,47.66723186207234,0.031103575172368815,False,True,False,True,100000,False,True,False,3.7995228144578506,0.22128380254196445,9.799517782887207,0.11500024077319479,True,Cruise
1,182,1675461153.1336267,48.208955461153366,0.02388059385128844,False,True,False,True,100000,False,True,False,4.009662509793731,0.15379892054813227,9.767477988540165,0.09824328660651199,True,Cruise
1,183,1675461153.233783,48.208955461153366,0.02388059385128844,False,True,False,True,100000,False,True,False,4.023950138365188,0.5423337605053712,9.763052341746784,0.3888226389246554,True,Cruise
1,184,1675461153.333671,49.193838770493265,0.010748816393423172,False,True,False,True,100000,False,True,False,4.023950138365188,0.5423337605053712,9.763052341746784,0.3888226389246554,True,Cruise
1,185,1675461153.4336176,47.310222184393055,0.03586370420809255,False,True,False,True,100000,False,True,False,3.989663950549219,0.6892945879345229,9.757839866922595,0.15099734225278805,True,Cruise
1,186,1675461153.533561,47.310222184393055,0.03586370420809255,False,True,False,True,100000,False,True,False,3.959851541078093,0.6017081104134492,9.740705967322091,0.06534187750065522,True,Cruise
1,187,1675461153.6336443,49.25648957146385,0.009913472380481996,False,True,False,True,100000,False,True,False,3.969541640182035,0.6167354436815657,9.75460033361752,0.01751875893549275,True,Cruise
1,188,1675461153.733563,49.25648957146385,0.009913472380481996,False,True,False,True,100000,False,True,False,3.967889720172465,0.9886787040500409,9.753687767865797,0.3892711761055858,True,Cruise
1,189,1675461153.8336117,47.894343810889175,0.028075415854811003,False,True,False,True,100000,False,True,False,3.967889720172465,0.9886787040500409,9.753687767865797,0.3892711761055858,True,Cruise
1,190,1675461153.933604,46.88624523524899,0.04151673019668011,False,True,False,True,100000,False,True,False,3.9897972078178463,0.851007234893947,9.75175727228923,0.1394169941137054,True,Cruise
1,191,1675461154.033559,46.88624523524899,0.04151673019668011,False,True,False,True,100000,False,True,False,3.999473910123324,1.0442733590897002,9.752559871662507,0.2796071141265251,True,Cruise
1,192,1675461154.133557,48.41335261107678,0.021155298518976257,False,True,False,True,100000,False,True,False,1.8948161231665908,1.3082938046176158,9.956157709449434,1.3372211731497146,True,Cruise
1,193,1675461154.2335896,48.41335261107678,0.021155298518976257,False,True,False,True,100000,False,True,False,1.1558857326214176,1.736863327366224,9.931803480045984,0.713649665231425,True,Cruise
1,194,1675461154.3336499,48.890111157259206,0.014798517903210602,False,True,False,True,100000,False,True,False,1.1558857326214176,1.736863327366224,9.931803480045984,0.713649665231425,True,Cruise
1,195,1675461154.4335773,48.890111157259206,0.014798517903210602,False,True,False,True,100000,False,True,False,3.2579330310160315,1.5187850263837397,9.713946753018536,2.124528781532181,True,Cruise
1,196,1675461154.53358,47.621421314166994,0.03171438247777338,False,True,False,True,100000,False,True,False,3.6768674063979394,1.4439178782316728,9.675807791361018,0.14832385252148755,True,Cruise
1,197,1675461154.6335502,48.93384015298242,0.01421546462690101,False,True,False,True,100000,False,True,False,3.692990703276802,1.3610578734578127,9.681891952462628,0.05848543805982925,True,Cruise
1,198,1675461154.7336063,48.93384015298242,0.01421546462690101,False,True,False,True,100000,False,True,False,-0.13842533635682563,1.438561851420351,10.033127699376552,1.851621892583028,True,Cruise
1,199,1675461154.8335426,49.15129086417294,0.011316121811027478,False,True,False,True,100000,False,True,False,1.4503378199398012,1.3317823120499164,9.838604134528593,0.8870829860046174,True,Cruise
1,200,1675461154.9335546,47.58258244468699,0.03223223407084008,False,True,False,True,100000,False,True,False,2.308175203127934,1.1229740257751915,9.752404670221571,0.8870829860046174,True,Cruise
1,201,1675461155.033611,47.58258244468699,0.03223223407084008,False,True,False,True,100000,False,True,False,3.500088590808515,0.9282463771128757,9.645715526972916,0.20817622417528112,True,Cruise
1,202,1675461155.133563,48.47606043658457,0.020319194178872433,False,True,False,True,100000,False,True,False,3.500088590808515,0.9282463771128757,9.645715526972916,1.9071937319823067,True,Cruise
1,203,1675461155.233611,48.47606043658457,0.020319194178872433,False,True,False,True,100000,False,True,False,-1.544258473678796,1.223995381887067,10.08747205311024,1.3636779458761754,True,Cruise
1,204,1675461155.333622,49.32289902645737,0.00902801298056836,False,True,False,True,100000,False,True,False,-1.544258473678796,1.223995381887067,10.08747205311024,1.3636779458761754,True,Cruise
1,205,1675461155.433607,49.32289902645737,0.00902801298056836,False,True,False,True,100000,False,True,False,-1.2502702666447876,1.0068394014094444,9.953498050705127,0.6921028143899797,True,Cruise
1,206,1675461155.533579,49.74703269944559,-0.0033728973407255013,False,True,False,True,100000,False,True,False,2.3226617839345507,0.7503339090071139,9.576541087807284,1.2406740204124636,True,Cruise
1,207,1675461155.633563,48.11403536747136,0.025146195100381914,False,True,False,True,100000,False,True,False,2.7932414460798203,0.6901663684329042,9.535450609484462,0.47618670579123007,True,Cruise
1,208,1675461155.7336519,48.11403536747136,0.025146195100381914,False,True,False,True,100000,False,True,False,3.1116553785778756,0.5929435755172334,9.525566212630762,0.17671190725499572,True,Cruise
1,209,1675461155.833643,49.892244965617515,-0.0014367337917664835,False,True,False,True,100000,False,True,False,3.1116553785778756,0.5929435755172334,9.525566212630762,0.17671190725499572,True,Cruise
1,210,1675461155.9335923,49.22063930084115,0.010391475988784645,False,True,False,True,100000,False,True,False,1.1007369339229394,0.7772768298754532,9.712742376835157,1.0838956672575115,True,Cruise
1,211,1675461156.0335836,49.22063930084115,0.010391475988784645,False,True,False,True,100000,False,True,False,2.693454595916172,0.41304206623826223,9.592644050071764,0.6659688033570497,True,Cruise
1,212,1675461156.1336093,49.22063930084115,0.010391475988784645,False,True,False,True,100000,False,True,False,-0.2874791934528848,0.507723187852064,9.89822418095561,1.490361421688144,True,Cruise
1,213,1675461156.2336137,48.01952187602426,0.02640637498634326,False,True,False,True,100000,False,True,False,-0.9832246047993014,0.5093289689314788,9.95421604962037,0.6979966656790283,True,Cruise
1,214,1675461156.3336022,48.554443692383614,0.01927408410155184,False,True,False,True,100000,False,True,False,-0.9832246047993014,0.5093289689314788,9.95421604962037,0.6979966656790283,True,Cruise
1,215,1675461156.4335797,48.554443692383614,0.01927408410155184,False,True,False,True,100000,False,True,False,-2.317345905002537,0.802867225327959,10.043554428323091,1.3689505825753856,True,Cruise
1,216,1675461156.5336318,49.94719962483836,0.0007040050021551444,False,True,False,True,100000,False,True,False,-2.712192858181224,0.9456017241766252,10.056128052258996,0.2191105485532944,True,Cruise
1,217,1675461156.6335728,49.43545041887046,-0.007527327748393888,False,True,False,True,100000,False,True,False,-2.091069345695945,0.9294649283404095,9.911398062842869,0.5509140779894426,True,Cruise
1,218,1675461156.7336361,49.43545041887046,-0.007527327748393888,False,True,False,True,100000,False,True,False,0.9205046191678989,0.6724267541388383,9.603675368401017,1.4061659231631556,True,Cruise
1,219,1675461156.8336027,49.33084107143829,-0.008922119047489453,False,True,False,True,100000,False,True,False,0.9205046191678989,0.6724267541388383,9.603675368401017,1.4061659231631556,True,Cruise
1,220,1675461156.9335551,48.47848776274727,-0.02028682983003639,False,True,False,True,100000,False,True,False,1.4168759002059639,0.23419399487485024,9.604801854685302,0.24098611546506632,True,Cruise
1,221,1675461157.0335658,48.47848776274727,-0.02028682983003639,False,True,False,True,100000,False,True,False,-0.18379660236396303,0.35532811141842735,9.790244499016799,1.499781866828779,True,Cruise
1,222,1675461157.1335375,48.47848776274727,-0.02028682983003639,False,True,False,True,100000,False,True,False,-1.4785942933068352,0.3557484345137022,9.90993586252647,1.3003181378575408,True,Cruise
1,223,1675461157.2335894,48.09739786785336,-0.025368028428621875,False,True,False,True,100000,False,True,False,-2.8531170154151884,-0.18475549486927062,10.016756385495269,0.5457040231699403,True,Cruise
1,224,1675461157.333587,48.106836785707415,-0.025242176190567775,False,True,False,True,100000,False,True,False,-2.8531170154151884,-0.18475549486927062,10.016756385495269,0.5457040231699403,True,Cruise
1,225,1675461157.433583,46.68829485495402,-0.04415606860061307,False,True,False,True,100000,False,True,False,-2.939633799963133,-0.8379824319562779,9.964979540953989,0.4588320222299815,True,Cruise
1,226,1675461157.533567,46.68829485495402,-0.04415606860061307,False,True,False,True,100000,False,True,False,-2.200373926649901,-1.1591270243511747,9.86098481085652,0.3542685183379255,True,Cruise
1,227,1675461157.6335557,48.2550544555716,-0.023265940592378694,False,True,False,True,100000,False,True,False,-2.9507278667178785,-1.416635908201128,9.895948751790964,0.5334427440580443,True,Cruise
1,228,1675461157.7335377,48.2550544555716,-0.023265940592378694,False,True,False,True,100000,False,True,False,-1.6442118749919123,-1.9667948982347647,9.720555346325591,1.7103411104683872,True,Cruise
1,229,1675461157.8335721,49.10768230127246,-0.011897569316367106,False,True,False,True,100000,False,True,False,-1.6442118749919123,-1.9667948982347647,9.720555346325591,1.7103411104683872,True,Cruise
1,230,1675461157.93357,49.10768230127246,-0.011897569316367106,False,True,False,True,100000,False,True,False,1.5162270236677855,-1.8833676699804307,9.463416924123157,3.1719795558528245,True,Cruise
1,231,1675461158.0335572,48.62475664349848,0.018336578086686928,False,True,False,True,100000,False,True,False,2.023916326876074,-1.9471957232286319,9.436723731070314,0.40707189959448653,True,Cruise
1,232,1675461158.133573,49.81237592739873,0.0025016543013502085,False,True,False,True,100000,False,True,False,2.9109336553108505,-1.6810886130474012,9.463493414385129,0.8114109783440899,True,Cruise
1,233,1675461158.233575,49.81237592739873,0.0025016543013502085,False,True,False,True,100000,False,True,False,2.1222455125455553,-1.5344023685140855,9.585320894468461,0.8114109783440899,True,Cruise
1,234,1675461158.3335674,48.21121586286235,0.02385045516183527,False,True,False,True,100000,False,True,False,2.5944904807462974,-1.0069353421223288,9.648987557884938,1.172566878107815,True,Cruise
1,235,1675461158.4336278,48.21121586286235,0.02385045516183527,False,True,False,True,100000,False,True,False,-0.12404966997842291,-0.6137555122363642,9.977742587194012,1.3891100511979892,True,Cruise
1,236,1675461158.5335622,49.822907995572514,0.0023612267256998,False,True,False,True,100000,False,True,False,-1.1372247480839899,-0.178368293020306,10.08484370201819,1.1079514512592579,True,Cruise
1,237,1675461158.6335745,49.58085850709051,0.005588553238793155,False,True,False,True,100000,False,True,False,-0.2146974568928257,0.13652053685313426,9.991095925553799,1.60626631745408,True,Cruise
1,238,1675461158.733666,49.58085850709051,0.005588553238793155,False,True,False,True,100000,False,True,False,2.6010632340326496,0.3027664712353114,9.761206192108784,1.2272082858096638,True,Cruise
1,239,1675461158.8336518,49.58085850709051,0.005588553238793155,False,True,False,True,100000,False,True,False,2.6010632340326496,0.3027664712353114,9.761206192108784,1.2272082858096638,True,Cruise
1,240,1675461158.9335723,49.948385102588425,-0.0006881986321542828,False,True,False,True,100000,False,True,False,3.808544573929274,0.9039431210319289,9.742926286934457,0.18239413844081995,True,Cruise
1,241,1675461159.033652,49.561253999879995,0.005849946668266721,False,True,False,True,100000,False,True,False,3.8142860725948107,0.9197898739701948,9.762438262467436,0.02578374633004973,True,Cruise
1,242,1675461159.133596,49.561253999879995,0.005849946668266721,False,True,False,True,100000,False,True,False,1.3977929569573404,0.8443216959215353,10.013624262981747,1.5384845721364688,True,Cruise
1,243,1675461159.233564,48.71924989450844,-0.017076668073220825,False,True,False,True,100000,False,True,False,0.9333667286710978,0.8124998406150659,10.053534006584352,0.46722279442441234,True,Cruise
1,244,1675461159.3335743,49.466155135377136,-0.007117931528304878,False,True,False,True,100000,False,True,False,0.715522837679888,0.7750454571351155,10.066010110751707,0.22139206141875997,True,Cruise
1,245,1675461159.4335775,49.466155135377136,-0.007117931528304878,False,True,False,True,100000,False,True,False,-0.24015005966894312,0.1795559232779844,10.095968009775396,1.1264173060524267,True,Cruise
1,246,1675461159.5336263,48.43156342184893,-0.020912487708680972,False,True,False,True,100000,False,True,False,0.23427086302488492,0.16118842985688886,10.025314235005052,0.48000472142837897,True,Cruise
1,247,1675461159.6335838,48.81530391705147,-0.015795947772647027,False,True,False,True,100000,False,True,False,0.3932836979065502,0.2740597367122242,9.960699957953391,0.034291231995878795,True,Cruise
1,248,1675461159.733629,48.81530391705147,-0.015795947772647027,False,True,False,True,100000,False,True,False,0.33514507198649623,0.1917080088510441,9.938248723269053,1.092553459922426,True,Cruise
1,249,1675461159.8335922,48.81530391705147,-0.015795947772647027,False,True,False,True,100000,False,True,False,-1.7764097182115817,-0.22252887129176943,10.066373096253269,1.0784135270492876,True,Cruise
1,250,1675461159.933556,48.22557777199472,0.02365896304007038,False,True,False,True,100000,False,True,False,-1.7764097182115817,-0.22252887129176943,10.066373096253269,1.2080061342779616,True,Cruise
1,251,1675461160.0335598,48.55769101069044,0.019230786524127474,False,True,False,True,100000,False,True,False,-3.075745307303898,-0.8650744410604082,9.982623104181771,0.2444285179088665,True,Cruise
1,252,1675461160.1335924,48.24464051155758,0.023404793179232275,False,True,False,True,100000,False,True,False,-2.7128584300141263,0.03874263068946879,9.849410251928694,0.11134233504396229,True,Cruise
1,253,1675461160.2335653,48.24464051155758,0.023404793179232275,False,True,False,True,100000,False,True,False,-2.285490460515596,0.03441439146959083,9.723178419235802,0.5407460217628455,True,Cruise
1,254,1675461160.333623,48.24464051155758,0.023404793179232275,False,True,False,True,100000,False,True,False,-2.540382082805271,-0.14667398624751413,9.718312941894482,0.3127081906945099,True,Cruise
1,255,1675461160.4336395,47.80323525181929,0.02929019664240949,False,True,False,True,100000,False,True,False,-2.540382082805271,-0.14667398624751413,9.718312941894482,0.3127081906945099,True,Cruise
1,256,1675461160.5335937,47.9882917878729,0.0268227761616947,False,True,False,True,100000,False,True,False,-2.6940545731454892,0.305791717736994,9.636917801338985,0.6810728288067076,True,Cruise
1,257,1675461160.633556,47.9882917878729,0.0268227761616947,False,True,False,True,100000,False,True,False,-1.994501768630499,1.0670855799533008,9.531105740820866,0.800214717588574,True,Cruise
1,258,1675461160.733631,49.70202281846042,-0.003973029087194437,False,True,False,True,100000,False,True,False,-1.520995984404423,1.2064863175796903,9.492751069942068,0.49508723890295714,True,Cruise
1,259,1675461160.833681,49.70202281846042,-0.003973029087194437,False,True,False,True,100000,False,True,False,-1.1798715655287955,1.3618986644100688,9.473480422886185,0.375353466133607,True,Cruise
1,260,1675461160.9335873,48.91472177469414,0.014470376337411507,False,True,False,True,100000,False,True,False,-1.1798715655287955,1.3618986644100688,9.473480422886185,0.375353466133607,True,Cruise
1,261,1675461161.0335689,47.308424271797605,0.03588767637603195,False,True,False,True,100000,False,True,False,2.8689559179933437,1.0890362733359733,9.315449594003299,3.1256587149347834,True,Cruise
1,262,1675461161.1335754,47.308424271797605,0.03588767637603195,False,True,False,True,100000,False,True,False,1.1640583545621386,1.2645394071133655,9.548707541792012,1.7297070046588663,True,Cruise
1,263,1675461161.2335763,49.87720340727015,-0.0016372879030646333,False,True,False,True,100000,False,True,False,-0.31211824311281633,1.9438853230369753,9.792721865923642,1.2904463528792107,True,Cruise
1,264,1675461161.3335564,49.87720340727015,-0.0016372879030646333,False,True,False,False,100000,False,True,False,-0.31211824311281633,1.9438853230369753,9.792721865923642,1.2904463528792107,True,Cruise
1,265,1675461161.4336317,49.07403945727897,-0.012346140569613693,False,True,False,False,100000,False,True,False,2.439623900332672,0.9711885905197787,9.637140515990193,2.9227434567390134,True,Cruise
1,266,1675461161.533537,49.896632950935285,-0.0013782273208628984,False,True,False,False,100000,False,True,False,3.8597204345850296,0.8223208811189865,9.619629117942168,0.7296525381481557,True,Cruise
1,267,1675461161.6335845,49.896632950935285,-0.0013782273208628984,False,True,False,False,100000,False,True,False,2.80934307487722,0.55587733345777,9.860411040490762,0.44225776289980445,True,Cruise
1,268,1675461161.7335696,49.980945899700444,-0.0002540546706607491,False,True,False,False,100000,False,True,False,2.80934307487722,0.55587733345777,9.860411040490762,0.5174761004954547,True,Cruise
1,269,1675461161.8335564,49.980945899700444,-0.0002540546706607491,False,True,False,True,100000,False,True,False,3.7733339914153223,0.5561608093404531,9.853019856942502,0.4603132191307292,True,Cruise
1,270,1675461161.9335692,48.41860190046499,0.021085307993800085,False,True,False,True,100000,False,True,False,3.7733339914153223,0.5561608093404531,9.853019856942502,0.4603132191307292,True,Cruise
1,271,1675461162.0335598,48.41860190046499,0.021085307993800085,False,True,False,True,100000,False,True,False,4.472938145933822,0.12755462498512182,9.89178484313138,0.8213719975999946,True,Cruise
1,272,1675461162.1336977,47.496643476055766,0.0333780869859231,False,True,False,True,100000,False,True,False,0.6197599897767991,0.09946528898889671,10.302264784428713,1.2954884333270962,True,Cruise
1,273,1675461162.2335927,43.90834618206773,0.08122205090576361,False,True,False,True,100000,False,True,False,-0.6622954489155235,0.2571040790578836,10.401129059418803,1.2954884333270962,True,Cruise
1,274,1675461162.3335757,43.90834618206773,0.08122205090576361,False,True,True,True,100000,False,True,False,-2.0191292924431155,0.2929859344025814,10.44807933748107,0.518364374322296,True,Cruise
1,275,1675461162.433576,48.73271111742214,-0.016897185101038138,False,True,True,True,100000,False,True,False,-2.0191292924431155,0.2929859344025814,10.44807933748107,1.8700797972314462,True,Cruise
1,276,1675461162.5335665,49.96033635822566,0.0005288485569911734,False,True,True,True,100000,False,True,False,-2.1048019988867774,2.278819302612008,10.186865190767504,1.1714231488421813,True,Cruise
1,277,1675461162.6335535,49.96033635822566,0.0005288485569911734,False,True,True,True,100000,False,True,False,-0.2152265855095506,0.691062335603124,9.881879909996131,1.1714231488421813,True,Cruise
1,278,1675461162.7335932,48.78891451392281,0.016147806481029228,False,True,True,True,100000,False,True,False,-0.2152265855095506,0.691062335603124,9.881879909996131,1.2507881062260902,True,Cruise
1,279,1675461162.8336346,48.78891451392281,0.016147806481029228,False,True,True,True,100000,False,True,False,0.785513853442727,1.5399620748426373,9.684461665612968,0.9848781323693724,True,Cruise
1,280,1675461162.933572,49.66553767112433,-0.004459497718342255,False,True,True,True,100000,False,True,False,-2.0102403382102323,1.491788729009644,9.81616921040271,2.7992693776677475,True,Cruise
1,281,1675461163.033639,48.788358490030596,-0.016155220132925346,False,True,True,True,100000,False,True,False,-0.8949143098265894,1.2607053160710942,9.665685759616585,1.1489112073114527,True,Cruise
1,282,1675461163.1336436,48.788358490030596,-0.016155220132925346,False,True,True,True,100000,False,True,False,0.3216621248812972,0.7784733038881252,9.532539909364726,0.8829983349315192,True,Cruise
1,283,1675461163.2335813,45.14713123159619,-0.0647049169120508,False,True,True,True,100000,False,True,False,-1.139903309138513,0.109129205839417,9.642477476354008,0.5172333687076112,True,Cruise
1,284,1675461163.3336384,45.14713123159619,-0.0647049169120508,False,True,True,True,100000,False,True,False,-2.425292245408528,0.10109263673939267,9.729800866682355,0.8230877208504839,True,Cruise
1,285,1675461163.4335797,45.47525808933279,-0.060329892142229447,False,True,True,True,100000,False,True,False,-2.425292245408528,0.10109263673939267,9.729800866682355,0.8230877208504839,True,Cruise
1,286,1675461163.5336,45.180425190680296,-0.06426099745759606,False,True,True,True,100000,False,True,False,-3.799021563448248,-1.8441119910946595,9.775463744601891,0.21830339269071744,True,Cruise
1,287,1675461163.633582,45.180425190680296,-0.06426099745759606,False,True,True,True,100000,False,True,False,-3.8582228394952383,-2.053857058918918,9.762870623539866,0.21830339269071744,True,Cruise
1,288,1675461163.7335753,46.17491696672138,-0.05100110711038157,False,True,True,True,100000,False,True,False,-3.9314076852041335,-2.5904904366657315,9.738972666329282,0.2827571548443932,True,Cruise
1,289,1675461163.8336096,46.17491696672138,-0.05100110711038157,False,True,True,True,100000,False,True,False,-4.036981087111228,-3.267825083905835,9.724801948937195,0.33957546546713124,True,Cruise
1,290,1675461163.933585,46.15936259897083,-0.05120849868038895,False,True,True,True,100000,False,True,False,-4.180408444053858,-3.444017173154167,9.71552312943376,0.33957546546713124,True,Cruise
1,291,1675461164.033545,45.84151508255195,-0.05544646556597403,False,True,True,True,100000,False,True,False,-4.228303877411947,-3.5196063327966844,9.715115232013979,0.08948664689397084,True,Cruise
1,292,1675461164.1336591,45.84151508255195,-0.05544646556597403,False,True,True,True,100000,False,True,False,-4.2710316175787,-3.559546809516412,9.715342459172374,0.058488914270467936,True,Cruise
1,293,1675461164.2335932,48.69288847907569,-0.017428153612324086,False,True,True,True,100000,False,True,False,-4.30634533968711,-3.5415385828481174,9.7159208493714,0.03697681604067466,True,Cruise
1,294,1675461164.3335598,48.69288847907569,-0.017428153612324086,False,True,True,True,100000,False,True,False,-3.566213365225143,-3.563244281618975,9.64857432562979,0.45502607743605983,True,Cruise
1,295,1675461164.4335568,47.65158758525963,-0.03131216552987163,False,True,True,True,100000,False,True,False,-0.04364395931572437,-2.8025723344734836,9.362739382604055,3.615082107681328,True,Cruise
1,296,1675461164.5335758,47.179995596461985,-0.037600058713840215,False,True,True,True,100000,False,True,False,1.9735771738322665,-2.074149501826087,9.278200182604552,1.3095943241712524,True,Cruise
1,297,1675461164.6335726,47.179995596461985,-0.037600058713840215,False,True,True,True,100000,False,True,False,1.9745949253257984,-2.2703236728164176,9.411964497209892,0.5057346596611335,True,Cruise
1,298,1675461164.7335844,48.18100830828074,-0.024253222556256813,False,True,True,True,100000,False,True,False,1.9745949253257984,-2.2703236728164176,9.411964497209892,0.5130677029674914,True,Cruise
1,299,1675461164.8335683,48.18100830828074,-0.024253222556256813,False,True,True,True,100000,False,True,False,1.8866979505745958,-1.8064004515473122,9.589648870823684,0.5470069931594911,True,Cruise
1,300,1675461164.9336076,46.78962577789917,-0.04280498962801111,False,True,True,True,100000,False,True,False,1.8866979505745958,-1.8064004515473122,9.589648870823684,2.216023215270366,True,Cruise
1,301,1675461165.0335636,46.78962577789917,-0.04280498962801111,False,True,True,True,100000,False,True,False,2.3407281258606267,-1.0084440299228012,9.83776573175157,1.6218765102178447,True,Cruise
1,302,1675461165.1335802,46.83136491056559,-0.04224846785912549,False,True,True,True,100000,False,True,False,-0.6390323530734315,-1.4883748326726305,10.193690889043554,1.3018633388518306,True,Cruise
1,303,1675461165.2335057,49.19151756507963,-0.010779765798938284,False,True,True,True,100000,False,True,False,-1.444260123458944,-1.594609652748627,10.286468405260628,0.8174871660839775,True,Cruise
1,304,1675461165.3335702,47.83466991717428,-0.028871067771009576,False,True,True,True,100000,False,True,False,-0.009957498788555064,-1.7892063293078482,10.146703489458021,1.8838688435035664,True,Cruise
1,305,1675461165.433701,47.83466991717428,-0.028871067771009576,False,True,True,True,100000,False,True,False,-0.009957498788555064,-1.7892063293078482,10.146703489458021,3.589446392905804,True,Cruise
1,306,1675461165.5336187,47.83466991717428,-0.028871067771009576,False,True,True,True,100000,False,True,False,3.820049083142053,-1.3267320478293216,9.845379976980631,0.2829984331930832,True,Cruise
1,307,1675461165.633697,47.9409165697327,-0.027454445736897325,False,True,True,True,100000,False,True,False,2.9321668244715315,-1.8461609685790246,9.95082100732885,0.9505646142573169,True,Cruise
1,308,1675461165.7335796,48.24452230056869,-0.023406369325750808,False,True,True,True,100000,False,True,False,2.0532782783592953,-1.9449024645721462,10.013829116220066,0.06734690638344111,True,Cruise
1,309,1675461165.8335593,48.24452230056869,-0.023406369325750808,False,True,True,True,100000,False,True,False,2.630389327132341,-1.4959484061391977,9.96370369423353,0.7328911700441397,True,Cruise
1,310,1675461165.9335687,48.012430452395876,0.02650092730138829,False,True,True,True,100000,False,True,False,2.630389327132341,-1.4959484061391977,9.96370369423353,0.7328911700441397,True,Cruise
1,311,1675461166.0335424,46.77724827616124,0.042970022984516826,False,True,False,True,100000,False,True,False,1.4804958000035187,-1.4993670432911432,10.016293332110202,0.5835337983812485,True,Cruise
1,312,1675461166.133559,46.77724827616124,0.042970022984516826,False,True,False,True,100000,False,True,False,-0.25955635443967107,-0.6004057499474588,10.093669040290688,1.0654813622433303,True,Cruise
1,313,1675461166.233558,49.24198780358284,-0.010106829285562165,False,True,False,True,100000,False,True,False,-1.2846504493798951,-0.30873043922190946,10.142784195433935,1.0669136276348279,True,Cruise
1,314,1675461166.333536,46.75314297283117,0.04329142702891774,False,True,False,True,100000,False,True,False,-0.19288689982269924,-0.06438473108609047,9.981028972053794,1.1304057791416682,True,Cruise
1,315,1675461166.4335644,46.75314297283117,0.04329142702891774,False,True,False,True,100000,False,True,False,-0.19288689982269924,-0.06438473108609047,9.981028972053794,2.927614310254622,True,Cruise
1,316,1675461166.5336182,48.60768840494934,0.0185641546006754,False,True,False,True,100000,False,True,False,1.0629319298269118,-0.44963105262107456,9.774160172247404,1.6338243597316828,True,Cruise
1,317,1675461166.6335735,48.60768840494934,0.0185641546006754,False,True,False,True,100000,False,True,False,-0.5993634027202502,0.5367993535357575,9.891965255319306,1.479378930412677,True,Cruise
1,318,1675461166.733602,48.19168144529059,0.02411091406279213,False,True,False,True,100000,False,True,False,0.3020201782119728,1.448534396876548,9.675213101133542,0.6081591127875392,True,Cruise
1,319,1675461166.8335736,48.277053718259744,0.02297261708987008,False,True,False,True,100000,False,True,False,0.8967902934126551,1.3348354445333406,9.618834339469677,0.6081591127875392,True,Cruise
1,320,1675461166.933566,48.277053718259744,0.02297261708987008,False,True,False,True,100000,False,True,False,-1.1189972158226722,1.9211088481851541,9.738826849348463,2.102739638815433,True,Cruise
1,321,1675461167.033581,49.397970972445634,-0.008027053700724878,False,True,False,True,100000,False,True,False,-0.6754489677051302,1.891772651833956,9.680342622140914,0.15706659402011097,True,Cruise
1,322,1675461167.133549,48.971640961668484,0.013711453844420242,False,True,False,True,100000,False,True,False,0.5448363512164686,1.9062996996307748,9.5600116128699,1.0750312113196947,True,Cruise
1,323,1675461167.2335567,48.971640961668484,0.013711453844420242,False,True,False,True,100000,False,True,False,1.521915698147917,1.4645630508397682,9.483351400070852,1.0750312113196947,True,Cruise
1,324,1675461167.3335931,49.767154362115,-0.0031046085051332803,False,True,False,True,100000,False,True,False,2.7005594387743526,0.9827759204797555,9.424790343089924,0.5001731261065245,True,Cruise
1,325,1675461167.4335763,49.767154362115,-0.0031046085051332803,False,True,False,True,100000,False,True,False,2.3625353332383683,1.3339396399347418,9.55391644179676,0.3062861519170975,True,Cruise
1,326,1675461167.5335603,49.767154362115,-0.0031046085051332803,False,True,False,True,100000,False,True,False,2.750686930406652,1.0138164530690288,9.556607780482036,0.5031379139532905,True,Cruise
1,327,1675461167.6336489,49.75214146584049,-0.00330478045546017,False,True,False,True,100000,False,True,False,3.422059430149126,0.5545330690687227,9.580265927016466,0.3532436053852239,True,Cruise
1,328,1675461167.7335532,49.9179311805431,0.001094250926091979,False,True,False,True,100000,False,True,False,2.7311154163032607,0.11594653212496489,9.771910375993269,0.207025057864411,True,Cruise
1,329,1675461167.8335972,49.9179311805431,0.001094250926091979,False,True,False,True,100000,False,True,False,2.7311154163032607,0.11594653212496489,9.771910375993269,0.207025057864411,True,Cruise
1,330,1675461167.9336405,49.442728616109385,-0.007430285118541584,False,True,False,True,100000,False,True,False,2.708414064320536,0.19284413491076882,9.84757267737689,0.11024235368819381,True,Cruise
1,331,1675461168.0336199,49.75317416893109,-0.0032910110809188,False,True,False,True,100000,False,True,False,0.4180405030788062,-0.12211813056793105,10.127792134127896,1.307842587237829,True,Cruise
1,332,1675461168.1335928,49.68596125260636,-0.004187183298581785,False,True,False,True,100000,False,True,False,0.14803354890439996,-0.41339884982380826,10.14537057894583,0.12303299107197022,True,Cruise
1,333,1675461168.23366,49.68596125260636,-0.004187183298581785,False,True,False,True,100000,False,True,False,0.4487586059814797,-0.3906399307992163,10.103176459813291,0.18227468089200602,True,Cruise
1,334,1675461168.3335674,49.91511795268369,-0.0011317606308841694,False,True,False,True,100000,False,True,False,0.5810018866482926,-0.3912552620214354,10.07864882096486,0.13450007056322885,True,Cruise
1,335,1675461168.4336004,49.91511795268369,-0.0011317606308841694,False,True,False,True,100000,False,True,False,1.0803912773527826,-0.4185064195479458,9.938479151877875,0.4835461632556324,True,Cruise
1,336,1675461168.5335624,49.122035293613486,0.011706196085153539,False,True,False,True,100000,False,True,False,0.2717644780634217,-0.44311188191426787,9.985394778896426,0.5038643037583509,True,Cruise
1,337,1675461168.633636,49.122035293613486,0.011706196085153539,False,True,False,True,100000,False,True,False,0.2717644780634217,-0.44311188191426787,9.985394778896426,1.3134828649530361,True,Cruise
1,338,1675461168.7335699,49.47694605979106,0.006974052536119184,False,True,False,True,100000,False,True,False,-2.1343522875436216,-0.08235789038652867,10.126172239136013,0.7417871924827446,True,Cruise
1,339,1675461168.8337123,49.47694605979106,0.006974052536119184,False,True,False,True,100000,False,True,False,-2.8716570854798973,-0.0026630738570049516,10.14286385649041,0.7417871924827446,True,Cruise
1,340,1675461168.9335983,49.547770730335735,-0.006029723595523592,False,True,False,True,100000,False,True,False,-0.3894573819506282,0.12325731342167204,9.751912901754052,0.11918412898563664,True,Cruise
1,341,1675461169.0335555,49.81861047729613,-0.0024185269693848877,False,True,False,True,100000,False,True,False,0.6267747497672694,0.11458192733680583,9.602144382431428,0.911216655003766,True,Cruise
1,342,1675461169.1336286,49.965924779726464,-0.00045433627031387774,False,True,False,True,100000,False,True,False,0.6267747497672694,0.11458192733680583,9.602144382431428,0.911216655003766,True,Cruise
1,343,1675461169.2336257,49.965924779726464,-0.00045433627031387774,False,True,False,True,100000,False,True,False,1.2874605896688067,0.19377717446885556,9.533807438131545,0.5334533927334021,True,Cruise
1,344,1675461169.3335936,49.656754276075645,-0.004576609652324666,False,True,False,True,100000,False,True,False,0.7664078282636199,0.2975637611278801,9.581816671415107,0.5334533927334021,True,Cruise
1,345,1675461169.4335635,49.656754276075645,-0.004576609652324666,False,True,False,True,100000,False,True,False,0.5122674829243058,0.24855600938735145,9.622914762293279,0.26206512155126177,True,Cruise
1,346,1675461169.5335636,49.717205422165996,-0.0037705943711200587,False,True,False,True,100000,False,True,False,-0.7544374720201918,0.20211585842460603,9.752167743844616,0.9508732215113107,True,Cruise
1,347,1675461169.6336408,49.717205422165996,-0.0037705943711200587,False,True,False,True,100000,False,True,False,-0.8487493614757076,0.016895645484101454,9.752530740572375,0.4498201257789598,True,Cruise
1,348,1675461169.733632,49.81096450109778,-0.0025204733186963433,False,True,False,True,100000,False,True,False,-0.15849037272319783,-0.02738278465158731,9.704355653379881,0.29304112823787615,True,Cruise
1,349,1675461169.8335872,49.64152484309302,0.004779668758759669,False,True,False,True,100000,False,True,False,-0.15849037272319783,-0.02738278465158731,9.704355653379881,0.29304112823787615,True,Cruise
1,350,1675461169.9336894,49.702824975580945,0.003962333658920714,False,True,False,True,100000,False,True,False,0.7342593833704452,-0.02953901279358628,9.6683567876961,0.8934778646701766,True,Cruise
1,351,1675461170.033572,49.702824975580945,0.003962333658920714,False,True,False,True,100000,False,True,False,-0.6717445861869874,-0.10796655543295829,9.822924402285976,1.1469424578535492,True,Cruise
1,352,1675461170.1335502,49.702824975580945,0.003962333658920714,False,True,False,True,100000,False,True,False,0.03674198838710073,-0.12391633916761496,9.7813092825076,0.16297068860537597,True,Cruise
1,353,1675461170.233605,49.287996468688874,0.009493380417481682,False,True,False,True,100000,False,True,False,0.15346915059426428,-0.0698742387990514,9.795796903735946,0.054666796393460775,True,Cruise
1,354,1675461170.3335824,49.59741013348859,0.005367864886818901,False,True,True,True,100000,False,True,False,-1.7438595956365246,0.009337872084699978,9.984855168240676,1.90836944986077,True,Cruise
1,355,1675461170.4336312,48.67405115794885,0.017679317894015358,False,True,True,True,100000,False,True,False,-0.45988862200695224,0.15016307620911318,9.850399080349575,1.2986499292769142,True,Cruise
1,356,1675461170.533573,48.67405115794885,0.017679317894015358,False,True,True,True,100000,False,True,False,0.3139220582873248,0.21130360622638536,9.800992219482794,0.14228060291318012,True,Cruise
1,357,1675461170.6336908,48.7145244473132,0.01713967403582395,False,True,True,True,100000,False,True,False,-1.6730384504020859,0.40380656257557634,9.986346501047397,0.7818358624875331,True,Cruise
1,358,1675461170.7336595,48.7145244473132,0.01713967403582395,False,True,True,True,100000,False,True,False,-2.9530819616265798,0.6400617577257751,10.069069896471282,0.522974658737258,True,Cruise
1,359,1675461170.8335674,49.08444749120863,0.012207366783884985,False,True,True,True,100000,False,True,False,-1.1853599685454683,0.8248001642585322,9.81888069412749,1.8342134105193717,True,Cruise
1,360,1675461170.9336066,49.08444749120863,0.012207366783884985,False,True,True,True,100000,False,True,False,0.3304541254723971,0.7945936624289991,9.67439522082899,0.25677744068626046,True,Cruise
1,361,1675461171.0336266,48.94905919146613,0.01401254411378498,False,True,True,True,100000,False,True,False,0.42006839265096274,0.8034464345687281,9.672070026362544,0.1679807942121512,True,Cruise
1,362,1675461171.1335833,49.40843437897471,0.007887541613670569,False,True,True,True,100000,False,True,False,-0.7309825496266106,0.8547351275335302,9.781598357179966,0.23776628736114055,True,Cruise
1,363,1675461171.2336214,49.40843437897471,0.007887541613670569,False,True,True,False,100000,False,True,False,0.07401006692337322,0.957987687016179,9.68491142355091,1.0422125384099217,True,Cruise
1,364,1675461171.3336205,49.45578899242346,0.007256146767687251,False,True,True,False,100000,False,True,False,0.07401006692337322,0.957987687016179,9.68491142355091,1.0422125384099217,True,Cruise
1,365,1675461171.4335527,49.70445354077538,0.003940619456328229,False,True,True,False,100000,False,True,False,1.1339096745154003,0.8302533095576692,9.681885930585224,0.5026848437227929,True,Cruise
