repetition,iteration,time,speed,steering,obstacle_North,obstacle_NorthWest,obstacle_SouthWest,obstacle_West,obstacle_distance,follow_enable,steady_motion_enable,passing_start,accel_x,accel_y,accel_z,accel_diff,success,action
1,1,1675448531.916557,0.0,0.0,False,True,False,True,100000,False,True,False,0.05716249798614767,-6.077075562955003e-14,9.805018044295716,0.00488789794877155,True,Cruise
1,2,1675448531.9168994,0.0,0.0,False,True,False,True,100000,False,True,False,0.05716249798614767,-6.077075562955003e-14,9.805018044295716,0.00488789794877155,True,Cruise
1,3,1675448532.0169516,49.65206482711184,-0.004639135638508785,False,True,False,True,100000,False,True,False,0.05273231518983894,2.1397359978218776e-13,9.802952850176778,0.00488789794877155,True,Cruise
1,4,1675448532.1169534,49.7753368071583,-0.0029955092378893718,False,True,False,True,100000,False,True,False,0.04449786662529676,-2.1515420749373933e-14,9.799643736896094,0.008874478794075238,True,Cruise
1,5,1675448532.216998,48.94257631772842,-0.01409898243028775,False,True,False,True,100000,False,True,False,1.9290933068836496,-0.003648774239234369,9.630027709043976,0.9876372521881855,True,Cruise
1,6,1675448532.3169577,48.94257631772842,-0.01409898243028775,False,True,False,True,100000,False,True,False,2.6019422715605436,-0.006142260594402509,9.584769893450874,0.44517592351373375,True,Cruise
1,7,1675448532.4169364,49.449542701051094,-0.0073394306526520185,False,True,False,True,100000,False,True,False,3.314808394890459,-0.018034582268579912,9.565920307304417,0.44517592351373375,True,Cruise
1,8,1675448532.5169349,49.449542701051094,-0.0073394306526520185,False,True,False,True,100000,False,True,False,3.4763774864050614,-0.026963846154547368,9.579207029452414,0.16236021702325118,True,Cruise
1,9,1675448532.6169178,49.84856778146117,-0.0020190962471844528,False,True,False,True,100000,False,True,False,3.772682261732078,0.0028769832080214473,9.646794622294406,0.09871598193543132,True,Cruise
1,10,1675448532.7169137,49.84856778146117,-0.0020190962471844528,False,True,False,True,100000,False,True,False,3.8766155164048195,0.0028321465213314865,9.670576131866907,0.11513149748056326,True,Cruise
1,11,1675448532.8169177,49.660307397540045,-0.004529234699466065,False,True,False,True,100000,False,True,False,4.100967249358061,0.0038733575936528482,9.716625981217417,0.11725980911465303,True,Cruise
1,12,1675448532.916955,49.86135133006886,-0.0018486489324152182,False,True,False,True,100000,False,True,False,4.210631656388303,0.014208861591131126,9.739066134020637,0.10473716058152062,True,Cruise
1,13,1675448533.017238,49.86135133006886,-0.0018486489324152182,False,True,False,True,100000,False,True,False,4.4018640916604035,-0.006644438772324721,9.7828985093512,0.09267698788332832,True,Cruise
1,14,1675448533.1170053,49.72760904856878,-0.0036318793524162908,False,True,False,True,100000,False,True,False,4.589589315280157,-0.0012707238427228154,9.843235197806802,0.05233014323273957,True,Cruise
1,15,1675448533.2169266,49.72760904856878,-0.0036318793524162908,False,True,False,True,100000,False,True,False,4.589589315280157,-0.0012707238427228154,9.843235197806802,0.05233014323273957,True,Cruise
1,16,1675448533.3170586,49.531987528637174,-0.006240166284837717,False,True,False,False,100000,False,True,False,4.647512241779484,-0.006000466046500759,9.876576413342539,0.029234796217714968,True,Cruise
1,17,1675448533.417022,49.342223108955054,-0.008770358547265994,False,True,False,False,100000,False,True,False,4.658852923332659,-0.0021529214919784297,9.902055359128155,0.01766329754385983,True,Cruise
1,18,1675448533.5169735,49.342223108955054,-0.008770358547265994,False,True,False,False,100000,False,True,False,4.631395207435184,-0.01653288410411631,9.918459623266761,0.019574834081946824,True,Cruise
1,19,1675448533.618012,49.342223108955054,-0.008770358547265994,False,True,False,False,100000,False,True,False,4.631395207435184,-0.01653288410411631,9.918459623266761,0.019574834081946824,True,Cruise
1,20,1675448533.717045,49.086791488237914,-0.012176113490161159,False,True,False,False,100000,False,True,False,4.573340309807785,-0.019532008267281062,9.925354504801769,0.058539775158909575,True,Cruise
1,21,1675448533.8174431,49.086791488237914,-0.012176113490161159,False,True,False,False,100000,False,True,False,4.493089074402598,-0.02898148994126773,9.923013674510322,0.04546288093782395,True,Cruise
1,22,1675448533.9171035,49.39984239781221,-0.008002101362503844,False,True,False,False,100000,False,True,False,4.493089074402598,-0.02898148994126773,9.923013674510322,0.046179258395066,True,Cruise
1,23,1675448534.0170178,49.39984239781221,-0.008002101362503844,False,True,False,False,100000,False,True,False,4.399197280979268,-0.04456632145670109,9.912285998430413,0.049842135692922666,True,Cruise
1,24,1675448534.1169913,48.43669324476471,-0.020844090069803832,False,True,False,False,100000,False,True,False,4.299811031211732,-0.015626164830792707,9.894488481512333,0.05469420446595409,True,Cruise
1,25,1675448534.2169623,48.43669324476471,-0.020844090069803832,False,True,False,False,100000,False,True,False,4.250171128061103,-0.015981235663676648,9.883468449851026,0.05084965248569934,True,Cruise
1,26,1675448534.3169787,49.80752949752144,0.002566273366380754,False,True,False,False,100000,False,True,False,4.250171128061103,-0.015981235663676648,9.883468449851026,0.10365258049414583,True,Cruise
1,27,1675448534.4171042,49.80752949752144,0.002566273366380754,False,True,False,False,100000,False,True,False,4.110068118454669,-0.11829877138463842,9.84475125959572,0.14191726031721133,True,Cruise
1,28,1675448534.516986,49.80752949752144,0.002566273366380754,False,True,False,False,100000,False,True,False,4.031224470921722,0.020900977637082173,9.816479528037995,0.05719798577579801,True,Cruise
1,29,1675448534.616956,49.80752949752144,0.002566273366380754,False,True,False,False,100000,False,True,False,3.996828635834893,0.028333829227207133,9.802380434581671,0.037909170267513115,True,Cruise
1,30,1675448534.7169857,49.80752949752144,0.002566273366380754,False,True,False,False,100000,False,True,False,3.96616136908609,0.02436881041354798,9.788589561852808,0.0301927477047452,True,Cruise
1,31,1675448534.8169384,49.80752949752144,0.002566273366380754,False,True,False,False,100000,False,True,False,3.916791280254455,0.018014727997140705,9.762691225848984,0.04012117085163779,True,Cruise
1,32,1675448534.9169452,49.507859295251,-0.0065618760633200214,False,True,False,False,100000,False,True,False,3.8732668567717377,0.024173990669030088,9.730426688049956,0.014584670774828468,True,Cruise
1,33,1675448535.0170681,49.507859295251,-0.0065618760633200214,False,True,False,False,100000,False,True,False,3.866512598423948,0.05299778334348379,9.721915414018946,0.04900979674235562,True,Cruise
1,34,1675448535.1171126,49.507859295251,-0.0065618760633200214,False,True,False,False,100000,False,True,False,3.863320740228832,-0.013173383574796466,9.708725720172529,0.018775088955504598,True,Cruise
1,35,1675448535.2170515,49.70152027302985,-0.003979729692935379,False,True,False,False,100000,False,True,False,3.8722473991666404,-0.012432967401161168,9.70080414918842,0.007136587390093884,True,Cruise
1,36,1675448535.3171766,49.70152027302985,-0.003979729692935379,False,True,False,False,100000,False,True,False,3.8804745205338174,-0.011038003469855078,9.698805952145914,0.0085804569680514,True,Cruise
1,37,1675448535.4171898,49.70152027302985,-0.003979729692935379,False,True,False,False,100000,False,True,False,3.902779439676417,-0.022007724768580202,9.69853040329672,0.024857999326130326,True,Cruise
1,38,1675448535.51702,49.70152027302985,-0.003979729692935379,False,True,False,False,100000,False,True,False,3.930752557798909,-0.008394245604068219,9.702730863276079,0.015825593936493562,True,Cruise
1,39,1675448535.6169186,49.7615461149208,0.003179385134389398,False,True,False,False,100000,False,True,False,3.9774809427243705,-0.03840298940487584,9.715756006122106,0.016616014192731933,True,Cruise
1,40,1675448535.7169242,49.7615461149208,0.003179385134389398,False,True,False,False,100000,False,True,False,3.9774809427243705,-0.03840298940487584,9.715756006122106,0.04588080215847089,True,Cruise
1,41,1675448535.816942,49.7615461149208,0.003179385134389398,False,True,False,False,100000,False,True,False,4.008861684821354,0.019993314814264074,9.727537360267506,0.022905760089689916,True,Cruise
1,42,1675448535.916912,49.7615461149208,0.003179385134389398,False,True,False,False,100000,False,True,False,4.037826654381155,0.02085934820249895,9.740692902459436,0.014853316938809839,True,Cruise
1,43,1675448536.0169282,49.8176786068998,0.0024309519080027535,False,True,False,False,100000,False,True,False,4.0510259914634705,0.020229060355508505,9.74747532547058,0.013977756719825193,True,Cruise
1,44,1675448536.1169982,49.8176786068998,0.0024309519080027535,False,True,False,False,100000,False,True,False,4.074293665829356,0.023540088751994197,9.76087880101773,0.013114263871297492,True,Cruise
1,45,1675448536.216954,49.8176786068998,0.0024309519080027535,False,True,False,False,100000,False,True,False,4.100252966931276,0.033188783035709025,9.77912544610065,0.010297562201276535,True,Cruise
1,46,1675448536.3169837,49.8176786068998,0.0024309519080027535,False,True,False,False,100000,False,True,False,4.106379428308425,0.030171260948068813,9.784394223246952,0.00862548440219386,True,Cruise
1,47,1675448536.4170985,49.69108375018199,0.0041188833309068525,False,True,False,False,100000,False,True,False,4.106379428308425,0.030171260948068813,9.784394223246952,0.00862548440219386,True,Cruise
1,48,1675448536.5169494,49.69108375018199,0.0041188833309068525,False,True,False,False,100000,False,True,False,4.117305298394942,0.029349667470408663,9.797000784985809,0.01670254626892475,True,Cruise
1,49,1675448536.6169453,49.69108375018199,0.0041188833309068525,False,True,False,False,100000,False,True,False,4.118870803221916,0.02339003430251066,9.802452424016556,0.006148479391808977,True,Cruise
1,50,1675448536.717061,49.69108375018199,0.0041188833309068525,False,True,False,False,100000,False,True,False,4.1181338751074446,0.03288521355054443,9.804266697046966,0.0039720703747596914,True,Cruise
1,51,1675448536.8169973,49.665850842121664,0.0044553221050444075,False,True,False,False,100000,False,True,False,4.111079373163233,0.03397167343572083,9.806204248369234,0.002528824871540376,True,Cruise
1,52,1675448536.9169567,49.665850842121664,0.0044553221050444075,False,True,False,False,100000,False,True,False,4.111079373163233,0.03397167343572083,9.806204248369234,0.0035418909432817502,True,Cruise
1,53,1675448537.0169866,49.665850842121664,0.0044553221050444075,False,True,False,False,100000,False,True,False,4.098873699409538,0.03128239061195601,9.803534558714565,0.004845274468676839,True,Cruise
1,54,1675448537.1169279,49.665850842121664,0.0044553221050444075,False,True,False,False,100000,False,True,False,4.089201207203207,0.03124835735562195,9.799780675872,0.005343107590458605,True,Cruise
1,55,1675448537.2169948,49.665850842121664,0.0044553221050444075,False,True,False,False,100000,False,True,False,4.07917425343734,0.030039311100704857,9.794935633444664,0.005650700598670224,True,Cruise
1,56,1675448537.316973,49.23677240359955,-0.010176367952006042,False,True,False,False,100000,False,True,False,4.0742292519368375,0.029515733806117127,9.79224088430787,0.005655868274070299,True,Cruise
1,57,1675448537.4170601,49.23677240359955,-0.010176367952006042,False,True,False,False,100000,False,True,False,4.06942345165943,0.02907080288408409,9.789436574483382,0.00558192022725366,True,Cruise
1,58,1675448537.5170617,49.23677240359955,-0.010176367952006042,False,True,False,False,100000,False,True,False,4.060511841164158,0.07024613386095307,9.78370053074648,0.042517371513603915,True,Cruise
1,59,1675448537.6169217,49.23677240359955,-0.010176367952006042,False,True,False,False,100000,False,True,False,4.053341356417147,-0.07871302657165859,9.778062920003226,0.013244239344749425,True,Cruise
1,60,1675448537.716974,49.60002162177539,0.005333045042994768,False,True,False,False,100000,False,True,False,4.046684042142687,-0.0920601292031517,9.772980777631876,0.004121960034110734,True,Cruise
1,61,1675448537.8169901,49.60002162177539,0.005333045042994768,False,True,False,False,100000,False,True,False,4.043844388171955,-0.09312556004811333,9.77070069256388,0.04902824758291682,True,Cruise
1,62,1675448537.9170344,49.60002162177539,0.005333045042994768,False,True,False,False,100000,False,True,False,4.039962542548264,-0.04079809289188593,9.766712668006559,0.10128097374729145,True,Cruise
1,63,1675448538.0169308,49.60002162177539,0.005333045042994768,False,True,False,False,100000,False,True,False,4.039962542548264,-0.04079809289188593,9.766712668006559,0.10128097374729145,True,Cruise
1,64,1675448538.1170917,49.65009855699072,0.004665352573457097,False,True,False,False,100000,False,True,False,4.037125733197557,0.008704615181330816,9.762536674325066,0.04975946660789524,True,Cruise
1,65,1675448538.2169626,49.65009855699072,0.004665352573457097,False,True,False,False,100000,False,True,False,4.036722412205766,0.009726513655625926,9.76102367734883,0.009645556778869675,True,Cruise
1,66,1675448538.3169425,49.65009855699072,0.004665352573457097,False,True,False,False,100000,False,True,False,4.038349943440861,0.0323732644724162,9.760512903719224,0.007901291171745668,True,Cruise
1,67,1675448538.416896,49.65009855699072,0.004665352573457097,False,True,False,False,100000,False,True,False,4.039374216197421,0.04129314219499255,9.760761591184844,0.008981937359005699,True,Cruise
1,68,1675448538.5169473,49.81052840133459,0.0025262879822054956,False,True,False,False,100000,False,True,False,4.041924135107756,0.05632328228554463,9.76178584889774,0.015279276862905825,True,Cruise
1,69,1675448538.6170824,49.81052840133459,0.0025262879822054956,False,True,False,False,100000,False,True,False,4.04500810814285,0.05566114192957407,9.763368762043045,0.011471208432004167,True,Cruise
1,70,1675448538.7169516,49.81052840133459,0.0025262879822054956,False,True,False,False,100000,False,True,False,4.046658556627374,0.049841226281238896,9.764318300510446,0.006123481171268316,True,Cruise
1,71,1675448538.8169641,49.64260147610365,0.0047653136519513846,False,True,False,False,100000,False,True,False,4.048305056550668,0.048910757116555875,9.765346828729026,0.0019537656420360546,True,Cruise
1,72,1675448538.916966,49.64260147610365,0.0047653136519513846,False,True,False,False,100000,False,True,False,4.051512859077304,0.04822069036624833,9.767551668823735,0.008630570405401954,True,Cruise
1,73,1675448539.016932,49.64260147610365,0.0047653136519513846,False,True,False,False,100000,False,True,False,4.05573159143835,0.05925765163969185,9.77093321914965,0.019769210487797586,True,Cruise
1,74,1675448539.1168928,49.64260147610365,0.0047653136519513846,False,True,False,False,100000,False,True,False,4.056978605433579,0.058111741363545306,9.772001976280684,0.0020025973310704953,True,Cruise
1,75,1675448539.2169268,49.56101489086916,0.005853134788411196,False,True,False,False,100000,False,True,False,4.0581411169114,0.05490700427684813,9.773015673802263,0.0035565932289442753,True,Cruise
1,76,1675448539.3169293,49.56101489086916,0.005853134788411196,False,True,False,False,100000,False,True,False,4.060903147171733,0.053822644564216704,9.77562948011438,0.007200371702495714,True,Cruise
1,77,1675448539.416946,49.56101489086916,0.005853134788411196,False,True,False,False,100000,False,True,False,4.061545088351327,0.05762615937557093,9.776331764169878,0.003920716298440317,True,Cruise
1,78,1675448539.517111,49.56101489086916,0.005853134788411196,False,True,False,False,100000,False,True,False,4.0620745587607034,0.05844814576217027,9.776937919159577,0.0011504018453117597,True,Cruise
1,79,1675448539.617045,49.503837268239906,0.006615503090134608,False,True,False,False,100000,False,True,False,4.062978595208895,0.058578656405371556,9.77816649181992,0.0015309166239186498,True,Cruise
1,80,1675448539.717161,49.503837268239906,0.006615503090134608,False,True,False,False,100000,False,True,False,4.063053214607361,0.05698550816896079,9.778383189211262,0.0016095487309243782,True,Cruise
1,81,1675448539.816981,49.503837268239906,0.006615503090134608,False,True,False,False,100000,False,True,False,4.062805047510941,0.06788866356119143,9.778555569359265,0.0041176854323265654,True,Cruise
1,82,1675448539.9169931,49.65204595941663,0.004639387207778285,False,True,False,False,100000,False,True,False,4.062276856149778,0.0704324245516885,9.778396859913332,0.0017177620239438342,True,Cruise
1,83,1675448540.0171082,49.65204595941663,0.004639387207778285,False,True,False,False,100000,False,True,False,4.061925471285298,0.07119051795005711,9.778211525848878,0.000855877116812303,True,Cruise
1,84,1675448540.1171427,49.65204595941663,0.004639387207778285,False,True,False,False,100000,False,True,False,4.060908033353354,0.05461864687805206,9.777304278478024,0.00808700191633783,True,Cruise
1,85,1675448540.2168841,49.65204595941663,0.004639387207778285,False,True,False,False,100000,False,True,False,4.059969585999872,0.05276602316964153,9.776532075916299,0.000638565377175705,True,Cruise
1,86,1675448540.3171306,49.86366944309696,0.0018177407587072116,False,True,False,False,100000,False,True,False,4.059969585999872,0.05276602316964153,9.776532075916299,0.0006858672738948923,True,Cruise
1,87,1675448540.417093,49.86366944309696,0.0018177407587072116,False,True,False,False,100000,False,True,False,4.058896851920815,0.05177718100138158,9.775699695450282,0.006708455901034355,True,Cruise
1,88,1675448540.5169427,49.86366944309696,0.0018177407587072116,False,True,False,False,100000,False,True,False,4.058091678256298,0.03331011134405771,9.774834002532415,0.025147413337308605,True,Cruise
1,89,1675448540.6169512,49.86366944309696,0.0018177407587072116,False,True,False,False,100000,False,True,False,4.058091678256298,0.03331011134405771,9.774834002532415,0.025147413337308605,True,Cruise
1,90,1675448540.7170439,49.104357382226645,0.011941901570311426,False,True,False,False,100000,False,True,False,4.05654620964824,0.008773193172525933,9.773312328625066,0.0019180366819982377,True,Cruise
1,91,1675448540.8171518,49.104357382226645,0.011941901570311426,False,True,False,False,100000,False,True,False,4.056167094016466,0.006387770490618899,9.773002499817967,0.0024351517249075927,True,Cruise
1,92,1675448540.9170892,49.104357382226645,0.011941901570311426,False,True,False,False,100000,False,True,False,4.054014052431539,0.10662342552416866,9.772387266873562,0.04815467079728867,True,Cruise
1,93,1675448541.0171404,49.104357382226645,0.011941901570311426,False,True,False,False,100000,False,True,False,4.054014052431539,0.10662342552416866,9.772387266873562,0.04815467079728867,True,Cruise
1,94,1675448541.117019,49.62766265619405,0.004964497917412644,False,True,False,False,100000,False,True,False,4.053411924983408,0.12112147592816168,9.77223291983098,0.014511369542192372,True,Cruise
1,95,1675448541.2169015,49.62766265619405,0.004964497917412644,False,True,False,False,100000,False,True,False,4.052688287687775,0.13869169878561433,9.771882256727794,0.01758861412414629,True,Cruise
1,96,1675448541.3169258,49.62766265619405,0.004964497917412644,False,True,False,False,100000,False,True,False,4.052680267257611,0.1704399653118738,9.771815858094843,0.03174833697263789,True,Cruise
1,97,1675448541.4169528,49.62766265619405,0.004964497917412644,False,True,False,False,100000,False,True,False,4.054419237952717,0.09860066610878072,9.771638303638309,0.023631640376372984,True,Cruise
1,98,1675448541.5169349,49.378606799530864,0.00828524267292186,False,True,False,False,100000,False,True,False,4.055066599393708,0.1034965263535936,9.771713931502093,0.003506225049750623,True,Cruise
1,99,1675448541.6169503,49.378606799530864,0.00828524267292186,False,True,False,False,100000,False,True,False,4.054852310951799,0.12245425539853533,9.772115076533746,0.015460039719869976,True,Cruise
1,100,1675448541.7170532,49.378606799530864,0.00828524267292186,False,True,False,False,100000,False,True,False,4.05465964155386,0.13413161105002053,9.772284667430704,0.01168017626495878,True,Cruise
1,101,1675448541.8170755,49.64709040360953,0.004705461285206179,False,True,False,False,100000,False,True,False,4.054642609068578,0.13320021151985903,9.772445519414875,0.004729391449037911,True,Cruise
1,102,1675448541.9169674,49.64709040360953,0.004705461285206179,False,True,False,False,100000,False,True,False,4.054960777700009,0.12434370019756168,9.772749151945241,0.004138652220514841,True,Cruise
1,103,1675448542.0168962,49.64709040360953,0.004705461285206179,False,True,False,False,100000,False,True,False,4.05595854622775,0.09906338607889914,9.772990705266805,0.01927188652623424,True,Cruise
1,104,1675448542.116873,49.66076350995503,0.004523153200599614,False,True,False,False,100000,False,True,False,4.056533514611069,0.07980044247126457,9.77310913333494,0.01927188652623424,True,Cruise
1,105,1675448542.216981,49.66076350995503,0.004523153200599614,False,True,False,False,100000,False,True,False,4.057282328269869,0.07181668137572701,9.77352061462519,0.001237363979318923,True,Cruise
1,106,1675448542.3169475,49.66076350995503,0.004523153200599614,False,True,False,False,100000,False,True,False,4.057375009709945,0.06982197858031176,9.77365192976792,0.00518376158033537,True,Cruise
1,107,1675448542.4169462,49.66076350995503,0.004523153200599614,False,True,False,False,100000,False,True,False,4.057554045608218,0.05987629168103586,9.77387520467662,0.0047660432681982745,True,Cruise
1,108,1675448542.517078,49.61030446766971,0.005195940431070542,False,True,False,False,100000,False,True,False,4.057629270359187,0.05614855734331096,9.77396691916543,0.0037296211071996418,True,Cruise
1,109,1675448542.617028,49.61030446766971,0.005195940431070542,False,True,False,False,100000,False,True,False,4.057751651571127,0.051333021821746705,9.774107897677693,0.002003421413573824,True,Cruise
1,110,1675448542.7170186,49.61030446766971,0.005195940431070542,False,True,False,False,100000,False,True,False,4.057751651571127,0.051333021821746705,9.774107897677693,0.006670717069364653,True,Cruise
1,111,1675448542.8169374,49.61030446766971,0.005195940431070542,False,True,False,False,100000,False,True,False,4.057707200590682,0.05800250576819012,9.774228206521856,0.0020371827474572257,True,Cruise
1,112,1675448542.9169128,49.099596035778816,0.012005386189615806,False,True,False,False,100000,False,True,False,4.057652782367857,0.061777544416900435,9.774238635656637,0.0017382835246161682,True,Cruise
1,113,1675448543.0169322,49.099596035778816,0.012005386189615806,False,True,False,False,100000,False,True,False,4.057586479980561,0.06689244185113938,9.774202552086843,0.00288166607618519,True,Cruise
1,114,1675448543.1170027,49.099596035778816,0.012005386189615806,False,True,False,False,100000,False,True,False,4.057449340273258,0.05441079207803246,9.774133979887427,0.01586341760945735,True,Cruise
1,115,1675448543.2169275,49.099596035778816,0.012005386189615806,False,True,False,False,100000,False,True,False,4.057449340273258,0.05441079207803246,9.774133979887427,0.13202641568570067,True,Cruise
1,116,1675448543.316933,49.65435705473071,0.004608572603590495,False,True,False,False,100000,False,True,False,4.055297507702316,0.1864196707616517,9.774131956632564,0.13202641568570067,True,Cruise
1,117,1675448543.4169383,49.65435705473071,0.004608572603590495,False,True,False,False,100000,False,True,False,4.05607623994616,0.16340066845286572,9.773772815485437,0.06159285396544432,True,Cruise
1,118,1675448543.5169618,49.65435705473071,0.004608572603590495,False,True,False,False,100000,False,True,False,4.056928755114184,0.13110276857994066,9.773623868531125,0.0323094924675149,True,Cruise
1,119,1675448543.6169496,49.53743137335691,0.006167581688574505,False,True,False,False,100000,False,True,False,4.05742896232148,0.1356605514668256,9.773459632981032,0.006608336297039351,True,Cruise
1,120,1675448543.716962,49.53743137335691,0.006167581688574505,False,True,False,False,100000,False,True,False,4.05742896232148,0.1356605514668256,9.773459632981032,0.000716102188469282,True,Cruise
1,121,1675448543.816945,49.53743137335691,0.006167581688574505,False,True,False,False,100000,False,True,False,4.056728945031449,0.14571419041755218,9.773384106975355,0.010710109711819365,True,Cruise
1,122,1675448543.916933,49.53743137335691,0.006167581688574505,False,True,False,False,100000,False,True,False,4.056728945031449,0.14571419041755218,9.773384106975355,0.010710109711819365,True,Cruise
1,123,1675448544.0169685,49.74246392793776,0.0034338142941631486,False,True,False,False,100000,False,True,False,4.056142395675957,0.13003628571618148,9.773300404266514,0.00692460241436161,True,Cruise
1,124,1675448544.11699,49.74246392793776,0.0034338142941631486,False,True,False,False,100000,False,True,False,4.0561564463208555,0.12538617377459207,9.773278299939975,0.0032058484800892868,True,Cruise
1,125,1675448544.217025,49.74246392793776,0.0034338142941631486,False,True,False,False,100000,False,True,False,4.056183109530517,0.12218048316078109,9.773260943700016,0.0032058484800892868,True,Cruise
1,126,1675448544.3170073,49.74246392793776,0.0034338142941631486,False,True,False,False,100000,False,True,False,4.057054474397525,0.07370293088451685,9.773188626546458,0.006343985775948268,True,Cruise
1,127,1675448544.4170287,49.74246392793776,0.0034338142941631486,False,True,False,False,100000,False,True,False,4.057054474397525,0.07370293088451685,9.773188626546458,0.006343985775948268,True,Cruise
1,128,1675448544.517045,49.942006422021194,0.0007732477063840287,False,True,False,False,100000,False,True,False,4.057071191823292,0.06950173349956672,9.77323078474712,0.0020088640963616122,True,Cruise
1,129,1675448544.6171136,49.942006422021194,0.0007732477063840287,False,True,False,False,100000,False,True,False,4.0572753379842235,0.039394140396916424,9.773295518020191,0.004137454961874228,True,Cruise
1,130,1675448544.717026,49.942006422021194,0.0007732477063840287,False,True,False,False,100000,False,True,False,4.0572753379842235,0.039394140396916424,9.773295518020191,0.03135464001030778,True,Cruise
1,131,1675448544.8170612,49.942006422021194,0.0007732477063840287,False,True,False,False,100000,False,True,False,4.0572753379842235,0.039394140396916424,9.773295518020191,0.03297888262509645,True,Cruise
1,132,1675448544.917068,49.9636726276368,-0.00048436496484270794,False,True,False,False,100000,False,True,False,4.057463544029046,0.003111077400397455,9.773425648975902,0.0033055656815231607,True,Cruise
1,133,1675448545.0172467,49.9636726276368,-0.00048436496484270794,False,True,False,False,100000,False,True,False,4.057366094254063,-0.004905374471422594,9.773503364891331,0.004163720121638056,True,Cruise
1,134,1675448545.1169944,49.9636726276368,-0.00048436496484270794,False,True,False,False,100000,False,True,False,4.057327135070124,-0.008799573521105086,9.77353789882252,0.0004460131820873661,True,Cruise
1,135,1675448545.2170436,49.9636726276368,-0.00048436496484270794,False,True,False,False,100000,False,True,False,4.057342927116432,-0.02406356694612394,9.773588961423396,0.015708162242482088,True,Cruise
1,136,1675448545.316997,49.9636726276368,-0.00048436496484270794,False,True,False,False,100000,False,True,False,4.057345845679995,-0.03721808389789458,9.77363110283468,0.013154584776836524,True,Cruise
1,137,1675448545.4169877,49.74447622996437,0.0034069836004750782,False,True,False,False,100000,False,True,False,4.057313727829899,-0.03790145597092732,9.773650384557138,0.0002047388255020389,True,Cruise
1,138,1675448545.5169144,49.74447622996437,0.0034069836004750782,False,True,False,False,100000,False,True,False,4.057224574646867,-0.0382310796241997,9.773680547253274,0.00022354010138407802,True,Cruise
1,139,1675448545.6169655,49.74447622996437,0.0034069836004750782,False,True,False,False,100000,False,True,False,4.056999047864022,-0.006527716568369897,9.773710771006101,0.04309451282772142,True,Cruise
1,140,1675448545.7169094,49.74447622996437,0.0034069836004750782,False,True,False,False,100000,False,True,False,4.05688197492875,0.021956451004890822,9.77371690161789,0.028484408823041627,True,Cruise
1,141,1675448545.8169217,49.84044179290164,-0.002127442761311348,False,True,False,False,100000,False,True,False,4.0566870613358255,0.0454293501889392,9.773698745987069,0.02347371545026769,True,Cruise
1,142,1675448545.9171226,49.84044179290164,-0.002127442761311348,False,True,False,False,100000,False,True,False,4.0566870613358255,0.0454293501889392,9.773698745987069,0.02347371545026769,True,Cruise
1,143,1675448546.0170648,49.84044179290164,-0.002127442761311348,False,True,False,False,100000,False,True,False,4.056900404611114,0.01909647647075406,9.77364618683445,0.0511505532503075,True,Cruise
1,144,1675448546.1169305,49.84044179290164,-0.002127442761311348,False,True,False,False,100000,False,True,False,4.05703347501684,-0.013567539854228778,9.773609091240667,0.003582349753747848,True,Cruise
1,145,1675448546.2169666,49.81322873446551,-0.002490283540459841,False,True,False,False,100000,False,True,False,4.0569821776533175,-0.010211601068617432,9.773599983706129,0.003582349753747848,True,Cruise
1,146,1675448546.3170779,49.6309232242434,-0.004921023676754679,False,True,False,False,100000,False,True,False,4.0569026932021,-0.00902168438664864,9.77359267087441,0.0011925908625847739,True,Cruise
1,147,1675448546.417018,49.6309232242434,-0.004921023676754679,False,True,False,False,100000,False,True,False,4.056692817310744,-0.02705411788597223,9.773566402197744,0.006625327900699031,True,Cruise
1,148,1675448546.5170321,49.6309232242434,-0.004921023676754679,False,True,False,False,100000,False,True,False,4.0566486067717955,-0.03367929015328538,9.773556026820565,0.03965388863460214,True,Cruise
1,149,1675448546.6169894,49.6309232242434,-0.004921023676754679,False,True,False,False,100000,False,True,False,4.0563779474201755,-0.11543360009551211,9.773534752673786,0.027616702963540157,True,Cruise
1,150,1675448546.7168927,49.6309232242434,-0.004921023676754679,False,True,False,False,100000,False,True,False,4.056264717626914,-0.13523011458369893,9.773515356330906,0.00974899750797558,True,Cruise
1,151,1675448546.816974,49.41127809908472,-0.007849625345537098,False,True,False,False,100000,False,True,False,4.056264717626914,-0.13523011458369893,9.773515356330906,0.012583748851144808,True,Cruise
1,152,1675448546.9171002,49.41127809908472,-0.007849625345537098,False,True,False,False,100000,False,True,False,4.05620519273092,-0.14781370646177153,9.773495172635736,0.04403365368818988,True,Cruise
1,153,1675448547.016986,49.41127809908472,-0.007849625345537098,False,True,False,False,100000,False,True,False,4.055703544160886,-0.22303281489878748,9.773510360735385,0.031187144330126038,True,Cruise
1,154,1675448547.1169882,49.41127809908472,-0.007849625345537098,False,True,False,False,100000,False,True,False,4.055703544160886,-0.22303281489878748,9.773510360735385,0.009374631244534443,True,Cruise
1,155,1675448547.2170024,48.90059915006936,-0.014658677999075173,False,True,False,False,100000,False,True,False,4.055446611145712,-0.247688329540898,9.773496224353662,0.008875835376180129,True,Cruise
1,156,1675448547.3169925,48.988113126639035,-0.01349182497814623,False,True,False,False,100000,False,True,False,4.055366186549605,-0.27397745940726204,9.773450294559549,0.00896174106698614,True,Cruise
1,157,1675448547.416966,49.03075125654184,-0.012923316579442058,False,True,False,False,100000,False,True,False,4.055366186549605,-0.27397745940726204,9.773450294559549,0.07432741890120372,True,Cruise
1,158,1675448547.5170145,49.010807765593334,-0.013189229792088896,False,True,False,False,100000,False,True,False,4.05286138043608,-0.44020913940907586,9.773545310968853,0.008657015908329947,True,Cruise
1,159,1675448547.6169875,48.538917536039335,-0.019481099519475572,False,True,False,False,100000,False,True,False,4.05286138043608,-0.44020913940907586,9.773545310968853,0.06551883189968469,True,Cruise
1,160,1675448547.71692,48.54402172998181,-0.019413043600242565,False,True,False,False,100000,False,True,False,4.053900447196273,-0.3746987244053366,9.77339299614734,0.003311123709586402,True,Cruise
1,161,1675448547.8168824,47.7997537621091,-0.02933661650521205,False,True,False,False,100000,False,True,False,4.050256010267803,-0.5398382194430121,9.773571371786646,0.06173818493983365,True,Cruise
1,162,1675448547.9168723,48.68757368765225,-0.017499017497970046,False,True,False,False,100000,False,True,False,4.050256010267803,-0.5398382194430121,9.773571371786646,0.06173818493983365,True,Cruise
1,163,1675448548.0169413,49.29570394421924,-0.009390614077076816,False,True,False,False,100000,False,True,False,4.0499418642186535,-0.5660358478421005,9.773265304184706,0.045733525896629976,True,Cruise
1,164,1675448548.116995,48.88803847219925,-0.014826153704010026,False,True,False,False,100000,False,True,False,4.0499418642186535,-0.5660358478421005,9.773265304184706,0.045733525896629976,True,Cruise
1,165,1675448548.2170627,48.88803847219925,-0.014826153704010026,False,True,False,False,100000,False,True,False,4.0532749236694805,-0.5397208691922497,9.772809334535621,0.0667389403681328,True,Cruise
1,166,1675448548.3169367,48.926443536617,-0.014314086178439916,False,True,False,False,100000,False,True,False,4.0543974311582724,-0.5457102430678787,9.772713425579772,0.061829925605339786,True,Cruise
1,167,1675448548.416968,48.926443536617,-0.014314086178439916,False,True,False,False,100000,False,True,False,4.0543974311582724,-0.5457102430678787,9.772713425579772,0.04677383965645066,True,Cruise
1,168,1675448548.5170152,48.926443536617,-0.014314086178439916,False,True,False,False,100000,False,True,False,4.052614408132635,-0.6051407342354191,9.772832363967568,0.012690529760539653,True,Cruise
1,169,1675448548.6171458,48.26187407212996,-0.02317501237160054,False,True,False,False,100000,False,True,False,4.052614408132635,-0.6051407342354191,9.772832363967568,0.3751126189289843,True,Cruise
1,170,1675448548.717019,49.11615694966018,-0.01178457400453097,False,True,False,False,100000,False,True,False,4.357764878650479,-0.4551889041610985,9.760556067960103,0.04228367118530405,True,Cruise
1,171,1675448548.816944,49.11615694966018,-0.01178457400453097,False,True,False,False,100000,False,True,False,4.175449258749963,-0.7223037754417455,9.778548987773842,0.1292046065996622,True,Cruise
1,172,1675448548.917013,48.84815761089145,-0.015357898521447371,False,True,False,False,100000,False,True,False,4.057197247235021,-0.6702098127748493,9.787341151503355,0.1381422154226429,True,Cruise
1,173,1675448549.0170004,48.84815761089145,-0.015357898521447371,False,True,False,False,100000,False,True,False,4.069399724785887,-0.5939748164685176,9.7851849357213,0.0772355124713015,True,Cruise
1,174,1675448549.1171505,48.24883370150894,-0.02334888397988077,False,True,False,False,100000,False,True,False,4.1062015899047974,-0.6934592682419064,9.779241151829298,0.10623964414396832,True,Cruise
1,175,1675448549.2169466,49.02035177589139,-0.013061976321448114,False,True,False,False,100000,False,True,False,4.121250441859323,-0.6804500041140285,9.776862352567246,0.020034160432303286,True,Cruise
1,176,1675448549.3169498,49.02035177589139,-0.013061976321448114,False,True,False,False,100000,False,True,False,4.109517646527023,-0.7813549036509393,9.777292464406882,0.10158563989589425,True,Cruise
1,177,1675448549.416978,49.02035177589139,-0.013061976321448114,False,True,False,False,100000,False,True,False,4.093888079382564,-0.750937061145764,9.776169090925862,0.09043063148882916,True,Cruise
1,178,1675448549.5170934,48.86269547780576,-0.015164060295923227,False,True,False,False,100000,False,True,False,4.086499055494185,-0.6458035474375462,9.7745914259491,0.021859675457993947,True,Cruise
1,179,1675448549.61693,48.2220292446621,-0.023706276737838646,False,True,False,False,100000,False,True,False,4.086499055494185,-0.6458035474375462,9.7745914259491,0.021859675457993947,True,Cruise
1,180,1675448549.717055,48.2220292446621,-0.023706276737838646,False,True,False,False,100000,False,True,False,4.055342072604667,-0.6790354006981173,9.772927492394961,0.046213181053311764,True,Cruise
1,181,1675448549.8171096,49.88993035187607,-0.0014675953083191015,False,True,False,False,100000,False,True,False,4.124251821399932,-0.7849546317791519,9.763994893418287,0.17553943203314054,True,Cruise
1,182,1675448549.9170196,49.3947075207378,-0.008070566390162624,False,True,False,False,100000,False,True,False,4.124541784194101,-0.5883281691148147,9.763689233068591,0.5592251236624425,True,Cruise
1,183,1675448550.016994,49.3947075207378,-0.008070566390162624,False,True,False,False,100000,False,True,False,4.133000926070575,-0.030746587793685602,9.805688780987788,0.0772979673168649,True,Cruise
1,184,1675448550.117111,49.99266610530759,-9.778526256544961e-05,False,True,False,False,100000,False,True,False,4.05581018724833,-0.02891268066175977,9.809322288387882,0.0772979673168649,True,Cruise
1,185,1675448550.2169683,49.99266610530759,-9.778526256544961e-05,False,True,False,False,100000,False,True,False,3.6875289595738083,-0.23753985141989797,9.807713680678456,0.42327171728661594,True,Cruise
1,186,1675448550.3171322,49.889288959862554,-0.0014761472018326024,False,True,False,False,100000,False,True,False,3.8228830086083834,-0.27056878872700013,9.783201680107346,0.043228862207181286,True,Cruise
1,187,1675448550.4170628,49.889288959862554,-0.0014761472018326024,False,True,False,False,100000,False,True,False,3.9089851141673773,-0.3098072642818405,9.771499029200951,0.095342449013002,True,Cruise
1,188,1675448550.517048,49.379451289665774,0.008273982804456275,False,True,False,False,100000,False,True,False,4.007954639514616,-0.1881475480331172,9.757077907027774,0.10333238218552138,True,Cruise
1,189,1675448550.6169612,49.379451289665774,0.008273982804456275,False,True,False,True,100000,False,True,False,4.011179311995252,-0.1285816941010192,9.752572993731201,0.01390493661301314,True,Cruise
1,190,1675448550.7170002,49.33797871591408,0.008826950454478887,False,True,False,True,100000,False,True,False,4.001583023902317,-0.05161942501439932,9.752724184070125,0.07755838102128283,True,Cruise
1,191,1675448550.8171847,49.36842198218126,0.008421040237583183,False,True,False,True,100000,False,True,False,3.992972257422616,-0.016734604746993016,9.752989196431834,0.07755838102128283,True,Cruise
1,192,1675448550.9170423,49.36842198218126,0.008421040237583183,False,True,False,True,100000,False,True,False,3.987001362965285,0.018937836831966134,9.753194709154094,0.04494399892112033,True,Cruise
1,193,1675448551.017027,49.23735930224756,0.010168542636699137,False,True,False,True,100000,False,True,False,3.985445582220282,0.14537721041358126,9.753357141250856,0.04494399892112033,True,Cruise
1,194,1675448551.1170955,49.23735930224756,0.010168542636699137,False,True,False,True,100000,False,True,False,3.9887261309799635,0.18623600477323704,9.753420650834213,0.04099032947118704,True,Cruise
1,195,1675448551.2170165,49.25701660140952,0.00990644531453982,False,True,False,True,100000,False,True,False,3.9887261309799635,0.18623600477323704,9.753420650834213,0.04099032947118704,True,Cruise
1,196,1675448551.316969,49.25701660140952,0.00990644531453982,False,True,False,True,100000,False,True,False,4.003280179534182,0.36809449309306275,9.755914793720088,0.022560500470628846,True,Cruise
1,197,1675448551.4169917,49.17846726977914,0.010953769736278124,False,True,False,True,100000,False,True,False,4.01566394008668,0.465651491074058,9.758483542850188,0.04755587069090824,True,Cruise
1,198,1675448551.517395,49.17846726977914,0.010953769736278124,False,True,False,True,100000,False,True,False,4.021805928863987,0.507864141116791,9.759796302250201,0.04267733809661917,True,Cruise
1,199,1675448551.6170254,48.704286765899276,0.017276176454676367,False,True,False,True,100000,False,True,False,4.027606259618529,0.5636480255791212,9.761162996530938,0.34181078900512823,True,Cruise
1,200,1675448551.7173517,48.704286765899276,0.017276176454676367,False,True,False,True,100000,False,True,False,4.012843273117816,0.8952779632416429,9.73161190101405,0.011834663542911624,True,Cruise
1,201,1675448551.8172338,49.2690500538191,0.009745999282411977,False,True,False,True,100000,False,True,False,4.012843273117816,0.8952779632416429,9.73161190101405,0.011834663542911624,True,Cruise
1,202,1675448551.917032,49.2690500538191,0.009745999282411977,False,True,False,True,100000,False,True,False,4.032809082916157,1.0231469974941652,9.750754588763431,0.13082647276391188,True,Cruise
1,203,1675448552.0170467,49.2690500538191,0.009745999282411977,False,True,False,True,100000,False,True,False,4.032809082916157,1.0231469974941652,9.750754588763431,0.011450148732571545,True,Cruise
1,204,1675448552.1169584,49.30767547733503,0.00923099363553292,False,True,False,True,100000,False,True,False,4.059210191506694,0.8234817371191273,9.768024240634942,0.08470784979206807,True,Cruise
1,205,1675448552.2170296,49.48794865350361,0.0068273512866186235,False,True,False,True,100000,False,True,False,4.077612791855037,0.7424739707865318,9.782653162040349,0.023185010003547543,True,Cruise
1,206,1675448552.3170478,49.48794865350361,0.0068273512866186235,False,True,False,True,100000,False,True,False,4.077612791855037,0.7424739707865318,9.782653162040349,0.02484442170203274,True,Cruise
1,207,1675448552.4169426,49.48794865350361,0.0068273512866186235,False,True,False,True,100000,False,True,False,4.089218059926145,0.5679826797098982,9.79306508312049,0.17518647496074524,True,Cruise
1,208,1675448552.516995,49.48794865350361,0.0068273512866186235,False,True,False,True,100000,False,True,False,4.0914269269398496,0.5206876924304074,9.795524426619643,0.047410371077415775,True,Cruise
1,209,1675448552.6169224,49.50236439992401,0.006635141334346473,False,True,False,True,100000,False,True,False,4.093484043421696,0.4420406808366777,9.798900392731445,0.038173791934845706,True,Cruise
1,210,1675448552.7169404,49.50236439992401,0.006635141334346473,False,True,False,True,100000,False,True,False,3.496508696646056,0.471338646878646,9.85650854547728,0.805658941903228,True,Cruise
1,211,1675448552.8169181,49.50236439992401,0.006635141334346473,False,True,False,True,100000,False,True,False,2.7027086453613864,0.35202989728062706,9.925307030332995,0.805658941903228,True,Cruise
1,212,1675448552.9171221,49.50236439992401,0.006635141334346473,False,True,False,True,100000,False,True,False,2.7027086453613864,0.35202989728062706,9.925307030332995,0.805658941903228,True,Cruise
1,213,1675448553.016971,49.57294363355225,0.005694084885970063,False,True,False,True,100000,False,True,False,0.5888758777564398,0.24454825571686423,10.006152334624899,0.23586766240235513,True,Cruise
1,214,1675448553.1169314,49.57294363355225,0.005694084885970063,False,True,False,True,100000,False,True,False,0.9647381921889477,0.25922861367499217,9.937446579938094,0.14005776184745175,True,Cruise
1,215,1675448553.216927,49.57294363355225,0.005694084885970063,False,True,False,True,100000,False,True,False,0.6065204515401034,0.27440972475040515,9.913594061226297,0.22428480428228928,True,Cruise
1,216,1675448553.3169231,49.56318280699033,0.005824229240128867,False,False,False,True,100000,False,True,False,0.38302369477521947,0.28910782492522064,9.901896240968906,0.22428480428228928,True,Cruise
1,217,1675448553.416989,49.56318280699033,0.005824229240128867,False,False,False,True,100000,False,True,False,0.38302369477521947,0.28910782492522064,9.901896240968906,0.22428480428228928,True,Cruise
1,218,1675448553.5169978,49.56318280699033,0.005824229240128867,False,False,False,True,100000,False,True,False,-0.2824271579302953,0.3379339605291512,9.833130832391179,0.10250377011197062,True,Cruise
1,219,1675448553.616917,49.56318280699033,0.005824229240128867,False,False,False,True,100000,False,True,False,-0.39953486361835744,0.35413331725102143,9.785036409830726,0.07177648777299335,True,Cruise
1,220,1675448553.7169416,49.78866557314371,0.00281779235808389,False,False,False,True,100000,False,True,False,-0.4738996275394107,0.36432859926100986,9.74160287231652,0.03990364689011655,True,Cruise
1,221,1675448553.8169,49.78866557314371,0.00281779235808389,False,False,False,True,100000,False,True,False,-0.500954222173108,0.32182342356497184,9.722805579955741,0.05377712573056806,True,Cruise
1,222,1675448553.9169266,49.78866557314371,0.00281779235808389,False,False,False,True,100000,False,True,False,-0.500954222173108,0.32182342356497184,9.722805579955741,1.176676015530238,True,Cruise
1,223,1675448554.0169415,49.84527044861958,0.002063060685072243,False,False,False,True,100000,False,True,False,0.311388447788889,0.3201869204479746,9.625874052811648,1.176676015530238,True,Cruise
1,224,1675448554.1169324,49.84527044861958,0.002063060685072243,False,False,False,True,100000,False,True,False,0.22500246576426292,0.275263742887544,9.633946829634215,0.20818980088749053,True,Cruise
1,225,1675448554.2169707,49.84527044861958,0.002063060685072243,False,False,False,True,100000,False,True,False,0.004903957387828645,0.23414006386879488,9.671123030816533,0.10729553958082251,True,Cruise
1,226,1675448554.3169255,49.92567599900035,0.0009909866799953637,False,False,False,True,100000,False,True,False,-0.05304060281144184,0.21372999148067287,9.685191203591947,0.06302425403615776,True,Cruise
1,227,1675448554.416936,49.92567599900035,0.0009909866799953637,False,False,False,True,100000,False,True,False,0.501491500002984,0.15687935582392834,9.653232798966732,0.031032267207825703,True,Cruise
1,228,1675448554.5169284,49.92567599900035,0.0009909866799953637,False,False,False,True,100000,False,True,False,0.3061907404797911,0.10383707809853451,9.72590818498954,0.09620625465643308,True,Cruise
1,229,1675448554.6171095,49.981166662373475,0.00025111116835361023,False,False,False,True,100000,False,True,False,0.2414279547891305,0.0875338560058968,9.748321474386595,0.07044408422722523,True,Cruise
1,230,1675448554.7172463,49.981166662373475,0.00025111116835361023,False,False,False,True,100000,False,True,False,0.2414279547891305,0.0875338560058968,9.748321474386595,0.04181390040647702,True,Cruise
1,231,1675448554.817,49.981166662373475,0.00025111116835361023,False,False,False,True,100000,False,True,False,0.2063895572536947,0.03148084803274324,9.79782206210301,0.029417558083020552,True,Cruise
1,232,1675448554.9169726,49.981166662373475,0.00025111116835361023,False,False,False,True,100000,False,True,False,0.2063895572536947,0.03148084803274324,9.79782206210301,0.029417558083020552,True,Cruise
1,233,1675448555.0169258,49.84778964842836,-0.0020294713542885583,False,False,False,True,100000,False,True,False,0.504727336587391,0.004881888554882171,9.815692510127256,0.30005380873378934,True,Cruise
1,234,1675448555.117026,49.84778964842836,-0.0020294713542885583,False,False,False,True,100000,False,True,False,-0.49678228184323436,-0.028872223120327396,9.934301534962193,0.9218458926293732,True,Cruise
1,235,1675448555.2169318,49.87239195817797,-0.0017014405576270537,False,False,False,True,100000,False,True,False,-0.37653746691017764,-0.05873915135371433,9.918977588108755,0.17607328640926867,True,Cruise
1,236,1675448555.3170037,49.79326429749544,-0.0027564760333940947,False,False,False,True,100000,False,True,False,-0.027471914001375344,-0.06375794241963831,9.887104930316816,0.15406909710767583,True,Cruise
1,237,1675448555.416958,49.79326429749544,-0.0027564760333940947,False,False,False,True,100000,False,True,False,-0.027471914001375344,-0.06375794241963831,9.887104930316816,0.15406909710767583,True,Cruise
1,238,1675448555.516921,49.6904439641478,-0.004127413811362585,False,False,False,True,100000,False,True,False,-0.23890316135212394,-0.11230710583016258,9.896332215164895,0.21712976859431965,True,Cruise
1,239,1675448555.616925,49.6904439641478,-0.004127413811362585,False,False,False,True,100000,False,True,False,-0.7801168329108542,-0.1709141054226501,9.929905539542062,0.062454566092941706,True,Cruise
1,240,1675448555.7170143,49.6904439641478,-0.004127413811362585,False,False,False,True,100000,False,True,False,-0.7059525553974868,-0.1808576836973566,9.904386799868218,0.07905960335421879,True,Cruise
1,241,1675448555.8170679,49.831682319827294,0.0022442357356360996,False,False,False,True,100000,False,True,False,-0.3758330603959236,-0.20356576631856171,9.851828643485007,0.1620591984705267,True,Cruise
1,242,1675448555.9170032,49.831682319827294,0.0022442357356360996,False,False,False,True,100000,False,True,False,-0.3758330603959236,-0.20356576631856171,9.851828643485007,0.1620591984705267,True,Cruise
1,243,1675448556.0169103,49.831682319827294,0.0022442357356360996,False,False,False,True,100000,False,True,False,0.7664339199303541,-0.10247323192879994,9.726522401036188,1.1535576315250575,True,Cruise
1,244,1675448556.1170378,49.51305858175562,-0.006492552243258385,False,False,False,True,100000,False,True,False,0.36564547980236284,-0.15612923734541456,9.76301070357212,0.22971535562340714,True,Cruise
1,245,1675448556.2169392,49.51305858175562,-0.006492552243258385,False,False,False,True,100000,False,True,False,0.17576907972803946,-0.15777093630358702,9.77865245036901,0.19052665620199144,True,Cruise
1,246,1675448556.3169625,49.51305858175562,-0.006492552243258385,False,False,False,True,100000,False,True,False,-0.9967207519641373,-0.07664903229941064,9.887021094085506,0.6485872542516411,True,Cruise
1,247,1675448556.4170861,49.59110964468211,-0.005451871404238511,False,False,False,True,100000,False,True,False,-1.6274407366334975,-0.2214965765332075,9.930344485524811,0.6485872542516411,True,Cruise
1,248,1675448556.5171285,49.59110964468211,-0.005451871404238511,False,False,False,True,100000,False,True,False,-0.9082133647226239,-0.11785649643292077,9.820877009675053,0.7348553646656827,True,Cruise
1,249,1675448556.6169765,49.59110964468211,-0.005451871404238511,False,False,False,True,100000,False,True,False,0.006206507450752574,-0.07704025878608481,9.72772009570724,0.9200586277521797,True,Cruise
1,250,1675448556.7169535,49.80586082885646,-0.0025885222819138085,False,False,False,True,100000,False,True,False,0.20246117224797808,-0.12374726353987765,9.71503863340259,0.0884557806942273,True,Cruise
1,251,1675448556.8169677,49.80586082885646,-0.0025885222819138085,False,False,False,True,100000,False,True,False,1.0185305879608435,-0.20906940255866463,9.640698586293459,0.9000826254600933,True,Cruise
1,252,1675448556.9168868,49.80586082885646,-0.0025885222819138085,False,False,False,True,100000,False,True,False,1.3667587569775317,-0.1477609483283441,9.626049413884918,0.35388724547386785,True,Cruise
1,253,1675448557.0169964,49.80586082885646,-0.0025885222819138085,False,False,False,True,100000,False,True,False,1.3667587569775317,-0.1477609483283441,9.626049413884918,0.9638245727115475,True,Cruise
1,254,1675448557.1169996,48.360379014612406,-0.021861613138501296,False,False,False,True,100000,False,True,False,0.16357254991510506,-0.26932615301091023,9.798109534018655,0.17615235946061178,True,Cruise
1,255,1675448557.2169259,48.360379014612406,-0.021861613138501296,False,False,False,True,100000,False,True,False,-0.8388596514428538,-0.20540246916992488,9.903537029405381,1.0099858971583138,True,Cruise
1,256,1675448557.3170567,48.360379014612406,-0.021861613138501296,False,False,False,True,100000,False,True,False,-1.730953722858766,-0.4764230316759282,9.98202236952621,0.6730264701225931,True,Cruise
1,257,1675448557.4171605,48.360379014612406,-0.021861613138501296,False,False,False,True,100000,False,True,False,-2.796289092775246,-0.7114794982715212,10.053923189331872,0.4227602360887973,True,Cruise
1,258,1675448557.5169399,48.41010123775227,-0.021198650163303016,False,False,False,True,100000,False,True,False,-3.20297383509863,-0.7699955100639553,10.046817792602349,0.12384591195362162,True,Cruise
1,259,1675448557.6168852,48.41010123775227,-0.021198650163303016,False,False,False,True,100000,False,True,False,-3.4149166476237123,-0.8911437704925521,10.010034412889842,0.12368220881538416,True,Cruise
1,260,1675448557.7169151,48.41010123775227,-0.021198650163303016,False,False,False,True,100000,False,True,False,-2.725018329932812,-1.1275767181068594,9.88757368407788,0.3908134895132214,True,Cruise
1,261,1675448557.8169923,48.387191866704,-0.021504108443946648,False,False,False,True,100000,False,True,False,-2.1515794397688417,-1.1122320662149705,9.787347977122515,0.3640439574809424,True,Cruise
1,262,1675448557.9170308,48.387191866704,-0.021504108443946648,False,False,False,True,100000,False,True,False,-1.6651413302172113,-1.060283225682608,9.724385967457097,0.49323922301245354,True,Cruise
1,263,1675448558.016917,48.387191866704,-0.021504108443946648,False,False,False,True,100000,False,True,False,-1.6651413302172113,-1.060283225682608,9.724385967457097,0.631470753927649,True,Cruise
1,264,1675448558.1169496,48.387191866704,-0.021504108443946648,False,False,False,True,100000,False,True,False,-1.0537568927693841,-1.1960342449514538,9.643540166823875,0.631470753927649,True,Cruise
1,265,1675448558.2169585,48.42171879953037,-0.021043749339595078,False,False,False,True,100000,False,True,False,-0.8546818542048198,-1.3011878213345496,9.6274467028235,0.08350593863698379,True,Cruise
1,266,1675448558.3169537,48.42171879953037,-0.021043749339595078,False,False,False,True,100000,False,True,False,-0.38008950634441085,-1.3819417847742623,9.609693966689482,0.3239029084211117,True,Cruise
1,267,1675448558.4170353,48.42171879953037,-0.021043749339595078,False,False,False,True,100000,False,True,False,-0.30535506196586004,-1.3958818815364793,9.621245187914218,0.0768959959041656,True,Cruise
1,268,1675448558.5170414,48.42171879953037,-0.021043749339595078,False,False,False,True,100000,False,True,False,-0.30535506196586004,-1.3958818815364793,9.621245187914218,0.0768959959041656,True,Cruise
1,269,1675448558.617023,48.32876105604068,-0.022283185919457563,False,False,False,True,100000,False,True,False,-0.15532629712131713,-1.401693514328517,9.667968902245102,0.15724347629508426,True,Cruise
1,270,1675448558.7170107,48.32876105604068,-0.022283185919457563,False,False,False,True,100000,False,True,False,-0.644434112564372,-1.3973800564870957,9.763047618389773,0.13248563965687155,True,Cruise
1,271,1675448558.8170135,48.32876105604068,-0.022283185919457563,False,False,False,True,100000,False,True,False,-0.283332926551807,-1.3690288972018207,9.765144036120946,0.22129986760588308,True,Cruise
1,272,1675448558.9170227,48.44438616241245,-0.02074151783450064,False,False,False,True,100000,False,True,False,-0.0626108595810295,-1.3531025990223793,9.766468264510811,0.22129986760588308,True,Cruise
1,273,1675448559.0170112,48.44438616241245,-0.02074151783450064,False,False,False,True,100000,False,True,False,0.1129868861531153,-1.3384644715956522,9.772144958120613,0.17629823575922146,True,Cruise
1,274,1675448559.1169636,48.44438616241245,-0.02074151783450064,False,False,False,True,100000,False,True,False,1.2022434666147126,-1.138138232921452,9.761254961144566,1.1075780297633133,True,Cruise
1,275,1675448559.2170453,48.44795194040096,-0.020693974127987146,False,False,False,True,100000,False,True,False,0.5705645216939991,-1.2099322178831937,9.877966323262337,0.18031191112291675,True,Cruise
1,276,1675448559.3170242,48.44795194040096,-0.020693974127987146,False,False,False,True,100000,False,True,False,0.5705645216939991,-1.2099322178831937,9.877966323262337,0.18031191112291675,True,Cruise
1,277,1675448559.4170315,48.44795194040096,-0.020693974127987146,False,False,False,True,100000,False,True,False,0.43826565615691226,-1.2614870977476875,9.914143316055153,0.11269374141739763,True,Cruise
1,278,1675448559.5169935,48.44795194040096,-0.020693974127987146,False,False,False,True,100000,False,True,False,0.4197118473257091,-1.2822988267301387,9.924126037168064,0.029614635000316723,True,Cruise
1,279,1675448559.6172092,48.46164137471221,-0.020511448337170623,False,False,False,True,100000,False,True,False,0.37258051119377456,-1.3278469589545816,9.93526803740671,0.0212505431358913,True,Cruise
1,280,1675448559.717352,48.46164137471221,-0.020511448337170623,False,False,False,True,100000,False,True,False,0.37258051119377456,-1.3278469589545816,9.93526803740671,0.0212505431358913,True,Cruise
1,281,1675448559.8171136,48.46164137471221,-0.020511448337170623,False,False,False,True,100000,False,True,False,0.309798424778424,-1.332001586580681,9.930703837036447,0.034438204375191364,True,Cruise
1,282,1675448559.9170065,48.46164137471221,-0.020511448337170623,False,False,False,True,100000,False,True,False,0.3167071559721678,-1.3621745531960614,9.913065029529022,0.0675371515422891,True,Cruise
1,283,1675448560.0169706,48.86790049945001,-0.015094660007333166,False,False,True,False,100000,False,True,False,0.24952136082552273,-1.3671818345326876,9.908346671490992,0.0675371515422891,True,Cruise
1,284,1675448560.116937,48.86790049945001,-0.015094660007333166,False,False,True,False,100000,False,True,False,0.19957726606900175,-1.1677881770500491,9.849923220856828,0.21369497614439772,True,Cruise
1,285,1675448560.2169812,48.86790049945001,-0.015094660007333166,False,False,True,False,100000,False,True,False,2.0307248846484196,-0.8706431509837106,9.707840532431758,0.8680425399047502,True,Cruise
1,286,1675448560.3169286,48.86790049945001,-0.015094660007333166,False,False,True,False,100000,False,True,False,1.9631793679876737,-0.884519717743155,9.727120032629502,0.3240382224237857,True,Cruise
1,287,1675448560.4169047,48.29919396828558,-0.022677413756192234,False,False,True,False,100000,False,True,False,0.8500272555349629,-1.0486320762280164,9.828584626673377,0.6181512738986907,True,Cruise
1,288,1675448560.516944,48.29919396828558,-0.022677413756192234,False,False,True,False,100000,False,True,False,0.8500272555349629,-1.0486320762280164,9.828584626673377,0.5118536678040924,True,Cruise
1,289,1675448560.6169317,48.29919396828558,-0.022677413756192234,False,False,True,False,100000,False,True,False,-1.5835007329604907,-1.062902718413176,10.03298420017484,2.4421386749459346,True,Cruise
1,290,1675448560.717116,48.29919396828558,-0.022677413756192234,False,False,True,False,100000,False,True,False,-2.120093248108533,-1.3301771220057466,9.990449349100523,0.36786199172824685,True,Cruise
1,291,1675448560.816939,48.70318349794148,-0.01729088669411355,False,False,True,False,100000,False,True,False,-1.4264838444849293,-1.2469166391467172,9.897412778207409,0.36786199172824685,True,Cruise
1,292,1675448560.9169996,48.70318349794148,-0.01729088669411355,False,False,True,False,100000,False,True,False,1.5567001111065777,-1.193848149475952,9.576488278387613,1.0899675370473998,True,Cruise
1,293,1675448561.0169468,48.70318349794148,-0.01729088669411355,False,False,True,False,100000,False,True,False,1.5567001111065777,-1.193848149475952,9.576488278387613,1.0899675370473998,True,Cruise
1,294,1675448561.1171236,48.70318349794148,-0.01729088669411355,False,False,True,False,100000,False,True,False,1.5567001111065777,-1.193848149475952,9.576488278387613,1.0899675370473998,True,Cruise
1,295,1675448561.2171931,48.80538326934084,-0.015928223075455543,False,False,True,False,100000,False,True,False,0.4002209052199728,-1.023224631874607,9.653348897723491,0.6602719969775528,True,Cruise
1,296,1675448561.3169982,48.80538326934084,-0.015928223075455543,False,False,True,False,100000,False,True,False,0.595145712706411,-1.0144640874859607,9.64636369828463,0.5371198033084389,True,Cruise
1,297,1675448561.4169588,48.80538326934084,-0.015928223075455543,False,False,True,False,100000,False,True,False,0.491854077246054,-1.0025650591152824,9.676502686867916,0.10825482652087624,True,Cruise
1,298,1675448561.516939,36.0,0.2,True,False,True,False,14.77902094561196,False,False,True,0.24273958161269066,-0.9804506377810783,9.727480466967059,0.11041963066274427,True,Cruise
1,299,1675448561.617049,36.0,0.2,True,False,True,False,14.77902094561196,False,False,True,0.24273958161269066,-0.9804506377810783,9.727480466967059,0.11041963066274427,True,Cruise
1,300,1675448561.7171187,36.0,0.2,True,False,True,False,14.77902094561196,False,False,True,0.4253064176452037,-0.9380959123634908,9.771649679253056,0.17346588498191656,True,Cruise
1,301,1675448561.8169706,36.0,0.2,True,False,True,False,14.77902094561196,False,False,True,0.4253064176452037,-0.9380959123634908,9.771649679253056,0.17346588498191656,True,Cruise
1,302,1675448561.9170144,36.0,0.2,True,False,True,False,14.77902094561196,False,False,True,0.3917491971745159,-0.9241233770264893,9.799425185947255,0.04894302053862525,True,Cruise
1,303,1675448562.0170376,36.0,0.2,True,False,True,False,14.77902094561196,False,False,True,0.2720321809216718,-0.9173338956911345,9.830715580503547,0.0590125738732715,True,Cruise
1,304,1675448562.1170347,36.0,0.2,True,False,True,False,14.77902094561196,False,False,True,0.2720321809216718,-0.9173338956911345,9.830715580503547,0.09379629574464818,True,Cruise
1,305,1675448562.2169394,36.0,0.2,True,False,True,False,14.77902094561196,False,False,True,0.18256889385682062,-0.9162284996413179,9.858873056642977,0.09379629574464818,True,Cruise
1,306,1675448562.3169303,36.0,0.2,True,False,True,False,14.77902094561196,False,False,True,0.16190033513731494,-0.9193094252523546,9.867131782743826,0.009841014007871123,True,Cruise
1,307,1675448562.41693,36.0,0.2,True,False,True,False,14.77902094561196,False,False,True,0.1426640447071753,-0.9242371382467617,9.870125372335462,0.010589812151517235,True,Cruise
1,308,1675448562.516959,36.0,0.2,True,False,True,False,14.77902094561196,False,False,True,0.1179431264197127,-0.9300798628582929,9.869025837910913,0.012068350212706792,True,Cruise
1,309,1675448562.6171408,36.0,0.2,True,False,True,False,13.408167282177656,False,False,True,0.1179431264197127,-0.9300798628582929,9.869025837910913,0.01337381041026874,True,Cruise
1,310,1675448562.7169678,36.0,0.2,True,False,True,False,13.408167282177656,False,False,True,0.07631769823362473,-0.9388392307463911,9.860822396798524,0.04332088692026804,True,Cruise
1,311,1675448562.8169246,36.0,0.2,True,False,True,False,13.408167282177656,False,False,True,0.05067680656419148,-0.9438472384635241,9.851866877263218,0.012728035960047046,True,Cruise
1,312,1675448562.9169452,36.0,0.2,True,False,True,False,13.408167282177656,False,False,True,0.03926155782392439,-0.9459659683849383,9.846650942148765,0.012728035960047046,True,Cruise
1,313,1675448563.0170183,36.0,0.2,True,False,True,False,13.408167282177656,False,False,True,0.011725258868956916,-0.9505541227249875,9.829448914018178,0.010019862047501818,True,Cruise
1,314,1675448563.1171165,36.0,0.2,True,False,True,False,13.408167282177656,False,False,True,0.011725258868956916,-0.9505541227249875,9.829448914018178,0.010019862047501818,True,Cruise
1,315,1675448563.2170367,36.0,0.2,True,False,True,False,13.408167282177656,False,False,True,-0.005370537019197923,-0.9525399170901755,9.812235157295305,0.02434179608871355,True,Cruise
1,316,1675448563.316938,36.0,0.2,True,False,True,False,13.408167282177656,False,False,True,-0.01121385895899854,-0.952656194454749,9.80200185641164,0.00631963277330523,True,Cruise
1,317,1675448563.4169323,36.0,0.2,True,False,True,False,13.408167282177656,False,False,True,-0.012607418874736945,-0.9524350588535767,9.797473228441593,0.004743351292487633,True,Cruise
1,318,1675448563.5169628,36.0,0.2,True,False,True,False,13.408167282177656,False,False,True,-0.012671891012753324,-0.9515886732809414,9.789841209544992,0.0036195743620250536,True,Cruise
1,319,1675448563.6169586,36.0,0.2,True,False,True,False,11.881506010313517,False,False,True,-0.01150007589409216,-0.9510240239045673,9.786803870159819,0.0033041504401717563,True,Cruise
1,320,1675448563.7169387,36.0,0.2,True,False,True,False,11.881506010313517,False,False,True,-0.007179978383500485,-0.949749954710626,9.782369867238028,0.006320354161154155,True,Cruise
1,321,1675448563.8170993,36.0,0.2,True,False,True,False,11.881506010313517,False,False,True,-0.0008264676560258144,-0.94843548510058,9.780115987947488,0.0037832778383991646,True,Cruise
1,322,1675448563.9169352,36.0,0.2,True,False,True,False,11.881506010313517,False,False,True,0.006846781677586414,-0.9472191319196918,9.779908631299802,0.004004430775788798,True,Cruise
1,323,1675448564.0169473,36.0,0.2,True,False,True,False,11.881506010313517,False,False,True,0.01096716789131822,-0.9466771777817146,9.7804978428858,0.004197435780456479,True,Cruise
1,324,1675448564.1169646,36.0,0.2,True,False,True,False,11.881506010313517,False,False,True,0.01939298778745035,-0.9457603184445244,9.782862981795377,0.004456241763590032,True,Cruise
1,325,1675448564.2169313,36.0,0.2,True,False,False,False,11.881506010313517,False,False,True,0.03152456209315609,-0.9448434433503184,9.788671970779772,0.004471295208187666,True,Cruise
1,326,1675448564.317028,36.0,0.2,True,False,False,False,11.881506010313517,False,False,True,0.03152456209315609,-0.9448434433503184,9.788671970779772,0.004471295208187666,True,Cruise
1,327,1675448564.4170427,36.0,0.2,True,False,False,False,11.881506010313517,False,False,True,0.038676227665210325,-0.9445352873491689,9.793466942566255,0.0042408779434422806,True,Cruise
1,328,1675448564.5171463,36.0,0.2,True,False,False,False,11.881506010313517,False,False,True,0.04474677197756145,-0.9444458394525603,9.79853790652463,0.003606291192917978,True,Cruise
1,329,1675448564.6169176,36.0,0.2,True,False,False,False,11.881506010313517,False,False,True,0.04957295704205397,-0.9445403856062955,9.803525687956016,0.0033375485310818205,True,Cruise
1,330,1675448564.7169986,36.0,0.2,True,True,False,False,10.409133456770899,False,False,True,0.04957295704205397,-0.9445403856062955,9.803525687956016,0.0033375485310818205,True,Cruise
1,331,1675448564.8169515,36.0,0.2,True,True,False,False,10.409133456770899,False,False,True,-121.3349810860628,55.06303186300885,29.775587806666707,0.0082237720915636,True,Cruise
1,332,1675448564.9169734,36.0,0.2,True,True,False,False,10.409133456770899,False,False,True,-4.627809625154352,18.120301414895458,14.846971806338315,135.1698195609829,True,Cruise
1,333,1675448565.0169656,36.0,0.2,True,True,False,False,10.409133456770899,False,False,True,4.475362505123877,10.717634830079659,12.096907961126371,11.52704862327789,True,Cruise
1,334,1675448565.1170716,36.0,0.2,True,True,False,False,10.409133456770899,False,False,True,13.116405880438673,-0.9193906093218723,8.789963368763424,3.4769892338500488,True,Cruise
1,335,1675448565.2170267,36.0,0.2,True,True,False,False,10.409133456770899,False,False,True,12.16803813866907,-3.159813892581922,8.44836206498279,2.456743639972951,True,Cruise
1,336,1675448565.3172035,36.0,0.2,True,True,False,False,10.409133456770899,False,False,True,12.16803813866907,-3.159813892581922,8.44836206498279,6.363217722776725,True,Cruise
1,337,1675448565.417063,36.0,0.2,True,True,False,False,10.409133456770899,False,False,True,6.475440073809992,-7.937173051423791,8.154719307087658,1.0749216125713794,True,Cruise
1,338,1675448565.5169718,36.0,0.2,True,True,False,False,10.409133456770899,False,False,True,5.821603629534039,-8.881126363813406,8.082905546233759,0.461246154323465,True,Cruise
1,339,1675448565.6169431,36.0,0.2,True,True,False,False,10.409133456770899,False,False,True,5.336838806063063,-9.394624832309274,8.028749701502614,0.18811762471681584,True,Cruise
1,340,1675448565.716979,36.0,0.2,True,True,False,False,10.409133456770899,False,False,True,5.154972695262491,-9.434600425542351,8.002011892747323,0.18811762471681584,True,Cruise
1,341,1675448565.8169656,36.0,0.2,True,True,False,False,10.296058548765824,False,False,True,4.757444218167155,-8.793767877018078,7.944545750555795,0.7563052312712298,True,Cruise
1,342,1675448565.9169557,36.0,0.2,True,True,False,False,10.296058548765824,False,False,True,4.635349077888679,-8.273640150450746,7.747825587544144,0.22495529668403696,True,Cruise
1,343,1675448566.0169494,36.0,0.2,True,True,False,False,10.296058548765824,False,False,True,4.451834689944683,-7.645461587740235,7.754333096696226,0.6544678639221843,True,Cruise
1,344,1675448566.1169558,36.0,0.2,True,True,False,False,10.296058548765824,False,False,True,4.228006971889137,-6.962888204715747,7.782746258770814,0.7188967786563829,True,Cruise
1,345,1675448566.2169738,36.0,0.2,True,True,False,False,10.296058548765824,False,False,True,17.00828111326139,26.428395067867598,18.49803811687089,56.55057233742727,True,Cruise
1,346,1675448566.3169367,36.0,0.2,False,True,False,False,10.296058548765824,False,False,True,17.00828111326139,26.428395067867598,18.49803811687089,56.55057233742727,True,Cruise
