repetition,iteration,time,speed,steering,obstacle_North,obstacle_NorthWest,obstacle_SouthWest,obstacle_West,obstacle_distance,follow_enable,steady_motion_enable,passing_start,accel_x,accel_y,accel_z,accel_diff,success,action
1,1,1675448823.3489044,0.0,0.0,False,True,False,True,100000,False,True,False,0.6021153621621893,-1.500470305231562e-13,8.048519725635497,0.23704383619642913,True,
1,2,1675448823.3490813,0.0,0.0,False,True,False,True,100000,False,True,False,0.6021153621621893,-1.500470305231562e-13,8.048519725635497,0.23704383619642913,True,
1,3,1675448823.4492502,0.0,0.0,False,True,False,True,100000,False,True,False,0.6021153621621893,-1.500470305231562e-13,8.048519725635497,0.19967445275680085,True,Cruise
1,4,1675448823.5492089,49.56620030211461,-0.005783995971805231,False,True,False,True,100000,False,True,False,0.49206695616239826,-3.113682383241728e-14,7.9229035707302,0.1409610680206939,True,Cruise
1,5,1675448823.6492457,49.695548456055775,-0.004059353919256337,False,True,False,True,100000,False,True,False,0.26105134672506913,-3.824846179846491e-13,7.799503221998466,0.12355325045230103,True,Cruise
1,6,1675448823.749233,49.695548456055775,-0.004059353919256337,False,True,False,True,100000,False,True,False,2.3921375879637212,-0.0171941181637811,7.767496837542865,0.575416704168192,True,Cruise
1,7,1675448823.8492434,49.695548456055775,-0.004059353919256337,False,True,False,True,100000,False,True,False,2.7446258960032117,-0.007963310934223077,7.86035946305648,0.36463225628560886,True,Cruise
1,8,1675448823.9492357,49.695548456055775,-0.004059353919256337,False,True,False,True,100000,False,True,False,2.9332793947727342,-0.0033824752733466142,7.991495566672856,0.36463225628560886,True,Cruise
1,9,1675448824.0492115,49.695548456055775,-0.004059353919256337,False,True,False,True,100000,False,True,False,3.1253846217203507,-0.0019501081400745686,8.51227968036931,0.1835619375087381,True,Cruise
1,10,1675448824.149212,49.808577897016185,-0.0025522947064508072,False,True,False,True,100000,False,True,False,3.2737722058344527,-0.003099459954922707,8.893935692717989,0.40948932573475993,True,Cruise
1,11,1675448824.249204,49.808577897016185,-0.0025522947064508072,False,True,False,True,100000,False,True,False,3.495225425695023,-0.0017285148089425991,9.265049530083806,0.2150760818314437,True,Cruise
1,12,1675448824.3492067,49.808577897016185,-0.0025522947064508072,False,True,False,True,100000,False,True,False,3.619715657077742,-0.0004743672398683685,9.440571044304368,0.21519106057205806,True,Cruise
1,13,1675448824.4492533,49.09497678643129,-0.012066976180916176,False,True,False,True,100000,False,True,False,3.868667174881804,-0.0023207635353399915,9.762132027782789,0.19815228445672195,True,Cruise
1,14,1675448824.5492651,49.09497678643129,-0.012066976180916176,False,True,False,True,100000,False,True,False,3.868667174881804,-0.0023207635353399915,9.762132027782789,0.19815228445672195,True,Cruise
1,15,1675448824.6492305,49.09497678643129,-0.012066976180916176,False,True,False,False,100000,False,True,False,4.288011348657947,-0.032738916983632106,10.248570782641828,0.17170487481866406,True,Cruise
1,16,1675448824.7492208,49.77555294889503,-0.0029926273480661847,False,True,False,False,100000,False,True,False,4.369652483094272,-0.03155961744702111,10.332478825173995,0.09892197778772935,True,Cruise
1,17,1675448824.849224,49.77555294889503,-0.0029926273480661847,False,True,False,False,100000,False,True,False,4.553135024196144,-0.049063644759194176,10.491030880335586,0.080812697662186,True,Cruise
1,18,1675448824.9492,49.77555294889503,-0.0029926273480661847,False,True,False,False,100000,False,True,False,4.623697199979266,0.005326009674476917,10.52366459402722,0.06345413711071207,True,Cruise
1,19,1675448825.0492175,49.84837282004194,-0.002021695732774197,False,True,False,False,100000,False,True,False,4.643628996957426,0.0032051333547359106,10.520481112194753,0.020295546401116166,True,Cruise
1,20,1675448825.1492348,49.84837282004194,-0.002021695732774197,False,True,False,False,100000,False,True,False,4.654656462822061,-0.008704159214796494,10.480524000042578,0.04312779920705319,True,Cruise
1,21,1675448825.2493167,49.84837282004194,-0.002021695732774197,False,True,False,False,100000,False,True,False,4.654656462822061,-0.008704159214796494,10.480524000042578,0.04312779920705319,True,Cruise
1,22,1675448825.349291,49.84837282004194,-0.002021695732774197,False,True,False,False,100000,False,True,False,4.646859183850725,-0.005761918510409615,10.446185253552413,0.035335589003655396,True,Cruise
1,23,1675448825.4492288,49.75574317321555,-0.0032567576904593007,False,True,False,False,100000,False,True,False,4.6310583658497695,-0.00448160283146108,10.403988620078605,0.04507616814082487,True,Cruise
1,24,1675448825.5492153,49.75574317321555,-0.0032567576904593007,False,True,False,False,100000,False,True,False,4.6310583658497695,-0.00448160283146108,10.403988620078605,0.04507616814082487,True,Cruise
1,25,1675448825.6492026,49.75574317321555,-0.0032567576904593007,False,True,False,False,100000,False,True,False,4.578522732124101,-0.0030985291036434064,10.301277332248954,0.05391963569876762,True,Cruise
1,26,1675448825.7492192,49.57153000462948,-0.005712933271606976,False,True,False,False,100000,False,True,False,4.460030190880356,0.001521964243252774,10.120604436237675,0.07613550590731682,True,Cruise
1,27,1675448825.849218,49.57153000462948,-0.005712933271606976,False,True,False,False,100000,False,True,False,4.460030190880356,0.001521964243252774,10.120604436237675,0.07613550590731682,True,Cruise
1,28,1675448825.9492517,49.57153000462948,-0.005712933271606976,False,True,False,False,100000,False,True,False,4.315008631789175,-0.012918618388266776,9.93573159656706,0.07829482183362864,True,Cruise
1,29,1675448826.049212,49.342204333729725,-0.008770608883603733,False,True,False,False,100000,False,True,False,4.214931216756867,-0.011032787139937099,9.822769301040468,0.0741909452468984,True,Cruise
1,30,1675448826.149222,49.342204333729725,-0.008770608883603733,False,True,False,False,100000,False,True,False,4.1189637307998455,-0.019414177008364016,9.724509430908288,0.0712780219166005,True,Cruise
1,31,1675448826.249236,49.342204333729725,-0.008770608883603733,False,True,False,False,100000,False,True,False,4.074105716258194,-0.026175278117729146,9.682077934344857,0.06211590663785313,True,Cruise
1,32,1675448826.3492165,49.294985770620386,-0.00940018972506149,False,True,False,False,100000,False,True,False,4.032066295334396,-0.027681411860552813,9.644528105018006,0.056387685117720306,True,Cruise
1,33,1675448826.4492702,49.294985770620386,-0.00940018972506149,False,True,False,False,100000,False,True,False,3.9267653891128234,-0.026714026223586675,9.562573125416334,0.0383797678906902,True,Cruise
1,34,1675448826.5492988,49.294985770620386,-0.00940018972506149,False,True,False,False,100000,False,True,False,3.8764432697778233,-0.03375248565125569,9.533374655539816,0.03248502453122549,True,Cruise
1,35,1675448826.649227,49.950283191730556,-0.0006628907769259754,False,True,False,False,100000,False,True,False,3.8576553602680934,-0.034993701217154304,9.525959807277605,0.020236257919349764,True,Cruise
1,36,1675448826.7492013,49.950283191730556,-0.0006628907769259754,False,True,False,False,100000,False,True,False,3.8264877670103568,-0.03662085237572471,9.529076694312012,0.008003499310739006,True,Cruise
1,37,1675448826.8492239,49.950283191730556,-0.0006628907769259754,False,True,False,False,100000,False,True,False,3.8264877670103568,-0.03662085237572471,9.529076694312012,0.008003499310739006,True,Cruise
1,38,1675448826.9492228,49.950283191730556,-0.0006628907769259754,False,True,False,False,100000,False,True,False,3.82577821762078,-0.011995796984734231,9.54863435848747,0.03145471413549341,True,Cruise
1,39,1675448827.0492296,49.45901873251225,-0.007213083566503305,False,True,False,False,100000,False,True,False,3.838438831192343,0.01175170343686012,9.578449693637241,0.018098027802863674,True,Cruise
1,40,1675448827.1492143,49.45901873251225,-0.007213083566503305,False,True,False,False,100000,False,True,False,3.8761366791461467,-0.009654966930106016,9.635121978574542,0.04516888380493449,True,Cruise
1,41,1675448827.2492087,49.45901873251225,-0.007213083566503305,False,True,False,False,100000,False,True,False,3.892435628834951,-0.02359626406228174,9.655575430422102,0.029637125690023445,True,Cruise
1,42,1675448827.3492718,49.90037451794077,0.0013283397607897515,False,True,False,False,100000,False,True,False,3.9101400161456255,-0.02362968432121971,9.676182305968894,0.027167807544242962,True,Cruise
1,43,1675448827.4492965,49.90037451794077,0.0013283397607897515,False,True,False,False,100000,False,True,False,3.948290765129395,-0.04148592462652341,9.716572591026745,0.05951821064617681,True,Cruise
1,44,1675448827.5492418,49.90037451794077,0.0013283397607897515,False,True,False,False,100000,False,True,False,4.007541143396458,0.03524689873682728,9.771068388095532,0.03453621452685981,True,Cruise
1,45,1675448827.6492198,49.48262459295645,-0.00689833876058066,False,True,False,False,100000,False,True,False,4.043937351749804,0.0287103952110105,9.801097305626712,0.022991060500626034,True,Cruise
1,46,1675448827.749237,49.48262459295645,-0.00689833876058066,False,True,False,False,100000,False,True,False,4.043937351749804,0.0287103952110105,9.801097305626712,0.022991060500626034,True,Cruise
1,47,1675448827.8492508,49.48262459295645,-0.00689833876058066,False,True,False,False,100000,False,True,False,4.075841863160301,0.00039363263925991187,9.824901222134134,0.05420556996521519,True,Cruise
1,48,1675448827.9492164,49.697869200113686,0.004028410665150866,False,True,False,False,100000,False,True,False,4.1132385403515235,-0.02346592857878923,9.848068081955951,0.04047089289436077,True,Cruise
1,49,1675448828.049222,49.697869200113686,0.004028410665150866,False,True,False,False,100000,False,True,False,4.130764896381634,0.014039071052123006,9.85529902071379,0.032293910233919886,True,Cruise
1,50,1675448828.1492052,49.697869200113686,0.004028410665150866,False,True,False,False,100000,False,True,False,4.137054097313985,0.04264944467549936,9.856662235449893,0.029325174878479503,True,Cruise
1,51,1675448828.2493625,49.71798902144781,0.0037601463806958674,False,True,False,False,100000,False,True,False,4.144330356322513,0.04043277049937206,9.855406285123287,0.005285454161418598,True,Cruise
1,52,1675448828.3492305,49.71798902144781,0.0037601463806958674,False,True,False,False,100000,False,True,False,4.1455460435278,0.036174827751641096,9.853008051431305,0.005035821349632527,True,Cruise
1,53,1675448828.4493015,49.71798902144781,0.0037601463806958674,False,True,False,False,100000,False,True,False,4.143766150762104,0.035315586181974404,9.845294538087002,0.007962700700463354,True,Cruise
1,54,1675448828.549219,49.949763172162605,0.0006698243711652691,False,True,False,False,100000,False,True,False,4.1324798882020435,0.0421699766345912,9.82845155902826,0.00813098141821719,True,Cruise
1,55,1675448828.6493833,49.949763172162605,0.0006698243711652691,False,True,False,False,100000,False,True,False,4.1324798882020435,0.0421699766345912,9.82845155902826,0.00813098141821719,True,Cruise
1,56,1675448828.749252,49.949763172162605,0.0006698243711652691,False,True,False,False,100000,False,True,False,4.1207849303224435,0.03314999837801905,9.815268656895729,0.021662331536450304,True,Cruise
1,57,1675448828.8493383,49.89432079267234,0.0014090560977022136,False,True,False,False,100000,False,True,False,4.107009657044256,0.02088365713982423,9.801682890401498,0.010155476292646676,True,Cruise
1,58,1675448828.9492545,49.89432079267234,0.0014090560977022136,False,True,False,False,100000,False,True,False,4.092189354119711,0.019124603194610013,9.788547629659666,0.019881416557010388,True,Cruise
1,59,1675448829.049212,49.89432079267234,0.0014090560977022136,False,True,False,False,100000,False,True,False,4.0773446043653,0.017160215585189934,9.776552573518314,0.010569796834419103,True,Cruise
1,60,1675448829.1493227,49.89432079267234,0.0014090560977022136,False,True,False,False,100000,False,True,False,4.070197613414445,0.016510342963623564,9.77115073408898,0.008982298330392737,True,Cruise
1,61,1675448829.2492504,49.42303142328397,-0.007692914356213767,False,True,False,False,100000,False,True,False,4.0509652725267475,0.008699766517441802,9.75787231701928,0.007546932447449288,True,Cruise
1,62,1675448829.3492856,49.42303142328397,-0.007692914356213767,False,True,False,False,100000,False,True,False,4.0455289180359575,0.03289144806658505,9.75451098214043,0.02502179007370304,True,Cruise
1,63,1675448829.449389,49.42303142328397,-0.007692914356213767,False,True,False,False,100000,False,True,False,4.036411257377909,-0.06650093937971725,9.749444461748205,0.09993822115204981,True,Cruise
1,64,1675448829.5493338,49.85631405923422,0.0019158125435436452,False,True,False,False,100000,False,True,False,4.029522741967064,-0.07711571113293447,9.746555072076259,0.0036010269516877917,True,Cruise
1,65,1675448829.649263,49.85631405923422,0.0019158125435436452,False,True,False,False,100000,False,True,False,4.027030493924162,-0.10563248769750287,9.745868933972194,0.028633697481092377,True,Cruise
1,66,1675448829.7493877,49.85631405923422,0.0019158125435436452,False,True,False,False,100000,False,True,False,4.023932153969004,-0.003995118006599691,9.746442880532202,0.03149699700015585,True,Cruise
1,67,1675448829.849227,49.82415863433193,0.002344551542240906,False,True,False,False,100000,False,True,False,4.023902460132308,-0.00712520477206306,9.747417327722228,0.003278394761070942,True,Cruise
1,68,1675448829.9492273,49.82415863433193,0.002344551542240906,False,True,False,False,100000,False,True,False,4.023902460132308,-0.00712520477206306,9.747417327722228,0.003278394761070942,True,Cruise
1,69,1675448830.0492163,49.82415863433193,0.002344551542240906,False,True,False,False,100000,False,True,False,4.028238089034646,0.00718212781203768,9.754034118180064,0.00843259531968784,True,Cruise
1,70,1675448830.149356,49.124846134096316,-0.011668718212049073,False,True,False,False,100000,False,True,False,4.0324950260613175,0.02086993868461973,9.75834480519,0.007784845909868089,True,Cruise
1,71,1675448830.2493558,49.124846134096316,-0.011668718212049073,False,True,False,False,100000,False,True,False,4.034967099882625,0.06681861239572572,9.760601557296509,0.00719394045895124,True,Cruise
1,72,1675448830.3492868,49.124846134096316,-0.011668718212049073,False,True,False,False,100000,False,True,False,4.040154308491978,-0.08672508965147445,9.765155362881488,0.052749583523945875,True,Cruise
1,73,1675448830.4492376,49.62532008735343,0.004995732168620927,False,True,False,False,100000,False,True,False,4.040154308491978,-0.08672508965147445,9.765155362881488,0.052749583523945875,True,Cruise
1,74,1675448830.5492296,49.62532008735343,0.004995732168620927,False,True,False,False,100000,False,True,False,4.047661743706863,-0.10184235071888448,9.7715595139914,0.0035626572279737045,True,Cruise
1,75,1675448830.64926,49.62532008735343,0.004995732168620927,False,True,False,False,100000,False,True,False,4.053748746565939,-0.036262788613967846,9.775091864533497,0.11944470148662241,True,Cruise
1,76,1675448830.7493467,49.89369006475526,0.0014174658032632512,False,True,False,False,100000,False,True,False,4.05924516626064,0.033299980381702586,9.778034153308802,0.11944470148662241,True,Cruise
1,77,1675448830.8492281,49.89369006475526,0.0014174658032632512,False,True,False,False,100000,False,True,False,4.06292525065038,0.025853717353311163,9.780361435829477,0.003387760710404149,True,Cruise
1,78,1675448830.9492176,49.89369006475526,0.0014174658032632512,False,True,False,False,100000,False,True,False,4.065538438439585,0.020499167073145842,9.781964192481139,0.006169990924540777,True,Cruise
1,79,1675448831.0492146,49.58122797604675,0.005583626986043343,False,True,False,False,100000,False,True,False,4.0665794238567585,0.01635173483796315,9.782486287069764,0.004307833277144282,True,Cruise
1,80,1675448831.1492283,49.58122797604675,0.005583626986043343,False,True,False,False,100000,False,True,False,4.0681176726880395,0.03318939106254624,9.783004577560822,0.0039874732595577165,True,Cruise
1,81,1675448831.2492232,49.58122797604675,0.005583626986043343,False,True,False,False,100000,False,True,False,4.06858786462833,0.02922978019866997,9.783023134005711,0.03872578569787028,True,Cruise
1,82,1675448831.3491933,49.58122797604675,0.005583626986043343,False,True,False,False,100000,False,True,False,4.068600144611236,0.09587537492507081,9.782286577932279,0.006489238631718519,True,Cruise
1,83,1675448831.4492376,49.534720360626416,0.006203728524981097,False,True,False,False,100000,False,True,False,4.067716077805654,0.09697179225377851,9.781262070170728,0.0017416432553483492,True,Cruise
1,84,1675448831.5492249,49.534720360626416,0.006203728524981097,False,True,False,False,100000,False,True,False,4.067072943736407,0.0977736373919315,9.78063294843593,0.0012051436486169918,True,Cruise
1,85,1675448831.6493554,48.258324016600795,0.023222346445322718,False,True,False,False,100000,False,True,False,4.065441703624797,0.1036941792539495,9.779219469380926,0.0038679284079559052,True,Cruise
1,86,1675448831.7493813,48.258324016600795,0.023222346445322718,False,True,False,False,100000,False,True,False,4.06243800694246,0.059008750310839325,9.776918233532685,0.04929739659809412,True,Cruise
1,87,1675448831.8492534,48.258324016600795,0.023222346445322718,False,True,False,False,100000,False,True,False,4.059898775624978,0.20070080909547283,9.776304767043372,0.14171613725841256,True,Cruise
1,88,1675448831.9492188,49.42012825324832,0.007731623290022421,False,True,False,False,100000,False,True,False,4.054902119042021,0.3055408611730225,9.775039455319293,0.10496668095348363,True,Cruise
1,89,1675448832.0492208,49.42012825324832,0.007731623290022421,False,True,False,False,100000,False,True,False,4.051438637871898,0.36081810102027473,9.773725979216898,0.049896467475210635,True,Cruise
1,90,1675448832.149273,49.42012825324832,0.007731623290022421,False,True,False,False,100000,False,True,False,4.053431206052963,0.23912262983974356,9.772793180281672,0.12171535707404077,True,Cruise
1,91,1675448832.2492204,49.57579700463662,0.005656039938178407,False,True,False,False,100000,False,True,False,4.055285445594779,0.16804803494547368,9.771458406193059,0.008757105581036364,True,Cruise
1,92,1675448832.3492227,49.57579700463662,0.005656039938178407,False,True,False,False,100000,False,True,False,4.054546487173082,0.18559155199435567,9.770679317222259,0.010345517287843185,True,Cruise
1,93,1675448832.4492464,49.57579700463662,0.005656039938178407,False,True,False,False,100000,False,True,False,4.053786935433805,0.14278749779167968,9.770201042673865,0.0428134642556977,True,Cruise
1,94,1675448832.5492275,49.32895209276765,0.008947305429764725,False,True,False,False,100000,False,True,False,4.053373323897173,0.12514338590823743,9.770077077162533,0.017649394496884675,True,Cruise
1,95,1675448832.6492546,49.32895209276765,0.008947305429764725,False,True,False,False,100000,False,True,False,4.05266544708038,0.06832583870301277,9.77005238296461,0.015862956496194455,True,Cruise
1,96,1675448832.749244,49.32895209276765,0.008947305429764725,False,True,False,False,100000,False,True,False,4.05218206400462,0.08365685823924467,9.770191291967816,0.015339267092316573,True,Cruise
1,97,1675448832.8492303,49.33302546380575,0.008892993815923405,False,True,False,False,100000,False,True,False,4.051925881956072,0.08434341370957021,9.770522115684598,0.004503138284675567,True,Cruise
1,98,1675448832.9492395,49.33302546380575,0.008892993815923405,False,True,False,False,100000,False,True,False,4.052402844075107,0.0743757932455052,9.770932123653257,0.009987444974216683,True,Cruise
1,99,1675448833.0492175,49.33302546380575,0.008892993815923405,False,True,False,False,100000,False,True,False,4.052772482748297,0.07313206242354676,9.771166927073468,0.001318571860897179,True,Cruise
1,100,1675448833.1492255,49.31935542376563,0.009075261016458289,False,True,False,False,100000,False,True,False,4.053956770801646,0.08395550225673672,9.771962950124534,0.005229083369265247,True,Cruise
1,101,1675448833.2493374,49.31935542376563,0.009075261016458289,False,True,False,False,100000,False,True,False,4.054338494641468,0.08937853952855201,9.772243210309032,0.005443674504633895,True,Cruise
1,102,1675448833.3492446,49.31935542376563,0.009075261016458289,False,True,False,False,100000,False,True,False,4.055021030289305,0.10489719701841976,9.772800843896817,0.007526416573253507,True,Cruise
1,103,1675448833.4492188,49.31935542376563,0.009075261016458289,False,True,False,False,100000,False,True,False,4.055021030289305,0.10489719701841976,9.772800843896817,0.007526416573253507,True,Cruise
1,104,1675448833.5492322,49.36524200435205,0.00846343994197271,False,True,False,False,100000,False,True,False,4.056010221168613,0.12461551270033713,9.773550737726886,0.019757348321164676,True,Cruise
1,105,1675448833.6493473,49.36524200435205,0.00846343994197271,False,True,False,False,100000,False,True,False,4.056841213684077,0.14353048427943363,9.774136469751326,0.007082662611339505,True,Cruise
1,106,1675448833.7493572,49.36524200435205,0.00846343994197271,False,True,False,False,100000,False,True,False,4.05744175663379,0.14335872395842497,9.774400492114596,0.0008195431165611872,True,Cruise
1,107,1675448833.8492434,49.369473510537524,0.00840701985949962,False,True,False,False,100000,False,True,False,4.057642369496069,0.1459146548119011,9.774504407075638,0.0025658967959353144,True,Cruise
1,108,1675448833.9492283,49.369473510537524,0.00840701985949962,False,True,False,False,100000,False,True,False,4.057642369496069,0.1459146548119011,9.774504407075638,0.0025658967959353144,True,Cruise
1,109,1675448834.0492163,49.369473510537524,0.00840701985949962,False,True,False,False,100000,False,True,False,4.057989447551862,0.1526795005740262,9.774709490619225,0.0009947839576099347,True,Cruise
1,110,1675448834.149369,49.426312703442406,0.007649163954101251,False,True,False,False,100000,False,True,False,4.0580001432714,0.1530693894239819,9.774709320753503,0.00039003556580209973,True,Cruise
1,111,1675448834.2493632,49.426312703442406,0.007649163954101251,False,True,False,False,100000,False,True,False,4.057900845860533,0.15544654508478287,9.774605416893229,0.002132932607885042,True,Cruise
1,112,1675448834.349238,49.426312703442406,0.007649163954101251,False,True,False,False,100000,False,True,False,4.057966459607839,0.14799702861298591,9.774528805424499,0.007450199335893681,True,Cruise
1,113,1675448834.449196,49.3332277691789,0.008890296410947981,False,True,False,False,100000,False,True,False,4.057812757762096,0.1378196949817579,9.774276470075291,0.006160453877029704,True,Cruise
1,114,1675448834.5492055,49.3332277691789,0.008890296410947981,False,True,False,False,100000,False,True,False,4.057812757762096,0.1378196949817579,9.774276470075291,0.011860022694872116,True,Cruise
1,115,1675448834.6492262,49.3332277691789,0.008890296410947981,False,True,False,False,100000,False,True,False,4.056921477980088,0.15873006769549758,9.774031612986409,0.001992694185355393,True,Cruise
1,116,1675448834.7492342,49.78377305416774,0.0028830259444301404,False,True,False,False,100000,False,True,False,4.056921477980088,0.15873006769549758,9.774031612986409,0.001992694185355393,True,Cruise
1,117,1675448834.8492272,49.78377305416774,0.0028830259444301404,False,True,False,False,100000,False,True,False,4.056489945242264,0.16159524377359497,9.773729156954772,0.0016309104362107049,True,Cruise
1,118,1675448834.9492104,49.78377305416774,0.0028830259444301404,False,True,False,False,100000,False,True,False,4.056489945242264,0.16159524377359497,9.773729156954772,0.0016309104362107049,True,Cruise
1,119,1675448835.0492177,49.603492737560714,0.005286763499190545,False,True,False,False,100000,False,True,False,4.0582753439454695,0.07835604840945447,9.773213959935763,0.07314833355845995,True,Cruise
1,120,1675448835.149298,49.603492737560714,0.005286763499190545,False,True,False,False,100000,False,True,False,4.058208802904603,0.07611028015984118,9.773168048706252,0.0022472228599064196,True,Cruise
1,121,1675448835.2492204,49.603492737560714,0.005286763499190545,False,True,False,False,100000,False,True,False,4.05717294847026,0.07754431922571478,9.773159661997395,0.016830481000125904,True,Cruise
1,122,1675448835.3493335,49.603492737560714,0.005286763499190545,False,True,False,False,100000,False,True,False,4.056769745337166,0.08461256760976045,9.773172291107128,0.0070797505238188695,True,Cruise
1,123,1675448835.4492376,49.19208832321961,0.010772155690405207,False,True,False,False,100000,False,True,False,4.056427485507176,0.07723004755324753,9.773171584548313,0.007390449558400753,True,Cruise
1,124,1675448835.5492616,49.19208832321961,0.010772155690405207,False,True,False,False,100000,False,True,False,4.056396325281143,0.07415679540067353,9.773168033255113,0.003073412169669165,True,Cruise
1,125,1675448835.6492472,49.19208832321961,0.010772155690405207,False,True,False,False,100000,False,True,False,4.0556154798890205,0.11688476389566428,9.773252718920023,0.016200970018119248,True,Cruise
1,126,1675448835.7493503,49.19208832321961,0.010772155690405207,False,True,False,False,100000,False,True,False,4.054667744523937,0.17348311621310428,9.773332181536883,0.016897548460302357,True,Cruise
1,127,1675448835.8492343,49.73253809698502,0.0035661587068664354,False,True,False,False,100000,False,True,False,4.054461263474663,0.19410251671209966,9.773341736700871,0.01070862746094284,True,Cruise
1,128,1675448835.9492402,49.73253809698502,0.0035661587068664354,False,True,False,False,100000,False,True,False,4.056038041663408,0.18286541269481313,9.773198170983019,0.049492626878205485,True,Cruise
1,129,1675448836.0492697,49.73253809698502,0.0035661587068664354,False,True,False,False,100000,False,True,False,4.0570344261088405,0.1488641371799868,9.77314245309282,0.06074789392308895,True,Cruise
1,130,1675448836.149311,49.82592087313655,0.0023210550248459728,False,True,False,False,100000,False,True,False,4.057512983551657,0.14527539273816878,9.773142203021516,0.003620511560165302,True,Cruise
1,131,1675448836.249342,49.82592087313655,0.0023210550248459728,False,True,False,False,100000,False,True,False,4.057407444571214,0.15159972706661126,9.773294403237177,0.00017656606382212845,True,Cruise
1,132,1675448836.3493521,49.82592087313655,0.0023210550248459728,False,True,False,False,100000,False,True,False,4.057443071332164,0.13005978458441958,9.773335691145718,0.02154001151563326,True,Cruise
1,133,1675448836.4492414,49.82592087313655,0.0023210550248459728,False,True,False,False,100000,False,True,False,4.0574303023869085,0.08451203185733243,9.773470651461217,0.04554795446362655,True,Cruise
1,134,1675448836.5492427,49.821617298674056,0.002378436017679241,False,True,False,False,100000,False,True,False,4.0574303023869085,0.08451203185733243,9.773470651461217,0.04554795446362655,True,Cruise
1,135,1675448836.6492484,49.821617298674056,0.002378436017679241,False,True,False,False,100000,False,True,False,4.057417174168074,0.06229288784546654,9.773548725795575,0.010852953832499219,True,Cruise
1,136,1675448836.749138,49.821617298674056,0.002378436017679241,False,True,False,False,100000,False,True,False,4.0574215722717915,0.043721838139312866,9.773612240628335,0.008323673750934337,True,Cruise
1,137,1675448836.8492079,49.821617298674056,0.002378436017679241,False,True,False,False,100000,False,True,False,4.057428551051759,0.030694652562846238,9.77366065001355,0.005878862187232091,True,Cruise
1,138,1675448836.9492729,49.98728497875377,-0.00016953361661635317,False,True,False,False,100000,False,True,False,4.057419095844363,0.029243793152310623,9.773705609299586,0.007294919791121994,True,Cruise
1,139,1675448837.0493104,49.98728497875377,-0.00016953361661635317,False,True,False,False,100000,False,True,False,4.057419095844363,0.029243793152310623,9.773705609299586,0.005843992867128927,True,Cruise
1,140,1675448837.1492755,49.98728497875377,-0.00016953361661635317,False,True,False,False,100000,False,True,False,4.057719571081837,-0.021723428950211246,9.773691936142324,0.017613034286969368,True,Cruise
1,141,1675448837.249229,49.9216428897919,0.0010447614694413447,False,True,False,False,100000,False,True,False,4.0576690820693875,-0.021942051481911716,9.773696940242857,0.00022443260183705873,True,Cruise
1,142,1675448837.349237,49.9216428897919,0.0010447614694413447,False,True,False,False,100000,False,True,False,4.057493846537444,-0.02641530905088972,9.773703778538197,0.004466662053786612,True,Cruise
1,143,1675448837.4492476,49.9216428897919,0.0010447614694413447,False,True,False,False,100000,False,True,False,4.057493846537444,-0.02641530905088972,9.773703778538197,0.004466662053786612,True,Cruise
1,144,1675448837.5492313,49.991741590841336,0.00011011212211551013,False,True,False,False,100000,False,True,False,4.057094755181394,-0.004965126729759587,9.77368838912898,0.0016948642310688638,True,Cruise
1,145,1675448837.6492887,49.991741590841336,0.00011011212211551013,False,True,False,False,100000,False,True,False,4.0570453946132075,-0.0035876579580684295,9.773674441929359,0.0013784234498343821,True,Cruise
1,146,1675448837.7492266,49.991741590841336,0.00011011212211551013,False,True,False,False,100000,False,True,False,4.056994333968871,-0.005275270150174929,9.773638929981393,0.007060300649747668,True,Cruise
1,147,1675448837.8492787,49.991741590841336,0.00011011212211551013,False,True,False,False,100000,False,True,False,4.05693460571163,-0.006100511064947766,9.773604271706139,0.0019586922751448272,True,Cruise
1,148,1675448837.949325,49.95101362980239,-0.0006531516026348525,False,True,False,False,100000,False,True,False,4.05693460571163,-0.006100511064947766,9.773604271706139,0.0019586922751448272,True,Cruise
1,149,1675448838.0492446,49.95101362980239,-0.0006531516026348525,False,True,False,False,100000,False,True,False,4.056751917608159,0.005396739980071723,9.773546054434863,0.008098432053285396,True,Cruise
1,150,1675448838.1493263,49.95101362980239,-0.0006531516026348525,False,True,False,False,100000,False,True,False,4.056751917608159,0.005396739980071723,9.773546054434863,0.003400450596159608,True,Cruise
1,151,1675448838.2493713,49.18085049727397,-0.010921993369680413,False,True,False,False,100000,False,True,False,4.056652359636882,-0.011110611714253722,9.773498483008334,0.0008513226462147905,True,Cruise
1,152,1675448838.349269,49.18085049727397,-0.010921993369680413,False,True,False,False,100000,False,True,False,4.056630808820296,-0.012206825861036455,9.773490154253047,0.0010964575967481519,True,Cruise
1,153,1675448838.4493637,49.18085049727397,-0.010921993369680413,False,True,False,False,100000,False,True,False,4.056630808820296,-0.012206825861036455,9.773490154253047,0.0010964575967481519,True,Cruise
1,154,1675448838.5493295,49.18085049727397,-0.010921993369680413,False,True,False,False,100000,False,True,False,4.056040927363214,-0.19216495976976694,9.773519195461311,0.08325862014166205,True,Cruise
1,155,1675448838.6492279,49.18238938568673,-0.010901474857510255,False,True,False,False,100000,False,True,False,4.055150323201223,-0.23915815652320446,9.773548388302531,0.01572943018835553,True,Cruise
1,156,1675448838.7492201,49.18238938568673,-0.010901474857510255,False,True,False,False,100000,False,True,False,4.054806044443291,-0.2570778574250204,9.773545645267186,0.024496891312429266,True,Cruise
1,157,1675448838.8492587,49.18238938568673,-0.010901474857510255,False,True,False,False,100000,False,True,False,4.054244683039231,-0.3407006258338344,9.77348366871432,0.030274985620093908,True,Cruise
1,158,1675448838.9492686,49.18238938568673,-0.010901474857510255,False,True,False,False,100000,False,True,False,4.0541055222423195,-0.3958243438171165,9.773422708158305,0.030274985620093908,True,Cruise
1,159,1675448839.049231,49.09972081075468,-0.01200372252327093,False,True,False,False,100000,False,True,False,4.054067084208018,-0.41828200704467017,9.77339119582636,0.022457718231195294,True,Cruise
1,160,1675448839.1492403,49.09972081075468,-0.01200372252327093,False,True,False,False,100000,False,True,False,4.054023777481251,-0.4518966398248663,9.77332898725998,0.014962745827847991,True,Cruise
1,161,1675448839.249226,49.09972081075468,-0.01200372252327093,False,True,False,False,100000,False,True,False,4.053729241070526,-0.48214648770441954,9.773292882222044,0.021908855752582838,True,Cruise
1,162,1675448839.3492177,49.09972081075468,-0.01200372252327093,False,True,False,False,100000,False,True,False,4.053425605278078,-0.502738744692879,9.77324723338567,0.006111957914689797,True,Cruise
1,163,1675448839.4492326,49.06761549051342,-0.012431793459821084,False,True,False,False,100000,False,True,False,4.053425605278078,-0.502738744692879,9.77324723338567,0.006111957914689797,True,Cruise
1,164,1675448839.5492976,49.06761549051342,-0.012431793459821084,False,True,False,False,100000,False,True,False,2.588220989054127,-2.319005971909732,9.572746242382644,5.514232779728731,True,Cruise
1,165,1675448839.6493883,49.06761549051342,-0.012431793459821084,False,True,False,False,100000,False,True,False,4.601682045036964,1.5633140717076865,10.072841193085818,2.022671230186078,True,Cruise
1,166,1675448839.7493343,49.06761549051342,-0.012431793459821084,False,True,False,False,100000,False,True,False,5.0114801980268835,-1.1171867778600486,9.619409321552755,2.749294417273144,True,Cruise
1,167,1675448839.8492625,49.46466217128581,-0.007137837716189205,False,True,False,False,100000,False,True,False,4.65808088681773,-0.8349153111620617,9.655888482269676,0.24864001135974148,True,Cruise
1,168,1675448839.9492524,49.46466217128581,-0.007137837716189205,False,True,False,False,100000,False,True,False,4.65808088681773,-0.8349153111620617,9.655888482269676,0.24864001135974148,True,Cruise
1,169,1675448840.0493207,49.46466217128581,-0.007137837716189205,False,True,False,False,100000,False,True,False,4.239327106048321,-0.6074385960780221,9.733563712810149,0.36185994425282064,True,Cruise
1,170,1675448840.1492372,48.97686506209386,-0.013641799172081883,False,True,False,False,100000,False,True,False,4.174535479409122,-0.5663684048227187,9.746791852773324,0.07784406964686447,True,Cruise
1,171,1675448840.2493377,48.97686506209386,-0.013641799172081883,False,True,False,False,100000,False,True,False,4.1459636127817046,-0.48105111317876253,9.762838161989446,0.04308640430046647,True,Cruise
1,172,1675448840.349265,48.97686506209386,-0.013641799172081883,False,True,False,False,100000,False,True,False,4.164701428988052,-0.46828354519169707,9.77316384337421,0.048394446517276306,True,Cruise
1,173,1675448840.4492257,48.97686506209386,-0.013641799172081883,False,True,False,False,100000,False,True,False,4.164701428988052,-0.46828354519169707,9.77316384337421,0.048394446517276306,True,Cruise
1,174,1675448840.5492136,49.22211254006205,-0.010371832799172644,False,True,False,False,100000,False,True,False,4.15785476999804,-0.4588854151595235,9.787400141008044,0.048394446517276306,True,Cruise
1,175,1675448840.6493475,49.22211254006205,-0.010371832799172644,False,True,False,False,100000,False,True,False,4.134389879628712,-0.46071142422548134,9.797150763375171,0.011299186350850055,True,Cruise
1,176,1675448840.7492938,49.22211254006205,-0.010371832799172644,False,True,False,False,100000,False,True,False,4.122348606303293,-0.4320772976146058,9.799432527765477,0.03114661970098793,True,Cruise
1,177,1675448840.8492382,48.849082310469264,-0.015345569193743148,False,True,False,False,100000,False,True,False,5.338634349134414,3.4780826787903267,11.729031795869721,4.519098899455457,True,Cruise
1,178,1675448840.949256,48.849082310469264,-0.015345569193743148,False,True,False,False,100000,False,True,False,5.338634349134414,3.4780826787903267,11.729031795869721,4.519098899455457,True,Cruise
1,179,1675448841.0492177,48.849082310469264,-0.015345569193743148,False,True,False,False,100000,False,True,False,2.7119600720723915,-3.6330602902136233,7.864274897740151,8.509060933207243,True,Cruise
1,180,1675448841.149223,48.849082310469264,-0.015345569193743148,False,True,False,False,100000,False,True,False,4.017202667921377,-0.8318553021981138,9.794026143423665,0.08990030283360359,True,Cruise
1,181,1675448841.2492204,48.78055235813793,-0.016259301891494306,False,True,False,False,100000,False,True,False,4.024219486525174,-0.7982695422315745,9.791145756261509,0.034431608240866385,True,Cruise
1,182,1675448841.3492188,48.78055235813793,-0.016259301891494306,False,True,False,False,100000,False,True,False,3.7743750186095166,-0.7325673699992087,9.78736977126763,0.04984781026391618,True,Cruise
1,183,1675448841.449257,48.78055235813793,-0.016259301891494306,False,True,False,True,100000,False,True,False,3.7743750186095166,-0.7325673699992087,9.78736977126763,0.04984781026391618,True,Cruise
1,184,1675448841.5491993,49.1599863134747,-0.011200182487004051,False,True,False,True,100000,False,True,False,3.9572326671116116,-0.8274321557064509,9.764290336744587,0.20728942925508792,True,Cruise
1,185,1675448841.6492226,49.1599863134747,-0.011200182487004051,False,True,False,True,100000,False,True,False,3.9954343801761847,-0.856680718315974,9.760074159152872,0.015223467157727641,True,Cruise
1,186,1675448841.7492497,49.1599863134747,-0.011200182487004051,False,True,False,True,100000,False,True,False,3.991361664021365,-0.7669266927565298,9.761017667932464,0.04402685822488302,True,Cruise
1,187,1675448841.8493485,49.1599863134747,-0.011200182487004051,False,True,False,True,100000,False,True,False,3.9884969405655717,-0.7522612699943938,9.761719737236518,0.014959083079455251,True,Cruise
1,188,1675448841.9492035,47.82726277320692,-0.028969829690574402,False,True,False,True,100000,False,True,False,3.990729993336947,-0.7187601629191567,9.763205790490833,0.015877220502804996,True,Cruise
1,189,1675448842.049188,47.82726277320692,-0.028969829690574402,False,True,False,True,100000,False,True,False,3.9915956882312513,-0.8746143438790982,9.76467558383758,0.0693668911555164,True,Cruise
1,190,1675448842.149386,47.82726277320692,-0.028969829690574402,False,True,False,True,100000,False,True,False,3.991081211154701,-1.0171093163475466,9.76557976003021,0.2251318867959707,True,Cruise
1,191,1675448842.2492318,47.928339501346024,-0.027622139982053012,False,True,False,True,100000,False,True,False,3.9984392901532386,-1.0611555116181492,9.767010342330167,0.009827160912443213,True,Cruise
1,192,1675448842.349195,47.928339501346024,-0.027622139982053012,False,True,False,True,100000,False,True,False,4.00461658348412,-1.0803890078846816,9.767725608010188,0.02021380559230458,True,Cruise
1,193,1675448842.4493048,47.928339501346024,-0.027622139982053012,False,True,False,True,100000,False,True,False,3.0349961805201606,-1.1200686420064938,9.800388442436228,0.9709814931093048,True,Cruise
1,194,1675448842.5492132,47.928339501346024,-0.027622139982053012,False,True,False,True,100000,False,True,False,2.7032118861424443,-1.180095764751881,9.827522721982287,0.33826076122910353,True,Cruise
1,195,1675448842.6492128,47.89970987761397,-0.0280038682984804,False,True,False,True,100000,False,True,False,2.3638464092490414,-1.2413447209825133,9.849273182587595,0.21652632753835865,True,Cruise
1,196,1675448842.7493567,47.89970987761397,-0.0280038682984804,False,True,False,True,100000,False,True,False,1.608081607725389,-1.1722587053134952,9.915280678979267,0.7617810068274229,True,Cruise
1,197,1675448842.8492498,47.89970987761397,-0.0280038682984804,False,True,False,True,100000,False,True,False,0.791339366102298,-1.2725345046692005,9.956049550208022,0.34007619016977575,True,Cruise
1,198,1675448842.949335,48.543285759311416,-0.019422856542514456,False,True,False,True,100000,False,True,False,0.791339366102298,-1.2725345046692005,9.956049550208022,0.5504273128890059,True,Cruise
1,199,1675448843.0492866,48.77751554373469,-0.016299792750204194,False,True,False,True,100000,False,True,False,0.31566085401300925,-1.5484222141726083,9.931838981117329,0.9035603567325382,True,Cruise
1,200,1675448843.1492577,48.68294402735908,-0.01756074630187901,False,True,False,True,100000,False,True,False,1.206632448627241,-1.6492840847374866,9.82040371329175,0.8282653774449238,True,Cruise
1,201,1675448843.2492275,49.75638606365385,-0.003248185817948689,False,True,False,True,100000,False,True,False,2.9664515622341328,-1.601541430605937,9.631624153052792,0.3562008060031431,True,Cruise
1,202,1675448843.349218,49.75638606365385,-0.003248185817948689,False,True,False,True,100000,False,True,False,3.02786360296634,-1.5737102371138412,9.625866181486447,0.11206613207420306,True,Cruise
1,203,1675448843.4493418,49.75638606365385,-0.003248185817948689,False,True,False,True,100000,False,True,False,3.2082882132463992,-1.248011003033685,9.621161822607052,0.3723642867778511,True,Cruise
1,204,1675448843.5493264,49.93670184436264,-0.0008439754084981244,False,True,False,True,100000,False,True,False,3.473142269849165,-0.9851267157805932,9.633714583221707,0.12593145117980328,True,Cruise
1,205,1675448843.6492696,49.93670184436264,-0.0008439754084981244,False,True,False,True,100000,False,True,False,3.174018647717395,-0.8085132805486447,9.679774962503,0.12593145117980328,True,Cruise
1,206,1675448843.7493217,49.93670184436264,-0.0008439754084981244,False,True,False,True,100000,False,True,False,3.0241892855021244,-0.6165784003920461,9.725631943325705,0.13717028250126628,True,Cruise
1,207,1675448843.8492815,49.93670184436264,-0.0008439754084981244,False,True,False,True,100000,False,True,False,2.7602069440528836,-0.4751386456969426,9.764045644953866,0.30193955235777237,True,Cruise
1,208,1675448843.9493344,49.78841938941774,0.0028210748077635295,False,False,False,True,100000,False,True,False,1.8341672382136247,-0.38981576496388093,9.88344037729917,0.4266548096449543,True,Cruise
1,209,1675448844.0493464,49.78841938941774,0.0028210748077635295,False,False,False,True,100000,False,True,False,0.14939100314928921,-0.16792278336746042,10.03002368641633,0.45119651572117464,True,Cruise
1,210,1675448844.1492875,49.78841938941774,0.0028210748077635295,False,False,False,True,100000,False,True,False,0.2804081945161331,0.00660853582125168,9.99093715944696,0.1435382450959064,True,Cruise
1,211,1675448844.2492642,49.72838988683219,0.00362146817557081,False,False,False,True,100000,False,True,False,0.012521635798182225,0.18365195574617957,9.985551100694751,0.38087411536422333,True,Cruise
1,212,1675448844.3494847,49.72838988683219,0.00362146817557081,False,False,False,True,100000,False,True,False,0.012521635798182225,0.18365195574617957,9.985551100694751,0.38087411536422333,True,Cruise
1,213,1675448844.4493,49.72838988683219,0.00362146817557081,False,False,False,True,100000,False,True,False,0.06761561775607297,0.36792657307340454,9.912585918177188,0.15217788874546898,True,Cruise
1,214,1675448844.5495381,49.563385016762666,0.005821533109831089,False,False,False,True,100000,False,True,False,0.03535696754169335,0.4080042260939817,9.893148345517655,0.0549968909683635,True,Cruise
1,215,1675448844.649308,49.563385016762666,0.005821533109831089,False,False,False,True,100000,False,True,False,-1.161002774583588,0.5019240344190687,9.939174268803098,1.0660988061291479,True,Cruise
1,216,1675448844.7492726,49.18579095845936,0.01085612055387523,False,False,False,True,100000,False,True,False,-1.1230015501726076,0.5048982822867497,9.868584252768573,0.18996474916029898,True,Cruise
1,217,1675448844.8493202,49.18579095845936,0.01085612055387523,False,False,False,True,100000,False,True,False,-1.1230015501726076,0.5048982822867497,9.868584252768573,0.18996474916029898,True,Cruise
1,218,1675448844.9493535,49.18579095845936,0.01085612055387523,False,False,False,True,100000,False,True,False,-1.1230015501726076,0.5048982822867497,9.868584252768573,0.18996474916029898,True,Cruise
1,219,1675448845.0492787,48.863432055034295,0.01515423926620944,False,False,False,True,100000,False,True,False,-2.2498498991034386,0.6230080329895342,9.821238676312475,0.4847238990358653,True,Cruise
1,220,1675448845.1492286,48.863432055034295,0.01515423926620944,False,False,False,True,100000,False,True,False,-2.2514051914730473,0.5406751489640749,9.780988867207684,0.5541055526215504,True,Cruise
1,221,1675448845.249388,48.863432055034295,0.01515423926620944,False,False,False,True,100000,False,True,False,-2.806250057942316,0.6214474111001409,9.804994267166043,0.5612069523848033,True,Cruise
1,222,1675448845.3492086,48.47610144732519,0.020318647368997418,False,False,False,True,100000,False,True,False,-2.657567244701174,0.7340153666680488,9.762212344328535,0.1913332602965657,True,Cruise
1,223,1675448845.4492047,48.47610144732519,0.020318647368997418,False,False,False,True,100000,False,True,False,-2.2042095332263094,0.7046434853745365,9.687757916040828,0.46036874769699104,True,Cruise
1,224,1675448845.5493383,48.47610144732519,0.020318647368997418,False,False,False,True,100000,False,True,False,-2.8646973987268107,0.8104695388655807,9.736017717820555,0.46036874769699104,True,Cruise
1,225,1675448845.6492643,48.10770180366497,0.025230642617800354,False,False,False,True,100000,False,True,False,-2.4967547093113405,0.9850377366733779,9.676246968912201,0.523073515153019,True,Cruise
1,226,1675448845.7493458,48.10770180366497,0.025230642617800354,False,False,False,True,100000,False,True,False,-2.3417078302067114,0.9824992335089867,9.671979963290124,0.6296787348768935,True,Cruise
1,227,1675448845.849358,48.10770180366497,0.025230642617800354,False,False,False,True,100000,False,True,False,-2.8872838789282085,1.0927522220302999,9.721617502450071,0.5588137719404359,True,Cruise
1,228,1675448845.949336,47.11217497588565,0.03850433365485798,False,False,False,True,100000,False,True,False,-1.619490694123206,1.2845664050986336,9.614688853138123,1.2866724432845609,True,Cruise
1,229,1675448846.049307,47.11217497588565,0.03850433365485798,False,False,False,True,100000,False,True,False,-0.7803370163846995,1.4710205643620882,9.576990841997514,0.3746279671446611,True,Cruise
1,230,1675448846.1493323,47.11217497588565,0.03850433365485798,False,False,False,True,100000,False,True,False,-2.333419763502456,1.6332618201495221,9.76469101975043,0.7796789369266853,True,Cruise
1,231,1675448846.2492816,46.74942810564479,0.0433409585914029,False,False,False,True,100000,False,True,False,-3.2938881498082293,1.8114203174916876,9.87212868743167,0.6012134386410452,True,Cruise
1,232,1675448846.3493922,46.74942810564479,0.0433409585914029,False,False,False,True,100000,False,True,False,-3.2938881498082293,1.8114203174916876,9.87212868743167,0.3815512868418587,True,Cruise
1,233,1675448846.449321,46.74942810564479,0.0433409585914029,False,False,False,True,100000,False,True,False,-3.6170814865302137,2.182853156894676,9.906900108960414,0.407154915012611,True,Cruise
1,234,1675448846.549315,46.74942810564479,0.0433409585914029,False,False,False,True,100000,False,True,False,-2.986321507666671,2.4214917405146394,9.841157931477303,0.2158339248727696,True,Cruise
1,235,1675448846.6492918,46.52044881485337,0.0463940158019551,False,False,False,True,100000,False,True,False,-2.611516992195673,2.350188341621209,9.815258951420157,0.286649417167583,True,Cruise
1,236,1675448846.7492583,46.52044881485337,0.0463940158019551,False,False,False,True,100000,False,True,False,-2.6182154525976573,2.442428561568186,9.812739661103631,0.09251742739247919,True,Cruise
1,237,1675448846.8493545,46.52044881485337,0.0463940158019551,False,False,False,True,100000,False,True,False,-1.4690224501355902,2.4933941158820034,9.713091426286317,0.09251742739247919,True,Cruise
1,238,1675448846.9492974,46.59342852266406,0.0454209530311459,False,False,False,True,100000,False,True,False,-0.7826200068822172,2.560930527384455,9.674855809964301,0.277546924005756,True,Cruise
1,239,1675448847.0494347,46.59342852266406,0.0454209530311459,False,False,False,True,100000,False,True,False,-0.10623474346060874,2.5836125708457294,9.626522132424187,0.6784892365056719,True,Cruise
1,240,1675448847.1493006,46.59342852266406,0.0454209530311459,False,False,False,True,100000,False,True,False,-0.07093260188022232,2.6243402116131054,9.67071011173867,0.04750019106743636,True,Cruise
1,241,1675448847.2492206,46.17307784005118,0.051025628799317574,False,False,False,True,100000,False,True,False,-0.12933450372681976,2.641565654193317,9.720238151595531,0.052842779604784285,True,Cruise
1,242,1675448847.3493323,46.17307784005118,0.051025628799317574,False,False,False,True,100000,False,True,False,-1.9479862051018415,2.6788056676699745,9.923696824420315,0.027813644807774884,True,Cruise
1,243,1675448847.4492383,46.17307784005118,0.051025628799317574,False,False,False,True,100000,False,True,False,-1.8935826248882337,2.7741829630221524,9.91966786502817,0.407851211117893,True,Cruise
1,244,1675448847.5492208,46.03484502540467,0.05286873299460441,False,False,False,True,100000,False,True,False,-1.545623471520745,2.6826996206926537,9.902622000286255,0.3287093748678141,True,Cruise
1,245,1675448847.649237,46.03484502540467,0.05286873299460441,False,False,False,True,100000,False,True,False,-1.1361377724372905,2.695910904022571,9.85973489501703,0.3287093748678141,True,Cruise
1,246,1675448847.7492201,46.03484502540467,0.05286873299460441,False,False,False,True,100000,False,True,False,-0.6879942334921935,2.70408144441608,9.822470714659316,0.41193734907078094,True,Cruise
1,247,1675448847.8493385,46.34690661130437,0.048707911849275025,False,False,False,True,100000,False,True,False,-0.3545737475184488,2.714110219701079,9.797654105088773,0.3344931403052413,True,Cruise
1,248,1675448847.9493825,46.34690661130437,0.048707911849275025,False,False,False,True,100000,False,True,False,0.010557577678273186,2.758414034114916,9.78511667449088,0.368022960937938,True,Cruise
1,249,1675448848.04919,46.34690661130437,0.048707911849275025,False,False,False,True,100000,False,True,False,0.023048432155255108,2.7311008561028474,9.797297904378345,0.020986457383486135,True,Cruise
1,250,1675448848.149244,45.99332344082875,0.053422354122283286,False,False,False,True,100000,False,True,False,1.8197176914877573,2.783008535863315,9.677417915310455,0.9208816211176222,True,Cruise
1,251,1675448848.2491958,45.99332344082875,0.053422354122283286,False,False,False,True,100000,False,True,False,0.3736692425186745,2.7456087251284993,9.83312900348248,1.4548885887203207,True,Cruise
1,252,1675448848.3492577,45.99332344082875,0.053422354122283286,False,False,False,True,100000,False,True,False,0.3736692425186745,2.7456087251284993,9.83312900348248,1.4548885887203207,True,Cruise
1,253,1675448848.4493725,46.012708735237325,0.05316388353016899,False,False,False,True,100000,False,True,False,-1.1266024052538923,2.8345946267072275,9.954133188072717,1.507771707016132,True,Cruise
1,254,1675448848.549238,46.012708735237325,0.05316388353016899,False,False,False,True,100000,False,True,False,-0.691659396783654,2.7918067329587686,9.908832837463159,0.3784128926963848,True,Cruise
1,255,1675448848.6492229,46.012708735237325,0.05316388353016899,False,False,False,True,100000,False,True,False,0.26623565184883563,2.780322139681747,9.804994715286096,0.14145215432841793,True,Cruise
1,256,1675448848.7492352,47.00516909065131,0.039931078791315876,False,False,False,True,100000,False,True,False,0.25004924430354786,2.789639074719701,9.80519520828734,0.01867739985027758,True,Cruise
1,257,1675448848.8492293,47.00516909065131,0.039931078791315876,False,False,False,True,100000,False,True,False,0.25004924430354786,2.789639074719701,9.80519520828734,0.8000756721869543,True,Cruise
1,258,1675448848.9493294,47.00516909065131,0.039931078791315876,False,False,False,True,100000,False,True,False,1.0420356982704566,2.8622537604102365,9.71798485694994,0.8000756721869543,True,Cruise
1,259,1675448849.0492375,47.27665795372912,0.036311227283611684,False,False,False,True,100000,False,True,False,3.0348464911310886,2.544583506137221,9.57445112332116,0.6760859160222847,True,Cruise
1,260,1675448849.1492405,47.05823882425677,0.039223482343243084,False,False,False,True,100000,False,True,False,3.301821801459145,2.530926169634774,9.571867346877168,0.2673368943221562,True,Cruise
1,261,1675448849.2492504,47.05823882425677,0.039223482343243084,False,False,False,True,100000,False,True,False,3.1701207209823434,2.3545673592048484,9.637531895015494,0.3417916057889707,True,Cruise
1,262,1675448849.3492093,47.05823882425677,0.039223482343243084,False,False,False,True,100000,False,True,False,1.6494086290312375,2.4104349856370595,9.844095408095308,0.3417916057889707,True,Cruise
1,263,1675448849.449222,47.57524994630685,0.0323300007159087,False,False,False,True,100000,False,True,False,1.6494086290312375,2.4104349856370595,9.844095408095308,1.5356936358614475,True,Cruise
1,264,1675448849.549279,47.57524994630685,0.0323300007159087,False,False,False,True,100000,False,True,False,1.9465871258075491,2.3738535845282036,9.831233623230045,0.7342637146955686,True,Cruise
1,265,1675448849.6493726,47.57524994630685,0.0323300007159087,False,False,False,True,100000,False,True,False,2.7277881712944168,2.346833620489568,9.774334638829494,0.6490248417245728,True,Cruise
1,266,1675448849.7491994,47.72132960422829,0.03038227194362286,False,False,False,True,100000,False,True,False,2.708496789509742,1.9883803712827046,9.833154187402231,0.6046415446921727,True,Cruise
1,267,1675448849.8492243,47.72132960422829,0.03038227194362286,False,False,False,True,100000,False,True,False,2.063487876734732,1.9256074620068302,9.911662911243058,0.6527944204857087,True,Cruise
1,268,1675448849.9492536,47.72132960422829,0.03038227194362286,False,False,False,True,100000,False,True,False,2.063487876734732,1.9256074620068302,9.911662911243058,0.4525412936129021,True,Cruise
1,269,1675448850.0492134,48.129626125981545,0.024938318320246053,False,False,False,True,100000,False,True,False,2.063487876734732,1.9256074620068302,9.911662911243058,0.3729645261431807,True,Cruise
1,270,1675448850.1492493,48.129626125981545,0.024938318320246053,False,False,False,True,100000,False,True,False,1.6395130897481278,1.7338821475199162,9.89880826111373,0.8585783209880254,True,Cruise
1,271,1675448850.2492232,48.129626125981545,0.024938318320246053,False,False,False,True,100000,False,True,False,2.449920718109499,1.6307632466526887,9.81590990685232,0.8211371194639893,True,Cruise
1,272,1675448850.349257,48.129626125981545,0.024938318320246053,False,False,False,True,100000,False,True,False,2.2907839076626244,1.4695158359561624,9.823920276254633,0.22669234198247684,True,Cruise
1,273,1675448850.4492114,47.96202337400932,0.027173021679875696,False,False,False,True,100000,False,True,False,-0.3554080106000971,1.4824279886298906,10.026645527109572,1.4053950265508912,True,Cruise
1,274,1675448850.5492373,47.96202337400932,0.027173021679875696,False,False,False,True,100000,False,True,False,-0.7121163578057815,1.4866342776429073,10.022615585023079,0.35675590852387107,True,Cruise
1,275,1675448850.649237,47.96202337400932,0.027173021679875696,False,False,False,True,100000,False,True,False,-0.6209297044415983,1.4599007478049937,9.98253618812712,0.1031312049037442,True,Cruise
1,276,1675448850.749282,49.055303195298336,0.012595957396022223,False,False,False,True,100000,False,True,False,-0.2759895900277264,1.4187974173493372,9.892133295353837,0.1683344134212806,True,Cruise
1,277,1675448850.8493392,49.055303195298336,0.012595957396022223,False,False,False,True,100000,False,True,False,-0.16840696751529613,1.4111204925020304,9.80346623280537,0.1396237938989519,True,Cruise
1,278,1675448850.9493163,49.055303195298336,0.012595957396022223,False,False,False,True,100000,False,True,False,1.6346801032804548,1.2808670320987992,9.601184974882988,0.8898344557016588,True,Cruise
1,279,1675448851.0493822,49.055303195298336,0.012595957396022223,False,False,False,True,100000,False,True,False,1.6346801032804548,1.2808670320987992,9.601184974882988,0.6453041430854506,True,Cruise
1,280,1675448851.149313,49.36239672861105,0.008501376951852628,False,False,False,True,100000,False,True,False,2.914275791072841,1.114243154470734,9.497528684006395,0.13056944435538267,True,Cruise
1,281,1675448851.2492917,49.36239672861105,0.008501376951852628,False,False,False,True,100000,False,True,False,3.044686566146908,1.10894425823174,9.501179881413115,0.13056944435538267,True,Cruise
1,282,1675448851.3492925,49.36239672861105,0.008501376951852628,False,False,True,False,100000,False,True,False,3.044686566146908,1.10894425823174,9.501179881413115,0.13056944435538267,True,Cruise
1,283,1675448851.449295,49.9064227045003,-0.001247697273329404,False,False,True,False,100000,False,True,False,2.616522758707446,0.7367743089113922,9.638406255776395,0.34760665764785925,True,Cruise
1,284,1675448851.5492926,49.9064227045003,-0.001247697273329404,False,False,True,False,100000,False,True,False,2.0426156919185576,0.7675179051088208,9.741280826603793,0.3627392839564117,True,Cruise
1,285,1675448851.6492841,49.9064227045003,-0.001247697273329404,False,False,True,False,100000,False,True,False,2.5470835108170387,0.8525781652413245,9.711947868942865,0.5855201684366713,True,Cruise
1,286,1675448851.7492712,49.9064227045003,-0.001247697273329404,False,False,True,False,100000,False,True,False,3.520832716438578,0.528758464772475,9.678912095628696,0.4427475923293179,True,Cruise
1,287,1675448851.8492663,49.325067294625974,-0.00899910273832034,False,False,True,False,100000,False,True,False,2.316658260491403,0.2910546569407869,9.873484452188531,1.2427379540959578,True,Cruise
1,288,1675448851.9492176,49.325067294625974,-0.00899910273832034,False,False,True,False,100000,False,True,False,0.7665301150643158,0.2780774889563498,10.03560935034899,1.5586372755511964,True,Cruise
1,289,1675448852.049323,49.325067294625974,-0.00899910273832034,False,False,True,False,100000,False,True,False,-1.7193232995409686,-0.26087678362113564,10.222872792396101,0.3235646756115216,True,Cruise
1,290,1675448852.1493316,48.58279206927283,-0.018896105743028913,False,False,True,False,100000,False,True,False,-1.5164422963219073,-0.37883391288312945,10.175310244234103,0.6289320581987328,True,Cruise
1,291,1675448852.2492337,48.58279206927283,-0.018896105743028913,False,False,True,False,100000,False,True,False,-0.8937925150656928,-0.3677833511909176,10.087329173440613,0.6289320581987328,True,Cruise
1,292,1675448852.3492124,48.58279206927283,-0.018896105743028913,False,False,True,False,100000,False,True,False,-3.0346065746006703,-0.8605814420416688,10.12711862038022,1.7097191600880812,True,Cruise
1,293,1675448852.4492078,48.58279206927283,-0.018896105743028913,False,False,True,False,100000,False,True,False,-3.057705936996342,-1.0137546455244237,10.073968864048387,0.48791419873394093,True,Cruise
1,294,1675448852.549211,43.713470031002174,-0.08382039958663765,False,False,True,False,100000,False,True,False,-2.87964694827007,-1.1243770942600964,10.004911526010908,0.16376967792112548,True,Cruise
1,295,1675448852.6492019,43.713470031002174,-0.08382039958663765,False,False,True,False,100000,False,True,False,-2.403867317772042,-0.9141352208589455,9.833776447013765,0.6603001108699295,True,Cruise
1,296,1675448852.7492,43.713470031002174,-0.08382039958663765,False,False,True,False,100000,False,True,False,-2.403867317772042,-0.9141352208589455,9.833776447013765,0.6603001108699295,True,Cruise
