repetition,iteration,time,speed,steering,obstacle_North,obstacle_NorthWest,obstacle_SouthWest,obstacle_West,obstacle_distance,follow_enable,steady_motion_enable,passing_start,accel_x,accel_y,accel_z,accel_diff,success,action
1,1,1675450621.890574,0.0,0.0,False,True,False,True,100000,False,True,False,-0.07225431844686961,-1.9057032067408243e-13,9.6671853925462,0.01439777230112272,True,Cruise
1,2,1675450621.890736,0.0,0.0,False,True,False,True,100000,False,True,False,-0.07225431844686961,-1.9057032067408243e-13,9.6671853925462,0.01439777230112272,True,Cruise
1,3,1675450621.9908688,0.0,0.0,False,True,False,True,100000,False,True,False,-0.08046957061378668,9.500699682811623e-14,9.677966036854107,0.01439777230112272,True,Cruise
1,4,1675450622.0908601,0.0,0.0,False,True,False,True,100000,False,True,False,-0.08607781732922784,1.3017140407587546e-13,9.689789962847229,0.013086544888246083,True,Cruise
1,5,1675450622.190903,49.70038348639815,-0.003994886848024662,False,True,False,True,100000,False,True,False,-0.08607781732922784,1.3017140407587546e-13,9.689789962847229,0.013086544888246083,True,Cruise
1,6,1675450622.2909882,49.70038348639815,-0.003994886848024662,False,True,False,True,100000,False,True,False,-0.08916561036344126,1.6023409456529916e-13,9.702375689624178,0.01295897312004917,True,Cruise
1,7,1675450622.3909097,49.70038348639815,-0.003994886848024662,False,True,False,True,100000,False,True,False,-0.0898562157969531,-3.5790609502550483e-13,9.715456883517406,0.013099411037792058,True,Cruise
1,8,1675450622.490966,49.59962952718009,-0.005338272970932182,False,True,False,True,100000,False,True,False,-0.0898562157969531,-3.5790609502550483e-13,9.715456883517406,0.013099411037792058,True,Cruise
1,9,1675450622.5908937,49.59962952718009,-0.005338272970932182,False,True,False,True,100000,False,True,False,-0.0898562157969531,-3.5790609502550483e-13,9.715456883517406,0.99123683269087,True,Cruise
1,10,1675450622.6908736,49.59962952718009,-0.005338272970932182,False,True,False,True,100000,False,True,False,-0.0898562157969531,-3.5790609502550483e-13,9.715456883517406,0.99123683269087,True,Cruise
1,11,1675450622.7908738,49.59962952718009,-0.005338272970932182,False,True,False,True,100000,False,True,False,1.8099140927612527,-0.004843803243445556,9.575643441633018,0.9139846140987103,True,Cruise
1,12,1675450622.890887,49.59962952718009,-0.005338272970932182,False,True,False,True,100000,False,True,False,1.8099140927612527,-0.004843803243445556,9.575643441633018,0.9139846140987103,True,Cruise
1,13,1675450622.990931,49.64898276238531,-0.004680229834862559,False,True,False,True,100000,False,True,False,1.8099140927612527,-0.004843803243445556,9.575643441633018,0.9139846140987103,True,Cruise
1,14,1675450623.09086,49.64898276238531,-0.004680229834862559,False,True,False,True,100000,False,True,False,3.223574228173173,-0.006538687199717258,9.5507278366932,0.2802069157689597,True,Cruise
1,15,1675450623.190857,49.64898276238531,-0.004680229834862559,False,True,False,True,100000,False,True,False,3.223574228173173,-0.006538687199717258,9.5507278366932,0.2802069157689597,True,Cruise
1,16,1675450623.2908611,49.64898276238531,-0.004680229834862559,False,True,False,True,100000,False,True,False,3.223574228173173,-0.006538687199717258,9.5507278366932,0.17456229176374213,True,Cruise
1,17,1675450623.390885,49.613676498503985,-0.005150980019946905,False,True,False,True,100000,False,True,False,3.223574228173173,-0.006538687199717258,9.5507278366932,0.17456229176374213,True,Cruise
1,18,1675450623.4908755,49.613676498503985,-0.005150980019946905,False,True,False,True,100000,False,True,False,3.223574228173173,-0.006538687199717258,9.5507278366932,0.17456229176374213,True,Cruise
1,19,1675450623.590853,49.613676498503985,-0.005150980019946905,False,True,False,True,100000,False,True,False,3.516814145880394,-0.004161608360203548,9.606278546994906,0.10944621926584014,True,Cruise
1,20,1675450623.690887,49.613676498503985,-0.005150980019946905,False,True,False,True,100000,False,True,False,3.516814145880394,-0.004161608360203548,9.606278546994906,0.10944621926584014,True,Cruise
1,21,1675450623.7908645,49.65966849470719,-0.004537753403904109,False,True,False,True,100000,False,True,False,3.728412574221576,-0.0011388259077183857,9.671471744003286,0.11199104390135052,True,Cruise
1,22,1675450623.890861,49.65966849470719,-0.004537753403904109,False,True,False,True,100000,False,True,False,3.728412574221576,-0.0011388259077183857,9.671471744003286,0.11199104390135052,True,Cruise
1,23,1675450623.9908712,49.65966849470719,-0.004537753403904109,False,True,False,True,100000,False,True,False,3.728412574221576,-0.0011388259077183857,9.671471744003286,0.11995567279757988,True,Cruise
1,24,1675450624.0908587,49.65966849470719,-0.004537753403904109,False,True,False,True,100000,False,True,False,3.9669312796665652,-0.006642902110521386,9.731957703371577,0.1261963803053434,True,Cruise
1,25,1675450624.1908798,49.65966849470719,-0.004537753403904109,False,True,False,True,100000,False,True,False,3.9669312796665652,-0.006642902110521386,9.731957703371577,0.1261963803053434,True,Cruise
1,26,1675450624.2909074,49.65966849470719,-0.004537753403904109,False,True,False,True,100000,False,True,False,3.9669312796665652,-0.006642902110521386,9.731957703371577,0.1261963803053434,True,Cruise
1,27,1675450624.3908806,49.12573494951154,-0.01165686733984615,False,True,False,True,100000,False,True,False,3.9669312796665652,-0.006642902110521386,9.731957703371577,0.1261963803053434,True,Cruise
1,28,1675450624.4908586,49.12573494951154,-0.01165686733984615,False,True,False,True,100000,False,True,False,4.211377752327062,-0.004175772082161364,9.786188477146062,0.25040195995821407,True,Cruise
1,29,1675450624.5908952,49.12573494951154,-0.01165686733984615,False,True,False,True,100000,False,True,False,4.211377752327062,-0.004175772082161364,9.786188477146062,0.25040195995821407,True,Cruise
1,30,1675450624.6908658,49.12573494951154,-0.01165686733984615,False,True,False,True,100000,False,True,False,4.211377752327062,-0.004175772082161364,9.786188477146062,0.25040195995821407,True,Cruise
1,31,1675450624.7908762,49.12573494951154,-0.01165686733984615,False,True,False,True,100000,False,True,False,4.211377752327062,-0.004175772082161364,9.786188477146062,0.25040195995821407,True,Cruise
1,32,1675450624.8908558,49.65535838613086,-0.0045952215182552,False,True,False,True,100000,False,True,False,4.322502120993043,-0.004724765617708119,9.811203404879949,0.10154410980994993,True,Cruise
1,33,1675450624.9908693,49.65535838613086,-0.0045952215182552,False,True,False,True,100000,False,True,False,4.322502120993043,-0.004724765617708119,9.811203404879949,0.10154410980994993,True,Cruise
1,34,1675450625.0909154,49.65535838613086,-0.0045952215182552,False,True,False,True,100000,False,True,False,4.505744150154497,0.014171594427267332,9.856837807765716,0.10154410980994993,True,Cruise
1,35,1675450625.1908681,49.65535838613086,-0.0045952215182552,False,True,False,True,100000,False,True,False,4.505744150154497,0.014171594427267332,9.856837807765716,0.08950070315747942,True,Cruise
1,36,1675450625.2908921,49.65535838613086,-0.0045952215182552,False,True,False,True,100000,False,True,False,4.505744150154497,0.014171594427267332,9.856837807765716,0.08950070315747942,True,Cruise
1,37,1675450625.3908908,49.65535838613086,-0.0045952215182552,False,True,False,True,100000,False,True,False,4.575213667816892,-0.03940624590702726,9.877117866353712,0.09004376511155891,True,Cruise
1,38,1675450625.4908829,49.62276430847684,-0.0050298092203087995,False,True,False,True,100000,False,True,False,4.575213667816892,-0.03940624590702726,9.877117866353712,0.09004376511155891,True,Cruise
1,39,1675450625.5908723,49.62276430847684,-0.0050298092203087995,False,True,False,True,100000,False,True,False,4.629784554015041,-0.015820738590872362,9.895402153412112,0.044225921519517215,True,Cruise
1,40,1675450625.6908705,49.62276430847684,-0.0050298092203087995,False,True,False,True,100000,False,True,False,4.629784554015041,-0.015820738590872362,9.895402153412112,0.044225921519517215,True,Cruise
1,41,1675450625.7908802,49.62276430847684,-0.0050298092203087995,False,True,False,True,100000,False,True,False,4.66993473617723,-0.006583771726902056,9.911482372619183,0.044225921519517215,True,Cruise
1,42,1675450625.890865,49.62276430847684,-0.0050298092203087995,False,True,False,True,100000,False,True,False,4.696446761294349,-0.0035654842132695763,9.925174737494343,0.02999130526002889,True,Cruise
1,43,1675450625.9908738,49.62276430847684,-0.0050298092203087995,False,True,False,True,100000,False,True,False,4.696446761294349,-0.0035654842132695763,9.925174737494343,0.02999130526002889,True,Cruise
1,44,1675450626.090887,49.66230521983184,-0.004502597068908796,False,True,False,False,100000,False,True,False,4.696446761294349,-0.0035654842132695763,9.925174737494343,0.025930619495069425,True,Cruise
1,45,1675450626.1908553,49.66230521983184,-0.004502597068908796,False,True,False,False,100000,False,True,False,4.712328039648013,-0.009183526178756634,9.944888175290059,0.025930619495069425,True,Cruise
1,46,1675450626.290889,49.66230521983184,-0.004502597068908796,False,True,False,False,100000,False,True,False,4.712328039648013,-0.009183526178756634,9.944888175290059,0.025930619495069425,True,Cruise
1,47,1675450626.3909626,49.66230521983184,-0.004502597068908796,False,True,False,False,100000,False,True,False,4.703734033887151,-0.01051182634149151,9.950779156156663,0.010503569484264003,True,Cruise
1,48,1675450626.4908812,49.178348102811505,-0.010955358629179922,False,True,False,False,100000,False,True,False,4.703734033887151,-0.01051182634149151,9.950779156156663,0.010503569484264003,True,Cruise
1,49,1675450626.5909317,49.178348102811505,-0.010955358629179922,False,True,False,False,100000,False,True,False,4.658842161178492,-0.010297500410162842,9.954665014666787,0.02680224105014134,True,Cruise
1,50,1675450626.6908422,49.178348102811505,-0.010955358629179922,False,True,False,False,100000,False,True,False,4.658842161178492,-0.010297500410162842,9.954665014666787,0.02680224105014134,True,Cruise
1,51,1675450626.7908795,49.178348102811505,-0.010955358629179922,False,True,False,False,100000,False,True,False,4.624741225870704,0.008498808244548219,9.952806371936802,0.02680224105014134,True,Cruise
1,52,1675450626.89086,49.178348102811505,-0.010955358629179922,False,True,False,False,100000,False,True,False,4.624741225870704,0.008498808244548219,9.952806371936802,0.03898242630605288,True,Cruise
1,53,1675450626.9908395,49.178348102811505,-0.010955358629179922,False,True,False,False,100000,False,True,False,4.624741225870704,0.008498808244548219,9.952806371936802,0.03898242630605288,True,Cruise
1,54,1675450627.0908582,49.32380211423243,-0.009015971810234294,False,True,False,False,100000,False,True,False,4.538895621701358,-0.03257394805806156,9.942131991956199,0.046903439201382874,True,Cruise
1,55,1675450627.1908395,49.32380211423243,-0.009015971810234294,False,True,False,False,100000,False,True,False,4.538895621701358,-0.03257394805806156,9.942131991956199,0.050071061620007386,True,Cruise
1,56,1675450627.2908533,49.32380211423243,-0.009015971810234294,False,True,False,False,100000,False,True,False,4.538895621701358,-0.03257394805806156,9.942131991956199,0.050071061620007386,True,Cruise
1,57,1675450627.3908544,49.32380211423243,-0.009015971810234294,False,True,False,False,100000,False,True,False,4.4895482863159994,-0.03250275531108796,9.933649855803537,0.050071061620007386,True,Cruise
1,58,1675450627.4908762,49.32380211423243,-0.009015971810234294,False,True,False,False,100000,False,True,False,4.4895482863159994,-0.03250275531108796,9.933649855803537,0.050071061620007386,True,Cruise
1,59,1675450627.5908384,49.28094402974787,-0.009587412936695093,False,True,False,False,100000,False,True,False,4.4895482863159994,-0.03250275531108796,9.933649855803537,0.1082877532374087,True,Cruise
1,60,1675450627.690865,49.28094402974787,-0.009587412936695093,False,True,False,False,100000,False,True,False,4.4895482863159994,-0.03250275531108796,9.933649855803537,0.1082877532374087,True,Cruise
1,61,1675450627.79086,49.28094402974787,-0.009587412936695093,False,True,False,False,100000,False,True,False,4.3835668790185425,-0.03353373184156104,9.91144364280244,0.057065035133863816,True,Cruise
1,62,1675450627.8908722,49.28094402974787,-0.009587412936695093,False,True,False,False,100000,False,True,False,4.329035832871939,-0.02318415610605024,9.898189604810907,0.056373030787760965,True,Cruise
1,63,1675450627.9908686,49.46859684465687,-0.007085375404575003,False,True,False,False,100000,False,True,False,4.329035832871939,-0.02318415610605024,9.898189604810907,0.056373030787760965,True,Cruise
1,64,1675450628.090849,49.46859684465687,-0.007085375404575003,False,True,False,False,100000,False,True,False,4.274693188828811,-0.018826074850491745,9.883843777321015,0.056373030787760965,True,Cruise
1,65,1675450628.1909163,49.46859684465687,-0.007085375404575003,False,True,False,False,100000,False,True,False,4.274693188828811,-0.018826074850491745,9.883843777321015,0.056373030787760965,True,Cruise
1,66,1675450628.2909443,49.46859684465687,-0.007085375404575003,False,True,False,False,100000,False,True,False,4.274693188828811,-0.018826074850491745,9.883843777321015,0.05555901596153698,True,Cruise
1,67,1675450628.3908587,49.46859684465687,-0.007085375404575003,False,True,False,False,100000,False,True,False,4.274693188828811,-0.018826074850491745,9.883843777321015,0.05555901596153698,True,Cruise
1,68,1675450628.4908607,49.46859684465687,-0.007085375404575003,False,True,False,False,100000,False,True,False,4.274693188828811,-0.018826074850491745,9.883843777321015,0.05392696147691281,True,Cruise
1,69,1675450628.5908551,49.46859684465687,-0.007085375404575003,False,True,False,False,100000,False,True,False,4.274693188828811,-0.018826074850491745,9.883843777321015,0.05392696147691281,True,Cruise
1,70,1675450628.690853,49.68572569147071,-0.004190324113723937,False,True,False,False,100000,False,True,False,4.274693188828811,-0.018826074850491745,9.883843777321015,0.052268020912678584,True,Cruise
1,71,1675450628.7908733,49.68572569147071,-0.004190324113723937,False,True,False,False,100000,False,True,False,4.274693188828811,-0.018826074850491745,9.883843777321015,0.052268020912678584,True,Cruise
1,72,1675450628.8908722,49.68572569147071,-0.004190324113723937,False,True,False,False,100000,False,True,False,4.221375878970546,-0.02253259895248976,9.868667137272132,0.05019118905241178,True,Cruise
1,73,1675450628.9908557,49.68572569147071,-0.004190324113723937,False,True,False,False,100000,False,True,False,4.032622057552218,-0.016943124208497033,9.804755206849928,0.04547719668603307,True,Cruise
1,74,1675450629.09087,49.624763752077136,-0.005003149972304846,False,True,False,False,100000,False,True,False,4.032622057552218,-0.016943124208497033,9.804755206849928,0.04547719668603307,True,Cruise
1,75,1675450629.1908553,49.624763752077136,-0.005003149972304846,False,True,False,False,100000,False,True,False,4.032622057552218,-0.016943124208497033,9.804755206849928,0.07910378387952131,True,Cruise
1,76,1675450629.2908492,49.624763752077136,-0.005003149972304846,False,True,False,False,100000,False,True,False,3.9599541830776723,-0.010151447723027231,9.77424845720454,0.07910378387952131,True,Cruise
1,77,1675450629.3908894,49.624763752077136,-0.005003149972304846,False,True,False,False,100000,False,True,False,3.9599541830776723,-0.010151447723027231,9.77424845720454,0.07910378387952131,True,Cruise
1,78,1675450629.490863,49.624763752077136,-0.005003149972304846,False,True,False,False,100000,False,True,False,3.9599541830776723,-0.010151447723027231,9.77424845720454,0.07910378387952131,True,Cruise
1,79,1675450629.59089,49.624763752077136,-0.005003149972304846,False,True,False,False,100000,False,True,False,3.9599541830776723,-0.010151447723027231,9.77424845720454,0.07910378387952131,True,Cruise
1,80,1675450629.6909125,49.81450103769583,0.0024733194973889944,False,True,False,False,100000,False,True,False,3.867179663925459,-0.008504452736358775,9.724066309911585,0.019725432248470842,True,Cruise
1,81,1675450629.7909255,49.81450103769583,0.0024733194973889944,False,True,False,False,100000,False,True,False,3.867179663925459,-0.008504452736358775,9.724066309911585,0.025693133708796265,True,Cruise
1,82,1675450629.8909094,49.60662352887712,0.005245019614971745,False,True,False,False,100000,False,True,False,3.847347803556571,0.013117324506450681,9.706465322631336,0.04366860338767892,True,Cruise
1,83,1675450629.9908953,49.60662352887712,0.005245019614971745,False,True,False,False,100000,False,True,False,3.843480697893717,0.02166216017526718,9.699813697195122,0.011498384397751422,True,Cruise
1,84,1675450630.0909138,49.29968670762631,-0.009337510564982561,False,True,False,False,100000,False,True,False,3.852299239030261,0.04368383625057212,9.688664318357,0.006450694461682932,True,Cruise
1,85,1675450630.1910377,49.582786618521034,0.005562845086386195,False,True,False,False,100000,False,True,False,3.8718762606311525,0.0029694897086585204,9.688267348374286,0.04235684078060849,True,Cruise
1,86,1675450630.291183,49.582786618521034,0.005562845086386195,False,True,False,False,100000,False,True,False,3.8993400036370534,-0.07466129619710542,9.692825448373084,0.048586059593342765,True,Cruise
1,87,1675450630.390976,49.69982934984184,0.004002275335442088,False,True,False,False,100000,False,True,False,3.9154954973244567,0.015694081522828487,9.696674583181835,0.09186898332936748,True,Cruise
1,88,1675450630.4909604,49.69982934984184,0.004002275335442088,False,True,False,False,100000,False,True,False,3.9324370794709114,0.053603521958500815,9.701457307730132,0.04179733644475144,True,Cruise
1,89,1675450630.5909529,49.826595028897685,0.002312066281364201,False,True,False,False,100000,False,True,False,4.001916713765276,0.03229303080870812,9.72724554691195,0.02023853707512271,True,Cruise
1,90,1675450630.6912203,49.62203210198791,0.005039571973494524,False,True,False,False,100000,False,True,False,4.034280420206686,0.02547691978747945,9.74222330174487,0.018354590124596157,True,Cruise
1,91,1675450630.7911797,49.4625623736029,0.007165835018627975,False,True,False,False,100000,False,True,False,4.04914098765644,0.014382340042808986,9.749777713373364,0.022556234848076104,True,Cruise
1,92,1675450630.8909752,49.4625623736029,0.007165835018627975,False,True,False,False,100000,False,True,False,4.062874709241658,0.030653703500610682,9.757221593622628,0.014494745052903867,True,Cruise
1,93,1675450630.9912512,49.4625623736029,0.007165835018627975,False,True,False,False,100000,False,True,False,4.0753799381232625,0.03189531470201917,9.764444839872889,0.014494745052903867,True,Cruise
1,94,1675450631.0911386,49.4255967040918,0.00765871061210933,False,True,False,False,100000,False,True,False,4.096312040143931,0.05008006528434841,9.777855224449832,0.03080059193013525,True,Cruise
1,95,1675450631.1911602,49.544464110501195,0.006073811859984084,False,True,False,False,100000,False,True,False,4.111633033640741,0.0463552291725968,9.789352388693748,0.00936465116138698,True,Cruise
1,96,1675450631.2909877,49.544464110501195,0.006073811859984084,False,True,False,False,100000,False,True,False,4.121305302605672,0.049253882427231756,9.798487638375825,0.006684919891375379,True,Cruise
1,97,1675450631.3908975,49.544464110501195,0.006073811859984084,False,True,False,False,100000,False,True,False,4.125754545512496,0.04430260966180028,9.804996535190073,0.010380702439323932,True,Cruise
1,98,1675450631.4909074,49.59995764711581,0.0053338980384558966,False,True,False,False,100000,False,True,False,4.126180802136102,0.039849952204985134,9.807241860663352,0.005004931529786823,True,Cruise
1,99,1675450631.5908659,49.623631212285616,0.00501825050285847,False,True,False,False,100000,False,True,False,4.123798808946152,0.04095142360915304,9.809764356482614,0.0036400708742226895,True,Cruise
1,100,1675450631.6908684,49.60203758235242,0.005306165568634308,False,True,False,False,100000,False,True,False,4.117895952792953,0.03396919764857931,9.80982073588269,0.003913599998897771,True,Cruise
1,101,1675450631.7909098,49.60203758235242,0.005306165568634308,False,True,False,False,100000,False,True,False,4.109336206395805,0.02725031267853325,9.807724170873776,0.005309659505144435,True,Cruise
1,102,1675450631.8909073,49.31723385895388,0.00910354854728158,False,True,False,False,100000,False,True,False,4.104327860081279,0.027584516608397464,9.80599291150915,0.005309659505144435,True,Cruise
1,103,1675450631.9908702,49.31723385895388,0.00910354854728158,False,True,False,False,100000,False,True,False,4.093467609691102,0.02590874512847851,9.801436773862344,0.006160481369012803,True,Cruise
1,104,1675450632.090912,49.31723385895388,0.00910354854728158,False,True,False,False,100000,False,True,False,4.076209429777218,0.049051138589154566,9.79279284739754,0.012996330614952822,True,Cruise
1,105,1675450632.1908424,48.08174174200809,0.025576776773225517,False,True,False,False,100000,False,True,False,4.065339309591818,0.00400092069229407,9.78647278682069,0.04782385803359272,True,Cruise
1,106,1675450632.290869,48.25227532778385,0.023302995629548677,False,True,False,False,100000,False,True,False,4.059033106541768,0.11562478584114962,9.78344739831862,0.11184278449353274,True,Cruise
1,107,1675450632.390934,48.712264889307306,0.01716980147590257,False,True,False,False,100000,False,True,False,4.048187501628451,0.17796070432577987,9.777486148076315,0.00575915961492469,True,Cruise
1,108,1675450632.4909942,48.712264889307306,0.01716980147590257,False,True,False,False,100000,False,True,False,4.0440180016852345,0.1908834787003985,9.774635013580617,0.01387486198945209,True,Cruise
1,109,1675450632.5909956,48.712264889307306,0.01716980147590257,False,True,False,False,100000,False,True,False,4.0440180016852345,0.1908834787003985,9.774635013580617,0.01387486198945209,True,Cruise
1,110,1675450632.6909683,47.68549352329801,0.03086008635602659,False,True,False,False,100000,False,True,False,4.036796082909257,0.1005345285237293,9.767051366140548,0.03539950491741114,True,Cruise
1,111,1675450632.7909544,48.48487498999509,0.02020166680006545,False,True,False,False,100000,False,True,False,4.032629271645678,0.20517601837208813,9.765287775976178,0.10473926658163275,True,Cruise
1,112,1675450632.8911302,48.48487498999509,0.02020166680006545,False,True,False,False,100000,False,True,False,4.029125871230386,0.2607517999670067,9.76372287544039,0.0471814588590251,True,Cruise
1,113,1675450632.9911962,48.48487498999509,0.02020166680006545,False,True,False,False,100000,False,True,False,4.026794060722871,0.30785559366139753,9.762349798815002,0.0735036529171261,True,Cruise
1,114,1675450633.0912848,47.37839928811545,0.03495467615846063,False,True,False,False,100000,False,True,False,4.029973772692973,0.18752378210383217,9.759196283187682,0.008456936497274433,True,Cruise
1,115,1675450633.1911492,47.37839928811545,0.03495467615846063,False,True,False,False,100000,False,True,False,4.031561906638961,0.15054034446489087,9.758690984868492,0.037020969131226655,True,Cruise
1,116,1675450633.2912037,49.683797734884024,0.004216030201546374,False,True,False,False,100000,False,True,False,4.0268677841132305,0.3378302911415501,9.76042413265933,0.05128550758146778,True,Cruise
1,117,1675450633.3913105,49.683797734884024,0.004216030201546374,False,True,False,False,100000,False,True,False,4.0268677841132305,0.3378302911415501,9.76042413265933,0.029985446321692012,True,Cruise
1,118,1675450633.491196,49.77295360377455,0.0030272852830059934,False,True,False,False,100000,False,True,False,4.0403168095943185,0.14154805702958767,9.760880044575352,0.09894192255342338,True,Cruise
1,119,1675450633.591283,49.77295360377455,0.0030272852830059934,False,True,False,False,100000,False,True,False,4.052301402399479,0.01945496043352909,9.762350481116535,0.023888625677516106,True,Cruise
1,120,1675450633.691046,48.776046057040766,0.016319385906123123,False,True,False,False,100000,False,True,False,4.057238310697982,-0.0004503454379353642,9.766416711962773,0.020907618197185486,True,Cruise
1,121,1675450633.79116,48.776046057040766,0.016319385906123123,False,True,False,False,100000,False,True,False,4.057238310697982,-0.0004503454379353642,9.766416711962773,0.06001512047284406,True,Cruise
1,122,1675450633.8910596,49.79814391762296,0.002691414431693958,False,True,False,False,100000,False,True,False,4.056761667025464,0.019445281982722263,9.769559231001505,0.07991533430376882,True,Cruise
1,123,1675450633.9909854,49.325741332288985,0.008990115569480185,False,True,False,False,100000,False,True,False,4.056310769445215,0.05513911872209963,9.771058780805173,0.03572816731122493,True,Cruise
1,124,1675450634.0909636,49.325741332288985,0.008990115569480185,False,True,False,False,100000,False,True,False,4.062117310897319,-0.02336347480700235,9.774349365967373,0.10949656611884839,True,Cruise
1,125,1675450634.1910613,49.75150362047747,-0.0033132850603003585,False,True,False,False,100000,False,True,False,4.067206592905897,-0.10443799299574576,9.776005139516489,0.08125096846773998,True,Cruise
1,126,1675450634.2909887,49.75150362047747,-0.0033132850603003585,False,True,False,False,100000,False,True,False,4.0672636108665445,0.024736399996222253,9.777676749379737,0.07194689872690344,True,Cruise
1,127,1675450634.3911903,48.65500672578044,0.01793324365626086,False,True,False,False,100000,False,True,False,4.06884554256846,-0.05702151222590045,9.778136032550568,0.08177450495026463,True,Cruise
1,128,1675450634.49114,49.97641251761068,0.0003144997651909687,False,True,False,False,100000,False,True,False,4.069536757504451,-0.1657142826181286,9.778567549720174,0.1555070177100629,True,Cruise
1,129,1675450634.5911994,49.97641251761068,0.0003144997651909687,False,True,False,False,100000,False,True,False,4.063600178687053,0.11595931762636635,9.779872001999227,0.031687456873636395,True,Cruise
1,130,1675450634.691124,49.72015668348966,0.003731244220137826,False,True,False,False,100000,False,True,False,4.065155554247412,0.04046634994650302,9.779526267547874,0.07550978012520963,True,Cruise
1,131,1675450634.7912014,49.72015668348966,0.003731244220137826,False,True,False,False,100000,False,True,False,4.066652927927053,-0.03633577053582989,9.779184804603094,0.020373582847012538,True,Cruise
1,132,1675450634.8913221,49.77263681226508,-0.003031509169798966,False,True,False,False,100000,False,True,False,4.065979710464147,0.012586236799567002,9.778623398445873,0.03679911741168465,True,Cruise
1,133,1675450634.991314,49.380085580625185,-0.008265525591664246,False,True,False,False,100000,False,True,False,4.06468153953414,0.0011733236501811962,9.77785262712628,0.04820205985952067,True,Cruise
1,134,1675450635.091328,49.380085580625185,-0.008265525591664246,False,True,False,False,100000,False,True,False,4.0639868355763475,-0.02951459343585804,9.77741097414135,0.04820205985952067,True,Cruise
1,135,1675450635.1912355,49.380085580625185,-0.008265525591664246,False,True,False,False,100000,False,True,False,4.0630737978449485,-0.026472649706839324,9.776961479599267,0.0032076634631515535,True,Cruise
1,136,1675450635.2912824,49.380085580625185,-0.008265525591664246,False,True,False,False,100000,False,True,False,4.059062251299962,-0.1293430996331559,9.775057529891917,0.0930981372731645,True,Cruise
1,137,1675450635.3910341,49.380085580625185,-0.008265525591664246,False,True,False,False,100000,False,True,False,4.057046257394652,-0.14975282220252273,9.77415111336909,0.010611001876175972,True,Cruise
1,138,1675450635.49093,49.33769638252521,-0.008830714899663885,False,True,False,False,100000,False,True,False,4.057046257394652,-0.14975282220252273,9.77415111336909,0.010443850069636905,True,Cruise
1,139,1675450635.5910678,49.33769638252521,-0.008830714899663885,False,True,False,False,100000,False,True,False,4.055489380845765,-0.16934654714318295,9.773310658223052,0.009229620766971616,True,Cruise
1,140,1675450635.6910834,49.33769638252521,-0.008830714899663885,False,True,False,False,100000,False,True,False,4.054870085194307,-0.17499989188532986,9.772930699064185,0.005699842352195537,True,Cruise
1,141,1675450635.790966,49.33769638252521,-0.008830714899663885,False,True,False,False,100000,False,True,False,4.053106626268635,-0.1914407174504009,9.77178739283854,0.0008373674616098975,True,Cruise
1,142,1675450635.8909824,49.84972195116156,0.0020037073178458278,False,True,False,False,100000,False,True,False,4.052857787652257,-0.1891898971320128,9.771602780024317,0.0022720463582077423,True,Cruise
1,143,1675450635.9911206,49.84972195116156,0.0020037073178458278,False,True,False,False,100000,False,True,False,4.053643725076442,-0.11858982161932355,9.771258612249575,0.09835408569232283,True,Cruise
1,144,1675450636.0911036,49.84972195116156,0.0020037073178458278,False,True,False,False,100000,False,True,False,4.054244261579382,-0.05840997895114896,9.771154990088894,0.023172780062688123,True,Cruise
1,145,1675450636.1911037,49.84972195116156,0.0020037073178458278,False,True,False,False,100000,False,True,False,4.054516013827784,-0.035238809073317216,9.77112718645842,0.023172780062688123,True,Cruise
1,146,1675450636.2910762,49.70227361516058,-0.0039696851311922365,False,True,False,False,100000,False,True,False,4.054526978190081,0.002901505866915152,9.771345130634014,0.034936676724980825,True,Cruise
1,147,1675450636.39082,49.70227361516058,-0.0039696851311922365,False,True,False,False,100000,False,True,False,4.054530970930576,0.03783792572593003,9.771479041344827,0.034939088046870515,True,Cruise
1,148,1675450636.4908986,49.70227361516058,-0.0039696851311922365,False,True,False,False,100000,False,True,False,4.054461540431425,-0.011827474330529797,9.771833546439035,0.014727972449948548,True,Cruise
1,149,1675450636.5910168,49.64636697194014,0.004715107040798157,False,True,False,False,100000,False,True,False,4.05481827215709,0.0008150994953884747,9.772201406066104,0.008412046219757673,True,Cruise
1,150,1675450636.6910088,49.64636697194014,0.004715107040798157,False,True,False,False,100000,False,True,False,4.055086889645546,0.006232359782358286,9.772389801547845,0.005427186861480374,True,Cruise
1,151,1675450636.7909942,49.64636697194014,0.004715107040798157,False,True,False,False,100000,False,True,False,4.055086889645546,0.006232359782358286,9.772389801547845,0.005427186861480374,True,Cruise
1,152,1675450636.8909714,49.64636697194014,0.004715107040798157,False,True,False,False,100000,False,True,False,4.056823092410568,0.10706394717588091,9.773091801221062,0.002772799226720125,True,Cruise
1,153,1675450636.991041,49.37525532557008,-0.008329928992398924,False,True,False,False,100000,False,True,False,4.057052433955399,0.10169748266236235,9.773468003367851,0.0026120175514413933,True,Cruise
1,154,1675450637.0909517,49.37525532557008,-0.008329928992398924,False,True,False,False,100000,False,True,False,4.0571713469587625,0.14320216489890492,9.77379474967174,0.11669170706001578,True,Cruise
1,155,1675450637.1910486,49.37525532557008,-0.008329928992398924,False,True,False,False,100000,False,True,False,4.057445151365451,-0.06405376075189598,9.774171933386647,0.09056495035804245,True,Cruise
1,156,1675450637.2911317,49.37525532557008,-0.008329928992398924,False,True,False,False,100000,False,True,False,4.057445151365451,-0.06405376075189598,9.774171933386647,0.09056495035804245,True,Cruise
1,157,1675450637.39134,49.76584197556965,-0.0031221069924046475,False,True,False,False,100000,False,True,False,4.057216240428323,-0.07875088176901246,9.774345105474087,0.008207233414079206,True,Cruise
1,158,1675450637.491287,49.76584197556965,-0.0031221069924046475,False,True,False,False,100000,False,True,False,4.057014539249049,-0.11173326516415578,9.774432236799129,0.01878574472472773,True,Cruise
1,159,1675450637.59104,49.76584197556965,-0.0031221069924046475,False,True,False,False,100000,False,True,False,4.057348513090316,-0.11742946236168533,9.774400360825576,0.012714069044350492,True,Cruise
1,160,1675450637.691022,49.390848516387614,-0.008122019781498445,False,True,False,False,100000,False,True,False,4.057631194039062,-0.10471859641373359,9.774361245624842,0.012714069044350492,True,Cruise
1,161,1675450637.7909975,49.390848516387614,-0.008122019781498445,False,True,False,False,100000,False,True,False,4.0576956359713225,-0.10912729693753649,9.774246615809409,0.008877232780365821,True,Cruise
1,162,1675450637.8909795,49.390848516387614,-0.008122019781498445,False,True,False,False,100000,False,True,False,4.056736698236685,-0.1851877117403806,9.774207892121169,0.02686114255490329,True,Cruise
1,163,1675450637.9909906,49.390848516387614,-0.008122019781498445,False,True,False,False,100000,False,True,False,4.056423369121568,-0.18971109104520126,9.774155867209528,0.004534516739531511,True,Cruise
1,164,1675450638.091035,49.799942225906406,-0.0026674369879146013,False,True,False,False,100000,False,True,False,4.056015423989186,-0.1814402414505037,9.773922481726842,0.001550928302630042,True,Cruise
1,165,1675450638.190989,49.799942225906406,-0.0026674369879146013,False,True,False,False,100000,False,True,False,4.056015423989186,-0.1814402414505037,9.773922481726842,0.001550928302630042,True,Cruise
1,166,1675450638.2910733,49.799942225906406,-0.0026674369879146013,False,True,False,False,100000,False,True,False,4.056015423989186,-0.1814402414505037,9.773922481726842,0.001550928302630042,True,Cruise
1,167,1675450638.391008,49.799942225906406,-0.0026674369879146013,False,True,False,False,100000,False,True,False,4.0572195619826426,-0.10068934870359718,9.77348562546799,0.004380354390021198,True,Cruise
1,168,1675450638.4909866,49.671788566436014,-0.004376152447519793,False,True,False,False,100000,False,True,False,4.0571203866513015,-0.09106564920542777,9.77337922466412,0.01065826693701552,True,Cruise
1,169,1675450638.590953,49.671788566436014,-0.004376152447519793,False,True,False,False,100000,False,True,False,4.0571203866513015,-0.09106564920542777,9.77337922466412,0.0027825962009857983,True,Cruise
1,170,1675450638.691002,49.671788566436014,-0.004376152447519793,False,True,False,False,100000,False,True,False,4.0565362279424395,-0.08072461607830217,9.773306265068758,0.0030993139021396193,True,Cruise
1,171,1675450638.7910082,49.75179145796589,-0.00330944722712142,False,True,False,False,100000,False,True,False,4.056293013385119,-0.06502226937723028,9.773251268283849,0.00599397766663013,True,Cruise
1,172,1675450638.8909729,49.75179145796589,-0.00330944722712142,False,True,False,False,100000,False,True,False,4.0563045484638875,-0.06410295399782912,9.773237114240946,0.0009194966893775157,True,Cruise
1,173,1675450638.9909427,49.75179145796589,-0.00330944722712142,False,True,False,False,100000,False,True,False,4.056529095459092,-0.04436901633451303,9.773209337196619,0.006985371776451937,True,Cruise
1,174,1675450639.0909555,49.75179145796589,-0.00330944722712142,False,True,False,False,100000,False,True,False,4.056612435007709,-0.04432583131723454,9.773220731234273,0.0011444766177176767,True,Cruise
1,175,1675450639.1909196,49.44062385185026,-0.007458348641996482,False,True,False,False,100000,False,True,False,4.056621309717758,-0.046012836628621614,9.773236490756496,0.0016871022623621019,True,Cruise
1,176,1675450639.2909157,49.44062385185026,-0.007458348641996482,False,True,False,False,100000,False,True,False,4.055905291049047,-0.1098953058433116,9.773368263141572,0.029273103502015577,True,Cruise
1,177,1675450639.3909118,49.44062385185026,-0.007458348641996482,False,True,False,False,100000,False,True,False,4.055732221076836,-0.12145531342805622,9.773400919259743,0.011561349185829845,True,Cruise
1,178,1675450639.4909832,49.34042796119299,-0.008794293850760188,False,True,False,False,100000,False,True,False,4.055665111392753,-0.12762550299204195,9.773422985476444,0.006170593965181597,True,Cruise
1,179,1675450639.5909836,49.34042796119299,-0.008794293850760188,False,True,False,False,100000,False,True,False,4.055697124523747,-0.14344814547314916,9.773451135984674,0.00899734079646339,True,Cruise
1,180,1675450639.6909375,49.34042796119299,-0.008794293850760188,False,True,False,False,100000,False,True,False,4.0557723541136745,-0.16122816944366372,9.773474491558655,0.007204509299063709,True,Cruise
1,181,1675450639.7908764,49.34042796119299,-0.008794293850760188,False,True,False,False,100000,False,True,False,4.0557723541136745,-0.16122816944366372,9.773474491558655,0.054980330810435026,True,Cruise
1,182,1675450639.8909814,49.86036117767815,-0.0018618509642913035,False,True,False,False,100000,False,True,False,4.055401001189703,-0.21620720825855883,9.773539020784488,0.008302684371850567,True,Cruise
1,183,1675450639.9909117,49.86036117767815,-0.0018618509642913035,False,True,False,False,100000,False,True,False,4.055415926681378,-0.25155579086639873,9.773545593578339,0.027045961991068446,True,Cruise
1,184,1675450640.090976,49.86036117767815,-0.0018618509642913035,False,True,False,False,100000,False,True,False,4.057433987126891,-0.14100577196824457,9.773389971694153,0.011858154662957232,True,Cruise
1,185,1675450640.190935,49.33463985414678,-0.008871468611376294,False,True,False,False,100000,False,True,False,4.057884407688444,-0.12598316387881675,9.773407096106762,0.0031713494888739708,True,Cruise
1,186,1675450640.290895,49.33463985414678,-0.008871468611376294,False,True,False,False,100000,False,True,False,4.057884407688444,-0.12598316387881675,9.773407096106762,0.02842554045616826,True,Cruise
1,187,1675450640.3910315,49.33463985414678,-0.008871468611376294,False,True,False,False,100000,False,True,False,4.056652083364865,-0.15438131412943276,9.77360149088604,0.02842554045616826,True,Cruise
1,188,1675450640.4908965,49.89050823054519,-0.0014598902593974809,False,True,False,False,100000,False,True,False,4.055513396671944,-0.19186844218562493,9.77370828163282,0.006144650986867663,True,Cruise
1,189,1675450640.5909312,49.89050823054519,-0.0014598902593974809,False,True,False,False,100000,False,True,False,4.055446410779501,-0.20572709179644177,9.77367078871213,0.023461146567212588,True,Cruise
1,190,1675450640.6909397,49.89050823054519,-0.0014598902593974809,False,True,False,False,100000,False,True,False,4.0567876832417795,-0.1299192548690979,9.773526936846379,0.07581983806880696,True,Cruise
1,191,1675450640.7910025,49.89050823054519,-0.0014598902593974809,False,True,False,False,100000,False,True,False,4.0567876832417795,-0.1299192548690979,9.773526936846379,0.07581983806880696,True,Cruise
1,192,1675450640.8909173,49.531049004159996,0.006252679944533388,False,True,False,False,100000,False,True,False,4.058161797768996,-0.0792588673715437,9.773431757636349,0.00034985040545747366,True,Cruise
1,193,1675450640.9909503,49.531049004159996,0.006252679944533388,False,True,False,False,100000,False,True,False,4.057907083060248,-0.09705844664857281,9.7734813053408,0.01746851555104228,True,Cruise
1,194,1675450641.0910907,49.531049004159996,0.006252679944533388,False,True,False,False,100000,False,True,False,4.0584234122303515,0.09738634296197216,9.773470861094307,0.030861091226413038,True,Cruise
1,195,1675450641.191012,49.410223203606506,-0.007863690618579874,False,True,False,False,100000,False,True,False,4.0581069851427625,0.11611712859783557,9.773510733589172,0.018733500646015793,True,Cruise
1,196,1675450641.2908921,49.410223203606506,-0.007863690618579874,False,True,False,False,100000,False,True,False,4.0581069851427625,0.11611712859783557,9.773510733589172,0.018733500646015793,True,Cruise
1,197,1675450641.3908768,49.410223203606506,-0.007863690618579874,False,True,False,False,100000,False,True,False,4.057281402757748,0.058060910946900926,9.773627416589742,0.058062204652680596,True,Cruise
1,198,1675450641.491076,49.410223203606506,-0.007863690618579874,False,True,False,False,100000,False,True,False,4.056708667956014,-0.04239756691494127,9.773703665562039,0.016994619832185406,True,Cruise
1,199,1675450641.591119,49.697030805983815,-0.004039589253549123,False,True,False,False,100000,False,True,False,4.056055348992282,-0.06505742122556218,9.773714654026062,0.005619023810646804,True,Cruise
1,200,1675450641.6909072,49.697030805983815,-0.004039589253549123,False,True,False,False,100000,False,True,False,4.055922958768827,-0.10317345505570144,9.77369723507968,0.038116267728245376,True,Cruise
1,201,1675450641.7909026,49.697030805983815,-0.004039589253549123,False,True,False,False,100000,False,True,False,4.055922958768827,-0.10317345505570144,9.77369723507968,0.038116267728245376,True,Cruise
1,202,1675450641.8909426,49.697030805983815,-0.004039589253549123,False,True,False,False,100000,False,True,False,4.056608301539902,-0.11536052764507869,9.77356680519003,0.012207024410917245,True,Cruise
1,203,1675450641.9911299,49.93908925983108,-0.0008121432022523129,False,True,False,False,100000,False,True,False,4.056600795302792,-0.16026322193791154,9.77353514416396,0.02440617452400341,True,Cruise
1,204,1675450642.091041,49.93908925983108,-0.0008121432022523129,False,True,False,False,100000,False,True,False,4.056484287250818,-0.18477108260259423,9.773516755870443,0.009712051719376186,True,Cruise
1,205,1675450642.1910152,49.93908925983108,-0.0008121432022523129,False,True,False,False,100000,False,True,False,4.05674589138512,-0.16438158219814192,9.773469970628291,0.03550369785114733,True,Cruise
1,206,1675450642.2910588,49.93908925983108,-0.0008121432022523129,False,True,False,False,100000,False,True,False,4.05674589138512,-0.16438158219814192,9.773469970628291,0.03550369785114733,True,Cruise
1,207,1675450642.3910806,48.73003736856416,0.016932835085811185,False,True,False,False,100000,False,True,False,4.056992540367826,-0.12370503633198401,9.773441667452945,5.165766269321128,True,Cruise
1,208,1675450642.4909272,48.73003736856416,0.016932835085811185,False,True,False,False,100000,False,True,False,3.3002210012592132,-1.9319372148343115,9.474928122588516,6.649217478141411,True,Cruise
1,209,1675450642.5909228,48.73003736856416,0.016932835085811185,False,True,False,False,100000,False,True,False,4.5228731458355345,-3.2773095138488757,8.744145167335047,6.649217478141411,True,Cruise
1,210,1675450642.6910467,48.73003736856416,0.016932835085811185,False,True,False,False,100000,False,True,False,4.731324263139001,0.17685558997130643,9.675440557179247,0.14034711778953285,True,Cruise
1,211,1675450642.7910023,48.73003736856416,0.016932835085811185,False,True,False,False,100000,False,True,False,4.731324263139001,0.17685558997130643,9.675440557179247,0.14034711778953285,True,Cruise
1,212,1675450642.8909826,49.93084875554581,0.0009220165927225448,False,True,False,False,100000,False,True,False,4.166951130352576,0.18436318458622067,9.741977855744851,0.0865928086890192,True,Cruise
1,213,1675450642.9909258,49.93084875554581,0.0009220165927225448,False,True,False,False,100000,False,True,False,4.088858672259443,0.3500843003648101,9.752797253784001,0.1526238867541015,True,Cruise
1,214,1675450643.0909612,49.93084875554581,0.0009220165927225448,False,True,False,False,100000,False,True,False,4.102460203070081,0.20649227717804566,9.764776508218516,0.027287733189508966,True,Cruise
1,215,1675450643.1909366,49.93084875554581,0.0009220165927225448,False,True,False,False,100000,False,True,False,4.112554683121466,0.24708439710918606,9.767889541317503,0.04194412596642449,True,Cruise
1,216,1675450643.2909772,49.799320085840456,0.0026757321887938973,False,True,False,False,100000,False,True,False,4.112554683121466,0.24708439710918606,9.767889541317503,0.04194412596642449,True,Cruise
1,217,1675450643.3910275,49.799320085840456,0.0026757321887938973,False,True,False,False,100000,False,True,False,4.132710951497368,0.28497852137665103,9.780499363674277,0.0447353040529386,True,Cruise
1,218,1675450643.4911628,49.799320085840456,0.0026757321887938973,False,True,False,False,100000,False,True,False,4.123286912481294,0.2586155806282684,9.783547394490583,0.03527534769383778,True,Cruise
1,219,1675450643.5910077,49.799320085840456,0.0026757321887938973,False,True,False,False,100000,False,True,False,4.092558268747839,0.17841850008728335,9.790822030302177,0.024618607166009557,True,Cruise
1,220,1675450643.690883,49.799320085840456,0.0026757321887938973,False,True,False,False,100000,False,True,False,4.087189266793914,0.15346303820386045,9.791401048621015,0.02553304764437206,True,Cruise
1,221,1675450643.7908828,49.669361345234385,-0.004408515396874845,False,True,False,False,100000,False,True,False,4.087189266793914,0.15346303820386045,9.791401048621015,0.04197906749081801,True,Cruise
1,222,1675450643.8908527,49.966992103919985,0.0004401052810668428,False,True,False,False,100000,False,True,False,4.069622023191754,0.10035127288309928,9.791213306653246,0.01488415900223419,True,Cruise
1,223,1675450643.990935,49.88250025783828,0.0015666632288229604,False,True,False,False,100000,False,True,False,4.08456354405301,0.4385737538475378,9.833658330209124,0.17039666989517932,True,Cruise
1,224,1675450644.090902,49.55622533914861,-0.005916995478018526,False,True,False,False,100000,False,True,False,4.134280039271938,0.2759398224761782,9.82300471198765,0.17039666989517932,True,Cruise
1,225,1675450644.1908963,49.185913243678044,-0.010854490084292732,False,True,False,False,100000,False,True,False,4.101025993578894,0.29655450643791076,9.820018294419697,0.0959561129377742,True,Cruise
1,226,1675450644.2909179,48.52002050452898,-0.01973305993961364,False,True,False,False,100000,False,True,False,4.016605242922982,-0.33556914588291625,9.785490453445629,0.36874494715001965,True,Cruise
1,227,1675450644.3908691,48.606655805400614,-0.018577922594658503,False,True,False,False,100000,False,True,False,4.025655283501388,-0.48517294909287584,9.788215205427523,0.15825761529298568,True,Cruise
1,228,1675450644.4908738,48.660178965364246,-0.01786428046181008,False,True,False,False,100000,False,True,False,4.025655283501388,-0.48517294909287584,9.788215205427523,0.037860748908208376,True,Cruise
1,229,1675450644.5909579,48.798080738395036,-0.016025590154732792,False,True,False,False,100000,False,True,False,4.017265264028599,-0.5271989495323121,9.762198535870045,0.07146524508985609,True,Cruise
1,230,1675450644.6910439,48.838971415974264,-0.01548038112034315,False,True,False,False,100000,False,True,False,4.026240376550303,-0.7114565318470428,9.75522345845386,0.00606628687698155,True,Cruise
1,231,1675450644.790941,48.838971415974264,-0.01548038112034315,False,True,False,False,100000,False,True,False,4.028263260335131,-0.7411050113829767,9.753046541299536,0.11633242434917436,True,Cruise
1,232,1675450644.891263,49.18473185208139,-0.01087024197224809,False,True,False,False,100000,False,True,False,4.020432567972595,-0.959482313834626,9.751145886594312,0.05045486845715034,True,Cruise
1,233,1675450644.991322,49.979148706351666,0.00027801724864440767,False,True,False,False,100000,False,True,False,4.020432567972595,-0.959482313834626,9.751145886594312,0.03837432772221912,True,Cruise
1,234,1675450645.0909452,49.979148706351666,0.00027801724864440767,False,True,False,False,100000,False,True,False,4.023635630044632,-0.7621400553975407,9.75297275530621,0.16107625842549506,True,Cruise
1,235,1675450645.1908963,49.836598262672545,0.0021786898310327796,False,True,False,False,100000,False,True,False,4.027312888943026,-0.6067544255256373,9.754905907182753,0.04568930796248808,True,Cruise
1,236,1675450645.2908914,49.836598262672545,0.0021786898310327796,False,True,False,True,100000,False,True,False,4.027312888943026,-0.6067544255256373,9.754905907182753,0.04568930796248808,True,Cruise
1,237,1675450645.39093,49.75865948511341,0.003217873531821195,False,True,False,True,100000,False,True,False,4.027312888943026,-0.6067544255256373,9.754905907182753,0.04568930796248808,True,Cruise
1,238,1675450645.4912605,49.75865948511341,0.003217873531821195,False,True,False,True,100000,False,True,False,4.030739266823404,-0.32961053053831685,9.758867665032147,0.07196854220736237,True,Cruise
1,239,1675450645.5912666,49.621043938890935,0.0050527474814541845,False,True,False,True,100000,False,True,False,4.030739266823404,-0.32961053053831685,9.758867665032147,0.07196854220736237,True,Cruise
1,240,1675450645.6911106,49.621043938890935,0.0050527474814541845,False,True,False,True,100000,False,True,False,4.0335517260472775,-0.1567030864883494,9.760421232219194,0.1012572153983588,True,Cruise
1,241,1675450645.7911026,49.63924239988983,0.004810101334802228,False,True,False,True,100000,False,True,False,4.035371491159873,-0.055464331692290605,9.761074418645947,0.1012572153983588,True,Cruise
1,242,1675450645.8908966,49.63924239988983,0.004810101334802228,False,True,False,True,100000,False,True,False,4.039004798226064,0.09679154448542947,9.762304399720035,0.06727434179311936,True,Cruise
1,243,1675450645.9909399,49.61304396523579,0.00515941379685611,False,True,False,True,100000,False,True,False,4.039004798226064,0.09679154448542947,9.762304399720035,0.4307329851683597,True,Cruise
1,244,1675450646.0909197,49.62888783702685,0.004948162172975277,False,True,False,True,100000,False,True,False,4.030843439612465,0.5575048299970131,9.747896669447156,0.014378476178118308,True,Cruise
1,245,1675450646.1909955,49.62888783702685,0.004948162172975277,False,True,False,True,100000,False,True,False,4.037196578548082,0.5660199714201904,9.754415429228922,0.010489112758813254,True,Cruise
1,246,1675450646.2909489,49.63624769728047,0.004850030702927126,False,True,False,True,100000,False,True,False,4.049497004103639,0.5458197092694143,9.766699887095802,0.016920547738585326,True,Cruise
1,247,1675450646.3909037,49.63624769728047,0.004850030702927126,False,True,False,True,100000,False,True,False,4.055140338144165,0.5254910444087522,9.772325867394319,0.021834685443792662,True,Cruise
1,248,1675450646.4909112,49.63740010686348,0.00483466524182026,False,True,False,True,100000,False,True,False,4.055140338144165,0.5254910444087522,9.772325867394319,0.021834685443792662,True,Cruise
1,249,1675450646.5908933,49.63740010686348,0.00483466524182026,False,True,False,True,100000,False,True,False,4.069280548690745,0.4424345056729884,9.786477119035046,0.032078897694028136,True,Cruise
1,250,1675450646.6908655,49.16415154809316,0.011144646025424497,False,True,False,True,100000,False,True,False,4.07617317323751,0.3799260608807004,9.793293689698595,0.032078897694028136,True,Cruise
1,251,1675450646.7908804,49.16415154809316,0.011144646025424497,False,True,False,True,100000,False,True,False,4.078832338271838,0.3502834974302367,9.795869306046255,0.02815481244688306,True,Cruise
1,252,1675450646.8909047,49.716720946181454,0.003777054050913989,False,True,False,True,100000,False,True,False,4.082788533596955,0.3662448182611062,9.800415828633938,0.08792547387421477,True,Cruise
1,253,1675450646.9909008,49.716720946181454,0.003777054050913989,False,True,False,True,100000,False,True,False,4.082788533596955,0.3662448182611062,9.800415828633938,0.08792547387421477,True,Cruise
1,254,1675450647.0909102,49.71733971651106,0.0037688037798524346,False,True,False,True,100000,False,True,False,4.084577188180231,0.20694170349906194,9.800312750518637,0.17067979852491152,True,Cruise
1,255,1675450647.1908934,49.51684555855248,0.006442059219300173,False,True,False,True,100000,False,True,False,2.2455685942828167,0.18094760474240548,9.959427705863108,0.8895464456026069,True,Cruise
1,256,1675450647.2908652,49.51684555855248,0.006442059219300173,False,True,False,True,100000,False,True,False,0.5764411620033505,0.14411016143844707,10.099737977125407,0.7860288763994867,True,Cruise
1,257,1675450647.3909004,49.81947446016364,0.002407007197818152,False,True,False,True,100000,False,True,False,-0.20493018033258012,0.2221445029976975,10.134535411619916,0.7860288763994867,True,Cruise
1,258,1675450647.4909606,49.81947446016364,0.002407007197818152,False,True,False,True,100000,False,True,False,-0.22793101663054682,0.2088030482409223,10.097686057378185,1.2966257242535646,True,Cruise
1,259,1675450647.5912333,49.81163038108091,0.0025115949189211764,False,True,False,True,100000,False,True,False,1.8005482684328287,0.11369391894525016,9.790616723725906,0.8681382551118098,True,Cruise
1,260,1675450647.6910164,49.942374674937184,0.0007683376675042004,False,True,False,True,100000,False,True,False,1.2842553355650326,0.17968090787111562,9.81429614534344,0.5210310837607233,True,Cruise
1,261,1675450647.7909276,49.942374674937184,0.0007683376675042004,False,True,False,True,100000,False,True,False,0.32880758133690446,0.22026132069282375,9.846765816851928,0.42791629397806447,True,Cruise
1,262,1675450647.8908563,49.97339450526432,0.00035473992980912116,False,True,False,True,100000,False,True,False,0.6694778998768969,0.219237247756346,9.769277693950398,0.26143894249931254,True,Cruise
1,263,1675450647.9912972,49.97339450526432,0.00035473992980912116,False,False,False,True,100000,False,True,False,0.29206283841217046,0.18596859727378082,9.758757476463986,0.37902454630447846,True,Cruise
1,264,1675450648.0910344,49.9599805761622,0.0005335923178372649,False,False,False,True,100000,False,True,False,0.08322621145555217,0.16758217539415898,9.760408074905484,0.17146045921692266,True,Cruise
1,265,1675450648.1909227,49.94495506744279,-0.0007339324340960855,False,False,False,True,100000,False,True,False,-0.08691510489048189,0.1465477434140442,9.757549015936053,0.17146045921692266,True,Cruise
1,266,1675450648.2908657,49.97279551259645,-0.00036272649871402533,False,False,False,True,100000,False,True,False,-0.46775988403993946,0.06488344792912906,9.745710026570906,0.121345036428104,True,Cruise
1,267,1675450648.3908563,49.97279551259645,-0.00036272649871402533,False,False,False,True,100000,False,True,False,-0.21376219530167634,0.02733125564750524,9.698596241766465,0.23763455704852718,True,Cruise
1,268,1675450648.4909637,49.93437749547063,-0.0008749667270582727,False,False,False,True,100000,False,True,False,-0.21376219530167634,0.02733125564750524,9.698596241766465,0.23763455704852718,True,Cruise
1,269,1675450648.5910656,49.93437749547063,-0.0008749667270582727,False,False,False,True,100000,False,True,False,-0.21768639003505422,-0.018458399039134495,9.689569956206102,0.2818815729739262,True,Cruise
1,270,1675450648.6909585,49.88672051583677,0.0015103931221763956,False,False,False,True,100000,False,True,False,-0.4799923272328701,-0.0560446565585807,9.713199025414179,0.02200429483530395,True,Cruise
1,271,1675450648.7908897,49.82153424884401,-0.002379543348746515,False,False,False,True,100000,False,True,False,-0.5642574974478993,-0.047141053201790725,9.730118604451906,0.09662492486089393,True,Cruise
1,272,1675450648.890879,49.82153424884401,-0.002379543348746515,False,False,False,True,100000,False,True,False,-0.8802031811086719,-0.11137599788931737,9.766860031952705,0.32449612576682485,True,Cruise
1,273,1675450648.991094,49.82153424884401,-0.002379543348746515,False,False,False,True,100000,False,True,False,-0.8802031811086719,-0.11137599788931737,9.766860031952705,0.32449612576682485,True,Cruise
1,274,1675450649.090947,48.892064694396176,-0.014772470741384342,False,False,False,True,100000,False,True,False,-0.35641823036886067,-0.08765099645719367,9.733232081285106,0.5253992666349689,True,Cruise
1,275,1675450649.1908922,49.83941404875734,-0.0021411460165687746,False,False,False,True,100000,False,True,False,-2.67562574126378,-0.2356342735773028,9.951039763458702,0.6570649105975876,True,Cruise
1,276,1675450649.290902,49.92001940362146,-0.0010664079517138448,False,False,False,True,100000,False,True,False,-1.1205753780200243,-0.4067894475114717,9.788972255465064,1.5776968146344081,True,Cruise
1,277,1675450649.390891,49.92001940362146,-0.0010664079517138448,False,False,False,True,100000,False,True,False,1.6530630225467955,-0.19032362632426406,9.562473414359719,1.213639463505524,True,Cruise
1,278,1675450649.4908934,49.92001940362146,-0.0010664079517138448,False,False,False,True,100000,False,True,False,1.6530630225467955,-0.19032362632426406,9.562473414359719,1.213639463505524,True,Cruise
1,279,1675450649.5909998,49.02869353536699,-0.012950752861773449,False,False,False,True,100000,False,True,False,0.6101697367595147,-0.2341347584574315,9.758318525590424,0.46974386831543713,True,Cruise
1,280,1675450649.6910927,49.93534864908288,-0.0008620180122282354,False,False,False,True,100000,False,True,False,-0.6698241089771365,-0.19877533588045493,9.897837192456635,1.2880605545908173,True,Cruise
1,281,1675450649.7909586,49.17711993925703,-0.010971734143239598,False,False,False,True,100000,False,True,False,-1.718018020285914,-0.360873361989461,9.997706295224257,1.2809969761736257,True,Cruise
1,282,1675450649.891183,49.17711993925703,-0.010971734143239598,False,False,False,True,100000,False,True,False,0.1171511824048409,-0.23070014430798816,9.85773856334643,0.8510918187043635,True,Cruise
1,283,1675450649.990908,49.21760184168485,-0.010431975444201921,False,False,False,True,100000,False,True,False,0.1171511824048409,-0.23070014430798816,9.85773856334643,0.8510918187043635,True,Cruise
1,284,1675450650.0909073,49.21760184168485,-0.010431975444201921,False,False,False,True,100000,False,True,False,-2.4303880768387227,-0.4136610942105968,10.074727868953333,2.563301649303935,True,Cruise
1,285,1675450650.1909068,49.266117122613444,-0.009785105031820708,False,False,False,True,100000,False,True,False,-1.0503671342055663,-0.4201670071241478,9.888264868462404,0.14156948701105976,True,Cruise
1,286,1675450650.2909527,49.445392862710484,-0.0073947618305268805,False,False,False,True,100000,False,True,False,-0.2568410303183683,-0.3812454352627167,9.80022847146009,0.2749771119203891,True,Cruise
1,287,1675450650.3908718,49.445392862710484,-0.0073947618305268805,False,False,False,True,100000,False,True,False,0.8322519850429635,-0.4298864878955994,9.689458304718514,1.0957917584787857,True,Cruise
1,288,1675450650.4908583,49.53890196397279,-0.006147973813696076,False,False,False,True,100000,False,True,False,0.38410505797327693,-0.5063493089500393,9.74668038631887,0.45821021144043056,True,Cruise
1,289,1675450650.5908844,49.53890196397279,-0.006147973813696076,False,False,False,True,100000,False,True,False,0.38410505797327693,-0.5063493089500393,9.74668038631887,0.3842394096014029,True,Cruise
1,290,1675450650.6908717,49.682773112343455,-0.0042296918354206275,False,False,False,True,100000,False,True,False,0.32935310675836915,-0.5448158781913754,9.76582087969913,0.7475534620342073,True,Cruise
1,291,1675450650.7909846,49.85712258646688,-0.001905032180441605,False,False,False,True,100000,False,True,False,1.0736853368972834,-0.5342309943936261,9.697310515441249,0.07653491277693797,True,Cruise
1,292,1675450650.891006,49.85712258646688,-0.001905032180441605,False,False,False,True,100000,False,True,False,0.7676156840435314,-0.4885674799624749,9.753587838912999,0.2465683738215701,True,Cruise
1,293,1675450650.9910514,49.617511061173055,-0.005099852517692592,False,False,False,True,100000,False,True,False,1.5245405235587048,-0.3915718862097378,9.710388607432558,0.7643360069256308,True,Cruise
1,294,1675450651.0911534,49.89981974150909,-0.0013357367798788255,False,False,False,True,100000,False,True,False,-0.103124444277473,-0.3616730762059781,9.892573544536665,1.303892421489827,True,Cruise
1,295,1675450651.1909828,49.89981974150909,-0.0013357367798788255,False,False,False,True,100000,False,True,False,0.22186040673722032,-0.3421768661829332,9.846824739601024,1.1454841833701932,True,Cruise
1,296,1675450651.290891,49.99718217846027,3.75709538630592e-05,False,False,False,True,100000,False,True,False,1.443919212969689,-0.18440871776582457,9.760891063845747,0.46739785708041326,True,Cruise
1,297,1675450651.3909101,49.99718217846027,3.75709538630592e-05,False,False,False,True,100000,False,True,False,1.908123981647821,-0.1427848694054012,9.725646989343602,0.46739785708041326,True,Cruise
1,298,1675450651.4909334,49.9771318311197,-0.00030490891840401733,False,False,False,True,100000,False,True,False,1.908123981647821,-0.1427848694054012,9.725646989343602,1.0743054740144273,True,Cruise
1,299,1675450651.5910532,49.9771318311197,-0.00030490891840401733,False,False,False,True,100000,False,True,False,0.6077547013913974,-0.07011202746453017,9.881659385133723,0.2379122928868559,True,Cruise
1,300,1675450651.6909873,49.71597601063705,-0.00378698652483927,False,False,False,True,100000,False,True,False,0.251196057661082,-0.017129096503256405,9.915050816892535,0.21713548433238014,True,Cruise
1,301,1675450651.7908726,49.074581949410465,0.012338907341193825,False,False,False,True,100000,False,True,False,-0.7621403803705527,0.01909596058702139,10.007486747608915,0.6569313552484093,True,Cruise
1,302,1675450651.8908885,49.074581949410465,0.012338907341193825,False,False,False,True,100000,False,True,False,-1.1878234418596663,-0.0501000513237328,10.004523071487101,0.22983883601001434,True,Cruise
1,303,1675450651.9908574,49.984667590111655,0.0002044321318445157,False,False,False,True,100000,False,True,False,-2.100990942142864,0.18289934265126637,10.030999223646525,0.9427961538950771,True,Cruise
1,304,1675450652.0910642,49.984667590111655,0.0002044321318445157,False,False,False,True,100000,False,True,False,-2.100990942142864,0.18289934265126637,10.030999223646525,0.5756462618090562,True,Cruise
1,305,1675450652.1911514,49.6262254200836,0.004983661065551949,False,True,False,True,100000,False,True,False,0.401163792078238,0.21523262704478668,9.71004323297805,1.559011861802067,True,Cruise
1,306,1675450652.2911549,49.6262254200836,0.004983661065551949,False,True,False,True,100000,False,True,False,0.9072134540877058,0.17884425851360933,9.660768893728141,0.22059369956665598,True,Cruise
1,307,1675450652.3909764,49.6262254200836,0.004983661065551949,False,False,False,True,100000,False,True,False,0.35053173122878556,0.08573065391790867,9.701691747567372,0.3514924001676428,True,Cruise
1,308,1675450652.4909346,49.93942552227287,-0.0008076597030283291,False,False,False,True,100000,False,True,False,0.35053173122878556,0.08573065391790867,9.701691747567372,0.3514924001676428,True,Cruise
1,309,1675450652.590889,49.94543221729483,0.0007275704360689768,False,False,False,True,100000,False,True,False,0.6185122448079667,0.18633821060475061,9.65193608811612,0.7540638735599573,True,Cruise
1,310,1675450652.6909935,49.94543221729483,0.0007275704360689768,False,False,False,True,100000,False,True,False,1.1290799535631955,0.1060609230481826,9.64845592107389,0.4025270149248443,True,Cruise
1,311,1675450652.7908766,49.320401018938576,0.009061319747485697,False,False,False,True,100000,False,True,False,0.7280918646407115,0.1524799031760611,9.697852507249474,0.4025270149248443,True,Cruise
1,312,1675450652.8908887,49.320401018938576,0.009061319747485697,False,False,False,True,100000,False,True,False,-0.5516796265322309,0.14460290252523555,9.831794175401324,1.2867857192343917,True,Cruise
1,313,1675450652.9908981,49.859934955130555,0.0018675339315926583,False,False,False,True,100000,False,True,False,-0.5516796265322309,0.14460290252523555,9.831794175401324,2.2955692807506685,True,Cruise
1,314,1675450653.0909243,49.48734338122553,0.006835421583659636,False,False,False,True,100000,False,True,False,-0.9350676993900165,0.41973882607923185,9.835359853165468,1.8844888069703132,True,Cruise
1,315,1675450653.1910512,49.48734338122553,0.006835421583659636,False,False,False,True,100000,False,True,False,2.0530941380121357,0.2612955745238495,9.5795839587388,1.834573395367049,True,Cruise
1,316,1675450653.2909753,49.48734338122553,0.006835421583659636,False,False,False,True,100000,False,True,False,0.496242798819002,0.30664590041984546,9.768292809649525,1.834573395367049,True,Cruise
1,317,1675450653.3909113,48.952353392555494,0.013968621432593371,False,True,False,True,100000,False,True,False,-1.0244265469355016,0.2934556346414294,9.909667475776953,1.5272838761839194,True,Cruise
1,318,1675450653.4908946,48.952353392555494,0.013968621432593371,False,True,False,True,100000,False,True,False,-2.9446746610199654,0.3539130862447477,10.052794376415282,1.9265236133475347,True,Cruise
1,319,1675450653.5909312,49.544597690948855,0.006072030787348585,False,True,False,True,100000,False,True,False,-3.1855182336956407,0.4280472161374964,10.053310871703465,0.25199556044010163,True,Cruise
1,320,1675450653.6920104,49.88261660742256,0.0015651119010324545,False,True,False,True,100000,False,True,False,-0.23567474596934468,0.3663565804106278,9.712147421213654,0.952599442759112,True,Cruise
1,321,1675450653.7910957,49.57977451550064,0.005603006459991498,False,True,False,True,100000,False,True,False,-0.23567474596934468,0.3663565804106278,9.712147421213654,1.8568821976938725,True,Cruise
1,322,1675450653.8911948,49.57977451550064,0.005603006459991498,False,True,False,True,100000,False,True,False,2.2084077345538726,0.33796179434138146,9.502443874725854,0.9681724779109567,True,Cruise
1,323,1675450653.9909508,49.629360506211334,0.004941859917182246,False,True,True,False,100000,False,True,False,2.3700436636835103,0.3710843135091166,9.533190895651787,0.16783519939940483,True,Cruise
1,324,1675450654.091058,49.23723384815255,0.010170215357966006,False,True,True,False,100000,False,True,False,1.0885509084568723,0.4523425493108791,9.69474926879503,0.7711875874346494,True,Cruise
1,325,1675450654.1910179,49.23723384815255,0.010170215357966006,False,True,True,False,100000,False,True,False,0.13959521264846253,0.6124385945074223,9.866369056978423,0.11916248593286154,True,Cruise
1,326,1675450654.2908816,49.398820624605904,0.008015725005254595,False,True,True,False,100000,False,True,False,-0.8960253767523416,0.540122357180061,9.972227160832924,0.4834455213773865,True,Cruise
1,327,1675450654.391095,49.398820624605904,0.008015725005254595,False,True,True,False,100000,False,True,False,-1.372344315604249,0.46501208706435015,10.006843456908486,0.4834455213773865,True,Cruise
1,328,1675450654.49096,49.398820624605904,0.008015725005254595,False,True,True,False,100000,False,True,False,-1.372344315604249,0.46501208706435015,10.006843456908486,1.293955834622739,True,Cruise
1,329,1675450654.5910482,49.74006026526009,0.0034658631298654986,False,True,True,False,100000,False,True,False,0.168920275857599,0.6108279544382773,9.826358575782642,0.3934838247960796,True,Cruise
1,330,1675450654.6908658,49.80681357050009,0.0025758190599987994,False,True,True,False,100000,False,True,False,2.167321138565901,0.48909389296385947,9.648942000481194,0.3642628897978351,True,Cruise
1,331,1675450654.790851,49.84558159650672,0.0020589120465771484,False,True,True,False,100000,False,True,False,1.4992333718359634,0.34359400879010504,9.761944955688316,0.3884446108311237,True,Cruise
1,332,1675450654.890902,49.84558159650672,0.0020589120465771484,False,True,True,False,100000,False,True,False,1.4992333718359634,0.34359400879010504,9.761944955688316,0.6313740371183221,True,Cruise
1,333,1675450654.9909465,49.86954587603466,0.0017393883195378516,False,True,True,False,100000,False,True,False,1.4992333718359634,0.34359400879010504,9.761944955688316,0.6313740371183221,True,Cruise
1,334,1675450655.0909278,49.863276650588936,0.0018229779921474444,False,True,True,False,100000,False,True,False,0.4512661063701054,0.19599061988212174,9.883840388986556,0.15866213340765753,True,Cruise
1,335,1675450655.1910183,49.863276650588936,0.0018229779921474444,False,True,True,False,100000,False,True,False,0.5071450396124783,0.10887997491402016,9.88034545897151,0.09665728597114553,True,Cruise
1,336,1675450655.2909443,49.811286851081995,0.002516175318906769,False,True,True,False,100000,False,True,False,0.37330111561481594,0.05126015438938698,9.88787195863159,0.0498494367685381,True,Cruise
1,337,1675450655.3908699,49.811286851081995,0.002516175318906769,False,True,True,False,100000,False,True,False,0.33825742896277533,0.030483802794711093,9.88662839595678,0.040758596735881156,True,Cruise
1,338,1675450655.4909678,49.83239100984088,0.0022347865354549056,False,True,True,False,100000,False,True,False,0.33825742896277533,0.030483802794711093,9.88662839595678,0.040758596735881156,True,Cruise
1,339,1675450655.591093,49.83239100984088,0.0022347865354549056,False,True,True,False,100000,False,True,False,0.1732468911466714,0.011566336021783988,9.86398470112615,0.19140725325935345,True,Cruise
1,340,1675450655.690929,49.809062719980304,0.002545830400262575,False,True,True,False,100000,False,True,False,0.1494422443473712,0.02436361021912864,9.84776357984609,0.03738112769136895,True,Cruise
1,341,1675450655.790872,49.75782739967386,0.00322896800434852,False,True,True,False,100000,False,True,False,-0.14487542088582,0.43023821446675,9.81859198204859,0.04826644433263372,True,Cruise
1,342,1675450655.8908932,49.75782739967386,0.00322896800434852,False,True,True,False,100000,False,True,False,-0.1805614484172776,0.3983857799409549,9.812143765060986,0.04826644433263372,True,Cruise
1,343,1675450655.9909265,49.48202176927829,0.0069063764096228,False,True,True,False,100000,False,True,False,-0.1805614484172776,0.3983857799409549,9.812143765060986,0.04826644433263372,True,Cruise
1,344,1675450656.0910048,49.315077098981035,0.009132305346919535,False,True,True,False,100000,False,True,False,-1.3009774476656677,0.2699092303785969,9.886545103590214,0.644521611566925,True,Cruise
1,345,1675450656.1908996,49.315077098981035,0.009132305346919535,False,True,True,False,100000,False,True,False,-1.7432711895926194,0.33918654607381526,9.8855792507601,0.20188506141784107,True,Cruise
1,346,1675450656.290976,49.94900202330045,0.000679973022660597,False,True,True,False,100000,False,True,False,-1.9793326417293233,0.3189141207320625,9.869678280310765,0.29404390315855927,True,Cruise
1,347,1675450656.3909764,49.94900202330045,0.000679973022660597,False,True,True,False,100000,False,True,False,-0.4690671970476107,0.32636978239291264,9.710575776211478,1.5186411383539944,True,Cruise
1,348,1675450656.4909322,49.618247027355686,0.005090039635257523,False,True,True,False,100000,False,True,False,2.288710432116624,0.09305321007302686,9.487967738055055,1.5186411383539944,True,Cruise
1,349,1675450656.5910487,49.84248096404891,0.0021002538126812004,False,True,True,False,100000,False,True,False,0.5676668254887288,0.21398338016378066,9.70014113201855,1.721962763168758,True,Cruise
1,350,1675450656.69103,49.84248096404891,0.0021002538126812004,False,True,True,False,100000,False,True,False,0.006025224522448018,0.2607761514971825,9.768188480064847,0.23885105067811213,True,Cruise
1,351,1675450656.7910197,49.78643113368521,-0.002847584884197217,False,True,True,False,100000,False,True,False,0.006025224522448018,0.2607761514971825,9.768188480064847,0.23885105067811213,True,Cruise
1,352,1675450656.8910258,49.78643113368521,-0.002847584884197217,False,True,True,False,100000,False,True,False,-0.4112387312138554,0.24164980096378008,9.831483764868146,0.35243730050930006,True,Cruise
1,353,1675450656.99091,49.96666232333188,-0.00044450235557489434,False,True,True,False,100000,False,True,False,-0.11474146668272295,0.14396315994206163,9.818295752728327,0.31245356674672553,True,Cruise
1,354,1675450657.0909107,49.96666232333188,-0.00044450235557489434,False,True,True,False,100000,False,True,False,1.15917745692674,0.09912201838342853,9.715353936195436,0.16712766370138343,True,Cruise
1,355,1675450657.1909757,49.96666232333188,-0.00044450235557489434,False,True,True,False,100000,False,True,False,0.9109360146834043,0.03898059213547613,9.795044398366377,0.29160749218345555,True,Cruise
1,356,1675450657.2909582,49.96666232333188,-0.00044450235557489434,False,True,True,False,100000,False,True,False,0.9109360146834043,0.03898059213547613,9.795044398366377,0.29160749218345555,True,Cruise
1,357,1675450657.390955,49.96666232333188,-0.00044450235557489434,False,True,False,False,100000,False,True,False,0.4997922534557956,-0.04092481516569259,9.854758024753124,0.17405789919098894,True,Cruise
1,358,1675450657.491144,49.96666232333188,-0.00044450235557489434,False,True,False,False,100000,False,True,False,0.4997922534557956,-0.04092481516569259,9.854758024753124,0.17655327922983088,True,Cruise
1,359,1675450657.5910478,49.63321494837603,-0.004890467354986263,False,True,False,False,100000,False,True,False,0.328110508031874,-0.10371680353941078,9.890226247230155,0.011603437378900851,True,Cruise
1,360,1675450657.6909647,49.63321494837603,-0.004890467354986263,False,True,False,False,100000,False,True,False,0.3094485242364762,-0.11271018700753571,9.891794612743958,1.0103555899758256,True,Cruise
1,361,1675450657.7909834,49.63321494837603,-0.004890467354986263,False,True,False,False,100000,False,True,False,-1.588578545372702,-0.17095582907409554,10.052387098927397,0.897441617420195,True,Cruise
1,362,1675450657.8909998,49.63321494837603,-0.004890467354986263,False,True,False,False,100000,False,True,False,-1.683131676313022,-0.2772983129592553,10.036316865130035,0.1432035993394882,True,Cruise
1,363,1675450657.9910133,49.62073054463096,-0.005056926071587187,False,True,False,False,100000,False,True,False,-0.45729848287635505,-0.17811261596739406,9.867512681314222,1.2413700790226179,True,Cruise
1,364,1675450658.0908935,49.62073054463096,-0.005056926071587187,False,True,False,False,100000,False,True,False,-0.3528579704180784,-0.1934617140471818,9.84361384611288,0.09099105244472355,True,Cruise
1,365,1675450658.1908832,49.62073054463096,-0.005056926071587187,False,True,False,False,100000,False,True,False,-0.24073791547035722,-0.23881206088403958,9.805342565179696,0.026430148019520743,True,Cruise
1,366,1675450658.2909908,49.62073054463096,-0.005056926071587187,False,True,False,False,100000,False,True,False,-0.24969531266982525,-0.26097683584443054,9.794071340281755,0.031243667630981523,True,Cruise
1,367,1675450658.3910446,48.72263993192845,0.017031467574287404,False,True,False,False,100000,False,True,False,-0.29329003077950133,-0.29804269294353564,9.77693406803685,0.028499187487295304,True,Cruise
1,368,1675450658.4909635,48.72263993192845,0.017031467574287404,False,True,False,False,100000,False,True,False,-0.29329003077950133,-0.29804269294353564,9.77693406803685,1.9129526011543827,True,Cruise
1,369,1675450658.59105,48.72263993192845,0.017031467574287404,False,True,False,False,100000,False,True,False,-2.845443241147002,0.1253752704576391,9.957735043154889,0.6899294818815302,True,Cruise
1,370,1675450658.690983,48.72263993192845,0.017031467574287404,False,True,False,False,100000,False,True,False,-3.131989807671226,0.30730818365684975,9.927593547600509,0.34485595701702976,True,Cruise
1,371,1675450658.790902,46.810487661467285,0.042526831180436195,False,True,False,False,100000,False,True,False,-2.821917508044253,0.31119731503578857,9.834743595679058,0.33283223420514174,True,Cruise
1,372,1675450658.8909001,46.810487661467285,0.042526831180436195,False,True,False,False,100000,False,True,False,-2.821917508044253,0.31119731503578857,9.834743595679058,0.33283223420514174,True,Cruise
1,373,1675450658.9909213,46.810487661467285,0.042526831180436195,False,True,False,False,100000,False,True,False,-2.821917508044253,0.31119731503578857,9.834743595679058,1.3403386208635575,True,Cruise
1,374,1675450659.0908859,46.810487661467285,0.042526831180436195,False,True,False,False,100000,False,True,False,-3.9425210451458086,1.4217282093936554,9.83917891700128,0.19972397218259977,True,Cruise
1,375,1675450659.1908913,46.285892004431005,0.049521439940919884,False,True,False,False,100000,False,True,False,-4.142056977305314,1.749855012766448,9.808646019848334,0.17950109721020524,True,Cruise
1,376,1675450659.2910192,46.285892004431005,0.049521439940919884,False,True,False,False,100000,False,True,False,-4.247220248932911,2.055450069557975,9.774285585585577,0.24567773338339083,True,Cruise
1,377,1675450659.3909452,46.285892004431005,0.049521439940919884,False,True,False,False,100000,False,True,False,-4.294203769126366,2.296099744089615,9.758863793911217,0.24567773338339083,True,Cruise
1,378,1675450659.4909809,47.96919464341699,0.02707740475444013,False,True,False,False,100000,False,True,False,-4.294203769126366,2.296099744089615,9.758863793911217,0.4048837362856585,True,Cruise
1,379,1675450659.5909457,47.96919464341699,0.02707740475444013,False,True,False,False,100000,False,True,False,-4.4167952771080214,2.750700717812664,9.709600793594404,0.4048837362856585,True,Cruise
1,380,1675450659.6908848,47.96919464341699,0.02707740475444013,False,True,False,False,100000,False,True,False,-0.6486568933549036,2.9382802626517357,9.366131232098489,1.820344295414885,True,Cruise
1,381,1675450659.790814,47.96919464341699,0.02707740475444013,False,True,False,False,100000,False,True,False,1.6530859359168197,2.4459223132959322,9.232273612801158,0.9430725961908167,True,Cruise
1,382,1675450659.8908398,49.51993055055224,-0.0064009259926367905,False,True,False,False,100000,False,True,False,2.8123703756358576,2.3569957594845397,9.308349526034622,0.5963984981933823,True,Cruise
1,383,1675450659.990917,49.51993055055224,-0.0064009259926367905,False,True,False,False,100000,False,True,False,2.8123703756358576,2.3569957594845397,9.308349526034622,0.6201464261125673,True,Cruise
1,384,1675450660.0908976,49.51993055055224,-0.0064009259926367905,False,True,False,False,100000,False,True,False,3.29517524953447,1.356859316902186,9.411543559440466,0.3415284223385441,True,Cruise
1,385,1675450660.1908946,49.464946400060185,0.007134047999197559,False,True,False,False,100000,False,True,False,4.039472520828422,0.7585523721656819,9.580038986021727,0.3184743262300501,True,Cruise
1,386,1675450660.2908933,49.464946400060185,0.007134047999197559,False,True,False,False,100000,False,True,False,4.50458952838593,0.4802497899422718,9.693043300438083,0.23040444214625058,True,Cruise
1,387,1675450660.3908885,49.464946400060185,0.007134047999197559,False,True,False,False,100000,False,True,False,4.50458952838593,0.4802497899422718,9.693043300438083,0.23040444214625058,True,Cruise
1,388,1675450660.490902,49.464946400060185,0.007134047999197559,False,True,False,False,100000,False,True,False,5.035570023972455,0.0846358463056496,9.85411816906702,0.22163662450181804,True,Cruise
1,389,1675450660.591079,49.94159372532206,0.0007787503290392011,False,True,False,False,100000,False,True,False,5.1582420645553535,-0.03546447989173422,9.902962465759407,0.1784888882055805,True,Cruise
1,390,1675450660.6909254,49.94159372532206,0.0007787503290392011,False,True,False,False,100000,False,True,False,5.318589659313785,-0.1408909323413826,9.989515874631318,0.08220995976823348,True,Cruise
1,391,1675450660.7909033,49.94159372532206,0.0007787503290392011,False,True,False,False,100000,False,True,False,4.897861311988513,-0.3967098592258066,10.104103638465668,0.4928291267800665,True,Cruise
1,392,1675450660.8909326,49.56106958349085,-0.005852405553455349,False,True,False,False,100000,False,True,False,4.28489382951758,-0.38165706130127175,10.182228860314327,0.6181094333376674,True,Cruise
1,393,1675450660.9908488,49.56106958349085,-0.005852405553455349,False,True,False,False,100000,False,True,False,0.3471369775923654,-0.21729675270666116,10.527397957411253,3.956271608663389,True,Cruise
1,394,1675450661.0909126,49.56106958349085,-0.005852405553455349,False,True,False,False,100000,False,True,False,0.3471369775923654,-0.21729675270666116,10.527397957411253,0.571487061429102,True,Cruise
1,395,1675450661.1910822,49.56106958349085,-0.005852405553455349,False,True,False,False,100000,False,True,False,0.4458292715310076,-0.2239314868126388,10.296729944798662,0.24717489459863198,True,Cruise
1,396,1675450661.2911167,49.49063764201303,-0.0067914981064930114,False,True,False,False,100000,False,True,False,0.4582283158557502,-0.2695339616141132,10.164030832531164,0.09695347292767335,True,Cruise
1,397,1675450661.3909087,49.49063764201303,-0.0067914981064930114,False,True,False,False,100000,False,True,False,0.4582283158557502,-0.2695339616141132,10.164030832531164,0.09695347292767335,True,Cruise
1,398,1675450661.4910815,49.49063764201303,-0.0067914981064930114,False,True,False,False,100000,False,True,False,-0.4773070965388543,-0.3488517523849783,10.030676411910122,0.9483149378114253,True,Cruise
1,399,1675450661.5911665,49.49063764201303,-0.0067914981064930114,False,True,False,False,100000,False,True,False,-0.6717463306661129,-0.39256430578562024,9.905600623786492,0.11869975593538988,True,Cruise
1,400,1675450661.6909711,49.36205719689536,-0.008505904041395253,False,True,False,False,100000,False,True,False,-0.7676548003474922,-0.41188315059546016,9.846942934240989,0.10696946023092857,True,Cruise
1,401,1675450661.790928,49.36205719689536,-0.008505904041395253,False,True,False,False,100000,False,True,False,-1.8227747854927954,-0.4424634346882727,9.823862677995711,0.08016014765835226,True,Cruise
1,402,1675450661.8909025,49.36205719689536,-0.008505904041395253,False,True,False,False,100000,False,True,False,-1.8130608412822402,-0.48081144051193875,9.754143821078582,0.08016014765835226,True,Cruise
1,403,1675450661.9908912,49.36205719689536,-0.008505904041395253,False,True,False,False,100000,False,True,False,-1.2992855133682886,-0.5013209279108379,9.567956182504854,0.5468560719276281,True,Cruise
1,404,1675450662.0908895,49.31550910058047,-0.00912654532559371,False,True,False,False,100000,False,True,False,-1.0983179130801017,-0.5160828024124506,9.494497234400663,0.09007070027247417,True,Cruise
1,405,1675450662.19106,49.31550910058047,-0.00912654532559371,False,True,False,False,100000,False,True,False,-1.3542478874144221,-0.5336653913442342,9.502861352928784,0.0882944160284239,True,Cruise
1,406,1675450662.2909467,49.31550910058047,-0.00912654532559371,False,True,False,False,100000,False,True,False,-0.981866093364583,-0.5541576829991272,9.453108795873366,0.1480713201887161,True,Cruise
1,407,1675450662.390919,49.31550910058047,-0.00912654532559371,False,True,False,False,100000,False,True,False,-0.981866093364583,-0.5541576829991272,9.453108795873366,0.1480713201887161,True,Cruise
1,408,1675450662.4909558,49.648387631217474,-0.004688164917100263,False,True,False,False,100000,False,True,False,-0.4944173651540687,-0.5725183764792188,9.48064826816082,0.10757218025474943,True,Cruise
1,409,1675450662.5908818,49.648387631217474,-0.004688164917100263,False,True,False,False,100000,False,True,False,1.5573798212733092,-0.5208525118533448,9.363794203475964,0.9687055561134186,True,Cruise
1,410,1675450662.6908958,49.648387631217474,-0.004688164917100263,False,True,False,False,100000,False,True,False,1.5573798212733092,-0.5208525118533448,9.363794203475964,0.19323194220591192,True,Cruise
