repetition,iteration,time,speed,steering,obstacle_North,obstacle_NorthWest,obstacle_SouthWest,obstacle_West,obstacle_distance,follow_enable,steady_motion_enable,passing_start,accel_x,accel_y,accel_z,accel_diff,success,action
1,1,1675449834.9142451,0.0,0.0,False,True,False,True,100000,False,True,False,-0.008449570805682413,-2.4225628238837757e-13,9.829618086963478,0.014364848855206327,True,Cruise
1,2,1675449834.914451,0.0,0.0,False,True,False,True,100000,False,True,False,-0.008449570805682413,-2.4225628238837757e-13,9.829618086963478,0.014364848855206327,True,Cruise
1,3,1675449835.0146315,0.0,0.0,False,True,False,True,100000,False,True,False,0.003495574103190513,-2.044728235480543e-14,9.836591925203463,0.013831880085203238,True,Cruise
1,4,1675449835.1146336,49.723420128807305,-0.003687731615902622,False,True,False,True,100000,False,True,False,0.026642921277204957,-1.5013848963272165e-13,9.847458282179174,0.025571026477596535,True,Cruise
1,5,1675449835.2145903,49.723420128807305,-0.003687731615902622,False,True,False,True,100000,False,True,False,1.942397204730786,-0.004475774985216798,9.68755361661387,0.6862929944669516,True,Cruise
1,6,1675449835.3146653,49.723420128807305,-0.003687731615902622,False,True,False,True,100000,False,True,False,2.6273462755397534,-0.007552482724143764,9.644735647000207,0.6862929944669516,True,Cruise
1,7,1675449835.414588,49.723420128807305,-0.003687731615902622,False,True,False,True,100000,False,True,False,3.360510728827903,-0.004391962893695705,9.627576345651391,0.27892433478603124,True,Cruise
1,8,1675449835.5146484,49.68924399162127,-0.0041434134450497925,False,True,False,True,100000,False,True,False,3.645391852700478,-0.0022391760181742497,9.659146236313859,0.11681394037938633,True,Cruise
1,9,1675449835.61466,49.68924399162127,-0.0041434134450497925,False,True,False,True,100000,False,True,False,3.841686098851829,-0.0009574796403634666,9.701522921318375,0.10818587635019804,True,Cruise
1,10,1675449835.7145977,49.42147702447945,-0.007713639673607366,False,True,False,True,100000,False,True,False,4.059976723390005,-0.004215680238065663,9.74141347185536,0.11375831323931349,True,Cruise
1,11,1675449835.8145795,49.42147702447945,-0.007713639673607366,False,True,False,True,100000,False,True,False,4.281235078422052,-0.004766030539425201,9.778029266561491,0.10977823075731773,True,Cruise
1,12,1675449835.914571,49.67941434544889,-0.004274475394014756,False,True,False,True,100000,False,True,False,4.466788316906869,-0.011324530077044974,9.812476811866196,0.08975193936784641,True,Cruise
1,13,1675449836.0145876,49.67941434544889,-0.004274475394014756,False,True,False,True,100000,False,True,False,4.53922992297853,-0.015825134025521076,9.828798132739676,0.07439373119556399,True,Cruise
1,14,1675449836.1146057,49.67941434544889,-0.004274475394014756,False,True,False,True,100000,False,True,False,4.640326417398319,-0.024190930724461535,9.858669034789438,0.10574856276869687,True,Cruise
1,15,1675449836.2145715,49.58639947917444,-0.005514673611007485,False,True,False,True,100000,False,True,False,4.686582776897323,-0.003168914048348509,9.883270062255235,0.011228835076298068,True,Cruise
1,16,1675449836.3146515,49.58639947917444,-0.005514673611007485,False,True,False,True,100000,False,True,False,4.685484621977806,-0.008776617692558506,9.901029887075822,0.017081784811897437,True,Cruise
1,17,1675449836.4147189,49.74527096479266,-0.003396387136097893,False,True,False,True,100000,False,True,False,4.645733681463733,-0.013320286172203918,9.910991394533541,0.02449526210550691,True,Cruise
1,18,1675449836.5146143,49.74527096479266,-0.003396387136097893,False,True,False,True,100000,False,True,False,4.614169175781579,-0.019225796323218188,9.912933358484114,0.03217086093171598,True,Cruise
1,19,1675449836.6145597,49.74527096479266,-0.003396387136097893,False,True,False,False,100000,False,True,False,4.486260649574925,-0.005440956227294334,9.906974405724107,0.04721939434965898,True,Cruise
1,20,1675449836.7145982,49.67264331648617,-0.0043647557801843335,False,True,False,False,100000,False,True,False,4.384339248287579,-0.006892942315445259,9.894141252681289,0.05241138056474629,True,Cruise
1,21,1675449836.8146904,49.67264331648617,-0.0043647557801843335,False,True,False,False,100000,False,True,False,4.331530861959024,-0.004323952213859746,9.885490722202361,0.05357384673826196,True,Cruise
1,22,1675449836.9146316,49.32996920496079,-0.008933743933856174,False,True,False,False,100000,False,True,False,4.278746877370383,-0.008998866613088768,9.875589583328157,0.05390766554674986,True,Cruise
1,23,1675449837.0146077,49.32996920496079,-0.008933743933856174,False,True,False,False,100000,False,True,False,4.176608360728548,-0.009795815765792254,9.852827971667555,0.05161301707470834,True,Cruise
1,24,1675449837.1145945,49.158877795456526,-0.011214962727246277,False,True,False,False,100000,False,True,False,4.041804612468722,-0.026772047553639638,9.814484064945988,0.04440471853449173,True,Cruise
1,25,1675449837.2146018,49.158877795456526,-0.011214962727246277,False,True,False,False,100000,False,True,False,3.9699112033654416,-0.019229856154165864,9.788574783754012,0.037139300752989414,True,Cruise
1,26,1675449837.3146,49.158877795456526,-0.011214962727246277,False,True,False,False,100000,False,True,False,3.9699112033654416,-0.019229856154165864,9.788574783754012,0.034107234610366154,True,Cruise
1,27,1675449837.4145858,49.36435636127602,-0.008475248516319693,False,True,False,False,100000,False,True,False,3.8938147112297026,-0.03579934245344034,9.753049644343209,0.028356767133660487,True,Cruise
1,28,1675449837.5145836,49.36435636127602,-0.008475248516319693,False,True,False,False,100000,False,True,False,3.8938147112297026,-0.03579934245344034,9.753049644343209,0.023797336546111825,True,Cruise
1,29,1675449837.6145787,49.67243952333869,-0.004367473022150819,False,True,False,False,100000,False,True,False,3.8938147112297026,-0.03579934245344034,9.753049644343209,0.023797336546111825,True,Cruise
1,30,1675449837.7145784,49.67243952333869,-0.004367473022150819,False,True,False,False,100000,False,True,False,3.877205441224414,-0.044062054777506604,9.742732908590632,0.02122675909429773,True,Cruise
1,31,1675449837.8145628,49.523066250596074,-0.006359116658718993,False,True,False,False,100000,False,True,False,3.852497785758469,-0.015004949692665907,9.717978068192513,0.008976234105986063,True,Cruise
1,32,1675449837.914579,49.523066250596074,-0.006359116658718993,False,True,False,False,100000,False,True,False,3.854279644520563,-0.00865525134572141,9.707383459362358,0.0053162948191869215,True,Cruise
1,33,1675449838.0145776,49.523066250596074,-0.006359116658718993,False,True,False,False,100000,False,True,False,3.8676820016072653,-0.016440913916714293,9.70177394763159,0.014471023645423856,True,Cruise
1,34,1675449838.1146743,49.581286263378324,-0.005582849821622398,False,True,False,False,100000,False,True,False,3.8902185922128396,-0.019501234720124685,9.70095840744276,0.012274626454456974,True,Cruise
1,35,1675449838.2145898,49.581286263378324,-0.005582849821622398,False,True,False,False,100000,False,True,False,3.8902185922128396,-0.019501234720124685,9.70095840744276,0.02986761909926793,True,Cruise
1,36,1675449838.3145683,49.30295790515962,-0.009293894597871668,False,True,False,False,100000,False,True,False,3.951792471085896,-0.009288676207788471,9.711669873238312,0.016612279373711968,True,Cruise
1,37,1675449838.4145741,49.30295790515962,-0.009293894597871668,False,True,False,False,100000,False,True,False,3.968584238681734,0.0013965141721501938,9.716392788806717,0.02045587162441251,True,Cruise
1,38,1675449838.51456,49.655536056520354,0.004592852579728627,False,True,False,False,100000,False,True,False,3.968584238681734,0.0013965141721501938,9.716392788806717,0.019672829146312854,True,Cruise
1,39,1675449838.6145723,49.655536056520354,0.004592852579728627,False,True,False,False,100000,False,True,False,4.017432474676356,-0.031636716827660165,9.733719099477128,0.019672829146312854,True,Cruise
1,40,1675449838.714661,49.8294355378466,0.002274192828712032,False,True,False,False,100000,False,True,False,4.032713551288421,-0.07124726665847506,9.740128052572809,0.12133405229798432,True,Cruise
1,41,1675449838.8146381,49.8294355378466,0.002274192828712032,False,True,False,False,100000,False,True,False,4.073641058078947,0.05083249987314965,9.759615771377794,0.014694756086848585,True,Cruise
1,42,1675449838.914594,49.8294355378466,0.002274192828712032,False,True,False,False,100000,False,True,False,4.08444874859987,0.046804306800533824,9.765931604947525,0.011638893861476754,True,Cruise
1,43,1675449839.014547,49.86654255796165,0.0017794325605112833,False,True,False,False,100000,False,True,False,4.113858071494534,0.03526652938044586,9.787803571825624,0.008036348907791308,True,Cruise
1,44,1675449839.1145976,49.86654255796165,0.0017794325605112833,False,True,False,False,100000,False,True,False,4.113858071494534,0.03526652938044586,9.787803571825624,0.0059375493001406045,True,Cruise
1,45,1675449839.214627,49.94133863720633,-0.000782151503915623,False,True,False,False,100000,False,True,False,4.122357929015247,0.03846653567705152,9.798972074141817,0.008597909674373214,True,Cruise
1,46,1675449839.3146236,49.94133863720633,-0.000782151503915623,False,True,False,False,100000,False,True,False,4.122839104184224,0.04595141307206122,9.801527385117884,0.007923669184536707,True,Cruise
1,47,1675449839.4145849,49.94133863720633,-0.000782151503915623,False,True,False,False,100000,False,True,False,4.118358490358021,0.016221122888010413,9.805653132755085,0.004490435689684348,True,Cruise
1,48,1675449839.5145993,49.349459788572844,0.008673869485695384,False,True,False,False,100000,False,True,False,4.115230802248424,0.013976384862700307,9.805899585680477,0.004520103071523888,True,Cruise
1,49,1675449839.614598,49.349459788572844,0.008673869485695384,False,True,False,False,100000,False,True,False,4.107180727163927,-0.01867724651089223,9.80487452382353,0.0304781934437647,True,Cruise
1,50,1675449839.7146866,49.719062228099666,0.0037458369586710486,False,True,False,False,100000,False,True,False,4.097378435832199,0.06444331254361417,9.802111365013209,0.08374214768858519,True,Cruise
1,51,1675449839.8146296,49.719062228099666,0.0037458369586710486,False,True,False,False,100000,False,True,False,4.086733446405032,0.04602458031652846,9.797981383972523,0.03623344459954496,True,Cruise
1,52,1675449839.914578,49.36345493268559,0.008487267564192123,False,True,False,False,100000,False,True,False,4.076139922671092,0.0243075993785761,9.792903125703345,0.006933067998353342,True,Cruise
1,53,1675449840.0145566,49.36345493268559,0.008487267564192123,False,True,False,False,100000,False,True,False,4.065903718127547,0.04767396636643644,9.787334601324645,0.03528662530646913,True,Cruise
1,54,1675449840.1145737,49.87917094837081,0.0016110540217224689,False,True,False,False,100000,False,True,False,4.065903718127547,0.04767396636643644,9.787334601324645,0.03528662530646913,True,Cruise
1,55,1675449840.2146783,49.87917094837081,0.0016110540217224689,False,True,False,False,100000,False,True,False,4.052544305947623,0.0888466042288165,9.77889450744478,0.025920370368564205,True,Cruise
1,56,1675449840.3145995,49.87917094837081,0.0016110540217224689,False,True,False,False,100000,False,True,False,4.052544305947623,0.0888466042288165,9.77889450744478,0.025920370368564205,True,Cruise
1,57,1675449840.4145858,49.16978663960571,0.011069511471923813,False,True,False,False,100000,False,True,False,4.0435451381994465,0.013493793335484615,9.771277442964548,0.023258555238757302,True,Cruise
1,58,1675449840.5145617,49.16978663960571,0.011069511471923813,False,True,False,False,100000,False,True,False,4.039239526268947,-0.011736147973768022,9.767170569663147,0.02643615530764017,True,Cruise
1,59,1675449840.614599,49.61160117317293,0.0051786510243610195,False,True,False,False,100000,False,True,False,4.037303316983586,0.05315575844443029,9.76550289161158,0.06494220180336205,True,Cruise
1,60,1675449840.714632,49.61160117317293,0.0051786510243610195,False,True,False,False,100000,False,True,False,4.035818517876965,0.08354239011222088,9.76406508083295,0.030456843440122658,True,Cruise
1,61,1675449840.814639,49.78426337678846,0.0028764883094872583,False,True,False,False,100000,False,True,False,4.035029418178409,0.03727913052334215,9.761109242099911,0.005186945383148157,True,Cruise
1,62,1675449840.9145887,49.78426337678846,0.0028764883094872583,False,True,False,False,100000,False,True,False,4.037304084609211,0.027805251712855188,9.76032787860117,0.01324941296676032,True,Cruise
1,63,1675449841.0145798,49.78426337678846,0.0028764883094872583,False,True,False,False,100000,False,True,False,4.038499466355634,0.02128719088589814,9.76050947991798,0.006629255878442169,True,Cruise
1,64,1675449841.1145868,49.249712604873416,0.010003831935021074,False,True,False,False,100000,False,True,False,4.039815523950043,0.01939558845488131,9.76088812399593,0.0023352812863973353,True,Cruise
1,65,1675449841.2145634,49.249712604873416,0.010003831935021074,False,True,False,False,100000,False,True,False,4.0439536298433145,0.046716825638935894,9.763026039695688,0.0018112030010399456,True,Cruise
1,66,1675449841.3145633,49.56591189119933,0.0057878414506756255,False,True,False,False,100000,False,True,False,4.045293590687948,0.07177081238737723,9.763992755136501,0.02510841065857676,True,Cruise
1,67,1675449841.4145794,49.56591189119933,0.0057878414506756255,False,True,False,False,100000,False,True,False,4.050078688201258,0.08828722286030286,9.76722771660014,0.012089885769698227,True,Cruise
1,68,1675449841.5146003,49.044911381744136,0.012734514910078132,False,True,False,False,100000,False,True,False,4.052107031122984,0.05886832973164905,9.768322838267704,0.012961507251780316,True,Cruise
1,69,1675449841.614589,49.044911381744136,0.012734514910078132,False,True,False,False,100000,False,True,False,4.05559933941299,0.026301490635131673,9.770545854297218,0.019886878473106395,True,Cruise
1,70,1675449841.7146192,49.044911381744136,0.012734514910078132,False,True,False,False,100000,False,True,False,4.057178755950983,0.11488328318936229,9.772779774397415,0.08862403132184463,True,Cruise
1,71,1675449841.8145654,49.43348473287492,0.00755353689500108,False,True,False,False,100000,False,True,False,4.057979760876897,0.12472105307299307,9.773781640063186,0.009921041275333007,True,Cruise
1,72,1675449841.914506,49.43348473287492,0.00755353689500108,False,True,False,False,100000,False,True,False,4.060276796693965,0.10204754493870508,9.775446852440808,0.019579343928115535,True,Cruise
1,73,1675449842.014589,49.34922911602305,0.0086769451196927,False,True,False,False,100000,False,True,False,4.062948543984427,0.07926844200400822,9.7772883792617,0.0009156582723073101,True,Cruise
1,74,1675449842.114581,49.34922911602305,0.0086769451196927,False,True,False,False,100000,False,True,False,4.063176170770963,0.09055317866260224,9.777749114493055,0.011296431842009954,True,Cruise
1,75,1675449842.214598,49.34922911602305,0.0086769451196927,False,True,False,False,100000,False,True,False,4.063176170770963,0.09055317866260224,9.777749114493055,0.011296431842009954,True,Cruise
1,76,1675449842.3145778,48.69062191024119,0.017458374530117407,False,True,False,False,100000,False,True,False,4.063193373747561,0.09332153026645479,9.778533810351645,0.0028774666176073615,True,Cruise
1,77,1675449842.4145765,48.69062191024119,0.017458374530117407,False,True,False,False,100000,False,True,False,4.062787049595312,0.06298033283689494,9.778591743645825,0.027568479106022534,True,Cruise
1,78,1675449842.514591,48.162026612844244,0.024506311828743438,False,True,False,False,100000,False,True,False,4.062787049595312,0.06298033283689494,9.778591743645825,0.0684666777950866,True,Cruise
1,79,1675449842.6146278,48.162026612844244,0.024506311828743438,False,True,False,False,100000,False,True,False,4.058213145840677,0.18259507933501495,9.778042348428865,0.002427546433993072,True,Cruise
1,80,1675449842.7145972,47.78938311678999,0.029474891776133442,False,True,False,False,100000,False,True,False,4.058213145840677,0.18259507933501495,9.778042348428865,0.045405179349164444,True,Cruise
1,81,1675449842.8146672,47.78938311678999,0.029474891776133442,False,True,False,False,100000,False,True,False,4.052433870311941,0.27216728348041436,9.77667935550679,0.004382228977995048,True,Cruise
1,82,1675449842.9145708,47.78938311678999,0.029474891776133442,False,True,False,False,100000,False,True,False,4.048257849464365,0.35673933538060554,9.775928200720589,0.033029529568855895,True,Cruise
1,83,1675449843.014592,47.62874805238711,0.03161669263483853,False,True,False,False,100000,False,True,False,4.046936628767075,0.3744043365275868,9.775455769131167,0.006607265890857672,True,Cruise
1,84,1675449843.11459,47.62874805238711,0.03161669263483853,False,True,False,False,100000,False,True,False,4.044597448062607,0.4107818242965622,9.774516381969942,0.029892726641822038,True,Cruise
1,85,1675449843.2146318,48.48138856552706,0.02024815245963915,False,True,False,False,100000,False,True,False,4.044597448062607,0.4107818242965622,9.774516381969942,0.0364360133374757,True,Cruise
1,86,1675449843.3146,48.48138856552706,0.02024815245963915,False,True,False,False,100000,False,True,False,4.042455066673325,0.48994425078578346,9.77313429727664,0.04278806116803697,True,Cruise
1,87,1675449843.414589,48.30949480425073,0.022540069276656857,False,True,False,False,100000,False,True,False,4.0500210065261975,0.35174217606698466,9.771633089132349,0.01338842857499943,True,Cruise
1,88,1675449843.514578,48.30949480425073,0.022540069276656857,False,True,False,False,100000,False,True,False,4.052315684117334,0.3292584401301788,9.770979105183955,0.015080367703519594,True,Cruise
1,89,1675449843.6146169,48.63712955039869,0.01817160599468412,False,True,False,False,100000,False,True,False,4.050526141208491,0.3458545127793136,9.770928236576772,0.001778324327169642,True,Cruise
1,90,1675449843.7145696,48.63712955039869,0.01817160599468412,False,True,False,False,100000,False,True,False,4.050526141208491,0.3458545127793136,9.770928236576772,0.001778324327169642,True,Cruise
1,91,1675449843.814591,48.63712955039869,0.01817160599468412,False,True,False,False,100000,False,True,False,4.0517276901485655,0.28022415289947517,9.770791500018548,0.03504754495924728,True,Cruise
1,92,1675449843.914779,48.299305059728596,0.02267593253695214,False,True,False,False,100000,False,True,False,4.053277044810255,0.24521089203715746,9.770753138709233,0.0172644881374264,True,Cruise
1,93,1675449844.0145845,48.299305059728596,0.02267593253695214,False,True,False,False,100000,False,True,False,4.0538476945280655,0.22989044984482368,9.771523234077824,0.03255584872551992,True,Cruise
1,94,1675449844.1146843,49.568117243579955,0.005758436752267216,False,True,False,False,100000,False,True,False,4.052847398735928,0.24674803634498296,9.771852536246158,0.01689044860861281,True,Cruise
1,95,1675449844.214602,49.568117243579955,0.005758436752267216,False,True,False,False,100000,False,True,False,4.052847398735928,0.24674803634498296,9.771852536246158,0.01689044860861281,True,Cruise
1,96,1675449844.3145766,49.568117243579955,0.005758436752267216,False,True,False,False,100000,False,True,False,4.059741502381191,0.14470124603037085,9.771884232745908,0.15146613138693424,True,Cruise
1,97,1675449844.4145956,49.6079759316529,0.005226987577961264,False,True,False,False,100000,False,True,False,4.067380817788826,0.037022498693560835,9.772243123938484,0.0013173045478756275,True,Cruise
1,98,1675449844.5146296,49.6079759316529,0.005226987577961264,False,True,False,False,100000,False,True,False,4.066361749802974,0.023893165351807338,9.773023463459696,0.008474750496627066,True,Cruise
1,99,1675449844.6146529,49.76880304242053,0.0030826261010596418,False,True,False,False,100000,False,True,False,4.06554255450528,0.012816882579462363,9.773407935903725,0.011113187663714151,True,Cruise
1,100,1675449844.7146466,49.76880304242053,0.0030826261010596418,False,True,False,False,100000,False,True,False,4.06554255450528,0.012816882579462363,9.773407935903725,0.011113187663714151,True,Cruise
1,101,1675449844.8145964,49.15038991857705,0.011328134418972671,False,True,False,False,100000,False,True,False,4.064702069306494,-0.04446473557398512,9.774229740665788,0.009777531314178448,True,Cruise
1,102,1675449844.914642,49.15038991857705,0.011328134418972671,False,True,False,False,100000,False,True,False,4.063787456365066,-0.08363738617131942,9.774777108879789,0.02518740156591247,True,Cruise
1,103,1675449845.0146706,49.15038991857705,0.011328134418972671,False,True,False,False,100000,False,True,False,4.061963882242467,-0.0062083111265521405,9.775053295927332,0.048784647680134643,True,Cruise
1,104,1675449845.114667,49.41649972659788,0.007780003645361673,False,True,False,False,100000,False,True,False,4.059606342926918,0.061465026353769305,9.77529403776318,0.018932876178861417,True,Cruise
1,105,1675449845.2145824,49.41649972659788,0.007780003645361673,False,True,False,False,100000,False,True,False,4.059606342926918,0.061465026353769305,9.77529403776318,0.018932876178861417,True,Cruise
1,106,1675449845.3145034,49.816314340634136,0.002449142124878166,False,True,False,False,100000,False,True,False,4.059624715469823,0.056213380064298796,9.775064051424962,0.005256711901541572,True,Cruise
1,107,1675449845.4146104,49.816314340634136,0.002449142124878166,False,True,False,False,100000,False,True,False,4.058961232342807,0.12114213316430743,9.774738556383436,0.03336581019356586,True,Cruise
1,108,1675449845.5146668,49.816314340634136,0.002449142124878166,False,True,False,False,100000,False,True,False,4.059549113299714,0.06519152098289928,9.774371415517745,0.019702512712462115,True,Cruise
1,109,1675449845.6147091,49.77869864548164,0.002950684726911439,False,True,False,False,100000,False,True,False,4.059316977020422,0.06395757675475228,9.774238293740769,0.0012626270303800022,True,Cruise
1,110,1675449845.7145905,49.77869864548164,0.002950684726911439,False,True,False,False,100000,False,True,False,4.058287137036814,0.07276023527198136,9.774016497086446,0.008865470157789272,True,Cruise
1,111,1675449845.8145814,49.92312663414113,0.001024978211451713,False,True,False,False,100000,False,True,False,4.057732220893222,0.07409736455201434,9.773907835436447,0.0014517761508309286,True,Cruise
1,112,1675449845.914677,49.92312663414113,0.001024978211451713,False,True,False,False,100000,False,True,False,4.0568792114895205,0.06506842058346007,9.773677087035024,0.0005530148727032682,True,Cruise
1,113,1675449846.014596,49.92312663414113,0.001024978211451713,False,True,False,False,100000,False,True,False,4.0565680168642775,0.04000123834860924,9.7734246183734,0.01668910430755421,True,Cruise
1,114,1675449846.1146097,49.95062161332975,0.0006583784889366016,False,True,False,False,100000,False,True,False,4.056418918695847,0.015274453011811889,9.773209074151668,0.00803935380230544,True,Cruise
1,115,1675449846.2146437,49.23507502980274,-0.010198999602630075,False,True,False,False,100000,False,True,False,4.056182029491323,0.00737233997879601,9.773055744789026,0.00803935380230544,True,Cruise
1,116,1675449846.314626,49.8866196690539,0.00151173774594803,False,True,False,False,100000,False,True,False,4.056105541951083,-0.0006575943381940412,9.772995736604848,0.008030522801234976,True,Cruise
1,117,1675449846.4145646,48.6472666943554,-0.018036444075261292,False,True,False,False,100000,False,True,False,4.056228152921571,-0.06174065262985555,9.772873022976656,0.10482355682344992,True,Cruise
1,118,1675449846.514593,48.6472666943554,-0.018036444075261292,False,True,False,False,100000,False,True,False,4.056228152921571,-0.06174065262985555,9.772873022976656,0.028540208558633103,True,Cruise
1,119,1675449846.6145651,49.233309033038864,-0.01022254622614848,False,True,False,False,100000,False,True,False,4.055974826880639,0.044221299528669586,9.772890383765695,0.06940048152419535,True,Cruise
1,120,1675449846.714566,49.92432070776475,0.0010090572298033567,False,True,False,False,100000,False,True,False,4.05630477710357,-0.1616114785964465,9.772871458639996,0.20583304345030043,True,Cruise
1,121,1675449846.81459,49.92432070776475,0.0010090572298033567,False,True,False,False,100000,False,True,False,4.0556578510476005,-0.205580811117656,9.772967023204805,0.10970172982746303,True,Cruise
1,122,1675449846.914618,48.70356251611273,-0.017285833118496824,False,True,False,False,100000,False,True,False,4.05665164573382,-0.0756333205630635,9.772996941626573,0.020250799761625228,True,Cruise
1,123,1675449847.0146441,48.70356251611273,-0.017285833118496824,False,True,False,False,100000,False,True,False,4.056811169714217,-0.08729706393480072,9.773047940128246,0.040822027043691735,True,Cruise
1,124,1675449847.1146092,49.208930342494824,0.010547595433402312,False,True,False,False,100000,False,True,False,4.056806951946097,-0.046475081181427215,9.773107925539872,0.19248152969845286,True,Cruise
1,125,1675449847.214584,49.208930342494824,0.010547595433402312,False,True,False,False,100000,False,True,False,4.054591681033252,-0.35136126418262675,9.773427933987763,0.11241412988472776,True,Cruise
1,126,1675449847.3145764,49.208930342494824,0.010547595433402312,False,True,False,False,100000,False,True,False,4.056649439940118,-0.15963156660881836,9.773282397276812,0.19174079504476102,True,Cruise
1,127,1675449847.414577,49.987671910354756,-0.00016437452860332654,False,True,False,False,100000,False,True,False,4.059214508635423,0.07402768454559659,9.773306649219267,0.005970362793090853,True,Cruise
1,128,1675449847.5145764,49.987671910354756,-0.00016437452860332654,False,True,False,False,100000,False,True,False,4.059214508635423,0.07402768454559659,9.773306649219267,0.03980182498946736,True,Cruise
1,129,1675449847.6145654,48.40078216403981,-0.021322904479469162,False,True,False,False,100000,False,True,False,4.057348777842003,-0.011486372343064676,9.773638843091065,0.03541391845122698,True,Cruise
1,130,1675449847.7146025,48.40078216403981,-0.021322904479469162,False,True,False,False,100000,False,True,False,4.057025586656501,0.10232675785970069,9.773754526946725,0.11381364787163475,True,Cruise
1,131,1675449847.8145838,48.40078216403981,-0.021322904479469162,False,True,False,False,100000,False,True,False,4.054914563565906,-0.22858118067025446,9.774059744917123,0.1302192742714377,True,Cruise
1,132,1675449847.914569,48.4959143271215,-0.020054475638380014,False,True,False,False,100000,False,True,False,4.053303205935815,-0.27270651199826906,9.77417756939553,0.021457023150344614,True,Cruise
1,133,1675449848.0146043,48.4959143271215,-0.020054475638380014,False,True,False,False,100000,False,True,False,4.051852926578428,-0.2941143751577069,9.774240236825259,0.021457023150344614,True,Cruise
1,134,1675449848.1146314,49.19467005920457,-0.010737732543939088,False,True,False,False,100000,False,True,False,4.049761608536813,-0.398543304920374,9.774081564261419,0.04346930192816732,True,Cruise
1,135,1675449848.21473,49.19467005920457,-0.010737732543939088,False,True,False,False,100000,False,True,False,4.049761608536813,-0.398543304920374,9.774081564261419,0.04346930192816732,True,Cruise
1,136,1675449848.3146315,49.19467005920457,-0.010737732543939088,False,True,False,False,100000,False,True,False,4.054312599120642,-0.4505380497034877,9.773226964186511,0.07771268425169113,True,Cruise
1,137,1675449848.4145648,48.693019611103125,-0.017426405185291594,False,True,False,False,100000,False,True,False,4.055751280614419,-0.4789522830625272,9.77303250765938,0.017570867489466818,True,Cruise
1,138,1675449848.5145524,48.693019611103125,-0.017426405185291594,False,True,False,False,100000,False,True,False,4.05331622567001,-0.5443548207683266,9.773207248662489,0.07463144118649521,True,Cruise
1,139,1675449848.6146667,47.93514463355068,-0.02753140488599094,False,True,False,False,100000,False,True,False,4.05331622567001,-0.5443548207683266,9.773207248662489,0.07463144118649521,True,Cruise
1,140,1675449848.7147481,47.93514463355068,-0.02753140488599094,False,True,False,False,100000,False,True,False,4.051544297422812,-0.5838140491680538,9.773303141263266,0.03949910924319605,True,Cruise
1,141,1675449848.8146632,47.93514463355068,-0.02753140488599094,False,True,False,False,100000,False,True,False,4.046088228934799,-0.6501970916932504,9.773573091582175,0.06660743120270159,True,Cruise
1,142,1675449848.9146335,47.9314911574733,-0.02758011790035596,False,True,False,False,100000,False,True,False,4.041423670611175,-0.7415551853992114,9.773635039440318,0.023191267407820314,True,Cruise
1,143,1675449849.0146165,47.9314911574733,-0.02758011790035596,False,True,False,False,100000,False,True,False,4.0405564214401775,-0.7646522252360637,9.77328925967674,0.01948450155589687,True,Cruise
1,144,1675449849.1146858,47.9314911574733,-0.02758011790035596,False,True,False,False,100000,False,True,False,4.0406856354983915,-0.7841350341756038,9.773067312759027,0.01948450155589687,True,Cruise
1,145,1675449849.2146032,47.80340657548658,-0.02928791232684564,False,True,False,False,100000,False,True,False,4.040912241963521,-0.8076620459175566,9.772844035216526,0.04808395164191442,True,Cruise
1,146,1675449849.314567,47.80340657548658,-0.02928791232684564,False,True,False,False,100000,False,True,False,4.041466846770991,-0.8769358402579154,9.772255428065442,0.021194580253327305,True,Cruise
1,147,1675449849.41457,47.692305245849674,-0.03076926338867097,False,True,False,False,100000,False,True,False,4.041572252772055,-0.8904359755974964,9.772093785879196,0.013501514463512602,True,Cruise
1,148,1675449849.5145884,47.692305245849674,-0.03076926338867097,False,True,False,False,100000,False,True,False,4.0405804186601655,-0.9259851652592157,9.772046894474347,0.013501514463512602,True,Cruise
1,149,1675449849.6145763,47.692305245849674,-0.03076926338867097,False,True,False,False,100000,False,True,False,4.039916167175192,-0.98155655064945,9.771574452661369,0.00433598717004164,True,Cruise
1,150,1675449849.7145994,48.756288667244405,-0.016582817770074535,False,True,False,False,100000,False,True,False,4.039916167175192,-0.98155655064945,9.771574452661369,0.00433598717004164,True,Cruise
1,151,1675449849.8145943,48.756288667244405,-0.016582817770074535,False,True,False,False,100000,False,True,False,4.0390058562348745,-1.0769183333445325,9.771351172809002,0.09536638883110055,True,Cruise
1,152,1675449849.91466,48.756288667244405,-0.016582817770074535,False,True,False,False,100000,False,True,False,4.057623056722914,-0.8084290924087648,9.76974572123196,0.10625393689717659,True,Cruise
1,153,1675449850.014685,48.05196412423401,-0.025973811676879854,False,True,False,False,100000,False,True,False,4.062697011943242,-0.7615343961546086,9.769822487792505,0.012916214470046051,True,Cruise
1,154,1675449850.1146007,48.05196412423401,-0.025973811676879854,False,True,False,False,100000,False,True,False,4.062257670303917,-0.7180069154633839,9.770163603054568,0.043531034401022406,True,Cruise
1,155,1675449850.2146056,48.05196412423401,-0.025973811676879854,False,True,False,False,100000,False,True,False,4.055279481835577,-0.8050753659627158,9.771142369976866,0.08735312342064512,True,Cruise
1,156,1675449850.3146436,47.906839322598074,-0.02790880903202565,False,True,False,False,100000,False,True,False,4.046643922470554,-0.8144182243520001,9.772374017397446,0.0221704056849942,True,Cruise
1,157,1675449850.414662,47.906839322598074,-0.02790880903202565,False,True,False,False,100000,False,True,False,4.046294230220268,-0.8103771845534491,9.772595750760999,0.0181385291726003,True,Cruise
1,158,1675449850.5145981,48.14559052517955,-0.02472545966427269,False,True,False,False,100000,False,True,False,4.046175703702868,-0.830220075879777,9.772653957023357,0.016238800991350152,True,Cruise
1,159,1675449850.614601,48.14559052517955,-0.02472545966427269,False,True,False,False,100000,False,True,False,4.0467845237697375,-0.8726283798665418,9.772632910393584,0.019994794581097847,True,Cruise
1,160,1675449850.7145863,48.14559052517955,-0.02472545966427269,False,True,False,False,100000,False,True,False,4.04954632917939,-0.8528269637049581,9.772371837194488,0.5179561978044482,True,Cruise
1,161,1675449850.8147779,48.4799547568565,-0.020267269908580042,False,True,False,False,100000,False,True,False,4.423722452883753,-0.8471558820056113,9.757186713698765,0.5179561978044482,True,Cruise
1,162,1675449850.9146283,48.4799547568565,-0.020267269908580042,False,True,False,False,100000,False,True,False,4.2666013390007365,-0.9218669813873763,9.773052584328642,0.09657948893691902,True,Cruise
1,163,1675449851.0146477,48.53612018820992,-0.019518397490534387,False,True,False,False,100000,False,True,False,4.12487434043206,-0.8649833976959084,9.786586512765444,0.02438360102080944,True,Cruise
1,164,1675449851.1146033,48.53612018820992,-0.019518397490534387,False,True,False,False,100000,False,True,False,4.092476762993234,-0.8825219449724349,9.788936189699797,0.00401773570968244,True,Cruise
1,165,1675449851.2146163,48.249111320200264,-0.02334518239732988,False,True,False,False,100000,False,True,False,4.096152707244912,-0.8813186960918276,9.787849071388512,0.01084577171176721,True,Cruise
1,166,1675449851.314593,48.249111320200264,-0.02334518239732988,False,True,False,False,100000,False,True,False,4.103661560021791,-0.8690739653523756,9.783932834432816,0.005779042868082116,True,Cruise
1,167,1675449851.4145918,48.249111320200264,-0.02334518239732988,False,True,False,False,100000,False,True,False,4.096338325052389,-0.8515119863532228,9.783202092328667,0.039749735795097774,True,Cruise
1,168,1675449851.5146706,48.27222863474476,-0.023036951536736548,False,True,False,False,100000,False,True,False,4.071053500261359,-0.9140868976455657,9.780444644941857,0.007442726498140139,True,Cruise
1,169,1675449851.614584,48.27222863474476,-0.023036951536736548,False,True,False,False,100000,False,True,False,4.065739064946466,-0.9122424434805898,9.7790104524486,0.005805354596455824,True,Cruise
1,170,1675449851.7146037,48.353358518891184,-0.0219552197481176,False,True,False,False,100000,False,True,False,4.059267112366587,-0.9093758314800565,9.777664368626029,0.007205246436811588,True,Cruise
1,171,1675449851.8145602,48.353358518891184,-0.0219552197481176,False,True,False,False,100000,False,True,False,4.039880605262635,-0.9476548199859834,9.773543862442779,0.010576881002624758,True,Cruise
1,172,1675449851.9146256,49.28552995985478,-0.00952626720193628,False,True,False,False,100000,False,True,False,3.5885109381844646,-0.975106563051939,9.788293135529873,0.4421034974309095,True,Cruise
1,173,1675449852.0145967,49.28552995985478,-0.00952626720193628,False,True,False,False,100000,False,True,False,3.675422625291463,-0.4472919811121071,9.820497977521727,0.5358908714578227,True,Cruise
1,174,1675449852.1146696,48.75770118644686,-0.016563984180708622,False,True,False,False,100000,False,True,False,3.903718931310185,-0.37821840908654486,9.787202922483665,0.07978806049135069,True,Cruise
1,175,1675449852.2146137,48.75770118644686,-0.016563984180708622,False,True,False,False,100000,False,True,False,3.9790804751253632,-0.4022991695943243,9.776864195089475,0.07978806049135069,True,Cruise
1,176,1675449852.314588,48.75770118644686,-0.016563984180708622,False,True,False,True,100000,False,True,False,4.02516515889035,-0.6129067244775396,9.764738662758157,0.21593139833271863,True,Cruise
1,177,1675449852.414619,49.45005365925829,-0.007332617876556219,False,True,False,True,100000,False,True,False,4.0109976906767155,-0.6977459864626555,9.763878777567633,0.21593139833271863,True,Cruise
1,178,1675449852.5145946,49.45005365925829,-0.007332617876556219,False,True,False,True,100000,False,True,False,3.985743089431769,-0.7487739044688724,9.762638423361548,0.019976529630166762,True,Cruise
1,179,1675449852.614614,49.190252024150595,-0.010796639677992086,False,True,False,True,100000,False,True,False,3.9761230012796407,-0.8078448492475343,9.761041470281667,0.10370346810531698,True,Cruise
1,180,1675449852.7145956,49.190252024150595,-0.010796639677992086,False,True,False,True,100000,False,True,False,3.9813574571417045,-0.7042812786268935,9.759777900259014,0.10370346810531698,True,Cruise
1,181,1675449852.8146,48.95401668654896,-0.013946444179347157,False,True,False,True,100000,False,True,False,3.9951984263012625,-0.6720186541016597,9.75766941200632,0.10370346810531698,True,Cruise
1,182,1675449852.9146101,48.95401668654896,-0.013946444179347157,False,True,False,True,100000,False,True,False,4.003034048529443,-0.6932944266189989,9.757229900938647,0.028362563581593267,True,Cruise
1,183,1675449853.0146627,48.95401668654896,-0.013946444179347157,False,True,False,True,100000,False,True,False,4.0117255486249075,-0.6862473441776387,9.75736919055065,0.02126200066078014,True,Cruise
1,184,1675449853.11463,48.853092056888876,-0.015292105908148312,False,True,False,True,100000,False,True,False,4.016321227143093,-0.6944432781154277,9.757648548277235,0.009400618856996563,True,Cruise
1,185,1675449853.2145948,48.853092056888876,-0.015292105908148312,False,True,False,True,100000,False,True,False,3.985423750521945,-0.49659403860653684,9.706995789850652,0.20655429691009258,True,Cruise
1,186,1675449853.3145897,49.71226899562184,0.0038364133917088193,False,True,False,True,100000,False,True,False,4.006145362160357,-0.529218308617621,9.7248829406686,0.04258730265035956,True,Cruise
1,187,1675449853.4146104,49.71226899562184,0.0038364133917088193,False,True,False,True,100000,False,True,False,4.02507152268437,-0.5483003219330747,9.73867093463707,0.015588514973426087,True,Cruise
1,188,1675449853.514574,49.71226899562184,0.0038364133917088193,False,True,False,True,100000,False,True,False,4.043315970257604,-0.5810865323803063,9.752511158240322,0.021680031294238435,True,Cruise
1,189,1675449853.6146386,49.504348499188175,-0.006608686677490938,False,True,False,True,100000,False,True,False,4.068097755285588,-0.41551255491434136,9.764860295907672,0.24294005215249462,True,Cruise
1,190,1675449853.7147355,49.504348499188175,-0.006608686677490938,False,True,False,True,100000,False,True,False,4.068097755285588,-0.41551255491434136,9.764860295907672,0.24294005215249462,True,Cruise
1,191,1675449853.814602,49.42079074470322,-0.007722790070623775,False,True,False,True,100000,False,True,False,4.086466017384494,-0.4238783325901864,9.782381535572176,0.026727759502748805,True,Cruise
1,192,1675449853.9145916,49.42079074470322,-0.007722790070623775,False,True,False,True,100000,False,True,False,4.091188697050301,-0.4160174948514959,9.791678751459957,0.022559520631587934,True,Cruise
1,193,1675449854.0145905,49.2690637690629,0.00974581641249461,False,True,False,True,100000,False,True,False,4.094894765311487,-0.36965453962486333,9.798379072869311,0.012409543755688585,True,Cruise
1,194,1675449854.1146665,49.2690637690629,0.00974581641249461,False,True,False,True,100000,False,True,False,4.096837329654606,-0.34945597959536995,9.802511142995805,0.010472237794431405,True,Cruise
1,195,1675449854.2147124,49.2690637690629,0.00974581641249461,False,True,False,True,100000,False,True,False,4.101497791155226,-0.14006201347488456,9.80381254043177,0.20944986651786646,True,Cruise
1,196,1675449854.3146536,48.76783950699902,0.016428806573346454,False,True,False,True,100000,False,True,False,4.102734516342161,0.028440378871333667,9.803769330438575,1.8480077151144743,True,Cruise
1,197,1675449854.4147327,48.76783950699902,0.016428806573346454,False,True,False,True,100000,False,True,False,1.2338896665965673,0.2587514181937307,10.05218382916354,1.8480077151144743,True,Cruise
1,198,1675449854.5147285,47.50878832578076,0.03321615565625649,False,True,False,True,100000,False,True,False,0.03624232982510299,0.3058265026647188,10.10328924839737,0.24406760686846699,True,Cruise
1,199,1675449854.6146798,47.50878832578076,0.03321615565625649,False,True,False,True,100000,False,True,False,-1.7296682011808868,0.5745484821578165,10.186884872528466,0.8776078772600273,True,Cruise
1,200,1675449854.714905,47.29523888018227,0.0360634815975698,False,False,False,True,100000,False,True,False,-2.8075493996265037,1.0298834109430983,10.170973232004647,1.170218336738327,True,Cruise
1,201,1675449854.8147223,47.29523888018227,0.0360634815975698,False,False,False,True,100000,False,True,False,-3.1459540330988554,1.173241033076678,10.13813288687696,0.3689818315953462,True,Cruise
1,202,1675449854.9147267,46.94222762518641,0.04077029833084787,False,False,False,True,100000,False,True,False,-3.6518945882185427,1.539237861396337,10.05013716695856,0.29804195089071245,True,Cruise
1,203,1675449855.0145667,46.94222762518641,0.04077029833084787,False,False,False,True,100000,False,True,False,-4.28626926261483,2.006821969010708,9.904826497104619,0.2829338269560926,True,Cruise
1,204,1675449855.114723,46.757093750881204,0.04323874998825056,False,False,False,True,100000,False,True,False,-4.313103834506872,2.1904579327040743,9.841685585484234,0.19603325261412613,True,Cruise
1,205,1675449855.2146087,46.757093750881204,0.04323874998825056,False,False,False,True,100000,False,True,False,-4.313103834506872,2.1904579327040743,9.841685585484234,0.19603325261412613,True,Cruise
1,206,1675449855.3145742,46.757093750881204,0.04323874998825056,False,False,False,True,100000,False,True,False,-4.069188432595297,2.4621870766031075,9.655425076526987,0.40990782882350457,True,Cruise
1,207,1675449855.4146883,46.49832528405982,0.046688996212535784,False,False,False,True,100000,False,True,False,-3.269312054446838,2.4964201647895408,9.478010989594804,0.42987351562713133,True,Cruise
1,208,1675449855.5146146,46.49832528405982,0.046688996212535784,False,False,False,True,100000,False,True,False,-3.9187860221534137,2.5092787982536318,9.505162257207935,0.2397316495930796,True,Cruise
1,209,1675449855.6146333,46.301702568680966,0.04931063241758706,False,False,False,True,100000,False,True,False,-3.333310498674996,2.5455390982128483,9.43771935647032,0.5904616353374396,True,Cruise
1,210,1675449855.7147472,46.301702568680966,0.04931063241758706,False,False,False,True,100000,False,True,False,-2.957475732304266,2.671195940072078,9.431160949657468,0.39633877708205556,True,Cruise
1,211,1675449855.8146048,45.864974756978114,0.055133669906958546,False,False,False,True,100000,False,True,False,-2.3803163663530698,2.6850448548516295,9.396770268401387,0.5572169731456422,True,Cruise
1,212,1675449855.9145784,45.864974756978114,0.055133669906958546,False,False,False,True,100000,False,True,False,-2.350347303145073,2.6906955027083894,9.466697513225114,0.5345371837856073,True,Cruise
1,213,1675449856.0145917,45.68022106821657,0.05759705242377908,False,False,False,True,100000,False,True,False,-2.904910175917594,2.6744769159656503,9.549902530693727,0.5610045430703706,True,Cruise
1,214,1675449856.1146283,45.68022106821657,0.05759705242377908,False,False,False,True,100000,False,True,False,-2.6476514704080687,2.8865955947174777,9.588138037478219,0.47920315120721646,True,Cruise
1,215,1675449856.2145948,45.68022106821657,0.05759705242377908,False,False,False,True,100000,False,True,False,-2.6476514704080687,2.8865955947174777,9.588138037478219,0.7802952890903722,True,Cruise
1,216,1675449856.3145657,44.64652907888529,0.07137961228152946,False,False,False,True,100000,False,True,False,-1.2707773740438717,2.8913437531280475,9.629694368944968,0.4783586220532926,True,Cruise
1,217,1675449856.41462,44.64652907888529,0.07137961228152946,False,False,False,True,100000,False,True,False,-2.2845841357749297,3.0493622290649034,9.812445932533073,0.46126110626271444,True,Cruise
1,218,1675449856.5146232,44.444454093941246,0.07407394541411672,False,False,False,True,100000,False,True,False,-2.7165221072730987,3.1948141918602637,9.88340453629419,0.46126110626271444,True,Cruise
1,219,1675449856.6145697,44.444454093941246,0.07407394541411672,False,False,False,True,100000,False,True,False,-3.1705244638969017,3.291298982321611,9.970590469220472,0.173104559998187,True,Cruise
1,220,1675449856.7146864,44.25658944738674,0.07657880736817675,False,False,False,True,100000,False,True,False,-3.1705244638969017,3.291298982321611,9.970590469220472,0.173104559998187,True,Cruise
1,221,1675449856.8146791,44.25658944738674,0.07657880736817675,False,False,False,True,100000,False,True,False,-3.059203561858816,3.5562510533142957,9.988968692698872,0.4392705430719793,True,Cruise
1,222,1675449856.91459,44.25658944738674,0.07657880736817675,False,False,False,True,100000,False,True,False,-2.63089432361513,3.680353115379987,9.954348110291109,0.5097526357467222,True,Cruise
1,223,1675449857.0145922,44.086079653257734,0.07885227128989687,False,False,False,True,100000,False,True,False,-2.0309020694117996,3.6631650182841127,9.900406470928727,0.6174583084343275,True,Cruise
1,224,1675449857.1145885,44.086079653257734,0.07885227128989687,False,False,False,True,100000,False,True,False,-2.0309020694117996,3.6631650182841127,9.900406470928727,0.5242223483275923,True,Cruise
1,225,1675449857.214643,43.988227215008585,0.08015697046655221,False,False,False,True,100000,False,True,False,-2.0309020694117996,3.6631650182841127,9.900406470928727,0.5242223483275923,True,Cruise
1,226,1675449857.314545,43.988227215008585,0.08015697046655221,False,False,False,True,100000,False,True,False,-1.4841333996586017,3.865632788136819,9.836181684886425,0.4124747007702001,True,Cruise
1,227,1675449857.414637,44.011270728274496,0.07984972362300675,False,False,False,True,100000,False,True,False,-0.9846827512704124,3.9241664238816134,9.779689241224894,0.2750866220144454,True,Cruise
1,228,1675449857.514571,44.011270728274496,0.07984972362300675,False,False,False,True,100000,False,True,False,-0.2766052648973061,3.971191294832535,9.719433261991295,0.2929748270010039,True,Cruise
1,229,1675449857.614637,44.011270728274496,0.07984972362300675,False,False,False,True,100000,False,True,False,-0.15228092334689097,3.983598446331649,9.721797315212239,0.12496426712423715,True,Cruise
1,230,1675449857.714671,44.100155004644535,0.07866459993807291,False,False,False,True,100000,False,True,False,-0.15228092334689097,3.983598446331649,9.721797315212239,0.12496426712423715,True,Cruise
1,231,1675449857.8146951,44.100155004644535,0.07866459993807291,False,False,False,True,100000,False,True,False,0.520152289508899,3.98383155219584,9.672802312744516,0.6472314144723809,True,Cruise
1,232,1675449857.9146037,44.25478825220031,0.0766028233039958,False,False,False,True,100000,False,True,False,0.4188955132920667,3.967298578481246,9.713794775510113,0.09900120083988086,True,Cruise
1,233,1675449858.0146577,44.25478825220031,0.0766028233039958,False,False,False,True,100000,False,True,False,1.223368767890297,3.9668889662641735,9.66041483626295,0.06349459827473626,True,Cruise
1,234,1675449858.114582,44.46167208541895,0.07384437219441403,False,False,False,True,100000,False,True,False,1.2447026588754802,3.9124572482167945,9.685186133683818,0.06349459827473626,True,Cruise
1,235,1675449858.2145822,44.46167208541895,0.07384437219441403,False,False,False,True,100000,False,True,False,1.9821904306317826,3.8341685804889494,9.675883340543347,0.7416898751802476,True,Cruise
1,236,1675449858.314629,44.82198849636077,0.06904015338185647,False,False,False,True,100000,False,True,False,0.9351629333597322,3.8011048091403845,9.831354470398658,0.29898507291344745,True,Cruise
1,237,1675449858.414612,44.82198849636077,0.06904015338185647,False,False,False,True,100000,False,True,False,0.9351629333597322,3.8011048091403845,9.831354470398658,0.29898507291344745,True,Cruise
1,238,1675449858.5146224,46.372385204636565,0.048368197271512384,False,False,False,True,100000,False,True,False,2.551067257451805,3.7444779818863942,9.710051544230167,0.8152989714446651,True,Cruise
1,239,1675449858.61458,46.372385204636565,0.048368197271512384,False,False,False,True,100000,False,True,False,2.7074214772062994,3.6094597112834506,9.721137506489457,0.20688033737129513,True,Cruise
1,240,1675449858.7145705,46.888197630039976,0.04149069826613369,False,False,False,True,100000,False,True,False,3.20504195384094,3.3142482229105443,9.728385009349847,0.3859022367370676,True,Cruise
1,241,1675449858.8146307,46.888197630039976,0.04149069826613369,False,False,False,True,100000,False,True,False,3.863704189155289,3.216064637145569,9.712397973982991,0.2446774409852367,True,Cruise
1,242,1675449858.9146082,47.466964217234704,0.03377381043687066,False,False,False,True,100000,False,True,False,4.131819422127809,2.878914584573075,9.732751148873275,0.1896512384578031,True,Cruise
1,243,1675449859.0146124,47.466964217234704,0.03377381043687066,False,False,False,True,100000,False,True,False,4.2337644055230195,2.6577527433723835,9.765305122541053,0.10644648298046168,True,Cruise
1,244,1675449859.114596,48.154317578752874,0.024609098949961633,False,False,False,True,100000,False,True,False,4.2337644055230195,2.6577527433723835,9.765305122541053,0.10644648298046168,True,Cruise
1,245,1675449859.2147229,48.154317578752874,0.024609098949961633,False,False,False,True,100000,False,True,False,4.3411328235790965,2.1722030188048724,9.80821549250998,0.49912705003267516,True,Cruise
1,246,1675449859.3146067,48.154317578752874,0.024609098949961633,False,False,False,True,100000,False,True,False,4.4106037440830725,1.8991752507629034,9.828964506930163,0.21156230833790832,True,Cruise
1,247,1675449859.414619,48.92347189174108,0.014353708110118909,False,False,False,True,100000,False,True,False,4.4539064710002325,1.6407126059012198,9.845701220267657,0.09836803588374188,True,Cruise
1,248,1675449859.514701,48.92347189174108,0.014353708110118909,False,False,False,True,100000,False,True,False,4.47309746747704,1.3993009331030308,9.856613081373569,0.20175403321434393,True,Cruise
1,249,1675449859.6145842,48.92347189174108,0.014353708110118909,False,False,False,True,100000,False,True,False,4.47309746747704,1.3993009331030308,9.856613081373569,0.20175403321434393,True,Cruise
1,250,1675449859.714618,49.27648451511612,-0.009646873131785121,False,False,False,True,100000,False,True,False,4.420794364326385,1.0710768879977122,9.864724505623174,0.052192928014515964,True,Cruise
1,251,1675449859.8145883,49.27648451511612,-0.009646873131785121,False,False,False,True,100000,False,True,False,4.394165864487955,1.0947579267953518,9.863636169871356,0.3771801374990533,True,Cruise
1,252,1675449859.9145684,49.0189371989064,-0.013080837347914669,False,False,False,True,100000,False,True,False,4.3662285377132,0.45689861208152716,9.854860487952596,0.2615920552512747,True,Cruise
1,253,1675449860.0146132,49.0189371989064,-0.013080837347914669,False,False,False,True,100000,False,True,False,3.312988845625132,0.10628303424929972,9.94149017260556,1.0560067354645248,True,Cruise
1,254,1675449860.1146016,49.0189371989064,-0.013080837347914669,False,False,False,True,100000,False,True,False,2.2185017479474056,0.02889130504273705,9.970885873728909,1.0976135904666668,True,Cruise
1,255,1675449860.214598,48.52526555136067,-0.019663125981857772,False,False,False,True,100000,False,True,False,2.2185017479474056,0.02889130504273705,9.970885873728909,0.05288265214931865,True,Cruise
1,256,1675449860.3146167,48.52526555136067,-0.019663125981857772,False,False,False,True,100000,False,True,False,1.2490131075792872,-0.28035586104753024,9.976127364653113,0.48311247040251537,True,Cruise
1,257,1675449860.4145885,46.74383043166033,-0.043415594244528996,False,False,False,True,100000,False,True,False,0.6700288513400856,-0.39814804811210164,9.994372673411675,0.7714750211778825,True,Cruise
1,258,1675449860.5145814,46.74383043166033,-0.043415594244528996,False,False,False,True,100000,False,True,False,-1.2171639985451554,-0.350772066918993,10.084216442324887,1.1229862258082686,True,Cruise
1,259,1675449860.6146085,46.74383043166033,-0.043415594244528996,False,False,False,True,100000,False,True,False,-2.796342862177817,-1.168669343443085,10.110992983598763,1.7786171092880734,True,Cruise
1,260,1675449860.7145474,45.639563301373926,-0.05813915598168097,False,False,False,True,100000,False,True,False,-3.804952806347468,-1.798492601542011,10.003009452752773,0.28581013359203894,True,Cruise
1,261,1675449860.814567,45.639563301373926,-0.05813915598168097,False,False,False,True,100000,False,True,False,-4.009658911660352,-2.204742428350396,9.9539365809472,0.3806636577229832,True,Cruise
1,262,1675449860.914613,42.623229278403684,-0.09835694295461757,False,False,False,True,100000,False,True,False,-4.373029381388396,-2.7509767962090526,9.855557357679753,0.2849852160033672,True,Cruise
1,263,1675449861.0146146,42.623229278403684,-0.09835694295461757,False,False,False,True,100000,False,True,False,-4.5399627114418,-2.793397215643286,9.808589538482506,0.1785278821580544,True,Cruise
1,264,1675449861.114588,40.17526404231637,-0.13099647943578172,False,False,False,True,100000,False,True,False,-4.5399627114418,-2.793397215643286,9.808589538482506,0.1785278821580544,True,Cruise
1,265,1675449861.214623,40.17526404231637,-0.13099647943578172,True,False,False,True,18.413212534850317,False,False,False,-5.334952355569421,-4.492570669285734,9.614583292125282,0.1963974020390861,True,Keep distance
1,266,1675449861.3145854,33.619818802275475,-0.13099647943578172,True,False,False,True,18.413212534850317,False,False,False,-5.414426789525506,-5.080370119186292,9.580119357607881,0.5941482489568226,True,Keep distance
1,267,1675449861.4146645,33.619818802275475,-0.13219094290644384,True,False,False,True,18.413212534850317,False,False,False,-5.81901938787957,-5.727008349780519,9.555077907280944,0.1984355895657492,True,Keep distance
1,268,1675449861.5146601,33.619818802275475,-0.13219094290644384,True,False,False,False,18.413212534850317,False,False,True,-5.960318134432388,-5.865878449282012,9.543833224388374,0.1984355895657492,True,Keep distance
1,269,1675449861.6146054,36.0,0.2,True,False,False,False,18.413212534850317,False,False,True,-5.968755891173823,-6.284962129842189,9.493359285097004,0.4221965722246935,True,Keep distance
1,270,1675449861.7146199,36.0,0.2,True,False,False,False,18.413212534850317,False,False,True,-0.5943677336830139,-2.0284959857809146,9.133997509173538,5.585203698318265,True,Keep distance
1,271,1675449861.8146102,36.0,0.2,True,False,False,False,18.413212534850317,False,False,True,0.07341650367669961,0.9281040367834988,9.154372461243035,1.4057242107190766,True,Keep distance
