repetition,iteration,time,speed,steering,obstacle_North,obstacle_NorthWest,obstacle_SouthWest,obstacle_West,obstacle_distance,follow_enable,steady_motion_enable,passing_start,accel_x,accel_y,accel_z,accel_diff,success,action
1,1,1675450001.2234101,0.0,0.0,False,True,False,True,100000,False,True,False,-0.5827503627465963,2.518669814819014e-13,9.34365782735676,0.15452483893421318,True,Cruise
1,2,1675450001.2235997,0.0,0.0,False,True,False,True,100000,False,True,False,-0.5827503627465963,2.518669814819014e-13,9.34365782735676,0.15452483893421318,True,Cruise
1,3,1675450001.3237438,0.0,0.0,False,True,False,True,100000,False,True,False,-0.5427605459629992,3.6646467279285843e-13,9.6423083294359,0.14700213858791294,True,Cruise
1,4,1675450001.4237323,49.61972724682682,-0.005070303375642475,False,True,False,True,100000,False,True,False,-0.5427605459629992,3.6646467279285843e-13,9.6423083294359,0.14700213858791294,True,Cruise
1,5,1675450001.5237067,49.61972724682682,-0.005070303375642475,False,True,False,True,100000,False,True,False,-0.5427605459629992,3.6646467279285843e-13,9.6423083294359,0.13858379524041325,True,Cruise
1,6,1675450001.623853,49.61972724682682,-0.005070303375642475,False,True,False,True,100000,False,True,False,-0.46642964048368857,3.702470678605594e-13,9.899097325021422,0.12953481001762876,True,Cruise
1,7,1675450001.7237303,49.61972724682682,-0.005070303375642475,False,True,False,True,100000,False,True,False,-0.46642964048368857,3.702470678605594e-13,9.899097325021422,0.12953481001762876,True,Cruise
1,8,1675450001.8237038,49.61972724682682,-0.005070303375642475,False,True,False,True,100000,False,True,False,0.5684896539710806,-3.1750321708855533e-13,9.914101400459415,1.0350280519456978,True,Cruise
1,9,1675450001.9237697,49.61972724682682,-0.005070303375642475,False,True,False,True,100000,False,True,False,0.5684896539710806,-3.1750321708855533e-13,9.914101400459415,1.0350280519456978,True,Cruise
1,10,1675450002.0237205,49.476103618924434,-0.006985285081007533,False,True,False,True,100000,False,True,False,2.2652261172698243,-0.006160252870696362,9.976714599487977,1.6979025258522782,True,Cruise
1,11,1675450002.1237035,49.476103618924434,-0.006985285081007533,False,True,False,True,100000,False,True,False,2.2652261172698243,-0.006160252870696362,9.976714599487977,1.6979025258522782,True,Cruise
1,12,1675450002.2237017,49.476103618924434,-0.006985285081007533,False,True,False,True,100000,False,True,False,2.2652261172698243,-0.006160252870696362,9.976714599487977,1.6979025258522782,True,Cruise
1,13,1675450002.3237913,49.582527145719304,-0.00556630472374263,False,True,False,True,100000,False,True,False,2.77255516804262,-0.010648610774758935,10.026464541714578,1.6979025258522782,True,Cruise
1,14,1675450002.423702,49.582527145719304,-0.00556630472374263,False,True,False,True,100000,False,True,False,2.77255516804262,-0.010648610774758935,10.026464541714578,1.6979025258522782,True,Cruise
1,15,1675450002.5237226,49.582527145719304,-0.00556630472374263,False,True,False,True,100000,False,True,False,2.77255516804262,-0.010648610774758935,10.026464541714578,1.6979025258522782,True,Cruise
1,16,1675450002.623726,49.582527145719304,-0.00556630472374263,False,True,False,True,100000,False,True,False,3.1071383243227997,-0.003288705854803872,10.08212100824294,0.509782274962803,True,Cruise
1,17,1675450002.7237027,49.753623353337915,-0.0032850219554945237,False,True,False,True,100000,False,True,False,3.505926787220156,-0.013037016427394217,10.186130584711675,0.15870403097927982,True,Cruise
1,18,1675450002.8237035,49.753623353337915,-0.0032850219554945237,False,True,False,True,100000,False,True,False,3.505926787220156,-0.013037016427394217,10.186130584711675,0.15870403097927982,True,Cruise
1,19,1675450002.9237013,49.753623353337915,-0.0032850219554945237,False,True,False,True,100000,False,True,False,3.6593458554150917,-0.005287205633393859,10.225999111094362,0.15870403097927982,True,Cruise
1,20,1675450003.023691,49.753623353337915,-0.0032850219554945237,False,True,False,True,100000,False,True,False,3.9693007484473526,-0.009316067168411445,10.2739556399005,0.15851672650840748,True,Cruise
1,21,1675450003.1238518,49.753623353337915,-0.0032850219554945237,False,True,False,True,100000,False,True,False,3.9693007484473526,-0.009316067168411445,10.2739556399005,0.15851672650840748,True,Cruise
1,22,1675450003.2237253,49.753623353337915,-0.0032850219554945237,False,True,False,True,100000,False,True,False,3.9693007484473526,-0.009316067168411445,10.2739556399005,0.15851672650840748,True,Cruise
1,23,1675450003.323706,49.753623353337915,-0.0032850219554945237,False,True,False,True,100000,False,True,False,3.9693007484473526,-0.009316067168411445,10.2739556399005,0.15851672650840748,True,Cruise
1,24,1675450003.4236987,49.72266693061318,-0.0036977742584909466,False,True,False,True,100000,False,True,False,4.285328630941051,0.0013130291977315582,10.282831467747757,0.31633112480909287,True,Cruise
1,25,1675450003.5237193,49.72266693061318,-0.0036977742584909466,False,True,False,True,100000,False,True,False,4.285328630941051,0.0013130291977315582,10.282831467747757,0.14735837231210064,True,Cruise
1,26,1675450003.623721,49.72266693061318,-0.0036977742584909466,False,True,False,True,100000,False,True,False,4.285328630941051,0.0013130291977315582,10.282831467747757,0.14735837231210064,True,Cruise
1,27,1675450003.7237058,49.669385180758944,-0.004408197589880727,False,True,False,True,100000,False,True,False,4.565431318709394,-0.0009937365265987558,10.261692632950812,0.13364791915446883,True,Cruise
1,28,1675450003.8237052,49.669385180758944,-0.004408197589880727,False,True,False,True,100000,False,True,False,4.565431318709394,-0.0009937365265987558,10.261692632950812,0.13364791915446883,True,Cruise
1,29,1675450003.9237216,49.669385180758944,-0.004408197589880727,False,True,False,True,100000,False,True,False,4.565431318709394,-0.0009937365265987558,10.261692632950812,0.11692098711569171,True,Cruise
1,30,1675450004.0237257,49.669385180758944,-0.004408197589880727,False,True,False,True,100000,False,True,False,4.776572423675672,-0.003945417379377755,10.219285861188164,0.09864364493410256,True,Cruise
1,31,1675450004.1237466,49.669385180758944,-0.004408197589880727,False,True,False,True,100000,False,True,False,4.776572423675672,-0.003945417379377755,10.219285861188164,0.09864364493410256,True,Cruise
1,32,1675450004.223726,49.394609610765386,-0.00807187185646155,False,True,False,True,100000,False,True,False,4.776572423675672,-0.003945417379377755,10.219285861188164,0.09864364493410256,True,Cruise
1,33,1675450004.3237054,49.394609610765386,-0.00807187185646155,False,True,False,True,100000,False,True,False,4.776572423675672,-0.003945417379377755,10.219285861188164,0.09864364493410256,True,Cruise
1,34,1675450004.4237258,49.394609610765386,-0.00807187185646155,False,True,False,True,100000,False,True,False,4.776572423675672,-0.003945417379377755,10.219285861188164,0.09864364493410256,True,Cruise
1,35,1675450004.5237002,49.394609610765386,-0.00807187185646155,False,True,False,True,100000,False,True,False,4.908146063823307,-0.00883786883781055,10.162444713221037,0.09864364493410256,True,Cruise
1,36,1675450004.6237,49.394609610765386,-0.00807187185646155,False,True,False,True,100000,False,True,False,4.944917666908963,0.0014197311128230673,10.130355051597318,0.049870988894957904,True,Cruise
1,37,1675450004.7237208,49.394609610765386,-0.00807187185646155,False,True,False,False,100000,False,True,False,4.944917666908963,0.0014197311128230673,10.130355051597318,0.049870988894957904,True,Cruise
1,38,1675450004.8237054,49.478364598538356,-0.0069551386861552555,False,True,False,False,100000,False,True,False,4.965885256722856,-0.020058216895368384,10.061862896069334,0.049870988894957904,True,Cruise
1,39,1675450004.9237115,49.478364598538356,-0.0069551386861552555,False,True,False,False,100000,False,True,False,4.965885256722856,-0.020058216895368384,10.061862896069334,0.049870988894957904,True,Cruise
1,40,1675450005.0237033,49.478364598538356,-0.0069551386861552555,False,True,False,False,100000,False,True,False,4.95283743129171,-0.01971558658462056,10.026547238407781,0.03765048233528355,True,Cruise
1,41,1675450005.123704,49.478364598538356,-0.0069551386861552555,False,True,False,False,100000,False,True,False,4.95283743129171,-0.01971558658462056,10.026547238407781,0.03765048233528355,True,Cruise
1,42,1675450005.223869,49.4594886488175,-0.00720681801576673,False,True,False,False,100000,False,True,False,4.95283743129171,-0.01971558658462056,10.026547238407781,0.03765048233528355,True,Cruise
1,43,1675450005.3237176,49.4594886488175,-0.00720681801576673,False,True,False,False,100000,False,True,False,4.926077151275785,-0.021445592657921494,9.991180597503117,0.04438360954703683,True,Cruise
1,44,1675450005.4237194,49.4594886488175,-0.00720681801576673,False,True,False,False,100000,False,True,False,4.837678303331282,-0.013608912444016734,9.92202566605853,0.052688178643517034,True,Cruise
1,45,1675450005.5237665,49.4594886488175,-0.00720681801576673,False,True,False,False,100000,False,True,False,4.837678303331282,-0.013608912444016734,9.92202566605853,0.052688178643517034,True,Cruise
1,46,1675450005.6236532,49.4594886488175,-0.00720681801576673,False,True,False,False,100000,False,True,False,4.837678303331282,-0.013608912444016734,9.92202566605853,0.052688178643517034,True,Cruise
1,47,1675450005.7236907,49.4594886488175,-0.00720681801576673,False,True,False,False,100000,False,True,False,4.837678303331282,-0.013608912444016734,9.92202566605853,0.060163373705857136,True,Cruise
1,48,1675450005.823732,49.4594886488175,-0.00720681801576673,False,True,False,False,100000,False,True,False,4.837678303331282,-0.013608912444016734,9.92202566605853,0.060163373705857136,True,Cruise
1,49,1675450005.9237032,49.279489792072894,-0.009606802772361386,False,True,False,False,100000,False,True,False,4.713554168208688,-0.015785318080547957,9.857403085858568,0.0671137279712125,True,Cruise
1,50,1675450006.0237114,49.279489792072894,-0.009606802772361386,False,True,False,False,100000,False,True,False,4.713554168208688,-0.015785318080547957,9.857403085858568,0.0671137279712125,True,Cruise
1,51,1675450006.1237235,49.279489792072894,-0.009606802772361386,False,True,False,False,100000,False,True,False,4.642215674268134,-0.017190346844789862,9.827520655525303,0.07735705828272717,True,Cruise
1,52,1675450006.2237003,49.290202008448055,-0.009463973220692656,False,True,False,False,100000,False,True,False,4.489025781603651,-0.011517303132564528,9.773668055225867,0.16247901156311684,True,Cruise
1,53,1675450006.3237035,49.290202008448055,-0.009463973220692656,False,True,False,False,100000,False,True,False,4.489025781603651,-0.011517303132564528,9.773668055225867,0.16247901156311684,True,Cruise
1,54,1675450006.4237335,49.290202008448055,-0.009463973220692656,False,True,False,False,100000,False,True,False,4.489025781603651,-0.011517303132564528,9.773668055225867,0.16247901156311684,True,Cruise
1,55,1675450006.5237563,49.231114598110295,-0.010251805358529324,False,True,False,False,100000,False,True,False,4.331732297574253,-0.027877298392667667,9.728615155211711,0.08141282119576608,True,Cruise
1,56,1675450006.6238751,49.231114598110295,-0.010251805358529324,False,True,False,False,100000,False,True,False,4.254976163590579,-0.02722812408344904,9.709580120184258,0.07908386744399755,True,Cruise
1,57,1675450006.723788,49.92499361476747,0.0010000851364337206,False,True,False,False,100000,False,True,False,4.254976163590579,-0.02722812408344904,9.709580120184258,0.07587861236758753,True,Cruise
1,58,1675450006.8237662,49.92499361476747,0.0010000851364337206,False,True,False,False,100000,False,True,False,3.9852342003001127,-0.028591978868708717,9.656904807084723,0.06091142911228535,True,Cruise
1,59,1675450006.9237607,49.67233537869229,-0.0043688616174361265,False,True,False,False,100000,False,True,False,3.883660812420723,-0.0015090712282670197,9.643905163042865,0.046033493790184725,True,Cruise
1,60,1675450007.0237563,49.82265831561539,0.0023645557917947556,False,True,False,False,100000,False,True,False,3.808268584459395,0.03613474579094948,9.638877465089752,0.0383971490489667,True,Cruise
1,61,1675450007.123778,49.82265831561539,0.0023645557917947556,False,True,False,False,100000,False,True,False,3.7804448985723127,0.003768577699208179,9.63907033399218,0.042682121921237756,True,Cruise
1,62,1675450007.2237499,49.82265831561539,0.0023645557917947556,False,True,False,False,100000,False,True,False,3.74492840819628,0.006561870939040472,9.64409286945185,0.038217327811216464,True,Cruise
1,63,1675450007.32376,49.82265831561539,0.0023645557917947556,False,True,False,False,100000,False,True,False,3.7342574581253043,0.0281691682624401,9.654364149027442,0.007974655516847055,True,Cruise
1,64,1675450007.4237103,49.82265831561539,0.0023645557917947556,False,True,False,False,100000,False,True,False,3.757377497736812,0.02874526079801013,9.677032383174163,0.014839225973300762,True,Cruise
1,65,1675450007.5237496,49.76160593063763,0.0031785875914982493,False,True,False,False,100000,False,True,False,3.757377497736812,0.02874526079801013,9.677032383174163,0.014839225973300762,True,Cruise
1,66,1675450007.6237373,49.76160593063763,0.0031785875914982493,False,True,False,False,100000,False,True,False,3.8150597321841233,0.030917528424133416,9.704892413602797,0.0241383831489837,True,Cruise
1,67,1675450007.7237334,49.76160593063763,0.0031785875914982493,False,True,False,False,100000,False,True,False,3.839314247791404,0.02880140961369385,9.714688995002298,0.026243713404942717,True,Cruise
1,68,1675450007.823729,49.80115317009393,0.002651291065414259,False,True,False,False,100000,False,True,False,3.8919667192107332,0.034506901129189124,9.734296428948943,0.028584328901780944,True,Cruise
1,69,1675450007.9237509,49.80115317009393,0.002651291065414259,False,True,False,False,100000,False,True,False,3.9466644098410737,0.03234721130363652,9.753185561906617,0.05790769348133068,True,Cruise
1,70,1675450008.0237243,49.80115317009393,0.002651291065414259,False,True,False,False,100000,False,True,False,3.999731890949757,0.027525371698104057,9.770588525496969,0.027867584635799213,True,Cruise
1,71,1675450008.1237395,49.80115317009393,0.002651291065414259,False,True,False,False,100000,False,True,False,4.048160134054768,0.02287008124095315,9.785888202598825,0.024664322331238595,True,Cruise
1,72,1675450008.223728,49.66261719844147,0.004498437354113761,False,True,False,False,100000,False,True,False,4.048160134054768,0.02287008124095315,9.785888202598825,0.024664322331238595,True,Cruise
1,73,1675450008.3237374,49.66261719844147,0.004498437354113761,False,True,False,False,100000,False,True,False,4.107373249769567,0.018324883559061252,9.803938551747976,0.018532673273789765,True,Cruise
1,74,1675450008.423792,49.66261719844147,0.004498437354113761,False,True,False,False,100000,False,True,False,4.135983722793805,0.021089488810146363,9.812339689556921,0.018532673273789765,True,Cruise
1,75,1675450008.5237257,49.52706169137625,0.0063058441149834304,False,True,False,False,100000,False,True,False,4.14682064866555,0.024537604456665224,9.8154150154334,0.02994630737419684,True,Cruise
1,76,1675450008.6240451,49.52706169137625,0.0063058441149834304,False,True,False,False,100000,False,True,False,4.1616621231558915,0.022883665832400178,9.819347222307485,0.006633554985400933,True,Cruise
1,77,1675450008.7238438,49.52706169137625,0.0063058441149834304,False,True,False,False,100000,False,True,False,4.165789082661782,0.0166472678002868,9.820244849519653,0.0075319446220899824,True,Cruise
1,78,1675450008.823736,49.52706169137625,0.0063058441149834304,False,True,False,False,100000,False,True,False,4.166249595694606,0.03379407986429159,9.81906933782939,0.0023555289178876543,True,Cruise
1,79,1675450008.923782,49.76305337992207,0.0031592882677057023,False,True,False,False,100000,False,True,False,4.166249595694606,0.03379407986429159,9.81906933782939,0.0023555289178876543,True,Cruise
1,80,1675450009.0238206,49.76305337992207,0.0031592882677057023,False,True,False,False,100000,False,True,False,4.152409780392534,0.03500698232755392,9.813035259583529,0.0064354722412083825,True,Cruise
1,81,1675450009.1236637,49.76305337992207,0.0031592882677057023,False,True,False,False,100000,False,True,False,4.12945828157587,0.017164304827442814,9.803631314576988,0.012400691428210903,True,Cruise
1,82,1675450009.2237751,49.97798688830948,0.00029350815587365106,False,True,False,False,100000,False,True,False,4.1113910700852605,0.016408397917601507,9.796321777612102,0.009940759358849012,True,Cruise
1,83,1675450009.3237593,49.97798688830948,0.00029350815587365106,False,True,False,False,100000,False,True,False,4.102064752456998,0.02496346117579226,9.792533024984175,0.013210751467289667,True,Cruise
1,84,1675450009.4239423,49.97798688830948,0.00029350815587365106,False,True,False,False,100000,False,True,False,4.083794660319074,-0.004623251058311381,9.784946796056676,0.013210751467289667,True,Cruise
1,85,1675450009.5238018,49.614981099636914,0.005133585338174488,False,True,False,False,100000,False,True,False,4.06660437502039,-0.009738573998662896,9.777715656251525,0.009233196328143947,True,Cruise
1,86,1675450009.6238818,49.614981099636914,0.005133585338174488,False,True,False,False,100000,False,True,False,4.051295461247228,0.00596360132548457,9.771184648293529,0.031934590958779346,True,Cruise
1,87,1675450009.7237635,49.614981099636914,0.005133585338174488,False,True,False,False,100000,False,True,False,4.044585782283753,0.019925939380804582,9.768261741200318,0.01576420190302938,True,Cruise
1,88,1675450009.8237205,49.59837330621576,0.005355022583789869,False,True,False,False,100000,False,True,False,4.033486463644387,0.020766811622707045,9.763214323946142,0.005823500956642215,True,Cruise
1,89,1675450009.9237707,49.59837330621576,0.005355022583789869,False,True,False,False,100000,False,True,False,4.033486463644387,0.020766811622707045,9.763214323946142,0.008828462754504322,True,Cruise
1,90,1675450010.0237355,49.59837330621576,0.005355022583789869,False,True,False,False,100000,False,True,False,4.02274872264115,0.02423965322222893,9.75789412420912,0.004453844798672762,True,Cruise
1,91,1675450010.1237142,49.59837330621576,0.005355022583789869,False,True,False,False,100000,False,True,False,4.018716901134105,0.03441289947621294,9.755397634528986,0.003129003779464328,True,Cruise
1,92,1675450010.2237124,49.7105493811684,0.0038593415844213274,False,True,False,False,100000,False,True,False,4.018711367082247,0.037098433008312386,9.755166078175339,0.003129003779464328,True,Cruise
1,93,1675450010.32368,49.7105493811684,0.0038593415844213274,False,True,False,False,100000,False,True,False,4.020411277848093,0.04146134599455155,9.755517629379383,0.002319032611329682,True,Cruise
1,94,1675450010.4237285,49.7105493811684,0.0038593415844213274,False,True,False,False,100000,False,True,False,4.024089507027489,0.03800611517802206,9.75681176579965,0.002319032611329682,True,Cruise
1,95,1675450010.5237384,49.40273068978127,0.007963590802916356,False,True,False,False,100000,False,True,False,4.026495455989993,0.03346824083843517,9.757757003067448,0.005222486708885721,True,Cruise
1,96,1675450010.6237433,49.40273068978127,0.007963590802916356,False,True,False,False,100000,False,True,False,4.034995754459811,0.020987526568337127,9.761489363130622,0.012293711742111087,True,Cruise
1,97,1675450010.7237873,49.40273068978127,0.007963590802916356,False,True,False,False,100000,False,True,False,4.037855649327503,0.05036718354890786,9.76296321118387,0.029555295143752356,True,Cruise
1,98,1675450010.8237438,49.66681839611751,0.0044424213850998056,False,True,False,False,100000,False,True,False,4.04080451350902,0.0649875436220883,9.764484782275765,0.014992194876607403,True,Cruise
1,99,1675450010.9237332,49.66681839611751,0.0044424213850998056,False,True,False,False,100000,False,True,False,4.043817365532676,0.06804719721458567,9.766029524060118,0.004563439996631281,True,Cruise
1,100,1675450011.0237215,49.66681839611751,0.0044424213850998056,False,True,False,False,100000,False,True,False,4.052915167827087,0.051539528780399656,9.77055820660835,0.02574838752468209,True,Cruise
1,101,1675450011.1237514,49.33043150751875,0.008927579899749986,False,True,False,False,100000,False,True,False,4.05836607550452,0.03759779487646106,9.773324540938406,0.0033935063038363048,True,Cruise
1,102,1675450011.2238083,49.33043150751875,0.008927579899749986,False,True,False,False,100000,False,True,False,4.060630713749174,0.026227121348728337,9.774595838312445,0.03524598155637344,True,Cruise
1,103,1675450011.3237412,49.33043150751875,0.008927579899749986,False,True,False,False,100000,False,True,False,4.063776571566941,0.07957209738087348,9.77688574042518,0.004350366259841005,True,Cruise
1,104,1675450011.4237096,49.00091175305,0.013321176626000011,False,True,False,False,100000,False,True,False,4.0650996716146555,0.08360599294795382,9.777835887472953,0.004350366259841005,True,Cruise
1,105,1675450011.5237234,49.00091175305,0.013321176626000011,False,True,False,False,100000,False,True,False,4.0679527512993925,0.08256158410701604,9.779871361255582,0.01081678384397488,True,Cruise
1,106,1675450011.6237278,49.00091175305,0.013321176626000011,False,True,False,False,100000,False,True,False,4.068228749860168,0.10842362068468782,9.780617659390847,0.03666218297787811,True,Cruise
1,107,1675450011.7237296,49.62501799637469,0.004999760048337476,False,True,False,False,100000,False,True,False,4.067891511987625,0.12971033974573687,9.78080763316619,0.02129023785217123,True,Cruise
1,108,1675450011.8237863,49.62501799637469,0.004999760048337476,False,True,False,False,100000,False,True,False,4.067035161922024,0.14062385334659064,9.780794998376454,0.02658658037027963,True,Cruise
1,109,1675450011.9237256,49.62501799637469,0.004999760048337476,False,True,False,False,100000,False,True,False,4.067224645808408,0.07212885812515168,9.779799266729546,0.09508242242113832,True,Cruise
1,110,1675450012.0237381,49.62501799637469,0.004999760048337476,False,True,False,False,100000,False,True,False,4.067224645808408,0.07212885812515168,9.779799266729546,0.006910799381923689,True,Cruise
1,111,1675450012.123755,49.04329121953131,0.012756117072915856,False,True,False,False,100000,False,True,False,4.065008833098433,0.06639795105746363,9.7783719722895,0.0013632910820315554,True,Cruise
1,112,1675450012.223728,49.04329121953131,0.012756117072915856,False,True,False,False,100000,False,True,False,4.063821388564697,0.041079738865249724,9.777837036865574,0.02535168730160657,True,Cruise
1,113,1675450012.3238282,49.04329121953131,0.012756117072915856,False,True,False,False,100000,False,True,False,4.058426006482662,0.13100661427033392,9.776263797227958,0.00429155394029565,True,Cruise
1,114,1675450012.4238648,49.11129019181356,0.011849464109152615,False,True,False,False,100000,False,True,False,4.058426006482662,0.13100661427033392,9.776263797227958,0.00429155394029565,True,Cruise
1,115,1675450012.5237713,49.11129019181356,0.011849464109152615,False,True,False,False,100000,False,True,False,4.056276116713643,0.1254420725885022,9.775056643899166,0.006086326421330983,True,Cruise
1,116,1675450012.623727,49.11129019181356,0.011849464109152615,False,True,False,False,100000,False,True,False,4.054266151295359,0.1272593747740795,9.773336772712378,0.0015793316489063284,True,Cruise
1,117,1675450012.723715,47.85043743489275,0.02866083420143005,False,True,False,False,100000,False,True,False,4.053690010794098,0.13199185977016864,9.772842903920548,0.0047929383992438065,True,Cruise
1,118,1675450012.8236835,47.85043743489275,0.02866083420143005,False,True,False,False,100000,False,True,False,4.048684487471286,0.2399827166465024,9.772017953368042,0.14602384799777665,True,Cruise
1,119,1675450012.9237344,47.85043743489275,0.02866083420143005,False,True,False,False,100000,False,True,False,4.048684487471286,0.2399827166465024,9.772017953368042,0.14602384799777665,True,Cruise
1,120,1675450013.023739,48.44024745266114,0.020796700631184804,False,True,False,False,100000,False,True,False,4.041885811782994,0.3625995484881437,9.77162352307775,0.11346370824940494,True,Cruise
1,121,1675450013.1237323,48.44024745266114,0.020796700631184804,False,True,False,False,100000,False,True,False,4.0412481155626345,0.37176527909988616,9.771424997510998,0.036752418329769734,True,Cruise
1,122,1675450013.2238426,48.44024745266114,0.020796700631184804,False,True,False,False,100000,False,True,False,4.04385951024284,0.3586111795666594,9.770814505396444,0.04998222718590112,True,Cruise
1,123,1675450013.323804,47.71769988475072,0.030430668203323713,False,True,False,False,100000,False,True,False,4.046035439328771,0.33779609913382225,9.770561831809198,0.004917664398537018,True,Cruise
1,124,1675450013.4238539,47.74643749430322,0.030047500075957037,False,True,False,False,100000,False,True,False,4.048117922294977,0.35325587645716605,9.770456212421966,0.010759574675593466,True,Cruise
1,125,1675450013.5237384,47.74643749430322,0.030047500075957037,False,True,False,False,100000,False,True,False,4.0425823719408305,0.46317324813760563,9.771396500101915,0.11006068805790856,True,Cruise
1,126,1675450013.6237197,47.74643749430322,0.030047500075957037,False,True,False,False,100000,False,True,False,4.041125999407423,0.4669980418948216,9.77182515896409,0.003726931863970375,True,Cruise
1,127,1675450013.723707,49.389793489186815,0.008136086810842519,False,True,False,False,100000,False,True,False,4.041483220698767,0.46345108492357034,9.77195819385282,0.0035673812648099462,True,Cruise
1,128,1675450013.8237317,49.389793489186815,0.008136086810842519,False,True,False,False,100000,False,True,False,4.042151394743611,0.463295772615506,9.772075533226687,0.0006959504263224453,True,Cruise
1,129,1675450013.923847,49.389793489186815,0.008136086810842519,False,True,False,False,100000,False,True,False,4.054170056820411,0.33565074719177684,9.771315836455166,0.19344027411139558,True,Cruise
1,130,1675450014.0238419,49.099564731426725,0.012005803580977005,False,True,False,False,100000,False,True,False,4.065328518983584,0.1863271850014961,9.771076943060033,0.1497400900664076,True,Cruise
1,131,1675450014.1237245,49.099564731426725,0.012005803580977005,False,True,False,False,100000,False,True,False,4.0660672901777675,0.15274853998298532,9.771869872833356,0.02308927387360839,True,Cruise
1,132,1675450014.2237587,49.099564731426725,0.012005803580977005,False,True,False,False,100000,False,True,False,4.062249828630345,0.1622044777396263,9.773027676348647,0.005750968928432676,True,Cruise
1,133,1675450014.323749,48.45255368611209,0.02063261751850543,False,True,False,False,100000,False,True,False,4.061014969612091,0.11595994032545077,9.773798789241075,0.02170268143212178,True,Cruise
1,134,1675450014.423774,48.45255368611209,0.02063261751850543,False,True,False,False,100000,False,True,False,4.061134640337478,0.09544445950075522,9.774070660080662,0.020517631157236038,True,Cruise
1,135,1675450014.5237954,48.45255368611209,0.02063261751850543,False,True,False,False,100000,False,True,False,4.061134640337478,0.09544445950075522,9.774070660080662,0.033199662780635034,True,Cruise
1,136,1675450014.6237476,48.45255368611209,0.02063261751850543,False,True,False,False,100000,False,True,False,4.056433376114405,0.19114892215492782,9.7752487586125,0.01697380719543134,True,Cruise
1,137,1675450014.7237601,49.419817075544934,0.007735772326067602,False,True,False,False,100000,False,True,False,4.056106668267816,0.2006278255644214,9.775325148258343,0.009484839652915794,True,Cruise
1,138,1675450014.8238554,49.83465754596709,-0.002204566053772145,False,True,False,False,100000,False,True,False,4.056127308935905,0.2305986968399718,9.77530192010129,0.05710083672284678,True,Cruise
1,139,1675450014.9237413,49.42943817301776,0.007607491026429911,False,True,False,False,100000,False,True,False,4.060836771335037,0.2097720148921788,9.7747061712467,0.07806089106795089,True,Cruise
1,140,1675450015.023905,49.45725858976042,-0.007236552136527718,False,True,False,False,100000,False,True,False,4.060836771335037,0.2097720148921788,9.7747061712467,0.07806089106795089,True,Cruise
1,141,1675450015.123824,49.192085116908125,-0.010772198441224992,False,True,False,False,100000,False,True,False,4.071320252408146,-0.016721574263672268,9.773713613120757,0.22673825102029668,True,Cruise
1,142,1675450015.2237644,48.71565190904703,-0.017124641212706234,False,True,False,False,100000,False,True,False,4.067611153427133,-0.07928596771547576,9.7740413601962,0.01271554745268084,True,Cruise
1,143,1675450015.323776,49.07137909934658,-0.012381612008712259,False,True,False,False,100000,False,True,False,4.064286845393068,-0.1736331866059257,9.774218582762986,0.061034398559423796,True,Cruise
1,144,1675450015.4237735,48.37243009051394,-0.02170093212648086,False,True,False,False,100000,False,True,False,4.064286845393068,-0.1736331866059257,9.774218582762986,0.03337676145252599,True,Cruise
1,145,1675450015.5237048,48.319746122058554,-0.022403385039219285,False,True,False,False,100000,False,True,False,4.062902351323117,-0.2877325534836583,9.774234316286151,0.11410776745372289,True,Cruise
1,146,1675450015.6237926,48.319746122058554,-0.022403385039219285,False,True,False,False,100000,False,True,False,4.058404594900584,-0.40964226979860613,9.77426512177199,0.009986389525262564,True,Cruise
1,147,1675450015.7238367,48.319746122058554,-0.022403385039219285,False,True,False,False,100000,False,True,False,4.056578716695515,-0.48815096806054625,9.774255837318112,0.07852992818158686,True,Cruise
1,148,1675450015.8237495,48.87689695959301,-0.014974707205426473,False,True,False,False,100000,False,True,False,4.053066569380771,-0.5640878370214178,9.774173573493178,0.028307743780072083,True,Cruise
1,149,1675450015.92385,48.87689695959301,-0.014974707205426473,False,True,False,False,100000,False,True,False,4.050470754799948,-0.602695350991259,9.773963466601879,0.03779029541089973,True,Cruise
1,150,1675450016.023732,48.87689695959301,-0.014974707205426473,False,True,False,False,100000,False,True,False,4.049534886553321,-0.6404737720694191,9.773816910437716,0.03779029541089973,True,Cruise
1,151,1675450016.1239145,48.87689695959301,-0.014974707205426473,False,True,False,False,100000,False,True,False,4.051811302182634,-0.5417545182417739,9.77321819977475,0.09874731185638615,True,Cruise
1,152,1675450016.2239113,49.301662171371014,-0.0093111710483865,False,True,False,False,100000,False,True,False,4.052255378201743,-0.5308626944522464,9.773021339007608,0.005397845819229066,True,Cruise
1,153,1675450016.323815,49.301662171371014,-0.0093111710483865,False,True,False,False,100000,False,True,False,4.052285354908091,-0.525466850026856,9.77287745077936,0.00990601116345236,True,Cruise
1,154,1675450016.4236836,49.301662171371014,-0.0093111710483865,False,True,False,False,100000,False,True,False,4.052952869674162,-0.3859583402152995,9.772322067524975,0.08340562652533841,True,Cruise
1,155,1675450016.5237489,49.301662171371014,-0.0093111710483865,False,True,False,False,100000,False,True,False,4.052952869674162,-0.3859583402152995,9.772322067524975,0.08340562652533841,True,Cruise
1,156,1675450016.6237955,48.64751806163556,-0.018033092511525888,False,True,False,False,100000,False,True,False,4.055070608249176,-0.26410046075724275,9.772160084656358,0.08340562652533841,True,Cruise
1,157,1675450016.723776,48.64751806163556,-0.018033092511525888,False,True,False,False,100000,False,True,False,4.055139916605128,-0.24059550986754868,9.772208880889151,0.023505103723393126,True,Cruise
1,158,1675450016.8237936,48.64751806163556,-0.018033092511525888,False,True,False,False,100000,False,True,False,4.052612597708586,-0.2607885475775298,9.772625967342744,0.06882780566041635,True,Cruise
1,159,1675450016.9238439,48.64751806163556,-0.018033092511525888,False,True,False,False,100000,False,True,False,4.050840382558058,-0.29857088327729225,9.772849875148374,0.0030407730320950233,True,Cruise
1,160,1675450017.0237746,47.586238992053815,-0.03218348010594916,False,True,False,False,100000,False,True,False,4.049749401545585,-0.2962090411855892,9.773040498540118,0.005271566358841086,True,Cruise
1,161,1675450017.1237383,47.586238992053815,-0.03218348010594916,False,True,False,False,100000,False,True,False,4.050238488540157,-0.2628894417172041,9.773086700194249,0.16563739813153103,True,Cruise
1,162,1675450017.223852,47.586238992053815,-0.03218348010594916,False,True,False,False,100000,False,True,False,4.038525285241612,-0.5981159101609262,9.7740676393755,0.05425069630859866,True,Cruise
1,163,1675450017.3237884,48.028968169163285,-0.02628042441115623,False,True,False,False,100000,False,True,False,4.038525285241612,-0.5981159101609262,9.7740676393755,0.034814244493776215,True,Cruise
1,164,1675450017.4237895,48.028968169163285,-0.02628042441115623,False,True,False,False,100000,False,True,False,4.037004225536768,-0.6857796945524918,9.773883114878254,0.05287217070098817,True,Cruise
1,165,1675450017.523777,48.028968169163285,-0.02628042441115623,False,True,False,False,100000,False,True,False,4.04322282700022,-0.6689137167448501,9.773031252378635,0.005685113842739964,True,Cruise
1,166,1675450017.623722,48.11003280966701,-0.025199562537773217,False,True,False,False,100000,False,True,False,4.046051443474808,-0.7691932454859115,9.772577874740328,0.031361347356218115,True,Cruise
1,167,1675450017.7239063,48.11003280966701,-0.025199562537773217,False,True,False,False,100000,False,True,False,4.04607390113131,-0.7948067768828163,9.772529799002587,0.025613586360428393,True,Cruise
1,168,1675450017.8238251,48.11003280966701,-0.025199562537773217,False,True,False,False,100000,False,True,False,4.0466716383013965,-0.7972804488768909,9.77243292709092,0.0005868204014061064,True,Cruise
1,169,1675450017.923717,48.733302297876975,-0.016889302694973688,False,True,False,False,100000,False,True,False,4.0474371458593295,-0.7984419259708236,9.772324480511159,0.000852084881422655,True,Cruise
1,170,1675450018.0237322,48.733302297876975,-0.016889302694973688,False,True,False,False,100000,False,True,False,4.047904421053519,-0.7938105719677692,9.772270161873204,0.0036443843712192212,True,Cruise
1,171,1675450018.1237342,48.733302297876975,-0.016889302694973688,False,True,False,False,100000,False,True,False,4.047904421053519,-0.7938105719677692,9.772270161873204,0.0036443843712192212,True,Cruise
1,172,1675450018.223727,48.733302297876975,-0.016889302694973688,False,True,False,False,100000,False,True,False,4.054094052030789,-0.7012487738546307,9.771718082472786,0.09277016111464152,True,Cruise
1,173,1675450018.3237436,48.667091125194304,-0.017772118330742614,False,True,False,False,100000,False,True,False,4.059946942801582,-0.5999906490929093,9.771470225618213,0.07037695269139295,True,Cruise
1,174,1675450018.4237268,48.667091125194304,-0.017772118330742614,False,True,False,False,100000,False,True,False,4.060550535618812,-0.5624313576454262,9.771781659980014,0.025286417741896605,True,Cruise
1,175,1675450018.5237572,48.667091125194304,-0.017772118330742614,False,True,False,False,100000,False,True,False,4.059297275977356,-0.5222061554138032,9.772272044237177,0.014970549300728303,True,Cruise
1,176,1675450018.6237211,48.667091125194304,-0.017772118330742614,False,True,False,False,100000,False,True,False,4.058380010279268,-0.4840081287301766,9.772689829728659,0.014970549300728303,True,Cruise
1,177,1675450018.7237427,48.29697523256582,-0.022706996899122405,False,True,False,False,100000,False,True,False,4.058299499138333,-0.4661719654265902,9.772849719098986,0.017837061642735946,True,Cruise
1,178,1675450018.823787,48.29697523256582,-0.022706996899122405,False,True,False,False,100000,False,True,False,4.058351289595367,-0.4292242858376153,9.773117712611704,0.052299254386127356,True,Cruise
1,179,1675450018.9237056,48.29697523256582,-0.022706996899122405,False,True,False,False,100000,False,True,False,4.0538469433739,-0.5178125063594973,9.77371894909257,0.03640549386524952,True,Cruise
1,180,1675450019.0238347,48.30265374981135,-0.022631283335848733,False,True,False,False,100000,False,True,False,4.052810251895183,-0.5332124002610735,9.77382832144321,0.015435136012129416,True,Cruise
1,181,1675450019.12374,48.30265374981135,-0.022631283335848733,False,True,False,False,100000,False,True,False,4.05238450537343,-0.5440414876708674,9.773854271318175,0.01083748437718599,True,Cruise
1,182,1675450019.2237327,48.30265374981135,-0.022631283335848733,False,True,False,False,100000,False,True,False,4.0523795174986414,-0.5991588889344001,9.773700419905117,0.02182290061733073,True,Cruise
1,183,1675450019.32371,48.30265374981135,-0.022631283335848733,False,True,False,False,100000,False,True,False,4.052214338254489,-0.6477289321715856,9.773542279302204,0.024603530857561222,True,Cruise
1,184,1675450019.4237509,48.44196880934067,-0.020773749208791045,False,True,False,False,100000,False,True,False,4.051731595025249,-0.6941522052595033,9.773370008571884,0.02250280622155799,True,Cruise
1,185,1675450019.5237312,48.44196880934067,-0.020773749208791045,False,True,False,False,100000,False,True,False,4.051441806902258,-0.714871511653764,9.773275775815893,0.02072154710507348,True,Cruise
1,186,1675450019.6238935,48.44196880934067,-0.020773749208791045,False,True,False,False,100000,False,True,False,4.051179216991163,-0.738975502151733,9.773173387339344,0.024105638236473274,True,Cruise
1,187,1675450019.7237372,48.44196880934067,-0.020773749208791045,False,True,False,False,100000,False,True,False,4.052789534050008,-0.7411691468398702,9.772687044917356,0.002764367377760411,True,Cruise
1,188,1675450019.8237555,48.69454155085991,-0.017406112655201228,False,True,False,False,100000,False,True,False,1.3264215903605958,4.178702132050333,11.164451468792231,5.794413152062055,True,Cruise
1,189,1675450019.9237423,48.69454155085991,-0.017406112655201228,False,True,False,False,100000,False,True,False,3.1117992513082617,-3.7975463643005543,8.870797118726532,2.1990655672346304,True,Cruise
1,190,1675450020.0237315,48.69454155085991,-0.017406112655201228,False,True,False,False,100000,False,True,False,3.435546004913789,-3.0400704984564317,9.18797704329414,4.421646248091033,True,Cruise
1,191,1675450020.1237235,48.69454155085991,-0.017406112655201228,False,True,False,False,100000,False,True,False,5.720728488871231,0.7016008150497516,9.761381211361066,4.421646248091033,True,Cruise
1,192,1675450020.2237072,49.31621905723483,-0.009117079236868858,False,True,False,False,100000,False,True,False,4.950053514889303,-1.0727497448264551,9.680125764045343,1.936197890860728,True,Cruise
1,193,1675450020.323722,49.31621905723483,-0.009117079236868858,False,True,False,False,100000,False,True,False,4.2208862971636085,-0.9440759564897486,9.7669426751711,0.31330774035648046,True,Cruise
1,194,1675450020.4237304,49.31621905723483,-0.009117079236868858,False,True,False,False,100000,False,True,False,4.090920872218449,-0.8147150435144295,9.786409162833765,0.18440228205991557,True,Cruise
1,195,1675450020.523753,49.69065225493009,-0.004124636600932131,False,True,False,False,100000,False,True,False,4.077086082066266,-0.6765390843259765,9.799476203881303,0.06193994555130496,True,Cruise
1,196,1675450020.6239827,49.42215656448213,-0.007704579140238257,False,True,False,False,100000,False,True,False,4.115887102923631,-0.6221033361291541,9.800543004392338,0.06685737030912803,True,Cruise
1,197,1675450020.7239306,49.72608968925508,0.0036521374765989363,False,True,False,False,100000,False,True,False,4.174390015109424,-0.5074392560723985,9.802200688665701,0.03956787677980033,True,Cruise
1,198,1675450020.8240135,48.88215595586693,0.014904587255107595,False,True,False,False,100000,False,True,False,4.255260996504168,-0.4290875512740975,9.798725809949149,0.03956787677980033,True,Cruise
1,199,1675450020.923763,49.32219733922157,0.009037368810379063,False,True,False,False,100000,False,True,False,4.2452532444847435,-0.24304253543359705,9.800889252223019,0.172409397162454,True,Cruise
1,200,1675450021.0237396,48.71300167388113,0.01715997768158493,False,True,False,False,100000,False,True,False,4.220069223195094,-0.023869705487153316,9.801882262907837,0.1504702598061715,True,Cruise
1,201,1675450021.1238303,48.7118518074409,0.017175309234121295,False,True,False,False,100000,False,True,False,4.220069223195094,-0.023869705487153316,9.801882262907837,0.5173604140779139,True,Cruise
1,202,1675450021.2237387,49.02858954651784,0.01295213937976211,False,True,False,False,100000,False,True,False,3.760814004862041,0.21315413058069932,9.825676035715231,0.5173604140779139,True,Cruise
1,203,1675450021.3237314,49.02858954651784,0.01295213937976211,False,True,False,False,100000,False,True,False,2.8396113714040645,-2.060741031366726,8.064103960828676,3.020322776531995,True,Cruise
1,204,1675450021.4237354,49.02858954651784,0.01295213937976211,False,True,False,False,100000,False,True,False,4.050795437966546,0.4742091453116229,9.750567004764221,0.13313601399211372,True,Cruise
1,205,1675450021.5236928,48.23524255831142,0.02353009922251443,False,True,False,False,100000,False,True,False,4.030010936115533,0.47053801932814643,9.74622649269965,0.021547917026106596,True,Cruise
1,206,1675450021.6238413,48.23524255831142,0.02353009922251443,False,True,False,False,100000,False,True,False,3.9898561027968933,0.6518318948913396,9.754726177007955,0.11958156562654709,True,Cruise
1,207,1675450021.7237413,48.2630216052838,0.023159711929549368,False,True,False,False,100000,False,True,False,3.9898561027968933,0.6518318948913396,9.754726177007955,0.11958156562654709,True,Cruise
1,208,1675450021.8237352,48.2630216052838,0.023159711929549368,False,True,False,False,100000,False,True,False,3.9417397310872073,0.735291477731037,9.745427697994357,0.09678403228966694,True,Cruise
1,209,1675450021.92372,48.2630216052838,0.023159711929549368,False,True,False,False,100000,False,True,False,3.9324696029195145,0.7606487734138536,9.740230629585374,0.01687409504478279,True,Cruise
1,210,1675450022.0237164,47.910907500397855,0.027854566661361987,False,True,False,False,100000,False,True,False,3.933648478792537,0.8274217867888057,9.736626586680279,0.037803543626309825,True,Cruise
1,211,1675450022.1237497,47.910907500397855,0.027854566661361987,False,True,False,False,100000,False,True,False,3.9366733621816246,0.8686699379281299,9.735533682955172,0.037803543626309825,True,Cruise
1,212,1675450022.223725,47.910907500397855,0.027854566661361987,False,True,False,False,100000,False,True,False,3.949773365222007,1.038284701953271,9.735299690395907,0.041832856459245345,True,Cruise
1,213,1675450022.3237278,48.466797900352,0.020442694661973355,False,True,False,False,100000,False,True,False,3.9613946992252913,1.1642846297499068,9.737165690892185,0.04870399990314129,True,Cruise
1,214,1675450022.4236789,48.466797900352,0.020442694661973355,False,True,False,False,100000,False,True,False,3.9828281620229595,1.1606548426330943,9.739862169850554,0.06406405714990009,True,Cruise
1,215,1675450022.5238178,48.466797900352,0.020442694661973355,False,True,False,False,100000,False,True,False,3.9828281620229595,1.1606548426330943,9.739862169850554,0.06406405714990009,True,Cruise
1,216,1675450022.623783,47.16665093937063,0.03777798747505823,False,True,False,False,100000,False,True,False,3.9803234459284424,1.3780930091034516,9.711816368797958,0.06406405714990009,True,Cruise
1,217,1675450022.723872,47.16665093937063,0.03777798747505823,False,True,False,False,100000,False,True,False,3.993486665819505,1.4098629342895488,9.718435348633912,0.03502012847348582,True,Cruise
1,218,1675450022.8237402,47.12841269045779,0.03828783079389606,False,True,False,False,100000,False,True,False,4.0043211300347155,1.697234601784294,9.743023491544713,0.01310042731088644,True,Cruise
1,219,1675450022.923712,47.12841269045779,0.03828783079389606,False,True,False,False,100000,False,True,False,4.017530025983178,1.6843619353520503,9.757637332525237,0.024538388906440063,True,Cruise
1,220,1675450023.0237255,47.12841269045779,0.03828783079389606,False,True,False,False,100000,False,True,False,4.017530025983178,1.6843619353520503,9.757637332525237,0.024538388906440063,True,Cruise
1,221,1675450023.1237192,47.07063038615488,0.0390582615179349,False,True,False,False,100000,False,True,False,4.04371822465312,1.6986927589887861,9.775781819098743,0.023485954486324283,True,Cruise
1,222,1675450023.223754,47.07063038615488,0.0390582615179349,False,True,False,True,100000,False,True,False,4.051110056029575,1.7248712130794321,9.78082047724786,0.027664755658014798,True,Cruise
1,223,1675450023.323732,47.07063038615488,0.0390582615179349,False,True,False,True,100000,False,True,False,3.1189564967056422,1.922090558982114,9.877129113303914,0.3359872774909657,True,Cruise
1,224,1675450023.4237437,47.64232245646165,0.03143570058051137,False,True,False,True,100000,False,True,False,2.7839629352620343,1.9196791381686404,9.902838050986736,0.22213582774966156,True,Cruise
1,225,1675450023.5237641,48.25992197363489,0.023201040351534787,False,True,False,True,100000,False,True,False,2.8414258492593296,1.773775107863536,9.863506314248948,0.4281425482726651,True,Cruise
1,226,1675450023.6237693,48.84486085133331,0.015401855315555954,False,True,False,True,100000,False,True,False,3.5457141197674966,1.6909052228772188,9.782675680097881,0.32657707665159585,True,Cruise
1,227,1675450023.7237177,49.21620046372236,0.010450660483701904,False,True,False,True,100000,False,True,False,3.5457141197674966,1.6909052228772188,9.782675680097881,0.32657707665159585,True,Cruise
1,228,1675450023.8237557,49.65572681705475,0.004590309105936728,False,True,False,True,100000,False,True,False,3.5457141197674966,1.6909052228772188,9.782675680097881,0.32657707665159585,True,Cruise
1,229,1675450023.923721,49.97574950678156,0.0003233399095792334,False,True,False,True,100000,False,True,False,3.8648681373417437,1.395486641209226,9.738352491548932,0.1074492292232773,True,Cruise
1,230,1675450024.0237088,49.97574950678156,0.0003233399095792334,False,True,False,True,100000,False,True,False,3.851714606801753,1.2052684167323844,9.737273138917743,0.14157362564589893,True,Cruise
1,231,1675450024.12373,49.69770569558452,-0.004030590725539795,False,True,False,True,100000,False,True,False,3.8682173872414727,0.9356092647972519,9.736305347464228,0.10091226313382538,True,Cruise
1,232,1675450024.2237673,49.69770569558452,-0.004030590725539795,False,True,False,True,100000,False,True,False,3.8875181127376806,0.8365607331971446,9.73591135003658,0.10091226313382538,True,Cruise
1,233,1675450024.3237765,49.40133717529897,-0.007982170996013735,False,True,False,True,100000,False,True,False,3.942319309731028,0.5109901055221054,9.73575019659811,0.3301506183048176,True,Cruise
1,234,1675450024.4238536,49.21098444994511,-0.010520207334065241,False,True,False,True,100000,False,True,False,2.635178879011369,0.022735486961781536,9.863395626125934,0.5987405224489828,True,Cruise
1,235,1675450024.5237937,49.21098444994511,-0.010520207334065241,False,True,False,True,100000,False,True,False,1.910886329631093,-0.12941514573316756,9.925000542571066,0.7426605401173973,True,Cruise
1,236,1675450024.6236947,49.089553975523444,-0.012139280326354092,False,True,False,True,100000,False,True,False,1.1389656431167525,-0.08110646239500607,9.952434357150764,0.7426605401173973,True,Cruise
1,237,1675450024.7237337,49.089553975523444,-0.012139280326354092,False,True,False,True,100000,False,True,False,1.1389656431167525,-0.08110646239500607,9.952434357150764,0.2938019384769635,True,Cruise
1,238,1675450024.823814,49.06387375342782,-0.012481683287629015,False,True,False,True,100000,False,True,False,-0.02525267398003131,-0.45569202299216155,9.977613251481298,0.15493200562118975,True,Cruise
1,239,1675450024.9237533,49.09348490770726,-0.012086867897236562,False,True,False,True,100000,False,True,False,0.03954295998785564,-0.595307637572755,9.942111565510073,0.12588426407032396,True,Cruise
1,240,1675450025.02376,49.09348490770726,-0.012086867897236562,False,True,False,True,100000,False,True,False,-0.12598092751671036,-0.8076303345073041,9.899251596634738,0.12588426407032396,True,Cruise
1,241,1675450025.1237507,49.09348490770726,-0.012086867897236562,False,True,False,True,100000,False,True,False,-0.028877294177047347,-0.95901276518215,9.832034146674877,0.21790393514090006,True,Cruise
1,242,1675450025.2237322,48.99365138607366,-0.013417981519017942,False,True,False,True,100000,False,True,False,-0.13195287197380462,-1.0109749912711061,9.814576756026945,0.1167450562828665,True,Cruise
1,243,1675450025.3237336,49.069571212412875,-0.012405717167828376,False,False,False,True,100000,False,True,False,-0.5293717380932912,-1.084131071853216,9.767022713182904,0.4068844482953944,True,Cruise
1,244,1675450025.4237535,49.069571212412875,-0.012405717167828376,False,False,False,True,100000,False,True,False,-0.46591239719945887,-1.0854685219601685,9.74469524423933,0.021812943511425827,True,Cruise
1,245,1675450025.5237536,49.14113184897344,-0.011451575347020838,False,False,False,True,100000,False,True,False,-0.46714876453053666,-1.0748789253599622,9.725665363937546,0.021812943511425827,True,Cruise
1,246,1675450025.6239433,49.14849986157247,-0.011353335179033745,False,False,False,True,100000,False,True,False,-0.07360405083114915,-0.9997390975151893,9.653815240640316,0.06039873732277131,True,Cruise
1,247,1675450025.7238595,49.22256935231538,-0.010365741969128253,False,False,False,True,100000,False,True,False,-0.1423494677296757,-0.9672908301741883,9.654272284997731,0.07601994006528771,True,Cruise
1,248,1675450025.8237312,49.22256935231538,-0.010365741969128253,False,False,False,True,100000,False,True,False,-0.1423494677296757,-0.9672908301741883,9.654272284997731,0.07601994006528771,True,Cruise
1,249,1675450025.923734,49.35373997382842,-0.00861680034895441,False,False,False,True,100000,False,True,False,0.11530200834787782,-0.8078153532618872,9.638128488890587,0.06637494730843567,True,Cruise
1,250,1675450026.0237482,49.35373997382842,-0.00861680034895441,False,False,False,True,100000,False,True,False,0.8200197324685091,-0.7186697130173394,9.588494680540592,0.7983893094792219,True,Cruise
1,251,1675450026.123795,49.41903500253127,-0.007746199966249797,False,False,False,True,100000,False,True,False,0.7547261781182814,-0.6732199421625487,9.620016442601264,0.08557190773757914,True,Cruise
1,252,1675450026.2238424,49.41903500253127,-0.007746199966249797,False,False,False,True,100000,False,True,False,0.8094748015098975,-0.6024894504667038,9.649776999681187,0.267055157558724,True,Cruise
1,253,1675450026.3238046,49.49897082733745,-0.006680388968834007,False,False,False,True,100000,False,True,False,0.37535244029008824,-0.5122879068073586,9.755690204943686,0.4558685666270133,True,Cruise
1,254,1675450026.423721,49.56628532704606,-0.005782862306052483,False,False,False,True,100000,False,True,False,0.8550575835172713,-0.442418317083334,9.74590485331254,0.5395573878414904,True,Cruise
1,255,1675450026.5237215,49.56628532704606,-0.005782862306052483,False,False,False,True,100000,False,True,False,0.8217201629859469,-0.4205214977917308,9.774738310816181,0.04921608044517325,True,Cruise
1,256,1675450026.6237447,49.02596824929528,-0.012987090009396279,False,False,False,True,100000,False,True,False,1.175933774587842,-0.3873053715098275,9.75881207796921,0.04921608044517325,True,Cruise
1,257,1675450026.7237365,49.02596824929528,-0.012987090009396279,False,False,False,True,100000,False,True,False,0.8342405468915923,-0.46849341479989914,9.83210881787682,0.2205828165117266,True,Cruise
1,258,1675450026.8237817,49.72529671531244,-0.00366271046250084,False,False,False,True,100000,False,True,False,0.8342405468915923,-0.46849341479989914,9.83210881787682,2.2694849130000416,True,Cruise
1,259,1675450026.9237225,49.9056325405985,-0.0012582327920199318,False,False,False,True,100000,False,True,False,-0.16796419585535344,-0.4722112546950812,9.933516975375856,1.3577110101971728,True,Cruise
1,260,1675450027.0236962,49.9056325405985,-0.0012582327920199318,False,False,False,True,100000,False,True,False,2.241817194343422,-0.3244963006827011,9.728382252548412,1.0656770755614244,True,Cruise
1,261,1675450027.1237442,49.9056325405985,-0.0012582327920199318,False,False,False,True,100000,False,True,False,2.5895982820441503,-0.23004763884017004,9.713328181137832,1.0656770755614244,True,Cruise
1,262,1675450027.223796,49.11381700125516,-0.01181577331659791,False,False,False,True,100000,False,True,False,2.1065440510598057,-0.28322413038890004,9.786782209870056,0.43643615827811333,True,Cruise
1,263,1675450027.3238494,49.23734048601497,-0.010168793519800311,False,False,False,True,100000,False,True,False,-0.029210534411933865,-0.38289984783862024,10.00062553316178,1.2555383660595967,True,Cruise
1,264,1675450027.4238126,49.23094179215918,-0.010254109437877648,False,False,False,True,100000,False,True,False,-2.134538022145578,-0.5747685632940519,10.15978137253243,0.45150488488859386,True,Cruise
1,265,1675450027.5237272,49.23094179215918,-0.010254109437877648,False,False,False,True,100000,False,True,False,-2.4131267016195204,-0.5858468000774719,10.119467123361252,0.18316497426155234,True,Cruise
1,266,1675450027.6237712,49.34564435608846,-0.008724741918820557,False,False,False,True,100000,False,True,False,-1.9286703131422491,-0.5293920018480773,10.040663666710847,0.6981427312830596,True,Cruise
1,267,1675450027.7237666,49.34564435608846,-0.008724741918820557,False,False,False,True,100000,False,True,False,0.05401102233659602,-0.36971227774141985,9.79741357143157,1.30826870691794,True,Cruise
1,268,1675450027.8237407,49.423395118788356,-0.007688065082821955,False,False,False,True,100000,False,True,False,0.21907567364582503,-0.4049115232362196,9.755407261805617,0.1739248574633077,True,Cruise
1,269,1675450027.9237852,49.72668600528083,-0.0036441865962555083,False,False,False,True,100000,False,True,False,0.25700417283013616,-0.4740948286949915,9.706459054457683,0.3978725420017766,True,Cruise
1,270,1675450028.023766,49.72668600528083,-0.0036441865962555083,False,False,False,True,100000,False,True,False,1.7338110007914906,-0.49557342259984694,9.568368803458432,0.6218397542523323,True,Cruise
1,271,1675450028.1237817,49.86683200316484,-0.0017755732911355704,False,False,False,True,100000,False,True,False,1.7338110007914906,-0.49557342259984694,9.568368803458432,0.6218397542523323,True,Cruise
1,272,1675450028.2238593,49.86683200316484,-0.0017755732911355704,False,False,False,True,100000,False,True,False,1.9259760775516233,-0.42768425419496936,9.56849659614332,0.3695532518334037,True,Cruise
1,273,1675450028.3237355,49.260307580180864,-0.009862565597588524,False,False,False,True,100000,False,True,False,1.9259760775516233,-0.42768425419496936,9.56849659614332,0.3695532518334037,True,Cruise
1,274,1675450028.423727,49.879917929509546,0.0016010942732060957,False,False,False,True,100000,False,True,False,-0.6344912394156612,-0.3524046220298483,9.86152435873766,1.0101228846914205,True,Cruise
1,275,1675450028.523842,49.879917929509546,0.0016010942732060957,False,False,False,True,100000,False,True,False,0.9422621479700707,-0.30035822334901585,9.706887917417387,1.3130718810494315,True,Cruise
1,276,1675450028.6238046,49.884046604719366,-0.0015460452704084018,False,False,False,True,100000,False,True,False,0.9422621479700707,-0.30035822334901585,9.706887917417387,0.38511334315741547,True,Cruise
1,277,1675450028.7237763,49.884046604719366,-0.0015460452704084018,False,False,False,True,100000,False,True,False,1.1874864139075654,-0.17533087023757293,9.718335833971137,0.11317190441416584,True,Cruise
1,278,1675450028.8237185,49.93546571915928,0.0008604570778762011,False,False,False,True,100000,False,True,False,1.1874864139075654,-0.17533087023757293,9.718335833971137,0.11317190441416584,True,Cruise
1,279,1675450028.923727,49.93209149959497,0.0009054466720671296,False,False,False,True,100000,False,True,False,0.6484141870218207,-0.019455878735858058,9.819893448532612,0.10128732205692467,True,Cruise
1,280,1675450029.0237043,49.93209149959497,0.0009054466720671296,False,False,False,True,100000,False,True,False,0.6484141870218207,-0.019455878735858058,9.819893448532612,0.10128732205692467,True,Cruise
1,281,1675450029.1240141,49.728788379777384,0.003616154936301543,False,False,False,True,100000,False,True,False,0.6484141870218207,-0.019455878735858058,9.819893448532612,0.14338607758197516,True,Cruise
1,282,1675450029.2238185,49.84922511849105,0.002010331753452709,False,False,False,True,100000,False,True,False,0.29963857165594243,0.0589114050244828,9.87055661512551,0.049709169491071896,True,Cruise
1,283,1675450029.3238282,49.84922511849105,0.002010331753452709,False,False,False,True,100000,False,True,False,-0.27749720922346877,0.16303188205532962,9.908376169918489,0.587670913039907,True,Cruise
1,284,1675450029.4237416,49.44208569739516,0.007438857368064513,False,False,False,True,100000,False,True,False,-0.10275659432730788,0.15898007205420392,9.890256303447638,0.1757242988874763,True,Cruise
1,285,1675450029.5237243,49.44208569739516,0.007438857368064513,False,False,False,True,100000,False,True,False,-0.9348816701353817,0.15061095974191785,9.957512843270944,0.9406908983305148,True,Cruise
1,286,1675450029.6237488,49.68758369337141,0.004165550755047905,False,False,False,True,100000,False,True,False,-1.8370653000891535,0.1407041144491974,10.020994129685896,0.4005289859948586,True,Cruise
1,287,1675450029.7238426,49.68758369337141,0.004165550755047905,False,False,False,True,100000,False,True,False,-1.902731384019271,0.33136857289215466,9.97120062327585,0.3130617716812062,True,Cruise
1,288,1675450029.823745,49.66729134635508,0.0044361153819322706,False,False,False,True,100000,False,True,False,-1.902731384019271,0.33136857289215466,9.97120062327585,0.3130617716812062,True,Cruise
1,289,1675450029.9237058,49.641176437488866,0.004784314166815124,False,False,False,True,100000,False,True,False,0.7393794238440271,0.2437528213969852,9.681755651388508,0.1288657107056781,True,Cruise
1,290,1675450030.0237756,49.641176437488866,0.004784314166815124,False,False,False,True,100000,False,True,False,0.4355566480660396,0.2957885125935366,9.706149597378092,0.3048758695167684,True,Cruise
1,291,1675450030.123765,49.873399488192845,0.0016880068240953993,False,False,False,True,100000,False,True,False,-0.26856049879038413,0.35764719455923333,9.765188182097782,0.11390963378214108,True,Cruise
1,292,1675450030.2238274,49.873399488192845,0.0016880068240953993,False,False,False,True,100000,False,True,False,0.6002206009394628,0.37921132760573256,9.67261692921699,0.9871207507585917,True,Cruise
1,293,1675450030.3237004,49.800647033624045,0.002658039551679405,False,False,False,True,100000,False,True,False,0.672449880006563,0.5109767083479587,9.721049344937175,0.15787616415782887,True,Cruise
1,294,1675450030.4237928,49.90278909342816,0.0012961454209578043,False,False,False,True,100000,False,True,False,-0.1265263267554862,0.45050098963266033,9.8039480792247,0.8055386345002197,True,Cruise
1,295,1675450030.523767,49.90278909342816,0.0012961454209578043,False,False,False,True,100000,False,True,False,-0.2562350411729384,0.38938977584037193,9.813656165120703,0.10975269809428584,True,Cruise
1,296,1675450030.6237574,49.486664437013154,0.006844474173157926,False,False,False,True,100000,False,True,False,0.6708835409102761,0.24311572845286902,9.731883023598511,0.07211030407982123,True,Cruise
1,297,1675450030.7237265,49.486664437013154,0.006844474173157926,False,False,False,True,100000,False,True,False,-0.40848487245963094,0.16073142361575501,9.86084242409014,1.1383318926253576,True,Cruise
1,298,1675450030.8237247,49.57683162154771,0.0056422450460304665,False,True,False,True,100000,False,True,False,-1.9949024314582116,0.12317100403279178,9.991436708913808,1.5922268443431258,True,Cruise
1,299,1675450030.9237123,49.423956175630565,0.007680584324925724,False,True,False,True,100000,False,True,False,-1.1171900474443583,0.08686146414002438,9.885939210016575,0.27034791460378504,True,Cruise
1,300,1675450031.0237522,49.423956175630565,0.007680584324925724,False,True,False,True,100000,False,True,False,0.08045345900553078,0.022641498832325614,9.767971542446414,1.2051516680806826,True,Cruise
1,301,1675450031.1237524,49.01108095682979,0.013185587242269538,False,True,False,True,100000,False,True,False,-0.6592871091251684,0.08479805156341687,9.84982372669362,0.07981421672495366,True,Cruise
1,302,1675450031.2237184,49.01108095682979,0.013185587242269538,False,True,False,True,100000,False,True,False,-0.5964256570034256,0.1368072876970593,9.825211914565784,0.1431678054980105,True,Cruise
1,303,1675450031.3237534,49.01108095682979,0.013185587242269538,False,True,False,True,100000,False,True,False,-0.5964256570034256,0.1368072876970593,9.825211914565784,2.011107830635663,True,Cruise
1,304,1675450031.4237676,49.41973936867061,0.007736808417725179,False,True,False,True,100000,False,True,False,-2.577924094317855,0.4479025602334832,9.971630426954224,2.011107830635663,True,Cruise
1,305,1675450031.523797,49.03525784954476,0.012863228672736407,False,True,False,True,100000,False,True,False,-0.47582510517246857,0.46134930768288585,9.735993087493972,1.7101756986987902,True,Cruise
1,306,1675450031.6237912,49.78308556194582,-0.002892192507389146,False,True,False,True,100000,False,True,False,-0.019642577873695312,0.7463510042204453,9.761065591839653,1.0445692731120693,True,Cruise
1,307,1675450031.723802,49.78308556194582,-0.002892192507389146,False,True,False,True,100000,False,True,False,-0.07514789829543289,0.7616945565707286,9.734178242835892,1.0153522738653,True,Cruise
1,308,1675450031.823764,49.8015141800188,0.002646477599749402,False,True,True,False,100000,False,True,False,-0.07514789829543289,0.7616945565707286,9.734178242835892,1.0153522738653,True,Cruise
1,309,1675450031.923772,49.89875888544292,0.0013498815274276736,False,True,True,False,100000,False,True,False,2.413838579703457,0.47486512531336317,9.5393089325938,2.513025837187308,True,Cruise
1,310,1675450032.023748,49.89875888544292,0.0013498815274276736,False,True,True,False,100000,False,True,False,2.4721922638596703,0.6578023423015147,9.572892178467029,0.3145344900882988,True,Cruise
1,311,1675450032.1238754,49.85153586214779,0.001979521838029425,False,True,True,False,100000,False,True,False,1.9080954558590664,0.6777545634253739,9.684230435681544,0.10831524728674312,True,Cruise
1,312,1675450032.223745,49.85153586214779,0.001979521838029425,False,True,True,False,100000,False,True,False,0.933089237826512,0.48261883970637387,9.81773918289569,0.4067130649168392,True,Cruise
1,313,1675450032.3236203,49.928593059299224,0.0009520925426770124,False,True,True,False,100000,False,True,False,0.933089237826512,0.48261883970637387,9.81773918289569,0.4067130649168392,True,Cruise
1,314,1675450032.4237347,49.928593059299224,0.0009520925426770124,False,True,True,False,100000,False,True,False,0.9519105342866115,0.18450537787324442,9.852787743375918,0.30075617852058834,True,Cruise
1,315,1675450032.5238602,49.98697666811602,0.00017364442511970456,False,True,True,False,100000,False,True,False,0.9622126511535335,0.04047392371088229,9.879795765253444,0.0837311838852642,True,Cruise
1,316,1675450032.6238303,49.91540985693806,0.0011278685741592494,False,True,True,False,100000,False,True,False,1.186263204337358,-0.07487972799515075,9.870667105579525,0.10287350552823242,True,Cruise
1,317,1675450032.723773,49.91540985693806,0.0011278685741592494,False,True,True,False,100000,False,True,False,0.8867798530255193,-0.1438999311258469,9.909907957559565,0.1808168521231247,True,Cruise
1,318,1675450032.8239126,49.99437034850361,7.506201995188678e-05,False,True,True,False,100000,False,True,False,0.8867798530255193,-0.1438999311258469,9.909907957559565,0.1808168521231247,True,Cruise
1,319,1675450032.923848,49.806170375017125,0.0025843949997716915,False,True,True,False,100000,False,True,False,0.1318877139261767,-0.17235916709972596,9.960385319242029,0.757112959754765,True,Cruise
1,320,1675450033.0237205,49.806170375017125,0.0025843949997716915,False,True,True,False,100000,False,True,False,0.547116459173777,-0.16391718282883694,9.895047888082987,0.13510071198026916,True,Cruise
1,321,1675450033.1237397,49.3435272143046,0.008752970475938657,False,True,True,False,100000,False,True,False,-0.5960569818564077,-0.147693973411468,9.991884561724646,1.1473822598256322,True,Cruise
1,322,1675450033.2237496,49.3435272143046,0.008752970475938657,False,True,True,False,100000,False,True,False,-1.8165401738359817,-0.04287185068955038,10.052835194172259,0.8446548163834591,True,Cruise
1,323,1675450033.323967,49.841905899855,0.0021079213352666847,False,True,True,False,100000,False,True,False,-1.8165401738359817,-0.04287185068955038,10.052835194172259,0.8446548163834591,True,Cruise
1,324,1675450033.423827,49.8644904459377,0.001806794054164043,False,True,True,False,100000,False,True,False,-0.932915773318711,0.49211287250351504,9.786675594230745,1.6851505920498944,True,Cruise
1,325,1675450033.5238569,49.8644904459377,0.001806794054164043,False,True,True,False,100000,False,True,False,0.5551482036401117,0.34985408592723766,9.636864748000129,1.5023365972807146,True,Cruise
1,326,1675450033.6238086,49.8644904459377,0.001806794054164043,False,True,True,False,100000,False,True,False,1.7745113904110568,0.1675573490086959,9.528717486735163,0.19503107637033468,True,Cruise
1,327,1675450033.7237206,47.16627365667233,0.03778301791103556,False,True,True,False,100000,False,True,False,0.7015221126514506,0.30852153903632357,9.640111914326257,0.6345621900469924,True,Cruise
1,328,1675450033.8237488,48.63525465870532,0.018196604550595737,False,True,True,False,100000,False,True,False,-1.087372761334417,0.21090039239205582,9.815398670727644,1.8001111647381043,True,Cruise
1,329,1675450033.9237177,49.884436386309225,-0.0015408481825436341,False,True,True,False,100000,False,True,False,-2.8393027692254855,1.0786737536379012,9.95380322179907,1.164040399674979,True,Cruise
1,330,1675450034.0237284,49.884436386309225,-0.0015408481825436341,False,True,True,False,100000,False,True,False,-1.4487582242923027,0.7902353263950539,9.779846763845,1.7956096925670568,True,Cruise
1,331,1675450034.123773,49.719851675280054,-0.0037353109962660045,False,True,True,False,100000,False,True,False,0.29586515327503843,0.4965087318648753,9.622579780304127,1.3283432803271469,True,Cruise
1,332,1675450034.223697,49.719851675280054,-0.0037353109962660045,False,True,True,False,100000,False,True,False,1.47055549521584,0.27482482138647735,9.55525930689587,0.1728486973158807,True,Cruise
1,333,1675450034.3237345,49.719851675280054,-0.0037353109962660045,False,True,True,False,100000,False,True,False,1.47055549521584,0.27482482138647735,9.55525930689587,0.1728486973158807,True,Cruise
1,334,1675450034.4238071,49.719851675280054,-0.0037353109962660045,False,True,True,False,100000,False,True,False,0.31443592527125874,0.3802524036542482,9.71345239702768,0.19484099704873886,True,Cruise
1,335,1675450034.5238247,49.719851675280054,-0.0037353109962660045,False,True,True,False,100000,False,True,False,0.0664142101671115,0.14884687423639448,9.782373720388833,0.09064529214034436,True,Cruise
1,336,1675450034.6236372,49.719851675280054,-0.0037353109962660045,False,True,True,False,100000,False,True,False,0.0664142101671115,0.14884687423639448,9.782373720388833,0.09064529214034436,True,Cruise
1,337,1675450034.723769,49.929836776228804,0.0009355096502826604,False,True,True,False,100000,False,True,False,0.0664142101671115,0.14884687423639448,9.782373720388833,0.09064529214034436,True,Cruise
1,338,1675450034.8237627,49.929836776228804,0.0009355096502826604,False,True,False,False,100000,False,True,False,0.2189392220476624,-0.09733677118037533,9.810293916009929,0.09212655848230025,True,Cruise
1,339,1675450034.9237392,49.929836776228804,0.0009355096502826604,False,True,False,False,100000,False,True,False,1.6697505883637613,-0.1359312122882408,9.721541475827925,0.27964091014405684,True,Cruise
1,340,1675450035.0237586,49.929836776228804,0.0009355096502826604,False,True,False,False,100000,False,True,False,0.7690344081478137,-0.29782469358388575,9.855329780075717,0.29536834531843537,True,Cruise
1,341,1675450035.1237574,49.51616194404897,-0.006451174079347038,False,True,False,False,100000,False,True,False,0.5667442345573798,-0.3000019695047871,9.883632534694625,0.20427212433590083,True,Cruise
1,342,1675450035.2237613,49.51616194404897,-0.006451174079347038,False,True,False,False,100000,False,True,False,0.5667442345573798,-0.3000019695047871,9.883632534694625,0.20427212433590083,True,Cruise
1,343,1675450035.323884,49.51616194404897,-0.006451174079347038,False,True,False,False,100000,False,True,False,-1.5043888127970035,-0.34066818867256665,10.078145634240212,0.9728610897170478,True,Cruise
1,344,1675450035.4237375,49.51616194404897,-0.006451174079347038,False,True,False,False,100000,False,True,False,-1.0414943209867564,-0.327930626616015,9.980993007068674,0.4810038489002737,True,Cruise
1,345,1675450035.5237525,48.97460239994341,0.013671968000754596,False,True,False,False,100000,False,True,False,-0.10198782637953113,-0.26615196617109854,9.854263707244213,0.1580186900667987,True,Cruise
1,346,1675450035.6237714,48.97460239994341,0.013671968000754596,False,True,False,False,100000,False,True,False,-1.9313982611735068,-0.0682859250217687,9.989743828966244,0.9299455205206454,True,Cruise
1,347,1675450035.7238054,48.97460239994341,0.013671968000754596,False,True,False,False,100000,False,True,False,-2.1675084333878316,0.1989833136647097,9.980342178940372,0.35674816102446394,True,Cruise
1,348,1675450035.8239093,48.97460239994341,0.013671968000754596,False,True,False,False,100000,False,True,False,-2.1675084333878316,0.1989833136647097,9.980342178940372,0.35674816102446394,True,Cruise
1,349,1675450035.9238303,48.97460239994341,0.013671968000754596,False,True,False,False,100000,False,True,False,-2.0186502067327683,0.2052667732571745,9.88179678398528,0.17863215940640553,True,Cruise
1,350,1675450036.023808,48.60264535139942,0.018631395314674424,False,True,False,False,100000,False,True,False,-1.1208487397782705,0.19741214649657585,9.753873667998596,0.7218001267352075,True,Cruise
1,351,1675450036.1239233,48.60264535139942,0.018631395314674424,False,True,False,False,100000,False,True,False,-1.8352677526014403,0.2849551817115952,9.808068815909374,0.7218001267352075,True,Cruise
1,352,1675450036.223833,48.60264535139942,0.018631395314674424,False,True,False,False,100000,False,True,False,-2.7710659982622263,0.730943624992004,9.841557970950767,0.3113514121473668,True,Cruise
1,353,1675450036.323907,48.60264535139942,0.018631395314674424,False,True,False,False,100000,False,True,False,-2.2534857665145505,0.7926481253998071,9.768971303662493,0.5262751808080759,True,Cruise
1,354,1675450036.4238434,48.07477234471936,0.025669702070408546,False,True,False,False,100000,False,True,False,-0.9315849235866179,1.0166131159405667,9.621119766795605,0.2092209810600296,True,Cruise
1,355,1675450036.5237494,48.07477234471936,0.025669702070408546,False,True,False,False,100000,False,True,False,-0.7415038421194473,1.1024993722973095,9.604805590352525,0.8806817750367832,True,Cruise
1,356,1675450036.6237395,48.07477234471936,0.025669702070408546,False,True,False,False,100000,False,True,False,-2.4575557544012097,1.3174081367135375,9.767628775874968,0.6348316800524286,True,Cruise
1,357,1675450036.723719,48.07477234471936,0.025669702070408546,False,True,False,False,100000,False,True,False,-3.0103076605955597,1.5875276817958888,9.801138864559123,0.5899509195803319,True,Cruise
1,358,1675450036.8236473,48.07477234471936,0.025669702070408546,False,True,False,False,100000,False,True,False,-1.1203513476725089,1.536244988555067,9.633152533092387,1.3082999530184793,True,Cruise
1,359,1675450036.9237115,47.79599582019092,0.02938672239745445,False,True,False,False,100000,False,True,False,-0.7274345447480075,1.5582532005826102,9.610878973417126,0.394162513283123,True,Cruise
1,360,1675450037.0238254,47.79599582019092,0.02938672239745445,False,True,False,False,100000,False,True,False,-1.4765351839893301,1.5843390154238293,9.701240071772387,0.7549816988137248,True,Cruise
1,361,1675450037.123749,47.79599582019092,0.02938672239745445,False,True,False,False,100000,False,True,False,-1.3635324547753735,1.71216299075547,9.714560410648787,0.47814569512744665,True,Cruise
1,362,1675450037.2238057,47.79599582019092,0.02938672239745445,False,True,False,False,100000,False,True,False,-0.9242016487423349,1.7103588625094033,9.690833900358264,0.4399747257501662,True,Cruise
1,363,1675450037.3237643,47.81860688118136,0.029085241584248533,False,True,False,False,100000,False,True,False,-0.5887211504275269,1.7116931621397722,9.67935450205389,0.33567949250808565,True,Cruise
1,364,1675450037.423741,47.81860688118136,0.029085241584248533,False,True,False,False,100000,False,True,False,-0.5887211504275269,1.7116931621397722,9.67935450205389,0.33567949250808565,True,Cruise
1,365,1675450037.5238283,47.81860688118136,0.029085241584248533,False,True,False,False,100000,False,True,False,0.04756778805927244,1.742013410636433,9.740318044614797,0.03246478736065891,True,Cruise
1,366,1675450037.6237228,47.81860688118136,0.029085241584248533,False,True,False,False,100000,False,True,False,0.06527432748350274,1.742852406013189,9.762723304883675,0.028569584164635363,True,Cruise
1,367,1675450037.7237356,48.57291844832709,0.019027754022305485,False,True,False,False,100000,False,True,False,0.13469012268083863,1.7367607544675236,9.801535182272445,0.036078646861230725,True,Cruise
1,368,1675450037.8238077,48.57291844832709,0.019027754022305485,False,True,False,False,100000,False,True,False,1.1656295909673184,1.736434961022547,9.722994211621764,1.0339269691244783,True,Cruise
1,369,1675450037.9237804,48.57291844832709,0.019027754022305485,False,True,False,False,100000,False,True,False,1.1656295909673184,1.736434961022547,9.722994211621764,1.0339269691244783,True,Cruise
1,370,1675450038.0237443,48.372014622868356,0.02170647169508854,False,True,False,False,100000,False,True,False,3.332695389542492,1.4138852627864549,9.667776209013642,0.30252288973053115,True,Cruise
1,371,1675450038.1237292,48.372014622868356,0.02170647169508854,False,True,False,False,100000,False,True,False,0.7535848065779059,1.4414680470196264,10.009457868359673,1.628648286883942,True,Cruise
1,372,1675450038.223717,48.372014622868356,0.02170647169508854,False,True,False,False,100000,False,True,False,-0.003268680415607794,1.457568441208858,10.084045784043,0.7606903316286283,True,Cruise
1,373,1675450038.3239284,48.372014622868356,0.02170647169508854,False,True,False,False,100000,False,True,False,0.011013114075160431,1.4053670334076358,10.08348279983605,0.054122763986360886,True,Cruise
1,374,1675450038.4238,49.39549355142473,-0.008060085981003584,False,True,False,False,100000,False,True,False,0.011013114075160431,1.4053670334076358,10.08348279983605,0.6194091291735839,True,Cruise
1,375,1675450038.5237072,49.39549355142473,-0.008060085981003584,False,True,False,False,100000,False,True,False,0.6820738602748034,1.0664994412012923,9.995290612734966,0.1335013131835454,True,Cruise
1,376,1675450038.6237233,49.39549355142473,-0.008060085981003584,False,True,False,False,100000,False,True,False,0.6820738602748034,1.0664994412012923,9.995290612734966,0.9975804585989656,True,Cruise
1,377,1675450038.7238092,49.39549355142473,-0.008060085981003584,False,True,False,False,100000,False,True,False,3.0510498289986048,0.5189715375643458,9.755285815957963,0.5875145044513516,True,Cruise
1,378,1675450038.8237774,49.28907125763628,-0.009479049898182901,False,True,False,False,100000,False,True,False,3.3943801238882165,0.45142386919636834,9.72560502471421,0.3511685183210382,True,Cruise
1,379,1675450038.9237466,49.28907125763628,-0.009479049898182901,False,True,False,False,100000,False,True,False,2.509555613533618,-0.03840845581115955,9.816513701706935,0.3511685183210382,True,Cruise
1,380,1675450039.0237203,49.28907125763628,-0.009479049898182901,False,True,False,False,100000,False,True,False,2.248886179728058,-0.13268562477104665,9.838087948962233,0.2780327075223975,True,Cruise
1,381,1675450039.1237156,49.760262262134724,-0.003196503171537024,False,True,False,False,100000,False,True,False,0.8941854729368554,-0.28360163023185825,9.940011640951765,0.37966722877387,True,Cruise
1,382,1675450039.2236807,49.760262262134724,-0.003196503171537024,False,True,False,False,100000,False,True,False,1.65303074451739,-0.4279590605440582,9.850267911266434,0.7833542289894386,True,Cruise
1,383,1675450039.3237472,49.760262262134724,-0.003196503171537024,False,True,False,False,100000,False,True,False,2.4317878089724085,-0.46226972439600195,9.772782035243258,0.7833542289894386,True,Cruise
1,384,1675450039.4237866,49.345319271646254,-0.008729076378049913,False,True,False,False,100000,False,True,False,2.4317878089724085,-0.46226972439600195,9.772782035243258,0.7833542289894386,True,Cruise
1,385,1675450039.523913,49.345319271646254,-0.008729076378049913,False,True,False,False,100000,False,True,False,2.0649923652765896,-0.6366311681763795,9.808104982143059,0.407662263609077,True,Cruise
1,386,1675450039.6238477,49.345319271646254,-0.008729076378049913,False,True,False,False,100000,False,True,False,-0.33419691381499556,-0.7194115139731939,10.0022231408348,1.297568523267541,True,Cruise
1,387,1675450039.7237265,49.345319271646254,-0.008729076378049913,False,True,False,False,100000,False,True,False,-1.8885626377401703,-0.8356954529929038,10.08303171829011,0.47406071501572183,True,Cruise
1,388,1675450039.8237333,49.25395860313253,-0.009947218624899577,False,True,False,False,100000,False,True,False,-1.6341795012029705,-0.7956624362833895,10.021793952568991,0.26469508218303284,True,Cruise
1,389,1675450039.923788,49.25395860313253,-0.009947218624899577,False,True,False,False,100000,False,True,False,-0.9513384402831142,-0.599672121555951,9.864302713657292,0.39922821482264864,True,Cruise
1,390,1675450040.0237448,49.25395860313253,-0.009947218624899577,False,True,False,False,100000,False,True,False,-0.68109499607886,-0.5814671304749464,9.812781645969562,0.33634528626835536,True,Cruise
1,391,1675450040.1237185,48.034720370053215,-0.026203728399290492,False,True,False,False,100000,False,True,False,-0.46475548990893156,-0.5640650987903529,9.747795571603259,0.06557688496078598,True,Cruise
1,392,1675450040.2237787,48.034720370053215,-0.026203728399290492,False,True,False,False,100000,False,True,False,-0.46915452931217483,-0.5602435698980697,9.729407560361672,1.0258280556405193,True,Cruise
1,393,1675450040.3237283,48.034720370053215,-0.026203728399290492,False,True,False,False,100000,False,True,False,-2.443592779501566,-0.739556487914611,9.871217381411133,0.9830293032726755,True,Cruise
1,394,1675450040.4238358,47.079757445983596,-0.038936567386885446,False,True,False,False,100000,False,True,False,-3.615902814007518,-0.9541991117217431,9.915310343897492,1.1926132911799112,True,Cruise
1,395,1675450040.523888,47.079757445983596,-0.038936567386885446,False,True,False,False,100000,False,True,False,-4.028710397157693,-1.023841188220912,9.884500603050595,0.1506393962059852,True,Cruise
1,396,1675450040.6237376,47.079757445983596,-0.038936567386885446,False,True,False,False,100000,False,True,False,-4.157642562905896,-1.1035389288976891,9.83003221038525,0.0635440204758396,True,Cruise
1,397,1675450040.723724,47.30439006348563,-0.0359414658201917,False,True,False,False,100000,False,True,False,-4.27083802588513,-1.5409772098122012,9.780061034511432,0.19780333650494156,True,Cruise
1,398,1675450040.823738,47.30439006348563,-0.0359414658201917,False,True,False,True,100000,False,True,False,-4.330842348747183,-1.642543141715136,9.758255540883201,0.11996514842993294,True,Cruise
1,399,1675450040.923856,47.30439006348563,-0.0359414658201917,False,True,False,True,100000,False,True,False,-4.330842348747183,-1.642543141715136,9.758255540883201,0.11996514842993294,True,Cruise
1,400,1675450041.0237365,47.30439006348563,-0.0359414658201917,False,True,False,True,100000,False,True,False,-3.012688465487235,-1.9324743268326205,9.574252380046143,0.1532069050243355,True,Cruise
1,401,1675450041.1237273,47.4863410808458,-0.03351545225538943,False,True,False,True,100000,False,True,False,-2.3019510772881575,-1.8514823486259304,9.510824504311698,0.5656040585202695,True,Cruise
1,402,1675450041.223752,47.4863410808458,-0.03351545225538943,False,True,False,True,100000,False,True,False,-1.4304749426232823,-1.8858224137800568,9.465929123759615,0.3790040410403172,True,Cruise
1,403,1675450041.3237343,47.4863410808458,-0.03351545225538943,False,True,False,True,100000,False,True,False,-0.16567220569254235,-1.9643993821681636,9.372589658572709,1.2706740569752473,True,Cruise
1,404,1675450041.4237325,46.14224553414673,-0.05143672621137696,False,True,False,True,100000,False,True,False,-0.16567220569254235,-1.9643993821681636,9.372589658572709,0.2501929683193789,True,Cruise
1,405,1675450041.5237553,46.14224553414673,-0.05143672621137696,False,True,False,True,100000,False,True,False,-1.0774537480319808,-2.056555496288354,9.646228607103426,0.9813205435786094,True,Cruise
1,406,1675450041.623721,46.14224553414673,-0.05143672621137696,False,True,False,True,100000,False,True,False,-2.6467450420348135,-2.47310534168345,9.855943437230115,0.9813205435786094,True,Cruise
1,407,1675450041.7237194,46.329895446119345,-0.048934727385075365,False,True,False,True,100000,False,True,False,-3.13111166826387,-2.532592078723902,9.944269445142377,0.14519528885378533,True,Cruise
1,408,1675450041.8237445,46.329895446119345,-0.048934727385075365,False,True,False,True,100000,False,True,False,-3.158977279761727,-2.547120052934127,9.962324196444566,0.03624263212552809,True,Cruise
1,409,1675450041.9238012,46.329895446119345,-0.048934727385075365,False,False,False,True,100000,False,True,False,-3.158977279761727,-2.547120052934127,9.962324196444566,0.03624263212552809,True,Cruise
1,410,1675450042.0238256,46.29510469115258,-0.04939860411796557,False,False,False,True,100000,False,True,False,-1.547553081250429,-2.6372099691706423,9.85439021260571,0.5875436426013005,True,Cruise
1,411,1675450042.123776,46.29510469115258,-0.04939860411796557,False,False,False,True,100000,False,True,False,-0.5242689824731704,-2.562696448211564,9.788281994618579,0.41854065412791674,True,Cruise
1,412,1675450042.2237856,46.29510469115258,-0.04939860411796557,False,False,False,True,100000,False,True,False,-0.38665604664869085,-2.6220437942890933,9.804519818342214,0.13921682808236194,True,Cruise
1,413,1675450042.3237484,44.32922440447095,-0.07561034127372064,False,False,False,True,100000,False,True,False,-0.28589521157980974,-2.6537023264296895,9.808859160971801,0.10570637840514817,True,Cruise
1,414,1675450042.423763,44.32922440447095,-0.07561034127372064,False,False,False,True,100000,False,True,False,-0.125706144831349,-2.7091269091704113,9.82931854134468,0.17073666191819514,True,Cruise
