repetition,iteration,time,speed,steering,obstacle_North,obstacle_NorthWest,obstacle_SouthWest,obstacle_West,obstacle_distance,follow_enable,steady_motion_enable,passing_start,accel_x,accel_y,accel_z,accel_diff,success,action
1,1,1675389226.2516067,0.0,0.0,False,False,False,False,100000,False,True,False,0.04408409195173782,-1.5304079352341449e-13,9.809899624608567,3.1806016236042944e-07,True,Cruise
1,2,1675389226.2518566,0.0,0.0,False,False,False,False,100000,False,True,False,0.04408409195173782,-1.5304079352341449e-13,9.809899624608567,3.1806016236042944e-07,True,Cruise
1,3,1675389226.352047,0.0,0.0,False,False,False,False,100000,False,True,False,0.044085366345984374,4.5304944059880797e-14,9.809899372160464,7.53160463104777e-07,True,Cruise
1,4,1675389226.4520464,49.73539900473604,0.0035280132701861183,False,False,False,False,100000,False,True,False,1.0303904653745162,-0.01068910927230181,9.714986608408987,4.803987523476977e-07,True,Cruise
1,5,1675389226.5540776,49.73539900473604,0.0035280132701861183,False,False,False,False,100000,False,True,False,1.0303904653745162,-0.01068910927230181,9.714986608408987,0.9909177546082274,True,Cruise
1,6,1675389226.6531067,49.730042659974494,0.003599431200340104,False,False,False,False,100000,False,True,False,2.6143532007204517,0.00723156086716882,9.598476456581686,1.588343071525055,True,Cruise
1,7,1675389226.7519872,49.76788385672627,0.0030948819103163087,False,False,False,False,100000,False,True,False,3.3313328261932558,0.004209986831643867,9.57984830986759,0.27131705489312663,True,Cruise
1,8,1675389226.8519716,49.76788385672627,0.0030948819103163087,False,False,False,False,100000,False,True,False,3.6041446649769235,0.0022541243029534307,9.612853872022331,0.11157031032263096,True,Cruise
1,9,1675389226.9520845,49.752447385548315,0.003300701526022456,False,False,False,False,100000,False,True,False,3.896549478390992,0.001442556455898334,9.682006515277353,0.10640682334128607,True,Cruise
1,10,1675389227.0520146,49.752447385548315,0.003300701526022456,False,False,False,False,100000,False,True,False,3.896549478390992,0.001442556455898334,9.682006515277353,0.10640682334128607,True,Cruise
1,11,1675389227.1519735,49.83060518794269,0.002258597494097493,False,False,False,False,100000,False,True,False,4.119864810977352,0.002915422378873957,9.726239914813094,0.2276587374485593,True,Cruise
1,12,1675389227.2519794,49.78544519902836,0.002860730679621851,False,False,False,False,100000,False,True,False,4.328927304535566,0.0025331533449869633,9.768740936586042,0.10256637992624365,True,Cruise
1,13,1675389227.3519897,49.78544519902836,0.002860730679621851,False,False,False,False,100000,False,True,False,4.492626904276847,0.002221818196267811,9.809389967925956,0.0777334361993122,True,Cruise
1,14,1675389227.4519982,49.76164226826752,0.0031781030897663153,False,False,False,False,100000,False,True,False,4.6341601906964245,0.0059883134149386966,9.863039250479359,0.03743514120135855,True,Cruise
1,15,1675389227.552046,49.72675532439396,0.003643262341413852,False,False,False,False,100000,False,True,False,4.6341601906964245,0.0059883134149386966,9.863039250479359,0.03743514120135855,True,Cruise
1,16,1675389227.6523454,49.72675532439396,0.003643262341413852,False,False,False,False,100000,False,True,False,4.6631402040557655,0.005639321688787992,9.901585497879545,0.01410848132881019,True,Cruise
1,17,1675389227.7520468,49.9217935454398,-0.0010427527274693936,False,False,False,False,100000,False,True,False,4.632595667165269,0.008341772026792458,9.916515573743482,0.020578337801328582,True,Cruise
1,18,1675389227.8520753,49.9217935454398,-0.0010427527274693936,False,False,False,False,100000,False,True,False,4.605469310730108,0.008291300684333687,9.920532740636745,0.03607697076829134,True,Cruise
1,19,1675389227.9520216,49.781988346887395,0.0029068220415014237,False,False,False,False,100000,False,True,False,4.571875416674912,0.021330503502281325,9.922258223727606,0.03607697076829134,True,Cruise
1,20,1675389228.052002,49.781988346887395,0.0029068220415014237,False,False,False,False,100000,False,True,False,4.489581601156508,-0.008355436141858867,9.919091723244874,0.043932187546330326,True,Cruise
1,21,1675389228.151964,49.793287822745405,0.002756162363394581,False,False,False,False,100000,False,True,False,4.343912108178963,0.009909914518314206,9.899661471994992,0.051392218184597514,True,Cruise
1,22,1675389228.2520375,49.70689046269507,0.00390812716406576,False,False,False,False,100000,False,True,False,4.293397644287088,0.010381519491040856,9.889945453694748,0.05125118617579649,True,Cruise
1,23,1675389228.351982,49.70689046269507,0.00390812716406576,False,False,False,False,100000,False,True,False,4.194595589592281,0.007219296807147113,9.866909337545808,0.050259410774650404,True,Cruise
1,24,1675389228.4521093,49.777073515791805,0.0029723531227759388,False,False,False,False,100000,False,True,False,4.103380772456601,0.007491848577403624,9.840612897548043,0.04665700524549479,True,Cruise
1,25,1675389228.5519836,49.777073515791805,0.0029723531227759388,False,False,False,False,100000,False,True,False,4.062023987121486,0.009590210891921427,9.826831949795821,0.04364288416921245,True,Cruise
1,26,1675389228.652118,49.684015255120364,0.00421312993172847,False,False,False,False,100000,False,True,False,3.9595726984438224,0.00784792901483748,9.785681767924903,0.03349272207678751,True,Cruise
1,27,1675389228.752057,49.99839361633459,-2.1418448872216663e-05,False,False,False,False,100000,False,True,False,3.9113461283564788,0.0029856066839139663,9.760455075363753,0.02544524081472806,True,Cruise
1,28,1675389228.8520117,49.729095252085706,0.0036120633055239226,False,False,False,False,100000,False,True,False,3.8796189451486827,0.02557661177106429,9.738587630688613,0.026248995658565068,True,Cruise
1,29,1675389228.9519458,49.729095252085706,0.0036120633055239226,False,False,False,False,100000,False,True,False,3.8637516449283873,-0.005723383658676425,9.721050690866788,0.013469441459218927,True,Cruise
1,30,1675389229.0521982,49.81787784563184,0.0024282953915754748,False,False,False,False,100000,False,True,False,3.8637516449283873,-0.005723383658676425,9.721050690866788,0.013469441459218927,True,Cruise
1,31,1675389229.152215,49.81787784563184,0.0024282953915754748,False,False,False,False,100000,False,True,False,3.865565479398057,0.012470737282130938,9.70415569715552,0.010376901535842325,True,Cruise
1,32,1675389229.2520611,49.76933988063871,0.003075468258150546,False,False,False,False,100000,False,True,False,3.880688794978152,0.00902404731137468,9.699370870052082,0.012310167805464213,True,Cruise
1,33,1675389229.352023,49.8629571965201,0.0018272373797320598,False,False,False,False,100000,False,True,False,3.917660673073736,0.007376096588648999,9.70125811474097,0.01398801296621037,True,Cruise
1,34,1675389229.4520674,49.8629571965201,0.0018272373797320598,False,False,False,False,100000,False,True,False,3.9324461948176426,0.0118136111478918,9.704017149339307,0.015681691892708845,True,Cruise
1,35,1675389229.552,49.8216203708792,0.0023783950549439267,False,False,False,False,100000,False,True,False,3.9324461948176426,0.0118136111478918,9.704017149339307,0.033779424132978395,True,Cruise
1,36,1675389229.6520867,49.74733336840769,0.003368888421230874,False,False,False,False,100000,False,True,False,4.011149148632,0.001656398114394566,9.729113465695422,0.016673346622058056,True,Cruise
1,37,1675389229.7520807,49.74733336840769,0.003368888421230874,False,False,False,False,100000,False,True,False,4.0260224218582845,0.005190442483632977,9.735562618707009,0.016592025211960508,True,Cruise
1,38,1675389229.8520515,49.772776785260334,0.0030296428631955367,False,False,False,False,100000,False,True,False,4.065443568034656,0.012262217013748264,9.755607249106202,0.014057444586108915,True,Cruise
1,39,1675389229.9520829,49.73670353540568,0.0035106195279242815,False,False,False,False,100000,False,True,False,4.086236400553208,0.011482934188540917,9.768464342462082,0.024459231701507433,True,Cruise
1,40,1675389230.0520496,49.73670353540568,0.0035106195279242815,False,False,False,False,100000,False,True,False,4.094762048318578,0.009336932104434344,9.774458408505815,0.009688868891442454,True,Cruise
1,41,1675389230.152012,49.837028807072855,0.002172949239028553,False,False,False,False,100000,False,True,False,4.112566689694251,0.015518556609364222,9.789843530266293,0.008095916660500363,True,Cruise
1,42,1675389230.2520144,49.75589572390142,0.003254723681314442,False,False,False,False,100000,False,True,False,4.118241663283575,0.011998642098260544,9.797432392265902,0.00690912446526436,True,Cruise
1,43,1675389230.352044,49.75589572390142,0.003254723681314442,False,False,False,False,100000,False,True,False,4.119366414016043,0.008662035289700198,9.800338603062956,0.004565530681315302,True,Cruise
1,44,1675389230.4520652,49.868002792187646,0.0017599627708314283,False,False,False,False,100000,False,True,False,4.116706454548867,0.01607872164905219,9.805452819752729,0.004111347128433463,True,Cruise
1,45,1675389230.55205,49.76165867115455,0.0031778843846060048,False,False,False,False,100000,False,True,False,4.114156394391178,0.0210632195537005,9.805991955370109,0.005624828298108632,True,Cruise
1,46,1675389230.652072,49.76165867115455,0.0031778843846060048,False,False,False,False,100000,False,True,False,4.110984040989531,0.01109197593134866,9.805985107656166,0.006210215528730344,True,Cruise
1,47,1675389230.752303,49.76287638891404,0.0031616481478128275,False,False,False,False,100000,False,True,False,4.103033418026831,0.0008539703684596594,9.80449909944501,0.01049367221610946,True,Cruise
1,48,1675389230.8522966,49.76287638891404,0.0031616481478128275,False,False,False,False,100000,False,True,False,4.093570620550421,0.014776386843725531,9.801351345814547,0.01101421177955185,True,Cruise
1,49,1675389230.9523098,49.736027640159605,0.0035196314645386207,False,False,False,False,100000,False,True,False,4.078433170137088,0.01476805181646057,9.794386077711147,0.005655585981580384,True,Cruise
1,50,1675389231.052233,49.7900750180238,0.00279899975968267,False,False,False,False,100000,False,True,False,4.073465665928786,0.01470131699438644,9.791683282639546,0.0056191227859733114,True,Cruise
1,51,1675389231.1520483,49.801929226004674,0.002640943653271063,False,False,False,False,100000,False,True,False,4.064041831878331,0.016883585918196997,9.786027556893812,0.006456731416234529,True,Cruise
1,52,1675389231.2520602,49.801929226004674,0.002640943653271063,False,False,False,False,100000,False,True,False,4.052025165380989,0.014873430118218298,9.777634938689328,0.0049244189779632025,True,Cruise
1,53,1675389231.3521247,49.801929226004674,0.002640943653271063,False,False,False,False,100000,False,True,False,4.052025165380989,0.014873430118218298,9.777634938689328,0.008011590894960379,True,Cruise
1,54,1675389231.452144,49.800335198466605,0.0026621973537786113,False,False,False,False,100000,False,True,False,4.041179400271599,0.014813756835289807,9.768264330904971,0.002951770879210996,True,Cruise
1,55,1675389231.5521312,49.895448398371606,0.0013940213550452513,False,False,False,False,100000,False,True,False,4.041179400271599,0.014813756835289807,9.768264330904971,0.002951770879210996,True,Cruise
1,56,1675389231.6521032,49.79845333867194,0.0026872888177075153,False,False,False,False,100000,False,True,False,4.0367392492343726,0.005271213659958431,9.762390548596592,0.004763966578716377,True,Cruise
1,57,1675389231.7521875,49.79845333867194,0.0026872888177075153,False,False,False,False,100000,False,True,False,4.036534783681653,0.00030423795902418386,9.761545319092459,0.0050425258244828994,True,Cruise
1,58,1675389231.8520594,49.88051652933497,0.0015931129422004715,False,False,False,False,100000,False,True,False,4.036978056354402,0.014017577392503538,9.76059526211807,0.004110450370075415,True,Cruise
1,59,1675389231.9520512,49.8632797786125,0.0018229362851666312,False,False,False,False,100000,False,True,False,4.03854529214928,0.009789339805637095,9.760545403412461,0.004630218073064621,True,Cruise
1,60,1675389232.0520182,49.8632797786125,0.0018229362851666312,False,False,False,False,100000,False,True,False,4.040936414630046,0.0035595041173778325,9.76128272124624,0.0024987615821197087,True,Cruise
1,61,1675389232.1521714,49.935090573714206,0.0008654590171439391,False,False,False,False,100000,False,True,False,4.042333029632292,0.0055367221101451465,9.761902305775465,0.002207680156580132,True,Cruise
1,62,1675389232.2520351,49.935090573714206,0.0008654590171439391,False,False,False,False,100000,False,True,False,4.045399285701493,0.00761917866450058,9.763535188143594,0.0019098699168988659,True,Cruise
1,63,1675389232.352107,49.978487135542565,0.0002868381927657671,False,False,False,False,100000,False,True,False,4.050310049771521,0.00012675535858300066,9.76663475642501,0.0021660491532934215,True,Cruise
1,64,1675389232.452001,49.933919549009985,0.0008810726798668713,False,False,False,False,100000,False,True,False,4.054928963627899,-0.005034242703852555,9.770013923972392,0.0027271568513477368,True,Cruise
1,65,1675389232.5520067,49.90998062695241,0.0012002583073012,False,False,False,False,100000,False,True,False,4.05630374773997,-0.007280926450529577,9.771113904377321,0.0028543959262187345,True,Cruise
1,66,1675389232.6520884,49.90998062695241,0.0012002583073012,False,False,False,False,100000,False,True,False,4.058715697381846,-0.001614533432077285,9.77317950443453,0.0020120732098430267,True,Cruise
1,67,1675389232.7521148,49.97959561854508,0.00027205841939881824,False,False,False,False,100000,False,True,False,4.060655586505608,0.002371361170117477,9.774979687548242,0.0011438083715163997,True,Cruise
1,68,1675389232.8522232,49.97959561854508,0.00027205841939881824,False,False,False,False,100000,False,True,False,4.062097362952845,0.005636791607343357,9.776441557298659,0.0066804844825404525,True,Cruise
1,69,1675389232.9521585,49.95472499604118,0.0006036667194509322,False,False,False,False,100000,False,True,False,4.06305061422156,-0.00407586892991982,9.7775227943515,0.0011671883163272534,True,Cruise
1,70,1675389233.052012,49.935199681588585,0.0008640042454855106,False,False,False,False,100000,False,True,False,4.063482939957066,-0.0016612653936980053,9.77821678869549,0.003492885169205466,True,Cruise
1,71,1675389233.1520057,49.935199681588585,0.0008640042454855106,False,False,False,False,100000,False,True,False,4.06352379136685,0.0006202784294888483,9.778420961360297,0.0026163606426471576,True,Cruise
1,72,1675389233.2519703,49.94026243409228,0.0007965008787696111,False,False,False,False,100000,False,True,False,4.063065158782802,0.004560414935026225,9.778507673932621,0.0013590927223820731,True,Cruise
1,73,1675389233.3521879,49.930860796173995,0.0009218560510134514,False,False,False,False,100000,False,True,False,4.062379699373386,0.005214664540076088,9.77818679075822,0.0008480902258342812,True,Cruise
1,74,1675389233.4521937,49.930860796173995,0.0009218560510134514,False,False,False,False,100000,False,True,False,4.061483259107634,0.00555896241001974,9.777632864715951,0.0005791053756440818,True,Cruise
1,75,1675389233.552046,49.93739227957893,0.0008347696056142536,False,False,False,False,100000,False,True,False,4.060978745035788,0.007221453070514663,9.77728945541325,0.0017709713702104028,True,Cruise
1,76,1675389233.6520047,49.92515252818169,0.0009979662909108335,False,False,False,False,100000,False,True,False,4.060451618019563,0.008686374111649173,9.77691281586032,0.001601784598760026,True,Cruise
1,77,1675389233.7519855,49.92515252818169,0.0009979662909108335,False,False,False,False,100000,False,True,False,4.058829268246793,0.008706050004481988,9.77566577476886,0.0018684441932661016,True,Cruise
1,78,1675389233.852115,49.96615872940772,0.00045121694123047566,False,False,False,False,100000,False,True,False,4.057786412859648,0.011570089008965877,9.774814102565115,0.001306123312090053,True,Cruise
1,79,1675389233.952172,49.95142242420529,-0.0006477010105961347,False,False,False,False,100000,False,True,False,4.056434391347078,0.006892539785816206,9.77363375234928,0.0025037160543820197,True,Cruise
1,80,1675389234.0519679,49.95142242420529,-0.0006477010105961347,False,False,False,False,100000,False,True,False,4.056053240791879,0.00941222323519089,9.773287202947442,0.0025718042146896107,True,Cruise
1,81,1675389234.1520133,49.93446721514846,-0.0008737704646871972,False,False,False,False,100000,False,True,False,4.056053240791879,0.00941222323519089,9.773287202947442,0.014855925214761813,True,Cruise
1,82,1675389234.2519786,49.93446721514846,-0.0008737704646871972,False,False,False,False,100000,False,True,False,4.055167050671904,-0.006752185688717916,9.772435647652783,0.0013815209928165577,True,Cruise
1,83,1675389234.351986,49.93079501373015,-0.0009227331502647411,False,False,False,False,100000,False,True,False,4.0549495306113625,-0.009634386815058757,9.772222337393524,0.0021809425550419897,True,Cruise
1,84,1675389234.4520068,49.93079501373015,-0.0009227331502647411,False,False,False,False,100000,False,True,False,4.054547655807807,-0.015517669183553618,9.771801570960628,0.002122151053522586,True,Cruise
1,85,1675389234.551991,49.92392295134828,-0.0010143606486895697,False,False,False,False,100000,False,True,False,4.054496009732609,-0.01745250529749094,9.7717323199068,0.0013991119255820975,True,Cruise
1,86,1675389234.6520042,49.92392295134828,-0.0010143606486895697,False,False,False,False,100000,False,True,False,4.054482472159615,-0.018851090428869906,9.77169639575463,0.0013991119255820975,True,Cruise
1,87,1675389234.752014,49.98469757298068,-0.00020403236025760154,False,False,False,False,100000,False,True,False,4.054557055486235,-0.02263420729430144,9.771716559810086,0.003783905717543019,True,Cruise
1,88,1675389234.8521001,49.99219558714552,0.00010405883805976035,False,False,False,False,100000,False,True,False,4.054753049992788,-0.01934801870193307,9.771842252465868,0.003945170668216538,True,Cruise
1,89,1675389234.9520066,49.99219558714552,0.00010405883805976035,False,False,False,False,100000,False,True,False,4.055036843226743,-0.014112732237731499,9.772051386007261,0.0013071482642229141,True,Cruise
1,90,1675389235.0519922,49.99219558714552,0.00010405883805976035,False,False,False,False,100000,False,True,False,4.055374399921891,-0.01092787834647047,9.77231968384811,0.0028487603842830933,True,Cruise
1,91,1675389235.1521552,49.99219558714552,0.00010405883805976035,False,False,False,False,100000,False,True,False,4.055555321262267,-0.008088753705543232,9.772468258640512,0.0028487603842830933,True,Cruise
1,92,1675389235.2520342,49.99219558714552,0.00010405883805976035,False,False,False,False,100000,False,True,False,4.056288339941294,-0.00038302964029047776,9.773091373611258,0.0018999027869183863,True,Cruise
1,93,1675389235.3520527,49.99219558714552,0.00010405883805976035,False,False,False,False,100000,False,True,False,4.056461651846954,0.001425854979152402,9.773241540449973,0.0016626182927672864,True,Cruise
1,94,1675389235.4520218,49.900110025999325,-0.0013318663200090688,False,False,False,False,100000,False,True,False,4.056924309741361,0.005686438845007614,9.77364587176599,0.001444386250362553,True,Cruise
1,95,1675389235.5519884,49.900110025999325,-0.0013318663200090688,False,False,False,False,100000,False,True,False,4.057054231271362,0.010732663549727819,9.773760369628155,0.005049195295779995,True,Cruise
1,96,1675389235.6519887,49.91708960322833,-0.0011054719569556616,False,False,False,False,100000,False,True,False,4.057263562094179,-0.009582552739828928,9.773953791806468,0.0024654195746476888,True,Cruise
1,97,1675389235.7520647,49.9764718470764,-0.0003137087056480428,False,False,False,False,100000,False,True,False,4.05741121351172,-0.012943809125961435,9.774094755350914,0.0011231763755254576,True,Cruise
1,98,1675389235.8520837,49.93744557310901,0.0008340590252132492,False,False,False,False,100000,False,True,False,4.057502732920903,-0.016518516427404407,9.774182247241857,0.0024544835398866384,True,Cruise
1,99,1675389235.9520965,49.93744557310901,0.0008340590252132492,False,False,False,False,100000,False,True,False,4.057558598294838,-0.01595893295461205,9.774217484673288,0.01353318530615656,True,Cruise
1,100,1675389236.0519876,49.97080291542999,0.00038929446093343014,False,False,False,False,100000,False,True,False,4.057580962015594,-0.0024257661417756526,9.77421684380726,0.01353318530615656,True,Cruise
1,101,1675389236.1520002,49.94890508347913,-0.0006812655536115176,False,False,False,False,100000,False,True,False,4.057520956051849,0.0019539625207591997,9.774161987216598,0.004181048004985776,True,Cruise
1,102,1675389236.251988,49.94890508347913,-0.0006812655536115176,False,False,False,False,100000,False,True,False,4.057520956051849,0.0019539625207591997,9.774161987216598,0.004181048004985776,True,Cruise
1,103,1675389236.352326,49.99924564099588,1.0058120054884509e-05,False,False,False,False,100000,False,True,False,4.057361293610138,-0.010332463245886192,9.774042126039822,0.004196822826163356,True,Cruise
1,104,1675389236.452081,49.995508687250215,5.988416999711698e-05,False,False,False,False,100000,False,True,False,4.05724187501893,-0.003964684884971535,9.773938259604323,0.005077129693663554,True,Cruise
1,105,1675389236.5520356,49.995508687250215,5.988416999711698e-05,False,False,False,False,100000,False,True,False,4.057181036107855,0.0011117754974527725,9.773882631024835,0.005077129693663554,True,Cruise
1,106,1675389236.6531475,49.995508687250215,5.988416999711698e-05,False,False,False,False,100000,False,True,False,4.056989934486645,0.002829694558528702,9.773714272661948,0.0017366952145932092,True,Cruise
1,107,1675389236.7522943,49.961165857087444,-0.0005177885721673518,False,False,False,False,100000,False,True,False,4.056866156651785,0.0028016849752123107,9.773609115815827,0.00010581444993097869,True,Cruise
1,108,1675389236.852103,49.989290708077746,-0.00014279055896337378,False,False,False,False,100000,False,True,False,4.0568084322689675,0.003015995083040392,9.773560702406495,0.0002795921067112797,True,Cruise
1,109,1675389236.9520347,49.989290708077746,-0.00014279055896337378,False,False,False,False,100000,False,True,False,4.056659764488642,0.0022658285220070232,9.773438027510942,0.0018534671995130447,True,Cruise
1,110,1675389237.0519774,49.989290708077746,-0.00014279055896337378,False,False,False,False,100000,False,True,False,4.056585158785294,0.0006830882037126406,9.773378127295983,0.0015856295159584755,True,Cruise
1,111,1675389237.152016,49.95290881174761,-0.0006278825100318832,False,False,False,False,100000,False,True,False,4.056532210833894,0.00019609756537677966,9.773336974252151,0.00028070809932913835,True,Cruise
1,112,1675389237.2522132,49.95290881174761,-0.0006278825100318832,False,False,False,False,100000,False,True,False,4.056513780881997,-0.0002179700908064216,9.773323379566657,0.0008750368370076002,True,Cruise
1,113,1675389237.3520298,49.95290881174761,-0.0006278825100318832,False,False,False,False,100000,False,True,False,4.056485529041207,-0.00860321190864422,9.773308931412997,0.001620185631007395,True,Cruise
1,114,1675389237.4519868,49.95290881174761,-0.0006278825100318832,False,False,False,False,100000,False,True,False,4.056485139969104,-0.010223394713700118,9.773311932370666,0.001620185631007395,True,Cruise
1,115,1675389237.5520945,49.94994455562271,-0.000667405925030588,False,False,False,False,100000,False,True,False,4.056523841887759,-0.014190836572045278,9.77335388499656,0.0010706871924955274,True,Cruise
1,116,1675389237.6520245,49.94994455562271,-0.000667405925030588,False,False,False,False,100000,False,True,False,4.0565407443472905,-0.01578086136983572,9.77337004699157,0.0013361930229109794,True,Cruise
1,117,1675389237.7520487,49.94994455562271,-0.000667405925030588,False,False,False,False,100000,False,True,False,4.056580539444005,-0.01812206097128827,9.773406401193988,0.0007734086342516754,True,Cruise
1,118,1675389237.8521328,49.93242609544027,-0.0009009853941297524,False,False,False,False,100000,False,True,False,4.056625385058807,-0.019495265211497748,9.77344565420861,0.0006011139904407261,True,Cruise
1,119,1675389237.9520786,49.893078757352576,-0.0014256165686322808,False,False,False,False,100000,False,True,False,4.056625385058807,-0.019495265211497748,9.77344565420861,0.0006011139904407261,True,Cruise
1,120,1675389238.0520897,49.893078757352576,-0.0014256165686322808,False,False,False,False,100000,False,True,False,4.056705364173232,-0.02677100657309,9.773523268907505,0.004109716652468897,True,Cruise
1,121,1675389238.152084,49.94334198867988,-0.0007554401509348758,False,False,False,False,100000,False,True,False,4.056721784857658,-0.02849845043414712,9.773540723026207,0.0017276100770256602,True,Cruise
1,122,1675389238.2521174,49.88319819035911,-0.0015573574618785238,False,False,False,False,100000,False,True,False,4.0567487476594035,-0.03572246278996457,9.773571806894434,0.003949424399811933,True,Cruise
1,123,1675389238.3522038,49.88319819035911,-0.0015573574618785238,False,False,False,False,100000,False,True,False,4.056802382310433,-0.025833759138682008,9.773594125253021,0.0037328497254046984,True,Cruise
1,124,1675389238.4522152,49.8812435743719,-0.001583419008374714,False,False,False,False,100000,False,True,False,4.056828404930491,-0.032454578351816296,9.773620017369938,0.0066209209806099645,True,Cruise
1,125,1675389238.552244,49.9509861926951,-0.000653517430732039,False,False,False,False,100000,False,True,False,4.056818520839888,-0.040009389083561116,9.773629975612963,0.0016813318297659579,True,Cruise
1,126,1675389238.6521144,49.9509861926951,-0.000653517430732039,False,False,False,False,100000,False,True,False,4.056845284598678,-0.032704019939094234,9.773629519172934,0.010144357566888593,True,Cruise
1,127,1675389238.7521787,49.64973503621917,-0.004670199517077707,False,False,False,False,100000,False,True,False,4.056864275848633,-0.02660841982942435,9.773627076334364,0.012902241166496764,True,Cruise
1,128,1675389238.8521295,49.64973503621917,-0.004670199517077707,False,False,False,False,100000,False,True,False,4.056870424934562,-0.013706180399162075,9.773624432214197,0.07414044961940265,True,Cruise
1,129,1675389238.9521692,49.93902475012669,-0.0008130033316440783,False,False,False,False,100000,False,True,False,4.056478988873033,-0.11210685931999666,9.773629934372293,0.009746881586442036,True,Cruise
1,130,1675389239.052312,49.97463129263765,-0.00033824943149793666,False,False,False,False,100000,False,True,False,4.056673643107194,-0.07244260458237743,9.773600510621389,0.03966474328567807,True,Cruise
1,131,1675389239.1523428,49.95478041226362,0.0006029278364851073,False,False,False,False,100000,False,True,False,4.056909767454974,-0.043807206652131496,9.773564950459164,0.007658848561887611,True,Cruise
1,132,1675389239.2521183,49.95478041226362,0.0006029278364851073,False,False,False,False,100000,False,True,False,4.05693688557697,-0.04609864402775397,9.77355086335113,0.0018268551731608841,True,Cruise
1,133,1675389239.3520598,49.95478041226362,0.0006029278364851073,False,False,False,False,100000,False,True,False,4.05693688557697,-0.04609864402775397,9.77355086335113,0.0018268551731608841,True,Cruise
1,134,1675389239.4522004,49.95478041226362,0.0006029278364851073,False,False,False,False,100000,False,True,False,4.05693688557697,-0.04609864402775397,9.77355086335113,0.013095815115601013,True,Cruise
1,135,1675389239.5521781,49.95478041226362,0.0006029278364851073,False,False,False,False,100000,False,True,False,4.056844741654892,-0.00041428597778956364,9.77353020381764,0.006906873819417942,True,Cruise
1,136,1675389239.6522503,49.9797965275353,-0.0002693796328626099,False,False,False,False,100000,False,True,False,4.056805886072822,0.02135542171844709,9.773525541860128,0.008748618714602861,True,Cruise
1,137,1675389239.7521088,49.9797965275353,-0.0002693796328626099,False,False,False,False,100000,False,True,False,4.056805886072822,0.02135542171844709,9.773525541860128,0.008748618714602861,True,Cruise
1,138,1675389239.8521605,49.9797965275353,-0.0002693796328626099,False,False,False,False,100000,False,True,False,4.056774623116579,0.016870827890611364,9.773525623444703,0.00448470279725997,True,Cruise
1,139,1675389239.9521582,49.984009887498296,-0.00021320150002266156,False,False,False,False,100000,False,True,False,4.056770431643341,0.020040637929654527,9.773525789701084,0.0010575477005208152,True,Cruise
1,140,1675389240.0522876,49.984009887498296,-0.00021320150002266156,False,False,False,False,100000,False,True,False,4.056768574693695,0.018295765089682548,9.77352701565432,0.002383537421415423,True,Cruise
1,141,1675389240.1522064,49.984009887498296,-0.00021320150002266156,False,False,False,False,100000,False,True,False,4.056766400473978,0.013888779183437297,9.773529226027863,0.0020234495904478903,True,Cruise
1,142,1675389240.2520921,49.97461179680443,-0.00033850937594095477,False,False,False,False,100000,False,True,False,4.056763793702145,0.008505165877126205,9.773532207392698,0.0053836147629344275,True,Cruise
1,143,1675389240.352404,49.97461179680443,-0.00033850937594095477,False,False,False,False,100000,False,True,False,3.4862610168135406,-1.72061119753193,9.509383955473435,7.202853576539686,True,Cruise
1,144,1675389240.4521003,49.97461179680443,-0.00033850937594095477,False,False,False,False,100000,False,True,False,4.451680032479078,-2.1875390839567204,9.106359737573278,5.196260570992566,True,Cruise
1,145,1675389240.5522296,49.96629544749832,-0.000449394033355746,False,False,False,False,100000,False,True,False,4.532437915676669,1.027222315937419,9.908747468372361,3.314368531784717,True,Cruise
1,146,1675389240.6522727,49.96629544749832,-0.000449394033355746,False,False,False,False,100000,False,True,False,4.802481622074697,-0.04304851266837428,9.68701196033178,1.1258640617124829,True,Cruise
1,147,1675389240.7520497,49.96629544749832,-0.000449394033355746,False,False,False,False,100000,False,True,False,4.231968399953559,-0.23449324924078235,9.758472001906387,0.10776084314954308,True,Cruise
1,148,1675389240.8521025,49.959862042939946,-0.0005351727608007423,False,False,False,False,100000,False,True,False,4.075506562589014,-0.19245630690744858,9.782638554121597,0.057591050058399616,True,Cruise
1,149,1675389240.9521558,49.959862042939946,-0.0005351727608007423,False,False,False,False,100000,False,True,False,4.068567307146965,-0.1457049289483357,9.790344705124548,0.023431807028520615,True,Cruise
1,150,1675389241.0520415,49.959862042939946,-0.0005351727608007423,False,False,False,False,100000,False,True,False,4.095526526371438,-0.10942931910418235,9.792817932783823,0.022010004361466082,True,Cruise
1,151,1675389241.1520293,49.99130191925716,-0.00011597440990447863,False,False,False,False,100000,False,True,False,4.095526526371438,-0.10942931910418235,9.792817932783823,0.05068589511426911,True,Cruise
1,152,1675389241.252093,49.99130191925716,-0.00011597440990447863,False,False,False,False,100000,False,True,False,4.100260334890644,-0.0295242328151121,9.79607383137498,0.01335492552273964,True,Cruise
1,153,1675389241.352196,49.99130191925716,-0.00011597440990447863,False,False,False,False,100000,False,True,False,4.089384779389131,-0.004690864692022463,9.795371665747558,0.015387315436174992,True,Cruise
1,154,1675389241.4524972,49.931409204279795,-0.0009145439429361252,False,False,False,False,100000,False,True,False,4.079483548981315,0.010103108910401871,9.793188507933177,0.008274949718611554,True,Cruise
1,155,1675389241.5521364,49.931409204279795,-0.0009145439429361252,False,False,False,False,100000,False,True,False,4.079483548981315,0.010103108910401871,9.793188507933177,0.008274949718611554,True,Cruise
1,156,1675389241.6520946,49.931409204279795,-0.0009145439429361252,False,False,False,False,100000,False,True,False,4.0161270419709165,0.02995783291178096,9.787710917393797,0.3043435318637077,True,Cruise
1,157,1675389241.7521203,49.98392418363794,0.00021434421816078587,False,False,False,False,100000,False,True,False,4.068662639110465,0.2054816568919651,9.801566452453569,0.06491172325853435,True,Cruise
1,158,1675389241.8520806,49.98392418363794,0.00021434421816078587,False,False,False,False,100000,False,True,False,4.068748445224065,0.1594833460683464,9.796437679645038,0.04955841506521378,True,Cruise
1,159,1675389241.9519584,49.98392418363794,0.00021434421816078587,False,False,False,False,100000,False,True,False,4.057817901791797,0.05938199095171838,9.787400650804036,0.05156415049301873,True,Cruise
1,160,1675389242.051965,49.99227504820774,-0.00010299935723013731,False,False,False,False,100000,False,True,False,4.057817901791797,0.05938199095171838,9.787400650804036,0.08586098538508076,True,Cruise
1,161,1675389242.1520143,49.99227504820774,-0.00010299935723013731,False,False,False,False,100000,False,True,False,3.980939770543879,0.038608169959967485,9.775643592917342,0.054993372224827565,True,Cruise
1,162,1675389242.252035,49.99227504820774,-0.00010299935723013731,False,False,False,False,100000,False,True,False,4.002004270028134,-0.0038055249199711685,9.769648979867698,0.04773436956225241,True,Cruise
1,163,1675389242.3519971,49.97637913057707,-0.000314944925639016,False,False,False,False,100000,False,True,False,4.0246249099425215,-0.07562200853483513,9.76101478947409,0.034839904175652275,True,Cruise
1,164,1675389242.452001,49.97637913057707,-0.000314944925639016,False,False,False,False,100000,False,True,False,4.02657831222005,-0.10426350404785525,9.758314393739349,0.03959444356386473,True,Cruise
1,165,1675389242.5519965,49.97637913057707,-0.000314944925639016,False,False,False,False,100000,False,True,False,4.016034472709293,-0.1653628436201744,9.753609443015268,0.00830109064558679,True,Cruise
1,166,1675389242.6521392,49.97637913057707,-0.000314944925639016,False,False,False,False,100000,False,True,False,4.014444992219758,-0.1653991608232377,9.75319908876241,0.0021000584311266406,True,Cruise
1,167,1675389242.752117,49.938402926549436,-0.0008212943126742274,False,False,False,False,100000,False,True,False,4.016758579190448,-0.1525914031722078,9.75367297218005,0.007763644868372745,True,Cruise
1,168,1675389242.8520145,49.938402926549436,-0.0008212943126742274,False,False,False,False,100000,False,True,False,4.018876973395728,-0.1431386209274096,9.754216937298997,0.009702504018405151,True,Cruise
1,169,1675389242.9519618,49.938402926549436,-0.0008212943126742274,False,False,False,False,100000,False,True,False,4.018876973395728,-0.1431386209274096,9.754216937298997,0.009702504018405151,True,Cruise
1,170,1675389243.051958,49.938402926549436,-0.0008212943126742274,False,False,False,False,100000,False,True,False,4.0271535857070235,-0.11811046498320885,9.75690800991893,0.0797123035563043,True,Cruise
1,171,1675389243.1520116,49.85552156735731,-0.001926379101902524,False,False,False,False,100000,False,True,False,4.027359776796233,-0.017702919875324952,9.749868323758422,0.013034037817246255,True,Cruise
1,172,1675389243.252029,49.85552156735731,-0.001926379101902524,False,False,False,False,100000,False,True,False,4.046006416950335,-0.09532180430445655,9.768912952080282,0.325577614976899,True,Cruise
1,173,1675389243.35199,49.85552156735731,-0.001926379101902524,False,False,False,False,100000,False,True,False,4.020145301328649,0.22692596613090968,9.730333676266923,0.325577614976899,True,Cruise
1,174,1675389243.451988,49.96115348434747,-0.0005179535420337055,False,False,False,False,100000,False,True,False,4.020145301328649,0.22692596613090968,9.730333676266923,0.325577614976899,True,Cruise
1,175,1675389243.5520744,49.96115348434747,-0.0005179535420337055,False,False,False,False,100000,False,True,False,4.040562724935054,0.12468180811316182,9.754117542338786,0.0382367642054476,True,Cruise
1,176,1675389243.6519659,49.96115348434747,-0.0005179535420337055,False,False,False,False,100000,False,True,False,4.052176958018106,0.0728336472461122,9.765634268224916,0.016603895626767246,True,Cruise
1,177,1675389243.7519963,49.78711712743795,-0.0028384383008272806,False,False,False,False,100000,False,True,False,4.066920127932778,-0.0033004374244997277,9.780466842967227,0.028590975671954316,True,Cruise
1,178,1675389243.8520267,49.78711712743795,-0.0028384383008272806,False,False,False,False,100000,False,True,False,4.066920127932778,-0.0033004374244997277,9.780466842967227,0.08789872143049353,True,Cruise
1,179,1675389243.9519646,49.78711712743795,-0.0028384383008272806,False,False,False,False,100000,False,True,False,4.079322995600055,-0.12430233912813153,9.793862309966862,0.03453110395427689,True,Cruise
1,180,1675389244.0520017,49.98197375594911,-0.0002403499206784201,False,False,False,False,100000,False,True,False,4.083389276528688,-0.1683033814165619,9.798536614830484,0.01664067657096195,True,Cruise
1,181,1675389244.152056,49.98197375594911,-0.0002403499206784201,False,False,False,False,100000,False,True,False,4.083979623875225,-0.14048629705141247,9.799108727237762,0.027829229331297785,True,Cruise
1,182,1675389244.2520418,49.98197375594911,-0.0002403499206784201,False,False,False,False,100000,False,True,False,4.084087175208434,-0.12418335863318027,9.799240510133393,0.01630382578076469,True,Cruise
1,183,1675389244.3519728,49.991603602219584,-0.0001119519704055469,False,False,False,False,100000,False,True,False,4.081936767067597,-0.1215454357482513,9.797314939402206,0.003910334379540056,True,Cruise
1,184,1675389244.4520304,49.991603602219584,-0.0001119519704055469,False,False,False,False,100000,False,True,False,4.077154035051438,-0.09003953125600102,9.79272976114269,0.013554211061618731,True,Cruise
1,185,1675389244.5519993,49.991603602219584,-0.0001119519704055469,False,False,False,False,100000,False,True,False,4.077154035051438,-0.09003953125600102,9.79272976114269,0.013554211061618731,True,Cruise
1,186,1675389244.6519988,49.98201607785031,0.000239785628662491,False,False,False,False,100000,False,True,False,2.1358577398348224,-0.049732209559757164,9.958000615091215,0.8997255515814693,True,Cruise
1,187,1675389244.7519703,49.979551788573204,0.00027264281902393626,False,False,False,False,100000,False,True,False,0.9688539843548483,-0.02044711671425015,10.022926867041733,1.1691752649451985,True,Cruise
1,188,1675389244.851972,49.979551788573204,0.00027264281902393626,False,False,False,False,100000,False,True,False,0.5614907893481091,-0.001214314887717734,10.001819791599607,0.14736730222757655,True,Cruise
1,189,1675389244.9519641,49.979551788573204,0.00027264281902393626,False,False,False,False,100000,False,True,False,0.36632878821277637,0.014225417034181904,9.954531019120202,0.08685144000650258,True,Cruise
1,190,1675389245.051952,49.979551788573204,0.00027264281902393626,False,False,False,False,100000,False,True,False,0.0710383040623506,0.03282432177678948,9.880075393341341,0.11161306264093063,True,Cruise
1,191,1675389245.1519728,49.897612025574134,-0.0013651729923448458,False,False,False,False,100000,False,True,False,-0.15071283843332,0.0401666008861574,9.834726411406196,0.22645972803836273,True,Cruise
1,192,1675389245.2520025,49.897612025574134,-0.0013651729923448458,False,False,False,False,100000,False,True,False,-0.8171947074742049,0.016692216997237736,9.866905471704383,0.6676710420415656,True,Cruise
1,193,1675389245.3519893,49.897612025574134,-0.0013651729923448458,False,False,False,False,100000,False,True,False,-0.8016600297772043,0.01871479869733292,9.795520918976296,0.06959138092649575,True,Cruise
1,194,1675389245.4519625,49.77593068826218,-0.0029875908231709464,False,False,False,False,100000,False,True,False,-0.6746005661146708,0.010468270315182264,9.730608925672474,0.06288482600606794,True,Cruise
1,195,1675389245.55199,49.77593068826218,-0.0029875908231709464,False,False,False,False,100000,False,True,False,-0.6318615745281899,-0.03735421016488956,9.686374448512764,0.044184454096939475,True,Cruise
1,196,1675389245.6519678,49.77593068826218,-0.0029875908231709464,False,False,False,False,100000,False,True,False,-1.193317008652282,-0.07762948005535517,9.686813745298704,0.5628982988550317,True,Cruise
1,197,1675389245.7519786,49.99359063097826,8.545825362326754e-05,False,False,False,False,100000,False,True,False,-0.9796186901225947,-0.09431217368220361,9.658015724920558,0.21627438495291817,True,Cruise
1,198,1675389245.8519678,49.99359063097826,8.545825362326754e-05,False,False,False,False,100000,False,True,False,0.7517586937931783,-0.08542193369403217,9.5034051855159,0.5705947976346522,True,Cruise
1,199,1675389245.9519672,49.99359063097826,8.545825362326754e-05,False,False,False,False,100000,False,True,False,0.28400162450303434,-0.12266763462109807,9.57748220370738,0.28878331707510757,True,Cruise
1,200,1675389246.0519586,49.98456438926098,0.00020580814318692708,False,False,False,False,100000,False,True,False,0.043148718663331566,-0.13531723823603198,9.61508894379151,0.24409916350286634,True,Cruise
1,201,1675389246.1519744,49.98456438926098,0.00020580814318692708,False,False,False,False,100000,False,True,False,-0.2070871566421504,-0.12236400410318483,9.690770244944394,0.07180803484362534,True,Cruise
1,202,1675389246.251985,49.98456438926098,0.00020580814318692708,False,False,False,False,100000,False,True,False,-0.05087975429154714,-0.09236089962976639,9.716329592414018,0.08934617293030488,True,Cruise
1,203,1675389246.3520148,49.98022656799505,-0.0002636457600660782,False,False,False,False,100000,False,True,False,0.10780451225280493,-0.05914021139505845,9.743945064869651,0.035280431699878684,True,Cruise
1,204,1675389246.4520676,49.98022656799505,-0.0002636457600660782,False,False,False,False,100000,False,True,False,0.18312843639624424,-0.03415384452802204,9.7784846436669,0.05190781622680125,True,Cruise
1,205,1675389246.552004,49.98022656799505,-0.0002636457600660782,False,False,False,False,100000,False,True,False,0.18312843639624424,-0.03415384452802204,9.7784846436669,0.10955523092896527,True,Cruise
1,206,1675389246.651988,49.923620978952854,0.0010183869472952655,False,False,False,False,100000,False,True,False,0.2889453667009222,0.010140723686886729,9.840467422276244,0.021671883841420842,True,Cruise
1,207,1675389246.7519708,49.923620978952854,0.0010183869472952655,False,False,False,False,100000,False,True,False,-0.09140206108023247,0.0389940821589452,9.903759331415461,0.01649028268852826,True,Cruise
1,208,1675389246.8519804,49.923620978952854,0.0010183869472952655,False,False,False,False,100000,False,True,False,0.02467947719772101,0.04094815136383699,9.903356391249593,0.08691861977558087,True,Cruise
1,209,1675389246.9519837,49.882770778390764,0.0015630562881231483,False,False,False,False,100000,False,True,False,0.10708715892939683,0.04165817664678872,9.900362867296085,0.0824650915839656,True,Cruise
1,210,1675389247.0519662,49.882770778390764,0.0015630562881231483,False,False,False,False,100000,False,True,False,0.19860218927158707,0.06254305263595976,9.896301249837085,0.09395571063005327,True,Cruise
1,211,1675389247.1519544,49.882770778390764,0.0015630562881231483,False,False,False,False,100000,False,True,False,-0.09458628195320089,0.06730996806471838,9.922820500776883,0.00991816659837728,True,Cruise
1,212,1675389247.2519934,49.963580245401204,0.0004855967279840113,False,False,False,False,100000,False,True,False,-0.006232697539152156,0.08270319552767265,9.893859242722314,0.04430900481649921,True,Cruise
1,213,1675389247.35207,49.963580245401204,0.0004855967279840113,False,False,False,False,100000,False,True,False,0.548369815907026,0.09363543489336724,9.8335481896454,0.03261328763319084,True,Cruise
1,214,1675389247.4520302,49.963580245401204,0.0004855967279840113,False,False,False,False,100000,False,True,False,0.548369815907026,0.09363543489336724,9.8335481896454,0.03261328763319084,True,Cruise
1,215,1675389247.551973,49.86960943297962,0.001738540893605058,False,False,False,False,100000,False,True,False,0.08883945212673236,0.09209291342194498,9.848967680641213,0.3849954660203743,True,Cruise
1,216,1675389247.651978,49.86960943297962,0.001738540893605058,False,False,False,False,100000,False,True,False,-0.5693781344234918,0.08666947426282767,9.88540985796427,0.15089495057399008,True,Cruise
1,217,1675389247.7519727,49.86960943297962,0.001738540893605058,False,False,False,False,100000,False,True,False,-0.2691853341522048,0.09134828497729434,9.835154835248968,0.15432354339114251,True,Cruise
1,218,1675389247.8519742,49.834722107670956,0.0022037052310538608,False,False,False,False,100000,False,True,False,-0.15239053656012574,0.0848243831474866,9.814703507596423,0.13450119606926517,True,Cruise
1,219,1675389247.952025,49.834722107670956,0.0022037052310538608,False,False,False,False,100000,False,True,False,-0.2591816882817389,0.08154850160838872,9.799029968607705,0.030557730917313206,True,Cruise
1,220,1675389248.0520003,49.834722107670956,0.0022037052310538608,False,False,False,False,100000,False,True,False,-0.1249777702793938,0.09229402137346009,9.769526804435664,0.03613053443583208,True,Cruise
1,221,1675389248.1520166,49.853351607030916,0.001955311906254481,False,False,False,False,100000,False,True,False,-0.08855030271650857,0.10499188655534569,9.760605023423267,0.015622050517592979,True,Cruise
1,222,1675389248.2521448,49.853351607030916,0.001955311906254481,False,False,False,False,100000,False,True,False,0.048694705265011,0.10788535473777676,9.746286307378941,0.13802025214847324,True,Cruise
1,223,1675389248.3520496,49.853351607030916,0.001955311906254481,False,False,False,False,100000,False,True,False,0.048694705265011,0.10788535473777676,9.746286307378941,0.13802025214847324,True,Cruise
1,224,1675389248.4520102,49.89992132201598,0.001334382373120275,False,False,False,False,100000,False,True,False,-0.012021918195279167,0.1298009390586546,9.760541313581315,0.013923477957120789,True,Cruise
1,225,1675389248.5520153,49.89992132201598,0.001334382373120275,False,False,False,False,100000,False,True,False,0.312231728202785,0.12524696892885312,9.736939737429614,0.018585980422063327,True,Cruise
1,226,1675389248.6520665,49.89992132201598,0.001334382373120275,False,False,False,False,100000,False,True,False,0.23464808455299518,0.1272970227798213,9.760648380931064,0.06407854516485305,True,Cruise
1,227,1675389248.7520547,49.811706251117926,0.0025105833184276153,False,False,False,False,100000,False,True,False,0.17324032237444958,0.12684519964283777,9.773059855227586,0.06265111406940152,True,Cruise
1,228,1675389248.8520403,49.811706251117926,0.0025105833184276153,False,False,False,False,100000,False,True,False,-0.5116823898139823,0.13399150081954037,9.857842162334105,0.6901870984670531,True,Cruise
1,229,1675389248.9519353,49.811706251117926,0.0025105833184276153,False,False,False,False,100000,False,True,False,-0.4609921206103345,0.12715445292569838,9.849099366208334,0.6901870984670531,True,Cruise
1,230,1675389249.052034,49.811706251117926,0.0025105833184276153,False,False,False,False,100000,False,True,False,-0.04563939793863734,0.11689187968232798,9.817539360818916,0.11440941893649621,True,Cruise
1,231,1675389249.1519964,49.833684322000124,0.002217542373331661,False,False,False,False,100000,False,True,False,0.05883725543328648,0.12144916381807803,9.812995945642667,0.03401563563681794,True,Cruise
1,232,1675389249.252108,49.833684322000124,0.002217542373331661,False,False,False,False,100000,False,True,False,0.05883725543328648,0.12144916381807803,9.812995945642667,0.03401563563681794,True,Cruise
1,233,1675389249.3522122,49.833684322000124,0.002217542373331661,False,False,False,False,100000,False,True,False,0.1570786195032869,0.13064527514985977,9.812683446697594,0.09867133187279659,True,Cruise
1,234,1675389249.452073,49.79336042720837,0.002755194303888438,False,False,False,False,100000,False,True,False,0.07790738133607558,0.13823384677711012,9.823497035312615,0.034537832104574305,True,Cruise
1,235,1675389249.5521157,49.79336042720837,0.002755194303888438,False,False,False,False,100000,False,True,False,0.04745700435908942,0.15071801803130036,9.827894073416084,0.014013811342934302,True,Cruise
1,236,1675389249.652098,49.79336042720837,0.002755194303888438,False,False,False,False,100000,False,True,False,-0.20932942240546357,0.15227937181046142,9.848228170237597,0.024815144428603355,True,Cruise
1,237,1675389249.7519941,49.878983572389544,0.0016135523681394721,False,False,False,False,100000,False,True,False,-0.020982471483354408,0.15784729037057316,9.825005723049683,0.024815144428603355,True,Cruise
1,238,1675389249.8521676,49.878983572389544,0.0016135523681394721,False,False,False,False,100000,False,True,False,0.010689753173379286,0.16099371533685888,9.820293182933414,0.6094832754942536,True,Cruise
1,239,1675389249.9520683,49.878983572389544,0.0016135523681394721,False,False,False,False,100000,False,True,False,0.5746817017902077,0.15120953222528066,9.772161257564253,0.04421232165829972,True,Cruise
1,240,1675389250.052068,49.878983572389544,0.0016135523681394721,False,False,False,False,100000,False,True,False,0.29238292872677946,0.15407460774131826,9.801224739765859,3.279951979362341,True,Cruise
1,241,1675389250.1521912,49.51651549012754,-0.006446460131632846,False,False,False,False,100000,False,True,False,-2.2848081738299872,-1.2347076199162885,11.280229449686537,3.279951979362341,True,Cruise
1,242,1675389250.2520921,49.51651549012754,-0.006446460131632846,False,False,False,False,100000,False,True,False,-0.6618061426142534,0.19210374294631388,9.852068217501186,1.4558044832687023,True,Cruise
1,243,1675389250.351997,49.09285682167987,-0.012095242377601729,False,False,False,False,100000,False,True,False,-1.5352240054631254,0.1253123568589425,9.917363127651024,1.2808902512461016,True,Cruise
1,244,1675389250.4519665,49.295661459297996,-0.009391180542693413,False,False,False,False,100000,False,True,False,-0.823219415751695,0.06512251139949292,9.84168775084651,1.2808902512461016,True,Cruise
1,245,1675389250.561724,49.34829190722981,-0.00868944123693587,False,False,False,False,100000,False,True,False,-2.1292472449080977,-0.1278295504099713,9.930576821499251,0.5485097131716942,True,Cruise
1,246,1675389250.6520615,49.30056279427355,-0.009325829409685975,False,False,False,False,100000,False,True,False,-2.1292472449080977,-0.1278295504099713,9.930576821499251,0.5485097131716942,True,Cruise
1,247,1675389250.7520115,49.11639510949881,-0.011781398540015822,False,False,False,False,100000,False,True,False,-1.0134915069879615,-0.3137550079867506,9.79836512874714,0.14373494635985729,True,Cruise
1,248,1675389250.8520625,49.077363038804776,-0.012301826149269618,False,False,False,False,100000,False,True,False,-0.965711511936144,-0.3124461806433443,9.785918345617093,0.7239309019872722,True,Cruise
1,249,1675389250.952018,49.34849656696549,-0.008686712440460183,False,False,False,False,100000,False,True,False,-1.6862175189201205,-0.34540731914669476,9.848052137555735,0.7239309019872722,True,Cruise
1,250,1675389251.051965,49.22568035247186,-0.010324261967041864,False,False,False,False,100000,False,True,False,0.3452673762471213,-0.651738581310417,9.617881808135053,1.3338028055569917,True,Cruise
1,251,1675389251.1519632,49.22568035247186,-0.010324261967041864,True,False,False,False,16.23410997793897,False,False,True,0.3452673762471213,-0.651738581310417,9.617881808135053,1.3338028055569917,True,Cruise
1,252,1675389251.2519953,36.0,0.2,True,False,False,False,16.23410997793897,False,False,True,0.3452673762471213,-0.651738581310417,9.617881808135053,0.6010254740062783,True,Cruise
1,253,1675389251.3522367,36.0,0.2,True,False,False,False,16.23410997793897,False,False,True,0.06234100743056027,4.831907730094446,8.037666374894473,7.298621641566407,True,Cruise
1,254,1675389251.452044,36.0,0.2,True,False,False,False,16.23410997793897,False,False,True,-1.80728688997503,4.557260095633132,9.939894657293166,3.0540439180710766,True,Cruise
1,255,1675389251.5520003,36.0,0.2,True,False,False,False,16.23410997793897,False,False,True,-1.8655215217288874,4.358766760579139,9.94264526071439,3.330064221243756,True,Cruise
1,256,1675389251.6519895,36.0,0.2,True,False,False,False,16.23410997793897,False,False,True,-5.103807248094728,5.087872445789843,10.209550059877829,3.330064221243756,True,Cruise
1,257,1675389251.7519975,36.0,0.2,True,False,False,False,16.23410997793897,False,False,True,-5.103807248094728,5.087872445789843,10.209550059877829,3.330064221243756,True,Cruise
1,258,1675389251.8520067,36.0,0.2,True,False,False,False,16.23410997793897,False,False,True,-5.103807248094728,5.087872445789843,10.209550059877829,3.330064221243756,True,Cruise
1,259,1675389251.9519868,36.0,0.2,True,False,False,False,16.23410997793897,False,False,True,-5.103807248094728,5.087872445789843,10.209550059877829,3.093107806947488,True,Cruise
1,260,1675389252.0520551,36.0,0.2,True,False,False,False,16.23410997793897,False,False,True,-5.103807248094728,5.087872445789843,10.209550059877829,3.093107806947488,True,Cruise
1,261,1675389252.1520886,36.0,0.2,True,False,False,False,16.23410997793897,False,False,True,-8.056100722494975,7.643792339037266,10.23967656521194,0.8385963977810849,True,Cruise
1,262,1675389252.2520113,36.0,0.2,True,False,False,False,16.23410997793897,False,False,True,-6.924087623420414,9.273942782573057,9.956371090410974,0.7017679501454355,True,Cruise
1,263,1675389252.3520525,36.0,0.2,True,False,False,False,16.23410997793897,False,False,True,-6.630599538156263,9.789948578945493,9.895025735338042,0.5967918319405804,True,Cruise
1,264,1675389252.4520025,36.0,0.2,True,False,False,False,14.643950389073675,False,False,True,-6.628134177499517,10.380409654096356,9.849490648383508,0.5922193879091072,True,Cruise
1,265,1675389252.552004,36.0,0.2,True,False,False,False,14.643950389073675,False,False,True,-6.628134177499517,10.380409654096356,9.849490648383508,0.5922193879091072,True,Cruise
1,266,1675389252.6520548,36.0,0.2,True,False,False,False,14.643950389073675,False,False,True,-6.384664721906214,10.684845873723877,9.634414330273575,0.22049626752044416,True,Cruise
1,267,1675389252.7520916,36.0,0.2,True,False,False,False,14.643950389073675,False,False,True,-6.410449155460926,11.043686305162828,9.540711591034958,0.10275481196266253,True,Cruise
1,268,1675389252.8520405,36.0,0.2,True,False,False,False,14.643950389073675,False,False,True,-7.548369857460754,11.40984059537813,9.405574780991223,1.0578255201871785,True,Cruise
1,269,1675389252.9618073,36.0,0.2,True,False,False,False,14.643950389073675,False,False,True,-6.508468783688789,11.291068866708901,9.25229769726338,1.0578255201871785,True,Cruise
1,270,1675389253.052113,36.0,0.2,True,False,False,False,14.643950389073675,False,False,True,-6.343070634574566,11.136292576693556,9.082984224721196,0.2828061167401048,True,Cruise
1,271,1675389253.152049,36.0,0.2,True,False,False,False,14.643950389073675,False,False,True,-6.205755758749433,10.96136475188755,9.037685941890269,0.3370961176988053,True,Cruise
1,272,1675389253.2520094,36.0,0.2,True,False,False,False,14.643950389073675,False,False,True,-5.889939300816732,10.396120006946573,9.034599421032484,0.33160978077642783,True,Cruise
1,273,1675389253.3519907,36.0,0.2,True,False,False,False,14.643950389073675,False,False,True,-5.546969761066716,9.891700815779535,9.042626098527435,0.2763936595006284,True,Cruise
1,274,1675389253.452032,36.0,0.2,True,False,False,False,14.643950389073675,False,False,True,-5.3736051548855,9.677000319232757,9.058178111848816,0.2763936595006284,True,Cruise
1,275,1675389253.573713,36.0,0.2,False,False,False,False,14.643950389073675,False,False,True,-4.963681110220012,9.178250090930405,9.012484417326192,0.6472074059725281,True,Cruise
1,276,1675389253.651975,36.0,0.2,False,False,False,False,14.643950389073675,False,False,True,-4.680048869405974,8.759571156744784,9.090408993668088,0.2630616982072538,True,Cruise
1,277,1675389253.7520297,36.0,0.2,False,False,False,False,14.643950389073675,False,False,True,-4.42613861145502,8.365297538154458,9.191053126556952,0.23533497753434293,True,Cruise
