repetition,iteration,time,speed,steering,obstacle_North,obstacle_NorthWest,obstacle_SouthWest,obstacle_West,obstacle_distance,follow_enable,steady_motion_enable,passing_start,accel_x,accel_y,accel_z,accel_diff,success,action
1,1,1675389518.480905,0.0,0.0,False,False,False,False,100000,False,True,False,0.04393777817910017,-1.3819158396730678e-13,9.809861990841286,0.00013286284520259303,True,Cruise
1,2,1675389518.48105,0.0,0.0,False,False,False,False,100000,False,True,False,0.04393777817910017,-1.3819158396730678e-13,9.809861990841286,0.00013286284520259303,True,Cruise
1,3,1675389518.5812042,0.0,0.0,False,False,False,False,100000,False,True,False,0.04413703802815912,1.5214021699308148e-14,9.810008048132271,5.4510958202876526e-05,True,Cruise
1,4,1675389518.6812973,49.7040580375613,0.003945892832515963,False,False,False,False,100000,False,True,False,0.044177828600271134,2.0800926401095135e-13,9.810034995950303,4.888819560915511e-05,True,Cruise
1,5,1675389518.7812448,49.82973197799975,0.0022702402933366564,False,False,False,False,100000,False,True,False,1.9389424393912016,0.0011417386367854319,9.643370446071554,0.9909378499120762,True,Cruise
1,6,1675389518.8812091,49.82973197799975,0.0022702402933366564,False,False,False,False,100000,False,True,False,3.060166425755933,0.007147116502700454,9.579493634656433,0.4461076717987809,True,Cruise
1,7,1675389518.9813223,49.76447237140031,0.0031403683813291832,False,False,False,False,100000,False,True,False,3.4945591175353745,0.0013230170418950201,9.593105679574421,0.11161817629478096,True,Cruise
1,8,1675389519.081222,49.76447237140031,0.0031403683813291832,False,False,False,False,100000,False,True,False,3.6974564859521752,-0.0009650838628122627,9.635796165507251,0.0958436232650034,True,Cruise
1,9,1675389519.1812658,49.76447237140031,0.0031403683813291832,False,False,False,False,100000,False,True,False,4.007534308659013,0.003060728450322585,9.704578010341825,0.11307939755640756,True,Cruise
1,10,1675389519.281285,49.76447237140031,0.0031403683813291832,False,False,False,False,100000,False,True,False,4.120099440090314,0.0044656943470459,9.726418404326441,0.11085497796637768,True,Cruise
1,11,1675389519.3813007,49.7028075335014,0.003962566219981304,False,False,False,False,100000,False,True,False,4.228864128876554,0.0046208847206086956,9.747843728807217,0.19339595109931135,True,Cruise
1,12,1675389519.4812353,49.7028075335014,0.003962566219981304,False,False,False,False,100000,False,True,False,4.553776598710343,0.00246740369213772,9.828658522753784,0.07771346549629952,True,Cruise
1,13,1675389519.5812082,49.7028075335014,0.003962566219981304,False,False,False,False,100000,False,True,False,4.6007393809727395,0.006585676990036672,9.84662248428166,0.037415012634130516,True,Cruise
1,14,1675389519.6813333,49.79556747738253,0.0027257669682329818,False,False,False,False,100000,False,True,False,4.655243046127126,0.008106599846833542,9.877949370972427,0.02566361043182649,True,Cruise
1,15,1675389519.7813475,49.79556747738253,0.0027257669682329818,False,False,False,False,100000,False,True,False,4.663213928770699,0.012707531388339596,9.901637984125742,0.01185000475284031,True,Cruise
1,16,1675389519.8812485,49.79556747738253,0.0027257669682329818,False,False,False,False,100000,False,True,False,4.632655227745101,0.003709236635885916,9.916536128548652,0.027451826407727056,True,Cruise
1,17,1675389519.981311,49.79556747738253,0.0027257669682329818,False,False,False,False,100000,False,True,False,4.571890194518028,0.00560366904853637,9.922253066463943,0.03903635220344341,True,Cruise
1,18,1675389520.0812612,49.838881690435336,0.0021482441275288535,False,False,False,False,100000,False,True,False,4.489502413043615,0.00630615218385762,9.919070626176206,0.04686438422134219,True,Cruise
1,19,1675389520.1814263,49.838881690435336,0.0021482441275288535,False,False,False,False,100000,False,True,False,4.343851322059554,0.004696645576934474,9.899609981018378,0.05090833288970784,True,Cruise
1,20,1675389520.281314,49.7217605346847,0.003709859537537362,False,False,False,False,100000,False,True,False,4.343851322059554,0.004696645576934474,9.899609981018378,0.10264955006589303,True,Cruise
1,21,1675389520.3812275,49.7217605346847,0.003709859537537362,False,False,False,False,100000,False,True,False,4.14768463637318,0.0035469790299660453,9.853981440119336,0.04859174640708721,True,Cruise
1,22,1675389520.481434,49.7217605346847,0.003709859537537362,False,False,False,False,100000,False,True,False,4.06196130327051,0.0070256220946961975,9.826763900643765,0.04656487935727167,True,Cruise
1,23,1675389520.581249,49.7217605346847,0.003709859537537362,False,False,False,False,100000,False,True,False,3.959484966427312,0.009119597092689124,9.785623856807463,0.03314814979676583,True,Cruise
1,24,1675389520.6812124,49.72669734260036,0.0036440354319951444,False,False,False,False,100000,False,True,False,3.959484966427312,0.009119597092689124,9.785623856807463,0.03314814979676583,True,Cruise
1,25,1675389520.781191,49.72669734260036,0.0036440354319951444,False,False,False,False,100000,False,True,False,3.959484966427312,0.009119597092689124,9.785623856807463,0.054424145163903516,True,Cruise
1,26,1675389520.8814445,49.72669734260036,0.0036440354319951444,False,False,False,False,100000,False,True,False,3.879563816473928,0.00899979060328132,9.73854554806389,0.02122061338201294,True,Cruise
1,27,1675389520.9813516,49.8015771911614,0.002645637451181326,False,False,False,False,100000,False,True,False,3.863611968522034,0.009829840122324709,9.721028590286812,0.010198656652626877,True,Cruise
1,28,1675389521.0811944,49.8015771911614,0.002645637451181326,False,False,False,False,100000,False,True,False,3.8655372888123662,0.008036872998598024,9.704138754388419,0.007822081975187852,True,Cruise
1,29,1675389521.1813939,49.8015771911614,0.002645637451181326,False,False,False,False,100000,False,True,False,3.8807093486467807,0.005929147866601097,9.699360920126466,0.016045610150000337,True,Cruise
1,30,1675389521.281341,49.70735772500212,0.003901896999971813,False,False,False,False,100000,False,True,False,3.903915848511051,0.0065636987375223815,9.699505801854539,0.012459786092300138,True,Cruise
1,31,1675389521.3812451,49.70735772500212,0.003901896999971813,False,False,False,False,100000,False,True,False,3.932451584299904,0.010098423975170936,9.70402786607853,0.01661694463387477,True,Cruise
1,32,1675389521.4812412,49.70735772500212,0.003901896999971813,False,False,False,False,100000,False,True,False,3.9637816588239274,0.013107477561006955,9.712162379995728,0.016485228834934206,True,Cruise
1,33,1675389521.5812557,49.719547429702615,0.0037393676039651556,False,False,False,False,100000,False,True,False,3.9797697828706204,0.012708835965637166,9.717304999470475,0.01679957025390958,True,Cruise
1,34,1675389521.6812587,49.719547429702615,0.0037393676039651556,False,False,False,False,100000,False,True,False,4.040109685773218,0.012411293533783447,9.74222800287404,0.015607794298184069,True,Cruise
1,35,1675389521.7811947,49.719547429702615,0.0037393676039651556,False,False,False,False,100000,False,True,False,4.053312327053125,0.012842304947186939,9.748944222763967,0.013879202091936108,True,Cruise
1,36,1675389521.8812003,49.91044342101482,0.0011940877198023826,False,False,False,False,100000,False,True,False,4.0764740829927195,0.01379434628013397,9.762170108796566,0.011651391815839483,True,Cruise
1,37,1675389521.9812222,49.91044342101482,0.0011940877198023826,False,False,False,False,100000,False,True,False,4.094789396227407,0.021730187279918566,9.774474615438361,0.012887659179913944,True,Cruise
1,38,1675389522.0812356,49.91044342101482,0.0011940877198023826,False,False,False,False,100000,False,True,False,4.108067687147218,-0.0003649358532093136,9.785208695727839,0.006696215263735735,True,Cruise
1,39,1675389522.1812522,49.91044342101482,0.0011940877198023826,False,False,False,False,100000,False,True,False,4.118378140173514,-0.0008252573983235614,9.79743531027465,0.004161464266884138,True,Cruise
1,40,1675389522.2812378,49.747374852221675,0.003368335303711012,False,False,False,False,100000,False,True,False,4.119467049853345,-0.0010625254243727053,9.800344190260605,0.003115060702410022,True,Cruise
1,41,1675389522.3812082,49.747374852221675,0.003368335303711012,False,False,False,False,100000,False,True,False,4.116729187339221,0.010590041071394338,9.805462558477604,0.005954245948386211,True,Cruise
1,42,1675389522.4812074,49.747374852221675,0.003368335303711012,False,False,False,False,100000,False,True,False,4.116729187339221,0.010590041071394338,9.805462558477604,0.005813722215557124,True,Cruise
1,43,1675389522.5812237,49.768765807555155,0.003083122565931255,False,False,False,False,100000,False,True,False,4.107183330281311,0.010782025053557723,9.805486288401163,0.0045367726923743685,True,Cruise
1,44,1675389522.6812856,49.768765807555155,0.003083122565931255,False,False,False,False,100000,False,True,False,4.093569360779559,0.01183990546409526,9.801351500395254,0.005161273998642698,True,Cruise
1,45,1675389522.7813838,49.768765807555155,0.003083122565931255,False,False,False,False,100000,False,True,False,4.088578052231129,0.013056254114802945,9.799271836261036,0.005542352206135981,True,Cruise
1,46,1675389522.881405,49.829098031256024,0.0022786929165863282,False,False,False,False,100000,False,True,False,4.078453175512523,0.015605490291946033,9.794380408507143,0.00579020874621246,True,Cruise
1,47,1675389522.9813612,49.829098031256024,0.0022786929165863282,False,False,False,False,100000,False,True,False,4.068687161936491,0.014252005452278149,9.788870825978067,0.011294354431447638,True,Cruise
1,48,1675389523.0812037,49.829098031256024,0.0022786929165863282,False,False,False,False,100000,False,True,False,4.059768982860635,0.012059111814818226,9.783161312224037,0.005768188287650891,True,Cruise
1,49,1675389523.1812124,49.69746879004125,0.004033749466116684,False,False,False,False,100000,False,True,False,4.052055931108458,0.012648143260325288,9.777626804710694,0.004589969087928629,True,Cruise
1,50,1675389523.2813787,49.69746879004125,0.004033749466116684,False,False,False,False,100000,False,True,False,4.048739911367125,0.012629320631850622,9.775025298607494,0.0038200364720041135,True,Cruise
1,51,1675389523.3813078,49.69746879004125,0.004033749466116684,False,False,False,False,100000,False,True,False,4.043287632243621,0.007048884455887305,9.770316712690613,0.01853702678140771,True,Cruise
1,52,1675389523.4813576,49.83157628351942,0.0022456495530744336,False,False,False,False,100000,False,True,False,4.038037821028894,0.026123380110838482,9.764845274373009,0.0016399581645746533,True,Cruise
1,53,1675389523.5812106,49.83157628351942,0.0022456495530744336,False,False,False,False,100000,False,True,False,4.036541846993937,0.026248795909861747,9.762401913617612,0.005811688417610695,True,Cruise
1,54,1675389523.6812398,49.83157628351942,0.0022456495530744336,False,False,False,False,100000,False,True,False,4.036969107672812,0.01489129704168072,9.760584884406072,0.0053915211514681625,True,Cruise
1,55,1675389523.7813377,49.800079126001954,0.0026656116533072508,False,False,False,False,100000,False,True,False,4.037660345358774,0.014287042153943353,9.760451410282853,0.0009277655142426738,True,Cruise
1,56,1675389523.881339,49.800079126001954,0.0026656116533072508,False,False,False,False,100000,False,True,False,4.040900003753298,0.017535360424123313,9.761277697216729,0.0033194588454421494,True,Cruise
1,57,1675389523.981309,49.800079126001954,0.0026656116533072508,False,False,False,False,100000,False,True,False,4.043772949194029,0.01828674109414053,9.762657914329337,0.0019402823396917133,True,Cruise
1,58,1675389524.0813704,49.73045649365401,0.0035939134179465535,False,False,False,False,100000,False,True,False,4.046961716940154,0.016929743890975256,9.764502101924583,0.0019878375897364364,True,Cruise
1,59,1675389524.1812599,49.73045649365401,0.0035939134179465535,False,False,False,False,100000,False,True,False,4.050189828925379,0.020718572984455615,9.76663985692752,0.0070855975439732535,True,Cruise
1,60,1675389524.2812319,49.760347352922906,0.003195368627694565,False,False,False,False,100000,False,True,False,4.0532861973045105,0.025731771090847056,9.768898143443508,0.006310270230465901,True,Cruise
1,61,1675389524.3812108,49.760347352922906,0.003195368627694565,False,False,False,False,100000,False,True,False,4.056130007402303,0.02791472561371541,9.771121123429957,0.0027504086773638865,True,Cruise
1,62,1675389524.4812076,49.760347352922906,0.003195368627694565,False,False,False,False,100000,False,True,False,4.058609228907152,0.02517359338053118,9.773178649999341,0.0015715563424415831,True,Cruise
1,63,1675389524.581231,49.882531305231346,0.0015662492635820453,False,False,False,False,100000,False,True,False,4.061377413615033,0.027855905629570053,9.77575073679734,0.0014551016427723016,True,Cruise
1,64,1675389524.6812131,49.882531305231346,0.0015662492635820453,False,False,False,False,100000,False,True,False,4.061377413615033,0.027855905629570053,9.77575073679734,0.0014551016427723016,True,Cruise
1,65,1675389524.7812216,49.832402314872866,0.0022346358016951157,False,False,False,False,100000,False,True,False,4.063085929928169,0.01440801156118998,9.77750951351111,0.013669607836200776,True,Cruise
1,66,1675389524.8812292,49.832402314872866,0.0022346358016951157,False,False,False,False,100000,False,True,False,4.06338476828619,0.012595748657870416,9.777904263157934,0.00042969424833463454,True,Cruise
1,67,1675389524.9812195,49.832402314872866,0.0022346358016951157,False,False,False,False,100000,False,True,False,4.06349965030975,0.014649188510002424,9.778527203959412,0.0045376750145552725,True,Cruise
1,68,1675389525.0811965,49.89812803955014,0.0013582928059981225,False,False,False,False,100000,False,True,False,4.063076404932443,0.016133086324220614,9.778505935983771,0.00042391131545041033,True,Cruise
1,69,1675389525.181191,49.89812803955014,0.0013582928059981225,False,False,False,False,100000,False,True,False,4.061998660724922,0.009788708930606169,9.77793288207766,0.007302146401844012,True,Cruise
1,70,1675389525.2812588,49.89812803955014,0.0013582928059981225,False,False,False,False,100000,False,True,False,4.06155329383879,0.006028669399567066,9.777629946468096,0.0009114513622043089,True,Cruise
1,71,1675389525.3812542,49.76690252030785,0.0031079663958952786,False,False,False,False,100000,False,True,False,4.060539785233799,0.005748051108730421,9.776910948189085,0.0007614954176820473,True,Cruise
1,72,1675389525.481236,49.76690252030785,0.0031079663958952786,False,False,False,False,100000,False,True,False,4.059388683683532,0.015965310718819164,9.776100291390128,0.0045617498070352185,True,Cruise
1,73,1675389525.5812185,49.76690252030785,0.0031079663958952786,False,False,False,False,100000,False,True,False,4.058800117999721,0.024318570102195985,9.775677846949451,0.003755700191700033,True,Cruise
1,74,1675389525.6813853,49.78747989409059,0.0028336014121254855,False,False,False,False,100000,False,True,False,4.057227724207502,0.028798511594173234,9.774416043186728,0.0011752591758889446,True,Cruise
1,75,1675389525.781368,49.78747989409059,0.0028336014121254855,False,False,False,False,100000,False,True,False,4.0563625335020665,0.031082596951285877,9.773644685640496,0.0005744962376867904,True,Cruise
1,76,1675389525.8812113,49.834392622881566,0.002208098361579062,False,False,False,False,100000,False,True,False,4.055343651305498,0.035978599153334415,9.77269228308745,0.0020123054322543086,True,Cruise
1,77,1675389525.9812512,49.834392622881566,0.002208098361579062,False,False,False,False,100000,False,True,False,4.055083265504822,0.03944536406181381,9.772441438314097,0.0034855677867710695,True,Cruise
1,78,1675389526.0812788,49.834392622881566,0.002208098361579062,False,False,False,False,100000,False,True,False,4.054615778666588,0.03278752444008565,9.771902021101658,0.00017169582161214567,True,Cruise
1,79,1675389526.1812286,49.777949067475205,0.002960679100330544,False,False,False,False,100000,False,True,False,4.05446248344887,0.030227244296984063,9.771690391371642,0.0025826221000528086,True,Cruise
1,80,1675389526.2811916,49.777949067475205,0.002960679100330544,False,False,False,False,100000,False,True,False,4.054449889319014,0.03612594863597369,9.771688883803547,0.003067872601842185,True,Cruise
1,81,1675389526.3812087,49.90140313190171,0.0013146249079771515,False,False,False,False,100000,False,True,False,4.054548319057357,0.039619154765986514,9.771766457552834,0.00043428731959560914,True,Cruise
1,82,1675389526.481219,49.90140313190171,0.0013146249079771515,False,False,False,False,100000,False,True,False,4.054786721453968,0.043719059222958934,9.771935467059704,0.014529118768730517,True,Cruise
1,83,1675389526.5813096,49.90140313190171,0.0013146249079771515,False,False,False,False,100000,False,True,False,4.055440350608323,0.0187144470143527,9.772302100168128,0.002222193341033368,True,Cruise
1,84,1675389526.6812286,49.92023649483859,0.0010635134021520685,False,False,False,False,100000,False,True,False,4.055440350608323,0.0187144470143527,9.772302100168128,0.00032942425337304524,True,Cruise
1,85,1675389526.7812977,49.92023649483859,0.0010635134021520685,False,False,False,False,100000,False,True,False,4.055811146083195,0.018936320025031032,9.772607185949523,0.0031670338578760108,True,Cruise
1,86,1675389526.881235,49.998002000628986,2.663999161354346e-05,False,False,False,False,100000,False,True,False,4.0561806476473565,0.013050580980564807,9.772924398679995,0.0035861330348597132,True,Cruise
1,87,1675389526.9812598,49.998002000628986,2.663999161354346e-05,False,False,False,False,100000,False,True,False,4.0566886208206725,0.008163351429762546,9.773378975603721,0.001879420488086446,True,Cruise
1,88,1675389527.0812402,49.998002000628986,2.663999161354346e-05,False,False,False,False,100000,False,True,False,4.057014861060978,-0.0003919516987607095,9.773639984712048,0.010425540561992921,True,Cruise
1,89,1675389527.181337,49.988300550995966,0.00015599265338709723,False,False,False,False,100000,False,True,False,4.057162042746824,-0.006761870804279572,9.773754706420245,0.006372651954236508,True,Cruise
1,90,1675389527.281283,49.988300550995966,0.00015599265338709723,False,False,False,False,100000,False,True,False,4.057459774099877,-0.010090889018239298,9.77402972556308,0.0004653909153932985,True,Cruise
1,91,1675389527.3812652,49.96975766974989,-0.0004032310700014892,False,False,False,False,100000,False,True,False,4.057599376734152,-0.010475744068816127,9.774186973104989,0.0004385534116698032,True,Cruise
1,92,1675389527.481225,49.96975766974989,-0.0004032310700014892,False,False,False,False,100000,False,True,False,4.057627331802185,-0.010721332831236375,9.77422644234238,0.0018337133371686455,True,Cruise
1,93,1675389527.5812352,49.96975766974989,-0.0004032310700014892,False,False,False,False,100000,False,True,False,4.057614019145112,-0.013691919502010536,9.774218851096055,0.004804314039328441,True,Cruise
1,94,1675389527.6812632,49.94319883756146,0.0007573488325138679,False,False,False,False,100000,False,True,False,4.057554473242461,-0.016312129377076767,9.774172849107883,0.00013547863868723276,True,Cruise
1,95,1675389527.7812219,49.94319883756146,0.0007573488325138679,False,False,False,False,100000,False,True,False,4.057453260529139,-0.018211119315376854,9.774097016590444,0.011803004027817244,True,Cruise
1,96,1675389527.881225,49.94319883756146,0.0007573488325138679,False,False,False,False,100000,False,True,False,4.057319492438867,0.0009362894862619265,9.774000632634,0.007345167427182051,True,Cruise
1,97,1675389527.9813492,49.92359058963105,-0.0010187921382527182,False,False,False,False,100000,False,True,False,4.057110128826204,0.006045962626117512,9.773833146440547,0.0012841953092768755,True,Cruise
1,98,1675389528.0812364,49.92359058963105,-0.0010187921382527182,False,False,False,False,100000,False,True,False,4.057041462156117,0.012949258028301588,9.773775592350706,0.006903876809058372,True,Cruise
1,99,1675389528.1812162,49.91649809306344,-0.001113358759154139,False,False,False,False,100000,False,True,False,4.056866250201177,-0.012547874318152099,9.77360995153758,0.010148902895528035,True,Cruise
1,100,1675389528.2813735,49.91649809306344,-0.001113358759154139,False,False,False,False,100000,False,True,False,4.056802124191525,-0.011727960551505627,9.773560896670062,0.0008243278435283812,True,Cruise
1,101,1675389528.3812838,49.91649809306344,-0.001113358759154139,False,False,False,False,100000,False,True,False,4.056740307447174,-0.01254871042499932,9.77351545738206,0.0015499570259914243,True,Cruise
1,102,1675389528.4812725,49.907590424728845,-0.0012321276702821086,False,False,False,False,100000,False,True,False,4.056587317134239,-0.018487571701013165,9.773403576912278,0.0023570089453598952,True,Cruise
1,103,1675389528.5812356,49.907590424728845,-0.0012321276702821086,False,False,False,False,100000,False,True,False,4.056518255573337,-0.02294604823658038,9.77335154986358,0.0020110406768537,True,Cruise
1,104,1675389528.6813786,49.907590424728845,-0.0012321276702821086,False,False,False,False,100000,False,True,False,4.056518255573337,-0.02294604823658038,9.77335154986358,0.007809006204669689,True,Cruise
1,105,1675389528.7812612,49.907590424728845,-0.0012321276702821086,False,False,False,False,100000,False,True,False,4.056448867832544,-0.03213522673215344,9.773303713659155,0.0011060626841361435,True,Cruise
1,106,1675389528.88121,49.88238209857988,-0.0015682386856016237,False,False,False,False,100000,False,True,False,4.056453622178886,-0.03481752741720215,9.773311266267607,0.000892036760280835,True,Cruise
1,107,1675389528.9812207,49.88238209857988,-0.0015682386856016237,False,False,False,False,100000,False,True,False,4.056463464180037,-0.03432495746370216,9.773320535262153,0.0004927554549038795,True,Cruise
1,108,1675389529.0812447,49.88238209857988,-0.0015682386856016237,False,False,False,False,100000,False,True,False,4.056469204405476,-0.038088075077408926,9.773333257265605,0.0037631434963538157,True,Cruise
1,109,1675389529.1812167,49.9193303927337,-0.001075594763550658,False,False,False,False,100000,False,True,False,4.056514348529466,-0.04111887122453088,9.773382231691288,3.17570083869782e-05,True,Cruise
1,110,1675389529.2812612,49.9193303927337,-0.001075594763550658,False,False,False,False,100000,False,True,False,4.0565605734157195,-0.041172183114358676,9.773420597204893,7.290056648477704e-05,True,Cruise
1,111,1675389529.3812172,49.9193303927337,-0.001075594763550658,False,False,False,False,100000,False,True,False,4.056626411100168,-0.03761590524298089,9.773459122105773,0.005099765698632317,True,Cruise
1,112,1675389529.4812434,49.9193303927337,-0.001075594763550658,False,False,False,False,100000,False,True,False,4.056692548784431,-0.0332087347767802,9.773497446009383,0.0011450353162677019,True,Cruise
1,113,1675389529.581243,49.71571293842902,-0.0037904941542796964,False,False,False,False,100000,False,True,False,4.056740678266628,-0.032051457476637756,9.773534274163783,0.0011588630244502745,True,Cruise
1,114,1675389529.681232,49.71571293842902,-0.0037904941542796964,False,False,False,False,100000,False,True,False,4.056794462571803,-0.021051727647794404,9.773580948123602,0.008963604723839483,True,Cruise
1,115,1675389529.7812073,49.71571293842902,-0.0037904941542796964,False,False,False,False,100000,False,True,False,4.0567217740557515,-0.04942675376663169,9.77360230873149,0.02837512726210463,True,Cruise
1,116,1675389529.8812654,49.67477975842267,-0.004336269887697692,False,False,False,False,100000,False,True,False,4.056658009693032,-0.06748438665211193,9.773618452680175,0.018057752682651553,True,Cruise
1,117,1675389529.981227,49.67477975842267,-0.004336269887697692,False,False,False,False,100000,False,True,False,4.056596222719505,-0.07561605818980925,9.773636073133652,0.0022413641404128003,True,Cruise
1,118,1675389530.0812528,49.65355962036956,-0.004619205061739165,False,False,False,False,100000,False,True,False,4.0565556283047925,-0.0928644396375514,9.773641162635858,0.009988446230182097,True,Cruise
1,119,1675389530.1815279,49.65355962036956,-0.004619205061739165,False,False,False,False,100000,False,True,False,4.056499459267711,-0.11534546504560196,9.773629442151941,0.005187066182782265,True,Cruise
1,120,1675389530.2815182,49.65355962036956,-0.004619205061739165,False,False,False,False,100000,False,True,False,4.056445521831396,-0.1308867986645479,9.77361601591306,0.007000251342698091,True,Cruise
1,121,1675389530.3812826,49.755731952680115,-0.0032569072975984527,False,False,False,False,100000,False,True,False,4.056430134298711,-0.13606034366936992,9.773606554312824,0.005173576539973114,True,Cruise
1,122,1675389530.4814124,49.755731952680115,-0.0032569072975984527,False,False,False,False,100000,False,True,False,4.056430134298711,-0.13606034366936992,9.773606554312824,0.000866663042592626,True,Cruise
1,123,1675389530.58144,49.755731952680115,-0.0032569072975984527,False,False,False,False,100000,False,True,False,4.056636295237161,-0.12755104806901574,9.773543383274678,0.0017515566745381949,True,Cruise
1,124,1675389530.6813598,49.78761731063289,-0.0028317691915614716,False,False,False,False,100000,False,True,False,4.056694570305906,-0.12544901953697427,9.773522554482508,0.0003514446016653976,True,Cruise
1,125,1675389530.7814474,49.655911825496695,-0.004587842326710698,False,False,False,False,100000,False,True,False,4.0567041080040225,-0.11492295063585692,9.773502819480901,0.008238729786174692,True,Cruise
1,126,1675389530.8812912,49.5962893725015,-0.005382808366646632,False,False,False,False,100000,False,True,False,4.0567041080040225,-0.11492295063585692,9.773502819480901,0.007428384646966899,True,Cruise
1,127,1675389530.9812672,49.55982190138901,-0.005869041314813286,False,False,False,False,100000,False,True,False,4.056339451319353,-0.13342637573888655,9.773519407153323,0.008732199017189708,True,Cruise
1,128,1675389531.0813854,49.702579884591856,-0.0039656015387752345,False,False,False,False,100000,False,True,False,4.056306163526187,-0.12760696152721052,9.773515632794346,0.009162349986235548,True,Cruise
1,129,1675389531.1815014,49.72740068166415,-0.0036346575778113746,False,False,False,False,100000,False,True,False,4.05606409302744,-0.15685243373712873,9.77352385073345,0.020084291737034098,True,Cruise
1,130,1675389531.281401,49.76559625039481,-0.0031253833280692213,False,False,False,False,100000,False,True,False,4.056455094086636,-0.12862002908150702,9.773474638033255,0.019004368407554942,True,Cruise
1,131,1675389531.381509,49.7653312894758,-0.0031289161403226136,False,False,False,False,100000,False,True,False,4.056455094086636,-0.12862002908150702,9.773474638033255,0.00923099795588784,True,Cruise
1,132,1675389531.4812963,49.855984069307695,-0.0019202124092307057,False,False,False,False,100000,False,True,False,4.056803623370808,-0.11867934769559906,9.77345272778434,0.0007551168120623792,True,Cruise
1,133,1675389531.5813408,49.84737809283208,-0.0020349587622389797,False,False,False,False,100000,False,True,False,4.0567980673510045,-0.12125684354410321,9.773458975578482,0.015977572511224312,True,Cruise
1,134,1675389531.6812909,49.84737809283208,-0.0020349587622389797,False,False,False,False,100000,False,True,False,4.056906420607172,-0.1052796389697054,9.773454863261597,0.015977572511224312,True,Cruise
1,135,1675389531.7813215,49.90195299552209,-0.001307293393038824,False,False,False,False,100000,False,True,False,4.056973887427584,-0.08555732216063203,9.773477297330652,0.0031774324035583547,True,Cruise
1,136,1675389531.8816874,49.90195299552209,-0.001307293393038824,False,False,False,False,100000,False,True,False,4.056973887427584,-0.08555732216063203,9.773477297330652,0.0031774324035583547,True,Cruise
1,137,1675389531.9817216,49.921479843499775,-0.0010469354200030529,False,False,False,False,100000,False,True,False,4.226911624828012,0.2571378024890068,9.771556343352195,0.3825212060992117,True,Cruise
1,138,1675389532.0813808,49.960755246629965,-0.0005232633782671374,False,False,False,False,100000,False,True,False,4.125274035708021,0.026444991159052487,9.779742432583662,0.057574471101001175,True,Cruise
1,139,1675389532.1812954,49.93617880274572,-0.0008509492967236668,False,False,False,False,100000,False,True,False,4.0915180589661055,-0.004041280569478394,9.781731003691686,0.02384988206337537,True,Cruise
1,140,1675389532.2812452,49.93617880274572,-0.0008509492967236668,False,False,False,False,100000,False,True,False,4.068593811971537,-0.038452893503623346,9.781242874244207,0.01853720841923428,True,Cruise
1,141,1675389532.3812954,49.920332666673254,-0.001062231111023328,False,False,False,False,100000,False,True,False,4.073814610188273,-0.07556768333257083,9.7782149268861,0.03760229811155533,True,Cruise
1,142,1675389532.481253,49.920332666673254,-0.001062231111023328,False,False,False,False,100000,False,True,False,4.081143241017122,-0.10171468873065179,9.775226805447817,0.01234245069813349,True,Cruise
1,143,1675389532.5812726,49.99916892401707,-1.108101310574549e-05,False,False,False,False,100000,False,True,False,4.083054256518189,-0.11100370858645064,9.773031885465372,0.002769176709264143,True,Cruise
1,144,1675389532.6813161,49.99916892401707,-1.108101310574549e-05,False,False,False,False,100000,False,True,False,4.08027925132322,-0.11434523257351788,9.772397288389032,0.0043896639777491146,True,Cruise
1,145,1675389532.7814195,49.98420146246919,-0.00021064716707752286,False,False,False,False,100000,False,True,False,4.077990951366657,-0.08703909356802474,9.7709963080494,0.012014418778726204,True,Cruise
1,146,1675389532.8813143,49.96144495675405,0.0005140672432793065,False,False,False,False,100000,False,True,False,4.077990951366657,-0.08703909356802474,9.7709963080494,0.012014418778726204,True,Cruise
1,147,1675389532.981229,49.9967110178128,-4.3853095829301066e-05,False,False,False,False,100000,False,True,False,4.06966283134571,-0.06367761769308744,9.769497405894056,0.006389017392138603,True,Cruise
1,148,1675389533.0812318,49.9967110178128,-4.3853095829301066e-05,False,False,False,False,100000,False,True,False,4.06364634322834,-0.02923596809327325,9.769298109902467,0.01816735595305675,True,Cruise
1,149,1675389533.1812632,49.996975416871884,4.032777504160977e-05,False,False,False,False,100000,False,True,False,4.057535933932557,-0.014267883449335923,9.769150646350829,0.0069647810607419,True,Cruise
1,150,1675389533.2812815,49.996975416871884,4.032777504160977e-05,False,False,False,False,100000,False,True,False,4.057535933932557,-0.014267883449335923,9.769150646350829,0.0069647810607419,True,Cruise
1,151,1675389533.3813252,49.94553713847248,-0.0007261714870336341,False,False,False,False,100000,False,True,False,4.035303768626346,0.2738587227365419,9.794273877533538,0.05623652863445791,True,Cruise
1,152,1675389533.4812942,49.99126643316784,0.00011644755776217152,False,False,False,False,100000,False,True,False,4.051612008947396,0.1567335410906846,9.787470987085483,0.06500269382955624,True,Cruise
1,153,1675389533.5812907,49.99126643316784,0.00011644755776217152,False,False,False,False,100000,False,True,False,4.051612008947396,0.1567335410906846,9.787470987085483,0.06137936214894466,True,Cruise
1,154,1675389533.681303,49.99420865014381,7.721799808246866e-05,False,False,False,False,100000,False,True,False,4.058126426309657,0.05573412944746306,9.781712370744554,0.04024145514900709,True,Cruise
1,155,1675389533.781204,49.96425655751573,0.00047657923312353955,False,False,False,False,100000,False,True,False,3.9592891463984365,0.06134672540807371,9.773612084120941,0.10403764144307856,True,Cruise
1,156,1675389533.8812165,49.96425655751573,0.00047657923312353955,False,False,False,False,100000,False,True,False,3.9909445430872994,0.10123851831085721,9.784161933952662,0.05200690927174672,True,Cruise
1,157,1675389533.9812925,49.95521798103756,-0.0005970935861658387,False,False,False,False,100000,False,True,False,4.034522524108146,-0.028517180314226676,9.773155776073862,0.038246944206158574,True,Cruise
1,158,1675389534.0812397,49.95133785878358,-0.0006488285495521794,False,False,False,False,100000,False,True,False,4.03464457017049,-0.10222632789852122,9.769468857863837,0.042757710978361015,True,Cruise
1,159,1675389534.1812434,49.95133785878358,-0.0006488285495521794,False,False,False,False,100000,False,True,False,4.031240486835072,-0.13356047714352343,9.768245578552525,0.03154224317539926,True,Cruise
1,160,1675389534.2812176,49.95133785878358,-0.0006488285495521794,False,False,False,False,100000,False,True,False,4.031240486835072,-0.13356047714352343,9.768245578552525,0.03154224317539926,True,Cruise
1,161,1675389534.3812413,49.992824049995434,9.567933339422663e-05,False,False,False,False,100000,False,True,False,4.024743550345746,-0.16361179484426205,9.766341243755091,0.006890794784596485,True,Cruise
1,162,1675389534.4812105,49.992824049995434,9.567933339422663e-05,False,False,False,False,100000,False,True,False,4.022184813992841,-0.16459482649003324,9.764171922487467,0.010443855064519163,True,Cruise
1,163,1675389534.5812664,49.96796046417992,0.00042719381093442055,False,False,False,False,100000,False,True,False,4.0230425502491505,-0.15477305835428473,9.763626495110355,0.007106766059706369,True,Cruise
1,164,1675389534.69409,49.95259915789978,0.0006320112280029477,False,False,False,False,100000,False,True,False,4.028227019333539,-0.1214544453660775,9.762645462673385,0.013270388495506016,True,Cruise
1,165,1675389534.7812994,49.95259915789978,0.0006320112280029477,False,False,False,False,100000,False,True,False,4.022498032659573,-0.024068392008079875,9.74864419464439,0.09855404701673592,True,Cruise
1,166,1675389534.8816338,49.86847556381951,0.0017536591490732497,False,False,False,False,100000,False,True,False,4.028303027774817,0.0038615721343338745,9.751970378578774,0.013788380674364763,True,Cruise
1,167,1675389534.981348,49.99423973030692,-7.680359590767272e-05,False,False,False,False,100000,False,True,False,4.042057305679276,-0.05312626835873467,9.767925732316023,0.013788380674364763,True,Cruise
1,168,1675389535.081272,49.99621420059324,-5.0477325423441095e-05,False,False,False,False,100000,False,True,False,4.045577431163089,-0.020313771780597283,9.768851095978073,0.030959457129143567,True,Cruise
1,169,1675389535.2018335,49.99621420059324,-5.0477325423441095e-05,False,False,False,False,100000,False,True,False,4.025472347281566,0.31392328466207803,9.735286774790438,0.027449567695696616,True,Cruise
1,170,1675389535.2812672,49.99621420059324,-5.0477325423441095e-05,False,False,False,False,100000,False,True,False,4.025472347281566,0.31392328466207803,9.735286774790438,0.027449567695696616,True,Cruise
1,171,1675389535.3813,49.969682296281476,0.00040423604958031515,False,False,False,False,100000,False,True,False,4.04529619622833,0.21307511054412628,9.7570806982149,0.03128035226507487,True,Cruise
1,172,1675389535.481347,49.98003129089243,-0.00026624945476771457,False,False,False,False,100000,False,True,False,4.055380092945025,0.14420762257359138,9.767278036269088,0.036330956741174314,True,Cruise
1,173,1675389535.5811946,49.964906750795535,0.0004679099893928949,False,False,False,False,100000,False,True,False,4.067703492881009,0.046075408461273296,9.78035212291518,0.03535030301539897,True,Cruise
1,174,1675389535.6820061,49.964906750795535,0.0004679099893928949,False,False,False,False,100000,False,True,False,4.067703492881009,0.046075408461273296,9.78035212291518,0.03535030301539897,True,Cruise
1,175,1675389535.7811866,49.93403190653057,0.0008795745795923809,False,False,False,False,100000,False,True,False,4.075951718228278,-0.012259992518847634,9.789784834615215,0.05966597253801188,True,Cruise
1,176,1675389535.8812795,49.93403190653057,0.0008795745795923809,False,False,False,False,100000,False,True,False,4.075951718228278,-0.012259992518847634,9.789784834615215,0.05966597253801188,True,Cruise
1,177,1675389535.9812768,49.97938847352002,0.0002748203530664595,False,False,False,False,100000,False,True,False,4.075951718228278,-0.012259992518847634,9.789784834615215,0.05966597253801188,True,Cruise
1,178,1675389536.08129,49.97938847352002,0.0002748203530664595,False,False,False,False,100000,False,True,False,4.079193038423893,-0.04167001685965748,9.793787586101818,0.014508906461873874,True,Cruise
1,179,1675389536.1812994,49.97938847352002,0.0002748203530664595,False,False,False,False,100000,False,True,False,4.080165378862105,-0.04371076334174164,9.795102309778676,0.0026150698802160275,True,Cruise
1,180,1675389536.2812703,49.97938847352002,0.0002748203530664595,False,False,False,False,100000,False,True,False,4.080739382892307,-0.05421585689741259,9.795973244680575,0.010556751339471456,True,Cruise
1,181,1675389536.3812644,49.99462888773493,7.161483020091951e-05,False,False,False,False,100000,False,True,False,4.08075655008498,-0.061919420868826,9.796476456787815,0.0008880339039913498,True,Cruise
1,182,1675389536.4812195,49.99462888773493,7.161483020091951e-05,False,False,False,False,100000,False,True,False,4.08075655008498,-0.061919420868826,9.796476456787815,0.0008880339039913498,True,Cruise
1,183,1675389536.58118,49.94862899265305,0.0006849467646260348,False,False,False,False,100000,False,True,False,4.08075655008498,-0.061919420868826,9.796476456787815,0.0008880339039913498,True,Cruise
1,184,1675389536.6812024,49.94862899265305,0.0006849467646260348,False,False,False,False,100000,False,True,False,4.078375210215563,-0.051482505965666066,9.794574834892098,0.010872724502338484,True,Cruise
1,185,1675389536.781208,49.99440718718133,7.457083758224302e-05,False,False,False,False,100000,False,True,False,2.7619803660291917,-0.03215750663449756,9.914005564177211,0.9640766277883961,True,Cruise
1,186,1675389536.881216,49.99440718718133,7.457083758224302e-05,False,False,False,False,100000,False,True,False,2.7619803660291917,-0.03215750663449756,9.914005564177211,0.9640766277883961,True,Cruise
1,187,1675389536.9811933,49.99440718718133,7.457083758224302e-05,False,False,False,False,100000,False,True,False,2.7619803660291917,-0.03215750663449756,9.914005564177211,0.5109790524020574,True,Cruise
1,188,1675389537.081199,49.98439579928077,-0.00020805600958975727,False,False,False,False,100000,False,True,False,2.2519748381510847,-0.02556902135896884,9.944836480304568,0.620702044220756,True,Cruise
1,189,1675389537.181216,49.98439579928077,-0.00020805600958975727,False,False,False,False,100000,False,True,False,2.2519748381510847,-0.02556902135896884,9.944836480304568,0.620702044220756,True,Cruise
1,190,1675389537.2812865,49.98439579928077,-0.00020805600958975727,False,False,False,False,100000,False,True,False,2.2519748381510847,-0.02556902135896884,9.944836480304568,0.620702044220756,True,Cruise
1,191,1675389537.3812969,49.98439579928077,-0.00020805600958975727,False,False,False,False,100000,False,True,False,1.6327048590004447,-0.027926012144056173,9.986909811727577,0.4594915973206217,True,Cruise
1,192,1675389537.4814053,49.98439579928077,-0.00020805600958975727,False,False,False,False,100000,False,True,False,0.8662190358995002,-0.009356267857676832,10.008463347850487,0.30765163115539246,True,Cruise
1,193,1675389537.6018467,49.98439579928077,-0.00020805600958975727,False,False,False,False,100000,False,True,False,0.8662190358995002,-0.009356267857676832,10.008463347850487,0.30765163115539246,True,Cruise
1,194,1675389537.6813319,49.98439579928077,-0.00020805600958975727,False,False,False,False,100000,False,True,False,0.8662190358995002,-0.009356267857676832,10.008463347850487,0.30765163115539246,True,Cruise
1,195,1675389537.781321,49.96452738618178,-0.0004729681842429665,False,False,False,False,100000,False,True,False,0.36354186451251824,0.009608572910709538,9.960691742691985,0.5052980606319475,True,Cruise
1,196,1675389537.8815782,49.9881778544533,0.0001576286072893517,False,False,False,False,100000,False,True,False,0.05122954513484902,0.01187339641531139,9.920078167881384,0.08959041459944657,True,Cruise
1,197,1675389537.9812858,49.9881778544533,0.0001576286072893517,False,False,False,False,100000,False,True,False,-0.025970323549823503,0.01803991615094363,9.827423860197795,0.09828301312249452,True,Cruise
1,198,1675389538.0814457,49.98946299934781,0.00014049334202926466,False,False,False,False,100000,False,True,False,-0.14821901779707045,0.015164520051581462,9.807853465991087,0.1238386509830071,True,Cruise
1,199,1675389538.1814656,49.956357151485925,-0.0005819046468543658,False,False,False,False,100000,False,True,False,-0.44091107999478407,0.007588015195131712,9.752478373713455,0.08294356007847249,True,Cruise
1,200,1675389538.2814362,49.956357151485925,-0.0005819046468543658,False,False,False,False,100000,False,True,False,-0.7278992331753613,-0.004153288483917476,9.75660737969254,0.28725791019301355,True,Cruise
1,201,1675389538.381195,49.9821357685663,-0.00023818975244932331,False,False,False,False,100000,False,True,False,-0.7478323227930164,-0.003302545468076399,9.734187032667178,0.03987337643903507,True,Cruise
1,202,1675389538.4812977,49.9821357685663,-0.00023818975244932331,False,False,False,False,100000,False,True,False,-0.44502897380714795,-0.006493473505535196,9.658430206865264,0.05068899374303686,True,Cruise
1,203,1675389538.5812206,49.9821357685663,-0.00023818975244932331,False,False,False,False,100000,False,True,False,-0.4198911741218272,-0.004752872937942098,9.649930655266918,0.019709292204391465,True,Cruise
1,204,1675389538.6812718,49.9821357685663,-0.00023818975244932331,False,False,False,False,100000,False,True,False,-0.4339323522249497,-0.01862018692303036,9.645757239043448,0.018262509277239884,True,Cruise
1,205,1675389538.7812667,49.93883353322446,0.0008155528903405116,False,False,False,False,100000,False,True,False,-0.4161080631275812,-0.021937541396861583,9.64795021021737,0.0322990395835658,True,Cruise
1,206,1675389538.881237,49.93883353322446,0.0008155528903405116,False,False,False,False,100000,False,True,False,-0.5670222895092303,-0.010920708228802511,9.684444008126444,0.12347557730693799,True,Cruise
1,207,1675389538.981313,49.953830476767415,-0.0006155936431011893,False,False,False,False,100000,False,True,False,-0.3202720740807109,-0.009179485803876992,9.68620951718876,0.12329574690050331,True,Cruise
1,208,1675389539.0813007,49.95315575316693,-0.0006245899577742146,False,False,False,False,100000,False,True,False,-0.3202720740807109,-0.009179485803876992,9.68620951718876,0.34825053891901503,True,Cruise
1,209,1675389539.1812208,49.96267495375036,0.0004976672833285616,False,False,False,False,100000,False,True,False,0.06422360103982272,0.001194736214660724,9.738113136328321,0.024751018383660273,True,Cruise
1,210,1675389539.2812417,49.96267495375036,0.0004976672833285616,False,False,False,False,100000,False,True,False,0.08160072184064554,0.0045130668718883485,9.755218969336397,0.024608640120438608,True,Cruise
1,211,1675389539.3813307,49.94298891265899,-0.0007601478312134702,False,False,False,False,100000,False,True,False,0.19648736236667422,-0.005504002551432293,9.798824631319773,0.029785487070816494,True,Cruise
1,212,1675389539.481256,49.94298891265899,-0.0007601478312134702,False,False,False,False,100000,False,True,False,0.19648736236667422,-0.005504002551432293,9.798824631319773,0.029785487070816494,True,Cruise
1,213,1675389539.58136,49.19747876861068,-0.010700283085190929,False,False,False,False,100000,False,True,False,-0.8127226965309264,-0.011937938827653385,9.949787006325735,0.0805817353659315,True,Cruise
1,214,1675389539.6812224,49.13467296347059,-0.011537693820392105,False,False,False,False,100000,False,True,False,-1.689290993979778,0.014889893101146336,10.028435931573222,0.8804983623499608,True,Cruise
1,215,1675389539.7812247,49.23221947867989,-0.010237073617601481,False,False,False,False,100000,False,True,False,-2.7824331093646917,-0.23370636585333093,10.103352215873482,0.1323650012095629,True,Cruise
1,216,1675389539.8813798,49.23221947867989,-0.010237073617601481,False,False,False,False,100000,False,True,False,-2.226128293849608,-0.46606424134227414,10.0037077275508,0.6779181036909733,True,Cruise
1,217,1675389539.981343,48.90677415744807,-0.01457634456735909,False,False,False,False,100000,False,True,False,-0.560286814071422,-0.3870795591369439,9.807065677023498,1.6792660634361176,True,Cruise
1,218,1675389540.0813105,49.533766331425035,-0.006216448914332923,False,False,False,False,100000,False,True,False,-1.3866211191895534,-0.4399129612566636,9.877123635712458,0.8688869418367785,True,Cruise
1,219,1675389540.1814466,49.533766331425035,-0.006216448914332923,False,False,False,False,100000,False,True,False,-2.2267735508805946,-0.5785499789087,9.90520862493773,1.454660976494664,True,Cruise
1,220,1675389540.2813232,49.58369007990019,-0.0055507989346642375,False,False,False,False,100000,False,True,False,0.5771713822213361,-0.6279365390317612,9.62031295992099,1.368073601250061,True,Cruise
1,221,1675389540.3813622,49.58369007990019,-0.0055507989346642375,False,False,False,False,100000,False,True,False,1.6017061261139856,-0.6120688311665748,9.532939269446178,1.0283760923821885,True,Cruise
1,222,1675389540.48353,49.557908103177354,-0.005894558624301932,False,False,False,False,100000,False,True,False,1.738013904555019,-0.6219935969070952,9.579326685526548,0.14432637946386434,True,Cruise
1,223,1675389540.5812461,49.755084312328066,-0.003265542502292395,False,False,False,False,100000,False,True,False,0.4268339755662684,-0.765217262320802,9.738683443436331,0.670415733151705,True,Cruise
1,224,1675389540.6812274,49.51275229174395,-0.006496636110080647,False,False,False,False,100000,False,True,False,1.4242547474853855,-0.6253066979146081,9.695441768297236,0.34749378635883693,True,Cruise
1,225,1675389540.7812586,49.51275229174395,-0.006496636110080647,False,False,False,False,100000,False,True,False,0.2692905697694205,-0.5612432268154303,9.83097436862077,1.16465250864232,True,Cruise
1,226,1675389540.8812554,49.86536943519582,0.001795074197389118,False,False,False,False,100000,False,True,False,0.2692905697694205,-0.5612432268154303,9.83097436862077,0.47184078706172905,True,Cruise
1,227,1675389540.981249,49.86536943519582,0.001795074197389118,False,False,False,False,100000,False,True,False,1.0643606951631737,-0.4263667624388504,9.774489498662213,0.9741841265314289,True,Cruise
1,228,1675389541.0812395,49.77194072731119,0.003040790302517403,False,False,False,False,100000,False,True,False,2.3265476961931024,-0.05361523095981733,9.699716582431574,0.9741841265314289,True,Cruise
1,229,1675389541.1812289,49.87343342689158,-0.0016875543081122067,False,False,False,False,100000,False,True,False,0.8803357617271931,-0.12180547823190692,9.874314836317133,0.3874514168273774,True,Cruise
1,230,1675389541.281231,49.87343342689158,-0.0016875543081122067,False,False,False,False,100000,False,True,False,0.49537628666098743,-0.09748331399109263,9.910828330876493,0.3874514168273774,True,Cruise
1,231,1675389541.381307,49.90778554085413,0.0012295261219449711,False,False,False,False,100000,False,True,False,0.9456296386209425,-0.07624922995891545,9.883076193990748,0.16589983648227596,True,Cruise
1,232,1675389541.4812763,49.90778554085413,0.0012295261219449711,False,False,False,False,100000,False,True,False,0.8909882618898475,0.08652769562045036,9.89086566891699,0.13798889930516414,True,Cruise
1,233,1675389541.5812414,49.559263276684575,0.005876489644205617,False,False,False,False,100000,False,True,False,0.7583411897434594,0.12908653529110928,9.904996000121479,0.1400220227073959,True,Cruise
1,234,1675389541.6812441,49.78142342457769,0.002914354338964081,False,False,False,False,100000,False,True,False,-1.5005585863985198,0.2389845797220406,10.089537058832526,1.011174586409751,True,Cruise
1,235,1675389541.7812886,49.78142342457769,0.002914354338964081,False,False,False,False,100000,False,True,False,-0.2999179901435292,0.3036732003071389,9.943966382176475,1.2111619548643537,True,Cruise
1,236,1675389541.8812838,48.9448313033019,0.014068915955974572,False,False,False,False,100000,False,True,False,-0.2999179901435292,0.3036732003071389,9.943966382176475,1.2111619548643537,True,Cruise
1,237,1675389541.9812338,49.377248463879795,0.00830335381493609,False,False,False,False,100000,False,True,False,0.1720517566446238,0.4117473654800856,9.853202672736733,0.5656263114859346,True,Cruise
1,238,1675389542.0812128,49.377248463879795,0.00830335381493609,False,False,False,False,100000,False,True,False,-1.0112475557520686,0.4530028479281326,9.936233166999479,0.10395293279469245,True,Cruise
1,239,1675389542.1814976,49.57916349763202,0.005611153364906412,False,False,False,False,100000,False,True,False,-1.992151675621421,0.37669630199124604,9.999144506386905,0.9858769791170737,True,Cruise
1,240,1675389542.28142,49.57916349763202,0.005611153364906412,False,False,False,False,100000,False,True,False,-2.0680581791400545,0.29150413944418757,9.937635183641765,0.2997231374501371,True,Cruise
1,241,1675389542.3815556,49.817336536711586,0.002435512843845481,False,False,False,False,100000,False,True,False,-2.0680581791400545,0.29150413944418757,9.937635183641765,0.2997231374501371,True,Cruise
1,242,1675389542.4813519,49.002302786395106,0.013302629514731983,False,False,False,False,100000,False,True,False,1.8063448460670257,0.5036045189737174,9.525889476921874,0.33368606030812553,True,Cruise
1,243,1675389542.5814154,49.002302786395106,0.013302629514731983,False,False,False,False,100000,False,True,False,0.28524036798067665,0.4944920768576141,9.683131734754637,0.33368606030812553,True,Cruise
1,244,1675389542.6938872,49.002302786395106,0.013302629514731983,False,False,False,False,100000,False,True,False,-1.191151662720826,0.4419191310863747,9.813519369312004,1.1167184172430853,True,Cruise
1,245,1675389542.7813158,49.679559748218914,0.004272536690414427,False,False,False,False,100000,False,True,False,-3.218417899505385,0.8463253065414847,9.991123969658096,0.9645936958799654,True,Cruise
1,246,1675389542.8813975,49.88745946453295,0.0015005404728939457,False,False,False,False,100000,False,True,False,-3.218417899505385,0.8463253065414847,9.991123969658096,0.9645936958799654,True,Cruise
1,247,1675389542.9813786,49.94716085100205,0.0007045219866393201,False,False,False,False,100000,False,True,False,1.5795266328044848,0.4398076842149346,9.552257160054912,0.07214495327857261,True,Cruise
1,248,1675389543.0813735,49.94716085100205,0.0007045219866393201,False,False,False,False,100000,False,True,False,1.9194910643988532,0.23988564949927327,9.588898083966871,0.20628949118711631,True,Cruise
1,249,1675389543.1811972,49.55215983759579,0.005971202165389482,False,False,False,False,100000,False,True,False,0.8282700764952196,0.19519122374938774,9.740347562778764,0.49064510505978876,True,Cruise
1,250,1675389543.2812605,49.55215983759579,0.005971202165389482,False,False,False,False,100000,False,True,False,0.8282700764952196,0.19519122374938774,9.740347562778764,0.49064510505978876,True,Cruise
1,251,1675389543.3813343,49.91363176342665,-0.0011515764876447315,False,False,False,False,100000,False,True,False,0.8282700764952196,0.19519122374938774,9.740347562778764,0.49064510505978876,True,Cruise
1,252,1675389543.4939966,49.955751674097534,-0.0005899776786995687,False,False,False,False,100000,False,True,False,0.8775953787266323,-0.13050917017719224,9.787492290639964,1.1048136846443297,True,Cruise
1,253,1675389543.5813315,49.955751674097534,-0.0005899776786995687,False,False,False,False,100000,False,True,False,1.6089023103409559,-0.1471310391780844,9.736838004021793,0.7332475513147217,True,Cruise
1,254,1675389543.6813161,49.83729216586243,-0.002169437788500976,False,False,False,False,100000,False,True,False,1.1814142299698707,-9.816977089282912e-06,9.810951598181225,0.3082147162384441,True,Cruise
1,255,1675389543.7818253,49.83729216586243,-0.002169437788500976,False,False,False,False,100000,False,True,False,0.8759793891679593,-0.013717215582808135,9.849912816767398,0.3082147162384441,True,Cruise
1,256,1675389543.8820276,49.58623280930388,-0.005516895875948287,False,False,False,False,100000,False,True,False,-0.2076826794260762,-0.08109000445220363,9.950199962080177,1.090376120017552,True,Cruise
1,257,1675389543.9816208,49.58623280930388,-0.005516895875948287,False,False,False,False,100000,False,True,False,-1.1070137241054052,-0.08032763092243068,10.033418793914715,0.9031734512868042,True,Cruise
1,258,1675389544.0812354,49.71136073633664,0.003848523515511522,False,False,False,False,100000,False,True,False,-1.220250829189746,-0.05185678375508415,10.03939377359401,1.3805159778385465,True,Cruise
1,259,1675389544.1812377,49.91071886445667,0.001190415140577768,False,False,False,False,100000,False,True,False,0.40131843935252365,0.06391851944943805,9.85518166052695,0.3166011392398837,True,Cruise
1,260,1675389544.2937849,49.91071886445667,0.001190415140577768,False,False,False,False,100000,False,True,False,1.4133668497983463,-0.20727059245377244,9.737326715636199,1.0543601412875823,True,Cruise
1,261,1675389544.3812242,49.617137923180316,0.00510482769092911,False,False,False,False,100000,False,True,False,1.0943115639615018,0.08604523333541579,9.75064573260686,0.43359871458744975,True,Cruise
1,262,1675389544.4812133,49.51757045600184,0.0064323939199754454,False,False,False,False,100000,False,True,False,0.2937166244434894,-0.046947343705483216,9.812771685695543,0.349338878837107,True,Cruise
1,263,1675389544.5812337,49.51757045600184,0.0064323939199754454,False,False,False,False,100000,False,True,False,-2.347559579438593,0.06394577018396312,10.008326696312325,0.5769008720798133,True,Cruise
1,264,1675389544.681272,49.549563600817166,0.006005818655771168,False,False,False,False,100000,False,True,False,-1.9093270410498178,0.07229359815450644,9.937337999589461,0.4440234667187152,True,Cruise
1,265,1675389544.7814035,49.549563600817166,0.006005818655771168,False,False,False,False,100000,False,True,False,-1.3177855680646011,0.05309690642418338,9.862481623017565,0.5965679377475648,True,Cruise
1,266,1675389544.8813243,49.549563600817166,0.006005818655771168,False,False,False,False,100000,False,True,False,-0.1750407937360262,0.07589673637046293,9.735650634596292,1.1499876308572898,True,Cruise
1,267,1675389544.9812362,49.63033094813704,0.004928920691506147,True,False,False,False,15.201846904598082,False,False,True,-0.1750407937360262,0.07589673637046293,9.735650634596292,1.1499876308572898,True,Cruise
1,268,1675389545.0812137,36.0,0.2,True,False,False,False,15.201846904598082,False,False,True,0.3634874855833712,0.1717797625168141,9.670291751832439,0.050927504023983196,True,Cruise
1,269,1675389545.1813679,36.0,0.2,True,False,False,False,15.201846904598082,False,False,True,-0.7096051520524234,0.22010266640734524,9.777489675558842,1.0795157742431614,True,Cruise
1,270,1675389545.2812634,36.0,0.2,True,False,False,False,15.201846904598082,False,False,True,-2.597341580704397,0.2793972740528693,9.921514336302788,0.5385653877728571,True,Cruise
1,271,1675389545.3813565,36.0,0.2,True,False,False,False,15.201846904598082,False,False,True,-3.1339764404635853,0.31541719401261453,9.949411819419694,0.5385653877728571,True,Cruise
1,272,1675389545.4813101,36.0,0.2,True,False,False,False,15.201846904598082,False,False,True,-3.74167725880867,0.4214739955191916,9.901038103296742,0.060697295836963046,True,Cruise
1,273,1675389545.5813148,36.0,0.2,True,False,False,False,15.201846904598082,False,False,True,-3.74167725880867,0.4214739955191916,9.901038103296742,0.05870265588815791,True,Cruise
1,274,1675389545.6813054,36.0,0.2,True,False,False,False,15.201846904598082,False,False,True,-3.953207249778218,0.7026839392238278,9.81578654043269,0.09287550437208413,True,Cruise
1,275,1675389545.7816036,36.0,0.2,True,False,False,False,15.201846904598082,False,False,True,-4.1162324813925295,0.6018176078938321,9.789556633010685,0.09691378019398798,True,Cruise
1,276,1675389545.8814313,36.0,0.2,True,False,False,False,13.726768015103884,False,False,True,-4.1162324813925295,0.6018176078938321,9.789556633010685,0.09658820637899798,True,Cruise
1,277,1675389545.9814227,36.0,0.2,True,False,False,False,13.726768015103884,False,False,True,-4.1162324813925295,0.6018176078938321,9.789556633010685,0.25439290092907546,True,Cruise
1,278,1675389546.0813026,36.0,0.2,True,False,False,False,13.726768015103884,False,False,True,-4.320495577495624,0.45407047575271153,9.755452079684733,0.06719571545656387,True,Cruise
1,279,1675389546.181228,36.0,0.2,True,False,False,False,13.726768015103884,False,False,True,-4.426986970632706,0.321855997292623,9.726429683509286,0.04830592563275831,True,Cruise
1,280,1675389546.2812586,36.0,0.2,True,False,False,False,13.726768015103884,False,False,True,-4.426986970632706,0.321855997292623,9.726429683509286,0.03993636139064122,True,Cruise
1,281,1675389546.381353,36.0,0.2,True,False,False,False,13.726768015103884,False,False,True,-4.443153671599113,0.22677292966502682,9.705960555642317,0.027679107035543434,True,Cruise
1,282,1675389546.5017288,36.0,0.2,True,False,False,False,13.726768015103884,False,False,True,-4.443153671599113,0.22677292966502682,9.705960555642317,0.027679107035543434,True,Cruise
1,283,1675389546.5977015,36.0,0.2,True,False,False,False,13.726768015103884,False,False,True,-4.443153671599113,0.22677292966502682,9.705960555642317,0.027679107035543434,True,Cruise
1,284,1675389546.6977658,36.0,0.2,True,False,False,False,13.726768015103884,False,False,True,-4.443153671599113,0.22677292966502682,9.705960555642317,0.029071817541396403,True,Cruise
1,285,1675389546.793932,36.0,0.2,True,False,False,False,13.726768015103884,False,False,True,-4.332956111480419,0.16082376479823549,9.698198647376254,0.03213184157166456,True,Cruise
1,286,1675389546.8858304,36.0,0.2,True,False,False,False,13.726768015103884,False,False,True,-4.29808382961724,0.15919738550748608,9.700811075327962,0.035007798156200184,True,Cruise
1,287,1675389546.9856725,36.0,0.2,True,False,False,False,13.726768015103884,False,False,True,-4.222148280584439,0.164081749186053,9.709865926951775,0.04039660093296494,True,Cruise
1,288,1675389547.0813413,36.0,0.2,True,False,False,False,12.360200386694606,False,False,True,-4.182630790123888,0.169649218506212,9.71613143571057,0.04039660093296494,True,Cruise
1,289,1675389547.1812096,36.0,0.2,True,False,False,False,12.360200386694606,False,False,True,-4.066119046457452,0.1934775554365293,9.740469902802786,0.12138837272760883,True,Cruise
1,290,1675389547.2812157,36.0,0.2,True,False,False,False,12.360200386694606,False,False,True,-4.0298927062817835,0.2024699453931825,9.749963511480399,0.03665309222516757,True,Cruise
1,291,1675389547.381237,36.0,0.2,True,False,False,False,12.360200386694606,False,False,True,-3.9641035822757424,0.22006087000212748,9.770100143737634,0.03173840083736863,True,Cruise
1,292,1675389547.4812334,36.0,0.2,True,False,False,False,12.360200386694606,False,False,True,-3.9092955836662835,0.2355397997929277,9.790712435085355,0.025742499803908955,True,Cruise
1,293,1675389547.5812285,36.0,0.2,True,False,False,False,12.360200386694606,False,False,True,-3.886533016577953,0.24206343218965592,9.800811150650013,0.025742499803908955,True,Cruise
1,294,1675389547.681391,36.0,0.2,True,False,False,False,12.360200386694606,False,False,True,-3.837770512052042,0.25574750586415285,9.82860583202319,0.04178533156632021,True,Cruise
1,295,1675389547.7812626,36.0,0.2,True,False,False,False,12.360200386694606,False,False,True,-3.837770512052042,0.25574750586415285,9.82860583202319,0.016045670348540993,True,Cruise
1,296,1675389547.881317,36.0,0.2,True,False,False,False,12.360200386694606,False,False,True,-3.8173696490628415,0.26044043006702305,9.850294329000045,0.007489872406791666,True,Cruise
1,297,1675389547.9812193,36.0,0.2,True,False,False,False,12.360200386694606,False,False,True,-3.816250488222192,0.2602130762223392,9.855783905581696,0.004846869224179595,True,Cruise
1,298,1675389548.0812907,36.0,0.2,True,False,False,False,12.360200386694606,False,False,True,-3.821289631228609,0.2575659216692457,9.863884411040562,0.0053653640850722115,True,Cruise
1,299,1675389548.181285,36.0,0.2,True,False,False,False,12.360200386694606,False,False,True,-3.821289631228609,0.2575659216692457,9.863884411040562,0.0053653640850722115,True,Cruise
1,300,1675389548.2814393,36.0,0.2,True,False,False,False,12.360200386694606,False,False,True,-3.8432881252196074,0.24959354168899747,9.868730394990987,0.023895107048708196,True,Cruise
1,301,1675389548.381936,36.0,0.2,True,False,False,False,12.360200386694606,False,False,True,-3.864491565596756,0.242758252351466,9.86736433171594,0.012463476140063146,True,Cruise
1,302,1675389548.485738,36.0,0.2,True,False,False,False,12.360200386694606,False,False,True,-3.888496740563686,0.23552091386397683,9.862813011574662,0.01302690282675199,True,Cruise
1,303,1675389548.5897846,36.0,0.2,True,False,False,False,12.360200386694606,False,False,True,-3.9134077557569165,0.228430241820513,9.855674696731198,0.013502301279857905,True,Cruise
1,304,1675389548.693763,36.0,0.2,True,False,False,False,11.126492129985332,False,False,True,-3.9134077557569165,0.228430241820513,9.855674696731198,0.013502301279857905,True,Cruise
1,305,1675389548.7981427,36.0,0.2,True,False,False,False,11.126492129985332,False,False,True,-3.959725668557929,0.21610535726011648,9.836466324260138,0.012249157525668965,True,Cruise
1,306,1675389548.8813136,36.0,0.2,True,False,False,False,11.126492129985332,False,False,True,-3.9697070746200565,0.2135460691175044,9.831175385856087,0.012249157525668965,True,Cruise
1,307,1675389548.98137,36.0,0.2,True,False,False,False,11.126492129985332,False,False,True,-3.9942918636384666,0.2071779163102997,9.81552876018996,0.009969096394800963,True,Cruise
1,308,1675389549.0812447,36.0,0.2,True,False,False,False,11.126492129985332,False,False,True,-4.000538327365484,0.20545950094194654,9.810644227438818,0.008113563992975482,True,Cruise
1,309,1675389549.1813154,36.0,0.2,True,False,False,False,11.126492129985332,False,False,True,-4.000538327365484,0.20545950094194654,9.810644227438818,0.008113563992975482,True,Cruise
1,310,1675389549.2812376,36.0,0.2,True,False,False,False,11.126492129985332,False,False,True,-4.013267541431342,0.20128165089715533,9.79785932569582,0.018518667185014624,True,Cruise
1,311,1675389549.381255,36.0,0.2,True,False,False,False,11.126492129985332,False,False,True,-4.016978022749146,0.19910259167928868,9.791334341332602,0.003507759326560705,True,Cruise
1,312,1675389549.4812813,36.0,0.2,True,False,False,False,11.126492129985332,False,False,True,-4.017309094472735,0.19721151045241506,9.786656977424734,0.002304447321903605,True,Cruise
1,313,1675389549.581253,36.0,0.2,True,False,False,False,11.126492129985332,False,False,True,-4.014792908743758,0.19545692843853693,9.783887335513729,0.0021351512627721335,True,Cruise
1,314,1675389549.6819763,36.0,0.2,True,False,False,False,11.126492129985332,False,False,True,-4.014792908743758,0.19545692843853693,9.783887335513729,0.0021351512627721335,True,Cruise
1,315,1675389549.7859256,36.0,0.2,True,False,False,False,10.03045749633305,False,False,True,-4.007024188070247,0.19281968777355213,9.783141523332983,0.008237978819895327,True,Cruise
1,316,1675389549.890033,36.0,0.2,True,False,False,False,10.03045749633305,False,False,True,-4.0001121534977875,0.1909381881281222,9.78463972608669,0.0038174351212644526,True,Cruise
1,317,1675389549.9937153,36.0,0.2,True,False,False,False,10.03045749633305,False,False,True,-3.9925269820196267,0.1889049078285065,9.787415153856609,0.004389794233008975,True,Cruise
1,318,1675389550.0977063,36.0,0.2,True,False,False,False,10.03045749633305,False,False,True,-3.9848146388619283,0.1867059633247228,9.791142662998112,0.004455903351753915,True,Cruise
1,319,1675389550.2018948,36.0,0.2,True,False,False,False,10.03045749633305,False,False,True,-3.9848146388619283,0.1867059633247228,9.791142662998112,0.013184834221394642,True,Cruise
1,320,1675389550.2813652,36.0,0.2,True,False,False,False,10.03045749633305,False,False,True,-3.970767522056434,0.18185686288811284,9.800088242784012,0.00398567211172138,True,Cruise
1,321,1675389550.4097354,36.0,0.2,True,False,False,False,10.03045749633305,False,False,True,-3.962640175227224,0.177934705047325,9.80684237229335,0.0035251906981508315,True,Cruise
1,322,1675389550.4813344,36.0,0.2,True,False,False,False,10.03045749633305,False,False,True,-3.958686242543705,0.17524792735013592,9.810865526989563,0.002988262938854196,True,Cruise
1,323,1675389550.58135,36.0,0.2,True,False,False,False,9.139589356681903,False,False,True,-3.958686242543705,0.17524792735013592,9.810865526989563,0.002988262938854196,True,Cruise
1,324,1675389550.6812403,36.0,-0.2,True,False,False,False,9.139589356681903,False,False,True,-1.2809666711558465,0.5954592602153145,9.574946635933943,2.155121173348737,True,Cruise
1,325,1675389550.7812586,36.0,-0.2,True,False,False,False,9.139589356681903,False,False,True,0.6824594272479456,-1.9382600152996976,9.429819373569938,3.2087127221505396,True,Cruise
1,326,1675389550.8813214,36.0,-0.2,True,False,False,False,9.139589356681903,False,False,True,0.5500619928009678,-3.7481574062595473,9.525166732162447,1.0469922791001798,True,Cruise
1,327,1675389550.9812822,36.0,-0.2,True,False,False,False,9.139589356681903,False,False,True,-1.522966307840956,-4.142454397474445,9.774819086409988,1.0794544717912198,True,Cruise
1,328,1675389551.0814648,36.0,-0.2,True,False,False,False,9.139589356681903,False,False,True,-2.3307097860278354,-4.552191955159406,9.86672337422993,0.9103739840586204,True,Cruise
1,329,1675389551.1813157,36.0,-0.2,True,False,False,False,9.139589356681903,False,False,True,-2.175471694864372,-5.734311173045597,9.875171668781606,0.558105025677426,True,Cruise
1,330,1675389551.2812274,36.0,-0.2,True,False,False,False,9.139589356681903,False,False,True,-1.72538171879374,-6.519609483153823,9.85928292999507,0.35062764914826633,True,Cruise
1,331,1675389551.397743,36.0,-0.2,True,False,False,False,9.139589356681903,False,False,True,-1.584160144220618,-6.991560299519828,9.872168798606644,0.1492693927300284,True,Cruise
1,332,1675389551.4938092,36.0,-0.2,True,False,False,False,9.139589356681903,False,False,True,-1.2611546421063917,-7.052187921877501,9.86184000020139,0.1492693927300284,True,Cruise
1,333,1675389551.5897963,36.0,-0.2,True,False,False,False,9.139589356681903,False,False,True,-1.0943960773026753,-7.1929898661261475,9.852851013851598,0.21843627975954655,True,Cruise
1,334,1675389551.6859066,36.0,-0.2,True,False,False,False,8.37798926433278,False,False,True,-1.0943960773026753,-7.1929898661261475,9.852851013851598,0.5993617515061676,True,Cruise
1,335,1675389551.7816844,36.0,-0.2,True,False,False,False,8.37798926433278,False,False,True,-0.6934993766477278,-7.637713741776136,9.82570292000743,0.5993617515061676,True,Cruise
1,336,1675389551.8812761,36.0,-0.2,True,False,False,False,8.37798926433278,False,False,True,-0.5076344580945672,-7.795263717016276,9.803483370302164,0.08056522650266139,True,Cruise
1,337,1675389551.9814446,36.0,-0.2,True,False,False,False,8.37798926433278,False,False,True,-0.4391839824601536,-7.835898405073065,9.79106925602143,0.08056522650266139,True,Cruise
1,338,1675389552.0812562,36.0,-0.2,True,False,False,False,8.37798926433278,False,False,True,-0.29984093711055193,-7.848111417696591,9.748854454304482,0.04209184286000961,True,Cruise
1,339,1675389552.1812277,36.0,-0.2,True,False,False,False,8.37798926433278,False,False,True,-0.29984093711055193,-7.848111417696591,9.748854454304482,0.04209184286000961,True,Cruise
1,340,1675389552.2813604,36.0,-0.2,True,False,False,False,8.37798926433278,False,False,True,-0.29984093711055193,-7.848111417696591,9.748854454304482,0.04209184286000961,True,Cruise
1,341,1675389552.3812633,36.0,-0.2,True,False,False,False,8.37798926433278,False,False,True,-0.1913875783708881,-7.609127797009139,9.687175964284684,0.0860483431319604,True,Cruise
1,342,1675389552.501763,36.0,-0.2,True,False,False,False,8.37798926433278,False,False,True,-0.15922656904291335,-7.419945542451321,9.661796269795808,0.0997737243593899,True,Cruise
1,343,1675389552.5977397,36.0,-0.2,True,False,False,False,8.37798926433278,False,False,True,-0.14888125187202036,-7.321277455374988,9.651195369934278,0.0997737243593899,True,Cruise
1,344,1675389552.6938627,36.0,-0.2,True,False,False,False,8.37798926433278,False,False,True,-0.13828409158359617,-7.123304859051693,9.634609082080514,0.09906437798617856,True,Cruise
1,345,1675389552.7937095,36.0,-0.2,True,False,False,False,8.179029430256762,False,False,True,-0.13828409158359617,-7.123304859051693,9.634609082080514,0.09906437798617856,True,Cruise
1,346,1675389552.886054,36.0,-0.2,True,False,False,False,8.179029430256762,False,False,True,-0.15198517225782432,-6.751120388859312,9.622783352524818,0.08684658433363193,True,Cruise
1,347,1675389552.9817417,36.0,-0.2,True,False,False,False,8.179029430256762,False,False,True,-0.20023246701611797,-6.596447249032507,9.62913316270836,0.07121879944666992,True,Cruise
1,348,1675389553.0813706,36.0,-0.2,True,False,False,False,8.179029430256762,False,False,True,-0.2528537615045928,-6.476826928293787,9.63984466939953,0.05993759870140463,True,Cruise
1,349,1675389553.1813478,36.0,-0.2,True,False,False,False,7.594220872758465,False,False,True,-0.26933618650146895,-6.430058503993613,9.645572483799121,0.04991756908238725,True,Cruise
1,350,1675389553.281217,36.0,-0.2,True,False,False,False,7.594220872758465,False,False,True,-0.2995849153322356,-6.334777915571713,9.664583532574945,0.020882388572662548,True,Cruise
1,351,1675389553.3812475,36.0,-0.2,True,False,False,False,7.594220872758465,False,False,True,-0.3160502944764407,-6.305273173813015,9.67852994619515,0.01587168218440663,True,Cruise
1,352,1675389553.4812908,36.0,-0.2,True,False,False,False,7.594220872758465,False,False,True,-32.29555765510644,24.345332815988442,20.13580907032542,90.05796493024528,True,Cruise
1,353,1675389553.5812726,36.0,-0.2,True,False,False,False,7.594220872758465,False,False,True,-5.985094939931205,11.568360953134091,14.974423905639382,29.700696205460222,True,Cruise
1,354,1675389553.681287,36.0,-0.2,True,False,False,False,7.594220872758465,False,False,True,10.438217048513675,-3.3806242939423305,9.49686330728981,22.873587534440187,True,Cruise
1,355,1675389553.7977138,36.0,-0.2,True,False,False,False,7.594220872758465,False,False,True,8.956491292333467,-8.026391488962522,8.296768416184866,3.547259949842723,True,Cruise
1,356,1675389553.8938642,36.0,-0.2,True,False,False,False,7.594220872758465,False,False,True,6.537336971409633,-9.181419700348275,8.234461286986576,2.681469741744322,True,Cruise
1,357,1675389553.9898262,36.0,-0.2,True,False,False,False,7.594220872758465,False,False,True,4.770274026080143,-12.724200968386945,7.3576399398537795,0.793934976646282,True,Cruise
1,358,1675389554.085769,36.0,-0.2,True,False,False,False,7.594220872758465,False,False,True,5.33596055567904,-12.6461462629466,7.218906758513473,0.5876569427955607,True,Cruise
1,359,1675389554.181797,36.0,-0.2,True,False,False,False,7.594220872758465,False,False,True,5.48550387835925,-12.715475154138664,7.20663920289239,0.22964182471531022,True,Cruise
1,360,1675389554.281217,36.0,-0.2,False,True,False,False,7.594220872758465,False,False,True,5.436598309499918,-12.850661045645609,7.251212794364305,0.1505117436769881,True,Cruise
1,361,1675389554.381206,36.0,-0.2,False,True,False,False,7.594220872758465,False,False,True,5.9101078926235004,-13.288919265658452,7.243502881406744,0.7315533074078242,True,Cruise
1,362,1675389554.48125,36.0,-0.2,False,True,False,False,7.594220872758465,False,False,True,6.783289319537848,-14.050492510759446,7.235104472290972,0.43123488107487434,True,Cruise
1,363,1675389554.5812497,36.0,-0.2,False,True,False,False,7.594220872758465,False,False,True,5.800851524075041,-13.337926207780178,7.4482671710987765,0.8405596206256857,True,Cruise
1,364,1675389554.6812255,36.0,-0.2,False,True,False,False,7.594220872758465,False,False,True,5.09386711328696,-12.902861693588706,7.580298937050628,0.8405596206256857,True,Cruise
