repetition,iteration,time,speed,steering,obstacle_North,obstacle_NorthWest,obstacle_SouthWest,obstacle_West,obstacle_distance,follow_enable,steady_motion_enable,passing_start,accel_x,accel_y,accel_z,accel_diff,success,action
1,1,1675389813.789344,0.0,0.0,False,False,False,False,100000,False,True,False,0.04532910091992245,-3.214966243784061e-14,9.810811469820552,0.00020227873422217366,True,Cruise
1,2,1675389813.7895563,0.0,0.0,False,False,False,False,100000,False,True,False,0.04532910091992245,-3.214966243784061e-14,9.810811469820552,0.00020227873422217366,True,Cruise
1,3,1675389813.8896253,0.0,0.0,False,False,False,False,100000,False,True,False,0.04504018618128331,1.7672614728086108e-13,9.810502814923497,0.00020954183207462341,True,Cruise
1,4,1675389813.9896338,0.0,0.0,False,False,False,False,100000,False,True,False,0.04504018618128331,1.7672614728086108e-13,9.810502814923497,0.00020954183207462341,True,Cruise
1,5,1675389814.0896347,49.8198704552105,0.0024017272638600334,False,False,False,False,100000,False,True,False,0.04504018618128331,1.7672614728086108e-13,9.810502814923497,0.00021326948704315,True,Cruise
1,6,1675389814.1897194,49.721064529177575,0.0037191396109656585,False,False,False,False,100000,False,True,False,0.04504018618128331,1.7672614728086108e-13,9.810502814923497,0.00021326948704315,True,Cruise
1,7,1675389814.28967,49.721064529177575,0.0037191396109656585,False,False,False,False,100000,False,True,False,1.0310397553020303,-0.007276407331634973,9.715294220778535,0.000213646853986754,True,Cruise
1,8,1675389814.3897407,49.721064529177575,0.0037191396109656585,False,False,False,False,100000,False,True,False,1.9392811444736333,-0.0010651570113140996,9.643363005392018,0.9111065252657816,True,Cruise
1,9,1675389814.4897122,49.721064529177575,0.0037191396109656585,False,False,False,False,100000,False,True,False,3.494258713897469,0.0035853026854071788,9.592607805356495,0.16344059328089927,True,Cruise
1,10,1675389814.5896437,49.721064529177575,0.0037191396109656585,False,False,False,False,100000,False,True,False,3.603929194361403,0.0026178492358353315,9.612442131107525,0.09571865551026232,True,Cruise
1,11,1675389814.689658,49.78840762522452,0.0028212316636730536,False,False,False,False,100000,False,True,False,3.79225995320194,0.0023779521910906104,9.658473725526182,0.09815661119045761,True,Cruise
1,12,1675389814.7898145,49.78840762522452,0.0028212316636730536,False,False,False,False,100000,False,True,False,4.006759145602875,0.0030864805750142003,9.703806831183396,0.11292179523141892,True,Cruise
1,13,1675389814.8896575,49.78840762522452,0.0028212316636730536,False,False,False,False,100000,False,True,False,4.228015447146798,0.006581591985320316,9.74706244777039,0.10251853044487745,True,Cruise
1,14,1675389814.9896724,49.73586888593883,0.003521748187482278,False,False,False,False,100000,False,True,False,4.491962797604698,0.0030384934507178833,9.808819877618042,0.0909515928271297,True,Cruise
1,15,1675389815.089657,49.870279985823714,0.0017296001890170789,False,False,False,False,100000,False,True,False,4.599957762965989,0.00433128564279763,9.846000529426204,0.05033648449105444,True,Cruise
1,16,1675389815.1897235,49.71187248261251,0.003841700231833143,False,False,False,False,100000,False,True,False,4.599957762965989,0.00433128564279763,9.846000529426204,0.03764409671302605,True,Cruise
1,17,1675389815.2896497,49.7817468612944,0.0029100418494080156,False,False,False,False,100000,False,True,False,4.654565682017652,-0.00135023614707845,9.8774395285687,0.02740528239141401,True,Cruise
1,18,1675389815.389638,49.7817468612944,0.0029100418494080156,False,False,False,False,100000,False,True,False,4.651720142767773,0.009432994889170501,9.909911159396295,0.02725046960763073,True,Cruise
1,19,1675389815.4897766,49.998696130192414,1.7384930767796016e-05,False,False,False,False,100000,False,True,False,4.6051377762553765,0.00670025938162303,9.9203511568447,0.027803476868835244,True,Cruise
1,20,1675389815.5897956,49.756848486027856,0.0032420201862952327,False,False,False,False,100000,False,True,False,4.532637696472066,0.00525779519112678,9.9216631794736,0.03895641008662337,True,Cruise
1,21,1675389815.6897807,49.756848486027856,0.0032420201862952327,False,False,False,False,100000,False,True,False,4.442824851613797,3.9185958879321686e-05,9.914422207618417,0.04877403526642782,True,Cruise
1,22,1675389815.7896202,49.756848486027856,0.0032420201862952327,False,False,False,False,100000,False,True,False,4.3439054694168355,0.00289833810850186,9.899732128745518,0.10004507655319804,True,Cruise
1,23,1675389815.889587,49.756848486027856,0.0032420201862952327,False,False,False,False,100000,False,True,False,4.19469887420773,0.008687229215561277,9.867061525866193,0.05021607178169696,True,Cruise
1,24,1675389815.9897997,49.756848486027856,0.0032420201862952327,False,False,False,False,100000,False,True,False,4.103554788392446,0.006707934451310313,9.840797234977202,0.04631465972533542,True,Cruise
1,25,1675389816.0896838,49.70097127017117,0.003987049731051044,False,False,False,False,100000,False,True,False,4.024306484452685,0.006507040194031867,9.813138147769402,0.04038759030630264,True,Cruise
1,26,1675389816.1896596,49.70097127017117,0.003987049731051044,False,False,False,False,100000,False,True,False,3.933609596319263,0.010455792002625256,9.772928730927129,0.029275114598183407,True,Cruise
1,27,1675389816.2896156,49.70097127017117,0.003987049731051044,False,False,False,False,100000,False,True,False,3.911564659312314,0.010812389377879346,9.76065430404717,0.02523426172012651,True,Cruise
1,28,1675389816.3896327,49.696029130906936,0.004052944921240813,False,False,False,False,100000,False,True,False,3.879845704156942,0.01082119808108386,9.738765378242844,0.013611186618530799,True,Cruise
1,29,1675389816.4897666,49.696029130906936,0.004052944921240813,False,False,False,False,100000,False,True,False,3.8638577949886432,0.011414905992227716,9.721211278677224,0.010236321638101707,True,Cruise
1,30,1675389816.5896318,49.792605984547485,0.0027652535393668702,False,False,False,False,100000,False,True,False,3.865691242670342,0.012388388427261282,9.704259382748386,0.007417045671069368,True,Cruise
1,31,1675389816.6896272,49.792605984547485,0.0027652535393668702,False,False,False,False,100000,False,True,False,3.872069779261518,0.016293701691573383,9.701209833886491,0.008076939333588705,True,Cruise
1,32,1675389816.7896361,49.792605984547485,0.0027652535393668702,False,False,False,False,100000,False,True,False,3.891580939181117,0.006475564011649688,9.698898597678689,0.011109953833583423,True,Cruise
1,33,1675389816.8896325,49.74479829366022,0.0034026894178637614,False,False,False,False,100000,False,True,False,3.9325243578713733,0.0068229618590354155,9.704018414374783,0.013870366724980184,True,Cruise
1,34,1675389816.989694,49.74479829366022,0.0034026894178637614,False,False,False,False,100000,False,True,False,3.9479800069306368,0.004979794411320152,9.707670835515252,0.015987949658126038,True,Cruise
1,35,1675389817.0896173,49.74479829366022,0.0034026894178637614,False,False,False,False,100000,False,True,False,3.9797805458995668,0.009685647476620684,9.717252340702188,0.033544367238538354,True,Cruise
1,36,1675389817.1896265,49.86074586334685,0.0018567218220420028,False,False,False,False,100000,False,True,False,4.025932305269008,0.009092404366525374,9.735509323353122,0.016209336325901758,True,Cruise
1,37,1675389817.2896597,49.86074586334685,0.0018567218220420028,False,False,False,False,100000,False,True,False,4.040047102458583,0.01355435309342967,9.742143670430234,0.01622193105903057,True,Cruise
1,38,1675389817.3897703,49.86074586334685,0.0018567218220420028,False,False,False,False,100000,False,True,False,4.065450426404703,0.0008687630354741172,9.755529551436842,0.014351457826584353,True,Cruise
1,39,1675389817.4896863,49.75817342169002,0.003224354377466481,False,False,False,False,100000,False,True,False,4.094767117837632,-0.002194601849303795,9.774381194889592,0.022221518592929656,True,Cruise
1,40,1675389817.5896235,49.75817342169002,0.003224354377466481,False,False,False,False,100000,False,True,False,4.107870047237688,0.010103972047346779,9.78514044327308,0.008654873064615888,True,Cruise
1,41,1675389817.6896756,49.81917421977748,0.0024110104029669123,False,False,False,False,100000,False,True,False,4.112514011815638,0.010713574712422187,9.789781982141855,0.005334211082005273,True,Cruise
1,42,1675389817.7898,49.81917421977748,0.0024110104029669123,False,False,False,False,100000,False,True,False,4.118157092298494,0.012642949416141865,9.797384192171826,0.005753384235214991,True,Cruise
1,43,1675389817.8896153,49.81917421977748,0.0024110104029669123,False,False,False,False,100000,False,True,False,4.119361313904478,0.006111989507789105,9.802601811635741,0.002865334698820373,True,Cruise
1,44,1675389817.9896572,49.81786887442151,0.0024284150077132464,False,False,False,False,100000,False,True,False,4.114171160187953,0.00814479116145484,9.805964530536444,0.0027236502107113145,True,Cruise
1,45,1675389818.0896432,49.81786887442151,0.0024284150077132464,False,False,False,False,100000,False,True,False,4.110970162406611,0.008674996141610054,9.805967424470355,0.003244612841618344,True,Cruise
1,46,1675389818.189748,49.81786887442151,0.0024284150077132464,False,False,False,False,100000,False,True,False,4.102989594080231,0.009419982506289375,9.804496082074566,0.0043368312692073935,True,Cruise
1,47,1675389818.2897031,49.87417851883633,0.001677619748848916,False,False,False,False,100000,False,True,False,4.088601663384819,0.009930501922993292,9.799278858593434,0.005404843774288676,True,Cruise
1,48,1675389818.3896468,49.87417851883633,0.001677619748848916,False,False,False,False,100000,False,True,False,4.088601663384819,0.009930501922993292,9.799278858593434,0.005404843774288676,True,Cruise
1,49,1675389818.489634,49.76408216989648,0.00314557106804687,False,False,False,False,100000,False,True,False,4.078511215044258,0.007491957600763484,9.794395082268183,0.011472354480231598,True,Cruise
1,50,1675389818.589639,49.76408216989648,0.00314557106804687,False,False,False,False,100000,False,True,False,4.064156288437767,0.005212941666685347,9.786043230967648,0.005194170978718239,True,Cruise
1,51,1675389818.6896024,49.84510738484084,0.0020652348687888403,False,False,False,False,100000,False,True,False,4.052070497854282,0.011245592930971635,9.777663289696296,0.01097017939128506,True,Cruise
1,52,1675389818.7896616,49.84510738484084,0.0020652348687888403,False,False,False,False,100000,False,True,False,4.048730530172818,0.01607937580638266,9.775064022606506,0.006424720258805798,True,Cruise
1,53,1675389818.8896346,49.84510738484084,0.0020652348687888403,False,False,False,False,100000,False,True,False,4.04329666261072,0.012937178648192329,9.770351398569888,0.007849149315299259,True,Cruise
1,54,1675389818.9897356,49.75587932030648,0.0032549423959136303,False,False,False,False,100000,False,True,False,4.038198201205155,0.00621643586574588,9.76486124475545,0.010462250496678356,True,Cruise
1,55,1675389819.0896387,49.75587932030648,0.0032549423959136303,False,False,False,False,100000,False,True,False,4.036419144979891,0.022479400576468703,9.761573817624903,0.00156175671169351,True,Cruise
1,56,1675389819.189663,49.90354838246741,0.0012860215671012206,False,False,False,False,100000,False,True,False,4.036516255939482,0.02273250666911036,9.760973278032356,0.0006588937963143775,True,Cruise
1,57,1675389819.289631,49.90354838246741,0.0012860215671012206,False,False,False,False,100000,False,True,False,4.03757703908817,0.02916422017822496,9.760476168745617,0.013502282931614127,True,Cruise
1,58,1675389819.3896253,49.90354838246741,0.0012860215671012206,False,False,False,False,100000,False,True,False,4.040957638293749,0.007927031174067942,9.761278530960983,0.0018356173740789873,True,Cruise
1,59,1675389819.489615,49.85208412889501,0.0019722116147332432,False,False,False,False,100000,False,True,False,4.042358372792004,0.008309938013505356,9.761895592886045,0.0024198713229869836,True,Cruise
1,60,1675389819.589672,49.85208412889501,0.0019722116147332432,False,False,False,False,100000,False,True,False,4.0453975060523835,0.011212983974709857,9.76352783140487,0.00497823429774875,True,Cruise
1,61,1675389819.6896067,49.789739890914866,0.0028034681211351006,False,False,False,False,100000,False,True,False,4.050230062290082,0.00923007080294511,9.766630447107167,0.0053860570599076505,True,Cruise
1,62,1675389819.7897136,49.82826317418213,0.002289824344238209,False,False,False,False,100000,False,True,False,4.051797038595903,0.014651731331807364,9.767754573507103,0.005754431144453863,True,Cruise
1,63,1675389819.8896139,49.82826317418213,0.002289824344238209,False,False,False,False,100000,False,True,False,4.05617120613808,0.01644754796519249,9.771108850875956,0.003922607746707145,True,Cruise
1,64,1675389819.9896202,49.83560601081859,0.002191919855752112,False,False,False,False,100000,False,True,False,4.057461834664688,0.014916944347793101,9.772165341847773,0.0015682731932921987,True,Cruise
1,65,1675389820.0897472,49.83560601081859,0.002191919855752112,False,False,False,False,100000,False,True,False,4.059686207367312,0.01645659114457731,9.774104521035921,0.0018922195672942165,True,Cruise
1,66,1675389820.189629,49.74604032252872,0.0033861290329503814,False,False,False,False,100000,False,True,False,4.0620603972181035,0.01784013033366338,9.776427206568616,0.0011158483138985471,True,Cruise
1,67,1675389820.289658,49.762518351096354,0.0031664219853819557,False,False,False,False,100000,False,True,False,4.062585736745989,0.014943692038095535,9.77701872807188,0.003002537944541956,True,Cruise
1,68,1675389820.3897417,49.816951919331494,0.002440641075580107,False,False,False,False,100000,False,True,False,4.063199336433615,0.029107313971950276,9.77791485910248,0.003790267322270361,True,Cruise
1,69,1675389820.489679,49.816951919331494,0.002440641075580107,False,False,False,False,100000,False,True,False,4.063391254465563,0.03028517777989668,9.778418645089582,0.002607069212297192,True,Cruise
1,70,1675389820.5896587,49.816951919331494,0.002440641075580107,False,False,False,False,100000,False,True,False,4.063339024427366,0.03288929002504712,9.778531256436592,0.007146087648480622,True,Cruise
1,71,1675389820.6896393,49.087254706893155,-0.012169937241424619,False,False,False,False,100000,False,True,False,4.063013528945641,0.025750690131480417,9.778499429864151,0.007146087648480622,True,Cruise
1,72,1675389820.7897146,49.78552157037804,0.0028597123949594527,False,False,False,False,100000,False,True,False,4.061929529198712,0.027101742728442853,9.777927897477207,0.0007452745392822108,True,Cruise
1,73,1675389820.8896735,49.78552157037804,0.0028597123949594527,False,False,False,False,100000,False,True,False,4.061380908968706,-0.05009700969991585,9.77724892350973,0.11926481985464299,True,Cruise
1,74,1675389820.9896595,49.819095614730855,0.0024120584702552426,False,False,False,False,100000,False,True,False,4.060190092194803,-0.05854724435997021,9.776488693044389,0.10233436353319185,True,Cruise
1,75,1675389821.0897014,49.819095614730855,0.0024120584702552426,False,False,False,False,100000,False,True,False,4.0589088732896785,0.0228126150838102,9.775670831539813,0.0813740569717107,True,Cruise
1,76,1675389821.1907802,49.75158015088435,0.0033122646548753546,False,False,False,False,100000,False,True,False,4.057779169909742,0.005095681036506118,9.774830702570942,0.004484515800518202,True,Cruise
1,77,1675389821.2896073,49.75158015088435,0.0033122646548753546,False,False,False,False,100000,False,True,False,4.056823090390486,-0.0012826227584287234,9.774026586016413,0.011464870775081466,True,Cruise
1,78,1675389821.389671,49.826080635043596,0.002318924866085399,False,False,False,False,100000,False,True,False,4.055620989070344,0.026812641749309366,9.772993442748001,0.006977916607409824,True,Cruise
1,79,1675389821.4897518,49.826080635043596,0.002318924866085399,False,False,False,False,100000,False,True,False,4.055041846402199,0.04047687116097574,9.772457345086464,0.013687000122284675,True,Cruise
1,80,1675389821.589638,49.255845984553446,-0.009922053539287403,False,False,False,False,100000,False,True,False,4.054707088525776,0.036348279103166466,9.77205719028127,0.000520014412750507,True,Cruise
1,81,1675389821.6896307,49.255845984553446,-0.009922053539287403,False,False,False,False,100000,False,True,False,4.054840580211795,-0.02923591320193676,9.771781116527315,0.05992095452752748,True,Cruise
1,82,1675389821.789624,49.905361943287694,0.0012618407561640838,False,False,False,False,100000,False,True,False,4.054553612650333,-0.1078381586190036,9.771700095137424,0.03781866155097057,True,Cruise
1,83,1675389821.8896215,49.905361943287694,0.0012618407561640838,False,False,False,False,100000,False,True,False,4.054263660911919,-0.14565570610610717,9.771713935546256,0.03781866155097057,True,Cruise
1,84,1675389821.9896638,49.96153562322909,0.0005128583569454828,False,False,False,False,100000,False,True,False,4.054864473916067,-0.002894898698584477,9.77183086175445,0.007425650941626024,True,Cruise
1,85,1675389822.0896332,49.99735030700593,-3.5329239920965704e-05,False,False,False,False,100000,False,True,False,4.055127444354943,-0.025403161651477265,9.772043396172844,0.015085493987656434,True,Cruise
1,86,1675389822.1897259,49.99735030700593,-3.5329239920965704e-05,False,False,False,False,100000,False,True,False,4.055410615185579,-0.030519193475214916,9.77231702910416,0.001464797470613213,True,Cruise
1,87,1675389822.2896192,49.911626755483724,0.0011783099268836577,False,False,False,False,100000,False,True,False,4.055746284676129,-0.021242302108427324,9.772622125787983,0.0020925679611026415,True,Cruise
1,88,1675389822.3896413,49.911626755483724,0.0011783099268836577,False,False,False,False,100000,False,True,False,4.056110311190291,-0.015357501598909942,9.772936067165105,0.005904401030426223,True,Cruise
1,89,1675389822.4896188,49.9113714307694,0.0011817142564080334,False,False,False,False,100000,False,True,False,4.056110311190291,-0.015357501598909942,9.772936067165105,0.011222399216456154,True,Cruise
1,90,1675389822.589631,49.9113714307694,0.0011817142564080334,False,False,False,False,100000,False,True,False,4.05678880848176,0.020950894306890344,9.773518337785296,0.006873741823124772,True,Cruise
1,91,1675389822.689664,49.95864591650662,0.0005513877799116904,False,False,False,False,100000,False,True,False,4.057052284157026,0.029734294052469166,9.773758842200744,0.0019197757759869304,True,Cruise
1,92,1675389822.789647,49.95864591650662,0.0005513877799116904,False,False,False,False,100000,False,True,False,4.057355777471219,0.03153829044721343,9.774028015505424,0.0002662068028248321,True,Cruise
1,93,1675389822.8897302,49.98403736056304,0.0002128351924927594,False,False,False,False,100000,False,True,False,4.057430730115498,0.029482662017110254,9.774091372413926,0.00029331980036193406,True,Cruise
1,94,1675389822.9896548,49.98403736056304,0.0002128351924927594,False,False,False,False,100000,False,True,False,4.057530133341428,0.029083260067026426,9.774179039224645,0.00012900815353640297,True,Cruise
1,95,1675389823.0896418,49.981809379281835,0.0002425416095755273,False,False,False,False,100000,False,True,False,4.05757428892135,0.020977221942293182,9.77421768198427,0.0038410740202352374,True,Cruise
1,96,1675389823.1896448,49.981809379281835,0.0002425416095755273,False,False,False,False,100000,False,True,False,4.057563058822344,0.018055879220889328,9.774208613317425,0.0029213783821582053,True,Cruise
1,97,1675389823.2896383,49.989608316223844,-0.00013855578368210275,False,False,False,False,100000,False,True,False,4.05746617929285,0.010906552519761501,9.774128476975601,0.007150432137708551,True,Cruise
1,98,1675389823.3897147,49.83883707710779,-0.002148838971896145,False,False,False,False,100000,False,True,False,4.0573642659906906,0.007103869545011882,9.77404138487964,0.0012805128641976866,True,Cruise
1,99,1675389823.4896433,49.910709502293514,-0.001190539969419798,False,False,False,False,100000,False,True,False,4.057309239800632,0.0070330575623175845,9.773990740873568,0.023766732615831704,True,Cruise
1,100,1675389823.589671,49.87004074504883,-0.001732790066015579,False,False,False,False,100000,False,True,False,4.057109224642407,-0.037300100470077306,9.773826196215923,0.005385791127973219,True,Cruise
1,101,1675389823.6896858,49.923184526797684,-0.0010242063093641623,False,False,False,False,100000,False,True,False,4.056892205862785,-0.03794025173471688,9.77366200141165,0.005405742883135717,True,Cruise
1,102,1675389823.7897568,49.90177640345173,-0.0013096479539769672,False,False,False,False,100000,False,True,False,4.056774375861232,-0.0409429353037149,9.77356120329037,0.0036051783307800575,True,Cruise
1,103,1675389823.8896353,49.94532741546219,-0.0007289677938374791,False,False,False,False,100000,False,True,False,4.056727158875964,-0.03826568013305916,9.773515441439628,0.003215887355386608,True,Cruise
1,104,1675389823.9896467,49.93755318900563,-0.0008326241465916567,False,False,False,False,100000,False,True,False,4.056630247373749,-0.045649416039882394,9.773437349017433,0.004168930434979419,True,Cruise
1,105,1675389824.089725,49.900928631258296,-0.0013209515832227476,False,False,False,False,100000,False,True,False,4.056544108830799,-0.035302680203097986,9.77335248834091,0.005390961916112979,True,Cruise
1,106,1675389824.1896741,49.81911441678042,-0.0024118077762611003,False,False,False,False,100000,False,True,False,4.056489966631215,-0.03342754605100354,9.773321642990425,0.0014086685565637106,True,Cruise
1,107,1675389824.2896054,49.82403841116864,-0.0023461545177515288,False,False,False,False,100000,False,True,False,4.056443925954225,-0.04506242357894398,9.773315467292312,0.005835132916089852,True,Cruise
1,108,1675389824.3896387,49.85939472583719,-0.0018747369888374322,False,False,False,False,100000,False,True,False,4.056391322221037,-0.05074909647661409,9.773311765667696,0.00014946000088946143,True,Cruise
1,109,1675389824.4896324,49.85939472583719,-0.0018747369888374322,False,False,False,False,100000,False,True,False,4.056388573518494,-0.05053578795526743,9.773319433685826,0.0009571390493745369,True,Cruise
1,110,1675389824.5897388,49.85939472583719,-0.0018747369888374322,False,False,False,False,100000,False,True,False,4.056465845915123,-0.0447311274525755,9.773348667181113,0.005805248416048982,True,Cruise
1,111,1675389824.6896348,49.895968303445144,-0.0013870892873981016,False,False,False,False,100000,False,True,False,4.056487809470795,-0.04580860920926329,9.773363952860615,0.0022824061188792973,True,Cruise
1,112,1675389824.789736,49.895968303445144,-0.0013870892873981016,False,False,False,False,100000,False,True,False,4.056585383818138,-0.04045355954580327,9.773416149694102,0.0031511070226533057,True,Cruise
1,113,1675389824.889636,49.95977571029508,-0.0005363238627323417,False,False,False,False,100000,False,True,False,4.056585383818138,-0.04045355954580327,9.773416149694102,0.0012348702416826117,True,Cruise
1,114,1675389824.9897218,49.832159086215924,-0.002237878850454278,False,False,False,False,100000,False,True,False,4.05664161344943,-0.038583010557433586,9.773455880031946,0.0006370556461140976,True,Cruise
1,115,1675389825.0896883,49.832159086215924,-0.002237878850454278,False,False,False,False,100000,False,True,False,4.056739757871402,-0.024277249646964965,9.773511886270805,0.015096774294034668,True,Cruise
1,116,1675389825.1897206,49.80737630207222,-0.002568315972370393,False,False,False,False,100000,False,True,False,4.056721411786367,-0.03557254833778821,9.773534540960746,0.01129533630879248,True,Cruise
1,117,1675389825.2897527,49.85463038220302,-0.0019382615706263796,False,False,False,False,100000,False,True,False,4.056708160143967,-0.04423464477153195,9.773554116020472,6.21255225116764e-05,True,Cruise
1,118,1675389825.3896773,49.85463038220302,-0.0019382615706263796,False,False,False,False,100000,False,True,False,4.056730709932299,-0.05009423296719929,9.77360700103775,0.004360443594454009,True,Cruise
1,119,1675389825.4896402,49.821882033587336,-0.0023749062188354597,False,False,False,False,100000,False,True,False,4.056804451852625,-0.04954282589056768,9.773621297015556,0.002019547116242935,True,Cruise
1,120,1675389825.5897365,49.90247588505798,-0.0013003215325602634,False,False,False,False,100000,False,True,False,4.056823436325908,-0.049181843101993944,9.773623548718097,0.000361488663773358,True,Cruise
1,121,1675389825.6896408,49.90247588505798,-0.0013003215325602634,False,False,False,False,100000,False,True,False,4.05681189434486,-0.055837520688614216,9.77362708113567,0.007914327560720373,True,Cruise
1,122,1675389825.7896738,49.814724527633224,-0.0024703396315570074,False,False,False,False,100000,False,True,False,4.0568479436617775,-0.054150450906941594,9.7736229012192,0.006519357485972234,True,Cruise
1,123,1675389825.8897316,49.814724527633224,-0.0024703396315570074,False,False,False,False,100000,False,True,False,4.056894899493043,-0.04584619794167993,9.773614689867298,0.0017850416271194417,True,Cruise
1,124,1675389825.9896343,49.83948675572413,-0.0021401765903449103,False,False,False,False,100000,False,True,False,4.056825080531053,-0.05418690519791127,9.773608541472974,0.007126054521395181,True,Cruise
1,125,1675389826.0896888,49.967269131140156,-0.00043641158479790026,False,False,False,False,100000,False,True,False,4.056743623213257,-0.06263931653982406,9.77360147641948,0.0013269147290660215,True,Cruise
1,126,1675389826.1896913,49.9529693895223,0.0006270748063693415,False,False,False,False,100000,False,True,False,4.056825933778168,-0.04489518409545753,9.773576723237005,0.00543991993113366,True,Cruise
1,127,1675389826.289739,49.9529693895223,0.0006270748063693415,False,False,False,False,100000,False,True,False,4.056917587537447,-0.029787233904762758,9.773555833859156,0.0007962906813192284,True,Cruise
1,128,1675389826.389642,49.9529693895223,0.0006270748063693415,False,False,False,False,100000,False,True,False,4.05696082546145,-0.008388674941146305,9.773541225846497,0.004851019919367911,True,Cruise
1,129,1675389826.4897103,49.97506689180232,0.0003324414426357083,False,False,False,False,100000,False,True,False,4.056913938502164,0.0007809280377264849,9.773536817872433,0.004966750487955902,True,Cruise
1,130,1675389826.5896454,49.99321704679831,9.04393760226102e-05,False,False,False,False,100000,False,True,False,4.056831832869054,0.015115553958239429,9.773533598191996,0.006408041474513003,True,Cruise
1,131,1675389826.689666,49.907486476771254,-0.001233513643049883,False,False,False,False,100000,False,True,False,4.056797797924496,0.01749268287411203,9.773531622995048,0.002084699992165359,True,Cruise
1,132,1675389826.7896562,49.907486476771254,-0.001233513643049883,False,False,False,False,100000,False,True,False,4.056769924763526,0.011138353536574098,9.773531278621727,0.008818029698419418,True,Cruise
1,133,1675389826.8897207,49.907486476771254,-0.001233513643049883,False,False,False,False,100000,False,True,False,4.05674269262333,-0.0009257454256641243,9.77353143614141,0.003246103224595923,True,Cruise
1,134,1675389826.989671,49.947981252903766,-0.0006935832946164046,False,False,False,False,100000,False,True,False,4.056730379804725,-0.006012407435297917,9.77353073099433,0.004254137214720675,True,Cruise
1,135,1675389827.0896907,49.99278843327759,9.615422296546806e-05,False,False,False,False,100000,False,True,False,4.056726869115928,-0.010266543193350908,9.773530468714982,0.004254137214720675,True,Cruise
1,136,1675389827.189831,49.972890625703506,-0.00036145832395331615,False,False,False,False,100000,False,True,False,4.0567346348121625,-0.016075695160552142,9.773529344073344,0.0008998168030505607,True,Cruise
1,137,1675389827.2896693,49.972890625703506,-0.00036145832395331615,False,False,False,False,100000,False,True,False,4.147088780475172,0.19455403957178158,9.774510020175645,0.2291936266948171,True,Cruise
1,138,1675389827.389633,49.99265683852229,-9.790881970286614e-05,False,False,False,False,100000,False,True,False,4.115112428374212,0.06041656397684931,9.77691316009886,0.06238115915433676,True,Cruise
1,139,1675389827.4896727,49.99265683852229,-9.790881970286614e-05,False,False,False,False,100000,False,True,False,4.101091823729684,0.01838941777100001,9.77996591147876,0.045856865453851314,True,Cruise
1,140,1675389827.5897803,49.99863332997735,-1.822226696867536e-05,False,False,False,False,100000,False,True,False,4.0854264736876615,-0.012712099481106486,9.780138784605226,0.03482438014437615,True,Cruise
1,141,1675389827.6896522,49.9531280405877,-0.0006249594588307255,False,False,False,False,100000,False,True,False,4.073795416733299,-0.07251024910679689,9.777377482623255,0.060981349387888434,True,Cruise
1,142,1675389827.7897224,49.9531280405877,-0.0006249594588307255,False,False,False,False,100000,False,True,False,4.073795416733299,-0.07251024910679689,9.777377482623255,0.010641939751853551,True,Cruise
1,143,1675389827.8896952,49.97255926141095,-0.00036587651452066447,False,False,False,False,100000,False,True,False,4.080120490809055,-0.09813286430486995,9.774552358140246,0.016228438523852858,True,Cruise
1,144,1675389828.0028062,49.97255926141095,-0.00036587651452066447,False,False,False,False,100000,False,True,False,4.081692895267862,-0.10786596049741146,9.77247596359125,0.0033110782099335114,True,Cruise
1,145,1675389828.0899928,49.98962905331525,-0.00013827928913001886,False,False,False,False,100000,False,True,False,4.081213662834669,-0.10084599405686136,9.770943078166487,0.003927017508850338,True,Cruise
1,146,1675389828.189729,49.87041906201347,-0.00172774583982035,False,False,False,False,100000,False,True,False,4.078450686282631,-0.08806157616101373,9.769954701006967,0.013265690410257363,True,Cruise
1,147,1675389828.2897522,49.85611651084223,-0.0019184465221035896,False,False,False,False,100000,False,True,False,4.074406984940923,-0.08648607513052911,9.769423534635012,0.011709934658825973,True,Cruise
1,148,1675389828.389646,49.85611651084223,-0.0019184465221035896,False,False,False,False,100000,False,True,False,4.070293287643571,-0.08005613965946602,9.76894869610326,0.0071224325800133,True,Cruise
1,149,1675389828.4896543,49.99334907802902,-8.867895961310113e-05,False,False,False,False,100000,False,True,False,4.067637346636948,-0.07459542891411014,9.768946775921352,0.002597823875000078,True,Cruise
1,150,1675389828.590483,49.99334907802902,-8.867895961310113e-05,False,False,False,False,100000,False,True,False,4.067637346636948,-0.07459542891411014,9.768946775921352,0.4844294321137529,True,Cruise
1,151,1675389828.6908712,49.9498356484165,0.0006688580211133085,False,False,False,False,100000,False,True,False,4.095825168446353,0.2276797176706945,9.803396264340268,0.09068481909126168,True,Cruise
1,152,1675389828.7896101,49.994390896459294,-7.478804720938327e-05,False,False,False,False,100000,False,True,False,4.098755204737858,0.1572789837246288,9.79909580174795,0.07059279305511432,True,Cruise
1,153,1675389828.889649,49.96244630524533,0.0005007159300623222,False,False,False,False,100000,False,True,False,4.086509877706503,0.09098155074854462,9.795697126858535,0.06750443425677415,True,Cruise
1,154,1675389828.9896514,49.96244630524533,0.0005007159300623222,False,False,False,False,100000,False,True,False,4.067588059053091,-0.039874957351745934,9.788355022981516,0.06053313056978687,True,Cruise
1,155,1675389829.0896401,49.943900221841375,-0.000747997042114994,False,False,False,False,100000,False,True,False,3.910930566107564,0.015969058492987423,9.773947148379843,0.16693624846683913,True,Cruise
1,156,1675389829.1896882,49.99040461665588,-0.000127938444588245,False,False,False,False,100000,False,True,False,3.9483040859242977,-0.009538048984763705,9.767714179511275,0.045675402749071406,True,Cruise
1,157,1675389829.2896924,49.99040461665588,-0.000127938444588245,False,False,False,False,100000,False,True,False,4.011434194666139,-0.08829713338660788,9.757949991329745,0.056188366970920944,True,Cruise
1,158,1675389829.3896384,49.95855694324606,-0.000552574090052563,False,False,False,False,100000,False,True,False,4.030420199909725,-0.11790298127250974,9.754235632986818,0.01236955229434907,True,Cruise
1,159,1675389829.4896548,49.95855694324606,-0.000552574090052563,False,False,False,False,100000,False,True,False,4.018715984549345,-0.14395522792030896,9.755018600809763,0.017063397518453562,True,Cruise
1,160,1675389829.5896003,49.995178563589015,-6.428581881313966e-05,False,False,False,False,100000,False,True,False,4.014337893925187,-0.15114357793332894,9.755838236675594,0.008456468315768023,True,Cruise
1,161,1675389829.6896346,49.98501160601614,-0.00019984525311814283,False,False,False,False,100000,False,True,False,4.011475697875877,-0.15280374643346348,9.756721784626514,0.0028813113651498194,True,Cruise
1,162,1675389829.7896934,49.98501160601614,-0.00019984525311814283,False,False,False,False,100000,False,True,False,4.010373347904487,-0.13702934599108102,9.758566650234247,0.013380967939191264,True,Cruise
1,163,1675389829.8978276,49.99016952723962,0.0001310729701383604,False,False,False,False,100000,False,True,False,4.013680027960406,-0.11516124769597504,9.760504735663739,0.009100012328279864,True,Cruise
1,164,1675389829.9897385,49.89388720994769,-0.001414837200697414,False,False,False,False,100000,False,True,False,4.016289252406687,-0.1069488716627706,9.761516507952575,0.008676108314577187,True,Cruise
1,165,1675389830.0896664,49.89388720994769,-0.001414837200697414,False,False,False,False,100000,False,True,False,4.01946086118115,0.01660021674299424,9.753137920521947,0.01660427647209157,True,Cruise
1,166,1675389830.2137487,49.94043317840852,-0.0007942242878864383,False,False,False,False,100000,False,True,False,4.023894338591175,0.008924380997018313,9.755995725462588,0.009313496949221343,True,Cruise
1,167,1675389830.2896047,49.95778541382245,-0.0005628611490340022,False,False,False,False,100000,False,True,False,4.043449719753399,-0.0658058285939083,9.774180435255605,0.020916135622011573,True,Cruise
1,168,1675389830.3896255,49.95778541382245,-0.0005628611490340022,False,False,False,False,100000,False,True,False,4.022307277952386,0.3024240298039812,9.736717936403222,0.3522512274122624,True,Cruise
1,169,1675389830.4896212,49.95778541382245,-0.0005628611490340022,False,False,False,False,100000,False,True,False,4.022307277952386,0.3024240298039812,9.736717936403222,0.3522512274122624,True,Cruise
1,170,1675389830.589644,49.929511711829136,-0.0009398438422782011,False,False,False,False,100000,False,True,False,4.043153311412406,0.18654718702449855,9.757604363578302,0.03532122911172906,True,Cruise
1,171,1675389830.6938138,49.983309085227035,0.00022254553030619297,False,False,False,False,100000,False,True,False,4.049056568951086,0.15203973570366636,9.762746772876431,0.03538441775156205,True,Cruise
1,172,1675389830.789686,49.98862877754141,-0.00015161629944793819,False,False,False,False,100000,False,True,False,4.060002229625426,0.07020732571233898,9.772296025282289,0.018627599443678783,True,Cruise
1,173,1675389830.8897254,49.98862877754141,-0.00015161629944793819,False,False,False,False,100000,False,True,False,4.069144965965506,0.0341114521239066,9.7805456787281,0.019523852318293615,True,Cruise
1,174,1675389831.0138283,49.861829114377805,0.0018422784749626178,False,False,False,False,100000,False,True,False,4.076086540412936,-0.021794765344186614,9.78720326140485,0.0567275419394909,True,Cruise
1,175,1675389831.0896587,49.90539590429858,0.0012613879426856675,False,False,False,False,100000,False,True,False,4.082474811489087,-0.046517945097924666,9.793856004120233,0.02134952065582733,True,Cruise
1,176,1675389831.1896238,49.90539590429858,0.0012613879426856675,False,False,False,False,100000,False,True,False,4.082474811489087,-0.046517945097924666,9.793856004120233,0.013001527444997406,True,Cruise
1,177,1675389831.28961,49.96840752674386,0.0004212329767485825,False,False,False,False,100000,False,True,False,4.084361384756035,-0.044210349036150405,9.796509006974219,0.0027924855881657157,True,Cruise
1,178,1675389831.3896413,49.96840752674386,0.0004212329767485825,False,False,False,False,100000,False,True,False,4.08411979500016,-0.04142912696284404,9.79657544438027,0.0027924855881657157,True,Cruise
1,179,1675389831.4938378,49.92743453267797,-0.0009675395642937045,False,False,False,False,100000,False,True,False,4.081284661034986,-0.02102517582371563,9.794716296533451,0.001576520722486051,True,Cruise
1,180,1675389831.589737,49.92743453267797,-0.0009675395642937045,False,False,False,False,100000,False,True,False,4.079766895059573,-0.016938722173442614,9.793527462595872,0.013458331577707419,True,Cruise
1,181,1675389831.6896856,49.97102126894662,0.0003863830807117359,False,False,False,False,100000,False,True,False,3.574817962846839,-0.031315129165678135,9.839218854984516,0.5061598087113519,True,Cruise
1,182,1675389831.813777,49.99218872254006,0.00010415036613257268,False,False,False,False,100000,False,True,False,2.1107497738891237,0.012397536217104646,9.956685324538856,0.819216528493583,True,Cruise
1,183,1675389831.8896477,49.99218872254006,0.00010415036613257268,False,False,False,False,100000,False,True,False,0.9135247170861984,0.011387814454345677,9.998461599784697,0.5655636391434081,True,Cruise
1,184,1675389831.9897122,49.987316583408294,-0.0001691122212228053,False,False,False,False,100000,False,True,False,0.9135247170861984,0.011387814454345677,9.998461599784697,0.2058235675472888,True,Cruise
1,185,1675389832.0896091,49.95510559705617,-0.0005985920392510946,False,False,False,False,100000,False,True,False,0.5204087938503489,0.004968094978383375,9.974985773196412,0.18808413163525883,True,Cruise
1,186,1675389832.18963,49.95510559705617,-0.0005985920392510946,False,False,False,False,100000,False,True,False,0.2858262403418265,-0.0002017360436091936,9.930598248087794,0.11217036852542135,True,Cruise
1,187,1675389832.2942982,49.95510559705617,-0.0005985920392510946,False,False,False,False,100000,False,True,False,-0.04384173222633561,0.0009345687006784506,9.928246893275634,0.32967831623436666,True,Cruise
1,188,1675389832.3896394,49.97738194669823,-0.0003015740440236108,False,False,False,False,100000,False,True,False,-0.1897380232659711,-0.001154583030139172,9.870258399343903,0.06254581688832653,True,Cruise
1,189,1675389832.4897673,49.98066631842932,-0.000257782420942378,False,False,False,False,100000,False,True,False,-0.1897380232659711,-0.001154583030139172,9.870258399343903,0.09302482767982906,True,Cruise
1,190,1675389832.5896344,49.95036118424108,0.0006618508767855648,False,False,False,False,100000,False,True,False,-0.2953496712152316,-0.013232980568623534,9.760149623154334,0.10098376224783798,True,Cruise
1,191,1675389832.6896524,49.95036118424108,0.0006618508767855648,False,False,False,False,100000,False,True,False,-0.4713551915419893,-0.021460485794208388,9.728993291799258,0.26491871622721724,True,Cruise
1,192,1675389832.789617,49.998092054911105,-2.543926785196737e-05,False,False,False,False,100000,False,True,False,-0.7517833199518729,-0.0123638955341452,9.714966211716456,0.36988984704165295,True,Cruise
1,193,1675389832.8897452,49.998092054911105,-2.543926785196737e-05,False,False,False,False,100000,False,True,False,-0.3855042070410028,-0.02324207796936364,9.664570025981526,0.36988984704165295,True,Cruise
1,194,1675389832.9896414,49.998092054911105,-2.543926785196737e-05,False,False,False,False,100000,False,True,False,-0.3855042070410028,-0.02324207796936364,9.664570025981526,0.36988984704165295,True,Cruise
1,195,1675389833.089738,49.94408740970919,0.0007455012038774334,False,False,False,False,100000,False,True,False,-0.42642990499746364,-0.007837994976525346,9.651042769292056,0.005474125261812926,True,Cruise
1,196,1675389833.189687,49.98273629942599,0.00023018267432016261,False,False,False,False,100000,False,True,False,-0.7763878797053232,0.006731251829576472,9.688946603235808,0.33488087165080577,True,Cruise
1,197,1675389833.289668,49.97265704856232,-0.0003645726858357482,False,False,False,False,100000,False,True,False,-0.329621034002915,0.002570161948094457,9.658664954207527,0.11344620121720925,True,Cruise
1,198,1675389833.3896744,49.97265704856232,-0.0003645726858357482,False,False,False,False,100000,False,True,False,-0.3239944821042562,-0.00507885202131284,9.66939490712037,0.014328202625742107,True,Cruise
1,199,1675389833.4896185,48.93683861316857,-0.014175485157752384,False,False,False,False,100000,False,True,False,-0.14170937125942784,0.0039913930284354825,9.694273100746356,0.18419841339996898,True,Cruise
1,200,1675389833.589726,48.93683861316857,-0.014175485157752384,False,False,False,False,100000,False,True,False,-0.08953579460085541,0.004677306746781157,9.706181494804582,0.0535197386767064,True,Cruise
1,201,1675389833.6896663,49.95251783377031,-0.0006330955497292057,False,False,False,False,100000,False,True,False,-0.04228046158459527,-0.15003627011869444,9.719322722452594,0.0535197386767064,True,Cruise
1,202,1675389833.7896185,49.95251783377031,-0.0006330955497292057,False,False,False,False,100000,False,True,False,-2.4964386953967312,-0.29342782152809094,9.973180088664868,0.6465224721476216,True,Cruise
1,203,1675389833.8896794,49.97287584976567,-0.00036165533645764403,False,False,False,False,100000,False,True,False,-0.9359823537299645,-0.13862028533765813,9.816420801655623,1.5759323721445118,True,Cruise
1,204,1675389833.989623,49.934341862126416,0.0008754418383144972,False,False,False,False,100000,False,True,False,1.7223803967911133,-0.05559436160564405,9.634351346767136,2.665883550302401,True,Cruise
1,205,1675389834.089604,49.934341862126416,0.0008754418383144972,False,False,False,False,100000,False,True,False,0.6779352730603931,-0.3092068153881277,9.7749536365508,0.42932373036177285,True,Cruise
1,206,1675389834.18964,49.89301034042651,0.0014265287943131997,False,False,False,False,100000,False,True,False,0.22454407148505146,-0.3168968571415875,9.846425883393778,0.1674179879776759,True,Cruise
1,207,1675389834.3110673,49.42730604207507,-0.0076359194389991674,False,False,False,False,100000,False,True,False,-0.12551731595782611,-0.27318593049225426,9.891450837663205,0.3556414860416876,True,Cruise
1,208,1675389834.4097822,49.26137914745222,-0.009848278033970469,False,False,False,False,100000,False,True,False,-2.1820398361217115,-0.17519121258307732,10.070295346647159,1.0957614911340905,True,Cruise
1,209,1675389834.5017793,49.26137914745222,-0.009848278033970469,False,False,False,False,100000,False,True,False,-2.3476180793623462,-0.35621046233250986,10.047400248207694,0.25109490154861663,True,Cruise
1,210,1675389834.5976834,49.373626004067596,-0.008351653279098753,False,False,False,False,100000,False,True,False,-2.3476180793623462,-0.35621046233250986,10.047400248207694,0.25109490154861663,True,Cruise
1,211,1675389834.693784,49.373626004067596,-0.008351653279098753,False,False,False,False,100000,False,True,False,-1.2068799561439167,-0.2241198203420221,9.902799733408093,1.2574456329299049,True,Cruise
1,212,1675389834.789919,49.42060503550785,-0.007725266193228679,False,False,False,False,100000,False,True,False,0.2632842843662452,-0.17916304460270072,9.752399959563414,0.22112356594624205,True,Cruise
1,213,1675389834.8898988,49.42060503550785,-0.007725266193228679,False,False,False,False,100000,False,True,False,0.20693173354706793,-0.32558127811626103,9.74711910549548,0.10162305614149761,True,Cruise
1,214,1675389834.9897275,49.493662606826625,-0.0067511652423116525,False,False,False,False,100000,False,True,False,0.019273239913209866,-0.3750793812790807,9.762080817090226,0.1946525757946455,True,Cruise
1,215,1675389835.0896626,49.21215239765622,-0.010504634697917103,False,False,False,False,100000,False,True,False,0.31818833752449055,-0.4382556947207129,9.72853076856632,1.0482108631135019,True,Cruise
1,216,1675389835.1896315,49.21215239765622,-0.010504634697917103,False,False,False,False,100000,False,True,False,-1.5466305075828637,-0.5673531683936123,9.900878251371177,0.08445862836700256,True,Cruise
1,217,1675389835.2896144,49.576601463928164,-0.005645313814291202,False,False,False,False,100000,False,True,False,-1.0970714409047317,-0.6028619901974894,9.835264900133827,0.39173336257378477,True,Cruise
1,218,1675389835.3896258,49.576601463928164,-0.005645313814291202,False,False,False,False,100000,False,True,False,-1.0970714409047317,-0.6028619901974894,9.835264900133827,3.029457671832088,True,Cruise
1,219,1675389835.4896188,49.88137299425544,-0.0015816934099274712,False,False,False,False,100000,False,True,False,1.520803042895326,-0.5079825652146379,9.63594279901429,3.029457671832088,True,Cruise
1,220,1675389835.5896509,49.723885199642154,-0.003681530671437963,False,False,False,False,100000,False,True,False,2.117771940756963,-0.4290987655898284,9.647838302314902,0.3154813290079327,True,Cruise
1,221,1675389835.689644,49.188858426676106,0.010815220977651916,False,False,False,False,100000,False,True,False,0.5990564343674405,-0.4480471337656977,9.817112263179558,1.5282373846465478,True,Cruise
1,222,1675389835.7896578,49.188858426676106,0.010815220977651916,False,False,False,False,100000,False,True,False,0.053862271518459036,-0.49199148891450517,9.872376580884977,0.5497471476647166,True,Cruise
1,223,1675389835.8897994,49.188858426676106,0.010815220977651916,False,False,False,False,100000,False,True,False,0.053862271518459036,-0.49199148891450517,9.872376580884977,2.1374138664966287,True,Cruise
1,224,1675389835.9937446,49.76297961683214,0.003160271775571494,False,False,False,False,100000,False,True,False,-1.8893209139121476,0.1204093915975685,10.036503321633315,0.20903502633902724,True,Cruise
1,225,1675389836.0977986,49.76297961683214,0.003160271775571494,False,False,False,False,100000,False,True,False,1.3388297308851145,0.007246833778276278,9.708451074789627,1.4285924546722015,True,Cruise
1,226,1675389836.2018313,49.88857179711265,0.0014857093718313903,False,False,False,False,100000,False,True,False,2.330054757712606,0.00937219252939693,9.626788795509926,0.9945854909539643,True,Cruise
1,227,1675389836.3057313,49.88857179711265,0.0014857093718313903,False,False,False,False,100000,False,True,False,2.9227693142512945,0.10119383261037858,9.587258139504963,0.6010860436611368,True,Cruise
1,228,1675389836.4098783,49.9938990754974,-8.134566003466481e-05,False,False,False,False,100000,False,True,False,1.4863896752108146,0.3331373175040133,9.773029584547889,1.4667976266097515,True,Cruise
1,229,1675389836.4919453,49.9938990754974,-8.134566003466481e-05,False,False,False,False,100000,False,True,False,0.8852590480694329,0.42287325386889824,9.836515725972399,0.3488732729907507,True,Cruise
1,230,1675389836.5896978,49.882833240398156,0.0015622234613579032,False,False,False,False,100000,False,True,False,-0.18865840159526814,0.4110590339394223,9.960052382804536,0.938497142454464,True,Cruise
1,231,1675389836.6896667,49.478073442043296,0.0069590207727560265,False,False,False,False,100000,False,True,False,-0.23004684440268902,0.37543210959374396,9.951185181694342,0.05532547507147551,True,Cruise
1,232,1675389836.789625,49.478073442043296,0.0069590207727560265,False,False,False,False,100000,False,True,False,-2.0784841127091496,0.43762337941041324,10.072770375799298,1.8534753972824132,True,Cruise
1,233,1675389836.8897524,49.500548657748226,0.0066593512300236486,False,False,False,False,100000,False,True,False,-2.0784841127091496,0.43762337941041324,10.072770375799298,0.4176843661682461,True,Cruise
1,234,1675389836.9897032,49.64724906835888,0.004703345755214915,False,False,False,False,100000,False,True,False,-0.482719890209373,0.26760614493485385,9.856227814414911,0.24316625848679452,True,Cruise
1,235,1675389837.0896456,49.50234938026865,0.006635341596418037,False,False,False,False,100000,False,True,False,0.8310807601365596,0.26766852810343716,9.70048236764696,0.24316625848679452,True,Cruise
1,236,1675389837.1898046,49.50234938026865,0.006635341596418037,False,False,False,False,100000,False,True,False,0.7729630134376325,0.2540131831807782,9.708409936583392,0.06022447405797192,True,Cruise
1,237,1675389837.297659,49.7043293586502,0.003942275217997408,False,False,False,False,100000,False,True,False,0.7729630134376325,0.2540131831807782,9.708409936583392,1.6277483673923328,True,Cruise
1,238,1675389837.3977137,49.949587676077876,-0.0006721643189615961,False,False,False,False,100000,False,True,False,-0.710767531735213,0.4191520323318805,9.809162881653183,0.13528935699114292,True,Cruise
1,239,1675389837.5017014,49.949587676077876,-0.0006721643189615961,False,False,False,False,100000,False,True,False,0.9771507327980695,0.27051333487818385,9.643398042240648,0.20722028799371925,True,Cruise
1,240,1675389837.605767,49.949587676077876,-0.0006721643189615961,False,False,False,False,100000,False,True,False,1.5304471026763622,0.2880859051147805,9.595453065463365,0.7624861989263347,True,Cruise
1,241,1675389837.7099695,49.55596229772942,0.005920502696941028,False,False,False,False,100000,False,True,False,1.8672728868071444,0.14836215086830828,9.580690788679753,1.983284627251771,True,Cruise
1,242,1675389837.7897573,49.585828636811186,0.005522284842517513,False,False,False,False,100000,False,True,False,-1.4306428506735198,0.2375160513370484,9.920041637443306,1.3347288774275619,True,Cruise
1,243,1675389837.8896263,49.972529306862015,-0.0003662759085064593,False,False,False,False,100000,False,True,False,-0.8393820974449931,0.14718094718622526,9.838319201693272,0.8359853663486858,True,Cruise
1,244,1675389837.9896371,49.972529306862015,-0.0003662759085064593,False,False,False,False,100000,False,True,False,-0.3226725083235625,0.0954955994686911,9.792766805225618,1.358397960916146,True,Cruise
1,245,1675389838.0896246,49.972529306862015,-0.0003662759085064593,False,False,False,False,100000,False,True,False,2.125326071812941,0.03622473426548724,9.581357067370357,1.1006582583974045,True,Cruise
1,246,1675389838.1896286,49.883657934235345,0.001551227543528786,False,False,False,False,100000,False,True,False,2.125326071812941,0.03622473426548724,9.581357067370357,1.1006582583974045,True,Cruise
1,247,1675389838.289632,49.64038265298171,0.004794897960243883,False,False,False,False,100000,False,True,False,0.22560073976376388,0.1524729401417309,9.832598886820866,1.2120340226945556,True,Cruise
1,248,1675389838.3896592,49.46830045132909,0.007089327315612104,False,False,False,False,100000,False,True,False,-1.6213586005080016,0.47406124007469314,10.053224482336338,0.7298609029768929,True,Cruise
1,249,1675389838.489811,49.98273346227751,0.00023022050296658074,False,False,False,False,100000,False,True,False,-1.6213586005080016,0.47406124007469314,10.053224482336338,0.4019046543895696,True,Cruise
1,250,1675389838.5897546,49.98273346227751,0.00023022050296658074,False,False,False,False,100000,False,True,False,-1.4655615909660316,0.21197598852087596,9.993986871675304,0.3147340427524871,True,Cruise
1,251,1675389838.6896284,49.98273346227751,0.00023022050296658074,False,False,False,False,100000,False,True,False,1.7219172023942333,0.39134958231477657,9.652688936707538,3.210713351373058,True,Cruise
1,252,1675389838.7896183,49.58554344552523,0.005526087392996899,False,False,False,False,100000,False,True,False,1.7219172023942333,0.39134958231477657,9.652688936707538,3.210713351373058,True,Cruise
1,253,1675389838.8896282,49.571664183143646,0.005711144224751405,False,False,False,False,100000,False,True,False,1.7219172023942333,0.39134958231477657,9.652688936707538,3.210713351373058,True,Cruise
1,254,1675389839.0141637,49.571664183143646,0.005711144224751405,False,False,False,False,100000,False,True,False,-0.8204282961858239,0.20022805211592537,9.928948779307355,0.8634240330596343,True,Cruise
1,255,1675389839.109674,49.77203923725187,0.003039476836641735,False,False,False,False,100000,False,True,False,-1.5251019173697593,0.2861175870790592,9.960583199413405,0.15489889485877872,True,Cruise
1,256,1675389839.205927,49.77203923725187,0.003039476836641735,True,False,False,False,15.651129477434557,False,False,False,-1.5251019173697593,0.2861175870790592,9.960583199413405,0.15489889485877872,True,Cruise
1,257,1675389839.3016727,36.0,0.2,True,False,False,False,15.651129477434557,False,False,True,0.6910224793113389,0.07448862930426683,9.748604482857973,0.968613603170428,True,Cruise
1,258,1675389839.3979414,36.0,0.2,True,False,False,False,15.651129477434557,False,False,True,-0.12415775529781946,-0.44264543296061615,9.827761661905594,3.3193865121394506,True,Cruise
1,259,1675389839.4939382,36.0,0.2,True,False,False,False,15.651129477434557,False,False,True,-0.6784732999069397,4.706977522168833,9.862632831174714,1.7822430461356962,True,Cruise
1,260,1675389839.5899103,36.0,0.2,True,False,False,False,15.651129477434557,False,False,True,-2.7005088005144633,5.214049256611759,10.018280704409092,2.09044865280888,True,Cruise
1,261,1675389839.6896765,36.0,0.2,True,False,False,False,15.651129477434557,False,False,True,-4.726428521548647,5.922412977875249,10.155762185418164,2.150588532308757,True,Cruise
1,262,1675389839.7896497,36.0,0.2,True,False,False,False,15.651129477434557,False,False,True,-4.726428521548647,5.922412977875249,10.155762185418164,3.686325805789016,True,Cruise
1,263,1675389839.8896525,36.0,0.2,True,False,False,False,15.651129477434557,False,False,True,-7.029432353859169,9.32933537966434,10.011104641559095,0.845429901658446,True,Cruise
1,264,1675389839.9896247,36.0,0.2,True,False,False,False,15.651129477434557,False,False,True,-6.447182152453689,9.78092949478704,9.90145637918169,0.7449666323350068,True,Cruise
1,265,1675389840.0896301,36.0,0.2,True,False,False,False,15.651129477434557,False,False,True,-5.9461876290546956,10.439414166306735,9.740340967927288,0.3295891479630498,True,Cruise
1,266,1675389840.1896522,36.0,0.2,True,False,False,False,15.651129477434557,False,False,True,-5.9461876290546956,10.439414166306735,9.740340967927288,0.3295891479630498,True,Cruise
1,267,1675389840.3099859,36.0,0.2,True,False,False,False,14.069749289773506,False,False,True,-6.4084321812335725,11.080957524586278,9.592743381096717,0.804383586487102,True,Cruise
1,268,1675389840.4058282,36.0,0.2,True,False,False,False,14.069749289773506,False,False,True,-6.500661085385753,11.1948433354122,9.53541050131275,0.11760875442615357,True,Cruise
1,269,1675389840.501691,36.0,0.2,True,False,False,False,14.069749289773506,False,False,True,-6.575958394838985,11.294352879898481,9.414457764257843,0.06597984836810315,True,Cruise
1,270,1675389840.5977762,36.0,0.2,True,False,False,False,14.069749289773506,False,False,True,-6.507792658383239,11.185997069382442,9.293305705953326,0.09207124262101596,True,Cruise
1,271,1675389840.6979444,36.0,0.2,True,False,False,False,14.069749289773506,False,False,True,-6.437666988581459,11.16710296053842,9.2367149222194,0.46484654832286215,True,Cruise
1,272,1675389840.7898757,36.0,0.2,True,False,False,False,14.069749289773506,False,False,True,-5.939786746140726,10.65339477724298,9.244739995822375,0.46484654832286215,True,Cruise
1,273,1675389840.8899415,36.0,0.2,True,False,False,False,14.069749289773506,False,False,True,-7.409468789237481,10.933591530139184,9.18836478033596,1.497215312857763,True,Cruise
1,274,1675389840.9906251,36.0,0.2,True,False,False,False,14.069749289773506,False,False,True,-6.016420101830838,10.576035874763864,9.022572537626663,0.34975573896287904,True,Cruise
1,275,1675389841.090336,36.0,0.2,True,False,False,False,14.069749289773506,False,False,True,-5.3992855347893,9.978268027072849,8.98446570359335,0.2908523113814695,True,Cruise
1,276,1675389841.1896741,36.0,0.2,False,False,False,False,14.069749289773506,False,False,True,-5.3992855347893,9.978268027072849,8.98446570359335,0.2908523113814695,True,Cruise
1,277,1675389841.2896252,36.0,0.2,False,False,False,False,14.069749289773506,False,False,True,-4.883394252813727,9.323554335886639,9.04546466215745,0.8357719217531634,True,Cruise
1,278,1675389841.4155266,36.0,0.2,False,False,False,False,14.069749289773506,False,False,True,-4.731250064463172,9.16095079223658,9.073440357410998,0.2244335224099229,True,Cruise
1,279,1675389841.509884,36.0,0.2,False,False,False,False,14.069749289773506,False,False,True,-4.449990740207793,8.801853475774534,9.164033073502756,0.19949934120832788,True,Cruise
1,280,1675389841.6096282,36.0,0.2,False,False,False,False,14.069749289773506,False,False,True,-4.023019647611786,8.097662697526133,9.477390326740103,0.08381645102440329,True,Cruise
1,281,1675389841.7018402,36.0,0.2,False,False,False,False,14.069749289773506,False,False,True,-4.023019647611786,8.097662697526133,9.477390326740103,0.18653825184492132,True,Cruise
1,282,1675389841.7976966,36.0,0.2,False,False,False,False,14.069749289773506,False,False,True,-4.023019647611786,8.097662697526133,9.477390326740103,0.18653825184492132,True,Cruise
1,283,1675389841.8936782,36.0,0.2,False,False,False,False,14.069749289773506,False,False,True,-3.8660322766178705,7.90912662932212,9.490019116345339,0.24566312298003246,True,Cruise
1,284,1675389841.9912198,36.0,0.2,False,False,False,False,14.069749289773506,False,False,True,-3.8053423242811855,7.787401421473761,9.544336699931685,0.14646056270209795,True,Cruise
1,285,1675389842.0917413,36.0,0.2,False,False,False,False,14.069749289773506,False,False,True,-3.713796580169373,7.586085012428231,9.640647338098585,0.11745891498122037,True,Cruise
1,286,1675389842.1921692,36.0,0.2,False,False,False,False,14.069749289773506,False,False,True,-3.674190102982965,7.3797524811974045,9.765817626649438,0.05585865512652889,True,Cruise
1,287,1675389842.2900574,36.0,0.2,False,False,False,False,14.069749289773506,False,False,True,-3.674190102982965,7.3797524811974045,9.765817626649438,0.05585865512652889,True,Cruise
1,288,1675389842.3896708,36.0,0.2,False,False,False,False,14.069749289773506,False,False,True,-3.628698510092386,7.133077976126262,9.877432070794953,0.07885383052365273,True,Cruise
1,289,1675389842.4896548,36.0,0.2,False,False,False,False,14.069749289773506,False,False,True,-3.6035980201022944,7.064939274945113,9.89103178936026,0.07387739533478549,True,Cruise
1,290,1675389842.6137002,36.0,0.2,False,False,False,False,14.069749289773506,False,False,True,-3.604059651529035,7.015735892214088,9.903272194164801,0.05070516231636476,True,Cruise
1,291,1675389842.7098093,36.0,0.2,False,False,False,False,14.069749289773506,False,False,True,-3.625286342119638,6.9616111796856455,9.909036371171087,0.017575228632616072,True,Cruise
