repetition,iteration,time,speed,steering,obstacle_North,obstacle_NorthWest,obstacle_SouthWest,obstacle_West,obstacle_distance,follow_enable,steady_motion_enable,passing_start,accel_x,accel_y,accel_z,accel_diff,success,action
1,1,1675390267.2315247,0.0,0.0,False,False,False,False,100000,False,True,False,0.04408659208353079,-4.4759496318449667e-14,9.809899967712813,2.47081043534159e-08,True,Cruise
1,2,1675390267.2317781,0.0,0.0,False,False,False,False,100000,False,True,False,0.04408659208353079,-4.4759496318449667e-14,9.809899967712813,2.47081043534159e-08,True,Cruise
1,3,1675390267.3319402,0.0,0.0,False,False,False,False,100000,False,True,False,0.044086573719960165,-2.356434752450679e-13,9.809899983091265,2.3952401150183644e-08,True,Cruise
1,4,1675390267.4319465,49.72799996638072,0.0036266671149237256,False,False,False,False,100000,False,True,False,0.04408655562869741,6.028413933964441e-13,9.809899998225331,2.3586728382770107e-08,True,Cruise
1,5,1675390267.5320177,49.72799996638072,0.0036266671149237256,False,False,False,False,100000,False,True,False,1.9388267271376793,0.004414378113223115,9.643246491173953,0.9113951557895142,True,Cruise
1,6,1675390267.632087,49.78740242204897,0.0028346343726804047,False,False,False,False,100000,False,True,False,3.331307678516709,0.00432771815166903,9.579821046861348,0.27132094165138937,True,Cruise
1,7,1675390267.732026,49.78740242204897,0.0028346343726804047,False,False,False,False,100000,False,True,False,3.494344820456579,0.005279244245180104,9.59292307947355,0.1116527019497865,True,Cruise
1,8,1675390267.8319612,49.78740242204897,0.0028346343726804047,False,False,False,False,100000,False,True,False,3.6972188942580875,0.00025009461299041854,9.635605209431354,0.09583781633074692,True,Cruise
1,9,1675390267.9321501,49.78740242204897,0.0028346343726804047,False,False,False,False,100000,False,True,False,3.896546013090421,0.0014126382986743115,9.682003344502332,0.2046593236280358,True,Cruise
1,10,1675390268.0319827,49.77200902687283,0.0030398796416955796,False,False,False,False,100000,False,True,False,4.228643893782234,0.0025321859498194385,9.74767999477117,0.11086667804773931,True,Cruise
1,11,1675390268.1319644,49.77200902687283,0.0030398796416955796,False,False,False,False,100000,False,True,False,4.328931666887925,0.0038379574827043014,9.768752729291686,0.09096182835086333,True,Cruise
1,12,1675390268.2319932,49.77200902687283,0.0030398796416955796,False,False,False,False,100000,False,True,False,4.417519731871609,0.004412286359102889,9.789389567850929,0.06392089755332936,True,Cruise
1,13,1675390268.3320675,49.7422580052514,0.003436559929981312,False,False,False,False,100000,False,True,False,4.5536175544638136,0.004920277821278147,9.828549130739605,0.06392089755332936,True,Cruise
1,14,1675390268.4320881,49.7422580052514,0.003436559929981312,False,False,False,False,100000,False,True,False,4.655150058506976,0.006384217059102313,9.877886502635135,0.08763820159793927,True,Cruise
1,15,1675390268.5321262,49.7422580052514,0.003436559929981312,False,False,False,False,100000,False,True,False,4.663155211286163,0.007301951070716978,9.901606273668959,0.015942438172650574,True,Cruise
1,16,1675390268.6319487,49.68742249473166,0.00416770007024444,False,False,False,False,100000,False,True,False,4.632616158929082,0.007346605026423197,9.916534370498706,0.027494525391053567,True,Cruise
1,17,1675390268.7319987,49.68742249473166,0.00416770007024444,False,False,False,False,100000,False,True,False,4.571872683949579,0.0090242355019646,9.92227638260282,0.03385755247652808,True,Cruise
1,18,1675390268.831957,49.68742249473166,0.00416770007024444,False,False,False,False,100000,False,True,False,4.48950572689191,0.010260581969581403,9.91911357546141,0.08243693053808862,True,Cruise
1,19,1675390268.9319408,49.72536995355228,0.003661733952636224,False,False,False,False,100000,False,True,False,4.394017824950172,0.00988665502396578,9.90790096597865,0.04930431732380783,True,Cruise
1,20,1675390269.0319266,49.72536995355228,0.003661733952636224,False,False,False,False,100000,False,True,False,4.34387528965126,0.009856512384474866,9.899672197608307,0.051429633027067045,True,Cruise
1,21,1675390269.1319463,49.72536995355228,0.003661733952636224,False,False,False,False,100000,False,True,False,4.194583523519791,0.008977092679356006,9.86691091360136,0.05029649350908619,True,Cruise
1,22,1675390269.231929,49.737058364440564,0.003505888474125792,False,False,False,False,100000,False,True,False,4.0620337918220235,0.008858971164654455,9.82682632177199,0.08992008795993463,True,Cruise
1,23,1675390269.3319304,49.737058364440564,0.003505888474125792,False,False,False,False,100000,False,True,False,3.9898618419033367,0.007902769015367702,9.79914308538488,0.03690119520762482,True,Cruise
1,24,1675390269.431926,49.737058364440564,0.003505888474125792,False,False,False,False,100000,False,True,False,3.9898618419033367,0.007902769015367702,9.79914308538488,0.03690119520762482,True,Cruise
1,25,1675390269.5319355,49.73209213250187,0.0035721048999750498,False,False,False,False,100000,False,True,False,3.9333812742065595,0.007737905545013445,9.772716560543683,0.02522661305568488,True,Cruise
1,26,1675390269.6319683,49.73209213250187,0.0035721048999750498,False,False,False,False,100000,False,True,False,3.879630653632471,0.0076399260612948355,9.738577360505289,0.017322066635478195,True,Cruise
1,27,1675390269.7319183,49.73209213250187,0.0035721048999750498,False,False,False,False,100000,False,True,False,3.879630653632471,0.0076399260612948355,9.738577360505289,0.023708947023414688,True,Cruise
1,28,1675390269.8319657,49.766374548553884,0.0031150060192815664,False,False,False,False,100000,False,True,False,3.8611087095145704,0.007674547330042261,9.714122503360482,0.007384230709251414,True,Cruise
1,29,1675390269.9319565,49.766374548553884,0.0031150060192815664,False,False,False,False,100000,False,True,False,3.865550683659082,0.00778732518717837,9.704147630169583,0.00571014922668493,True,Cruise
1,30,1675390270.0320013,49.766374548553884,0.0031150060192815664,False,False,False,False,100000,False,True,False,3.8807018377131475,0.006820039865261351,9.699361431079405,0.009249358745760968,True,Cruise
1,31,1675390270.1319487,49.73989747099202,0.003468033720106365,False,False,False,False,100000,False,True,False,3.9039064310444935,0.006068339384960815,9.699497742681684,0.012455607757508922,True,Cruise
1,32,1675390270.2320135,49.73989747099202,0.003468033720106365,False,False,False,False,100000,False,True,False,3.9324639774123535,0.005711391865500088,9.704010696775953,0.028914142227309786,True,Cruise
1,33,1675390270.3322046,49.73989747099202,0.003468033720106365,False,False,False,False,100000,False,True,False,3.9638019826789326,0.009005393512479413,9.712140192485654,0.01679460087161773,True,Cruise
1,34,1675390270.4321818,49.80459431012695,0.0026054091983072937,False,False,False,False,100000,False,True,False,4.011102115514316,0.009526721655756923,9.729116561851864,0.016642363246631958,True,Cruise
1,35,1675390270.5319633,49.80459431012695,0.0026054091983072937,False,False,False,False,100000,False,True,False,4.02599031064573,0.012250443819304487,9.735564591426062,0.016451568377665277,True,Cruise
1,36,1675390270.632106,49.80459431012695,0.0026054091983072937,False,False,False,False,100000,False,True,False,4.040131622283857,0.007433716277326909,9.742203176063008,0.02875464436658972,True,Cruise
1,37,1675390270.732013,49.720614168740376,0.003725144416794926,False,False,False,False,100000,False,True,False,4.076518242639914,0.006120557062561361,9.762147069205476,0.01281896706688912,True,Cruise
1,38,1675390270.8321023,49.720614168740376,0.003725144416794926,False,False,False,False,100000,False,True,False,4.094821397033784,0.003620539812150133,9.77445628709514,0.010826644319863896,True,Cruise
1,39,1675390270.9320538,49.720614168740376,0.003725144416794926,False,False,False,False,100000,False,True,False,4.107932169135158,0.013635799522497787,9.785210295562733,0.006593658260603764,True,Cruise
1,40,1675390271.0319438,49.74077836111954,0.003456288518406175,False,False,False,False,100000,False,True,False,4.115986696639575,0.014199960365224137,9.793934834297755,0.0053230902091781,True,Cruise
1,41,1675390271.1319864,49.74077836111954,0.003456288518406175,False,False,False,False,100000,False,True,False,4.115986696639575,0.014199960365224137,9.793934834297755,0.0053230902091781,True,Cruise
1,42,1675390271.2318943,49.74077836111954,0.003456288518406175,False,False,False,False,100000,False,True,False,4.118477144354347,0.01411111260697174,9.804348658808266,0.002151248945517518,True,Cruise
1,43,1675390271.331844,49.764772716141245,0.003136363784783326,False,False,False,False,100000,False,True,False,4.114166818689022,0.015279043606616798,9.80599401706408,0.002676743416855629,True,Cruise
1,44,1675390271.431944,49.764772716141245,0.003136363784783326,False,False,False,False,100000,False,True,False,4.102970099566708,0.01748120277478604,9.80450648138734,0.004501221570231436,True,Cruise
1,45,1675390271.532009,49.764772716141245,0.003136363784783326,False,False,False,False,100000,False,True,False,4.102970099566708,0.01748120277478604,9.80450648138734,0.010268423203281007,True,Cruise
1,46,1675390271.6320329,49.764772716141245,0.003136363784783326,False,False,False,False,100000,False,True,False,4.083521781796586,0.014825255020820632,9.796930513368894,0.005580938867100786,True,Cruise
1,47,1675390271.7318833,49.72715045424954,0.003637993943339433,False,False,False,False,100000,False,True,False,4.078466226055405,0.014935555617383654,9.794381690184933,0.0058297849926065,True,Cruise
1,48,1675390271.8318703,49.72715045424954,0.003637993943339433,False,False,False,False,100000,False,True,False,4.068661314239334,0.016878118723699466,9.788877717742103,0.006511212587454715,True,Cruise
1,49,1675390271.9318705,49.76087068162411,0.0031883909116784985,False,False,False,False,100000,False,True,False,4.0597032451010975,0.018860875361034993,9.783171999732897,0.005211247917373767,True,Cruise
1,50,1675390272.0318806,49.76087068162411,0.0031883909116784985,False,False,False,False,100000,False,True,False,4.048697332013586,0.017457813110810804,9.775032316196944,0.005059867896620436,True,Cruise
1,51,1675390272.131897,49.76087068162411,0.0031883909116784985,False,False,False,False,100000,False,True,False,4.045788895735247,0.016329281708531058,9.772584216156277,0.003965574172828452,True,Cruise
1,52,1675390272.231887,49.76087068162411,0.0031883909116784985,False,False,False,False,100000,False,True,False,4.043276414961675,0.016412179643124383,9.770320168699815,0.0033830965978285036,True,Cruise
1,53,1675390272.331919,49.72642325126474,0.0036476899831368002,False,False,False,False,100000,False,True,False,4.038145706465163,0.017634212397698003,9.764837650567546,0.002544016786142478,True,Cruise
1,54,1675390272.431881,49.72642325126474,0.0036476899831368002,False,False,False,False,100000,False,True,False,4.037216697788151,0.0165168678799229,9.76349105257399,0.0019811214121343086,True,Cruise
1,55,1675390272.5318713,49.72642325126474,0.0036476899831368002,False,False,False,False,100000,False,True,False,4.036908478009209,0.022556596202834067,9.760596033825355,0.0063612191127412855,True,Cruise
1,56,1675390272.632019,49.766987758870926,0.0031068298817210297,False,False,False,False,100000,False,True,False,4.037572038283577,0.02284866644279594,9.76046420706668,0.0007368823224194579,True,Cruise
1,57,1675390272.7318833,49.766987758870926,0.0031068298817210297,False,False,False,False,100000,False,True,False,4.039590384184058,0.021472643437068176,9.760823494600574,0.0035593279330973105,True,Cruise
1,58,1675390272.831909,49.766987758870926,0.0031068298817210297,False,False,False,False,100000,False,True,False,4.042278171465586,0.02009103200180765,9.761899509076693,0.0015378058358390416,True,Cruise
1,59,1675390272.9319437,49.78075565082257,0.0029232579890324764,False,False,False,False,100000,False,True,False,4.0453560775632,0.021032818107534376,9.763531085049308,0.002043213815056046,True,Cruise
1,60,1675390273.031989,49.78075565082257,0.0029232579890324764,False,False,False,False,100000,False,True,False,4.048611777627572,0.020573103665207156,9.76554104571083,0.002043213815056046,True,Cruise
1,61,1675390273.1320589,49.777220257714674,0.0029703965638044057,False,False,False,False,100000,False,True,False,4.05183419730487,0.0197323541558428,9.767755989957394,0.0019115985497103307,True,Cruise
1,62,1675390273.2318788,49.777220257714674,0.0029703965638044057,False,False,False,False,100000,False,True,False,4.053373219275918,0.019772532188968777,9.768889129892944,0.0018485828287501305,True,Cruise
1,63,1675390273.332003,49.777220257714674,0.0029703965638044057,False,False,False,False,100000,False,True,False,4.05621557644592,0.02018210191581036,9.771113844732856,0.0032357667093330625,True,Cruise
1,64,1675390273.431939,49.777220257714674,0.0029703965638044057,False,False,False,False,100000,False,True,False,4.059700095640826,0.020909521077099445,9.77411408175225,0.0014200406697998423,True,Cruise
1,65,1675390273.5318701,49.78013747416002,0.0029315003445330155,False,False,False,False,100000,False,True,False,4.061408273483187,0.021535904280386053,9.77575139663929,0.0010370452509405998,True,Cruise
1,66,1675390273.6320174,49.78013747416002,0.0029315003445330155,False,False,False,False,100000,False,True,False,4.062594335448878,0.022527451086264444,9.777028067787693,0.0009801016469659896,True,Cruise
1,67,1675390273.7320175,49.78733703318482,0.002835506224202424,False,False,False,False,100000,False,True,False,4.063273003330658,0.023086470348438245,9.777917112515254,0.0006029573160356317,True,Cruise
1,68,1675390273.8318853,49.78733703318482,0.002835506224202424,False,False,False,False,100000,False,True,False,4.063273003330658,0.023086470348438245,9.777917112515254,0.0012703727311636685,True,Cruise
1,69,1675390273.9318848,49.78733703318482,0.002835506224202424,False,False,False,False,100000,False,True,False,4.063279422092968,0.024300025807615675,9.778558574302568,0.00018739749678142045,True,Cruise
1,70,1675390274.0318804,49.72805081641613,0.0036259891144515832,False,False,False,False,100000,False,True,False,4.062737024528971,0.02517681165705161,9.778377981586818,0.0005858795635264099,True,Cruise
1,71,1675390274.1319346,49.72805081641613,0.0036259891144515832,False,False,False,False,100000,False,True,False,4.062363368262949,0.025648135847310523,9.778184836113567,0.0006598936142525915,True,Cruise
1,72,1675390274.2318847,49.7310678196311,0.0035857624049186404,False,False,False,False,100000,False,True,False,4.061465186810881,0.026488766742266502,9.777631930128885,0.0006904513697272818,True,Cruise
1,73,1675390274.331876,49.7310678196311,0.0035857624049186404,False,False,False,False,100000,False,True,False,4.059269565530216,0.037048490789981695,9.776099700318689,0.0016775584162252528,True,Cruise
1,74,1675390274.4318802,49.7310678196311,0.0035857624049186404,False,False,False,False,100000,False,True,False,4.058723515103959,0.03786429019310653,9.775672397671062,0.0010706480686119824,True,Cruise
1,75,1675390274.531882,49.863042532443835,0.0018260995674155122,False,False,False,False,100000,False,True,False,4.05768982421026,0.039008978689394416,9.774818172101853,0.0010106385459954154,True,Cruise
1,76,1675390274.6318758,49.863042532443835,0.0018260995674155122,False,False,False,False,100000,False,True,False,4.056851944965398,0.03153673115962451,9.773999798224246,0.013606971499783124,True,Cruise
1,77,1675390274.7318814,49.75806886633538,0.0032257484488615908,False,False,False,False,100000,False,True,False,4.0561415812601735,0.02245982307025368,9.773273529260058,0.013606971499783124,True,Cruise
1,78,1675390274.8318887,49.75806886633538,0.0032257484488615908,False,False,False,False,100000,False,True,False,4.055803742514346,0.022528686540135377,9.77295757639942,0.0004676573594109487,True,Cruise
1,79,1675390274.9319499,49.75806886633538,0.0032257484488615908,False,False,False,False,100000,False,True,False,4.054704942410446,0.03380635176754043,9.772051447831522,0.005488245572557177,True,Cruise
1,80,1675390275.0318859,48.62758539970271,-0.018298861337297218,False,False,False,False,100000,False,True,False,4.054704942410446,0.03380635176754043,9.772051447831522,0.0008053143062744473,True,Cruise
1,81,1675390275.1318674,48.62758539970271,-0.018298861337297218,False,False,False,False,100000,False,True,False,4.054496110520601,0.0957379842421433,9.77180535292908,0.061154319194694995,True,Cruise
1,82,1675390275.2318513,49.880236354345755,0.0015968486087232963,False,False,False,False,100000,False,True,False,4.054076853281816,-0.23532315427778594,9.771739158993023,0.33106141061196065,True,Cruise
1,83,1675390275.3318453,49.880236354345755,0.0015968486087232963,False,False,False,False,100000,False,True,False,4.05235460500793,-0.3116911846694398,9.771923584933095,0.06687636147562903,True,Cruise
1,84,1675390275.4318788,49.880236354345755,0.0015968486087232963,False,False,False,False,100000,False,True,False,4.055127165949016,-0.07101711177282598,9.771850745507416,0.08176275581557485,True,Cruise
1,85,1675390275.531855,49.95123667687344,0.0006501776416873933,False,False,False,False,100000,False,True,False,4.0561130474265505,-0.07295670341864627,9.772055782794357,0.011649056802420685,True,Cruise
1,86,1675390275.6318483,49.95123667687344,0.0006501776416873933,False,False,False,False,100000,False,True,False,4.05616870083567,-0.08289658952692486,9.772392067469362,0.007834333097564244,True,Cruise
1,87,1675390275.7318673,49.852663405030604,0.0019644879329252453,False,False,False,False,100000,False,True,False,4.056186935341735,-0.05844476831049411,9.772748018294719,0.01662054292668752,True,Cruise
1,88,1675390275.8319275,49.852663405030604,0.0019644879329252453,False,False,False,False,100000,False,True,False,4.0562791603499955,-0.038905411692612045,9.772917918136146,0.01905578607688236,True,Cruise
1,89,1675390275.9318886,49.852663405030604,0.0019644879329252453,False,False,False,False,100000,False,True,False,4.056941050670174,0.04013753051547963,9.77351612672751,0.026844878644544556,True,Cruise
1,90,1675390276.0318584,49.884141142659836,0.0015447847645355217,False,False,False,False,100000,False,True,False,4.056941050670174,0.04013753051547963,9.77351612672751,0.01980187534535147,True,Cruise
1,91,1675390276.1318228,49.884141142659836,0.0015447847645355217,False,False,False,False,100000,False,True,False,4.057316627063711,0.06692682235538362,9.773869788916711,0.0035211333964484293,True,Cruise
1,92,1675390276.2318556,49.90570133826563,0.0012573154897916488,False,False,False,False,100000,False,True,False,4.057478778796697,0.07468130053900136,9.774043840102587,0.004010771804382166,True,Cruise
1,93,1675390276.3318846,49.90570133826563,0.0012573154897916488,False,False,False,False,100000,False,True,False,4.0575816779639915,0.07930073132009094,9.774162538891588,0.004010771804382166,True,Cruise
1,94,1675390276.4319167,49.90570133826563,0.0012573154897916488,False,False,False,False,100000,False,True,False,4.057630374718007,0.07581442683326606,9.774226410912988,0.004237025507538335,True,Cruise
1,95,1675390276.531936,49.9424840224508,-0.0007668797006559945,False,False,False,False,100000,False,True,False,4.057630374718007,0.07581442683326606,9.774226410912988,0.004237025507538335,True,Cruise
1,96,1675390276.6319144,49.9424840224508,-0.0007668797006559945,False,False,False,False,100000,False,True,False,4.057630374718007,0.07581442683326606,9.774226410912988,0.0048209842749139436,True,Cruise
1,97,1675390276.7320442,49.9424840224508,-0.0007668797006559945,False,False,False,False,100000,False,True,False,4.0574760292825,0.05346102077835431,9.774144234720643,0.024852997862293794,True,Cruise
1,98,1675390276.831982,49.85005370630889,-0.001999283915881386,False,False,False,False,100000,False,True,False,4.057350910901465,0.0026268680614124364,9.773994946367372,0.00881272509090783,True,Cruise
1,99,1675390276.932034,49.85005370630889,-0.001999283915881386,False,False,False,False,100000,False,True,False,4.057350910901465,0.0026268680614124364,9.773994946367372,0.00881272509090783,True,Cruise
1,100,1675390277.0320032,49.85005370630889,-0.001999283915881386,False,False,False,False,100000,False,True,False,4.057118601792222,-0.030370467842541746,9.773825548603767,0.03299858845288591,True,Cruise
1,101,1675390277.1319356,49.79763046416414,-0.0026982604778113847,False,False,False,False,100000,False,True,False,4.057030763014151,-0.03873814763938227,9.773768605833729,0.006413649733158596,True,Cruise
1,102,1675390277.2319362,49.79763046416414,-0.0026982604778113847,False,False,False,False,100000,False,True,False,4.056776181085316,-0.06124643420119586,9.773606255304339,0.012331097500914925,True,Cruise
1,103,1675390277.3319268,49.79763046416414,-0.0026982604778113847,False,False,False,False,100000,False,True,False,4.056623185096487,-0.07588844503832627,9.773511370566988,0.00548470059088438,True,Cruise
1,104,1675390277.4318705,49.77818364130477,-0.002957551449269755,False,False,False,False,100000,False,True,False,4.056506406478719,-0.08214019217644335,9.77343075578339,0.00548470059088438,True,Cruise
1,105,1675390277.5319839,49.77818364130477,-0.002957551449269755,False,False,False,False,100000,False,True,False,4.056403597748074,-0.08219581094810655,9.773341940790834,0.0018766673231340077,True,Cruise
1,106,1675390277.631849,49.77818364130477,-0.002957551449269755,False,False,False,False,100000,False,True,False,4.056363232045407,-0.08640575308593831,9.77332374283838,0.00211957939409592,True,Cruise
1,107,1675390277.7318964,49.743860459783036,-0.0034151938695595606,False,False,False,False,100000,False,True,False,4.056298699552396,-0.0866366277294572,9.773293873815751,0.0015174971223405193,True,Cruise
1,108,1675390277.8320074,49.743860459783036,-0.0034151938695595606,False,False,False,False,100000,False,True,False,4.056298699552396,-0.0866366277294572,9.773293873815751,0.0015174971223405193,True,Cruise
1,109,1675390277.9318848,49.743860459783036,-0.0034151938695595606,False,False,False,False,100000,False,True,False,4.056265114715017,-0.08661824602473817,9.773311381383568,0.0007740043896089689,True,Cruise
1,110,1675390278.0319068,48.86458121720579,-0.015138917103922817,False,False,False,False,100000,False,True,False,4.056295473847174,-0.0840248066586363,9.773335649544784,0.0012457039383684402,True,Cruise
1,111,1675390278.1320295,48.86458121720579,-0.015138917103922817,False,False,False,False,100000,False,True,False,4.056297583150003,-0.04947112861985276,9.773352857329385,0.03455368238791521,True,Cruise
1,112,1675390278.2319088,48.86458121720579,-0.015138917103922817,False,False,False,False,100000,False,True,False,4.054352814039873,-0.25031480305557974,9.773559610532816,0.0782817882534133,True,Cruise
1,113,1675390278.3319757,48.86458121720579,-0.015138917103922817,False,False,False,False,100000,False,True,False,4.05270479300761,-0.30133859985905537,9.773637218741998,0.0510504636276624,True,Cruise
1,114,1675390278.4319193,49.674202374028205,-0.004343968346290606,False,False,False,False,100000,False,True,False,4.0525118547407315,-0.3198029530264615,9.773618319330653,0.018465370839852533,True,Cruise
1,115,1675390278.531922,49.674202374028205,-0.004343968346290606,False,False,False,False,100000,False,True,False,4.0548525167162675,-0.28210356191051467,9.773333223123286,0.05378960821752809,True,Cruise
1,116,1675390278.6318653,49.674202374028205,-0.004343968346290606,False,False,False,False,100000,False,True,False,4.057380170974722,-0.22516538372085435,9.773152403127781,0.09152079736545347,True,Cruise
1,117,1675390278.731886,49.82324231425329,-0.0023567691432894527,False,False,False,False,100000,False,True,False,4.057651738403895,-0.2313831675772223,9.77316246607489,0.0003017663760813262,True,Cruise
1,118,1675390278.8319218,49.82324231425329,-0.0023567691432894527,False,False,False,False,100000,False,True,False,4.057409862009688,-0.23153697945187654,9.77325680939937,0.035782281170827386,True,Cruise
1,119,1675390278.9318888,49.82324231425329,-0.0023567691432894527,False,False,False,False,100000,False,True,False,4.057590046347777,-0.16377523318420562,9.773311198109454,0.024122687942325607,True,Cruise
1,120,1675390279.0319078,49.71202915530069,-0.0038396112626574537,False,False,False,False,100000,False,True,False,4.05756077226274,-0.09910469373758488,9.7734254945982,0.019720292627450307,True,Cruise
1,121,1675390279.1319516,49.71202915530069,-0.0038396112626574537,False,False,False,False,100000,False,True,False,4.057560790693006,-0.06229785722340457,9.77349413019533,0.017814783671822498,True,Cruise
1,122,1675390279.2319257,49.71202915530069,-0.0038396112626574537,False,False,False,False,100000,False,True,False,4.057560790693006,-0.06229785722340457,9.77349413019533,0.018076673929636463,True,Cruise
1,123,1675390279.331889,49.83047844825643,-0.002260287356580924,False,False,False,False,100000,False,True,False,4.057291224383719,-0.03932466430836792,9.773630112930245,0.004898549234658024,True,Cruise
1,124,1675390279.4318812,49.83047844825643,-0.002260287356580924,False,False,False,False,100000,False,True,False,4.057301396311636,-0.037358883349077006,9.773660650331342,0.0025677980811201506,True,Cruise
1,125,1675390279.5318744,49.83047844825643,-0.002260287356580924,False,False,False,False,100000,False,True,False,4.057629463918787,-0.013705381870500343,9.773656314085768,0.0012442201291225873,True,Cruise
1,126,1675390279.631857,49.7689506951846,-0.0030806573975386783,False,False,False,False,100000,False,True,False,4.057629463918787,-0.013705381870500343,9.773656314085768,0.0012442201291225873,True,Cruise
1,127,1675390279.7319016,49.7689506951846,-0.0030806573975386783,False,False,False,False,100000,False,True,False,4.057404026899992,-0.03559245234944421,9.773682656323652,0.021888247301079102,True,Cruise
1,128,1675390279.8318913,49.821441939688455,-0.0023807741374872985,False,False,False,False,100000,False,True,False,4.057103193467005,-0.05735108393484805,9.773684098548653,0.0050329347147040245,True,Cruise
1,129,1675390279.931897,49.821441939688455,-0.0023807741374872985,False,False,False,False,100000,False,True,False,4.05704219523842,-0.06257058337548889,9.773675854822685,0.007724188147197595,True,Cruise
1,130,1675390280.031901,49.821441939688455,-0.0023807741374872985,False,False,False,False,100000,False,True,False,4.057001147902486,-0.06818436423231083,9.773646761714751,0.002110331988216121,True,Cruise
1,131,1675390280.13203,49.8500314473129,-0.001999580702494627,False,False,False,False,100000,False,True,False,4.056912204250556,-0.07684321216672393,9.77360304132664,0.004286065847867039,True,Cruise
1,132,1675390280.2318718,49.8500314473129,-0.001999580702494627,False,False,False,False,100000,False,True,False,4.0568588531167,-0.0815021843817937,9.77359012386311,0.00465929558035759,True,Cruise
1,133,1675390280.3318508,49.8500314473129,-0.001999580702494627,False,False,False,False,100000,False,True,False,4.056766974238829,-0.07804895213329711,9.773547598572229,0.00015104781918469598,True,Cruise
1,134,1675390280.432036,49.689771303726104,-0.004136382616985271,False,False,False,False,100000,False,True,False,4.0567296741833445,-0.07798813105696023,9.77353558472397,7.235212516510638e-05,True,Cruise
1,135,1675390280.5318615,49.689771303726104,-0.004136382616985271,False,False,False,False,100000,False,True,False,4.056690435264828,-0.0713812891743186,9.773524493209736,0.03992924550011292,True,Cruise
1,136,1675390280.6318696,49.689771303726104,-0.004136382616985271,False,False,False,False,100000,False,True,False,4.226126011262163,0.07461389045276126,9.772322743641714,0.13398697198595044,True,Cruise
1,137,1675390280.7319636,49.73823944961483,-0.003490140671802241,False,False,False,False,100000,False,True,False,4.131709860062448,-0.061889623549730884,9.779364796665645,0.09287858447975493,True,Cruise
1,138,1675390280.8318927,49.73823944961483,-0.003490140671802241,False,False,False,False,100000,False,True,False,4.099558611998286,-0.09218298428469465,9.781185217624946,0.0333762755825256,True,Cruise
1,139,1675390280.931883,49.73823944961483,-0.003490140671802241,False,False,False,False,100000,False,True,False,4.074504752705352,-0.14854180822163157,9.781048225488217,0.029171285209670383,True,Cruise
1,140,1675390281.031998,49.78061382426223,-0.0029251490098369318,False,False,False,False,100000,False,True,False,4.0799929667565475,-0.2139657765311483,9.776983203844676,0.04740716837104518,True,Cruise
1,141,1675390281.1319299,49.78061382426223,-0.0029251490098369318,False,False,False,False,100000,False,True,False,4.083750859819349,-0.21756374260444364,9.775536717294342,0.005399948469785096,True,Cruise
1,142,1675390281.232003,49.78061382426223,-0.0029251490098369318,False,False,False,False,100000,False,True,False,4.086522270943461,-0.22043075068907067,9.773352874573241,0.0016776652683869095,True,Cruise
1,143,1675390281.3319502,49.78329813379847,-0.00288935821602037,False,False,False,False,100000,False,True,False,4.083953458982099,-0.21515820981516365,9.77192996420535,0.006847345464529506,True,Cruise
1,144,1675390281.4318862,49.78329813379847,-0.00288935821602037,False,False,False,False,100000,False,True,False,4.081637233594454,-0.2087360509532714,9.77140354667443,0.006847345464529506,True,Cruise
1,145,1675390281.5318503,49.78329813379847,-0.00288935821602037,False,False,False,False,100000,False,True,False,4.073785239622092,-0.17983301990610684,9.770244687828313,0.010663444312509644,True,Cruise
1,146,1675390281.6327202,49.78831357743122,-0.0028224856342504733,False,False,False,False,100000,False,True,False,4.071168539718183,-0.1694992802116218,9.769969460385092,0.010461496685368901,True,Cruise
1,147,1675390281.7319968,49.78831357743122,-0.0028224856342504733,False,False,False,False,100000,False,True,False,4.061561757552611,-0.13124214115781815,9.769331579372746,0.0090533022052356,True,Cruise
1,148,1675390281.8318694,49.81953749519216,-0.0024061667307712317,False,False,False,False,100000,False,True,False,4.05932680327637,-0.12379217828709461,9.769287703584993,0.007778103398438282,True,Cruise
1,149,1675390281.9319878,49.81953749519216,-0.0024061667307712317,False,False,False,False,100000,False,True,False,4.05932680327637,-0.12379217828709461,9.769287703584993,0.4665122721708784,True,Cruise
1,150,1675390282.0321286,49.81953749519216,-0.0024061667307712317,False,False,False,False,100000,False,True,False,4.079367492982776,0.16909308759887998,9.804093648564814,0.08435410774967399,True,Cruise
1,151,1675390282.1320753,49.81953749519216,-0.0024061667307712317,False,False,False,False,100000,False,True,False,4.074443928832388,0.08853939117378665,9.799932057137786,0.08081125128900424,True,Cruise
1,152,1675390282.2319558,49.883665119552404,-0.0015511317393012405,False,False,False,False,100000,False,True,False,3.8786651281678677,0.1171788241600435,9.792944905877691,0.07799363243807195,True,Cruise
1,153,1675390282.3318653,49.883665119552404,-0.0015511317393012405,False,False,False,False,100000,False,True,False,3.8942805585411784,0.041083492064517516,9.7859688419149,0.07799363243807195,True,Cruise
1,154,1675390282.4318643,49.60714245094553,0.005238100654059606,False,False,False,False,100000,False,True,False,4.011389469156175,-0.10034856239661813,9.76592912361912,0.18471359799403783,True,Cruise
1,155,1675390282.531958,49.60714245094553,0.005238100654059606,False,False,False,False,100000,False,True,False,4.030613323152696,-0.22935938154342145,9.759137015996194,0.04815517430077873,True,Cruise
1,156,1675390282.6319013,49.60714245094553,0.005238100654059606,False,False,False,False,100000,False,True,False,4.025310498654493,-0.16148918655792824,9.758714332527243,0.045404986051573414,True,Cruise
1,157,1675390282.7319164,49.575238716036715,0.005663483786177091,False,False,False,False,100000,False,True,False,4.013672043269728,-0.10404477145677068,9.758633454661608,0.013595159092581584,True,Cruise
1,158,1675390282.8318837,49.575238716036715,0.005663483786177091,False,False,False,False,100000,False,True,False,4.007240693995742,-0.05489329810352622,9.758760619220405,0.049570613846347644,True,Cruise
1,159,1675390282.9319377,49.575238716036715,0.005663483786177091,False,False,False,False,100000,False,True,False,4.009578147596354,0.015090502950037072,9.75891863139342,0.03570628076254627,True,Cruise
1,160,1675390283.0318947,49.60328944304313,0.005289474092758293,False,False,False,False,100000,False,True,False,4.009578147596354,0.015090502950037072,9.75891863139342,0.03621999552897808,True,Cruise
1,161,1675390283.1319814,49.60328944304313,0.005289474092758293,False,False,False,False,100000,False,True,False,4.007262559872795,0.17114633669269977,9.745687095344358,0.04342438023743365,True,Cruise
1,162,1675390283.2318723,49.60328944304313,0.005289474092758293,False,False,False,False,100000,False,True,False,4.010981058521017,0.2143654362244222,9.747676819565315,0.025937570960661332,True,Cruise
1,163,1675390283.331917,49.570618289650355,0.005725089471328658,False,False,False,False,100000,False,True,False,4.038628398227663,0.27691034274634685,9.767295138545975,0.030126880748080447,True,Cruise
1,164,1675390283.4319122,49.570618289650355,0.005725089471328658,False,False,False,False,100000,False,True,False,4.017850279349828,0.6374210212699428,9.73150814964752,0.33846967681999285,True,Cruise
1,165,1675390283.5318706,49.570618289650355,0.005725089471328658,False,False,False,False,100000,False,True,False,4.022527336953123,0.6342145363303981,9.736355720682953,0.007460251901620437,True,Cruise
1,166,1675390283.632035,49.607503244771,0.00523329006972,False,False,False,False,100000,False,True,False,4.033853622345477,0.5913040610483217,9.74775697773847,0.02704371304335562,True,Cruise
1,167,1675390283.7319844,49.607503244771,0.00523329006972,False,False,False,False,100000,False,True,False,4.046181536193622,0.5254047724650276,9.758884036014534,0.035841019015195194,True,Cruise
1,168,1675390283.8319206,49.607503244771,0.00523329006972,False,False,False,False,100000,False,True,False,4.0521271983442775,0.4904588556818052,9.764176544476307,0.035841019015195194,True,Cruise
1,169,1675390283.931871,49.46571763073078,0.007123764923589678,False,False,False,False,100000,False,True,False,4.0675376339590095,0.3694298067973017,9.778282105891796,0.037014543547482535,True,Cruise
1,170,1675390284.0320506,49.4932406652977,0.006756791129364015,False,False,False,False,100000,False,True,False,4.075038057716337,0.30529267963079176,9.785772152342076,0.031129821252636948,True,Cruise
1,171,1675390284.132049,49.001289165288604,0.013316144462818614,False,False,False,False,100000,False,True,False,4.077940578425035,0.2720369750099781,9.788845621211225,0.03352331617219356,True,Cruise
1,172,1675390284.2319467,48.99235698014788,0.01343524026469487,False,False,False,False,100000,False,True,False,4.081994463235628,0.33208787314126254,9.796585957798248,0.0140416443582215,True,Cruise
1,173,1675390284.3320189,49.11148208385256,0.011846905548632521,False,False,False,False,100000,False,True,False,4.08137988628978,0.3781194682520392,9.797355456112799,0.046042128327445295,True,Cruise
1,174,1675390284.4319057,49.11928740841208,0.011742834554505675,False,False,False,False,100000,False,True,False,4.079947233395281,0.4223225491168399,9.797490174006683,0.02141359706889042,True,Cruise
1,175,1675390284.531889,49.533236307149245,-0.00622351590467676,False,False,False,False,100000,False,True,False,4.0782372704834895,0.463788317050217,9.796034935671141,0.04367139811558637,True,Cruise
1,176,1675390284.631948,49.32922181837795,0.00894370908829401,False,False,False,False,100000,False,True,False,4.0782372704834895,0.463788317050217,9.796034935671141,0.04367139811558637,True,Cruise
1,177,1675390284.7320344,49.40592478154815,0.007921002912691322,False,False,False,False,100000,False,True,False,4.0782372704834895,0.463788317050217,9.796034935671141,0.04367139811558637,True,Cruise
1,178,1675390284.8320405,49.544280065066665,0.006076265799111118,False,False,False,False,100000,False,True,False,4.062750169852347,0.5044163103547458,9.790314154258851,0.007451857200113113,True,Cruise
1,179,1675390284.9319897,49.544280065066665,0.006076265799111118,False,False,False,False,100000,False,True,False,2.981583777846056,0.5992062906776284,9.884434880004791,0.10764539456363115,True,Cruise
1,180,1675390285.031996,49.60295516112535,0.00529393118499531,False,False,False,False,100000,False,True,False,1.88942883930751,0.4433255146189743,9.946479208603176,0.4982504545087516,True,Cruise
1,181,1675390285.1319494,49.60295516112535,0.00529393118499531,False,False,False,False,100000,False,True,False,1.88942883930751,0.4433255146189743,9.946479208603176,0.4982504545087516,True,Cruise
1,182,1675390285.2320154,49.60295516112535,0.00529393118499531,False,False,False,False,100000,False,True,False,0.894671648781189,0.4609149378275693,9.969318745365939,0.9951748089417095,True,Cruise
1,183,1675390285.3318832,49.91874800789124,0.0010833598947834551,False,False,False,False,100000,False,True,False,0.4730236498345882,0.44340425526526267,9.94865401526514,0.1807879786742189,True,Cruise
1,184,1675390285.4318628,49.91874800789124,0.0010833598947834551,False,False,False,False,100000,False,True,False,2.0214739592036,0.38849091552401765,9.74978027463076,0.1559836508581741,True,Cruise
1,185,1675390285.5319338,49.94658219838591,-0.0007122373548544585,False,False,False,False,100000,False,True,False,1.3503221559015532,0.2812994313671619,9.781775869859397,0.5691583207566401,True,Cruise
1,186,1675390285.6319797,49.86855744795242,-0.0017525673606344143,False,False,False,False,100000,False,True,False,1.3503221559015532,0.2812994313671619,9.781775869859397,0.5691583207566401,True,Cruise
1,187,1675390285.7319553,49.86855744795242,-0.0017525673606344143,False,False,False,False,100000,False,True,False,-0.5119040473598,0.1545084787277285,9.860048562336564,0.18504235016827142,True,Cruise
1,188,1675390285.8319373,49.93801166017096,-0.0008265111977205793,False,False,False,False,100000,False,True,False,-0.4513936125105723,0.07305469062324349,9.806490163497804,0.5474865202306008,True,Cruise
1,189,1675390285.9318843,49.93801166017096,-0.0008265111977205793,False,False,False,False,100000,False,True,False,-0.004094017010959815,-0.03940689070181645,9.717642163112382,0.10587297691172184,True,Cruise
1,190,1675390286.0319881,49.93801166017096,-0.0008265111977205793,False,False,False,False,100000,False,True,False,-0.004094017010959815,-0.03940689070181645,9.717642163112382,0.10587297691172184,True,Cruise
1,191,1675390286.1319082,49.84547888508121,-0.0020602815322505966,False,False,False,False,100000,False,True,False,-0.286108244189934,-0.13097589086137612,9.713189700732336,0.2965412796607266,True,Cruise
1,192,1675390286.2319126,49.84547888508121,-0.0020602815322505966,False,False,False,False,100000,False,True,False,-0.9736282143729584,-0.1792019705009412,9.768167279412088,0.05958237351542302,True,Cruise
1,193,1675390286.3319159,49.84547888508121,-0.0020602815322505966,False,False,False,False,100000,False,True,False,-0.7491211901981752,-0.1883292878421267,9.730495285480153,0.16916732530081682,True,Cruise
1,194,1675390286.4320858,49.851184199719135,-0.0019842106704115797,False,False,False,False,100000,False,True,False,-0.4374856716048391,-0.18867683148226255,9.701277035883159,0.1399337320536125,True,Cruise
1,195,1675390286.53188,49.851184199719135,-0.0019842106704115797,False,False,False,False,100000,False,True,False,-0.23670112607310756,-0.18707810546850862,9.691256418337083,0.037224975906906155,True,Cruise
1,196,1675390286.631814,49.851184199719135,-0.0019842106704115797,False,False,False,False,100000,False,True,False,-0.18099035036499722,-0.18303292933891885,9.702609704955357,0.0202214991454863,True,Cruise
1,197,1675390286.7318685,49.75657789354016,-0.003245628086131229,False,False,False,False,100000,False,True,False,-0.14763652704738045,-0.1741927583992129,9.7204849433536,0.6335069361980765,True,Cruise
1,198,1675390286.831882,49.75657789354016,-0.003245628086131229,False,False,False,False,100000,False,True,False,-0.6965827012900301,-0.18145018601370105,9.78711337344047,0.08167640564005557,True,Cruise
1,199,1675390286.9320018,49.75657789354016,-0.003245628086131229,False,False,False,False,100000,False,True,False,-0.510252204625,-0.1733715551794995,9.778901069449333,0.18668626141319275,True,Cruise
1,200,1675390287.0318909,49.73775326303399,-0.003496623159546905,False,False,False,False,100000,False,True,False,-0.510252204625,-0.1733715551794995,9.778901069449333,0.43759774071994373,True,Cruise
1,201,1675390287.1318603,49.73775326303399,-0.003496623159546905,False,False,False,False,100000,False,True,False,-0.008792033625428755,-0.16112512543024846,9.775741486077825,0.09544674091174703,True,Cruise
1,202,1675390287.2319095,49.73775326303399,-0.003496623159546905,False,False,False,False,100000,False,True,False,-0.07034840294905326,-0.17169376443088422,9.80216971447974,0.0452353488219494,True,Cruise
1,203,1675390287.3318675,49.15792447092359,-0.011227673721018754,False,False,False,False,100000,False,True,False,0.05142924013635988,-0.18675194378814733,9.818890703697782,0.03588535504566989,True,Cruise
1,204,1675390287.4319897,49.15792447092359,-0.011227673721018754,False,False,False,False,100000,False,True,False,0.05142924013635988,-0.18675194378814733,9.818890703697782,0.03588535504566989,True,Cruise
1,205,1675390287.5320313,49.15792447092359,-0.011227673721018754,False,False,False,False,100000,False,True,False,-1.7823687240315156,-0.2909469645286838,10.001802671066557,1.8458408283327359,True,Cruise
1,206,1675390287.6319022,49.15792447092359,-0.011227673721018754,False,False,False,False,100000,False,True,False,-2.560460470920774,-0.4670575664571589,10.041498106896443,0.3173913708971885,True,Cruise
1,207,1675390287.73191,48.88126140318923,-0.014916514624143614,False,False,False,False,100000,False,True,False,-1.546724014311298,-0.43183367920640947,9.91005075258375,0.7113457263875281,True,Cruise
1,208,1675390287.8318987,48.88126140318923,-0.014916514624143614,False,False,False,False,100000,False,True,False,-0.5788030253142669,-0.49634467124617637,9.800456395228213,0.3964524542794264,True,Cruise
1,209,1675390287.9319525,48.88126140318923,-0.014916514624143614,False,False,False,False,100000,False,True,False,-0.5788030253142669,-0.49634467124617637,9.800456395228213,0.3964524542794264,True,Cruise
1,210,1675390288.0319886,49.70183166023083,-0.003975577863588952,False,False,False,False,100000,False,True,False,-1.3755291183700162,-0.7031899577180716,9.81395040028427,0.37954780257321846,True,Cruise
1,211,1675390288.132054,49.70183166023083,-0.003975577863588952,False,False,False,False,100000,False,True,False,0.25139686308559867,-0.8476727085058235,9.643326669890584,1.0893563572533709,True,Cruise
1,212,1675390288.231898,49.70183166023083,-0.003975577863588952,False,False,False,False,100000,False,True,False,2.603367009848504,-0.6754220387938867,9.473801562802254,0.499537179336317,True,Cruise
1,213,1675390288.3318653,49.70183166023083,-0.003975577863588952,False,False,False,False,100000,False,True,False,2.603367009848504,-0.6754220387938867,9.473801562802254,0.499537179336317,True,Cruise
1,214,1675390288.431983,49.649388873453034,-0.004674815020626265,False,False,False,False,100000,False,True,False,0.45522566088017047,-0.6393338795011275,9.799639665834405,0.5361316151328217,True,Cruise
1,215,1675390288.5318747,49.04291626193897,-0.012761116507480397,False,False,False,False,100000,False,True,False,0.39838619694083516,-0.9208064647363334,9.811574359256955,0.2874021186543194,True,Cruise
1,216,1675390288.6318703,49.42749038305564,-0.0076334615592581374,False,False,False,False,100000,False,True,False,0.39838619694083516,-0.9208064647363334,9.811574359256955,1.060510105968653,True,Cruise
1,217,1675390288.7320018,49.4832126304189,-0.006890498261081334,False,False,False,False,100000,False,True,False,-0.491454472168439,-0.6622160511047764,9.903925124867454,1.6244377450729284,True,Cruise
1,218,1675390288.8320103,49.19396100478584,-0.010747186602855457,False,False,False,False,100000,False,True,False,-0.491454472168439,-0.6622160511047764,9.903925124867454,1.6244377450729284,True,Cruise
1,219,1675390288.9318993,49.83929393941534,-0.0021427474744621228,False,False,False,False,100000,False,True,False,-0.3620550147521588,-0.5188679012369797,9.928631403391327,0.19468772906541182,True,Cruise
1,220,1675390289.0318658,49.97849989405421,0.00028666807927725524,False,False,False,False,100000,False,True,False,0.5647623217107669,-0.5999372677239615,9.823444171539995,1.1415771908569912,True,Cruise
1,221,1675390289.131904,49.96657260274687,0.0004456986300416702,False,False,False,False,100000,False,True,False,3.026594397490942,-0.36659908106157124,9.634780690479667,0.5405176561100975,True,Cruise
1,222,1675390289.2318919,49.96657260274687,0.0004456986300416702,False,False,False,False,100000,False,True,False,3.0184285959328263,-0.24624785617290068,9.657264659199626,0.12270544607591778,True,Cruise
1,223,1675390289.3318577,49.96657260274687,0.0004456986300416702,False,False,False,False,100000,False,True,False,3.0184285959328263,-0.24624785617290068,9.657264659199626,0.881662863778765,True,Cruise
1,224,1675390289.431919,49.00445130410441,0.01327398261194124,False,False,False,False,100000,False,True,False,1.468557105098171,-0.2726411379808841,9.850501272365166,0.6846823733660049,True,Cruise
1,225,1675390289.5319579,49.90523100270955,-0.0012635866305393685,False,False,False,False,100000,False,True,False,-1.2208172615237387,-0.26871674836356113,10.099720409719378,1.489114740856096,True,Cruise
1,226,1675390289.6318607,49.90523100270955,-0.0012635866305393685,False,False,False,False,100000,False,True,False,-2.5436038554100855,0.16349783528003223,10.176729079809743,1.489114740856096,True,Cruise
1,227,1675390289.7318525,49.65575898843962,0.004589880154138322,False,False,False,False,100000,False,True,False,-2.992913954406563,0.379654741840776,10.148843480243388,0.20356578965830072,True,Cruise
1,228,1675390289.8319988,49.65575898843962,0.004589880154138322,False,False,False,False,100000,False,True,False,-2.992913954406563,0.379654741840776,10.148843480243388,4.789615856106379,True,Cruise
1,229,1675390289.9320464,49.65575898843962,0.004589880154138322,False,False,False,False,100000,False,True,False,2.222663107709433,0.43902861810397475,9.59541771385759,0.48467751762002803,True,Cruise
1,230,1675390290.0320153,49.65575898843962,0.004589880154138322,False,False,False,False,100000,False,True,False,1.0403458501802558,0.4446144968481447,9.706114015808733,0.7005594171658869,True,Cruise
1,231,1675390290.1318886,49.508741127012726,0.006550118306496973,False,False,False,False,100000,False,True,False,0.067290972437141,0.4278563655475594,9.785081555756193,0.20781946566835155,True,Cruise
1,232,1675390290.242273,49.508741127012726,0.006550118306496973,False,False,False,False,100000,False,True,False,-0.14013172486583653,0.4296546961208961,9.797790645471256,0.20781946566835155,True,Cruise
1,233,1675390290.3319335,49.55736663813391,-0.005901778158214547,False,False,False,False,100000,False,True,False,-0.8756546988131466,0.4625397652253319,9.831282389833692,0.7370191109562477,True,Cruise
1,234,1675390290.4319358,49.477193867431424,0.006970748434247679,False,False,False,False,100000,False,True,False,0.9356363997559355,1.9072897719460216,9.027839428051776,3.917488735663916,True,Cruise
1,235,1675390290.5319693,49.729552749744755,0.0036059633367366136,False,False,False,False,100000,False,True,False,1.2540378154155074,2.3983999189498304,8.790797841273994,3.569802411566816,True,Cruise
1,236,1675390290.6319132,49.616980244429115,0.005106930074278478,False,False,False,False,100000,False,True,False,1.2540378154155074,2.3983999189498304,8.790797841273994,3.569802411566816,True,Cruise
1,237,1675390290.7319956,49.616980244429115,0.005106930074278478,False,False,False,False,100000,False,True,False,0.9322314919780799,0.32970942433843575,9.648374164892942,1.7190320896150868,True,Cruise
1,238,1675390290.8319106,49.67935855284736,-0.004275219295368561,False,False,False,False,100000,False,True,False,0.3389505340315459,0.2290471924412956,9.736037526415565,0.23850659957547712,True,Cruise
1,239,1675390290.9318657,49.997822782250985,-2.9029569986853935e-05,False,False,False,False,100000,False,True,False,0.586501720375968,0.0422557324037417,9.7326405945652,0.13750863540001032,True,Cruise
1,240,1675390291.0318537,49.997822782250985,-2.9029569986853935e-05,False,False,False,False,100000,False,True,False,0.45143704256439304,0.04926470746052772,9.75748072109229,0.13750863540001032,True,Cruise
1,241,1675390291.1319773,49.63223422614868,0.004903543651350856,False,False,False,False,100000,False,True,False,2.134035228834459,0.08997774428373458,9.62999229406776,0.7757522615559986,True,Cruise
1,242,1675390291.2320614,49.63223422614868,0.004903543651350856,False,False,False,False,100000,False,True,False,0.7100533346508852,0.09610921701351506,9.79530610493453,1.4335587487032992,True,Cruise
1,243,1675390291.3337502,49.596753418646124,0.005376621084718398,False,False,False,False,100000,False,True,False,-0.9183817255219897,0.01972752206565988,9.944105352577346,1.6370021761202425,True,Cruise
1,244,1675390291.4318845,49.59645244066959,0.005380634124405534,False,False,False,False,100000,False,True,False,-0.46813959618803846,-0.0943152576678787,9.902822794703702,0.38108345602125915,True,Cruise
1,245,1675390291.531895,49.59645244066959,0.005380634124405534,False,False,False,False,100000,False,True,False,0.08874209364876877,0.007077322651352878,9.844386134810874,0.11426331277714902,True,Cruise
1,246,1675390291.653778,49.15601509243798,0.011253132100826914,False,False,False,False,100000,False,True,False,0.15319487494073292,0.31439347461257056,9.87932337828959,0.3159398506906197,True,Cruise
1,247,1675390291.7318811,49.07186597928195,0.012375120276240601,True,False,False,False,16.14295037382904,False,False,True,0.15319487494073292,0.31439347461257056,9.87932337828959,0.3159398506906197,True,Cruise
1,248,1675390291.8319204,36.0,0.2,True,False,False,False,16.14295037382904,False,False,True,-2.354259219336482,0.43488379213897593,10.06111717092425,2.5169213206943275,True,Cruise
1,249,1675390291.9318943,36.0,0.2,True,False,False,False,16.14295037382904,False,False,True,0.5046175091194051,-0.43764875020510396,9.737519923768646,3.2392466033678025,True,Cruise
1,250,1675390292.031886,36.0,0.2,True,False,False,False,16.14295037382904,False,False,True,-1.462734269019928,3.562527764473195,9.929067704773608,1.3797190258384402,True,Cruise
1,251,1675390292.1336792,36.0,0.2,True,False,False,False,16.14295037382904,False,False,True,-2.737779721087048,5.145754493678703,9.95643722657895,1.1965729560478606,True,Cruise
1,252,1675390292.2318914,36.0,0.2,True,False,False,False,16.14295037382904,False,False,True,-4.302027436294507,5.411804471761785,10.053711013614395,2.4621132074830485,True,Cruise
1,253,1675390292.3319383,36.0,0.2,True,False,False,False,16.14295037382904,False,False,True,-6.596932980527465,6.300200327741999,10.132214469515892,1.1434505186617465,True,Cruise
1,254,1675390292.4538317,36.0,0.2,True,False,False,False,16.14295037382904,False,False,True,-7.496747884516768,8.576164852009668,9.942443607576509,0.4377848103493339,True,Cruise
1,255,1675390292.5318997,36.0,0.2,True,False,False,False,16.14295037382904,False,False,True,-7.222597654820693,9.129804288746508,9.867306911677634,0.6223507832591643,True,Cruise
1,256,1675390292.6319904,36.0,0.2,True,False,False,False,16.14295037382904,False,False,True,-6.363535953879657,9.988738951460741,9.685982079936927,0.5421958575455478,True,Cruise
1,257,1675390292.7320523,36.0,0.2,True,False,False,False,16.14295037382904,False,False,True,-6.363535953879657,9.988738951460741,9.685982079936927,0.5421958575455478,True,Cruise
1,258,1675390292.8318756,36.0,0.2,True,False,False,False,16.14295037382904,False,False,True,-6.06043839162926,10.91645166954929,9.468958582066225,0.3469369285144412,True,Cruise
1,259,1675390292.9339414,36.0,0.2,True,False,False,False,16.14295037382904,False,False,True,-6.269614936100521,11.059730574886649,9.439513131443038,0.2552463634099653,True,Cruise
1,260,1675390293.031927,36.0,0.2,True,False,False,False,16.14295037382904,False,False,True,-6.391152702035281,10.839060581373234,9.444935233431682,0.873966716092945,True,Cruise
1,261,1675390293.1319456,36.0,0.2,True,False,False,False,16.14295037382904,False,False,True,-6.391152702035281,10.839060581373234,9.444935233431682,0.25893352307038314,True,Cruise
1,262,1675390293.2536922,36.0,0.2,True,False,False,False,16.14295037382904,False,False,True,-6.2495318725913025,10.833735182633387,9.385449815568203,0.12163860115368366,True,Cruise
1,263,1675390293.331881,36.0,0.2,True,False,False,False,14.684664957210726,False,False,True,-6.2495318725913025,10.833735182633387,9.385449815568203,0.3199037053856915,True,Cruise
1,264,1675390293.4320405,36.0,0.2,True,False,False,False,14.684664957210726,False,False,True,-6.14846922464402,10.847273344490995,9.114364718854592,0.10559959495263319,True,Cruise
1,265,1675390293.5319161,36.0,0.2,True,False,False,False,14.684664957210726,False,False,True,-5.732415128368262,10.55357742908946,9.050530089078167,0.17837816236441903,True,Cruise
1,266,1675390293.6321104,36.0,0.2,True,False,False,False,14.684664957210726,False,False,True,-5.3718848941201225,10.188178356962146,9.029944346369323,0.2506075477131841,True,Cruise
1,267,1675390293.7338636,36.0,0.2,True,False,False,False,14.684664957210726,False,False,True,-5.207727017125197,9.971864696265634,9.033772790511598,0.27157699712596706,True,Cruise
1,268,1675390293.8320186,36.0,0.2,True,False,False,False,14.684664957210726,False,False,True,-5.207727017125197,9.971864696265634,9.033772790511598,0.9816279781452928,True,Cruise
1,269,1675390293.931973,36.0,0.2,True,False,False,False,14.684664957210726,False,False,True,-4.5553692205658205,8.945437509825151,9.247235139680269,0.2554038389767217,True,Cruise
1,270,1675390294.0319855,36.0,0.2,True,False,False,False,14.684664957210726,False,False,True,-4.38818136913031,8.783937848780386,9.199271353710143,0.2074366305339234,True,Cruise
1,271,1675390294.1539183,36.0,0.2,True,False,False,False,14.684664957210726,False,False,True,-4.181502457449088,8.430222578463832,9.297231218685729,0.19636458521236919,True,Cruise
1,272,1675390294.245737,36.0,0.2,True,False,False,False,14.684664957210726,False,False,True,-4.095434559162406,8.261379349741924,9.348644556691548,0.19636458521236919,True,Cruise
1,273,1675390294.3418949,36.0,0.2,False,False,False,False,14.684664957210726,False,False,True,-4.095434559162406,8.261379349741924,9.348644556691548,0.19636458521236919,True,Cruise
1,274,1675390294.4377062,36.0,0.2,False,False,False,False,14.684664957210726,False,False,True,-3.8936813989940267,7.821885233004256,9.499412538045751,0.15025341648286936,True,Cruise
1,275,1675390294.533879,36.0,0.2,False,False,False,False,14.684664957210726,False,False,True,-3.7944726667440443,7.568207347027874,9.59881785337257,0.12910191900224127,True,Cruise
1,276,1675390294.6319714,36.0,0.2,False,False,False,False,14.684664957210726,False,False,True,-3.721013359356413,7.350178630816136,9.690083166891474,0.06919070714120285,True,Cruise
1,277,1675390294.731903,36.0,0.2,False,False,False,False,14.684664957210726,False,False,True,-3.6296412793891397,7.136958051895505,9.765303876383696,0.19771392916997285,True,Cruise
1,278,1675390294.8318892,36.0,0.2,False,False,False,False,14.684664957210726,False,False,True,-3.6296412793891397,7.136958051895505,9.765303876383696,0.19771392916997285,True,Cruise
1,279,1675390294.931887,36.0,0.2,False,False,False,False,14.684664957210726,False,False,True,-3.671190033018339,6.991929167098933,9.857719770831693,0.17691911683054665,True,Cruise
1,280,1675390295.0319583,36.0,0.2,False,False,False,False,14.684664957210726,False,False,True,-3.6398466580418307,6.9138746361685754,9.875398250830596,0.0592914880109492,True,Cruise
1,281,1675390295.1319904,36.0,0.2,False,False,False,False,14.684664957210726,False,False,True,-3.6394885368917964,6.7535575876992295,9.913882724099153,0.0866372274476751,True,Cruise
1,282,1675390295.2319427,36.0,0.2,False,False,False,False,14.684664957210726,False,False,True,-3.6517449951520637,6.749998083821126,9.911170708070859,0.013047830006619304,True,Cruise
