repetition,iteration,time,speed,steering,obstacle_North,obstacle_NorthWest,obstacle_SouthWest,obstacle_West,obstacle_distance,follow_enable,steady_motion_enable,passing_start,accel_x,accel_y,accel_z,accel_diff,success,action
1,1,1675399683.6789489,0.0,0.0,False,True,False,False,100000,False,True,False,-0.24401481212447335,2.778426314280982e-13,10.256587164456773,0.09198488663368795,True,Cruise
1,2,1675399683.67911,0.0,0.0,False,True,False,False,100000,False,True,False,-0.24401481212447335,2.778426314280982e-13,10.256587164456773,0.09198488663368795,True,Cruise
1,3,1675399683.7792473,0.0,0.0,False,True,False,False,100000,False,True,False,-0.24401481212447335,2.778426314280982e-13,10.256587164456773,0.09198488663368795,True,Cruise
1,4,1675399683.8793218,0.0,0.0,False,True,False,False,100000,False,True,False,-0.24401481212447335,2.778426314280982e-13,10.256587164456773,0.09198488663368795,True,Cruise
1,5,1675399683.9792762,49.83219928306966,0.0022373428924044904,False,True,False,False,100000,False,True,False,-0.11856782448642748,-4.242834378574793e-14,10.353489454890525,0.07549380289890821,True,Cruise
1,6,1675399684.0792634,49.77494791689948,0.0030006944413402507,False,True,False,False,100000,False,True,False,1.8983812586515494,0.002680030385445501,10.232431069768506,0.9703190154356544,True,Cruise
1,7,1675399684.1793034,49.77494791689948,0.0030006944413402507,False,True,False,False,100000,False,True,False,3.1313777138503953,0.0015385077773968066,10.169327740176755,0.5003649797815991,True,Cruise
1,8,1675399684.279298,49.72140521624857,0.0037145971166857297,False,True,False,False,100000,False,True,False,3.1313777138503953,0.0015385077773968066,10.169327740176755,0.5003649797815991,True,Cruise
1,9,1675399684.3793535,49.72140521624857,0.0037145971166857297,False,True,False,False,100000,False,True,False,3.808382385996516,0.0006408206825014746,10.138069375403939,0.1488612987054024,True,Cruise
1,10,1675399684.4792914,49.76164390178473,0.003178081309536912,False,True,False,False,100000,False,True,False,4.1808108706227465,0.0052581868523604225,10.089734045877204,0.12606829217354684,True,Cruise
1,11,1675399684.579365,49.76164390178473,0.003178081309536912,False,True,False,False,100000,False,True,False,4.306051565618787,0.0027515546356792664,10.066266592914396,0.12744503221672746,True,Cruise
1,12,1675399684.6792924,49.74415100712905,0.0034113199049461023,False,True,False,False,100000,False,True,False,4.427236774264434,0.002259060550214204,10.040581489205344,0.1149360690103764,True,Cruise
1,13,1675399684.7792401,49.74415100712905,0.0034113199049461023,False,True,False,False,100000,False,True,False,4.538991212924079,0.0026395983027563143,10.013728173014517,0.1149360690103764,True,Cruise
1,14,1675399684.879256,49.74415100712905,0.0034113199049461023,False,True,False,False,100000,False,True,False,4.538991212924079,0.0026395983027563143,10.013728173014517,0.18716380768319385,True,Cruise
1,15,1675399684.9792945,49.67482705763246,0.004335639231567124,False,True,False,False,100000,False,True,False,4.718240369988417,0.004326172662205734,9.959902658013489,0.18716380768319385,True,Cruise
1,16,1675399685.0793586,49.67482705763246,0.004335639231567124,False,True,False,False,100000,False,True,False,4.854321869082795,0.00325142367784393,9.88658596989029,0.036037551849835855,True,Cruise
1,17,1675399685.1792924,49.7926106905879,0.002765190792161321,False,True,False,False,100000,False,True,False,4.8655484733817085,0.007802848003311604,9.865177226118464,0.024598504372472064,True,Cruise
1,18,1675399685.2792823,49.7926106905879,0.002765190792161321,False,True,False,False,100000,False,True,False,4.844515916012109,0.006433666093763384,9.827460640250786,0.025954041594627934,True,Cruise
1,19,1675399685.3792763,49.7926106905879,0.002765190792161321,False,True,False,False,100000,False,True,False,4.815312234372795,0.0042911911318428975,9.811177980836087,0.033504779030280735,True,Cruise
1,20,1675399685.479246,49.7926106905879,0.002765190792161321,False,True,False,False,100000,False,True,False,4.67167205988208,0.005923281399894336,9.772194085912131,0.05682299526572868,True,Cruise
1,21,1675399685.5792453,49.7926106905879,0.002765190792161321,False,True,False,False,100000,False,True,False,4.610281245693454,0.006321486387233934,9.76224298716381,0.06219336781565371,True,Cruise
1,22,1675399685.6792767,48.66634168216336,0.017782110904488543,False,True,False,False,100000,False,True,False,4.476247270186689,0.006414010480054349,9.746318427315767,0.06618364008796228,True,Cruise
1,23,1675399685.7792647,48.66634168216336,0.017782110904488543,False,True,False,False,100000,False,True,False,4.406381672762301,-0.03588967257377341,9.740124570982704,0.08190950591756747,True,Cruise
1,24,1675399685.8793266,48.66634168216336,0.017782110904488543,False,True,False,False,100000,False,True,False,4.267138203708213,0.06174597521642238,9.730740208415845,0.07301785573455613,True,Cruise
1,25,1675399685.9793499,49.705697959436954,0.003924027207507282,False,True,False,False,100000,False,True,False,4.267138203708213,0.06174597521642238,9.730740208415845,0.07301785573455613,True,Cruise
1,26,1675399686.0793004,49.705697959436954,0.003924027207507282,False,True,False,False,100000,False,True,False,4.076602089416217,0.05212983818122203,9.722470916359047,0.06721493324927508,True,Cruise
1,27,1675399686.1792517,49.705697959436954,0.003924027207507282,False,True,False,False,100000,False,True,False,3.972022315670657,0.020378700085279224,9.719739004842403,0.04920853359717977,True,Cruise
1,28,1675399686.279375,49.705697959436954,0.003924027207507282,False,True,False,False,100000,False,True,False,3.8894759157503374,-0.0003454481694322182,9.718715534444598,0.03330898359395027,True,Cruise
1,29,1675399686.3793218,49.72406703417667,0.0036791062109778035,False,True,False,False,100000,False,True,False,3.8894759157503374,-0.0003454481694322182,9.718715534444598,0.03330898359395027,True,Cruise
1,30,1675399686.4793382,49.72406703417667,0.0036791062109778035,False,False,False,False,100000,False,True,False,3.794539690426823,0.012669004493995524,9.72066892417707,0.03571512150915969,True,Cruise
1,31,1675399686.579231,49.72406703417667,0.0036791062109778035,False,False,False,False,100000,False,True,False,3.78112350591221,0.005561359855196677,9.723284027920311,0.010142910983209845,True,Cruise
1,32,1675399686.6792297,49.72406703417667,0.0036791062109778035,False,False,False,False,100000,False,True,False,3.7819379655986602,0.0028224286379443324,9.724971224893176,0.00331839154093326,True,Cruise
1,33,1675399686.7792563,49.7763864942781,0.0029815134096254077,False,False,False,False,100000,False,True,False,3.7872143678912464,0.0006119588440599794,9.72690683839333,0.006039304387498606,True,Cruise
1,34,1675399686.879264,49.7763864942781,0.0029815134096254077,False,False,False,False,100000,False,True,False,3.809269293864115,-0.0004778345072493632,9.731506530620882,0.013025870400092445,True,Cruise
1,35,1675399686.9792871,49.74457699055864,0.0034056401258847646,False,False,False,False,100000,False,True,False,3.8250667092546244,-0.00533950039700568,9.734155449947432,0.016739501242345863,True,Cruise
1,36,1675399687.0793216,49.75712864161162,0.0032382847785116927,False,False,False,False,100000,False,True,False,3.863585458463964,-0.010278741206743472,9.740103257339879,0.022502672530756624,True,Cruise
1,37,1675399687.1793199,49.729116792491006,0.0036117761001198934,False,False,False,False,100000,False,True,False,3.9312427344352834,-0.004044165783714042,9.75036882554211,0.02365366569524298,True,Cruise
1,38,1675399687.2792592,49.83965253943536,0.00213796614086183,False,False,False,False,100000,False,True,False,3.9312427344352834,-0.004044165783714042,9.75036882554211,0.02365366569524298,True,Cruise
1,39,1675399687.3792522,49.789618790885314,0.002805082788195824,False,False,False,False,100000,False,True,False,3.977708341840268,-0.0028135163817620775,9.757796061244884,0.023524787854651435,True,Cruise
1,40,1675399687.4793117,49.789618790885314,0.002805082788195824,False,False,False,False,100000,False,True,False,4.021730705367382,-0.005723483608335928,9.765372241617534,0.02368765506111796,True,Cruise
1,41,1675399687.579266,49.83163322967557,0.002244890270992481,False,False,False,False,100000,False,True,False,4.021730705367382,-0.005723483608335928,9.765372241617534,0.04007560435592391,True,Cruise
1,42,1675399687.6792188,49.83163322967557,0.002244890270992481,False,False,False,False,100000,False,True,False,4.078127835940131,0.00026190378703318777,9.776351194769653,0.016115805691314513,True,Cruise
1,43,1675399687.7792532,49.779341232138904,0.002942116904814551,False,False,False,False,100000,False,True,False,4.093578705774758,0.0033359440978747118,9.779748265655128,0.012258573718643513,True,Cruise
1,44,1675399687.879351,49.779341232138904,0.002942116904814551,False,False,False,False,100000,False,True,False,4.107165379589682,0.0011389862772552533,9.782949242698669,0.012258573718643513,True,Cruise
1,45,1675399687.9792776,49.83363576157511,0.00221818984566514,False,False,False,False,100000,False,True,False,4.136159979422649,0.006362050314013154,9.79106112034306,0.008539707383688689,True,Cruise
1,46,1675399688.0793772,49.48130843052198,0.006915887593040252,False,False,False,False,100000,False,True,False,4.141944697324104,0.007613405551769951,9.793174384468747,0.007631905164363023,True,Cruise
1,47,1675399688.1800168,49.48130843052198,0.006915887593040252,False,False,False,False,100000,False,True,False,4.147628557154474,-0.007867713606457329,9.798210310058877,0.004097029489539486,True,Cruise
1,48,1675399688.2792933,49.648412258444665,0.00468783655407114,False,False,False,False,100000,False,True,False,4.145146949798645,0.021743915780875027,9.7986007348236,0.014850001713682908,True,Cruise
1,49,1675399688.379256,49.648412258444665,0.00468783655407114,False,False,False,False,100000,False,True,False,4.141467454649686,0.04201966303429828,9.798639926267112,0.020606944150095438,True,Cruise
1,50,1675399688.4792545,49.648412258444665,0.00468783655407114,False,False,False,False,100000,False,True,False,4.131317958558902,0.02489587386757884,9.797708106102935,0.008506793946776302,True,Cruise
1,51,1675399688.5793476,49.648412258444665,0.00468783655407114,False,False,False,False,100000,False,True,False,4.125066441373739,0.023437839120950783,9.796786676644873,0.006485087870256383,True,Cruise
1,52,1675399688.6792774,49.648412258444665,0.00468783655407114,False,False,False,False,100000,False,True,False,4.110983428269741,0.026150028685424154,9.794157198310346,0.007841519199938007,True,Cruise
1,53,1675399688.7792525,49.79872971968114,0.002683603737584821,False,False,False,False,100000,False,True,False,4.0958174246509955,0.028628086380484113,9.79067568899167,0.010066666433839183,True,Cruise
1,54,1675399688.8792977,49.79872971968114,0.002683603737584821,False,False,False,False,100000,False,True,False,4.073569933107927,0.015672599553575323,9.784422813139207,0.015075519622290466,True,Cruise
1,55,1675399688.979303,49.79872971968114,0.002683603737584821,False,False,False,False,100000,False,True,False,4.073569933107927,0.015672599553575323,9.784422813139207,0.00979087964767441,True,Cruise
1,56,1675399689.0792584,49.790242451044975,0.0027967673194003043,False,False,False,False,100000,False,True,False,4.060183034173827,0.01377674428446334,9.779989750392344,0.006867472979537772,True,Cruise
1,57,1675399689.1792681,49.790242451044975,0.0027967673194003043,False,False,False,False,100000,False,True,False,4.048678986453618,0.013012361612669618,9.77565630003823,0.012316906543014199,True,Cruise
1,58,1675399689.2793233,49.89722094902753,0.001370387346299646,False,False,False,False,100000,False,True,False,4.043778119013791,0.01217338026373356,9.773600806587952,0.005380282956383782,True,Cruise
1,59,1675399689.379276,49.89722094902753,0.001370387346299646,False,False,False,False,100000,False,True,False,4.0358380813708035,0.009729152166909725,9.769840766684906,0.003587146250472175,True,Cruise
1,60,1675399689.479262,49.89722094902753,0.001370387346299646,False,False,False,False,100000,False,True,False,4.032819443030053,0.008731335891841418,9.768179501061583,0.003587146250472175,True,Cruise
1,61,1675399689.5792608,49.944306784308104,0.0007425762092252868,False,False,False,False,100000,False,True,False,4.027551653289501,-0.0031626072449798506,9.764254206332447,0.005287134289682292,True,Cruise
1,62,1675399689.6792872,49.944306784308104,0.0007425762092252868,False,False,False,False,100000,False,True,False,4.027551653289501,-0.0031626072449798506,9.764254206332447,0.00196155605777436,True,Cruise
1,63,1675399689.7792892,49.944306784308104,0.0007425762092252868,False,False,False,False,100000,False,True,False,4.027215859228433,-0.006420713886521177,9.762107178202431,0.004123315005723209,True,Cruise
1,64,1675399689.8792624,49.92276065323522,0.0010298579568637537,False,False,False,False,100000,False,True,False,4.029209531903249,-0.009110020666111902,9.761670427437872,0.0015188470354846738,True,Cruise
1,65,1675399689.9794507,49.92276065323522,0.0010298579568637537,False,False,False,False,100000,False,True,False,4.0325231815657,-0.009930439272124258,9.761964952879003,0.0015188470354846738,True,Cruise
1,66,1675399690.0792778,49.92276065323522,0.0010298579568637537,False,False,False,False,100000,False,True,False,4.036751134527697,-0.00652248337589475,9.762892432590817,0.00258879350266879,True,Cruise
1,67,1675399690.179232,49.951135332148866,0.0006515289046817525,False,False,False,False,100000,False,True,False,4.04151251445924,-0.005366294672043672,9.764325721035927,0.005105078543792847,True,Cruise
1,68,1675399690.2793434,49.951135332148866,0.0006515289046817525,False,False,False,False,100000,False,True,False,4.043974981054469,-0.0035620202594577747,9.76518836329586,0.00317227041047168,True,Cruise
1,69,1675399690.3792818,49.951135332148866,0.0006515289046817525,False,False,False,False,100000,False,True,False,4.046440303915866,-0.005385227719053777,9.766123198569153,0.003205591870442478,True,Cruise
1,70,1675399690.4793239,49.93260417376263,0.0008986110164983156,False,False,False,False,100000,False,True,False,4.05120322380158,-0.004889722520586299,9.76813857658748,0.0027427166828895514,True,Cruise
1,71,1675399690.579343,49.93260417376263,0.0008986110164983156,False,False,False,False,100000,False,True,False,4.0555374567582,-0.0032089379150274763,9.770228043089562,0.0023947180998397663,True,Cruise
1,72,1675399690.6793923,49.93260417376263,0.0008986110164983156,False,False,False,False,100000,False,True,False,4.057480534982185,-0.0003139698033920383,9.771258725079097,0.004905594966334419,True,Cruise
1,73,1675399690.7792857,49.925374439632655,0.0009950074715645836,False,False,False,False,100000,False,True,False,4.06224325750275,0.0034670149477398745,9.77411760048743,0.0018440753565502998,True,Cruise
1,74,1675399690.879273,49.925374439632655,0.0009950074715645836,False,False,False,False,100000,False,True,False,4.063443415775835,0.003936636307316278,9.774953026081102,0.0015358580742970364,True,Cruise
1,75,1675399690.9792304,49.925374439632655,0.0009950074715645836,False,False,False,False,100000,False,True,False,4.065844084683956,0.007434177614161361,9.77698530447525,0.0011919023167633843,True,Cruise
1,76,1675399691.07927,49.86450668579913,0.0018065775226782771,False,False,False,False,100000,False,True,False,4.066259336520953,0.008111761652575775,9.777486858567304,0.0009397397110366517,True,Cruise
1,77,1675399691.179348,49.86450668579913,0.0018065775226782771,False,False,False,False,100000,False,True,False,4.066494472853985,0.006375743755890544,9.777895866551436,0.001798981590735929,True,Cruise
1,78,1675399691.2792552,49.86450668579913,0.0018065775226782771,False,False,False,False,100000,False,True,False,4.066216916043316,0.018493184634844242,9.778572910652704,0.0014189698925932135,True,Cruise
1,79,1675399691.3792696,49.91545303755652,0.0011272928325797766,False,False,False,False,100000,False,True,False,4.066216916043316,0.018493184634844242,9.778572910652704,0.0014189698925932135,True,Cruise
1,80,1675399691.479272,49.91545303755652,0.0011272928325797766,False,False,False,False,100000,False,True,False,4.065393588326183,0.021405308223451637,9.77858943850455,0.0024389325033104432,True,Cruise
1,81,1675399691.5792928,49.91545303755652,0.0011272928325797766,False,False,False,False,100000,False,True,False,4.0635285741528575,0.014168155106373575,9.77806598339133,0.004807677508067408,True,Cruise
1,82,1675399691.6793387,49.97316170459686,0.00035784393870845157,False,False,False,False,100000,False,True,False,4.0635285741528575,0.014168155106373575,9.77806598339133,0.0007567954621224919,True,Cruise
1,83,1675399691.7792614,49.937181576830746,0.0008375789755900431,False,False,False,False,100000,False,True,False,4.061217596800318,0.01692316957639767,9.777065206518573,0.002918740297543549,True,Cruise
1,84,1675399691.8792694,49.98945880568517,-0.00014054925753107994,False,False,False,False,100000,False,True,False,4.06043455952376,0.008930861698562217,9.776661284814143,0.008040726667030793,True,Cruise
1,85,1675399691.9792435,49.920800099919965,0.0010559986677338205,False,False,False,False,100000,False,True,False,4.058897464156022,0.004109526976145721,9.775800385658737,0.0075114430114215066,True,Cruise
1,86,1675399692.079243,49.99294917882123,9.401094905027096e-05,False,False,False,False,100000,False,True,False,4.058167984726985,-0.004029324993124203,9.77535849802853,0.008183417152559642,True,Cruise
1,87,1675399692.179263,49.957885964524785,-0.0005615204730028449,False,False,False,False,100000,False,True,False,4.057457823890609,0.006516858050153426,9.774920801978128,0.0035991021947583773,True,Cruise
1,88,1675399692.2792506,49.957885964524785,-0.0005615204730028449,False,False,False,False,100000,False,True,False,4.056211937768167,0.0009627265448392527,9.774073989378085,0.0021661262437888715,True,Cruise
1,89,1675399692.379261,49.957885964524785,-0.0005615204730028449,False,False,False,False,100000,False,True,False,4.055200292912185,-0.011056686826751217,9.773307164464397,0.01208626259685166,True,Cruise
1,90,1675399692.4793735,49.96883174788923,-0.00041557669481024153,False,False,False,False,100000,False,True,False,4.0547819694645835,-0.012823762300483191,9.772966023885632,0.0018476815556688442,True,Cruise
1,91,1675399692.57923,49.96883174788923,-0.00041557669481024153,False,False,False,False,100000,False,True,False,4.0541323310809405,-0.013639060165830962,9.772384120046667,0.001372481756921204,True,Cruise
1,92,1675399692.6793134,49.97557197020373,-0.00032570706395029477,False,False,False,False,100000,False,True,False,4.053902882028231,-0.013755758289318416,9.772147540009735,0.0003496218438390113,True,Cruise
1,93,1675399692.7792747,49.8788060084501,-0.001615919887331997,False,False,False,False,100000,False,True,False,4.053577944408411,-0.01119495390587625,9.771666774434603,0.0040539254077558845,True,Cruise
1,94,1675399692.879428,49.8788060084501,-0.001615919887331997,False,False,False,False,100000,False,True,False,4.053577944408411,-0.01119495390587625,9.771666774434603,0.0040539254077558845,True,Cruise
1,95,1675399692.9793966,49.93333042890627,-0.0008889276145830732,False,False,False,False,100000,False,True,False,4.0537090799260564,-0.02968553468233024,9.771521587253186,0.018491615756666746,True,Cruise
1,96,1675399693.0792732,49.45344195365459,0.007287440617938831,False,False,False,False,100000,False,True,False,4.054001811268655,-0.02532144690711672,9.771588550141802,0.006452820361422315,True,Cruise
1,97,1675399693.1792195,49.45344195365459,0.007287440617938831,False,False,False,False,100000,False,True,False,4.054200405766912,-0.04523477215578495,9.771663241401754,0.019914455579259475,True,Cruise
1,98,1675399693.2792473,49.45344195365459,0.007287440617938831,False,False,False,False,100000,False,True,False,4.054442307151895,0.027093043804737447,9.771762461297026,0.07232828853558526,True,Cruise
1,99,1675399693.3792658,49.9147157374365,-0.001137123500846648,False,False,False,False,100000,False,True,False,4.054704947666411,0.08276160020226454,9.772038184931754,0.013601341656453067,True,Cruise
1,100,1675399693.4792407,49.9147157374365,-0.001137123500846648,False,False,False,False,100000,False,True,False,4.054704947666411,0.08276160020226454,9.772038184931754,0.03408616091034758,True,Cruise
1,101,1675399693.5792634,49.908706833319386,-0.0012172422224082458,False,False,False,False,100000,False,True,False,4.05553472790707,0.05008487000542816,9.772497867805626,0.06676309673592579,True,Cruise
1,102,1675399693.679302,49.86528010093802,-0.0017962653208263857,False,False,False,False,100000,False,True,False,4.0563575771478595,0.012563205837290871,9.77282051709068,0.003345319000080216,True,Cruise
1,103,1675399693.7792573,49.86528010093802,-0.0017962653208263857,False,False,False,False,100000,False,True,False,4.056615862552362,0.017360817701670816,9.772993874974064,0.0033786736021949753,True,Cruise
1,104,1675399693.8792684,49.91596266042771,-0.0011204978609638796,False,False,False,False,100000,False,True,False,4.0569778740764,0.021322600765552396,9.773335342611576,0.000638246204215517,True,Cruise
1,105,1675399693.9793384,49.861443321736125,-0.0018474223768516775,False,False,False,False,100000,False,True,False,4.057387051651521,-0.004265377599932015,9.773776604731438,0.015342897102767868,True,Cruise
1,106,1675399694.0793083,49.861443321736125,-0.0018474223768516775,False,False,False,False,100000,False,True,False,4.057601359017516,-0.01988366819907331,9.774002978954593,0.013131017853534542,True,Cruise
1,107,1675399694.17926,49.861443321736125,-0.0018474223768516775,False,False,False,False,100000,False,True,False,4.057601359017516,-0.01988366819907331,9.774002978954593,0.013131017853534542,True,Cruise
1,108,1675399694.2792656,49.87620621381274,-0.0016505838158301141,False,False,False,False,100000,False,True,False,4.0577925489367725,-0.0429418457921327,9.77422979313198,0.007191106975485356,True,Cruise
1,109,1675399694.3793051,49.92157851353808,-0.0010456198194922699,False,False,False,False,100000,False,True,False,4.057830011755756,-0.04915092630061787,9.774305845135551,0.004676905022222912,True,Cruise
1,110,1675399694.479292,49.92157851353808,-0.0010456198194922699,False,False,False,False,100000,False,True,False,4.057830011755756,-0.04915092630061787,9.774305845135551,0.0015328168484419476,True,Cruise
1,111,1675399694.5792916,49.96694485357236,-0.00044073528570186,False,False,False,False,100000,False,True,False,4.057830011755756,-0.04915092630061787,9.774305845135551,0.0015328168484419476,True,Cruise
1,112,1675399694.6792347,49.899973620620784,-0.001333685058389499,False,False,False,False,100000,False,True,False,4.057695969600542,-0.04050000941953204,9.774264288377438,0.006496083666740127,True,Cruise
1,113,1675399694.7793045,49.899973620620784,-0.001333685058389499,False,False,False,False,100000,False,True,False,4.0576343600165465,-0.03300501538075131,9.77422480206018,0.005214305325237397,True,Cruise
1,114,1675399694.8792665,49.11772024626772,0.011763730049763756,False,False,False,False,100000,False,True,False,4.057546409542572,-0.0382183812923118,9.774179408105674,0.005214305325237397,True,Cruise
1,115,1675399694.9793491,49.11772024626772,0.011763730049763756,False,False,False,False,100000,False,True,False,4.057361065105772,-0.03872291405068544,9.774069431647726,0.0016521823244737956,True,Cruise
1,116,1675399695.079296,49.11772024626772,0.011763730049763756,False,False,False,False,100000,False,True,False,4.056938714855292,0.1379604131977925,9.773895502508667,0.09549521202255995,True,Cruise
1,117,1675399695.1792707,49.94479897227438,-0.0007360137030083156,False,False,False,False,100000,False,True,False,4.056938714855292,0.1379604131977925,9.773895502508667,0.02882969620483788,True,Cruise
1,118,1675399695.2793164,49.885021360114834,-0.0015330485318022044,False,False,False,False,100000,False,True,False,4.055935480880165,0.21432295666069037,9.77381012145615,0.04753981401638481,True,Cruise
1,119,1675399695.3793106,49.80872337693096,-0.0025503549742538377,False,False,False,False,100000,False,True,False,4.057039429168389,0.03448055844745298,9.77350689045136,0.012810650210132708,True,Cruise
1,120,1675399695.4793258,49.80872337693096,-0.0025503549742538377,False,False,False,False,100000,False,True,False,4.05705767401908,0.04457566926800889,9.773452613276307,0.01009527321896805,True,Cruise
1,121,1675399695.5792618,49.79489953059983,-0.0027346729253355964,False,False,False,False,100000,False,True,False,4.05705767401908,0.04457566926800889,9.773452613276307,0.01009527321896805,True,Cruise
1,122,1675399695.679279,49.79489953059983,-0.0027346729253355964,False,False,False,False,100000,False,True,False,4.0567321236933935,0.028802992485558933,9.773352001452764,0.008541470952860047,True,Cruise
1,123,1675399695.7792997,49.82422503733525,-0.0023436661688632306,False,False,False,False,100000,False,True,False,4.056432374766891,-0.015520138019178602,9.773293472886978,0.016292057702632944,True,Cruise
1,124,1675399695.879374,49.82422503733525,-0.0023436661688632306,False,False,False,False,100000,False,True,False,4.056432374766891,-0.015520138019178602,9.773293472886978,0.016445980163649673,True,Cruise
1,125,1675399695.9792814,49.82422503733525,-0.0023436661688632306,False,False,False,False,100000,False,True,False,4.056364840240831,-0.04216710185609455,9.773270583047998,0.010149439311955166,True,Cruise
1,126,1675399696.079235,49.771261056392696,-0.0030498525814307027,False,False,False,False,100000,False,True,False,4.056359856681689,-0.05238395697542255,9.773265231556593,0.010216857736293522,True,Cruise
1,127,1675399696.1792605,49.784915156516654,-0.002867797913111269,False,False,False,False,100000,False,True,False,4.056359856681689,-0.05238395697542255,9.773265231556593,0.010216857736293522,True,Cruise
1,128,1675399696.2792323,49.736601100805004,-0.00351198532260002,False,False,False,False,100000,False,True,False,4.05637929578178,-0.09975086538240141,9.773304964740804,0.009162357726813142,True,Cruise
1,129,1675399696.3792448,49.736601100805004,-0.00351198532260002,False,False,False,False,100000,False,True,False,4.056392430990052,-0.10011295408068673,9.773322258205953,0.007269275836365138,True,Cruise
1,130,1675399696.4793086,49.94414769486441,0.0007446974018077913,False,False,False,False,100000,False,True,False,4.056383728078946,-0.10738219320448597,9.773343659269635,0.007269275836365138,True,Cruise
1,131,1675399696.5793276,49.94414769486441,0.0007446974018077913,False,False,False,False,100000,False,True,False,4.056392091108294,-0.11324695841049977,9.773387542420176,0.0013454225683612374,True,Cruise
1,132,1675399696.6793199,49.94414769486441,0.0007446974018077913,False,False,False,False,100000,False,True,False,4.056435614598165,-0.12462166258007637,9.773430781922508,0.0013454225683612374,True,Cruise
1,133,1675399696.7795382,49.94414769486441,0.0007446974018077913,False,False,False,False,100000,False,True,False,4.056694462279418,-0.07884941394458692,9.773431990798771,0.02990163331091221,True,Cruise
1,134,1675399696.8793595,49.94414769486441,0.0007446974018077913,False,False,False,False,100000,False,True,False,4.056944015089874,-0.037337031499377185,9.773465527904442,0.011611527828522858,True,Cruise
1,135,1675399696.9793246,49.94414769486441,0.0007446974018077913,False,False,False,False,100000,False,True,False,4.0569667768090385,-0.03127533850708948,9.77349028305993,0.006061786275210668,True,Cruise
1,136,1675399697.0793073,49.95282174081683,0.0006290434557756465,False,False,False,False,100000,False,True,False,4.0569667768090385,-0.03127533850708948,9.77349028305993,0.006760896231964912,True,Cruise
1,137,1675399697.17937,49.95282174081683,0.0006290434557756465,False,False,False,False,100000,False,True,False,4.056913157907699,0.017077723207014273,9.773601359639256,0.02194322579968971,True,Cruise
1,138,1675399697.2792568,49.95282174081683,0.0006290434557756465,False,False,False,False,100000,False,True,False,4.05691486062988,0.02524212566526989,9.773616108245717,0.007212340642254908,True,Cruise
1,139,1675399697.3793085,49.79429012724223,-0.0027427983034370267,False,False,False,False,100000,False,True,False,4.056919995825998,0.03245445427705838,9.77362823941466,0.007212340642254908,True,Cruise
1,140,1675399697.4793026,49.79429012724223,-0.0027427983034370267,False,False,False,False,100000,False,True,False,4.056931404299983,0.04371959884264317,9.773645460676143,0.01329618517093899,True,Cruise
1,141,1675399697.5792546,49.79429012724223,-0.0027427983034370267,False,False,False,False,100000,False,True,False,4.056918511555917,0.022496644072043406,9.77365841833868,0.022700611141016697,True,Cruise
1,142,1675399697.6792421,49.85198880203827,-0.0019734826394897055,False,False,False,False,100000,False,True,False,4.056887210625639,-0.00020394495839230124,9.773663327379028,0.022700611141016697,True,Cruise
1,143,1675399697.7792914,49.85198880203827,-0.0019734826394897055,False,False,False,False,100000,False,True,False,4.056797057325584,-0.02081214872942795,9.773659805127087,0.022700611141016697,True,Cruise
1,144,1675399697.8792558,49.85198880203827,-0.0019734826394897055,False,False,False,False,100000,False,True,False,4.056801248839378,-0.020339442309754548,9.773651239939044,0.004299814952744181,True,Cruise
1,145,1675399697.979254,49.85198880203827,-0.0019734826394897055,False,False,False,False,100000,False,True,False,4.056803684332106,-0.02463924681375497,9.77364207895682,0.008599148772498373,True,Cruise
1,146,1675399698.0794017,49.91493883475797,-0.0011341488698937028,False,False,False,False,100000,False,True,False,4.056800690475643,-0.033238389754603956,9.773632522219364,0.009540184596275387,True,Cruise
1,147,1675399698.1792593,49.91493883475797,-0.0011341488698937028,False,False,False,False,100000,False,True,False,4.056768351762206,-0.0611621091950873,9.773602665712566,0.009678496831569516,True,Cruise
1,148,1675399698.2792304,49.91493883475797,-0.0011341488698937028,False,False,False,False,100000,False,True,False,4.05679713331383,-0.05597827769489507,9.773578385766656,0.005183968259535591,True,Cruise
1,149,1675399698.3792746,49.91493883475797,-0.0011341488698937028,False,False,False,False,100000,False,True,False,4.05679713331383,-0.05597827769489507,9.773578385766656,0.005183968259535591,True,Cruise
1,150,1675399698.4793909,49.93881019019108,-0.0008158641307856006,False,False,False,False,100000,False,True,False,4.056774581882186,-0.05963557068343873,9.773551004422655,0.000384670624556028,True,Cruise
1,151,1675399698.5792708,49.93881019019108,-0.0008158641307856006,False,False,False,False,100000,False,True,False,4.056761278402211,-0.05484973916135859,9.7735351340627,0.005170226888422515,True,Cruise
1,152,1675399698.6793008,49.93881019019108,-0.0008158641307856006,False,False,False,False,100000,False,True,False,4.056753817118939,-0.04679930585886969,9.773522017875399,0.0034547019279573,True,Cruise
1,153,1675399698.779286,49.78663525728139,-0.0028448632362480745,False,False,False,False,100000,False,True,False,4.056753817118939,-0.04679930585886969,9.773522017875399,0.0034547019279573,True,Cruise
1,154,1675399698.8793206,49.78663525728139,-0.0028448632362480745,False,False,False,False,100000,False,True,False,4.056733089187261,-0.027709415505636624,9.773506737436769,0.009235683380567357,True,Cruise
1,155,1675399698.9792986,49.78663525728139,-0.0028448632362480745,False,False,False,False,100000,False,True,False,4.056611683478041,-0.06054108309788988,9.773514090382275,0.012513535275912794,True,Cruise
1,156,1675399699.0793269,49.78663525728139,-0.0028448632362480745,False,False,False,False,100000,False,True,False,4.056611683478041,-0.06054108309788988,9.773514090382275,0.012513535275912794,True,Cruise
1,157,1675399699.1793149,48.891712690683306,-0.014777164124222619,False,False,False,False,100000,False,True,False,4.056561238619507,-0.06370080761557487,9.773514246200259,0.000277227610042434,True,Cruise
1,158,1675399699.2792914,48.891712690683306,-0.014777164124222619,False,False,False,False,100000,False,True,False,4.0565562649632385,-0.06480067964428536,9.77351305062091,0.0010998839239694305,True,Cruise
1,159,1675399699.3793645,48.891712690683306,-0.014777164124222619,False,False,False,False,100000,False,True,False,4.0565562649632385,-0.06480067964428536,9.77351305062091,0.0010998839239694305,True,Cruise
1,160,1675399699.4793124,49.839851151003536,-0.0021353179866195277,False,False,False,False,100000,False,True,False,4.053152745821492,-0.33454293647222616,9.773702622390944,0.02025534426363974,True,Cruise
1,161,1675399699.5793173,49.839851151003536,-0.0021353179866195277,False,False,False,False,100000,False,True,False,4.052733733817687,-0.39332989922123374,9.773667171917046,0.12132205426626662,True,Cruise
1,162,1675399699.6792989,49.839851151003536,-0.0021353179866195277,False,False,False,False,100000,False,True,False,4.055087605409285,-0.2720309568675532,9.773408862421102,0.12132205426626662,True,Cruise
1,163,1675399699.7792964,49.839851151003536,-0.0021353179866195277,False,False,False,False,100000,False,True,False,4.057548342144501,-0.20723901346782625,9.773209240584942,0.0008965786274998756,True,Cruise
1,164,1675399699.8792753,49.83555607226366,-0.0021925857031512464,False,False,False,False,100000,False,True,False,4.235325319944154,-0.05527044410344151,9.770933687774635,0.23388945690395874,True,Cruise
1,165,1675399699.9793324,49.83555607226366,-0.0021925857031512464,False,False,False,False,100000,False,True,False,4.235325319944154,-0.05527044410344151,9.770933687774635,0.23388945690395874,True,Cruise
1,166,1675399700.079354,49.83555607226366,-0.0021925857031512464,False,False,False,False,100000,False,True,False,4.1390444136256646,-0.14194756223082597,9.77875926036919,0.054978717193242474,True,Cruise
1,167,1675399700.1793423,49.851586561564496,-0.001978845845806705,False,False,False,False,100000,False,True,False,4.071481693006571,-0.15832809664341232,9.781969961658017,0.010605563639121955,True,Cruise
1,168,1675399700.2792819,49.851586561564496,-0.001978845845806705,False,False,False,False,100000,False,True,False,4.071481693006571,-0.15832809664341232,9.781969961658017,0.010605563639121955,True,Cruise
1,169,1675399700.379275,49.851586561564496,-0.001978845845806705,False,False,False,False,100000,False,True,False,4.0706766722873375,-0.1566266131286746,9.780837217026185,0.002196864791074517,True,Cruise
1,170,1675399700.4792678,49.85531285378719,-0.0019291619495041465,False,False,False,False,100000,False,True,False,4.081409574448917,-0.1492361158843253,9.77633355836882,0.0050667780712001075,True,Cruise
1,171,1675399700.5793927,49.85531285378719,-0.0019291619495041465,False,False,False,False,100000,False,True,False,4.083339194111104,-0.14415455834806143,9.7750680666412,0.005580961238687707,True,Cruise
1,172,1675399700.6794357,49.85531285378719,-0.0019291619495041465,False,False,False,False,100000,False,True,False,4.083653112831236,-0.13786381928387192,9.774005562294828,0.008120209203095974,True,Cruise
1,173,1675399700.779276,49.846442620901065,-0.002047431721319158,False,False,False,False,100000,False,True,False,4.082881865298311,-0.1298314557878483,9.773097756471566,0.008485519465731232,True,Cruise
1,174,1675399700.8792877,49.846442620901065,-0.002047431721319158,False,False,False,False,100000,False,True,False,4.076645469927851,-0.10557721977918007,9.771110947403475,0.008234931871218753,True,Cruise
1,175,1675399700.9793124,49.846442620901065,-0.002047431721319158,False,False,False,False,100000,False,True,False,4.076645469927851,-0.10557721977918007,9.771110947403475,0.008234931871218753,True,Cruise
1,176,1675399701.0793278,49.838562510346826,-0.0021524998620423507,False,False,False,False,100000,False,True,False,4.066592857141823,-0.08197704631353732,9.76956361318333,0.005678373852677775,True,Cruise
1,177,1675399701.1792347,49.838562510346826,-0.0021524998620423507,False,False,False,False,100000,False,True,False,4.061647820175671,-0.07369582100694454,9.769199207131914,0.002564187605619245,True,Cruise
1,178,1675399701.2793207,49.838562510346826,-0.0021524998620423507,False,False,False,False,100000,False,True,False,4.057508802618588,-0.07142121288094609,9.76902418251654,0.0021737291403243473,True,Cruise
1,179,1675399701.3792393,49.85816810829796,-0.001891091889360582,False,True,False,False,100000,False,True,False,4.055673838711196,-0.07076504422121863,9.769009352154475,0.0019488124053069088,True,Cruise
1,180,1675399701.4792645,49.85816810829796,-0.001891091889360582,False,True,False,False,100000,False,True,False,4.080397747005281,0.19631018046477586,9.803533473212967,0.27042995806173215,True,Cruise
1,181,1675399701.5793655,49.85816810829796,-0.001891091889360582,False,True,False,False,100000,False,True,False,4.075432147298109,0.11386262132582416,9.799342836775192,0.27042995806173215,True,Cruise
1,182,1675399701.679263,49.76522477565031,-0.0031303363246625695,False,True,False,False,100000,False,True,False,4.0699862689203705,0.035919418836978696,9.79517713353235,0.0711644267060557,True,Cruise
1,183,1675399701.7792509,49.76522477565031,-0.0031303363246625695,False,True,False,False,100000,False,True,False,3.8791313107174656,0.011792088143310548,9.783235502552472,0.20066711734726936,True,Cruise
1,184,1675399701.879208,49.76522477565031,-0.0031303363246625695,False,True,False,False,100000,False,True,False,3.895887567819862,-0.05947997879135032,9.776734231468055,0.07350337545265159,True,Cruise
1,185,1675399701.979315,49.86975327685411,-0.0017366229752785011,False,True,False,False,100000,False,True,False,3.9791809258389836,-0.14881937549074875,9.763581729754014,0.12285072077139768,True,Cruise
1,186,1675399702.079278,49.86975327685411,-0.0017366229752785011,False,True,False,False,100000,False,True,False,4.023936205205113,-0.22457647630471134,9.756247330307309,0.041421757804357716,True,Cruise
1,187,1675399702.179282,49.86975327685411,-0.0017366229752785011,False,True,False,False,100000,False,True,False,4.023936205205113,-0.22457647630471134,9.756247330307309,0.012381547589517403,True,Cruise
1,188,1675399702.2792573,49.86975327685411,-0.0017366229752785011,False,True,False,False,100000,False,True,False,4.0224176725410326,-0.2605556047576381,9.754834344152213,0.014145369169488215,True,Cruise
1,189,1675399702.3793354,49.88567157126841,-0.001524379049754455,False,True,False,False,100000,False,True,False,4.01243190518419,-0.274021824327395,9.756159386569323,0.006090187600476529,True,Cruise
1,190,1675399702.4793165,49.88567157126841,-0.001524379049754455,False,True,False,False,100000,False,True,False,4.01243190518419,-0.274021824327395,9.756159386569323,0.006090187600476529,True,Cruise
1,191,1675399702.5792964,49.88567157126841,-0.001524379049754455,False,True,False,False,100000,False,True,False,4.01243190518419,-0.274021824327395,9.756159386569323,0.02624956589845835,True,Cruise
1,192,1675399702.67933,49.92028421142239,-0.0010628771810347866,False,True,False,False,100000,False,True,False,4.010130989432193,-0.23459386675613159,9.759332962159263,0.013652501479633235,True,Cruise
1,193,1675399702.7792578,49.92028421142239,-0.0010628771810347866,False,True,False,False,100000,False,True,False,4.018354801621249,-0.18132066404598304,9.76192829194371,0.015293384589335945,True,Cruise
1,194,1675399702.879268,49.92028421142239,-0.0010628771810347866,False,True,False,False,100000,False,True,False,4.018354801621249,-0.18132066404598304,9.76192829194371,0.021201130205850738,True,Cruise
1,195,1675399702.9792964,49.92028421142239,-0.0010628771810347866,False,True,False,False,100000,False,True,False,4.0252996045334655,-0.14270957376551308,9.763766965899237,0.01807917918800285,True,Cruise
1,196,1675399703.0792532,49.92816473412094,-0.0009578035450541433,False,True,False,False,100000,False,True,False,4.0252996045334655,-0.14270957376551308,9.763766965899237,0.14007788351618466,True,Cruise
1,197,1675399703.1792653,49.92816473412094,-0.0009578035450541433,False,True,False,False,100000,False,True,False,4.026175839654053,-0.0030568979200984473,9.752896096954998,0.14007788351618466,True,Cruise
1,198,1675399703.279383,49.96770328208813,0.00043062290549159454,False,True,False,False,100000,False,True,False,4.019673322026306,0.22888834575665448,9.736438377440283,0.014070459642910526,True,Cruise
1,199,1675399703.3792868,49.91971245913449,0.001070500544873424,False,True,False,False,100000,False,True,False,4.025770401014748,0.20729293403349425,9.742359568573516,0.023207685884645644,True,Cruise
1,200,1675399703.479258,49.70563956682518,0.0039248057756642914,False,True,False,False,100000,False,True,False,4.039178180359088,0.20971839992866395,9.75409802153329,0.012527168361851675,True,Cruise
1,201,1675399703.5792832,49.20664562059062,-0.010578058392125065,False,True,False,False,100000,False,True,False,4.039178180359088,0.20971839992866395,9.75409802153329,0.012527168361851675,True,Cruise
1,202,1675399703.6792014,49.535372960421334,0.006195027194382223,False,True,False,False,100000,False,True,False,4.052149809009234,0.19280287539399288,9.765244642050405,0.020463374086183258,True,Cruise
1,203,1675399703.7792625,48.983835728876784,0.013548856948309521,False,True,False,False,100000,False,True,False,4.057989694158316,0.21171688136746136,9.770431722006624,0.07071229868710706,True,Cruise
1,204,1675399703.8792508,49.32886261970987,0.008948498403868401,False,True,False,False,100000,False,True,False,4.0680612441226875,0.16936449184128483,9.77975327371693,0.028732749202179605,True,Cruise
1,205,1675399703.979292,49.4116467657422,0.007844709790104095,False,True,False,False,100000,False,True,False,4.075100573069567,0.2868904592222226,9.787426325102478,0.009215269572489375,True,Cruise
1,206,1675399704.0792978,49.30261528939567,0.009298462808057769,False,True,False,False,100000,False,True,False,4.079110615377081,0.4001898546892986,9.793150574659483,0.04214334437037079,True,Cruise
1,207,1675399704.1792798,49.30261528939567,0.009298462808057769,False,True,False,False,100000,False,True,False,4.079110615377081,0.4001898546892986,9.793150574659483,0.054419319188972075,True,Cruise
1,208,1675399704.2793818,49.49209224507447,0.006772103399007167,False,True,False,False,100000,False,True,False,4.084083091936711,0.37204351794443286,9.797734259562265,0.026060100268814907,True,Cruise
1,209,1675399704.3793416,48.89104738113261,0.014786034918231928,False,True,False,False,100000,False,True,False,4.084573692455645,0.41633170237843226,9.798331499496014,0.0005458298257831143,True,Cruise
1,210,1675399704.4817739,48.89104738113261,0.014786034918231928,False,True,False,False,100000,False,True,False,4.085083721709073,0.4161839638913451,9.798457886595019,1.0069751291477607,True,Cruise
1,211,1675399704.5793674,49.49344889189846,0.006754014774687179,False,True,False,False,100000,False,True,False,1.724986355686294,0.5592810392194169,9.994125660041801,0.7014178210342691,True,Cruise
1,212,1675399704.681811,49.49344889189846,0.006754014774687179,False,True,False,False,100000,False,True,False,1.2221962857001567,0.5314138898232709,10.019157027351312,0.5041835001678612,True,Cruise
1,213,1675399704.7859247,49.694781362049724,0.004069581839337034,False,True,False,False,100000,False,True,False,1.2221962857001567,0.5314138898232709,10.019157027351312,1.375102878137505,True,Cruise
1,214,1675399704.8793552,49.694781362049724,0.004069581839337034,False,True,False,False,100000,False,True,False,2.58628325770241,0.5113855281363832,9.846606967936912,0.34104526042198174,True,Cruise
1,215,1675399704.980057,49.20767023190321,0.010564396907957165,False,True,False,False,100000,False,True,False,3.0311246389548048,0.4451779045820698,9.766533448476535,0.4257143559529758,True,Cruise
1,216,1675399705.080782,49.20767023190321,0.010564396907957165,False,True,False,False,100000,False,True,False,3.0311246389548048,0.4451779045820698,9.766533448476535,0.4257143559529758,True,Cruise
1,217,1675399705.1829734,49.34275412919861,0.00876327827735186,False,True,False,False,100000,False,True,False,-1.6668734637686178,0.7694805826705452,10.124777849982049,1.691353111574877,True,Cruise
1,218,1675399705.280825,49.34275412919861,0.00876327827735186,False,True,False,False,100000,False,True,False,-1.6668734637686178,0.7694805826705452,10.124777849982049,1.1288433813431702,True,Cruise
1,219,1675399705.3792648,49.34275412919861,0.00876327827735186,False,True,False,False,100000,False,True,False,-0.15064925758649533,0.6403034333416578,9.873621257785349,1.5423041895570422,True,Cruise
1,220,1675399705.4792573,49.34275412919861,0.00876327827735186,False,True,False,False,100000,False,True,False,-0.06262875105328455,0.6130265124561196,9.834814049129792,0.09998819643835395,True,Cruise
1,221,1675399705.5792856,49.90817477116116,-0.0012243363845179105,False,True,False,False,100000,False,True,False,-0.14260491483901455,0.5886138207745202,9.785956877369857,0.07327900527681391,True,Cruise
1,222,1675399705.6792786,49.472351853460886,0.007035308620521484,False,True,False,False,100000,False,True,False,-0.23626910991493585,0.578694665062574,9.7690556659742,0.9000248206520901,True,Cruise
1,223,1675399705.7792647,49.472351853460886,0.007035308620521484,False,True,False,False,100000,False,True,False,1.489131392696399,0.44532436572592043,9.573867092655446,0.850871751098856,True,Cruise
1,224,1675399705.8792746,49.472351853460886,0.007035308620521484,False,True,False,False,100000,False,True,False,1.489131392696399,0.44532436572592043,9.573867092655446,0.850871751098856,True,Cruise
1,225,1675399705.9793,49.34440714011582,0.008741238131789038,False,True,False,False,100000,False,True,False,-0.6621101364104075,0.39211896128324647,9.74564668393542,0.05229982420865175,True,Cruise
1,226,1675399706.079384,49.477274958698345,0.006969667217355432,False,True,False,False,100000,False,True,False,-0.5013558675673785,0.36853534061070814,9.70536609298796,0.1391988889455053,True,Cruise
1,227,1675399706.1794107,49.5744579538742,-0.005673893948343988,False,True,False,False,100000,False,True,False,-0.5013558675673785,0.36853534061070814,9.70536609298796,0.1391988889455053,True,Cruise
1,228,1675399706.2792735,49.5744579538742,-0.005673893948343988,False,True,False,False,100000,False,True,False,-0.5013558675673785,0.36853534061070814,9.70536609298796,0.1391988889455053,True,Cruise
1,229,1675399706.3792868,49.5744579538742,-0.005673893948343988,False,True,False,False,100000,False,True,False,-0.2887609193978297,0.30771101802653195,9.684366008077905,0.05028038533872673,True,Cruise
1,230,1675399706.4792645,49.69131526603343,0.004115796452887636,False,True,False,False,100000,False,True,False,-0.2887609193978297,0.30771101802653195,9.684366008077905,0.7831907241704638,True,Cruise
1,231,1675399706.579293,49.69131526603343,0.004115796452887636,False,True,False,False,100000,False,True,False,1.0677263428852937,0.2631501945588555,9.606969793556823,0.6783814241393127,True,Cruise
1,232,1675399706.6792617,49.36594050560398,-0.008454126591946949,False,True,False,False,100000,False,True,False,1.0677263428852937,0.2631501945588555,9.606969793556823,0.18267033848356104,True,Cruise
1,233,1675399706.779335,49.36594050560398,-0.008454126591946949,False,True,False,False,100000,False,True,False,0.8904620676435927,0.26072094898346965,9.65101440787762,0.18267033848356104,True,Cruise
1,234,1675399706.8792808,48.36197414857752,-0.021840344685633048,False,True,False,False,100000,False,True,False,-1.0348331817289589,-0.04772096827591235,9.856840785532398,0.39608301670451546,True,Cruise
1,235,1675399706.979356,49.61141317094426,0.005181157720743221,False,True,False,False,100000,False,True,False,-1.390435817949787,-0.2179834890574731,9.894777512482088,0.39608301670451546,True,Cruise
1,236,1675399707.0793571,49.61141317094426,0.005181157720743221,False,True,False,False,100000,False,True,False,-0.3982815635316955,-0.2684786826723738,9.798064640285348,0.9981348650291043,True,Cruise
1,237,1675399707.1792803,49.61141317094426,0.005181157720743221,False,True,False,False,100000,False,True,False,-0.3982815635316955,-0.2684786826723738,9.798064640285348,1.1637992239052406,True,Cruise
1,238,1675399707.2792478,49.04964156414197,-0.012671445811440406,False,True,False,False,100000,False,True,False,1.346766285704011,-0.1551259607377098,9.670407522262858,0.6843788317450308,True,Cruise
1,239,1675399707.3793845,49.04964156414197,-0.012671445811440406,False,True,False,False,100000,False,True,False,1.346766285704011,-0.1551259607377098,9.670407522262858,1.3639422080088448,True,Cruise
1,240,1675399707.4793837,49.73769402112963,-0.0034974130516049733,False,True,False,False,100000,False,True,False,0.30510836332813374,-0.10489012509322536,9.812790254589412,1.3875139360978264,True,Cruise
1,241,1675399707.5792553,49.73769402112963,-0.0034974130516049733,False,True,False,False,100000,False,True,False,-1.6697284658246598,-0.775692668131153,9.992545486301065,0.711148783241522,True,Cruise
1,242,1675399707.679278,48.71194531660776,-0.017174062445229857,False,True,False,False,100000,False,True,False,2.0381767806597875,-0.566877272857521,9.660981600414067,1.0885913987777582,True,Cruise
1,243,1675399707.7792876,48.71194531660776,-0.017174062445229857,False,True,False,False,100000,False,True,False,0.7925168951178951,-0.4230366319597654,9.804698903970333,1.2621463242285347,True,Cruise
1,244,1675399707.8794503,49.078727313598826,0.012283635818682304,False,True,False,False,100000,False,True,False,-0.5925278155306017,-0.5948632024850201,9.933318075976715,1.130252606426129,True,Cruise
1,245,1675399707.979272,49.13973845475327,0.01147015393662305,False,True,False,False,100000,False,True,False,-2.0199004157299285,-0.3279413841006643,10.023622789228389,0.4379669396970124,True,Cruise
1,246,1675399708.0792422,49.13973845475327,0.01147015393662305,False,True,False,False,100000,False,True,False,-2.0199004157299285,-0.3279413841006643,10.023622789228389,0.9693256649165503,True,Cruise
1,247,1675399708.1793113,49.13973845475327,0.01147015393662305,False,True,False,False,100000,False,True,False,-0.23293543431270286,-0.13353877522918683,9.823556331207508,0.8421229461239452,True,Cruise
1,248,1675399708.2793505,49.20902165562579,0.01054637792498946,False,True,False,False,100000,False,True,False,-0.23293543431270286,-0.13353877522918683,9.823556331207508,0.8421229461239452,True,Cruise
1,249,1675399708.3792903,49.20902165562579,0.01054637792498946,False,True,False,False,100000,False,True,False,0.4278097582676891,0.033109599106662585,9.747646050754389,0.12409989142163495,True,Cruise
1,250,1675399708.4793403,48.91974720903215,-0.014403370546237963,False,True,False,False,100000,False,True,False,0.2173768599425045,0.2724294731996974,9.767057771348894,1.1443974086725373,True,Cruise
1,251,1675399708.5792665,49.98718598916775,0.00017085347776334413,False,True,False,False,100000,False,True,False,-0.9432812410208412,0.3889834814735373,9.857247451640825,0.03263787443476634,True,Cruise
1,252,1675399708.6792936,49.98718598916775,0.00017085347776334413,False,True,False,False,100000,False,True,False,0.221258335624991,0.29613596275902965,9.738684781139268,1.17423600444815,True,Cruise
1,253,1675399708.8018985,48.40189323441046,0.02130809020786056,False,True,False,False,100000,False,True,False,0.221258335624991,0.29613596275902965,9.738684781139268,1.17423600444815,True,Cruise
1,254,1675399708.8792522,48.40189323441046,0.02130809020786056,False,True,False,False,100000,False,True,False,2.7799256324685477,0.5484011909113873,9.541374095828905,2.578632891244723,True,Cruise
1,255,1675399708.9792583,49.82389138165127,0.0023481149113163164,False,True,False,False,100000,False,True,False,-0.44814049770492287,0.7388091619458238,9.876652312207183,1.6356701829189255,True,Cruise
1,256,1675399709.0792985,49.82389138165127,0.0023481149113163164,False,True,False,False,100000,False,True,False,0.3043855443408129,0.9297673026066641,9.795121267389753,0.7806457370092325,True,Cruise
1,257,1675399709.1792674,49.36206951240754,-0.008505739834566223,False,True,False,False,100000,False,True,False,1.3377746855311548,0.6584260531248919,9.712647275745582,0.9420786141333289,True,Cruise
1,258,1675399709.2817454,49.36206951240754,-0.008505739834566223,False,True,False,False,100000,False,True,False,2.253804073578626,0.4485419809179563,9.646685531722376,0.9420786141333289,True,Cruise
1,259,1675399709.3792617,49.36206951240754,-0.008505739834566223,False,True,False,False,100000,False,True,False,0.9636337771292097,0.4075304879407633,9.79809872461015,1.2996719937649897,True,Cruise
1,260,1675399709.479227,49.428685355989025,0.00761752858681299,False,True,False,False,100000,False,True,False,-1.1928543603371142,-0.01573740818859255,9.988713112384376,2.205885455719152,True,Cruise
1,261,1675399709.579254,49.694565755967886,0.004072456587094862,False,True,False,False,100000,False,True,False,-0.3403972615329369,0.03531775216144904,9.899211096837686,0.3979263704229413,True,Cruise
1,262,1675399709.6792164,49.694565755967886,0.004072456587094862,False,True,False,False,100000,False,True,False,1.221076081733074,0.17107867078229544,9.752032848944088,1.1924623778461942,True,Cruise
1,263,1675399709.779231,48.919786246664465,0.014402850044473814,False,True,False,False,100000,False,True,False,2.0440692742274678,0.11499642986419524,9.687077182821197,0.8274552865260931,True,Cruise
1,264,1675399709.879306,48.919786246664465,0.014402850044473814,False,True,False,False,100000,False,True,False,1.759990362847305,-0.01821396330285097,9.730207383786693,0.48909488724883865,True,Cruise
1,265,1675399709.9793718,49.303615844206014,0.009285122077253176,False,True,False,False,100000,False,True,False,1.2816609141633792,-0.106464488234691,9.78145767260481,0.48909488724883865,True,Cruise
1,266,1675399710.0793025,49.303615844206014,0.009285122077253176,False,True,False,False,100000,False,True,False,-2.2504274478025588,0.10302470850146941,10.086743019868683,3.551440984099047,True,Cruise
1,267,1675399710.1793246,49.303615844206014,0.009285122077253176,False,True,False,False,100000,False,True,False,-1.2497758839111455,0.19063130631710506,9.93188919493186,0.5565400270318968,True,Cruise
1,268,1675399710.2792535,49.32585124750836,0.008988650033221869,False,True,False,False,100000,False,True,False,-0.2147674344520526,0.2589030199857583,9.828075275943144,1.0424398529962131,True,Cruise
1,269,1675399710.3792677,49.00187493492427,-0.013308334201009799,False,True,False,False,100000,False,True,False,0.11325603306934326,0.24088119306368536,9.790533400641909,0.21482079700692244,True,Cruise
1,270,1675399710.4793139,49.00187493492427,-0.013308334201009799,False,True,False,False,100000,False,True,False,-0.33509584414200305,0.3180338292825848,9.817661956908736,0.662774074581247,True,Cruise
1,271,1675399710.5792856,49.00187493492427,-0.013308334201009799,False,True,False,False,100000,False,True,False,-0.33509584414200305,0.3180338292825848,9.817661956908736,0.662774074581247,True,Cruise
1,272,1675399710.6940136,48.97433677007873,0.013675509732283595,False,True,False,False,100000,False,True,False,-1.4076939683116902,0.19095410114750244,9.845237508959444,0.40728605148314456,True,Cruise
1,273,1675399710.7792954,49.50844008860791,-0.006554132151894496,False,True,False,False,100000,False,True,False,-1.078123221711196,0.6344481526236453,9.801070036146294,0.5543055261895115,True,Cruise
1,274,1675399710.8839397,49.50844008860791,-0.006554132151894496,False,True,False,False,100000,False,True,False,-1.078123221711196,0.6344481526236453,9.801070036146294,1.2862753494536572,True,Cruise
1,275,1675399710.9806497,49.418023964038056,0.007759680479492579,False,True,False,False,100000,False,True,False,1.240971049214836,0.19398154202657725,9.576766215567607,1.1351825124094594,True,Cruise
1,276,1675399711.0792687,49.418023964038056,0.007759680479492579,False,True,False,False,100000,False,True,False,1.6285184709521898,-0.2902526666751629,9.566875662323897,0.12906089063200465,True,Cruise
1,277,1675399711.1793842,49.68445531796847,0.004207262427087052,False,True,False,False,100000,False,True,False,1.6285184709521898,-0.2902526666751629,9.566875662323897,0.12906089063200465,True,Cruise
1,278,1675399711.27939,49.68445531796847,0.004207262427087052,False,True,False,False,100000,False,True,False,1.6285184709521898,-0.2902526666751629,9.566875662323897,0.12906089063200465,True,Cruise
1,279,1675399711.37941,49.68445531796847,0.004207262427087052,False,True,False,False,100000,False,True,False,1.028307740669367,0.1472385259051212,9.666745313139408,1.521391074175435,True,Cruise
1,280,1675399711.494212,48.72287592241143,-0.017028321034514276,False,True,False,False,100000,False,True,False,1.5227513449480394,0.018704783964567907,9.671484516557639,0.8489308303682754,True,Cruise
1,281,1675399711.5793762,49.34211649421518,-0.008771780077130927,False,True,False,False,100000,False,True,False,0.1850951929678482,0.06872276781411107,9.820214647678688,1.2272395360906414,True,Cruise
1,282,1675399711.6792574,49.34211649421518,-0.008771780077130927,False,True,False,False,100000,False,True,False,-1.9167479932773588,-0.08805330475276299,10.019403759569359,0.9289155075609912,True,Cruise
1,283,1675399711.779417,49.34211649421518,-0.008771780077130927,False,True,False,False,100000,False,True,False,-1.9167479932773588,-0.08805330475276299,10.019403759569359,0.9289155075609912,True,Cruise
1,284,1675399711.879332,48.348212813070845,0.022023829159055427,False,True,False,False,100000,False,True,False,-1.9167479932773588,-0.08805330475276299,10.019403759569359,0.4760743916022466,True,Cruise
1,285,1675399711.9793172,48.198181839467914,0.02402424214042779,False,True,False,False,100000,False,True,False,0.3078331354080122,-0.06447513966758284,9.813665731145704,0.21098542046797364,True,Cruise
1,286,1675399712.07926,48.198181839467914,0.02402424214042779,False,True,False,False,100000,False,True,False,-1.5578749548268869,0.1661299806195603,9.98562871802935,0.770616135586719,True,Cruise
1,287,1675399712.1792662,49.95764133623365,0.0005647821835513598,False,True,False,False,100000,False,True,False,-2.298903820384202,0.37082058584106886,10.038800185674127,0.770616135586719,True,Cruise
1,288,1675399712.293732,49.95764133623365,0.0005647821835513598,False,True,False,False,100000,False,True,False,-3.1416447567028536,0.4315076422712534,10.06917825963745,0.3248590928065711,True,Cruise
1,289,1675399712.379325,49.95764133623365,0.0005647821835513598,False,True,False,False,100000,False,True,False,-3.1416447567028536,0.4315076422712534,10.06917825963745,0.3248590928065711,True,Cruise
1,290,1675399712.4793265,48.358125704701166,0.021891657270651146,False,True,False,False,100000,False,True,False,-3.1416447567028536,0.4315076422712534,10.06917825963745,0.3248590928065711,True,Cruise
1,291,1675399712.5792499,49.17888509538603,0.010948198728186259,False,True,False,False,100000,False,True,False,0.7805266862083551,0.1671424950266894,9.70142424777568,1.5503725574619116,True,Cruise
1,292,1675399712.679331,49.17888509538603,0.010948198728186259,False,True,False,False,100000,False,True,False,-0.8322203986225898,0.5327529999848393,9.846684736939851,1.6600375931522389,True,Cruise
1,293,1675399712.7792952,49.6576692122583,-0.004564410503222699,False,True,False,False,100000,False,True,False,-0.6022832859035976,0.9140132676018606,9.808493627355979,0.4468657833401396,True,Cruise
1,294,1675399712.8793747,49.6576692122583,-0.004564410503222699,False,True,False,False,100000,False,True,False,0.990700314828038,0.6419295011200826,9.66538702105792,1.0750172047813642,True,Cruise
1,295,1675399712.9792697,49.6576692122583,-0.004564410503222699,False,True,False,True,100000,False,True,False,0.990700314828038,0.6419295011200826,9.66538702105792,1.0750172047813642,True,Cruise
1,296,1675399713.0939593,49.416043929660866,0.007786080937855058,False,True,False,True,100000,False,True,False,2.813093484017199,0.22729104216313117,9.559410352689733,0.39828763230102504,True,Cruise
1,297,1675399713.1898003,49.51365597440738,0.006484587007901633,False,True,False,True,100000,False,True,False,2.4371674889890476,0.3420191071113267,9.623832052599727,0.39828763230102504,True,Cruise
1,298,1675399713.2857053,49.51365597440738,0.006484587007901633,False,True,False,True,100000,False,True,False,-0.35142796544824,0.48644804091288163,9.917337360517937,1.1006229417189393,True,Cruise
1,299,1675399713.3816986,49.854591579814524,-0.0019387789358063638,False,True,False,True,100000,False,True,False,-0.4365790262845633,0.43392442565534906,9.925878182763805,0.10041105001894986,True,Cruise
1,300,1675399713.479414,49.854591579814524,-0.0019387789358063638,False,True,False,True,100000,False,True,False,0.6272233473313082,0.36855364478134023,9.845413520005266,0.20382876797658248,True,Cruise
1,301,1675399713.579446,49.854591579814524,-0.0019387789358063638,True,True,False,True,16.40590998821527,False,False,False,0.6272233473313082,0.36855364478134023,9.845413520005266,0.20382876797658248,True,Keep distance
1,302,1675399713.6793308,30.608864982322906,-0.010754204198484687,True,True,False,True,16.40590998821527,False,False,False,2.65808717384116,0.16832811545252355,9.718199811967317,0.4826241058212205,True,Keep distance
1,303,1675399713.7793207,30.608864982322906,-0.012805840181318839,True,True,False,True,16.40590998821527,False,False,False,-0.848952560744635,0.1408484357675338,10.072489874388838,1.4605772860901716,True,Keep distance
1,304,1675399713.879339,30.608864982322906,-0.012805840181318839,True,True,False,True,16.40590998821527,False,False,False,-1.8699989418888872,0.0012361131453861906,10.15120751317327,1.0335491181997694,True,Keep distance
1,305,1675399713.9792323,30.608864982322906,-0.021666135757725673,True,True,False,True,16.40590998821527,False,False,False,-2.8390967958591857,-0.3024690473680981,10.180351426759046,0.36712839219742643,True,Keep distance
1,306,1675399714.079331,30.608864982322906,-0.021666135757725673,True,True,False,True,16.40590998821527,False,False,False,-2.8390967958591857,-0.3024690473680981,10.180351426759046,0.36712839219742643,True,Keep distance
1,307,1675399714.1792908,30.608864982322906,-0.020134574657946495,True,True,False,True,16.40590998821527,False,False,False,-3.2825135589937497,-0.746774844447943,10.110469067396531,0.36712839219742643,True,Keep distance
1,308,1675399714.2792504,30.608864982322906,-0.020134574657946495,True,True,False,True,16.40590998821527,False,False,False,-3.435226854185726,-0.8683577988719428,10.079012721866416,0.1977201735002527,True,Keep distance
1,309,1675399714.379285,30.608864982322906,-0.01968810279492631,True,True,False,True,16.40590998821527,False,False,False,-3.7763512512318584,-1.0175724685300733,10.013522677551856,0.1830464509195689,True,Keep distance
1,310,1675399714.4792564,30.608864982322906,-0.01968810279492631,True,True,False,True,16.40590998821527,False,False,False,-4.132492620753281,-1.170052736237702,9.945776816021237,0.19128581898551872,True,Keep distance
1,311,1675399714.5792704,30.608864982322906,-0.02151085006302466,True,True,False,True,16.40590998821527,False,False,False,-4.294506237342697,-1.230083956989568,9.91055108067922,0.17633210670699587,True,Keep distance
1,312,1675399714.6793664,30.608864982322906,-0.02151085006302466,True,True,False,True,16.40590998821527,False,False,False,-4.294506237342697,-1.230083956989568,9.91055108067922,0.17633210670699587,True,Keep distance
1,313,1675399714.7792962,28.188866526487015,-0.004880153189126361,True,True,False,True,14.792577684324677,False,False,False,-4.294506237342697,-1.230083956989568,9.91055108067922,0.4101614742677388,True,Keep distance
1,314,1675399714.8792522,28.188866526487015,-0.004880153189126361,True,True,False,True,14.792577684324677,False,False,False,-4.734468733297104,-1.4274653236794255,9.765316122363181,0.4384389828407146,True,Keep distance
1,315,1675399714.9792697,28.188866526487015,-0.013951773396506162,True,True,False,True,14.792577684324677,False,False,False,-4.758988388824032,-0.9897747127046771,9.757936608030063,0.15368728407347076,True,Keep distance
1,316,1675399715.079299,28.188866526487015,-0.013951773396506162,True,True,False,True,14.792577684324677,False,False,False,-4.841698462735862,-0.8785618953479214,9.662715985104516,0.11586457146446098,True,Keep distance
1,317,1675399715.1792855,28.188866526487015,-0.023952128287756384,True,True,False,True,14.792577684324677,False,False,False,-4.841698462735862,-0.8785618953479214,9.662715985104516,0.06231420293795177,True,Keep distance
1,318,1675399715.301842,28.188866526487015,-0.023952128287756384,True,True,False,True,14.792577684324677,False,False,False,-4.8390712318456535,-0.9349433954616252,9.636309849632429,0.06231420293795177,True,Keep distance
1,319,1675399715.3977196,28.188866526487015,-0.03174102844452635,True,True,False,True,14.792577684324677,False,False,False,-4.820693815603622,-0.909698036216252,9.58336548949731,0.09710540413668575,True,Keep distance
1,320,1675399715.494014,28.188866526487015,-0.03174102844452635,True,True,False,True,14.792577684324677,False,False,False,-4.820693815603622,-0.909698036216252,9.58336548949731,0.014637041958693676,True,Keep distance
1,321,1675399715.5897608,28.188866526487015,-0.007224800267023028,True,True,False,True,14.792577684324677,False,False,False,-4.824871222077339,-0.9216638936263524,9.576043568376795,0.11812213478234575,True,Keep distance
1,322,1675399715.6886375,28.188866526487015,-0.007224800267023028,True,True,False,True,14.792577684324677,False,False,False,-4.02937047004954,-0.7150924200148313,9.479778021492924,0.699275145109784,True,Keep distance
1,323,1675399715.781859,28.188866526487015,0.0005610838313821391,True,True,False,True,14.792577684324677,False,False,False,-4.02937047004954,-0.7150924200148313,9.479778021492924,0.3243896253294442,True,Keep distance
1,324,1675399715.8792799,28.188866526487015,0.0005610838313821391,True,True,False,True,14.792577684324677,False,False,False,-4.0450629251041,-0.36503688330817313,9.52072842269475,0.04955060683759454,True,Keep distance
1,325,1675399715.9792492,25.941642562130426,0.0005610838313821391,True,True,False,True,13.294428374753618,False,False,False,-4.0450629251041,-0.36503688330817313,9.52072842269475,0.04955060683759454,True,Keep distance
1,326,1675399716.0793622,25.941642562130426,-0.006537637814954846,True,True,False,True,13.294428374753618,False,False,False,-4.08116711931354,-0.36176987495910923,9.602290218295938,0.08925532300516151,True,Keep distance
1,327,1675399716.2018807,25.941642562130426,-0.006537637814954846,True,True,False,True,13.294428374753618,False,False,False,-4.043935534644363,-0.28877693101609814,9.628427260073883,0.08291659602505802,True,Keep distance
1,328,1675399716.279308,25.941642562130426,0.0009571887413391055,True,True,False,True,13.294428374753618,False,False,False,-3.943110302150687,-0.29251045346693966,9.680638532413402,0.06381768541311872,True,Keep distance
1,329,1675399716.379272,25.941642562130426,0.0009571887413391055,True,True,False,True,13.294428374753618,False,False,False,-3.846452684551171,-0.32568458838235387,9.733237145693368,0.05323006942683404,True,Keep distance
1,330,1675399716.479258,25.941642562130426,-0.01069653035562648,True,True,False,True,13.294428374753618,False,False,False,-3.8048502747180617,-0.19101172351061174,9.758959462532301,0.1432800705619836,True,Keep distance
1,331,1675399716.5792594,25.941642562130426,-0.01069653035562648,True,True,False,True,13.294428374753618,False,False,False,-3.8048502747180617,-0.19101172351061174,9.758959462532301,0.1432800705619836,True,Keep distance
1,332,1675399716.6792688,25.941642562130426,0.02070823079819834,True,True,False,True,13.294428374753618,False,False,False,-3.7315542287740255,-0.2520554170633657,9.831962053698076,0.1201166982168177,True,Keep distance
1,333,1675399716.7802317,25.941642562130426,-0.013248340365076515,True,True,False,True,13.294428374753618,False,False,False,-3.7199365910600544,-0.26743687591000564,9.853405958302789,0.028834004699312518,True,Keep distance
1,334,1675399716.8806498,25.941642562130426,-0.013248340365076515,True,True,False,True,13.294428374753618,False,False,False,-3.713144685905905,-0.3584752662239039,9.872772969843693,0.42509342373805087,True,Keep distance
1,335,1675399716.981778,25.941642562130426,-0.013248340365076515,True,True,False,True,13.294428374753618,False,False,False,-3.7028959083731996,0.4433946833121016,9.90284370848191,0.42509342373805087,True,Keep distance
1,336,1675399717.085806,25.941642562130426,-0.022192591280838666,True,True,False,True,13.294428374753618,False,False,False,-3.7113013890466204,0.06866577902990739,9.915480980205556,0.37503613752077597,True,Keep distance
1,337,1675399717.189757,25.941642562130426,-0.022192591280838666,True,True,False,True,13.294428374753618,False,False,False,-3.7312997976746147,-0.10554390929389662,9.914779538036433,0.17535519346356926,True,Keep distance
1,338,1675399717.2937238,25.941642562130426,-0.018813938728509467,True,True,False,True,12.170274510758578,False,False,False,-3.7312997976746147,-0.10554390929389662,9.914779538036433,0.17535519346356926,True,Keep distance
1,339,1675399717.3976862,24.25541176613787,-0.018813938728509467,True,True,False,True,12.170274510758578,False,False,False,-3.813833357078286,-0.12495573315468725,9.915878016726463,0.12530968363603912,True,Keep distance
1,340,1675399717.5016413,24.25541176613787,-0.012735041606767871,True,True,False,True,12.170274510758578,False,False,False,-3.849420832799435,-0.28018287612727366,9.917785047538658,0.051290435318127464,True,Keep distance
1,341,1675399717.5792732,24.25541176613787,-0.012735041606767871,True,True,False,True,12.170274510758578,False,False,False,-3.849420832799435,-0.28018287612727366,9.917785047538658,0.07177607012440275,True,Keep distance
1,342,1675399717.6792586,24.25541176613787,-0.013524740051958256,True,True,False,True,12.170274510758578,False,False,False,-3.898199276616831,-0.4839276436174334,9.907100258297344,0.02584424903128594,True,Keep distance
1,343,1675399717.779292,24.25541176613787,-0.013524740051958256,True,True,False,True,12.170274510758578,False,False,False,-3.898199276616831,-0.4839276436174334,9.907100258297344,0.02584424903128594,True,Keep distance
1,344,1675399717.8792489,24.25541176613787,-0.013524740051958256,True,True,False,True,12.170274510758578,False,False,False,-3.898199276616831,-0.4839276436174334,9.907100258297344,0.17795079757210072,True,Keep distance
1,345,1675399717.9792655,24.25541176613787,-0.017461125719821134,True,True,False,True,12.170274510758578,False,False,False,-3.959863023186395,-0.7058795050624259,9.876414688836169,0.024667481475865387,True,Keep distance
1,346,1675399718.079265,24.25541176613787,-0.017461125719821134,True,True,False,True,12.170274510758578,False,False,False,-3.9880686843645727,-0.7891244124697726,9.857459474075922,0.06742693521579245,True,Keep distance
1,347,1675399718.179282,24.25541176613787,-0.006759922330261348,True,True,False,True,12.170274510758578,False,False,False,-3.9880686843645727,-0.7891244124697726,9.857459474075922,0.06742693521579245,True,Keep distance
1,348,1675399718.2818353,24.25541176613787,-0.008281430129437356,True,True,False,True,12.170274510758578,False,False,False,-4.010771156375479,-0.8333631298236287,9.83776968388275,0.01596597177895898,True,Keep distance
1,349,1675399718.385942,24.25541176613787,-0.008281430129437356,True,True,False,True,11.039902061620541,False,False,False,-4.01930330704593,-0.8617602255082082,9.828043884169553,0.031205509424517556,True,Keep distance
1,350,1675399718.4897285,22.559853092430814,-0.0020545071825880733,True,True,False,True,11.039902061620541,False,False,False,-4.027278735888937,-0.5838677944141399,9.800841348956116,0.27933454610312636,True,Keep distance
1,351,1675399718.5941427,22.559853092430814,-0.0020545071825880733,True,True,False,True,11.039902061620541,False,False,False,-4.027278735888937,-0.5838677944141399,9.800841348956116,0.018261582322151543,True,Keep distance
1,352,1675399718.6982338,22.559853092430814,-0.0020657054065811044,True,True,False,True,11.039902061620541,False,False,False,-4.032263328445512,-0.55803508438724,9.786544534658939,0.011805783904399908,True,Keep distance
1,353,1675399718.77928,22.559853092430814,-0.0020657054065811044,True,True,False,True,11.039902061620541,False,False,False,-4.031338602665705,-0.4388543167789386,9.780436771490756,0.09927823515190844,True,Keep distance
1,354,1675399718.8792446,22.559853092430814,0.0005628788057744195,True,True,False,True,11.039902061620541,False,False,False,-4.028613321718501,-0.27332090607897475,9.771125639544973,0.05432237183836415,True,Keep distance
1,355,1675399718.979343,22.559853092430814,0.0005628788057744195,True,True,False,True,11.039902061620541,False,False,False,-4.026652004401414,-0.21913068239181063,9.767886353626393,0.05432237183836415,True,Keep distance
1,356,1675399719.0943465,22.559853092430814,0.0005628788057744195,True,True,False,True,11.039902061620541,False,False,False,-4.0164083899586,-0.02181577328574453,9.763378189221138,0.05432237183836415,True,Keep distance
1,357,1675399719.189859,22.559853092430814,-0.0006724168200562279,True,True,False,True,11.039902061620541,False,False,False,-4.0164083899586,-0.02181577328574453,9.763378189221138,0.07057042296281628,True,Keep distance
1,358,1675399719.285887,22.559853092430814,-0.0006724168200562279,True,True,False,True,11.039902061620541,False,False,False,-4.012124481899781,0.0302425074794968,9.76352894884672,0.052234463651441944,True,Keep distance
1,359,1675399719.3817499,22.559853092430814,0.00022367300273973335,True,True,False,True,11.039902061620541,False,False,False,-4.0029088762327065,0.11155187090422422,9.765977415008635,0.039784785628165044,True,Keep distance
1,360,1675399719.4792814,22.559853092430814,0.0035709148398191393,True,True,False,True,11.039902061620541,False,False,False,-4.0029088762327065,0.11155187090422422,9.765977415008635,0.012896955062318562,True,Keep distance
1,361,1675399719.5792768,22.559853092430814,0.0035709148398191393,True,True,False,True,11.039902061620541,False,False,False,-3.993426449368131,0.13824966141316117,9.770818010908709,0.026553570608224233,True,Keep distance
1,362,1675399719.6793668,22.559853092430814,0.0035709148398191393,True,True,False,True,11.039902061620541,False,False,False,-3.988499170314905,0.16415907484858566,9.773902865623251,0.026553570608224233,True,Keep distance
1,363,1675399719.779286,22.559853092430814,0.0035709148398191393,True,True,False,True,11.039902061620541,False,False,False,-3.988499170314905,0.16415907484858566,9.773902865623251,0.026553570608224233,True,Keep distance
1,364,1675399719.8792632,22.559853092430814,0.0015428832163072944,True,True,False,True,11.039902061620541,False,False,False,-3.974279239414436,0.24514307721835782,9.784915377603568,0.006671705433576059,True,Keep distance
1,365,1675399719.979215,22.559853092430814,0.002319350612417085,True,True,False,True,11.039902061620541,False,False,False,-3.966515724390263,0.24297324540974916,9.793013463343252,0.0053744453118503375,True,Keep distance
1,366,1675399720.1020133,22.559853092430814,0.002319350612417085,True,True,False,True,11.039902061620541,False,False,False,-3.966515724390263,0.24297324540974916,9.793013463343252,0.034958164567370296,True,Keep distance
1,367,1675399720.1976547,22.559853092430814,0.002319350612417085,True,True,False,True,11.039902061620541,False,False,False,-3.960280091612233,0.20709865982167258,9.80102072151867,0.01533076684559152,True,Keep distance
1,368,1675399720.2937503,22.559853092430814,0.006354491542904314,True,True,False,True,11.039902061620541,False,False,False,-3.9554356345453723,0.18442799690508035,9.808422791798348,0.00909791038204857,True,Keep distance
1,369,1675399720.3897443,22.559853092430814,0.006354491542904314,True,True,False,True,11.039902061620541,False,False,False,-3.9554356345453723,0.18442799690508035,9.808422791798348,0.00909791038204857,True,Keep distance
1,370,1675399720.4896624,21.159114824998753,0.006354491542904314,True,True,False,True,10.106076549999168,False,False,False,-3.9509780265684,0.18257524393027214,9.817618689195125,0.010385927565416809,True,Keep distance
1,371,1675399720.5856678,21.159114824998753,0.006354491542904314,True,True,False,True,10.106076549999168,False,False,False,-3.9499858905583975,0.19400890210275484,9.822148794567127,0.005015212027413042,True,Keep distance
1,372,1675399720.679329,21.159114824998753,-0.0007836040818333158,True,True,False,True,10.106076549999168,False,False,False,-3.9499858905583975,0.19400890210275484,9.822148794567127,0.005015212027413042,True,Keep distance
1,373,1675399720.779244,21.159114824998753,-0.0007836040818333158,True,True,False,True,10.106076549999168,False,False,False,-3.949944609587334,0.18368157740523602,9.823880789266196,0.010471635266956072,True,Keep distance
1,374,1675399720.8792331,21.159114824998753,0.0007856138070061354,True,True,False,True,10.106076549999168,False,False,False,-3.9500720636043476,0.10847979084366517,9.826218246794056,0.08929497558445036,True,Keep distance
1,375,1675399720.979346,21.159114824998753,0.0007856138070061354,True,True,False,True,10.106076549999168,False,False,False,-3.95037430767428,0.05175537968656727,9.826869386437922,0.05672895341387073,True,Keep distance
1,376,1675399721.079286,21.159114824998753,0.0007856138070061354,True,True,False,True,10.106076549999168,False,False,False,-3.95037430767428,0.05175537968656727,9.826869386437922,0.05672895341387073,True,Keep distance
1,377,1675399721.1793344,21.159114824998753,-0.0015045571884131199,True,True,False,True,10.106076549999168,False,False,False,-3.95336919139829,0.0420217614134612,9.827024996492861,0.010185129733885741,True,Keep distance
1,378,1675399721.2793467,21.159114824998753,-0.0015045571884131199,True,True,False,True,10.106076549999168,False,False,False,-3.9547328563577038,0.03384346997822182,9.826526891252124,0.008306150838510747,True,Keep distance
1,379,1675399721.397788,21.159114824998753,0.005023695873252128,True,True,False,True,10.106076549999168,False,False,False,-3.956170450068083,0.027551733773250084,9.825792128336529,0.006495575162463127,True,Keep distance
1,380,1675399721.4943345,21.159114824998753,0.005023695873252128,True,True,False,True,10.106076549999168,False,False,False,-3.9590332435176805,-0.04259505003342868,9.82372015825622,0.029642527819572363,True,Keep distance
1,381,1675399721.5898092,21.159114824998753,0.005023695873252128,True,True,False,True,10.106076549999168,False,False,False,-3.960539776890337,-0.079262898821784,9.822458798349984,0.029642527819572363,True,Keep distance
1,382,1675399721.6857438,21.159114824998753,0.004669532718553714,True,True,False,True,10.106076549999168,False,False,False,-3.9621965592718453,-0.014690680412279068,9.821108407700871,0.06460758371189636,True,Keep distance
1,383,1675399721.7819374,19.98182018182289,0.004669532718553714,True,True,False,True,9.321213454548593,False,False,False,-3.9621965592718453,-0.014690680412279068,9.821108407700871,0.06460758371189636,True,Keep distance
1,384,1675399721.8792696,19.98182018182289,0.00018025877271509708,True,True,False,True,9.321213454548593,False,False,False,-3.966835067162541,0.03168724715617214,9.81663807582847,0.0022411287431497156,True,Keep distance
1,385,1675399721.9794028,19.98182018182289,0.004825408593088531,True,True,False,True,9.321213454548593,False,False,False,-3.9701962772503565,0.010652800533083798,9.81210020379268,0.04011266120057144,True,Keep distance
1,386,1675399722.0795205,19.98182018182289,0.004825408593088531,True,True,False,True,9.321213454548593,False,False,False,-3.971004744972736,-0.02425282765458513,9.810693043772188,0.03494333410762612,True,Keep distance
1,387,1675399722.179312,19.98182018182289,-1.9010232573191794e-05,True,True,False,True,9.321213454548593,False,False,False,-3.972070355223969,0.029257164313884393,9.80940762048315,0.03494333410762612,True,Keep distance
1,388,1675399722.279312,19.98182018182289,-1.9010232573191794e-05,True,True,False,True,9.321213454548593,False,False,False,-3.973032292807145,0.07037203287797036,9.808216694773089,0.04114335967082508,True,Keep distance
1,389,1675399722.3794084,19.98182018182289,-1.9010232573191794e-05,True,True,False,True,9.321213454548593,False,False,False,-3.973032292807145,0.07037203287797036,9.808216694773089,0.04114335967082508,True,Keep distance
1,390,1675399722.5016894,19.98182018182289,0.014833121129140531,True,True,False,True,9.321213454548593,False,False,False,-3.974371079282635,0.025988653135147134,9.805268612527566,0.0445013250987987,True,Keep distance
1,391,1675399722.5977917,19.98182018182289,0.014833121129140531,True,True,False,True,9.321213454548593,False,False,False,-3.974371079282635,0.025988653135147134,9.805268612527566,0.007151683035573203,True,Keep distance
1,392,1675399722.693958,19.98182018182289,-0.001201375888446361,True,True,False,True,9.321213454548593,False,False,False,-3.974822722665127,-0.027530514413545853,9.803966898355375,0.04641196710023215,True,Keep distance
1,393,1675399722.7898626,19.98182018182289,-0.001201375888446361,True,True,False,True,9.321213454548593,False,False,False,-3.975868659782583,0.1360295354248626,9.803614609588212,0.16356377347986256,True,Keep distance
1,394,1675399722.885709,19.98182018182289,0.003492652733685198,True,True,False,True,9.321213454548593,False,False,False,-3.9749605974244786,0.04018503821529286,9.802890870837558,0.10496352576813708,True,Keep distance
1,395,1675399722.981734,19.98182018182289,0.003492652733685198,True,True,False,True,9.321213454548593,False,False,False,-3.9749605974244786,0.04018503821529286,9.802890870837558,0.10496352576813708,True,Keep distance
1,396,1675399723.0792449,18.972805598093082,0.003492652733685198,True,True,False,True,8.648537065395388,False,False,False,-3.974177059963004,0.04606328698047596,9.80303694263568,0.005932038137867741,True,Keep distance
1,397,1675399723.1792731,18.972805598093082,0.013838980939353946,True,True,False,True,8.648537065395388,False,False,False,-3.97404938491767,0.08356500100644833,9.803279456753359,0.022718578769327768,True,Keep distance
1,398,1675399723.2794075,18.972805598093082,0.013838980939353946,True,True,False,True,8.648537065395388,False,False,False,-3.9738342846017445,0.06084967907152379,9.803598365117901,0.022718578769327768,True,Keep distance
