repetition,iteration,time,speed,steering,obstacle_North,obstacle_NorthWest,obstacle_SouthWest,obstacle_West,obstacle_distance,follow_enable,steady_motion_enable,passing_start,accel_x,accel_y,accel_z,accel_diff,success,action
1,1,1675399789.502961,0.0,0.0,False,True,False,False,100000,False,True,False,0.027166306349530902,-2.39674202555026e-13,9.802163979089064,0.0016624299539224577,True,Cruise
1,2,1675399789.5030813,0.0,0.0,False,True,False,False,100000,False,True,False,0.027166306349530902,-2.39674202555026e-13,9.802163979089064,0.0016624299539224577,True,Cruise
1,3,1675399789.6032639,0.0,0.0,False,True,False,False,100000,False,True,False,0.028448481983594204,3.663929552820479e-14,9.803222137392492,0.0016624299539224577,True,Cruise
1,4,1675399789.7033052,49.784006761161436,0.0028799098511808285,False,True,False,False,100000,False,True,False,0.031429934555080585,2.372520836301842e-13,9.8053455119133,0.0036602976370290414,True,Cruise
1,5,1675399789.8033078,49.784006761161436,0.0028799098511808285,False,True,False,False,100000,False,True,False,0.03306139304497963,3.803567402842747e-13,9.806382017227598,0.0019328735268588242,True,Cruise
1,6,1675399789.9032993,49.784006761161436,0.0028799098511808285,False,True,False,False,100000,False,True,False,1.9328289918168355,0.0035031931580430296,9.642543324504377,0.9129243239283663,True,Cruise
1,7,1675399790.003423,49.801754076442045,0.0026432789807727315,False,True,False,False,100000,False,True,False,3.0572729062802586,0.00498197140421908,9.580257451642325,0.6785903463760823,True,Cruise
1,8,1675399790.103358,49.74679395178264,0.0033760806428980747,False,True,False,False,100000,False,True,False,3.330117419092298,0.003436849650745156,9.581452746663008,0.2728515059571025,True,Cruise
1,9,1675399790.2033296,49.74679395178264,0.0033760806428980747,False,True,False,False,100000,False,True,False,3.605684960176744,-0.000850322399242162,9.615651307155886,0.2777145856509863,True,Cruise
1,10,1675399790.303286,49.74679395178264,0.0033760806428980747,False,True,False,False,100000,False,True,False,3.7964488724483467,0.0032413153196643126,9.66266667896807,0.10736883284223749,True,Cruise
1,11,1675399790.4032788,49.68290801547457,0.00422789312700581,False,True,False,False,100000,False,True,False,3.9012538765895015,0.0033002944504854493,9.685989926905247,0.11379116515576343,True,Cruise
1,12,1675399790.5033016,49.68290801547457,0.00422789312700581,False,True,False,False,100000,False,True,False,4.125971655594438,0.0033936712751565967,9.730616277253807,0.11531686467773762,True,Cruise
1,13,1675399790.6032898,49.68290801547457,0.00422789312700581,False,True,False,False,100000,False,True,False,4.335857334653211,0.0051949130756296655,9.773218035593272,0.1028835990158917,True,Cruise
1,14,1675399790.7033043,49.40893253100344,0.007880899586620893,False,True,False,False,100000,False,True,False,4.499844259198868,0.0068401841211293175,9.81371027772402,0.06383587970579363,True,Cruise
1,15,1675399790.8033726,49.40893253100344,0.007880899586620893,False,True,False,False,100000,False,True,False,4.607633065721637,0.0070858016783538315,9.850457621094465,0.05009672874201308,True,Cruise
1,16,1675399790.9033256,49.40893253100344,0.007880899586620893,False,True,False,False,100000,False,True,False,4.640945876451145,-0.0030799179818521774,9.866739037691275,0.03844697310984041,True,Cruise
1,17,1675399791.0033095,49.40754219856646,0.007899437352447178,False,True,False,False,100000,False,True,False,4.661562090656474,0.014291323251967835,9.881284039693291,0.030632423890418075,True,Cruise
1,18,1675399791.1033225,49.40754219856646,0.007899437352447178,False,True,False,False,100000,False,True,False,4.657139420419244,0.017925711734696113,9.912619371446521,0.014215829779342671,True,Cruise
1,19,1675399791.2032328,49.35037694870499,0.008661640683933396,False,True,False,False,100000,False,True,False,4.657139420419244,0.017925711734696113,9.912619371446521,0.04883406223001816,True,Cruise
1,20,1675399791.3033278,49.73223571276022,0.003570190496530436,False,True,False,False,100000,False,True,False,4.5750529230698636,0.017415370124338296,9.9236093261431,0.03964634131109049,True,Cruise
1,21,1675399791.4032536,49.65689881300137,0.004574682493315045,False,True,False,False,100000,False,True,False,4.444265403778616,0.036958284662819925,9.91476020193272,0.04408650165716175,True,Cruise
1,22,1675399791.5032992,49.72227162028547,0.00370304506286039,False,True,False,False,100000,False,True,False,4.444265403778616,0.036958284662819925,9.91476020193272,0.04408650165716175,True,Cruise
1,23,1675399791.603244,49.7209540693396,0.0037206124088053527,False,True,False,False,100000,False,True,False,4.34431246248935,-0.0022477594904879573,9.89938894351963,0.04408650165716175,True,Cruise
1,24,1675399791.7032852,49.66651224526326,0.004446503396489833,False,True,False,False,100000,False,True,False,4.293307090486381,0.003933798554562703,9.88941364547391,0.05233799961907803,True,Cruise
1,25,1675399791.803308,49.76038151603364,0.0031949131195514176,False,True,False,False,100000,False,True,False,4.193620356042378,0.011234817451998962,9.865942856144384,0.1026724298572933,True,Cruise
1,26,1675399791.9032404,49.304586714619184,-0.009272177138410855,False,True,False,False,100000,False,True,False,4.146400793010357,0.00776010366719131,9.852908502520425,0.04910860559225622,True,Cruise
1,27,1675399792.0032835,49.72528760987299,0.0036628318683601356,False,True,False,False,100000,False,True,False,4.060088360677189,0.006393829011764086,9.825429894584653,0.043983118836555514,True,Cruise
1,28,1675399792.1032107,49.732704087642134,0.0035639454981049147,False,True,False,False,100000,False,True,False,3.9877601085523278,-0.06073841845870117,9.797578039934578,0.05321095877694166,True,Cruise
1,29,1675399792.203279,49.732704087642134,0.0035639454981049147,False,True,False,False,100000,False,True,False,3.9309613783788437,0.002015952390891415,9.771131528332806,0.03624507772467,True,Cruise
1,30,1675399792.303263,49.81514267509184,0.0024647643321087974,False,False,False,False,100000,False,True,False,3.890931094870316,0.006780658948655378,9.747500950610963,0.04672825943497935,True,Cruise
1,31,1675399792.4032407,49.81514267509184,0.0024647643321087974,False,False,False,False,100000,False,True,False,3.890931094870316,0.006780658948655378,9.747500950610963,0.04672825943497935,True,Cruise
1,32,1675399792.503225,49.72947624324007,0.0036069834234657284,False,False,False,False,100000,False,True,False,3.8614304181497143,-0.0013829275817713843,9.71974622716301,0.013537613906953117,True,Cruise
1,33,1675399792.60322,49.72947624324007,0.0036069834234657284,False,False,False,False,100000,False,True,False,3.859040009599052,-0.003433195533699513,9.712917645607247,0.007519785753431007,True,Cruise
1,34,1675399792.7032495,49.770026396948204,0.003066314707357271,False,False,False,False,100000,False,True,False,3.86382380879018,0.001374286808140364,9.703173847300857,0.009542421055185242,True,Cruise
1,35,1675399792.8034265,49.770026396948204,0.003066314707357271,False,False,False,False,100000,False,True,False,3.870399384988428,0.005081820620188224,9.700267756331957,0.008088842564048473,True,Cruise
1,36,1675399792.9033043,49.79880030277798,0.002682662629626946,False,False,False,False,100000,False,True,False,3.9029599493358376,0.005847014538062509,9.699035415544577,0.03259286020235077,True,Cruise
1,37,1675399793.00324,49.87721307661272,0.0016371589784970376,False,False,False,False,100000,False,True,False,3.91695208297535,0.006356769201124875,9.70091251250637,0.015358794586571878,True,Cruise
1,38,1675399793.103257,49.87721307661272,0.0016371589784970376,False,False,False,False,100000,False,True,False,3.9319537957594646,0.004760337672213902,9.703792198438714,0.0161330276479302,True,Cruise
1,39,1675399793.2032542,49.794081774361466,0.0027455763418470966,False,False,False,False,100000,False,True,False,3.9476372840942098,0.0048539125753165975,9.707572941550895,0.017133683530753025,True,Cruise
1,40,1675399793.3032272,49.794081774361466,0.0027455763418470966,False,False,False,False,100000,False,True,False,3.9959051556206346,-0.001692587904062678,9.723173433894669,0.017810741942339108,True,Cruise
1,41,1675399793.403243,49.794081774361466,0.0027455763418470966,False,False,False,False,100000,False,True,False,3.9959051556206346,-0.001692587904062678,9.723173433894669,0.017774131112092174,True,Cruise
1,42,1675399793.5032392,49.769073913884185,0.003079014481544241,False,False,False,False,100000,False,True,False,4.0407188022354275,0.0088372969955707,9.742619427977498,0.015740966783804256,True,Cruise
1,43,1675399793.6032424,49.78210123371628,0.002905316883782823,False,False,False,False,100000,False,True,False,4.0407188022354275,0.0088372969955707,9.742619427977498,0.014951388530456794,True,Cruise
1,44,1675399793.7033155,49.78210123371628,0.002905316883782823,False,False,False,False,100000,False,True,False,4.06622546249744,0.009491476134740088,9.756113220289986,0.012930780848880778,True,Cruise
1,45,1675399793.8032808,49.78210123371628,0.002905316883782823,False,False,False,False,100000,False,True,False,4.087118938372695,0.009970192770341092,9.769022028821555,0.01172156858450555,True,Cruise
1,46,1675399793.903501,49.77593930113616,0.0029874759848511558,False,False,False,False,100000,False,True,False,4.0956680852859,0.009701530603105687,9.775027368579146,0.01172156858450555,True,Cruise
1,47,1675399794.0032508,49.7440742793111,0.0034123429425186166,False,False,False,False,100000,False,True,False,4.113479040701559,0.010435739680372045,9.790391591724399,0.014397969569667261,True,Cruise
1,48,1675399794.1032474,49.7440742793111,0.0034123429425186166,False,False,False,False,100000,False,True,False,4.119043593673298,0.010662474450958607,9.797935421851534,0.005362942234490922,True,Cruise
1,49,1675399794.203396,49.798140231653385,0.002691463577954939,False,False,False,False,100000,False,True,False,4.119043593673298,0.010662474450958607,9.797935421851534,0.004159558027389972,True,Cruise
1,50,1675399794.3032482,49.76553817532848,0.003126157662286957,False,False,False,False,100000,False,True,False,4.1200712562368755,0.017158789480409935,9.80307709130459,0.004532109528110366,True,Cruise
1,51,1675399794.4032261,49.76553817532848,0.003126157662286957,False,False,False,False,100000,False,True,False,4.117284886351058,0.01112920859835649,9.805796352185222,0.002857992645710315,True,Cruise
1,52,1675399794.503218,49.76553817532848,0.003126157662286957,False,False,False,False,100000,False,True,False,4.114679701372556,0.010856918837897463,9.806287862118813,0.00266509146197287,True,Cruise
1,53,1675399794.6032357,49.697547888463475,0.004032694820487012,False,False,False,False,100000,False,True,False,4.114679701372556,0.010856918837897463,9.806287862118813,0.00266509146197287,True,Cruise
1,54,1675399794.7032325,49.76089316431174,0.0031880911425102012,False,False,False,False,100000,False,True,False,4.098595366360155,0.014722941852514415,9.803223618315563,0.0050703889466767035,True,Cruise
1,55,1675399794.8032258,49.76089316431174,0.0031880911425102012,False,False,False,False,100000,False,True,False,4.093685219113425,0.012417345441864514,9.801418524190954,0.00999170505239638,True,Cruise
1,56,1675399794.903227,49.84585511761713,0.0020552650984383396,False,False,False,False,100000,False,True,False,4.083476458521415,0.01798062387443297,9.796920056656328,0.00602516652197444,True,Cruise
1,57,1675399795.003226,49.84585511761713,0.0020552650984383396,False,False,False,False,100000,False,True,False,4.073362448442569,0.01891446075729155,9.791597523581263,0.0063689393979203725,True,Cruise
1,58,1675399795.1032236,49.83164258578936,0.002244765522808503,False,False,False,False,100000,False,True,False,4.073362448442569,0.01891446075729155,9.791597523581263,0.015198430471178088,True,Cruise
1,59,1675399795.2033188,49.83164258578936,0.002244765522808503,False,False,False,False,100000,False,True,False,4.063926472752046,0.008461319502875098,9.785880313643688,0.005309530831504013,True,Cruise
1,60,1675399795.3032556,49.83164258578936,0.002244765522808503,False,False,False,False,100000,False,True,False,4.0517991879133,0.009996431782773974,9.777440239571723,0.004691163727090968,True,Cruise
1,61,1675399795.4032342,49.80182290154394,0.0026423613127473807,False,False,False,False,100000,False,True,False,4.048464504330945,0.010054372342074541,9.774829564187142,0.004691163727090968,True,Cruise
1,62,1675399795.5032263,49.754438175672014,0.0032741576577064438,False,False,False,False,100000,False,True,False,4.0429994933244995,0.009324673848150907,9.770112663580816,0.003417943852229954,True,Cruise
1,63,1675399795.603238,49.754438175672014,0.0032741576577064438,False,False,False,False,100000,False,True,False,4.040884174610451,0.007871411234081277,9.768057244753251,0.003288052925998333,True,Cruise
1,64,1675399795.7035584,49.836156434601456,0.0021845808719806346,False,False,False,False,100000,False,True,False,4.037839264164707,0.014473830295548112,9.764646427848843,0.003288052925998333,True,Cruise
1,65,1675399795.803235,49.836156434601456,0.0021845808719806346,False,False,False,False,100000,False,True,False,4.036358422353888,0.021138761885654805,9.76222573546897,0.004139643405659951,True,Cruise
1,66,1675399795.903234,49.91421695080245,0.0011437739893006725,False,False,False,False,100000,False,True,False,4.0363511731354755,0.010408243417364283,9.760803598223845,0.0034382581501107823,True,Cruise
1,67,1675399796.003284,49.98419817503642,-0.00021069099951447057,False,False,False,False,100000,False,True,False,4.0363511731354755,0.010408243417364283,9.760803598223845,0.0005943504745056937,True,Cruise
1,68,1675399796.1032722,49.98419817503642,-0.00021069099951447057,False,False,False,False,100000,False,True,False,4.0384058421153295,0.015051987381443905,9.76044294789831,0.004044292059344207,True,Cruise
1,69,1675399796.2032425,49.87005986290548,0.001732535161260321,False,False,False,False,100000,False,True,False,4.042325479677598,-0.0024276420513634728,9.761846043762656,0.017968574838655296,True,Cruise
1,70,1675399796.3033319,49.87005986290548,0.001732535161260321,False,False,False,False,100000,False,True,False,4.043869470797813,-0.007358611767838696,9.762619332425938,0.00854948701776599,True,Cruise
1,71,1675399796.4032547,49.89639966565812,0.0013813377912250324,False,False,False,False,100000,False,True,False,4.043869470797813,-0.007358611767838696,9.762619332425938,0.00854948701776599,True,Cruise
1,72,1675399796.5032241,49.89639966565812,0.0013813377912250324,False,False,False,False,100000,False,True,False,4.0502937125919605,0.007935915047079191,9.766666415166002,0.002926404464274469,True,Cruise
1,73,1675399796.6032562,49.893141552412146,0.0014247793011714087,False,False,False,False,100000,False,True,False,4.051899104376026,0.004412670747000986,9.76780047129122,0.004034428890626751,True,Cruise
1,74,1675399796.7032669,49.97040719366213,0.0003945707511716041,False,False,False,False,100000,False,True,False,4.051899104376026,0.004412670747000986,9.76780047129122,0.004034428890626751,True,Cruise
1,75,1675399796.8032305,49.97040719366213,0.0003945707511716041,False,False,False,False,100000,False,True,False,4.05633126424139,0.0054628543368356024,9.77118134089449,0.004261478274750333,True,Cruise
1,76,1675399796.903326,49.979288390089614,0.0002761547988051587,False,False,False,False,100000,False,True,False,4.0576390307805905,-0.0011509763276040363,9.77224279983348,0.00338739143059625,True,Cruise
1,77,1675399797.0032542,49.979288390089614,0.0002761547988051587,False,False,False,False,100000,False,True,False,4.059877678759725,-0.003894698385158834,9.77418906851294,0.001436642092746404,True,Cruise
1,78,1675399797.1033225,49.886630240230545,0.001511596796926064,False,False,False,False,100000,False,True,False,4.061584770654727,-0.003703770319401479,9.775828099650742,0.0012641977756907845,True,Cruise
1,79,1675399797.2032514,49.886630240230545,0.001511596796926064,False,False,False,False,100000,False,True,False,4.062236095167595,-0.0034162094448366392,9.776513273931528,0.0009881187543482005,True,Cruise
1,80,1675399797.3033214,49.92198711007862,0.001040171865618399,False,False,False,False,100000,False,True,False,4.062236095167595,-0.0034162094448366392,9.776513273931528,0.0064181036754125086,True,Cruise
1,81,1675399797.4032433,49.92198711007862,0.001040171865618399,False,False,False,False,100000,False,True,False,4.06338332235713,0.00813147355709995,9.77798808280567,0.005305396592325111,True,Cruise
1,82,1675399797.5032947,49.95524438082124,0.0005967415890501252,False,False,False,False,100000,False,True,False,4.063569502166271,0.007759040332022927,9.778480081125181,0.003308565454023679,True,Cruise
1,83,1675399797.6032963,49.95524438082124,0.0005967415890501252,False,False,False,False,100000,False,True,False,4.063569502166271,0.007759040332022927,9.778480081125181,0.00030070746885642167,True,Cruise
1,84,1675399797.7032928,49.97043369876184,-0.0003942173498421727,False,False,False,False,100000,False,True,False,4.0635107057312805,0.00748393395223952,9.778586309374065,0.003212183739592856,True,Cruise
1,85,1675399797.8032293,49.97043369876184,-0.0003942173498421727,False,False,False,False,100000,False,True,False,4.062810816097702,0.004097366137775168,9.778410774819173,0.0007442904833093055,True,Cruise
1,86,1675399797.9036207,49.97043369876184,-0.0003942173498421727,False,False,False,False,100000,False,True,False,4.062810816097702,0.004097366137775168,9.778410774819173,0.0007442904833093055,True,Cruise
1,87,1675399798.0034277,49.97194632497807,0.00037404900029247275,False,False,False,False,100000,False,True,False,4.062810816097702,0.004097366137775168,9.778410774819173,0.007876171822491042,True,Cruise
1,88,1675399798.1032674,49.97194632497807,0.00037404900029247275,False,False,False,False,100000,False,True,False,4.0610206411941645,-0.004936202494545107,9.777294364428679,0.0014397562574948886,True,Cruise
1,89,1675399798.2032442,49.99611302016011,5.1826397865166636e-05,False,False,False,False,100000,False,True,False,4.059928160089959,-0.0017386106112132526,9.776507188190804,0.0014397562574948886,True,Cruise
1,90,1675399798.3032389,49.95127206162902,0.0006497058449463604,False,False,False,False,100000,False,True,False,4.059371110454346,0.0010542968152280209,9.776085071827909,0.0027038711759203873,True,Cruise
1,91,1675399798.4032195,49.95127206162902,0.0006497058449463604,False,False,False,False,100000,False,True,False,4.058288520849762,-0.0013350060113986467,9.7752218176307,0.0034883686375763354,True,Cruise
1,92,1675399798.503218,49.988094390089415,0.0001587414654744179,False,False,False,False,100000,False,True,False,4.057286245824686,-0.005935189055249226,9.774380735229663,0.0047826414112029664,True,Cruise
1,93,1675399798.603216,49.91338712645491,0.0011548383139345767,False,False,False,False,100000,False,True,False,4.056824106939933,-0.0009102968128247808,9.773984307736713,0.0031906120783557258,True,Cruise
1,94,1675399798.7032685,49.91338712645491,0.0011548383139345767,False,False,False,False,100000,False,True,False,4.056009288363741,0.0048236296426340565,9.773262932126356,0.0026459426898990173,True,Cruise
1,95,1675399798.803335,49.960729924078194,-0.0005236010122907468,False,False,False,False,100000,False,True,False,4.0553657681793736,-0.0036012215307628013,9.772660788416292,0.008449005506853284,True,Cruise
1,96,1675399798.903289,49.960729924078194,-0.0005236010122907468,False,False,False,False,100000,False,True,False,4.054881899542565,0.01523979715597143,9.772199153324982,0.010404310364163975,True,Cruise
1,97,1675399799.0033202,49.960729924078194,-0.0005236010122907468,False,False,False,False,100000,False,True,False,4.05460231244392,-0.0043813405699449645,9.771881638674342,0.019625698208177944,True,Cruise
1,98,1675399799.103405,49.973765971291755,-0.0003497870494432359,False,False,False,False,100000,False,True,False,4.054519399437703,-0.006274914575604017,9.771778355082297,0.0018982003534646298,True,Cruise
1,99,1675399799.2032928,49.973765971291755,-0.0003497870494432359,False,False,False,False,100000,False,True,False,4.054463136611487,-0.006309553475026601,9.771676465527769,0.0018982003534646298,True,Cruise
1,100,1675399799.3032897,49.953954869340016,-0.0006139350754664665,False,False,False,False,100000,False,True,False,4.0544871569443535,-0.005007418968148933,9.771674081401288,0.00020252660830888194,True,Cruise
1,101,1675399799.4032936,49.953954869340016,-0.0006139350754664665,False,False,False,False,100000,False,True,False,4.054628509858935,-0.005564302970705737,9.771754462710817,0.00017866135907687367,True,Cruise
1,102,1675399799.5032313,49.928031811384535,-0.0009595758482062294,False,False,False,False,100000,False,True,False,4.054739242386156,-0.006550940271951609,9.771831782511075,0.0009958379427931865,True,Cruise
1,103,1675399799.6032817,49.949591243061796,-0.000672116759176057,False,False,False,False,100000,False,True,False,4.05518616442322,-0.010630187141489602,9.77217647243102,0.004118107025170744,True,Cruise
1,104,1675399799.703277,49.949591243061796,-0.000672116759176057,False,False,False,False,100000,False,True,False,4.055359700459181,-0.014483605073013916,9.772318677339674,0.00299015089843218,True,Cruise
1,105,1675399799.8032982,49.90977314387079,-0.0012030247483895435,False,False,False,False,100000,False,True,False,4.055916697773722,-0.01300937754335385,9.772783423861256,0.002681657290116119,True,Cruise
1,106,1675399799.9032943,49.99769138228795,3.078156949407031e-05,False,False,False,False,100000,False,True,False,4.056099008917956,-0.017731782739432406,9.772942184737808,0.004728588923260831,True,Cruise
1,107,1675399800.0032558,49.99769138228795,3.078156949407031e-05,False,False,False,False,100000,False,True,False,4.05627747945524,-0.024487784879725683,9.773098243985286,0.006760160585448343,True,Cruise
1,108,1675399800.1032171,49.98355702338029,-0.00021923968826277306,False,False,False,False,100000,False,True,False,4.05627747945524,-0.024487784879725683,9.773098243985286,0.018247160667912113,True,Cruise
1,109,1675399800.203233,49.98587567146028,0.00018832438052960687,False,False,False,False,100000,False,True,False,4.056941870470838,-0.005840038148335528,9.773653666689702,0.018247160667912113,True,Cruise
1,110,1675399800.3031774,49.98587567146028,0.00018832438052960687,False,False,False,False,100000,False,True,False,4.0570720347958495,-0.004706678762421296,9.773768592320609,0.0011465836863417459,True,Cruise
1,111,1675399800.403287,49.95430401725596,0.000609279769920567,False,False,False,False,100000,False,True,False,4.0573711624667785,-0.006347413877732057,9.774038610770583,0.000163544071518728,True,Cruise
1,112,1675399800.503401,49.95430401725596,0.000609279769920567,False,False,False,False,100000,False,True,False,4.0573711624667785,-0.006347413877732057,9.774038610770583,0.000163544071518728,True,Cruise
1,113,1675399800.6033413,49.95430401725596,0.000609279769920567,False,False,False,False,100000,False,True,False,4.057543518497229,0.0069046492180228425,9.774188362452588,0.008066047327581101,True,Cruise
1,114,1675399800.7032871,49.99542963115932,6.0938251209105795e-05,False,False,False,False,100000,False,True,False,4.057543518497229,0.0069046492180228425,9.774188362452588,0.003384244414235944,True,Cruise
1,115,1675399800.8032935,49.9328585252091,-0.0008952196638786479,False,False,False,False,100000,False,True,False,4.057581775905642,0.01341997571889033,9.77422465500629,0.003131317859475573,True,Cruise
1,116,1675399800.903441,49.9328585252091,-0.0008952196638786479,False,False,False,False,100000,False,True,False,4.057568469871036,0.007020840195418023,9.774215641862694,0.0027631810911257753,True,Cruise
1,117,1675399801.0032663,49.936314556597935,-0.0008491392453608946,False,False,False,False,100000,False,True,False,4.057512237627282,0.0012854459730417057,9.774168452881185,0.008498520865712856,True,Cruise
1,118,1675399801.103271,49.936314556597935,-0.0008491392453608946,False,False,False,False,100000,False,True,False,4.057469191699064,-0.0038478613991622976,9.774133225804972,0.005133608718665518,True,Cruise
1,119,1675399801.2032833,49.9128568674141,-0.0011619084344786815,False,False,False,False,100000,False,True,False,4.057469191699064,-0.0038478613991622976,9.774133225804972,0.0037995144185863036,True,Cruise
1,120,1675399801.3032587,49.573349179409156,0.005688677607877961,False,False,False,False,100000,False,True,False,4.057301310780837,-0.00764109601275585,9.773993594216224,0.0006976593460306453,True,Cruise
1,121,1675399801.4033036,49.573349179409156,0.005688677607877961,False,False,False,False,100000,False,True,False,4.057168601898471,-0.013536701928177134,9.773883636962026,0.004208715315861428,True,Cruise
1,122,1675399801.503268,49.573349179409156,0.005688677607877961,False,False,False,False,100000,False,True,False,4.057031893936449,-0.040232843808937,9.773769552696475,0.0655298765998785,True,Cruise
1,123,1675399801.6032188,49.92405635593216,-0.001012581920904495,False,False,False,False,100000,False,True,False,4.057007615605594,0.025297002767572564,9.773711713115981,0.04036774161520822,True,Cruise
1,124,1675399801.703259,49.92435392175122,-0.0010086143766504037,False,False,False,False,100000,False,True,False,4.0568941100341025,0.06566455513141531,9.773662766718077,0.04036774161520822,True,Cruise
1,125,1675399801.8033073,49.92435392175122,-0.0010086143766504037,False,False,False,False,100000,False,True,False,4.056769802394415,-0.002457041682838446,9.773507600621144,0.06812188694854737,True,Cruise
1,126,1675399801.9032094,49.92435392175122,-0.0010086143766504037,False,False,False,False,100000,False,True,False,4.056702128118896,-0.004083583417247922,9.773428485180148,0.00647601475601447,True,Cruise
1,127,1675399802.0032148,49.925138269967164,-0.00099815640043786,False,False,False,False,100000,False,True,False,4.056604378339068,0.0030256499294933057,9.77337155379917,0.0018641407156835793,True,Cruise
1,128,1675399802.103214,49.93219691662469,-0.0009040411116707713,False,False,False,False,100000,False,True,False,4.056562209916317,0.0014464638817816948,9.773350111871432,0.0018641407156835793,True,Cruise
1,129,1675399802.2032244,49.93219691662469,-0.0009040411116707713,False,False,False,False,100000,False,True,False,4.05652833524235,-0.002448742533218397,9.773333039485141,0.003895391119691051,True,Cruise
1,130,1675399802.3031628,49.91183988936032,-0.0011754681418624114,False,False,False,False,100000,False,True,False,4.056487227131257,-0.010289136300626374,9.773311605173522,0.0043006732501843685,True,Cruise
1,131,1675399802.4032474,49.91183988936032,-0.0011754681418624114,False,False,False,False,100000,False,True,False,4.056477868910712,-0.014589797010746962,9.77330710128801,0.00318284822834818,True,Cruise
1,132,1675399802.5033283,49.900516834244314,-0.0013264422100758364,False,False,False,False,100000,False,True,False,4.056476354608783,-0.028684664938574727,9.773316618968611,0.004667926097378891,True,Cruise
1,133,1675399802.603254,49.89406905706842,-0.0014124125724210546,False,False,False,False,100000,False,True,False,4.056483792028976,-0.031232281772007386,9.773326307381586,0.0025476461117185296,True,Cruise
1,134,1675399802.7033103,49.89406905706842,-0.0014124125724210546,False,False,False,False,100000,False,True,False,4.056492712637547,-0.03493270804467867,9.773338794133508,0.003700458092683491,True,Cruise
1,135,1675399802.8032582,49.89406905706842,-0.0014124125724210546,False,False,False,False,100000,False,True,False,4.056505183517445,-0.037391856250418805,9.773353430678268,0.002459223383323053,True,Cruise
1,136,1675399802.903235,49.89406905706842,-0.0014124125724210546,False,False,False,False,100000,False,True,False,4.056505183517445,-0.037391856250418805,9.773353430678268,0.005683344411673499,True,Cruise
1,137,1675399803.0032647,49.89406905706842,-0.0014124125724210546,False,False,False,False,100000,False,True,False,4.056577379546378,-0.04386598401896591,9.773426165039416,0.0007917879970613824,True,Cruise
1,138,1675399803.103247,49.900304715557944,-0.0013292704592273452,False,False,False,False,100000,False,True,False,4.056645911240038,-0.04476480630959158,9.773485166650776,0.00030065599167838436,True,Cruise
1,139,1675399803.2032437,49.900304715557944,-0.0013292704592273452,False,False,False,False,100000,False,True,False,4.056668697360361,-0.04484771412998809,9.77350404090726,8.802926513455836e-05,True,Cruise
1,140,1675399803.3033073,49.89292578084664,-0.001427656255378217,False,False,False,False,100000,False,True,False,4.05669309795248,-0.04360007799099526,9.77352188327414,0.001248002273344316,True,Cruise
1,141,1675399803.4032967,49.89292578084664,-0.001427656255378217,False,False,False,False,100000,False,True,False,4.05669309795248,-0.04360007799099526,9.77352188327414,0.0019967115208946585,True,Cruise
1,142,1675399803.5032465,49.89292578084664,-0.001427656255378217,False,False,False,False,100000,False,True,False,4.056768083691416,-0.04140395192278913,9.773582466029364,0.0007041368631418021,True,Cruise
1,143,1675399803.6032193,49.89297787562935,-0.0014269616582754158,False,False,False,False,100000,False,True,False,4.056768083691416,-0.04140395192278913,9.773582466029364,0.0007041368631418021,True,Cruise
1,144,1675399803.7032201,49.89297787562935,-0.0014269616582754158,False,False,False,False,100000,False,True,False,4.05680738867915,-0.03902420310302391,9.773611860172794,0.0008159850256238124,True,Cruise
1,145,1675399803.8032687,49.965491816676156,-0.00046010911098461765,False,False,False,False,100000,False,True,False,4.056826183004922,-0.03774901286462066,9.773623117427187,0.0005696451321497511,True,Cruise
1,146,1675399803.9032516,49.965491816676156,-0.00046010911098461765,False,False,False,False,100000,False,True,False,4.056826183004922,-0.03774901286462066,9.773623117427187,0.0007739389047547494,True,Cruise
1,147,1675399804.0032125,49.965491816676156,-0.00046010911098461765,False,False,False,False,100000,False,True,False,4.056841575193742,-0.03951771625648938,9.773628447387631,0.0025425438906301555,True,Cruise
1,148,1675399804.1032135,49.91433746855064,-0.0011421670859914517,False,False,False,False,100000,False,True,False,4.0568961731946525,-0.02163272863892649,9.773621040999826,0.0024282983186958,True,Cruise
1,149,1675399804.203243,49.91433746855064,-0.0011421670859914517,False,False,False,False,100000,False,True,False,4.056903751374909,-0.01920444427512107,9.773617824749998,0.0024282983186958,True,Cruise
1,150,1675399804.3032646,49.91433746855064,-0.0011421670859914517,False,False,False,False,100000,False,True,False,4.056893981842298,-0.015244756153699955,9.773610763169907,0.0029959741016722954,True,Cruise
1,151,1675399804.403244,49.9165124438807,-0.001113167414923966,False,False,False,False,100000,False,True,False,4.056866930139679,-0.021401801739541988,9.773608222868484,0.006157105537010287,True,Cruise
1,152,1675399804.503305,49.9165124438807,-0.001113167414923966,False,False,False,False,100000,False,True,False,4.056828885174089,-0.02440237628791397,9.77359883967748,0.0009929322141519036,True,Cruise
1,153,1675399804.6032398,49.9165124438807,-0.001113167414923966,False,False,False,False,100000,False,True,False,4.056803957313091,-0.022976344165659766,9.773578934382327,0.0001787487692956213,True,Cruise
1,154,1675399804.7032294,49.84784292408053,-0.0020287610122595927,False,False,False,False,100000,False,True,False,4.0567984870078675,-0.02334609166293332,9.773571900453742,0.0003698548527877251,True,Cruise
1,155,1675399804.8032467,49.84784292408053,-0.0020287610122595927,False,False,False,False,100000,False,True,False,4.056785551605657,-0.025431226559841355,9.773558566789458,0.0012123213403929037,True,Cruise
1,156,1675399804.9032242,49.924835938238374,-0.0010021874901550844,False,False,False,False,100000,False,True,False,4.056777477936088,-0.024135936624924987,9.773552484180012,0.0012953293781018077,True,Cruise
1,157,1675399805.0032356,49.924835938238374,-0.0010021874901550844,False,False,False,False,100000,False,True,False,4.056777477936088,-0.024135936624924987,9.773552484180012,0.02011499638170257,True,Cruise
1,158,1675399805.10323,49.924835938238374,-0.0010021874901550844,False,False,False,False,100000,False,True,False,4.056691908999274,-0.047939510062453,9.773541113428186,0.0052118756283920506,True,Cruise
1,159,1675399805.2036324,49.851917123786116,-0.001974438349518444,False,False,False,False,100000,False,True,False,4.0567134201423904,-0.043551167726112616,9.773527840472886,0.005039819412191522,True,Cruise
1,160,1675399805.3032906,49.851917123786116,-0.001974438349518444,False,False,False,False,100000,False,True,False,4.056714159985283,-0.04936942915692302,9.773518696789667,0.0024498625515897033,True,Cruise
1,161,1675399805.4032886,49.987449459693785,0.00016734053741622657,False,False,False,False,100000,False,True,False,4.056685244981423,-0.05837848280987345,9.773518940567312,0.009009100058197557,True,Cruise
1,162,1675399805.503392,49.98937460843265,-0.00014167188756468674,False,False,False,False,100000,False,True,False,4.056685244981423,-0.05837848280987345,9.773518940567312,0.009009100058197557,True,Cruise
1,163,1675399805.6034749,49.902360179363,-0.0013018642751599276,False,False,False,False,100000,False,True,False,4.0567001257337205,-0.05682766055352447,9.773512955377068,0.021604741555717063,True,Cruise
1,164,1675399805.7032404,49.996996812206326,4.004250391562502e-05,False,False,False,False,100000,False,True,False,4.056773154936319,-0.0352230432847827,9.773506864721895,0.009768545374613562,True,Cruise
1,165,1675399805.8033867,49.996996812206326,4.004250391562502e-05,False,False,False,False,100000,False,True,False,4.056772890426404,-0.04024507322611845,9.773511476701964,0.01479056279393735,True,Cruise
1,166,1675399805.9035075,49.996996812206326,4.004250391562502e-05,False,False,False,False,100000,False,True,False,4.147650335767806,0.18819745057870102,9.774447757926737,0.23849360421794746,True,Cruise
1,167,1675399806.0032926,49.95056615382257,-0.0006591179490323268,False,False,False,False,100000,False,True,False,4.147650335767806,0.18819745057870102,9.774447757926737,0.23849360421794746,True,Cruise
1,168,1675399806.1032603,49.95056615382257,-0.0006591179490323268,False,False,False,False,100000,False,True,False,4.144986861002279,0.10290485753672687,9.778038987957178,0.0854097035399489,True,Cruise
1,169,1675399806.2032433,49.77926580062893,-0.0029431226582810307,False,False,False,False,100000,False,True,False,4.114443798936501,0.04835368607585323,9.779782336191472,0.04431729529413928,True,Cruise
1,170,1675399806.3032176,49.77926580062893,-0.0029431226582810307,False,False,False,False,100000,False,True,False,4.0777048740786785,-0.016689592682669816,9.78062569494938,0.030463183156338187,True,Cruise
1,171,1675399806.4032626,49.94164814075557,-0.0007780247899257888,False,False,False,False,100000,False,True,False,4.083807607916107,-0.02999143489734216,9.77872226910403,0.05075197393163383,True,Cruise
1,172,1675399806.5032446,49.94164814075557,-0.0007780247899257888,False,False,False,False,100000,False,True,False,4.072388105733825,-0.12501285765459375,9.777471868644515,0.045224222444477935,True,Cruise
1,173,1675399806.603241,49.94164814075557,-0.0007780247899257888,False,False,False,False,100000,False,True,False,4.072388105733825,-0.12501285765459375,9.777471868644515,0.045224222444477935,True,Cruise
1,174,1675399806.7217376,49.94164814075557,-0.0007780247899257888,False,False,False,False,100000,False,True,False,4.072388105733825,-0.12501285765459375,9.777471868644515,0.045224222444477935,True,Cruise
1,175,1675399806.8033273,49.936169393310955,0.0008510747558539546,False,False,False,False,100000,False,True,False,4.082322548337341,-0.11385903931303723,9.77319332146345,0.015537270655413967,True,Cruise
1,176,1675399806.9032867,49.97745005797343,-0.00030066589368762757,False,False,False,False,100000,False,True,False,4.080482034357284,-0.12863039410607843,9.77169242509529,0.009281197795069848,True,Cruise
1,177,1675399807.0032938,49.97745005797343,-0.00030066589368762757,False,False,False,False,100000,False,True,False,4.081592184391703,-0.10417015476341973,9.770819454228523,0.02450097589756977,True,Cruise
1,178,1675399807.1035478,49.990192608231396,0.00013076522358143475,False,False,False,False,100000,False,True,False,4.077677619405258,-0.10102120873063533,9.770024757484991,0.0023435168367084303,True,Cruise
1,179,1675399807.2035484,49.990192608231396,0.00013076522358143475,False,False,False,False,100000,False,True,False,4.075542138983392,-0.09584646903255718,9.769734038454768,0.005605597660336703,True,Cruise
1,180,1675399807.3032377,49.990192608231396,0.00013076522358143475,False,False,False,False,100000,False,True,False,4.075542138983392,-0.09584646903255718,9.769734038454768,0.005605597660336703,True,Cruise
1,181,1675399807.4032793,49.87352077429754,-0.0016863896760327597,False,False,False,False,100000,False,True,False,4.06861933001375,-0.054235728832435985,9.769267535613858,0.005605597660336703,True,Cruise
1,182,1675399807.503293,49.98506352353598,-0.0001991530195203042,False,False,False,False,100000,False,True,False,4.06861933001375,-0.054235728832435985,9.769267535613858,0.005605597660336703,True,Cruise
1,183,1675399807.6032364,49.98506352353598,-0.0001991530195203042,False,False,False,False,100000,False,True,False,4.057904525540986,-0.04035613818224885,9.769611937428571,0.0118380746346806,True,Cruise
1,184,1675399807.7032263,49.97712680018716,-0.00030497599750453934,False,False,False,False,100000,False,True,False,4.02446699582656,0.3107013023550726,9.798117212305856,0.020834769832158317,True,Cruise
1,185,1675399807.8032627,49.97712680018716,-0.00030497599750453934,False,False,False,False,100000,False,True,False,4.02446699582656,0.3107013023550726,9.798117212305856,0.34225482125580337,True,Cruise
1,186,1675399807.9032462,49.99239061222332,-0.0001014585036890794,False,False,False,False,100000,False,True,False,4.0471703387355245,0.15015392609137695,9.78807856250261,0.05538172148275568,True,Cruise
1,187,1675399808.0031462,49.98210059633418,-0.00023865871554428275,False,False,False,False,100000,False,True,False,4.054408030573434,0.09807070189637188,9.784757844659099,0.045248826110865135,True,Cruise
1,188,1675399808.1032858,49.98210059633418,-0.00023865871554428275,False,False,False,False,100000,False,True,False,4.056352804996496,0.05294700118764981,9.782014534395131,0.045248826110865135,True,Cruise
1,189,1675399808.2032487,49.987624201554844,-0.000165010645935456,False,False,False,False,100000,False,True,False,4.054099585515958,0.012455227706776052,9.779752098903185,0.05730144850712182,True,Cruise
1,190,1675399808.3036766,49.987624201554844,-0.000165010645935456,False,False,False,False,100000,False,True,False,3.961701769993321,0.13383046032179066,9.787099284114335,0.060431661061050926,True,Cruise
1,191,1675399808.4033222,49.987624201554844,-0.000165010645935456,False,False,False,False,100000,False,True,False,4.008754920804922,-0.014573233179789261,9.773263580825757,0.09796414831882774,True,Cruise
1,192,1675399808.5034223,49.982975049702155,-0.00022699933730456744,False,False,False,False,100000,False,True,False,4.008754920804922,-0.014573233179789261,9.773263580825757,0.04014871966272693,True,Cruise
1,193,1675399808.603407,49.941634365667895,0.0007782084577613336,False,False,False,False,100000,False,True,False,4.0320674660723475,-0.1137754724710741,9.765272994671978,0.028854569168755697,True,Cruise
1,194,1675399808.7048256,49.941634365667895,0.0007782084577613336,False,True,False,False,100000,False,True,False,4.030274741320315,-0.13901100169763186,9.764066853639726,0.02532786160675007,True,Cruise
1,195,1675399808.8054497,49.97650918569241,0.0003132108574345224,False,True,False,False,100000,False,True,False,4.030274741320315,-0.13901100169763186,9.764066853639726,0.00430199768160703,True,Cruise
1,196,1675399808.905005,49.97650918569241,0.0003132108574345224,False,True,False,False,100000,False,True,False,4.020830679005154,-0.14503559025121165,9.762225552985653,0.00344360160186759,True,Cruise
1,197,1675399809.0045302,49.99585880292346,-5.521596102053936e-05,False,True,False,False,100000,False,True,False,4.020830679005154,-0.14503559025121165,9.762225552985653,0.00344360160186759,True,Cruise
1,198,1675399809.1032445,49.99585880292346,-5.521596102053936e-05,False,True,False,False,100000,False,True,False,4.019022516254458,-0.13582827590314547,9.761424552553894,0.00941730809354693,True,Cruise
1,199,1675399809.2032747,49.98805667605111,-0.00015924431931857853,False,True,False,False,100000,False,True,False,4.021866221104364,-0.11964421074961083,9.76135298153958,0.00770608046465342,True,Cruise
1,200,1675399809.3032327,49.98805667605111,-0.00015924431931857853,False,True,False,False,100000,False,True,False,4.021866221104364,-0.11964421074961083,9.76135298153958,0.011699427618929297,True,Cruise
1,201,1675399809.4137933,49.92382712945794,0.0010156382738940898,False,True,False,False,100000,False,True,False,4.026330243261375,-0.09572864878822547,9.761713319487082,0.012632272748102118,True,Cruise
1,202,1675399809.50324,49.92382712945794,0.0010156382738940898,False,True,False,False,100000,False,True,False,4.021507180374505,-0.014522066999015428,9.74982454708234,0.01027318289178778,True,Cruise
1,203,1675399809.6040037,49.92382712945794,0.0010156382738940898,False,True,False,False,100000,False,True,False,4.021507180374505,-0.014522066999015428,9.74982454708234,0.01027318289178778,True,Cruise
1,204,1675399809.703291,49.999600306771335,-5.32924304882899e-06,False,True,False,False,100000,False,True,False,4.043306113538281,-0.03745087988341374,9.770729517211656,0.03792020204948928,True,Cruise
1,205,1675399809.803266,49.96064722939559,-0.000524703608058808,False,True,False,False,100000,False,True,False,4.047286442060096,-0.016687021015251553,9.7719529160361,0.03792020204948928,True,Cruise
1,206,1675399809.9032657,49.96064722939559,-0.000524703608058808,False,True,False,False,100000,False,True,False,4.0249772373550945,0.2799650340839676,9.737575969967704,0.02088265791532344,True,Cruise
1,207,1675399810.0033653,49.94025617840568,-0.0007965842879242401,False,True,False,False,100000,False,True,False,4.0249772373550945,0.2799650340839676,9.737575969967704,0.021246624101147398,True,Cruise
1,208,1675399810.1033342,49.94025617840568,-0.0007965842879242401,False,True,False,False,100000,False,True,False,4.040724659629151,0.20915524176913233,9.754166850743095,0.03286038768116551,True,Cruise
1,209,1675399810.2138405,49.98859836691223,0.00015202177450362976,False,True,False,False,100000,False,True,False,4.040724659629151,0.20915524176913233,9.754166850743095,0.03286038768116551,True,Cruise
1,210,1675399810.3033051,49.98859836691223,0.00015202177450362976,False,True,False,False,100000,False,True,False,4.061613991464151,0.08726296968387055,9.7741657659003,0.019710441810093737,True,Cruise
1,211,1675399810.4032998,49.801047103907806,0.0026527052812292816,False,True,False,False,100000,False,True,False,4.061613991464151,0.08726296968387055,9.7741657659003,0.026252449123487103,True,Cruise
1,212,1675399810.5033126,49.801047103907806,0.0026527052812292816,False,True,False,False,100000,False,True,False,4.069653333246522,0.04004037932666352,9.782240512713559,0.026252449123487103,True,Cruise
1,213,1675399810.6033728,49.801047103907806,0.0026527052812292816,False,True,False,False,100000,False,True,False,4.075699291593566,0.021152591230192544,9.788626768269513,0.013943587802082096,True,Cruise
1,214,1675399810.703396,49.98427574866616,0.00020965668445126483,False,True,False,False,100000,False,True,False,4.077951703295032,0.02712548711371908,9.791136746653072,0.0068592153482945175,True,Cruise
1,215,1675399810.803319,49.15997269699481,0.011200364040069227,False,True,False,False,100000,False,True,False,4.077951703295032,0.02712548711371908,9.791136746653072,0.0068592153482945175,True,Cruise
1,216,1675399810.903389,49.15997269699481,0.011200364040069227,False,True,False,False,100000,False,True,False,4.081967574414134,-0.012874235977864011,9.795864894597607,0.05098162603724827,True,Cruise
1,217,1675399811.0139475,49.94826348591653,-0.0006898201877796543,False,True,False,False,100000,False,True,False,4.08203079953309,0.09256647263271452,9.79687495290473,0.1564163178290655,True,Cruise
1,218,1675399811.1032057,49.92719763025819,-0.0009706982632240985,False,True,False,False,100000,False,True,False,3.658384754486234,0.2965452943940142,9.830220481944874,0.03678927842884424,True,Cruise
1,219,1675399811.2032568,49.92719763025819,-0.0009706982632240985,False,True,False,False,100000,False,True,False,3.658384754486234,0.2965452943940142,9.830220481944874,0.21813846751516724,True,Cruise
1,220,1675399811.3032439,49.92719763025819,-0.0009706982632240985,False,True,False,False,100000,False,True,False,3.8729941227521563,0.010655371027615396,9.803767943274512,0.14447695755263892,True,Cruise
1,221,1675399811.4032633,49.92719763025819,-0.0009706982632240985,False,True,False,False,100000,False,True,False,3.8729941227521563,0.010655371027615396,9.803767943274512,0.14447695755263892,True,Cruise
1,222,1675399811.503263,49.90458883445004,-0.0012721488739994877,False,True,False,False,100000,False,True,False,3.8729941227521563,0.010655371027615396,9.803767943274512,0.14670892268950445,True,Cruise
1,223,1675399811.603311,49.90458883445004,-0.0012721488739994877,False,True,False,False,100000,False,True,False,3.726981920096631,0.023488693656006854,9.810032965438278,0.14670892268950445,True,Cruise
1,224,1675399811.703243,49.79864835621271,-0.00268468858383052,False,True,False,False,100000,False,True,False,1.3440392949038897,0.14877288819185855,9.994229776264994,0.6610194507440434,True,Cruise
1,225,1675399811.803279,49.79864835621271,-0.00268468858383052,False,True,False,False,100000,False,True,False,1.3440392949038897,0.14877288819185855,9.994229776264994,0.6610194507440434,True,Cruise
1,226,1675399811.9032505,49.79987820337837,-0.0026682906216217014,False,True,False,False,100000,False,True,False,-0.056618917257542756,0.12108847766851266,10.074752512992456,0.4199525427141342,True,Cruise
1,227,1675399812.0034442,49.79987820337837,-0.0026682906216217014,False,True,False,False,100000,False,True,False,-0.14552531166213556,0.06939693455116704,10.041251048919184,0.10816057826643735,True,Cruise
1,228,1675399812.1034346,49.64072364151832,0.004790351446422406,False,True,False,False,100000,False,True,False,0.020730745101818514,0.011195311485014282,9.954742572943147,0.19624531014505878,True,Cruise
1,229,1675399812.203385,49.64072364151832,0.004790351446422406,False,True,False,False,100000,False,True,False,-1.0073998125690145,0.1289791469892215,9.972206161194899,0.3869134003930308,True,Cruise
1,230,1675399812.303407,49.8584762125936,-0.0018869838320853185,False,True,False,False,100000,False,True,False,-0.8803664667708538,0.07595230924302246,9.915991019545809,0.14869249684050667,True,Cruise
1,231,1675399812.403403,49.8584762125936,-0.0018869838320853185,False,True,False,False,100000,False,True,False,0.37784140394795807,-0.09016597869212907,9.72245282517712,1.106752137500791,True,Cruise
1,232,1675399812.5035932,49.99008005027197,0.00013226599637376,False,True,False,False,100000,False,True,False,0.8639854630118013,-0.0886245310135048,9.658885278155154,0.4902848715373598,True,Cruise
1,233,1675399812.6032388,49.99008005027197,0.00013226599637376,False,True,False,False,100000,False,True,False,1.4379873941245036,-0.049239767555701724,9.586722054393212,0.5798593858664828,True,Cruise
1,234,1675399812.703397,49.99008005027197,0.00013226599637376,False,True,False,False,100000,False,True,False,1.4379873941245036,-0.049239767555701724,9.586722054393212,0.5798593858664828,True,Cruise
1,235,1675399812.8034005,49.98204704526103,0.0002393727298529995,False,True,False,False,100000,False,True,False,0.04004266800827608,-0.025757366373245504,9.684180730943995,1.4015345425912622,True,Cruise
1,236,1675399812.9033277,49.89738263004005,-0.0013682315994660338,False,True,False,False,100000,False,True,False,-0.46866144465718185,-0.0333446686481662,9.709157372636849,0.15294618699291768,True,Cruise
1,237,1675399813.0032742,49.89738263004005,-0.0013682315994660338,False,True,False,False,100000,False,True,False,-0.5059760327596373,-0.05709156404290433,9.704554191503147,0.044468897025833794,True,Cruise
1,238,1675399813.1257093,49.89738263004005,-0.0013682315994660338,False,True,False,False,100000,False,True,False,-0.9574292334050372,-0.04760993356981823,9.730239143331048,0.10673618512384667,True,Cruise
1,239,1675399813.2224553,49.800758320409344,-0.0026565557278754337,False,True,False,False,100000,False,True,False,-0.9574292334050372,-0.04760993356981823,9.730239143331048,0.10673618512384667,True,Cruise
1,240,1675399813.3177855,48.491665487468495,0.0201111268337534,False,True,False,False,100000,False,True,False,-0.7547080490100467,-0.04339625446991302,9.707829571187183,0.20399956523908513,True,Cruise
1,241,1675399813.4138525,48.491665487468495,0.0201111268337534,False,True,False,False,100000,False,True,False,-0.9126134804876327,-0.0680744501579355,9.720919122265695,0.1603573352858418,True,Cruise
1,242,1675399813.5113478,49.80141946076525,-0.0026477405231300015,False,True,False,False,100000,False,True,False,-0.9126134804876327,-0.0680744501579355,9.720919122265695,0.7684788939176566,True,Cruise
1,243,1675399813.6059673,49.80141946076525,-0.0026477405231300015,False,True,False,False,100000,False,True,False,-2.3836388605820478,0.17879095087754762,9.857330740280101,0.7827917043494553,True,Cruise
1,244,1675399813.7032502,49.65377630830258,0.004616315889298918,False,True,False,False,100000,False,True,False,-1.289702697458225,0.5311891765798132,9.7266664273771,0.5720156804792115,True,Cruise
1,245,1675399813.8032925,49.65377630830258,0.004616315889298918,False,True,False,False,100000,False,True,False,0.32010714455160744,0.23123173804301028,9.588957246867935,1.6432972983492027,True,Cruise
1,246,1675399813.9032643,49.692467874506235,-0.004100428339916853,False,True,False,False,100000,False,True,False,0.5346502184234136,0.04913101781705799,9.593654813021418,0.28144532325291927,True,Cruise
1,247,1675399814.003359,49.692467874506235,-0.004100428339916853,False,True,False,False,100000,False,True,False,0.5346502184234136,0.04913101781705799,9.593654813021418,0.5073365682726734,True,Cruise
1,248,1675399814.1032763,49.60592092919677,-0.005254387610709804,False,True,False,False,100000,False,True,False,0.16375609447898976,0.10721234283638284,9.69530280405084,0.14728128085245826,True,Cruise
1,249,1675399814.2032433,49.60592092919677,-0.005254387610709804,False,True,False,False,100000,False,True,False,0.14014066428234428,0.1105264892720828,9.718252198490797,0.033096024158962324,True,Cruise
1,250,1675399814.3260365,49.60592092919677,-0.005254387610709804,False,True,False,False,100000,False,True,False,-0.5370395783189966,0.10756496163100696,9.820793748601364,0.059646234383763284,True,Cruise
1,251,1675399814.4032867,48.73238077601023,-0.01690158965319694,False,True,False,False,100000,False,True,False,-0.4859298042759829,0.09843346694670407,9.824120628572082,0.16901075278296834,True,Cruise
1,252,1675399814.5032527,48.73238077601023,-0.01690158965319694,False,True,False,False,100000,False,True,False,-0.3197726767173813,0.06755528865984439,9.822393890773476,0.16901075278296834,True,Cruise
1,253,1675399814.6032634,48.74663997711014,0.016711466971864784,False,True,False,False,100000,False,True,False,-0.3197726767173813,0.06755528865984439,9.822393890773476,0.16901075278296834,True,Cruise
1,254,1675399814.7032564,48.74663997711014,0.016711466971864784,False,True,False,False,100000,False,True,False,-1.7934538156929094,-0.2179075911327535,9.98908759841157,1.5103019391094705,True,Cruise
1,255,1675399814.803401,49.68703322164289,0.004172890378094789,False,True,False,False,100000,False,True,False,-2.4077880327179524,-0.38713710722261796,10.039304318700713,0.44343511581085004,True,Cruise
1,256,1675399814.9032898,49.68703322164289,0.004172890378094789,False,True,False,False,100000,False,True,False,-2.5672413728752783,-0.06991319506965106,10.02295874723348,0.44343511581085004,True,Cruise
1,257,1675399815.0032623,49.68703322164289,0.004172890378094789,False,True,False,False,100000,False,True,False,-0.7949411325305166,0.13889704846682419,9.839760215537757,1.6038248349521238,True,Cruise
1,258,1675399815.1057634,49.84164976955937,-0.002111336405875048,False,True,False,False,100000,False,True,False,0.7912347522658543,-0.050982298730924774,9.697471785904796,1.6038248349521238,True,Cruise
1,259,1675399815.21207,49.84164976955937,-0.002111336405875048,False,True,False,False,100000,False,True,False,1.9289369671718382,-0.2044262559606405,9.604530775200752,1.1517592670705912,True,Cruise
1,260,1675399815.3141813,49.84164976955937,-0.002111336405875048,False,True,False,False,100000,False,True,False,3.157405369837092,-0.28317205046678456,9.559186851811646,1.2318244955705504,True,Cruise
1,261,1675399815.4179688,47.78064797292523,0.029591360360996962,False,True,False,False,100000,False,True,False,2.4433599736343665,-0.26690086841685784,9.657124762655435,0.8652725312009798,True,Cruise
1,262,1675399815.5233393,48.38731748666936,0.021502433511075267,False,True,False,False,100000,False,True,False,1.6034881725541834,-0.08425137553646186,9.756879831458049,0.8652725312009798,True,Cruise
1,263,1675399815.625831,48.38731748666936,0.021502433511075267,False,True,False,False,100000,False,True,False,-2.1224451169811474,0.633206552204101,10.114142969306972,0.8520735439769326,True,Cruise
1,264,1675399815.703274,48.09921628991215,0.025343782801171347,False,True,False,False,100000,False,True,False,-2.5983914636527254,0.5926289437124004,10.14218601380486,0.47849543317114146,True,Cruise
1,265,1675399815.8034024,48.09921628991215,0.025343782801171347,False,True,False,False,100000,False,True,False,-2.5983914636527254,0.5926289437124004,10.14218601380486,0.39464195092865617,True,Cruise
1,266,1675399815.9032407,48.763242320288164,0.016490102396157818,False,True,False,False,100000,False,True,False,-2.9481386336954225,0.7747463071145578,10.126297262206728,0.1938862726385844,True,Cruise
1,267,1675399816.0033052,48.763242320288164,0.016490102396157818,False,True,False,False,100000,False,True,False,-2.514239676306944,1.2494280596060492,10.02112371957847,0.1938862726385844,True,Cruise
1,268,1675399816.1032596,49.0172554368739,-0.013103260841681296,False,True,False,False,100000,False,True,False,-1.8109455516926798,1.181398266699455,9.92763494647247,0.7127347537034544,True,Cruise
1,269,1675399816.2032807,49.0172554368739,-0.013103260841681296,False,True,False,False,100000,False,True,False,-1.8109455516926798,1.181398266699455,9.92763494647247,0.7127347537034544,True,Cruise
1,270,1675399816.3032546,49.54990981034865,-0.006001202528684631,False,True,False,False,100000,False,True,False,-0.0077674926109326525,0.7648705502892693,9.703190939780683,0.5484888072092314,True,Cruise
1,271,1675399816.4058645,49.54990981034865,-0.006001202528684631,False,True,False,False,100000,False,True,False,0.5180626803121927,0.6186161071309753,9.64885643201721,0.5484888072092314,True,Cruise
1,272,1675399816.5097423,49.54990981034865,-0.006001202528684631,False,True,False,False,100000,False,True,False,0.5180626803121927,0.6186161071309753,9.64885643201721,0.5484888072092314,True,Cruise
1,273,1675399816.6137788,49.02967637369345,-0.012937648350754043,False,True,False,False,100000,False,True,False,2.479436393656984,0.6901351025925567,9.49892547661758,1.5688656990137397,True,Cruise
1,274,1675399816.7177093,49.78269872590888,-0.002897350321214903,False,True,False,False,100000,False,True,False,2.479436393656984,0.6901351025925567,9.49892547661758,0.4117748372121948,True,Cruise
1,275,1675399816.8219075,49.78269872590888,-0.002897350321214903,False,True,False,False,100000,False,True,False,2.0045228410263234,0.24938664711069003,9.595472357663109,0.6490137296818507,True,Cruise
1,276,1675399816.925755,49.94753938181489,0.0006994749091347877,False,True,False,False,100000,False,True,False,2.0396241115351437,-0.09331447028644341,9.642786072494903,0.2779684232648257,True,Cruise
1,277,1675399817.0032682,49.94753938181489,0.0006994749091347877,False,True,False,False,100000,False,True,False,1.7721462198748068,-0.16203355380062226,9.693693495404496,0.28081720152687173,True,Cruise
1,278,1675399817.1032548,49.94753938181489,0.0006994749091347877,False,True,False,False,100000,False,True,False,1.7721462198748068,-0.16203355380062226,9.693693495404496,0.28081720152687173,True,Cruise
1,279,1675399817.2032676,49.72781600113632,-0.0036291199848490735,False,True,False,False,100000,False,True,False,1.8742623248053834,-0.520605690219278,9.760237028967897,0.3787211609629637,True,Cruise
1,280,1675399817.3032188,49.72781600113632,-0.0036291199848490735,False,True,False,False,100000,False,True,False,1.549437965769666,-0.5862642490977501,9.814280897756278,0.3787211609629637,True,Cruise
1,281,1675399817.403939,49.21401564560654,-0.010479791391912794,False,True,False,False,100000,False,True,False,1.549437965769666,-0.5862642490977501,9.814280897756278,1.2777056960257163,True,Cruise
1,282,1675399817.5032835,49.21401564560654,-0.010479791391912794,False,True,False,False,100000,False,True,False,1.549437965769666,-0.5862642490977501,9.814280897756278,0.6718411620966772,True,Cruise
1,283,1675399817.6042695,49.21401564560654,-0.010479791391912794,False,True,False,False,100000,False,True,False,0.27960311080797573,-0.598914440782281,9.955317274026118,0.6363219748372184,True,Cruise
1,284,1675399817.7035258,49.071449674237364,0.012380671010168475,False,True,False,False,100000,False,True,False,-2.2483165075451255,-0.6420484905333255,10.164336397571184,0.4090897103614869,True,Cruise
1,285,1675399817.803243,49.30736528632668,-0.009235129515644262,False,True,False,False,100000,False,True,False,-2.2483165075451255,-0.6420484905333255,10.164336397571184,0.4090897103614869,True,Cruise
1,286,1675399817.9259279,49.30736528632668,-0.009235129515644262,False,True,False,False,100000,False,True,False,-1.226281242974037,-0.2053040578060436,10.000917027558357,1.123391148282983,True,Cruise
1,287,1675399818.0219195,49.30736528632668,-0.009235129515644262,False,True,False,False,100000,False,True,False,0.2029922727062956,-0.2384706614472897,9.833158869244626,0.29565781924739803,True,Cruise
1,288,1675399818.1178625,48.81063038715241,0.015858261504634572,False,True,False,False,100000,False,True,False,0.2029922727062956,-0.2384706614472897,9.833158869244626,0.29565781924739803,True,Cruise
1,289,1675399818.213707,48.81063038715241,0.015858261504634572,False,True,False,False,100000,False,True,False,0.4895987841967627,-0.5086141366415748,9.791094972347612,0.39609362660985,True,Cruise
1,290,1675399818.309665,48.81063038715241,0.015858261504634572,False,True,False,False,100000,False,True,False,0.4895987841967627,-0.5086141366415748,9.791094972347612,0.39609362660985,True,Cruise
1,291,1675399818.4057584,49.12148844579894,-0.011713487389347459,False,True,False,False,100000,False,True,False,-0.11019315724258952,0.3001886844535926,9.810793299241308,0.536234230076289,True,Cruise
1,292,1675399818.503237,49.12148844579894,-0.011713487389347459,False,True,False,False,100000,False,True,False,-0.11019315724258952,0.3001886844535926,9.810793299241308,0.536234230076289,True,Cruise
1,293,1675399818.6032484,49.120645613490176,-0.011724725153464342,False,True,False,False,100000,False,True,False,-1.1080759203702488,-0.22773454760109116,9.845462731246691,1.1294577979747324,True,Cruise
1,294,1675399818.7032454,49.120645613490176,-0.011724725153464342,False,True,False,False,100000,False,True,False,-0.9219241293977614,-0.05836482766391715,9.794553287169013,0.2780166853040861,True,Cruise
1,295,1675399818.803239,49.92920550535322,0.000943926595290488,False,True,False,False,100000,False,True,False,-0.7136900690719539,0.048272636955730606,9.76240471282271,0.23614932473496184,True,Cruise
1,296,1675399818.9032362,49.92920550535322,0.000943926595290488,False,True,False,False,100000,False,True,False,0.5300471088468427,-0.018675067720705853,9.626247142064011,1.0974919712818156,True,Cruise
1,297,1675399819.0032356,48.27960580441787,0.022938589274428444,False,True,False,False,100000,False,True,False,0.5300471088468427,-0.018675067720705853,9.626247142064011,0.9818362726407702,True,Cruise
1,298,1675399819.1032584,48.27960580441787,0.022938589274428444,False,True,False,False,100000,False,True,False,1.5032059123825487,0.08206365691492692,9.543687353226709,0.9818362726407702,True,Cruise
1,299,1675399819.2222612,49.41268105754583,0.00783091923272224,False,True,False,False,100000,False,True,False,1.5032059123825487,0.08206365691492692,9.543687353226709,2.313092636126116,True,Cruise
1,300,1675399819.3179882,49.41268105754583,0.00783091923272224,False,True,False,False,100000,False,True,False,-0.8550913631075724,0.611883196359111,9.80268329294179,0.38189853599767787,True,Cruise
1,301,1675399819.4139874,48.23294802363782,0.023560693018162434,False,True,False,False,100000,False,True,False,-0.20515439465137886,0.37768922842465014,9.74580930903086,0.6931807322977285,True,Cruise
1,302,1675399819.509686,48.23294802363782,0.023560693018162434,False,True,False,False,100000,False,True,False,-0.9865462605178986,0.027842382976304817,9.835351558131032,0.8608042040362238,True,Cruise
1,303,1675399819.605675,48.23294802363782,0.023560693018162434,False,True,False,False,100000,False,True,False,-1.778246516036113,0.1669625576397419,9.906055227222001,0.8069341524615974,True,Cruise
1,304,1675399819.7032242,48.37897553571355,0.021613659523819263,False,True,False,False,100000,False,True,False,-2.802921024016022,0.48989877688262334,9.981263051730144,0.43645819504224076,True,Cruise
1,305,1675399819.8032305,48.37897553571355,0.021613659523819263,False,True,False,False,100000,False,True,False,-2.802921024016022,0.48989877688262334,9.981263051730144,0.43645819504224076,True,Cruise
1,306,1675399819.9032261,48.97384926078325,0.013682009856223365,False,True,False,False,100000,False,True,False,-2.7805191668232734,0.8059711334923688,9.943999831125286,0.3190487822079388,True,Cruise
1,307,1675399820.003273,48.97384926078325,0.013682009856223365,False,True,False,False,100000,False,True,False,-2.4299313164750744,0.9133427992431944,9.896901790946147,0.26883381091868785,True,Cruise
1,308,1675399820.1032107,49.428818992358444,0.007615746768554136,False,True,False,False,100000,False,True,False,0.8559564501503396,0.8873168397952844,9.57179453991944,1.6283922448708932,True,Cruise
1,309,1675399820.2032607,49.428818992358444,0.007615746768554136,False,True,False,False,100000,False,True,False,1.7905792110189345,0.90474275445122,9.502675649819057,0.9373370730980074,True,Cruise
1,310,1675399820.3256588,48.61467238533733,0.018471034862168965,False,True,False,False,100000,False,True,False,1.7905792110189345,0.90474275445122,9.502675649819057,0.9373370730980074,True,Cruise
1,311,1675399820.4219236,48.61467238533733,0.018471034862168965,False,True,False,False,100000,False,True,False,2.766011735425184,0.9287451683612673,9.465176802465141,0.3571499411914452,True,Cruise
1,312,1675399820.5217614,48.5228767927602,0.01969497609653068,False,True,False,True,100000,False,True,False,2.766011735425184,0.9287451683612673,9.465176802465141,0.3571499411914452,True,Cruise
1,313,1675399820.6140075,48.5228767927602,0.01969497609653068,False,True,False,True,100000,False,True,False,-0.8659111692313736,1.3270292825180405,9.918136022669184,0.3571499411914452,True,Cruise
1,314,1675399820.7097597,48.5228767927602,0.01969497609653068,False,True,False,True,100000,False,True,False,-2.1276377689033406,1.3040633933154087,10.03618123805789,0.7239450697303591,True,Cruise
1,315,1675399820.8058422,47.73329208217428,-0.030222772237676235,False,True,False,True,100000,False,True,False,-2.8470132542861037,1.2496102331972208,10.096432614559605,0.30844981587284465,True,Cruise
1,316,1675399820.9033966,47.73329208217428,-0.030222772237676235,False,True,False,True,100000,False,True,False,-3.1534862684679386,1.2184776768440295,10.112127977735016,0.3028219369458961,True,Cruise
1,317,1675399821.003337,48.67329673463259,-0.017689376871565434,False,True,False,True,100000,False,True,False,-2.4539443572031816,0.5583352592667598,10.013701852921272,0.8540034774560419,True,Cruise
1,318,1675399821.1032968,48.67329673463259,-0.017689376871565434,False,True,False,True,100000,False,True,False,-1.996701382377265,0.08193402685352455,9.95563803194763,0.662873049368099,True,Cruise
1,319,1675399821.2032974,30.510354598283442,-0.032102546928663024,True,True,False,True,16.340236398855627,False,False,False,-1.996701382377265,0.08193402685352455,9.95563803194763,0.662873049368099,True,Keep distance
1,320,1675399821.303337,30.510354598283442,-0.032102546928663024,True,True,False,True,16.340236398855627,False,False,False,0.8910584387526322,0.01909344747921272,9.656892272435726,2.903851709673657,True,Keep distance
1,321,1675399821.4033291,30.510354598283442,-0.02715744539393689,True,True,False,True,16.340236398855627,False,False,False,-0.10579249046658193,0.013857355727023901,9.763876006483764,2.903851709673657,True,Keep distance
1,322,1675399821.5032966,30.510354598283442,-0.02715744539393689,True,True,False,True,16.340236398855627,False,False,False,-2.4455157357085593,-0.7359240680525453,9.955518061703048,0.7900121710156788,True,Keep distance
1,323,1675399821.6217487,30.510354598283442,-0.02715744539393689,True,True,False,True,16.340236398855627,False,False,False,-3.625745651575307,-1.2699140340290564,10.01866467939503,0.5095335893779541,True,Keep distance
1,324,1675399821.7177374,30.510354598283442,-0.02346367524195101,True,True,False,True,16.340236398855627,False,False,False,-3.831550260820357,-1.4024365590478638,10.009654459580146,0.2449468123592971,True,Keep distance
1,325,1675399821.8138435,30.510354598283442,-0.02346367524195101,True,True,False,True,16.340236398855627,False,False,False,-3.831550260820357,-1.4024365590478638,10.009654459580146,0.2449468123592971,True,Keep distance
1,326,1675399821.9096966,30.510354598283442,-0.02670006501959041,True,True,False,True,16.340236398855627,False,False,False,-3.831550260820357,-1.4024365590478638,10.009654459580146,0.34667553485954444,True,Keep distance
1,327,1675399822.0057087,30.510354598283442,-0.02670006501959041,True,True,False,True,16.340236398855627,False,False,False,-3.995638267461531,-1.7915922969739102,9.904225828197012,0.0889403052845552,True,Keep distance
1,328,1675399822.103241,30.510354598283442,-0.024600184118708162,True,True,False,True,16.340236398855627,False,False,False,-4.055063910020975,-1.8315343900269685,9.879480134291752,0.07575702711903838,True,Keep distance
1,329,1675399822.2032313,30.510354598283442,-0.024600184118708162,True,True,False,True,16.340236398855627,False,False,False,-4.21708997555583,-1.9236094657286187,9.835405259686048,0.09012142002246862,True,Keep distance
1,330,1675399822.3032372,30.510354598283442,-0.01119186201539312,True,True,False,True,16.340236398855627,False,False,False,-4.269866088260059,-1.5814243327044148,9.854336198104583,0.1128652808712582,True,Keep distance
1,331,1675399822.4032865,30.510354598283442,-0.01119186201539312,True,True,False,True,16.340236398855627,False,False,False,-4.349362305446457,-1.6535386369818594,9.819429892115819,0.1128652808712582,True,Keep distance
1,332,1675399822.503328,28.084843819983643,-0.01119186201539312,True,True,False,True,14.723229213322428,False,False,False,-4.349362305446457,-1.6535386369818594,9.819429892115819,0.1128652808712582,True,Keep distance
1,333,1675399822.6033196,28.084843819983643,-0.026480530249148426,True,True,False,True,14.723229213322428,False,False,False,-4.4228677179730775,-1.270136469880706,9.74918605752254,0.39665408570558985,True,Keep distance
1,334,1675399822.7259471,28.084843819983643,-0.026480530249148426,True,True,False,True,14.723229213322428,False,False,False,-4.540696863588875,-1.0678964560608986,9.719763377053983,0.163539513907998,True,Keep distance
1,335,1675399822.8225446,28.084843819983643,-0.0072085367954150565,True,True,False,True,14.723229213322428,False,False,False,-4.550614136557445,-1.230477245656246,9.703308640439447,0.16371201484812756,True,Keep distance
1,336,1675399822.9177759,28.084843819983643,-0.0072085367954150565,True,True,False,True,14.723229213322428,False,False,False,-4.5430799482867465,-1.2905453686755715,9.6882745645709,0.06237761484045671,True,Keep distance
1,337,1675399823.013727,28.084843819983643,-0.0035236806506101443,True,True,False,True,14.723229213322428,False,False,False,-4.361340878009695,-1.333608489178734,9.660040870545485,0.18889325951700237,True,Keep distance
1,338,1675399823.1098406,28.084843819983643,-0.0035236806506101443,True,True,False,True,14.723229213322428,False,False,False,-3.8211835349908974,-0.8576829905306302,9.572691465220009,0.7251930460858598,True,Keep distance
1,339,1675399823.2058234,28.084843819983643,-0.02072756103194059,True,True,False,True,14.723229213322428,False,False,False,-4.059999930166327,-0.28220222751563767,9.61322277342993,0.7251930460858598,True,Keep distance
1,340,1675399823.3036413,28.084843819983643,-0.02072756103194059,True,True,False,True,14.723229213322428,False,False,False,-4.12418322826497,-0.23246150255079487,9.629528040591085,0.08282208166934693,True,Keep distance
1,341,1675399823.4032557,28.084843819983643,-0.010158829675751355,True,True,False,True,14.723229213322428,False,False,False,-4.150916891290759,-0.14712437769952058,9.644238625732484,0.2001033832418112,True,Keep distance
1,342,1675399823.5032568,28.084843819983643,-0.010158829675751355,True,True,False,True,14.723229213322428,False,False,False,-4.134160137082985,-0.4952052660608206,9.672128551842249,0.2001033832418112,True,Keep distance
1,343,1675399823.603257,28.084843819983643,0.012082592155694375,True,True,False,True,14.723229213322428,False,False,False,-4.134160137082985,-0.4952052660608206,9.672128551842249,0.13741071387436127,True,Keep distance
1,344,1675399823.7032373,28.084843819983643,0.012082592155694375,True,True,False,True,14.723229213322428,False,False,False,-4.054868515846288,-0.2548851875096889,9.698999653372853,0.11730359789073448,True,Keep distance
1,345,1675399823.8032246,26.177021927375876,0.0012568830572554398,True,True,False,True,13.451347951583916,False,False,False,-3.98124781523421,-0.295485477457616,9.729196237104574,0.08933210381232394,True,Keep distance
1,346,1675399823.9033282,26.177021927375876,0.0012568830572554398,True,True,False,True,13.451347951583916,False,False,False,-3.9438302056616035,-0.01596342942833705,9.744217126285898,0.28241508449870056,True,Keep distance
1,347,1675399824.0216663,26.177021927375876,0.0012568830572554398,True,True,False,True,13.451347951583916,False,False,False,-3.8953531871683675,0.24437746328096857,9.775488358721512,0.08685727682898987,True,Keep distance
1,348,1675399824.1183991,26.177021927375876,-5.905680110807399e-05,True,True,False,True,13.451347951583916,False,False,False,-3.882228812514284,0.11452493673194405,9.79107919729003,0.13144201043994813,True,Keep distance
1,349,1675399824.2138994,26.177021927375876,0.005925232237764551,True,True,False,True,13.451347951583916,False,False,False,-3.8631702643450496,0.05580549362318804,9.819568690720013,0.02103957662319248,True,Keep distance
1,350,1675399824.309719,26.177021927375876,0.005925232237764551,True,True,False,True,13.451347951583916,False,False,False,-3.863866051223046,0.15060697179641666,9.821546794795085,0.09482466598380691,True,Keep distance
1,351,1675399824.4057634,26.177021927375876,0.005925232237764551,True,True,False,True,13.451347951583916,False,False,False,-3.8450568365643107,0.22443858591487287,9.855961416649363,0.08360179421990876,True,Keep distance
1,352,1675399824.5058002,26.177021927375876,0.0004628654908404261,True,True,False,True,13.451347951583916,False,False,False,-3.8450568365643107,0.22443858591487287,9.855961416649363,0.05300639286515725,True,Keep distance
1,353,1675399824.6032863,26.177021927375876,-0.004968575492437229,True,True,False,True,13.451347951583916,False,False,False,-3.841902680916425,0.3055179299343093,9.872417277078355,0.029863099557507277,True,Keep distance
1,354,1675399824.703331,26.177021927375876,-0.004968575492437229,True,True,False,True,13.451347951583916,False,False,False,-3.864943796378378,0.6744069028177269,9.849281385485169,0.3703312527947452,True,Keep distance
1,355,1675399824.8033013,26.177021927375876,-0.003912098682746542,True,True,False,True,13.451347951583916,False,False,False,-3.867980916828364,0.5653507176155024,9.856885350290048,0.0816043496689569,True,Keep distance
1,356,1675399824.9032779,26.177021927375876,-0.003912098682746542,True,True,False,True,13.451347951583916,False,False,False,-3.875424239892959,0.43566326696516966,9.869008311317943,0.04889992398951606,True,Keep distance
1,357,1675399825.0033314,26.177021927375876,-0.003912098682746542,True,True,False,True,13.451347951583916,False,False,False,-3.8802454153847674,0.4092466932762154,9.872987755583168,0.027146179754190015,True,Keep distance
1,358,1675399825.1257412,26.177021927375876,-0.003024483757439012,True,True,False,True,13.451347951583916,False,False,False,-3.8802454153847674,0.4092466932762154,9.872987755583168,0.027146179754190015,True,Keep distance
1,359,1675399825.2220004,24.574590192391913,-0.003024483757439012,True,True,False,True,12.383060128261276,False,False,False,-3.8802454153847674,0.4092466932762154,9.872987755583168,0.027146179754190015,True,Keep distance
1,360,1675399825.317812,24.574590192391913,-0.003024483757439012,True,True,False,True,12.383060128261276,False,False,False,-3.906253128700302,0.09172966471178708,9.876260386816188,0.06348025873703364,True,Keep distance
1,361,1675399825.417778,24.574590192391913,0.012911684469567664,True,True,False,True,12.383060128261276,False,False,False,-3.906253128700302,0.09172966471178708,9.876260386816188,0.06348025873703364,True,Keep distance
1,362,1675399825.5097678,24.574590192391913,0.012911684469567664,True,True,False,True,12.383060128261276,False,False,False,-3.9293404896816733,-0.06034677850862787,9.867768341369981,0.053809446068128125,True,Keep distance
1,363,1675399825.6056864,24.574590192391913,0.00143925072515139,True,True,False,True,12.383060128261276,False,False,False,-3.94458617132697,-0.20383816151156756,9.85851674226911,0.09426873839117116,True,Keep distance
1,364,1675399825.7033148,24.574590192391913,0.00143925072515139,True,True,False,True,12.383060128261276,False,False,False,-3.94458617132697,-0.20383816151156756,9.85851674226911,0.09426873839117116,True,Keep distance
1,365,1675399825.8032773,24.574590192391913,0.00143925072515139,True,True,False,True,12.383060128261276,False,False,False,-3.94458617132697,-0.20383816151156756,9.85851674226911,0.09426873839117116,True,Keep distance
1,366,1675399825.9032643,24.574590192391913,0.00143925072515139,True,True,False,True,12.383060128261276,False,False,False,-3.964799223667666,-0.10901518030112055,9.84162257582317,0.09841431862522663,True,Keep distance
1,367,1675399826.0041761,24.574590192391913,0.011630148158033262,True,True,False,True,12.383060128261276,False,False,False,-3.970847503664253,-0.1351005839514263,9.835642338875182,0.027437077258166097,True,Keep distance
1,368,1675399826.1032596,24.574590192391913,-0.0020417122552718182,True,True,False,True,12.383060128261276,False,False,False,-3.97633400261496,-0.13290974852439602,9.829663224987154,0.018547007895894058,True,Keep distance
1,369,1675399826.2038772,24.574590192391913,-0.0020417122552718182,True,True,False,True,12.383060128261276,False,False,False,-3.981216847058413,-0.14980863422233665,9.82378300439611,0.14721660976448572,True,Keep distance
1,370,1675399826.3032804,24.574590192391913,0.007829482288201356,True,True,False,True,12.383060128261276,False,False,False,-3.992485075993585,0.02538818226873085,9.807568531007442,0.12033928500945895,True,Keep distance
1,371,1675399826.4219599,24.574590192391913,0.007829482288201356,True,True,False,True,12.383060128261276,False,False,False,-3.992485075993585,0.02538818226873085,9.807568531007442,0.12033928500945895,True,Keep distance
1,372,1675399826.5178754,24.574590192391913,0.007829482288201356,True,True,False,True,12.383060128261276,False,False,False,-3.992485075993585,0.02538818226873085,9.807568531007442,0.12033928500945895,True,Keep distance
1,373,1675399826.6139848,24.574590192391913,-0.007885573642590555,True,True,False,True,12.383060128261276,False,False,False,-3.9975821972062793,-0.06950396622730144,9.794805858822224,0.144441764967375,True,Keep distance
1,374,1675399826.709929,24.574590192391913,0.007452467291892935,True,True,False,True,12.383060128261276,False,False,False,-3.998734153871173,0.07489712437830218,9.791577624839865,0.14465995744745686,True,Keep distance
1,375,1675399826.8057506,24.574590192391913,0.007452467291892935,True,True,False,True,12.383060128261276,False,False,False,-3.998759777843319,0.06034574042721358,9.786615036294613,0.1592015263013562,True,Keep distance
1,376,1675399826.9032607,24.574590192391913,0.007452467291892935,True,True,False,True,12.383060128261276,False,False,False,-3.998759777843319,0.06034574042721358,9.786615036294613,0.1592015263013562,True,Keep distance
1,377,1675399827.003311,24.574590192391913,0.004526468663553921,True,True,False,True,12.383060128261276,False,False,False,-3.996418915234455,0.16370078556867573,9.783137812008198,0.11730058425697065,True,Keep distance
1,378,1675399827.1032588,24.574590192391913,0.004526468663553921,True,True,False,True,12.383060128261276,False,False,False,-3.996418915234455,0.16370078556867573,9.783137812008198,0.11730058425697065,True,Keep distance
1,379,1675399827.2032928,24.574590192391913,0.004153378121038012,True,True,False,True,12.383060128261276,False,False,False,-3.996418915234455,0.16370078556867573,9.783137812008198,0.11730058425697065,True,Keep distance
1,380,1675399827.3034732,24.574590192391913,0.004153378121038012,True,True,False,True,12.383060128261276,False,False,False,-3.991635363936882,0.17958343960426218,9.783830523289765,0.016601834571825347,True,Keep distance
1,381,1675399827.4036174,24.574590192391913,0.004153378121038012,True,True,False,True,11.302141267811377,False,False,False,-3.9894230015755343,0.16039374263271325,9.784818696071927,0.019342065621985333,True,Keep distance
1,382,1675399827.5259314,22.953211901717065,0.004153378121038012,True,True,False,True,11.302141267811377,False,False,False,-3.9894230015755343,0.16039374263271325,9.784818696071927,0.019342065621985333,True,Keep distance
1,383,1675399827.6270316,22.953211901717065,0.004153378121038012,True,True,False,True,11.302141267811377,False,False,False,-3.98713053168223,0.16326616043435083,9.786130428481977,0.019342065621985333,True,Keep distance
1,384,1675399827.7181716,22.953211901717065,0.000410486625937972,True,True,False,True,11.302141267811377,False,False,False,-3.98713053168223,0.16326616043435083,9.786130428481977,0.019342065621985333,True,Keep distance
1,385,1675399827.818202,22.953211901717065,0.000410486625937972,True,True,False,True,11.302141267811377,False,False,False,-3.98713053168223,0.16326616043435083,9.786130428481977,0.019342065621985333,True,Keep distance
1,386,1675399827.9140315,22.953211901717065,0.000410486625937972,True,True,False,True,11.302141267811377,False,False,False,-3.9847688080817574,0.1682797202984611,9.787718161397773,0.005764929894452249,True,Keep distance
1,387,1675399828.007566,22.953211901717065,0.000410486625937972,True,True,False,True,11.302141267811377,False,False,False,-3.9824123359490953,0.17473149031579224,9.789539274312382,0.007105965769429315,True,Keep distance
1,388,1675399828.1036987,22.953211901717065,0.000410486625937972,True,True,False,True,11.302141267811377,False,False,False,-3.9824123359490953,0.17473149031579224,9.789539274312382,0.007105965769429315,True,Keep distance
1,389,1675399828.2041397,22.953211901717065,-0.0035362787057847994,True,True,False,True,11.302141267811377,False,False,False,-3.9824123359490953,0.17473149031579224,9.789539274312382,0.007105965769429315,True,Keep distance
1,390,1675399828.3040197,22.953211901717065,-0.0037130199648124813,True,True,False,True,11.302141267811377,False,False,False,-3.9824123359490953,0.17473149031579224,9.789539274312382,0.007105965769429315,True,Keep distance
1,391,1675399828.4093428,22.953211901717065,-0.0037130199648124813,True,True,False,True,11.302141267811377,False,False,False,-3.9824123359490953,0.17473149031579224,9.789539274312382,0.007105965769429315,True,Keep distance
1,392,1675399828.5039456,22.953211901717065,-0.0037130199648124813,True,True,False,True,11.302141267811377,False,False,False,-3.9800888359958213,0.19186857353702377,9.791546259551478,0.01740994724616436,True,Keep distance
1,393,1675399828.6038713,22.953211901717065,-0.0037130199648124813,True,True,False,True,11.302141267811377,False,False,False,-3.9800888359958213,0.19186857353702377,9.791546259551478,0.01740994724616436,True,Keep distance
1,394,1675399828.7259166,22.953211901717065,-0.0037130199648124813,True,True,False,True,11.302141267811377,False,False,False,-3.9774763433306988,0.1496473153693788,9.793663374835866,0.04235495173308118,True,Keep distance
1,395,1675399828.821907,22.953211901717065,-0.0037130199648124813,True,True,False,True,11.302141267811377,False,False,False,-3.9774763433306988,0.1496473153693788,9.793663374835866,0.04235495173308118,True,Keep distance
1,396,1675399828.9178917,22.953211901717065,-0.0037130199648124813,True,True,False,True,11.302141267811377,False,False,False,-3.9774763433306988,0.1496473153693788,9.793663374835866,0.04235495173308118,True,Keep distance
1,397,1675399829.0140169,22.953211901717065,-0.0037130199648124813,True,True,False,True,11.302141267811377,False,False,False,-3.9774763433306988,0.1496473153693788,9.793663374835866,0.030313029734318243,True,Keep distance
1,398,1675399829.1126888,22.953211901717065,-0.0037130199648124813,True,True,False,True,11.302141267811377,False,False,False,-3.970615396037225,0.062870983964541,9.800465083864788,0.05724908658466077,True,Keep distance
1,399,1675399829.2085514,22.953211901717065,-0.0037130199648124813,True,True,False,True,11.302141267811377,False,False,False,-3.968688337373187,0.02102889551434457,9.802740390863987,0.04194819355954802,True,Keep distance
1,400,1675399829.3053598,22.953211901717065,0.002315700141537356,True,True,False,True,11.302141267811377,False,False,False,-3.968688337373187,0.02102889551434457,9.802740390863987,0.04194819355954802,True,Keep distance
1,401,1675399829.4036138,22.953211901717065,0.002315700141537356,True,True,False,True,11.302141267811377,False,False,False,-3.96558234258497,-0.02185042223791156,9.807094303282817,0.019307267122138927,True,Keep distance
1,402,1675399829.503489,22.953211901717065,0.002479311550618674,True,True,False,True,11.302141267811377,False,False,False,-3.96558234258497,-0.02185042223791156,9.807094303282817,0.019307267122138927,True,Keep distance
1,403,1675399829.6035898,22.953211901717065,0.002479311550618674,True,True,False,True,11.302141267811377,False,False,False,-3.96558234258497,-0.02185042223791156,9.807094303282817,0.019307267122138927,True,Keep distance
1,404,1675399829.7034876,22.953211901717065,0.002479311550618674,True,True,False,True,11.302141267811377,False,False,False,-3.9643180319369966,-0.06132250221376059,9.809103981462025,0.019307267122138927,True,Keep distance
1,405,1675399829.8038063,22.953211901717065,0.002479311550618674,True,True,False,True,11.302141267811377,False,False,False,-3.962211080462883,0.01159777338624519,9.812682875009635,0.025344247037188412,True,Keep distance
1,406,1675399829.9035537,22.953211901717065,0.002479311550618674,True,True,False,True,11.302141267811377,False,False,False,-3.962211080462883,0.01159777338624519,9.812682875009635,0.025344247037188412,True,Keep distance
1,407,1675399830.0227177,22.953211901717065,0.002479311550618674,True,True,False,True,11.302141267811377,False,False,False,-3.962211080462883,0.01159777338624519,9.812682875009635,0.025344247037188412,True,Keep distance
1,408,1675399830.1199143,21.68429304005161,0.002479311550618674,True,True,False,True,10.456195360034407,False,False,False,-3.962211080462883,0.01159777338624519,9.812682875009635,0.016468101755263115,True,Keep distance
1,409,1675399830.219573,21.68429304005161,0.007180558157527594,True,True,False,True,10.456195360034407,False,False,False,-3.9606924151347065,-0.0045499060858299025,9.815536728318728,0.016468101755263115,True,Keep distance
1,410,1675399830.313182,21.68429304005161,0.007180558157527594,True,True,False,True,10.456195360034407,False,False,False,-3.960158412895676,-0.013011848402577549,9.81667016251455,0.016970398153877034,True,Keep distance
1,411,1675399830.4082103,21.68429304005161,-0.0014304807825221992,True,True,False,True,10.456195360034407,False,False,False,-3.959777537969225,-0.029952217500118224,9.817604637035659,0.016970398153877034,True,Keep distance
1,412,1675399830.5036402,21.68429304005161,-0.0014304807825221992,True,True,False,True,10.456195360034407,False,False,False,-3.959777537969225,-0.029952217500118224,9.817604637035659,0.016970398153877034,True,Keep distance
1,413,1675399830.603596,21.68429304005161,-0.01138236540632575,True,True,False,True,10.456195360034407,False,False,False,-3.9599184331225565,0.09735688169305172,9.818915983267843,0.06976964834063432,True,Keep distance
1,414,1675399830.7035704,21.68429304005161,-0.01138236540632575,True,True,False,True,10.456195360034407,False,False,False,-3.9596034046121207,0.052172911241839835,9.819224348745363,0.06976964834063432,True,Keep distance
1,415,1675399830.8034036,21.68429304005161,-0.01138236540632575,True,True,False,True,10.456195360034407,False,False,False,-3.9592715029093646,-0.10986299798542919,9.81935675588512,0.16203630324559593,True,Keep distance
1,416,1675399830.903455,21.68429304005161,-0.01138236540632575,True,True,False,True,10.456195360034407,False,False,False,-3.959655334466991,-0.1895639894288409,9.819374116177443,0.07970191757484361,True,Keep distance
1,417,1675399831.0038946,21.68429304005161,-0.01138236540632575,True,True,False,True,10.456195360034407,False,False,False,-3.959655334466991,-0.1895639894288409,9.819374116177443,0.07970191757484361,True,Keep distance
1,418,1675399831.1259522,21.68429304005161,-0.004732241534870501,True,True,False,True,10.456195360034407,False,False,False,-3.959655334466991,-0.1895639894288409,9.819374116177443,0.07970191757484361,True,Keep distance
1,419,1675399831.222015,21.68429304005161,-0.004732241534870501,True,True,False,True,10.456195360034407,False,False,False,-3.959655334466991,-0.1895639894288409,9.819374116177443,0.07970191757484361,True,Keep distance
1,420,1675399831.318006,21.68429304005161,-0.004732241534870501,True,True,False,True,10.456195360034407,False,False,False,-3.959655334466991,-0.1895639894288409,9.819374116177443,0.07970191757484361,True,Keep distance
1,421,1675399831.4140425,21.68429304005161,-0.004732241534870501,True,True,False,True,10.456195360034407,False,False,False,-3.962619276284103,-0.2334160692770216,9.818599215348716,0.04395896187810629,True,Keep distance
1,422,1675399831.5150285,21.68429304005161,-0.011560020033725398,True,True,False,True,10.456195360034407,False,False,False,-3.9634245114029816,-0.14932430530947427,9.817373744950373,0.025494724818267096,True,Keep distance
1,423,1675399831.6061714,21.68429304005161,-0.010763270088704978,True,True,False,True,10.456195360034407,False,False,False,-3.9634245114029816,-0.14932430530947427,9.817373744950373,0.025494724818267096,True,Keep distance
