repetition,iteration,time,speed,steering,obstacle_North,obstacle_NorthWest,obstacle_SouthWest,obstacle_West,obstacle_distance,follow_enable,steady_motion_enable,passing_start,accel_x,accel_y,accel_z,accel_diff,success,action
1,1,1675400123.7521682,0.0,0.0,False,True,False,False,100000,False,True,False,-0.08469368572012234,-2.9442808186273413e-13,9.74213188200712,0.013826692223594735,True,Cruise
1,2,1675400123.752432,0.0,0.0,False,True,False,False,100000,False,True,False,-0.08469368572012234,-2.9442808186273413e-13,9.74213188200712,0.013826692223594735,True,Cruise
1,3,1675400123.8527455,49.73419314610835,0.003544091385222006,False,True,False,False,100000,False,True,False,-0.07212504674529217,-6.403245228991495e-13,9.768076971363683,0.028829123250623947,True,Cruise
1,4,1675400123.9525917,49.73419314610835,0.003544091385222006,False,True,False,False,100000,False,True,False,-0.06362108344830059,-1.3203331004646683e-13,9.78033067638404,0.9994585663096702,True,Cruise
1,5,1675400124.0525713,49.73419314610835,0.003544091385222006,False,True,False,False,100000,False,True,False,1.8512718425460508,0.00429269125207579,9.636105351581286,0.9211105270430027,True,Cruise
1,6,1675400124.152537,49.73419314610835,0.003544091385222006,False,True,False,False,100000,False,True,False,2.538070841365751,0.007265866098103996,9.60127136086481,0.6876882371086793,True,Cruise
1,7,1675400124.252559,49.73419314610835,0.003544091385222006,False,True,False,False,100000,False,True,False,3.453910981128021,0.002845117591120593,9.619827882916306,0.1762101277350648,True,Cruise
1,8,1675400124.3525965,49.73419314610835,0.003544091385222006,False,True,False,False,100000,False,True,False,3.679995832591058,0.00203836660772752,9.673460961317726,0.23236074971265142,True,Cruise
1,9,1675400124.4525585,49.73423671152528,0.003543510512996314,False,True,False,False,100000,False,True,False,3.679995832591058,0.00203836660772752,9.673460961317726,0.23236074971265142,True,Cruise
1,10,1675400124.5525587,49.67474467930651,0.004336737609246647,False,True,False,False,100000,False,True,False,3.679995832591058,0.00203836660772752,9.673460961317726,0.11699053808025718,True,Cruise
1,11,1675400124.6525917,49.67474467930651,0.004336737609246647,False,True,False,False,100000,False,True,False,4.1415689937494,0.0470641644577541,9.77429234673079,0.13091897141424136,True,Cruise
1,12,1675400124.7525737,49.57132550782221,0.005715659895703871,False,True,False,False,100000,False,True,False,4.257890564203869,-0.06551684005800315,9.796090069297714,0.12201979795683532,True,Cruise
1,13,1675400124.8525863,49.57132550782221,0.005715659895703871,False,True,False,False,100000,False,True,False,4.458772594942559,0.006839569633667888,9.836351702825407,0.09759598334634624,True,Cruise
1,14,1675400124.952444,49.81857530033773,0.002418995995496969,False,True,False,False,100000,False,True,False,4.602679852829138,0.017412893778760534,9.871649781174673,0.14854981787623478,True,Cruise
1,15,1675400125.0525587,49.73335483049717,0.0035552689267044526,False,True,False,False,100000,False,True,False,4.65202366153621,0.014197128008438429,9.886985543922233,0.03805584448464152,True,Cruise
1,16,1675400125.1525867,49.73335483049717,0.0035552689267044526,False,True,False,False,100000,False,True,False,4.708399768074917,0.004140743778568492,9.912017390509696,0.02951502488712074,True,Cruise
1,17,1675400125.2526133,49.73335483049717,0.0035552689267044526,False,True,False,False,100000,False,True,False,4.708399768074917,0.004140743778568492,9.912017390509696,0.02951502488712074,True,Cruise
1,18,1675400125.3525615,49.656316324542985,0.004582449006093475,False,True,False,False,100000,False,True,False,4.717289074222782,-0.0034232220302240052,9.921392398597538,0.01497077550409986,True,Cruise
1,19,1675400125.4525888,49.656316324542985,0.004582449006093475,False,True,False,False,100000,False,True,False,4.717289074222782,-0.0034232220302240052,9.921392398597538,0.01497077550409986,True,Cruise
1,20,1675400125.5525627,49.656316324542985,0.004582449006093475,False,True,False,False,100000,False,True,False,4.717289074222782,-0.0034232220302240052,9.921392398597538,0.00982241828612997,True,Cruise
1,21,1675400125.6526055,49.656316324542985,0.004582449006093475,False,True,False,False,100000,False,True,False,4.714695726599075,0.0028066899757562686,9.928529810277416,0.014320842121659435,True,Cruise
1,22,1675400125.7525733,49.656316324542985,0.004582449006093475,False,True,False,False,100000,False,True,False,4.714695726599075,0.0028066899757562686,9.928529810277416,0.014320842121659435,True,Cruise
1,23,1675400125.8525581,49.656316324542985,0.004582449006093475,False,True,False,False,100000,False,True,False,4.679493227839328,0.008101558602270877,9.93592130379155,0.022435423029469777,True,Cruise
1,24,1675400125.952565,49.656316324542985,0.004582449006093475,False,True,False,False,100000,False,True,False,4.679493227839328,0.008101558602270877,9.93592130379155,0.022435423029469777,True,Cruise
1,25,1675400126.052565,49.819129039374324,0.0024116128083423245,False,True,False,False,100000,False,True,False,4.611846355680702,0.010701248179217956,9.934273203132095,0.022435423029469777,True,Cruise
1,26,1675400126.152552,49.819129039374324,0.0024116128083423245,False,True,False,False,100000,False,True,False,4.611846355680702,0.010701248179217956,9.934273203132095,0.022435423029469777,True,Cruise
1,27,1675400126.2525606,49.819129039374324,0.0024116128083423245,False,True,False,False,100000,False,True,False,4.611846355680702,0.010701248179217956,9.934273203132095,0.06771686595321497,True,Cruise
1,28,1675400126.3525856,49.819129039374324,0.0024116128083423245,False,True,False,False,100000,False,True,False,4.568768936953623,0.012058843342220306,9.930248810918592,0.04328628883957155,True,Cruise
1,29,1675400126.4525707,49.67027492118728,0.00439633438416962,False,True,False,False,100000,False,True,False,4.568768936953623,0.012058843342220306,9.930248810918592,0.04328628883957155,True,Cruise
1,30,1675400126.5525615,49.67027492118728,0.00439633438416962,False,True,False,False,100000,False,True,False,4.568768936953623,0.012058843342220306,9.930248810918592,0.04328628883957155,True,Cruise
1,31,1675400126.6525676,49.67027492118728,0.00439633438416962,False,True,False,False,100000,False,True,False,4.521083895887961,0.011915979473096769,9.924255849475461,0.04806036972785139,True,Cruise
1,32,1675400126.7525733,49.67027492118728,0.00439633438416962,False,True,False,False,100000,False,True,False,4.521083895887961,0.011915979473096769,9.924255849475461,0.04806036972785139,True,Cruise
1,33,1675400126.8525736,49.67027492118728,0.00439633438416962,False,True,False,False,100000,False,True,False,4.521083895887961,0.011915979473096769,9.924255849475461,0.04806036972785139,True,Cruise
1,34,1675400126.9526033,49.67027492118728,0.00439633438416962,False,True,False,False,100000,False,True,False,4.416468722856508,0.0008754877533669009,9.907015751717395,0.056806927902317374,True,Cruise
1,35,1675400127.0525692,49.67027492118728,0.00439633438416962,False,True,False,False,100000,False,True,False,4.416468722856508,0.0008754877533669009,9.907015751717395,0.056806927902317374,True,Cruise
1,36,1675400127.1525683,49.71105615554423,0.0038525845927436593,False,True,False,False,100000,False,True,False,4.306568260770629,0.010487640454400983,9.884073619962841,0.056500875269208786,True,Cruise
1,37,1675400127.2525408,49.71105615554423,0.0038525845927436593,False,True,False,False,100000,False,True,False,4.306568260770629,0.010487640454400983,9.884073619962841,0.056500875269208786,True,Cruise
1,38,1675400127.352608,49.71105615554423,0.0038525845927436593,False,True,False,False,100000,False,True,False,4.306568260770629,0.010487640454400983,9.884073619962841,0.05604764336605622,True,Cruise
1,39,1675400127.4525366,49.71105615554423,0.0038525845927436593,False,True,False,False,100000,False,True,False,4.2520746914123455,0.011468241174656961,9.871003514848113,0.05604764336605622,True,Cruise
1,40,1675400127.552495,49.71105615554423,0.0038525845927436593,False,False,False,False,100000,False,True,False,4.2520746914123455,0.011468241174656961,9.871003514848113,0.05604764336605622,True,Cruise
1,41,1675400127.6524973,49.71105615554423,0.0038525845927436593,False,False,False,False,100000,False,True,False,4.2520746914123455,0.011468241174656961,9.871003514848113,0.10770415213533865,True,Cruise
1,42,1675400127.752521,49.677894099043144,0.004294745346091475,False,False,False,False,100000,False,True,False,4.148135337797942,0.00989505251314913,9.842819827458994,0.10770415213533865,True,Cruise
1,43,1675400127.8524964,49.67754762410291,0.0042993650119612144,False,False,False,False,100000,False,True,False,4.0142957893638265,0.008639880035278203,9.798917364270626,0.04711273133902723,True,Cruise
1,44,1675400127.952434,49.67754762410291,0.0042993650119612144,False,False,False,False,100000,False,True,False,3.9773985689195017,0.007513747031620601,9.784732219050825,0.039546066769855136,True,Cruise
1,45,1675400128.0524855,49.755748221792565,0.0032566903760990673,False,False,False,False,100000,False,True,False,3.916767797788186,0.010697703320684497,9.758212286371647,0.030898685548417168,True,Cruise
1,46,1675400128.152586,49.755748221792565,0.0032566903760990673,False,False,False,False,100000,False,True,False,3.893260753906242,0.010698409343519327,9.746208633870657,0.026394484005765786,True,Cruise
1,47,1675400128.25254,49.78830740721955,0.002822567903739407,False,False,False,False,100000,False,True,False,3.8598319751981216,0.007655835772840586,9.725388048064913,0.039499839153391836,True,Cruise
1,48,1675400128.3524907,49.80377892528243,0.002616280996234204,False,False,False,False,100000,False,True,False,3.8496675099858715,0.005522274587882257,9.716776052701984,0.009559543603043391,True,Cruise
1,49,1675400128.452487,49.80377892528243,0.002616280996234204,False,False,False,False,100000,False,True,False,3.841411334774353,0.004613741808069026,9.703484430910455,0.004843845894395693,True,Cruise
1,50,1675400128.5525079,49.8252405699718,0.00233012573370939,False,False,False,False,100000,False,True,False,3.8473850556731017,0.004123818406913018,9.69561209534985,0.005642873091209036,True,Cruise
1,51,1675400128.6525047,49.8252405699718,0.00233012573370939,False,False,False,False,100000,False,True,False,3.86493985853234,0.004533071952105403,9.693062797067546,0.010072601369537026,True,Cruise
1,52,1675400128.7524874,49.8252405699718,0.00233012573370939,False,False,False,False,100000,False,True,False,3.891167758123224,0.0016236322274372065,9.695427707938196,0.026494534528598342,True,Cruise
1,53,1675400128.852529,49.8252405699718,0.00233012573370939,False,False,False,False,100000,False,True,False,3.90659723151066,0.0015415525849867403,9.69825447499498,0.01568649094203758,True,Cruise
1,54,1675400128.9524918,49.8252405699718,0.00233012573370939,False,False,False,False,100000,False,True,False,3.9402911652916757,0.001823318988413083,9.70668641174122,0.017819908920162286,True,Cruise
1,55,1675400129.0524905,49.79753803333342,0.0026994928888877732,False,False,False,False,100000,False,True,False,3.993019365978686,0.0022786006974219765,9.724505072972432,0.018625998405606796,True,Cruise
1,56,1675400129.152515,49.79753803333342,0.0026994928888877732,False,False,False,False,100000,False,True,False,3.993019365978686,0.0022786006974219765,9.724505072972432,0.018625998405606796,True,Cruise
1,57,1675400129.2524862,49.79753803333342,0.0026994928888877732,False,False,False,False,100000,False,True,False,4.010029922820734,0.00251899129612293,9.731322021639516,0.01832723713073354,True,Cruise
1,58,1675400129.3524873,49.77567990841383,0.002990934554482299,False,False,False,False,100000,False,True,False,4.069405606708116,0.006292344570914486,9.759683189634204,0.014977554448441337,True,Cruise
1,59,1675400129.4525077,49.77567990841383,0.002990934554482299,False,False,False,False,100000,False,True,False,4.081333472084537,0.00587137771647782,9.766483297301804,0.013736544318768291,True,Cruise
1,60,1675400129.5524917,49.77567990841383,0.002990934554482299,False,False,False,False,100000,False,True,False,4.091891347795265,0.008090626604960795,9.772970726596723,0.012588905592179156,True,Cruise
1,61,1675400129.6524818,49.73465658474094,0.0035379122034541414,False,False,False,False,100000,False,True,False,4.108744948109249,0.010133829894745002,9.784690559912718,0.00957280867281807,True,Cruise
1,62,1675400129.7525086,49.73465658474094,0.0035379122034541414,False,False,False,False,100000,False,True,False,4.1233625095877935,0.010262137270640959,9.798254884011747,0.01189174817209535,True,Cruise
1,63,1675400129.8524954,49.73465658474094,0.0035379122034541414,False,False,False,False,100000,False,True,False,4.1233625095877935,0.010262137270640959,9.798254884011747,0.005612603221659365,True,Cruise
1,64,1675400129.95249,49.73465658474094,0.0035379122034541414,False,False,False,False,100000,False,True,False,4.126243237719297,0.017123724339316373,9.806232377224152,0.0021799946430956065,True,Cruise
1,65,1675400130.052483,49.77935247425431,0.002941967009942569,False,False,False,False,100000,False,True,False,4.124985198504222,0.017477738080017336,9.8076176036338,0.0019044265806950661,True,Cruise
1,66,1675400130.152498,49.77935247425431,0.002941967009942569,False,False,False,False,100000,False,True,False,4.122786734431889,0.01778029991357516,9.808389287536954,0.0019044265806950661,True,Cruise
1,67,1675400130.2525468,49.77935247425431,0.002941967009942569,False,False,False,False,100000,False,True,False,4.116034628332218,0.01639856404055553,9.808207090063148,0.0050869266114265226,True,Cruise
1,68,1675400130.3525221,49.79089960812248,0.0027880052250336303,False,False,False,False,100000,False,True,False,4.1068868176087525,0.0149047092745727,9.805990986613883,0.009530223375768473,True,Cruise
1,69,1675400130.4525478,49.79089960812248,0.0027880052250336303,False,False,False,False,100000,False,True,False,4.101694452549923,0.015172864652427747,9.804239907906327,0.005879899761731841,True,Cruise
1,70,1675400130.5525832,49.79089960812248,0.0027880052250336303,False,False,False,False,100000,False,True,False,4.084969614379863,0.014077802670847343,9.79706591503351,0.0062911536396428975,True,Cruise
1,71,1675400130.6524923,49.64086223558068,0.004788503525591027,False,False,False,False,100000,False,True,False,4.0738224580654085,0.013432756230080967,9.791254424024551,0.006318815230381644,True,Cruise
1,72,1675400130.7525146,49.64086223558068,0.004788503525591027,False,False,False,False,100000,False,True,False,4.068492118014732,0.007465506102975348,9.788209441242195,0.008561105026813459,True,Cruise
1,73,1675400130.8525753,49.64086223558068,0.004788503525591027,False,False,False,False,100000,False,True,False,4.058552624152295,0.02710701514736544,9.782112274376775,0.02284201960350833,True,Cruise
1,74,1675400130.9525552,49.64086223558068,0.004788503525591027,False,False,False,False,100000,False,True,False,4.054124134153181,0.028601112697883818,9.779146563420992,0.005535277105617051,True,Cruise
1,75,1675400131.0528727,49.63640297708356,0.004847960305552472,False,False,False,False,100000,False,True,False,4.046523567021384,0.028708848221133596,9.773590762396536,0.004489890230149185,True,Cruise
1,76,1675400131.152531,49.63640297708356,0.004847960305552472,False,False,False,False,100000,False,True,False,4.0407065042238,0.030270018479393892,9.768761166933343,0.0034731570979174534,True,Cruise
1,77,1675400131.252566,49.63640297708356,0.004847960305552472,False,False,False,False,100000,False,True,False,4.0384794899584655,0.0319398729892201,9.766683953991725,0.0034731570979174534,True,Cruise
1,78,1675400131.3525646,49.73701631520462,0.0035064491306050997,False,False,False,False,100000,False,True,False,4.036705283757469,0.03337546423854556,9.764855570351749,0.004165239445330305,True,Cruise
1,79,1675400131.45252,49.73701631520462,0.0035064491306050997,False,False,False,False,100000,False,True,False,4.033976384329299,0.039952455572935856,9.760954787290784,0.004688541778470107,True,Cruise
1,80,1675400131.5524943,49.76057992608592,0.0031922676521877608,False,False,False,False,100000,False,True,False,4.033926685214957,0.03095587198696989,9.760182977894237,0.00902976610803603,True,Cruise
1,81,1675400131.6525073,49.76057992608592,0.0031922676521877608,False,False,False,False,100000,False,True,False,4.034789082060574,0.02542909323144457,9.75941916630873,0.004518135167641626,True,Cruise
1,82,1675400131.7525122,49.76057992608592,0.0031922676521877608,False,False,False,False,100000,False,True,False,4.036724361288743,0.025290739187155666,9.759607069075134,0.001113792354252492,True,Cruise
1,83,1675400131.852567,49.76057992608592,0.0031922676521877608,False,False,False,False,100000,False,True,False,4.038022178132596,0.025659378700570164,9.760014347448486,0.0014092903620039547,True,Cruise
1,84,1675400131.952524,49.88182182905997,0.0015757089458670118,False,False,False,False,100000,False,True,False,4.042861679465683,0.01914365671620541,9.762235005556995,0.008414673408123364,True,Cruise
1,85,1675400132.0525692,49.88182182905997,0.0015757089458670118,False,False,False,False,100000,False,True,False,4.046566888828831,0.010384074310984308,9.764314972440147,0.012778545383640252,True,Cruise
1,86,1675400132.1525307,49.763809442222204,0.0031492074370372608,False,False,False,False,100000,False,True,False,4.04845458066138,0.0035614205420115555,9.765466789561867,0.0071720755425354644,True,Cruise
1,87,1675400132.2525046,49.763809442222204,0.0031492074370372608,False,False,False,False,100000,False,True,False,4.050294571802796,0.0014173979873334725,9.76666521887687,0.0022136120790546237,True,Cruise
1,88,1675400132.3524907,49.763809442222204,0.0031492074370372608,False,False,False,False,100000,False,True,False,4.053761652409314,-0.00393935264477178,9.76911191208481,0.005281938216758169,True,Cruise
1,89,1675400132.4524922,49.763809442222204,0.0031492074370372608,False,False,False,False,100000,False,True,False,4.058126719085333,0.014215810935907635,9.772618531951283,0.017403598435172075,True,Cruise
1,90,1675400132.5524764,49.77729736888887,0.0029693684148151176,False,False,False,False,100000,False,True,False,4.059375415817722,0.014142964542589362,9.77367130802781,0.0016348968144213878,True,Cruise
1,91,1675400132.6525173,49.77729736888887,0.0029693684148151176,False,False,False,False,100000,False,True,False,4.061484335234425,0.014513958445547938,9.775532330710034,0.0013847553550138535,True,Cruise
1,92,1675400132.7524953,49.74539087559686,0.0033947883253752044,False,False,False,False,100000,False,True,False,4.06232330513394,0.015367941609404936,9.776324568817232,0.0019884513189631255,True,Cruise
1,93,1675400132.852524,49.85364445523134,0.001951407263582163,False,False,False,False,100000,False,True,False,4.063546191254389,0.019117532930932244,9.777606086501063,0.002168323252544023,True,Cruise
1,94,1675400132.952543,49.96207078580815,0.0005057228558912344,False,False,False,False,100000,False,True,False,4.063546191254389,0.019117532930932244,9.777606086501063,0.002168323252544023,True,Cruise
1,95,1675400133.0527647,49.9884796798767,0.0005236935916870522,False,False,False,False,100000,False,True,False,4.063546191254389,0.019117532930932244,9.777606086501063,0.014957840455814088,True,Cruise
1,96,1675400133.1525836,49.98126504480362,0.0002497994026184391,False,False,False,False,100000,False,True,False,4.064484088436039,0.00423282481829732,9.77890096938077,0.0076302154469704815,True,Cruise
1,97,1675400133.252526,49.967632669379014,-0.00043156440827977864,False,False,False,False,100000,False,True,False,4.0644195650339645,-0.0038198552201455377,9.778975804622092,0.00805328624750761,True,Cruise
1,98,1675400133.3524935,49.967632669379014,-0.00043156440827977864,False,False,False,False,100000,False,True,False,4.063902092924817,-0.005280561830156977,9.778871107953597,0.0028138487470643113,True,Cruise
1,99,1675400133.452512,49.912734542369094,-0.0011635394350786683,False,False,False,False,100000,False,True,False,4.063035403184463,-0.008910092835216654,9.778465876200801,0.0005886148505547605,True,Cruise
1,100,1675400133.5525274,49.912734542369094,-0.0011635394350786683,False,False,False,False,100000,False,True,False,4.063035403184463,-0.008910092835216654,9.778465876200801,0.0005886148505547605,True,Cruise
1,101,1675400133.6532998,49.90451146593979,-0.0012731804541361723,False,False,False,False,100000,False,True,False,4.063035403184463,-0.008910092835216654,9.778465876200801,0.016667483130695097,True,Cruise
1,102,1675400133.7524993,49.9661103889817,-0.0004518614802440852,False,False,False,False,100000,False,True,False,4.060748282279572,-0.027167458149003725,9.777014824070672,0.0018619160819763683,True,Cruise
1,103,1675400133.8524795,49.9661103889817,-0.0004518614802440852,False,False,False,False,100000,False,True,False,4.059497125249337,-0.03403938260535702,9.77611365527854,0.004382930154681937,True,Cruise
1,104,1675400133.952477,49.9661103889817,-0.0004518614802440852,False,False,False,False,100000,False,True,False,4.0588809063288,-0.028583003471227077,9.775649496044675,0.003108405107500489,True,Cruise
1,105,1675400134.0524828,49.9661103889817,-0.0004518614802440852,False,False,False,False,100000,False,True,False,4.057715209861294,-0.02480990783195694,9.77473133548286,0.0010514820633695484,True,Cruise
1,106,1675400134.1524916,49.9661103889817,-0.0004518614802440852,False,False,False,False,100000,False,True,False,4.057715209861294,-0.02480990783195694,9.77473133548286,0.0016318676724111985,True,Cruise
1,107,1675400134.2524905,49.893606546933036,-0.0014185793742262302,False,False,False,False,100000,False,True,False,4.056214492567449,-0.02266119478361865,9.773478371828213,0.0013713840316446125,True,Cruise
1,108,1675400134.3524976,49.893606546933036,-0.0014185793742262302,False,False,False,False,100000,False,True,False,4.055098839648927,-0.022317523588197243,9.772491557148102,0.006141631019009653,True,Cruise
1,109,1675400134.4524887,49.893606546933036,-0.0014185793742262302,False,False,False,False,100000,False,True,False,4.054820182493249,-0.02499948484237879,9.772236266649008,0.0005867655387911776,True,Cruise
1,110,1675400134.5525527,49.91218061138057,-0.0011709251815924145,False,False,False,False,100000,False,True,False,4.054591505997856,-0.02450422552067128,9.772020120720919,0.001453199065721315,True,Cruise
1,111,1675400134.6525187,49.91218061138057,-0.0011709251815924145,False,False,False,False,100000,False,True,False,4.05441290161746,-0.023072894540665943,9.771843543186693,0.003465598633938637,True,Cruise
1,112,1675400134.7524867,49.91218061138057,-0.0011709251815924145,False,False,False,False,100000,False,True,False,4.054168633987142,-0.018031054939317216,9.771545958456047,0.0004711931219756945,True,Cruise
1,113,1675400134.8525712,49.926707899766676,-0.0009772280031109556,False,False,False,False,100000,False,True,False,4.054173788283094,-0.017560600070566684,9.771520101002588,0.0004711931219756945,True,Cruise
1,114,1675400134.9525285,49.926707899766676,-0.0009772280031109556,False,False,False,False,100000,False,True,False,4.054292561127948,-0.01746696035167726,9.771565885073906,9.003598106658057e-05,True,Cruise
1,115,1675400135.0525646,49.926707899766676,-0.0009772280031109556,False,False,False,False,100000,False,True,False,4.054535839601802,-0.0160235697774648,9.771722544551771,0.0018982970372261705,True,Cruise
1,116,1675400135.1525085,49.9516067860173,-0.0006452428531026509,False,False,False,False,100000,False,True,False,4.054694172087681,-0.01480398530951064,9.771834713039512,0.0012349239734500298,True,Cruise
1,117,1675400135.2525387,49.9516067860173,-0.0006452428531026509,False,False,False,False,100000,False,True,False,4.055260398109001,-0.014765542270218902,9.772267017708543,0.0007134263110911275,True,Cruise
1,118,1675400135.3525617,49.9516067860173,-0.0006452428531026509,False,False,False,False,100000,False,True,False,4.055687374087987,-0.0095235045478465,9.772600707164338,0.0020423468579047004,True,Cruise
1,119,1675400135.4524853,49.901445598004,-0.0013140586932799715,False,False,False,False,100000,False,True,False,4.05589977548161,-0.008725479645482771,9.772772319844005,0.0008434506557161178,True,Cruise
1,120,1675400135.552475,49.901445598004,-0.0013140586932799715,False,False,False,False,100000,False,True,False,4.056309067864566,-0.008069572798846741,9.773110701609541,0.0003986250805311498,True,Cruise
1,121,1675400135.6525047,49.901445598004,-0.0013140586932799715,False,False,False,False,100000,False,True,False,4.056501242644643,-0.005800692923079653,9.773272458771416,0.002282742301745042,True,Cruise
1,122,1675400135.7525501,49.901445598004,-0.0013140586932799715,False,False,False,False,100000,False,True,False,4.056985344768262,-0.015882062021536917,9.77370536905389,0.009130072976833922,True,Cruise
1,123,1675400135.8524988,49.780883940209854,-0.0029215474638686263,False,False,False,False,100000,False,True,False,4.05724826628657,-0.016530037401220207,9.77393280191826,0.00031739644438131973,True,Cruise
1,124,1675400135.9524925,49.780883940209854,-0.0029215474638686263,False,False,False,False,100000,False,True,False,4.05724826628657,-0.016530037401220207,9.77393280191826,0.0038751157830272834,True,Cruise
1,125,1675400136.0525165,49.780883940209854,-0.0029215474638686263,False,False,False,False,100000,False,True,False,4.057450149936501,-0.03900132863172315,9.774174407566646,0.010301331789666331,True,Cruise
1,126,1675400136.1525238,49.89576893214397,-0.0013897475714136616,False,False,False,False,100000,False,True,False,4.057484334240597,-0.043206444977846994,9.774225035327145,0.004205560036572737,True,Cruise
1,127,1675400136.2525685,49.89576893214397,-0.0013897475714136616,False,False,False,False,100000,False,True,False,4.057528430066719,-0.04747228632448094,9.774281644075991,0.004266444818227346,True,Cruise
1,128,1675400136.352511,49.89576893214397,-0.0013897475714136616,False,False,False,False,100000,False,True,False,4.057536369130338,-0.05446864498663613,9.774289297636106,0.011653692151980357,True,Cruise
1,129,1675400136.4524736,49.90387629448049,-0.0012816494069267472,False,False,False,False,100000,False,True,False,4.057618294641647,-0.03679451495302088,9.774260785182157,0.0060206605936826965,True,Cruise
1,130,1675400136.552424,49.90387629448049,-0.0012816494069267472,False,False,False,False,100000,False,True,False,4.057581077329687,-0.037636350049462045,9.774201069703379,0.0009427582617009613,True,Cruise
1,131,1675400136.6525126,49.90387629448049,-0.0012816494069267472,False,False,False,False,100000,False,True,False,4.057475091656551,-0.037089505516358964,9.774113963486508,0.0014892791164242969,True,Cruise
1,132,1675400136.7525833,49.90387629448049,-0.0012816494069267472,False,False,False,False,100000,False,True,False,4.057475091656551,-0.037089505516358964,9.774113963486508,0.0014892791164242969,True,Cruise
1,133,1675400136.8525333,49.822453127022676,-0.0023672916396976773,False,False,False,False,100000,False,True,False,4.057268979481785,-0.030968029305104373,9.773947515406665,0.006127206394175585,True,Cruise
1,134,1675400136.9525096,49.982503686440616,-0.00023328418079179868,False,False,False,False,100000,False,True,False,4.057195911427522,-0.028888367666593816,9.77388690631072,0.005101165580020012,True,Cruise
1,135,1675400137.0525625,49.89178662466001,-0.0014428450045332194,False,False,False,False,100000,False,True,False,4.05701507147568,-0.03811121585587836,9.773768070690133,0.014323615415870506,True,Cruise
1,136,1675400137.1525626,49.585905606291604,0.005521258582778628,False,False,False,False,100000,False,True,False,4.056983597250266,-0.025016945341563075,9.773703659246856,0.013094466761306362,True,Cruise
1,137,1675400137.2530537,49.657073051916875,0.004572359307774941,False,False,False,False,100000,False,True,False,4.056906058418185,-0.0026626287956586616,9.773586568875142,0.009197896019645884,True,Cruise
1,138,1675400137.352549,49.97810013965536,-0.0002919981379284967,False,False,False,False,100000,False,True,False,4.056906058418185,-0.0026626287956586616,9.773586568875142,0.03379345398701487,True,Cruise
1,139,1675400137.452519,49.97810013965536,-0.0002919981379284967,False,False,False,False,100000,False,True,False,4.056808786764305,0.0226593864925293,9.773439289398404,0.05911501327709188,True,Cruise
1,140,1675400137.552508,49.98668876921335,0.0001774830771553494,False,False,False,False,100000,False,True,False,4.056697490890456,0.039983741946173504,9.773372426837808,0.025660816647069585,True,Cruise
1,141,1675400137.6523964,49.85965038479088,-0.0018713282027882235,False,False,False,False,100000,False,True,False,4.0566250592656266,0.014323037966214248,9.773349277169318,0.025660816647069585,True,Cruise
1,142,1675400137.7524855,49.85965038479088,-0.0018713282027882235,False,False,False,False,100000,False,True,False,4.056527079846784,0.010304735027502312,9.773314230038158,0.0016294311500248315,True,Cruise
1,143,1675400137.8525507,49.85965038479088,-0.0018713282027882235,False,False,False,False,100000,False,True,False,4.056503508008262,0.025272975467642646,9.773302262042913,0.027307418069212615,True,Cruise
1,144,1675400137.9524934,49.91483240533437,-0.0011355679288749798,False,False,False,False,100000,False,True,False,4.056503508008262,0.025272975467642646,9.773302262042913,0.027307418069212615,True,Cruise
1,145,1675400138.0524926,49.91340650817419,-0.001154579891010826,False,False,False,False,100000,False,True,False,4.0564356771578725,-0.01143295148391173,9.773301043912362,0.005588812704453083,True,Cruise
1,146,1675400138.1524994,49.91340650817419,-0.001154579891010826,False,False,False,False,100000,False,True,False,4.056436173539249,-0.017787945667349734,9.773308906999373,0.005588812704453083,True,Cruise
1,147,1675400138.252493,49.89775488775201,-0.0013632681633065425,False,False,False,False,100000,False,True,False,4.056481543373358,-0.01640535701423004,9.773330660961555,0.003809764498681538,True,Cruise
1,148,1675400138.3525004,49.89775488775201,-0.0013632681633065425,False,False,False,False,100000,False,True,False,4.05652352336856,-0.025813450816929307,9.773363464791455,0.005029586698559095,True,Cruise
1,149,1675400138.4524956,49.92605994273633,-0.0009858674301821968,False,False,False,False,100000,False,True,False,4.05652352336856,-0.025813450816929307,9.773363464791455,0.011897213999074193,True,Cruise
1,150,1675400138.5527046,49.92605994273633,0.0003359674889535358,False,False,False,False,100000,False,True,False,4.05659974877109,-0.04083052671066918,9.77344595435831,0.011897213999074193,True,Cruise
1,151,1675400138.652898,49.97480243832849,0.0003359674889535358,False,False,False,False,100000,False,True,False,4.056621261907678,-0.043526986299998675,9.773467110209918,0.0031615224068128694,True,Cruise
1,152,1675400138.7525182,49.963380311578796,0.0004882625122827411,False,False,False,False,100000,False,True,False,4.056745677412663,-0.027277946152765863,9.773522049837927,0.01479557650294823,True,Cruise
1,153,1675400138.8525264,49.963380311578796,0.0004882625122827411,False,False,False,False,100000,False,True,False,4.056745677412663,-0.027277946152765863,9.773522049837927,0.01479557650294823,True,Cruise
1,154,1675400138.9525576,49.87950137702736,-0.0016066483063018147,False,False,False,False,100000,False,True,False,4.056788062107855,-0.018299053788289266,9.77353886299434,0.008979008143301305,True,Cruise
1,155,1675400139.052716,49.87950137702736,-0.0016066483063018147,False,False,False,False,100000,False,True,False,4.056845858267435,-0.006359249110710046,9.773586190459968,0.011940038359394311,True,Cruise
1,156,1675400139.1525269,49.92336360493544,-0.0010218186008608197,False,False,False,False,100000,False,True,False,4.056853604162918,-0.0025344616725324464,9.77359931608134,0.003824817803252124,True,Cruise
1,157,1675400139.2525163,49.92336360493544,-0.0010218186008608197,False,False,False,False,100000,False,True,False,4.056849020578195,-0.010387518566325206,9.77362205798061,0.010416807714134462,True,Cruise
1,158,1675400139.3528943,49.85512221820152,-0.001931703757313006,False,False,False,False,100000,False,True,False,4.056839453029016,-0.02074153527571207,9.77363085426903,0.018269863512286735,True,Cruise
1,159,1675400139.4525018,49.85512221820152,-0.001931703757313006,False,False,False,False,100000,False,True,False,4.056844144721691,-0.015938096102026907,9.773639264611894,0.007670956674124212,True,Cruise
1,160,1675400139.5525384,49.85512221820152,-0.001931703757313006,False,False,False,False,100000,False,True,False,4.056842031106959,-0.018768122612051637,9.773641488315103,0.002830028172945625,True,Cruise
1,161,1675400139.6525037,49.85512221820152,-0.001931703757313006,False,False,False,False,100000,False,True,False,4.056829364115615,-0.027426525894005897,9.773640797897764,0.0037727552997500646,True,Cruise
1,162,1675400139.7525885,49.85512221820152,-0.001931703757313006,False,False,False,False,100000,False,True,False,4.056818643842258,-0.03255487874818384,9.773638275771985,0.0037727552997500646,True,Cruise
1,163,1675400139.8525465,49.892725336019424,-0.0014303288530743167,False,False,False,False,100000,False,True,False,4.056795055297749,-0.04375541612263998,9.773622329640515,0.0038138139023542977,True,Cruise
1,164,1675400139.9525197,49.892725336019424,-0.0014303288530743167,False,False,False,False,100000,False,True,False,4.0567797408303345,-0.05154632413259885,9.773607369170191,0.003853063797061533,True,Cruise
1,165,1675400140.0525427,49.892725336019424,-0.0014303288530743167,False,False,False,False,100000,False,True,False,4.0567797408303345,-0.05154632413259885,9.773607369170191,0.003853063797061533,True,Cruise
1,166,1675400140.1525319,49.892725336019424,-0.0014303288530743167,False,False,False,False,100000,False,True,False,4.056779014456557,-0.05531091210754741,9.773571376223085,0.005231240597246972,True,Cruise
1,167,1675400140.252502,49.95351724759648,0.0006197700320469217,False,False,False,False,100000,False,True,False,4.056777443015726,-0.05578785268980448,9.773563035393908,0.0007751925294475471,True,Cruise
1,168,1675400140.3525429,49.95351724759648,0.0006197700320469217,False,False,False,False,100000,False,True,False,4.0567647490588294,-0.06272827154424616,9.773548375505992,0.02396759513341747,True,Cruise
1,169,1675400140.4525154,49.95351724759648,0.0006197700320469217,False,False,False,False,100000,False,True,False,4.056830391183869,-0.03876076984201542,9.773535346906545,0.02396759513341747,True,Cruise
1,170,1675400140.5524826,49.95231508555853,-0.0006357988592196155,False,False,False,False,100000,False,True,False,4.0568634677219055,-0.022369586957033814,9.773527185593384,0.016391218290087987,True,Cruise
1,171,1675400140.6525729,49.95231508555853,-0.0006357988592196155,False,False,False,False,100000,False,True,False,4.056833144748766,-0.0036756673725093676,9.77351822619795,0.018693946324576122,True,Cruise
1,172,1675400140.75256,49.95231508555853,-0.0006357988592196155,False,False,False,False,100000,False,True,False,4.056793108760767,-0.012700685948883062,9.773519620521029,0.009025107485695787,True,Cruise
1,173,1675400140.8525205,49.975290669689265,0.0003294577374764562,False,False,False,False,100000,False,True,False,4.056740384846969,-0.008004349182374323,9.773519256885216,0.004692892316622094,True,Cruise
1,174,1675400140.9524896,49.975290669689265,0.0003294577374764562,False,False,False,False,100000,False,True,False,4.056757579907391,0.006540554627431715,9.773516579077187,0.013552792096510656,True,Cruise
1,175,1675400141.0526145,49.975290669689265,0.0003294577374764562,False,False,False,False,100000,False,True,False,4.056757579907391,0.006540554627431715,9.773516579077187,0.013552792096510656,True,Cruise
1,176,1675400141.1525757,49.9952391046976,-6.347860403193385e-05,False,False,False,False,100000,False,True,False,4.056757579907391,0.006540554627431715,9.773516579077187,0.010670135017148157,True,Cruise
1,177,1675400141.2525306,49.9952391046976,-6.347860403193385e-05,False,False,False,False,100000,False,True,False,4.056768946981224,0.01927341221130836,9.773523003253201,0.0016129009567062381,True,Cruise
1,178,1675400141.352515,49.9952391046976,-6.347860403193385e-05,False,False,False,False,100000,False,True,False,4.0567642069470224,0.015329710207401814,9.773525971334367,0.003943705969395607,True,Cruise
1,179,1675400141.4525378,49.969895630328125,-0.0004013915956249969,False,False,False,False,100000,False,True,False,4.056761229750348,0.013007102830090933,9.77352884467634,0.0023226110627767756,True,Cruise
1,180,1675400141.5525234,49.969895630328125,-0.0004013915956249969,False,False,False,False,100000,False,True,False,4.134503815278528,0.14541312816994348,9.775817973318418,0.07614598963676995,True,Cruise
1,181,1675400141.6525123,49.969895630328125,-0.0004013915956249969,False,False,False,False,100000,False,True,False,4.134503815278528,0.14541312816994348,9.775817973318418,0.07614598963676995,True,Cruise
1,182,1675400141.7525148,49.998424742922836,-2.1003427695480257e-05,False,False,False,False,100000,False,True,False,4.076416652876706,0.03261610872302031,9.778777273844454,0.12690958786320533,True,Cruise
1,183,1675400141.8525183,49.998424742922836,-2.1003427695480257e-05,False,False,False,False,100000,False,True,False,4.1087734607017685,0.03216045692185277,9.77858739975307,0.05724536660811676,True,Cruise
1,184,1675400141.952526,49.998424742922836,-2.1003427695480257e-05,False,False,False,False,100000,False,True,False,4.087287795747187,-0.027347678234427426,9.778077584738577,0.027292563947916154,True,Cruise
1,185,1675400142.052553,49.9504786458719,-0.0006602847217080329,False,False,False,False,100000,False,True,False,4.081004365886131,-0.048270884446997044,9.777439876414352,0.017076258589530786,True,Cruise
1,186,1675400142.1525052,49.9504786458719,-0.0006602847217080329,False,False,False,False,100000,False,True,False,4.078066885776539,-0.065068093700944,9.77653236371395,0.017076258589530786,True,Cruise
1,187,1675400142.2525194,49.9504786458719,-0.0006602847217080329,False,False,False,False,100000,False,True,False,4.078066885776539,-0.065068093700944,9.77653236371395,0.017076258589530786,True,Cruise
1,188,1675400142.3525217,49.979135508241164,-0.00027819322345113974,False,False,False,False,100000,False,True,False,4.080978265914287,-0.10557372724476147,9.772288828307856,0.007482395706938631,True,Cruise
1,189,1675400142.4525118,49.979135508241164,-0.00027819322345113974,False,False,False,False,100000,False,True,False,4.079881421784744,-0.10157091984812383,9.770287460032536,0.0029799916139715867,True,Cruise
1,190,1675400142.5525246,49.979135508241164,-0.00027819322345113974,False,False,False,False,100000,False,True,False,4.078721094431041,-0.09200106927313517,9.769852609583591,0.009649740644613814,True,Cruise
1,191,1675400142.6525352,49.979135508241164,-0.00027819322345113974,False,False,False,False,100000,False,True,False,4.077103817569843,-0.08340419471428183,9.76954346323302,0.008753137042940418,True,Cruise
1,192,1675400142.7525196,49.97011472175761,0.00039847037656523196,False,False,False,False,100000,False,True,False,4.073188689850693,-0.06940246484433413,9.769200529806113,0.007624047693008624,True,Cruise
1,193,1675400142.85251,49.97011472175761,0.00039847037656523196,False,False,False,False,100000,False,True,False,4.0709700638492405,-0.055924754520623135,9.768945478380568,0.0061374586122948166,True,Cruise
1,194,1675400142.9526005,49.97011472175761,0.00039847037656523196,False,False,False,False,100000,False,True,False,4.06872097508522,-0.04006847610847432,9.769013611311655,0.016015136822653764,True,Cruise
1,195,1675400143.0525224,49.95556144161992,-0.0005925141117343693,False,False,False,False,100000,False,True,False,4.0075973402395135,-0.0010833590784460204,9.769768934666429,0.3151229197759292,True,Cruise
1,196,1675400143.1525075,49.95556144161992,-0.0005925141117343693,False,False,False,False,100000,False,True,False,4.043014132680735,0.25939084823688474,9.794469367220403,0.05388357313432338,True,Cruise
1,197,1675400143.2525167,49.95556144161992,-0.0005925141117343693,False,True,False,False,100000,False,True,False,4.043014132680735,0.25939084823688474,9.794469367220403,0.11141482506641087,True,Cruise
1,198,1675400143.3527136,49.99613661122026,5.151185039654527e-05,False,True,False,False,100000,False,True,False,4.05991646161203,0.047929103321255384,9.782374237822152,0.0552316891757595,True,Cruise
1,199,1675400143.4525297,49.99613661122026,5.151185039654527e-05,False,True,False,False,100000,False,True,False,4.120612381128372,0.005423321145890147,9.791649659022099,0.04029864119858569,True,Cruise
1,200,1675400143.5525694,49.99613661122026,5.151185039654527e-05,False,True,False,False,100000,False,True,False,4.120612381128372,0.005423321145890147,9.791649659022099,0.06474789836112119,True,Cruise
1,201,1675400143.652604,49.99613661122026,5.151185039654527e-05,False,True,False,False,100000,False,True,False,3.9581718141872946,0.08882305364415957,9.783798162840249,0.05872780759515312,True,Cruise
1,202,1675400143.7525907,49.97309641890881,-0.00035871441454919943,False,True,False,False,100000,False,True,False,3.978010355779649,0.04214773161129526,9.77893522576157,0.05094900957245743,True,Cruise
1,203,1675400143.852532,49.97309641890881,-0.00035871441454919943,False,True,False,False,100000,False,True,False,4.02901478262936,-0.06948066267451977,9.767127201365657,0.08960785467077835,True,Cruise
1,204,1675400143.9525757,49.97309641890881,-0.00035871441454919943,False,True,False,False,100000,False,True,False,4.032754178525275,-0.10286073452529042,9.765064132691606,0.03365216977823052,True,Cruise
1,205,1675400144.0525975,49.903205743636995,0.0012905900848400162,False,True,False,False,100000,False,True,False,4.028907880038276,-0.14562258603118464,9.76282042688416,0.01155714877601234,True,Cruise
1,206,1675400144.1524887,49.903205743636995,0.0012905900848400162,False,True,False,False,100000,False,True,False,4.022065162597415,-0.16264317751510657,9.761818637323978,0.01155714877601234,True,Cruise
1,207,1675400144.25251,49.98356806066954,-0.00021909252440607596,False,True,False,False,100000,False,True,False,4.019903038983062,-0.16931348144545355,9.761522256240584,0.007018231600163849,True,Cruise
1,208,1675400144.3529546,49.97884441075529,-0.00028207452326281355,False,True,False,False,100000,False,True,False,4.019903038983062,-0.16931348144545355,9.761522256240584,0.054323382986375846,True,Cruise
1,209,1675400144.4526875,49.957255496749404,-0.0010244895156844714,False,True,False,False,100000,False,True,False,4.021200003439097,-0.09941976714527218,9.761166357052629,0.054323382986375846,True,Cruise
1,210,1675400144.5525098,49.96394720778,-8.02069860752983e-05,False,True,False,False,100000,False,True,False,4.021200003439097,-0.09941976714527218,9.761166357052629,0.010471426200789792,True,Cruise
1,211,1675400144.6525328,49.979531707042376,-0.0002729105727682686,False,True,False,False,100000,False,True,False,4.023127739123895,-0.10971128107431428,9.761305435650826,0.010471426200789792,True,Cruise
1,212,1675400144.7532942,49.95086726975069,-0.0006551030699908374,False,True,False,False,100000,False,True,False,4.020374720806875,-0.021576943114870142,9.749667645521752,0.008553295629077622,True,Cruise
1,213,1675400144.854222,49.98776124673376,-0.00016318337688320792,False,True,False,False,100000,False,True,False,4.023842830797157,-0.0020633150715613675,9.751846010521298,0.019938774796575402,True,Cruise
1,214,1675400144.9532573,49.93727984507544,-0.0008362687323274664,False,True,False,False,100000,False,True,False,4.023842830797157,-0.0020633150715613675,9.751846010521298,0.059010259710783115,True,Cruise
1,215,1675400145.0525026,49.85333894975311,-0.0019554806699584814,False,True,False,False,100000,False,True,False,4.049641017420086,-0.042834165284871356,9.772961548944702,0.01071905465396206,True,Cruise
1,216,1675400145.1524885,49.94048245781578,0.0007935672291228756,False,True,False,False,100000,False,True,False,4.023506265908467,0.31006765763401467,9.734138053830701,0.3559915527493787,True,Cruise
1,217,1675400145.252564,49.94048245781578,-0.001236959756559274,False,True,False,False,100000,False,True,False,4.026828010449259,0.2850673881472224,9.738726593808346,0.025634003985584578,True,Cruise
1,218,1675400145.3528612,49.90722801825805,-0.001236959756559274,False,True,False,False,100000,False,True,False,4.036460667830596,0.2019157513124256,9.749623630082164,0.056057188973541644,True,Cruise
1,219,1675400145.4525251,49.90722801825805,-0.001236959756559274,False,True,False,False,100000,False,True,False,4.041870607032355,0.19576772367739215,9.754986785326293,0.00978923491088557,True,Cruise
1,220,1675400145.552496,49.93729984963403,-0.0008360020048795447,False,True,False,False,100000,False,True,False,4.041870607032355,0.19576772367739215,9.754986785326293,0.00978923491088557,True,Cruise
1,221,1675400145.6525202,49.93729984963403,-0.0008360020048795447,False,True,False,False,100000,False,True,False,4.0620198239916725,0.04099493672581777,9.774482227091106,0.11841938439427505,True,Cruise
1,222,1675400145.7524934,49.919020827846644,-0.0010797222953780636,False,True,False,False,100000,False,True,False,4.069720836332336,-0.013367538834759518,9.78232444106223,0.03277580445678222,True,Cruise
1,223,1675400145.854113,49.95257376879283,-0.0006323497494289565,False,True,False,False,100000,False,True,False,4.072849161041958,-0.035194333892255306,9.785632479595725,0.02229660325946182,True,Cruise
1,224,1675400145.9525108,49.93358432233903,-0.0008855423688129221,False,True,False,False,100000,False,True,False,4.077646105397978,-0.07993753055269748,9.790916446241296,0.02360804221330578,True,Cruise
1,225,1675400146.0528467,49.93358432233903,-0.0008855423688129221,False,True,False,False,100000,False,True,False,4.077646105397978,-0.07993753055269748,9.790916446241296,0.02360804221330578,True,Cruise
1,226,1675400146.1528916,49.93358432233903,-0.0008855423688129221,False,True,False,False,100000,False,True,False,4.081390142424395,-0.11165954580355862,9.79544421216741,0.00831507690297962,True,Cruise
1,227,1675400146.2525187,49.98735797013033,-0.00016856039826224588,False,True,False,False,100000,False,True,False,4.081768738740217,-0.12506512008747414,9.796315710108946,0.00831507690297962,True,Cruise
1,228,1675400146.35254,48.8693499313252,0.01507533424899735,False,True,False,False,100000,False,True,False,4.080724760456132,-0.11578701213864266,9.795685757439623,0.012303537630015524,True,Cruise
1,229,1675400146.452515,48.8693499313252,0.01507533424899735,False,True,False,False,100000,False,True,False,4.080724760456132,-0.11578701213864266,9.795685757439623,0.012303537630015524,True,Cruise
1,230,1675400146.5524974,48.8693499313252,0.01507533424899735,False,True,False,False,100000,False,True,False,2.104730611155041,-0.0967804175886658,9.985428209090554,1.9842001874363397,True,Cruise
1,231,1675400146.6524985,49.9494565743773,-0.0006739123416359802,False,True,False,False,100000,False,True,False,-1.065755460340302,0.09454135398897466,10.218466663683545,0.6838143354728925,True,Cruise
1,232,1675400146.7524931,49.90954414882406,-0.0012060780156791073,False,True,False,False,100000,False,True,False,-1.788058187958003,0.41890869536582,10.187596175385083,0.1457304907758774,True,Cruise
1,233,1675400146.852503,49.90954414882406,-0.0012060780156791073,False,True,False,False,100000,False,True,False,1.1847529666682342,0.16780829031777003,9.824125021574979,1.4518913548030283,True,Cruise
1,234,1675400146.9525208,49.66005705071252,0.004532572657166433,False,True,False,False,100000,False,True,False,2.7728713693772895,0.08169856433018428,9.633718224267566,0.5883342249902053,True,Cruise
1,235,1675400147.0525124,49.66005705071252,0.004532572657166433,False,True,False,False,100000,False,True,False,3.0371863345069774,0.12813495302327949,9.595935313847503,0.2710097550018723,True,Cruise
1,236,1675400147.1525228,49.76978324260464,-0.0030695567652714835,False,True,False,False,100000,False,True,False,3.0371863345069774,0.12813495302327949,9.595935313847503,1.9688087766324152,True,Cruise
1,237,1675400147.252532,49.76978324260464,-0.0030695567652714835,False,True,False,False,100000,False,True,False,0.4102778853067932,0.39818691047868304,9.794682001341087,0.4347627195035506,True,Cruise
1,238,1675400147.3527188,48.96229342095257,0.013836087720632455,False,True,False,False,100000,False,True,False,0.5319086191542867,0.297676985397945,9.739117862375048,0.548079786095048,True,Cruise
1,239,1675400147.452505,48.817693052562525,0.015764092632499723,False,True,False,False,100000,False,True,False,-1.6851955475062737,0.46127177011322074,9.913504783557004,1.1307403216977392,True,Cruise
1,240,1675400147.5525053,48.817693052562525,0.015764092632499723,False,True,False,False,100000,False,True,False,-3.065729629473546,0.6097591868066532,9.974625497417387,0.5527487228922469,True,Cruise
1,241,1675400147.6525066,49.33004335267488,0.008932755297668288,False,True,False,False,100000,False,True,False,-3.065729629473546,0.6097591868066532,9.974625497417387,0.5527487228922469,True,Cruise
1,242,1675400147.7525454,49.33004335267488,0.008932755297668288,False,True,False,False,100000,False,True,False,-1.262659283270834,0.6175537274282924,9.69584605536053,1.8245112785435451,True,Cruise
1,243,1675400147.8524902,49.603732708609186,-0.005283563885210874,False,True,False,False,100000,False,True,False,0.8645656430041072,0.6172876247118917,9.494921443524056,0.63681067683478,True,Cruise
1,244,1675400147.9525013,49.603732708609186,-0.005283563885210874,False,True,False,False,100000,False,True,False,1.6316707997019912,0.49436931522277683,9.428120442879065,0.779757401970202,True,Cruise
1,245,1675400148.0525532,49.603732708609186,-0.005283563885210874,False,True,False,False,100000,False,True,False,1.4584248608454922,0.3692684523473392,9.464101260061225,0.21670025479344718,True,Cruise
1,246,1675400148.1525733,48.019925301845475,0.026400995975393665,False,True,False,False,100000,False,True,False,0.9125886200531053,0.22430052325413133,9.55192055198861,0.4479261442199373,True,Cruise
1,247,1675400148.2526236,48.019925301845475,0.026400995975393665,False,True,False,False,100000,False,True,False,0.9125886200531053,0.22430052325413133,9.55192055198861,0.4479261442199373,True,Cruise
1,248,1675400148.3525493,49.86958127097557,-0.0017389163869924041,False,True,False,False,100000,False,True,False,-1.9438898119390056,0.626725054202353,9.864240993847668,2.9015441740473364,True,Cruise
1,249,1675400148.4526289,49.45443995775041,-0.007274133896661196,False,True,False,False,100000,False,True,False,-1.0872982795457968,0.9687678736752628,9.774157612463172,1.5794491880530324,True,Cruise
1,250,1675400148.5525122,49.18785613193239,-0.010828584907568094,False,True,False,False,100000,False,True,False,0.5455941879766192,0.5297919105818713,9.640958397321809,1.313458622906679,True,Cruise
1,251,1675400148.652579,49.18785613193239,-0.010828584907568094,False,True,False,False,100000,False,True,False,0.7791644828694169,0.16975716596122517,9.68728637194592,1.0561980169861929,True,Cruise
1,252,1675400148.7525268,49.18785613193239,-0.010828584907568094,False,True,False,False,100000,False,True,False,-0.5349513813985284,0.10319309088586401,9.824971140322896,1.322984647021404,True,Cruise
1,253,1675400148.8525517,49.90252783268864,-0.001299628897484777,False,True,False,False,100000,False,True,False,-1.0110866676533656,-0.09060032710201087,9.88216538438047,1.322984647021404,True,Cruise
1,254,1675400148.952553,48.28194145593393,-0.022907447254214244,False,True,False,False,100000,False,True,False,0.3946745577157023,-0.14317090166372054,9.756104757687798,1.2436199944852704,True,Cruise
1,255,1675400149.0525248,48.28194145593393,-0.022907447254214244,False,True,False,False,100000,False,True,False,0.54324041550594,-0.1437323970831713,9.79685735783553,1.1003620096930906,True,Cruise
1,256,1675400149.1525128,49.551777674989275,-0.005976297666809698,False,True,False,False,100000,False,True,False,-1.762082649324847,-0.7309894619350609,10.014184084985915,1.0809103385458736,True,Cruise
1,257,1675400149.2525198,49.551777674989275,-0.005976297666809698,False,True,False,False,100000,False,True,False,-2.4921219794068654,-0.8717686336687861,10.071826923348537,0.7457203869247074,True,Cruise
1,258,1675400149.35267,49.972511048678754,0.00036651935094995415,False,True,False,False,100000,False,True,False,-2.4921219794068654,-0.8717686336687861,10.071826923348537,0.7457203869247074,True,Cruise
1,259,1675400149.4526038,49.972511048678754,0.00036651935094995415,False,True,False,False,100000,False,True,False,2.623275912330237,-0.8235059652524832,9.608906099655606,0.8089044358436139,True,Cruise
1,260,1675400149.552546,48.55935209558157,-0.019208638725579086,False,True,False,False,100000,False,True,False,3.088966756300389,-0.7832952905180703,9.587651679606681,0.46790662625340673,True,Cruise
1,261,1675400149.6525865,49.99162211961676,-0.00011170507177653396,False,True,False,False,100000,False,True,False,3.3259613180736056,-0.7549333951111387,9.590666431507714,0.23870464626851623,True,Cruise
1,262,1675400149.7526083,49.99162211961676,-0.00011170507177653396,False,True,False,False,100000,False,True,False,2.866628637727416,-1.0350921923172214,9.689051120023125,0.5315684234486591,True,Cruise
1,263,1675400149.8526635,48.63311437794658,0.018225141627378847,False,True,False,False,100000,False,True,False,2.0216418735240693,-0.939987374030122,9.792208448396156,0.8565564736415959,True,Cruise
1,264,1675400149.9526932,48.63311437794658,0.018225141627378847,False,True,False,False,100000,False,True,False,2.0216418735240693,-0.939987374030122,9.792208448396156,2.2657023215690515,True,Cruise
1,265,1675400150.0525875,49.406144907325476,0.007918067902326966,False,True,False,False,100000,False,True,False,-0.20177779955822128,-0.573350577606187,10.027558032678822,0.9483610554181328,True,Cruise
1,266,1675400150.1526055,49.406144907325476,0.007918067902326966,False,True,False,False,100000,False,True,False,-1.8368210231193265,-0.2977154080351952,10.153698286007874,0.6885295437992539,True,Cruise
1,267,1675400150.2525773,49.406144907325476,0.007918067902326966,False,True,False,False,100000,False,True,False,-0.9100198539259247,0.2687120675673561,10.023763652244165,0.20979225102649635,True,Cruise
1,268,1675400150.3525946,48.50689151276378,0.01990811316314965,False,True,False,False,100000,False,True,False,-0.45749911168850704,0.042417634816555666,9.939623050139163,0.37390404894995855,True,Cruise
1,269,1675400150.4525788,48.50689151276378,0.01990811316314965,False,True,False,False,100000,False,True,False,-0.45749911168850704,0.042417634816555666,9.939623050139163,0.37390404894995855,True,Cruise
1,270,1675400150.5526145,49.80882078520294,0.002549056197294148,False,True,False,False,100000,False,True,False,-2.602860749700115,0.6880890475008952,10.054929548582535,0.5093230590616792,True,Cruise
1,271,1675400150.652682,49.21489788990346,-0.010468028134620456,False,True,False,False,100000,False,True,False,-3.081255817142557,0.8628362156799453,10.05833030615859,0.37603111916680365,True,Cruise
1,272,1675400150.7526054,49.21489788990346,-0.010468028134620456,False,True,False,False,100000,False,True,False,-1.6645269698380531,0.9315241291898325,9.832067999140726,1.765342222649219,True,Cruise
1,273,1675400150.8525617,49.537296921515136,0.00616937437979814,False,True,False,False,100000,False,True,False,0.6907601439317226,0.4589958118045418,9.587307743441839,0.7602912843554706,True,Cruise
1,274,1675400150.9525824,49.537296921515136,0.00616937437979814,False,True,False,False,100000,False,True,False,1.0160768865472627,0.4369084211425805,9.551078841270721,0.32807220120693564,True,Cruise
1,275,1675400151.0526044,49.43308974362131,0.007558803418382521,False,True,False,False,100000,False,True,False,1.0160768865472627,0.4369084211425805,9.551078841270721,0.6811150407502763,True,Cruise
1,276,1675400151.1525786,49.07226881623132,0.012369749116915716,False,True,False,False,100000,False,True,False,1.057884273616243,0.9479565415435637,9.578093356890403,0.6811150407502763,True,Cruise
1,277,1675400151.2525523,49.07226881623132,0.012369749116915716,False,True,False,False,100000,False,True,False,0.6363420511301485,0.686964340459824,9.628437592695066,0.4983465826548897,True,Cruise
1,278,1675400151.3525174,49.96385984733451,0.00048186870220647525,False,True,False,False,100000,False,True,False,-1.826925383339484,0.34166435872158957,9.872696057551138,1.120030759290798,True,Cruise
1,279,1675400151.4526224,49.96385984733451,0.00048186870220647525,False,True,False,False,100000,False,True,False,-1.5748920392405776,0.3178786300650136,9.836385364074168,0.5360956974706447,True,Cruise
1,280,1675400151.5525568,49.84795333215031,0.0020272889046625458,False,True,False,False,100000,False,True,False,-1.5748920392405776,0.3178786300650136,9.836385364074168,0.5360956974706447,True,Cruise
1,281,1675400151.652517,49.84795333215031,0.0020272889046625458,False,True,False,False,100000,False,True,False,1.7290291682213448,0.18313880358977871,9.556663937643432,0.86629089567383,True,Cruise
1,282,1675400151.7525063,49.27002860302132,-0.00973295195971576,False,True,False,False,100000,False,True,False,3.1181308580601037,0.13903617831603568,9.490695641035812,0.5345081682809903,True,Cruise
1,283,1675400151.8524888,49.09367823745425,-0.012084290167276721,False,True,False,False,100000,False,True,False,2.5975121767820126,0.058109538911104146,9.580729244195883,1.762123278594028,True,Cruise
1,284,1675400151.9524848,49.09367823745425,-0.012084290167276721,False,True,False,False,100000,False,True,False,0.8466628488597163,0.053014686677575106,9.77967426765143,1.3141326199817436,True,Cruise
1,285,1675400152.0525272,48.67611820217975,0.017651757304269974,False,True,False,False,100000,False,True,False,-1.0603791965823914,-0.08841303267891115,9.97828243392862,0.6094612106848618,True,Cruise
1,286,1675400152.1524944,48.67611820217975,0.017651757304269974,False,True,False,False,100000,False,True,False,-1.0603791965823914,-0.08841303267891115,9.97828243392862,0.9592902570923795,True,Cruise
1,287,1675400152.2524893,49.877835316189156,0.0016288624508112328,False,True,False,False,100000,False,True,False,-1.671001166699813,0.4632275756161285,10.005323979786096,0.2630581703611298,True,Cruise
1,288,1675400152.3524935,49.877835316189156,0.0016288624508112328,False,True,False,False,100000,False,True,False,-1.671001166699813,0.4632275756161285,10.005323979786096,0.2630581703611298,True,Cruise
1,289,1675400152.4525294,49.877835316189156,0.0016288624508112328,False,True,False,False,100000,False,True,False,1.2251813542301493,-0.0191881290165646,9.705268558066102,1.353920168550836,True,Cruise
1,290,1675400152.5524929,48.54097742797634,-0.01945363429364882,False,True,False,False,100000,False,True,False,2.1498017257375213,-0.14831323368316102,9.628313564266755,0.9367594115525328,True,Cruise
1,291,1675400152.6524827,49.86780827110905,-0.0017625563852126627,False,True,False,False,100000,False,True,False,2.1498017257375213,-0.14831323368316102,9.628313564266755,2.7977973794811644,True,Cruise
1,292,1675400152.752513,49.457417638530124,0.0072344314862649965,False,True,False,False,100000,False,True,False,-0.632225810815997,-0.19688630729352696,9.920945789097983,2.7977973794811644,True,Cruise
1,293,1675400152.8525393,49.457417638530124,0.0072344314862649965,False,True,False,False,100000,False,True,False,1.0583702881422592,-0.1765073131050342,9.749149178144418,1.0201300281994323,True,Cruise
1,294,1675400152.9525425,49.457417638530124,0.003600779460748404,False,True,False,False,100000,False,True,False,1.2983171650759677,0.11236443973263027,9.751715068188076,0.33699995214464906,True,Cruise
1,295,1675400153.0525222,49.72994154044387,0.003600779460748404,False,True,False,False,100000,False,True,False,0.9293232542021151,0.18658901252080531,9.791315377922501,0.6811528963574517,True,Cruise
1,296,1675400153.152508,49.925367601085924,-0.0009950986521876498,False,True,False,False,100000,False,True,False,1.6074269136598984,0.19977140036779012,9.728300142488841,0.6811528963574517,True,Cruise
1,297,1675400153.2525969,49.925367601085924,-0.0009950986521876498,False,True,False,False,100000,False,True,False,1.6074269136598984,0.19977140036779012,9.728300142488841,0.7269995658248157,True,Cruise
1,298,1675400153.3525634,49.925367601085924,-0.0009950986521876498,False,True,False,False,100000,False,True,False,2.3312876068676256,0.1380265559159136,9.701067079460367,0.7269995658248157,True,Cruise
1,299,1675400153.4525263,48.504606447176364,0.01993858070431519,False,True,False,False,100000,False,True,False,1.7045993437391658,0.1552053941713926,9.796302869910168,0.46666724171917295,True,Cruise
1,300,1675400153.552524,48.504606447176364,0.01993858070431519,False,True,False,False,100000,False,True,False,1.2411984803485938,0.17340427516982523,9.84832935386842,0.46666724171917295,True,Cruise
1,301,1675400153.6524992,48.46077401936926,0.02052301307507651,False,True,False,False,100000,False,True,False,-1.2751270036414364,0.40268503536628325,10.083057483119934,1.051688169927182,True,Cruise
1,302,1675400153.7617836,48.46077401936926,0.02052301307507651,False,True,False,False,100000,False,True,False,-1.2751270036414364,0.40268503536628325,10.083057483119934,1.051688169927182,True,Cruise
1,303,1675400153.852509,49.90398928842634,-0.0012801428209821527,False,True,False,False,100000,False,True,False,-2.463412830149001,0.6324014295167079,10.147300210535912,1.2119900805064714,True,Cruise
1,304,1675400153.953951,49.61275262485287,0.005163298335295109,False,True,False,False,100000,False,True,False,-0.9756700534315219,0.7381402467898807,9.935349818453732,1.7939886778031429,True,Cruise
1,305,1675400154.0534453,49.61275262485287,0.005163298335295109,False,True,False,False,100000,False,True,False,-0.9756700534315219,0.7381402467898807,9.935349818453732,1.7939886778031429,True,Cruise
1,306,1675400154.1530135,48.263640100142126,0.02315146533143835,False,True,False,False,100000,False,True,False,1.4957808480425474,0.433303941100506,9.68874058939835,0.06509782696964035,True,Cruise
1,307,1675400154.2525399,48.263640100142126,0.02315146533143835,False,True,False,False,100000,False,True,False,0.5522166966603385,0.45850760037601973,9.764818604166255,0.484429312449324,True,Cruise
1,308,1675400154.3525186,30.91306171592145,-0.010013097280803766,True,True,False,True,16.608707810614302,False,False,False,0.5522166966603385,0.45850760037601973,9.764818604166255,0.484429312449324,True,Keep distance
1,309,1675400154.4524875,30.91306171592145,-0.010013097280803766,True,True,False,True,16.608707810614302,False,False,False,-2.7785781887123844,0.8095204437000744,10.01857944253894,0.5142352499766423,True,Keep distance
1,310,1675400154.552506,30.91306171592145,-0.010013097280803766,True,True,False,True,16.608707810614302,False,False,False,-3.270429903740491,0.9590232409462764,10.031567758750484,0.5258147464674477,True,Keep distance
1,311,1675400154.6525514,30.91306171592145,-0.029848565705363168,True,True,False,True,16.608707810614302,False,False,False,-3.7960621712960436,0.29346315527438277,9.98961314712521,0.19015375901868245,True,Keep distance
1,312,1675400154.7525513,30.91306171592145,-0.014328234233694996,True,True,False,True,16.608707810614302,False,False,False,-3.732279784828616,0.29383273510985425,9.942630187245609,0.33412482809155075,True,Keep distance
1,313,1675400154.8525002,30.91306171592145,-0.014328234233694996,True,True,False,True,16.608707810614302,False,False,False,-3.8661436251441597,-0.011100782770259408,9.915511509614843,0.33412482809155075,True,Keep distance
1,314,1675400154.9530752,30.91306171592145,-0.010085918220445085,True,True,False,True,16.608707810614302,False,False,False,-3.8661436251441597,-0.011100782770259408,9.915511509614843,0.5708331698338428,True,Keep distance
1,315,1675400155.052531,30.91306171592145,-0.03947543461906173,True,True,False,True,16.608707810614302,False,False,False,-4.531726512119709,-0.5941091349849639,9.786885417197691,0.1945392777507634,True,Keep distance
1,316,1675400155.152534,30.91306171592145,-0.03947543461906173,True,True,False,True,16.608707810614302,False,False,False,-4.531726512119709,-0.5941091349849639,9.786885417197691,0.1945392777507634,True,Keep distance
1,317,1675400155.2525742,30.91306171592145,-0.03947543461906173,True,True,False,True,16.608707810614302,False,False,False,-4.534335976435007,-1.093109400440665,9.728220350661811,0.3566305572960212,True,Keep distance
1,318,1675400155.3525286,30.91306171592145,-0.030264690132577148,True,True,False,True,16.608707810614302,False,False,False,-4.720597994823181,-1.579179802505187,9.6963228140247,0.16849402022754822,True,Keep distance
1,319,1675400155.452558,28.59269829900986,-0.030264690132577148,True,True,False,True,15.061798866006573,False,False,False,-4.720597994823181,-1.579179802505187,9.6963228140247,0.16849402022754822,True,Keep distance
1,320,1675400155.5525064,28.59269829900986,-0.031578004021105124,True,True,False,True,15.061798866006573,False,False,False,-4.796743545324994,-1.6370860006578312,9.652137913434771,0.07139394205136551,True,Keep distance
1,321,1675400155.652495,28.59269829900986,-0.0285873560922213,True,True,False,True,15.061798866006573,False,False,False,-4.766114394834002,-1.7003402884797276,9.639574268502724,0.07695324367579895,True,Keep distance
1,322,1675400155.752504,28.59269829900986,-0.0285873560922213,True,True,False,True,15.061798866006573,False,False,False,-4.686955956282881,-1.8344718457100089,9.623550087037534,0.07965973103399707,True,Keep distance
1,323,1675400155.8525233,28.59269829900986,-0.02482869134829675,True,True,False,True,15.061798866006573,False,False,False,-4.590930113354871,-1.8844163232618023,9.619127033920373,0.05469305936486704,True,Keep distance
1,324,1675400155.9524922,28.59269829900986,-0.02482869134829675,True,True,False,True,15.061798866006573,False,False,False,-4.5264970313018065,-1.8409642455357582,9.619879195500529,0.07771917954153741,True,Keep distance
1,325,1675400156.05251,28.59269829900986,-0.02482869134829675,True,True,False,True,15.061798866006573,False,False,False,-4.5264970313018065,-1.8409642455357582,9.619879195500529,0.07771917954153741,True,Keep distance
1,326,1675400156.161879,28.59269829900986,-0.012671407399732947,True,True,False,True,15.061798866006573,False,False,False,-4.5264970313018065,-1.8409642455357582,9.619879195500529,0.07771917954153741,True,Keep distance
1,327,1675400156.2525437,28.59269829900986,-0.012671407399732947,True,True,False,True,15.061798866006573,False,False,False,-4.263978239006556,-1.4779608165980274,9.658944677577116,0.4496817959608588,True,Keep distance
1,328,1675400156.3525755,28.59269829900986,-0.020641761557936306,True,True,False,True,15.061798866006573,False,False,False,-4.194551414442073,-1.271213614992576,9.667179711117035,0.4496817959608588,True,Keep distance
1,329,1675400156.4537027,28.59269829900986,-0.020641761557936306,True,True,False,True,15.061798866006573,False,False,False,-4.133262379134357,-1.12726253023995,9.677339105156115,0.21824826486869534,True,Keep distance
1,330,1675400156.5525486,28.59269829900986,-0.018184135775471535,True,True,False,True,15.061798866006573,False,False,False,-3.976122260355991,-0.928174321644445,9.71523819598531,0.7181382502053513,True,Keep distance
1,331,1675400156.6526098,28.59269829900986,-0.018184135775471535,True,True,False,True,15.061798866006573,False,False,False,-3.2849331760632867,-0.748635045335684,9.639436847546493,0.7181382502053513,True,Keep distance
1,332,1675400156.7737007,28.59269829900986,-0.018184135775471535,True,True,False,True,13.702670008573183,False,False,False,-3.2849331760632867,-0.748635045335684,9.639436847546493,0.7181382502053513,True,Keep distance
1,333,1675400156.8525727,26.554005012859776,-0.005789510015726945,True,True,False,True,13.702670008573183,False,False,False,-3.538227484809204,-0.4697499647388553,9.742805789761201,0.09811547361078805,True,Keep distance
1,334,1675400156.952578,26.554005012859776,-0.005789510015726945,True,True,False,True,13.702670008573183,False,False,False,-3.695986540019771,-0.42136809254599894,9.824012199586946,0.039047887111100854,True,Keep distance
1,335,1675400157.052804,26.554005012859776,-0.005789510015726945,True,True,False,True,13.702670008573183,False,False,False,-3.692555431111109,-0.2883676230695391,9.84229965542528,0.039047887111100854,True,Keep distance
1,336,1675400157.152683,26.554005012859776,0.026208047052796796,True,True,False,True,13.702670008573183,False,False,False,-3.6841392338444385,-0.2216913191134089,9.858188920364816,0.09141305367395017,True,Keep distance
1,337,1675400157.2537994,26.554005012859776,0.026208047052796796,True,True,False,True,13.702670008573183,False,False,False,-3.6781871083297704,-0.31183966901746757,9.872124256508215,0.09141305367395017,True,Keep distance
1,338,1675400157.352587,26.554005012859776,0.004407765675676322,True,True,False,True,13.702670008573183,False,False,False,-3.668794462689391,0.3892495216963529,9.892780961212749,0.7014563240695287,True,Keep distance
1,339,1675400157.4524865,26.554005012859776,-0.00948014676260072,True,True,False,True,13.702670008573183,False,False,False,-3.6841393233099313,0.49136643061941254,9.901114093465244,0.12454816174188552,True,Keep distance
1,340,1675400157.5737457,26.554005012859776,-0.00948014676260072,True,True,False,True,13.702670008573183,False,False,False,-3.7357495892343118,0.3924404162807434,9.912370796295571,0.0432563498503411,True,Keep distance
1,341,1675400157.6525602,26.554005012859776,-0.00948014676260072,True,True,False,True,13.702670008573183,False,False,False,-3.7918486772448943,0.3679709204476545,9.917251188057232,0.023667674224166827,True,Keep distance
1,342,1675400157.7543347,26.554005012859776,-0.008076356443861005,True,True,False,True,13.702670008573183,False,False,False,-3.8184379093348597,0.2900469624527237,9.917209320506009,0.04367121887394657,True,Keep distance
1,343,1675400157.8531978,26.554005012859776,-0.008159354681780818,True,True,False,True,13.702670008573183,False,False,False,-3.8445227928795167,0.2550774945869795,9.915236878977215,0.04367121887394657,True,Keep distance
1,344,1675400157.9525425,26.554005012859776,-0.008159354681780818,True,True,False,True,13.702670008573183,False,False,False,-3.916952715619001,0.2599845141183798,9.900099400877982,0.07415737179764377,True,Keep distance
1,345,1675400158.0538745,26.554005012859776,-0.008159354681780818,True,True,False,True,13.702670008573183,False,False,False,-3.938642369821334,0.22278190744913143,9.89265192747233,0.2886559100442942,True,Keep distance
1,346,1675400158.1525338,26.554005012859776,-0.007424537983920921,True,True,False,True,13.702670008573183,False,False,False,-3.998296519722088,0.3696413918602549,9.849158415153873,0.13796699486147945,True,Keep distance
1,347,1675400158.2534664,26.554005012859776,0.0016121743098002647,True,True,False,True,13.702670008573183,False,False,False,-4.02691438191537,0.12920125742744892,9.83584108454907,0.11638789959513567,True,Keep distance
1,348,1675400158.3525484,26.554005012859776,0.0016121743098002647,True,True,False,True,13.702670008573183,False,False,False,-4.0375269222282,0.0355135059204576,9.828887256421684,0.09454298768260092,True,Keep distance
1,349,1675400158.452512,24.870613180118163,0.0016121743098002647,True,True,False,True,12.580408786745442,False,False,False,-4.0375269222282,0.0355135059204576,9.828887256421684,0.09454298768260092,True,Keep distance
1,350,1675400158.5525076,24.870613180118163,0.0016121743098002647,True,True,False,True,12.580408786745442,False,False,False,-4.054826306769641,-0.0498552396514509,9.808498950854634,0.0894582272903352,True,Keep distance
1,351,1675400158.6525092,24.870613180118163,-5.2861005754331494e-05,True,True,False,True,12.580408786745442,False,False,False,-4.057482606123666,-0.08947052405535065,9.80235569179463,0.04017668872043055,True,Keep distance
1,352,1675400158.7527525,24.870613180118163,-5.2861005754331494e-05,True,True,False,True,12.580408786745442,False,False,False,-4.058698206298978,-0.12864900121512116,9.791530631485605,0.05132267957975509,True,Keep distance
1,353,1675400158.8537593,24.870613180118163,-0.004091354315611034,True,True,False,True,12.580408786745442,False,False,False,-4.057520519281416,-0.17299368781074345,9.786968239484843,0.04459432247208066,True,Keep distance
1,354,1675400158.9525769,24.870613180118163,-0.004091354315611034,True,True,False,True,12.580408786745442,False,False,False,-4.051177544961711,-0.19612602333103385,9.779684729423728,0.005686923641177632,True,Keep distance
1,355,1675400159.0527265,24.870613180118163,-0.004091354315611034,True,True,False,True,12.580408786745442,False,False,False,-4.051177544961711,-0.19612602333103385,9.779684729423728,0.005686923641177632,True,Keep distance
1,356,1675400159.1526608,24.870613180118163,0.002200650932450835,True,True,False,True,12.580408786745442,False,False,False,-4.051177544961711,-0.19612602333103385,9.779684729423728,0.02017409009911178,True,Keep distance
1,357,1675400159.2526102,24.870613180118163,-0.0029737272912414387,True,True,False,True,12.580408786745442,False,False,False,-4.034568919761015,-0.20590437703849568,9.773723917478897,0.011196887919976153,True,Keep distance
1,358,1675400159.352577,24.870613180118163,-0.0029737272912414387,True,True,False,True,12.580408786745442,False,False,False,-4.012676867495131,-0.03448650036475595,9.773535935108766,0.08500702835734422,True,Keep distance
1,359,1675400159.4526126,24.870613180118163,-0.0029737272912414387,True,True,False,True,12.580408786745442,False,False,False,-4.012676867495131,-0.03448650036475595,9.773535935108766,0.03343699360393963,True,Keep distance
1,360,1675400159.5525818,24.870613180118163,0.0049213088455708565,True,True,False,True,12.580408786745442,False,False,False,-4.005421850592827,-0.06710724362212377,9.774669240166588,0.024926642494147836,True,Keep distance
1,361,1675400159.6526678,24.870613180118163,0.0049213088455708565,True,True,False,True,12.580408786745442,False,False,False,-3.9913034640564695,-0.11294319826336983,9.77837603077514,0.023182298592035005,True,Keep distance
1,362,1675400159.752591,23.18641497964368,-0.004769020797053659,True,True,False,True,11.45760998642912,False,False,False,-3.9913034640564695,-0.11294319826336983,9.77837603077514,0.023182298592035005,True,Keep distance
1,363,1675400159.8526185,23.18641497964368,-0.004769020797053659,True,True,False,True,11.45760998642912,False,False,False,-3.971628145841833,0.11294178987036323,9.786576960782854,0.22688852166651213,True,Keep distance
1,364,1675400159.9753702,23.18641497964368,0.02102562205906318,True,True,False,True,11.45760998642912,False,False,False,-3.966213302415777,0.1621786872418227,9.789795874071345,0.04963823118177315,True,Keep distance
1,365,1675400160.0715108,23.18641497964368,0.02102562205906318,True,True,False,True,11.45760998642912,False,False,False,-3.9569760067597795,-0.07994498634162632,9.796551742641746,0.14103580461567664,True,Keep distance
1,366,1675400160.165841,23.18641497964368,-0.0011282274534304944,True,True,False,True,11.45760998642912,False,False,False,-3.9533553377733326,0.22567110669374776,9.799962470861038,0.14103580461567664,True,Keep distance
1,367,1675400160.2618487,23.18641497964368,-0.0011282274534304944,True,True,False,True,11.45760998642912,False,False,False,-3.9503002798652456,0.5158872395426923,9.806675640674719,0.07621370668358886,True,Keep distance
1,368,1675400160.3579342,23.18641497964368,-0.0011282274534304944,True,True,False,True,11.45760998642912,False,False,False,-3.9503002798652456,0.5158872395426923,9.806675640674719,0.07621370668358886,True,Keep distance
1,369,1675400160.4537416,23.18641497964368,0.011407965245188004,True,True,False,True,11.45760998642912,False,False,False,-3.9418339612556172,0.22956228145047985,9.814803894838056,0.07621370668358886,True,Keep distance
1,370,1675400160.5525234,23.18641497964368,0.011407965245188004,True,True,False,True,11.45760998642912,False,False,False,-3.9402191174682706,0.21201509006006275,9.817129141862097,0.017774094066147855,True,Keep distance
1,371,1675400160.6528192,23.18641497964368,0.010538278141343461,True,True,False,True,11.45760998642912,False,False,False,-3.94145509973373,0.20251754410956435,9.822638522617765,0.043246392955489515,True,Keep distance
1,372,1675400160.7525232,23.18641497964368,0.012222855205160579,True,True,False,True,11.45760998642912,False,False,False,-3.9438344529645235,0.3168683711539292,9.823959808958486,0.043246392955489515,True,Keep distance
1,373,1675400160.8526452,23.18641497964368,0.012222855205160579,True,True,False,True,11.45760998642912,False,False,False,-3.946267980725361,0.3732546637193127,9.824920252538876,0.056446952960305156,True,Keep distance
1,374,1675400160.9525442,21.997630901884893,0.00036582259469487366,True,True,False,True,10.665087267923262,False,False,False,-3.946267980725361,0.3732546637193127,9.824920252538876,0.056446952960305156,True,Keep distance
1,375,1675400161.0525265,21.997630901884893,0.00036582259469487366,True,True,False,True,10.665087267923262,False,False,False,-3.953189089995215,0.34638469667122335,9.825799110110268,0.009278289644637389,True,Keep distance
1,376,1675400161.1525784,21.997630901884893,0.0029676660746118066,True,True,False,True,10.665087267923262,False,False,False,-3.955388759406041,0.3763017801467255,9.825494259128913,0.029999389382417765,True,Keep distance
