repetition,iteration,time,speed,steering,obstacle_North,obstacle_NorthWest,obstacle_SouthWest,obstacle_West,obstacle_distance,follow_enable,steady_motion_enable,passing_start,accel_x,accel_y,accel_z,accel_diff,success,action
1,1,1675400451.774448,0.0,0.0,False,True,False,False,100000,False,True,False,0.04243580334004237,2.8473681942766104e-13,9.809440159419033,0.0008951202117120667,True,Cruise
1,2,1675400451.774698,0.0,0.0,False,True,False,False,100000,False,True,False,0.04243580334004237,2.8473681942766104e-13,9.809440159419033,0.0008951202117120667,True,Cruise
1,3,1675400451.8748298,0.0,0.0,False,True,False,False,100000,False,True,False,0.04248381825627026,5.722735027232892e-14,9.810333990925098,0.0008951202117120667,True,Cruise
1,4,1675400451.9747918,49.781562890250946,0.0029124947966540755,False,True,False,False,100000,False,True,False,0.04267949446306121,3.2096020497446215e-13,9.811852685942531,0.0006310571408758843,True,Cruise
1,5,1675400452.0748184,49.781562890250946,0.0029124947966540755,False,True,False,False,100000,False,True,False,0.042819927452927356,-3.5108946285816473e-13,9.812467918980012,0.0006310571408758843,True,Cruise
1,6,1675400452.174836,49.781562890250946,0.0029124947966540755,False,True,False,False,100000,False,True,False,0.042819927452927356,-3.5108946285816473e-13,9.812467918980012,1.9024484343033221,True,Cruise
1,7,1675400452.27484,49.781562890250946,0.0029124947966540755,False,True,False,False,100000,False,True,False,2.613761435106735,0.005969828823751058,9.60243956442027,0.6771776654462042,True,Cruise
1,8,1675400452.374831,49.73063914026946,0.003591478129740504,False,True,False,False,100000,False,True,False,3.331179601732966,0.0034754106658482224,9.584024019259763,0.2715346226438899,True,Cruise
1,9,1675400452.474831,49.74951639911446,0.0033397813451405216,False,True,False,False,100000,False,True,False,3.4944269921833038,0.0023307085640330524,9.597109366638085,0.16377498938408866,True,Cruise
1,10,1675400452.5748188,49.74951639911446,0.0033397813451405216,False,True,False,False,100000,False,True,False,3.697684977843892,0.0026279785202221826,9.639559022382059,0.09602160644490003,True,Cruise
1,11,1675400452.6747773,49.74951639911446,0.0033397813451405216,False,True,False,False,100000,False,True,False,3.697684977843892,0.0026279785202221826,9.639559022382059,0.09602160644490003,True,Cruise
1,12,1675400452.774763,49.737024801926964,0.0035063359743071217,False,True,False,False,100000,False,True,False,3.697684977843892,0.0026279785202221826,9.639559022382059,0.09602160644490003,True,Cruise
1,13,1675400452.8747587,49.72421830930801,0.00367708920922657,False,True,False,False,100000,False,True,False,4.12088907220258,0.003060316841947764,9.729160014869802,0.11471964694168556,True,Cruise
1,14,1675400452.9747553,49.72421830930801,0.00367708920922657,False,True,False,False,100000,False,True,False,4.3300953998783145,0.0036384157738865394,9.770990875781752,0.10246857764376502,True,Cruise
1,15,1675400453.0951777,49.78647843191307,0.0028469542411591,False,True,False,False,100000,False,True,False,4.493844267013455,0.005635490768195831,9.81094178057468,0.07765806780823176,True,Cruise
1,16,1675400453.1770983,49.78647843191307,0.0028469542411591,False,True,False,False,100000,False,True,False,4.554825343394137,0.008299670723861173,9.829737886433561,0.06386770018437345,True,Cruise
1,17,1675400453.2759671,49.65204269991893,0.004639430667747582,False,True,False,False,100000,False,True,False,4.554825343394137,0.008299670723861173,9.829737886433561,0.08742640214471915,True,Cruise
1,18,1675400453.374761,49.65204269991893,0.004639430667747582,False,True,False,False,100000,False,True,False,4.554825343394137,0.008299670723861173,9.829737886433561,0.08742640214471915,True,Cruise
1,19,1675400453.4748466,49.65204269991893,0.004639430667747582,False,True,False,False,100000,False,True,False,4.656226073287012,-0.0006892559511027439,9.878121421078518,0.02588505632579625,True,Cruise
1,20,1675400453.5749085,49.77513074234154,0.00299825676877949,False,True,False,False,100000,False,True,False,4.656226073287012,-0.0006892559511027439,9.878121421078518,0.01810537402898671,True,Cruise
1,21,1675400453.6748877,49.77513074234154,0.00299825676877949,False,True,False,False,100000,False,True,False,4.6640394944650945,0.011295348357120493,9.901316084707492,0.011042817916839455,True,Cruise
1,22,1675400453.7748797,49.77513074234154,0.00299825676877949,False,True,False,False,100000,False,True,False,4.652963342862592,0.011452383811463166,9.909697873816235,0.013891010874625768,True,Cruise
1,23,1675400453.893947,49.702046732468965,0.003972710233747142,False,True,False,False,100000,False,True,False,4.606029716076974,0.01038753514043442,9.9196769583921,0.02752020926340588,True,Cruise
1,24,1675400453.9748175,49.702046732468965,0.003972710233747142,False,True,False,False,100000,False,True,False,4.572298343739712,0.01023060113559696,9.92126575603295,0.03376913362792178,True,Cruise
1,25,1675400454.0749002,49.37403476844729,0.008346203087369455,False,True,False,False,100000,False,True,False,4.442973700393755,0.0084062849784394,9.913188660215763,0.1295894709567115,True,Cruise
1,26,1675400454.1749182,49.701625481649344,0.003978326911342127,False,True,False,False,100000,False,True,False,4.393994901371673,0.008636216474906195,9.906621762974982,0.04941760578487756,True,Cruise
1,27,1675400454.2748094,49.701625481649344,0.003978326911342127,False,True,False,False,100000,False,True,False,4.343728597778357,-0.0032702188324406655,9.8983905913381,0.05230885838153252,True,Cruise
1,28,1675400454.3747625,49.728020962321025,0.0036263871690530134,False,True,False,False,100000,False,True,False,4.293077501217357,0.031363887396806636,9.888695043411548,0.053399117722566204,True,Cruise
1,29,1675400454.4747872,49.728020962321025,0.0036263871690530134,False,True,False,False,100000,False,True,False,4.24298704042709,0.016455716287899567,9.877733385436825,0.05077538187374107,True,Cruise
1,30,1675400454.5747914,49.728020962321025,0.0036263871690530134,False,False,False,False,100000,False,True,False,4.147247811944325,0.00848033592994956,9.852944847387445,0.04862903517710247,True,Cruise
1,31,1675400454.6938853,49.741222781902394,0.0034503629079680564,False,False,False,False,100000,False,True,False,4.023494717190109,0.007547176194974694,9.812090102163769,0.13032578200658676,True,Cruise
1,32,1675400454.7748523,49.741222781902394,0.0034503629079680564,False,False,False,False,100000,False,True,False,3.9589513763943387,0.007855660582828668,9.785040261598493,0.033111216557483655,True,Cruise
1,33,1675400454.874955,49.78779767791401,0.0028293642944798958,False,False,False,False,100000,False,True,False,3.9589513763943387,0.007855660582828668,9.785040261598493,0.029178831078717334,True,Cruise
1,34,1675400454.9748406,49.785612594345665,0.0028584987420578155,False,False,False,False,100000,False,True,False,3.89286367575468,0.006354639832180999,9.748700103666302,0.02116212990467289,True,Cruise
1,35,1675400455.0748336,49.785612594345665,0.0028584987420578155,False,False,False,False,100000,False,True,False,3.879084044048362,0.007888598610780046,9.73835224774512,0.017300560732581752,True,Cruise
1,36,1675400455.1776416,49.785612594345665,0.0028584987420578155,False,False,False,False,100000,False,True,False,3.879084044048362,0.007888598610780046,9.73835224774512,0.023973988177845382,True,Cruise
1,37,1675400455.2749736,49.757207408757736,0.0032372345498968315,False,False,False,False,100000,False,True,False,3.8607229195862067,0.0030805182648155835,9.71415332697001,0.00729187956360083,True,Cruise
1,38,1675400455.3748732,49.757207408757736,0.0032372345498968315,False,False,False,False,100000,False,True,False,3.865276103634478,0.0034623716220808817,9.704313938034662,0.005701285112471105,True,Cruise
1,39,1675400455.476008,49.71842852795542,0.0037542862939277735,False,False,False,False,100000,False,True,False,3.8717267911119917,0.002478963767947313,9.70133761400419,0.007171956823244873,True,Cruise
1,40,1675400455.5748816,49.78390874795623,0.002881216693916845,False,False,False,False,100000,False,True,False,3.880522142990437,0.0046840845728154746,9.699631921575733,0.0108612131547369,True,Cruise
1,41,1675400455.6748807,49.78390874795623,0.002881216693916845,False,False,False,False,100000,False,True,False,3.903819998612029,0.004365920960920475,9.69983786567654,0.01256657901122636,True,Cruise
1,42,1675400455.7748723,49.71060607288598,0.0038585856948535396,False,False,False,False,100000,False,True,False,3.903819998612029,0.004365920960920475,9.69983786567654,0.01256657901122636,True,Cruise
1,43,1675400455.8748167,49.71060607288598,0.0038585856948535396,False,False,False,False,100000,False,True,False,3.9480215952542967,0.00479010524467942,9.70805770121857,0.04496139204217686,True,Cruise
1,44,1675400455.9748864,49.71060607288598,0.0038585856948535396,False,False,False,False,100000,False,True,False,3.979951473232917,0.008276517238766165,9.717656692104782,0.017955606630875094,True,Cruise
1,45,1675400456.0748296,49.68236047683033,0.004235193642262186,False,False,False,False,100000,False,True,False,3.979951473232917,0.008276517238766165,9.717656692104782,0.017955606630875094,True,Cruise
1,46,1675400456.174818,49.68236047683033,0.004235193642262186,False,False,False,False,100000,False,True,False,3.979951473232917,0.008276517238766165,9.717656692104782,0.016681440857409476,True,Cruise
1,47,1675400456.274828,49.73164433866035,0.0035780754845286616,False,False,False,False,100000,False,True,False,4.026206130079581,0.012548813993948502,9.735894760355816,0.01623237510113182,True,Cruise
1,48,1675400456.3749168,49.75571460845728,0.0032571385539029627,False,False,False,False,100000,False,True,False,4.040339873037212,0.011696303203010286,9.742512174944801,0.01562944786240263,True,Cruise
1,49,1675400456.4748483,49.75571460845728,0.0032571385539029627,False,False,False,False,100000,False,True,False,4.076720733068447,0.014537189396404495,9.762372634754616,0.041546064492721704,True,Cruise
1,50,1675400456.5748634,49.72481816920184,0.0036690910773088006,False,False,False,False,100000,False,True,False,4.076720733068447,0.014537189396404495,9.762372634754616,0.041546064492721704,True,Cruise
1,51,1675400456.6748483,49.72481816920184,0.0036690910773088006,False,False,False,False,100000,False,True,False,4.086519584272862,0.014263534370818893,9.768653645498684,0.041546064492721704,True,Cruise
1,52,1675400456.774813,49.59683941037791,0.005375474528294476,False,False,False,False,100000,False,True,False,4.108200690784001,0.012534338244406498,9.785303537098606,0.007835200467648526,True,Cruise
1,53,1675400456.8748841,49.59683941037791,0.005375474528294476,False,False,False,False,100000,False,True,False,4.112838763060281,0.011734604946053728,9.78991195359133,0.006587016802688615,True,Cruise
1,54,1675400456.9976401,49.59683941037791,0.005375474528294476,False,False,False,False,100000,False,True,False,4.119424088152243,0.021611776633401216,9.800346858328162,0.010080748491582676,True,Cruise
1,55,1675400457.093854,49.807577749680895,0.0025656300042547473,False,False,False,False,100000,False,True,False,4.119424088152243,0.021611776633401216,9.800346858328162,0.005198620824325509,True,Cruise
1,56,1675400457.1898034,49.807577749680895,0.0025656300042547473,False,False,False,False,100000,False,True,False,4.118460931841186,0.0352028268235296,9.80431264182542,0.009127751142390228,True,Cruise
1,57,1675400457.2897627,49.82028573518359,0.002396190197552124,False,False,False,False,100000,False,True,False,4.1167544516702845,0.017119596464454354,9.805393538607456,0.008616136171408937,True,Cruise
1,58,1675400457.3819258,49.82028573518359,0.002396190197552124,False,False,False,False,100000,False,True,False,4.111074118785518,0.008008123135710638,9.805891873860647,0.0033065428508261634,True,Cruise
1,59,1675400457.4777954,49.701007629691276,0.003986564937449686,False,False,False,False,100000,False,True,False,4.1073074373625875,0.007863670431316892,9.805371659005878,0.003805177922354782,True,Cruise
1,60,1675400457.5747693,49.701007629691276,0.003986564937449686,False,False,False,False,100000,False,True,False,4.103062737507097,0.003782064057100172,9.804391224001321,0.005969777236665617,True,Cruise
1,61,1675400457.6748028,49.7982716370683,0.0026897115057560005,False,False,False,False,100000,False,True,False,4.093514123769504,0.018954187623832837,9.801240590557132,0.005969777236665617,True,Cruise
1,62,1675400457.7748609,49.7982716370683,0.0026897115057560005,False,False,False,False,100000,False,True,False,4.083390507198604,0.022427575447161216,9.796824996898929,0.006330494846731781,True,Cruise
1,63,1675400457.8749008,49.81938681558204,0.002408175792239394,False,False,False,False,100000,False,True,False,4.073426918577682,0.008886740000011734,9.791572060535252,0.007068293742065862,True,Cruise
1,64,1675400457.9748278,49.76587722262434,0.0031216370316754674,False,False,False,False,100000,False,True,False,4.068627255665886,0.009031113547949166,9.78877236995327,0.005550876756550381,True,Cruise
1,65,1675400458.0749083,49.76587722262434,0.0031216370316754674,False,False,False,False,100000,False,True,False,4.05970600296066,0.005474341784507403,9.783077661059453,0.005660262042343614,True,Cruise
1,66,1675400458.174898,49.84329796632257,0.0020893604490323883,False,False,False,False,100000,False,True,False,4.051950788885429,0.013027284507623998,9.777564724606309,0.012148364394755152,True,Cruise
1,67,1675400458.274847,49.84329796632257,0.0020893604490323883,False,False,False,False,100000,False,True,False,4.051950788885429,0.013027284507623998,9.777564724606309,0.00551449074546005,True,Cruise
1,68,1675400458.374833,49.91827477305715,0.0010896696925713472,False,False,False,False,100000,False,True,False,4.043248026188909,0.005894289421596161,9.770276194075429,0.008089436607343584,True,Cruise
1,69,1675400458.474827,49.91827477305715,0.0010896696925713472,False,False,False,False,100000,False,True,False,4.041155939138493,0.00809895422348013,9.768227589082958,0.007013142768862567,True,Cruise
1,70,1675400458.5748537,49.86668357914442,0.0017775522780744094,False,False,False,False,100000,False,True,False,4.039489671278202,0.0015359946434537644,9.766401312963323,0.00359327113973899,True,Cruise
1,71,1675400458.6747916,49.86668357914442,0.0017775522780744094,False,False,False,False,100000,False,True,False,4.037290699553875,-0.003930721732234864,9.76347669203023,0.0029874178545519674,True,Cruise
1,72,1675400458.774775,49.94209628719999,0.0007720495040001447,False,False,False,False,100000,False,True,False,4.037290699553875,-0.003930721732234864,9.76347669203023,0.0029874178545519674,True,Cruise
1,73,1675400458.8747723,49.94209628719999,0.0007720495040001447,False,False,False,False,100000,False,True,False,4.036595258004629,0.004046422100458867,9.760965462186482,0.008391944828466754,True,Cruise
1,74,1675400458.9750462,49.97501068016781,0.00033319093109579836,False,False,False,False,100000,False,True,False,4.036995967303165,0.0038237279560130034,9.760612682583053,0.002789707355084637,True,Cruise
1,75,1675400459.0777411,49.97501068016781,0.00033319093109579836,False,False,False,False,100000,False,True,False,4.03766574769089,0.006528896006148237,9.760486479652187,0.002789707355084637,True,Cruise
1,76,1675400459.1805398,49.95371468957042,0.0006171374723944818,False,False,False,False,100000,False,True,False,4.039721836498568,-0.005864026158560223,9.760852121474672,0.00661558605730714,True,Cruise
1,77,1675400459.281768,49.95371468957042,0.0006171374723944818,False,False,False,False,100000,False,True,False,4.04240795564348,-0.007699856794719868,9.761935040700486,0.0015477089036658451,True,Cruise
1,78,1675400459.3857708,49.95371468957042,0.0006171374723944818,False,False,False,False,100000,False,True,False,4.04240795564348,-0.007699856794719868,9.761935040700486,0.0015477089036658451,True,Cruise
1,79,1675400459.489729,49.900832211977445,0.0013222371736340208,False,False,False,False,100000,False,True,False,4.048710360167109,-0.003965624087667464,9.765582826159985,0.001946862208860936,True,Cruise
1,80,1675400459.5937665,49.93696494660658,0.0008404673785789205,False,False,False,False,100000,False,True,False,4.048710360167109,-0.003965624087667464,9.765582826159985,0.001946862208860936,True,Cruise
1,81,1675400459.6748796,49.93696494660658,0.0008404673785789205,False,False,False,False,100000,False,True,False,4.053444506099359,0.00022620913211667378,9.768928057947006,0.00701927857574768,True,Cruise
1,82,1675400459.774854,49.955680178900074,0.0005909309479990015,False,False,False,False,100000,False,True,False,4.053444506099359,0.00022620913211667378,9.768928057947006,0.0019523717378633532,True,Cruise
1,83,1675400459.8747823,49.955680178900074,0.0005909309479990015,False,False,False,False,100000,False,True,False,4.05490989516545,-0.00041036486830737373,9.770050182641402,0.0019523717378633532,True,Cruise
1,84,1675400459.9747574,49.91486410161623,0.001135145311783638,False,False,False,False,100000,False,True,False,4.056287031781916,-0.00017469258114705187,9.771146575525629,0.0017759853726681157,True,Cruise
1,85,1675400460.0747688,49.91486410161623,0.001135145311783638,False,False,False,False,100000,False,True,False,4.056287031781916,-0.00017469258114705187,9.771146575525629,0.004862487155643887,True,Cruise
1,86,1675400460.1747646,49.91486410161623,0.001135145311783638,False,False,False,False,100000,False,True,False,4.060683472962387,-0.00020021989531441155,9.774993299357396,0.0020606742406452465,True,Cruise
1,87,1675400460.2747986,49.98023838145402,-0.0002634882472796944,False,False,False,False,100000,False,True,False,4.062108184197259,0.007592320911385979,9.776449780153554,0.003157729221829814,True,Cruise
1,88,1675400460.374787,49.93159814319006,0.0009120247574659159,False,False,False,False,100000,False,True,False,4.062108184197259,0.007592320911385979,9.776449780153554,0.003157729221829814,True,Cruise
1,89,1675400460.4776673,49.93159814319006,0.0009120247574659159,False,False,False,False,100000,False,True,False,4.063021761531354,0.013533133720251589,9.777527987402497,0.004678822449197495,True,Cruise
1,90,1675400460.5859861,49.93159814319006,0.0009120247574659159,False,False,False,False,100000,False,True,False,4.063312448066225,0.0030511828781210767,9.777918598458106,0.010493253504760073,True,Cruise
1,91,1675400460.6858473,49.93159814319006,0.0009120247574659159,False,False,False,False,100000,False,True,False,4.063444678546098,0.00765620925188085,9.778527054350347,0.0046469313934717595,True,Cruise
1,92,1675400460.7900958,49.93159814319006,0.0009120247574659159,False,False,False,False,100000,False,True,False,4.0632854250217045,0.00933207695745196,9.778552235370974,0.00024709315286233904,True,Cruise
1,93,1675400460.8939302,49.98789720680658,0.0001613705759122226,False,False,False,False,100000,False,True,False,4.062732000032867,0.008954586396270798,9.77836856214099,0.000512809204635212,True,Cruise
1,94,1675400460.974825,49.98789720680658,0.0001613705759122226,False,False,False,False,100000,False,True,False,4.062357487759561,0.010870314782458994,9.778173930785712,0.0019616717505640253,True,Cruise
1,95,1675400461.0748727,49.99076336427939,-0.0001231551429414672,False,False,False,False,100000,False,True,False,4.061475391733639,0.0016098340787960295,9.77761745109194,0.0032553954597183926,True,Cruise
1,96,1675400461.174777,49.99076336427939,-0.0001231551429414672,False,False,False,False,100000,False,True,False,4.060450162935754,0.0017204447225706422,9.776897013678234,0.001257918466990916,True,Cruise
1,97,1675400461.274777,49.97250282315253,0.00036662902463294444,False,False,False,False,100000,False,True,False,4.059912704175584,-0.0006113310495408022,9.776495747880853,0.002426325289493718,True,Cruise
1,98,1675400461.3747513,49.97250282315253,0.00036662902463294444,False,False,False,False,100000,False,True,False,4.059369360031861,-0.0021983706146303907,9.776078194142757,0.0017286609163961316,True,Cruise
1,99,1675400461.4747741,49.930263631087804,0.0009298182521625625,False,False,False,False,100000,False,True,False,4.058296757848935,-0.0010822224359953577,9.77522480246671,0.003469456229754591,True,Cruise
1,100,1675400461.5748444,49.930263631087804,0.0009298182521625625,False,False,False,False,100000,False,True,False,4.057784386326708,0.0005986658444766876,9.774802808684091,0.003469456229754591,True,Cruise
1,101,1675400461.674858,49.96091215767704,-0.0005211712309727347,False,False,False,False,100000,False,True,False,4.057784386326708,0.0005986658444766876,9.774802808684091,0.004371873146204436,True,Cruise
1,102,1675400461.7977436,49.97787701453799,-0.0002949731394934667,False,False,False,False,100000,False,True,False,4.056838150889496,0.0033941659458679857,9.773999311812872,0.004371873146204436,True,Cruise
1,103,1675400461.8937252,49.97787701453799,-0.0002949731394934667,False,False,False,False,100000,False,True,False,4.056838150889496,0.0033941659458679857,9.773999311812872,0.0075076126687160655,True,Cruise
1,104,1675400461.9897802,49.97787701453799,-0.0002949731394934667,False,False,False,False,100000,False,True,False,4.05569835938353,-0.0016504415576333255,9.772966379077443,0.012482492521374913,True,Cruise
1,105,1675400462.0857673,49.95351967456805,-0.0006197376724260178,False,False,False,False,100000,False,True,False,4.055148410713992,-0.006414541260323971,9.772434389653665,0.0004173247865934859,True,Cruise
1,106,1675400462.1818655,49.95351967456805,-0.0006197376724260178,False,False,False,False,100000,False,True,False,4.054762969088463,-0.004158908919197423,9.772045847840571,0.0008368729223595766,True,Cruise
1,107,1675400462.2779732,49.973276124080606,-0.0003563183455919125,False,False,False,False,100000,False,True,False,4.0545463364691585,-0.0089524884077916,9.77180274890762,0.002017450358520926,True,Cruise
1,108,1675400462.3748155,49.973276124080606,-0.0003563183455919125,False,False,False,False,100000,False,True,False,4.0545463364691585,-0.0089524884077916,9.77180274890762,0.002017450358520926,True,Cruise
1,109,1675400462.4747624,49.98574537199335,-0.00019006170675521148,False,False,False,False,100000,False,True,False,4.054510391232333,-0.008516844123705219,9.771694674412052,0.002017450358520926,True,Cruise
1,110,1675400462.5747836,49.98574537199335,-0.00019006170675521148,False,False,False,False,100000,False,True,False,4.054566029916542,-0.008726873190049488,9.77171972856154,0.0002187134707703695,True,Cruise
1,111,1675400462.6747785,49.93972231751163,-0.0008037024331782361,False,False,False,False,100000,False,True,False,4.054650083954473,-0.009675934843906595,9.771771303756342,0.0002187134707703695,True,Cruise
1,112,1675400462.7748337,49.93972231751163,-0.0008037024331782361,False,False,False,False,100000,False,True,False,4.054650083954473,-0.009675934843906595,9.771771303756342,0.0002187134707703695,True,Cruise
1,113,1675400462.874778,49.880584756702135,-0.0015922032439715374,False,False,False,False,100000,False,True,False,4.05489016664269,-0.007886714704703446,9.771942663401624,0.0010973980572080368,True,Cruise
1,114,1675400462.9978075,49.880584756702135,-0.0015922032439715374,False,False,False,False,100000,False,True,False,4.055200874880415,-0.005540489372897423,9.772184949498614,0.002043262643019219,True,Cruise
1,115,1675400463.0938194,49.94351101969484,-0.0007531864040688658,False,False,False,False,100000,False,True,False,4.055200874880415,-0.005540489372897423,9.772184949498614,0.002043262643019219,True,Cruise
1,116,1675400463.1896677,49.94351101969484,-0.0007531864040688658,False,False,False,False,100000,False,True,False,4.055200874880415,-0.005540489372897423,9.772184949498614,0.002043262643019219,True,Cruise
1,117,1675400463.2857718,49.94351101969484,-0.0007531864040688658,False,False,False,False,100000,False,True,False,4.055905376485768,-0.022819402405079733,9.77278566657197,0.00402107289170875,True,Cruise
1,118,1675400463.3829448,49.90455419745671,-0.0012726107005771757,False,False,False,False,100000,False,True,False,4.056258840180378,-0.026903678539783402,9.773097059982515,0.0012030665471459492,True,Cruise
1,119,1675400463.4776914,49.92090818714119,-0.0010545575047841824,False,False,False,False,100000,False,True,False,4.056441831653062,-0.019970109586638495,9.77324551055857,0.004997578609715382,True,Cruise
1,120,1675400463.5748703,49.92090818714119,-0.0010545575047841824,False,False,False,False,100000,False,True,False,4.056766250456844,-0.02019642844034685,9.773522764858546,0.0052228468291463034,True,Cruise
1,121,1675400463.6749427,49.92090818714119,-0.0010545575047841824,False,False,False,False,100000,False,True,False,4.056766250456844,-0.02019642844034685,9.773522764858546,0.0052228468291463034,True,Cruise
1,122,1675400463.7748687,49.92090818714119,-0.0010545575047841824,False,False,False,False,100000,False,True,False,4.0571537670033075,-0.022387857702281033,9.773863478684639,0.0022513589662990436,True,Cruise
1,123,1675400463.8748295,49.970646908939976,-0.0003913745474670138,False,False,False,False,100000,False,True,False,4.0571537670033075,-0.022387857702281033,9.773863478684639,0.00017473259956182077,True,Cruise
1,124,1675400463.974806,49.970646908939976,-0.0003913745474670138,False,False,False,False,100000,False,True,False,4.057254702716275,-0.02227669903551381,9.773952849899244,0.002548579170722166,True,Cruise
1,125,1675400464.0748353,49.970646908939976,-0.0003913745474670138,False,False,False,False,100000,False,True,False,4.057416377740281,-0.020203977256298248,9.774091812742432,0.002548579170722166,True,Cruise
1,126,1675400464.1978316,49.970646908939976,-0.0003913745474670138,False,False,False,False,100000,False,True,False,4.057559146124687,-0.01190890708325969,9.774201577337287,0.002985256437515741,True,Cruise
1,127,1675400464.2947001,49.970646908939976,-0.0003913745474670138,False,False,False,False,100000,False,True,False,4.057559146124687,-0.01190890708325969,9.774201577337287,0.002985256437515741,True,Cruise
1,128,1675400464.3901315,49.922120170897784,-0.0010383977213628344,False,False,False,False,100000,False,True,False,4.057559146124687,-0.01190890708325969,9.774201577337287,0.002985256437515741,True,Cruise
1,129,1675400464.4856784,49.98098190676853,-0.0002535745764196591,False,False,False,False,100000,False,True,False,4.057564034131769,-0.006716693824891901,9.774206263390584,0.0050368733986474986,True,Cruise
1,130,1675400464.581711,49.943360233193815,-0.0007551968907491802,False,False,False,False,100000,False,True,False,4.057493509742305,-0.016597473568815902,9.77416217204641,0.004844264603177898,True,Cruise
1,131,1675400464.677724,49.943360233193815,-0.0007551968907491802,False,False,False,False,100000,False,True,False,4.057461539278157,-0.0077053912143970095,9.774126633187926,0.008892210845386427,True,Cruise
1,132,1675400464.7747884,49.940672951889034,-0.000791027308146257,False,False,False,False,100000,False,True,False,4.057360614874184,-0.008415678781807686,9.774039786939783,0.0010918449804385338,True,Cruise
1,133,1675400464.8748605,49.940672951889034,-0.000791027308146257,False,False,False,False,100000,False,True,False,4.057302472869374,-0.008982710974176007,9.773989587549416,0.0005722114807469068,True,Cruise
1,134,1675400464.9748657,49.940672951889034,-0.000791027308146257,False,False,False,False,100000,False,True,False,4.057302472869374,-0.008982710974176007,9.773989587549416,0.0005722114807469068,True,Cruise
1,135,1675400465.074904,49.99627988248539,4.96015668614731e-05,False,False,False,False,100000,False,True,False,4.057111421641101,-0.010259847236380702,9.7738250697969,0.0013017848113094145,True,Cruise
1,136,1675400465.1749141,49.99627988248539,4.96015668614731e-05,False,False,False,False,100000,False,True,False,4.0570460624985625,-0.010742359963683798,9.773768903943285,0.0004901478885346818,True,Cruise
1,137,1675400465.274985,49.98729953377071,-0.00016933954972389164,False,False,False,False,100000,False,True,False,4.056932251930763,-0.005934568120659125,9.773658615140672,0.007746184409240452,True,Cruise
1,138,1675400465.3977954,49.994150917298356,7.798776935528007e-05,False,False,False,False,100000,False,True,False,4.056879877959361,-0.0013577181403123823,9.773606779988953,0.004577443135467028,True,Cruise
1,139,1675400465.4937553,49.994150917298356,7.798776935528007e-05,False,False,False,False,100000,False,True,False,4.0567717977154585,-0.0002574909593170236,9.77351387114424,7.779526360813107e-05,True,Cruise
1,140,1675400465.5897539,49.994150917298356,7.798776935528007e-05,False,False,False,False,100000,False,True,False,4.0567717977154585,-0.0002574909593170236,9.77351387114424,7.779526360813107e-05,True,Cruise
1,141,1675400465.6856937,49.994150917298356,7.798776935528007e-05,False,False,False,False,100000,False,True,False,4.056673788521702,0.0008780151347827472,9.773437115799082,0.0011423096230046123,True,Cruise
1,142,1675400465.7816846,49.94410692073907,-0.0007452410568124349,False,False,False,False,100000,False,True,False,4.056631884252877,0.0017971837803583985,9.773405336286515,0.0011423096230046123,True,Cruise
1,143,1675400465.8779697,49.94410692073907,-0.0007452410568124349,False,False,False,False,100000,False,True,False,4.056595609744438,0.0028084601132463503,9.773378132438708,0.0010122923049975744,True,Cruise
1,144,1675400465.9748192,49.949725663488216,-0.000670324486823777,False,False,False,False,100000,False,True,False,4.056540485496232,0.004666725017209336,9.773337642107975,0.0009849202677957314,True,Cruise
1,145,1675400466.0748672,49.95114587402198,-0.0006513883463736225,False,False,False,False,100000,False,True,False,4.056540485496232,0.004666725017209336,9.773337642107975,0.0030818595465963244,True,Cruise
1,146,1675400466.1748307,49.95114587402198,-0.0006513883463736225,False,False,False,False,100000,False,True,False,4.056491404079578,-0.005289020428976606,9.773311469996951,0.005160398621311661,True,Cruise
1,147,1675400466.2748826,49.913940143914914,-0.0011474647478011534,False,False,False,False,100000,False,True,False,4.056491404079578,-0.005289020428976606,9.773311469996951,0.005160398621311661,True,Cruise
1,148,1675400466.37482,49.913940143914914,-0.0011474647478011534,False,False,False,False,100000,False,True,False,4.05649076840642,-0.006681868516255727,9.773320002966658,0.005160398621311661,True,Cruise
1,149,1675400466.4749327,49.96422210142987,-0.0004770386476017716,False,False,False,False,100000,False,True,False,4.056505598636686,-0.013254041543777966,9.77334167275534,0.006778815208482732,True,Cruise
1,150,1675400466.5980134,49.96422210142987,-0.0004770386476017716,False,False,False,False,100000,False,True,False,4.056505598636686,-0.013254041543777966,9.77334167275534,0.005021704488799214,True,Cruise
1,151,1675400466.693879,49.96422210142987,-0.0004770386476017716,False,False,False,False,100000,False,True,False,4.0565293957728334,-0.023013013008212,9.773372234920393,0.005060865688850178,True,Cruise
1,152,1675400466.7898808,49.94444643471737,-0.000740714203768367,False,False,False,False,100000,False,True,False,4.056584071575794,-0.015298024013370562,9.773406772735381,0.0026544253811455936,True,Cruise
1,153,1675400466.8858383,49.94444643471737,-0.000740714203768367,False,False,False,False,100000,False,True,False,4.056584071575794,-0.015298024013370562,9.773406772735381,0.0026544253811455936,True,Cruise
1,154,1675400466.981865,49.98773218084986,0.00016357092200178756,False,False,False,False,100000,False,True,False,4.056584071575794,-0.015298024013370562,9.773406772735381,0.006401158698274179,True,Cruise
1,155,1675400467.0817165,49.98773218084986,0.00016357092200178756,False,False,False,False,100000,False,True,False,4.0566505874534196,-0.02169856570932393,9.773465716071538,0.006401158698274179,True,Cruise
1,156,1675400467.1750474,49.875338368146934,-0.0016621550913741478,False,False,False,False,100000,False,True,False,4.056735758334505,-0.009631845635757858,9.773520891519897,0.006314884937378501,True,Cruise
1,157,1675400467.2747586,49.875338368146934,-0.0016621550913741478,False,False,False,False,100000,False,True,False,4.056735758334505,-0.009631845635757858,9.773520891519897,0.006314884937378501,True,Cruise
1,158,1675400467.3747852,49.938003123626075,-0.0008266250183190469,False,False,False,False,100000,False,True,False,4.056757786105906,-0.03208060068165291,9.773572488621994,0.011462248094073538,True,Cruise
1,159,1675400467.474834,49.938003123626075,-0.0008266250183190469,False,False,False,False,100000,False,True,False,4.056757786105906,-0.03208060068165291,9.773572488621994,0.011462248094073538,True,Cruise
1,160,1675400467.574847,49.938003123626075,-0.0008266250183190469,False,False,False,False,100000,False,True,False,4.056757786105906,-0.03208060068165291,9.773572488621994,0.011462248094073538,True,Cruise
1,161,1675400467.6749015,49.89131610596555,-0.001449118587125994,False,False,False,False,100000,False,True,False,4.056796616734376,-0.027884346414730525,9.773606120628521,0.004937772261745403,True,Cruise
1,162,1675400467.774924,49.97791458724314,0.00029447217009145497,False,False,False,False,100000,False,True,False,4.056820952541565,-0.022946638908400676,9.773612995167388,0.0020126368770769314,True,Cruise
1,163,1675400467.8954806,49.97791458724314,0.00029447217009145497,False,False,False,False,100000,False,True,False,4.056836523366347,-0.029196851159831765,9.773624658295615,0.008262767338461076,True,Cruise
1,164,1675400467.9898555,49.94111881278542,-0.0007850824961944385,False,False,False,False,100000,False,True,False,4.05683407411291,-0.04002716658754181,9.773628519019546,0.016879092747332514,True,Cruise
1,165,1675400468.0857444,49.94111881278542,-0.0007850824961944385,False,False,False,False,100000,False,True,False,4.056872654689662,-0.023148118000319396,9.773627001674626,0.014689203678466942,True,Cruise
1,166,1675400468.181884,49.94111881278542,-0.0007850824961944385,False,False,False,False,100000,False,True,False,4.056895701540938,-0.0084589324370212,9.77362598328138,0.014689203678466942,True,Cruise
1,167,1675400468.2777107,49.84689567242544,0.002041391034327503,False,False,False,False,100000,False,True,False,4.056895701540938,-0.0084589324370212,9.77362598328138,0.014689203678466942,True,Cruise
1,168,1675400468.3748808,49.84689567242544,0.002041391034327503,False,False,False,False,100000,False,True,False,4.056866242895444,-0.0327739343777795,9.773623699355513,0.02431501989320987,True,Cruise
1,169,1675400468.474896,49.84689567242544,0.002041391034327503,False,False,False,False,100000,False,True,False,4.056901277970895,-0.00018149753997222983,9.773616368093988,0.03259245649272794,True,Cruise
1,170,1675400468.5748227,49.92308155014936,-0.0010255793313418637,False,False,False,False,100000,False,True,False,4.056907470255482,0.021969488724228263,9.773611278699683,0.008593379576405689,True,Cruise
1,171,1675400468.6748047,49.92308155014936,-0.0010255793313418637,False,False,False,False,100000,False,True,False,4.056907470255482,0.021969488724228263,9.773611278699683,0.008593379576405689,True,Cruise
1,172,1675400468.774879,49.95518168147526,-0.0005975775803298823,False,False,False,False,100000,False,True,False,4.056892750338143,0.03056285466968304,9.77360708397465,0.008593379576405689,True,Cruise
1,173,1675400468.8749197,49.95518168147526,-0.0005975775803298823,False,False,False,False,100000,False,True,False,4.056810769089925,0.044131049949987476,9.77359312031874,0.005429831429014555,True,Cruise
1,174,1675400468.9979072,49.95518168147526,-0.0005975775803298823,False,False,False,False,100000,False,True,False,4.056806715862577,0.0410696358723579,9.773570003576067,0.0030615040367689013,True,Cruise
1,175,1675400469.0940473,49.950592139396086,0.0006587714747189101,False,False,False,False,100000,False,True,False,4.056827674915642,0.026925889496904935,9.773561979173742,0.0030615040367689013,True,Cruise
1,176,1675400469.1912456,49.950592139396086,0.0006587714747189101,False,False,False,False,100000,False,True,False,4.056829836205385,0.020979871810774937,9.773555449630644,0.005946021664094167,True,Cruise
1,177,1675400469.2858636,49.990604655654955,0.00012527125793389838,False,False,False,False,100000,False,True,False,4.056829836205385,0.020979871810774937,9.773555449630644,0.015033234994347208,True,Cruise
1,178,1675400469.382041,49.990604655654955,0.00012527125793389838,False,False,False,False,100000,False,True,False,4.05680964621452,0.03601309257440277,9.773550951679631,0.010206579199287552,True,Cruise
1,179,1675400469.4778068,49.92595436962936,-0.0009872750716085473,False,False,False,False,100000,False,True,False,4.05677898183079,0.04021503408960999,9.77354185328436,0.006004627175675313,True,Cruise
1,180,1675400469.5748181,49.92595436962936,-0.0009872750716085473,False,False,False,False,100000,False,True,False,4.056771187237286,0.03576952327403472,9.773537377510102,0.004445519902063175,True,Cruise
1,181,1675400469.6748233,49.93475126225214,-0.0008699831699714801,False,False,False,False,100000,False,True,False,4.056770206240839,0.003934184328383265,9.773528813858587,0.03183534011256977,True,Cruise
1,182,1675400469.7747989,49.93475126225214,-0.0008699831699714801,False,False,False,False,100000,False,True,False,4.056762750956225,-0.003058953040426463,9.773525955819439,0.0069931419268237,True,Cruise
1,183,1675400469.8748324,49.928407610562125,-0.0009545651925049843,False,False,False,False,100000,False,True,False,4.05675368596116,-0.008140613366706313,9.773523772160027,0.0069931419268237,True,Cruise
1,184,1675400469.9749002,49.928407610562125,-0.0009545651925049843,False,False,False,False,100000,False,True,False,4.056737785799418,-0.017866411311767343,9.773520884807345,0.00424776418480795,True,Cruise
1,185,1675400470.0748165,49.93789731340822,-0.0008280358212237611,False,False,False,False,100000,False,True,False,4.056737785799418,-0.017866411311767343,9.773520884807345,0.004695345129986746,True,Cruise
1,186,1675400470.1748524,49.93789731340822,-0.0008280358212237611,False,False,False,False,100000,False,True,False,4.056724831497846,-0.03453062826250892,9.773519788209484,0.005640824527070904,True,Cruise
1,187,1675400470.2941437,49.93789731340822,-0.0008280358212237611,False,False,False,False,100000,False,True,False,4.056724831497846,-0.03453062826250892,9.773519788209484,0.005640824527070904,True,Cruise
1,188,1675400470.3904572,49.93789731340822,-0.0008280358212237611,False,False,False,False,100000,False,True,False,4.056724831497846,-0.03453062826250892,9.773519788209484,0.005640824527070904,True,Cruise
1,189,1675400470.4862156,49.87440683965015,-0.0016745754713313676,False,False,False,False,100000,False,True,False,4.056726275953606,-0.04471245282109422,9.773523243580396,0.0016383558283721727,True,Cruise
1,190,1675400470.5864732,49.93321778093037,-0.0008904295875950604,False,False,False,False,100000,False,True,False,4.056727370588235,-0.04348471372339666,9.773524850337282,0.0016383558283721727,True,Cruise
1,191,1675400470.6777847,49.93321778093037,-0.0008904295875950604,False,False,False,False,100000,False,True,False,4.152013635201826,0.15928104907849935,9.774066611329491,0.0403748075099934,True,Cruise
1,192,1675400470.776543,49.898038966260536,-0.001359480449859499,False,False,False,False,100000,False,True,False,4.163716675526199,0.08951420576418316,9.777067201254516,0.08536732109771453,True,Cruise
1,193,1675400470.8750207,49.898038966260536,-0.001359480449859499,False,False,False,False,100000,False,True,False,4.128986023434643,0.03862571781349925,9.77919465630276,0.06164724215724444,True,Cruise
1,194,1675400470.9749153,49.994242673957274,7.676434723635791e-05,False,False,False,False,100000,False,True,False,4.128986023434643,0.03862571781349925,9.77919465630276,0.06164724215724444,True,Cruise
1,195,1675400471.074839,49.994242673957274,7.676434723635791e-05,False,False,False,False,100000,False,True,False,4.0747789423566525,-0.06683599783284004,9.780450735295094,0.06164724215724444,True,Cruise
1,196,1675400471.1748424,49.994242673957274,7.676434723635791e-05,False,False,False,False,100000,False,True,False,4.0747789423566525,-0.06683599783284004,9.780450735295094,0.03181103922744637,True,Cruise
1,197,1675400471.274839,49.90361183773685,-0.0012851754968419673,False,False,False,False,100000,False,True,False,4.06849280860012,-0.09684192352634179,9.778355475988082,0.003844551077236938,True,Cruise
1,198,1675400471.398159,49.90361183773685,-0.0012851754968419673,False,False,False,False,100000,False,True,False,4.073572375529916,-0.09955785128949071,9.776663411125714,0.003844551077236938,True,Cruise
1,199,1675400471.495178,49.90361183773685,-0.0012851754968419673,False,False,False,False,100000,False,True,False,4.073572375529916,-0.09955785128949071,9.776663411125714,0.003844551077236938,True,Cruise
1,200,1675400471.5900362,49.90361183773685,-0.0012851754968419673,False,False,False,False,100000,False,True,False,4.073572375529916,-0.09955785128949071,9.776663411125714,0.003844551077236938,True,Cruise
1,201,1675400471.686115,49.90361183773685,-0.0012851754968419673,False,False,False,False,100000,False,True,False,4.073572375529916,-0.09955785128949071,9.776663411125714,0.003844551077236938,True,Cruise
1,202,1675400471.791622,49.90361183773685,-0.0012851754968419673,False,False,False,False,100000,False,True,False,4.0852155719945396,-0.13864997006515742,9.772597137186844,0.010030797037108144,True,Cruise
1,203,1675400471.8799555,49.90361183773685,-0.0012851754968419673,False,False,False,False,100000,False,True,False,4.0852155719945396,-0.13864997006515742,9.772597137186844,0.010030797037108144,True,Cruise
1,204,1675400471.980743,49.90361183773685,-0.0012851754968419673,False,False,False,False,100000,False,True,False,4.0852155719945396,-0.13864997006515742,9.772597137186844,0.010030797037108144,True,Cruise
1,205,1675400472.0759053,49.90361183773685,-0.0012851754968419673,False,False,False,False,100000,False,True,False,4.0852155719945396,-0.13864997006515742,9.772597137186844,0.010030797037108144,True,Cruise
1,206,1675400472.175798,49.90361183773685,-0.0012851754968419673,False,False,False,False,100000,False,True,False,4.0852155719945396,-0.13864997006515742,9.772597137186844,0.01322951227889625,True,Cruise
1,207,1675400472.2756977,49.98418144975717,-0.00021091400323776531,False,False,False,False,100000,False,True,False,4.0852155719945396,-0.13864997006515742,9.772597137186844,0.01322951227889625,True,Cruise
1,208,1675400472.3750978,49.98418144975717,-0.00021091400323776531,False,False,False,False,100000,False,True,False,4.0852155719945396,-0.13864997006515742,9.772597137186844,0.01322951227889625,True,Cruise
1,209,1675400472.474743,49.832661575427295,-0.0022311789943027173,False,False,False,False,100000,False,True,False,4.081990205006081,-0.12884999414228307,9.770612887583605,0.010506177553568809,True,Cruise
1,210,1675400472.5747612,49.832661575427295,-0.0022311789943027173,False,False,False,False,100000,False,True,False,4.081990205006081,-0.12884999414228307,9.770612887583605,0.010506177553568809,True,Cruise
1,211,1675400472.6747856,49.95421684637504,0.00061044204833284,False,False,False,False,100000,False,True,False,4.075712474858055,-0.0884308506138125,9.769573228491172,0.01617099035011191,True,Cruise
1,212,1675400472.7747667,49.95051039091869,-0.0006598614544174332,False,False,False,False,100000,False,True,False,4.072814676294014,-0.09640899229676986,9.769148926941543,0.02367924361464497,True,Cruise
1,213,1675400472.874792,49.95051039091869,-0.0006598614544174332,False,False,False,False,100000,False,True,False,4.072814676294014,-0.09640899229676986,9.769148926941543,0.03088780087008989,True,Cruise
1,214,1675400472.9747388,49.870360177409324,-0.0017285309678756564,False,False,False,False,100000,False,True,False,4.069288492826793,-0.06572315890048593,9.769192533378332,0.03088780087008989,True,Cruise
1,215,1675400473.0747604,49.870360177409324,-0.0017285309678756564,False,False,False,False,100000,False,True,False,4.062751035880436,-0.042924922664980394,9.769301680638797,0.02371728972500559,True,Cruise
1,216,1675400473.1747975,49.93233853441073,-0.000902152874523586,False,False,False,False,100000,False,True,False,4.057304966898774,-0.033687930123060976,9.769730079608147,0.010731506150090862,True,Cruise
1,217,1675400473.274789,49.93233853441073,-0.000902152874523586,False,False,False,False,100000,False,True,False,4.07701269937041,0.25918679095766556,9.79809228863829,0.30107273788262845,True,Cruise
1,218,1675400473.3748112,49.905699464052475,-0.0012573404793002959,False,False,False,False,100000,False,True,False,4.019540631151384,0.17747568135925387,9.793419486935793,0.08182319039529773,True,Cruise
1,219,1675400473.474861,49.905699464052475,-0.0012573404793002959,False,True,False,False,100000,False,True,False,4.031101755600241,0.2577833445460591,9.80400504886787,0.08182319039529773,True,Cruise
1,220,1675400473.574775,49.92713160554552,-0.0009715785927264745,False,True,False,False,100000,False,True,False,4.092763319624071,-0.007642870448062564,9.790727060339476,0.08182319039529773,True,Cruise
1,221,1675400473.6747699,49.98977922058728,-0.00013627705883627718,False,True,False,False,100000,False,True,False,4.092763319624071,-0.007642870448062564,9.790727060339476,0.2728177579691813,True,Cruise
1,222,1675400473.7747796,49.98977922058728,-0.00013627705883627718,False,True,False,False,100000,False,True,False,3.9099152834416606,-0.026167187141090373,9.774757474386115,0.05463850985126068,True,Cruise
1,223,1675400473.8747768,49.99574054783186,5.679269557521293e-05,False,True,False,False,100000,False,True,False,3.9099152834416606,-0.026167187141090373,9.774757474386115,0.04445743083172831,True,Cruise
1,224,1675400473.974758,49.99574054783186,5.679269557521293e-05,False,True,False,False,100000,False,True,False,3.9830154629057337,-0.074720984699014,9.763103919915201,0.04407888343477917,True,Cruise
1,225,1675400474.0746903,49.96040147580276,-0.0005279803226298617,False,True,False,False,100000,False,True,False,3.9830154629057337,-0.074720984699014,9.763103919915201,0.061906337254908704,True,Cruise
1,226,1675400474.174812,49.96525440241864,-0.0004632746344182216,False,True,False,False,100000,False,True,False,4.030008644391347,-0.15011649551157905,9.754743251472156,0.01274045980241165,True,Cruise
1,227,1675400474.274794,49.96525440241864,-0.0004632746344182216,False,True,False,False,100000,False,True,False,4.0210074815556105,-0.1650065386434086,9.755600431244027,0.010763771316074247,True,Cruise
1,228,1675400474.3747818,49.924202793699216,-0.0010106294173438273,False,True,False,False,100000,False,True,False,4.01688955929168,-0.16785985215740779,9.756345202739146,0.005064915237285887,True,Cruise
1,229,1675400474.4748511,49.924202793699216,-0.0010106294173438273,False,True,False,False,100000,False,True,False,4.013000142028164,-0.15304036085434408,9.757993127981386,0.009919860886041382,True,Cruise
1,230,1675400474.5748434,49.97564016232689,-0.0003247978356414328,False,True,False,False,100000,False,True,False,4.013000142028164,-0.15304036085434408,9.757993127981386,0.009919860886041382,True,Cruise
1,231,1675400474.674751,49.97564016232689,-0.0003247978356414328,False,True,False,False,100000,False,True,False,4.0163391978851255,-0.1377904351011262,9.760679953063539,0.015840724684074565,True,Cruise
1,232,1675400474.774765,49.96535231156404,-0.0004619691791461309,False,True,False,False,100000,False,True,False,4.021728151492276,-0.10116401804773077,9.762629338571305,0.020097628776217416,True,Cruise
1,233,1675400474.8748193,49.91998053093854,-0.0010669262541527632,False,True,False,False,100000,False,True,False,4.024814322197805,-0.08909522381390765,9.763639443745172,0.012498022097288146,True,Cruise
1,234,1675400474.9747746,49.91998053093854,-0.0010669262541527632,False,True,False,False,100000,False,True,False,4.017840013216723,-0.006655417564979227,9.750780358616794,0.00859056434614136,True,Cruise
1,235,1675400475.074763,49.91998053093854,-0.0010669262541527632,False,True,False,False,100000,False,True,False,4.0256415196505975,0.010892208670623883,9.75601068730013,0.011321082249586023,True,Cruise
1,236,1675400475.1747575,49.95896660180375,0.0005471119759500292,False,True,False,False,100000,False,True,False,4.0256415196505975,0.010892208670623883,9.75601068730013,0.011321082249586023,True,Cruise
1,237,1675400475.2748032,49.95896660180375,0.0005471119759500292,False,True,False,False,100000,False,True,False,4.023420186979598,0.24882318907583018,9.740084132435937,0.029454976951795293,True,Cruise
1,238,1675400475.3748372,49.984529620120064,-0.00020627173173250955,False,True,False,False,100000,False,True,False,4.034700098135575,0.23191280736186537,9.751267480490787,0.015667380653329815,True,Cruise
1,239,1675400475.4747732,49.984529620120064,-0.00020627173173250955,False,True,False,False,100000,False,True,False,4.046847446160772,0.17402973771993727,9.76203304206853,0.03308628246463334,True,Cruise
1,240,1675400475.5748372,49.873369136477606,-0.0016884115136319142,False,True,False,False,100000,False,True,False,4.052688029299278,0.1566081101711026,9.767098085190485,0.01905991027458879,True,Cruise
1,241,1675400475.6748242,49.873369136477606,-0.0016884115136319142,False,True,False,False,100000,False,True,False,4.052688029299278,0.1566081101711026,9.767098085190485,0.10851195886238484,True,Cruise
1,242,1675400475.774766,49.97892146897414,0.000281047080344749,False,True,False,False,100000,False,True,False,4.071668355516221,0.027546680826183976,9.784065047169127,0.02306123636544317,True,Cruise
1,243,1675400475.874771,49.97892146897414,0.000281047080344749,False,True,False,False,100000,False,True,False,4.071668355516221,0.027546680826183976,9.784065047169127,0.016405135652265375,True,Cruise
1,244,1675400475.9747765,49.95464335372497,-0.0006047552836670395,False,True,False,False,100000,False,True,False,4.077986007197769,-0.027300429381900148,9.790059139530252,0.03064352212941526,True,Cruise
1,245,1675400476.0748093,49.95464335372497,-0.0006047552836670395,False,True,False,False,100000,False,True,False,4.083496977944382,-0.06618652285478638,9.795579129265072,0.016437071491834994,True,Cruise
1,246,1675400476.1747487,49.54644854208818,0.006047352772157607,False,True,False,False,100000,False,True,False,4.083496977944382,-0.06618652285478638,9.795579129265072,0.016437071491834994,True,Cruise
1,247,1675400476.2747655,49.54644854208818,0.006047352772157607,False,True,False,False,100000,False,True,False,4.0846148740650134,-0.11322442635735314,9.797117250224254,0.0903319096302419,True,Cruise
1,248,1675400476.3747768,49.54644854208818,0.006047352772157607,False,True,False,False,100000,False,True,False,4.083186518155446,0.04030632279380594,9.79625536828109,0.06321065736516478,True,Cruise
1,249,1675400476.4747944,49.97329806351647,0.0003560258197804089,False,True,False,False,100000,False,True,False,3.7142992365774714,0.1369899409832933,9.831057605761442,0.38293177495454384,True,Cruise
1,250,1675400476.5747592,49.97329806351647,0.0003560258197804089,False,True,False,False,100000,False,True,False,3.097940657784115,0.10088566361253079,9.868421192135843,0.7673110628720219,True,Cruise
1,251,1675400476.6747599,49.44096139266406,0.007453848097812572,False,True,False,False,100000,False,True,False,3.3694348461828794,0.00030141298352947215,9.83560996572597,0.2913809574893689,True,Cruise
1,252,1675400476.7748027,49.44096139266406,0.007453848097812572,False,True,False,False,100000,False,True,False,3.3694348461828794,0.00030141298352947215,9.83560996572597,0.2913809574893689,True,Cruise
1,253,1675400476.8748078,49.908086492409545,-0.0012255134345394352,False,True,False,False,100000,False,True,False,-0.46555591419274833,0.2175662103439303,10.135646545827543,1.1287958247427896,True,Cruise
1,254,1675400476.9749079,49.908086492409545,-0.0012255134345394352,False,True,False,False,100000,False,True,False,1.0035811677900586,0.2458896595833973,9.86860445972435,1.372651148840353,True,Cruise
1,255,1675400477.0747638,49.74904815153038,-0.0033460246462615976,False,True,False,False,100000,False,True,False,1.0035811677900586,0.2458896595833973,9.86860445972435,1.372651148840353,True,Cruise
1,256,1675400477.1747532,49.74904815153038,-0.0033460246462615976,False,True,False,False,100000,False,True,False,0.3990870142613957,0.140704305724556,9.884519824395971,1.2179844998716962,True,Cruise
1,257,1675400477.2748065,49.94269484153489,-0.0007640687795349031,False,True,False,False,100000,False,True,False,-0.32687824890190775,0.11266805197243569,9.873986830913944,0.7265827817915246,True,Cruise
1,258,1675400477.3748071,49.94269484153489,-0.0007640687795349031,False,True,False,False,100000,False,True,False,-0.41762029764624814,0.10733444733550762,9.849032421696446,0.09426181245943487,True,Cruise
1,259,1675400477.4747891,49.960359849087595,-0.0005285353454987855,False,True,False,False,100000,False,True,False,0.7616104758864483,0.07541322809982949,9.662110514549749,0.2596068414799424,True,Cruise
1,260,1675400477.5747745,49.83878298755083,-0.0021495601659889244,False,True,False,False,100000,False,True,False,0.6016326326002849,0.017770321067298873,9.662622200987807,0.1700466903431646,True,Cruise
1,261,1675400477.674754,49.83878298755083,-0.0021495601659889244,False,True,False,False,100000,False,True,False,0.2568039139303221,-0.04071231161206161,9.680554684378416,0.30828619989575157,True,Cruise
1,262,1675400477.7747443,48.5688768258302,0.019081642322263948,False,True,False,False,100000,False,True,False,-0.048254989178451876,-0.0828002175063685,9.694978791202303,0.30828619989575157,True,Cruise
1,263,1675400477.8747344,48.5688768258302,0.019081642322263948,False,True,False,False,100000,False,True,False,-1.9861663577688313,-0.2229638802697859,9.831033947030463,0.8390423643260492,True,Cruise
1,264,1675400477.9747562,49.02320925852518,0.01302387655299769,False,True,False,False,100000,False,True,False,-3.1925524395277196,0.2842807884273651,9.894748949947562,0.5378824431110967,True,Cruise
1,265,1675400478.0747695,49.02320925852518,0.01302387655299769,False,True,False,False,100000,False,True,False,-3.5058296581533104,0.3705734544942771,9.896972465034734,0.32495227949048866,True,Cruise
1,266,1675400478.1747584,49.827740459052194,-0.0022967938793040724,False,True,False,False,100000,False,True,False,-3.3385246090360003,0.38590927685156806,9.853161774051271,0.363181447386434,True,Cruise
1,267,1675400478.2747667,49.827740459052194,-0.0022967938793040724,False,True,False,False,100000,False,True,False,-2.9806087616288055,0.41191755895867765,9.79729962978226,0.363181447386434,True,Cruise
1,268,1675400478.3747964,49.69478462678856,-0.00406953830948583,False,True,False,False,100000,False,True,False,-1.2040975860976058,0.39179365814025036,9.611122074222507,1.7863535513345616,True,Cruise
1,269,1675400478.4748244,49.69478462678856,-0.00406953830948583,False,True,False,False,100000,False,True,False,-1.2040975860976058,0.39179365814025036,9.611122074222507,2.944261919691457,True,Cruise
1,270,1675400478.5748103,49.378976647498,0.008280311366693313,False,True,False,False,100000,False,True,False,1.1118067089895607,0.18843761817795318,9.510128990142457,0.0722854328234517,True,Cruise
1,271,1675400478.674828,49.378976647498,0.008280311366693313,False,True,False,False,100000,False,True,False,1.1118067089895607,0.18843761817795318,9.510128990142457,0.0722854328234517,True,Cruise
1,272,1675400478.7749255,46.95005944885838,0.04066587401522153,False,True,False,False,100000,False,True,False,-1.2367811252406966,0.3272264067519975,9.774858072811606,0.5590528289169748,True,Cruise
1,273,1675400478.8748777,46.95005944885838,0.04066587401522153,False,True,False,False,100000,False,True,False,-1.4663462972216343,0.44636084263348874,9.82336189559892,0.1756283988720696,True,Cruise
1,274,1675400478.9748123,46.95005944885838,0.04066587401522153,False,True,False,False,100000,False,True,False,-1.4663462972216343,0.44636084263348874,9.82336189559892,0.1756283988720696,True,Cruise
1,275,1675400479.0748444,46.95005944885838,0.04066587401522153,False,True,False,False,100000,False,True,False,-2.7609164841931912,0.6007462321661498,9.968612625376796,1.3118096630219374,True,Cruise
1,276,1675400479.1748328,46.95005944885838,0.04066587401522153,False,True,False,False,100000,False,True,False,-2.9924494998840454,0.9277832346444442,9.986922836317657,0.2088449394027905,True,Cruise
1,277,1675400479.274876,49.98901870342175,-0.00014641728770998388,False,True,False,False,100000,False,True,False,-3.260197206628301,1.1582519278170458,9.994349724573766,0.14340080946244296,True,Cruise
1,278,1675400479.3748884,49.98901870342175,-0.00014641728770998388,False,True,False,False,100000,False,True,False,-1.4756015738700232,1.5368910139626328,9.793905775935409,1.8046428105087131,True,Cruise
1,279,1675400479.4748302,49.98901870342175,-0.00014641728770998388,False,True,False,False,100000,False,True,False,0.2722604393743702,1.114533938908056,9.641168886712846,1.8046428105087131,True,Cruise
1,280,1675400479.5748782,49.51290952462826,-0.006494539671623145,False,True,False,False,100000,False,True,False,0.2722604393743702,1.114533938908056,9.641168886712846,2.507056700888507,True,Cruise
1,281,1675400479.674932,49.51290952462826,-0.006494539671623145,False,True,False,False,100000,False,True,False,2.992071400451028,0.9887305273986233,9.499849066290636,0.22482814579676244,True,Cruise
1,282,1675400479.7748344,49.51290952462826,-0.006494539671623145,False,True,False,False,100000,False,True,False,2.8905031110242336,0.936572006846774,9.548088280615103,0.4448393689437411,True,Cruise
1,283,1675400479.8748271,49.902316282465804,-0.0013024495671226431,False,True,False,False,100000,False,True,False,2.8905031110242336,0.936572006846774,9.548088280615103,0.3328616790630435,True,Cruise
1,284,1675400479.975012,49.902316282465804,-0.0013024495671226431,False,True,False,False,100000,False,True,False,1.2605075074704608,0.4950614360581228,9.836615230706789,0.4931769209702588,True,Cruise
1,285,1675400480.0748286,49.902316282465804,-0.0013024495671226431,False,True,False,False,100000,False,True,False,1.2605075074704608,0.4950614360581228,9.836615230706789,1.4431897351216276,True,Cruise
1,286,1675400480.1748364,49.902316282465804,-0.0013024495671226431,False,True,False,False,100000,False,True,False,2.9723895665133,0.11223156509664729,9.775067270163449,1.4431897351216276,True,Cruise
1,287,1675400480.274833,49.843777678363935,0.0020829642884808196,False,True,False,False,100000,False,True,False,2.596140150873357,-0.05403693890319025,9.83902852367642,0.4162930219721358,True,Cruise
1,288,1675400480.3748603,49.843777678363935,0.0020829642884808196,False,True,False,False,100000,False,True,False,1.2037877304349498,-0.3386527682623234,10.003371228443081,0.8681699045021548,True,Cruise
1,289,1675400480.4748542,49.843777678363935,0.0020829642884808196,False,True,False,False,100000,False,True,False,0.8134925318995316,-0.4007420690215753,10.041865542010054,0.1137503003132314,True,Cruise
1,290,1675400480.5748796,49.95810779206933,-0.0005585627724089831,False,True,False,False,100000,False,True,False,0.8134925318995316,-0.4007420690215753,10.041865542010054,0.03496582094949374,True,Cruise
1,291,1675400480.674848,49.95810779206933,-0.0005585627724089831,False,True,False,False,100000,False,True,False,1.5354859737314346,-0.44279526548395526,9.950734914225178,0.753734898474087,True,Cruise
1,292,1675400480.7748268,49.95810779206933,-0.0005585627724089831,False,True,False,False,100000,False,True,False,1.458592058192301,-0.4177147529118968,9.956318292384829,0.2541643100186556,True,Cruise
1,293,1675400480.8748333,49.094800865119474,0.012069321798406977,False,True,False,False,100000,False,True,False,0.9365097057805288,-0.3250431766164987,9.976999263435834,0.27650106191470214,True,Cruise
1,294,1675400480.9748104,49.094800865119474,0.012069321798406977,False,True,False,False,100000,False,True,False,0.5040950719585814,-0.23292135955314933,9.976728381593487,0.19702899189840523,True,Cruise
1,295,1675400481.0748186,49.094800865119474,0.012069321798406977,False,True,False,False,100000,False,True,False,-0.6288545026573146,-0.23021139306021626,10.06146667165729,1.1361173620465754,True,Cruise
1,296,1675400481.1748319,49.094800865119474,0.012069321798406977,False,True,False,False,100000,False,True,False,-2.9354724503978424,0.22403365069933284,10.141358922302347,0.5267869883759079,True,Cruise
1,297,1675400481.2747748,49.25061752804451,0.009991766292739852,False,True,False,False,100000,False,True,False,-2.945511333369696,0.43315030759483214,10.030648632946859,0.30911082725942984,True,Cruise
1,298,1675400481.3747642,49.25061752804451,0.009991766292739852,False,True,False,False,100000,False,True,False,-2.945511333369696,0.43315030759483214,10.030648632946859,0.19573920347826063,True,Cruise
1,299,1675400481.47484,49.25061752804451,0.009991766292739852,False,True,False,False,100000,False,True,False,-2.771800877694875,0.4939388572857058,9.963990808244652,1.6764814769294336,True,Cruise
1,300,1675400481.5748155,49.40229108257642,-0.007969452232314465,False,True,False,False,100000,False,True,False,-0.4634886881227025,0.4685216136828678,9.646550197595326,0.12159363710696465,True,Cruise
1,301,1675400481.6747906,49.40229108257642,-0.007969452232314465,False,True,False,False,100000,False,True,False,-0.4634886881227025,0.4685216136828678,9.646550197595326,0.12159363710696465,True,Cruise
1,302,1675400481.774822,49.40229108257642,-0.007969452232314465,False,True,False,False,100000,False,True,False,-0.4634886881227025,0.4685216136828678,9.646550197595326,0.38592054070526965,True,Cruise
1,303,1675400481.8748019,49.40925874284276,0.007876550095429839,False,True,False,False,100000,False,True,False,0.11089633966595022,0.29790432957839663,9.531766350003434,0.22679199730215666,True,Cruise
1,304,1675400481.9748018,49.40925874284276,0.007876550095429839,False,True,False,False,100000,False,True,False,-0.29252960777778114,0.43155322884924324,9.572734437800825,0.20584586572445637,True,Cruise
1,305,1675400482.0748148,49.40925874284276,0.007876550095429839,False,True,False,False,100000,False,True,False,-0.420850065133178,0.5972819005538862,9.596739942036198,0.14183640920704738,True,Cruise
1,306,1675400482.17476,49.410071221478866,0.007865717046948528,False,True,False,False,100000,False,True,False,-0.40264167347308094,0.45696934167912295,9.60665998598356,0.14183640920704738,True,Cruise
1,307,1675400482.274822,49.625945802191936,-0.004987389304107567,False,True,False,False,100000,False,True,False,-0.40264167347308094,0.45696934167912295,9.60665998598356,0.14183640920704738,True,Cruise
1,308,1675400482.3748267,48.635321339382735,-0.018195715474896866,False,True,False,False,100000,False,True,False,-1.069362385781953,0.16984543550341916,9.744138532515073,0.9042659153219721,True,Cruise
1,309,1675400482.4747956,49.810447817100474,0.0025273624386603867,False,True,False,False,100000,False,True,False,0.07581009821354816,0.22304051855251725,9.641610332473153,1.1509829567655911,True,Cruise
1,310,1675400482.5747836,48.91221944796434,0.014503740693808834,False,True,False,False,100000,False,True,False,0.443892358960826,-0.06366720509503547,9.652512174230296,1.1456383751204369,True,Cruise
1,311,1675400482.674786,49.59638021722758,-0.005381597103632224,False,True,False,False,100000,False,True,False,2.4681850011345827,0.1079255299362493,9.537506026144293,0.8892417210321205,True,Cruise
1,312,1675400482.7747555,48.822635408862816,-0.01569819454849584,False,True,False,False,100000,False,True,False,2.4681850011345827,0.1079255299362493,9.537506026144293,0.8892417210321205,True,Cruise
1,313,1675400482.874775,49.08519612594293,0.012197384987427602,False,True,False,False,100000,False,True,False,2.4681850011345827,0.1079255299362493,9.537506026144293,3.0322489685887954,True,Cruise
1,314,1675400482.9747562,49.81343213035754,0.00248757159523279,False,True,False,False,100000,False,True,False,-1.497844446608445,-0.011816434920724976,10.019716941291858,0.9655734770143795,True,Cruise
1,315,1675400483.0747848,49.81343213035754,0.00248757159523279,False,True,False,False,100000,False,True,False,-0.1656171244571345,0.4272771274674819,9.895424448547159,1.5273029732074896,True,Cruise
1,316,1675400483.1747694,49.81343213035754,0.00248757159523279,False,True,False,False,100000,False,True,False,1.299627198321504,0.26691622288626055,9.777334224827193,1.4787162831629905,True,Cruise
1,317,1675400483.274803,49.26741494460004,-0.009767800738666094,False,True,False,False,100000,False,True,False,2.398029919989808,0.14730741966127395,9.698418636515326,1.1077104652642131,True,Cruise
1,318,1675400483.3747666,49.72171168124625,-0.003710510916716635,False,True,False,False,100000,False,True,False,1.1279230714206028,0.14935714790219842,9.850441783534304,1.2791742044763932,True,Cruise
1,319,1675400483.474778,49.72171168124625,-0.003710510916716635,False,True,False,False,100000,False,True,False,1.1279230714206028,0.14935714790219842,9.850441783534304,1.2791742044763932,True,Cruise
1,320,1675400483.574778,48.738357174657345,0.016821904337902083,False,True,False,False,100000,False,True,False,0.36253555643114227,-0.15760521971903016,9.91177383425889,0.8269253676623151,True,Cruise
1,321,1675400483.6747866,48.738357174657345,0.016821904337902083,False,True,False,False,100000,False,True,False,1.4833552972774997,-0.026149960589276336,9.815282622911852,0.6936515463183471,True,Cruise
1,322,1675400483.7748296,46.49938970032653,0.04667480399564623,False,True,False,False,100000,False,True,False,0.32712153771348745,-0.09107353515040613,9.95786978789123,1.3510428578258011,True,Cruise
1,323,1675400483.8748,46.49938970032653,0.04667480399564623,False,True,False,False,100000,False,True,False,-1.0130069235327421,-0.22056754078112598,10.070136495091681,1.3510428578258011,True,Cruise
1,324,1675400483.974807,46.49938970032653,0.04667480399564623,False,True,False,False,100000,False,True,False,-2.992243783758759,0.1408173119912414,10.168530600700933,1.0039250632264214,True,Cruise
1,325,1675400484.0748496,49.22096699426305,0.010387106743159265,False,True,False,False,100000,False,True,False,-2.992243783758759,0.1408173119912414,10.168530600700933,1.0039250632264214,True,Cruise
1,326,1675400484.1748466,49.22096699426305,0.010387106743159265,False,True,False,False,100000,False,True,False,-1.3604901605897706,1.0236762889834954,9.928438096830718,1.9042053599376412,True,Cruise
1,327,1675400484.2748098,47.69402113305287,0.030746384892628383,False,True,False,False,100000,False,True,False,0.7470263443942691,0.5525009044312532,9.701340367227907,0.8183392123383672,True,Cruise
1,328,1675400484.3748052,48.56622369376538,-0.019117017416461577,False,True,False,False,100000,False,True,False,1.0717553104255289,0.5376686115030929,9.661573821200584,0.34514079292668337,True,Cruise
1,329,1675400484.4747574,30.38592393836246,-0.019117017416461577,True,True,False,True,16.257282625574973,False,False,False,-0.5700312511387505,0.9880078263397564,9.80140847357625,1.3650123497740823,True,Keep distance
1,330,1675400484.5747938,30.38592393836246,0.02042318213517253,True,True,False,True,16.257282625574973,False,False,False,-0.5700312511387505,0.9880078263397564,9.80140847357625,2.127554491159929,True,Keep distance
1,331,1675400484.6748147,30.38592393836246,0.02042318213517253,True,True,False,True,16.257282625574973,False,False,False,-2.480715415446854,0.05935559476460687,9.91707683531586,0.5472736852702561,True,Keep distance
1,332,1675400484.774753,30.38592393836246,-0.012074137541478161,True,True,False,True,16.257282625574973,False,False,False,-3.5764414812322065,0.5204756819742818,9.930421226758497,0.3678668299411824,True,Keep distance
1,333,1675400484.8747773,30.38592393836246,-0.045094082864492235,True,True,False,True,16.257282625574973,False,False,False,-3.7699535319026283,0.40979651756821855,9.885844984718812,0.47918305046324416,True,Keep distance
1,334,1675400484.9747956,30.38592393836246,-0.045094082864492235,True,True,False,True,16.257282625574973,False,False,False,-3.7699535319026283,0.40979651756821855,9.885844984718812,0.39706220373090695,True,Keep distance
1,335,1675400485.0748427,30.38592393836246,-0.045094082864492235,True,True,False,True,16.257282625574973,False,False,False,-3.8319490597433132,0.018380599369654554,9.861176641844306,0.39706220373090695,True,Keep distance
1,336,1675400485.1749785,30.38592393836246,-0.03266859944486547,True,True,False,True,16.257282625574973,False,False,False,-4.057411207853602,-0.9295486425518671,9.797418888416843,0.39706220373090695,True,Keep distance
1,337,1675400485.2748682,30.38592393836246,-0.03266859944486547,True,True,False,True,16.257282625574973,False,False,False,-4.143070119367503,-1.0898150806975462,9.77969024708851,0.18258446002055545,True,Keep distance
1,338,1675400485.374885,30.38592393836246,-0.03266859944486547,True,True,False,True,16.257282625574973,False,False,False,-4.223864623149022,-1.207876717809359,9.763141026932827,0.15749879014248144,True,Keep distance
1,339,1675400485.4749017,30.38592393836246,-0.03801117802750369,True,True,False,True,16.257282625574973,False,False,False,-4.295760459501862,-1.347145012795338,9.74761042413804,0.21662238627442174,True,Keep distance
1,340,1675400485.5748322,30.38592393836246,-0.03801117802750369,True,True,False,True,16.257282625574973,False,False,False,-4.4256936129070965,-1.6206633851756442,9.706638831800088,0.06796483838078386,True,Keep distance
1,341,1675400485.6748466,30.38592393836246,-0.037231115986659645,True,True,False,True,16.257282625574973,False,False,False,-4.4256936129070965,-1.6206633851756442,9.706638831800088,0.06796483838078386,True,Keep distance
1,342,1675400485.7748246,30.38592393836246,-0.030448512219167615,True,True,False,True,16.257282625574973,False,False,False,1.2306223689969147,-0.5705818556803722,8.466126932735042,7.708552592825574,True,Keep distance
1,343,1675400485.874853,30.38592393836246,-0.030448512219167615,True,True,False,True,16.257282625574973,False,False,False,0.6991679990710441,0.0687149248410521,8.239865190209073,7.5207615364496485,True,Keep distance
1,344,1675400485.974817,30.38592393836246,-0.030448512219167615,True,True,False,True,16.257282625574973,False,False,False,-7.216050672764474,-2.0262387887224134,10.39379083535891,0.5991989191841752,True,Keep distance
1,345,1675400486.0749354,30.38592393836246,-0.030448512219167615,True,True,False,True,16.257282625574973,False,False,False,-5.771496602385608,-2.2210980208461013,9.807616771205243,0.73900679215235,True,Keep distance
1,346,1675400486.1748252,28.12683737390705,-0.030448512219167615,True,True,False,True,14.751224915938035,False,False,False,-5.771496602385608,-2.2210980208461013,9.807616771205243,1.1113057645403621,True,Keep distance
1,347,1675400486.2748299,28.12683737390705,-0.029225645532480464,True,True,False,True,14.751224915938035,False,False,False,-4.664637581313569,-2.232538511617881,9.708962197347835,0.28444409093720674,True,Keep distance
1,348,1675400486.3748288,28.12683737390705,-0.027494109349250635,True,True,False,True,14.751224915938035,False,False,False,-4.271056997018695,-2.0465721016164182,9.687245459678685,0.15915352678430647,True,Keep distance
1,349,1675400486.4748342,28.12683737390705,-0.027494109349250635,True,True,False,True,14.751224915938035,False,False,False,-4.262527086433605,-1.7057715563590774,9.716743126220083,0.14169045883608264,True,Keep distance
1,350,1675400486.5748556,28.12683737390705,-0.027494109349250635,True,True,False,True,14.751224915938035,False,False,False,-4.266377219105914,-1.591635196786974,9.728052626695783,0.09661858492483939,True,Keep distance
1,351,1675400486.6748364,28.12683737390705,-0.019726862415186123,True,True,False,True,14.751224915938035,False,False,False,-4.255052354016728,-1.496222521740107,9.738217262645541,0.09661858492483939,True,Keep distance
1,352,1675400486.774856,28.12683737390705,-0.019726862415186123,True,True,False,True,14.751224915938035,False,False,False,-4.255052354016728,-1.496222521740107,9.738217262645541,0.3593979911499273,True,Keep distance
1,353,1675400486.8748295,28.12683737390705,-0.019726862415186123,True,True,False,True,14.751224915938035,False,False,False,-4.121066065897835,-1.1634788601088109,9.76049384862548,0.3593979911499273,True,Keep distance
1,354,1675400486.974874,28.12683737390705,-0.024381754489640656,True,True,False,True,14.751224915938035,False,False,False,-4.001136287550652,-0.6630646909328306,9.806958320099405,0.105811224374594,True,Keep distance
1,355,1675400487.0748656,28.12683737390705,-0.024381754489640656,True,True,False,True,14.751224915938035,False,False,False,-3.9305419879679313,-0.5094680728863611,9.817505387084632,0.057665756017289405,True,Keep distance
1,356,1675400487.1748295,28.12683737390705,-0.024381754489640656,True,True,False,True,14.751224915938035,False,False,False,-3.0377177792727226,-0.49349075840003565,9.720111259411892,0.9078955356557167,True,Keep distance
1,357,1675400487.2748177,26.10546333324283,-0.029316307808520473,True,True,False,True,13.403642222161888,False,False,False,-3.0377177792727226,-0.49349075840003565,9.720111259411892,0.9078955356557167,True,Keep distance
1,358,1675400487.3748496,26.10546333324283,-0.029316307808520473,True,True,False,True,13.403642222161888,False,False,False,-3.5886043246931703,-0.3394888191845213,9.827763718634229,0.14462225249827648,True,Keep distance
1,359,1675400487.4748876,26.10546333324283,-0.029316307808520473,True,True,False,True,13.403642222161888,False,False,False,-3.6794841645709604,-0.47204144146212323,9.845537098351693,0.16169488549568467,True,Keep distance
1,360,1675400487.574897,26.10546333324283,-0.020402501922838327,True,True,False,True,13.403642222161888,False,False,False,-3.7460852611832367,-0.6685145551754904,9.865737404842875,0.12368933320392367,True,Keep distance
1,361,1675400487.6748254,26.10546333324283,-0.020402501922838327,True,True,False,True,13.403642222161888,False,False,False,-3.7506565671930168,-0.7394082011776362,9.87109843224954,0.06793230335852735,True,Keep distance
1,362,1675400487.774819,26.10546333324283,-0.020402501922838327,True,True,False,True,13.403642222161888,False,False,False,-3.7515285678847987,-0.8072342260353186,9.874795431897033,0.06793230335852735,True,Keep distance
1,363,1675400487.8748367,26.10546333324283,-0.020402501922838327,True,True,False,True,13.403642222161888,False,False,False,-3.7666340981957225,-0.8325590758795768,9.879248286598399,0.029822021738975725,True,Keep distance
1,364,1675400487.9748695,26.10546333324283,-0.0023410374344055612,True,True,False,True,13.403642222161888,False,False,False,-3.783852171253457,-0.8585976442821261,9.87932578205593,0.031216583570622684,True,Keep distance
1,365,1675400488.074844,26.10546333324283,-0.0023410374344055612,True,True,False,True,13.403642222161888,False,False,False,-3.8313661497834155,-0.9683443757689182,9.876895705484248,0.08130732064180125,True,Keep distance
1,366,1675400488.1748235,26.10546333324283,-0.0023410374344055612,True,True,False,True,13.403642222161888,False,False,False,-3.8638962277546383,-0.584761140785062,9.868431224486855,0.15952308780422692,True,Keep distance
1,367,1675400488.2748578,26.10546333324283,-0.0037935044848873513,True,True,False,True,13.403642222161888,False,False,False,-3.8865917796634055,-0.5186462293193056,9.863358083889144,0.0700857071740915,True,Keep distance
1,368,1675400488.3748188,24.584870761144277,-0.0037935044848873513,True,True,False,True,12.389913840762851,False,False,False,-3.8865917796634055,-0.5186462293193056,9.863358083889144,0.0700857071740915,True,Keep distance
1,369,1675400488.4748182,24.584870761144277,-0.0037935044848873513,True,True,False,True,12.389913840762851,False,False,False,-4.02505517888694,0.07197725295360037,9.792233197500542,0.3899448446808275,True,Keep distance
1,370,1675400488.5749218,24.584870761144277,0.0063719930549057625,True,True,False,True,12.389913840762851,False,False,False,-4.02505517888694,0.07197725295360037,9.792233197500542,0.3899448446808275,True,Keep distance
1,371,1675400488.674991,24.584870761144277,0.0063719930549057625,True,True,False,True,12.389913840762851,False,False,False,-4.040778134317808,0.06485665669516852,9.789097724421758,0.017542673969051344,True,Keep distance
1,372,1675400488.7748592,24.584870761144277,0.0063719930549057625,True,True,False,True,12.389913840762851,False,False,False,-4.059103241686525,0.31176643769270307,9.782617248047195,0.11060833805782522,True,Keep distance
1,373,1675400488.87477,24.584870761144277,-0.007513672274201176,True,True,False,True,12.389913840762851,False,False,False,-4.059103241686525,0.31176643769270307,9.782617248047195,0.11060833805782522,True,Keep distance
1,374,1675400488.9747722,24.584870761144277,-0.007513672274201176,True,True,False,True,12.389913840762851,False,False,False,-4.062641532855525,0.40998821015600145,9.77971375366403,0.06533161347944626,True,Keep distance
1,375,1675400489.0748162,24.584870761144277,-0.007513672274201176,True,True,False,True,12.389913840762851,False,False,False,-4.061175197341679,0.4753031003912709,9.779527491635415,0.151484512111077,True,Keep distance
1,376,1675400489.1747925,24.584870761144277,0.00047566936581649023,True,True,False,True,12.389913840762851,False,False,False,-4.059427568340741,0.32382908906573366,9.779883995993215,0.028755180244777252,True,Keep distance
1,377,1675400489.2748594,24.584870761144277,0.00047566936581649023,True,True,False,True,12.389913840762851,False,False,False,-4.0445590538759175,0.18670913771550554,9.78237576339849,0.013601017157298785,True,Keep distance
1,378,1675400489.3748298,22.97711857090258,0.00047566936581649023,True,True,False,True,11.318079047268386,False,False,False,-4.037294908957417,0.14057144030627094,9.783697208868057,0.04672473800624365,True,Keep distance
1,379,1675400489.4747665,22.97711857090258,-0.004763594324415901,True,True,False,True,11.318079047268386,False,False,False,-4.010788563135489,0.19399285074104955,9.788914521696656,0.04672473800624365,True,Keep distance
1,380,1675400489.5747619,22.97711857090258,-0.004763594324415901,True,True,False,True,11.318079047268386,False,False,False,-4.002539903781987,0.1524075276503211,9.791120963706367,0.042452889937348415,True,Keep distance
1,381,1675400489.674797,22.97711857090258,-0.004763594324415901,True,True,False,True,11.318079047268386,False,False,False,-3.9869996947909834,0.08565025819370574,9.795937447226851,0.030021192941177912,True,Keep distance
1,382,1675400489.7747495,22.97711857090258,0.002292439832230552,True,True,False,True,11.318079047268386,False,False,False,-3.9732108672083024,0.004398081382200725,9.801024847599905,0.07767052253538109,True,Keep distance
1,383,1675400489.8747754,22.97711857090258,0.002292439832230552,True,True,False,True,11.318079047268386,False,False,False,-3.9670561514616782,-0.04730276474291828,9.803560835473974,0.0521276246386923,True,Keep distance
1,384,1675400489.9747727,22.97711857090258,0.002292439832230552,True,True,False,True,11.318079047268386,False,False,False,-3.9670561514616782,-0.04730276474291828,9.803560835473974,0.02506863862724033,True,Keep distance
1,385,1675400490.0747879,22.97711857090258,0.006469930981093469,True,True,False,True,11.318079047268386,False,False,False,-3.9508786502577196,-0.029511677986224984,9.810646195693108,0.02506863862724033,True,Keep distance
1,386,1675400490.1747828,22.97711857090258,0.006469930981093469,True,True,False,True,11.318079047268386,False,False,False,-3.940536882010817,0.003943273053593294,9.816564775650685,0.01702717283223496,True,Keep distance
1,387,1675400490.2748127,22.97711857090258,0.006469930981093469,True,True,False,True,11.318079047268386,False,False,False,-3.938592631707639,0.052580215881600834,9.818183948202014,0.04870271077309005,True,Keep distance
1,388,1675400490.374814,22.97711857090258,0.006469930981093469,True,True,False,True,11.318079047268386,False,False,False,-3.936914338134393,0.11337101014782505,9.820801105819168,0.022651268238513517,True,Keep distance
1,389,1675400490.4748187,22.97711857090258,-0.0014896515626321722,True,True,False,True,11.318079047268386,False,False,False,-3.936914338134393,0.11337101014782505,9.820801105819168,0.022651268238513517,True,Keep distance
1,390,1675400490.5747964,22.97711857090258,-0.0014896515626321722,True,True,False,True,11.318079047268386,False,False,False,-3.938444405148536,0.1760324890148106,9.823013221408084,0.0487483074084577,True,Keep distance
1,391,1675400490.6747386,22.97711857090258,-0.0014896515626321722,True,True,False,True,11.318079047268386,False,False,False,-3.9397708571344445,0.22476193318947965,9.823294772018784,0.0487483074084577,True,Keep distance
1,392,1675400490.7747686,22.97711857090258,0.008729849437333445,True,True,False,True,11.318079047268386,False,False,False,-3.9424730139886703,0.11558656130871466,9.823171574966375,0.0487483074084577,True,Keep distance
1,393,1675400490.8747737,22.97711857090258,0.008729849437333445,True,True,False,True,11.318079047268386,False,False,False,-3.9468400586179535,0.11792470742701623,9.822359376521447,0.006188386338408642,True,Keep distance
1,394,1675400490.9754267,22.97711857090258,0.010320747780709797,True,True,False,True,11.318079047268386,False,False,False,-3.949386987904986,0.11945697445602768,9.821717282364158,0.0030408840734502886,True,Keep distance
1,395,1675400491.0748923,21.81372491709165,0.006035766077586716,True,True,False,True,10.5424832780611,False,False,False,-3.9577484834595413,0.1844990770202464,9.819041479651965,0.06563192541772472,True,Keep distance
1,396,1675400491.1747797,21.81372491709165,0.008723201656920013,True,True,False,True,10.5424832780611,False,False,False,-3.960766025627847,0.25480094040402135,9.817983721566318,0.07037454375082094,True,Keep distance
1,397,1675400491.2747838,21.81372491709165,0.009722585809505111,True,True,False,True,10.5424832780611,False,False,False,-3.963104757680339,0.16121307715482222,9.816798941815073,0.09362457753294863,True,Keep distance
1,398,1675400491.3747516,21.81372491709165,0.011495143957487245,True,True,False,True,10.5424832780611,False,False,False,-3.968673051953059,0.2683477154659144,9.814448512707532,0.10311381876607124,True,Keep distance
1,399,1675400491.4747965,21.81372491709165,0.01973900723550952,True,True,False,True,10.5424832780611,False,False,False,-3.968673051953059,0.2683477154659144,9.814448512707532,0.004881044763801682,True,Keep distance
1,400,1675400491.5747643,21.81372491709165,0.018058586032752743,True,True,False,True,10.5424832780611,False,False,False,-3.9728114397755947,0.2612937632164687,9.812015914743153,0.0105572384193113,True,Keep distance
1,401,1675400491.681664,21.81372491709165,0.017088351286303087,True,True,False,True,10.5424832780611,False,False,False,-3.9728114397755947,0.2612937632164687,9.812015914743153,0.12203180364196335,True,Keep distance
1,402,1675400491.7747838,21.81372491709165,0.020476461945130413,True,True,False,True,10.5424832780611,False,False,False,-3.981522227567736,0.4442897416427849,9.807889368087405,0.06122545589651323,True,Keep distance
1,403,1675400491.8747694,21.81372491709165,0.020476461945130413,True,True,False,True,10.5424832780611,False,False,False,-3.9829676832312346,0.4539222787459104,9.80698398494049,0.009782373523892145,True,Keep distance
1,404,1675400491.9748037,21.81372491709165,0.0271859269597772,True,True,False,True,10.5424832780611,False,False,False,-3.9837798447447885,0.43983398530453777,9.806132640319627,0.014137340841820141,True,Keep distance
1,405,1675400492.0747736,21.81372491709165,0.0271859269597772,True,True,False,True,10.5424832780611,False,False,False,-3.9863209677334446,0.5252818741023811,9.804850221481578,0.0009105366525607046,True,Keep distance
1,406,1675400492.1747825,21.81372491709165,0.0271859269597772,True,True,False,True,10.5424832780611,False,False,False,-3.9868743662498938,0.525762834152114,9.804310309907143,0.0009105366525607046,True,Keep distance
1,407,1675400492.2747812,20.764634703661443,0.01200406409089369,True,True,False,True,9.84308980244096,False,False,False,-3.9868743662498938,0.525762834152114,9.804310309907143,0.1694297660251574,True,Keep distance
1,408,1675400492.3747747,20.764634703661443,0.010714757246748575,True,True,False,True,9.84308980244096,False,False,False,-3.9919257231972085,0.7073948458282312,9.803386144388355,0.012278436920876637,True,Keep distance
1,409,1675400492.4747741,20.764634703661443,0.010714757246748575,True,True,False,True,9.84308980244096,False,False,False,-3.984034671365025,0.6126513637605847,9.802595127156469,0.15316953335798844,True,Keep distance
1,410,1675400492.5747907,20.764634703661443,0.004846603094706713,True,True,False,True,9.84308980244096,False,False,False,-3.9784226457005567,0.5179080428277484,9.802352163063698,0.028798074511106636,True,Keep distance
1,411,1675400492.6747663,20.764634703661443,0.004846603094706713,True,True,False,True,9.84308980244096,False,False,False,-3.973312463581552,0.4834307187340976,9.802767579457665,0.0061372062294271735,True,Keep distance
1,412,1675400492.7748137,20.764634703661443,-0.0010225321963967739,True,True,False,True,9.84308980244096,False,False,False,-3.969351223132201,0.37768443673741603,9.803582365669214,0.10582358649464593,True,Keep distance
1,413,1675400492.8747556,20.764634703661443,-0.0010225321963967739,True,True,False,True,9.84308980244096,False,False,False,-3.969351223132201,0.37768443673741603,9.803582365669214,0.07591469633235477,True,Keep distance
1,414,1675400492.9747164,20.764634703661443,-0.0010225321963967739,True,True,False,True,9.84308980244096,False,False,False,-3.9666743337835744,0.2687026398495626,9.80478588774058,0.10503236838842321,True,Keep distance
1,415,1675400493.0748184,20.764634703661443,0.006128111372003871,True,True,False,True,9.84308980244096,False,False,False,-3.9633596296278366,0.08281666399225002,9.8060200301441,0.08088792014775084,True,Keep distance
1,416,1675400493.1747768,20.764634703661443,0.006128111372003871,True,True,False,True,9.84308980244096,False,False,False,-3.965761869689604,0.07316415849508703,9.808630399978348,0.14653726598387337,True,Keep distance
1,417,1675400493.274777,20.065107749304353,0.02323623320239769,True,True,False,True,9.376738499536234,False,False,False,-3.965761869689604,0.07316415849508703,9.808630399978348,0.14653726598387337,True,Keep distance
1,418,1675400493.3748558,20.065107749304353,0.02323623320239769,True,True,False,True,9.376738499536234,False,False,False,-3.965761869689604,0.07316415849508703,9.808630399978348,0.14653726598387337,True,Keep distance
1,419,1675400493.4747682,20.065107749304353,0.004412421513874992,True,True,False,True,9.376738499536234,False,False,False,-3.963859598393293,-0.09029038688204638,9.810758346064187,0.08570691118124574,True,Keep distance
