repetition,iteration,time,speed,steering,obstacle_North,obstacle_NorthWest,obstacle_SouthWest,obstacle_West,obstacle_distance,follow_enable,steady_motion_enable,passing_start,accel_x,accel_y,accel_z,accel_diff,success,action
1,1,1675396165.1641624,0.0,0.0,False,True,False,False,100000,False,True,False,-0.08046957061378668,9.500699682811623e-14,9.677966036854107,0.013554064329921267,True,Cruise
1,2,1675396165.1643476,0.0,0.0,False,True,False,False,100000,False,True,False,-0.08046957061378668,9.500699682811623e-14,9.677966036854107,0.013554064329921267,True,Cruise
1,3,1675396165.2676697,49.77551550703345,0.002993126572887396,False,True,False,False,100000,False,True,False,-0.0898562157969531,-3.5790609502550483e-13,9.715456883517406,0.01295897312004917,True,Cruise
1,4,1675396165.3647194,49.751008452948604,0.003319887294018614,False,True,False,False,100000,False,True,False,-0.08830484696282893,-1.661919214552701e-13,9.728785087173708,0.9932549742789535,True,Cruise
1,5,1675396165.4645035,49.751008452948604,0.003319887294018614,False,True,False,False,100000,False,True,False,0.9015610397118816,-0.009107354212248333,9.647311002785916,0.9932549742789535,True,Cruise
1,6,1675396165.564505,49.751008452948604,0.003319887294018614,False,True,False,False,100000,False,True,False,2.9522152765640075,0.0058824941439250995,9.550102270716678,0.45427671038241607,True,Cruise
1,7,1675396165.6645055,49.751008452948604,0.003319887294018614,False,True,False,False,100000,False,True,False,3.4069843086537435,0.0028289094964937624,9.58622932542505,0.12476640142906514,True,Cruise
1,8,1675396165.7645574,49.80579776799131,0.0025893630934492673,False,True,False,False,100000,False,True,False,3.528111394121904,0.0021306490254539108,9.616135788336303,0.12476640142906514,True,Cruise
1,9,1675396165.8646302,49.80579776799131,0.0025893630934492673,False,True,False,False,100000,False,True,False,3.8562035059395865,0.004560174571975939,9.709431017121286,0.11969806629588921,True,Cruise
1,10,1675396165.9645164,49.80579776799131,0.0025893630934492673,False,True,False,False,100000,False,True,False,3.8562035059395865,0.004560174571975939,9.709431017121286,0.11969806629588921,True,Cruise
1,11,1675396166.0644886,49.79944995842261,0.0026740005543651655,False,True,False,False,100000,False,True,False,4.222247784679542,0.001840756767128414,9.790013897827166,0.11304740838661066,True,Cruise
1,12,1675396166.1645594,49.79944995842261,0.0026740005543651655,False,True,False,False,100000,False,True,False,4.430685205891424,0.0032626677667835454,9.836721720508452,0.10056844954862108,True,Cruise
1,13,1675396166.2645006,49.79944995842261,0.0026740005543651655,False,True,False,False,100000,False,True,False,4.514310260443365,0.00352389654260675,9.857883969421037,0.07126352660333603,True,Cruise
1,14,1675396166.3644907,49.72139029628398,0.003714796049546907,False,True,False,False,100000,False,True,False,4.675490394962743,0.004921041558603508,9.910303278869545,0.04201629866743375,True,Cruise
1,15,1675396166.4644892,49.72139029628398,0.003714796049546907,False,True,False,False,100000,False,True,False,4.7136728869012865,0.005258799082469563,9.934056535237827,0.008640952625686095,True,Cruise
1,16,1675396166.564535,49.72139029628398,0.003714796049546907,False,True,False,False,100000,False,True,False,4.685974111655496,0.009077405702651389,9.950669609582587,0.019437678325195523,True,Cruise
1,17,1675396166.6645517,49.72139029628398,0.003714796049546907,False,True,False,False,100000,False,True,False,4.623496545243206,0.008711955539516687,9.949115509229646,0.03494700384870646,True,Cruise
1,18,1675396166.764512,49.72254591880004,0.0036993877493328164,False,True,False,False,100000,False,True,False,4.582466869358468,0.008445282196624928,9.944809913018528,0.041255830819554314,True,Cruise
1,19,1675396166.8645535,49.72254591880004,0.0036993877493328164,False,True,False,False,100000,False,True,False,4.434047391883302,0.008571261058178126,9.9197020374328,0.10409219311297503,True,Cruise
1,20,1675396166.9645476,49.72254591880004,0.0036993877493328164,False,True,False,False,100000,False,True,False,4.324983105798704,0.008834203591660624,9.894881502821102,0.05547171314591709,True,Cruise
1,21,1675396167.0645318,49.77165806954643,0.0030445590727142687,False,True,False,False,100000,False,True,False,4.270422909471214,0.00893787336660732,9.880754735752411,0.056359482951225705,True,Cruise
1,22,1675396167.1644807,49.77165806954643,0.0030445590727142687,False,True,False,False,100000,False,True,False,4.1654897162809865,0.010896582575835968,9.850331730815212,0.051538248824361275,True,Cruise
1,23,1675396167.2644823,49.70317576758767,0.003957656432164423,False,True,False,False,100000,False,True,False,4.070727850465034,0.006374466875173909,9.818697254015728,0.04849382307259358,True,Cruise
1,24,1675396167.364498,49.70317576758767,0.003957656432164423,False,False,False,False,100000,False,True,False,3.990237958900083,0.006467306900328393,9.787770407765187,0.08622703220227672,True,Cruise
1,25,1675396167.464515,49.70317576758767,0.003957656432164423,False,False,False,False,100000,False,True,False,3.926584166320878,0.008829227072809358,9.759253618289733,0.033062971649225656,True,Cruise
1,26,1675396167.564504,49.71683637582311,0.0037755149890251975,False,False,False,False,100000,False,True,False,3.8809168146674407,0.01047917665054585,9.734544790288986,0.019260216989432633,True,Cruise
1,27,1675396167.6644866,49.71683637582311,0.0037755149890251975,False,False,False,False,100000,False,True,False,3.8648322335583827,0.010072034303838167,9.723958174014856,0.019260216989432633,True,Cruise
1,28,1675396167.764491,49.71683637582311,0.0037755149890251975,False,False,False,False,100000,False,True,False,3.841985777183706,0.009559375986749228,9.695299108436883,0.012031120598340179,True,Cruise
1,29,1675396167.8644512,49.71683637582311,0.0037755149890251975,False,False,False,False,100000,False,True,False,3.8453953678558017,0.00943620706792547,9.691718505796443,0.004945825957565926,True,Cruise
1,30,1675396167.964457,49.696940559145084,0.0040407925447321765,False,False,False,False,100000,False,True,False,3.860922275021079,0.009947297413061953,9.688762193451703,0.009136094238864724,True,Cruise
1,31,1675396168.0644443,49.696940559145084,0.0040407925447321765,False,False,False,False,100000,False,True,False,3.900538343178965,0.009829190446499032,9.693881843740925,0.015174493452829955,True,Cruise
1,32,1675396168.1645749,49.73344378766919,0.0035540828310775627,False,False,False,False,100000,False,True,False,3.9166203848053454,0.011503134469195151,9.697770711342526,0.016630016316484416,True,Cruise
1,33,1675396168.2645047,49.83003060812043,0.002266258558394294,False,False,False,False,100000,False,True,False,3.9166203848053454,0.011503134469195151,9.697770711342526,0.016630016316484416,True,Cruise
1,34,1675396168.3645568,49.77442329903262,0.0030076893462317746,False,False,False,False,100000,False,True,False,3.968663170395968,0.014002492888618859,9.714343790371665,0.01976972507496234,True,Cruise
1,35,1675396168.4666314,49.79066348702478,0.0027911535063363034,False,False,False,False,100000,False,True,False,4.003483033046385,0.0016481887885662868,9.728175624962894,0.018506149384912532,True,Cruise
1,36,1675396168.565661,49.74618322998577,0.003384223600189718,False,False,False,False,100000,False,True,False,4.03588393547774,0.008043719175713709,9.743013920895725,0.017707613883662716,True,Cruise
1,37,1675396168.6644752,49.279386935230605,-0.009608174196925251,False,False,False,False,100000,False,True,False,4.064404562118673,0.006596189922827304,9.757852461843237,0.015592521808143455,True,Cruise
1,38,1675396168.764485,49.279386935230605,-0.009608174196925251,False,False,False,False,100000,False,True,False,4.088011837171258,0.04108637511119474,9.771808286311717,0.015592521808143455,True,Cruise
1,39,1675396168.8644848,49.778782543090294,0.002949566092129419,False,False,False,False,100000,False,True,False,4.097964235987198,-0.03413927414663932,9.77820090328738,0.03442096055922315,True,Cruise
1,40,1675396168.9645486,49.83002396088722,0.002266347188170481,False,False,False,False,100000,False,True,False,4.113075703683884,-0.07342239660401045,9.789543442233997,0.0331548911671302,True,Cruise
1,41,1675396169.0645103,49.83002396088722,0.002266347188170481,False,False,False,False,100000,False,True,False,4.125101997475338,0.0010360603393693006,9.802072164923338,0.07536599175562883,True,Cruise
1,42,1675396169.1646726,49.78473313415361,0.0028702248779518386,False,False,False,False,100000,False,True,False,4.12653290367719,0.004554080347643004,9.804936612814979,0.004756996853166836,True,Cruise
1,43,1675396169.2645624,49.76635200783813,0.0031153065621583355,False,False,False,False,100000,False,True,False,4.12653290367719,0.004554080347643004,9.804936612814979,0.004756996853166836,True,Cruise
1,44,1675396169.3644743,49.75488256458419,0.0032682324722107165,False,False,False,False,100000,False,True,False,4.121374643579937,0.0009329346486499046,9.809859815388995,0.0030280009790486827,True,Cruise
1,45,1675396169.4645157,49.75488256458419,0.0032682324722107165,False,False,False,False,100000,False,True,False,4.117892622975115,0.0060132926144934075,9.809570120594403,0.006165908499769283,True,Cruise
1,46,1675396169.5645351,49.84052476898297,0.0021263364135605226,False,False,False,False,100000,False,True,False,4.109100730782081,0.01573023494030555,9.807434321490947,0.007286031888320679,True,Cruise
1,47,1675396169.6646006,49.84052476898297,0.0021263364135605226,False,False,False,False,100000,False,True,False,4.098640118442844,0.027420991262198473,9.80356394601976,0.009150848190630438,True,Cruise
1,48,1675396169.7644851,49.821336178891116,0.0023821842814517385,False,False,False,False,100000,False,True,False,4.087418093098342,0.022152323118110447,9.798409686440447,0.006492524367480378,True,Cruise
1,49,1675396169.8645382,49.80536100606508,0.002595186585798968,False,False,False,False,100000,False,True,False,4.0761522666185614,0.02420778985997476,9.792451319381867,0.006424212750105779,True,Cruise
1,50,1675396169.964593,49.80536100606508,0.002595186585798968,False,False,False,False,100000,False,True,False,4.070710785462856,0.02691889411335317,9.789316225626285,0.00611601395693342,True,Cruise
1,51,1675396170.0645783,49.74486056307078,0.0034018591590562358,False,False,False,False,100000,False,True,False,4.060572455254046,0.02861345463035771,9.783004701522126,0.005973497080270059,True,Cruise
1,52,1675396170.164441,49.74486056307078,0.0034018591590562358,False,False,False,False,100000,False,True,False,4.051790659000704,0.027487905395277276,9.77696063480421,0.005231223916779655,True,Cruise
1,53,1675396170.264475,49.762739220875126,0.003163477054998345,False,False,False,False,100000,False,True,False,4.051790659000704,0.027487905395277276,9.77696063480421,0.005231223916779655,True,Cruise
1,54,1675396170.3645,49.762739220875126,0.003163477054998345,False,False,False,False,100000,False,True,False,4.051790659000704,0.027487905395277276,9.77696063480421,0.005231223916779655,True,Cruise
1,55,1675396170.4644742,49.762739220875126,0.003163477054998345,False,False,False,False,100000,False,True,False,4.039289227698346,0.029322992489067487,9.766910123394478,0.004086722773115798,True,Cruise
1,56,1675396170.5644562,49.79394877037966,0.0027473497282711804,False,False,False,False,100000,False,True,False,4.037309344188085,0.02894124445504912,9.764978754214674,0.0027921062272729833,True,Cruise
1,57,1675396170.6644907,49.830983234292006,0.002253556876106587,False,False,False,False,100000,False,True,False,4.033780740077097,0.02178374821482273,9.759963477018744,0.0013762861455344244,True,Cruise
1,58,1675396170.764465,49.79755300099238,0.002699293320101588,False,False,False,False,100000,False,True,False,4.033780740077097,0.02178374821482273,9.759963477018744,0.0034647476446910287,True,Cruise
1,59,1675396170.864497,49.79755300099238,0.002699293320101588,False,False,False,False,100000,False,True,False,4.035068940977899,0.013576351105377797,9.759011342624472,0.0035847194923827328,True,Cruise
1,60,1675396170.9645073,49.83050419553441,0.0022599440595411874,False,False,False,False,100000,False,True,False,4.03605448264036,0.015905556228176205,9.75917691501485,0.002534541988007201,True,Cruise
1,61,1675396171.0644956,49.83050419553441,0.0022599440595411874,False,False,False,False,100000,False,True,False,4.038681494843759,0.01697805162228128,9.760120280093263,0.0015232335256424945,True,Cruise
1,62,1675396171.1645112,49.79639925782473,0.00271467656233694,False,False,False,False,100000,False,True,False,4.041964555385845,0.013947293417883266,9.76173299764341,0.004216774145461835,True,Cruise
1,63,1675396171.2646704,49.79639925782473,0.00271467656233694,False,False,False,False,100000,False,True,False,4.043758033247511,0.011934012911184289,9.762732630738236,0.0028756090769109124,True,Cruise
1,64,1675396171.3646593,49.8798011151611,0.0016026517978519489,False,False,False,False,100000,False,True,False,4.051088300244691,0.01937584463780258,9.767469394951402,0.004464925207343275,True,Cruise
1,65,1675396171.4645889,49.944296217518705,0.0007427170997505506,False,False,False,False,100000,False,True,False,4.052876722010708,0.011282043518671112,9.768717852454724,0.0027023712627671577,True,Cruise
1,66,1675396171.5645664,49.944296217518705,0.0007427170997505506,False,False,False,False,100000,False,True,False,4.056190531786755,0.0022779938770291267,9.77115506133036,0.0036067100353618085,True,Cruise
1,67,1675396171.6645424,49.821829736256326,0.0023756035165823476,False,False,False,False,100000,False,True,False,4.059006816159272,-0.0012868247942766234,9.773402545958907,0.0017932300532105502,True,Cruise
1,68,1675396171.7645361,49.92168433840945,0.0010442088212073565,False,False,False,False,100000,False,True,False,4.061195431757343,0.00653165865598104,9.775355279664362,0.008350562293791598,True,Cruise
1,69,1675396171.8645096,49.946431214616624,0.0007142504717782933,False,False,False,False,100000,False,True,False,4.062791814775541,0.014276223527502165,9.77692873750484,0.00648070306336384,True,Cruise
1,70,1675396171.9645178,49.946431214616624,0.0007142504717782933,False,False,False,False,100000,False,True,False,4.063389336940051,0.017932854159113863,9.777557075455437,0.0037580299218185026,True,Cruise
1,71,1675396172.064548,49.988924045995496,0.00014767938672668123,False,False,False,False,100000,False,True,False,4.064429433389683,0.0020666561550292156,9.77878786318389,0.0005682979160758156,True,Cruise
1,72,1675396172.1645257,49.988924045995496,0.00014767938672668123,False,False,False,False,100000,False,True,False,4.064490156748408,0.004199171551426339,9.778990053967119,0.002142939652670703,True,Cruise
1,73,1675396172.2645419,49.91485742904726,0.001135234279369875,False,False,False,False,100000,False,True,False,4.064275881411508,-0.000717237633971507,9.77910149036085,0.004922337988000805,True,Cruise
1,74,1675396172.3644817,49.97837533786937,0.0002883288284083381,False,False,False,False,100000,False,True,False,4.063203842472662,0.000846405099729738,9.778643069135665,0.002594374561760377,True,Cruise
1,75,1675396172.4646652,49.991662654052824,0.00011116461262897815,False,False,False,False,100000,False,True,False,4.062697251437264,0.004986903017492645,9.778354492152788,0.007729347750951489,True,Cruise
1,76,1675396172.5645216,49.991662654052824,0.00011116461262897815,False,False,False,False,100000,False,True,False,4.061568761926557,0.00804352422588041,9.777624129273807,0.0010762959220831307,True,Cruise
1,77,1675396172.6645434,49.970656246858695,0.0003912500418840736,False,False,False,False,100000,False,True,False,4.060980988876285,0.0009426777436489777,9.77719980851437,0.00713775497125912,True,Cruise
1,78,1675396172.7645679,49.95344200270526,0.000620773297263202,False,False,False,False,100000,False,True,False,4.0585386351355295,-0.004099710200829381,9.77533727269441,0.0008675317389861709,True,Cruise
1,79,1675396172.8645153,49.95344200270526,0.000620773297263202,False,False,False,False,100000,False,True,False,4.057951753311111,-0.0045679879040946446,9.774870868538315,0.0019129151327015688,True,Cruise
1,80,1675396172.9645002,49.95349403054323,0.0006200795927568843,False,False,False,False,100000,False,True,False,4.05686020183354,0.0003812820659327786,9.773986289960972,0.003250336307373514,True,Cruise
1,81,1675396173.0645547,49.95349403054323,0.0006200795927568843,False,False,False,False,100000,False,True,False,4.055930796372599,0.0021034183727872842,9.77320056719442,0.0006768876341216423,True,Cruise
1,82,1675396173.1645982,49.97960282135165,-0.0002719623819780536,False,False,False,False,100000,False,True,False,4.054897780208748,0.0032557483427034083,9.772276161581878,0.0007208318669122316,True,Cruise
1,83,1675396173.2645378,49.99343700415802,8.750661122640746e-05,False,False,False,False,100000,False,True,False,4.054654160388321,0.006567376678029314,9.772045332559319,0.0033285905254167346,True,Cruise
1,84,1675396173.3644862,49.99343700415802,8.750661122640746e-05,False,False,False,False,100000,False,True,False,4.054329377599965,-0.00398026393125846,9.771703592676355,0.0017251129565387176,True,Cruise
1,85,1675396173.4645357,49.88760778378706,0.0014985628828391353,False,False,False,False,100000,False,True,False,4.054163010298505,-0.004405345406706416,9.771486980564903,0.0020687972426868336,True,Cruise
1,86,1675396173.5644884,49.995917758944124,-5.4429880744977224e-05,False,False,False,False,100000,False,True,False,4.054234170154166,0.015245800928483783,9.771519887027452,0.01965130272647069,True,Cruise
1,87,1675396173.664488,49.995917758944124,-5.4429880744977224e-05,False,False,False,False,100000,False,True,False,4.054446235448017,0.021969295773606,9.771667029454973,0.0018830898004198746,True,Cruise
1,88,1675396173.7645748,49.945937019369154,-0.0007208397417445452,False,False,False,False,100000,False,True,False,4.0548007161147765,0.0037272907288970125,9.771900921960713,0.005063105704409447,True,Cruise
1,89,1675396173.8645363,49.94010763458753,-0.0007985648721663004,False,False,False,False,100000,False,True,False,4.0550003874318605,-0.0032186015770529416,9.772044022592285,0.005063105704409447,True,Cruise
1,90,1675396173.9645052,49.94010763458753,-0.0007985648721663004,False,False,False,False,100000,False,True,False,4.055409091816493,-0.0061205940575102665,9.772366583122658,0.00041403037332281186,True,Cruise
1,91,1675396174.064502,49.94010763458753,-0.0007985648721663004,False,False,False,False,100000,False,True,False,4.056030900784844,-0.009951382849437352,9.772888216623286,0.003915825669058044,True,Cruise
1,92,1675396174.1644957,49.91061307593798,-0.0011918256541602105,False,False,False,False,100000,False,True,False,4.056233227642216,-0.012025592738803208,9.773059848872723,0.009770125972475388,True,Cruise
1,93,1675396174.2644908,49.91061307593798,-0.0011918256541602105,False,False,False,False,100000,False,True,False,4.0566198897231365,0.010147586444495224,9.773384436115162,0.01513171895824412,True,Cruise
1,94,1675396174.3644958,49.972835759117,-0.00036218987844002706,False,False,False,False,100000,False,True,False,4.056957263685867,-0.01859944644740626,9.773671846449638,0.007437475081001136,True,Cruise
1,95,1675396174.464506,49.972835759117,-0.00036218987844002706,False,False,False,False,100000,False,True,False,4.057101074622276,-0.0260344620564137,9.77379792931484,0.007437475081001136,True,Cruise
1,96,1675396174.5644743,49.933628281227506,0.0008849562502999292,False,False,False,False,100000,False,True,False,4.057449898890465,-0.01275202456263071,9.774092261529216,0.0016168821122274862,True,Cruise
1,97,1675396174.664549,49.98484297604159,-0.00020209365277876955,False,False,False,False,100000,False,True,False,4.0575305012473315,-0.012600676703943279,9.774161407365153,0.0016168821122274862,True,Cruise
1,98,1675396174.764496,49.90912032061963,-0.0012117290584049973,False,False,False,False,100000,False,True,False,4.05764568583744,-0.004385811633680024,9.77425548587278,0.0076778126436308335,True,Cruise
1,99,1675396174.864513,49.90912032061963,-0.0012117290584049973,False,False,False,False,100000,False,True,False,4.057688891593923,0.009550447134970929,9.774294610776646,0.006258578832185336,True,Cruise
1,100,1675396174.9645066,49.90912032061963,-0.0012117290584049973,False,False,False,False,100000,False,True,False,4.057686405858747,0.0038083602901279865,9.774295211244432,0.005742087414273602,True,Cruise
1,101,1675396175.0646014,49.916491202554596,-0.0011134506326053904,False,False,False,False,100000,False,True,False,4.057543284562987,-0.01541329259565631,9.774193686273076,0.00022288511307803945,True,Cruise
1,102,1675396175.1645453,49.916491202554596,-0.0011134506326053904,False,False,False,False,100000,False,True,False,4.057485157212871,-0.016615346324160042,9.774147485248887,0.0012043448383570843,True,Cruise
1,103,1675396175.2645574,49.86385166800629,-0.0018153110932495108,False,False,False,False,100000,False,True,False,4.057286112516,-0.016869761548796488,9.773978662725996,0.003431735796088961,True,Cruise
1,104,1675396175.3645008,49.86385166800629,-0.0018153110932495108,False,False,False,False,100000,False,True,False,4.057210764704469,-0.017285788555889494,9.773916769241676,0.0004273014939530004,True,Cruise
1,105,1675396175.4645352,49.92607902998111,-0.000985612933585212,False,False,False,False,100000,False,True,False,4.057210764704469,-0.017285788555889494,9.773916769241676,0.0004273014939530004,True,Cruise
1,106,1675396175.5645983,49.92607902998111,-0.000985612933585212,False,False,False,False,100000,False,True,False,4.05687945865497,-0.03560097837858039,9.773670875083482,0.0015290719143906798,True,Cruise
1,107,1675396175.6644907,49.972669658195464,0.00036440455739386113,False,False,False,False,100000,False,True,False,4.0567642376992685,-0.03275736946198911,9.773556714583266,0.003504474526721601,True,Cruise
1,108,1675396175.7645361,49.99595871504908,-5.3883799345628045e-05,False,False,False,False,100000,False,True,False,4.056656555679532,-0.018842576841446367,9.77341486548697,0.014096849152005857,True,Cruise
1,109,1675396175.864522,49.99595871504908,-5.3883799345628045e-05,False,False,False,False,100000,False,True,False,4.056656555679532,-0.018842576841446367,9.77341486548697,0.014096849152005857,True,Cruise
1,110,1675396175.9646232,49.96866261353268,-0.0004178318195643358,False,False,False,False,100000,False,True,False,4.056548208265366,-0.013197217138849651,9.773324522321639,0.0010908146109035628,True,Cruise
1,111,1675396176.0645819,49.91816425813596,-0.0010911432248538369,False,False,False,False,100000,False,True,False,4.056491954465888,-0.007305914149958559,9.773291711189636,0.003817419509141409,True,Cruise
1,112,1675396176.1645977,49.91816425813596,-0.0010911432248538369,False,False,False,False,100000,False,True,False,4.056469670589667,-0.006066930314781239,9.773283222533884,0.002529158136853699,True,Cruise
1,113,1675396176.2645264,49.9477250094979,-0.0006969998733613439,False,False,False,False,100000,False,True,False,4.0564330629529834,-0.014469346961109601,9.773284820579349,0.0004484058849333064,True,Cruise
1,114,1675396176.3644931,49.91643576645373,-0.0011141897806169006,False,False,False,False,100000,False,True,False,4.05645100760476,-0.014377769826462043,9.7733030219059,0.0035908207617210853,True,Cruise
1,115,1675396176.4644895,49.711539579345036,0.003846138942066176,False,False,False,False,100000,False,True,False,4.056499379617302,-0.009308659415647357,9.773331533458991,0.0006161588508873913,True,Cruise
1,116,1675396176.5645103,49.711539579345036,0.003846138942066176,False,False,False,False,100000,False,True,False,4.056542639698449,-0.028561967502759338,9.773370081708443,0.04824400703048491,True,Cruise
1,117,1675396176.6644723,49.92074829883771,-0.0010566893488305623,False,False,False,False,100000,False,True,False,4.056542639698449,-0.028561967502759338,9.773370081708443,0.04824400703048491,True,Cruise
1,118,1675396176.7644897,49.92074829883771,-0.0010566893488305623,False,False,False,False,100000,False,True,False,4.05662865869485,0.019681960183432448,9.77338609730189,0.03146652334199112,True,Cruise
1,119,1675396176.8644583,49.92074829883771,-0.0010566893488305623,False,False,False,False,100000,False,True,False,4.056630920661024,0.07574120533742676,9.773434326906244,0.03146652334199112,True,Cruise
1,120,1675396176.9644818,49.92074829883771,-0.0010566893488305623,False,False,False,False,100000,False,True,False,4.056630920661024,0.07574120533742676,9.773434326906244,0.03146652334199112,True,Cruise
1,121,1675396177.0644574,49.8716530555151,-0.0017112925931320648,False,False,False,False,100000,False,True,False,4.056630920661024,0.07574120533742676,9.773434326906244,0.02459276032652305,True,Cruise
1,122,1675396177.1644528,49.8716530555151,-0.0017112925931320648,False,False,False,False,100000,False,True,False,4.056630920661024,0.07574120533742676,9.773434326906244,0.02459276032652305,True,Cruise
1,123,1675396177.2644494,49.8716530555151,-0.0017112925931320648,False,False,False,False,100000,False,True,False,4.056630920661024,0.07574120533742676,9.773434326906244,0.02459276032652305,True,Cruise
1,124,1675396177.36446,49.8716530555151,-0.0017112925931320648,False,False,False,False,100000,False,True,False,4.056630920661024,0.07574120533742676,9.773434326906244,0.08255535139265063,True,Cruise
1,125,1675396177.464472,49.8716530555151,-0.0017112925931320648,False,False,False,False,100000,False,True,False,4.056630920661024,0.07574120533742676,9.773434326906244,0.08255535139265063,True,Cruise
1,126,1675396177.564485,49.8716530555151,-0.0017112925931320648,False,False,False,False,100000,False,True,False,4.056720649871901,-0.006814069698457802,9.773501824922464,0.08255535139265063,True,Cruise
1,127,1675396177.6645172,49.97743909519056,-0.0003008120641258059,False,False,False,False,100000,False,True,False,4.056720649871901,-0.006814069698457802,9.773501824922464,0.08255535139265063,True,Cruise
1,128,1675396177.7646475,49.97743909519056,-0.0003008120641258059,False,False,False,False,100000,False,True,False,4.056720649871901,-0.006814069698457802,9.773501824922464,0.08255535139265063,True,Cruise
1,129,1675396177.8645124,49.97743909519056,-0.0003008120641258059,False,False,False,False,100000,False,True,False,4.056749968825536,-0.004953940099876106,9.773544265199453,0.0035059912763136863,True,Cruise
1,130,1675396177.9644594,49.97743909519056,-0.0003008120641258059,False,False,False,False,100000,False,True,False,4.05675960430963,-0.008816301329298289,9.773563297121825,0.003862420138095615,True,Cruise
1,131,1675396178.064499,49.97743909519056,-0.0003008120641258059,False,False,False,False,100000,False,True,False,4.05675960430963,-0.008816301329298289,9.773563297121825,0.003862420138095615,True,Cruise
1,132,1675396178.1644838,49.86556943510554,-0.0017924075319260724,False,False,False,False,100000,False,True,False,4.056768778577256,-0.0165990376697099,9.773580193249408,0.010678401692220302,True,Cruise
1,133,1675396178.2644472,49.86556943510554,-0.0017924075319260724,False,False,False,False,100000,False,True,False,4.056799529674807,-0.005920688239043389,9.773593251082195,0.010678401692220302,True,Cruise
1,134,1675396178.3644762,49.86556943510554,-0.0017924075319260724,False,False,False,False,100000,False,True,False,4.056799529674807,-0.005920688239043389,9.773593251082195,0.010678401692220302,True,Cruise
1,135,1675396178.464453,49.90575706736538,-0.0012565724351282434,False,False,False,False,100000,False,True,False,4.056826038166041,-0.001513924150723206,9.773605111280803,0.004406859777043847,True,Cruise
1,136,1675396178.5644507,49.90575706736538,-0.0012565724351282434,False,False,False,False,100000,False,True,False,4.056826038166041,-0.001513924150723206,9.773605111280803,0.004406859777043847,True,Cruise
1,137,1675396178.6644511,49.90575706736538,-0.0012565724351282434,False,False,False,False,100000,False,True,False,4.056826038166041,-0.001513924150723206,9.773605111280803,0.004406859777043847,True,Cruise
1,138,1675396178.7644563,49.90575706736538,-0.0012565724351282434,False,False,False,False,100000,False,True,False,4.056826038166041,-0.001513924150723206,9.773605111280803,0.0242389769039327,True,Cruise
1,139,1675396178.8644516,49.90575706736538,-0.0012565724351282434,False,False,False,False,100000,False,True,False,4.056852276579576,-0.02575287040119558,9.773633352416564,0.0242389769039327,True,Cruise
1,140,1675396178.9644759,49.90042815702145,-0.0013276245730472651,False,False,False,False,100000,False,True,False,4.056852276579576,-0.02575287040119558,9.773633352416564,0.0242389769039327,True,Cruise
1,141,1675396179.064469,49.90042815702145,-0.0013276245730472651,False,False,False,False,100000,False,True,False,4.056852426461557,-0.0343555564066406,9.77364273677083,0.0013317069207217421,True,Cruise
1,142,1675396179.1644728,49.90042815702145,-0.0013276245730472651,False,False,False,False,100000,False,True,False,4.056852426461557,-0.0343555564066406,9.77364273677083,0.0013317069207217421,True,Cruise
1,143,1675396179.264461,49.90042815702145,-0.0013276245730472651,False,False,False,False,100000,False,True,False,4.056852426461557,-0.0343555564066406,9.77364273677083,0.0013317069207217421,True,Cruise
1,144,1675396179.364458,49.90042815702145,-0.0013276245730472651,False,False,False,False,100000,False,True,False,4.056852426461557,-0.0343555564066406,9.77364273677083,0.0013317069207217421,True,Cruise
1,145,1675396179.464454,49.90042815702145,-0.0013276245730472651,False,False,False,False,100000,False,True,False,4.056853674769626,-0.035013247497776484,9.773644424355602,0.0006576944408879488,True,Cruise
1,146,1675396179.5644524,49.90042815702145,-0.0013276245730472651,False,False,False,False,100000,False,True,False,4.056852974866013,-0.03712935160918056,9.773644476739275,0.002116104227799364,True,Cruise
1,147,1675396179.6644578,49.90042815702145,-0.0013276245730472651,False,False,False,False,100000,False,True,False,4.056852974866013,-0.03712935160918056,9.773644476739275,0.002116104227799364,True,Cruise
1,148,1675396179.7644706,49.63483204575015,-0.004868906056664649,False,False,False,False,100000,False,True,False,4.056852974866013,-0.03712935160918056,9.773644476739275,0.0022674023309898943,True,Cruise
1,149,1675396179.8644538,49.63483204575015,-0.004868906056664649,False,False,False,False,100000,False,True,False,4.056848924154362,-0.041444178169101,9.773639921686216,0.002047429029755091,True,Cruise
1,150,1675396179.964458,49.63483204575015,-0.004868906056664649,False,False,False,False,100000,False,True,False,4.056848924154362,-0.041444178169101,9.773639921686216,0.002047429029755091,True,Cruise
1,151,1675396180.0644546,49.964438752883524,-0.0004741499615530416,False,False,False,False,100000,False,True,False,4.05683814476246,-0.03452083786384807,9.773630555756515,0.002047429029755091,True,Cruise
1,152,1675396180.1644537,49.964438752883524,-0.0004741499615530416,False,False,False,False,100000,False,True,False,4.05683814476246,-0.03452083786384807,9.773630555756515,0.006923355031938544,True,Cruise
1,153,1675396180.2644124,49.964438752883524,-0.0004741499615530416,False,False,False,False,100000,False,True,False,4.05683814476246,-0.03452083786384807,9.773630555756515,0.006923355031938544,True,Cruise
1,154,1675396180.364544,49.993239369203124,9.014174395833942e-05,False,False,False,False,100000,False,True,False,4.056719002633863,-0.07536185146885029,9.773634935099158,0.0392740688848058,True,Cruise
1,155,1675396180.4645991,49.993239369203124,9.014174395833942e-05,False,False,False,False,100000,False,True,False,4.056599816045004,-0.11463573949664453,9.773634223911985,0.039900387915367215,True,Cruise
1,156,1675396180.564548,49.993239369203124,9.014174395833942e-05,False,False,False,False,100000,False,True,False,4.056721802891523,-0.07473554450986633,9.773611529790763,0.039900387915367215,True,Cruise
1,157,1675396180.664533,49.993239369203124,9.014174395833942e-05,False,False,False,False,100000,False,True,False,4.056721802891523,-0.07473554450986633,9.773611529790763,0.039900387915367215,True,Cruise
1,158,1675396180.7645469,49.98322553672339,-0.00022365951035487264,False,False,False,False,100000,False,True,False,4.056911808584735,-0.0321081251101723,9.773570092628733,0.00288292583391641,True,Cruise
1,159,1675396180.8644907,49.98322553672339,-0.00022365951035487264,False,False,False,False,100000,False,True,False,4.056906389489344,-0.03159118072057185,9.77356303147927,0.0005170210134665472,True,Cruise
1,160,1675396180.9644656,49.999798751640554,2.6833114592613643e-06,False,False,False,False,100000,False,True,False,4.056906389489344,-0.03159118072057185,9.77356303147927,0.0005170210134665472,True,Cruise
1,161,1675396181.0645847,49.999798751640554,2.6833114592613643e-06,False,False,False,False,100000,False,True,False,4.056821837156297,-0.02866089805265792,9.77354877705772,0.005114514355527074,True,Cruise
1,162,1675396181.1646025,49.96359367088225,0.000485417721569971,False,False,False,False,100000,False,True,False,4.056793905704576,-0.015125099520544501,9.773538263527369,0.0069732288729358,True,Cruise
1,163,1675396181.2644644,49.95622494460249,-0.000583667405300162,False,False,False,False,100000,False,True,False,4.056782411495501,-0.004395487402812735,9.773528819336127,0.003756394039739395,True,Cruise
1,164,1675396181.3645144,49.95622494460249,-0.000583667405300162,False,False,False,False,100000,False,True,False,4.0567823036858615,0.01246146665229259,9.773521012629084,0.007158095657697903,True,Cruise
1,165,1675396181.4644654,49.885981248571454,-0.0015202500190472843,False,False,False,False,100000,False,True,False,4.0567823036858615,0.01246146665229259,9.773521012629084,0.007158095657697903,True,Cruise
1,166,1675396181.5644693,49.885981248571454,-0.0015202500190472843,False,False,False,False,100000,False,True,False,4.05675228440369,0.007583521270218358,9.773518280212395,0.004878038517058098,True,Cruise
1,167,1675396181.6644516,49.982919309376925,-0.00022774254164096362,False,False,False,False,100000,False,True,False,4.056733126822221,-0.003914424667084134,9.773519629494007,0.006468967900258702,True,Cruise
1,168,1675396181.7645187,49.982919309376925,-0.00022774254164096362,False,False,False,False,100000,False,True,False,4.0567071432564035,-0.01283381805482908,9.77352129672821,0.002450466481761963,True,Cruise
1,169,1675396181.8645613,49.989109058692286,-0.00014521255076945492,False,False,False,False,100000,False,True,False,4.056701293774238,-0.018769826830612978,9.773521710944049,0.005936011672343629,True,Cruise
1,170,1675396181.9645305,49.989109058692286,-0.00014521255076945492,False,False,False,False,100000,False,True,False,4.056745983591831,-0.0013447921971480015,9.773519200802347,0.005493135865723645,True,Cruise
1,171,1675396182.064484,49.935154334920526,-0.000864608867726302,False,False,False,False,100000,False,True,False,4.05676142896716,-0.006283656449398679,9.773521777924532,0.004938889075828436,True,Cruise
1,172,1675396182.1645937,49.84522346911131,-0.0020636870785158907,False,False,False,False,100000,False,True,False,4.148653895303922,0.19247512073144224,9.774398770229098,0.0007407545377139141,True,Cruise
1,173,1675396182.2645156,49.84522346911131,-0.0020636870785158907,False,False,False,False,100000,False,True,False,4.121734133478119,0.061406814336737205,9.77634904799017,0.052442785140982155,True,Cruise
1,174,1675396182.3644938,49.97341978932292,-0.00035440280902779135,False,False,False,False,100000,False,True,False,4.097381155244217,-0.025264614389245765,9.78057842317313,0.06484864712272025,True,Cruise
1,175,1675396182.464483,49.8654754167369,-0.0017936611101746717,False,False,False,False,100000,False,True,False,4.097381155244217,-0.025264614389245765,9.78057842317313,0.06484864712272025,True,Cruise
1,176,1675396182.564527,49.8654754167369,-0.0017936611101746717,False,False,False,False,100000,False,True,False,4.073272662941943,-0.07167942171535581,9.778786876083233,0.016296593427921117,True,Cruise
1,177,1675396182.664573,49.9834077678436,-0.0002212297620853041,False,False,False,False,100000,False,True,False,4.080498917891088,-0.08616114903851438,9.776879057826006,0.016296593427921117,True,Cruise
1,178,1675396182.7644954,49.9834077678436,-0.0002212297620853041,False,False,False,False,100000,False,True,False,4.080184371197061,-0.1363289555875204,9.773718734146405,0.02779449467169571,True,Cruise
1,179,1675396182.8645182,49.88734710396649,-0.0015020386137801268,False,False,False,False,100000,False,True,False,4.081545413081109,-0.12521874862129018,9.772669107187427,0.011242368549181099,True,Cruise
1,180,1675396182.964499,49.99011715306151,-0.00013177129251315146,False,False,False,False,100000,False,True,False,4.081771266663368,-0.12024929664223379,9.771817646141137,0.005046924680051776,True,Cruise
1,181,1675396183.0645363,49.99011715306151,-0.00013177129251315146,False,False,False,False,100000,False,True,False,4.078568368981512,-0.11564207299702829,9.770140362285844,0.004901215637629811,True,Cruise
1,182,1675396183.1644907,49.95110581434234,-0.0006519224754353912,False,False,False,False,100000,False,True,False,4.073334151705765,-0.07505165874033894,9.769256431419677,0.020998672844862353,True,Cruise
1,183,1675396183.264604,49.95110581434234,-0.0006519224754353912,False,False,False,False,100000,False,True,False,4.06996771314665,-0.06092464369805266,9.769248885127615,0.014522586530084886,True,Cruise
1,184,1675396183.3645194,49.95110581434234,-0.0006519224754353912,False,False,False,False,100000,False,True,False,4.065558614746723,-0.05347555174481138,9.769184575136213,0.004809251668723982,True,Cruise
1,185,1675396183.4645016,49.95110581434234,-0.0006519224754353912,False,False,False,False,100000,False,True,False,4.062214807211556,-0.03836090068456613,9.76922365261885,0.0073830662191612375,True,Cruise
1,186,1675396183.5645158,49.93529329265958,0.0008627560978722334,False,False,False,False,100000,False,True,False,4.060663320195263,-0.031143115816068014,9.76930198796766,0.0073830662191612375,True,Cruise
1,187,1675396183.664644,49.93529329265958,0.0008627560978722334,False,False,False,False,100000,False,True,False,4.023021915494423,0.19024128422147135,9.792788225581035,0.051688621834256834,True,Cruise
1,188,1675396183.7645497,49.93529329265958,0.0008627560978722334,False,False,False,False,100000,False,True,False,4.033896559778026,0.14081101148457548,9.788998010025104,0.0507540686556184,True,Cruise
1,189,1675396183.8644953,49.99705917647944,3.921098027409684e-05,False,True,False,False,100000,False,True,False,4.056216989750984,0.05986724403968474,9.781641499684381,0.029665948702379555,True,Cruise
1,190,1675396183.964482,49.99705917647944,3.921098027409684e-05,False,True,False,False,100000,False,True,False,4.056216989750984,0.05986724403968474,9.781641499684381,0.029665948702379555,True,Cruise
1,191,1675396184.0645645,49.99705917647944,3.921098027409684e-05,False,True,False,False,100000,False,True,False,3.985290037038468,0.025074072772973702,9.77597337150394,0.05508528298627102,True,Cruise
1,192,1675396184.164584,49.94610641546858,-0.0007185811270856634,False,True,False,False,100000,False,True,False,4.0062921678306305,-0.01429604729208643,9.771449754163873,0.03702985599540826,True,Cruise
1,193,1675396184.2645059,49.94610641546858,-0.0007185811270856634,False,True,False,False,100000,False,True,False,4.030292597078801,-0.10045393540899963,9.763563551219855,0.02298217964204094,True,Cruise
1,194,1675396184.3644757,49.94610641546858,-0.0007185811270856634,False,True,False,False,100000,False,True,False,4.030292597078801,-0.10045393540899963,9.763563551219855,0.02298217964204094,True,Cruise
1,195,1675396184.4644833,49.94610641546858,-0.0007185811270856634,False,True,False,False,100000,False,True,False,4.021289785930292,-0.16288012717261371,9.761328741772623,0.012021405187385443,True,Cruise
1,196,1675396184.5645354,49.937578238031186,-0.0008322901595842004,False,True,False,False,100000,False,True,False,4.0167999452188905,-0.16992698915679696,9.760872657213268,0.0014267044384372617,True,Cruise
1,197,1675396184.6645393,49.937578238031186,-0.0008322901595842004,False,True,False,False,100000,False,True,False,4.016762748467666,-0.16451333083464414,9.760796873116574,0.00411737275959929,True,Cruise
1,198,1675396184.7644887,49.937578238031186,-0.0008322901595842004,False,True,False,False,100000,False,True,False,4.019914940902047,-0.153447042573211,9.761103915062272,0.006952951727349538,True,Cruise
1,199,1675396184.8645396,49.981245533723225,-0.00025005955035699523,False,True,False,False,100000,False,True,False,4.019914940902047,-0.153447042573211,9.761103915062272,0.006952951727349538,True,Cruise
1,200,1675396184.964488,49.981245533723225,-0.00025005955035699523,False,True,False,False,100000,False,True,False,4.027574222945898,-0.1257222434125798,9.762298870802855,0.02878814007793047,True,Cruise
1,201,1675396185.0644753,49.981245533723225,-0.00025005955035699523,False,True,False,False,100000,False,True,False,4.023463482534482,-0.02638925735753599,9.750879209284554,0.014736566162555684,True,Cruise
1,202,1675396185.1645288,49.98390883871479,-0.0002145488171361325,False,True,False,False,100000,False,True,False,4.031406760757831,-0.00395545834791238,9.755789273610143,0.012554776979690173,True,Cruise
1,203,1675396185.264522,49.98390883871479,-0.0002145488171361325,False,True,False,False,100000,False,True,False,4.049934642397989,-0.07437930197984777,9.773468266587733,0.018475849239454972,True,Cruise
1,204,1675396185.3644907,49.98390883871479,-0.0002145488171361325,False,True,False,False,100000,False,True,False,4.049934642397989,-0.07437930197984777,9.773468266587733,0.3184322608489706,True,Cruise
1,205,1675396185.4644814,49.98390883871479,-0.0002145488171361325,False,True,False,False,100000,False,True,False,4.043307383046505,0.18922587565559928,9.755739071243001,0.028859084691092687,True,Cruise
1,206,1675396185.564611,49.98909691723861,0.0001453744368185076,False,True,False,False,100000,False,True,False,4.048787133286792,0.1599621611053787,9.761023808496955,0.03023774296828455,True,Cruise
1,207,1675396185.6645362,49.98909691723861,0.0001453744368185076,False,True,False,False,100000,False,True,False,4.05901442001957,0.10453371194768422,9.770892323825223,0.025511061969297203,True,Cruise
1,208,1675396185.7645056,49.98909691723861,0.0001453744368185076,False,True,False,False,100000,False,True,False,4.063534796683079,0.07934790211615993,9.775370538333446,0.025977167421244573,True,Cruise
1,209,1675396185.8644826,49.985007756052795,-0.00019989658596273238,False,True,False,False,100000,False,True,False,4.074177990108533,0.008310603885703816,9.78647363569062,0.07268324481678873,True,Cruise
1,210,1675396185.9645247,49.985007756052795,-0.00019989658596273238,False,True,False,False,100000,False,True,False,4.076727956200805,-0.008789422256827368,9.789302228421022,0.017518965665286115,True,Cruise
1,211,1675396186.0644894,49.985007756052795,-0.00019989658596273238,False,True,False,False,100000,False,True,False,4.080373383757553,-0.04363500231039951,9.793569716218597,0.015294122983986797,True,Cruise
1,212,1675396186.1644828,49.93246986453773,0.0009004018061636597,False,True,False,False,100000,False,True,False,4.082183569694475,-0.060551064956545074,9.796005251510225,0.006944776104430943,True,Cruise
1,213,1675396186.2644913,49.93246986453773,0.0009004018061636597,False,True,False,False,100000,False,True,False,4.082450815213027,-0.0651105969386779,9.796569969621915,0.004602136309253452,True,Cruise
1,214,1675396186.364605,49.93246986453773,0.0009004018061636597,False,True,False,False,100000,False,True,False,4.079931096099691,-0.04278126935183688,9.79508053302828,0.012811911184685642,True,Cruise
1,215,1675396186.464608,49.93246986453773,0.0009004018061636597,False,True,False,False,100000,False,True,False,4.078571297468474,-0.03568619959647598,9.793937972555312,0.006657915318947727,True,Cruise
1,216,1675396186.5644875,49.980681349350775,-0.00025758200865633597,False,True,False,False,100000,False,True,False,3.6087353407857354,-0.005115943035825791,9.83630961136448,0.9553723493784335,True,Cruise
1,217,1675396186.6644838,49.980681349350775,-0.00025758200865633597,False,True,False,False,100000,False,True,False,2.1898956446096998,-0.008059212042373056,9.94546003040955,0.46783715815138,True,Cruise
1,218,1675396186.764637,49.980681349350775,-0.00025758200865633597,False,True,False,False,100000,False,True,False,2.1898956446096998,-0.008059212042373056,9.94546003040955,1.0398384844869206,True,Cruise
1,219,1675396186.8644989,49.980681349350775,-0.00025758200865633597,False,True,False,False,100000,False,True,False,0.6536920352035899,0.017103827681440458,9.992426213471953,0.19917357927398271,True,Cruise
1,220,1675396186.9645064,49.98656166285431,-0.00017917782860924647,False,True,False,False,100000,False,True,False,0.5131241033713837,0.023932109009013637,9.974152820493005,0.14191506536106485,True,Cruise
1,221,1675396187.0645437,49.98656166285431,-0.00017917782860924647,False,True,False,False,100000,False,True,False,0.2911691249784142,0.028302010141101397,9.928854530048076,0.11662033454109724,True,Cruise
1,222,1675396187.1645293,49.98656166285431,-0.00017917782860924647,False,True,False,False,100000,False,True,False,0.10908256811545022,0.023826031003854525,9.879110657110292,0.11624206954583122,True,Cruise
1,223,1675396187.2644906,49.98656166285431,-0.00017917782860924647,False,True,False,False,100000,False,True,False,-0.22989396517736527,0.013196373925123692,9.814814428658645,0.10638840412339406,True,Cruise
1,224,1675396187.3644977,49.919655097033605,-0.0010712653728852833,False,True,False,False,100000,False,True,False,-0.3200281380666064,0.009486283046773566,9.793830517673205,0.5375717007247067,True,Cruise
1,225,1675396187.464474,49.919655097033605,-0.0010712653728852833,False,True,False,False,100000,False,True,False,-0.8158344058337328,-0.014747643542928332,9.755217303137302,0.0714518612378912,True,Cruise
1,226,1675396187.564551,49.919655097033605,-0.0010712653728852833,False,True,False,False,100000,False,True,False,-0.7397911290678229,-0.01880413680253471,9.725804176746943,0.08163434989584513,True,Cruise
1,227,1675396187.6645172,49.919655097033605,-0.0010712653728852833,False,True,False,False,100000,False,True,False,-0.6773282160182212,-0.024497128478517573,9.70097197620827,0.06745860837919587,True,Cruise
1,228,1675396187.7644928,49.99070693810965,-0.0001239074918712724,False,True,False,False,100000,False,True,False,-0.6773282160182212,-0.024497128478517573,9.70097197620827,0.06745860837919587,True,Cruise
1,229,1675396187.864547,49.99070693810965,-0.0001239074918712724,False,True,False,False,100000,False,True,False,-0.09294260474867376,-0.048482544117387026,9.60838290036039,0.01845669456133693,True,Cruise
1,230,1675396187.9645057,49.99070693810965,-0.0001239074918712724,False,True,False,False,100000,False,True,False,-0.09294260474867376,-0.048482544117387026,9.60838290036039,0.01845669456133693,True,Cruise
1,231,1675396188.0644746,49.99811098836032,-2.5186821862418276e-05,False,True,False,False,100000,False,True,False,-0.29605974586318834,-0.058934208345688806,9.644818305250082,0.011398656574150538,True,Cruise
1,232,1675396188.1644905,49.99811098836032,-2.5186821862418276e-05,False,True,False,False,100000,False,True,False,-0.299712472774045,-0.05733827062804636,9.65549725372882,0.011398656574150538,True,Cruise
1,233,1675396188.2645223,49.99811098836032,-2.5186821862418276e-05,False,True,False,False,100000,False,True,False,-0.08439904674549821,-0.036529282668523275,9.69588381476457,0.05001158918273239,True,Cruise
1,234,1675396188.364515,49.98280035492255,-0.00022932860103261118,False,True,False,False,100000,False,True,False,-0.035870874248312395,-0.030874734280904193,9.709560272532064,0.04960900693413676,True,Cruise
1,235,1675396188.464521,49.98280035492255,-0.00022932860103261118,False,True,False,False,100000,False,True,False,-0.050222959888230286,-0.022687209849972537,9.74919137633832,0.06648021721965902,True,Cruise
1,236,1675396188.564649,49.98280035492255,-0.00022932860103261118,False,True,False,False,100000,False,True,False,-0.050222959888230286,-0.022687209849972537,9.74919137633832,0.050689327522116856,True,Cruise
1,237,1675396188.664504,49.98280035492255,-0.00022932860103261118,False,True,False,False,100000,False,True,False,0.05932069488953011,-0.012105332677019956,9.774682677952079,0.062335576889296175,True,Cruise
1,238,1675396188.7644873,49.97176015580339,0.0003765312559547702,False,True,False,False,100000,False,True,False,0.21632207328563766,-0.00046415863917562,9.826160351049298,0.026243146951197706,True,Cruise
1,239,1675396188.864545,49.97176015580339,0.0003765312559547702,False,True,False,False,100000,False,True,False,0.15459468155905284,0.009802618017552299,9.84582571948707,0.017244386487478978,True,Cruise
1,240,1675396188.9644842,49.97176015580339,0.0003765312559547702,False,True,False,False,100000,False,True,False,0.19059369679633315,0.00957283954901444,9.863580758609563,0.023172299237522235,True,Cruise
1,241,1675396189.0646727,49.93825718349186,-0.0008232375534418708,False,True,False,False,100000,False,True,False,0.21940856988819765,0.01057504774217734,9.87639634206703,0.012402287901049872,True,Cruise
1,242,1675396189.1644926,49.93825718349186,-0.0008232375534418708,False,True,False,False,100000,False,True,False,0.21940856988819765,0.01057504774217734,9.87639634206703,0.22288905488875194,True,Cruise
1,243,1675396189.2644706,49.93825718349186,-0.0008232375534418708,False,True,False,False,100000,False,True,False,0.04196751498969592,0.0025966430518596043,9.899993859090799,0.043715834377840546,True,Cruise
1,244,1675396189.3644726,49.995643985506376,-5.808019324833003e-05,False,True,False,False,100000,False,True,False,0.11956063237081539,-0.0022792182352106985,9.883266901089877,0.012488274102066996,True,Cruise
1,245,1675396189.4645057,49.995643985506376,-5.808019324833003e-05,False,True,False,False,100000,False,True,False,0.11684490429294729,-0.008623714748789415,9.878340653039967,0.38736822986446223,True,Cruise
1,246,1675396189.5645742,49.995643985506376,-5.808019324833003e-05,False,True,False,False,100000,False,True,False,0.501781451391626,-0.003924310694639808,9.835260311611313,0.38736822986446223,True,Cruise
1,247,1675396189.664579,49.977714966373995,-0.0002971337816800679,False,True,False,False,100000,False,True,False,0.501781451391626,-0.003924310694639808,9.835260311611313,0.26640689490978775,True,Cruise
1,248,1675396189.7645013,49.977714966373995,-0.0002971337816800679,False,True,False,False,100000,False,True,False,-0.026772011765612523,-0.03337294530062128,9.860011083217378,0.1795794778465339,True,Cruise
1,249,1675396189.8644748,49.977714966373995,-0.0002971337816800679,False,True,False,False,100000,False,True,False,-0.048349895727906766,-0.032836812759218355,9.85271301529249,0.01712996491753728,True,Cruise
1,250,1675396189.9645016,49.87931589139009,-0.0016091214481321477,False,True,False,False,100000,False,True,False,0.008718194773325298,-0.028617730059205215,9.824001211267353,0.02191278322078072,True,Cruise
1,251,1675396190.06455,49.87931589139009,-0.0016091214481321477,False,True,False,False,100000,False,True,False,0.008718194773325298,-0.028617730059205215,9.824001211267353,0.02191278322078072,True,Cruise
1,252,1675396190.1644833,49.87931589139009,-0.0016091214481321477,False,True,False,False,100000,False,True,False,-0.2891338343230666,-0.04536733670711453,9.810631897936304,0.1605393497878153,True,Cruise
1,253,1675396190.2644842,49.30390992912524,0.009281200944996815,False,True,False,False,100000,False,True,False,-0.1753230795728176,-0.048345476238503104,9.792757926418213,0.11524424527810169,True,Cruise
1,254,1675396190.3644772,49.30390992912524,0.009281200944996815,False,True,False,False,100000,False,True,False,-1.9693437931605637,0.06392714077291886,9.938364825531695,0.6759111204608306,True,Cruise
1,255,1675396190.4646196,49.989808948103864,-0.00013588069194844945,False,True,False,False,100000,False,True,False,-2.5954493153476967,0.2903131143880897,9.945794574763921,0.13784046463178157,True,Cruise
1,256,1675396190.5645156,49.989808948103864,-0.00013588069194844945,False,True,False,False,100000,False,True,False,-2.5954493153476967,0.2903131143880897,9.945794574763921,0.13784046463178157,True,Cruise
1,257,1675396190.664557,49.989808948103864,-0.00013588069194844945,False,True,False,False,100000,False,True,False,-0.22436949403363848,0.044551356057435626,9.664220134777143,2.400354666742886,True,Cruise
1,258,1675396190.764557,49.350108967550405,0.008665213765994623,False,True,False,False,100000,False,True,False,1.0754963787506682,0.06626188634210832,9.547601161933189,1.3052672596758597,True,Cruise
1,259,1675396190.8644812,49.350108967550405,0.008665213765994623,False,True,False,False,100000,False,True,False,2.631426630418575,0.18432546901392216,9.462950661291998,0.11186469398837322,True,Cruise
1,260,1675396190.9645789,49.350108967550405,0.008665213765994623,False,True,False,False,100000,False,True,False,-0.8142098640677499,0.14955394781261175,9.82688180838405,1.6653509404671039,True,Cruise
1,261,1675396191.0644956,49.8554106505001,-0.0019278579933320165,False,True,False,False,100000,False,True,False,-0.8142098640677499,0.14955394781261175,9.82688180838405,1.6653509404671039,True,Cruise
1,262,1675396191.1645484,49.8554106505001,-0.0019278579933320165,False,True,False,False,100000,False,True,False,-0.7159187187071953,0.3711987257683987,9.792931436668155,1.7545775222890398,True,Cruise
1,263,1675396191.264537,49.232377754718435,0.010234963270420826,False,True,False,False,100000,False,True,False,1.8696604507245216,0.015699271887180434,9.587955253300475,0.979725297560793,True,Cruise
1,264,1675396191.3645294,49.232377754718435,0.010234963270420826,False,True,False,False,100000,False,True,False,1.7873693216774196,0.04970541981346906,9.648070810972719,1.5394831370495554,True,Cruise
1,265,1675396191.4645016,49.232377754718435,0.010234963270420826,False,True,False,False,100000,False,True,False,0.2578957645701839,0.10137349199043802,9.815550295349745,1.5394831370495554,True,Cruise
1,266,1675396191.564566,49.232377754718435,0.010234963270420826,False,True,False,False,100000,False,True,False,-2.1441398158728955,0.49059498902317883,10.019556984120355,0.1424093367954927,True,Cruise
1,267,1675396191.6644807,49.08863659358113,-0.012151512085584957,False,True,False,False,100000,False,True,False,-1.0524545584786542,0.3079077246578686,9.896233683651827,0.651330431154559,True,Cruise
1,268,1675396191.7646365,49.08863659358113,-0.012151512085584957,False,True,False,False,100000,False,True,False,-1.0524545584786542,0.3079077246578686,9.896233683651827,0.651330431154559,True,Cruise
1,269,1675396191.8645349,49.08863659358113,-0.012151512085584957,False,True,False,False,100000,False,True,False,-0.5667804385328614,0.16213715995460015,9.845612961263278,0.3282305776499565,True,Cruise
1,270,1675396191.9645274,49.08863659358113,-0.012151512085584957,False,True,False,False,100000,False,True,False,-1.0363163266927364,-0.14676425187735676,9.87797989179684,0.3282305776499565,True,Cruise
1,271,1675396192.0645082,49.48982269586324,0.006802364055156848,False,True,False,False,100000,False,True,False,-0.5326993796000169,0.03353582175613914,9.804455252568786,0.5399481628127377,True,Cruise
1,272,1675396192.1644652,49.48982269586324,0.006802364055156848,False,True,False,False,100000,False,True,False,0.6380238096567098,-0.22475397336963276,9.683658795090846,0.5334566920338565,True,Cruise
1,273,1675396192.2645,49.48982269586324,0.006802364055156848,False,True,False,False,100000,False,True,False,1.352488732956599,0.1093678438215627,9.639185404139978,0.25824526865279385,True,Cruise
1,274,1675396192.3648224,49.71638574639041,-0.0037815233814612673,False,True,False,False,100000,False,True,False,1.3327610556035288,-0.11120492771584464,9.669549945218009,0.20694072285893875,True,Cruise
1,275,1675396192.4646533,49.71638574639041,-0.0037815233814612673,False,True,False,False,100000,False,True,False,1.3327610556035288,-0.11120492771584464,9.669549945218009,0.20694072285893875,True,Cruise
1,276,1675396192.5644715,49.71638574639041,-0.0037815233814612673,False,True,False,False,100000,False,True,False,1.6090436357468558,-0.3033239294595306,9.723413218804893,0.4068656576063305,True,Cruise
1,277,1675396192.6644576,48.60901135567451,0.018546515257673216,False,True,False,False,100000,False,True,False,1.2236380501995625,-0.18451958189783785,9.777150775213984,0.228140127613454,True,Cruise
1,278,1675396192.76447,48.60901135567451,0.018546515257673216,False,True,False,False,100000,False,True,False,-0.6256132985889234,-0.15280257489551716,9.983330487782236,0.9856283507845263,True,Cruise
1,279,1675396192.8644826,48.17166308344169,0.0243778255541107,False,True,False,False,100000,False,True,False,-1.5679258138579508,0.12524452366236202,10.062071712189336,0.9856283507845263,True,Cruise
1,280,1675396192.9645274,48.82795720629446,0.015627237249407202,False,True,False,False,100000,False,True,False,-2.8100055387398584,0.3272847332789379,10.118833195065294,0.2343857165769185,True,Cruise
1,281,1675396193.0645385,49.72534842314417,0.0036620210247444553,False,True,False,False,100000,False,True,False,-1.2388888304502925,0.7520271255137573,9.921431610499145,0.901646367264791,True,Cruise
1,282,1675396193.1645732,48.23299975836567,0.02356000322179109,False,True,False,False,100000,False,True,False,0.4469016656335982,0.821254542750555,9.744753633990456,1.3178892691317499,True,Cruise
1,283,1675396193.2644832,49.174652558071365,0.011004632559048457,False,True,False,False,100000,False,True,False,0.39447358068403066,0.253485287276019,9.762229563374346,1.5160947661036517,True,Cruise
1,284,1675396193.364492,30.21509645757661,0.00961296693123956,True,True,False,True,16.143397638384407,False,False,False,-1.081752645659042,0.5766689489416834,9.884097480793784,1.5160947661036517,True,Keep distance
1,285,1675396193.4644716,30.21509645757661,0.009128341177556112,True,True,False,True,16.143397638384407,False,False,False,-1.081752645659042,0.5766689489416834,9.884097480793784,2.5145029306875126,True,Keep distance
1,286,1675396193.5644948,30.21509645757661,-0.02176517317627621,True,True,False,True,16.143397638384407,False,False,False,-3.5207854703733124,1.1710975390509433,10.027270521772646,2.5145029306875126,True,Keep distance
1,287,1675396193.6644833,30.21509645757661,-0.01884760191762308,True,True,False,True,16.143397638384407,False,False,False,-3.861264345960578,1.349886526432704,9.949761926158594,0.2608893535912955,True,Keep distance
1,288,1675396193.7644794,30.21509645757661,-0.01884760191762308,True,True,False,True,16.143397638384407,False,False,False,-3.987683970085692,0.9385436336621414,9.93745883550314,0.4200886395138092,True,Keep distance
1,289,1675396193.864553,30.21509645757661,-0.01884760191762308,True,True,False,True,16.143397638384407,False,False,False,-4.064157629442946,0.631173964419289,9.903890097958124,0.3185140409563069,True,Keep distance
1,290,1675396193.9644964,30.21509645757661,-0.01884760191762308,True,True,False,True,16.143397638384407,False,False,False,-4.4934612719695055,0.23223400909861103,9.788703532993111,0.19783690550630645,True,Keep distance
1,291,1675396194.0644825,30.21509645757661,-0.013547548807233578,True,True,False,True,16.143397638384407,False,False,False,-4.566077472280015,0.032134172308910754,9.761792112997778,0.2145630018362111,True,Keep distance
1,292,1675396194.1644926,30.21509645757661,-0.013547548807233578,True,True,False,True,16.143397638384407,False,False,False,-4.628808019959705,-0.3063711810854891,9.71019228350371,0.11970238538912847,True,Keep distance
1,293,1675396194.264503,30.21509645757661,-0.013547548807233578,True,True,False,True,16.143397638384407,False,False,False,-4.663496703548624,-0.5731052368250065,9.670187628429986,0.1431251033386068,True,Keep distance
1,294,1675396194.3645184,28.083525602662338,-0.013547548807233578,True,True,False,True,14.722350401774891,False,False,False,-4.663496703548624,-0.5731052368250065,9.670187628429986,0.1431251033386068,True,Keep distance
1,295,1675396194.4644837,28.083525602662338,-0.003789544144467986,True,True,False,True,14.722350401774891,False,False,False,-3.9532723713374165,-0.5514267434245671,9.551127529979135,0.7204608706821591,True,Keep distance
1,296,1675396194.5646071,28.083525602662338,-0.003789544144467986,True,True,False,True,14.722350401774891,False,False,False,-4.123802560448175,-0.591601089438768,9.564945262524066,0.0912612164344922,True,Keep distance
1,297,1675396194.6645792,28.083525602662338,-0.003789544144467986,True,True,False,True,14.722350401774891,False,False,False,-4.260283306443708,-0.5313384827164168,9.61080635269945,0.024477785164552218,True,Keep distance
1,298,1675396194.7646124,28.083525602662338,-0.017119644789103647,True,True,False,True,14.722350401774891,False,False,False,-4.252991515578155,-0.5655150012015222,9.639597591815646,0.030916806129793074,True,Keep distance
1,299,1675396194.8644996,28.083525602662338,-0.017119644789103647,True,True,False,True,14.722350401774891,False,False,False,-4.252991515578155,-0.5655150012015222,9.639597591815646,0.030916806129793074,True,Keep distance
1,300,1675396194.9644923,28.083525602662338,-0.017119644789103647,True,True,False,True,14.722350401774891,False,False,False,-4.111802994237468,-0.6577446160034713,9.682737584860076,0.1740734310707955,True,Keep distance
1,301,1675396195.0645196,28.083525602662338,-0.021160543815165352,True,True,False,True,14.722350401774891,False,False,False,-4.0184405997794075,-0.7238928554383991,9.71606768513503,0.05640913735058724,True,Keep distance
1,302,1675396195.1644871,28.083525602662338,-0.021160543815165352,True,True,False,True,14.722350401774891,False,False,False,-3.885190017712792,-0.616780803390064,9.786621531404142,0.038537924005866316,True,Keep distance
1,303,1675396195.2645316,26.063641311197724,-0.021160543815165352,True,False,False,True,13.375760874131815,False,False,False,-3.885190017712792,-0.616780803390064,9.786621531404142,0.038537924005866316,True,Keep distance
1,304,1675396195.3645082,26.063641311197724,-0.021160543815165352,True,False,False,True,13.375760874131815,False,False,False,-3.8318673846983287,-0.7120176852212914,9.834108088918962,0.1190308363288208,True,Keep distance
1,305,1675396195.4644675,26.063641311197724,-0.017615295628251534,True,False,False,True,13.375760874131815,False,False,False,-3.8119110775789973,-0.7176072909797391,9.859484192199922,0.014946200078022281,True,Keep distance
1,306,1675396195.5644615,26.063641311197724,-0.017615295628251534,True,False,False,True,13.375760874131815,False,False,False,-3.8294966090422493,-0.3147571904556672,9.847598398232558,0.4284814685582808,True,Keep distance
1,307,1675396195.6645052,26.063641311197724,-0.017615295628251534,True,False,False,True,13.375760874131815,False,False,False,-3.8326539980603784,-0.4120138352776516,9.85617576411397,0.09768518451077964,True,Keep distance
1,308,1675396195.7644768,26.063641311197724,-0.017615295628251534,True,False,False,True,13.375760874131815,False,False,False,-3.8326539980603784,-0.4120138352776516,9.85617576411397,0.13031758229831406,True,Keep distance
1,309,1675396195.86448,26.063641311197724,-0.02120342448282197,True,False,False,True,13.375760874131815,False,False,False,-3.8465468892754693,-0.5758329219113413,9.875813425296517,0.023610450169088762,True,Keep distance
1,310,1675396195.9646342,26.063641311197724,-0.02120342448282197,True,False,False,True,13.375760874131815,False,False,False,-3.8627298178774456,-0.6010370339774255,9.881880838054444,0.009487602792968036,True,Keep distance
1,311,1675396196.064539,26.063641311197724,-0.02120342448282197,True,False,False,True,13.375760874131815,False,False,False,-3.8972031293801845,-0.7091814768798439,9.881470718686945,0.018152151688652123,True,Keep distance
1,312,1675396196.164541,26.063641311197724,-0.02120342448282197,True,False,False,True,13.375760874131815,False,False,False,-3.9083914521496177,-0.71431341558453,9.878928725170574,0.012568893837523682,True,Keep distance
1,313,1675396196.2644958,26.063641311197724,-0.018127788844934507,True,False,False,True,13.375760874131815,False,False,False,-3.9083914521496177,-0.71431341558453,9.878928725170574,0.03602205002813954,True,Keep distance
1,314,1675396196.3644886,26.063641311197724,-0.018127788844934507,True,False,False,True,13.375760874131815,False,False,False,-3.950796686725142,-0.734935615416641,9.860237529498736,0.01618126269971924,True,Keep distance
1,315,1675396196.4644856,26.063641311197724,-0.018127788844934507,True,False,False,True,13.375760874131815,False,False,False,-3.966463914769279,-0.665892361226313,9.847432771818116,0.030809177564132404,True,Keep distance
1,316,1675396196.5644772,26.063641311197724,-0.020612779287546675,True,False,False,True,13.375760874131815,False,False,False,-3.981719759643206,-0.6405454867680851,9.834123169135662,0.016530003001127183,True,Keep distance
1,317,1675396196.664551,26.063641311197724,-0.020612779287546675,True,False,False,True,13.375760874131815,False,False,False,-3.988630359984948,-0.6270604221682192,9.827517290324222,0.016530003001127183,True,Keep distance
1,318,1675396196.7645118,24.486492924307136,-0.020612779287546675,True,False,False,True,12.324328616204756,False,False,False,-4.010270181732007,-0.5945154483505055,9.803648265585016,0.007043394422677319,True,Keep distance
1,319,1675396196.8645022,24.486492924307136,-0.020612779287546675,True,False,False,True,12.324328616204756,False,False,False,-4.0152272769471145,-0.5676342950522818,9.79404715531323,0.013444145144306599,True,Keep distance
1,320,1675396196.9644878,24.486492924307136,-0.017058240534821894,True,False,False,True,12.324328616204756,False,False,False,-4.016141857373201,-0.5549362088951262,9.790014245135852,0.013354482914329665,True,Keep distance
1,321,1675396197.0644834,24.486492924307136,-0.017058240534821894,True,False,False,True,12.324328616204756,False,False,False,-4.015733105955727,-0.5390331957917902,9.783686437523208,0.007140852985362719,True,Keep distance
1,322,1675396197.1644793,24.486492924307136,-0.017058240534821894,True,False,False,True,12.324328616204756,False,False,False,-4.007667437207228,-0.4671410873798895,9.778403305712057,0.07253579630777471,True,Keep distance
1,323,1675396197.26447,24.486492924307136,-0.017019161673327166,True,False,False,True,12.324328616204756,False,False,False,-4.004646745583542,-0.4550937316825658,9.777880178454884,0.012431291940520355,True,Keep distance
1,324,1675396197.3645012,24.486492924307136,-0.017019161673327166,True,False,False,True,12.324328616204756,False,False,False,-3.9990598376900723,-0.442670698924309,9.778511503216825,0.007041736930249636,True,Keep distance
1,325,1675396197.464475,24.486492924307136,-0.017019161673327166,True,False,False,True,12.324328616204756,False,False,False,-3.996203886415548,-0.43422218405838475,9.779540824398415,0.011110877984599423,True,Keep distance
1,326,1675396197.5644708,22.88388832014907,-0.017019161673327166,True,False,False,True,11.255925546766045,False,False,False,-3.9900655401113387,-0.41274229210597724,9.782732687452667,0.011457744267555253,True,Keep distance
1,327,1675396197.6645107,22.88388832014907,-0.0148332078398305,True,False,False,True,11.255925546766045,False,False,False,-3.9900655401113387,-0.41274229210597724,9.782732687452667,0.011457744267555253,True,Keep distance
1,328,1675396197.7644758,22.88388832014907,-0.0148332078398305,True,False,False,True,11.255925546766045,False,False,False,-3.973328236109193,-0.3531131285700716,9.794759103576917,0.03250170441671767,True,Keep distance
1,329,1675396197.8645165,22.88388832014907,-0.0148332078398305,True,False,False,True,11.255925546766045,False,False,False,-3.969821488079129,-0.3309671448789114,9.797441352795907,0.022581769998568892,True,Keep distance
1,330,1675396197.9645054,22.88388832014907,-0.012607539629749462,True,False,False,True,11.255925546766045,False,False,False,-3.964520066633819,-0.31530796919038573,9.802843707820783,0.006741484570447649,True,Keep distance
1,331,1675396198.0646358,22.88388832014907,-0.012607539629749462,True,False,False,True,11.255925546766045,False,False,False,-3.962523232776648,-0.30995107389164445,9.805454028306608,0.006284699335174241,True,Keep distance
1,332,1675396198.164559,22.88388832014907,-0.012607539629749462,True,False,False,True,11.255925546766045,False,False,False,-3.956557804595623,-0.2545755448546819,9.812274221128847,0.011879153544647277,True,Keep distance
1,333,1675396198.264495,22.88388832014907,-0.01266519474575186,True,False,False,True,11.255925546766045,False,False,False,-3.954491389947146,-0.23562932699751196,9.815942949763782,0.007540255464263373,True,Keep distance
1,334,1675396198.3644843,22.88388832014907,-0.012218453632347186,True,False,False,True,11.255925546766045,False,False,False,-3.953909848564375,-0.2218105334870374,9.818739754866042,0.0072319740755488,True,Keep distance
1,335,1675396198.464462,22.88388832014907,-0.012218453632347186,True,False,False,True,11.255925546766045,False,False,False,-3.9540542019319114,-0.2044432338273168,9.820559654704047,0.011378105184047946,True,Keep distance
1,336,1675396198.5644548,21.633909467029028,-0.012218453632347186,True,False,False,True,10.422606311352684,False,False,False,-3.955494783193972,-0.18559854582241445,9.821558915595107,0.0147878988997838,True,Keep distance
1,337,1675396198.6645272,21.633909467029028,-0.004131826395638514,True,False,False,True,10.422606311352684,False,False,False,-3.9572189340244375,-0.18017009177303936,9.821212082584363,0.002534045125901809,True,Keep distance
1,338,1675396198.764615,21.633909467029028,-0.004131826395638514,True,False,False,True,10.422606311352684,False,False,False,-3.958260164728449,-0.20430992103289575,9.820776733738033,0.02416619636376393,True,Keep distance
1,339,1675396198.8645222,21.633909467029028,-0.004131826395638514,True,False,False,True,10.422606311352684,False,False,False,-3.9565650255168245,-0.11088612666708801,9.81993120948626,0.06033262982495741,True,Keep distance
1,340,1675396198.9644878,21.633909467029028,-0.013687709036131132,True,False,False,True,10.422606311352684,False,False,False,-3.9563975175524324,-0.030237340252304637,9.818300240887554,0.020346323056060094,True,Keep distance
1,341,1675396199.0646217,21.633909467029028,-0.013687709036131132,True,False,False,True,10.422606311352684,False,False,False,-3.9563975175524324,-0.030237340252304637,9.818300240887554,0.015729093555037075,True,Keep distance
1,342,1675396199.164507,21.633909467029028,-0.006955097163474081,True,False,False,True,10.422606311352684,False,False,False,-3.967675891966789,-0.1188943079252147,9.814159396608451,0.053976444362622306,True,Keep distance
1,343,1675396199.2644997,21.633909467029028,0.01838222497183082,True,False,False,True,10.422606311352684,False,False,False,-3.9706260079659095,-0.1257356060865805,9.812166546493732,0.008496227284087925,True,Keep distance
1,344,1675396199.3644948,21.633909467029028,0.030732198355125123,True,False,False,True,10.422606311352684,False,False,False,-3.9706260079659095,-0.1257356060865805,9.812166546493732,0.06714820002979013,True,Keep distance
1,345,1675396199.4645019,20.597370889815046,0.029478743178004262,True,False,False,True,9.73158059321003,False,False,False,-3.9693147568835636,-0.027103432077055997,9.809980347475173,0.0315195895380939,True,Keep distance
1,346,1675396199.5644991,20.597370889815046,0.02911262216950136,True,False,False,True,9.73158059321003,False,False,False,-3.962157043299157,0.4309305175695195,9.806893119439113,0.45810027599811015,True,Keep distance
1,347,1675396199.6644943,20.597370889815046,0.02911262216950136,True,False,False,True,9.73158059321003,False,False,False,-3.964191679229102,0.570476579684001,9.806455135970474,0.13956158147765793,True,Keep distance
1,348,1675396199.7644007,20.597370889815046,0.0381978482598019,True,False,False,True,9.73158059321003,False,False,False,-3.972534247582185,0.5901091201055297,9.806054919995272,0.0820486034051025,True,Keep distance
1,349,1675396199.8644974,20.597370889815046,0.03241573180036992,True,False,False,True,9.73158059321003,False,False,False,-3.980207194360203,0.7285840443417244,9.805801631825256,0.0820486034051025,True,Keep distance
1,350,1675396199.9645603,20.597370889815046,0.036679211987787515,True,False,False,True,9.73158059321003,False,False,False,-3.98272052360544,0.7747722994297163,9.80564291660439,0.04625685811303771,True,Keep distance
1,351,1675396200.0644794,20.597370889815046,0.015224815087133208,True,False,False,True,9.73158059321003,False,False,False,-3.991662797693782,1.0704177329780438,9.805457631572956,0.29578069743374474,True,Keep distance
1,352,1675396200.164535,20.597370889815046,-0.0006077302464446612,True,False,False,True,9.73158059321003,False,False,False,-3.9947775116367485,1.2180872745783229,9.805416846497165,0.1753652600913244,True,Keep distance
1,353,1675396200.2644753,20.597370889815046,-0.0006077302464446612,True,False,False,True,9.73158059321003,False,False,False,-3.984596553752941,1.0201867410465564,9.804422809556156,0.19816473244507912,True,Keep distance
1,354,1675396200.364525,20.597370889815046,0.00728058335955679,True,False,False,True,9.73158059321003,False,False,False,-3.976939465387828,0.928447146975367,9.803977666028121,0.09205966693041151,True,Keep distance
1,355,1675396200.4645028,20.597370889815046,0.00728058335955679,True,False,False,True,9.73158059321003,False,False,False,-3.9601651768877497,0.577450070641695,9.803353355651105,0.13166099636580667,True,Keep distance
1,356,1675396200.5646462,20.597370889815046,0.00728058335955679,True,False,False,True,9.73158059321003,False,False,False,-3.9601651768877497,0.577450070641695,9.803353355651105,0.09047060568456503,True,Keep distance
1,357,1675396200.6645792,20.597370889815046,0.00728058335955679,True,False,False,True,9.73158059321003,False,False,False,-3.967481326980485,0.4181731489896334,9.806313199119742,0.08611535624766423,True,Keep distance
1,358,1675396200.7645476,20.597370889815046,0.00728058335955679,True,False,False,True,9.73158059321003,False,False,False,-3.9686163887686425,0.3320676869274633,9.80695788467051,0.08383650299701993,True,Keep distance
1,359,1675396200.8645053,20.597370889815046,0.029981362901791993,True,False,False,True,9.73158059321003,False,False,False,-3.9678853849986497,0.11484301126034865,9.808478699082098,0.06031468625994453,True,Keep distance
1,360,1675396200.964516,19.875007914070622,0.029981362901791993,True,False,False,True,9.250005276047082,False,False,False,-3.9671759332405987,0.06656539890702265,9.808917905853614,0.04828482244891414,True,Keep distance
1,361,1675396201.0645604,19.875007914070622,0.029981362901791993,True,False,False,True,9.250005276047082,False,False,False,-3.971001012865615,0.13997319617315562,9.8107176405659,0.1323598340564498,True,Keep distance
1,362,1675396201.1644924,19.875007914070622,0.029981362901791993,True,False,False,True,9.250005276047082,False,False,False,-3.9782201902133756,0.31409062385678344,9.811829706809089,0.015939877131006662,True,Keep distance
1,363,1675396201.264482,19.875007914070622,0.02295679557267959,True,False,False,True,9.250005276047082,False,False,False,-3.98029570301089,0.3862946425906715,9.811983479053712,0.03485886904865708,True,Keep distance
1,364,1675396201.3645082,19.875007914070622,0.02295679557267959,True,False,False,True,9.250005276047082,False,False,False,-3.980129810752502,0.45361816514000747,9.811848556845883,0.06732386213442089,True,Keep distance
