repetition,iteration,time,speed,steering,obstacle_North,obstacle_NorthWest,obstacle_SouthWest,obstacle_West,obstacle_distance,follow_enable,steady_motion_enable,passing_start,accel_x,accel_y,accel_z,accel_diff,success,action
1,1,1675454138.8305838,0.0,0.0,False,True,False,True,100000,False,True,False,0.026069124716956896,-1.5616821163204193e-13,9.801129425044833,0.0015080151210427855,True,Cruise
1,2,1675454138.8307335,0.0,0.0,False,True,False,True,100000,False,True,False,0.026069124716956896,-1.5616821163204193e-13,9.801129425044833,0.0015080151210427855,True,Cruise
1,3,1675454138.9308903,0.0,0.0,False,True,False,True,100000,False,True,False,0.028448481983594204,3.663929552820479e-14,9.803222137392492,0.0016624299539224577,True,Cruise
1,4,1675454139.0308669,49.752147208603745,-0.0033047038852834576,False,True,False,True,100000,False,True,False,0.028448481983594204,3.663929552820479e-14,9.803222137392492,0.0016624299539224577,True,Cruise
1,5,1675454139.130895,49.66259870777585,-0.004498683896322018,False,True,False,True,100000,False,True,False,0.031429934555080585,2.372520836301842e-13,9.8053455119133,0.0016624299539224577,True,Cruise
1,6,1675454139.2309375,49.90751566388016,0.0012331244815978746,False,True,False,True,100000,False,True,False,1.0193588715680986,0.01363776397538949,9.711473654843461,0.913021700663642,True,Cruise
1,7,1675454139.3309548,49.90751566388016,0.0012331244815978746,False,True,False,True,100000,False,True,False,2.606634754926962,-0.009221049141062669,9.596846867577066,0.913021700663642,True,Cruise
1,8,1675454139.4309242,49.60077379633595,-0.0053230160488539555,False,True,False,True,100000,False,True,False,3.326997170624067,-0.022632288180688773,9.57999374917236,0.2733934537530616,True,Cruise
1,9,1675454139.5309882,49.60077379633595,-0.0053230160488539555,False,True,False,True,100000,False,True,False,3.6029586075238145,0.029848952692572112,9.614503095888452,0.16737382546204957,True,Cruise
1,10,1675454139.6308935,49.758647790769714,-0.003218029456403819,False,True,False,True,100000,False,True,False,3.6029586075238145,0.029848952692572112,9.614503095888452,0.20101195351552972,True,Cruise
1,11,1675454139.730893,49.758647790769714,-0.003218029456403819,False,True,False,True,100000,False,True,False,3.8992822316907647,-0.010923608106817298,9.685330987298698,0.10767007096117436,True,Cruise
1,12,1675454139.8309162,49.599466408427844,-0.0053404478876287135,False,True,False,True,100000,False,True,False,4.124575648773212,-0.004026484573482003,9.730269839078124,0.11171757527799665,True,Cruise
1,13,1675454139.93164,49.982302272055335,0.00023596970592885415,False,True,False,True,100000,False,True,False,4.33503932334639,0.005008715367867285,9.773156683076076,0.10328578522558005,True,Cruise
1,14,1675454140.0309253,49.982302272055335,0.00023596970592885415,False,True,False,True,100000,False,True,False,4.33503932334639,0.005008715367867285,9.773156683076076,0.10328578522558005,True,Cruise
1,15,1675454140.1309586,49.982302272055335,0.00023596970592885415,False,True,False,True,100000,False,True,False,4.60787676165355,0.00619435110720099,9.8508426949165,0.11883197883611597,True,Cruise
1,16,1675454140.2309194,49.80615711741459,0.0025845717678054905,False,True,False,True,100000,False,True,False,4.60787676165355,0.00619435110720099,9.8508426949165,0.11883197883611597,True,Cruise
1,17,1675454140.3309379,49.0981508855383,-0.012024654859489281,False,True,False,False,100000,False,True,False,4.671352428249446,0.005274170626462048,9.894466826237387,0.01794208492544601,True,Cruise
1,18,1675454140.4328203,49.0981508855383,-0.012024654859489281,False,True,False,False,100000,False,True,False,4.669694026212645,0.007216242157772777,9.90499331691816,0.010831848651121065,True,Cruise
1,19,1675454140.5332499,49.79227157276045,0.0027697123631940162,False,True,False,False,100000,False,True,False,4.658298937263758,0.04787879152148216,9.913283565141196,0.04303509252352884,True,Cruise
1,20,1675454140.6339164,49.79227157276045,0.0027697123631940162,False,True,False,False,100000,False,True,False,4.610459630848769,-0.043035753215965714,9.922951912308754,0.034579662076158944,True,Cruise
1,21,1675454140.7323503,49.60352397885763,-0.005286346948564981,False,True,False,False,100000,False,True,False,4.610459630848769,-0.043035753215965714,9.922951912308754,0.08312209359551968,True,Cruise
1,22,1675454140.831218,49.60352397885763,-0.005286346948564981,False,True,False,False,100000,False,True,False,4.536784494150768,-0.004551685843883163,9.923434856129713,0.05145262100505441,True,Cruise
1,23,1675454140.9308934,49.697243014638644,-0.004036759804818043,False,True,False,False,100000,False,True,False,4.396191286874088,0.0001725568743059622,9.908516288075663,0.054670908182879514,True,Cruise
1,24,1675454141.03086,48.851559463208005,-0.015312540490559922,False,True,False,False,100000,False,True,False,4.243729146949339,-0.016244138157489183,9.878676616918083,0.05253145583382124,True,Cruise
1,25,1675454141.1309617,48.851559463208005,-0.015312540490559922,False,True,False,False,100000,False,True,False,4.243729146949339,-0.016244138157489183,9.878676616918083,0.05253145583382124,True,Cruise
1,26,1675454141.2310727,49.478686014627876,0.006950853138294983,False,True,False,False,100000,False,True,False,4.1021253937976105,-0.03542700713964455,9.839667790688779,0.05103895839473421,True,Cruise
1,27,1675454141.3311107,49.478686014627876,0.006950853138294983,False,True,False,False,100000,False,True,False,4.060305696034742,-0.11900160619583851,9.825721002976863,0.09448869570410245,True,Cruise
1,28,1675454141.4310465,49.630718900047064,0.004923747999372476,False,True,False,False,100000,False,True,False,3.988151448158519,0.03918774491084611,9.79771739363781,0.05718650995505458,True,Cruise
1,29,1675454141.5309784,49.630718900047064,0.004923747999372476,False,True,False,False,100000,False,True,False,3.957718217659377,0.0504087199352526,9.784157945000034,0.03515608690501202,True,Cruise
1,30,1675454141.6309452,49.95478421949589,0.0006028770733881257,False,True,False,False,100000,False,True,False,3.909084518350307,0.022412416933832675,9.758856240631042,0.027461004587614465,True,Cruise
1,31,1675454141.731038,49.95478421949589,0.0006028770733881257,False,True,False,False,100000,False,True,False,3.891043731371029,0.019345423510968646,9.747433264108563,0.02157222371756517,True,Cruise
1,32,1675454141.831021,49.319794174036225,0.009069411012850349,False,True,False,False,100000,False,True,False,3.8672543745400043,0.012596826794276508,9.727698625580794,0.011564773348675112,True,Cruise
1,33,1675454141.9310086,49.319794174036225,0.009069411012850349,False,True,False,False,100000,False,True,False,3.8611976184411683,0.0070101961483875624,9.719583870735955,0.007458497521784634,True,Cruise
1,34,1675454142.0309594,49.19563730262287,0.01072483596502841,False,True,False,False,100000,False,True,False,3.863398227574938,0.03649081589186584,9.702949780139539,0.02012059520582815,True,Cruise
1,35,1675454142.1309414,49.19563730262287,0.01072483596502841,False,True,False,False,100000,False,True,False,3.869889441250019,0.05531128255259616,9.700035585373643,0.009444736749877815,True,Cruise
1,36,1675454142.2309642,49.19563730262287,0.01072483596502841,False,True,False,False,100000,False,True,False,3.8895887345631244,0.05855598490802548,9.698021696973397,0.012458166602567189,True,Cruise
1,37,1675454142.3309453,49.19563730262287,0.01072483596502841,False,True,False,False,100000,False,True,False,3.8895887345631244,0.05855598490802548,9.698021696973397,0.012458166602567189,True,Cruise
1,38,1675454142.4309301,49.769526257644536,0.0030729832314061838,False,True,False,False,100000,False,True,False,3.930973465895968,0.058118605113382765,9.70358352542654,0.012458166602567189,True,Cruise
1,39,1675454142.5310059,49.769526257644536,0.0030729832314061838,False,True,False,False,100000,False,True,False,3.96266223498076,0.05929877037761524,9.711953831380878,0.028462262073084606,True,Cruise
1,40,1675454142.6309996,49.769526257644536,0.0030729832314061838,False,True,False,False,100000,False,True,False,3.9952465353917046,0.03761197111729284,9.722970877359044,0.047760944027502576,True,Cruise
1,41,1675454142.7309358,49.769526257644536,0.0030729832314061838,False,True,False,False,100000,False,True,False,4.026316618923189,0.01533821140817341,9.735710796319589,0.016909804903509854,True,Cruise
1,42,1675454142.8309364,49.437250813633035,0.007503322484892857,False,True,False,False,100000,False,True,False,4.026316618923189,0.01533821140817341,9.735710796319589,0.016909804903509854,True,Cruise
1,43,1675454142.9310868,49.437250813633035,0.007503322484892857,False,True,False,False,100000,False,True,False,4.066178450106313,0.01407540020452011,9.755975423394915,0.014098940829094148,True,Cruise
1,44,1675454143.030996,49.437250813633035,0.007503322484892857,False,True,False,False,100000,False,True,False,4.086907133495527,0.021232336032985168,9.76895605518505,0.025867893477898883,True,Cruise
1,45,1675454143.1309435,49.437250813633035,0.007503322484892857,False,True,False,False,100000,False,True,False,4.095350542234387,0.029249317965040576,9.774996340259293,0.013116714306886323,True,Cruise
1,46,1675454143.230949,49.63826192216951,0.004823174371073164,False,True,False,False,100000,False,True,False,4.113165004568912,0.022904212674446128,9.790423280756931,0.0069689322466863985,True,Cruise
1,47,1675454143.3309608,49.63826192216951,0.004823174371073164,False,True,False,False,100000,False,True,False,4.118982104907378,0.013771108875396535,9.797975325923877,0.0069689322466863985,True,Cruise
1,48,1675454143.4309292,49.63826192216951,0.004823174371073164,False,True,False,False,100000,False,True,False,4.120173699700092,0.007648383015845926,9.800852532986971,0.01320172820336754,True,Cruise
1,49,1675454143.530949,49.63826192216951,0.004823174371073164,False,True,False,False,100000,False,True,False,4.1202540853843805,0.007832649873262525,9.803123541894113,0.002279889819552526,True,Cruise
1,50,1675454143.630985,49.78146909887959,0.00291374534827216,False,True,False,False,100000,False,True,False,4.117494984351499,0.011893632005577848,9.805863891950608,0.0029461127250794113,True,Cruise
1,51,1675454143.7309303,49.78146909887959,0.00291374534827216,False,True,False,False,100000,False,True,False,4.107853802130916,0.007362220539356423,9.805760044564721,0.01253606167307669,True,Cruise
1,52,1675454143.8308618,49.78146909887959,0.00291374534827216,False,True,False,False,100000,False,True,False,4.107853802130916,0.007362220539356423,9.805760044564721,0.01253606167307669,True,Cruise
1,53,1675454143.930844,49.065704417945014,0.012457274427399821,False,True,False,False,100000,False,True,False,4.107853802130916,0.007362220539356423,9.805760044564721,0.015510927171578197,True,Cruise
1,54,1675454144.0308514,49.065704417945014,0.012457274427399821,False,True,False,False,100000,False,True,False,4.089017597947483,0.002267843064513183,9.799375746128106,0.005536139608059131,True,Cruise
1,55,1675454144.13084,49.065704417945014,0.012457274427399821,False,True,False,False,100000,False,True,False,4.078248792542194,0.038750297248917646,9.794459481538174,0.005536139608059131,True,Cruise
1,56,1675454144.2308562,49.703572288536485,0.003952369486180202,False,True,False,False,100000,False,True,False,4.07281654454355,0.06920873052589253,9.791753240084818,0.027604743202789724,True,Cruise
1,57,1675454144.3310134,49.679529573203766,0.004272939023949855,False,True,False,False,100000,False,True,False,4.062857990856447,0.07694789437834922,9.786052079040672,0.005617235617296078,True,Cruise
1,58,1675454144.4308734,49.679529573203766,0.004272939023949855,False,True,False,False,100000,False,True,False,4.051802989149639,0.025148532822479214,9.777451012380551,0.021680844143501875,True,Cruise
1,59,1675454144.5309339,49.679529573203766,0.004272939023949855,False,True,False,False,100000,False,True,False,4.0487137280947305,0.024726660854631186,9.774807385297887,0.004087820198446185,True,Cruise
1,60,1675454144.6308637,49.75539599762932,0.0032613866982757122,False,True,False,False,100000,False,True,False,4.045852391925403,0.029976021568034684,9.772340394095478,0.006467540349011245,True,Cruise
1,61,1675454144.7308977,49.75539599762932,0.0032613866982757122,False,True,False,False,100000,False,True,False,4.041113676576367,0.034944311973887095,9.768015694709504,0.0031517655729008213,True,Cruise
1,62,1675454144.8309264,49.75539599762932,0.0032613866982757122,False,True,False,False,100000,False,True,False,4.0380404587472585,0.026323941691546338,9.764596722275119,0.010203619387770767,True,Cruise
1,63,1675454144.930899,49.75539599762932,0.0032613866982757122,False,True,False,False,100000,False,True,False,4.0380404587472585,0.026323941691546338,9.764596722275119,0.011427390153315804,True,Cruise
1,64,1675454145.0308948,49.73547556581033,0.0035269924558622443,False,True,False,False,100000,False,True,False,4.036380699024781,0.012351200345675236,9.761337137501382,0.0030254693396712133,True,Cruise
1,65,1675454145.1308668,49.73547556581033,0.0035269924558622443,False,True,False,False,100000,False,True,False,4.037584470595644,0.007011941705522192,9.760300034907926,0.0006776088902893138,True,Cruise
1,66,1675454145.2308545,49.73547556581033,0.0035269924558622443,False,True,False,False,100000,False,True,False,4.038491376224082,0.0065017295493920955,9.760402700448608,0.0013806508296577993,True,Cruise
1,67,1675454145.3309731,49.61666483208588,0.005111135572188201,False,True,False,False,100000,False,True,False,4.039604958886293,0.0057428663000483006,9.760703128371167,0.0014570903748801687,True,Cruise
1,68,1675454145.4308677,49.61666483208588,0.005111135572188201,False,True,False,False,100000,False,True,False,4.040890267339984,0.005251999891455525,9.761182862368663,0.0014570903748801687,True,Cruise
1,69,1675454145.5308728,49.61666483208588,0.005111135572188201,False,True,False,False,100000,False,True,False,4.0453432580914335,0.013865870167227354,9.763501532461953,0.009970161421052183,True,Cruise
1,70,1675454145.6309643,49.39626690963209,0.00804977453823877,False,True,False,False,100000,False,True,False,4.046918134787673,0.02132970459438699,9.764493515787384,0.007692404817893124,True,Cruise
1,71,1675454145.7309337,49.39626690963209,0.00804977453823877,False,True,False,False,100000,False,True,False,4.050161315801656,0.02666359278963617,9.76666190503303,0.0029314212972853856,True,Cruise
1,72,1675454145.8308775,49.39626690963209,0.00804977453823877,False,True,False,False,100000,False,True,False,4.054594141204725,0.048241714284927475,9.770095316713697,0.02524079154293635,True,Cruise
1,73,1675454145.9308617,49.39626690963209,0.00804977453823877,False,True,False,False,100000,False,True,False,4.054594141204725,0.048241714284927475,9.770095316713697,0.02524079154293635,True,Cruise
1,74,1675454146.0308566,47.1642288907422,0.037810281456770685,False,True,False,False,100000,False,True,False,4.057016918367974,0.06954228939446828,9.772282991885248,0.0036245844965133362,True,Cruise
1,75,1675454146.1308515,47.1642288907422,0.037810281456770685,False,True,False,False,100000,False,True,False,4.059166527445347,0.07582619314168326,9.774227178246816,0.0032955871695848553,True,Cruise
1,76,1675454146.230853,47.1642288907422,0.037810281456770685,False,True,False,False,100000,False,True,False,4.057278536110488,0.22779103713622795,9.776226204835362,0.2339026053363403,True,Cruise
1,77,1675454146.33088,47.1642288907422,0.037810281456770685,False,True,False,False,100000,False,True,False,4.054173151255957,0.35698448604512956,9.777203741478559,0.12923446225353558,True,Cruise
1,78,1675454146.4308538,49.474018090621826,0.0070130921250423596,False,True,False,False,100000,False,True,False,4.049611783628742,0.40746206313977973,9.778545359605772,0.010634133361749011,True,Cruise
1,79,1675454146.5308506,49.474018090621826,0.0070130921250423596,False,True,False,False,100000,False,True,False,4.047818779168507,0.523340731111168,9.779085598146796,0.11589379799410696,True,Cruise
1,80,1675454146.6308515,49.474018090621826,0.0070130921250423596,False,True,False,False,100000,False,True,False,4.056929234204347,0.302840607887023,9.778241094206347,0.11080647347027948,True,Cruise
1,81,1675454146.7309313,47.65444963096526,0.03127400492046319,False,True,False,False,100000,False,True,False,4.066582826105928,0.17386856658438027,9.777468285849134,0.008281995295359992,True,Cruise
1,82,1675454146.8308966,47.65444963096526,0.03127400492046319,False,True,False,False,100000,False,True,False,4.066815959078391,0.1850349350244873,9.777316479449151,0.0029857532724009935,True,Cruise
1,83,1675454146.9309275,47.65444963096526,0.03127400492046319,False,True,False,False,100000,False,True,False,4.064313740118,0.15241560414404093,9.77715337714746,0.021899879537743763,True,Cruise
1,84,1675454147.0309284,47.65444963096526,0.03127400492046319,False,True,False,False,100000,False,True,False,4.064313740118,0.15241560414404093,9.77715337714746,0.021899879537743763,True,Cruise
1,85,1675454147.1310937,47.97343874274802,0.027020816763359767,False,True,False,False,100000,False,True,False,4.051903405138351,0.30974576102898843,9.777336652334977,0.15781897309748175,True,Cruise
1,86,1675454147.2309082,48.306256009764056,0.022583253203145838,False,True,False,False,100000,False,True,False,4.047066267913543,0.3098668136673678,9.776756651011851,0.011332766443342156,True,Cruise
1,87,1675454147.331294,47.84636690610935,0.028715107918541975,False,True,False,False,100000,False,True,False,4.0462962759519945,0.3039498900622897,9.776268379217415,0.0059867588822686175,True,Cruise
1,88,1675454147.4308717,49.164431719270425,0.011140910409727714,False,True,False,False,100000,False,True,False,4.046190610327612,0.31781647496109544,9.77514958063202,0.010810211338282371,True,Cruise
1,89,1675454147.5308552,49.24574604132511,0.010056719448998512,False,True,False,False,100000,False,True,False,4.046559586302338,0.3281955301859907,9.774571032544367,0.010401713730009901,True,Cruise
1,90,1675454147.6308439,49.24574604132511,0.010056719448998512,False,True,False,False,100000,False,True,False,4.046559586302338,0.3281955301859907,9.774571032544367,0.010401713730009901,True,Cruise
1,91,1675454147.730897,49.07393283753955,0.012347562166139288,False,True,False,False,100000,False,True,False,4.0575664187021365,0.17506544290379683,9.772515923161427,0.03703097308314945,True,Cruise
1,92,1675454147.830893,49.929811620076414,0.0009358450656478219,False,True,False,False,100000,False,True,False,4.062304400533523,0.13742565504122853,9.771579378524327,0.03703097308314945,True,Cruise
1,93,1675454147.930899,49.6151654192818,-0.005131127742909327,False,True,False,False,100000,False,True,False,4.061241584791154,0.16334885771239796,9.771497546221417,0.02594510956921463,True,Cruise
1,94,1675454148.0308921,49.6151654192818,-0.005131127742909327,False,True,False,False,100000,False,True,False,4.061241584791154,0.16334885771239796,9.771497546221417,0.038596192089273985,True,Cruise
1,95,1675454148.1311176,49.43307292082089,-0.0075590277223881105,False,True,False,False,100000,False,True,False,4.063388230782452,-0.011864157987223444,9.770926102359445,0.12732169089689785,True,Cruise
1,96,1675454148.2309074,49.838742892257656,-0.002150094769897938,False,True,False,False,100000,False,True,False,4.063388230782452,-0.011864157987223444,9.770926102359445,0.12732169089689785,True,Cruise
1,97,1675454148.330863,49.838742892257656,-0.002150094769897938,False,True,False,False,100000,False,True,False,4.064468878620063,-0.15081281138316774,9.771122249323218,0.04590655153400672,True,Cruise
1,98,1675454148.4309976,49.80769682754168,-0.0025640422994442683,False,True,False,False,100000,False,True,False,4.06210136291983,-0.1730351328686004,9.77168266935502,0.02372568242153069,True,Cruise
1,99,1675454148.5308607,49.80769682754168,-0.0025640422994442683,False,True,False,False,100000,False,True,False,4.060972398752142,-0.16629716127418567,9.771972065218307,0.009002672901582045,True,Cruise
1,100,1675454148.63086,49.46441622523919,-0.007141116996810823,False,True,False,False,100000,False,True,False,4.059962614555609,-0.19227533413412687,9.772445969589317,0.01700982352823941,True,Cruise
1,101,1675454148.7312486,49.21981697441796,-0.010402440341093926,False,True,False,False,100000,False,True,False,4.059829164214576,-0.20367250589181543,9.772651189927082,0.011399800369076995,True,Cruise
1,102,1675454148.8308678,49.21981697441796,-0.010402440341093926,False,True,False,False,100000,False,True,False,4.059627026077507,-0.23949430768755853,9.773377414182749,0.014260513102922671,True,Cruise
1,103,1675454148.9309127,49.21981697441796,-0.010402440341093926,False,True,False,False,100000,False,True,False,4.059627026077507,-0.23949430768755853,9.773377414182749,0.014260513102922671,True,Cruise
1,104,1675454149.0308592,49.21981697441796,-0.010402440341093926,False,True,False,False,100000,False,True,False,4.05935307899045,-0.2258427634372144,9.773552231092056,0.018626497693820146,True,Cruise
1,105,1675454149.1308584,49.21981697441796,-0.010402440341093926,False,True,False,False,100000,False,True,False,4.057854660624817,-0.24611311484434248,9.774018281697266,0.004539224127034128,True,Cruise
1,106,1675454149.2308705,49.21981697441796,-0.010402440341093926,False,True,False,False,100000,False,True,False,4.057348256164666,-0.23898220626075076,9.774132591024175,0.00714978106846787,True,Cruise
1,107,1675454149.3308623,49.56196454846308,-0.0058404726871589645,False,True,False,False,100000,False,True,False,4.056133710055263,-0.22396958135624317,9.774325658807582,0.01506291153609743,True,Cruise
1,108,1675454149.4308877,49.56196454846308,-0.0058404726871589645,False,True,False,False,100000,False,True,False,4.055832906552743,-0.23358236986262926,9.774342211267502,0.009617507972420194,True,Cruise
1,109,1675454149.5308545,49.56196454846308,-0.0058404726871589645,False,True,False,False,100000,False,True,False,4.056324749887251,-0.1456559683383946,9.774198308974432,0.029515733606649584,True,Cruise
1,110,1675454149.6308458,49.08513822038679,-0.0121981570615095,False,True,False,False,100000,False,True,False,4.0562444466932615,-0.1387997816796718,9.774156527508216,0.006856784216608567,True,Cruise
1,111,1675454149.7309582,49.77601519197815,-0.002986464106957904,False,True,False,False,100000,False,True,False,4.056103641529722,-0.13183885904448697,9.774112131169623,0.006962488137296059,True,Cruise
1,112,1675454149.8309634,49.5510253876736,0.0059863281643520345,False,True,False,False,100000,False,True,False,4.055772399879209,-0.09555708403448411,9.774008676987554,0.03628343453527092,True,Cruise
1,113,1675454149.9309888,49.041621738118295,0.012778376825089394,False,True,False,False,100000,False,True,False,4.055460615816041,-0.1406131959973053,9.773874785596847,0.032381987047760345,True,Cruise
1,114,1675454150.0308864,49.041621738118295,0.012778376825089394,False,True,False,False,100000,False,True,False,4.056976746930865,0.0009834494796193008,9.773654494497745,0.14160493350178008,True,Cruise
1,115,1675454150.1308599,48.956269941159434,-0.013916400784540916,False,True,False,False,100000,False,True,False,4.057742851131318,0.05237381557875533,9.773534449385753,0.08778169483339526,True,Cruise
1,116,1675454150.2309206,48.956269941159434,-0.013916400784540916,False,True,False,False,100000,False,True,False,4.058179388812652,0.14015437432351732,9.773440167184365,0.10074916659924256,True,Cruise
1,117,1675454150.330941,49.17212554724021,-0.011038326036797127,False,True,False,False,100000,False,True,False,4.0578738583907965,0.18948800680309785,9.773420494648557,0.10074916659924256,True,Cruise
1,118,1675454150.4309402,49.98446768303909,-0.011038326036797127,False,True,False,False,100000,False,True,False,4.055093717092189,-0.11499323933070303,9.773575953278549,0.0022875017272551692,True,Cruise
1,119,1675454150.5309894,49.98446768303909,-0.00020709755947878958,False,True,False,False,100000,False,True,False,4.054388103601172,-0.0869685558999834,9.773535473325953,0.0042597676517385575,True,Cruise
1,120,1675454150.6309464,49.98446768303909,-0.00020709755947878958,False,True,False,False,100000,False,True,False,4.054538020218705,-0.1342311942943074,9.773424928691954,0.07647497702650967,True,Cruise
1,121,1675454150.73244,49.82774523498915,-0.0022967302001446767,False,True,False,False,100000,False,True,False,4.056081778957326,-0.05777201086708029,9.773245513520498,0.07647497702650967,True,Cruise
1,122,1675454150.8309374,49.44354052190088,0.0074194597079882746,False,True,False,False,100000,False,True,False,4.0571140732672175,-0.02319249441027858,9.773150060133766,0.034595053133034695,True,Cruise
1,123,1675454150.9310546,49.44354052190088,0.0074194597079882746,False,True,False,False,100000,False,True,False,4.057493500297582,-0.07390713172822184,9.773165865009508,0.044532570629776454,True,Cruise
1,124,1675454151.030979,49.35909845976605,0.008545353869785936,False,True,False,False,100000,False,True,False,4.0572825688352765,-0.11843917905644649,9.773211860346212,0.044532570629776454,True,Cruise
1,125,1675454151.130888,49.35909845976605,0.008545353869785936,False,True,False,False,100000,False,True,False,4.057924223711486,0.04646243517403134,9.773219292738586,0.06767346225754453,True,Cruise
1,126,1675454151.2308645,49.31001494257855,0.009199800765619333,False,True,False,False,100000,False,True,False,4.057214703174064,0.12078074500897003,9.773387457803432,0.02667749787563541,True,Cruise
1,127,1675454151.3308823,49.75783167323646,-0.0032289110235139223,False,True,False,False,100000,False,True,False,4.057214703174064,0.12078074500897003,9.773387457803432,0.02220157183549958,True,Cruise
1,128,1675454151.4308586,49.75783167323646,-0.0032289110235139223,False,True,False,False,100000,False,True,False,4.056329237017788,0.2316100659997774,9.773533763592608,0.06276827936966693,True,Cruise
1,129,1675454151.530856,49.78675174209115,-0.0028433101054513086,False,True,False,False,100000,False,True,False,4.056329237017788,0.2316100659997774,9.773533763592608,0.1052455768130845,True,Cruise
1,130,1675454151.6308594,49.78675174209115,-0.0028433101054513086,False,True,False,False,100000,False,True,False,4.057626126571863,0.05435779739428716,9.773530466058245,0.01071895424313965,True,Cruise
1,131,1675454151.7308807,49.923060032198734,-0.0010258662373502218,False,True,False,False,100000,False,True,False,4.057489952294261,0.059568605659484526,9.77359880157672,0.003076076730787929,True,Cruise
1,132,1675454151.8309758,49.923060032198734,-0.0010258662373502218,False,True,False,False,100000,False,True,False,4.057346327813146,0.05224819685946124,9.773631461469817,0.007321890443024319,True,Cruise
1,133,1675454151.9309137,49.42897036344813,-0.0076137284873582685,False,True,False,False,100000,False,True,False,4.057346327813146,0.05224819685946124,9.773631461469817,0.032654076745822436,True,Cruise
1,134,1675454152.0308735,49.35661934281734,0.008578408762435506,False,True,False,False,100000,False,True,False,4.057001630279128,0.02180156852005831,9.773695921774756,0.08760616177690514,True,Cruise
1,135,1675454152.1309345,49.35661934281734,0.008578408762435506,False,True,False,False,100000,False,True,False,4.056845537936274,-0.06580445327811595,9.773708616639617,0.08760616177690514,True,Cruise
1,136,1675454152.2308981,49.47660548371211,0.006978593550505115,False,True,False,False,100000,False,True,False,4.056403599213717,-0.20012409587094088,9.773721708066791,0.07418907899620743,True,Cruise
1,137,1675454152.3309834,49.47660548371211,0.006978593550505115,False,True,False,False,100000,False,True,False,4.05717662589181,0.06055063852427842,9.773664428577439,0.10241357864232165,True,Cruise
1,138,1675454152.430924,49.66700163564878,0.004439978191349544,False,True,False,False,100000,False,True,False,4.05717662589181,0.06055063852427842,9.773664428577439,0.10241357864232165,True,Cruise
1,139,1675454152.5308843,49.66700163564878,0.004439978191349544,False,True,False,False,100000,False,True,False,4.056538808175449,0.05540790014657605,9.773684807821242,0.005182179538994601,True,Cruise
1,140,1675454152.630941,49.62018857232173,0.00506415236904367,False,True,False,False,100000,False,True,False,4.05629829235242,0.07442049716178534,9.77368233930612,0.005182179538994601,True,Cruise
1,141,1675454152.7308607,49.62018857232173,0.00506415236904367,False,True,False,False,100000,False,True,False,4.056296811716237,0.1101323982516068,9.773588015266217,0.01854758973914624,True,Cruise
1,142,1675454152.8308694,49.53479047410186,0.006202793678641828,False,True,False,False,100000,False,True,False,4.056242108889273,0.13464412082169516,9.773571689888913,0.024511789046705697,True,Cruise
1,143,1675454152.9309182,49.53479047410186,0.006202793678641828,False,True,False,False,100000,False,True,False,4.056242108889273,0.13464412082169516,9.773571689888913,0.024511789046705697,True,Cruise
1,144,1675454153.0308726,48.52616169782206,-0.019651177362372516,False,True,False,False,100000,False,True,False,4.0560292429537315,0.18154446438960492,9.773530137065089,0.02048160743186316,True,Cruise
1,145,1675454153.1309307,49.26413600884539,0.009811519882061396,False,True,False,False,100000,False,True,False,4.055988839881832,0.26959925443972205,9.773512826284996,0.08805480102096383,True,Cruise
1,146,1675454153.230951,49.68730930648606,-0.004169209246852564,False,True,False,False,100000,False,True,False,4.0578297896224305,-0.19664031662042236,9.77339788243646,0.1841392058101547,True,Cruise
1,147,1675454153.3309054,49.68730930648606,-0.004169209246852564,False,True,False,False,100000,False,True,False,4.054994412598508,-0.3717330473987875,9.773561421854149,0.34137269012647115,True,Cruise
1,148,1675454153.4309766,49.68730930648606,-0.004169209246852564,False,True,False,False,100000,False,True,False,4.056814082752569,-0.03036524447231634,9.773401766387423,0.07345844084492541,True,Cruise
1,149,1675454153.5309458,49.626488523056025,-0.0049801530259196,False,True,False,False,100000,False,True,False,4.056788074022406,-0.10382367787409642,9.773422188669397,0.07345844084492541,True,Cruise
1,150,1675454153.630861,48.98666314634135,-0.013511158048781953,False,True,False,False,100000,False,True,False,4.056406304705323,-0.23164414144810164,9.77346887774069,0.02677628814458292,True,Cruise
1,151,1675454153.7308686,48.98666314634135,-0.013511158048781953,False,True,False,False,100000,False,True,False,4.056306771249409,-0.21888518328733556,9.773480125900335,0.10013261318459192,True,Cruise
1,152,1675454153.8308573,48.57780335088934,-0.01896262198814215,False,True,False,False,100000,False,True,False,4.0538302699862205,-0.38544657263780263,9.773638593296578,0.06245145996580897,True,Cruise
1,153,1675454153.9308648,48.57780335088934,-0.01896262198814215,False,True,False,False,100000,False,True,False,4.0538302699862205,-0.38544657263780263,9.773638593296578,0.004037992646330379,True,Cruise
1,154,1675454154.030851,48.5359538353985,-0.01952061552801996,False,True,False,False,100000,False,True,False,4.051122003891612,-0.504010060496899,9.773752232279413,0.11859446982204405,True,Cruise
1,155,1675454154.1308718,48.5359538353985,-0.01952061552801996,False,True,False,False,100000,False,True,False,4.050278647467413,-0.530532610314246,9.773731098107987,0.026535963248487792,True,Cruise
1,156,1675454154.2308629,48.536784879175904,-0.0195095349443213,False,True,False,False,100000,False,True,False,4.049747432331015,-0.5519880906201415,9.773672152571903,0.0215139102596079,True,Cruise
1,157,1675454154.330931,48.69397374947373,-0.017413683340350306,False,True,False,False,100000,False,True,False,4.048791709886616,-0.634909200484371,9.77341079325852,0.025151335772178925,True,Cruise
1,158,1675454154.4309275,48.69397374947373,-0.017413683340350306,False,True,False,False,100000,False,True,False,4.048524911628454,-0.6871688444874051,9.773196041034454,0.0271095120283504,True,Cruise
1,159,1675454154.5309603,48.67226347195163,-0.01770315370731158,False,True,False,False,100000,False,True,False,4.048524911628454,-0.6871688444874051,9.773196041034454,0.0271095120283504,True,Cruise
1,160,1675454154.630878,49.38732057602022,-0.008169058986397013,False,True,False,False,100000,False,True,False,4.050251273540111,-0.6832931545102717,9.772761016475195,0.0042650374694754925,True,Cruise
1,161,1675454154.7309055,49.38732057602022,-0.008169058986397013,False,True,False,False,100000,False,True,False,4.050328322636273,-0.6935742372218048,9.772623769880935,0.005650103558524495,True,Cruise
1,162,1675454154.830944,49.38732057602022,-0.008169058986397013,False,True,False,False,100000,False,True,False,4.050234410405094,-0.6901834350835114,9.772526381055227,0.004004802052862164,True,Cruise
1,163,1675454154.930894,49.12579881667806,-0.011656015777625824,False,True,False,False,100000,False,True,False,4.050234410405094,-0.6901834350835114,9.772526381055227,0.020789510896584745,True,Cruise
1,164,1675454155.0309105,49.12579881667806,-0.011656015777625824,False,True,False,False,100000,False,True,False,4.054792262375521,-0.5879812585232507,9.77204046033079,0.12307131405074923,True,Cruise
1,165,1675454155.1308875,49.07213301909205,-0.012371559745439294,False,True,False,False,100000,False,True,False,4.057282999172582,-0.5080716777435289,9.772089549090387,0.07994840386079906,True,Cruise
1,166,1675454155.2308784,49.15490198542772,-0.011267973527630372,False,True,False,False,100000,False,True,False,4.056344333651096,-0.47235725799007694,9.772370989858334,0.02338778505500177,True,Cruise
1,167,1675454155.3308597,49.15490198542772,-0.011267973527630372,False,True,False,False,100000,False,True,False,4.056148864766615,-0.4439917699348995,9.772490485853544,0.02836641323794892,True,Cruise
1,168,1675454155.4308436,49.822299803535934,-0.0023693359528541686,False,True,False,False,100000,False,True,False,4.055778195438546,-0.41676282441844514,9.772731150748276,0.027875718987687065,True,Cruise
1,169,1675454155.5309036,49.822299803535934,-0.0023693359528541686,False,True,False,False,100000,False,True,False,4.056280881736724,-0.38889168540116126,9.772782389848167,0.027875718987687065,True,Cruise
1,170,1675454155.6309893,49.54379297226463,-0.0060827603698048825,False,True,False,False,100000,False,True,False,3.8123467437666516,-3.3115429231318667,8.791419565334358,3.092647266406848,True,Cruise
1,171,1675454155.7308857,49.715929881442825,0.0037876015807623265,False,True,False,False,100000,False,True,False,4.726178575028021,2.045878618690614,10.059801230484428,5.580846373185606,True,Cruise
1,172,1675454155.8308718,49.715929881442825,0.0037876015807623265,False,True,False,False,100000,False,True,False,5.298417548977752,-0.3202530353197198,9.625450925860516,0.3853150567463169,True,Cruise
1,173,1675454155.9308603,49.715929881442825,0.0037876015807623265,False,True,False,False,100000,False,True,False,4.4950437239431364,-0.40833504145944605,9.714116580989032,0.3699373017373208,True,Cruise
1,174,1675454156.0308945,49.62365701673315,-0.005017906443558023,False,True,False,False,100000,False,True,False,4.248849995629932,-0.2916354743632081,9.742880054976355,0.27396619911409625,True,Cruise
1,175,1675454156.1309202,49.5795061218249,-0.005606585042334756,False,True,False,False,100000,False,True,False,4.248849995629932,-0.2916354743632081,9.742880054976355,0.2635197592088554,True,Cruise
1,176,1675454156.2308707,49.28644720836256,0.0095140372218325,False,True,False,False,100000,False,True,False,4.092987173793705,-0.03929658329179547,9.775394992813458,0.08589358140852234,True,Cruise
1,177,1675454156.3308434,49.28644720836256,0.0095140372218325,False,True,False,False,100000,False,True,False,4.134519249777478,-0.13704329193580378,9.77904397983693,0.03876278762321443,True,Cruise
1,178,1675454156.4308763,49.55505203991014,-0.005932639467864834,False,True,False,False,100000,False,True,False,4.1449407312794255,-0.1632496469086402,9.78108979018287,0.028276592044114895,True,Cruise
1,179,1675454156.5309713,49.55505203991014,-0.005932639467864834,False,True,False,False,100000,False,True,False,4.149530228539379,0.2057292004444812,9.784984660316788,0.14761096409542165,True,Cruise
1,180,1675454156.6308737,49.60117079199753,-0.00531772277336625,False,True,False,False,100000,False,True,False,4.099389837609649,0.11939598639845277,9.792465972694288,0.11118981243229281,True,Cruise
1,181,1675454156.7310152,49.60117079199753,-0.021381156678255103,False,True,False,False,100000,False,True,False,4.095581735684907,0.008275703958483413,9.793443509865282,0.01901177854295819,True,Cruise
1,182,1675454156.830906,48.396413249130866,-0.021381156678255103,False,True,False,False,100000,False,True,False,4.097873380682018,-0.010597250347583704,9.793355860936009,0.018210546714855894,True,Cruise
1,183,1675454156.9308605,48.92778174465398,-0.014296243404613673,False,True,False,False,100000,False,True,False,3.9777188054388906,0.07149628441126654,9.798040518902887,0.13014763600411752,True,Cruise
1,184,1675454157.0308619,48.92778174465398,-0.014296243404613673,False,True,False,False,100000,False,True,False,3.231286138261265,-2.045177484826185,8.358421599027995,7.163898196208239,True,Cruise
1,185,1675454157.130976,49.223002631983405,-0.010359964906887946,False,True,False,False,100000,False,True,False,2.7891280320473437,-3.6432869693186496,7.82377755232158,1.742211804573159,True,Cruise
1,186,1675454157.230887,49.223002631983405,-0.010359964906887946,False,True,False,False,100000,False,True,False,4.541517129487007,0.9039130579667464,10.542472888206838,5.58025088740049,True,Cruise
1,187,1675454157.3309038,49.279665584208736,-0.009604458877216811,False,True,False,False,100000,False,True,False,3.8434740817688735,-0.676818574995643,9.758735522569403,0.040829288716960975,True,Cruise
1,188,1675454157.4309978,49.279665584208736,-0.009604458877216811,False,True,False,False,100000,False,True,False,3.8434740817688735,-0.676818574995643,9.758735522569403,0.040829288716960975,True,Cruise
1,189,1675454157.5308647,49.18817011017931,-0.010824398530942577,False,True,False,False,100000,False,True,False,3.935154821713292,-0.7485056865550416,9.751285491000695,0.055478881134164555,True,Cruise
1,190,1675454157.6308866,49.18817011017931,-0.010824398530942577,False,True,False,False,100000,False,True,False,3.972782361178102,-0.771394872245342,9.749187181792808,0.04409251012669625,True,Cruise
1,191,1675454157.7309198,49.27931160125657,0.009609178649912422,False,True,False,False,100000,False,True,False,4.008768847880949,-0.8166875519730057,9.752058936107641,0.008190813761144118,True,Cruise
1,192,1675454157.8309002,49.61711161935562,0.005105178408591776,False,True,False,False,100000,False,True,False,4.0066468141640375,-0.8092095697262665,9.754640831630603,0.04147586063744393,True,Cruise
1,193,1675454157.9308887,49.49483137282685,0.006735581695641986,False,True,False,False,100000,False,True,False,4.006715261782358,-0.5404714923369187,9.759565074686146,0.3100265940531611,True,Cruise
1,194,1675454158.030947,49.49483137282685,0.006735581695641986,False,True,False,False,100000,False,True,False,4.008453933986564,-0.35123635396687247,9.763828376516408,0.04462391361187779,True,Cruise
1,195,1675454158.131302,49.49483137282685,0.006735581695641986,False,True,False,False,100000,False,True,False,4.009726416591208,-0.3169230635293828,9.765531465279764,0.034379087014673806,True,Cruise
1,196,1675454158.2309647,49.408249686950136,0.007890004173998226,False,True,False,True,100000,False,True,False,4.009726416591208,-0.3169230635293828,9.765531465279764,0.034379087014673806,True,Cruise
1,197,1675454158.3308654,49.298970017382295,0.00934706643490279,False,True,False,True,100000,False,True,False,4.021329365007688,0.011928549188646956,9.769106765877007,0.08193761785631774,True,Cruise
1,198,1675454158.430883,49.298970017382295,0.00934706643490279,False,True,False,True,100000,False,True,False,4.029022386492805,0.1716105588000377,9.76945767111233,0.0969349704873103,True,Cruise
1,199,1675454158.531064,47.05472032020283,0.03927039573062889,False,True,False,True,100000,False,True,False,4.032826694973066,0.26847082560371305,9.769390924699966,0.0969349704873103,True,Cruise
1,200,1675454158.6309352,47.05472032020283,0.00832156074693101,False,True,False,True,100000,False,True,False,3.025413599534149,0.8221863273380963,9.828211346694067,1.0746633652027608,True,Cruise
1,201,1675454158.7308602,49.37588294398017,0.00832156074693101,False,True,False,True,100000,False,True,False,1.9383631417133038,1.4665207343193698,9.892504301906007,1.0746633652027608,True,Cruise
1,202,1675454158.830891,49.52274699531208,0.006363373395838857,False,True,False,True,100000,False,True,False,3.1429677507549645,0.777651287149957,9.769216896546295,0.5812326281096426,True,Cruise
1,203,1675454158.930892,49.52274699531208,0.006363373395838857,False,True,False,True,100000,False,True,False,3.497877533623753,0.8328851012534064,9.734382299728018,0.3608672572177711,True,Cruise
1,204,1675454159.030912,49.67320927137627,0.004357209714983042,False,True,False,True,100000,False,True,False,3.689311205758907,0.931513352959833,9.71658763614101,0.2160810794909877,True,Cruise
1,205,1675454159.130901,49.67320927137627,0.004357209714983042,False,True,False,True,100000,False,True,False,3.775971185045988,1.0808662978375567,9.712204718554853,0.06126000783875746,True,Cruise
1,206,1675454159.230882,49.785776939959995,0.002856307467200105,False,True,False,True,100000,False,True,False,3.775971185045988,1.0808662978375567,9.712204718554853,0.06126000783875746,True,Cruise
1,207,1675454159.330913,49.90689817574373,0.001241357656750255,False,True,False,True,100000,False,True,False,3.745819494409008,0.9934302597431686,9.726135044770315,0.04515822903426757,True,Cruise
1,208,1675454159.4308672,49.90689817574373,0.001241357656750255,False,True,False,True,100000,False,True,False,3.758698372389657,0.9503045324517339,9.729819036770268,0.07969888118578378,True,Cruise
1,209,1675454159.5308583,49.97375182948881,0.0003499756068158595,False,True,False,True,100000,False,True,False,3.8623663693521793,0.7196378838598245,9.73807297094327,0.09716658412037,True,Cruise
1,210,1675454159.6308792,49.97375182948881,0.0003499756068158595,False,True,False,True,100000,False,True,False,3.9474033359133105,0.5783382172098824,9.744320583481253,0.07640413160084131,True,Cruise
1,211,1675454159.7308795,49.97375182948881,0.0003499756068158595,False,True,False,True,100000,False,True,False,3.9474033359133105,0.5783382172098824,9.744320583481253,0.07640413160084131,True,Cruise
1,212,1675454159.8308735,49.902009340500314,-0.0013065421266624543,False,True,False,True,100000,False,True,False,2.794039679881166,0.2506632086041955,9.86966189845272,0.30342170934688567,True,Cruise
1,213,1675454159.9308681,49.83068219127792,-0.0022575707829610753,False,True,False,True,100000,False,True,False,2.277312279987223,0.1923563466763292,9.915889869711384,0.08895211882970924,True,Cruise
1,214,1675454160.0308666,49.56254559215477,0.005832725437936417,False,True,False,True,100000,False,True,False,1.4417376111529692,0.27207497932851776,9.97777118047797,0.7568442615342952,True,Cruise
1,215,1675454160.1309087,49.56254559215477,0.005832725437936417,False,True,False,True,100000,False,True,False,-0.18672021275029227,0.2433344672160225,10.091805306013082,1.2403467994014457,True,Cruise
1,216,1675454160.2309022,49.4847042219185,0.006870610374419985,False,True,False,True,100000,False,True,False,-0.18672021275029227,0.2433344672160225,10.091805306013082,1.2403467994014457,True,Cruise
1,217,1675454160.330895,49.4847042219185,0.006870610374419985,False,True,False,True,100000,False,True,False,-0.9730134135440993,0.33274125568147606,10.088303712790122,0.7913676974664657,True,Cruise
1,218,1675454160.4308643,49.56311130514051,0.005825182598126494,False,True,False,True,100000,False,True,False,-0.900744123887834,0.07915789949762465,9.998831545546773,0.34906599390439264,True,Cruise
1,219,1675454160.5308547,49.526386151204235,0.006314851317276911,False,True,False,True,100000,False,True,False,-0.40680487112773867,0.017158455698558603,9.879194854224297,0.1970417416923501,True,Cruise
1,220,1675454160.6308713,49.526386151204235,0.006314851317276911,False,True,False,True,100000,False,True,False,0.14385273064314286,0.044063223064446856,9.768609524772923,0.6187279300599816,True,Cruise
1,221,1675454160.7312036,49.59016863734262,-0.005464418168765067,False,True,False,True,100000,False,True,False,-0.05268441009158639,0.07715246792195704,9.759158143772876,0.19952712701843603,True,Cruise
1,222,1675454160.8308768,49.59016863734262,-0.005464418168765067,False,True,False,True,100000,False,True,False,-0.05268441009158639,0.07715246792195704,9.759158143772876,0.19952712701843603,True,Cruise
1,223,1675454160.9308486,49.5050841734354,0.006598877687528025,False,True,False,True,100000,False,True,False,-0.5597751409143894,0.1308641574625351,9.687752452664279,0.21064007423921502,True,Cruise
1,224,1675454161.0308492,49.5050841734354,0.006598877687528025,False,True,False,True,100000,False,True,False,-0.8513828706896875,0.07534821252562193,9.7034223609233,0.2016619273620481,True,Cruise
1,225,1675454161.1308992,49.5050841734354,0.006598877687528025,False,True,False,True,100000,False,True,False,-0.6712444140862582,0.3480238406340179,9.655839724426897,0.08440665177747546,True,Cruise
1,226,1675454161.230874,49.486787941269014,-0.0068428274497464164,False,True,False,True,100000,False,True,False,-0.6712444140862582,0.3480238406340179,9.655839724426897,0.08440665177747546,True,Cruise
1,227,1675454161.3308487,49.99202795846114,-0.00010629388718482712,False,True,False,True,100000,False,True,False,-0.6712444140862582,0.3480238406340179,9.655839724426897,0.3082855776775551,True,Cruise
1,228,1675454161.4308505,49.99202795846114,-0.00010629388718482712,False,True,False,True,100000,False,True,False,0.4748405409760948,0.05021928935484016,9.554611433902897,1.0600583499197442,True,Cruise
1,229,1675454161.5309062,49.680670042001196,-0.004257732773317411,False,True,False,True,100000,False,True,False,1.4690676573087176,0.1717754151890315,9.484169698069739,1.0041043216350027,True,Cruise
1,230,1675454161.6308753,49.680670042001196,-0.004257732773317411,False,True,False,True,100000,False,True,False,0.6094090225698621,0.28788071071433124,9.599411888488577,0.3586113411553311,True,Cruise
1,231,1675454161.7308617,49.32044109241734,-0.009060785434435507,False,True,False,True,100000,False,True,False,0.017082309355066022,-0.030159178673552237,9.709246210904253,0.11152114362321269,True,Cruise
1,232,1675454161.8308938,49.32044109241734,-0.009060785434435507,False,True,False,True,100000,False,True,False,0.017082309355066022,-0.030159178673552237,9.709246210904253,0.11152114362321269,True,Cruise
1,233,1675454161.9308813,49.85027657492964,-0.0019963123342715376,False,True,False,True,100000,False,True,False,0.017082309355066022,-0.030159178673552237,9.709246210904253,0.11152114362321269,True,Cruise
1,234,1675454162.0308795,49.85027657492964,-0.0019963123342715376,False,True,False,True,100000,False,True,False,-1.957242057293119,-0.3671491784840975,9.926133988838561,1.561264436802844,True,Cruise
1,235,1675454162.1308565,49.727772335140756,-0.0036297021981232104,False,True,False,True,100000,False,True,False,1.0852942385642237,-0.2730622623807123,9.663906456739815,1.4958914829044325,True,Cruise
1,236,1675454162.2308836,49.727772335140756,-0.0036297021981232104,False,True,False,True,100000,False,True,False,2.202630864109208,-0.23613007872753325,9.588658664749852,1.1204763947415444,True,Cruise
1,237,1675454162.331074,49.727772335140756,-0.0036297021981232104,False,True,False,True,100000,False,True,False,2.202630864109208,-0.23613007872753325,9.588658664749852,0.4240303672526769,True,Cruise
1,238,1675454162.430943,48.571276977299966,-0.01904964030266711,False,True,False,True,100000,False,True,False,0.8763699620985799,-0.4062431841697698,9.794303321254064,0.4467418838850548,True,Cruise
1,239,1675454162.5308602,49.94444801762759,-0.01904964030266711,False,True,False,True,100000,False,True,False,0.8763699620985799,-0.4062431841697698,9.794303321254064,0.4467418838850548,True,Cruise
1,240,1675454162.630886,49.94444801762759,0.0007406930982986861,False,True,False,True,100000,False,True,False,-1.576810627552628,-0.6163811933220306,10.059655505978505,0.4467418838850548,True,Cruise
1,241,1675454162.730933,48.83663019779358,-0.01551159736275227,False,True,False,True,100000,False,True,False,-0.9784948994089714,-0.853246620176311,9.953048043708977,1.7323320177186083,True,Cruise
1,242,1675454162.8309183,48.83663019779358,-0.01551159736275227,False,True,False,True,100000,False,True,False,-1.279780241705916,-0.5344408402008076,9.987441937375843,0.5817721445053783,True,Cruise
1,243,1675454162.9308977,49.8550858390083,0.0019321888132227212,False,True,False,True,100000,False,True,False,-1.9985742598800764,-0.8203169424620277,10.009963556962104,0.25829007408206345,True,Cruise
1,244,1675454163.0308518,49.22243508596469,-0.010367532187137488,False,True,False,True,100000,False,True,False,-1.9985742598800764,-0.8203169424620277,10.009963556962104,0.25829007408206345,True,Cruise
1,245,1675454163.1316123,49.22243508596469,-0.010367532187137488,False,True,False,True,100000,False,True,False,0.8341103751601747,-0.5710391537580222,9.689997350136876,0.25829007408206345,True,Cruise
1,246,1675454163.2309124,49.88074231711773,-0.0015901024384302946,False,True,False,True,100000,False,True,False,1.454877390213172,-0.49938093802352385,9.639932056469199,0.5197047259962198,True,Cruise
1,247,1675454163.330862,49.88074231711773,-0.0015901024384302946,False,True,False,True,100000,False,True,False,1.9809412582390107,-0.672262388437468,9.60158758700967,0.5550689033603565,True,Cruise
1,248,1675454163.4308538,49.23077738266806,-0.010256301564425871,False,True,False,True,100000,False,True,False,2.4306674438088978,-0.5709977239696762,9.575302945261972,0.46173483369659235,True,Cruise
1,249,1675454163.5309246,49.87228585871611,-0.0017028552171185775,False,True,False,True,100000,False,True,False,2.6780333556840565,-0.44007159361035264,9.572683415530891,0.2798899925054617,True,Cruise
1,250,1675454163.6309023,49.87228585871611,-0.0017028552171185775,False,True,False,True,100000,False,True,False,1.2096367406814699,-0.4929909735199227,9.755398729381863,0.4798237130866189,True,Cruise
1,251,1675454163.7309146,49.54292829878593,0.006094289349520917,False,True,False,True,100000,False,True,False,0.9564316493331897,-0.3410715512468519,9.814803067491885,0.21720516234917428,True,Cruise
1,252,1675454163.830941,49.54292829878593,0.006094289349520917,False,True,False,True,100000,False,True,False,-0.9713103488896548,-0.12164508266439983,10.00402501136017,1.1466018324848921,True,Cruise
1,253,1675454163.930966,49.54292829878593,0.006094289349520917,False,True,False,True,100000,False,True,False,-0.9713103488896548,-0.12164508266439983,10.00402501136017,0.8145092945190986,True,Cruise
1,254,1675454164.0308647,49.124511200802424,0.011673183989300995,False,True,False,True,100000,False,True,False,-0.8081852939667266,0.0190357055599972,9.96856787139897,0.4135866730183992,True,Cruise
1,255,1675454164.1308672,47.49235888074793,0.03343521492336101,False,True,False,True,100000,False,True,False,-1.6934981375754548,0.18280815339644202,10.024596669260452,0.9020750921728835,True,Cruise
1,256,1675454164.2310827,47.49235888074793,0.03343521492336101,False,True,False,True,100000,False,True,False,-1.6934981375754548,0.18280815339644202,10.024596669260452,0.9020750921728835,True,Cruise
1,257,1675454164.3309884,47.91523348332873,0.02779688688895027,False,True,False,True,100000,False,True,False,-2.7443387156197616,0.6565951868106548,10.06945421873349,0.44905135540234536,True,Cruise
1,258,1675454164.4308891,47.91523348332873,0.02779688688895027,False,True,False,True,100000,False,True,False,-3.4916079259825255,1.0759631902316338,10.02971257997535,0.18982404833593278,True,Cruise
1,259,1675454164.5309052,47.91523348332873,0.02779688688895027,False,True,False,True,100000,False,True,False,-3.6461263219560105,1.166765243249203,10.003065088897015,0.18119336717218454,True,Cruise
1,260,1675454164.6309035,47.91523348332873,0.02779688688895027,False,True,False,True,100000,False,True,False,-3.6461263219560105,1.166765243249203,10.003065088897015,0.18119336717218454,True,Cruise
1,261,1675454164.7310688,47.91523348332873,0.02779688688895027,False,True,False,True,100000,False,True,False,-3.3161179961860014,1.607979138228625,9.847762014587,0.27504769138151275,True,Cruise
1,262,1675454164.8308868,49.05958315599353,0.012538891253419587,False,True,False,True,100000,False,True,False,-2.5215393454374624,1.6580252854340798,9.683049172104935,0.39362139226927123,True,Cruise
1,263,1675454164.9308658,49.05958315599353,0.012538891253419587,False,True,False,True,100000,False,True,False,-2.0418594228370535,1.617636302645327,9.619334201514102,0.485575633196349,True,Cruise
1,264,1675454165.0309253,49.05958315599353,0.012538891253419587,False,True,False,True,100000,False,True,False,-0.6876790989701399,1.6898361254395442,9.480269108164828,1.1886994576929406,True,Cruise
1,265,1675454165.1309576,49.05958315599353,0.012538891253419587,False,True,False,True,100000,False,True,False,0.48484127203428595,1.5218909014071984,9.380285199340157,1.1886994576929406,True,Cruise
1,266,1675454165.230946,49.05958315599353,0.012538891253419587,False,True,False,True,100000,False,True,False,2.288168162676314,1.4143622758394585,9.299764508096954,1.8083234947175282,True,Cruise
1,267,1675454165.331342,49.644969147178074,0.004733744704292362,False,True,False,True,100000,False,True,False,2.556479851688477,1.3978168221446878,9.319402877987773,0.2695377154880076,True,Cruise
1,268,1675454165.430981,49.644969147178074,0.004733744704292362,False,True,False,True,100000,False,True,False,2.343786212920073,1.1965506185002852,9.445299164036063,0.1011566484008354,True,Cruise
1,269,1675454165.5308752,49.644969147178074,0.004733744704292362,False,True,False,True,100000,False,True,False,3.0515548381892796,1.1304748812807734,9.490544362703663,0.3138852003497097,True,Cruise
1,270,1675454165.6308734,49.644969147178074,0.004733744704292362,False,True,False,True,100000,False,True,False,3.445315041332562,1.0006198274491702,9.516871758734176,0.41545464778576635,True,Cruise
1,271,1675454165.730881,48.13825930574428,0.024823209256742907,False,True,False,True,100000,False,True,False,3.445315041332562,1.0006198274491702,9.516871758734176,0.41545464778576635,True,Cruise
1,272,1675454165.8308558,48.13825930574428,0.024823209256742907,False,True,False,True,100000,False,True,False,2.708392590009349,0.660800374877157,9.832346747420651,1.4686735929928827,True,Cruise
1,273,1675454165.9308727,48.13825930574428,0.024823209256742907,False,True,False,True,100000,False,True,False,0.008346415374371877,0.805031153803134,10.163937099242283,1.2720830215895185,True,Cruise
1,274,1675454166.0308852,48.13825930574428,0.024823209256742907,False,True,False,True,100000,False,True,False,-1.437419059644563,0.8708884987981556,10.315599109182887,0.56712132322592,True,Cruise
1,275,1675454166.1308582,48.13825930574428,0.024823209256742907,False,True,False,True,100000,False,True,False,-1.7826035896413708,0.817648863721303,10.339130926280907,0.35005794507219534,True,Cruise
1,276,1675454166.23085,49.25071557171381,0.009990459043815849,False,True,False,True,100000,False,True,False,-1.7826035896413708,0.817648863721303,10.339130926280907,0.35005794507219534,True,Cruise
1,277,1675454166.3308709,49.25071557171381,0.009990459043815849,False,True,False,True,100000,False,True,False,-1.7826035896413708,0.817648863721303,10.339130926280907,0.6045670100019985,True,Cruise
1,278,1675454166.4309127,49.25071557171381,0.009990459043815849,False,True,False,True,100000,False,True,False,-2.3865524581892723,0.8288205730980996,10.314186454507253,1.7725821016633065,True,Cruise
1,279,1675454166.5308557,49.25071557171381,0.009990459043815849,False,True,False,True,100000,False,True,False,0.949419993852582,0.9919712260178051,9.934211104480083,0.16767292834099312,True,Cruise
1,280,1675454166.63096,49.71468269430616,-0.003804230742584536,False,True,False,True,100000,False,True,False,2.0522364001470024,0.8410933324818346,9.81513198112846,0.5438252827906814,True,Cruise
1,281,1675454166.7310045,49.71468269430616,-0.003804230742584536,False,True,False,True,100000,False,True,False,2.311913628235248,0.8632436739588549,9.761850614562507,0.21499517945416188,True,Cruise
1,282,1675454166.830862,49.71468269430616,-0.003804230742584536,False,True,False,True,100000,False,True,False,2.207115830882832,0.48930179879877506,9.743797138629557,0.3162208786952979,True,Cruise
1,283,1675454166.9308739,49.71468269430616,-0.003804230742584536,False,True,False,True,100000,False,True,False,1.9373819470931948,0.32512495307954314,9.760686170226082,0.39261682130639236,True,Cruise
1,284,1675454167.0308838,49.997893066826975,-2.8092442307016494e-05,False,True,False,True,100000,False,True,False,1.9373819470931948,0.32512495307954314,9.760686170226082,0.5466226749433373,True,Cruise
1,285,1675454167.1309686,49.997893066826975,-2.8092442307016494e-05,False,True,False,True,100000,False,True,False,1.9373819470931948,0.32512495307954314,9.760686170226082,0.3922565832134627,True,Cruise
1,286,1675454167.2308884,49.997893066826975,-2.8092442307016494e-05,False,True,True,True,100000,False,True,False,1.263521002473905,0.2148333157329768,9.76267849785669,0.891035812716828,True,Cruise
1,287,1675454167.3310974,49.997893066826975,-2.8092442307016494e-05,False,True,True,True,100000,False,True,False,1.263521002473905,0.2148333157329768,9.76267849785669,0.891035812716828,True,Cruise
1,288,1675454167.4309728,49.88430930622186,-0.0015425425837085846,False,True,True,True,100000,False,True,False,1.0112550742592268,-0.11774624955346301,9.784818714254873,0.3054532961244427,True,Cruise
1,289,1675454167.530914,49.88430930622186,-0.0015425425837085846,False,True,True,True,100000,False,True,False,-0.2608375663979487,-0.22976297213911,9.896257533323748,0.9800634603723302,True,Cruise
1,290,1675454167.6309483,49.88430930622186,-0.0015425425837085846,False,True,True,True,100000,False,True,False,-0.02016518106276869,-0.2953846962836165,9.836447180158462,0.15629190072602597,True,Cruise
1,291,1675454167.7309082,49.88430930622186,-0.0015425425837085846,False,True,True,True,100000,False,True,False,-0.02016518106276869,-0.2953846962836165,9.836447180158462,0.15629190072602597,True,Cruise
1,292,1675454167.8308954,48.565310395797844,0.019129194722695392,False,True,True,True,100000,False,True,False,0.16820992442384247,-0.27937659168621765,9.79624568324501,0.19328114272731176,True,Cruise
1,293,1675454167.9309678,48.565310395797844,0.019129194722695392,False,True,True,True,100000,False,True,False,-0.8896146681158839,-0.3192976444430754,9.885286890052997,1.0373589480071144,True,Cruise
1,294,1675454168.0308943,48.565310395797844,0.019129194722695392,False,True,True,True,100000,False,True,False,-1.8513714857033232,-0.004719702384499514,9.95594036215296,1.0143605724423184,True,Cruise
1,295,1675454168.1308947,48.565310395797844,0.019129194722695392,False,True,True,True,100000,False,True,False,-3.272249357689955,0.5579140275687713,10.051820699592922,0.7756717551200639,True,Cruise
1,296,1675454168.2308757,48.565310395797844,0.019129194722695392,False,True,True,True,100000,False,True,False,-3.5481543830228506,0.5458773348843319,10.042190171360833,0.27633532537255256,True,Cruise
1,297,1675454168.3308513,49.64633329814914,0.004715556024678179,False,True,True,True,100000,False,True,False,-3.5481543830228506,0.5458773348843319,10.042190171360833,1.847123770983754,True,Cruise
1,298,1675454168.4310377,49.64633329814914,0.004715556024678179,False,True,True,True,100000,False,True,False,-1.7261715530862412,0.6476790341981394,9.756041247256183,1.847123770983754,True,Cruise
1,299,1675454168.5309942,49.64633329814914,0.004715556024678179,False,True,True,True,100000,False,True,False,1.4606324695052761,0.6493259142632757,9.454656822674846,1.9374020316668494,True,Cruise
1,300,1675454168.6308606,49.64633329814914,0.004715556024678179,False,True,True,True,100000,False,True,False,1.9632205084025216,0.7487160390223208,9.46328600371117,0.45584005245122794,True,Cruise
1,301,1675454168.7309,49.809165159318134,0.0025444645424248305,False,True,True,True,100000,False,True,False,1.0678816513925544,0.6655090640796566,9.56953221865605,0.9054520018980229,True,Cruise
1,302,1675454168.8308823,27.780459685635762,0.0025444645424248305,True,True,True,True,14.52030645709051,False,False,False,1.0678816513925544,0.6655090640796566,9.56953221865605,0.9054520018980229,True,Keep distance
1,303,1675454168.9311106,27.780459685635762,0.0025444645424248305,True,True,True,True,14.52030645709051,False,False,False,0.6789613119275921,0.42701742206134313,9.692729851494038,0.2528094305444617,True,Keep distance
1,304,1675454169.030861,27.780459685635762,0.0025444645424248305,True,True,True,True,14.52030645709051,False,False,False,-1.5855816323291034,0.39063919146031734,9.938776590941206,1.0463412795411617,True,Keep distance
1,305,1675454169.1308386,27.780459685635762,0.03526262728410631,True,True,True,True,14.52030645709051,False,False,False,-2.293340385920046,0.34931600078854513,10.006924785145642,0.4136195303848247,True,Keep distance
1,306,1675454169.2309358,27.780459685635762,0.03526262728410631,True,True,True,True,14.52030645709051,False,False,False,-2.906153857105566,0.2563191401216067,10.052511387787849,0.2087496208154779,True,Keep distance
1,307,1675454169.3310432,27.780459685635762,0.03526262728410631,True,True,True,True,14.52030645709051,False,False,False,-2.906153857105566,0.2563191401216067,10.052511387787849,0.2087496208154779,True,Keep distance
1,308,1675454169.4309669,27.780459685635762,0.03526262728410631,True,True,True,True,14.52030645709051,False,False,False,-3.143597433621206,0.8161476964305463,10.027655848759599,0.08992406106003727,True,Keep distance
1,309,1675454169.530956,27.780459685635762,0.03526262728410631,True,True,True,True,14.52030645709051,False,False,False,-3.9775335955705495,3.43189796854707,8.903862002044905,5.967746573987778,True,Keep distance
1,310,1675454169.6308944,27.780459685635762,0.0031055255306756276,True,True,True,True,14.52030645709051,False,False,False,-3.9775335955705495,3.43189796854707,8.903862002044905,2.2717792677917434,True,Keep distance
1,311,1675454169.7308874,27.780459685635762,0.0031055255306756276,True,True,True,True,14.52030645709051,False,False,False,-3.203466248984176,-0.00456950481673607,10.813646699360316,6.168200245853599,True,Keep distance
1,312,1675454169.8308883,25.68121261784811,0.0031055255306756276,True,False,True,True,13.12080841189874,False,False,False,-3.6777666954767465,1.1210930871895357,10.01827102002457,1.4576349528822803,True,Keep distance
1,313,1675454169.9308887,25.68121261784811,0.0031055255306756276,True,False,True,True,13.12080841189874,False,False,False,-3.6777666954767465,1.1210930871895357,10.01827102002457,0.5814654574148379,True,Keep distance
1,314,1675454170.030872,25.68121261784811,0.030810983801331973,True,False,True,True,13.12080841189874,False,False,False,-4.089121800020568,0.5947865033009521,9.957035370773754,0.1453516554023321,True,Keep distance
1,315,1675454170.1308663,25.68121261784811,0.030810983801331973,True,False,True,True,13.12080841189874,False,False,False,-4.39796413989367,0.6188620550715701,9.883397390982498,0.08744983088153549,True,Keep distance
1,316,1675454170.2308593,25.68121261784811,0.030810983801331973,True,False,True,True,13.12080841189874,False,False,False,-4.538439592350131,0.9832196827049894,9.800354805602783,0.18379617277796925,True,Keep distance
1,317,1675454170.3308878,25.68121261784811,0.030810983801331973,True,False,False,True,13.12080841189874,False,False,False,-4.538439592350131,0.9832196827049894,9.800354805602783,0.18379617277796925,True,Keep distance
1,318,1675454170.4308681,25.68121261784811,0.030810983801331973,True,False,False,True,13.12080841189874,False,False,False,-4.502964448295984,0.9748745094422235,9.744188276492396,0.030777395230280356,True,Keep distance
1,319,1675454170.530845,25.68121261784811,0.03933371576129691,True,False,False,True,13.12080841189874,False,False,False,-4.464322266193703,1.0061481532777468,9.699910924989096,0.04252913520203466,True,Keep distance
1,320,1675454170.6308575,25.68121261784811,0.03933371576129691,True,False,False,True,13.12080841189874,False,False,False,-4.420638298132182,1.1271737287747374,9.668517466284474,0.045815761617324396,True,Keep distance
1,321,1675454170.7308974,25.68121261784811,0.03933371576129691,True,False,False,True,13.12080841189874,False,False,False,-4.377375102982672,1.3463891519672528,9.650655993075386,0.13795314192739375,True,Keep distance
1,322,1675454170.830885,23.63818164046232,0.03933371576129691,True,False,False,True,11.758787760308213,False,False,False,-4.336236733054105,1.477934737847543,9.644785497127748,0.13795314192739375,True,Keep distance
1,323,1675454170.9309554,23.63818164046232,0.04605669116470578,True,False,False,True,11.758787760308213,False,False,False,-4.336236733054105,1.477934737847543,9.644785497127748,0.13795314192739375,True,Keep distance
1,324,1675454171.0308597,23.63818164046232,0.04605669116470578,True,False,False,True,11.758787760308213,False,False,False,-4.139355658631355,1.8610764436090539,9.659192446756517,0.16224336676440182,True,Keep distance
1,325,1675454171.130878,23.63818164046232,0.04605669116470578,True,False,False,True,11.758787760308213,False,False,False,-4.10124796399231,1.9786131242749205,9.66866593678712,0.12392261579716811,True,Keep distance
1,326,1675454171.2310367,23.63818164046232,0.04605669116470578,True,False,False,True,11.758787760308213,False,False,False,-4.059798381245802,2.0491549842541907,9.679386293193918,0.08251756152894582,True,Keep distance
1,327,1675454171.3308656,23.63818164046232,0.02133294912945305,True,False,False,True,11.758787760308213,False,False,False,-3.981323189006236,2.1363375581083694,9.704663518408404,0.05636805448478113,True,Keep distance
1,328,1675454171.4308767,23.63818164046232,0.02133294912945305,True,False,False,True,11.758787760308213,False,False,False,-3.981323189006236,2.1363375581083694,9.704663518408404,0.05636805448478113,True,Keep distance
1,329,1675454171.5308933,23.63818164046232,0.02133294912945305,True,False,False,True,11.758787760308213,False,False,False,-3.981323189006236,2.1363375581083694,9.704663518408404,0.05636805448478113,True,Keep distance
1,330,1675454171.6308527,23.63818164046232,0.02133294912945305,True,False,False,True,11.758787760308213,False,False,False,-3.6988215296453912,2.273170872163775,9.747944547885538,0.2028915010800499,True,Keep distance
1,331,1675454171.730878,23.63818164046232,0.01559960889234439,True,False,False,True,11.758787760308213,False,False,False,-3.7131802807923604,1.7904692021348254,9.785046545338378,0.19783074521353256,True,Keep distance
1,332,1675454171.830865,23.63818164046232,0.01559960889234439,True,False,False,True,11.758787760308213,False,False,False,-3.8176940529122305,1.6227832730362755,9.835244302895125,0.06825533097107232,True,Keep distance
1,333,1675454171.930864,23.63818164046232,0.01559960889234439,True,False,False,True,11.758787760308213,False,False,False,-3.8176940529122305,1.6227832730362755,9.835244302895125,0.06825533097107232,True,Keep distance
1,334,1675454172.030873,23.63818164046232,0.01559960889234439,True,False,False,True,11.758787760308213,False,False,False,-3.838355568756261,1.0474387359000474,9.868338651512403,0.14486980801682867,True,Keep distance
1,335,1675454172.130867,23.63818164046232,0.005186358605975334,True,False,False,True,11.758787760308213,False,False,False,-3.8744206017181892,0.7738301169195566,9.877583573269341,0.1384673510127772,True,Keep distance
1,336,1675454172.2308636,23.63818164046232,0.005186358605975334,True,False,False,True,11.758787760308213,False,False,False,-3.799067557736639,0.5562554961040945,9.870726141649152,0.12146207035621248,True,Keep distance
1,337,1675454172.330938,23.63818164046232,0.005186358605975334,True,False,False,True,11.758787760308213,False,False,False,-3.833024415063546,0.3486056337531891,9.87306824896731,0.21042105160976568,True,Keep distance
1,338,1675454172.4308953,21.788194716353388,0.005186358605975334,True,False,False,True,10.52546314423559,False,False,False,-3.833024415063546,0.3486056337531891,9.87306824896731,0.21042105160976568,True,Keep distance
1,339,1675454172.5309098,21.788194716353388,-0.04469368419500523,True,False,False,True,10.52546314423559,False,False,False,-4.041788901950056,-0.01871980078507147,9.857458698518064,0.05226171744321206,True,Keep distance
1,340,1675454172.6308756,21.788194716353388,-0.04469368419500523,True,False,False,True,10.52546314423559,False,False,False,-3.9717464224923313,0.07461647174658448,9.844999671080206,0.6642243530283177,True,Keep distance
1,341,1675454172.7308748,21.788194716353388,-0.04469368419500523,True,False,False,True,10.52546314423559,False,False,False,-3.946909039690371,-1.0226380377985838,9.834669214937868,0.14597248150263786,True,Keep distance
1,342,1675454172.8308983,21.788194716353388,-0.04469368419500523,True,False,False,True,10.52546314423559,False,False,False,-3.967367759009304,-1.1671419463155874,9.831836092424368,0.11561907857353791,True,Keep distance
1,343,1675454172.9309473,21.788194716353388,-0.030998832417847347,True,False,False,True,10.52546314423559,False,False,False,-4.0036866805694515,-1.276167162187692,9.819099940299695,0.11561907857353791,True,Keep distance
1,344,1675454173.0308666,21.788194716353388,-0.030998832417847347,True,False,False,True,10.52546314423559,False,False,False,-4.069732993299947,-1.5408625168314256,9.822987023933326,0.13965304607295342,True,Keep distance
1,345,1675454173.1308582,21.788194716353388,-0.030998832417847347,True,False,False,True,10.52546314423559,False,False,False,-4.093392713770559,-1.8373019272506552,9.815540540102873,0.07261382488577975,True,Keep distance
1,346,1675454173.2309036,21.788194716353388,-0.030998832417847347,True,False,False,True,10.52546314423559,False,False,False,-4.089764122971972,-1.7649216456364676,9.810991284470356,0.07261382488577975,True,Keep distance
1,347,1675454173.330877,21.788194716353388,-0.030998832417847347,True,False,False,True,10.52546314423559,False,False,False,-4.085094196966392,-1.728282892835827,9.806780167773395,0.07261382488577975,True,Keep distance
1,348,1675454173.4308457,20.49052908428727,-0.021304340690472073,True,False,False,True,9.66035272285818,False,False,False,-4.076676282946511,-1.75794190054625,9.799523736943422,0.015908980924034234,True,Keep distance
1,349,1675454173.530849,20.49052908428727,-0.021304340690472073,True,False,False,True,9.66035272285818,False,False,False,-4.062851731758726,-1.6594497025309491,9.79165737901676,0.056399361723959256,True,Keep distance
1,350,1675454173.630845,20.49052908428727,-0.021304340690472073,True,False,False,True,9.66035272285818,False,False,False,-4.056866908830204,-1.6191094381125397,9.789795699749119,0.056399361723959256,True,Keep distance
1,351,1675454173.7308538,20.49052908428727,-0.021304340690472073,True,False,False,True,9.66035272285818,False,False,False,-4.0302974671943845,-1.2587966319714792,9.786553254453253,0.19928552371710323,True,Keep distance
1,352,1675454173.830855,20.49052908428727,-0.021304340690472073,True,False,False,True,9.66035272285818,False,False,False,-4.010938101219503,-1.0542277045736328,9.785890956874923,0.09279131191080364,True,Keep distance
1,353,1675454173.9308484,20.49052908428727,-0.09341312490047077,True,False,False,True,9.66035272285818,False,False,False,-4.003017696000453,-0.9617758999113799,9.786289155301235,0.09279131191080364,True,Keep distance
1,354,1675454174.0308514,20.49052908428727,-0.09341312490047077,True,False,False,True,9.66035272285818,False,False,False,-4.003017696000453,-0.9617758999113799,9.786289155301235,0.07849173946285215,True,Keep distance
1,355,1675454174.1308892,20.49052908428727,-0.09341312490047077,True,False,False,True,9.66035272285818,False,False,False,-3.9959099101861186,-0.5936539348954473,9.763723503010276,0.7924821524676396,True,Keep distance
1,356,1675454174.2308662,20.49052908428727,-0.09341312490047077,True,False,False,True,9.66035272285818,False,False,False,-4.08669243555571,-1.873951460225088,9.782057672378258,0.49128541245784557,True,Keep distance
1,357,1675454174.3309023,20.49052908428727,-0.09341312490047077,True,False,False,True,9.66035272285818,False,False,False,-4.115447369170608,-1.9920827150071316,9.788240260396032,0.12173768503702892,True,Keep distance
1,358,1675454174.430861,20.49052908428727,-0.11160658565442116,True,False,False,True,8.754909757407617,False,False,False,-4.134994766418127,-2.035565230025319,9.795924946825053,0.033131981840553874,True,Keep distance
1,359,1675454174.5308585,19.132364636111426,-0.11160658565442116,True,False,False,True,8.754909757407617,False,False,False,-4.684806295181311,-2.176270292722371,9.864868839137657,0.5717026255989237,True,Keep distance
1,360,1675454174.6308374,19.132364636111426,-0.11160658565442116,True,False,False,True,8.754909757407617,False,False,False,-4.810632674295197,-2.642332122580982,9.872831372184816,0.4828139484983788,True,Keep distance
1,361,1675454174.730853,19.132364636111426,-0.11160658565442116,True,False,False,True,8.754909757407617,False,False,False,-4.90482428641279,-2.875496288166174,9.9007317757031,0.2530138739730159,True,Keep distance
1,362,1675454174.830849,19.132364636111426,-0.1112250368523668,True,False,False,True,8.754909757407617,False,False,False,-5.101662922046755,-3.2054206342747915,9.89544881971921,0.15084141117953442,True,Keep distance
1,363,1675454174.9308743,19.132364636111426,-0.1112250368523668,True,False,False,True,8.754909757407617,False,False,False,-5.073457668614968,-3.4326532771208247,9.86682514591788,0.12208087756124696,True,Keep distance
1,364,1675454175.0308716,19.132364636111426,-0.1112250368523668,True,False,False,True,8.754909757407617,False,False,False,-5.073457668614968,-3.4326532771208247,9.86682514591788,0.12208087756124696,True,Keep distance
1,365,1675454175.1308725,19.132364636111426,-0.1112250368523668,True,False,False,True,8.754909757407617,False,False,False,-4.79299517431827,-3.6614237744890654,9.807494855239872,0.095452362307219,True,Keep distance
1,366,1675454175.2309783,19.132364636111426,-0.09862423312474788,True,False,False,True,8.754909757407617,False,False,False,-4.621629533429423,-3.696584840503778,9.775533104329883,0.08343752049968048,True,Keep distance
1,367,1675454175.3309267,19.132364636111426,-0.09862423312474788,True,False,False,True,8.754909757407617,False,False,False,-4.349098877407671,-3.6238644036607828,9.739712910648077,0.20829545197737248,True,Keep distance
1,368,1675454175.430983,19.132364636111426,-0.09862423312474788,True,False,False,True,8.754909757407617,False,False,False,-4.364741148456648,-3.521057327384682,9.73946526135122,0.14382969701076415,True,Keep distance
1,369,1675454175.530866,17.888381534727316,-0.09862423312474788,True,False,False,True,7.9255876898182125,False,False,False,-4.312212623664703,-3.3873235396727455,9.732907071844284,0.14382969701076415,True,Keep distance
1,370,1675454175.6309593,17.888381534727316,-0.10229631066414942,True,False,False,True,7.9255876898182125,False,False,False,-3.910985951389424,-3.123905200209407,9.701634606739926,0.480988597769656,True,Keep distance
1,371,1675454175.730878,17.888381534727316,-0.10229631066414942,True,False,False,True,7.9255876898182125,False,False,False,-3.7842460727445353,-3.0240335433618726,9.695585845238757,0.1614742462316848,True,Keep distance
1,372,1675454175.8308585,17.888381534727316,-0.10229631066414942,True,False,False,True,7.9255876898182125,False,False,False,-3.6094775631736513,-2.8359556041174434,9.69476394920173,0.11605456408223355,True,Keep distance
1,373,1675454175.9308712,17.888381534727316,-0.09976173160492882,True,False,False,True,7.9255876898182125,False,False,False,-3.324609376735646,-2.315636671262236,9.67144038297191,0.1815626180992733,True,Keep distance
1,374,1675454176.030876,17.888381534727316,-0.09976173160492882,True,False,False,True,7.9255876898182125,False,False,False,-3.324609376735646,-2.315636671262236,9.67144038297191,0.26619090388160727,True,Keep distance
1,375,1675454176.130915,17.888381534727316,-0.09976173160492882,True,False,False,True,7.9255876898182125,False,False,False,-3.450745606526703,-2.0847344852487097,9.711831339107903,0.09682218392875501,True,Keep distance
1,376,1675454176.2308817,17.888381534727316,-0.09976173160492882,True,False,False,True,7.9255876898182125,False,False,False,-3.5176862897285206,-1.9266163020786478,9.749871220706623,0.014591940583614554,True,Keep distance
1,377,1675454176.3308609,17.888381534727316,-0.07949233450844416,True,False,False,True,7.9255876898182125,False,False,False,-3.5433192797794923,-1.8772483919589211,9.780667490955445,0.05130421980378383,True,Keep distance
1,378,1675454176.4308536,17.888381534727316,-0.07949233450844416,True,False,False,True,7.9255876898182125,False,False,False,-3.5779547382169548,-1.8582287079227766,9.799753927637656,0.037455951826320145,True,Keep distance
1,379,1675454176.5308862,17.140488682814883,-0.07949233450844416,True,False,False,True,7.426992455209924,False,False,False,-3.549295634987403,-1.901951614966873,9.824421629634461,0.0757208739758363,True,Keep distance
1,380,1675454176.6308515,17.140488682814883,-0.07949233450844416,True,False,False,True,7.426992455209924,False,False,False,-3.549295634987403,-1.901951614966873,9.824421629634461,0.0757208739758363,True,Keep distance
1,381,1675454176.7308443,17.140488682814883,-0.04646277309867478,True,False,False,True,7.426992455209924,False,False,False,-3.7086108789045897,-1.5641692512647938,9.8810373811053,0.04557738625674334,True,Keep distance
1,382,1675454176.8308516,17.140488682814883,-0.04646277309867478,True,False,False,True,7.426992455209924,False,False,False,-3.5951367206823037,-1.6581582713337288,9.873129609383147,0.38712085216761777,True,Keep distance
1,383,1675454176.93101,17.140488682814883,-0.04646277309867478,True,False,False,True,7.426992455209924,False,False,False,-3.576655309169278,-1.2714788449483547,9.873016376230748,0.2866291705455291,True,Keep distance
1,384,1675454177.0308704,16.938312179256304,-0.1430434625693726,True,False,False,True,7.292208119504202,False,False,False,-3.7991796899509915,-0.8898512537730147,9.891329808295719,0.16665770799337754,True,Keep distance
1,385,1675454177.1308491,16.938312179256304,-0.1430434625693726,True,False,False,True,7.292208119504202,False,False,False,-3.866104584818884,-0.7229925714995347,9.880948227151201,0.18007925652384513,True,Keep distance
1,386,1675454177.2308533,16.938312179256304,-0.1430434625693726,True,False,False,True,7.292208119504202,False,False,False,-3.99352696969063,-0.2587354143229008,9.832305743168313,0.4838773226802003,True,Keep distance
1,387,1675454177.330899,16.938312179256304,-0.1430434625693726,True,False,False,True,7.292208119504202,False,False,False,-3.678258058732728,-1.1587250359628776,9.806899284153618,0.9539503621446535,True,Keep distance
1,388,1675454177.4308906,16.938312179256304,-0.15432628639805365,True,False,False,True,7.292208119504202,False,False,False,-4.235464977452666,-2.014965882919708,9.841503057993116,0.23330869283811548,True,Keep distance
1,389,1675454177.5308619,16.938312179256304,-0.15432628639805365,True,False,False,True,7.292208119504202,False,False,False,-4.428838711384675,-2.072845090983079,9.851233805699161,0.20208436642098104,True,Keep distance
1,390,1675454177.6308622,16.938312179256304,-0.15432628639805365,True,False,False,True,7.292208119504202,False,False,False,-4.428838711384675,-2.072845090983079,9.851233805699161,0.20208436642098104,True,Keep distance
1,391,1675454177.7308815,16.938312179256304,-0.15432628639805365,True,False,False,True,7.292208119504202,False,False,False,-4.77759124449415,-2.843139907829166,9.842599854674074,0.6125282724277423,True,Keep distance
1,392,1675454177.8310952,16.938312179256304,0.05865041273921802,True,False,False,True,7.292208119504202,False,False,False,-4.833161695443823,-2.995346094027095,9.835791478417852,0.11839352857148361,True,Keep distance
1,393,1675454177.9309044,16.938312179256304,0.05865041273921802,True,False,False,True,7.292208119504202,False,False,False,-4.757072471341067,-3.1777531165473003,9.806212470016048,0.11839352857148361,True,Keep distance
1,394,1675454178.0309167,16.938312179256304,0.05865041273921802,True,False,False,True,7.292208119504202,False,False,False,-3.2336104650392636,-3.970997367367337,9.659544583235045,2.783567936230091,True,Keep distance
1,395,1675454178.130871,16.24800670359486,0.05865041273921802,True,False,False,True,6.832004469063241,False,False,False,-1.89606207828428,-1.531881130961298,9.55991148633533,2.783567936230091,True,Keep distance
1,396,1675454178.2308478,16.24800670359486,0.05865041273921802,True,False,False,True,6.832004469063241,False,False,False,-2.957034278860278,0.31997464104002793,9.70798248958988,1.694891791614257,True,Keep distance
1,397,1675454178.3308954,16.24800670359486,-0.020789432649589185,True,False,False,True,6.832004469063241,False,False,False,-4.3529815604394795,0.6853524716801785,9.856043139896759,1.694891791614257,True,Keep distance
1,398,1675454178.4309232,16.24800670359486,-0.020789432649589185,True,False,False,True,6.832004469063241,False,False,False,-5.003512393252099,1.539124075346448,9.91871644576987,0.6400922588860534,True,Keep distance
1,399,1675454178.5308917,16.24800670359486,-0.020789432649589185,True,False,False,True,6.832004469063241,False,False,False,-4.390064173922736,0.7898274062701924,9.86135414435635,0.40404161491603796,True,Keep distance
1,400,1675454178.6308858,16.24800670359486,-0.020789432649589185,True,False,False,True,6.832004469063241,False,False,False,-4.390064173922736,0.7898274062701924,9.86135414435635,0.40404161491603796,True,Keep distance
1,401,1675454178.7308798,16.24800670359486,0.02050885237957392,True,False,False,True,6.832004469063241,False,False,False,-3.869066025283552,1.0896155807460435,9.817412551439865,0.6026963447948388,True,Keep distance
1,402,1675454178.8309355,16.24800670359486,0.02050885237957392,True,False,False,True,6.832004469063241,False,False,False,-3.8459185841184063,0.9750665032065226,9.81665114847717,0.11686691119440376,True,Keep distance
1,403,1675454178.930894,16.24800670359486,0.02050885237957392,True,False,False,True,6.832004469063241,False,False,False,-3.8459185841184063,0.9750665032065226,9.81665114847717,0.11686691119440376,True,Keep distance
1,404,1675454179.0308762,16.24800670359486,0.02050885237957392,True,False,False,True,6.832004469063241,False,False,False,-3.9240391990308847,1.2965393144648871,9.824777335617014,0.12288229470163008,True,Keep distance
1,405,1675454179.1309102,16.24800670359486,0.010461490455619601,True,False,False,True,6.832004469063241,False,False,False,-3.9503860221724656,1.1719273707858922,9.826337438497882,0.12737631458834742,True,Keep distance
1,406,1675454179.230871,15.767541462531941,0.010461490455619601,True,False,False,True,6.511694308354627,False,False,False,-3.9503860221724656,1.1719273707858922,9.826337438497882,0.12737631458834742,True,Keep distance
1,407,1675454179.3308682,15.767541462531941,0.010461490455619601,True,False,False,True,6.511694308354627,False,False,False,-3.993902214315947,0.8167468501687816,9.825426861035693,0.3578375194914932,True,Keep distance
1,408,1675454179.4308994,15.767541462531941,0.010461490455619601,True,False,False,True,6.511694308354627,False,False,False,-3.999625060192497,0.6767862275748285,9.823809126588012,0.09903670795805146,True,Keep distance
1,409,1675454179.5308642,15.767541462531941,-0.026874266609056792,True,False,False,True,6.511694308354627,False,False,False,-4.007976104841606,0.3333017069408709,9.815208311159784,0.07982011380359359,True,Keep distance
1,410,1675454179.6308882,15.767541462531941,-0.026874266609056792,True,False,False,True,6.511694308354627,False,False,False,-4.008601893734966,0.2566179107049178,9.812987445574727,0.07671850142464412,True,Keep distance
1,411,1675454179.730935,15.767541462531941,-0.026874266609056792,True,False,False,True,6.511694308354627,False,False,False,-4.008601893734966,0.2566179107049178,9.812987445574727,0.07671850142464412,True,Keep distance
1,412,1675454179.8308723,15.767541462531941,-0.026874266609056792,True,False,False,True,6.511694308354627,False,False,False,-4.008601893734966,0.2566179107049178,9.812987445574727,0.07671850142464412,True,Keep distance
1,413,1675454179.9309294,15.767541462531941,-0.026874266609056792,True,False,False,True,6.511694308354627,False,False,False,-4.004350659120389,-0.511429445778517,9.80333318607374,0.04877091465423707,True,Keep distance
1,414,1675454180.0308723,15.767541462531941,-0.012473554560663626,True,False,False,True,6.511694308354627,False,False,False,-4.003417762257232,-0.5923137278224913,9.800983322469099,0.04219467266593935,True,Keep distance
1,415,1675454180.131002,15.767541462531941,-0.012473554560663626,True,False,False,True,6.511694308354627,False,False,False,-4.002075555754603,-0.6817821387343801,9.800067596666546,0.04219467266593935,True,Keep distance
1,416,1675454180.2308888,15.547428511535319,-0.012473554560663626,True,False,False,True,6.364952341023547,False,False,False,-3.9968858554846354,-0.5909137540932328,9.79909060112854,0.09102170530409152,True,Keep distance
1,417,1675454180.330863,15.547428511535319,-0.012473554560663626,True,False,False,True,6.364952341023547,False,False,False,-3.984053446180421,-0.5346302379255142,9.79789535616941,0.05774022455156413,True,Keep distance
1,418,1675454180.4309523,15.547428511535319,-0.01567151754664569,True,False,False,True,6.364952341023547,False,False,False,-3.9780088633018003,-0.49436858033066744,9.798323127847064,0.02746107335610853,True,Keep distance
1,419,1675454180.5309052,15.547428511535319,-0.01567151754664569,True,False,False,True,6.364952341023547,False,False,False,-3.9753477618776887,-0.45558828830321607,9.798812195987463,0.038874563639605904,True,Keep distance
1,420,1675454180.6308703,15.547428511535319,-0.01567151754664569,True,False,False,True,6.364952341023547,False,False,False,-3.9711322264551554,-0.3782938589183851,9.800278761674107,0.021291385092199643,True,Keep distance
