repetition,iteration,time,speed,steering,obstacle_North,obstacle_NorthWest,obstacle_SouthWest,obstacle_West,obstacle_distance,follow_enable,steady_motion_enable,passing_start,accel_x,accel_y,accel_z,accel_diff,success,action
1,1,1675452599.2230558,0.0,0.0,False,True,False,True,100000,False,True,False,0.04408790455054564,-6.285352510914918e-15,9.809899685131455,0.11609266376406456,True,Cruise
1,2,1675452599.2232437,0.0,0.0,False,True,False,True,100000,False,True,False,0.04408790455054564,-6.285352510914918e-15,9.809899685131455,0.11609266376406456,True,Cruise
1,3,1675452599.3234699,0.0,0.0,False,True,False,True,100000,False,True,False,0.046667087067060256,-1.2377312654837565e-13,9.925963695045738,0.1260152331986538,True,Cruise
1,4,1675452599.4234517,49.71117348576067,-0.0038510201898577776,False,True,False,True,100000,False,True,False,0.045119771047089835,4.9028413395518893e-14,9.796957728977091,0.9910570610242679,True,Cruise
1,5,1675452599.5234277,49.98632501188791,-0.00018233317482791193,False,True,False,True,100000,False,True,False,1.93985704831381,-0.007912131139551555,9.629548029162024,0.9114935041643343,True,Cruise
1,6,1675452599.6237159,49.82426061357559,0.002343191818992134,False,True,False,True,100000,False,True,False,2.615262964615283,-0.01572384696108104,9.584806752089154,0.6769312790477481,True,Cruise
1,7,1675452599.723444,49.9999622851637,-5.028644840874945e-07,False,True,False,True,100000,False,True,False,3.060760224077133,-0.0033198334035595433,9.566000692110265,0.4460665148072465,True,Cruise
1,8,1675452599.8233984,49.83647660372649,-0.0021803119503135075,False,True,False,True,100000,False,True,False,3.060760224077133,-0.0033198334035595433,9.566000692110265,0.544545044079275,True,Cruise
1,9,1675452599.9234738,49.903370086789934,0.0012883988428008765,False,True,False,True,100000,False,True,False,3.696849332879375,0.01622355067673436,9.625259062440382,0.09628817387589576,True,Cruise
1,10,1675452600.0235074,49.876475476942865,0.0016469936407618004,False,True,False,True,100000,False,True,False,3.8956484100436137,-0.0001670462489602067,9.673821424459561,0.10649307135420974,True,Cruise
1,11,1675452600.1237476,49.60665866030538,-0.005244551195928246,False,True,False,True,100000,False,True,False,4.118584660685628,-0.0010831641241690934,9.720391299655551,0.11488795268556644,True,Cruise
1,12,1675452600.2234445,49.94455674615625,-0.0007392433845833343,False,True,False,True,100000,False,True,False,4.227224042767494,0.022961342518803135,9.742995065342432,0.11354111088967289,True,Cruise
1,13,1675452600.3237648,49.66777865600373,-0.004429617919950176,False,True,False,False,100000,False,True,False,4.41593575793087,-0.013336418215769114,9.786953378081297,0.1971344011914086,True,Cruise
1,14,1675452600.4237633,49.72788876509868,0.0036281497986842617,False,True,False,False,100000,False,True,False,4.552017208275552,-0.011393737742731072,9.828137837506642,0.07834398024815542,True,Cruise
1,15,1675452600.5234232,49.39727704384334,-0.008036306082088787,False,True,False,False,100000,False,True,False,4.5990668026261154,-0.029968330251847777,9.84701296397501,0.0540686074212697,True,Cruise
1,16,1675452600.6234872,49.43630821789898,0.00751589042801356,False,True,False,False,100000,False,True,False,4.663319308651625,0.049063550801154994,9.893411637537044,0.0540686074212697,True,Cruise
1,17,1675452600.723643,49.43630821789898,0.00751589042801356,False,True,False,False,100000,False,True,False,4.663319308651625,0.049063550801154994,9.893411637537044,0.02789354389064312,True,Cruise
1,18,1675452600.8234265,49.70541286012729,0.0039278285316361496,False,True,False,False,100000,False,True,False,4.66214781681891,-0.05449510706399666,9.904744986341756,0.10418355343851024,True,Cruise
1,19,1675452600.9235134,49.70541286012729,0.0039278285316361496,False,True,False,False,100000,False,True,False,4.605022994602272,0.024853885038498964,9.924654167563451,0.09977917296652049,True,Cruise
1,20,1675452601.023423,49.34642225154482,0.008714369979402415,False,True,False,False,100000,False,True,False,4.532755516232753,0.03005433171627304,9.926060167517365,0.03954886672208406,True,Cruise
1,21,1675452601.1234434,49.34642225154482,0.008714369979402415,False,True,False,False,100000,False,True,False,4.48960784630043,-0.0021686959556852297,9.923379559673947,0.0502423932348602,True,Cruise
1,22,1675452601.2234569,49.64676187547254,-0.00470984166036611,False,True,False,False,100000,False,True,False,4.394407032543393,0.02478268257923912,9.911919777136616,0.0499105596339152,True,Cruise
1,23,1675452601.3233793,49.64676187547254,-0.00470984166036611,False,True,False,False,100000,False,True,False,4.344445361673274,0.06541948765360608,9.903477636724714,0.06495219948177634,True,Cruise
1,24,1675452601.423386,49.64676187547254,-0.00470984166036611,False,True,False,False,100000,False,True,False,4.195803152225406,-0.023582211118489647,9.869817782246658,0.17649021110913365,True,Cruise
1,25,1675452601.5234013,49.64676187547254,-0.00470984166036611,False,True,False,False,100000,False,True,False,4.195803152225406,-0.023582211118489647,9.869817782246658,0.048905406520614494,True,Cruise
1,26,1675452601.6233969,49.91091641542192,0.0011877811277076656,False,True,False,False,100000,False,True,False,4.025343845269872,-0.03945886145780578,9.81443762771395,0.04372371127763029,True,Cruise
1,27,1675452601.7233994,49.924718817063344,0.001003749105822129,False,True,False,False,100000,False,True,False,3.991096907890595,0.01315211296925649,9.80029971590112,0.06434786632400864,True,Cruise
1,28,1675452601.823443,49.924718817063344,0.001003749105822129,False,True,False,False,100000,False,True,False,3.9607762524843606,0.011886954896521178,9.78649160700236,0.03334076544671192,True,Cruise
1,29,1675452601.9234338,49.91878623916621,0.0010828501444504987,False,True,False,False,100000,False,True,False,3.9607762524843606,0.011886954896521178,9.78649160700236,0.03334076544671192,True,Cruise
1,30,1675452602.0233803,49.91878623916621,0.0010828501444504987,False,True,False,False,100000,False,True,False,3.8805429860422374,-0.0041703240038339475,9.73824084415633,0.01755229363685303,True,Cruise
1,31,1675452602.1233974,49.85070202095008,0.0019906397206656276,False,True,False,False,100000,False,True,False,3.8643603246466838,-0.002213554320326325,9.720296787309858,0.010533108636776435,True,Cruise
1,32,1675452602.2234054,49.22645947982185,0.01031387360237531,False,True,False,False,100000,False,True,False,3.8616842417890425,-0.003490573258265887,9.713205421846327,0.007686329485923125,True,Cruise
1,33,1675452602.3233938,49.22645947982185,0.01031387360237531,False,True,False,False,100000,False,True,False,3.8658711157170162,0.005560815710733604,9.702993405709323,0.00640097710977429,True,Cruise
1,34,1675452602.4234207,49.75004536758306,0.0033327284322258667,False,True,False,False,100000,False,True,False,3.8658711157170162,0.005560815710733604,9.702993405709323,0.00640097710977429,True,Cruise
1,35,1675452602.523405,49.75004536758306,0.0033327284322258667,False,True,False,False,100000,False,True,False,3.903445007651797,0.0725965823111386,9.69822382312668,0.026461122711849288,True,Cruise
1,36,1675452602.6234798,49.98249506004281,-0.00023339919942921448,False,True,False,False,100000,False,True,False,3.9172153616994354,0.03141891668471462,9.699984931187167,0.043454853568267844,True,Cruise
1,37,1675452602.7234645,49.98249506004281,-0.00023339919942921448,False,True,False,False,100000,False,True,False,3.947468512258759,0.023273922886101597,9.706491555899838,0.02256014594067239,True,Cruise
1,38,1675452602.8233774,49.990344458984644,0.0001287405468714031,False,True,False,False,100000,False,True,False,3.9793723400391183,0.0010782173148692308,9.716233602752293,0.017544564525867945,True,Cruise
1,39,1675452602.9234018,48.53766645064037,0.019497780658128416,False,True,False,False,100000,False,True,False,3.9793723400391183,0.0010782173148692308,9.716233602752293,0.017544564525867945,True,Cruise
1,40,1675452603.0234108,48.53766645064037,0.019497780658128416,False,True,False,False,100000,False,True,False,4.025466166752479,0.003077276592535513,9.734817491842557,0.05860476259209812,True,Cruise
1,41,1675452603.1233816,49.58376426474423,0.005549809803410235,False,True,False,False,100000,False,True,False,4.052311147651128,0.06037135943227466,9.74844149111799,0.048814452606619596,True,Cruise
1,42,1675452603.2234411,49.58376426474423,0.005549809803410235,False,True,False,False,100000,False,True,False,4.063953219603102,0.10728160019105558,9.755278321955608,0.04846089821869666,True,Cruise
1,43,1675452603.3235426,49.629597126361126,0.004938704981851692,False,True,False,False,100000,False,True,False,4.0848221687557675,0.06435632882737037,9.768306588036154,0.040222590574239644,True,Cruise
1,44,1675452603.4235027,49.629597126361126,0.004938704981851692,False,True,False,False,100000,False,True,False,4.093798340908928,0.025616476279463184,9.774348851730014,0.040222590574239644,True,Cruise
1,45,1675452603.5234447,48.996553732754464,0.013379283563273796,False,True,False,False,100000,False,True,False,4.093798340908928,0.025616476279463184,9.774348851730014,0.040222590574239644,True,Cruise
1,46,1675452603.6235015,48.996553732754464,0.013379283563273796,False,True,False,False,100000,False,True,False,4.112278962248029,0.027350143406829397,9.789918016312365,0.0096664301011193,True,Cruise
1,47,1675452603.723421,49.73965146202101,0.003471313839719894,False,True,False,False,100000,False,True,False,4.117495474034281,0.061127112367407116,9.797683964585065,0.053858377366284564,True,Cruise
1,48,1675452603.8234274,49.75272589253698,0.003296988099506914,False,True,False,False,100000,False,True,False,4.118156612743654,0.11426165143694346,9.80302543509948,0.030890861144829623,True,Cruise
1,49,1675452603.9234667,49.75272589253698,0.003296988099506914,False,True,False,False,100000,False,True,False,4.117877530044145,0.0477621209928472,9.804686125863713,0.03147569058402133,True,Cruise
1,50,1675452604.0233717,49.75272589253698,0.003296988099506914,False,True,False,False,100000,False,True,False,4.116624540845138,0.016330097381340877,9.805771025625871,0.03147569058402133,True,Cruise
1,51,1675452604.123413,48.50077728520581,0.019989636197255845,False,True,False,False,100000,False,True,False,4.116624540845138,0.016330097381340877,9.805771025625871,0.03147569058402133,True,Cruise
1,52,1675452604.2234762,48.50077728520581,0.019989636197255845,False,True,False,False,100000,False,True,False,4.107690815066223,0.010916377639753238,9.805787921020627,0.010446056824834477,True,Cruise
1,53,1675452604.323511,48.50077728520581,0.019989636197255845,False,True,False,False,100000,False,True,False,4.103379737005645,-0.03684424840000594,9.804821213754352,0.047964542285867696,True,Cruise
1,54,1675452604.4234285,48.77684560333951,0.016308725288806572,False,True,False,False,100000,False,True,False,4.0919841604912115,0.11839368120420722,9.801847479900262,0.020133927556761737,True,Cruise
1,55,1675452604.5233421,47.555744543102044,0.03259007275863941,False,True,False,False,100000,False,True,False,4.086350432183102,0.13761419050877488,9.79979609834522,0.014908694372752865,True,Cruise
1,56,1675452604.6233811,47.555744543102044,0.03259007275863941,False,True,False,False,100000,False,True,False,4.076367956514672,0.09614653685945386,9.794800159324176,0.014908694372752865,True,Cruise
1,57,1675452604.7236958,48.60081944887193,0.018655740681707507,False,True,False,False,100000,False,True,False,4.076367956514672,0.09614653685945386,9.794800159324176,0.014908694372752865,True,Cruise
1,58,1675452604.8236778,48.14695701306482,0.024707239825802387,False,True,False,False,100000,False,True,False,4.052189124311139,0.24411354847140768,9.78383931614837,0.020517292764493596,True,Cruise
1,59,1675452604.9234889,48.14695701306482,0.024707239825802387,False,True,False,False,100000,False,True,False,4.047441949349701,0.2892080930527007,9.780985757744071,0.10868388984510208,True,Cruise
1,60,1675452605.023692,47.29127809766947,0.03611629203107374,False,True,False,False,100000,False,True,False,4.043526414573503,0.18156645765806675,9.775163166990396,0.0038808645601711594,True,Cruise
1,61,1675452605.1234455,47.29127809766947,0.03611629203107374,False,True,False,False,100000,False,True,False,4.038383074105395,0.21163872374959375,9.770276767108644,0.013493659775026015,True,Cruise
1,62,1675452605.2234023,47.18524851260072,0.03753001983199037,False,True,False,False,100000,False,True,False,4.038383074105395,0.21163872374959375,9.770276767108644,0.013493659775026015,True,Cruise
1,63,1675452605.3234181,47.18524851260072,0.03753001983199037,False,True,False,False,100000,False,True,False,4.02761896175274,0.30494912620434145,9.765121236886076,0.09407059483644921,True,Cruise
1,64,1675452605.4238162,46.91959372141299,0.041072083714493474,False,True,False,False,100000,False,True,False,4.023511461722676,0.31417486428230457,9.762711763788259,0.008880891442963538,True,Cruise
1,65,1675452605.5234137,48.4693078210578,0.02040922905256266,False,True,False,False,100000,False,True,False,4.021448036279695,0.3309470222706349,9.761231957078385,0.02560457184486974,True,Cruise
1,66,1675452605.6234112,48.4693078210578,0.02040922905256266,False,True,False,False,100000,False,True,False,4.0209692472503855,0.3451497550176427,9.76083090151038,0.06486761167862173,True,Cruise
1,67,1675452605.7234142,47.455400627059674,0.033927991639204354,False,True,False,False,100000,False,True,False,4.021726705817028,0.4100124491055861,9.760577490653947,0.06486761167862173,True,Cruise
1,68,1675452605.8235323,47.455400627059674,0.033927991639204354,False,True,False,False,100000,False,True,False,4.041634654522883,0.16907907096043331,9.75973968419564,0.2417559121216516,True,Cruise
1,69,1675452605.9234092,47.24020106171049,0.03679731917719338,False,True,False,False,100000,False,True,False,4.043895105330295,0.12916429807271604,9.7603523114558,0.039983422123308424,True,Cruise
1,70,1675452606.0234234,47.24020106171049,0.03679731917719338,False,True,False,False,100000,False,True,False,4.038535012831016,0.27063738822490907,9.76298517782428,0.044215168673895286,True,Cruise
1,71,1675452606.1235595,49.1594884635048,0.011206820486602648,False,True,False,False,100000,False,True,False,4.0381422511817515,0.27276236777140683,9.766670209737926,0.006657070328987772,True,Cruise
1,72,1675452606.2234693,49.1594884635048,0.011206820486602648,False,True,False,False,100000,False,True,False,4.0381422511817515,0.27276236777140683,9.766670209737926,0.0014587883546619016,True,Cruise
1,73,1675452606.323468,49.103509060838576,0.011953212522152347,False,True,False,False,100000,False,True,False,4.0381422511817515,0.27276236777140683,9.766670209737926,0.0014587883546619016,True,Cruise
1,74,1675452606.423376,48.26604952440912,0.023119339674545065,False,True,False,False,100000,False,True,False,4.064385000608944,0.05313463741094442,9.769385002011225,0.017429875652684355,True,Cruise
1,75,1675452606.52342,48.26604952440912,0.023119339674545065,False,True,False,False,100000,False,True,False,4.070969420452169,0.009551886021895738,9.771506355203854,0.026953385069412014,True,Cruise
1,76,1675452606.6235569,49.60347877694831,0.005286949640689211,False,True,False,False,100000,False,True,False,4.064785849809437,0.13898458711276998,9.774533991347464,0.04127147614099411,True,Cruise
1,77,1675452606.7240176,49.60347877694831,0.005286949640689211,False,True,False,False,100000,False,True,False,4.063583208862748,0.19261678487588457,9.775664388202209,0.053657588272281696,True,Cruise
1,78,1675452606.8236582,49.60347877694831,0.005286949640689211,False,True,False,False,100000,False,True,False,4.073200143163947,-0.04043084511880983,9.776430042129284,0.23324722827385028,True,Cruise
1,79,1675452606.9238124,48.82507606497182,0.015665652467042455,False,True,False,False,100000,False,True,False,4.075420320214449,-0.06568268916320268,9.776963457409895,0.02535486828282691,True,Cruise
1,80,1675452607.0238416,48.82507606497182,0.015665652467042455,False,True,False,False,100000,False,True,False,4.075650621802035,-0.09578262832952256,9.778062040229464,0.028015601618872368,True,Cruise
1,81,1675452607.1240852,48.82507606497182,0.015665652467042455,False,True,False,False,100000,False,True,False,4.072413454670382,-0.014556601898949265,9.77877447297029,0.04205121382602708,True,Cruise
1,82,1675452607.2237926,48.82507606497182,0.015665652467042455,False,True,False,False,100000,False,True,False,4.067031234593965,0.03704830842878344,9.779565515763363,0.0010547720454546978,True,Cruise
1,83,1675452607.3235562,48.82507606497182,0.015665652467042455,False,True,False,False,100000,False,True,False,4.067031234593965,0.03704830842878344,9.779565515763363,0.0010547720454546978,True,Cruise
1,84,1675452607.42392,47.81130052140349,0.029182659714620137,False,True,False,False,100000,False,True,False,4.06467598730838,0.07608737555016608,9.77871203936825,0.023565600562405985,True,Cruise
1,85,1675452607.5234652,47.81130052140349,0.029182659714620137,False,True,False,False,100000,False,True,False,4.062754432542983,0.07013850015131988,9.777924661724587,0.022481888644091688,True,Cruise
1,86,1675452607.62359,47.81130052140349,0.029182659714620137,False,True,False,False,100000,False,True,False,4.062754432542983,0.07013850015131988,9.777924661724587,0.022481888644091688,True,Cruise
1,87,1675452607.723471,47.81130052140349,0.029182659714620137,False,True,False,False,100000,False,True,False,4.054185657461008,0.2739582870222585,9.77757194893949,0.07744339214772376,True,Cruise
1,88,1675452607.8238895,47.81130052140349,0.029182659714620137,False,True,False,False,100000,False,True,False,4.051399497943704,0.30640922077184846,9.777150145676613,0.032573051807724636,True,Cruise
1,89,1675452607.9236329,48.86544212473799,0.015127438336826815,False,True,False,False,100000,False,True,False,4.046773719348062,0.3769143408334998,9.774768394819695,0.05073852418630492,True,Cruise
1,90,1675452608.0235195,48.86544212473799,0.015127438336826815,False,True,False,False,100000,False,True,False,4.046122129041067,0.3963995309202245,9.774170397263342,0.019970971325866334,True,Cruise
1,91,1675452608.123491,48.86544212473799,0.015127438336826815,False,True,False,False,100000,False,True,False,4.050865182496624,0.3487041045017249,9.77251553778899,0.0575365560443815,True,Cruise
1,92,1675452608.2234802,48.86544212473799,0.015127438336826815,False,True,False,False,100000,False,True,False,4.054309611166753,0.29016787699827257,9.771763033196226,0.05864230795561909,True,Cruise
1,93,1675452608.3234344,48.86544212473799,0.015127438336826815,False,True,False,False,100000,False,True,False,4.055857100041275,0.27550967612329147,9.77126609409112,0.014748034553195623,True,Cruise
1,94,1675452608.4235413,49.57531208037731,-0.005662505594969212,False,True,False,False,100000,False,True,False,4.055857100041275,0.27550967612329147,9.77126609409112,0.018924704970095584,True,Cruise
1,95,1675452608.5234632,49.57531208037731,-0.005662505594969212,False,True,False,False,100000,False,True,False,4.054173044942057,0.2802233629591026,9.770589091245473,0.04044920804615624,True,Cruise
1,96,1675452608.623451,49.57531208037731,-0.005662505594969212,False,True,False,False,100000,False,True,False,4.060464496144319,0.0798006165897954,9.769953838172306,0.12424478768272369,True,Cruise
1,97,1675452608.7233815,49.57531208037731,-0.005662505594969212,False,True,False,False,100000,False,True,False,4.065309872378311,-0.11701708288954651,9.770080281443683,0.02316352140071025,True,Cruise
1,98,1675452608.8233886,49.57531208037731,-0.005662505594969212,False,True,False,False,100000,False,True,False,4.065309872378311,-0.11701708288954651,9.770080281443683,0.02316352140071025,True,Cruise
1,99,1675452608.9233859,49.962501008345015,0.0004999865553998368,False,True,False,False,100000,False,True,False,4.065309872378311,-0.11701708288954651,9.770080281443683,0.02316352140071025,True,Cruise
1,100,1675452609.0233698,49.991888034343646,0.00010815954208472642,False,True,False,False,100000,False,True,False,4.060350612958665,-0.20297375566220116,9.77205983277458,0.03310033626319181,True,Cruise
1,101,1675452609.1237273,49.991888034343646,0.00010815954208472642,False,True,False,False,100000,False,True,False,4.060350612958665,-0.20297375566220116,9.77205983277458,0.011693023285191506,True,Cruise
1,102,1675452609.2237566,49.991888034343646,0.00010815954208472642,False,True,False,False,100000,False,True,False,4.059853418203525,-0.19441988020607293,9.772730056361496,0.0031421910003650525,True,Cruise
1,103,1675452609.3235056,49.991888034343646,0.00010815954208472642,False,True,False,False,100000,False,True,False,4.060149573369449,-0.19507770512141495,9.77327358658806,0.0025816340901089357,True,Cruise
1,104,1675452609.423849,49.41365712336987,-0.00781790502173502,False,True,False,False,100000,False,True,False,4.060149573369449,-0.19507770512141495,9.77327358658806,0.0025816340901089357,True,Cruise
1,105,1675452609.5237536,49.41365712336987,-0.00781790502173502,False,True,False,False,100000,False,True,False,4.060246384801444,-0.11127150005509091,9.774151339460257,0.04237521914381151,True,Cruise
1,106,1675452609.6234891,49.41365712336987,-0.00781790502173502,False,True,False,False,100000,False,True,False,4.060321684371987,-0.1640993801972577,9.774295738332464,0.05282813115542474,True,Cruise
1,107,1675452609.723463,49.41365712336987,-0.00781790502173502,False,True,False,False,100000,False,True,False,4.059718841022372,-0.18327453799373042,9.774577387262267,0.013495882531482803,True,Cruise
1,108,1675452609.8235157,49.41365712336987,-0.00781790502173502,False,True,False,False,100000,False,True,False,4.059229538633861,-0.1697879913168101,9.774689133436386,0.013495882531482803,True,Cruise
1,109,1675452609.9237113,49.41365712336987,-0.00781790502173502,False,True,False,False,100000,False,True,False,4.058719890604878,-0.15793424297104727,9.7747724934597,0.010690546656942405,True,Cruise
1,110,1675452610.0235498,48.8582508344406,-0.015223322207458678,False,True,False,False,100000,False,True,False,4.057782261688758,-0.1472851565505238,9.774847314901422,0.0009442265551254613,True,Cruise
1,111,1675452610.1234365,48.8582508344406,-0.015223322207458678,False,True,False,False,100000,False,True,False,4.056662601337294,-0.12630728469577293,9.774756541472764,0.02047198376539082,True,Cruise
1,112,1675452610.2234814,48.8582508344406,-0.015223322207458678,False,True,False,False,100000,False,True,False,4.05558383635581,-0.19770694854045245,9.774758608583701,0.07140781284489436,True,Cruise
1,113,1675452610.323665,48.8582508344406,-0.015223322207458678,False,True,False,False,100000,False,True,False,4.053749067152449,-0.25722282259665236,9.774644084023505,0.01537322027574792,True,Cruise
1,114,1675452610.4236279,48.8582508344406,-0.015223322207458678,False,True,False,False,100000,False,True,False,4.0523965146597645,-0.2789261067632293,9.774245866457834,0.006058413188885093,True,Cruise
1,115,1675452610.5235262,49.99564077342273,-5.81230210302737e-05,False,True,False,False,100000,False,True,False,4.052166397252581,-0.2904151463718853,9.774085604341316,0.011492461402865185,True,Cruise
1,116,1675452610.623498,49.99564077342273,-5.81230210302737e-05,False,True,False,False,100000,False,True,False,4.051990726021215,-0.30249167535861265,9.773922730110352,0.012078904783295034,True,Cruise
1,117,1675452610.7238705,49.99564077342273,-5.81230210302737e-05,False,True,False,False,100000,False,True,False,4.055308902114533,-0.21855562738947393,9.773278783225045,0.1387955387348076,True,Cruise
1,118,1675452610.8234646,49.99564077342273,-5.81230210302737e-05,False,True,False,False,100000,False,True,False,4.05840177294244,-0.10880791775506815,9.772842325809917,0.025350695696185685,True,Cruise
1,119,1675452610.923463,49.99564077342273,-5.81230210302737e-05,False,True,False,False,100000,False,True,False,4.058515543666565,-0.10131524564247657,9.772783264037232,0.007493768575120815,True,Cruise
1,120,1675452611.0238466,49.70962866968433,-0.0038716177375422304,False,True,False,False,100000,False,True,False,4.058515543666565,-0.10131524564247657,9.772783264037232,0.051432332855917036,True,Cruise
1,121,1675452611.124113,49.70962866968433,-0.0038716177375422304,False,True,False,False,100000,False,True,False,4.0571173705930725,-0.023880430800770333,9.77283567325037,0.026016377793446385,True,Cruise
1,122,1675452611.223474,49.70962866968433,-0.0038716177375422304,False,True,False,False,100000,False,True,False,4.056444021031066,-0.007977083032924537,9.77296424752032,0.00474414462698215,True,Cruise
1,123,1675452611.3236988,49.70962866968433,-0.0038716177375422304,False,True,False,False,100000,False,True,False,4.056444021031066,-0.007977083032924537,9.77296424752032,0.0074656652456112985,True,Cruise
1,124,1675452611.4237447,49.70962866968433,-0.0038716177375422304,False,True,False,False,100000,False,True,False,4.056568822036027,0.00845008343359727,9.7730302557826,0.008962395170999587,True,Cruise
1,125,1675452611.5235476,49.70962866968433,-0.0038716177375422304,False,True,False,False,100000,False,True,False,4.056568822036027,0.00845008343359727,9.7730302557826,0.002269626292209635,True,Cruise
1,126,1675452611.623469,48.98544056183544,-0.013527459175527468,False,True,False,False,100000,False,True,False,4.05715067234533,0.004162248610874705,9.773195282176836,0.008351259464687889,True,Cruise
1,127,1675452611.7235343,48.98544056183544,-0.013527459175527468,False,True,False,False,100000,False,True,False,4.057255576322525,0.014064037583301483,9.773306924153012,0.018252593417410697,True,Cruise
1,128,1675452611.8235123,48.98544056183544,-0.013527459175527468,False,True,False,False,100000,False,True,False,4.0562409825527785,-0.09599268470317551,9.773472127214418,0.018252593417410697,True,Cruise
1,129,1675452611.9234462,48.98544056183544,-0.013527459175527468,False,True,False,False,100000,False,True,False,4.054695503634538,-0.20210116276488682,9.773674324153552,0.032296014628111415,True,Cruise
1,130,1675452612.023935,48.98544056183544,-0.013527459175527468,False,True,False,False,100000,False,True,False,4.054695503634538,-0.20210116276488682,9.773674324153552,0.032296014628111415,True,Cruise
1,131,1675452612.1235163,48.371007839460255,-0.021719895473863292,False,True,False,False,100000,False,True,False,4.054014390455808,-0.2638112328422322,9.773743190450519,0.026061932044955837,True,Cruise
1,132,1675452612.22367,48.371007839460255,-0.021719895473863292,False,True,False,False,100000,False,True,False,4.053960555345621,-0.28987310860510784,9.773737239211881,0.02622826493973127,True,Cruise
1,133,1675452612.323471,48.371007839460255,-0.021719895473863292,False,True,False,False,100000,False,True,False,4.049820662062782,-0.49886711212428575,9.773976962244562,0.0008618260190429161,True,Cruise
1,134,1675452612.4236112,48.371007839460255,-0.021719895473863292,False,True,False,False,100000,False,True,False,4.048630811309864,-0.5325674330530171,9.773986166934783,0.03372132055895841,True,Cruise
1,135,1675452612.5237038,48.371007839460255,-0.021719895473863292,False,True,False,False,100000,False,True,False,4.048630811309864,-0.5325674330530171,9.773986166934783,0.03372132055895841,True,Cruise
1,136,1675452612.6237712,48.371007839460255,-0.021719895473863292,False,True,False,False,100000,False,True,False,4.047563972055306,-0.5863920336012423,9.773723958362678,0.01867627084896071,True,Cruise
1,137,1675452612.7237322,49.5323479218561,-0.0062353610419186405,False,True,False,False,100000,False,True,False,4.047757466849833,-0.6816844062548556,9.773332396990966,0.059174763363484637,True,Cruise
1,138,1675452612.8239331,49.5323479218561,-0.0062353610419186405,False,True,False,False,100000,False,True,False,4.054283402886458,-0.5244179328702399,9.772630275151831,0.15740338137112928,True,Cruise
1,139,1675452612.9235256,49.5323479218561,-0.0062353610419186405,False,True,False,False,100000,False,True,False,4.058609088158358,-0.42337954468977307,9.772265502509725,0.10113159989962904,True,Cruise
1,140,1675452613.0234966,49.5323479218561,-0.0062353610419186405,False,True,False,False,100000,False,True,False,4.060701738877427,-0.3560559923036669,9.772299831260977,0.03365493402006142,True,Cruise
1,141,1675452613.1235263,49.5323479218561,-0.0062353610419186405,False,True,False,False,100000,False,True,False,4.059369065267273,-0.29005650504956904,9.772599991144586,0.03678479634987687,True,Cruise
1,142,1675452613.223545,48.21066543350824,-0.023857794219890142,False,True,False,False,100000,False,True,False,4.059369065267273,-0.29005650504956904,9.772599991144586,0.039695894632409606,True,Cruise
1,143,1675452613.3238428,48.21066543350824,-0.023857794219890142,False,True,False,False,100000,False,True,False,4.058474826982221,-0.12567163340685694,9.77296307350127,0.08594242263719132,True,Cruise
1,144,1675452613.4240682,48.21066543350824,-0.023857794219890142,False,True,False,False,100000,False,True,False,4.053608662625631,-0.2919519018989883,9.77357989682144,0.10253194755251797,True,Cruise
1,145,1675452613.52356,48.21066543350824,-0.023857794219890142,False,True,False,False,100000,False,True,False,4.0465059256875975,-0.4230031552859807,9.774142207219615,0.02877907160511727,True,Cruise
1,146,1675452613.6234696,48.21066543350824,-0.023857794219890142,False,True,False,False,100000,False,True,False,4.046281894927439,-0.43449138199423737,9.774063798677277,0.011490678421281765,True,Cruise
1,147,1675452613.7237463,48.21066543350824,-0.023857794219890142,False,True,False,False,100000,False,True,False,4.046436171567336,-0.4602882940463017,9.77393667546805,0.03709482110436128,True,Cruise
1,148,1675452613.8235505,48.82909392624546,-0.015612080983393888,False,True,False,False,100000,False,True,False,4.047110219194536,-0.6080704264539368,9.773495986884214,0.04291529550975271,True,Cruise
1,149,1675452613.9233835,48.82909392624546,-0.015612080983393888,False,True,False,False,100000,False,True,False,4.051290506711752,-0.5560627649870392,9.772987454833634,0.022860859994698744,True,Cruise
1,150,1675452614.0233877,48.82909392624546,-0.015612080983393888,False,True,False,False,100000,False,True,False,4.054154557215886,-0.5333839042563958,9.77269520431256,0.022860859994698744,True,Cruise
1,151,1675452614.1235962,48.82909392624546,-0.015612080983393888,False,True,False,False,100000,False,True,False,4.054154557215886,-0.5333839042563958,9.77269520431256,0.022860859994698744,True,Cruise
1,152,1675452614.2234309,48.166733754901514,-0.024443549934646473,False,True,False,False,100000,False,True,False,4.055405623214121,-0.5895453878155201,9.772619806544093,0.006322889237609809,True,Cruise
1,153,1675452614.323406,48.166733754901514,-0.024443549934646473,False,True,False,False,100000,False,True,False,4.054724562304491,-0.5818213288059805,9.772720176116056,0.034412822065184416,True,Cruise
1,154,1675452614.423388,48.166733754901514,-0.024443549934646473,False,True,False,False,100000,False,True,False,4.05446079021239,-0.5474095419535464,9.772761071056062,0.0932762623956926,True,Cruise
1,155,1675452614.5236404,48.166733754901514,-0.024443549934646473,False,True,False,False,100000,False,True,False,4.047181893712832,-0.6981495764372527,9.77338987945115,0.05764164984359536,True,Cruise
1,156,1675452614.6235998,48.166733754901514,-0.024443549934646473,False,True,False,False,100000,False,True,False,4.04518720088693,-0.7173699601854919,9.773227208214037,0.01932429592069702,True,Cruise
1,157,1675452614.723449,48.73048758519864,-0.016926832197351492,False,True,False,False,100000,False,True,False,4.045572156816458,-0.7278784329857677,9.773067283507073,0.010516737496662768,True,Cruise
1,158,1675452614.8233814,48.73048758519864,-0.016926832197351492,False,True,False,False,100000,False,True,False,4.046000391306312,-0.7435871330974612,9.772906285092043,0.01571536078068398,True,Cruise
1,159,1675452614.9234064,48.73048758519864,-0.016926832197351492,False,True,False,False,100000,False,True,False,4.051232496959031,-0.7122059173017948,9.772199526408965,0.0418731956308536,True,Cruise
1,160,1675452615.0234864,48.73048758519864,-0.016926832197351492,False,True,False,False,100000,False,True,False,4.056122942598395,-0.6653460403284722,9.771786831757158,0.0053698487087009,True,Cruise
1,161,1675452615.1234372,49.28908746382518,-0.009478833815664263,False,True,False,False,100000,False,True,False,4.056122942598395,-0.6653460403284722,9.771786831757158,0.0002257013952198909,True,Cruise
1,162,1675452615.2233946,49.28908746382518,-0.009478833815664263,False,True,False,False,100000,False,True,False,4.05575706673,-0.6759002754350382,9.772078429434195,0.0002257013952198909,True,Cruise
1,163,1675452615.3233764,49.28908746382518,-0.009478833815664263,False,True,False,False,100000,False,True,False,4.061854831393942,-0.4982239326067675,9.771746310647753,0.10386168107011996,True,Cruise
1,164,1675452615.42341,49.28908746382518,-0.009478833815664263,False,True,False,False,100000,False,True,False,4.0629132822172815,-0.46370577118657963,9.771831781984492,0.034534491328597525,True,Cruise
1,165,1675452615.5234735,48.96616961973673,-0.013784405070176886,False,True,False,False,100000,False,True,False,4.062699088985524,-0.4200292087823646,9.772232861749004,0.021931325158299746,True,Cruise
1,166,1675452615.6234527,48.96616961973673,-0.013784405070176886,False,True,False,False,100000,False,True,False,4.059444842686114,-0.38223198478659864,9.773076759004185,0.021931325158299746,True,Cruise
1,167,1675452615.7235274,48.96616961973673,-0.013784405070176886,False,True,False,False,100000,False,True,False,4.057953914226782,-0.39390105248672797,9.773339209884444,0.01176685553262197,True,Cruise
1,168,1675452615.8233805,48.96616961973673,-0.013784405070176886,False,True,False,False,100000,False,True,False,4.057190647338166,-0.38661286853454596,9.773507898154946,0.007329983451325532,True,Cruise
1,169,1675452615.9233975,49.07519623797264,-0.01233071682703144,False,True,False,False,100000,False,True,False,4.056933975122534,-0.3726348141277726,9.773671541516457,2.3516205160943846,True,Cruise
1,170,1675452616.0233996,49.07519623797264,-0.01233071682703144,False,True,False,False,100000,False,True,False,2.4713414869011405,-2.7278163451815693,9.304461964910516,4.4700022698710695,True,Cruise
1,171,1675452616.123626,49.07519623797264,-0.01233071682703144,False,True,False,False,100000,False,True,False,2.4713414869011405,-2.7278163451815693,9.304461964910516,4.4700022698710695,True,Cruise
1,172,1675452616.2235105,49.07519623797264,-0.01233071682703144,False,True,False,False,100000,False,True,False,4.987852270938128,-0.445003636688145,9.680712866020055,0.29356067286318493,True,Cruise
1,173,1675452616.3234928,49.07519623797264,-0.01233071682703144,False,True,False,False,100000,False,True,False,4.464538609829049,-0.6447643834456445,9.735391769453495,0.20449101582273507,True,Cruise
1,174,1675452616.423519,48.59197602163257,-0.01877365304489905,False,True,False,False,100000,False,True,False,4.139170950140025,-0.6695137383637048,9.769486667941312,0.05625552176943475,True,Cruise
1,175,1675452616.5233781,48.59197602163257,-0.01877365304489905,False,True,False,False,100000,False,True,False,4.083433924948377,-0.6423863503593964,9.77704130084568,0.02437087655885332,True,Cruise
1,176,1675452616.623363,48.59197602163257,-0.01877365304489905,False,True,False,False,100000,False,True,False,4.083433924948377,-0.6423863503593964,9.77704130084568,0.02437087655885332,True,Cruise
1,177,1675452616.7234058,48.59197602163257,-0.01877365304489905,False,True,False,False,100000,False,True,False,4.132935969252454,-0.7793821247410497,9.77616280676273,0.14350771742296484,True,Cruise
1,178,1675452616.8233633,48.272647296820104,-0.023031369375731966,False,True,False,False,100000,False,True,False,4.1380315819672235,-0.7796378410780296,9.776319457748999,0.005104429381960054,True,Cruise
1,179,1675452616.9233782,48.272647296820104,-0.023031369375731966,False,True,False,False,100000,False,True,False,4.1083635809764765,-0.8451266182238801,9.78000324306689,0.02056712344692647,True,Cruise
1,180,1675452617.023642,48.272647296820104,-0.023031369375731966,False,True,False,False,100000,False,True,False,4.102654275854075,-0.8897072091288324,9.780425318702187,0.04494667282744412,True,Cruise
1,181,1675452617.1234727,48.272647296820104,-0.023031369375731966,False,True,False,False,100000,False,True,False,4.102654275854075,-0.8897072091288324,9.780425318702187,0.04494667282744412,True,Cruise
1,182,1675452617.223545,48.272647296820104,-0.023031369375731966,False,True,False,False,100000,False,True,False,4.085872405184826,-0.9423791400372606,9.780620351649254,0.021521568698779345,True,Cruise
1,183,1675452617.3235197,48.49053121561611,-0.020126250458451816,False,True,False,False,100000,False,True,False,3.768603104651425,-0.2940859594443347,9.855325007293937,0.7405510576229025,True,Cruise
1,184,1675452617.4233634,48.49053121561611,-0.020126250458451816,False,True,False,False,100000,False,True,False,3.8694567023396873,-0.7338739997673708,9.802904315920046,0.11670138476314602,True,Cruise
1,185,1675452617.5234747,48.49053121561611,-0.020126250458451816,False,True,False,False,100000,False,True,False,3.9448720393400625,-0.7754283078560458,9.791642422377581,0.08283989254231235,True,Cruise
1,186,1675452617.6236231,48.49053121561611,-0.020126250458451816,False,True,False,True,100000,False,True,False,3.997760084660472,-0.8385862145814706,9.782902784131595,0.08283989254231235,True,Cruise
1,187,1675452617.723391,48.29959855557636,-0.022672019258981917,False,True,False,True,100000,False,True,False,4.026417049718435,-1.0166915384341546,9.77078076939451,0.18080285194733206,True,Cruise
1,188,1675452617.823349,48.29959855557636,-0.022672019258981917,False,True,False,True,100000,False,True,False,4.001372912423587,-1.0795681390070324,9.76802058369554,0.05814045120994057,True,Cruise
1,189,1675452617.9235191,48.29959855557636,-0.022672019258981917,False,True,False,True,100000,False,True,False,3.988455000556284,-1.1362452560922713,9.766950995555094,0.0395168187756669,True,Cruise
1,190,1675452618.0233943,48.29959855557636,-0.022672019258981917,False,True,False,True,100000,False,True,False,3.9713957146896806,-1.200943282233593,9.762967335110927,0.009080745054231142,True,Cruise
1,191,1675452618.1235073,49.96253086933369,-0.0004995884088841291,False,True,False,True,100000,False,True,False,3.9713957146896806,-1.200943282233593,9.762967335110927,0.07266380531404917,True,Cruise
1,192,1675452618.2234335,49.96253086933369,-0.0004995884088841291,False,True,False,True,100000,False,True,False,3.9918211735766542,-0.9743023043937746,9.757730848320808,0.29976437487127466,True,Cruise
1,193,1675452618.323432,49.96253086933369,-0.0004995884088841291,False,True,False,True,100000,False,True,False,4.0043641877056215,-0.7761695897495728,9.756027293623719,0.06661189366577222,True,Cruise
1,194,1675452618.4233978,49.25097209673877,-0.009987038710149736,False,True,False,True,100000,False,True,False,4.01781878604609,-0.6356533516625069,9.753227012458531,0.031807252118229615,True,Cruise
1,195,1675452618.5235133,49.25097209673877,-0.009987038710149736,False,True,False,True,100000,False,True,False,4.019692410116517,-0.5717061118065683,9.752518966660926,0.06397860018163681,True,Cruise
1,196,1675452618.623462,49.25097209673877,-0.009987038710149736,False,True,False,True,100000,False,True,False,3.9834886052474103,-0.3185814941949048,9.698060840777465,0.26143541267928877,True,Cruise
1,197,1675452618.7233763,49.25097209673877,-0.009987038710149736,False,True,False,True,100000,False,True,False,3.9834886052474103,-0.3185814941949048,9.698060840777465,0.026548099348969838,True,Cruise
1,198,1675452618.8234072,49.742239239689575,-0.0034368101374723484,False,True,False,True,100000,False,True,False,4.005227385147048,-0.24078994683643828,9.72458616509407,0.05025501304771746,True,Cruise
1,199,1675452618.9234102,49.742239239689575,-0.0034368101374723484,False,True,False,True,100000,False,True,False,4.026454288995547,-0.18373201863166222,9.739433701966433,0.015547092308391134,True,Cruise
1,200,1675452619.0234857,49.742239239689575,-0.0034368101374723484,False,True,False,True,100000,False,True,False,4.050099706562522,-0.027278985412140754,9.753872312655504,0.057722653794520386,True,Cruise
1,201,1675452619.123422,49.911852422184694,0.001175301037537422,False,True,False,True,100000,False,True,False,4.059493008605762,-0.021189850180811265,9.760986271072412,0.013263487305322294,True,Cruise
1,202,1675452619.2234452,49.911852422184694,0.001175301037537422,False,True,False,True,100000,False,True,False,4.080193825218769,-0.07005931649240855,9.78031167892514,0.056482031963271034,True,Cruise
1,203,1675452619.323498,49.911852422184694,0.001175301037537422,False,True,False,True,100000,False,True,False,4.08634991534796,-0.013226381311092045,9.785651343326915,0.057414214119206025,True,Cruise
1,204,1675452619.4234495,49.911852422184694,0.001175301037537422,False,True,False,True,100000,False,True,False,4.094981680236414,0.029479016539328745,9.794694459039334,0.00874185804594224,True,Cruise
1,205,1675452619.5236733,49.454515008536866,-0.007273133219508495,False,True,False,True,100000,False,True,False,4.099548349414553,0.026829637783201857,9.80124998998,0.003548112135430888,True,Cruise
1,206,1675452619.6234913,49.454515008536866,-0.007273133219508495,False,True,False,True,100000,False,True,False,4.100646945093354,0.029990992227301158,9.803549277237783,0.004060516750428337,True,Cruise
1,207,1675452619.7234406,49.454515008536866,-0.007273133219508495,False,True,False,True,100000,False,True,False,1.439870034790038,-0.1874172245142949,10.040830100586755,2.6801683320715486,True,Cruise
1,208,1675452619.8237107,49.3696573685271,-0.00840456841963861,False,True,False,True,100000,False,True,False,0.6574276640352877,-0.10085706079236698,10.06295209332158,0.25903899435357686,True,Cruise
1,209,1675452619.9235103,49.3696573685271,-0.00840456841963861,False,True,False,True,100000,False,True,False,0.6574276640352877,-0.10085706079236698,10.06295209332158,0.25903899435357686,True,Cruise
1,210,1675452620.023537,49.3696573685271,-0.00840456841963861,False,True,False,True,100000,False,True,False,-0.10501101618723989,-0.15456173633231157,10.074607812373488,0.6481885530228202,True,Cruise
1,211,1675452620.1234667,49.3696573685271,-0.00840456841963861,False,True,False,True,100000,False,True,False,-0.049664830012988284,-0.27786668263475633,9.988866908817927,0.09432118111187668,True,Cruise
1,212,1675452620.2233598,49.360535356132544,0.008526195251566044,False,True,False,True,100000,False,True,False,-0.16431447372427663,-0.4648580798931565,9.851128303745277,0.10105390884960072,True,Cruise
1,213,1675452620.323381,49.360535356132544,0.008526195251566044,False,True,False,True,100000,False,True,False,-0.16431447372427663,-0.4648580798931565,9.851128303745277,0.14905233018656458,True,Cruise
1,214,1675452620.4235291,49.360535356132544,0.008526195251566044,False,True,False,True,100000,False,True,False,-0.4236486747756188,-0.1979040321753233,9.807305485244791,0.2260990224805818,True,Cruise
1,215,1675452620.5235312,49.360535356132544,0.008526195251566044,False,True,False,True,100000,False,True,False,-0.5045986558843386,-0.2544109688973718,9.782648996031241,0.10175399647949752,True,Cruise
1,216,1675452620.62338,49.94309000456313,-0.000758799939158305,False,True,False,True,100000,False,True,False,-0.5992025634413783,-0.29219752174409497,9.735556615182526,0.04609424003807781,True,Cruise
1,217,1675452620.7234013,49.94309000456313,-0.000758799939158305,False,True,False,True,100000,False,True,False,0.34701282505657693,-0.020677524520119138,9.583411501744767,0.9960897579364186,True,Cruise
1,218,1675452620.823416,49.94309000456313,-0.000758799939158305,False,True,False,True,100000,False,True,False,1.9565124772083002,0.09471745985118528,9.441751783643262,0.6961461257762567,True,Cruise
1,219,1675452620.923454,49.94309000456313,-0.000758799939158305,False,True,False,True,100000,False,True,False,1.8554518774572337,0.05744233688632223,9.487141756943169,0.18734161752016798,True,Cruise
1,220,1675452621.0234952,49.62972464045208,0.0049370047939722335,False,True,False,True,100000,False,True,False,-0.31927469645511686,0.32674295978306206,9.731734416970854,1.5365700740220065,True,Cruise
1,221,1675452621.123401,49.62972464045208,0.0049370047939722335,False,True,False,True,100000,False,True,False,-0.31927469645511686,0.32674295978306206,9.731734416970854,1.5365700740220065,True,Cruise
1,222,1675452621.2234108,49.62972464045208,0.0049370047939722335,False,True,False,True,100000,False,True,False,-1.2094979503026633,0.490748729608663,9.818881017885694,1.5365700740220065,True,Cruise
1,223,1675452621.3234282,48.21673951873519,0.023776806416864152,False,True,False,True,100000,False,True,False,-0.7212122225350612,0.42635279885266447,9.781208753628562,0.4939524140377566,True,Cruise
1,224,1675452621.4234517,48.21673951873519,0.023776806416864152,False,True,False,True,100000,False,True,False,-0.045078940088556375,0.38171320351919924,9.740168953760138,0.27334441255453007,True,Cruise
1,225,1675452621.5233712,48.21673951873519,0.023776806416864152,False,True,False,True,100000,False,True,False,-1.7290417709820094,0.5934099344996812,9.913320705211177,0.6964278283020549,True,Cruise
1,226,1675452621.6234055,48.21673951873519,0.023776806416864152,False,True,False,True,100000,False,True,False,-2.3990941544177153,0.7745199442333681,9.970247745006953,0.6964278283020549,True,Cruise
1,227,1675452621.7234223,47.94478444201831,0.0274028741064225,False,True,False,True,100000,False,True,False,-2.3990941544177153,0.7745199442333681,9.970247745006953,0.9530790981995965,True,Cruise
1,228,1675452621.823449,47.94478444201831,0.0274028741064225,False,True,False,True,100000,False,True,False,-3.5656309412303107,1.0023126539888987,9.98984219844009,0.11385940745402275,True,Cruise
1,229,1675452621.923423,47.94478444201831,0.0274028741064225,False,True,False,True,100000,False,True,False,-3.6642311198866087,1.1229477181984509,9.97326116625746,0.15668358106750713,True,Cruise
1,230,1675452622.023389,47.94478444201831,0.0274028741064225,False,True,False,True,100000,False,True,False,-3.2768053237296577,1.3991337962701518,9.881971111172824,0.3251689712469008,True,Cruise
1,231,1675452622.1234043,47.94478444201831,0.0274028741064225,False,True,False,True,100000,False,True,False,-2.9616659381156683,1.4610663585339831,9.831114595090401,0.3251689712469008,True,Cruise
1,232,1675452622.2234006,47.75250210327449,0.029966638623006827,False,True,False,True,100000,False,True,False,-2.9616659381156683,1.4610663585339831,9.831114595090401,0.9221092032948199,True,Cruise
1,233,1675452622.3234124,47.75250210327449,0.029966638623006827,False,True,False,True,100000,False,True,False,-2.60732935978401,1.375504189432824,9.742426297204572,0.5557793514449337,True,Cruise
1,234,1675452622.4233928,47.75250210327449,0.029966638623006827,False,True,False,True,100000,False,True,False,-1.653796217618592,1.5953847934682015,9.62900366228446,0.45226173036802003,True,Cruise
1,235,1675452622.5233738,47.75250210327449,0.029966638623006827,False,True,False,True,100000,False,True,False,-1.0333494126665437,1.6930000223519897,9.58631483446159,0.2671378627686943,True,Cruise
1,236,1675452622.623397,47.60096549125206,0.03198712678330585,False,True,False,True,100000,False,True,False,-1.0333494126665437,1.6930000223519897,9.58631483446159,0.2671378627686943,True,Cruise
1,237,1675452622.723399,47.60096549125206,0.03198712678330585,False,True,False,True,100000,False,True,False,-1.0333494126665437,1.6930000223519897,9.58631483446159,0.5504945012737057,True,Cruise
1,238,1675452622.8233678,47.60096549125206,0.03198712678330585,False,True,False,True,100000,False,True,False,-1.4368500541329714,1.8364205543782117,9.686130113847055,0.1390358323659557,True,Cruise
1,239,1675452622.9233792,47.60096549125206,0.03198712678330585,False,True,False,True,100000,False,True,False,-1.0216347787361058,1.845513282773995,9.708149696418326,0.3978133892118733,True,Cruise
1,240,1675452623.0233634,47.60096549125206,0.03198712678330585,False,True,False,True,100000,False,True,False,-0.3072149886218503,1.8087712155976317,9.683858779586954,0.3180680159898348,True,Cruise
1,241,1675452623.1235595,44.210474280558984,0.07719367625921349,False,True,False,True,100000,False,True,False,-0.07819096278024631,1.8111395733521507,9.686789806207706,0.2290550249354959,True,Cruise
1,242,1675452623.2234554,44.210474280558984,0.07719367625921349,False,True,False,True,100000,False,True,False,-0.07819096278024631,1.8111395733521507,9.686789806207706,0.2290550249354959,True,Cruise
1,243,1675452623.323709,44.210474280558984,0.07719367625921349,False,True,False,True,100000,False,True,False,-2.5810878937386375,2.8294365748676067,9.987396502509327,2.049144727378003,True,Cruise
1,244,1675452623.4234478,44.210474280558984,0.07719367625921349,False,True,False,True,100000,False,True,False,-3.015451161286384,3.0055959588258934,10.021509447805874,0.14473760526464402,True,Cruise
1,245,1675452623.523384,43.64630436243364,0.08471594183421807,False,True,False,True,100000,False,True,False,-3.1907910788205682,3.3876529299906646,10.001896731485242,0.14030091302178163,True,Cruise
1,246,1675452623.623407,43.64630436243364,0.08471594183421807,False,True,False,True,100000,False,True,False,-3.1907910788205682,3.3876529299906646,10.001896731485242,0.1810273001837526,True,Cruise
1,247,1675452623.723489,43.64630436243364,0.08471594183421807,False,True,False,True,100000,False,True,False,-3.1907910788205682,3.3876529299906646,10.001896731485242,0.1810273001837526,True,Cruise
1,248,1675452623.8236341,43.56431142847475,0.08580918095366989,False,True,False,True,100000,False,True,False,-3.1907910788205682,3.3876529299906646,10.001896731485242,0.1810273001837526,True,Cruise
1,249,1675452623.9234295,43.56431142847475,0.08580918095366989,False,True,False,True,100000,False,True,False,-3.5953189489773467,4.176454414108152,9.95036857953732,0.15820330265616325,True,Cruise
1,250,1675452624.0234704,43.56431142847475,0.08580918095366989,False,True,False,True,100000,False,True,False,-3.7197327489903054,4.289385233655205,9.934501663701182,0.15820330265616325,True,Cruise
1,251,1675452624.123416,43.56431142847475,0.08580918095366989,False,True,False,True,100000,False,True,False,-4.174730066281882,4.588005698794673,9.856782925311212,0.1163010831189873,True,Cruise
1,252,1675452624.2233677,43.98592345827807,0.08018768722295899,False,True,False,True,100000,False,True,False,-4.334208635628011,4.6151600394223555,9.812649955040921,0.06872132860963208,True,Cruise
1,253,1675452624.323373,43.98592345827807,0.08018768722295899,False,True,False,True,100000,False,True,False,-4.400801987008339,4.569278987082078,9.764162582863275,0.20503826708371733,True,Cruise
1,254,1675452624.4233692,43.98592345827807,0.08018768722295899,False,True,False,True,100000,False,True,False,-4.207390441757871,4.516420741065459,9.721282856178432,0.20503826708371733,True,Cruise
1,255,1675452624.5233986,43.78977586440082,0.08280298847465566,False,True,False,True,100000,False,True,False,-3.7946995450601246,4.495842331550369,9.662825709823167,0.33585364331919987,True,Cruise
1,256,1675452624.6234784,43.78977586440082,0.08280298847465566,False,True,False,True,100000,False,True,False,-3.0647344217333687,4.247278420608272,9.568255062239455,0.21243572967769536,True,Cruise
1,257,1675452624.7234337,43.78977586440082,0.08280298847465566,False,True,False,True,100000,False,True,False,-3.4629118162166126,3.9721060993156474,9.603233863945178,0.21243572967769536,True,Cruise
1,258,1675452624.8234556,43.09618593427272,0.09205085420969711,False,True,False,True,100000,False,True,False,-3.2651742073805767,3.932275295704071,9.591337345684696,0.2020598475978319,True,Cruise
1,259,1675452624.9236343,43.09618593427272,0.09205085420969711,False,True,False,True,100000,False,True,False,-2.890307577506471,3.8389635531124524,9.566228289346704,0.3871208289524587,True,Cruise
1,260,1675452625.023678,43.09618593427272,0.09205085420969711,False,True,False,True,100000,False,True,False,-3.344675023505456,3.7522149858540974,9.601846770923178,0.06560619752004271,True,Cruise
1,261,1675452625.123412,43.60378634100713,0.08528284878657162,False,True,False,True,100000,False,True,False,-3.613259522273675,3.8143222848574907,9.662120209512766,0.14437825325565767,True,Cruise
1,262,1675452625.2234752,43.60378634100713,0.08528284878657162,False,True,False,True,100000,False,True,False,-3.613259522273675,3.8143222848574907,9.662120209512766,0.14437825325565767,True,Cruise
1,263,1675452625.3234344,43.60378634100713,0.08528284878657162,False,True,False,True,100000,False,True,False,1.6375700885150573,3.908613968829116,9.304622587746515,0.14437825325565767,True,Cruise
1,264,1675452625.423364,43.44537792729469,0.08739496096940413,False,True,False,True,100000,False,True,False,1.77094289504097,3.866322245585791,9.359182982372978,0.45929754832688835,True,Cruise
1,265,1675452625.5234458,43.44537792729469,0.08739496096940413,False,True,False,True,100000,False,True,False,0.8667696783395153,3.9889123913390114,9.565285376083162,0.4761612435813471,True,Cruise
1,266,1675452625.6237054,43.44537792729469,0.08739496096940413,False,True,False,True,100000,False,True,False,-0.65834822846782,4.1083140513924725,9.804828209059693,0.24522722338028374,True,Cruise
1,267,1675452625.7234492,43.44537792729469,0.08739496096940413,False,True,False,True,100000,False,True,False,-0.65834822846782,4.1083140513924725,9.804828209059693,0.24522722338028374,True,Cruise
1,268,1675452625.8235257,43.294297674039264,0.0894093643461431,False,True,False,True,100000,False,True,False,0.14140467530720302,4.163972730051618,9.852319618000509,0.8030927901119815,True,Cruise
1,269,1675452625.923621,43.294297674039264,0.0894093643461431,False,True,False,True,100000,False,True,False,-0.3826978434477058,4.223658150643889,9.986347794174955,0.07611097635444444,True,Cruise
1,270,1675452626.0234158,43.294297674039264,0.0894093643461431,False,True,False,True,100000,False,True,False,-0.12266352488471746,4.239645900072004,9.979630199892137,0.2606119357113991,True,Cruise
1,271,1675452626.1233976,43.376478244034836,0.08831362341286893,False,True,False,True,100000,False,True,False,0.11965874585202071,4.244470747881168,9.972027067643637,0.24248952486938236,True,Cruise
1,272,1675452626.223486,43.376478244034836,0.08831362341286893,False,True,False,True,100000,False,True,False,0.29098220173718414,4.246772405509665,9.967466044569276,0.17139961229757553,True,Cruise
1,273,1675452626.3233883,43.376478244034836,0.08831362341286893,False,True,False,True,100000,False,True,False,0.924808173313855,4.2553537981143705,9.92762800340504,0.17349279882757526,True,Cruise
1,274,1675452626.423412,43.376478244034836,0.08831362341286893,False,True,False,True,100000,False,True,False,0.5696828786509878,4.256017284842253,9.956367150247383,0.18284563426982256,True,Cruise
1,275,1675452626.5235965,43.376478244034836,0.08831362341286893,False,True,False,True,100000,False,True,False,0.41707188939935036,4.259018417334542,9.962709676912004,0.15277221108922623,True,Cruise
1,276,1675452626.623377,47.62547269695164,0.03166036404064486,False,True,False,True,100000,False,True,False,0.2287850582152769,4.259228645326329,9.95508370681165,0.07655984333333944,True,Cruise
1,277,1675452626.7233822,47.62547269695164,0.03166036404064486,True,True,False,True,6.4921182965565025,False,False,False,0.1776292694717942,4.2564021570798625,9.94352095271285,0.05252238608559722,True,Keep distance
1,278,1675452626.8234525,15.738177444834754,0.03166036404064486,True,True,False,True,6.4921182965565025,False,False,False,0.1776292694717942,4.2564021570798625,9.94352095271285,0.05252238608559722,True,Keep distance
1,279,1675452626.923458,15.738177444834754,0.03166036404064486,True,True,False,True,6.4921182965565025,False,False,False,3.3968738510946723,3.0541712446302096,9.626694377778161,0.4427120451028614,True,Keep distance
1,280,1675452627.0234506,15.738177444834754,0.05323598041479517,True,True,False,True,6.4921182965565025,False,False,False,-0.04510781626236878,2.79766369532518,9.950274546401575,1.6931010861241822,True,Keep distance
1,281,1675452627.1233635,15.738177444834754,0.05323598041479517,True,True,False,True,6.4921182965565025,False,False,False,-2.7871249476813724,2.274129884460634,10.119387596420374,0.6621666385014715,True,Keep distance
1,282,1675452627.2234168,15.738177444834754,0.05323598041479517,True,True,False,True,6.4921182965565025,False,False,False,-2.7871249476813724,2.274129884460634,10.119387596420374,0.6621666385014715,True,Keep distance
1,283,1675452627.3233953,15.738177444834754,0.05323598041479517,True,True,False,True,6.4921182965565025,False,False,False,-2.7871249476813724,2.274129884460634,10.119387596420374,0.5212693584946104,True,Keep distance
1,284,1675452627.423371,15.738177444834754,0.05323598041479517,True,True,False,True,6.4921182965565025,False,False,False,-3.502065035403721,1.9857570043621449,9.965375075317976,0.14764002252013847,True,Keep distance
1,285,1675452627.5234737,15.738177444834754,0.03571941639396103,True,True,False,True,6.4921182965565025,False,False,False,-3.502065035403721,1.9857570043621449,9.965375075317976,0.1514644061132033,True,Keep distance
1,286,1675452627.623761,15.738177444834754,0.03571941639396103,True,True,False,True,6.4921182965565025,False,False,False,-3.8002667991382384,1.982819277757251,9.900021512779142,0.16609191337225096,True,Keep distance
1,287,1675452627.7234917,15.738177444834754,0.03571941639396103,True,True,False,True,6.4921182965565025,False,False,False,-4.074883480632334,1.6395281371074062,9.835632340677597,0.1910634963818796,True,Keep distance
1,288,1675452627.8235645,15.738177444834754,0.03571941639396103,True,True,True,True,6.4921182965565025,False,False,False,-4.074883480632334,1.6395281371074062,9.835632340677597,0.1910634963818796,True,Keep distance
1,289,1675452627.9235156,15.738177444834754,0.03571941639396103,True,True,True,True,6.4921182965565025,False,False,False,-4.458997253622768,1.657311819276342,9.750896513563443,0.3937509496485722,True,Keep distance
1,290,1675452628.0234153,15.738177444834754,0.022068247134972057,True,True,True,True,6.4921182965565025,False,False,False,-4.555796255773592,1.6627820391412917,9.724759352288315,0.08139478733208992,True,Keep distance
1,291,1675452628.123501,15.738177444834754,0.022068247134972057,True,True,True,True,6.4921182965565025,False,False,False,-4.633225772032481,1.6592530445496259,9.699913273846787,0.08139478733208992,True,Keep distance
1,292,1675452628.2234051,15.738177444834754,0.022068247134972057,True,True,True,True,6.4921182965565025,False,False,False,-4.713815106410065,1.5117413400429558,9.65382849261882,0.04793100287980108,True,Keep distance
1,293,1675452628.3233793,13.11709401964768,0.022068247134972057,True,True,True,True,4.744729346431787,False,False,False,-4.72980683007143,1.3433459867408053,9.61806514775638,0.04793100287980108,True,Keep distance
1,294,1675452628.4233916,13.11709401964768,0.022068247134972057,True,True,True,True,4.744729346431787,False,False,False,-4.683526321456912,1.2693862053498024,9.58844828886401,0.0921362744616578,True,Keep distance
1,295,1675452628.523408,13.11709401964768,0.0003211027430158104,True,True,True,True,4.744729346431787,False,False,False,-4.6486138647539414,1.2321069109337697,9.584709456934311,0.058328678520358994,True,Keep distance
1,296,1675452628.6234686,13.11709401964768,0.0003211027430158104,True,True,True,True,4.744729346431787,False,False,False,-4.324683798372455,0.8783702645929319,9.576286592439804,0.352135525658768,True,Keep distance
1,297,1675452628.723349,13.11709401964768,0.0003211027430158104,True,True,True,True,4.744729346431787,False,False,False,-4.324683798372455,0.8783702645929319,9.576286592439804,0.20441757495479213,True,Keep distance
1,298,1675452628.823371,13.11709401964768,0.0003211027430158104,True,True,True,True,4.744729346431787,False,False,False,-4.210936062416055,0.6255296937678521,9.598938620696401,0.07464596035132307,True,Keep distance
1,299,1675452628.9237003,13.11709401964768,0.0003211027430158104,True,True,True,True,4.744729346431787,False,False,False,-4.210936062416055,0.6255296937678521,9.598938620696401,0.07464596035132307,True,Keep distance
1,300,1675452629.0237198,13.11709401964768,0.003392707906357288,True,True,True,True,4.744729346431787,False,False,False,-4.156272308324624,0.48188355822993734,9.658424792347878,0.1648057732122705,True,Keep distance
1,301,1675452629.1233878,13.11709401964768,0.003392707906357288,True,True,True,True,4.744729346431787,False,False,False,-239.55633247543733,-39.11507142634892,10.529192406287304,454.1836041455249,False,stop
1,302,1675452629.223325,0.0,0.003392707906357288,True,True,True,True,4.744729346431787,False,False,False,30.65449364808146,-6.971104700983157,5.580547469512534,0.0,False,stop
1,303,1675452629.323361,0.0,0.003392707906357288,True,True,True,True,4.744729346431787,False,False,False,22.564505036323286,13.920234930532565,6.503692358337244,0.0,False,stop
1,304,1675452629.4234455,0.0,0.003392707906357288,True,False,True,True,3.649374087852363,False,False,False,19.959637447771968,15.74550216350016,7.072081753435106,0.0,False,stop
1,305,1675452629.523396,0.0,0.003392707906357288,True,False,True,True,3.649374087852363,False,False,False,19.959637447771968,15.74550216350016,7.072081753435106,0.0,False,stop
1,306,1675452629.6233728,0.0,0.003392707906357288,True,False,True,True,3.649374087852363,False,False,False,15.746433507627563,10.37461887771096,9.100472571017894,0.0,False,stop
1,307,1675452629.7233884,0.0,0.003392707906357288,True,False,True,True,3.649374087852363,False,False,False,14.433639186482353,9.96497192050384,9.50563367091584,0.0,False,stop
1,308,1675452629.823531,0.0,0.003392707906357288,True,False,True,True,3.649374087852363,False,False,False,6.7836806360405975,6.976105121793504,10.158123383403542,0.0,False,stop
1,309,1675452629.9234676,0.0,0.003392707906357288,True,False,True,True,3.649374087852363,False,False,False,15.903843903627015,11.295762441255574,9.878221220133037,0.0,False,stop
1,310,1675452630.0235457,0.0,0.003392707906357288,True,False,True,True,3.649374087852363,False,False,False,15.903843903627015,11.295762441255574,9.878221220133037,0.0,False,stop
1,311,1675452630.123501,0.0,0.003392707906357288,True,False,True,True,3.649374087852363,False,False,False,10.200357866374693,7.910189567003333,10.099227863033159,0.0,False,stop
1,312,1675452630.2233744,0.0,0.003392707906357288,True,False,True,True,3.649374087852363,False,False,False,9.927997471016887,7.413002923819218,9.99168747475898,0.0,False,stop
1,313,1675452630.3234708,0.0,0.003392707906357288,True,False,True,True,3.649374087852363,False,False,False,9.605799342362246,6.486275203409833,9.674826551546936,0.0,False,stop
1,314,1675452630.42346,0.0,0.003392707906357288,True,False,True,True,3.649374087852363,False,False,False,9.620664101209764,5.668995873685551,9.27551945443742,0.0,False,stop
1,315,1675452630.523393,0.0,0.003392707906357288,True,False,True,False,3.637394346642374,False,False,False,9.162909174271716,6.976325883012386,7.366839327880974,0.0,False,stop
1,316,1675452630.623395,0.0,0.003392707906357288,True,False,True,False,3.637394346642374,False,False,False,9.162909174271716,6.976325883012386,7.366839327880974,0.0,False,stop
1,317,1675452630.7235274,0.0,0.003392707906357288,True,False,True,False,3.637394346642374,False,False,False,9.162909174271716,6.976325883012386,7.366839327880974,0.0,False,stop
1,318,1675452630.8233504,0.0,0.003392707906357288,True,False,True,False,3.637394346642374,False,False,False,11.374912261468673,4.550582790515412,6.71810630369538,0.0,False,stop
1,319,1675452630.9233663,0.0,0.003392707906357288,True,False,True,False,3.637394346642374,False,False,False,30.801150765309337,-0.3700829256527257,6.3194751045366315,0.0,False,stop
1,320,1675452631.0233781,0.0,0.003392707906357288,True,False,True,False,3.637394346642374,False,False,False,23.837819494947617,-1.081443405145842,7.237526591698079,0.0,False,stop
1,321,1675452631.123383,0.0,0.003392707906357288,True,False,True,False,3.637394346642374,False,False,False,23.73839623335798,-6.585107809104855,7.800856009986573,0.0,False,stop
1,322,1675452631.2235272,0.0,0.003392707906357288,True,False,True,False,3.637394346642374,False,False,False,18.053410466377873,-2.414276045844734,8.528706317252839,0.0,False,stop
1,323,1675452631.323392,0.0,0.003392707906357288,True,False,True,False,3.637394346642374,False,False,False,17.850619040973307,-3.1750660555023966,9.267513117841782,0.0,False,stop
1,324,1675452631.4234388,0.0,0.003392707906357288,True,False,True,False,3.637394346642374,False,False,False,17.850619040973307,-3.1750660555023966,9.267513117841782,0.0,False,stop
1,325,1675452631.523387,0.0,0.003392707906357288,True,False,True,False,3.637394346642374,False,False,False,18.020702593548133,-1.9802606047931803,10.992362266696109,0.0,False,stop
1,326,1675452631.6233633,0.0,0.003392707906357288,True,False,True,False,3.4877955299533046,False,False,False,15.413973889639754,-6.237887170277543,7.415165986305693,0.0,False,stop
1,327,1675452631.7234225,0.0,0.003392707906357288,True,False,True,False,3.4877955299533046,False,False,False,16.57319354769584,-1.2229954653266633,10.458424293279608,0.0,False,stop
1,328,1675452631.8233974,0.0,0.003392707906357288,True,False,True,False,3.4877955299533046,False,False,False,16.255260989267615,-0.5727198257861119,10.614732666473762,0.0,False,stop
1,329,1675452631.9233775,0.0,0.003392707906357288,True,False,True,False,3.4877955299533046,False,False,False,16.132656773416247,-0.3601111765260966,10.652838688513564,0.0,False,stop
1,330,1675452632.0233521,0.0,0.003392707906357288,True,False,True,False,3.4877955299533046,False,False,False,15.953043916329346,-0.14144115272821242,10.654160959687573,0.0,False,stop
1,331,1675452632.1233788,0.0,0.003392707906357288,True,False,True,False,3.4877955299533046,False,False,False,15.844737940993447,-0.6577685116524942,10.543101163521651,0.0,False,stop
1,332,1675452632.2233984,0.0,0.003392707906357288,True,False,True,False,3.4877955299533046,False,False,False,15.844737940993447,-0.6577685116524942,10.543101163521651,0.0,False,stop
1,333,1675452632.3234844,0.0,0.003392707906357288,True,False,True,False,3.4877955299533046,False,False,False,19.683595526434498,-8.609845539881777,9.080249539621501,0.0,False,stop
1,334,1675452632.4234262,0.0,0.003392707906357288,True,False,True,False,3.4877955299533046,False,False,False,17.93277014779755,-7.147006278934169,9.104876347057568,0.0,False,stop
1,335,1675452632.5234127,0.0,0.003392707906357288,True,False,True,False,3.4877955299533046,False,False,False,17.93277014779755,-7.147006278934169,9.104876347057568,0.0,False,stop
1,336,1675452632.6235116,0.0,0.003392707906357288,True,False,True,False,3.4877955299533046,False,False,False,16.12948551696304,-5.827155614059532,9.13011356445643,0.0,False,stop
1,337,1675452632.7236006,0.0,0.003392707906357288,True,False,True,False,3.4905823491424006,False,False,False,16.12948551696304,-5.827155614059532,9.13011356445643,0.0,False,stop
1,338,1675452632.8234355,0.0,0.003392707906357288,True,False,True,False,3.4905823491424006,False,False,False,14.336575107626125,-4.081571625958012,9.093277274773863,0.0,False,stop
1,339,1675452632.9235375,0.0,0.003392707906357288,True,False,True,False,3.4905823491424006,False,False,False,14.240758734774074,-3.5325066952530038,9.069819597431731,0.0,False,stop
1,340,1675452633.023486,0.0,0.003392707906357288,True,False,True,False,3.4905823491424006,False,False,False,14.379695997970563,-2.3106120334013616,9.026535767103967,0.0,False,stop
1,341,1675452633.1234062,0.0,0.003392707906357288,True,False,True,False,3.4905823491424006,False,False,False,14.662934245983882,-1.2940306226262026,9.019869692075675,0.0,False,stop
