repetition,iteration,time,speed,steering,obstacle_North,obstacle_NorthWest,obstacle_SouthWest,obstacle_West,obstacle_distance,follow_enable,steady_motion_enable,passing_start,accel_x,accel_y,accel_z,accel_diff,success,action
1,1,1675452886.0415905,0.0,0.0,False,True,False,True,100000,False,True,False,0.048903553615161834,-1.739054550597773e-13,9.812330220602345,0.0006387582728613728,True,Cruise
1,2,1675452886.041798,0.0,0.0,False,True,False,True,100000,False,True,False,0.048903553615161834,-1.739054550597773e-13,9.812330220602345,0.0006387582728613728,True,Cruise
1,3,1675452886.1419256,49.77515309440429,0.0029979587412761674,False,True,False,True,100000,False,True,False,0.048903553615161834,-1.739054550597773e-13,9.812330220602345,0.0013624341308956659,True,Cruise
1,4,1675452886.241957,49.77515309440429,0.0029979587412761674,False,True,False,True,100000,False,True,False,0.04773808713326705,-2.5455620864242904e-13,9.811624589933645,0.000697907147451088,True,Cruise
1,5,1675452886.3419354,49.77515309440429,0.0029979587412761674,False,True,False,True,100000,False,True,False,1.940287067763665,0.005943229796746482,9.643582636353548,0.9108322810162942,True,Cruise
1,6,1675452886.4419556,49.969073920206796,0.0004123477305760059,False,True,False,True,100000,False,True,False,2.6152038784384843,0.004990634455476761,9.598486746383452,0.6764223887938283,True,Cruise
1,7,1675452886.5419865,49.969073920206796,0.0004123477305760059,False,True,False,True,100000,False,True,False,3.0603244559688885,0.011196242481304857,9.579111881837324,0.445585259505015,True,Cruise
1,8,1675452886.6419451,49.7950994039622,0.0027320079471707614,False,True,False,True,100000,False,True,False,3.331134989804619,-0.0011535134552646603,9.57935249579287,0.2739253549602235,True,Cruise
1,9,1675452886.7419534,49.7950994039622,0.0027320079471707614,False,True,False,True,100000,False,True,False,3.695843831472136,-0.008869332067618502,9.634541730357608,0.09560546006632792,True,Cruise
1,10,1675452886.841942,49.52940226281745,-0.006274636495767332,False,True,False,True,100000,False,True,False,3.7909768981501006,0.0026287816742767024,9.657781784448183,0.10618566287017914,True,Cruise
1,11,1675452886.9419806,49.52940226281745,-0.006274636495767332,False,True,False,True,100000,False,True,False,4.005165474546821,0.005573042920171662,9.702981478491347,0.11277516992806706,True,Cruise
1,12,1675452887.041957,49.52940226281745,-0.006274636495767332,False,True,False,True,100000,False,True,False,4.326500812866392,-0.011036772844588979,9.767223247560874,0.11034502177454647,True,Cruise
1,13,1675452887.1419587,49.9004765000987,-0.0013269799986840671,False,True,False,False,100000,False,True,False,4.4901871516567855,-0.019025660599692466,9.807921628459097,0.11034502177454647,True,Cruise
1,14,1675452887.242094,49.9004765000987,-0.0013269799986840671,False,True,False,False,100000,False,True,False,4.55121854664649,-0.028540336212767116,9.827116033183326,0.16885910707422278,True,Cruise
1,15,1675452887.3419573,49.858112027145005,0.001891839638066631,False,True,False,False,100000,False,True,False,4.55121854664649,-0.028540336212767116,9.827116033183326,0.06468218764952942,True,Cruise
1,16,1675452887.4419398,49.858112027145005,0.001891839638066631,False,True,False,False,100000,False,True,False,4.653111464895552,0.004566087133792721,9.876700321523503,0.02015747747108386,True,Cruise
1,17,1675452887.5419357,49.858112027145005,0.001891839638066631,False,True,False,False,100000,False,True,False,4.661475581738539,0.004966500249826024,9.900640339527772,0.01665391897596018,True,Cruise
1,18,1675452887.64213,49.70941120597889,-0.003874517253614842,False,True,False,False,100000,False,True,False,4.650705122933457,0.0075353774060811,9.909365685449819,0.014097289603866772,True,Cruise
1,19,1675452887.7419636,49.70941120597889,-0.003874517253614842,False,True,False,False,100000,False,True,False,4.571006757353532,0.0037728141417661012,9.921807395158186,0.03881395859800313,True,Cruise
1,20,1675452887.841921,49.70941120597889,-0.003874517253614842,False,True,False,False,100000,False,True,False,4.48905118140129,0.02006123889647507,9.918887378808463,0.05435340322265786,True,Cruise
1,21,1675452887.9420574,49.10688773714236,0.011908163504768567,False,True,False,False,100000,False,True,False,4.442628793443344,-0.007839855703213843,9.914328512907172,0.04979039073819763,True,Cruise
1,22,1675452888.0419352,49.10688773714236,0.011908163504768567,False,True,False,False,100000,False,True,False,4.343968676930225,-0.05997176313540224,9.899767832875664,0.06703774397937895,True,Cruise
1,23,1675452888.1419365,49.774735549070584,-0.0030035260123922186,False,True,False,False,100000,False,True,False,4.19493085044422,0.051028017254004944,9.867268946477312,0.1053564814815069,True,Cruise
1,24,1675452888.241933,49.774735549070584,-0.0030035260123922186,False,True,False,False,100000,False,True,False,4.104035251414778,0.005598985457295331,9.841064851379246,0.06063889880132251,True,Cruise
1,25,1675452888.3419597,49.774735549070584,-0.0030035260123922186,False,True,False,False,100000,False,True,False,4.025024286942559,-0.022944111320846037,9.813443201151308,0.04031194448020178,True,Cruise
1,26,1675452888.441913,49.40760427008151,-0.007898609732246605,False,True,False,False,100000,False,True,False,4.025024286942559,-0.022944111320846037,9.813443201151308,0.04031194448020178,True,Cruise
1,27,1675452888.5419462,49.40760427008151,-0.007898609732246605,False,True,False,False,100000,False,True,False,3.9343424177230255,-0.0195060204027587,9.773270057383224,0.037503097913305715,True,Cruise
1,28,1675452888.6420183,49.53392943877252,-0.006214274149699775,False,True,False,False,100000,False,True,False,3.8942652120213133,-0.03176278900411695,9.749567234672476,0.048148048744074065,True,Cruise
1,29,1675452888.7419395,49.53392943877252,-0.006214274149699775,False,True,False,False,100000,False,True,False,3.8803615374106033,-0.032662237379709726,9.739105690325282,0.01742311927265521,True,Cruise
1,30,1675452888.8419232,49.53392943877252,-0.006214274149699775,False,True,False,False,100000,False,True,False,3.864251818975243,-0.031349640081694025,9.721521155889983,0.007545961592780782,True,Cruise
1,31,1675452888.9419806,49.566460686403225,0.005780524181290331,False,True,False,False,100000,False,True,False,3.861637643810535,-0.030091477424585636,9.714555192116304,0.007545961592780782,True,Cruise
1,32,1675452889.0419357,49.566460686403225,0.005780524181290331,False,True,False,False,100000,False,True,False,3.8659827372376445,-0.06863492847124464,9.704491866719964,0.0059762649618027835,True,Cruise
1,33,1675452889.1419337,49.40574546732948,-0.00792339376894026,False,True,False,False,100000,False,True,False,3.8725453970176793,-0.0030010415465431947,9.701390763333032,0.06603402500566978,True,Cruise
1,34,1675452889.241932,49.40574546732948,-0.00792339376894026,False,True,False,False,100000,False,True,False,3.90435581758782,0.023897816376864434,9.699634838314607,0.04074947432123062,True,Cruise
1,35,1675452889.3419604,49.40574546732948,-0.00792339376894026,False,True,False,False,100000,False,True,False,3.9326256388896104,-0.015076791100502461,9.704075864120963,0.07876388596775945,True,Cruise
1,36,1675452889.4420364,49.54657466593835,-0.00604567112082202,False,True,False,False,100000,False,True,False,3.9479496125917413,-0.043453063328559444,9.707710983431838,0.03245383009736592,True,Cruise
1,37,1675452889.541963,49.54657466593835,-0.00604567112082202,False,True,False,False,100000,False,True,False,3.9795466895345646,-0.04244177686271448,9.71725367315889,0.023731407374516733,True,Cruise
1,38,1675452889.6420188,49.76348582725254,0.0031535223032995515,False,True,False,False,100000,False,True,False,3.9953371853299853,-0.02565669894085567,9.722919456217497,0.023731407374516733,True,Cruise
1,39,1675452889.7419593,49.76348582725254,0.0031535223032995515,False,True,False,False,100000,False,True,False,4.039709207961942,-0.022131701488288514,9.742062023817464,0.01584252613414045,True,Cruise
1,40,1675452889.8419545,49.76348582725254,0.0031535223032995515,False,True,False,False,100000,False,True,False,4.065298154883439,0.0006353851065689722,9.755400205815514,0.02530280291157649,True,Cruise
1,41,1675452889.9422076,49.90068633011696,-0.0013241822651072197,False,True,False,False,100000,False,True,False,4.086260549951494,0.025501617665618585,9.768228835711895,0.012077938925525968,True,Cruise
1,42,1675452890.0420365,49.90068633011696,-0.0013241822651072197,False,True,False,False,100000,False,True,False,4.094745700980868,0.03610081995900901,9.774225819398168,0.014842664537774795,True,Cruise
1,43,1675452890.1419446,49.87634942244232,0.0016486743674357508,False,True,False,False,100000,False,True,False,4.101881379836771,0.0071041507478947505,9.779840754918716,0.018320951577268433,True,Cruise
1,44,1675452890.2419448,49.87634942244232,0.0016486743674357508,False,True,False,False,100000,False,True,False,4.118013290514457,-0.005659812245649201,9.797264801420058,0.006476556097960065,True,Cruise
1,45,1675452890.341939,49.87634942244232,0.0016486743674357508,False,True,False,False,100000,False,True,False,4.119171597200192,0.015011753142953808,9.800182798047922,0.02090861053044266,True,Cruise
1,46,1675452890.4419584,49.99407908616659,7.894551777878618e-05,False,True,False,False,100000,False,True,False,4.119271106498448,0.024042015073694543,9.80249841091964,0.00932296066761451,True,Cruise
1,47,1675452890.5419931,49.99407908616659,7.894551777878618e-05,False,True,False,False,100000,False,True,False,4.116644529753416,0.02433623684629267,9.805339206188922,0.0023714447773312696,True,Cruise
1,48,1675452890.6420186,49.70877116775011,0.0038830510966652177,False,True,False,False,100000,False,True,False,4.114120187807152,0.02307690084046242,9.805895743745495,0.002875406665000037,True,Cruise
1,49,1675452890.7419376,49.70877116775011,0.0038830510966652177,False,True,False,False,100000,False,True,False,4.102974909276231,0.011851840248793804,9.80446371791143,0.015883007171435416,True,Cruise
1,50,1675452890.8419576,49.70877116775011,0.0038830510966652177,False,True,False,False,100000,False,True,False,4.0886033594022,0.03605123370884259,9.799281177776393,0.01261658460863004,True,Cruise
1,51,1675452890.9419572,49.91809045634291,0.001092127248761248,False,True,False,False,100000,False,True,False,4.0886033594022,0.03605123370884259,9.799281177776393,0.005863802600977025,True,Cruise
1,52,1675452891.0419433,49.91809045634291,0.001092127248761248,False,True,False,False,100000,False,True,False,4.078471013416599,0.03639354111485944,9.794420541342356,0.00855215697364801,True,Cruise
1,53,1675452891.1419408,49.928100309224924,0.0009586625436676325,False,True,False,False,100000,False,True,False,4.073499753560937,0.04281094000859672,9.791729267333999,0.030506240287163845,True,Cruise
1,54,1675452891.2419047,49.928100309224924,0.0009586625436676325,False,True,False,False,100000,False,True,False,4.055839388460188,0.01327805602752936,9.78042762031526,0.005478408920238636,True,Cruise
1,55,1675452891.3419282,49.928100309224924,0.0009586625436676325,False,True,False,False,100000,False,True,False,4.055839388460188,0.01327805602752936,9.78042762031526,0.004634277364978679,True,Cruise
1,56,1675452891.441982,49.65990750438843,0.004534566608154303,False,True,False,False,100000,False,True,False,4.048849842774514,0.011382318839476803,9.775106430344994,0.004366500389803719,True,Cruise
1,57,1675452891.5420852,49.65990750438843,0.004534566608154303,False,True,False,False,100000,False,True,False,4.043400555784304,0.008039570392111802,9.770397426618898,0.012444432329466052,True,Cruise
1,58,1675452891.641939,48.89746994623724,0.014700400716836867,False,True,False,False,100000,False,True,False,4.041278278993826,-0.004048647925597477,9.768339559973398,0.012444432329466052,True,Cruise
1,59,1675452891.741929,48.89746994623724,0.014700400716836867,False,True,False,False,100000,False,True,False,4.037168616205498,0.0323398371505815,9.763569510587681,0.0026453842966259623,True,Cruise
1,60,1675452891.8420506,48.89746994623724,0.014700400716836867,False,True,False,False,100000,False,True,False,4.036578700995604,0.03169628442370965,9.76246924924641,0.0026453842966259623,True,Cruise
1,61,1675452891.941953,49.64155295463058,0.004779293938258902,False,True,False,False,100000,False,True,False,4.036326004084463,0.002208866841951466,9.761619913915967,0.07330753269563749,True,Cruise
1,62,1675452892.0420544,49.64155295463058,0.004779293938258902,False,True,False,False,100000,False,True,False,4.036239879108778,0.1548992003830998,9.760606723890023,0.04054341167218025,True,Cruise
1,63,1675452892.141977,49.51215157990065,0.006504645601324606,False,True,False,False,100000,False,True,False,4.037626219389341,0.08655652693891319,9.760615750764112,0.06835673364312177,True,Cruise
1,64,1675452892.2419276,47.77219528320405,0.029704062890612653,False,True,False,False,100000,False,True,False,4.037626219389341,0.08655652693891319,9.760615750764112,0.033411288179898496,True,Cruise
1,65,1675452892.3420038,47.391094116764734,0.03478541177647028,False,True,False,False,100000,False,True,False,4.043656591330585,0.01850253769407587,9.76261511913821,0.05784259565508533,True,Cruise
1,66,1675452892.44193,46.256703653810206,0.04991061794919726,False,True,False,False,100000,False,True,False,4.042517072551073,0.2610004885851101,9.764870962305503,0.1846754506443519,True,Cruise
1,67,1675452892.5419555,46.151238069216774,0.051316825743776405,False,True,False,False,100000,False,True,False,4.041199653360457,0.2891026060993968,9.766135224333619,0.02816137355645703,True,Cruise
1,68,1675452892.6419842,48.336135631547826,0.022184858246028952,False,True,False,False,100000,False,True,False,4.04078658652091,0.3521131312205989,9.76840527635015,0.12911117632304797,True,Cruise
1,69,1675452892.741932,48.336135631547826,0.022184858246028952,False,True,False,False,100000,False,True,False,4.04078658652091,0.3521131312205989,9.76840527635015,0.12911117632304797,True,Cruise
1,70,1675452892.8419826,49.52611387900479,0.006318481613269464,False,True,False,False,100000,False,True,False,4.04937606171147,0.30686022361797033,9.772048585999388,0.06848246593007114,True,Cruise
1,71,1675452892.941959,48.55684928373444,0.019242009550207474,False,True,False,False,100000,False,True,False,4.052939247898237,0.3373177505250446,9.772775878234425,0.11697422202656486,True,Cruise
1,72,1675452893.0419602,49.03123504178331,0.012916866109555863,False,True,False,False,100000,False,True,False,4.05953610547663,0.22053025144920785,9.773136639127443,0.09754514006309942,True,Cruise
1,73,1675452893.141995,49.03123504178331,0.012916866109555863,False,True,False,False,100000,False,True,False,4.063523231682201,0.12306850026869467,9.77374015497501,0.09754514006309942,True,Cruise
1,74,1675452893.241943,49.03123504178331,0.012916866109555863,False,True,False,False,100000,False,True,False,4.06234228111144,0.16959661134067644,9.77682851572409,0.09495528255629926,True,Cruise
1,75,1675452893.3420568,48.79400008181642,0.01607999890911435,False,True,False,False,100000,False,True,False,4.062950935619832,0.13919328277051396,9.777257539124744,0.09495528255629926,True,Cruise
1,76,1675452893.4420302,47.885077608327954,0.02819896522229393,False,True,False,False,100000,False,True,False,4.0634117034231085,0.11823009049356233,9.777600626595271,0.030412446621969652,True,Cruise
1,77,1675452893.5419688,47.885077608327954,0.02819896522229393,False,True,False,False,100000,False,True,False,4.06308622039772,0.10447414163662438,9.778115901372248,0.03258221270888009,True,Cruise
1,78,1675452893.6420336,48.92715165684842,0.014304644575354377,False,True,False,False,100000,False,True,False,4.06242738711147,0.0718989210196788,9.778262616964328,0.03258221270888009,True,Cruise
1,79,1675452893.7419708,48.92715165684842,0.014304644575354377,False,True,False,False,100000,False,True,False,4.056485158061511,0.2506749164708399,9.778720953431831,0.08744840308643938,True,Cruise
1,80,1675452893.8420775,47.77330846523416,0.029689220463544556,False,True,False,False,100000,False,True,False,4.056485158061511,0.2506749164708399,9.778720953431831,0.08744840308643938,True,Cruise
1,81,1675452893.941947,49.195248342281936,0.010730022102907518,False,True,False,False,100000,False,True,False,4.062345796182018,0.04134989049463299,9.777045429996475,0.13733554793746214,True,Cruise
1,82,1675452894.0419269,49.195248342281936,0.010730022102907518,False,True,False,False,100000,False,True,False,4.05415791249267,0.3134156914840591,9.777044056083625,0.12851794066349836,True,Cruise
1,83,1675452894.1419704,49.41256552161112,0.007832459711851683,False,True,False,False,100000,False,True,False,4.057479720397718,0.18494350719687097,9.77619286332801,0.07958272370086185,True,Cruise
1,84,1675452894.2419453,49.41256552161112,0.007832459711851683,False,True,False,False,100000,False,True,False,4.061636515730081,0.09485723447281164,9.774946399913405,0.010666345661811379,True,Cruise
1,85,1675452894.341959,49.483804835908266,0.006882602187889781,False,True,False,False,100000,False,True,False,4.061636515730081,0.09485723447281164,9.774946399913405,0.010666345661811379,True,Cruise
1,86,1675452894.44193,49.483804835908266,0.006882602187889781,False,True,False,False,100000,False,True,False,4.062160101423756,0.07314124954183869,9.773740810844886,0.021755725418909796,True,Cruise
1,87,1675452894.5419343,49.483804835908266,0.006882602187889781,False,True,False,False,100000,False,True,False,4.060361533474744,0.07029627845104504,9.7732441021508,0.014628073535356936,True,Cruise
1,88,1675452894.6420438,49.34778127445062,0.008696249673991742,False,True,False,False,100000,False,True,False,4.059189471767126,0.0439837712310162,9.772789231977873,0.012985060880424436,True,Cruise
1,89,1675452894.7420876,49.885138845563084,0.0015314820591588018,False,True,False,False,100000,False,True,False,4.058689997870022,0.03100969902451573,9.772600069944279,0.012985060880424436,True,Cruise
1,90,1675452894.8420713,48.9535019657106,0.013953307123858656,False,True,False,False,100000,False,True,False,4.057925605059926,0.041212651739434655,9.772472181788538,0.010232345569388158,True,Cruise
1,91,1675452894.9420426,48.9535019657106,0.013953307123858656,False,True,False,False,100000,False,True,False,4.058730495031315,-0.0665433417004086,9.771964958402942,0.07217347005023345,True,Cruise
1,92,1675452895.0419645,48.9535019657106,0.013953307123858656,False,True,False,False,100000,False,True,False,4.055261750067647,0.09340996076234707,9.772201515903465,0.06265082985374791,True,Cruise
1,93,1675452895.141907,49.13518339255546,0.011530888099260464,False,True,False,False,100000,False,True,False,4.053710546331134,0.12017675943293393,9.772284028642696,0.005754306810557906,True,Cruise
1,94,1675452895.2419627,49.13518339255546,0.011530888099260464,False,True,False,False,100000,False,True,False,4.053578861484603,0.14637124221170955,9.772294520138473,0.026194815880587176,True,Cruise
1,95,1675452895.3419476,49.34932659215224,-0.008675645437970189,False,True,False,False,100000,False,True,False,4.055090518290745,0.08959294883104722,9.772162666600199,0.05679856592270333,True,Cruise
1,96,1675452895.4419415,49.34932659215224,-0.008675645437970189,False,True,False,False,100000,False,True,False,4.055354532525083,0.13335244206427094,9.7723781576307,0.07650258573239649,True,Cruise
1,97,1675452895.5419989,49.280077930255835,-0.009598960929922249,False,True,False,False,100000,False,True,False,4.058611913282433,0.03679689212380672,9.772272466860594,0.1730923547213942,True,Cruise
1,98,1675452895.6419835,49.280077930255835,-0.009598960929922249,False,True,False,False,100000,False,True,False,4.061074862506315,-0.10356156357514543,9.772391523740843,0.1730923547213942,True,Cruise
1,99,1675452895.7419212,49.60721826752373,-0.005237089766350311,False,True,False,False,100000,False,True,False,4.059813920953606,-0.12474653324142213,9.772850774473838,0.009205879361183068,True,Cruise
1,100,1675452895.8419597,49.797529829329775,0.002699602275602924,False,True,False,False,100000,False,True,False,4.059813920953606,-0.12474653324142213,9.772850774473838,0.009205879361183068,True,Cruise
1,101,1675452895.9419398,49.212861690871286,-0.010495177455049553,False,True,False,False,100000,False,True,False,4.057476701907787,-0.15864114522737735,9.77349854352002,0.03398127306743802,True,Cruise
1,102,1675452896.042031,49.21464558804743,-0.010471392159367604,False,True,False,False,100000,False,True,False,4.057264529716282,-0.09585393913755531,9.773853725208483,0.09748251954007704,True,Cruise
1,103,1675452896.1419501,49.381211496229014,-0.008250513383613087,False,True,False,False,100000,False,True,False,4.057173351120332,-0.18396976846759427,9.773942121636564,0.06405164629994371,True,Cruise
1,104,1675452896.2419386,49.381211496229014,-0.008250513383613087,False,True,False,False,100000,False,True,False,4.056704506610156,-0.27357354735340533,9.774093293906208,0.02555388815966968,True,Cruise
1,105,1675452896.3419442,49.26743167636877,0.009767577648416346,False,True,False,False,100000,False,True,False,4.056704506610156,-0.27357354735340533,9.774093293906208,0.03995240926115332,True,Cruise
1,106,1675452896.4420586,49.87122710441341,0.0017169719411545452,False,True,False,False,100000,False,True,False,4.058008016182571,-0.10172277047085869,9.774034505371432,0.17492841038395338,True,Cruise
1,107,1675452896.54195,49.87122710441341,0.0017169719411545452,False,True,False,False,100000,False,True,False,4.058601171145831,0.006054698319443316,9.773993752350972,0.10777910870137886,True,Cruise
1,108,1675452896.641926,49.686029774929494,0.004186269667606688,False,True,False,False,100000,False,True,False,4.057743363660987,-0.019148711002223366,9.774021524993048,0.05942663968643851,True,Cruise
1,109,1675452896.7419126,49.686029774929494,0.004186269667606688,False,True,False,False,100000,False,True,False,4.057437729233867,-0.014694662654473929,9.774014329852447,0.004464528066568578,True,Cruise
1,110,1675452896.8419914,49.815366388601504,0.002461781485313243,False,True,False,False,100000,False,True,False,4.057437729233867,-0.014694662654473929,9.774014329852447,0.004464528066568578,True,Cruise
1,111,1675452896.9419503,49.19982527488557,0.010668996334859045,False,True,False,False,100000,False,True,False,4.056831813549362,0.13100251291582424,9.773871457426747,0.02337323822388175,True,Cruise
1,112,1675452897.0419703,49.19982527488557,0.010668996334859045,False,True,False,False,100000,False,True,False,4.056791685601547,0.10284729750275895,9.77376716567076,0.024264891486412372,True,Cruise
1,113,1675452897.1419349,48.88033145743771,0.01492891390083044,False,True,False,False,100000,False,True,False,4.056394691541124,0.18752422810032165,9.773744821292246,0.05419984027624701,True,Cruise
1,114,1675452897.2419696,48.88033145743771,0.01492891390083044,False,True,False,False,100000,False,True,False,4.055546876748299,0.24813167961919766,9.773691268315906,0.006421985825147014,True,Cruise
1,115,1675452897.3419704,49.726854746162104,0.003641936717838643,False,True,False,False,100000,False,True,False,4.055546876748299,0.24813167961919766,9.773691268315906,0.006421985825147014,True,Cruise
1,116,1675452897.4419916,49.54137380379709,0.006115015949372064,False,True,False,False,100000,False,True,False,4.053519487885637,0.3388534948540466,9.773642548008793,0.04188125614029663,True,Cruise
1,117,1675452897.5420446,49.54137380379709,0.006115015949372064,False,True,False,False,100000,False,True,False,4.054922040461317,0.2769422663501375,9.773353520390135,0.0680329264065805,True,Cruise
1,118,1675452897.641961,49.54137380379709,0.006115015949372064,False,True,False,False,100000,False,True,False,4.056459458139896,0.2342088337495494,9.773140814341929,0.014729190352894874,True,Cruise
1,119,1675452897.741996,49.87772258331292,0.0016303655558277948,False,True,False,False,100000,False,True,False,4.056313630272481,0.23556571671542276,9.773141071445476,0.0013646967487667072,True,Cruise
1,120,1675452897.8419917,49.87685099725516,-0.0016419867032644794,False,True,False,False,100000,False,True,False,4.056313630272481,0.23556571671542276,9.773141071445476,0.05752940739867636,True,Cruise
1,121,1675452897.9419484,49.433945951049566,-0.007547387319339104,False,True,False,False,100000,False,True,False,4.057223092190629,0.11450710410705285,9.773080049249254,0.046123646979983085,True,Cruise
1,122,1675452898.0419405,49.433945951049566,-0.007547387319339104,False,True,False,False,100000,False,True,False,4.057803266862278,0.038642885572643726,9.773088604724014,0.022644880351240213,True,Cruise
1,123,1675452898.1419272,48.42748656944493,-0.020966845740734274,False,True,False,False,100000,False,True,False,4.058232892124228,-0.10890553052895818,9.773128027422047,0.06029950428655457,True,Cruise
1,124,1675452898.2419276,48.42748656944493,-0.020966845740734274,False,True,False,False,100000,False,True,False,4.058052672977316,-0.10430958383938414,9.773197491807165,0.0046000032842510395,True,Cruise
1,125,1675452898.3420367,48.783469925552644,-0.016220400992631456,False,True,False,False,100000,False,True,False,4.058052672977316,-0.10430958383938414,9.773197491807165,0.28000283997164227,True,Cruise
1,126,1675452898.441943,49.33027084131484,-0.008929722115802065,False,True,False,False,100000,False,True,False,4.053202791484473,-0.4906652871748035,9.773646851933645,0.056066832096608274,True,Cruise
1,127,1675452898.5419872,49.33027084131484,-0.008929722115802065,False,True,False,False,100000,False,True,False,4.052914832994946,-0.4758219147932956,9.773646270644031,0.026905836251784707,True,Cruise
1,128,1675452898.641939,49.74914037328112,0.0033447950229184243,False,True,False,False,100000,False,True,False,4.054294872539841,-0.45255684359833337,9.773496019727977,0.0501924323570506,True,Cruise
1,129,1675452898.7420726,49.74914037328112,0.0033447950229184243,False,True,False,False,100000,False,True,False,4.055929975333709,-0.44188659386114376,9.773387446651318,0.007938729345928954,True,Cruise
1,130,1675452898.842089,49.74914037328112,0.0033447950229184243,False,True,False,False,100000,False,True,False,4.055929975333709,-0.44188659386114376,9.773387446651318,0.044037592523147366,True,Cruise
1,131,1675452898.9419937,49.1304908833347,-0.011593454888870647,False,True,False,False,100000,False,True,False,4.058385412724379,-0.3424348325488178,9.773224217948156,0.14350608920269453,True,Cruise
1,132,1675452899.0419586,49.68781218208371,-0.004162504238883858,False,True,False,False,100000,False,True,False,4.059872163113006,-0.18456279076769871,9.773191217966216,0.05357024479496999,True,Cruise
1,133,1675452899.1419346,49.54615369015458,-0.006051284131272259,False,True,False,False,100000,False,True,False,4.059058893686089,-0.06295479474963896,9.773333166834314,0.08319548470203882,True,Cruise
1,134,1675452899.241961,49.54615369015458,-0.006051284131272259,False,True,False,False,100000,False,True,False,4.056595191949286,-0.1712171376999425,9.7736230235274,0.03058058232261008,True,Cruise
1,135,1675452899.3419285,49.7024860803549,0.003966852261934624,False,True,False,False,100000,False,True,False,4.056595191949286,-0.1712171376999425,9.7736230235274,0.03058058232261008,True,Cruise
1,136,1675452899.4419212,49.7024860803549,0.003966852261934624,False,True,False,False,100000,False,True,False,4.056292447643744,-0.08133484411784876,9.773661899710643,0.013819751857761693,True,Cruise
1,137,1675452899.5419788,49.822563183597254,-0.0023658242187033418,False,True,False,False,100000,False,True,False,4.05762124845609,0.0365504416951505,9.773521586944826,0.013819751857761693,True,Cruise
1,138,1675452899.641957,49.31728977101487,0.009102803053135012,False,True,False,False,100000,False,True,False,4.058625068204886,0.1313206475807496,9.773455266553759,0.021919399541943215,True,Cruise
1,139,1675452899.7420797,49.31728977101487,0.009102803053135012,False,True,False,False,100000,False,True,False,4.05850058265043,0.15415801607047336,9.773479506750931,0.09994137761194088,True,Cruise
1,140,1675452899.8419483,48.8839374817416,0.01488083357677875,False,True,False,False,100000,False,True,False,4.057985380076594,0.05421799417956409,9.773554003227693,0.09994137761194088,True,Cruise
1,141,1675452899.9419546,48.8839374817416,0.01488083357677875,False,True,False,False,100000,False,True,False,4.057370454497194,0.25880271227212753,9.773597406513089,0.015262891869974008,True,Cruise
1,142,1675452900.0420353,48.82540513128737,-0.01566126491616839,False,True,False,False,100000,False,True,False,4.056960789732854,0.2740600808905163,9.773624716913714,0.015262891869974008,True,Cruise
1,143,1675452900.1419663,48.82540513128737,-0.01566126491616839,False,True,False,False,100000,False,True,False,4.056960789732854,0.2740600808905163,9.773624716913714,0.07832046318805846,True,Cruise
1,144,1675452900.2420826,49.91141420506914,-0.0011811439324114518,False,True,False,False,100000,False,True,False,4.056960789732854,0.2740600808905163,9.773624716913714,0.33255562754753926,True,Cruise
1,145,1675452900.341949,49.91141420506914,-0.0011811439324114518,False,True,False,False,100000,False,True,False,4.057736891889108,0.18797884894925765,9.773428465082118,0.33255562754753926,True,Cruise
1,146,1675452900.4419398,49.16140584941394,-0.011181255341147455,False,True,False,False,100000,False,True,False,4.058117336954418,0.12773899580363313,9.773445365674567,0.06024105685563753,True,Cruise
1,147,1675452900.5419483,48.27351356823446,-0.0230198190902072,False,True,False,False,100000,False,True,False,4.057546562681655,0.14024860337209694,9.773493479977757,0.0014072174301937071,True,Cruise
1,148,1675452900.6420753,48.27351356823446,-0.0230198190902072,False,True,False,False,100000,False,True,False,4.056855369676194,0.01213776881214058,9.77354261536691,0.1267694716879834,True,Cruise
1,149,1675452900.7419467,49.33717995071536,-0.00883760065712856,False,True,False,False,100000,False,True,False,4.0536872051125075,-0.40052615091904353,9.77373299006911,0.07380535972986903,True,Cruise
1,150,1675452900.8419414,49.33717995071536,-0.00883760065712856,False,True,False,False,100000,False,True,False,4.051732769113864,-0.47430559454572135,9.773803721394897,0.07380535972986903,True,Cruise
1,151,1675452900.9419456,48.76275257112435,-0.01649663238500868,False,True,False,False,100000,False,True,False,4.054088284052026,-0.4101215423829699,9.773325710713642,0.06422903935811354,True,Cruise
1,152,1675452901.0419514,48.570546676806465,-0.019059377642580512,False,True,False,False,100000,False,True,False,4.055581010790839,-0.46457516134362514,9.773161546899335,0.02563955004612607,True,Cruise
1,153,1675452901.1419504,48.570546676806465,-0.019059377642580512,False,True,False,False,100000,False,True,False,4.053784147817273,-0.5937715108623504,9.773295549878378,0.1292089137881314,True,Cruise
1,154,1675452901.2419453,48.570546676806465,-0.019059377642580512,False,True,False,False,100000,False,True,False,4.049187624294571,-0.744631370889751,9.77345954570488,0.022371628057336102,True,Cruise
1,155,1675452901.3419611,48.208940222008465,-0.023880797039887193,False,True,False,False,100000,False,True,False,4.049187624294571,-0.744631370889751,9.77345954570488,0.009017411695928106,True,Cruise
1,156,1675452901.4419844,48.479708440221295,-0.020270554130382683,False,True,False,False,100000,False,True,False,4.046329230733626,-0.7970538705151077,9.773345192385502,0.05382335900831078,True,Cruise
1,157,1675452901.5420172,48.92054292497502,-0.014392761000333085,False,True,False,False,100000,False,True,False,4.0457232356338535,-0.8254354652825391,9.773038470777573,0.025437351707638983,True,Cruise
1,158,1675452901.6420698,48.92054292497502,-0.014392761000333085,False,True,False,False,100000,False,True,False,4.046636840897445,-0.8229180573404803,9.77280652487369,0.00268808783835859,True,Cruise
1,159,1675452901.7420263,48.92054292497502,-0.014392761000333085,False,True,False,False,100000,False,True,False,4.052341888701452,-0.706896642844784,9.77211728619499,0.04268032393106292,True,Cruise
1,160,1675452901.8419464,48.515103000365656,-0.01979862666179126,False,True,False,False,100000,False,True,False,4.053527664103898,-0.6946157586233911,9.77198802514755,0.012338674522925423,True,Cruise
1,161,1675452901.941937,49.1259674974825,-0.011653766700233353,False,True,False,False,100000,False,True,False,4.053527664103898,-0.6946157586233911,9.77198802514755,0.03309983360592742,True,Cruise
1,162,1675452902.0419214,49.1259674974825,-0.011653766700233353,False,True,False,False,100000,False,True,False,4.05127809021385,-0.7341289750795963,9.772223091086273,0.07265767784278815,True,Cruise
1,163,1675452902.1420033,48.98576446933207,-0.01352314040890575,False,True,False,False,100000,False,True,False,4.0531790813900574,-0.6555555537315885,9.772022374920192,0.03963871000962592,True,Cruise
1,164,1675452902.2419412,48.98576446933207,-0.01352314040890575,False,True,False,False,100000,False,True,False,4.055840817881147,-0.5408445976142394,9.771912344821507,0.03963871000962592,True,Cruise
1,165,1675452902.3431385,48.566080484774616,-0.01911892686967182,False,True,False,False,100000,False,True,False,4.055840817881147,-0.5408445976142394,9.771912344821507,0.029111814843486763,True,Cruise
1,166,1675452902.443705,49.038316577375205,-0.012822445634997253,False,True,False,False,100000,False,True,False,4.42727270865634,-0.1833880421953603,9.750798401166941,0.49874018547141163,True,Cruise
1,167,1675452902.5422328,49.038316577375205,-0.012822445634997253,False,True,False,False,100000,False,True,False,4.2447908441131394,-0.4931531446925981,9.772478192468643,0.36017226845382283,True,Cruise
1,168,1675452902.6419637,49.12911215639021,-0.011611837914797318,False,True,False,False,100000,False,True,False,4.092789015758187,-0.5229623157256049,9.785540994853475,0.07182614834144514,True,Cruise
1,169,1675452902.7419684,49.12911215639021,-0.011611837914797318,False,True,False,False,100000,False,True,False,4.092789015758187,-0.5229623157256049,9.785540994853475,0.07182614834144514,True,Cruise
1,170,1675452902.8420317,49.69561910565341,-0.004058411924621306,False,True,False,False,100000,False,True,False,4.079017438608825,-0.4820020425450229,9.78504352436313,0.010751496802462627,True,Cruise
1,171,1675452902.9420097,49.69561910565341,-0.004058411924621306,False,True,False,False,100000,False,True,False,4.094922835212304,-0.5131931897339868,9.781664928531546,0.02073014854855029,True,Cruise
1,172,1675452903.0419369,49.80987537071797,-0.0025349950570937823,False,True,False,False,100000,False,True,False,4.093056879375146,-0.4631903532845212,9.778397633396184,0.02073014854855029,True,Cruise
1,173,1675452903.1419582,49.80987537071797,-0.0025349950570937823,False,True,False,False,100000,False,True,False,4.086862802890076,-0.3575191828901732,9.776618229343402,0.04429068809974488,True,Cruise
1,174,1675452903.2419333,49.80987537071797,-0.0025349950570937823,False,True,False,False,100000,False,True,False,4.079032915067475,-0.33089711101119046,9.776127797718962,0.027753961476201825,True,Cruise
1,175,1675452903.3419404,48.512894633763594,-0.019828071549818794,False,True,False,False,100000,False,True,False,4.070157820430872,-0.3091543217963509,9.775673383286065,0.027438223393713115,True,Cruise
1,176,1675452903.4420435,48.512894633763594,-0.019828071549818794,False,True,False,False,100000,False,True,False,4.054161965458535,-0.2519415788090248,9.77443810302237,0.03202795794788076,True,Cruise
1,177,1675452903.5419436,48.512894633763594,-0.019828071549818794,False,True,False,False,100000,False,True,False,4.054161965458535,-0.2519415788090248,9.77443810302237,0.03202795794788076,True,Cruise
1,178,1675452903.641993,49.69764071952583,0.004031457072989011,False,True,False,False,100000,False,True,False,4.018093619292645,-0.48756277732102854,9.771806246391462,0.027482772501861256,True,Cruise
1,179,1675452903.7419584,49.69764071952583,0.004031457072989011,False,True,False,False,100000,False,True,False,3.1582928052843076,-2.515509796431663,8.13087334598765,6.455822433297225,True,Cruise
1,180,1675452903.8419304,49.12831201542604,-0.011622506460986115,False,True,False,False,100000,False,True,False,3.1582928052843076,-2.515509796431663,8.13087334598765,4.870284965595987,True,Cruise
1,181,1675452903.941933,49.12831201542604,-0.011622506460986115,False,True,False,True,100000,False,True,False,4.414268577851627,1.2872575989297248,10.491282207294821,5.560642642063647,True,Cruise
1,182,1675452904.0419357,48.95316312473546,-0.013957825003527165,False,True,False,True,100000,False,True,False,3.883527178586001,-0.2693599966394233,9.856829653081567,1.7627463842758642,True,Cruise
1,183,1675452904.1419873,48.95316312473546,-0.013957825003527165,False,True,False,True,100000,False,True,False,3.971357913256421,-0.2859583137039491,9.847484244077526,0.08987256951691679,True,Cruise
1,184,1675452904.2420304,48.95316312473546,-0.013957825003527165,False,True,False,True,100000,False,True,False,4.069362155118999,-0.34448092479013226,9.833679905778832,0.06682466366327437,True,Cruise
1,185,1675452904.3419955,49.81019520517725,-0.002530730597636697,False,True,False,True,100000,False,True,False,4.079438943532541,-0.46666683792032043,9.825278947962273,0.059013575094657406,True,Cruise
1,186,1675452904.44199,49.37759078905869,-0.008298789479217568,False,True,False,True,100000,False,True,False,4.06987411903752,-0.5552656765003012,9.821586568220859,0.0891900988534986,True,Cruise
1,187,1675452904.54205,49.51735083765956,0.006435322164539179,False,True,False,True,100000,False,True,False,4.06987411903752,-0.5552656765003012,9.821586568220859,0.08552703928969825,True,Cruise
1,188,1675452904.6419435,49.51735083765956,0.006435322164539179,False,True,False,True,100000,False,True,False,4.045669640646408,-0.4743723485693569,9.807974545162823,0.08552703928969825,True,Cruise
1,189,1675452904.741929,48.68749305503339,0.017500092599554748,False,True,False,True,100000,False,True,False,4.043702666783712,-0.1565091396481835,9.802325508151764,0.31791948696327876,True,Cruise
1,190,1675452904.8419354,48.227541289618586,0.0236327828050855,False,True,False,True,100000,False,True,False,4.031249722763558,-0.18957976949875108,9.784839648327322,0.010866698096837506,True,Cruise
1,191,1675452904.942899,48.227541289618586,0.0236327828050855,False,True,False,True,100000,False,True,False,4.031249722763558,-0.18957976949875108,9.784839648327322,0.018485111391062146,True,Cruise
1,192,1675452905.0440414,48.227541289618586,0.0236327828050855,False,True,False,True,100000,False,True,False,4.022351137947846,0.38976225647460827,9.761439111595642,0.22025097449117154,True,Cruise
1,193,1675452905.1437452,48.24417337007209,0.0234110217323721,False,True,False,True,100000,False,True,False,4.0196363536786235,0.5239011915656921,9.75604176917356,0.13427492418996048,True,Cruise
1,194,1675452905.2433918,48.42207814944919,0.021038958007344115,False,True,False,True,100000,False,True,False,3.9884114436881988,1.0495164000798092,9.710621244162084,0.10487797510801421,True,Cruise
1,195,1675452905.3424551,48.42207814944919,0.021038958007344115,False,True,False,True,100000,False,True,False,3.994735937126389,1.2133186840356345,9.715177208704867,0.06192374424104844,True,Cruise
1,196,1675452905.4419625,48.82118256475688,0.01571756580324161,False,True,False,True,100000,False,True,False,3.5203749656710026,1.4326332134532658,9.770185762159617,0.06192374424104844,True,Cruise
1,197,1675452905.5431933,48.82118256475688,0.01571756580324161,False,True,False,True,100000,False,True,False,3.5203749656710026,1.4326332134532658,9.770185762159617,0.5072355436105939,True,Cruise
1,198,1675452905.6435175,49.08169819113827,0.012244024118156387,False,True,False,True,100000,False,True,False,3.808378026870078,1.2899006798166779,9.747654370385007,0.32222042615833496,True,Cruise
1,199,1675452905.7445598,49.86183521478186,0.0018421971362418284,False,True,False,True,100000,False,True,False,3.6286911604644874,1.2922714419218146,9.769234848395412,0.10712623490510802,True,Cruise
1,200,1675452905.8434796,48.24823246167938,0.023356900510941598,False,True,False,True,100000,False,True,False,3.8431596883758576,1.2027685716807601,9.755937399335872,0.22508564951883714,True,Cruise
1,201,1675452905.9435244,48.24823246167938,0.023356900510941598,False,True,False,True,100000,False,True,False,3.9581209319866764,0.8456820094270497,9.753512757020971,0.1501433417810214,True,Cruise
1,202,1675452906.044474,49.43792933193231,0.007494275574235943,False,True,False,True,100000,False,True,False,3.9581209319866764,0.8456820094270497,9.753512757020971,0.1501433417810214,True,Cruise
1,203,1675452906.143644,49.43792933193231,0.007494275574235943,False,True,False,True,100000,False,True,False,3.9581209319866764,0.8456820094270497,9.753512757020971,5.1351867814517025,True,Cruise
1,204,1675452906.2446492,49.677185250498205,0.004304196660023912,False,True,False,True,100000,False,True,False,1.5454603131698748,1.044400526111295,9.853137686762981,1.077010352456588,True,Cruise
1,205,1675452906.3437686,48.30252151346255,0.02263304648716592,False,True,False,True,100000,False,True,False,1.706263013965204,0.8345831900512428,9.819264730173442,0.2665111635232675,True,Cruise
1,206,1675452906.444326,48.30252151346255,0.02263304648716592,False,True,False,True,100000,False,True,False,0.7686472413664238,0.5284977971193243,9.881125352015504,1.5373012482079458,True,Cruise
1,207,1675452906.5445535,49.70877709911058,-0.0038829720118589545,False,True,False,True,100000,False,True,False,0.7686472413664238,0.5284977971193243,9.881125352015504,1.5373012482079458,True,Cruise
1,208,1675452906.643743,49.834053052237394,0.0022126259701680776,False,True,False,True,100000,False,True,False,-2.8047739474208706,0.9183132050300453,10.093620495074187,3.6008956150577505,True,Cruise
1,209,1675452906.7448678,49.834053052237394,0.0022126259701680776,False,True,False,True,100000,False,True,False,0.028132005979562873,0.6811912977789316,9.693444860494882,0.5083809220523832,True,Cruise
1,210,1675452906.8447304,49.834053052237394,0.0022126259701680776,False,True,False,True,100000,False,True,False,2.044640665033074,0.45267563616676754,9.483262798189719,0.7846579367418041,True,Cruise
1,211,1675452906.942433,49.648271196519694,0.004689717379737416,False,True,False,True,100000,False,True,False,2.4679463603220126,0.5051325115411793,9.444792879949144,0.42827487674101855,True,Cruise
1,212,1675452907.042007,49.48924150278462,0.006810113296204982,False,True,False,True,100000,False,True,False,2.4679463603220126,0.5051325115411793,9.444792879949144,0.42827487674101855,True,Cruise
1,213,1675452907.1419911,49.48924150278462,0.006810113296204982,False,True,False,True,100000,False,True,False,0.7565003892378227,0.4967792585853058,9.62771087719523,1.7212135493574785,True,Cruise
1,214,1675452907.241944,48.715027354065654,0.017132968612457923,False,True,False,True,100000,False,True,False,-1.0541955919355144,0.4508266411047785,9.807399578352525,1.284895705865884,True,Cruise
1,215,1675452907.341927,49.76938982583078,0.0030748023222563156,False,True,False,True,100000,False,True,False,-1.191144174930169,0.39910003514168557,9.809330678839142,0.7341066242408899,True,Cruise
1,216,1675452907.4419403,49.76938982583078,0.0030748023222563156,False,True,False,True,100000,False,True,False,-0.9182823153644935,0.4618618114336466,9.754833772797426,1.6000693684933696,True,Cruise
1,217,1675452907.5419905,49.285704008154994,0.00952394655793341,False,True,False,True,100000,False,True,False,-0.9182823153644935,0.4618618114336466,9.754833772797426,1.6000693684933696,True,Cruise
1,218,1675452907.6419692,49.285704008154994,0.00952394655793341,False,True,False,True,100000,False,True,False,2.4670068322520438,0.17384975595447977,9.496022538128265,3.4073621486807957,True,Cruise
1,219,1675452907.7419312,49.285704008154994,0.00952394655793341,False,True,False,True,100000,False,True,False,-0.5725100875293835,0.3023490943618509,9.825499476240385,1.549904632401123,True,Cruise
1,220,1675452907.841928,47.457349123109914,-0.03390201169186778,False,True,False,True,100000,False,True,False,-1.7890980612193936,0.46125421329624927,9.936613289694842,0.15104158756861524,True,Cruise
1,221,1675452907.9419749,47.457349123109914,-0.03390201169186778,False,True,False,True,100000,False,True,False,-1.8793527733926045,0.4972279466532317,9.94858383478159,0.47937651737062653,True,Cruise
1,222,1675452908.042114,49.08375352684133,-0.01221661964211559,False,True,False,True,100000,False,True,False,-1.8793527733926045,0.4972279466532317,9.94858383478159,1.342133029513884,True,Cruise
1,223,1675452908.1419756,49.49195747081942,-0.0067739003890744075,False,True,False,True,100000,False,True,False,-3.0376967229151663,-0.6471440914365019,10.016334740248007,0.22441413785358322,True,Cruise
1,224,1675452908.2419739,49.49195747081942,-0.0067739003890744075,False,True,False,True,100000,False,True,False,-2.1402684608866167,-0.8988408535756387,9.884319070493172,1.1442405945304586,True,Cruise
1,225,1675452908.3420258,49.400780941490865,0.007989587446788475,False,True,False,True,100000,False,True,False,0.9937566374572763,-0.6789980669594153,9.589211161773335,1.7432784157306445,True,Cruise
1,226,1675452908.4419312,49.400780941490865,0.007989587446788475,False,True,False,True,100000,False,True,False,2.491525451791847,-0.6293614391929071,9.48577977721741,0.5607047184201802,True,Cruise
1,227,1675452908.5420504,49.77234433723583,0.003035408836855595,False,True,False,True,100000,False,True,False,2.491525451791847,-0.6293614391929071,9.48577977721741,0.5607047184201802,True,Cruise
1,228,1675452908.6419413,49.161009424609134,0.011186541005211586,False,True,False,True,100000,False,True,False,1.6971941976655345,-0.5349916693074903,9.646824524255413,0.8159676496642752,True,Cruise
1,229,1675452908.741949,49.161009424609134,0.011186541005211586,False,True,False,True,100000,False,True,False,2.4341614580819844,-0.5715410564338367,9.627889011362683,0.4537281885891321,True,Cruise
1,230,1675452908.8419402,49.264287556621426,-0.00980949924504773,False,True,False,True,100000,False,True,False,-0.5174459615079929,-0.47348743904567037,9.956804929131014,1.072156793505917,True,Cruise
1,231,1675452908.9419575,49.264287556621426,-0.00980949924504773,False,True,False,True,100000,False,True,False,-1.8928796351601775,0.01896190271963471,10.082432434965277,0.4223443441139587,True,Cruise
1,232,1675452909.0420754,49.15509248253028,0.011265433566262946,False,True,False,True,100000,False,True,False,-1.8928796351601775,0.01896190271963471,10.082432434965277,0.4223443441139587,True,Cruise
1,233,1675452909.1419528,49.65045472005365,0.004660603732618035,False,True,False,True,100000,False,True,False,0.5650229351412961,-0.16071274087801218,9.844622909963212,0.2718182115792919,True,Cruise
1,234,1675452909.2419467,49.65045472005365,0.004660603732618035,False,True,False,True,100000,False,True,False,1.6105737238639009,0.4518457325129323,9.754472241993556,0.8919504503500563,True,Cruise
1,235,1675452909.341959,49.98456696846375,0.00020577375381660638,False,True,False,True,100000,False,True,False,2.3766800703284487,0.43512629533713343,9.69533530745682,0.2257439164743366,True,Cruise
1,236,1675452909.441935,49.98456696846375,0.00020577375381660638,False,True,False,True,100000,False,True,False,2.976060492947746,0.3235573833518073,9.670061388091154,0.3863143379926304,True,Cruise
1,237,1675452909.5419586,49.86533575845174,0.001795523220643413,False,True,False,True,100000,False,True,False,2.976060492947746,0.3235573833518073,9.670061388091154,0.3863143379926304,True,Cruise
1,238,1675452909.6419487,49.65860444142366,0.004551940781017798,False,True,False,True,100000,False,True,False,0.5544049096287673,0.2197166263419817,9.964364899126988,1.4874518950691058,True,Cruise
1,239,1675452909.7419302,49.65860444142366,0.004551940781017798,False,True,False,True,100000,False,True,False,-0.8545616485155757,0.21914770317258658,10.084196425862759,1.0415602831001247,True,Cruise
1,240,1675452909.8419218,49.93684411631823,0.0008420784490903349,False,True,False,True,100000,False,True,False,-0.7625066115191126,0.25198451189749993,10.032634069938394,0.3811524893201188,True,Cruise
1,241,1675452909.9419508,49.93684411631823,0.0008420784490903349,False,True,False,True,100000,False,True,False,0.6374261458899964,0.22908469252649746,9.882228629925228,1.4081753880038699,True,Cruise
1,242,1675452910.0419307,49.12292616920993,0.01169431774386754,False,True,False,True,100000,False,True,False,0.6374261458899964,0.22908469252649746,9.882228629925228,1.4081753880038699,True,Cruise
1,243,1675452910.1419559,49.17548718084262,0.010993504255431634,False,True,False,True,100000,False,True,False,1.310773237322809,0.11952124895846995,9.81192090907628,0.6858160316866955,True,Cruise
1,244,1675452910.2419508,49.17548718084262,0.010993504255431634,False,True,False,True,100000,False,True,False,-0.44170514948324524,0.11243957889082269,9.958355359036657,0.41864073743025576,True,Cruise
1,245,1675452910.341926,49.14429819643757,0.011409357380832407,False,True,False,True,100000,False,True,False,-2.9565322993668666,0.3555936611084336,10.096637711431864,0.5299961382392894,True,Cruise
1,246,1675452910.4419682,49.14429819643757,0.011409357380832407,False,True,False,True,100000,False,True,False,-3.053248501676461,0.3987515114727609,10.063466589679345,0.11098174244253166,True,Cruise
1,247,1675452910.5419478,49.84206529926028,0.0021057960098630193,False,True,False,True,100000,False,True,False,-3.053248501676461,0.3987515114727609,10.063466589679345,0.11098174244253166,True,Cruise
1,248,1675452910.6419442,48.019544698071165,0.02640607069238448,False,True,False,True,100000,False,True,False,-0.1436762943613827,0.4148862857403679,9.65243335026765,1.466242129700551,True,Cruise
1,249,1675452910.7419324,48.019544698071165,0.02640607069238448,False,True,False,True,100000,False,True,False,1.038796599871941,0.3211891736988081,9.53514748467443,1.1851349951767791,True,Cruise
1,250,1675452910.8419423,48.019544698071165,0.02640607069238448,False,True,False,True,100000,False,True,False,-1.480211372451738,0.5864042787030861,9.759525342685226,1.4007163363249653,True,Cruise
1,251,1675452910.9419718,49.56899709704138,0.0057467053727815725,False,True,False,True,100000,False,True,False,-3.3154369079083814,0.9694202487931763,9.88336866995121,0.7522890050908614,True,Cruise
1,252,1675452911.0421617,48.94696165602552,0.01404051125299306,False,True,False,True,100000,False,True,False,-3.3154369079083814,0.9694202487931763,9.88336866995121,0.7522890050908614,True,Cruise
1,253,1675452911.142142,48.65987724508638,0.017868303398848262,False,True,False,True,100000,False,True,False,-0.6031022207600489,0.736947213650847,9.573467115807782,0.3872207345192037,True,Cruise
1,254,1675452911.2420077,48.65987724508638,0.017868303398848262,False,True,False,True,100000,False,True,False,-0.16012522005169494,0.925265067897811,9.548982879248806,0.12169642735343679,True,Cruise
1,255,1675452911.342009,48.65987724508638,0.017868303398848262,False,True,False,True,100000,False,True,False,-1.205997894579997,0.9634115208004277,9.659882965717077,1.0524274950668597,True,Cruise
1,256,1675452911.4420068,49.47999007771009,0.00693346563053212,False,True,False,True,100000,False,True,False,-1.5363281299227889,1.086319279015598,9.693668470763665,0.4325357334900946,True,Cruise
1,257,1675452911.5420024,47.60122257324909,-0.031983699023345434,False,True,False,True,100000,False,True,False,-1.5363281299227889,1.086319279015598,9.693668470763665,0.4325357334900946,True,Cruise
1,258,1675452911.6420135,47.60122257324909,-0.031983699023345434,False,True,False,True,100000,False,True,False,1.4287806169206632,0.9547215913813354,9.473519545529275,2.9761810061352265,True,Cruise
1,259,1675452911.7420113,49.02755895647367,-0.012965880580351039,False,True,False,True,100000,False,True,False,0.8618460371281477,0.9514630049043371,9.61834712890522,0.954467404090997,True,Cruise
1,260,1675452911.8420115,48.82404588930635,0.015679388142582077,False,True,False,True,100000,False,True,False,0.16253970090270253,-0.024870050913960693,9.736734227834026,0.275408214798063,True,Cruise
1,261,1675452911.941942,48.82404588930635,0.015679388142582077,False,True,False,True,100000,False,True,False,0.46973751204944586,0.4258108654140175,9.77025219863789,0.29591501011265653,True,Cruise
1,262,1675452912.04201,48.82404588930635,0.015679388142582077,False,True,False,True,100000,False,True,False,0.46973751204944586,0.4258108654140175,9.77025219863789,0.29591501011265653,True,Cruise
1,263,1675452912.1419523,48.45925752729014,0.02054323296946481,False,True,False,True,100000,False,True,False,0.46973751204944586,0.4258108654140175,9.77025219863789,1.0218663886685457,True,Cruise
1,264,1675452912.2419229,48.45925752729014,0.02054323296946481,False,True,False,True,100000,False,True,False,-1.265301750128281,0.3155688147162771,10.01638235863936,0.7872740991548625,True,Cruise
1,265,1675452912.341923,48.45925752729014,0.02054323296946481,False,True,False,True,100000,False,True,False,-1.9004385643753072,0.17044168837134788,10.07715431677292,0.13479619231899714,True,Cruise
1,266,1675452912.4418752,48.791265858045,-0.016116455226066674,False,True,False,True,100000,False,True,False,-1.9246019314897043,0.30297005622224266,10.072423897322928,0.6398605982267048,True,Cruise
1,267,1675452912.5419369,48.791265858045,-0.016116455226066674,False,True,False,True,100000,False,True,False,0.706384963399451,0.4429477132463341,9.812439839413111,1.411887649861244,True,Cruise
1,268,1675452912.641908,49.968914460519784,-0.0004144738597362651,False,True,False,False,100000,False,True,False,0.9772630974845669,-0.0906618577503248,9.8033227785894,1.411887649861244,True,Cruise
1,269,1675452912.7419536,48.21403891908312,-0.02381281441222497,False,True,False,False,100000,False,True,False,1.3453240071959052,0.13991826083785375,9.773650000089798,0.4353349263837705,True,Cruise
1,270,1675452912.8419921,48.21403891908312,-0.02381281441222497,False,True,False,False,100000,False,True,False,2.5610517245355178,0.5078871262701852,9.680492509959638,0.7179126398568406,True,Cruise
1,271,1675452912.9419377,49.38252618674891,0.008232984176681137,False,True,False,False,100000,False,True,False,0.9879188883493849,0.5180413465170154,9.850463208253739,1.5823211010267266,True,Cruise
1,272,1675452913.042052,49.38252618674891,0.008232984176681137,False,True,False,False,100000,False,True,False,-1.7249857547634573,-0.2672490705990554,10.082158223274737,1.219756033935038,True,Cruise
1,273,1675452913.1419322,46.617931980679764,0.0450942402576031,False,True,False,False,100000,False,True,False,2.012763835269553,0.006878014049109571,9.706584746728225,3.766559848537505,True,Cruise
1,274,1675452913.2419329,45.75117928447776,0.056650942873629914,False,True,False,True,100000,False,True,False,0.8222651026449707,-0.11815435262277814,9.833595655910191,1.2037657978807756,True,Cruise
1,275,1675452913.3419454,45.75117928447776,0.056650942873629914,False,True,False,True,100000,False,True,False,-0.5304628000237331,0.33460382889886087,9.94858502826825,1.146992905293432,True,Cruise
1,276,1675452913.4419286,47.557806069576294,0.03256258573898269,False,True,False,True,100000,False,True,False,-2.4312389129011946,0.8712991942682098,10.08023543042715,0.8350361481227325,True,Cruise
1,277,1675452913.5420394,47.557806069576294,0.03256258573898269,False,True,False,True,100000,False,True,False,-3.2092839425189177,1.3061472961756264,10.084048959199619,0.3718902873808423,True,Cruise
1,278,1675452913.6419718,47.557806069576294,0.03256258573898269,False,True,True,True,100000,False,True,False,-3.2092839425189177,1.3061472961756264,10.084048959199619,0.3718902873808423,True,Cruise
1,279,1675452913.7419717,48.822449691675104,0.01570067077766522,False,True,True,True,100000,False,True,False,-2.419540315534678,1.6251887078390777,9.861623669462453,0.32172932617992905,True,Cruise
1,280,1675452913.8419888,48.822449691675104,0.01570067077766522,False,True,True,True,100000,False,True,False,-2.787757453586549,1.6179608928859301,9.866341378858367,1.584628988730508,True,Cruise
1,281,1675452913.9419684,49.13101951622558,-0.011586406450325652,False,True,True,True,100000,False,True,False,-1.2624768625252587,2.007081582733589,9.684261069134124,1.584628988730508,True,Cruise
1,282,1675452914.0419297,49.13101951622558,-0.011586406450325652,False,True,True,True,100000,False,True,False,1.2643448471186574,1.6522231144747295,9.444084403322965,1.0870683104639816,True,Cruise
1,283,1675452914.1420178,49.13101951622558,-0.011586406450325652,False,True,True,True,100000,False,True,False,1.956019510610136,1.7336429434052727,9.392035041554248,0.6983925577493361,True,Cruise
1,284,1675452914.2419417,49.13101951622558,-0.011586406450325652,False,True,True,True,100000,False,True,False,2.778883956388029,1.0121919048030341,9.396048249363625,0.19471193251631433,True,Cruise
1,285,1675452914.3419292,44.91673053709609,-0.06777692617205204,False,True,True,True,100000,False,True,False,2.904567578631349,0.9080697519135598,9.422076863902518,0.19471193251631433,True,Cruise
1,286,1675452914.442073,44.91673053709609,-0.06777692617205204,False,True,True,True,100000,False,True,False,2.0918111447806464,0.4634197526677452,9.629439781005193,0.23397678906067426,True,Cruise
1,287,1675452914.5419753,44.57867141546635,-0.0722843811271153,False,True,True,True,100000,False,True,False,2.0918111447806464,0.4634197526677452,9.629439781005193,0.6945392263695482,True,Cruise
1,288,1675452914.6419442,44.57867141546635,-0.0722843811271153,False,True,True,True,100000,False,True,False,-0.7648623004514146,-1.0394085385883263,9.957999537914963,1.4508204010336239,True,Cruise
1,289,1675452914.74203,44.4646756257422,-0.07380432499010403,False,True,True,True,100000,False,True,False,-2.194225253225021,-1.802969015611049,10.106123130581206,1.627281061014724,True,Cruise
1,290,1675452914.8420362,44.726560862485044,-0.0703125218335328,False,True,True,True,100000,False,True,False,-2.60978888907453,-2.4826050963138955,10.130831489895721,0.3787965435507429,True,Cruise
1,291,1675452914.94194,44.726560862485044,-0.0703125218335328,False,True,True,True,100000,False,True,False,-2.9167966398195873,-3.5550602584535596,10.098887152064863,0.40065769844560206,True,Cruise
1,292,1675452915.0419393,44.85969400550531,-0.06853741325992918,False,True,True,True,100000,False,True,False,-3.067620165886528,-3.8149075483318517,10.084096663670609,0.30081075216703757,True,Cruise
1,293,1675452915.1419303,45.752500518432704,-0.05663332642089732,False,True,True,True,100000,False,True,False,-3.2444987105432763,-4.053433738043512,10.067842756298925,0.29739696071597543,True,Cruise
1,294,1675452915.2420375,45.752500518432704,-0.05663332642089732,False,True,True,True,100000,False,True,False,-3.2444987105432763,-4.053433738043512,10.067842756298925,0.8235467558360948,True,Cruise
1,295,1675452915.3419816,45.96956809641868,-0.053739092047750875,False,True,True,True,100000,False,True,False,-4.151298552781036,-4.469044316534579,9.98829921679851,0.18616279944853506,True,Cruise
1,296,1675452915.4420664,47.20817470496313,-0.037224337267158306,False,True,True,True,100000,False,True,False,-4.21973127468699,-4.416410348309499,9.902043803973925,0.28285783225688305,True,Cruise
1,297,1675452915.541958,47.20817470496313,-0.037224337267158306,False,True,True,True,100000,False,True,False,-3.5657413193903724,-4.11281391782128,9.759339200148887,0.4542853038813411,True,Cruise
1,298,1675452915.6419299,48.057969070211385,-0.025893745730514842,False,True,True,True,100000,False,True,False,-1.7311306465795335,-3.8836657810458437,9.554301805146428,1.8602003985400302,True,Cruise
1,299,1675452915.7419696,48.057969070211385,-0.025893745730514842,False,True,True,True,100000,False,True,False,1.167416055122684,-2.8458731646350084,9.312039322914787,3.088248307199842,True,Cruise
1,300,1675452915.8420389,47.76246190131795,-0.029833841315760657,False,True,True,True,100000,False,True,False,2.1300986722570245,-2.341976985692238,9.278610450683667,0.4953395343808824,True,Cruise
1,301,1675452915.9419742,47.78073334942049,-0.029590222007726888,False,True,True,True,100000,False,True,False,2.4333116600202978,-2.1490658232443147,9.290538230733732,0.35957628464939484,True,Cruise
1,302,1675452916.0420394,47.78073334942049,-0.029590222007726888,False,True,True,True,100000,False,True,False,2.5624126984217295,-2.0055974818103137,9.379729305682377,0.17921867040004918,True,Cruise
1,303,1675452916.1420348,47.85096955738893,-0.028653739234814273,False,False,True,True,100000,False,True,False,2.4220433065829874,-1.9157464079082438,9.445627334282843,0.17921867040004918,True,Cruise
1,304,1675452916.2419965,47.85096955738893,-0.028653739234814273,False,False,True,True,100000,False,True,False,1.6505513371195997,-1.2754204859372624,9.722205547990699,0.35177714510902264,True,Cruise
1,305,1675452916.3420131,48.092464377177976,-0.025433808304293676,False,False,True,True,100000,False,True,False,1.5737771113575212,-1.2383230040689377,9.781362574832327,0.9812994224152387,True,Cruise
1,306,1675452916.4419346,49.212148401836984,-0.010504687975506846,False,False,True,True,100000,False,True,False,2.736199054967666,-1.1483355834118834,9.818060077246264,0.5595047678540289,True,Cruise
1,307,1675452916.541975,49.212148401836984,-0.010504687975506846,False,False,True,True,100000,False,True,False,3.50979370962228,-0.9356869943971834,9.827869386452953,0.8023492597785873,True,Cruise
1,308,1675452916.6419396,48.997335509216306,-0.013368859877115941,False,False,True,True,100000,False,True,False,3.50979370962228,-0.9356869943971834,9.827869386452953,0.8023492597785873,True,Cruise
1,309,1675452916.7419498,49.468389878906585,-0.007088134947912192,False,False,True,True,100000,False,True,False,4.6001945280671475,-0.520887201112203,9.828711958035948,0.1490185258088685,True,Cruise
1,310,1675452916.841934,49.468389878906585,-0.007088134947912192,False,False,True,True,100000,False,True,False,4.714686027113799,-0.6130653866145284,9.853235412070768,0.1490185258088685,True,Cruise
1,311,1675452916.9420364,49.69140564681502,-0.0041145913757997055,False,False,True,True,100000,False,True,False,4.3921246131829434,-0.6903836850720655,9.915121095582517,0.4672043758222456,True,Cruise
1,312,1675452917.041968,49.69140564681502,-0.0041145913757997055,False,False,False,True,100000,False,True,False,3.846555432828076,-1.0386616708991403,10.018749273052567,0.34998822698876275,True,Cruise
1,313,1675452917.1420012,49.272390841423416,0.009701455447687779,False,False,False,True,100000,False,True,False,4.194910319112101,-0.899332743744705,9.98868334682371,0.3763876149130857,True,Cruise
1,314,1675452917.2420332,48.51627729645466,0.01978296938060459,False,False,False,True,100000,False,True,False,0.5364560220032146,-0.3809727897050868,10.270973187067954,1.3407963638135805,True,Cruise
1,315,1675452917.3419507,48.51627729645466,0.01978296938060459,False,False,False,True,100000,False,True,False,-0.13349074699867372,-0.39545201036339667,10.231777360524495,0.6932531692902945,True,Cruise
1,316,1675452917.4419115,49.01633844417318,0.013115487411024277,False,False,False,True,100000,False,True,False,-0.9794452097287918,-0.362329642341397,10.259332108807161,0.8470509479537277,True,Cruise
1,317,1675452917.5419345,49.01633844417318,0.013115487411024277,False,False,False,True,100000,False,True,False,-1.519059653056696,-0.011080099708577467,10.23910353234719,0.6441810180014975,True,Cruise
1,318,1675452917.642035,48.865889647320685,0.015121471369057579,False,False,False,True,100000,False,True,False,-0.8962783218012383,0.23130772796729604,10.039692419865641,0.6974046439097449,True,Cruise
1,319,1675452917.7420838,49.11416071335127,0.011811190488649748,False,False,False,True,100000,False,True,False,-1.48698812237359,0.9263126055315631,9.890977305738721,0.1624937203293295,True,Cruise
1,320,1675452917.8419309,49.11416071335127,0.011811190488649748,False,False,False,True,100000,False,True,False,-0.4970172998562811,1.0444483080541127,9.734676650789115,1.0091720212053883,True,Cruise
1,321,1675452917.9419305,49.043568004407476,0.012752426607900333,False,False,False,True,100000,False,True,False,-0.004573364261238701,1.1666067557002837,9.627043286040566,0.664299136472676,True,Cruise
1,322,1675452918.0419319,48.51938427238626,0.01974154303484987,False,False,False,True,100000,False,True,False,-0.29076890404701927,1.1992388392551314,9.62297849206144,0.28807856987373703,True,Cruise
1,323,1675452918.1419032,48.51938427238626,0.01974154303484987,False,False,False,True,100000,False,True,False,-1.0840110596459533,1.2168845253881655,9.601510049934827,0.09433300516700152,True,Cruise
1,324,1675452918.2419317,49.24991720321517,0.010001103957131049,False,False,False,True,100000,False,True,False,-1.9565352904924904,1.15989974090418,9.673940999658026,0.8773779354159938,True,Cruise
1,325,1675452918.3420033,49.253391029621255,0.009954786271716542,False,False,False,True,100000,False,True,False,-0.7822333846350363,1.2531784103823387,9.539963588520926,1.1855951345105393,True,Cruise
1,326,1675452918.4419806,49.253391029621255,0.009954786271716542,False,False,False,True,100000,False,True,False,0.6951375398272343,0.9460078458009279,9.45195708638577,0.2220085432825773,True,Cruise
1,327,1675452918.541908,49.3808446774907,0.008255404300124053,False,False,False,True,100000,False,True,False,0.6951375398272343,0.9460078458009279,9.45195708638577,0.2220085432825773,True,Cruise
1,328,1675452918.6419756,49.38768154004782,0.008164246132695667,False,False,False,True,100000,False,True,False,-0.04357815957039789,0.8352323794171239,9.590009010187247,0.7596251853081039,True,Cruise
1,329,1675452918.7419364,49.04991163720371,0.012667844837283861,False,False,False,True,100000,False,True,False,0.7911004401271338,0.6916698372988558,9.57792176272344,0.08449529149062378,True,Cruise
1,330,1675452918.841938,49.41378673195666,0.007816176907244525,False,False,False,True,100000,False,True,False,-0.46784474008864224,0.5941036975155621,9.76760877586434,0.9748855323647251,True,Cruise
1,331,1675452918.9420846,49.41378673195666,0.007816176907244525,False,False,False,True,100000,False,True,False,-0.1747919917692098,0.5774240154406247,9.769129498144938,1.2654045738383017,True,Cruise
1,332,1675452919.0419998,49.359494346984576,0.008540075373538932,False,False,False,True,100000,False,True,False,-0.1747919917692098,0.5774240154406247,9.769129498144938,1.2654045738383017,True,Cruise
1,333,1675452919.1419425,48.32010449156904,0.022398606779079393,False,False,False,True,100000,False,True,False,1.0403856419924682,0.40468619623244145,9.795173428307937,1.4812739852496244,True,Cruise
1,334,1675452919.241942,48.32010449156904,0.022398606779079393,False,False,False,True,100000,False,True,False,0.4312590555057274,0.39348286550269923,9.879342272975292,0.6150163472600271,True,Cruise
1,335,1675452919.3419886,48.32010449156904,0.022398606779079393,False,False,False,True,100000,False,True,False,0.29049016871058797,0.5404867340412387,9.909005494883885,1.0134952119878111,True,Cruise
1,336,1675452919.4419546,49.04789656675465,0.012694712443271354,False,False,False,True,100000,False,True,False,-2.229032580578726,0.624068078027727,10.15644842289088,0.6370132564481045,True,Cruise
1,337,1675452919.5420275,49.04789656675465,0.012694712443271354,False,False,False,True,100000,False,True,False,-2.229032580578726,0.624068078027727,10.15644842289088,2.5647823511351766,True,Cruise
1,338,1675452919.641938,49.5246260831856,0.006338318890858659,False,False,False,True,100000,False,True,False,0.7991060005917261,0.6677468042910881,9.831547491568509,0.8760858659649299,True,Cruise
1,339,1675452919.7420373,49.5246260831856,0.006338318890858659,False,False,False,True,100000,False,True,False,2.347873306586253,0.8988919803890348,9.689345333092271,0.3808171102622732,True,Cruise
1,340,1675452919.8419466,49.643900365466095,0.004747995127118759,False,False,False,True,100000,False,True,False,2.4637145064476758,0.7722221025310925,9.703390026874878,0.28376476614695506,True,Cruise
1,341,1675452919.942039,49.80055595891994,0.0026592538810674333,False,False,False,True,100000,False,True,False,2.5097378021115517,0.8212994499068377,9.706338376535918,0.06734554576902517,True,Cruise
1,342,1675452920.0420442,49.80055595891994,0.0026592538810674333,False,False,False,True,100000,False,True,False,0.6933067261992276,0.7579544951469585,9.893318465075591,0.44760981608911843,True,Cruise
1,343,1675452920.1419742,49.9961414814678,-5.1446913762609234e-05,False,False,False,True,100000,False,True,False,1.3555750078428817,0.63015577285324,9.83585510632529,0.10964199370282332,True,Cruise
1,344,1675452920.2420378,49.72455777341278,0.0036725630211629444,False,False,False,True,100000,False,True,False,1.3555750078428817,0.63015577285324,9.83585510632529,0.737109988590515,True,Cruise
1,345,1675452920.3419418,49.72455777341278,0.0036725630211629444,False,False,False,True,100000,False,True,False,1.7085513902013751,0.3432653570242622,9.819504545379846,0.4397365396122733,True,Cruise
1,346,1675452920.4421813,49.72455777341278,0.0036725630211629444,False,False,False,True,100000,False,True,False,0.29358530579415754,0.2736702639098399,9.955613814195628,1.42319999650993,True,Cruise
1,347,1675452920.5419772,49.989731047395324,-0.0001369193680623543,False,False,False,True,100000,False,True,False,-0.47536531574387525,0.16111794831658954,9.973330852882345,0.7773461105382572,True,Cruise
1,348,1675452920.6419742,49.71817412418829,-0.0037576783441562013,False,False,False,True,100000,False,True,False,-0.16241556213908975,0.0852245197445918,9.928747734639657,0.3250923179866765,True,Cruise
1,349,1675452920.7420177,49.71817412418829,-0.0037576783441562013,False,False,False,True,100000,False,True,False,0.3065375335321625,-0.07765444153902952,9.856926529697748,1.1185887592541817,True,Cruise
1,350,1675452920.842008,49.61820598774835,-0.005090586830022055,False,False,False,True,100000,False,True,False,-0.16867947028785824,-0.1434847638401409,9.862423223813352,0.410941383725599,True,Cruise
1,351,1675452920.9419713,49.86910154041341,0.0017453127944878721,False,False,False,True,100000,False,True,False,-0.16867947028785824,-0.1434847638401409,9.862423223813352,0.09168397933795198,True,Cruise
1,352,1675452921.0419464,49.86910154041341,0.0017453127944878721,False,False,False,True,100000,False,True,False,-0.620291307504707,-0.15030282452166943,9.847690629083417,0.4519035149379909,True,Cruise
1,353,1675452921.1419384,49.67001872727573,0.004399750302990205,False,False,False,True,100000,False,True,False,1.1113017098649456,-0.044060479335544,9.667563909084622,0.01867910359844112,True,Cruise
1,354,1675452921.2419372,49.625071654019955,0.0049990446130672595,False,False,False,True,100000,False,True,False,1.0929730166814138,-0.04648592298545576,9.670225701812532,0.01867910359844112,True,Cruise
1,355,1675452921.3419693,49.625071654019955,0.0049990446130672595,False,False,False,True,100000,False,True,False,-1.2264976372323757,-0.11582175819083144,9.85726434082247,0.3132416310934027,True,Cruise
