repetition,iteration,time,speed,steering,obstacle_North,obstacle_NorthWest,obstacle_SouthWest,obstacle_West,obstacle_distance,follow_enable,steady_motion_enable,passing_start,accel_x,accel_y,accel_z,accel_diff,success,action
1,1,1675453187.8134546,0.0,0.0,False,True,False,True,100000,False,True,False,0.0,0.0,0.0,0.0014166352598188926,True,Cruise
1,2,1675453187.8135953,0.0,0.0,False,True,False,True,100000,False,True,False,0.0,0.0,0.0,0.0014166352598188926,True,Cruise
1,3,1675453187.8136468,0.0,0.0,False,True,False,True,100000,False,True,False,0.0,0.0,0.0,0.0014166352598188926,True,Cruise
1,4,1675453187.8983793,0.0,0.0,False,True,False,True,100000,False,True,False,0.04408790294073401,1.0345866389397135e-13,9.809899683547835,4.157036772189557e-06,True,Cruise
1,5,1675453187.9983132,49.56782106076448,-0.005762385856473611,False,True,False,True,100000,False,True,False,0.044252769266912295,-3.9202146463045685e-13,9.809989664845085,0.00037243026316011694,True,Cruise
1,6,1675453188.0983136,49.56782106076448,-0.005762385856473611,False,True,False,True,100000,False,True,False,1.9296118545382148,-0.023201157127212754,9.635445327599326,0.8120572991364725,True,Cruise
1,7,1675453188.1983454,49.74809638658239,-0.0033587148455681225,False,True,False,True,100000,False,True,False,1.9296118545382148,-0.023201157127212754,9.635445327599326,0.8120572991364725,True,Cruise
1,8,1675453188.2983222,49.23825848383358,-0.010156553548885488,False,True,False,True,100000,False,True,False,3.0363212676968883,-0.007834612046483986,9.568615647395792,0.27728750043010125,True,Cruise
1,9,1675453188.398296,49.8249438235538,-0.002334082352615943,False,True,False,True,100000,False,True,False,3.5991142327516137,-0.0017954291420062447,9.600260925042008,0.11715448057849993,True,Cruise
1,10,1675453188.498289,49.05355172950131,0.012619310273315896,False,True,False,True,100000,False,True,False,3.7930568734818753,-0.03248232451644384,9.646938398832528,0.10902901830950042,True,Cruise
1,11,1675453188.5982966,49.05355172950131,0.012619310273315896,False,True,False,True,100000,False,True,False,4.00766166295699,-0.03854889477275872,9.69399368265166,0.11825014604315977,True,Cruise
1,12,1675453188.6983972,49.83648460535608,-0.0021802052619189906,False,True,False,True,100000,False,True,False,4.227382059303419,0.0409382569584073,9.739456948643582,0.23803816588021584,True,Cruise
1,13,1675453188.7984054,49.83648460535608,-0.0021802052619189906,False,True,False,True,100000,False,True,False,4.326919906375,0.07761668840340549,9.761693017469197,0.10838603733751165,True,Cruise
1,14,1675453188.8983219,49.60131760211084,0.005315765305188843,False,True,False,True,100000,False,True,False,4.489776223026263,-0.022214249362812327,9.804660662843265,0.11871478492227201,True,Cruise
1,15,1675453188.9983883,49.60131760211084,0.005315765305188843,False,True,False,True,100000,False,True,False,4.597539593505943,-0.01518418285602844,9.843972078288733,0.05113902880363935,True,Cruise
1,16,1675453189.0984502,49.23713073455879,-0.010171590205882857,False,True,False,True,100000,False,True,False,4.63115240845858,-0.008725572597917357,9.861519973071864,0.03846379579326812,True,Cruise
1,17,1675453189.1983137,49.23713073455879,-0.010171590205882857,False,True,False,True,100000,False,True,False,4.652242796007887,-0.026091885906628587,9.87729568266767,0.031547841418510685,True,Cruise
1,18,1675453189.298312,49.938553132243094,0.0008192915700920558,False,True,False,True,100000,False,True,False,4.64985119799912,-0.010501557499619913,9.911986411172276,0.05927092205827964,True,Cruise
1,19,1675453189.398464,49.81667639101489,-0.0024443147864682234,False,True,False,True,100000,False,True,False,4.603674251727173,-0.014723839996228555,9.923448345445886,0.05813294803468114,True,Cruise
1,20,1675453189.4983563,49.81667639101489,-0.0024443147864682234,False,True,False,False,100000,False,True,False,4.570370899487218,0.01524401466301154,9.925590697640809,0.05813294803468114,True,Cruise
1,21,1675453189.5984397,49.81667639101489,-0.0024443147864682234,False,True,False,False,100000,False,True,False,4.531662348634625,0.003475733430041761,9.925405892629517,0.04367968143787391,True,Cruise
1,22,1675453189.6983407,49.93526792299188,-0.0008630943601082356,False,True,False,False,100000,False,True,False,4.442322627630851,-0.006776668227682097,9.91846235384389,0.0466342862765681,True,Cruise
1,23,1675453189.7984538,49.77284425764955,0.0030287432313393457,False,True,False,False,100000,False,True,False,4.442322627630851,-0.006776668227682097,9.91846235384389,0.1506400004400528,True,Cruise
1,24,1675453189.898327,49.77284425764955,0.0030287432313393457,False,True,False,False,100000,False,True,False,4.293714554745128,-0.004019563415639852,9.893958297468954,0.051644530614339754,True,Cruise
1,25,1675453189.99834,49.55525555845565,-0.005929925887258035,False,True,False,False,100000,False,True,False,4.1488197973980725,0.013568257279726489,9.857499198564819,0.048804788472692415,True,Cruise
1,26,1675453190.0983613,49.70195301920056,0.0039739597439925264,False,True,False,False,100000,False,True,False,4.063441972083868,0.01196085433858661,9.829713749301584,0.04356935926302927,True,Cruise
1,27,1675453190.1985195,49.70195301920056,0.0039739597439925264,False,True,False,False,100000,False,True,False,4.025606136382189,0.03668940005895689,9.815501316954009,0.04738190234597254,True,Cruise
1,28,1675453190.2983434,49.70195301920056,0.0039739597439925264,False,True,False,False,100000,False,True,False,3.9350543018533997,0.016428960660573148,9.774282025351933,0.1015339851543401,True,Cruise
1,29,1675453190.398413,49.81311422795618,0.0024918102939176434,False,True,False,False,100000,False,True,False,3.9350543018533997,0.016428960660573148,9.774282025351933,0.1015339851543401,True,Cruise
1,30,1675453190.4983435,49.90334309558356,0.0012887587255525283,False,True,False,False,100000,False,True,False,3.8950574839765557,0.025970462530316665,9.749933748940185,0.01992634103096854,True,Cruise
1,31,1675453190.5984533,49.90334309558356,0.0012887587255525283,False,True,False,False,100000,False,True,False,3.8712381466775274,0.01605750492637939,9.729535043582217,0.012692918992158653,True,Cruise
1,32,1675453190.6984537,49.936248657257785,0.000850017903229522,False,True,False,False,100000,False,True,False,3.8623788607916167,0.00704098151399204,9.713918455367489,0.007871745384625515,True,Cruise
1,33,1675453190.7983518,49.73572018368374,0.003523730884216824,False,True,False,False,100000,False,True,False,3.8623788607916167,0.00704098151399204,9.713918455367489,0.007871745384625515,True,Cruise
1,34,1675453190.8983102,49.73572018368374,0.003523730884216824,False,True,False,False,100000,False,True,False,3.872790535885381,0.007109169103407704,9.700335730330465,0.017114264437505213,True,Cruise
1,35,1675453190.9983206,49.440197985748426,-0.007464026856687692,False,True,False,False,100000,False,True,False,3.891954111697046,0.01242227312838272,9.697820679509881,0.017817923231879616,True,Cruise
1,36,1675453191.0983953,49.440197985748426,-0.007464026856687692,False,True,False,False,100000,False,True,False,3.917832859806868,0.04947366415788449,9.700090545445688,0.03463354788612858,True,Cruise
1,37,1675453191.1983113,49.988563187064265,0.00015249083914313684,False,True,False,False,100000,False,True,False,3.9325634610170477,-0.015191696310168272,9.70280812515614,0.06637759182102955,True,Cruise
1,38,1675453191.298294,49.988563187064265,0.00015249083914313684,False,True,False,False,100000,False,True,False,3.9794936829831835,-0.022009073303426652,9.716108000193223,0.03861647081488004,True,Cruise
1,39,1675453191.3983219,48.907146949204375,0.014571374010608401,False,True,False,False,100000,False,True,False,3.995232904989807,-0.001735693833724042,9.721852623639572,0.016810132219183604,True,Cruise
1,40,1675453191.4982815,49.871086840743025,0.0017188421234263613,False,True,False,False,100000,False,True,False,4.025423023257783,-0.04395650900928155,9.734565960636607,0.08353195899540328,True,Cruise
1,41,1675453191.598299,49.871086840743025,0.0017188421234263613,False,True,False,False,100000,False,True,False,4.039412736640992,0.03812011380105797,9.741296791277371,0.08353195899540328,True,Cruise
1,42,1675453191.698301,49.056947365525566,0.012574035126325772,False,True,False,False,100000,False,True,False,4.0645840327715845,0.03825185302761886,9.754879834372314,0.07247063966871005,True,Cruise
1,43,1675453191.7983184,49.056947365525566,0.012574035126325772,False,True,False,False,100000,False,True,False,4.075662289982681,0.003512826983875569,9.76151129170467,0.03706081407165708,True,Cruise
1,44,1675453191.8983288,49.74879390489941,0.003349414601341214,False,True,False,False,100000,False,True,False,4.075662289982681,0.003512826983875569,9.76151129170467,0.040145666029588065,True,Cruise
1,45,1675453191.998304,49.74879390489941,0.003349414601341214,False,True,False,False,100000,False,True,False,4.1069450817540245,0.05278342894788638,9.784962930275821,0.04713858706424388,True,Cruise
1,46,1675453192.098329,48.355375741871065,0.021928323441719137,False,True,False,False,100000,False,True,False,4.1069450817540245,0.05278342894788638,9.784962930275821,0.04713858706424388,True,Cruise
1,47,1675453192.1982844,48.355375741871065,0.021928323441719137,False,True,False,False,100000,False,True,False,4.115354008451683,0.022709312499962418,9.793829969014373,0.007917950573485629,True,Cruise
1,48,1675453192.298378,49.71381702874089,0.0038157729501214527,False,True,False,False,100000,False,True,False,4.117275295703015,0.1449744629457702,9.802907622001094,0.05423857961582859,True,Cruise
1,49,1675453192.3983462,49.71381702874089,0.0038157729501214527,False,True,False,False,100000,False,True,False,4.117275295703015,0.1449744629457702,9.802907622001094,0.05423857961582859,True,Cruise
1,50,1675453192.4983299,49.62922448595802,0.004943673520559792,False,True,False,False,100000,False,True,False,4.113572510882221,0.03280132137869337,9.806211916259436,0.11228286897386562,True,Cruise
1,51,1675453192.5983083,49.62922448595802,0.004943673520559792,False,True,False,False,100000,False,True,False,4.110950373478404,0.018632698092158406,9.806190475641,0.014409231419487996,True,Cruise
1,52,1675453192.6983101,48.67047512832093,0.017726998289054326,False,True,False,False,100000,False,True,False,4.103235516897164,0.0403328887332026,9.804741385515474,0.010220500853343457,True,Cruise
1,53,1675453192.7983003,46.738655250105325,0.0434845966652623,False,True,False,False,100000,False,True,False,4.093687210027891,0.003296289467942623,9.801630639000983,0.005331268917732973,True,Cruise
1,54,1675453192.8984036,47.36133111333865,0.035182251822151345,False,True,False,False,100000,False,True,False,4.087785266651618,0.08220172358996902,9.799656275390573,0.0791504806129962,True,Cruise
1,55,1675453192.998312,47.36133111333865,0.035182251822151345,False,True,False,False,100000,False,True,False,4.067794085057668,0.21380524580608012,9.792503287563681,0.1333052873522293,True,Cruise
1,56,1675453193.0983102,48.32340627298583,0.022354583026855612,False,True,False,False,100000,False,True,False,4.054023428519989,0.28141437569921457,9.78704091804294,0.10355977943501202,True,Cruise
1,57,1675453193.198304,48.32340627298583,0.022354583026855612,False,True,False,False,100000,False,True,False,4.049502588975352,0.2944522941679908,9.784074815962153,0.08850118207113797,True,Cruise
1,58,1675453193.2982905,47.20442426461544,0.03727434313846079,False,True,False,False,100000,False,True,False,4.04673101300517,0.17463658876398253,9.777833778620716,0.03840322157507104,True,Cruise
1,59,1675453193.3982935,47.20442426461544,0.03727434313846079,False,True,False,False,100000,False,True,False,4.0444540165363865,0.13640217733932147,9.775049447922882,0.03840322157507104,True,Cruise
1,60,1675453193.498315,47.97070840296195,0.027057221293840694,False,True,False,False,100000,False,True,False,4.0293007192885115,0.32956038294453605,9.768730405346451,0.1938547010242247,True,Cruise
1,61,1675453193.5984313,47.97070840296195,0.027057221293840694,False,True,False,False,100000,False,True,False,4.028120329525657,0.2806468865058831,9.764854460797746,0.07655844960801109,True,Cruise
1,62,1675453193.6983087,47.58522944773191,0.0321969406969078,False,True,False,False,100000,False,True,False,4.0295218836577895,0.24162132170163264,9.76320770500982,0.02478754481086011,True,Cruise
1,63,1675453193.7983074,46.420531938187416,0.04772624082416778,False,True,False,False,100000,False,True,False,4.029306597345234,0.2530686435871939,9.761130294974246,0.03621130133636218,True,Cruise
1,64,1675453193.8983097,46.420531938187416,0.04772624082416778,False,True,False,False,100000,False,True,False,4.0281416526930105,0.22653626473080266,9.760596571560104,0.026563303343233185,True,Cruise
1,65,1675453193.9984345,47.99484497990248,0.026735400267966912,False,True,False,False,100000,False,True,False,4.0281416526930105,0.22653626473080266,9.760596571560104,0.026563303343233185,True,Cruise
1,66,1675453194.0983622,47.99484497990248,0.026735400267966912,False,True,False,False,100000,False,True,False,4.016685845444703,0.39263072739368204,9.761425413935738,0.1712798100243978,True,Cruise
1,67,1675453194.19838,48.42000554526359,0.02106659272981876,False,True,False,False,100000,False,True,False,4.020127690328978,0.4520581808241857,9.76213126835124,0.06249691155674449,True,Cruise
1,68,1675453194.2983165,47.96684065571686,0.027108791257108567,False,True,False,False,100000,False,True,False,4.032191136588195,0.320286444800158,9.7616996202078,0.1323234804203501,True,Cruise
1,69,1675453194.3983033,47.96684065571686,0.027108791257108567,False,True,False,False,100000,False,True,False,4.051319621150094,0.16845870323984172,9.762172031834762,0.037666020776318164,True,Cruise
1,70,1675453194.4983072,48.8849875721892,0.014866832370810627,False,True,False,False,100000,False,True,False,4.053579544937323,0.2100848221242215,9.766231486985069,0.04188460582383402,True,Cruise
1,71,1675453194.5984273,48.8849875721892,0.014866832370810627,False,True,False,False,100000,False,True,False,4.053579544937323,0.2100848221242215,9.766231486985069,0.04188460582383402,True,Cruise
1,72,1675453194.6983192,47.242740613751195,0.036763458483317434,False,True,False,False,100000,False,True,False,4.063501179820454,0.06447405932226573,9.769620594451553,0.06557205897941659,True,Cruise
1,73,1675453194.7983065,49.10255477657289,0.011965936312361505,False,True,False,False,100000,False,True,False,4.0659438069989955,-0.024565463747033004,9.770803475859534,0.08908087507634216,True,Cruise
1,74,1675453194.8983686,49.10255477657289,0.011965936312361505,False,True,False,False,100000,False,True,False,4.055139586822225,0.2167458275709735,9.774487514306278,0.0842822176181061,True,Cruise
1,75,1675453194.9983199,48.01954240364287,0.02640610128476171,False,True,False,False,100000,False,True,False,4.055139586822225,0.2167458275709735,9.774487514306278,0.10276636836794605,True,Cruise
1,76,1675453195.0984588,48.01954240364287,0.02640610128476171,False,True,False,False,100000,False,True,False,4.062922055084863,0.11428112061527484,9.775646601775028,0.10502561908577278,True,Cruise
1,77,1675453195.1983378,48.01954240364287,0.02640610128476171,False,True,False,False,100000,False,True,False,4.062922055084863,0.11428112061527484,9.775646601775028,0.06418581579978122,True,Cruise
1,78,1675453195.298422,48.01954240364287,0.02640610128476171,False,True,False,False,100000,False,True,False,4.0640925805721295,0.1736746092499167,9.779348828083325,0.025876693279127064,True,Cruise
1,79,1675453195.3983154,49.59829896074376,0.005356013856749852,False,True,False,False,100000,False,True,False,4.063313262822165,0.17636292464555078,9.779561185055076,0.002807039598093423,True,Cruise
1,80,1675453195.4984038,49.78512428383399,0.00286500954888016,False,True,False,False,100000,False,True,False,4.063313262822165,0.17636292464555078,9.779561185055076,0.002807039598093423,True,Cruise
1,81,1675453195.5983322,49.78512428383399,0.00286500954888016,False,True,False,False,100000,False,True,False,4.0764851335845735,-0.0033897960603737126,9.77817730397157,0.002807039598093423,True,Cruise
1,82,1675453195.6983159,49.49043487278353,-0.006794201696219553,False,True,False,False,100000,False,True,False,4.078047518198078,-0.027234214204245374,9.77771766577034,0.0006713522059091277,True,Cruise
1,83,1675453195.7982564,49.165011315015185,-0.01113318246646419,False,True,False,False,100000,False,True,False,4.074137050177719,-0.00014581402790420864,9.777513192651792,0.08804031148890679,True,Cruise
1,84,1675453195.8984244,49.165011315015185,-0.01113318246646419,False,True,False,False,100000,False,True,False,4.073810709766472,-0.08818472766495072,9.777139515507205,0.08804031148890679,True,Cruise
1,85,1675453195.998308,49.19086885126649,-0.010788415316446885,False,True,False,False,100000,False,True,False,4.072807144687113,-0.13238431862075156,9.7768285884718,0.04421207594255178,True,Cruise
1,86,1675453196.0983565,49.19086885126649,-0.010788415316446885,False,True,False,False,100000,False,True,False,4.067983945246281,-0.24571818938844658,9.775862716068104,0.009872089778551875,True,Cruise
1,87,1675453196.198359,49.623358087225625,0.0050218921703249686,False,True,False,False,100000,False,True,False,4.0658559626812085,-0.2553532034081725,9.775552310465352,0.009872089778551875,True,Cruise
1,88,1675453196.2983522,49.623358087225625,0.0050218921703249686,False,True,False,False,100000,False,True,False,4.063869829747959,-0.2657171783558931,9.775219366668237,0.010557819486880636,True,Cruise
1,89,1675453196.3982935,48.7849489302426,-0.01620068093009869,False,True,False,False,100000,False,True,False,4.063869829747959,-0.2657171783558931,9.775219366668237,0.05632582316413346,True,Cruise
1,90,1675453196.4983022,48.76184526127763,-0.016508729849631695,False,True,False,False,100000,False,True,False,4.058034463576332,-0.10675004903558702,9.773808297586767,0.02133718343112411,True,Cruise
1,91,1675453196.5983694,48.76184526127763,-0.016508729849631695,False,True,False,False,100000,False,True,False,4.058034463576332,-0.10675004903558702,9.773808297586767,0.02133718343112411,True,Cruise
1,92,1675453196.6983128,49.88928915076317,-0.0014761446564910178,False,True,False,False,100000,False,True,False,4.05592484324361,-0.27016932260424725,9.772430192539717,0.08023915939655264,True,Cruise
1,93,1675453196.79829,49.88928915076317,-0.0014761446564910178,False,True,False,False,100000,False,True,False,4.05352475710156,-0.2631604112115982,9.772085565331917,0.015892700791280003,True,Cruise
1,94,1675453196.8983166,48.93016957251045,-0.01426440569986062,False,True,False,False,100000,False,True,False,4.053195501321938,-0.08074791166071746,9.771544766065496,0.07427291028666395,True,Cruise
1,95,1675453196.9984858,48.93016957251045,-0.01426440569986062,False,True,False,False,100000,False,True,False,4.053195501321938,-0.08074791166071746,9.771544766065496,0.07427291028666395,True,Cruise
1,96,1675453197.0984755,48.36775623439956,-0.02176325020800589,False,True,False,False,100000,False,True,False,4.053195501321938,-0.08074791166071746,9.771544766065496,0.07427291028666395,True,Cruise
1,97,1675453197.1982992,48.36775623439956,-0.02176325020800589,False,True,False,False,100000,False,True,False,4.052310074461906,-0.1416840855830658,9.771506959627201,0.06107875997471746,True,Cruise
1,98,1675453197.2982986,49.08231923849768,-0.01223574348669755,False,True,False,False,100000,False,True,False,4.049204298962984,-0.2515728565920715,9.77192535070014,0.05998737219613872,True,Cruise
1,99,1675453197.3983355,49.08231923849768,-0.01223574348669755,False,True,False,False,100000,False,True,False,4.049204298962984,-0.2515728565920715,9.77192535070014,0.06043137118716423,True,Cruise
1,100,1675453197.49829,48.49528005674924,-0.020062932576676767,False,True,False,False,100000,False,True,False,4.050371157989053,-0.17323432166771072,9.772048393601711,0.06508333689061056,True,Cruise
1,101,1675453197.598385,48.49528005674924,-0.020062932576676767,False,True,False,False,100000,False,True,False,4.050371157989053,-0.17323432166771072,9.772048393601711,0.06508333689061056,True,Cruise
1,102,1675453197.6983216,49.36256630461167,-0.00849911593851106,False,True,False,False,100000,False,True,False,4.050371157989053,-0.17323432166771072,9.772048393601711,0.06508333689061056,True,Cruise
1,103,1675453197.798503,49.36256630461167,-0.00849911593851106,False,True,False,False,100000,False,True,False,4.048692391781461,-0.3172993716195245,9.772605075574738,0.012432123159007456,True,Cruise
1,104,1675453197.8983626,48.96924033387858,-0.01374346221495231,False,True,False,False,100000,False,True,False,4.048800215673452,-0.37124979269438996,9.77285394532809,0.012432123159007456,True,Cruise
1,105,1675453197.9983268,48.46647932777203,-0.020446942296372995,False,True,False,False,100000,False,True,False,4.052236043497614,-0.2728705404926523,9.772659288182316,0.041520239169471666,True,Cruise
1,106,1675453198.0983279,48.46647932777203,-0.020446942296372995,False,True,False,False,100000,False,True,False,4.057075060092601,-0.20347156259262345,9.772809213709344,0.0007739375666308115,True,Cruise
1,107,1675453198.1983132,49.726587499662486,0.003645500004500228,False,True,False,False,100000,False,True,False,4.057281353972858,-0.15922096619501544,9.77318080818357,0.044252637448657275,True,Cruise
1,108,1675453198.2984338,49.726587499662486,0.003645500004500228,False,True,False,False,100000,False,True,False,4.054477317169992,-0.25857809920750774,9.773648901513072,0.09939779481567505,True,Cruise
1,109,1675453198.3983574,49.55599167288359,-0.005920111028218784,False,True,False,False,100000,False,True,False,4.057720375651459,-0.16138535503296594,9.773534207950544,0.219736272978595,True,Cruise
1,110,1675453198.4984124,49.55599167288359,-0.005920111028218784,False,True,False,False,100000,False,True,False,4.06137583873091,-0.016399069311860543,9.7733650796884,0.14503245864942196,True,Cruise
1,111,1675453198.598333,49.81487907950902,0.002468278939879702,False,True,False,False,100000,False,True,False,4.060863998596547,-0.06360735418848515,9.773900303865306,0.04706354897740267,True,Cruise
1,112,1675453198.6983347,48.806663119662254,0.01591115840450332,False,True,False,False,100000,False,True,False,4.060863998596547,-0.06360735418848515,9.773900303865306,0.04706354897740267,True,Cruise
1,113,1675453198.7983367,48.806663119662254,0.01591115840450332,False,True,False,False,100000,False,True,False,4.060555576059684,0.021332370588176414,9.774167230319243,0.04706354897740267,True,Cruise
1,114,1675453198.8983355,48.29708221371975,0.02270557048373673,False,True,False,False,100000,False,True,False,4.062785744679084,0.19776359133873406,9.774058891184252,0.15310218232220354,True,Cruise
1,115,1675453198.998373,48.29708221371975,0.02270557048373673,False,True,False,False,100000,False,True,False,4.061912197467056,0.36355273948602157,9.774191306106808,0.097584507258181,True,Cruise
1,116,1675453199.0983148,49.5746351306536,0.005671531591285438,False,True,False,False,100000,False,True,False,4.060043998538093,0.419974698200111,9.774336884577618,0.05645306710413308,True,Cruise
1,117,1675453199.1983287,49.50165384111275,0.0066446154518300694,False,True,False,False,100000,False,True,False,4.057851249491662,0.49995144960656906,9.774458002871821,0.08000689709988885,True,Cruise
1,118,1675453199.2983367,49.50165384111275,0.0066446154518300694,False,True,False,False,100000,False,True,False,4.057851249491662,0.49995144960656906,9.774458002871821,0.21965218582490886,True,Cruise
1,119,1675453199.3983018,48.912045330824576,-0.014506062255672296,False,True,False,False,100000,False,True,False,4.058433602191163,0.28030012972953605,9.774254829864237,0.02748340906921515,True,Cruise
1,120,1675453199.4983037,48.912045330824576,-0.014506062255672296,False,True,False,False,100000,False,True,False,4.057829630135208,0.38855683243596356,9.774076871304766,0.22354838371622662,True,Cruise
1,121,1675453199.598308,48.92814841320803,-0.014291354490559642,False,True,False,False,100000,False,True,False,4.059819838092202,0.013004960869968024,9.773773486795346,0.06782166464611765,True,Cruise
1,122,1675453199.698301,48.92814841320803,-0.014291354490559642,False,True,False,False,100000,False,True,False,4.059160145045163,-0.05481349208422638,9.773752526025966,0.06782166464611765,True,Cruise
1,123,1675453199.7984266,49.446683968646624,0.00737754708471174,False,True,False,False,100000,False,True,False,4.055664244696333,-0.184669469282293,9.773741662964868,0.12990302633626302,True,Cruise
1,124,1675453199.8983166,49.71929891316025,-0.0037426811578633126,False,True,False,False,100000,False,True,False,4.054741396188794,-0.30213553337052484,9.773697362241116,0.11746969747259325,True,Cruise
1,125,1675453199.9982913,49.71929891316025,-0.0037426811578633126,False,True,False,False,100000,False,True,False,4.056409914354937,-0.13617303034541545,9.773490265465469,0.1659710193145318,True,Cruise
1,126,1675453200.0984707,49.71929891316025,-0.0037426811578633126,False,True,False,False,100000,False,True,False,4.057057024127603,-0.030572784097464955,9.773319420566404,0.0033119521942253593,True,Cruise
1,127,1675453200.19844,49.758530626385905,-0.003219591648187959,False,True,False,False,100000,False,True,False,4.056550809398677,-0.15409216716445237,9.773310233281949,0.12352042070446148,True,Cruise
1,128,1675453200.298296,49.77070228437878,-0.0030573028749496744,False,True,False,False,100000,False,True,False,4.056550809398677,-0.15409216716445237,9.773310233281949,0.12352042070446148,True,Cruise
1,129,1675453200.3982954,49.77070228437878,-0.0030573028749496744,False,True,False,False,100000,False,True,False,4.056550809398677,-0.15409216716445237,9.773310233281949,0.12352042070446148,True,Cruise
1,130,1675453200.4983048,49.60455557415945,-0.005272592344540657,False,True,False,False,100000,False,True,False,4.055586925819173,-0.14533162378728576,9.773216476050495,0.014829300060497111,True,Cruise
1,131,1675453200.5983016,49.701270250674476,-0.00398306332434029,False,True,False,False,100000,False,True,False,4.055693252761341,-0.11369090201071465,9.773180565376036,0.014840302803405597,True,Cruise
1,132,1675453200.6982968,49.701270250674476,-0.00398306332434029,False,True,False,False,100000,False,True,False,4.055587260745828,-0.13547301448949153,9.77319019856798,0.006942080937580757,True,Cruise
1,133,1675453200.798329,49.63226351112232,0.0049031531850357276,False,True,False,False,100000,False,True,False,4.055587260745828,-0.13547301448949153,9.77319019856798,0.006942080937580757,True,Cruise
1,134,1675453200.8983095,49.63226351112232,0.0049031531850357276,False,True,False,False,100000,False,True,False,4.0558312241881005,-0.10397914138061343,9.773204155505285,0.019740367692005368,True,Cruise
1,135,1675453200.9983099,49.704784814238366,-0.003936202476821749,False,True,False,False,100000,False,True,False,4.056681695060509,-0.025776630816040272,9.773176810867378,0.09794511990330466,True,Cruise
1,136,1675453201.0982907,49.09328713974858,-0.012089504803352235,False,True,False,False,100000,False,True,False,4.057060703710659,0.03700661480635493,9.773183923222252,0.02270528259714663,True,Cruise
1,137,1675453201.1983993,49.09328713974858,-0.012089504803352235,False,True,False,False,100000,False,True,False,4.057080188459183,0.09536715406338252,9.773267463342881,0.035655637707314114,True,Cruise
1,138,1675453201.298308,49.09328713974858,-0.012089504803352235,False,True,False,False,100000,False,True,False,4.056885429309815,0.033784529497359356,9.773341953270863,0.1965398622595608,True,Cruise
1,139,1675453201.3983033,49.99602694268429,5.297409754278267e-05,False,True,False,False,100000,False,True,False,4.055743860083205,-0.1627519052072317,9.773551977831328,0.010573403736798942,True,Cruise
1,140,1675453201.4984028,49.08827500532146,-0.012156333262380525,False,True,False,False,100000,False,True,False,4.056106806411815,-0.08555872333950705,9.773548351528127,0.03641103088134981,True,Cruise
1,141,1675453201.5983129,49.08827500532146,-0.012156333262380525,False,True,False,False,100000,False,True,False,4.057036647972001,-0.019202883957253964,9.773495852484414,0.037979214570644425,True,Cruise
1,142,1675453201.6983683,48.9667484906585,0.013776686791220013,False,True,False,False,100000,False,True,False,4.0565309581919,-0.1342210397359806,9.773613333957334,0.10316871860639373,True,Cruise
1,143,1675453201.7983599,49.778409028536714,-0.002954546286177193,False,True,False,False,100000,False,True,False,4.055547704887248,-0.2373850274103611,9.773710075594746,0.10316871860639373,True,Cruise
1,144,1675453201.8984666,49.778409028536714,-0.002954546286177193,False,True,False,False,100000,False,True,False,4.055547704887248,-0.2373850274103611,9.773710075594746,0.3971720150566205,True,Cruise
1,145,1675453201.9983342,49.778409028536714,-0.002954546286177193,False,True,False,False,100000,False,True,False,4.059061540556806,0.15977133934258725,9.773422237756183,0.1345594272915863,True,Cruise
1,146,1675453202.098473,49.70756772854458,0.003899096952738862,False,True,False,False,100000,False,True,False,4.057400546148597,-0.11545618228767429,9.773654933400252,0.1345594272915863,True,Cruise
1,147,1675453202.1985052,48.19318845594857,-0.024090820587352398,False,True,False,False,100000,False,True,False,4.057056500738254,-0.12513897348747943,9.77369301822082,0.00968897637095683,True,Cruise
1,148,1675453202.2983656,48.19318845594857,-0.024090820587352398,False,True,False,False,100000,False,True,False,4.057386612954363,0.040604224614678046,9.773665852022612,0.06761431294651847,True,Cruise
1,149,1675453202.398312,49.362503756648,-0.008499949911359982,False,True,False,False,100000,False,True,False,4.057386612954363,0.040604224614678046,9.773665852022612,0.06761431294651847,True,Cruise
1,150,1675453202.498308,49.362503756648,-0.008499949911359982,False,True,False,False,100000,False,True,False,4.051271640671003,-0.4257910425124092,9.77417244741941,0.4028751260690516,True,Cruise
1,151,1675453202.5983727,48.08642624637492,-0.0255143167150011,False,True,False,False,100000,False,True,False,4.049255517033732,-0.4909103267550496,9.774198869468051,0.15568710165098057,True,Cruise
1,152,1675453202.6983352,48.169547548233176,-0.02440603269022434,False,True,False,False,100000,False,True,False,4.0540198037048985,-0.21057891751998856,9.77355081537877,0.12468554684086144,True,Cruise
1,153,1675453202.7983282,48.169547548233176,-0.02440603269022434,False,True,False,False,100000,False,True,False,4.047780243671954,-0.5982628599457173,9.773891993380692,0.17454744440547942,True,Cruise
1,154,1675453202.898328,48.169547548233176,-0.02440603269022434,False,True,False,False,100000,False,True,False,4.047780243671954,-0.5982628599457173,9.773891993380692,0.17454744440547942,True,Cruise
1,155,1675453202.9983125,49.866045925700625,-0.0017860543239916658,False,True,False,False,100000,False,True,False,4.043905247777806,-0.7500689195569573,9.773616197888503,0.15185575850465646,True,Cruise
1,156,1675453203.0983784,48.418590383817794,-0.0210854615490961,False,True,False,False,100000,False,True,False,4.054380304675463,-0.65578664202297,9.77212060090649,0.23160592108220157,True,Cruise
1,157,1675453203.1983519,48.47604427053303,-0.02031940972622622,False,True,False,False,100000,False,True,False,4.054380304675463,-0.65578664202297,9.77212060090649,0.23160592108220157,True,Cruise
1,158,1675453203.2982929,48.47604427053303,-0.02031940972622622,False,True,False,False,100000,False,True,False,4.063678295556431,-0.4190656702393992,9.771457160576466,0.144803569173318,True,Cruise
1,159,1675453203.3982744,48.610203279107544,-0.01853062294523274,False,True,False,False,100000,False,True,False,4.057289618610131,-0.6405263913590884,9.772168505834548,0.22155399387971578,True,Cruise
1,160,1675453203.498267,48.610203279107544,-0.01853062294523274,False,True,False,False,100000,False,True,False,4.057289618610131,-0.6405263913590884,9.772168505834548,0.11064723989969207,True,Cruise
1,161,1675453203.5983245,49.189738259524965,-0.010803489873000493,False,True,False,False,100000,False,True,False,4.04634280768494,-0.7172056451466798,9.772921109898617,0.03344260901801731,True,Cruise
1,162,1675453203.6983078,49.189738259524965,-0.010803489873000493,False,True,False,False,100000,False,True,False,4.048901415648022,-0.6498653165306796,9.772559351443766,0.02314310058408719,True,Cruise
1,163,1675453203.7982926,49.71555638685145,-0.003792581508647218,False,True,False,False,100000,False,True,False,4.057218306019281,-0.5126710089585149,9.771824106362528,0.060758764346116434,True,Cruise
1,164,1675453203.898462,49.71555638685145,-0.003792581508647218,False,True,False,False,100000,False,True,False,4.057218306019281,-0.5126710089585149,9.771824106362528,0.060758764346116434,True,Cruise
1,165,1675453203.998326,49.16081638549791,-0.011189114860027912,False,True,False,False,100000,False,True,False,4.057218306019281,-0.5126710089585149,9.771824106362528,0.060758764346116434,True,Cruise
1,166,1675453204.0983298,49.16081638549791,-0.011189114860027912,False,True,False,False,100000,False,True,False,4.0639665589686675,-0.30591783560278996,9.771845929062765,0.052118783967452925,True,Cruise
1,167,1675453204.1984272,49.879294702618914,0.0016094039650811332,False,True,False,False,100000,False,True,False,4.06040486796429,-0.3121648585002576,9.772622640645604,0.058445976833631404,True,Cruise
1,168,1675453204.2983253,49.99477172946793,6.971027376093887e-05,False,True,False,False,100000,False,True,False,4.058167980328734,-0.336726705132218,9.772998419674796,0.024666357374870464,True,Cruise
1,169,1675453204.3983154,49.99477172946793,6.971027376093887e-05,False,True,False,False,100000,False,True,False,4.060767364175953,-0.1696080657441576,9.772992666070794,0.18856829993479707,True,Cruise
1,170,1675453204.4982662,48.83864021058812,-0.015484797192158423,False,True,False,False,100000,False,True,False,4.2993506863348925,0.27953963531691245,9.764634616455245,0.5086506816806763,True,Cruise
1,171,1675453204.5983036,48.83864021058812,-0.015484797192158423,False,True,False,False,100000,False,True,False,4.320437014405186,0.16072642539477425,9.764194471404291,0.04613766449000773,True,Cruise
1,172,1675453204.698327,49.815040395091664,-0.0024661280654444833,False,True,False,False,100000,False,True,False,4.233403467228326,-0.09466966304562856,9.77355872056491,0.04613766449000773,True,Cruise
1,173,1675453204.7983246,49.815040395091664,-0.0024661280654444833,False,True,False,False,100000,False,True,False,4.159942155007774,-0.24619825852928579,9.780034454847334,0.1535137170423399,True,Cruise
1,174,1675453204.8983626,49.024726535943394,0.013003646187421454,False,True,False,False,100000,False,True,False,4.159942155007774,-0.24619825852928579,9.780034454847334,0.1535137170423399,True,Cruise
1,175,1675453204.9984455,49.024726535943394,0.013003646187421454,False,True,False,False,100000,False,True,False,4.055165530248985,-0.10229003374294189,9.785257670249266,0.08646960529590075,True,Cruise
1,176,1675453205.0983255,48.78282062460512,0.016229058338598404,False,True,False,False,100000,False,True,False,4.0436133275698065,0.009815063530144136,9.782840517100048,0.10233924584422523,True,Cruise
1,177,1675453205.1982899,48.78282062460512,0.016229058338598404,False,True,False,False,100000,False,True,False,4.061013027365239,0.11061928533862032,9.779827121576535,0.013869293988073168,True,Cruise
1,178,1675453205.298374,48.79167665361069,0.0161109779518574,False,True,False,False,100000,False,True,False,4.061052638904741,0.17960140758656895,9.777071749222655,0.056314458307949636,True,Cruise
1,179,1675453205.3983405,48.79167665361069,0.0161109779518574,False,True,False,False,100000,False,True,False,3.990043876573025,0.3453868754492756,9.774246427992722,0.08366239779101264,True,Cruise
1,180,1675453205.498308,48.380422136902865,-0.021594371507961865,False,True,False,False,100000,False,True,False,3.990043876573025,0.3453868754492756,9.774246427992722,0.11778559099292253,True,Cruise
1,181,1675453205.5984015,48.380422136902865,-0.021594371507961865,False,True,False,False,100000,False,True,False,4.0478501199034325,0.44800093392650586,9.772750205947267,0.11778559099292253,True,Cruise
1,182,1675453205.6983387,48.69317256051852,-0.017424365859753155,False,True,False,False,100000,False,True,False,4.021366842216358,-0.08080563356732774,9.771479683162395,0.07720169579136464,True,Cruise
1,183,1675453205.7983332,49.21928031085124,-0.010409595855316848,False,True,False,False,100000,False,True,False,4.044085808973745,-0.08474423162761763,9.763400611814832,0.0642323413805565,True,Cruise
1,184,1675453205.8982935,49.21928031085124,-0.010409595855316848,False,True,False,False,100000,False,True,False,4.074557024345185,-0.16052285667683228,9.760452600849238,0.08256008846383352,True,Cruise
1,185,1675453205.998475,49.27761628804882,-0.009631782826015726,False,True,False,False,100000,False,True,False,5.595916601660369,4.4481394759970225,12.190554854832252,7.338531120011917,True,Cruise
1,186,1675453206.0984461,49.428558258579216,-0.007619223218943797,False,True,False,False,100000,False,True,False,3.5005303389181703,-1.536897304676599,8.496948196932879,7.338531120011917,True,Cruise
1,187,1675453206.1983142,49.428558258579216,-0.007619223218943797,False,True,False,False,100000,False,True,False,4.1297134007051035,-0.5979788364467449,9.84531167333114,1.759409923726555,True,Cruise
1,188,1675453206.298298,49.428558258579216,-0.007619223218943797,False,True,False,False,100000,False,True,False,4.1297134007051035,-0.5979788364467449,9.84531167333114,0.23853698759977207,True,Cruise
1,189,1675453206.398407,48.73165195613502,0.016911307251533093,False,True,False,False,100000,False,True,False,4.036853446670882,-0.5978980951970679,9.837064433933193,0.06237611047832357,True,Cruise
1,190,1675453206.498307,49.34210128469261,0.008771982870765159,False,True,False,False,100000,False,True,False,4.075641535173969,-0.7020966240411288,9.83384963780262,0.11123032022407846,True,Cruise
1,191,1675453206.5983765,49.34210128469261,0.008771982870765159,False,True,False,False,100000,False,True,False,4.103076249514177,-0.4006296057215052,9.831212298224635,0.3027242676851374,True,Cruise
1,192,1675453206.698445,49.705333659291284,0.003928884542782883,False,True,False,True,100000,False,True,False,4.103076249514177,-0.4006296057215052,9.831212298224635,0.3027242676851374,True,Cruise
1,193,1675453206.7983463,49.705333659291284,0.003928884542782883,False,True,False,True,100000,False,True,False,4.0937659107766375,-0.19513078902542444,9.821221446581696,0.012165127755605704,True,Cruise
1,194,1675453206.898295,49.27458333547234,0.009672222193702106,False,True,False,True,100000,False,True,False,4.075313081265277,-0.15668004605420247,9.81250287695513,0.012165127755605704,True,Cruise
1,195,1675453206.9983206,49.0439709330842,0.012747054225543952,False,True,False,True,100000,False,True,False,4.068034891551969,-0.07482693825410493,9.807246248460428,0.06713269544598406,True,Cruise
1,196,1675453207.0983005,49.0439709330842,0.012747054225543952,False,True,False,True,100000,False,True,False,4.056410859344637,0.13230672298958196,9.795694357052183,0.14074841454379516,True,Cruise
1,197,1675453207.1982872,49.1116853742134,0.011844195010487958,False,True,False,True,100000,False,True,False,4.056410859344637,0.13230672298958196,9.795694357052183,0.14074841454379516,True,Cruise
1,198,1675453207.2982936,49.1116853742134,0.011844195010487958,False,True,False,True,100000,False,True,False,4.031766177250474,0.4732683640326542,9.763817156753209,0.3433341767392347,True,Cruise
1,199,1675453207.3983042,49.1116853742134,0.011844195010487958,False,True,False,True,100000,False,True,False,4.03422756375916,0.5921150804600187,9.764860031078108,0.050212418286410786,True,Cruise
1,200,1675453207.4982984,47.9274991724731,0.027633344367025362,False,True,False,True,100000,False,True,False,4.032426707136757,0.6446876746061664,9.760864025295117,0.05275498840913254,True,Cruise
1,201,1675453207.5983012,47.9274991724731,0.027633344367025362,False,True,False,True,100000,False,True,False,3.2546638696744092,1.017349507009858,9.824393214455872,0.5656818810542638,True,Cruise
1,202,1675453207.6984441,49.37260418624556,0.008365277516725856,False,True,False,True,100000,False,True,False,2.3827391911911846,1.5014963810015576,9.847823966492543,0.5656818810542638,True,Cruise
1,203,1675453207.7983866,49.37260418624556,0.008365277516725856,False,True,False,True,100000,False,True,False,2.7555881929948156,1.4185396849804333,9.801518328260457,0.5174905619717803,True,Cruise
1,204,1675453207.8982964,48.37305724620792,0.021692570050561116,False,True,False,True,100000,False,True,False,3.4850755057971927,0.9576549203907647,9.727688238827211,0.20343035640795618,True,Cruise
1,205,1675453207.9982884,48.37305724620792,0.021692570050561116,False,True,False,True,100000,False,True,False,3.6876197639532244,0.9613337678423765,9.709081802367786,1.2589938952843192,True,Cruise
1,206,1675453208.0984116,49.83219937936579,-0.0022373416084561543,False,True,False,True,100000,False,True,False,1.0020117723698114,1.2973651350764954,9.935335823136628,0.6013544848892751,True,Cruise
1,207,1675453208.1983447,49.83219937936579,-0.0022373416084561543,False,True,False,True,100000,False,True,False,1.0020117723698114,1.2973651350764954,9.935335823136628,0.6013544848892751,True,Cruise
1,208,1675453208.2984009,48.18308958791597,0.024225472161120403,False,True,False,True,100000,False,True,False,0.9200771772507929,0.6947594354700238,9.914050004181696,1.454598895772606,True,Cruise
1,209,1675453208.398425,48.18308958791597,0.024225472161120403,False,True,False,True,100000,False,True,False,-0.5343941609342212,0.9758425224670118,10.022632156852838,1.4853567447842828,True,Cruise
1,210,1675453208.4983845,49.223873897185435,0.010348348037527565,False,True,False,True,100000,False,True,False,-1.6853692028659597,1.1858010714782914,10.094268249496503,1.1721594896693626,True,Cruise
1,211,1675453208.5982668,49.71541368752405,0.0037944841663460015,False,True,False,True,100000,False,True,False,-0.41648518408359175,1.257962075297569,9.889791771673888,1.419505038393479,True,Cruise
1,212,1675453208.6982908,49.71541368752405,0.0037944841663460015,False,True,False,True,100000,False,True,False,1.929356520718196,0.8696875942895425,9.638695446601405,1.0103473050799407,True,Cruise
1,213,1675453208.7983873,49.2575848715829,-0.009898868378894655,False,True,False,True,100000,False,True,False,1.929356520718196,0.8696875942895425,9.638695446601405,1.0103473050799407,True,Cruise
1,214,1675453208.8982983,49.2575848715829,-0.009898868378894655,False,True,False,True,100000,False,True,False,3.005707990417698,0.7091671871160959,9.536841116062488,1.0930112497558926,True,Cruise
1,215,1675453208.998309,49.224407830755155,0.010341228923264546,False,True,False,True,100000,False,True,False,1.375718291869762,0.30557515949456715,9.69900260780699,0.7284712546507648,True,Cruise
1,216,1675453209.0983367,49.224407830755155,0.010341228923264546,False,True,False,True,100000,False,True,False,1.4905655893242982,0.35152823697194563,9.68625417923436,0.124354772700223,True,Cruise
1,217,1675453209.1984441,48.41419328109271,-0.021144089585430594,False,True,False,True,100000,False,True,False,1.3370332168426227,0.6831387528591258,9.708861515750517,0.427283041302206,True,Cruise
1,218,1675453209.2983484,48.41419328109271,-0.021144089585430594,False,True,False,True,100000,False,True,False,0.5876383418424413,0.5538963201833187,9.785633379068477,0.3786884401466239,True,Cruise
1,219,1675453209.3984249,48.41419328109271,-0.021144089585430594,False,True,False,True,100000,False,True,False,0.5876383418424413,0.5538963201833187,9.785633379068477,0.3786884401466239,True,Cruise
1,220,1675453209.4984562,49.66857998381755,0.0044189335490993405,False,True,False,True,100000,False,True,False,0.5876383418424413,0.5538963201833187,9.785633379068477,0.3786884401466239,True,Cruise
1,221,1675453209.598368,49.66857998381755,0.0044189335490993405,False,True,False,True,100000,False,True,False,-0.34981913696794364,-0.35237752505177816,9.838939554857243,1.3959380612840286,True,Cruise
1,222,1675453209.698382,49.21242026382063,0.010501063149058201,False,True,False,True,100000,False,True,False,2.095227958934383,0.060610128204494976,9.623958535426224,1.094550914771386,True,Cruise
1,223,1675453209.798363,49.72994204490631,-0.003600772734582585,False,True,False,True,100000,False,True,False,0.13250143956082233,-0.004417055278098497,9.847984214905605,1.151170490064473,True,Cruise
1,224,1675453209.90032,49.72994204490631,-0.003600772734582585,False,True,False,True,100000,False,True,False,-0.661888087956712,0.028155793769755705,9.918659638236882,0.798192161943276,True,Cruise
1,225,1675453210.0011349,49.72994204490631,-0.003600772734582585,False,True,False,True,100000,False,True,False,-0.661888087956712,0.028155793769755705,9.918659638236882,0.798192161943276,True,Cruise
1,226,1675453210.1002717,49.674984604965545,-0.004333538600459411,False,True,False,True,100000,False,True,False,1.9789918109615037,-0.46343963993001835,9.68446539288731,2.6964346191776296,True,Cruise
1,227,1675453210.2002609,49.79404650032754,0.0027460466622995306,False,True,False,True,100000,False,True,False,2.046994303431941,-0.1802461074142284,9.713994844024663,0.3930534130471156,True,Cruise
1,228,1675453210.3007438,49.577767488301575,-0.0056297668226457254,False,True,False,True,100000,False,True,False,1.1119714978031034,0.026581592794950915,9.828575348788549,0.4721409200959035,True,Cruise
1,229,1675453210.4010656,49.577767488301575,-0.0056297668226457254,False,True,False,True,100000,False,True,False,-0.08926726257731915,0.016321605104505515,9.94853327907557,1.2072571109032442,True,Cruise
1,230,1675453210.5014336,47.83820505111557,-0.02882393265179238,False,True,False,True,100000,False,True,False,-0.08926726257731915,0.016321605104505515,9.94853327907557,1.2072571109032442,True,Cruise
1,231,1675453210.5986311,47.83820505111557,-0.02882393265179238,False,True,False,True,100000,False,True,False,-0.4969591962741937,-0.15512216046258256,9.954216967366863,0.4423098256492976,True,Cruise
1,232,1675453210.6982915,48.874768916973025,-0.015003081107026297,False,True,False,True,100000,False,True,False,-1.9130580641417119,-0.3804406448845828,10.057074781037803,0.7828721947891473,True,Cruise
1,233,1675453210.7983115,48.874768916973025,-0.015003081107026297,False,True,False,True,100000,False,True,False,-2.4824079990746055,-0.6663001439323659,10.081427084405332,0.6375484579882881,True,Cruise
1,234,1675453210.8983548,49.17748686176959,-0.010966841843072143,False,True,False,True,100000,False,True,False,-2.895717333279774,-0.5765040686301101,10.086353507730626,0.42298015382236076,True,Cruise
1,235,1675453210.9983258,49.17748686176959,-0.010966841843072143,False,True,False,True,100000,False,True,False,-2.3688131206127485,-0.6489053886457017,9.964933640440698,0.3610406292519593,True,Cruise
1,236,1675453211.0983222,48.43909819941691,-0.02081202400777451,False,True,False,True,100000,False,True,False,-0.20342694846990386,-0.6041457132024374,9.704922014315228,2.1814001807952708,True,Cruise
1,237,1675453211.198304,49.81213000504581,0.002504933266055913,False,True,False,True,100000,False,True,False,-0.9503804001141176,-0.639201847604445,9.772557358514403,0.8739058915978413,True,Cruise
1,238,1675453211.298301,49.81213000504581,0.002504933266055913,False,True,False,True,100000,False,True,False,-2.799211887749142,-1.0072309426009203,9.88939043521164,0.05321001025173304,True,Cruise
1,239,1675453211.398447,49.019475470101774,-0.013073660398642975,False,True,False,True,100000,False,True,False,-1.2911861124198356,-0.8460635907682245,9.686541173627882,1.475033997514673,True,Cruise
1,240,1675453211.4983213,49.019475470101774,-0.013073660398642975,False,True,False,True,100000,False,True,False,1.2770877923672561,-0.6316410423920747,9.452151101101233,1.1129545571777824,True,Cruise
1,241,1675453211.5984344,49.86304729278344,0.0018260360962208163,False,True,False,True,100000,False,True,False,1.2770877923672561,-0.6316410423920747,9.452151101101233,1.1129545571777824,True,Cruise
1,242,1675453211.6983123,49.83455460127028,0.0022059386497296353,False,True,False,True,100000,False,True,False,0.273721223072927,-0.9874526671009223,9.602966434742086,1.0752170243800196,True,Cruise
1,243,1675453211.7983093,49.82934597214498,0.002275387038066956,False,True,False,True,100000,False,True,False,2.293708566490925,-0.5234080289721595,9.487416587258087,0.7306662154743427,True,Cruise
1,244,1675453211.8982995,48.86331371242758,0.015155817167632247,False,True,False,True,100000,False,True,False,2.8323621760695046,-0.3596808988670102,9.477706567388159,0.13650145364611826,True,Cruise
1,245,1675453211.9992366,48.86331371242758,0.015155817167632247,False,True,False,True,100000,False,True,False,1.2025580530040803,-0.31186087326707423,9.726757883721463,1.6682555978406992,True,Cruise
1,246,1675453212.0984366,49.61161138931913,-0.005178514809078336,False,True,False,True,100000,False,True,False,1.2025580530040803,-0.31186087326707423,9.726757883721463,1.6682555978406992,True,Cruise
1,247,1675453212.1983912,49.61161138931913,-0.005178514809078336,False,True,False,True,100000,False,True,False,-1.8005091113357208,0.18036474198869257,10.055259596859054,1.6054013433430672,True,Cruise
1,248,1675453212.298335,49.15144236290994,0.011314101827867464,False,True,False,True,100000,False,True,False,1.380782850502218,0.06605034510775362,9.778955882895994,0.4541196391140113,True,Cruise
1,249,1675453212.3984592,49.15144236290994,0.011314101827867464,False,True,False,True,100000,False,True,False,0.9409483014055428,-0.01950758850587504,9.852780377785768,0.4541196391140113,True,Cruise
1,250,1675453212.4983065,49.2841114394703,0.00954518080706263,False,True,False,True,100000,False,True,False,-0.4317084734704178,0.5322201999376547,9.995063054668199,0.24587292999970844,True,Cruise
1,251,1675453212.5982916,49.2841114394703,0.00954518080706263,False,True,False,True,100000,False,True,False,-0.4317084734704178,0.5322201999376547,9.995063054668199,0.24587292999970844,True,Cruise
1,252,1675453212.6983094,49.374650212874904,0.008337997161667911,False,True,False,True,100000,False,True,False,-0.4317084734704178,0.5322201999376547,9.995063054668199,0.24587292999970844,True,Cruise
1,253,1675453212.7983398,49.374650212874904,0.008337997161667911,False,True,False,True,100000,False,True,False,-0.4317084734704178,0.5322201999376547,9.995063054668199,1.1384668079220388,True,Cruise
1,254,1675453212.8983138,48.49574131021505,0.02005678253046598,False,True,False,True,100000,False,True,False,1.1903214129918012,0.5394808879491237,9.846596503551867,0.2090705299928326,True,Cruise
1,255,1675453212.9984608,48.49574131021505,0.02005678253046598,False,True,False,True,100000,False,True,False,0.9941692704723499,0.6076090812757441,9.870955747599321,0.2090705299928326,True,Cruise
1,256,1675453213.0983553,47.734058981206005,0.03021254691725322,False,True,False,True,100000,False,True,False,-1.4219294980487116,0.8317820374431573,10.077367781382327,0.8712694370170075,True,Cruise
1,257,1675453213.198295,47.734058981206005,0.03021254691725322,False,True,False,True,100000,False,True,False,-2.8459311613061526,0.9908737462042959,10.149186978539486,0.5660532661913098,True,Cruise
1,258,1675453213.2984376,49.954230482441545,-0.0006102602341127561,False,True,False,True,100000,False,True,False,-2.8459311613061526,0.9908737462042959,10.149186978539486,0.5660532661913098,True,Cruise
1,259,1675453213.3984628,49.954230482441545,-0.0006102602341127561,False,True,False,True,100000,False,True,False,-2.8459311613061526,0.9908737462042959,10.149186978539486,0.5660532661913098,True,Cruise
1,260,1675453213.4984205,49.954230482441545,-0.0006102602341127561,False,True,False,True,100000,False,True,False,-3.532900595832999,1.4342445325981426,10.084947391747923,0.20870034117773023,True,Cruise
1,261,1675453213.598379,49.954230482441545,-0.0006102602341127561,False,True,False,True,100000,False,True,False,-3.532900595832999,1.4342445325981426,10.084947391747923,0.20870034117773023,True,Cruise
1,262,1675453213.698363,48.04408015282844,0.026078931295620847,False,True,False,True,100000,False,True,False,-3.532900595832999,1.4342445325981426,10.084947391747923,1.9291680080930018,True,Cruise
1,263,1675453213.798407,48.04408015282844,0.026078931295620847,False,True,False,True,100000,False,True,False,-3.532900595832999,1.4342445325981426,10.084947391747923,1.9291680080930018,True,Cruise
1,264,1675453213.8984008,48.04408015282844,0.026078931295620847,False,True,False,True,100000,False,True,False,-3.532900595832999,1.4342445325981426,10.084947391747923,1.9291680080930018,True,Cruise
1,265,1675453213.998369,48.04408015282844,0.026078931295620847,False,True,False,True,100000,False,True,False,-3.532900595832999,1.4342445325981426,10.084947391747923,1.9291680080930018,True,Cruise
1,266,1675453214.0983915,48.04408015282844,0.026078931295620847,False,True,False,True,100000,False,True,False,-3.532900595832999,1.4342445325981426,10.084947391747923,1.9291680080930018,True,Cruise
1,267,1675453214.198414,48.04408015282844,0.026078931295620847,False,True,False,True,100000,False,True,False,-3.532900595832999,1.4342445325981426,10.084947391747923,1.9291680080930018,True,Cruise
1,268,1675453214.298318,48.04408015282844,0.026078931295620847,False,True,False,True,100000,False,True,False,1.2905170121645244,0.7560665363739745,9.55520398730565,1.2407716300164082,True,Cruise
1,269,1675453214.3983002,48.04408015282844,0.026078931295620847,False,True,False,True,100000,False,True,False,1.2905170121645244,0.7560665363739745,9.55520398730565,1.2407716300164082,True,Cruise
1,270,1675453214.4982946,47.35570112300352,0.03525731835995312,False,True,False,True,100000,False,True,False,1.2905170121645244,0.7560665363739745,9.55520398730565,1.2175059532771433,True,Cruise
1,271,1675453214.5982919,47.35570112300352,0.03525731835995312,False,True,False,True,100000,False,True,False,1.2905170121645244,0.7560665363739745,9.55520398730565,1.2175059532771433,True,Cruise
1,272,1675453214.6983008,47.35570112300352,0.03525731835995312,False,True,False,True,100000,False,True,False,-1.3321625520593303,1.0353699710374595,9.783066722592208,1.4638635556794368,True,Cruise
1,273,1675453214.7982967,47.35570112300352,0.03525731835995312,False,True,False,True,100000,False,True,False,-2.4903136440229723,1.212329395796797,9.865215015891513,1.1744687871202542,True,Cruise
1,274,1675453214.898297,47.35570112300352,0.03525731835995312,False,True,False,True,100000,False,True,False,-2.4903136440229723,1.212329395796797,9.865215015891513,1.1744687871202542,True,Cruise
1,275,1675453214.9983208,48.06290050516904,0.025827993264412857,False,True,False,True,100000,False,True,False,-2.4903136440229723,1.212329395796797,9.865215015891513,1.1744687871202542,True,Cruise
1,276,1675453215.0982823,48.06290050516904,0.025827993264412857,False,True,False,True,100000,False,True,False,-2.4903136440229723,1.212329395796797,9.865215015891513,1.1744687871202542,True,Cruise
1,277,1675453215.198299,48.06290050516904,0.025827993264412857,False,True,False,True,100000,False,True,False,-2.4903136440229723,1.212329395796797,9.865215015891513,1.1744687871202542,True,Cruise
1,278,1675453215.2983704,48.06290050516904,0.025827993264412857,False,True,False,True,100000,False,True,False,-2.4903136440229723,1.212329395796797,9.865215015891513,1.1744687871202542,True,Cruise
1,279,1675453215.3983064,49.40951954732377,0.007873072702349812,False,True,False,True,100000,False,True,False,-3.972682610745661,1.384585281949705,9.908946305792185,1.05388624785122,True,Cruise
1,280,1675453215.4983063,49.40951954732377,0.007873072702349812,False,True,False,True,100000,False,True,False,-3.972682610745661,1.384585281949705,9.908946305792185,1.05388624785122,True,Cruise
1,281,1675453215.5984318,49.40951954732377,0.007873072702349812,False,True,False,True,100000,False,True,False,-2.9482453343085826,1.5950102697378463,9.778847056868662,1.05388624785122,True,Cruise
1,282,1675453215.6982882,49.40951954732377,0.007873072702349812,False,True,False,True,100000,False,True,False,-0.7558512990737777,1.2849121037493347,9.557365109494915,0.8289315897509161,True,Cruise
1,283,1675453215.7982984,49.40951954732377,0.007873072702349812,False,True,False,True,100000,False,True,False,-0.7558512990737777,1.2849121037493347,9.557365109494915,0.8289315897509161,True,Cruise
1,284,1675453215.898352,48.07715444651165,0.02563794071317802,False,True,False,True,100000,False,True,False,0.5104269497554754,1.2720423688595828,9.440316045206153,1.2717416077903116,True,Cruise
1,285,1675453215.9983132,48.07715444651165,0.02563794071317802,False,True,False,True,100000,False,True,False,0.5104269497554754,1.2720423688595828,9.440316045206153,1.2717416077903116,True,Cruise
1,286,1675453216.0982735,48.07715444651165,0.02563794071317802,False,True,False,True,100000,False,True,False,1.4968091360416733,1.0467605893778242,9.368168714330716,1.0143504990592045,True,Cruise
1,287,1675453216.1982863,48.07715444651165,0.02563794071317802,False,True,False,True,100000,False,True,False,1.4968091360416733,1.0467605893778242,9.368168714330716,1.0143504990592045,True,Cruise
1,288,1675453216.2982876,49.06648569765455,0.012446857364605985,False,True,False,True,100000,False,True,False,0.5513827588597802,0.8638197335852245,9.490168776111556,0.9706608091727702,True,Cruise
1,289,1675453216.398287,49.06648569765455,0.012446857364605985,False,True,False,True,100000,False,True,False,0.5513827588597802,0.8638197335852245,9.490168776111556,0.9706608091727702,True,Cruise
1,290,1675453216.498321,49.06648569765455,0.012446857364605985,False,True,False,True,100000,False,True,False,0.5513827588597802,0.8638197335852245,9.490168776111556,0.9706608091727702,True,Cruise
1,291,1675453216.5983572,49.06648569765455,0.012446857364605985,False,True,False,True,100000,False,True,False,0.5513827588597802,0.8638197335852245,9.490168776111556,0.9749824332966455,True,Cruise
1,292,1675453216.6983688,49.06648569765455,0.012446857364605985,False,True,False,True,100000,False,True,False,-0.228334712290912,1.4394342670231501,9.596467032515207,1.2318788201850213,True,Cruise
1,293,1675453216.7984278,48.607647502611144,0.01856469996518473,False,True,False,True,100000,False,True,False,-0.228334712290912,1.4394342670231501,9.596467032515207,1.2318788201850213,True,Cruise
1,294,1675453216.898356,48.607647502611144,0.01856469996518473,False,True,False,True,100000,False,True,False,-0.228334712290912,1.4394342670231501,9.596467032515207,1.2318788201850213,True,Cruise
1,295,1675453216.9983623,48.607647502611144,0.01856469996518473,False,True,False,True,100000,False,True,False,2.712600520258049,1.0465100135959875,9.439222570474783,0.725640418618431,True,Cruise
1,296,1675453217.0983994,48.607647502611144,0.01856469996518473,False,True,False,True,100000,False,True,False,2.712600520258049,1.0465100135959875,9.439222570474783,0.725640418618431,True,Cruise
1,297,1675453217.1984074,49.07888878345868,0.012281482887217601,False,True,False,True,100000,False,True,False,1.9213958973006495,0.8802186215895916,9.568970769166787,0.8188358672581494,True,Cruise
1,298,1675453217.2984865,49.07888878345868,0.012281482887217601,False,True,False,True,100000,False,True,False,1.9213958973006495,0.8802186215895916,9.568970769166787,0.8188358672581494,True,Cruise
1,299,1675453217.3983831,49.07888878345868,0.012281482887217601,False,True,False,True,100000,False,True,False,1.9213958973006495,0.8802186215895916,9.568970769166787,0.8188358672581494,True,Cruise
1,300,1675453217.498393,49.07888878345868,0.012281482887217601,False,True,False,True,100000,False,True,False,1.3360351323017392,1.0590209747413237,9.662245526529999,0.6191265517274092,True,Cruise
1,301,1675453217.5983515,48.94513784463225,-0.014064828738236727,False,True,False,True,100000,False,True,False,0.926515538420681,1.068090842035243,9.73906020853455,0.4167601896015219,True,Cruise
1,302,1675453217.6983342,48.94513784463225,-0.014064828738236727,False,True,False,True,100000,False,True,False,0.926515538420681,1.068090842035243,9.73906020853455,0.4167601896015219,True,Cruise
1,303,1675453217.7983608,48.94513784463225,-0.014064828738236727,False,True,False,True,100000,False,True,False,0.926515538420681,1.068090842035243,9.73906020853455,0.4167601896015219,True,Cruise
1,304,1675453217.8983512,48.94513784463225,-0.014064828738236727,False,True,False,True,100000,False,True,False,0.926515538420681,1.068090842035243,9.73906020853455,0.4167601896015219,True,Cruise
1,305,1675453217.9983513,48.94513784463225,-0.014064828738236727,False,True,False,True,100000,False,True,False,2.21204876840227,0.9145785173056801,9.747917640800276,1.2946969426615302,True,Cruise
1,306,1675453218.0983582,48.94513784463225,-0.014064828738236727,False,True,False,True,100000,False,True,False,2.21204876840227,0.9145785173056801,9.747917640800276,1.2946969426615302,True,Cruise
1,307,1675453218.198355,49.92696938537725,-0.0009737415283033661,False,True,False,True,100000,False,True,False,2.21204876840227,0.9145785173056801,9.747917640800276,0.6101528824547087,True,Cruise
1,308,1675453218.2983582,49.92696938537725,-0.0009737415283033661,False,True,False,True,100000,False,True,False,1.817925837254073,0.3375247743263692,9.853617227984385,0.13009910885239162,True,Cruise
1,309,1675453218.3983657,49.92696938537725,-0.0009737415283033661,False,True,False,True,100000,False,True,False,1.817925837254073,0.3375247743263692,9.853617227984385,0.13009910885239162,True,Cruise
1,310,1675453218.4983413,49.691467362974876,-0.004113768493668257,False,True,False,True,100000,False,True,False,1.3064390739648042,0.361416499170034,9.95889335672627,0.2435321719768246,True,Cruise
1,311,1675453218.5983484,49.691467362974876,-0.004113768493668257,False,True,False,True,100000,False,True,False,1.3064390739648042,0.361416499170034,9.95889335672627,0.2435321719768246,True,Cruise
1,312,1675453218.6983614,49.691467362974876,-0.004113768493668257,False,True,False,True,100000,False,True,False,1.3064390739648042,0.361416499170034,9.95889335672627,0.2435321719768246,True,Cruise
1,313,1675453218.798537,49.691467362974876,-0.004113768493668257,False,True,False,True,100000,False,True,False,1.3064390739648042,0.361416499170034,9.95889335672627,0.8378984324194674,True,Cruise
1,314,1675453218.8983986,48.440236709195425,0.02079684387739436,False,True,False,True,100000,False,True,False,2.9197137016910433,0.18970718855377938,9.849145490815054,0.7964858189803657,True,Cruise
1,315,1675453218.9984202,48.440236709195425,0.02079684387739436,False,True,False,True,100000,False,True,False,2.9197137016910433,0.18970718855377938,9.849145490815054,0.7964858189803657,True,Cruise
1,316,1675453219.0983975,48.440236709195425,0.02079684387739436,False,True,False,True,100000,False,True,False,2.9197137016910433,0.18970718855377938,9.849145490815054,0.7964858189803657,True,Cruise
1,317,1675453219.1983619,48.440236709195425,0.02079684387739436,False,True,False,True,100000,False,True,False,2.9197137016910433,0.18970718855377938,9.849145490815054,0.7964858189803657,True,Cruise
1,318,1675453219.2983592,48.440236709195425,0.02079684387739436,False,True,False,True,100000,False,True,False,2.139860426592416,-0.25886500556213676,10.0048291849034,0.9130309724324885,True,Cruise
1,319,1675453219.3983974,48.440236709195425,0.02079684387739436,False,True,False,True,100000,False,True,False,2.139860426592416,-0.25886500556213676,10.0048291849034,0.9130309724324885,True,Cruise
1,320,1675453219.498358,49.949693401859285,0.0006707546418761776,False,True,False,True,100000,False,True,False,-0.8986606563376291,-0.25518250672703496,10.272042616940864,1.3453722093161802,True,Cruise
1,321,1675453219.598345,49.949693401859285,0.0006707546418761776,False,True,False,True,100000,False,True,False,-0.8986606563376291,-0.25518250672703496,10.272042616940864,1.3453722093161802,True,Cruise
1,322,1675453219.6983593,49.949693401859285,0.0006707546418761776,False,True,False,True,100000,False,True,False,-1.78250523275605,-0.09039676353573244,10.32782744227907,0.90080382057437,True,Cruise
1,323,1675453219.7983544,49.47189205169698,-0.00704143931070684,False,True,False,True,100000,False,True,False,-1.78250523275605,-0.09039676353573244,10.32782744227907,0.90080382057437,True,Cruise
1,324,1675453219.898346,49.47189205169698,-0.00704143931070684,False,True,False,True,100000,False,True,False,-1.979277707664143,0.00969756561141253,10.308456399849897,0.90080382057437,True,Cruise
1,325,1675453219.998347,49.47189205169698,-0.00704143931070684,False,True,False,True,100000,False,True,False,-1.979277707664143,0.00969756561141253,10.308456399849897,0.90080382057437,True,Cruise
1,326,1675453220.0983784,49.47189205169698,-0.00704143931070684,False,True,False,True,100000,False,True,False,-1.979277707664143,0.00969756561141253,10.308456399849897,0.90080382057437,True,Cruise
1,327,1675453220.1983757,49.47189205169698,-0.00704143931070684,False,True,False,True,100000,False,True,False,1.192799007705852,-0.25860722290066546,9.945233480661285,1.575514396138814,True,Cruise
1,328,1675453220.2983327,49.98057164551058,0.00025904472652559895,False,True,True,False,100000,False,True,False,1.192799007705852,-0.25860722290066546,9.945233480661285,1.575514396138814,True,Cruise
1,329,1675453220.3983529,49.98057164551058,0.00025904472652559895,False,True,True,False,100000,False,True,False,1.192799007705852,-0.25860722290066546,9.945233480661285,1.575514396138814,True,Cruise
1,330,1675453220.4984205,49.98057164551058,0.00025904472652559895,False,True,True,False,100000,False,True,False,1.192799007705852,-0.25860722290066546,9.945233480661285,1.575514396138814,True,Cruise
1,331,1675453220.5983868,49.98057164551058,0.00025904472652559895,False,True,True,False,100000,False,True,False,2.6389949330796565,-0.29020184257311665,9.77213325903174,1.4568612017924834,True,Cruise
1,332,1675453220.6984136,49.98057164551058,0.00025904472652559895,False,True,True,False,100000,False,True,False,2.6389949330796565,-0.29020184257311665,9.77213325903174,1.4568612017924834,True,Cruise
1,333,1675453220.798393,49.53382651242165,-0.006215646501044698,False,True,True,False,100000,False,True,False,2.942912999742677,-0.2356205558542837,9.716810090089941,0.1908094873447078,True,Cruise
1,334,1675453220.8983562,49.53382651242165,-0.006215646501044698,False,True,True,False,100000,False,True,False,3.0037309596173016,-0.13034143280908636,9.704825548054028,0.1908094873447078,True,Cruise
1,335,1675453220.9983585,49.53382651242165,-0.006215646501044698,False,True,True,False,100000,False,True,False,3.0037309596173016,-0.13034143280908636,9.704825548054028,1.871654584498419,True,Cruise
1,336,1675453221.0983949,48.44224323180216,0.020770090242637932,False,True,True,False,100000,False,True,False,3.0037309596173016,-0.13034143280908636,9.704825548054028,1.871654584498419,True,Cruise
1,337,1675453221.1983628,48.44224323180216,0.020770090242637932,False,True,True,False,100000,False,True,False,-0.5657731198208944,-0.07151397744292601,10.012308446759652,1.711675941337792,True,Cruise
1,338,1675453221.29835,48.44224323180216,0.020770090242637932,False,True,True,False,100000,False,True,False,-0.5657731198208944,-0.07151397744292601,10.012308446759652,1.711675941337792,True,Cruise
1,339,1675453221.3983345,48.44224323180216,0.020770090242637932,False,True,True,False,100000,False,True,False,-0.5657731198208944,-0.07151397744292601,10.012308446759652,1.711675941337792,True,Cruise
1,340,1675453221.4982836,48.44224323180216,0.020770090242637932,False,True,True,False,100000,False,True,False,-1.8076969682719393,-0.23527308894991722,10.09265995793113,1.2552482851215345,True,Cruise
1,341,1675453221.5982852,48.44224323180216,0.020770090242637932,False,True,True,True,100000,False,True,False,-1.8076969682719393,-0.23527308894991722,10.09265995793113,1.2552482851215345,True,Cruise
1,342,1675453221.6982932,48.44224323180216,0.020770090242637932,False,True,True,True,100000,False,True,False,-3.257095367121803,0.46074775649484845,10.089635966344703,1.6078587874584351,True,Cruise
1,343,1675453221.7983072,48.63223044731912,0.01823692736907845,False,True,True,True,100000,False,True,False,-3.257095367121803,0.46074775649484845,10.089635966344703,1.6078587874584351,True,Cruise
1,344,1675453221.898287,48.63223044731912,0.01823692736907845,False,True,True,True,100000,False,True,False,-3.257095367121803,0.46074775649484845,10.089635966344703,1.6078587874584351,True,Cruise
1,345,1675453221.9982882,48.63223044731912,0.01823692736907845,False,True,True,True,100000,False,True,False,-2.624303734873042,0.7330008987251703,9.926087906417035,0.7943976293658631,True,Cruise
1,346,1675453222.0982904,48.227393546920894,-0.02363475270772141,False,True,True,True,100000,False,True,False,-2.624303734873042,0.7330008987251703,9.926087906417035,0.7943976293658631,True,Cruise
1,347,1675453222.198315,48.227393546920894,-0.02363475270772141,False,True,True,True,100000,False,True,False,-2.411590154853192,0.7477397377929972,9.867848955464757,0.22103410576187155,True,Cruise
1,348,1675453222.2982926,48.06497768755883,-0.025800297499215617,False,True,True,True,100000,False,True,False,-2.7600633569191095,0.6522416445173974,9.860286569492407,0.22103410576187155,True,Cruise
1,349,1675453222.3982866,48.06497768755883,-0.025800297499215617,False,True,True,True,100000,False,True,False,-2.7600633569191095,0.6522416445173974,9.860286569492407,0.22103410576187155,True,Cruise
1,350,1675453222.4982967,48.06497768755883,-0.025800297499215617,False,True,True,True,100000,False,True,False,-2.7600633569191095,0.6522416445173974,9.860286569492407,0.07139882828176847,True,Cruise
1,351,1675453222.5983577,48.06497768755883,-0.025800297499215617,False,True,True,True,100000,False,True,False,-2.732233751544879,0.6975389282238507,9.81262671391624,0.07139882828176847,True,Cruise
1,352,1675453222.6982841,48.06497768755883,-0.025800297499215617,False,True,True,True,100000,False,True,False,-3.1154953585244853,0.25268034771647485,9.812284345210163,0.5871871364837264,True,Cruise
1,353,1675453222.7983203,48.06497768755883,-0.025800297499215617,False,True,True,True,100000,False,True,False,-3.1154953585244853,0.25268034771647485,9.812284345210163,0.5871871364837264,True,Cruise
1,354,1675453222.8982904,46.38720278774763,-0.04817062949669821,False,True,True,True,100000,False,True,False,-3.1154953585244853,0.25268034771647485,9.812284345210163,0.5871871364837264,True,Cruise
1,355,1675453222.9982743,46.38720278774763,-0.04817062949669821,False,True,True,True,100000,False,True,False,-2.8437475117606295,-0.17172783850607592,9.686537286741745,0.5194049705836162,True,Cruise
1,356,1675453223.0982907,46.38720278774763,-0.04817062949669821,False,True,True,True,100000,False,True,False,-2.8437475117606295,-0.17172783850607592,9.686537286741745,0.5194049705836162,True,Cruise
1,357,1675453223.1983342,46.38720278774763,-0.04817062949669821,False,True,True,True,100000,False,True,False,-2.8437475117606295,-0.17172783850607592,9.686537286741745,0.5194049705836162,True,Cruise
1,358,1675453223.2983365,46.38720278774763,-0.04817062949669821,False,True,True,True,100000,False,True,False,-3.2887812528855487,-0.0038671752505260813,9.705185427290422,0.4760041871183046,True,Cruise
1,359,1675453223.398338,45.22112306386686,-0.06371835914844186,False,True,True,True,100000,False,True,False,-3.2887812528855487,-0.0038671752505260813,9.705185427290422,0.4760041871183046,True,Cruise
1,360,1675453223.4983578,45.22112306386686,-0.06371835914844186,False,True,True,True,100000,False,True,False,-3.7283495590900566,-0.37278016281454324,9.71909344118553,0.4760041871183046,True,Cruise
1,361,1675453223.59835,45.22112306386686,-0.06371835914844186,False,True,True,True,100000,False,True,False,-3.7283495590900566,-0.37278016281454324,9.71909344118553,0.4760041871183046,True,Cruise
1,362,1675453223.698354,45.22112306386686,-0.06371835914844186,False,True,True,True,100000,False,True,False,-4.067716523696362,-0.7404953492150096,9.724500372372127,0.5004134589321948,True,Cruise
1,363,1675453223.798354,45.22112306386686,-0.06371835914844186,False,True,True,True,100000,False,True,False,-4.424229183123914,-1.2156248584649738,9.710651502432144,0.238147297409988,True,Cruise
1,364,1675453223.8983524,46.438157980097905,-0.04749122693202795,False,True,True,True,100000,False,True,False,-4.424229183123914,-1.2156248584649738,9.710651502432144,0.238147297409988,True,Cruise
1,365,1675453223.998341,46.438157980097905,-0.04749122693202795,False,True,True,True,100000,False,True,False,-4.424229183123914,-1.2156248584649738,9.710651502432144,0.238147297409988,True,Cruise
1,366,1675453224.098353,46.438157980097905,-0.04749122693202795,False,True,True,True,100000,False,True,False,-4.499787493110314,-1.68498341034095,9.697570464443404,0.4755813515918988,True,Cruise
1,367,1675453224.1983538,46.438157980097905,-0.04749122693202795,False,True,True,True,100000,False,True,False,-4.499787493110314,-1.68498341034095,9.697570464443404,0.4755813515918988,True,Cruise
1,368,1675453224.298361,46.124025603716504,-0.05167965861711323,False,True,True,True,100000,False,True,False,-4.499787493110314,-1.68498341034095,9.697570464443404,0.4755813515918988,True,Cruise
1,369,1675453224.398371,46.124025603716504,-0.05167965861711323,False,True,True,True,100000,False,True,False,-4.523489041735613,-2.4550273460286567,9.656642977036961,0.4755813515918988,True,Cruise
1,370,1675453224.4983232,46.124025603716504,-0.05167965861711323,False,True,True,True,100000,False,True,False,-4.523489041735613,-2.4550273460286567,9.656642977036961,0.7714949679175198,True,Cruise
1,371,1675453224.598289,45.699194509661886,-0.057344073204508225,False,True,True,True,100000,False,True,False,-4.502579488410278,-2.5210978572881464,9.647175108154558,0.06994399487825773,True,Cruise
1,372,1675453224.6982865,45.699194509661886,-0.057344073204508225,False,True,True,True,100000,False,True,False,-4.502579488410278,-2.5210978572881464,9.647175108154558,0.06994399487825773,True,Cruise
1,373,1675453224.7982802,45.699194509661886,-0.057344073204508225,False,True,True,True,100000,False,True,False,-4.502579488410278,-2.5210978572881464,9.647175108154558,0.22366129082740863,True,Cruise
