repetition,iteration,time,speed,steering,obstacle_North,obstacle_NorthWest,obstacle_SouthWest,obstacle_West,obstacle_distance,follow_enable,steady_motion_enable,passing_start,accel_x,accel_y,accel_z,accel_diff,success,action
1,1,1675453300.7128003,0.0,0.0,False,True,False,True,100000,False,True,False,0.046200144586572636,-6.193729892002305e-14,9.796911528018928,0.00040705548595946226,True,
1,2,1675453300.7129128,0.0,0.0,False,True,False,True,100000,False,True,False,0.046200144586572636,-6.193729892002305e-14,9.796911528018928,0.00040705548595946226,True,
1,3,1675453300.813219,49.794642376015396,-0.0027381016531280375,False,True,False,True,100000,False,True,False,0.0457224849895485,-8.658720809094765e-13,9.797063754014783,0.0005013296764039221,True,Cruise
1,4,1675453300.9131756,49.86998662164236,-0.0017335117114351648,False,True,False,True,100000,False,True,False,0.04462768621383502,2.37855351129362e-14,9.797971240481177,0.0006450674008535331,True,Cruise
1,5,1675453301.0131497,49.86998662164236,-0.0017335117114351648,False,True,False,True,100000,False,True,False,1.0303704923643229,0.00829580068440732,9.70376201076753,0.9902691952947299,True,Cruise
1,6,1675453301.1133125,49.88364738057174,-0.001551368259043452,False,True,False,True,100000,False,True,False,3.058444372714116,-0.002624344469625317,9.570846563307905,0.4455966058646443,True,Cruise
1,7,1675453301.214883,49.724576839493885,-0.003672308806748248,False,True,False,True,100000,False,True,False,3.3293725601342743,-0.002013799244073252,9.572402986441672,0.27093334596763113,True,Cruise
1,8,1675453301.3132172,49.724576839493885,-0.003672308806748248,False,True,False,True,100000,False,True,False,3.6945274941411923,-0.0034927193110429557,9.631477650084749,0.09638376996602294,True,Cruise
1,9,1675453301.4130933,49.9571781857002,0.0005709575239973238,False,True,False,True,100000,False,True,False,3.6945274941411923,-0.0034927193110429557,9.631477650084749,0.09842856943411378,True,Cruise
1,10,1675453301.5133388,49.9571781857002,0.0005709575239973238,False,True,False,True,100000,False,True,False,3.8936806128761385,-0.00557352161998752,9.679952720326204,0.1065820098924698,True,Cruise
1,11,1675453301.613152,49.83475749959197,-0.0022032333387737597,False,True,False,True,100000,False,True,False,4.225978845908344,0.007078999007468395,9.748284918955122,0.3394871003794045,True,Cruise
1,12,1675453301.713137,49.83475749959197,-0.0022032333387737597,False,True,False,True,100000,False,True,False,4.326428221113083,0.005978451336804275,9.770084150581143,0.09146675605077528,True,Cruise
1,13,1675453301.8131437,49.82528073864073,-0.002329590151456965,False,True,False,True,100000,False,True,False,4.415212642605558,0.011534762604903714,9.791359050528985,0.09146675605077528,True,Cruise
1,14,1675453301.9131806,49.697676077349136,-0.004030985635344864,False,True,False,True,100000,False,True,False,4.5517923934128115,-0.007380378372397124,9.831520503833657,0.06444422371465748,True,Cruise
1,15,1675453302.0133584,49.697676077349136,-0.004030985635344864,False,True,False,True,100000,False,True,False,4.632916364066891,-0.0013421839228172875,9.866668035051223,0.03820917750288609,True,Cruise
1,16,1675453302.113171,49.51937806463331,-0.006408292471555877,False,True,False,False,100000,False,True,False,4.632916364066891,-0.0013421839228172875,9.866668035051223,0.04258145314283828,True,Cruise
1,17,1675453302.213517,49.62756153358944,0.004965846218807426,False,True,False,False,100000,False,True,False,4.662794778216947,-0.009435195799262403,9.905542184981634,0.010903173461010461,True,Cruise
1,18,1675453302.313136,49.62756153358944,0.004965846218807426,False,True,False,False,100000,False,True,False,4.632813357621066,-0.0017186600996771338,9.920334424151891,0.029493823841239216,True,Cruise
1,19,1675453302.413359,49.62756153358944,0.004965846218807426,False,True,False,False,100000,False,True,False,4.572567910811259,-0.048830996709710896,9.92572228864992,0.029493823841239216,True,Cruise
1,20,1675453302.5137522,49.59579002272824,-0.005389466363623501,False,True,False,False,100000,False,True,False,4.533850253902825,0.006301298867018156,9.92496297266798,0.06737361154635707,True,Cruise
1,21,1675453302.6131682,49.45909566988742,0.007212057734834461,False,True,False,False,100000,False,True,False,4.490730820618741,0.023507847004767986,9.922034614906194,0.09967814279733343,True,Cruise
1,22,1675453302.7130773,49.45909566988742,0.007212057734834461,False,True,False,False,100000,False,True,False,4.345366303195961,-0.02305714318814642,9.901674514714156,0.054514988398039324,True,Cruise
1,23,1675453302.813108,49.92995755661745,0.0009338992451006839,False,True,False,False,100000,False,True,False,4.29491457995657,-0.060127176968315675,9.891630662248495,0.08519476173859368,True,Cruise
1,24,1675453302.9130938,49.92995755661745,0.0009338992451006839,False,True,False,False,100000,False,True,False,4.149331682286245,0.021584978159656387,9.854778307925722,0.056762874008346516,True,Cruise
1,25,1675453303.013101,49.81046831843857,-0.0025270890874857298,False,True,False,False,100000,False,True,False,4.104917832632956,0.00695794736637703,9.841051400909588,0.04873364389292189,True,Cruise
1,26,1675453303.1131356,49.81046831843857,-0.0025270890874857298,False,True,False,False,100000,False,True,False,4.063482725902378,0.012569669950844894,9.827000274773399,0.044111151037289145,True,Cruise
1,27,1675453303.2132096,49.6830015657521,0.004226645789971972,False,True,False,False,100000,False,True,False,3.9606673577124827,-0.007993991372158041,9.785182677389097,0.11288301711961125,True,Cruise
1,28,1675453303.3131042,49.87391011803759,0.0016811984261653648,False,True,False,False,100000,False,True,False,3.9343299028113363,-0.005943179112668127,9.77205431915049,0.03128311504824914,True,Cruise
1,29,1675453303.413241,49.87391011803759,0.0016811984261653648,False,True,False,False,100000,False,True,False,3.912146440856739,-0.02417536312182971,9.759640022187432,0.04221497318253706,True,Cruise
1,30,1675453303.5130906,49.26149865623087,0.009846684583588332,False,True,False,False,100000,False,True,False,3.8801704313680045,0.03208359625498444,9.737556676284928,0.026470965326278684,True,Cruise
1,31,1675453303.613137,49.26149865623087,0.009846684583588332,False,True,False,False,100000,False,True,False,3.863899370579045,0.01028918277808053,9.719920664392799,0.013198373910857217,True,Cruise
1,32,1675453303.7130792,49.758088047680125,0.003225492697598311,False,True,False,False,100000,False,True,False,3.861729827835707,0.02879774545090912,9.707338754456504,0.022485067613289833,True,Cruise
1,33,1675453303.8130567,49.758088047680125,0.0031606141886419,False,True,False,False,100000,False,True,False,3.880144404500525,0.03057187746557968,9.69832685440532,0.0397098865659911,True,Cruise
1,34,1675453303.9131653,49.762953935851854,0.0031606141886419,False,True,False,False,100000,False,True,False,3.880144404500525,0.03057187746557968,9.69832685440532,0.01913669744361541,True,Cruise
1,35,1675453304.0131724,49.762953935851854,0.0031606141886419,False,True,False,False,100000,False,True,False,3.9032802673715326,0.013083048980298786,9.698585721760374,0.012533044955265624,True,Cruise
1,36,1675453304.113074,49.762953935851854,0.0031606141886419,False,True,False,False,100000,False,True,False,3.9317649568555177,0.01842987483075293,9.703260342641402,0.015279106218311704,True,Cruise
1,37,1675453304.2130687,49.762953935851854,0.0031606141886419,False,True,False,False,100000,False,True,False,3.9630672811957304,0.019870495685892667,9.71157003647028,0.03241854267356597,True,Cruise
1,38,1675453304.313166,49.76177135779075,0.0031763818961233967,False,True,False,False,100000,False,True,False,3.994902736318102,0.017513282352634822,9.722595239359963,0.016844231735438288,True,Cruise
1,39,1675453304.413142,49.76177135779075,0.0031763818961233967,False,True,False,False,100000,False,True,False,4.010392412706139,0.01598358506741953,9.728819656407982,0.0163554166668116,True,Cruise
1,40,1675453304.5132575,49.76177135779075,0.0031763818961233967,False,True,False,False,100000,False,True,False,4.039469893352122,0.013225987220388914,9.74207524030797,0.0163554166668116,True,Cruise
1,41,1675453304.613088,49.76177135779075,0.0031763818961233967,False,True,False,False,100000,False,True,False,4.064929271723183,0.011087607470806567,9.755620068652401,0.013988629298032315,True,Cruise
1,42,1675453304.7132037,49.20692496304008,0.010574333826132305,False,True,False,False,100000,False,True,False,4.064929271723183,0.011087607470806567,9.755620068652401,0.013988629298032315,True,Cruise
1,43,1675453304.8130836,49.20692496304008,0.010574333826132305,False,True,False,False,100000,False,True,False,4.09444084238079,0.009028890623907902,9.77464010677309,0.035170057831158806,True,Cruise
1,44,1675453304.9130826,49.20692496304008,0.010574333826132305,False,True,False,False,100000,False,True,False,4.101717128324764,-0.012549912789453922,9.780285031522729,0.04607687359968185,True,Cruise
1,45,1675453305.013082,49.20692496304008,0.010574333826132305,False,True,False,False,100000,False,True,False,4.112023179810908,0.05299796847034827,9.790168354776371,0.02115826114764358,True,Cruise
1,46,1675453305.1132278,49.725662388270415,0.003657834823061155,False,True,False,False,100000,False,True,False,4.118650461107719,0.05631143950354982,9.800720912029698,0.0031247240622244744,True,Cruise
1,47,1675453305.213253,49.725662388270415,0.003657834823061155,False,True,False,False,100000,False,True,False,4.118300079479164,0.03645106516364992,9.804665445173717,0.02025133521353204,True,Cruise
1,48,1675453305.313214,49.725662388270415,0.003657834823061155,False,True,False,False,100000,False,True,False,4.116857329250693,0.019635631891375887,9.805736185624685,0.0027303424100015017,True,Cruise
1,49,1675453305.4132214,49.76813270780906,0.0030915638958792257,False,True,False,False,100000,False,True,False,4.107631513124994,0.02355020334267634,9.805699519040457,0.004360753660257197,True,Cruise
1,50,1675453305.5131154,49.76813270780906,0.0030915638958792257,False,True,False,False,100000,False,True,False,4.098796649078837,0.023328829367521935,9.803300086977023,0.004812118655450579,True,Cruise
1,51,1675453305.6130784,49.76813270780906,0.0030915638958792257,False,True,False,False,100000,False,True,False,4.098796649078837,0.023328829367521935,9.803300086977023,0.004812118655450579,True,Cruise
1,52,1675453305.7131505,49.76813270780906,0.0030915638958792257,False,True,False,False,100000,False,True,False,4.083918418049141,0.009059849584611297,9.797053696330279,0.013502393647578681,True,Cruise
1,53,1675453305.8131084,48.982323388586515,0.013569021485513175,False,True,False,False,100000,False,True,False,4.078860397291345,0.006753384952086487,9.79448292739283,0.006124720892998448,True,Cruise
1,54,1675453305.9131773,48.982323388586515,0.013569021485513175,False,True,False,False,100000,False,True,False,4.069058803482591,0.003377641363233204,9.788934970347697,0.03166862682141469,True,Cruise
1,55,1675453306.0130718,48.982323388586515,0.013569021485513175,False,True,False,False,100000,False,True,False,4.069058803482591,0.003377641363233204,9.788934970347697,0.0703400235447717,True,Cruise
1,56,1675453306.1131315,48.982323388586515,0.013569021485513175,False,True,False,False,100000,False,True,False,4.059548792133953,0.04230054904153236,9.783246329783795,0.009882368490581004,True,Cruise
1,57,1675453306.2132792,49.423602974482804,0.007685293673562581,False,True,False,False,100000,False,True,False,4.05101636907814,0.08516350150848316,9.777736085967168,0.009882368490581004,True,Cruise
1,58,1675453306.3131638,49.423602974482804,0.007685293673562581,False,True,False,False,100000,False,True,False,4.041828758266358,0.09103436393703772,9.77037312223525,0.013156460504304777,True,Cruise
1,59,1675453306.4130685,49.423602974482804,0.007685293673562581,False,True,False,False,100000,False,True,False,4.037676908802711,0.06553564379677874,9.764722785445835,0.014289027120875477,True,Cruise
1,60,1675453306.5131752,49.684453520903396,0.004207286387954723,False,True,False,False,100000,False,True,False,4.036969609804651,0.06568905839964102,9.76334459362217,0.001556669719576086,True,Cruise
1,61,1675453306.613131,49.684453520903396,0.004207286387954723,False,True,False,False,100000,False,True,False,4.036477932368243,0.069542561037171,9.762235680048306,0.012563176935209319,True,Cruise
1,62,1675453306.713078,49.684453520903396,0.004207286387954723,False,True,False,False,100000,False,True,False,4.036269731254555,0.08207536401491375,9.761387790596363,0.012563176935209319,True,Cruise
1,63,1675453306.813056,49.684453520903396,0.004207286387954723,False,True,False,False,100000,False,True,False,4.037947233245907,0.03586015766821965,9.760263682886219,0.004184163952440328,True,Cruise
1,64,1675453306.9133296,47.03625928815342,0.03951654282462104,False,True,False,False,100000,False,True,False,4.038837211388846,0.03177284517423933,9.76035878000786,0.004184163952440328,True,Cruise
1,65,1675453307.0131721,47.03625928815342,0.03951654282462104,False,True,False,False,100000,False,True,False,4.041124420988303,0.023033865344047996,9.7611342107044,0.004231396196811913,True,Cruise
1,66,1675453307.1130717,47.03625928815342,0.03951654282462104,False,True,False,False,100000,False,True,False,4.045367140770768,-0.09188665198855338,9.763449120986023,0.1053545317451327,True,Cruise
1,67,1675453307.21307,48.9721528653198,0.013704628462402758,False,True,False,False,100000,False,True,False,4.041194807026657,0.3023114242570187,9.766207635381523,0.3942298074553119,True,Cruise
1,68,1675453307.313297,46.60023115140922,0.013704628462402758,False,True,False,False,100000,False,True,False,4.0395293774183045,0.3398298740244148,9.76752842324343,0.037578613722503956,True,Cruise
1,69,1675453307.4131129,46.19296084913867,0.05076052201148437,False,True,False,False,100000,False,True,False,4.038947373550133,0.41999503338159416,9.76871944316422,0.27782580706861415,True,Cruise
1,70,1675453307.5130947,47.434340789802775,0.03420878946929629,False,True,False,False,100000,False,True,False,4.038001732858558,0.443055558049957,9.772251499369833,0.16435545187517414,True,Cruise
1,71,1675453307.6132863,47.78472276606831,0.029537029785755876,False,True,False,False,100000,False,True,False,4.034688738364439,0.5710648755120302,9.773512301725564,0.12805838868346003,True,Cruise
1,72,1675453307.7131932,47.55343703814346,0.032620839491420604,False,True,False,False,100000,False,True,False,4.0389625040133925,0.4909817445553236,9.773939183329489,0.08019822419826367,True,Cruise
1,73,1675453307.813056,47.55343703814346,0.032620839491420604,False,True,False,False,100000,False,True,False,4.0389625040133925,0.4909817445553236,9.773939183329489,0.08917523324935869,True,Cruise
1,74,1675453307.9130487,47.55343703814346,0.032620839491420604,False,True,False,False,100000,False,True,False,4.051443419749287,0.4358210470316322,9.776454687233908,0.00860115755983109,True,Cruise
1,75,1675453308.0132003,47.70784802489867,0.030562026334684432,False,True,False,False,100000,False,True,False,4.051443419749287,0.4358210470316322,9.776454687233908,0.003078117405730957,True,Cruise
1,76,1675453308.1131759,47.70784802489867,0.030562026334684432,False,True,False,False,100000,False,True,False,4.051534665194359,0.4232618881153983,9.777287360736864,0.009524160452953874,True,Cruise
1,77,1675453308.2131467,47.62190596132111,0.031707920515718455,False,True,False,False,100000,False,True,False,4.052904823722319,0.3873540674981577,9.777613613086853,0.02948191172554806,True,Cruise
1,78,1675453308.3132133,48.1892553602162,0.026672977173018045,False,True,False,False,100000,False,True,False,4.052904823722319,0.3873540674981577,9.777613613086853,0.02948191172554806,True,Cruise
1,79,1675453308.413109,48.416273483222476,0.02111635355703365,False,True,False,False,100000,False,True,False,4.052904823722319,0.3873540674981577,9.777613613086853,0.04374703750109887,True,Cruise
1,80,1675453308.5130947,48.416273483222476,0.02111635355703365,False,True,False,False,100000,False,True,False,4.054275092149862,0.34362849801595857,9.77759851287473,0.04374703750109887,True,Cruise
1,81,1675453308.6130672,49.86088730434607,-0.0018548359420523775,False,True,False,False,100000,False,True,False,4.057561609845802,0.2785401087645964,9.776491103773006,0.061389096952758994,True,Cruise
1,82,1675453308.71314,49.86088730434607,-0.0018548359420523775,False,True,False,False,100000,False,True,False,4.061932330561496,0.26954657182867,9.775836735527495,0.061389096952758994,True,Cruise
1,83,1675453308.8131685,49.86088730434607,-0.0018548359420523775,False,True,False,False,100000,False,True,False,4.072537425275253,0.07801602044128429,9.774541666362374,0.12618645514103627,True,Cruise
1,84,1675453308.9141202,49.66255295358663,0.004499293952178198,False,True,False,False,100000,False,True,False,4.079933352915025,-0.0868482358661907,9.773504010454104,0.038905821746395466,True,Cruise
1,85,1675453309.0132263,49.85133983592841,-0.001982135520954608,False,True,False,False,100000,False,True,False,4.0780162584989075,-0.13436960872644155,9.773565508114315,0.04756006635282908,True,Cruise
1,86,1675453309.1132398,49.74202382754264,0.0034396822994315493,False,True,False,False,100000,False,True,False,4.07399200670329,-0.10649667004511987,9.77384715637249,0.024263400884224063,True,Cruise
1,87,1675453309.2131662,49.74202382754264,0.0034396822994315493,False,True,False,False,100000,False,True,False,4.069926303588154,-0.15129334839916686,9.773906251431937,0.03877932771896802,True,Cruise
1,88,1675453309.3130872,49.74202382754264,0.0034396822994315493,False,True,False,False,100000,False,True,False,4.068616509926789,-0.2396157656559398,9.773723965314641,0.03877932771896802,True,Cruise
1,89,1675453309.4130778,49.655844915928995,-0.004588734454280014,False,True,False,False,100000,False,True,False,4.064734417977645,-0.16662224731493105,9.773660784060908,0.07309670546318497,True,Cruise
1,90,1675453309.5130749,49.36392899643855,-0.008480946714152584,False,True,False,False,100000,False,True,False,4.064734417977645,-0.16662224731493105,9.773660784060908,0.007253328444799171,True,Cruise
1,91,1675453309.6130786,49.36392899643855,-0.008480946714152584,False,True,False,False,100000,False,True,False,4.063596051831817,-0.18183921072698797,9.773319685808145,0.011684426792399269,True,Cruise
1,92,1675453309.7130804,48.69720976107024,-0.017370536519063482,False,True,False,False,100000,False,True,False,4.063435561149347,-0.19352205197201172,9.77321341892078,0.026776629201252417,True,Cruise
1,93,1675453309.8131957,48.69720976107024,-0.017370536519063482,False,True,False,False,100000,False,True,False,4.0622650284985955,-0.19757046345042859,9.773107407275374,0.022739868141483113,True,Cruise
1,94,1675453309.9131818,48.606497600048336,-0.018580031999355498,False,True,False,False,100000,False,True,False,4.0580133504084,-0.3052292152470997,9.77319865060826,0.022739868141483113,True,Cruise
1,95,1675453310.01313,48.606497600048336,-0.018580031999355498,False,True,False,False,100000,False,True,False,4.05470452014127,-0.31354686106903024,9.773295227242853,0.01246028914586441,True,Cruise
1,96,1675453310.1131182,48.48028881031869,-0.02026281586241745,False,True,False,False,100000,False,True,False,4.053298665711993,-0.3252819719480327,9.773316564364242,0.01181904011718162,True,Cruise
1,97,1675453310.2130904,49.77257802830459,0.003032292955938762,False,True,False,False,100000,False,True,False,4.052135377819065,-0.3301365585764082,9.773316836771821,0.023679949724942032,True,Cruise
1,98,1675453310.313092,49.77257802830459,0.003032292955938762,False,True,False,False,100000,False,True,False,4.050026038704472,-0.43706439097580735,9.77329033892147,0.08328419805694623,True,Cruise
1,99,1675453310.4130793,49.531114224499575,0.006251810340005626,False,True,False,False,100000,False,True,False,4.050026038704472,-0.43706439097580735,9.77329033892147,0.32166094820808416,True,Cruise
1,100,1675453310.5130491,49.531114224499575,0.006251810340005626,False,True,False,False,100000,False,True,False,4.057029323314867,-0.07782836126449653,9.77255078721402,0.001978590610869651,True,Cruise
1,101,1675453310.6130455,49.498663588671796,-0.0066844854843759955,False,True,False,False,100000,False,True,False,4.056288486627408,0.044054365855696054,9.77269571458323,0.0774400694397739,True,Cruise
1,102,1675453310.713091,49.498663588671796,-0.0066844854843759955,False,True,False,False,100000,False,True,False,4.054980646446338,-0.038978294870784386,9.772880271515554,0.08304316500783973,True,Cruise
1,103,1675453310.813171,49.49165720467404,-0.00677790393767938,False,True,False,False,100000,False,True,False,4.053567992573821,-0.06548168956003066,9.773102384938523,0.010475637214463498,True,Cruise
1,104,1675453310.913162,49.49165720467404,-0.00677790393767938,False,True,False,False,100000,False,True,False,4.053567992573821,-0.06548168956003066,9.773102384938523,0.010475637214463498,True,Cruise
1,105,1675453311.0130715,48.92488080098965,-0.014334922653471383,False,True,False,False,100000,False,True,False,4.053567992573821,-0.06548168956003066,9.773102384938523,0.010475637214463498,True,Cruise
1,106,1675453311.1130767,48.92488080098965,-0.014334922653471383,False,True,False,False,100000,False,True,False,4.053901525427554,0.007607905056642442,9.77321939702833,0.07309044928869496,True,Cruise
1,107,1675453311.2130768,49.843734232014484,-0.0020835435731402932,False,True,False,False,100000,False,True,False,4.0529340106234795,-0.10970532205233405,9.773423144423067,0.04782476415049717,True,Cruise
1,108,1675453311.3132293,49.843734232014484,-0.0020835435731402932,False,True,False,False,100000,False,True,False,4.052747806079382,-0.16742789432592287,9.773470357389993,0.057722891915393267,True,Cruise
1,109,1675453311.4131694,49.32346064961803,-0.009020524671759591,False,True,False,False,100000,False,True,False,4.05464308147001,-0.06656881371344452,9.77331574970144,0.10087700488385887,True,Cruise
1,110,1675453311.5130935,49.32346064961803,-0.009020524671759591,False,True,False,False,100000,False,True,False,4.05694894792016,0.012236968605839716,9.77323232551939,0.02410848000703714,True,Cruise
1,111,1675453311.6130805,48.96129197259281,0.013849440365429193,False,True,False,False,100000,False,True,False,4.05694894792016,0.012236968605839716,9.77323232551939,0.02410848000703714,True,Cruise
1,112,1675453311.7131202,48.96129197259281,0.013849440365429193,False,True,False,False,100000,False,True,False,4.05586519362001,-0.21453640999503593,9.773576064607171,0.1545987635495261,True,Cruise
1,113,1675453311.8130882,49.37057273028659,0.008392363596178839,False,True,False,False,100000,False,True,False,4.058855457541105,0.0033829126765444386,9.773349527062223,0.14796506154306074,True,Cruise
1,114,1675453311.9131098,49.37057273028659,0.008392363596178839,False,True,False,False,100000,False,True,False,4.060193755734108,0.15134191684743323,9.773311054380065,0.14796506154306074,True,Cruise
1,115,1675453312.0129983,49.37057273028659,0.008392363596178839,False,True,False,False,100000,False,True,False,4.0595847227333,0.11506525839147899,9.773515854976377,0.023104659141688202,True,Cruise
1,116,1675453312.1130903,49.942123868738086,0.0007716817501588834,False,True,False,False,100000,False,True,False,4.058934442524107,0.1151226747909423,9.773629893342031,0.042397050434989134,True,Cruise
1,117,1675453312.214442,49.942123868738086,0.0007716817501588834,False,True,False,False,100000,False,True,False,4.057856385549142,0.13028138471681794,9.773854788636488,0.08169643304953107,True,Cruise
1,118,1675453312.3131042,49.39810220026106,-0.008025303996519215,False,True,False,False,100000,False,True,False,4.057856385549142,0.13028138471681794,9.773854788636488,0.01949269830934806,True,Cruise
1,119,1675453312.4130678,49.39810220026106,-0.008025303996519215,False,True,False,False,100000,False,True,False,4.0580850082262225,0.11895076657345678,9.773870447727013,0.03306107000912823,True,Cruise
1,120,1675453312.5130725,49.97619341405347,-0.0003174211459538014,False,True,False,False,100000,False,True,False,4.0582417758806635,0.06446465787242188,9.773873465764087,0.08395471947602301,True,Cruise
1,121,1675453312.6130714,48.75321596778705,-0.016623787096172633,False,True,False,False,100000,False,True,False,4.0580865402023285,-0.019489917836559997,9.773879923837988,0.08395471947602301,True,Cruise
1,122,1675453312.7138104,48.75321596778705,-0.016623787096172633,False,True,False,False,100000,False,True,False,4.057672734862168,0.09664976446957485,9.77385326296945,0.04092364393396816,True,Cruise
1,123,1675453312.8132162,49.29530753291953,-0.016623787096172633,False,True,False,False,100000,False,True,False,4.057672734862168,0.09664976446957485,9.77385326296945,0.04092364393396816,True,Cruise
1,124,1675453312.913496,49.29530753291953,-0.009395899561072932,False,True,False,False,100000,False,True,False,4.05611722717776,-0.21546086671010403,9.773920847617394,0.07477551704883749,True,Cruise
1,125,1675453313.0131645,49.29530753291953,-0.009395899561072932,False,True,False,False,100000,False,True,False,4.0551467795343115,-0.24363179585224193,9.773859231803733,0.046597617803476585,True,Cruise
1,126,1675453313.1141288,49.994413396677544,7.448804429943526e-05,False,True,False,False,100000,False,True,False,4.055339236629222,-0.23526399848079368,9.773714361759962,0.01350318732002545,True,Cruise
1,127,1675453313.2131433,49.49842272944242,-0.006687696940767729,False,True,False,False,100000,False,True,False,4.055339236629222,-0.23526399848079368,9.773714361759962,0.018452088005915426,True,Cruise
1,128,1675453313.3130574,49.49842272944242,-0.006687696940767729,False,True,False,False,100000,False,True,False,4.057378867744284,-0.1739844536195437,9.773404715362338,0.042880710606391266,True,Cruise
1,129,1675453313.4130845,49.80589679251327,-0.0025880427664897506,False,True,False,False,100000,False,True,False,4.056852893331132,-0.21362212976413325,9.773410288763438,0.042880710606391266,True,Cruise
1,130,1675453313.513308,49.80589679251327,-0.0025880427664897506,False,True,False,False,100000,False,True,False,4.056176744894412,-0.2507600736052724,9.773440787024128,0.06833181448934227,True,Cruise
1,131,1675453313.6141362,49.80589679251327,-0.0025880427664897506,False,True,False,False,100000,False,True,False,4.056176744894412,-0.2507600736052724,9.773440787024128,0.0005052396005243097,True,Cruise
1,132,1675453313.7141578,49.494499441322745,-0.006740007449030138,False,True,False,False,100000,False,True,False,4.055375736495802,-0.21776856007195453,9.773418339613109,0.017464145607484344,True,Cruise
1,133,1675453313.813096,49.494499441322745,-0.006740007449030138,False,True,False,False,100000,False,True,False,4.056492316687345,-0.162122082507114,9.773258589800639,0.0556579081236533,True,Cruise
1,134,1675453313.913339,49.494499441322745,-0.006740007449030138,False,True,False,False,100000,False,True,False,4.058437564988553,0.1495560452617055,9.773084334070466,0.0556579081236533,True,Cruise
1,135,1675453314.0137286,49.89415616194024,-0.0014112511741301464,False,True,False,False,100000,False,True,False,4.057621065147719,0.002768970393540444,9.773211636724806,0.14678940093313336,True,Cruise
1,136,1675453314.113583,49.95587450770192,-0.0005883398973077213,False,True,False,False,100000,False,True,False,4.05630506048741,-0.05178712029041816,9.773386244438534,0.07327470211984254,True,Cruise
1,137,1675453314.2132125,49.95587450770192,-0.0005883398973077213,False,True,False,False,100000,False,True,False,4.05630506048741,-0.05178712029041816,9.773386244438534,0.07327470211984254,True,Cruise
1,138,1675453314.3132577,49.98209977468225,-0.00023866967090338154,False,True,False,False,100000,False,True,False,4.05630506048741,-0.05178712029041816,9.773386244438534,0.07327470211984254,True,Cruise
1,139,1675453314.4131649,49.98209977468225,-0.00023866967090338154,False,True,False,False,100000,False,True,False,4.0570990976901244,0.03794238807082039,9.773408247775805,0.001063013897574165,True,Cruise
1,140,1675453314.5131474,49.98209977468225,-0.00023866967090338154,False,True,False,False,100000,False,True,False,4.0571798571699045,0.03525771961669397,9.773456791587426,0.0014726327402831865,True,Cruise
1,141,1675453314.6131282,49.98209977468225,-0.00023866967090338154,False,True,False,False,100000,False,True,False,4.057166331346475,0.0349627435237981,9.773535120505485,0.0011088360055832589,True,Cruise
1,142,1675453314.7132607,49.52585974266814,-0.006321870097758131,False,True,False,False,100000,False,True,False,4.057166331346475,0.0349627435237981,9.773535120505485,0.0011088360055832589,True,Cruise
1,143,1675453314.8131912,49.78627754037105,-0.002849632795052619,False,True,False,False,100000,False,True,False,4.056971743350538,-0.005926237736071257,9.773615424137185,0.0011088360055832589,True,Cruise
1,144,1675453314.9131103,49.68369047063539,0.0042174603915281425,False,True,False,False,100000,False,True,False,4.056831826815366,-0.043191659303846,9.773640709137174,0.03726569280976821,True,Cruise
1,145,1675453315.013074,49.68369047063539,0.0042174603915281425,False,True,False,False,100000,False,True,False,4.0568308591297715,-0.038151392730963074,9.773653985523875,0.0025568870531353575,True,Cruise
1,146,1675453315.1130962,49.994707850781715,7.056198957712957e-05,False,True,False,False,100000,False,True,False,4.0572013019921584,0.006921298209744571,9.773627852437269,0.025531531696905398,True,Cruise
1,147,1675453315.213112,49.994707850781715,7.056198957712957e-05,False,True,False,False,100000,False,True,False,4.057325151546487,0.06029543896658097,9.773621817632819,0.05337428478829067,True,Cruise
1,148,1675453315.313204,49.600013808498495,-0.005333149220020069,False,True,False,False,100000,False,True,False,4.057325151546487,0.06029543896658097,9.773621817632819,0.05337428478829067,True,Cruise
1,149,1675453315.4131417,49.44518181897493,-0.007397575747000927,False,True,False,False,100000,False,True,False,4.056952608908188,-0.01729505714275327,9.773651770430904,0.08013555540434653,True,Cruise
1,150,1675453315.513451,49.44518181897493,-0.007397575747000927,False,True,False,False,100000,False,True,False,4.056747968937925,-0.046574640339653355,9.77365822753397,0.05087636007860162,True,Cruise
1,151,1675453315.613206,49.44618190052413,-0.007384241326344914,False,True,False,False,100000,False,True,False,4.056492202096456,-0.10741977448262358,9.773670877058228,0.06084567302252231,True,Cruise
1,152,1675453315.7131398,49.44618190052413,-0.007384241326344914,False,True,False,False,100000,False,True,False,4.056037235115564,-0.1455762185491251,9.773670648328425,0.010523148916257495,True,Cruise
1,153,1675453315.8131356,49.44618190052413,-0.007384241326344914,False,True,False,False,100000,False,True,False,4.056037235115564,-0.1455762185491251,9.773670648328425,0.010523148916257495,True,Cruise
1,154,1675453315.9135556,49.44618190052413,-0.007384241326344914,False,True,False,False,100000,False,True,False,4.056037235115564,-0.1455762185491251,9.773670648328425,0.021825792816661933,True,Cruise
1,155,1675453316.014908,48.3650211471552,-0.02179971803793075,False,True,False,False,100000,False,True,False,4.055696557748656,-0.18430793542989954,9.773615661483356,0.016907723099530227,True,Cruise
1,156,1675453316.1130545,49.165225775562334,-0.01113032299250226,False,True,False,False,100000,False,True,False,4.055568915479976,-0.1804690445907552,9.773567875202952,0.018801377202446276,True,Cruise
1,157,1675453316.2130692,49.165225775562334,-0.01113032299250226,False,True,False,False,100000,False,True,False,4.050931157314812,-0.4962502813801218,9.773857811505113,0.02264028811948512,True,Cruise
1,158,1675453316.3130727,48.87519969344457,-0.014997337420739026,False,True,False,False,100000,False,True,False,4.049176498384506,-0.5801321237053924,9.773875344876561,0.08390019432195833,True,Cruise
1,159,1675453316.4130793,48.48321621588638,-0.02022378378818165,False,True,False,False,100000,False,True,False,4.051055873691959,-0.48242211157195386,9.773576214702102,0.05706771228229981,True,Cruise
1,160,1675453316.5130904,48.48321621588638,-0.02022378378818165,False,True,False,False,100000,False,True,False,4.053132927233926,-0.4854616612770766,9.773210377517778,0.06004603045812722,True,Cruise
1,161,1675453316.6131427,48.88597890205275,-0.01485361463929668,False,True,False,False,100000,False,True,False,4.049010955229929,-0.6749559501114939,9.77339387601248,0.06925588424596191,True,Cruise
1,162,1675453316.7130482,48.88597890205275,-0.01485361463929668,False,True,False,False,100000,False,True,False,4.047882345540992,-0.701436742141147,9.773367705978186,0.026504844674481668,True,Cruise
1,163,1675453316.8130524,48.757969791045504,-0.016560402786059934,False,True,False,False,100000,False,True,False,4.04936808486569,-0.6748676246573913,9.772971335309546,0.0540647217032083,True,Cruise
1,164,1675453316.9130623,48.757969791045504,-0.016560402786059934,False,True,False,False,100000,False,True,False,4.050982665618801,-0.6454594468330022,9.77275185503792,0.029453284461140164,True,Cruise
1,165,1675453317.0130925,48.760016074593516,-0.016533119005419795,False,True,False,False,100000,False,True,False,4.050982665618801,-0.6454594468330022,9.77275185503792,0.04227875049450324,True,Cruise
1,166,1675453317.1130934,49.52906238900885,-0.00627916814654867,False,True,False,False,100000,False,True,False,4.051015482230013,-0.685580925887365,9.772522551778193,0.00533072125816044,True,Cruise
1,167,1675453317.2130697,49.52906238900885,-0.00627916814654867,False,True,False,False,100000,False,True,False,4.051015482230013,-0.685580925887365,9.772522551778193,0.021173985884044462,True,Cruise
1,168,1675453317.3130724,49.16597055257183,-0.01112039263237559,False,True,False,False,100000,False,True,False,4.05564391237622,-0.5712054726775978,9.772053498717815,0.09276358120530315,True,Cruise
1,169,1675453317.4130673,49.16597055257183,-0.01112039263237559,False,True,False,False,100000,False,True,False,4.0601000207283615,-0.4406174226544667,9.77185492151182,0.03790108720449019,True,Cruise
1,170,1675453317.5131001,49.16597055257183,-0.01112039263237559,False,True,False,False,100000,False,True,False,4.0601000207283615,-0.4406174226544667,9.77185492151182,0.03790108720449019,True,Cruise
1,171,1675453317.6130636,49.70133757170981,-0.0039821657105359115,False,True,False,False,100000,False,True,False,4.0601000207283615,-0.4406174226544667,9.77185492151182,0.33867636260245904,True,Cruise
1,172,1675453317.7130506,48.699916686115124,-0.017334444185131675,False,True,False,False,100000,False,True,False,4.279419149169556,-0.3507236499800191,9.768192980250577,0.13579594468231476,True,Cruise
1,173,1675453317.813085,48.699916686115124,-0.017334444185131675,False,True,False,False,100000,False,True,False,4.151720719586596,-0.39533637490694895,9.780166052070381,0.13579594468231476,True,Cruise
1,174,1675453317.9133399,49.99224114336954,0.0001034514217394369,False,True,False,False,100000,False,True,False,4.1042222446372865,-0.29129287485973365,9.78353164012619,0.1270856161526106,True,Cruise
1,175,1675453318.0132513,49.99224114336954,0.0001034514217394369,False,True,False,False,100000,False,True,False,4.106755600717966,-0.47343569505773925,9.78213166055985,0.12438301098306766,True,Cruise
1,176,1675453318.1132095,49.316556015187636,-0.009112586464164903,False,True,False,False,100000,False,True,False,4.106755600717966,-0.47343569505773925,9.78213166055985,0.12438301098306766,True,Cruise
1,177,1675453318.2131,47.70883612211907,-0.030548851705079108,False,True,False,False,100000,False,True,False,4.095912417856992,-0.3284788990008564,9.778201107382488,0.009756201607103531,True,Cruise
1,178,1675453318.3130724,47.70883612211907,-0.030548851705079108,False,True,False,False,100000,False,True,False,4.096594545219681,-0.3873111783271881,9.777119709272332,0.058846170736447156,True,Cruise
1,179,1675453318.4131508,48.187402151550245,-0.024167971312663357,False,True,False,False,100000,False,True,False,4.093982229878811,-0.423494609271434,9.776316146041921,0.04554500576270163,True,Cruise
1,180,1675453318.5130887,48.187402151550245,-0.024167971312663357,False,True,False,False,100000,False,True,False,4.070734958100914,-0.6529731554793857,9.776805154301702,0.2752263186858771,True,Cruise
1,181,1675453318.6131358,48.187402151550245,-0.024167971312663357,False,True,False,False,100000,False,True,False,4.073063286066205,-0.8449891152696304,9.77541508424588,0.19203510673843704,True,Cruise
1,182,1675453318.7130928,48.187402151550245,-0.024167971312663357,False,True,False,False,100000,False,True,False,4.073613205826276,-0.8549169711806383,9.7712308970218,0.03701087792658836,True,Cruise
1,183,1675453318.8130612,48.187402151550245,-0.024167971312663357,False,True,False,False,100000,False,True,False,4.068488978551433,-0.911607445898929,9.770989430355774,0.055781047146424796,True,Cruise
1,184,1675453318.9131007,48.8303572986078,-0.01559523601856263,False,True,False,False,100000,False,True,False,4.062846540214104,-0.9671022647536964,9.770874579854473,0.055781047146424796,True,Cruise
1,185,1675453319.0130703,48.8303572986078,-0.01559523601856263,False,True,False,False,100000,False,True,False,4.142500818443354,-0.788344708336184,9.799561728978258,0.12123804952949198,True,Cruise
1,186,1675453319.113059,48.8303572986078,-0.01559523601856263,False,True,False,False,100000,False,True,False,4.142500818443354,-0.788344708336184,9.799561728978258,0.12123804952949198,True,Cruise
1,187,1675453319.2130613,48.8303572986078,-0.01559523601856263,False,True,False,False,100000,False,True,False,4.142500818443354,-0.788344708336184,9.799561728978258,0.4275721867793615,True,Cruise
1,188,1675453319.313073,49.166084651959494,-0.01111887130720682,False,True,False,False,100000,False,True,False,3.903108758439932,-0.9170575488805446,9.775668961399122,0.0787370011383841,True,Cruise
1,189,1675453319.4131954,49.166084651959494,-0.01111887130720682,False,True,False,False,100000,False,True,False,4.013612007964408,-0.9107882850945113,9.760902004411754,0.06178123799623618,True,Cruise
1,190,1675453319.5131745,49.166084651959494,-0.01111887130720682,False,True,False,False,100000,False,True,False,4.031141000214952,-0.8777065782984015,9.757773564463838,0.013683786516024128,True,Cruise
1,191,1675453319.613243,49.5918202439482,-0.005442396747357332,False,True,False,False,100000,False,True,False,4.031853569425027,-0.8640992483212221,9.756517049669204,0.03452184756782006,True,Cruise
1,192,1675453319.7132483,49.5918202439482,-0.005442396747357332,False,True,False,True,100000,False,True,False,3.99876401288704,-0.7212604392691274,9.756826973445822,0.012676532467819624,True,Cruise
1,193,1675453319.8130558,49.5918202439482,-0.005442396747357332,False,True,False,True,100000,False,True,False,3.9957587585537073,-0.5909922087666235,9.756682143269195,0.04825175887152759,True,Cruise
1,194,1675453319.9131632,49.17829186146152,0.010956108513846397,False,True,False,True,100000,False,True,False,3.9957587585537073,-0.5909922087666235,9.756682143269195,0.037850212965188444,True,Cruise
1,195,1675453320.0131533,49.17829186146152,0.010956108513846397,False,True,False,True,100000,False,True,False,3.9984576017365843,-0.5148282150818743,9.756469652161721,0.03836980409939739,True,Cruise
1,196,1675453320.1131248,49.17829186146152,0.010956108513846397,False,True,False,True,100000,False,True,False,4.0013172474314205,-0.5199046032464013,9.75639808161815,0.005826869883535472,True,Cruise
1,197,1675453320.2131033,49.17829186146152,0.010956108513846397,False,True,False,True,100000,False,True,False,4.022421752657312,0.08142044276652108,9.755070006445644,0.5456304748725779,True,Cruise
1,198,1675453320.3130605,49.28668501622151,0.009510866450379848,False,True,False,True,100000,False,True,False,4.0247090740730975,0.1403979133557831,9.754960542952926,0.3515367778960997,True,Cruise
1,199,1675453320.413078,49.28668501622151,0.009510866450379848,False,True,False,True,100000,False,True,False,3.9957824985402324,0.48814549758775205,9.712381474123948,0.3515367778960997,True,Cruise
1,200,1675453320.5130534,49.28668501622151,0.009510866450379848,False,True,False,True,100000,False,True,False,4.014305772185448,0.6726753846374183,9.732111344022393,0.053582686406687195,True,Cruise
1,201,1675453320.6130898,48.32713427334028,0.022304876355462938,False,True,False,True,100000,False,True,False,4.014305772185448,0.6726753846374183,9.732111344022393,0.053582686406687195,True,Cruise
1,202,1675453320.713053,48.32713427334028,0.022304876355462938,False,True,False,True,100000,False,True,False,4.014305772185448,0.6726753846374183,9.732111344022393,0.12190093201002944,True,Cruise
1,203,1675453320.8130634,48.32713427334028,0.022304876355462938,False,True,False,True,100000,False,True,False,4.039646792834126,0.7900296748183451,9.753221542352298,0.2910537691802463,True,Cruise
1,204,1675453320.9130766,47.93609870233734,0.027518683968835424,False,True,False,True,100000,False,True,False,2.373787948773001,1.0630088399757167,9.915346803257467,0.4402334119803783,True,Cruise
1,205,1675453321.013088,47.93609870233734,0.027518683968835424,False,True,False,True,100000,False,True,False,0.04818774753323608,0.8823274087816505,10.098064317998006,1.3618377639134998,True,Cruise
1,206,1675453321.1130912,47.93609870233734,0.027518683968835424,False,True,False,True,100000,False,True,False,0.04818774753323608,0.8823274087816505,10.098064317998006,1.3618377639134998,True,Cruise
1,207,1675453321.2130835,48.432045106551655,0.02090606524597794,False,True,False,True,100000,False,True,False,0.04818774753323608,0.8823274087816505,10.098064317998006,1.3618377639134998,True,Cruise
1,208,1675453321.3130589,48.432045106551655,0.02090606524597794,False,True,False,True,100000,False,True,False,0.04818774753323608,0.8823274087816505,10.098064317998006,0.4566246320105192,True,Cruise
1,209,1675453321.4130726,48.432045106551655,0.02090606524597794,False,True,False,True,100000,False,True,False,-0.5386132157709148,1.329747223350348,9.944951943817136,0.1965554217650811,True,Cruise
1,210,1675453321.5131185,48.503876358830524,0.01994831521559297,False,True,False,True,100000,False,True,False,1.551388466024804,1.4652704502422647,9.652401723837464,0.8733563140790821,True,Cruise
1,211,1675453321.6130874,48.503876358830524,0.01994831521559297,False,True,False,True,100000,False,True,False,2.1340196093096107,1.5254821226553987,9.583862923083805,0.5897304993205771,True,Cruise
1,212,1675453321.7130718,48.22642197213434,0.02364770703820877,False,True,False,True,100000,False,True,False,2.1340196093096107,1.5254821226553987,9.583862923083805,0.5897304993205771,True,Cruise
1,213,1675453321.8130875,48.22642197213434,0.02364770703820877,False,True,False,True,100000,False,True,False,0.23577789184610953,1.5326322533376286,9.72926565966069,0.3664806940094493,True,Cruise
1,214,1675453321.9130564,48.22642197213434,0.02364770703820877,False,True,False,True,100000,False,True,False,-2.0428299904524927,1.5202397385904498,9.898475242503965,1.1607034194279602,True,Cruise
1,215,1675453322.0135388,48.20446094670681,0.023940520710575865,False,True,False,True,100000,False,True,False,-1.359727405046217,1.4490361643281342,9.792268340850088,0.4970026606349931,True,Cruise
1,216,1675453322.1130466,48.20446094670681,0.023940520710575865,False,True,False,True,100000,False,True,False,-1.359727405046217,1.4490361643281342,9.792268340850088,0.4970026606349931,True,Cruise
1,217,1675453322.2130892,48.10168067613276,0.025310924318229924,False,True,False,True,100000,False,True,False,-0.47796896046296433,1.3505381199674642,9.684793480860877,0.8937285185482523,True,Cruise
1,218,1675453322.3131237,48.10168067613276,0.025310924318229924,False,True,False,True,100000,False,True,False,-0.3432326980912453,1.3396536368642238,9.670701493964737,0.8937285185482523,True,Cruise
1,219,1675453322.4130843,47.515578274698456,0.03312562300402059,False,True,False,True,100000,False,True,False,-0.7427294532874252,1.3468736741914065,9.704441002188167,0.17234024826660194,True,Cruise
1,220,1675453322.513072,47.515578274698456,0.03312562300402059,False,True,False,True,100000,False,True,False,-0.573113168406421,1.3482416422974675,9.692721516021246,0.17002617971827114,True,Cruise
1,221,1675453322.6131146,47.515578274698456,0.03312562300402059,False,True,False,True,100000,False,True,False,-1.421645617056756,1.324087490565391,9.780899494738824,0.8534436685506239,True,Cruise
1,222,1675453322.7131264,48.002135243179126,0.026638196757611626,False,True,False,True,100000,False,True,False,-2.84818104186355,1.522424930454563,9.89950513119087,0.1507562433299141,True,Cruise
1,223,1675453322.8130774,48.002135243179126,0.026638196757611626,False,True,False,True,100000,False,True,False,0.3729743777002025,1.5391904751799754,9.583594067176179,1.6328614271004651,True,Cruise
1,224,1675453322.9130695,48.028372836997214,0.026288362173370525,False,True,False,True,100000,False,True,False,1.5086544674532498,1.4895791600231765,9.499921337489535,1.1398384423006145,True,Cruise
1,225,1675453323.0130668,48.028372836997214,0.026288362173370525,False,True,False,True,100000,False,True,False,1.4059059241159984,1.49932457400146,9.540399217587481,1.1398384423006145,True,Cruise
1,226,1675453323.1130676,48.028372836997214,0.026288362173370525,False,True,False,True,100000,False,True,False,0.692245703081297,1.593821595602484,9.654692637702242,0.4571977577183998,True,Cruise
1,227,1675453323.2130706,47.6057177948628,0.0319237627351627,False,True,False,True,100000,False,True,False,0.692245703081297,1.593821595602484,9.654692637702242,0.6709394404047891,True,Cruise
1,228,1675453323.313074,47.6057177948628,0.0319237627351627,False,True,False,True,100000,False,True,False,0.033822769158969056,1.63254889268745,9.777733969116927,0.9901027456691399,True,Cruise
1,229,1675453323.413106,47.6057177948628,0.0319237627351627,False,True,False,True,100000,False,True,False,-2.158701656286617,1.772406729941551,10.005466745404707,0.36231132588318454,True,Cruise
1,230,1675453323.5131447,47.73995071027983,0.030133990529602316,False,True,False,True,100000,False,True,False,-1.7941349705748728,1.7836447760275944,9.96565549273949,0.6517485331969991,True,Cruise
1,231,1675453323.6131296,47.73995071027983,0.030133990529602316,False,True,False,True,100000,False,True,False,0.2733270239867379,1.6826194066386593,9.771020399271825,1.428330221856766,True,Cruise
1,232,1675453323.7131202,48.00623577070608,0.026583523057252326,False,True,False,True,100000,False,True,False,0.2733270239867379,1.6826194066386593,9.771020399271825,0.19682181368887103,True,Cruise
1,233,1675453323.8131523,48.00623577070608,0.026583523057252326,False,True,False,True,100000,False,True,False,0.31012136679875435,1.7227486313765235,9.809310483576335,0.16099904558697276,True,Cruise
1,234,1675453323.9131658,48.00623577070608,0.026583523057252326,False,True,False,True,100000,False,True,False,1.1676230674001298,1.7535410809104772,9.731785454355405,0.8615494597748048,True,Cruise
1,235,1675453324.0131586,48.08864621001566,0.025484717199791156,False,True,False,True,100000,False,True,False,1.1077342107859234,1.684705173150078,9.788203810998194,0.4287903021843921,True,Cruise
1,236,1675453324.1132197,48.08864621001566,0.025484717199791156,False,True,False,True,100000,False,True,False,1.3127128770641288,1.6988467229209878,9.77613070048783,0.20582030282873087,True,Cruise
1,237,1675453324.213131,48.08864621001566,0.025484717199791156,False,True,False,True,100000,False,True,False,1.3127128770641288,1.6988467229209878,9.77613070048783,0.20582030282873087,True,Cruise
1,238,1675453324.3131697,47.90791672068887,0.027894443724148416,False,True,False,True,100000,False,True,False,0.5626576996867165,1.6361850301022973,9.874391067339685,0.11115373139012857,True,Cruise
1,239,1675453324.4131355,47.90791672068887,0.027894443724148416,False,True,False,True,100000,False,True,False,-0.7849001665220581,1.6252680689474346,9.991961286335489,0.20905050563365635,True,Cruise
1,240,1675453324.5131207,49.06546277261501,0.012460496365133262,False,True,False,True,100000,False,True,False,-0.5376059238036378,1.5911785489776193,9.957200843316935,0.28996841670787016,True,Cruise
1,241,1675453324.6131568,49.06546277261501,0.012460496365133262,False,True,False,True,100000,False,True,False,-0.029070392237255,1.5329501092772337,9.891343391879014,0.22612460753452837,True,Cruise
1,242,1675453324.713111,49.06546277261501,0.012460496365133262,False,True,False,True,100000,False,True,False,-0.029070392237255,1.5329501092772337,9.891343391879014,0.22612460753452837,True,Cruise
1,243,1675453324.8132095,49.270780596319334,0.009722925382408841,False,True,False,True,100000,False,True,False,2.746002718301636,1.2074627808748981,9.633232444398129,2.805992521550256,True,Cruise
1,244,1675453324.913213,49.270780596319334,0.009722925382408841,False,True,False,True,100000,False,True,False,3.495446173262622,1.1210410625449432,9.61161434800949,0.11496008739283399,True,Cruise
1,245,1675453325.0131478,49.55451242984738,0.005939834268701681,False,True,False,True,100000,False,True,False,3.563702638668915,1.0435813822853142,9.625902609060981,0.10422620370885605,True,Cruise
1,246,1675453325.1131282,49.55451242984738,0.005939834268701681,False,True,False,True,100000,False,True,False,3.160251889546644,0.8106174648314379,9.710499090745117,0.4498925048718718,True,Cruise
1,247,1675453325.2131138,49.55451242984738,0.005939834268701681,False,True,False,True,100000,False,True,False,3.160251889546644,0.8106174648314379,9.710499090745117,0.4498925048718718,True,Cruise
1,248,1675453325.31313,49.84066709788887,0.00212443869481511,False,True,False,True,100000,False,True,False,3.0939609477460537,0.634800365643861,9.778176880702347,0.22512814318384902,True,Cruise
1,249,1675453325.4131155,49.84066709788887,0.00212443869481511,False,True,False,True,100000,False,True,False,2.495583451119567,0.54933129630636,9.8664747565083,0.44450852762849974,True,Cruise
1,250,1675453325.5131335,49.84066709788887,0.00212443869481511,False,True,False,True,100000,False,True,False,2.9352760975349184,0.6047812654447148,9.83207259458093,0.4837230163043336,True,Cruise
1,251,1675453325.6131177,48.550232925154155,-0.0193302276646112,False,True,False,True,100000,False,True,False,2.8197406083096057,0.5143174985283309,9.876896281139945,0.6061783163042609,True,Cruise
1,252,1675453325.7131612,48.550232925154155,-0.0193302276646112,False,True,False,True,100000,False,True,False,-0.6198594571579344,0.30835476964079284,10.184349259139523,2.8052199089212024,True,Cruise
1,253,1675453325.813181,48.550232925154155,-0.0193302276646112,False,True,False,True,100000,False,True,False,-1.5347106772357735,-0.07663221368230798,10.240033811565654,0.9941169456281442,True,Cruise
1,254,1675453325.9131494,48.15769934693252,-0.02456400870756647,False,True,False,True,100000,False,True,False,-2.523022959345442,-0.47798716313075673,10.248766684904671,0.4063122276578355,True,Cruise
1,255,1675453326.0131605,48.15769934693252,-0.02456400870756647,False,True,False,True,100000,False,True,False,-2.7852210700528075,-0.5620774080342551,10.22235401075085,0.27661642739070696,True,Cruise
1,256,1675453326.1131318,48.15769934693252,-0.02456400870756647,False,True,False,True,100000,False,True,False,-3.257801007356236,-0.9479598202484887,10.095124207138708,0.2952764599355966,True,Cruise
1,257,1675453326.2131515,48.15769934693252,-0.02456400870756647,False,True,False,True,100000,False,True,False,-3.257801007356236,-0.9479598202484887,10.095124207138708,0.2952764599355966,True,Cruise
1,258,1675453326.3131433,47.74854529825954,-0.030019396023206076,False,True,False,True,100000,False,True,False,-3.0109064834913264,-1.365070765463236,9.891223381024734,0.5258459788021408,True,Cruise
1,259,1675453326.4131622,47.74854529825954,-0.030019396023206076,False,True,False,True,100000,False,True,False,-2.9201358665545474,-1.4138546128260416,9.829936130583105,0.49149038513280763,True,Cruise
1,260,1675453326.5131905,47.74854529825954,-0.030019396023206076,False,True,False,True,100000,False,True,False,-2.9201358665545474,-1.4138546128260416,9.829936130583105,0.49149038513280763,True,Cruise
1,261,1675453326.6131415,47.74854529825954,-0.030019396023206076,False,True,False,True,100000,False,True,False,-3.815987250024786,-1.7061599846806723,9.711048373727957,0.4245020993136841,True,Cruise
1,262,1675453326.713143,47.74854529825954,-0.030019396023206076,False,True,False,True,100000,False,True,False,-3.398947857095525,-1.721749152630858,9.633349243040804,0.4245020993136841,True,Cruise
1,263,1675453326.8132493,47.627049471204124,-0.03163934038394501,False,True,False,True,100000,False,True,False,-1.844093647802399,-1.7324343924902015,9.432514277674997,1.5678075359625265,True,Cruise
1,264,1675453326.9132166,47.627049471204124,-0.03163934038394501,False,True,False,True,100000,False,True,False,-2.245305038758802,-1.852360986607035,9.478046710633675,0.6654706851025376,True,Cruise
1,265,1675453327.0130801,47.627049471204124,-0.03163934038394501,False,True,False,True,100000,False,True,False,-1.7083538602104706,-1.9195434042813495,9.44372171303769,0.3317815904526462,True,Cruise
1,266,1675453327.1130657,47.627049471204124,-0.03163934038394501,False,True,False,True,100000,False,True,False,-1.0740837812689448,-1.9466508831035079,9.435986335768302,0.29980554425720046,True,Cruise
1,267,1675453327.2130454,47.627049471204124,-0.03163934038394501,False,True,False,True,100000,False,True,False,-1.0740837812689448,-1.9466508831035079,9.435986335768302,0.29980554425720046,True,Cruise
1,268,1675453327.3130739,47.45873221738943,-0.03388357043480758,False,True,False,True,100000,False,True,False,-0.425764142283677,-1.9513383469605512,9.492667521624972,0.6508095600415819,True,Cruise
1,269,1675453327.413066,47.009133369225275,-0.03987822174366296,False,True,False,True,100000,False,True,False,-1.0988163789867724,-1.9246392704757003,9.653713960587186,0.8434587047798392,True,Cruise
1,270,1675453327.513066,47.009133369225275,-0.03987822174366296,False,True,False,True,100000,False,True,False,-2.4337987965654477,-2.007816807354109,9.84765133864458,0.7836189252686997,True,Cruise
1,271,1675453327.6130617,47.009133369225275,-0.03987822174366296,False,True,False,True,100000,False,True,False,-2.5938588907338747,-2.0904802625462406,9.889091739670853,0.184850716543717,True,Cruise
1,272,1675453327.7130835,47.009133369225275,-0.03987822174366296,False,True,False,True,100000,False,True,False,-2.285552589474777,-2.166031475940785,9.884216418125188,0.3174657934354929,True,Cruise
1,273,1675453327.8130817,47.009133369225275,-0.03987822174366296,False,True,False,True,100000,False,True,False,-0.24268497350518356,-2.0075139157831754,9.779497737052878,0.3174657934354929,True,Cruise
1,274,1675453327.9130638,49.672774966570515,-0.004363000445726456,False,True,False,True,100000,False,True,False,0.05356580867141115,-2.0286894244674025,9.782776857968718,0.2970247140260565,True,Cruise
1,275,1675453328.0130622,49.672774966570515,-0.004363000445726456,False,True,False,True,100000,False,True,False,0.24126011569252692,-2.0956610145400787,9.822545243591636,0.9988248546648572,True,Cruise
1,276,1675453328.1132786,49.672774966570515,-0.004363000445726456,False,True,False,True,100000,False,True,False,2.160598170445566,-1.779597777298459,9.700962552896183,0.7543898689054326,True,Cruise
1,277,1675453328.2131596,49.672774966570515,-0.004363000445726456,False,True,False,False,100000,False,True,False,2.8481553391068535,-1.4702195821689725,9.67538235531972,0.7543898689054326,True,Cruise
1,278,1675453328.3131661,48.39741280105256,-0.021367829319299248,False,True,False,False,100000,False,True,False,3.7439333703602564,-1.272782184265657,9.711939062637054,0.9180066449742834,True,Cruise
1,279,1675453328.413095,49.24064506270313,-0.010124732497291558,False,True,False,False,100000,False,True,False,1.9706872016949468,-1.1631461092312154,9.961331436243729,1.901028973064975,True,Cruise
1,280,1675453328.5131023,49.24064506270313,-0.010124732497291558,False,True,False,False,100000,False,True,False,0.22293545752191624,-1.5632209247703475,10.136161033691078,1.8014609086605637,True,Cruise
1,281,1675453328.6130562,49.24064506270313,-0.010124732497291558,False,True,False,False,100000,False,True,False,1.9872749819518103,-1.3425237640373986,9.972202261842346,1.1835312284020083,True,Cruise
1,282,1675453328.7131867,49.24064506270313,-0.010124732497291558,False,True,False,True,100000,False,True,False,2.921989439375934,-0.9662528436119152,9.897288442888577,1.0103875507674034,True,Cruise
1,283,1675453328.8131237,49.24064506270313,-0.010124732497291558,False,True,False,True,100000,False,True,False,4.0131781975320635,-0.8698316031660029,9.822341760064791,1.09800135100178,True,Cruise
1,284,1675453328.9131038,46.67338984335543,-0.04435480208859425,False,True,False,True,100000,False,True,False,4.31011773953304,-0.9017862948727481,9.819645709960069,0.08434585869294631,True,Cruise
1,285,1675453329.0132256,46.67338984335543,-0.04435480208859425,False,True,False,True,100000,False,True,False,4.3274600527846205,-0.8888003904828465,9.828569429511278,0.023431225157217822,True,Cruise
1,286,1675453329.1130934,46.67338984335543,-0.04435480208859425,False,True,False,True,100000,False,True,False,0.1698794671033992,-1.2211658157323149,10.214272609683274,1.7975010116658843,True,Cruise
1,287,1675453329.2130623,46.67338984335543,-0.04435480208859425,False,True,True,True,100000,False,True,False,-1.069998489559612,-1.5410567052784345,10.29634508585771,1.2831069401958883,True,Cruise
1,288,1675453329.3130875,46.67338984335543,-0.04435480208859425,False,True,True,True,100000,False,True,False,-2.3363482258658346,-1.6699157648848124,10.317669018348669,1.273067563793202,True,Cruise
1,289,1675453329.4130785,46.67338984335543,-0.04435480208859425,False,True,True,True,100000,False,True,False,-2.6189990464178146,-1.7250357018695377,10.28502545672585,0.289819419513825,True,Cruise
1,290,1675453329.5130887,48.27206200359285,-0.023039173285428725,False,True,True,True,100000,False,True,False,-2.9997762601743396,-1.9345200516098164,10.18920313091452,0.2404191476115189,True,Cruise
1,291,1675453329.6131947,48.27206200359285,-0.023039173285428725,False,True,True,True,100000,False,True,False,-1.4448205464830526,-2.2641178897101324,9.898815157949485,1.6239408921743523,True,Cruise
1,292,1675453329.7130854,48.27206200359285,-0.023039173285428725,False,True,True,True,100000,False,True,False,1.281516501551777,-1.9880194392489574,9.569683541217632,1.1361845259998842,True,Cruise
1,293,1675453329.8130705,48.27206200359285,-0.023039173285428725,False,True,True,True,100000,False,True,False,1.281516501551777,-1.9880194392489574,9.569683541217632,0.3893391821779788,True,Cruise
1,294,1675453329.913062,48.565986398025224,0.0191201813596637,False,True,True,True,100000,False,True,False,-0.2890296824146411,-2.0609089658675885,9.628959052995304,0.500020395695331,True,Cruise
1,295,1675453330.0135295,48.565986398025224,0.0191201813596637,False,True,True,True,100000,False,True,False,-0.2890296824146411,-2.0609089658675885,9.628959052995304,0.2928209163092132,True,Cruise
1,296,1675453330.1133447,48.565986398025224,0.0191201813596637,False,True,True,True,100000,False,True,False,-0.5483425915615522,-1.1231682335714355,9.623225704471986,0.1911753618643589,True,Cruise
1,297,1675453330.213246,48.565986398025224,0.0191201813596637,False,True,True,True,100000,False,True,False,0.031260723100203475,-0.7729862402143943,9.56782258360283,0.6794386923339347,True,Cruise
1,298,1675453330.3131332,48.565986398025224,0.0191201813596637,False,True,True,True,100000,False,True,False,0.031260723100203475,-0.7729862402143943,9.56782258360283,1.2777791691912628,True,Cruise
1,299,1675453330.4131184,49.10374181985839,0.011950109068554766,False,True,True,True,100000,False,True,False,0.946984514781857,-0.24614511391188948,9.55544864555577,0.32608489731525536,True,Cruise
1,300,1675453330.5130801,49.10374181985839,0.011950109068554766,False,True,True,True,100000,False,True,False,0.4078454584027885,0.28919996842604595,9.651888612541354,0.3748663690351717,True,Cruise
1,301,1675453330.6131685,49.10374181985839,0.011950109068554766,False,True,True,True,100000,False,True,False,1.269173096838524,0.6115830619692838,9.59194459684179,0.8863191833853893,True,Cruise
1,302,1675453330.7131257,49.10374181985839,0.011950109068554766,False,False,True,True,100000,False,True,False,2.5036707136156062,1.204180403443256,9.571761603773115,0.5559047738339605,True,Cruise
1,303,1675453330.8130794,47.92385941545661,0.027681874460578505,False,False,True,True,100000,False,True,False,2.5036707136156062,1.204180403443256,9.571761603773115,0.5559047738339605,True,Cruise
1,304,1675453330.9131234,47.92385941545661,0.027681874460578505,False,False,True,True,100000,False,True,False,1.247549734448165,1.5037722263669226,9.840283824736105,0.45463859296647957,True,Cruise
1,305,1675453331.0130558,47.92385941545661,0.027681874460578505,False,False,True,True,100000,False,True,False,0.694151858407293,1.6531261169047975,9.93808839586322,0.31755338163291486,True,Cruise
1,306,1675453331.113342,47.92385941545661,0.027681874460578505,False,False,True,True,100000,False,True,False,-1.299508389633178,1.6512956690548226,10.1417897801671,0.9209593818838466,True,Cruise
1,307,1675453331.2131443,47.92385941545661,0.027681874460578505,False,False,True,True,100000,False,True,False,-1.9463920693648293,1.6081718906573772,10.191901212146766,0.6502532667980118,True,Cruise
1,308,1675453331.3133004,49.359141828119874,-0.008544775625068377,False,False,True,True,100000,False,True,False,-1.9463920693648293,1.6081718906573772,10.191901212146766,0.8462105237444113,True,Cruise
1,309,1675453331.4130828,49.359141828119874,-0.008544775625068377,False,False,True,True,100000,False,True,False,-2.9409333160716815,1.6181301989558863,10.17285591554901,0.15245354551640655,True,Cruise
1,310,1675453331.5130608,49.359141828119874,-0.008544775625068377,False,False,True,True,100000,False,True,False,0.6790253725808614,1.2472526754349993,9.774256024010974,1.8033420468524306,True,Cruise
1,311,1675453331.6131773,49.359141828119874,-0.008544775625068377,False,False,True,True,100000,False,True,False,1.8568150503696004,0.9310486230183167,9.656970224200272,1.8033420468524306,True,Cruise
1,312,1675453331.7131534,49.359141828119874,-0.008544775625068377,False,False,True,True,100000,False,True,False,2.8065539906691264,0.7937043702490214,9.56976248392366,0.2943586184283389,True,Cruise
1,313,1675453331.813111,49.405341286113725,-0.007928782851816977,False,False,True,True,100000,False,True,False,2.3592275812900003,0.48205289792713574,9.628379916503194,0.5483279676713899,True,Cruise
1,314,1675453331.913192,49.405341286113725,-0.007928782851816977,False,False,True,True,100000,False,True,False,1.7290420929463073,0.1763924872325298,9.70007765745369,0.1648923248098534,True,Cruise
1,315,1675453332.0131001,49.405341286113725,-0.007928782851816977,False,False,True,True,100000,False,True,False,1.9773807044808889,-0.040921742826348105,9.746175327156521,0.14266205116843667,True,Cruise
1,316,1675453332.1130462,49.405341286113725,-0.007928782851816977,False,False,True,True,100000,False,True,False,1.5229329162362337,-0.0732801188488946,9.797419376893567,0.42443405828928643,True,Cruise
1,317,1675453332.2130544,49.405341286113725,-0.007928782851816977,False,False,True,True,100000,False,True,False,1.1313826232296247,0.08865342466942512,9.82212090247302,0.42443405828928643,True,Cruise
1,318,1675453332.3131182,49.351547195307184,0.00864603739590425,False,False,True,True,100000,False,True,False,0.7036919348088321,-0.31756076945131206,9.862786036105694,0.5912554012948843,True,Cruise
1,319,1675453332.4131787,49.351547195307184,0.00864603739590425,False,False,True,True,100000,False,True,False,0.5947525094840233,-0.6644726930556272,9.856419014200284,0.17739426028171643,True,Cruise
1,320,1675453332.5133421,49.351547195307184,0.00864603739590425,False,False,True,True,100000,False,True,False,0.21113109983741762,-0.5268102886567285,9.905448074371598,0.3933102217535065,True,Cruise
1,321,1675453332.6131282,49.351547195307184,0.00864603739590425,False,False,True,True,100000,False,True,False,0.30075766742805254,-0.6879186278595449,9.874979969414747,0.03710289995887197,True,Cruise
1,322,1675453332.7130606,47.844913195209465,-0.028734490730540442,False,False,False,True,100000,False,True,False,0.30075766742805254,-0.6879186278595449,9.874979969414747,0.03710289995887197,True,Cruise
1,323,1675453332.8130474,47.844913195209465,-0.028734490730540442,False,False,False,True,100000,False,True,False,0.23819689849688705,-0.3923847902060817,9.853542413234536,0.302842645316709,True,Cruise
1,324,1675453332.9131837,47.844913195209465,-0.028734490730540442,False,False,False,True,100000,False,True,False,-0.8063424797018321,-0.14925046034409153,9.94273807994086,1.0761657316251951,True,Cruise
1,325,1675453333.0131443,47.844913195209465,-0.028734490730540442,False,False,False,True,100000,False,True,False,-2.5129061380654374,-0.7811191549634594,10.046853954437514,0.7730982658510565,True,Cruise
1,326,1675453333.1130755,47.844913195209465,-0.028734490730540442,False,False,False,True,100000,False,True,False,-3.3418665882151752,-0.7169614274857226,10.050331611705301,0.3294826904179596,True,Cruise
1,327,1675453333.213084,47.07009555907097,0.03906539254572046,False,False,False,True,100000,False,True,False,-3.5501012682078916,-0.6881916483922748,10.028827947384832,0.21130970096037294,True,Cruise
1,328,1675453333.3130605,47.07009555907097,0.03906539254572046,False,False,False,True,100000,False,True,False,-3.3369890102605733,-0.8283486202867735,9.816843424142217,0.3660653662217608,True,Cruise
1,329,1675453333.4130616,47.07009555907097,0.03906539254572046,False,False,False,True,100000,False,True,False,-3.93901276376625,0.5780362295413802,9.80768734624745,0.929700016053565,True,Cruise
1,330,1675453333.5131655,47.07009555907097,0.03906539254572046,False,False,False,True,100000,False,True,False,-4.1828311377212675,0.6716500712756412,9.798541392579644,0.6057599319746605,True,Cruise
1,331,1675453333.6131222,47.07009555907097,0.03906539254572046,False,False,False,True,100000,False,True,False,-3.6699538987866207,0.7920402910569851,9.695232249283324,0.35277257291935726,True,Cruise
1,332,1675453333.7130802,47.07009555907097,0.03906539254572046,False,False,False,True,100000,False,True,False,-3.6699538987866207,0.7920402910569851,9.695232249283324,0.35277257291935726,True,Cruise
1,333,1675453333.8131273,49.51182529387155,0.006508996081712614,False,False,False,True,100000,False,True,False,-3.034975050518159,1.1421678034748777,9.597427705763414,0.18322702326663773,True,Cruise
1,334,1675453333.9130714,49.51182529387155,0.006508996081712614,False,False,False,True,100000,False,True,False,-2.9499176208178053,1.3040280220078972,9.58565292914704,1.4754637218337145,True,Cruise
1,335,1675453334.0130866,49.51182529387155,0.006508996081712614,False,False,False,True,100000,False,True,False,0.027365345474256494,1.1731883880225187,9.331219271007178,1.097680175474198,True,Cruise
1,336,1675453334.1131196,49.8880227649116,-0.0014930298011787513,False,False,False,True,100000,False,True,False,1.116379840331858,1.0510115751024298,9.267799841777657,1.097680175474198,True,Cruise
1,337,1675453334.2131252,49.8880227649116,-0.0014930298011787513,False,False,False,True,100000,False,True,False,2.357469060085868,1.2533264742878205,9.25661983953492,0.5072650781548,True,Cruise
1,338,1675453334.313095,49.8880227649116,-0.0014930298011787513,False,False,False,True,100000,False,True,False,3.188151471420054,1.2506350523260874,9.383772257442326,0.275033432695426,True,Cruise
1,339,1675453334.4131637,49.34072034703408,-0.008790395372878972,False,False,False,True,100000,False,True,False,3.670880005857841,1.026913164789159,9.492610052618394,0.27192408439444565,True,Cruise
1,340,1675453334.513135,49.34072034703408,-0.008790395372878972,False,False,False,True,100000,False,True,False,3.716348402949184,0.5416825580401728,9.72339491594072,0.3786416822085661,True,Cruise
1,341,1675453334.61306,49.34072034703408,-0.008790395372878972,False,False,False,True,100000,False,True,False,3.5264430011449464,0.3654550112596505,9.809944486497297,0.27315021149953017,True,Cruise
1,342,1675453334.713151,48.789923561587045,-0.016134352512172757,False,False,False,True,100000,False,True,False,3.5264430011449464,0.3654550112596505,9.809944486497297,0.24796594871430824,True,Cruise
1,343,1675453334.8132148,48.789923561587045,-0.016134352512172757,False,False,False,True,100000,False,True,False,2.187138365858062,0.18658206975352046,10.110834219053814,1.2268283150821127,True,Cruise
1,344,1675453334.913099,48.789923561587045,-0.016134352512172757,False,False,False,True,100000,False,True,False,0.7374403404867129,-0.2442707453325376,10.29204287176052,0.6285023266668919,True,Cruise
1,345,1675453335.0130641,48.58974743582363,-0.018803367522351594,False,False,False,True,100000,False,True,False,-0.37022701669941105,-0.4877903418084168,10.38536195579838,0.7043552363224723,True,Cruise
1,346,1675453335.113058,48.58974743582363,-0.018803367522351594,False,False,False,True,100000,False,True,False,-0.4622788058381482,-0.6906216123093312,10.36222779304584,0.22394027253470664,True,Cruise
1,347,1675453335.2130766,48.58974743582363,-0.018803367522351594,False,False,False,True,100000,False,True,False,-0.4622788058381482,-0.6906216123093312,10.36222779304584,0.22394027253470664,True,Cruise
1,348,1675453335.3132591,48.525115763690266,-0.019665123150796503,False,False,False,True,100000,False,True,False,0.351805538324445,-1.0938003506697904,10.177331750160125,0.22394027253470664,True,Cruise
1,349,1675453335.4131665,48.525115763690266,-0.019665123150796503,False,False,False,True,100000,False,True,False,0.36203172129655753,-1.2127407290780285,10.133854148525202,0.9270776456971482,True,Cruise
1,350,1675453335.5131083,48.525115763690266,-0.019665123150796503,False,False,False,True,100000,False,True,False,-0.6541486740504775,-1.5141223843464389,10.034652745440702,0.18237525004953356,True,Cruise
1,351,1675453335.6130474,48.525115763690266,-0.019665123150796503,False,False,False,True,100000,False,True,False,-0.7596396733416483,-1.5404216629517828,9.985773204887778,0.11920240128150225,True,Cruise
