repetition,iteration,time,speed,steering,obstacle_North,obstacle_NorthWest,obstacle_SouthWest,obstacle_West,obstacle_distance,follow_enable,steady_motion_enable,passing_start,accel_x,accel_y,accel_z,accel_diff,success,action
1,1,1675398987.3531742,0.0,0.0,False,True,False,False,100000,False,False,False,0.06084637754831325,2.3407302804832384e-13,10.405301616244527,0.053782357412894076,True,
1,2,1675398987.3534188,0.0,0.0,False,True,False,False,100000,False,False,False,0.06084637754831325,2.3407302804832384e-13,10.405301616244527,0.053782357412894076,True,
1,3,1675398987.4535656,0.0,0.0,False,True,False,False,100000,False,True,False,0.11444318892993345,1.5347142397907022e-13,10.400838010234661,0.053782357412894076,True,Cruise
1,4,1675398987.553649,0.0,0.0,False,True,False,False,100000,False,True,False,0.24666626616225684,1.8855637290978922e-13,10.336500073756252,0.09995185067531888,True,Cruise
1,5,1675398987.6535642,49.39882723751226,0.008015636833169878,False,True,False,False,100000,False,True,False,0.2796810022504297,-8.337990473290644e-13,10.301774476662798,0.047914923483906156,True,Cruise
1,6,1675398987.7535243,49.39882723751226,0.008015636833169878,False,True,False,False,100000,False,True,False,2.2226276757706573,-0.011415663579987688,10.051716251685828,0.9366719513795808,True,Cruise
1,7,1675398987.8537061,49.659518597774316,0.004539752029675824,False,True,False,False,100000,False,True,False,2.2226276757706573,-0.011415663579987688,10.051716251685828,0.9366719513795808,True,Cruise
1,8,1675398987.9535713,49.659518597774316,0.004539752029675824,False,True,False,False,100000,False,True,False,3.6424905193816595,0.012413776014078698,9.845879736506019,0.2786937914138449,True,Cruise
1,9,1675398988.0536294,49.659518597774316,0.004539752029675824,False,True,False,False,100000,False,True,False,3.6424905193816595,0.012413776014078698,9.845879736506019,0.27056624390557155,True,Cruise
1,10,1675398988.1535854,49.77431363435143,0.0030091515419809227,False,True,False,False,100000,False,True,False,3.9864845621612655,-0.003049983551798505,9.760393177474764,0.08428877371597002,True,Cruise
1,11,1675398988.2540283,49.77431363435143,0.0030091515419809227,False,True,False,False,100000,False,True,False,4.065755276112795,-0.0020435400900682167,9.740252984317086,0.08179539350877571,True,Cruise
1,12,1675398988.3535905,49.66476264837703,0.004469831354972915,False,True,False,False,100000,False,True,False,4.238174012830542,0.00026805305657335004,9.707018870730304,0.08963157414783421,True,Cruise
1,13,1675398988.4535599,49.66476264837703,0.004469831354972915,False,True,False,False,100000,False,True,False,4.238174012830542,0.00026805305657335004,9.707018870730304,0.08265675366537059,True,Cruise
1,14,1675398988.5535102,49.706525492958995,0.0039129934272133975,False,True,False,False,100000,False,True,False,4.480283077665043,0.005554806736634519,9.679227363753283,0.0730586061369178,True,Cruise
1,15,1675398988.6536016,49.706525492958995,0.0039129934272133975,False,True,False,False,100000,False,True,False,4.619159829496521,0.007851059109658623,9.681256596647946,0.03284022312614978,True,Cruise
1,16,1675398988.7535796,49.706525492958995,0.0039129934272133975,False,True,False,False,100000,False,True,False,4.638472262451945,0.00679884259344007,9.687552347488557,0.01099622266984264,True,Cruise
1,17,1675398988.853574,49.67154525763485,0.0043793965648686786,False,True,False,False,100000,False,True,False,4.627809030194111,0.0077389368743020085,9.717363630194775,0.01781775658976882,True,Cruise
1,18,1675398988.9536154,49.290720000355435,0.009457066661927523,False,True,False,False,100000,False,True,False,4.605507250844824,0.006784176839912833,9.729457102174395,0.025387654349888343,True,Cruise
1,19,1675398989.0536385,49.290720000355435,0.009457066661927523,False,True,False,False,100000,False,True,False,4.575871703472991,-0.0050755853385639395,9.741937073930277,0.03427344922802195,True,Cruise
1,20,1675398989.1535835,49.290720000355435,0.009457066661927523,False,True,False,False,100000,False,True,False,4.499334444486183,0.026969061986331717,9.76661506551439,0.08656682218966012,True,Cruise
1,21,1675398989.2536247,49.798906518449456,0.002681246420673887,False,True,False,False,100000,False,True,False,4.454770287257744,0.026424498388891257,9.778177390265013,0.04854948563724467,True,Cruise
1,22,1675398989.3535807,49.798906518449456,0.002681246420673887,False,True,False,False,100000,False,True,False,4.407466642828014,0.024172184233715657,9.788870605883018,0.06068395636155013,True,Cruise
1,23,1675398989.4535787,49.798906518449456,0.002681246420673887,False,True,False,False,100000,False,True,False,4.259390689422381,-0.0022320313907797295,9.813827251069474,0.05097716791411606,True,Cruise
1,24,1675398989.5536,49.798906518449456,0.002681246420673887,False,True,False,False,100000,False,True,False,4.163961036168746,0.001871067300165508,9.823436698915867,0.04717040692232321,True,Cruise
1,25,1675398989.6536145,49.79248547929124,0.0027668602761168116,False,True,False,False,100000,False,True,False,4.163961036168746,0.001871067300165508,9.823436698915867,0.08634003850009819,True,Cruise
1,26,1675398989.7537303,49.79248547929124,0.0027668602761168116,False,True,False,False,100000,False,True,False,4.039462902505152,0.004988298550249181,9.826858655433954,0.03466339645724365,True,Cruise
1,27,1675398989.8535092,49.79248547929124,0.0027668602761168116,False,True,False,False,100000,False,True,False,3.974150138838639,0.003681127389810732,9.822547400069743,0.030822777945039702,True,Cruise
1,28,1675398989.9535508,49.68458407275316,0.0042055456966244905,False,True,False,False,100000,False,True,False,3.9251462218404205,0.0018497855574975738,9.814083642510901,0.022913718325312495,True,Cruise
1,29,1675398990.0536058,49.68458407275316,0.0042055456966244905,False,True,False,False,100000,False,True,False,3.906897483734668,-0.0029272260403195474,9.808677239804291,0.019623085192804354,True,Cruise
1,30,1675398990.153578,49.68458407275316,0.0042055456966244905,False,True,False,False,100000,False,True,False,3.89272794916842,0.004291342453686478,9.802710388826059,0.016984897748387847,True,Cruise
1,31,1675398990.253555,49.68458407275316,0.0042055456966244905,False,True,False,False,100000,False,True,False,3.873258410708492,0.0065329463304552365,9.783091809044464,0.021228428276187147,True,Cruise
1,32,1675398990.3535948,49.65917732680122,0.0045443023093170425,False,True,False,False,100000,False,True,False,3.8736731869134644,0.006368123904906112,9.77651006907281,0.007210621118510808,True,Cruise
1,33,1675398990.4536808,49.65917732680122,0.0045443023093170425,False,True,False,False,100000,False,True,False,3.8830944591935843,0.006178481042510291,9.76413409606782,0.008530487392389527,True,Cruise
1,34,1675398990.5537548,49.65917732680122,0.0045443023093170425,False,True,False,False,100000,False,True,False,3.9017351847731505,0.010283612718229052,9.753567084115923,0.012734708736071609,True,Cruise
1,35,1675398990.6535242,49.77477202562529,0.0030030396583294807,False,False,False,False,100000,False,True,False,3.941019822511231,0.01685476901407148,9.742497653071911,0.028736488218047918,True,Cruise
1,36,1675398990.7535489,49.77477202562529,0.0030030396583294807,False,False,False,False,100000,False,True,False,3.9558407781716123,0.008700969280252477,9.740255123578947,0.017063824756279863,True,Cruise
1,37,1675398990.8535714,49.77477202562529,0.0030030396583294807,False,False,False,False,100000,False,True,False,3.970981314562092,0.005816957807977556,9.738762719795563,0.015484851740210965,True,Cruise
1,38,1675398990.9535708,49.68410018525642,0.004211997529914427,False,False,False,False,100000,False,True,False,4.001134867282776,0.006718432297187334,9.737969012583186,0.014996919900680047,True,Cruise
1,39,1675398991.0535038,49.68410018525642,0.004211997529914427,False,False,False,False,100000,False,True,False,4.042682876796405,0.011314941342601562,9.741689408587828,0.014997202178156886,True,Cruise
1,40,1675398991.153547,49.68410018525642,0.004211997529914427,False,False,False,False,100000,False,True,False,4.042682876796405,0.011314941342601562,9.741689408587828,0.014997202178156886,True,Cruise
1,41,1675398991.2535803,49.68410018525642,0.004211997529914427,False,False,False,False,100000,False,True,False,4.042682876796405,0.011314941342601562,9.741689408587828,0.010476906750637713,True,Cruise
1,42,1675398991.3535142,49.688109409480155,0.004158541206931283,False,False,False,False,100000,False,True,False,4.084789469001813,0.013762381906835396,9.75322647980331,0.009435564464137744,True,Cruise
1,43,1675398991.4538906,49.70372327192548,0.00395035637432694,False,False,False,False,100000,False,True,False,4.092371519362736,0.013998987701660043,9.756785020598292,0.007327306175600028,True,Cruise
1,44,1675398991.553605,49.75964751922103,0.0032046997437195357,False,False,False,False,100000,False,True,False,4.098712248590078,0.014029586881026743,9.760457027181447,0.007327306175600028,True,Cruise
1,45,1675398991.6536274,49.705544480502645,0.0039260735932981055,False,False,False,False,100000,False,True,False,4.110516729712227,0.006915781453460058,9.771417488571002,0.015035864735294016,True,Cruise
1,46,1675398991.7536,49.705544480502645,0.0039260735932981055,False,False,False,False,100000,False,True,False,4.110516729712227,0.006915781453460058,9.771417488571002,0.009170146675848482,True,Cruise
1,47,1675398991.8535826,49.58400450499676,0.0055466066000431575,False,False,False,False,100000,False,True,False,4.112438053381541,0.010334581820873996,9.780991508222415,0.009796220036722144,True,Cruise
1,48,1675398991.9536421,49.58400450499676,0.0055466066000431575,False,False,False,False,100000,False,True,False,4.109185308386694,0.021642183310607046,9.785974330547926,0.01166428408471506,True,Cruise
1,49,1675398992.0535493,49.81448640251584,0.0024735146331221394,False,False,False,False,100000,False,True,False,4.106523326886901,0.025939064593304143,9.787950071308051,0.00542705130011259,True,Cruise
1,50,1675398992.153592,49.721275047939315,0.0037163326941423995,False,False,False,False,100000,False,True,False,4.103337618724766,0.0352688624666348,9.78955755716902,0.02021838635719093,True,Cruise
1,51,1675398992.2535238,49.721275047939315,0.0037163326941423995,False,False,False,False,100000,False,True,False,4.095905740710127,0.002944791081023954,9.791637176753753,0.013079863635385424,True,Cruise
1,52,1675398992.3536057,49.721275047939315,0.0037163326941423995,False,False,False,False,100000,False,True,False,4.095905740710127,0.002944791081023954,9.791637176753753,0.013079863635385424,True,Cruise
1,53,1675398992.4535568,49.28319815691051,0.009557357907859878,False,False,False,False,100000,False,True,False,4.082670662564276,2.8259132779855512e-05,9.79211033705146,0.015290056269343799,True,Cruise
1,54,1675398992.5535693,49.28319815691051,0.009557357907859878,False,False,False,False,100000,False,True,False,4.077902643371649,0.03863597252189587,9.791646545514864,0.03890378699749937,True,Cruise
1,55,1675398992.6535451,49.84584628133667,0.0020553829155110963,False,False,False,False,100000,False,True,False,4.068765023935249,0.06038023329293439,9.789883387071463,0.006038883615032139,True,Cruise
1,56,1675398992.7535932,49.89682399047381,0.0013756801270157913,False,False,False,False,100000,False,True,False,4.061066642013293,0.03177570937057256,9.787185295464164,0.021671059430171905,True,Cruise
1,57,1675398992.8535526,49.89682399047381,0.0013756801270157913,False,False,False,False,100000,False,True,False,4.057728852862998,0.009309764481124055,9.785597092107562,0.022768001802738098,True,Cruise
1,58,1675398992.953556,49.89682399047381,0.0013756801270157913,False,False,False,False,100000,False,True,False,4.0516410211247535,0.0064052819955157676,9.782170723704647,0.0032054788718342505,True,Cruise
1,59,1675398993.0535674,49.934313345273154,0.0008758220630246676,False,False,False,False,100000,False,True,False,4.048992460502284,0.006740267815910214,9.780396461625074,0.0032054788718342505,True,Cruise
1,60,1675398993.1537037,49.896446205199716,0.0013807172640037408,False,False,False,False,100000,False,True,False,4.04468116061512,0.006340356992365573,9.776875285986652,0.0026466666784359045,True,Cruise
1,61,1675398993.2537086,49.896446205199716,0.0013807172640037408,False,False,False,False,100000,False,True,False,4.041837390438092,-0.0045012964370340575,9.773568459323103,0.005171233719279694,True,Cruise
1,62,1675398993.3537009,49.962601180863494,0.0004986509218200242,False,False,False,False,100000,False,True,False,4.040350492602989,-0.008326576573132228,9.770671508251965,0.0017983296182972894,True,Cruise
1,63,1675398993.453728,49.962601180863494,0.0004986509218200242,False,False,False,False,100000,False,True,False,4.040350492602989,-0.008326576573132228,9.770671508251965,0.005473415985668999,True,Cruise
1,64,1675398993.5535073,49.90261122909986,0.001298516945335158,False,False,False,False,100000,False,True,False,4.040118235994179,-0.013262942860420648,9.768318504363833,0.005473415985668999,True,Cruise
1,65,1675398993.6535454,49.985078236171915,0.0001989568510411457,False,False,False,False,100000,False,True,False,4.0409195064542,-0.018775522788033436,9.766598109038966,0.002513660536499792,True,Cruise
1,66,1675398993.7537029,49.985078236171915,0.0001989568510411457,False,False,False,False,100000,False,True,False,4.04247890163519,-0.01492659332142788,9.765546433243944,0.006843935732214721,True,Cruise
1,67,1675398993.8535762,49.924228873064145,0.0010102816924780493,False,False,False,False,100000,False,True,False,4.044629244110253,-0.014452157925985342,9.765139435875305,0.006394315249047522,True,Cruise
1,68,1675398993.9536304,49.65317678521054,0.004624309530526109,False,False,False,False,100000,False,True,False,4.045858544061683,-0.017433369990371254,9.765161311001867,0.005922828337966757,True,Cruise
1,69,1675398994.0537121,49.65317678521054,0.004624309530526109,False,False,False,False,100000,False,True,False,4.048444871271963,-0.012123876036120949,9.765608615184908,0.005922828337966757,True,Cruise
1,70,1675398994.1536286,49.97492050988848,-0.00033439320148698605,False,False,False,False,100000,False,True,False,4.051003850017907,0.011513036920032504,9.766511209748005,0.02912635003789791,True,Cruise
1,71,1675398994.2536283,49.97492050988848,-0.00033439320148698605,False,False,False,False,100000,False,True,False,4.053440224934309,0.046699164361779184,9.767742242408472,0.019661304817736897,True,Cruise
1,72,1675398994.3535817,49.97492050988848,-0.00033439320148698605,False,False,False,False,100000,False,True,False,4.054747431681029,0.01209964137773276,9.768426179682034,0.017182072453374657,True,Cruise
1,73,1675398994.4535882,49.88890659672885,0.0014812453769486814,False,False,False,False,100000,False,True,False,4.057029614621955,-0.007196952738433134,9.769904715780395,0.002539244949445293,True,Cruise
1,74,1675398994.553584,49.95144461046733,0.0006474051937689749,False,False,False,False,100000,False,True,False,4.0595250990109655,0.008667661945513062,9.772172709918074,0.015110582576512677,True,Cruise
1,75,1675398994.653555,49.983023472836514,0.00022635369551317954,False,False,False,False,100000,False,True,False,4.0595250990109655,0.008667661945513062,9.772172709918074,0.009523927654667577,True,Cruise
1,76,1675398994.753612,49.983023472836514,0.00022635369551317954,False,False,False,False,100000,False,True,False,4.060664545575766,0.012578806168171327,9.773560877069563,0.0036471691992326673,True,Cruise
1,77,1675398994.853672,49.983023472836514,0.00022635369551317954,False,False,False,False,100000,False,True,False,4.061099542481466,0.009012138366601386,9.774186577999007,0.0036471691992326673,True,Cruise
1,78,1675398994.9536328,49.950589738950434,-0.0006588034806608662,False,False,False,False,100000,False,True,False,4.061685374154153,0.0007815935257743148,9.775268369433348,0.0027093467427478698,True,Cruise
1,79,1675398995.053567,49.988717592507385,0.00015043209990153893,False,False,False,False,100000,False,True,False,4.061833292447823,-1.382583944436238e-05,9.775715716729277,0.000924495208933868,True,Cruise
1,80,1675398995.1536493,49.988717592507385,0.00015043209990153893,False,False,False,False,100000,False,True,False,4.061780986771068,-0.007771176819205562,9.776651284044165,0.009745930412713962,True,Cruise
1,81,1675398995.2536647,49.94140195562849,0.0007813072582867887,False,False,False,False,100000,False,True,False,4.061394667459956,-0.003984186134284883,9.776937309298466,0.00183368489542777,True,Cruise
1,82,1675398995.3536766,49.94140195562849,0.0007813072582867887,False,False,False,False,100000,False,True,False,4.061123760148985,-0.005480663285522651,9.776984165111905,0.0015215222977554943,True,Cruise
1,83,1675398995.4535058,49.99976589676989,-3.121376401531335e-06,False,False,False,False,100000,False,True,False,4.0604615989240695,0.0015078083100338363,9.77690493979354,0.002358300511451043,True,Cruise
1,84,1675398995.55368,49.99976589676989,-3.121376401531335e-06,False,False,False,False,100000,False,True,False,4.060091604472943,0.0020593734832516026,9.776787743324245,0.0006744294229841332,True,Cruise
1,85,1675398995.6535819,49.98098504294504,0.00025353276073275944,False,False,False,False,100000,False,True,False,4.059308797353745,0.004841783141598228,9.776426026368034,0.0006744294229841332,True,Cruise
1,86,1675398995.7536514,49.98098504294504,0.00025353276073275944,False,False,False,False,100000,False,True,False,4.058915438066437,-0.0008127177774344025,9.776192852317864,0.002674717000637942,True,Cruise
1,87,1675398995.8537197,49.9480205792313,-0.000693058943582753,False,False,False,False,100000,False,True,False,4.0577512163023854,0.0013863253224926928,9.775362871062459,0.00562188002706291,True,Cruise
1,88,1675398995.9535468,49.9480205792313,-0.000693058943582753,False,False,False,False,100000,False,True,False,4.057392278214057,-0.00451768599884133,9.775061785605144,0.005922570277024941,True,Cruise
1,89,1675398996.053672,49.993268150706776,8.97579905763257e-05,False,False,False,False,100000,False,True,False,4.057051177567426,-0.008224302335531973,9.774758359155852,0.0037346247373309695,True,Cruise
1,90,1675398996.1535728,49.944953201469794,-0.0007339573137360654,False,False,False,False,100000,False,True,False,4.056731900869062,-0.009427872982168928,9.77445756685168,0.0012810136306118153,True,Cruise
1,91,1675398996.2535217,49.944953201469794,-0.0007339573137360654,False,False,False,False,100000,False,True,False,4.055938579935496,-0.006386629062973129,9.773614925234776,0.005417541787450575,True,Cruise
1,92,1675398996.3535929,49.9249950845505,-0.0010000655393265971,False,False,False,False,100000,False,True,False,4.05573601580486,-0.000978587720949677,9.773366297732842,0.006553278670223005,True,Cruise
1,93,1675398996.4536052,49.9249950845505,-0.0010000655393265971,False,False,False,False,100000,False,True,False,4.055424462174872,-0.011912913847526884,9.772934514403984,0.004394230656075026,True,Cruise
1,94,1675398996.553636,49.9249950845505,-0.0010000655393265971,False,False,False,False,100000,False,True,False,4.05531463194345,-0.012637214631982755,9.77275514395722,0.0024629943618358565,True,Cruise
1,95,1675398996.6535435,49.992851151393644,-9.531798141806781e-05,False,False,False,False,100000,False,True,False,4.055180435992564,-0.016271478577691394,9.77247496403956,0.001185385812440937,True,Cruise
1,96,1675398996.753713,49.99340142533558,-8.798099552565208e-05,False,False,False,False,100000,False,True,False,4.055154763912761,-0.019392355011676646,9.772300554589522,0.00755695498413759,True,Cruise
1,97,1675398996.8535874,49.99340142533558,-8.798099552565208e-05,False,False,False,False,100000,False,True,False,4.0552355612510445,-0.00751807999990619,9.772226643501078,0.004317902563805934,True,Cruise
1,98,1675398996.9535627,49.982423046717,0.0002343593771066561,False,False,False,False,100000,False,True,False,4.055382261339833,-0.006184708180084351,9.772245330295958,0.004317902563805934,True,Cruise
1,99,1675398997.0537474,49.97635890998552,-0.00031521453352644944,False,False,False,False,100000,False,True,False,4.055475532472168,-0.005904593273250352,9.772284872378973,0.0002632478923515206,True,Cruise
1,100,1675398997.153626,49.97635890998552,-0.00031521453352644944,False,False,False,False,100000,False,True,False,4.055694053186967,-0.00069126210502584,9.772413547771464,0.005449948073583597,True,Cruise
1,101,1675398997.2535036,49.87704892641546,-0.0016393476477938405,False,False,False,False,100000,False,True,False,4.05593548170009,-0.0038776514296907125,9.772593753624813,0.00320059975705625,True,Cruise
1,102,1675398997.3535895,49.87704892641546,-0.0016393476477938405,False,False,False,False,100000,False,True,False,4.0560614909523345,-0.003570292777027287,9.772697122806077,0.00034789777328042993,True,Cruise
1,103,1675398997.4537108,49.87704892641546,-0.0016393476477938405,False,False,False,False,100000,False,True,False,4.056418237978973,-0.016771364635679402,9.773035282899402,0.011164022214443308,True,Cruise
1,104,1675398997.553619,49.88917228494983,-0.0014777028673356048,False,False,False,False,100000,False,True,False,4.056528369677693,-0.01890020366182571,9.773149748925517,0.001250547301658053,True,Cruise
1,105,1675398997.6536145,49.95664435013816,-0.0005780753314911539,False,False,False,False,100000,False,True,False,4.056738149685527,-0.019624614144033707,9.77336941805169,0.0005377358822921698,True,Cruise
1,106,1675398997.753595,49.855988678798596,-0.0019201509493520224,False,False,False,False,100000,False,True,False,4.056738149685527,-0.019624614144033707,9.77336941805169,0.0005377358822921698,True,Cruise
1,107,1675398997.8535693,49.855988678798596,-0.0019201509493520224,False,False,False,False,100000,False,True,False,4.0570279520572665,-0.013197999289492904,9.773653722375412,0.006439424885170838,True,Cruise
1,108,1675398997.9536095,49.855988678798596,-0.0019201509493520224,False,False,False,False,100000,False,True,False,4.057101493673677,-0.009566509905803582,9.77373351461022,0.01344616858223004,True,Cruise
1,109,1675398998.0535777,49.855988678798596,-0.0019201509493520224,False,False,False,False,100000,False,True,False,4.057170142392993,-0.031213419044068588,9.773869924777214,0.008201293754099734,True,Cruise
1,110,1675398998.1536899,49.855988678798596,-0.0019201509493520224,False,False,False,False,100000,False,True,False,4.057170142392993,-0.031213419044068588,9.773869924777214,0.002533872428614409,True,Cruise
1,111,1675398998.2536106,49.94079757858489,-0.0007893656188681493,False,False,False,False,100000,False,True,False,4.0572338556227905,-0.03427263901956253,9.773996797660844,0.0014395741524242415,True,Cruise
1,112,1675398998.3535616,49.94079757858489,-0.0007893656188681493,False,False,False,False,100000,False,True,False,4.057241787406349,-0.04002384181730565,9.774036057360568,0.004312111406453555,True,Cruise
1,113,1675398998.4535737,49.94079757858489,-0.0007893656188681493,False,False,False,False,100000,False,True,False,4.057262535232422,-0.03031090582222014,9.774029085790309,0.005727851547764878,True,Cruise
1,114,1675398998.553594,49.92163735363442,-0.0010448352848744472,False,False,False,False,100000,False,True,False,4.057253424469189,-0.02302004877270865,9.773998147955812,0.00036126232390553016,True,Cruise
1,115,1675398998.6535234,49.92163735363442,-0.0010448352848744472,False,False,False,False,100000,False,True,False,4.0571918283180155,-0.021324844962097595,9.77394707397886,0.0013364064027940154,True,Cruise
1,116,1675398998.7535756,49.92163735363442,-0.0010448352848744472,False,False,False,False,100000,False,True,False,4.057145630066347,-0.022578799233242516,9.773915777155306,0.001255195237301513,True,Cruise
1,117,1675398998.853561,49.92163735363442,-0.0010448352848744472,False,False,False,False,100000,False,True,False,4.057145630066347,-0.022578799233242516,9.773915777155306,0.001255195237301513,True,Cruise
1,118,1675398998.9535735,49.70499048400537,0.003933460213261725,False,False,False,False,100000,False,True,False,4.056929940398728,-0.03106054517324422,9.773720287469668,0.013132232034536341,True,Cruise
1,119,1675398999.0535731,49.70499048400537,0.003933460213261725,False,False,False,False,100000,False,True,False,4.056979722385349,0.01867229288536752,9.77367103096573,0.049732887366545214,True,Cruise
1,120,1675398999.1535711,49.94924988763832,-0.0006766681648223869,False,False,False,False,100000,False,True,False,4.056956248008724,0.049681705560700284,9.773630839596935,0.031009447606521016,True,Cruise
1,121,1675398999.25369,49.94924988763832,-0.0006766681648223869,False,False,False,False,100000,False,True,False,4.056788549771536,0.0645161907126896,9.773565177103908,0.004112334324747714,True,Cruise
1,122,1675398999.353597,49.94924988763832,-0.0006766681648223869,False,False,False,False,100000,False,True,False,4.056663420222281,0.04990262660266305,9.773472911331062,0.0146143910709544,True,Cruise
1,123,1675398999.4535685,49.891940424108114,-0.001440794345225085,False,False,False,False,100000,False,True,False,4.056663420222281,0.04990262660266305,9.773472911331062,0.0146143910709544,True,Cruise
1,124,1675398999.5537076,49.891940424108114,-0.001440794345225085,False,False,False,False,100000,False,True,False,4.056692235248886,0.03133843449195715,9.773406237251741,0.004720814476848354,True,Cruise
1,125,1675398999.6535554,49.891940424108114,-0.001440794345225085,False,False,False,False,100000,False,True,False,4.056676411216307,0.024482848783723705,9.7733934912288,0.0068556158194608965,True,Cruise
1,126,1675398999.7535172,49.518737506919784,0.006416833241069559,False,False,False,False,100000,False,True,False,4.056628015054369,0.010253560574233059,9.773379507807892,0.00688775793869193,True,Cruise
1,127,1675398999.853517,49.518737506919784,0.006416833241069559,False,False,False,False,100000,False,True,False,4.056589602387083,-0.027652712821236762,9.773376615265366,0.03790629296873955,True,Cruise
1,128,1675398999.9535172,49.518737506919784,0.006416833241069559,False,False,False,False,100000,False,True,False,4.05657392226266,0.044901390304619995,9.77338364434092,0.07255410516071203,True,Cruise
1,129,1675399000.0535662,49.929501711817856,-0.0009399771757619106,False,False,False,False,100000,False,True,False,4.056336441718324,0.09852548934620506,9.77341485384439,0.021704037486102928,True,Cruise
1,130,1675399000.1535704,49.929501711817856,-0.0009399771757619106,False,False,False,False,100000,False,True,False,4.056208849582715,0.12022914820725648,9.773427323334989,0.07421807182367497,True,Cruise
1,131,1675399000.253585,49.929501711817856,-0.0009399771757619106,False,False,False,False,100000,False,True,False,4.056679245596055,0.004212702795945237,9.773402507968925,0.006427503507905329,True,Cruise
1,132,1675399000.3535776,49.97978761965879,0.00026949840454952015,False,False,False,False,100000,False,True,False,4.056779488068968,-0.0022140161142303405,9.773408577594227,0.006427503507905329,True,Cruise
1,133,1675399000.4535935,49.97978761965879,0.00026949840454952015,False,False,False,False,100000,False,True,False,4.056806838236472,0.0041738949617245395,9.773439131455016,0.006388042695879439,True,Cruise
1,134,1675399000.5538137,49.71693911862677,0.003774145084976398,False,False,False,False,100000,False,True,False,4.056740345232647,0.021233977944016793,9.773479185771222,0.006388042695879439,True,Cruise
1,135,1675399000.6535685,49.71693911862677,0.003774145084976398,False,False,False,False,100000,False,True,False,4.056739512874992,0.006472852053735386,9.773526633304966,0.005509956619818154,True,Cruise
1,136,1675399000.7535737,49.71693911862677,0.003774145084976398,False,False,False,False,100000,False,True,False,4.056707661875933,0.026785953727738687,9.773559028493763,0.03459957515390859,True,Cruise
1,137,1675399000.8536901,49.94861971599543,-0.0006850704533942697,False,False,False,False,100000,False,True,False,4.056707661875933,0.026785953727738687,9.773559028493763,0.03459957515390859,True,Cruise
1,138,1675399000.9535756,49.94861971599543,-0.0006850704533942697,False,False,False,False,100000,False,True,False,4.056590950566598,0.07176101344193753,9.773596268727639,0.04497522656597181,True,Cruise
1,139,1675399001.0536563,49.94861971599543,-0.0006850704533942697,False,False,False,False,100000,False,True,False,4.056764980895373,0.027083605304607544,9.773585762082028,0.04467774831853654,True,Cruise
1,140,1675399001.1536767,49.94006326411449,-0.0007991564784734611,False,False,False,False,100000,False,True,False,4.056937838095989,-0.0018958692466893184,9.7735845962084,0.0035807158940570163,True,Cruise
1,141,1675399001.2535913,49.94006326411449,-0.0007991564784734611,False,False,False,False,100000,False,True,False,4.056940601931333,0.004385927927053977,9.773594479403542,0.002933542311664582,True,Cruise
1,142,1675399001.35378,49.94006326411449,-0.0007991564784734611,False,False,False,False,100000,False,True,False,4.056921564918701,0.002743823005100625,9.773599204340789,0.0016422220640295163,True,Cruise
1,143,1675399001.4536066,49.902199122070584,-0.0013040117057255397,False,False,False,False,100000,False,True,False,4.056882452010946,-0.005831176562708699,9.773604877202676,0.008575090646100783,True,Cruise
1,144,1675399001.5537598,49.902199122070584,-0.0013040117057255397,False,False,False,False,100000,False,True,False,4.056868434466886,-0.010905453083129546,9.773605457841986,0.003492222287203448,True,Cruise
1,145,1675399001.6535742,49.902199122070584,-0.0013040117057255397,False,False,False,False,100000,False,True,False,4.056850751968013,-0.02456496310560706,9.773602683799298,0.007688692562288338,True,Cruise
1,146,1675399001.7535686,49.92312722951191,-0.0010249702731745468,False,False,False,False,100000,False,True,False,4.056833465212018,-0.037022104302356404,9.77359663651549,0.004768463160052507,True,Cruise
1,147,1675399001.8535912,49.92312722951191,-0.0010249702731745468,False,False,False,False,100000,False,True,False,4.056824267893975,-0.04049604614374089,9.773592761245384,0.002992119898286031,True,Cruise
1,148,1675399001.9535604,49.92312722951191,-0.0010249702731745468,False,False,False,False,100000,False,True,False,4.056800938046778,-0.04629426490068755,9.773578487427569,0.002806169118628312,True,Cruise
1,149,1675399002.0537264,49.85029685894894,-0.001996041880680783,False,False,False,False,100000,False,True,False,4.056795598276448,-0.04624712367760449,9.773573208884173,4.773542794746936e-05,True,Cruise
1,150,1675399002.153598,49.85029685894894,-0.001996041880680783,False,False,False,False,100000,False,True,False,4.056789282622368,-0.04703958967171188,9.773567976526254,0.0007925084333131536,True,Cruise
1,151,1675399002.253656,49.85029685894894,-0.001996041880680783,False,False,False,False,100000,False,True,False,4.056754032109113,-0.05619314265302978,9.773559608255677,0.011249070489269495,True,Cruise
1,152,1675399002.3535705,49.85029685894894,-0.001996041880680783,False,False,False,False,100000,False,True,False,4.056754032109113,-0.05619314265302978,9.773559608255677,0.011249070489269495,True,Cruise
1,153,1675399002.4535792,49.855338647759666,-0.0019288180298710972,False,False,False,False,100000,False,True,False,4.0566953756695225,-0.06457350842601377,9.773547111118697,0.00010446315253751763,True,Cruise
1,154,1675399002.5535564,49.855338647759666,-0.0019288180298710972,False,False,False,False,100000,False,True,False,4.056674677394252,-0.06489887067743641,9.773533673211128,0.00010446315253751763,True,Cruise
1,155,1675399002.6535401,49.855338647759666,-0.0019288180298710972,False,False,False,False,100000,False,True,False,4.056671884214,-0.06525428300957746,9.773529768957976,0.0003554447508214628,True,Cruise
1,156,1675399002.7535636,49.96372264822412,-0.0004836980236783292,False,False,False,False,100000,False,True,False,4.0566650279892436,-0.07103442109210545,9.773521041092424,0.0045441506928721905,True,Cruise
1,157,1675399002.8536031,49.96372264822412,-0.0004836980236783292,False,False,False,False,100000,False,True,False,4.0566650279892436,-0.07103442109210545,9.773521041092424,0.016785680107919452,True,Cruise
1,158,1675399002.9537253,49.96372264822412,-0.0004836980236783292,False,False,False,False,100000,False,True,False,4.056762054316872,-0.04306703903650341,9.773510145228023,0.011181872439630067,True,Cruise
1,159,1675399003.053574,49.87535985861324,-0.0016618685518234747,False,False,False,False,100000,False,True,False,4.056778764883861,-0.034479481975954594,9.773512105990362,0.00858757354296427,True,Cruise
1,160,1675399003.1535895,49.87535985861324,-0.0016618685518234747,False,False,False,False,100000,False,True,False,4.056778764883861,-0.034479481975954594,9.773512105990362,0.00858757354296427,True,Cruise
1,161,1675399003.2535648,49.87535985861324,-0.0016618685518234747,False,False,False,False,100000,False,True,False,4.0567715903649635,-0.027745277167552592,9.773514727120666,0.010017730326812732,True,Cruise
1,162,1675399003.3535748,49.87535985861324,-0.0016618685518234747,False,False,False,False,100000,False,True,False,4.056689113720537,-0.04212543254419102,9.773528946151995,0.002052778146619932,True,Cruise
1,163,1675399003.4535818,49.951887060419274,-0.0006415058610763492,False,False,False,False,100000,False,True,False,4.056690293265287,-0.03882147502410359,9.773532741269458,0.001251189429068542,True,Cruise
1,164,1675399003.5537205,49.951887060419274,-0.0006415058610763492,False,False,False,False,100000,False,True,False,4.196188853270892,0.1676726716958823,9.773629397790064,0.24919809432605108,True,Cruise
1,165,1675399003.653609,49.951887060419274,-0.0006415058610763492,False,False,False,False,100000,False,True,False,4.169341676964612,0.09209136019188051,9.77541269459482,0.06374361034135166,True,Cruise
1,166,1675399003.7537286,49.83684870545719,-0.002175350593904058,False,False,False,False,100000,False,True,False,4.0841803965387,-0.031225783575511482,9.779826346342206,0.036835798401090934,True,Cruise
1,167,1675399003.8535492,49.83684870545719,-0.002175350593904058,False,False,False,False,100000,False,True,False,4.0834901215427255,-0.05067377171962797,9.778628438878403,0.04281097207141559,True,Cruise
1,168,1675399003.9535851,49.83684870545719,-0.002175350593904058,False,False,False,False,100000,False,True,False,4.079299973208842,-0.12358628021921021,9.776774804895375,0.03032147496927299,True,Cruise
1,169,1675399004.0536203,49.83684870545719,-0.002175350593904058,False,False,False,False,100000,False,True,False,4.079299973208842,-0.12358628021921021,9.776774804895375,0.03032147496927299,True,Cruise
1,170,1675399004.153636,48.728150612397926,0.016957991834694312,False,False,False,False,100000,False,True,False,4.085706580011321,-0.1579145124662461,9.773185147303154,0.08896143399279272,True,Cruise
1,171,1675399004.2535665,48.728150612397926,0.016957991834694312,False,False,False,False,100000,False,True,False,4.0432865149689174,0.021864239226045513,9.774578368271156,0.2500610190029328,True,Cruise
1,172,1675399004.3536203,48.728150612397926,0.016957991834694312,False,False,False,False,100000,False,True,False,4.050589934290712,0.1837136163100028,9.772954782892542,0.16202221090250743,True,Cruise
1,173,1675399004.4536266,49.78127894927733,-0.0029162806763022645,False,False,False,False,100000,False,True,False,4.0231088266142665,0.29651323257535955,9.768874365102214,0.04810852470648711,True,Cruise
1,174,1675399004.553637,49.78127894927733,-0.0029162806763022645,False,True,False,False,100000,False,True,False,4.0231088266142665,0.29651323257535955,9.768874365102214,0.052461002136570276,True,Cruise
1,175,1675399004.653572,49.78127894927733,-0.0029162806763022645,False,True,False,False,100000,False,True,False,4.039946390207349,0.1342687471300238,9.76662848019712,0.017513313968421408,True,Cruise
1,176,1675399004.7537477,49.83151143483725,-0.002246514202169976,False,True,False,False,100000,False,True,False,4.046241786925252,0.15060633564970088,9.766219398686381,0.05534668729001314,True,Cruise
1,177,1675399004.8536792,49.83151143483725,-0.002246514202169976,False,True,False,False,100000,False,True,False,4.082182835041591,0.20790833543136295,9.768196590924621,0.013239183308086084,True,Cruise
1,178,1675399004.953723,49.83151143483725,-0.002246514202169976,False,True,False,False,100000,False,True,False,4.073520205505402,0.17826565969808822,9.769115560598872,0.019374193701608765,True,Cruise
1,179,1675399005.0535707,49.82678822605502,-0.002309490319266379,False,True,False,False,100000,False,True,False,4.067601528751499,0.1472061846252552,9.769767860807239,0.03162510429830965,True,Cruise
1,180,1675399005.1537638,49.82678822605502,-0.002309490319266379,False,True,False,False,100000,False,True,False,4.52558893682604,1.968053760364983,10.554301447224846,5.759103788442332,True,Cruise
1,181,1675399005.253574,49.82678822605502,-0.002309490319266379,False,True,False,False,100000,False,True,False,4.106005970665904,0.10140027531293473,9.82474494830923,0.088546423513797,True,Cruise
1,182,1675399005.3536098,49.75798173097872,-0.0032269102536170756,False,True,False,False,100000,False,True,False,4.051913678930577,-0.19317389894743922,9.796002140216762,0.21860132916051558,True,Cruise
1,183,1675399005.4535336,49.75798173097872,-0.0032269102536170756,False,True,False,False,100000,False,True,False,4.110814469564976,-0.22944892893018723,9.806216119581048,0.06234275356548582,True,Cruise
1,184,1675399005.5536683,49.75798173097872,-0.0032269102536170756,False,True,False,False,100000,False,True,False,4.105862034440815,-0.29151640676117063,9.803098347272451,0.06234275356548582,True,Cruise
1,185,1675399005.6537988,49.77722748426437,-0.0029703002098083182,False,True,False,False,100000,False,True,False,3.9643396937822093,-0.2568330284672245,9.78703088791153,0.06234275356548582,True,Cruise
1,186,1675399005.7535658,49.77722748426437,-0.0029703002098083182,False,True,False,False,100000,False,True,False,4.021110432307225,-0.2962685825576623,9.775853130199392,0.03808392048872373,True,Cruise
1,187,1675399005.8536751,49.77722748426437,-0.0029703002098083182,False,True,False,False,100000,False,True,False,4.021110432307225,-0.2962685825576623,9.775853130199392,0.032535835470545775,True,Cruise
1,188,1675399005.9536395,49.78331294160963,-0.00288916077853827,False,True,False,False,100000,False,True,False,4.052794342606492,-0.31809946947074763,9.768209509524192,0.01503685453715155,True,Cruise
1,189,1675399006.0536342,49.78331294160963,-0.00288916077853827,False,True,False,False,100000,False,True,False,4.052456098033536,-0.3252386303829336,9.764582548254586,0.0035090542168243377,True,Cruise
1,190,1675399006.1535177,49.78331294160963,-0.00288916077853827,False,True,False,False,100000,False,True,False,4.034392485508921,-0.3012935163873984,9.762351345451037,0.0035090542168243377,True,Cruise
1,191,1675399006.253618,49.83757381905967,-0.002165682412537721,False,True,False,False,100000,False,True,False,4.034392485508921,-0.3012935163873984,9.762351345451037,0.030077248006577822,True,Cruise
1,192,1675399006.3535612,49.83757381905967,-0.002165682412537721,False,True,False,False,100000,False,True,False,4.026166877213692,-0.27564224353885924,9.76145746352215,0.02539136267878947,True,Cruise
1,193,1675399006.4535577,49.83757381905967,-0.002165682412537721,False,True,False,False,100000,False,True,False,4.022700583135449,-0.2280103285191435,9.76084640806457,0.02237637694761352,True,Cruise
1,194,1675399006.5535734,49.815933675089056,-0.002454217665479216,False,True,False,False,100000,False,True,False,4.022206782763209,-0.2100973494989698,9.760685983795764,0.016212850889783685,True,Cruise
1,195,1675399006.6536217,49.815933675089056,-0.002454217665479216,False,True,False,False,100000,False,True,False,4.023810217372893,-0.16215628849347516,9.760889849085993,0.03176545147392163,True,Cruise
1,196,1675399006.753576,49.815933675089056,-0.002454217665479216,False,True,False,False,100000,False,True,False,4.025067418187057,-0.15165808768627004,9.761191934129906,0.010774040265459002,True,Cruise
1,197,1675399006.8535495,49.80675846259858,0.002576553832018914,False,True,False,False,100000,False,True,False,4.026624056183237,-0.141004938136249,9.761600867444114,0.010774040265459002,True,Cruise
1,198,1675399006.9535792,49.80675846259858,0.002576553832018914,False,True,False,False,100000,False,True,False,4.02844443327872,-0.13007210805211017,9.762108628672205,0.01109497038676371,True,Cruise
1,199,1675399007.0536869,49.80675846259858,0.002576553832018914,False,True,False,False,100000,False,True,False,4.02844443327872,-0.13007210805211017,9.762108628672205,0.29543832198119113,True,Cruise
1,200,1675399007.1536775,49.80675846259858,0.002576553832018914,False,True,False,False,100000,False,True,False,4.0110004712841185,0.2811643735689522,9.731765290862567,0.025469969052695045,True,Cruise
1,201,1675399007.2535748,49.84143709170136,-0.0021141721106485408,False,True,False,False,100000,False,True,False,4.028664757223913,0.23125900404016878,9.74934687656386,0.021789954774975313,True,Cruise
1,202,1675399007.3536084,49.84143709170136,-0.0021141721106485408,False,True,False,False,100000,False,True,False,4.035045766025584,0.21472329867506204,9.755130647842119,0.01864400266701932,True,Cruise
1,203,1675399007.4537723,49.84143709170136,-0.0021141721106485408,False,True,False,False,100000,False,True,False,4.047390742159125,0.1367901960560814,9.766136461691469,0.0563690491876816,True,Cruise
1,204,1675399007.553578,49.826710790041574,-0.002310522799445704,False,True,False,False,100000,False,True,False,4.058440573475121,0.053986852599983544,9.775957295391624,0.027882813950524242,True,Cruise
1,205,1675399007.6535947,49.826710790041574,-0.002310522799445704,False,True,False,False,100000,False,True,False,4.063329102971435,0.03490755964369815,9.780289444129055,0.02016642390289673,True,Cruise
1,206,1675399007.7536457,49.826710790041574,-0.002310522799445704,False,True,False,False,100000,False,True,False,4.075056177169503,-0.03919895101567075,9.790567082911544,0.029703549810133532,True,Cruise
1,207,1675399007.8537333,49.690108434620726,-0.004131887538390294,False,True,False,False,100000,False,True,False,4.080279572356051,-0.09304905489560636,9.794997336696616,0.02563576846577704,True,Cruise
1,208,1675399007.9535742,49.690108434620726,-0.004131887538390294,False,True,False,False,100000,False,True,False,4.082109399905358,-0.11026943916175701,9.796483654859745,0.017380996657733343,True,Cruise
1,209,1675399008.0537245,49.690108434620726,-0.004131887538390294,False,True,False,False,100000,False,True,False,4.08333316839231,-0.15576623999325778,9.797506053382728,0.04552473826339592,True,Cruise
1,210,1675399008.1535804,49.690108434620726,-0.004131887538390294,False,True,False,False,100000,False,True,False,4.084397043747291,-0.20966797498764,9.79821915043875,0.01980805329226873,True,Cruise
1,211,1675399008.2535682,49.63841214443075,-0.004821171407589991,False,True,False,False,100000,False,True,False,2.099133159624907,-0.23041113349379477,9.969895282390446,1.992780886727741,True,Cruise
1,212,1675399008.3535964,49.63841214443075,-0.004821171407589991,False,True,False,False,100000,False,True,False,2.099133159624907,-0.23041113349379477,9.969895282390446,1.992780886727741,True,Cruise
1,213,1675399008.4535627,49.63841214443075,-0.004821171407589991,False,True,False,False,100000,False,True,False,0.5324321495791317,-0.25658454120585045,10.039346234099575,0.1781742955730946,True,Cruise
1,214,1675399008.553663,49.89684349229203,0.001375420102772937,False,True,False,False,100000,False,True,False,0.4538377396330445,-0.27312966441590786,10.015181738303754,0.08387338811491901,True,Cruise
1,215,1675399008.6535826,49.89684349229203,0.001375420102772937,False,True,False,False,100000,False,True,False,1.3317860869367961,-0.21184135791173778,9.863386565365161,0.9365681605846852,True,Cruise
1,216,1675399008.7535055,49.89684349229203,0.001375420102772937,False,True,False,False,100000,False,True,False,1.3317860869367961,-0.21184135791173778,9.863386565365161,0.9365681605846852,True,Cruise
1,217,1675399008.8536708,49.68669123603388,-0.004177450186214955,False,True,False,False,100000,False,True,False,0.5623200296462291,-0.18335482442997073,9.844154322303302,0.47834047559510384,True,Cruise
1,218,1675399008.9535947,49.68669123603388,-0.004177450186214955,False,True,False,False,100000,False,True,False,-1.4148745699560106,-0.2701041135112087,9.960251724212528,0.6705531384930514,True,Cruise
1,219,1675399009.053739,49.68669123603388,-0.004177450186214955,False,True,False,False,100000,False,True,False,-1.2953270750828287,-0.19877509361965093,9.908053781638333,0.6705531384930514,True,Cruise
1,220,1675399009.1535873,49.66231595700464,-0.004502453906604827,False,True,False,False,100000,False,True,False,-1.0377174948366832,-0.13113344317224807,9.850534507933864,0.27248221145119483,True,Cruise
1,221,1675399009.2535641,49.66231595700464,-0.004502453906604827,False,True,False,False,100000,False,True,False,-0.7989300058102449,-0.0920325700592557,9.797937383926635,0.24761825588510522,True,Cruise
1,222,1675399009.353575,49.66231595700464,-0.004502453906604827,False,True,False,False,100000,False,True,False,-0.7989300058102449,-0.0920325700592557,9.797937383926635,0.1479769668274711,True,Cruise
1,223,1675399009.4535944,49.66231595700464,-0.004502453906604827,False,True,False,False,100000,False,True,False,-0.6473919074697769,-0.11940668997872877,9.691828912100265,0.030876016076951084,True,Cruise
1,224,1675399009.5535667,49.751556163201926,-0.0033125844906409458,False,True,False,False,100000,False,True,False,-0.6168127165509308,-0.15712114263937657,9.66235001735229,0.026183394109452373,True,Cruise
1,225,1675399009.6535857,49.751556163201926,-0.0033125844906409458,False,True,False,False,100000,False,True,False,0.03024532598443353,-0.17847253923924672,9.587071531889245,0.6375733173726787,True,Cruise
1,226,1675399009.753559,49.751556163201926,-0.0033125844906409458,False,True,False,False,100000,False,True,False,0.007811559805116063,-0.1987714052595191,9.597388406011177,0.03196491386418931,True,Cruise
1,227,1675399009.8535209,49.751556163201926,-0.0033125844906409458,False,True,False,False,100000,False,True,False,0.007811559805116063,-0.1987714052595191,9.597388406011177,0.28018437305311655,True,Cruise
1,228,1675399009.9535956,49.78563020991173,-0.002858263867843576,False,True,False,False,100000,False,True,False,-0.2650000731011263,-0.242555608579275,9.643864629974102,0.28018437305311655,True,Cruise
1,229,1675399010.0537558,49.78563020991173,-0.002858263867843576,False,True,False,False,100000,False,True,False,-0.021951856939863106,-0.25400465800634986,9.644950623063881,0.28018437305311655,True,Cruise
1,230,1675399010.1535645,49.78563020991173,-0.002858263867843576,False,True,False,False,100000,False,True,False,0.009775495814587531,-0.2485553011044527,9.678370070400067,0.01769731040879399,True,Cruise
1,231,1675399010.2535527,48.84968542134931,0.015337527715342638,False,True,False,False,100000,False,True,False,0.03443101459566965,-0.24347561928887398,9.714016541655456,0.025095626821716958,True,Cruise
1,232,1675399010.353698,48.84968542134931,0.015337527715342638,False,True,False,False,100000,False,True,False,0.03443101459566965,-0.24347561928887398,9.714016541655456,0.9341849895374648,True,Cruise
1,233,1675399010.4535882,48.84968542134931,0.015337527715342638,False,True,False,False,100000,False,True,False,-2.400911282960801,0.17059150504465057,9.990258549494223,0.6696668197728003,True,Cruise
1,234,1675399010.5535963,48.84968542134931,0.015337527715342638,False,True,False,False,100000,False,True,False,-2.8162941855996424,0.24118446609488317,10.023751511134833,0.4226678369996567,True,Cruise
1,235,1675399010.6535625,48.92430179451968,0.0143426427397376,False,True,False,False,100000,False,True,False,-2.6483089978262755,0.4331185580583151,9.984160260097115,0.3725355952790625,True,Cruise
1,236,1675399010.753751,48.92430179451968,0.0143426427397376,False,True,False,False,100000,False,True,False,-2.048714283710243,0.5610515894545234,9.917920376660328,0.35466611022447486,True,Cruise
1,237,1675399010.8535378,48.92430179451968,0.0143426427397376,False,True,False,False,100000,False,True,False,-0.7724633120935956,0.48957927675696605,9.783235798804107,0.9315225422449209,True,Cruise
1,238,1675399010.9535954,48.92430179451968,0.0143426427397376,False,True,False,False,100000,False,True,False,-0.7724633120935956,0.48957927675696605,9.783235798804107,0.2412019353718608,True,Cruise
1,239,1675399011.0535448,49.71400737597714,-0.0038132349869714707,False,True,False,False,100000,False,True,False,-0.4430406516291216,0.679245440640562,9.75321458279135,0.14759669595935754,True,Cruise
1,240,1675399011.153572,49.71400737597714,-0.0038132349869714707,False,True,False,False,100000,False,True,False,-0.39562751277962865,0.4900512271239306,9.753351428765345,0.14694398814484255,True,Cruise
1,241,1675399011.2536013,49.71400737597714,-0.0038132349869714707,False,True,False,False,100000,False,True,False,1.5207844908874555,0.6791893684902406,9.59314900222688,0.9301636014401304,True,Cruise
1,242,1675399011.3535585,49.71400737597714,-0.0038132349869714707,False,True,False,False,100000,False,True,False,2.225361925677257,0.6952249125656185,9.550885137427219,0.7060260154955867,True,Cruise
1,243,1675399011.4535544,49.83626125756755,-0.0021831832324326747,False,True,False,False,100000,False,True,False,2.225361925677257,0.6952249125656185,9.550885137427219,0.6173361189019644,True,Cruise
1,244,1675399011.5536323,49.83626125756755,-0.0021831832324326747,False,True,False,False,100000,False,True,False,2.789928683420334,0.44963127687911003,9.59618442950439,0.6173361189019644,True,Cruise
1,245,1675399011.6537094,49.83626125756755,-0.0021831832324326747,False,True,False,False,100000,False,True,False,1.719565699431543,0.1395218084122986,9.787804474307784,0.5023351552058624,True,Cruise
1,246,1675399011.753588,49.887745835186664,-0.0014967221975111318,False,True,False,False,100000,False,True,False,1.310974056858882,0.039465917361828175,9.849104381910688,0.42510703403525735,True,Cruise
1,247,1675399011.8535433,49.887745835186664,-0.0014967221975111318,False,True,False,False,100000,False,True,False,1.0506902716448823,-0.04904846829941578,9.892892218312582,0.1561175747064192,True,Cruise
1,248,1675399011.9536152,49.887745835186664,-0.0014967221975111318,False,True,False,False,100000,False,True,False,0.9173627966236334,-0.12510270575089671,9.921391946422625,0.1561175747064192,True,Cruise
1,249,1675399012.0535808,49.887745835186664,-0.0014967221975111318,False,True,False,False,100000,False,True,False,1.0130014193023134,-0.306326935995847,9.953325564128662,0.09791726555091872,True,Cruise
1,250,1675399012.153495,48.26322071370723,0.023157057150570284,False,True,False,False,100000,False,True,False,0.9232451366312794,-0.32739994261246497,9.963650006315085,0.08610379308663116,True,Cruise
1,251,1675399012.2535863,48.26322071370723,0.023157057150570284,False,True,False,False,100000,False,True,False,0.8380950215970431,-0.33833086409888186,9.970270886091935,0.08610379308663116,True,Cruise
1,252,1675399012.353704,48.26322071370723,0.023157057150570284,False,True,False,False,100000,False,True,False,-0.2299942515528408,-0.4129545526910613,10.06863504934962,0.08610379308663116,True,Cruise
1,253,1675399012.453594,48.26322071370723,0.023157057150570284,False,True,False,False,100000,False,True,False,-1.9766113975649493,0.20016858438579765,10.182408586462342,0.7992392130052275,True,Cruise
1,254,1675399012.5535789,48.27688499956575,0.022974866672456656,False,True,False,False,100000,False,True,False,-1.9766113975649493,0.20016858438579765,10.182408586462342,1.1566724788752016,True,Cruise
1,255,1675399012.6537602,48.27688499956575,0.022974866672456656,False,True,False,False,100000,False,True,False,-3.2984421549994725,0.5534037437614473,10.129827388363598,0.2222123802702268,True,Cruise
1,256,1675399012.7535472,48.27688499956575,0.022974866672456656,False,True,False,False,100000,False,True,False,-3.6412737538985347,0.8020524681106772,10.053396298881259,0.3877494222929175,True,Cruise
1,257,1675399012.8536456,48.27688499956575,0.022974866672456656,False,True,False,False,100000,False,True,False,-3.0536456502522817,1.1538588923583577,9.892288454402589,0.31869145490039086,True,Cruise
1,258,1675399012.9535787,48.392375057779965,0.021434999229600474,False,True,False,False,100000,False,True,False,-2.8828240171028927,1.222114027839693,9.83025907602305,0.19412995042896344,True,Cruise
1,259,1675399013.0535216,48.392375057779965,0.021434999229600474,False,True,False,False,100000,False,True,False,-1.5455626215948286,1.1668342219669068,9.604616514389102,1.3572908540450122,True,Cruise
1,260,1675399013.1535861,48.392375057779965,0.021434999229600474,False,True,False,False,100000,False,True,False,-1.5455626215948286,1.1668342219669068,9.604616514389102,0.17774627247345037,True,Cruise
1,261,1675399013.2535949,49.88552418975894,-0.00152634413654748,False,True,False,False,100000,False,True,False,-1.2866429145371328,1.2968929021406537,9.546704673441837,0.09692182272396309,True,Cruise
1,262,1675399013.353576,49.88552418975894,-0.00152634413654748,False,True,False,False,100000,False,True,False,-0.17489727975663313,1.5019842246622055,9.429451088462924,1.061798507310612,True,Cruise
1,263,1675399013.4537168,49.88552418975894,-0.00152634413654748,False,True,False,False,100000,False,True,False,-0.17489727975663313,1.5019842246622055,9.429451088462924,1.061798507310612,True,Cruise
1,264,1675399013.5535593,49.88552418975894,-0.00152634413654748,False,True,False,False,100000,False,True,False,1.6049135812331954,1.0168059220115544,9.307082940739818,0.8066266398009313,True,Cruise
1,265,1675399013.653519,49.13948828259179,0.011473489565442748,False,True,False,False,100000,False,True,False,2.8645161161439017,0.8591775642288362,9.321664857875707,1.269510881181454,True,Cruise
1,266,1675399013.7536037,49.13948828259179,0.011473489565442748,False,True,False,False,100000,False,True,False,1.4216053667171644,0.8053097807317932,9.58227001362643,1.7034606236739143,True,Cruise
1,267,1675399013.8537455,49.13948828259179,0.011473489565442748,False,True,False,False,100000,False,True,False,0.3123411039525038,0.7316294999007852,9.72636312263879,1.1210079448848749,True,Cruise
1,268,1675399013.9536026,47.76454193284774,0.029806107562030074,False,True,False,False,100000,False,True,False,-0.08077397312010492,0.7125118963810478,9.83710732828622,0.13790494399100398,True,Cruise
1,269,1675399014.0537033,47.76454193284774,0.029806107562030074,False,True,False,False,100000,False,True,False,0.21914835145226114,0.6907153153904952,9.846086136020174,0.30084732125796426,True,Cruise
1,270,1675399014.153643,47.76454193284774,0.029806107562030074,False,True,False,False,100000,False,True,False,0.21914835145226114,0.6907153153904952,9.846086136020174,0.30084732125796426,True,Cruise
1,271,1675399014.2535646,47.76454193284774,0.029806107562030074,False,True,False,False,100000,False,True,False,-2.0698485668653617,0.9792118672487884,10.136088657723668,0.2739102448275308,True,Cruise
1,272,1675399014.3535702,48.93227727758888,0.014236302965481555,False,True,False,False,100000,False,True,False,-2.5457265215583713,1.0255479701051204,10.166954047113062,0.20592014110971485,True,Cruise
1,273,1675399014.453571,48.93227727758888,0.014236302965481555,False,True,False,False,100000,False,True,False,-2.7177897389458194,1.081255689474723,10.166342263554714,1.8216052766738409,True,Cruise
1,274,1675399014.5536,48.93227727758888,0.014236302965481555,False,True,False,False,100000,False,True,False,0.7439121756061408,1.0745609046806082,9.816044980932071,1.6677590401266045,True,Cruise
1,275,1675399014.6536615,48.93227727758888,0.014236302965481555,False,True,False,False,100000,False,True,False,0.7439121756061408,1.0745609046806082,9.816044980932071,1.6677590401266045,True,Cruise
1,276,1675399014.7536688,48.70018521170155,0.01733086384397927,False,True,False,False,100000,False,True,False,2.984200060610092,1.0779718022266822,9.636997893687306,2.2474339370420617,True,Cruise
1,277,1675399014.8536592,48.70018521170155,0.01733086384397927,False,True,False,False,100000,False,True,False,0.01650176889356491,1.0824674788578659,9.949434192496389,1.7713341105706495,True,Cruise
1,278,1675399014.95363,48.70018521170155,0.01733086384397927,False,True,False,False,100000,False,True,False,-1.045765892431009,1.0993067085891208,10.033342958427415,1.065709540613196,True,Cruise
1,279,1675399015.0537162,48.70018521170155,0.01733086384397927,False,True,False,False,100000,False,True,False,-1.050945338326035,1.0761276227932997,10.014077420222725,0.2689860475109671,True,Cruise
1,280,1675399015.153626,48.70018521170155,0.01733086384397927,False,True,False,True,100000,False,True,False,-0.7853780999354985,1.0589708698749822,9.974921558867162,0.2689860475109671,True,Cruise
1,281,1675399015.2536204,49.73412842477688,0.0035449543363083582,False,True,False,True,100000,False,True,False,-0.7853780999354985,1.0589708698749822,9.974921558867162,0.2689860475109671,True,Cruise
1,282,1675399015.3535802,46.48462196328553,0.046871707156192995,False,True,False,True,100000,False,True,False,1.037263989043282,1.05345982250878,9.748944992185432,1.082711686745293,True,Cruise
1,283,1675399015.4535804,49.09841517581776,0.012021130989096547,False,True,False,True,100000,False,True,False,1.037263989043282,1.05345982250878,9.748944992185432,0.8602246682579023,True,Cruise
1,284,1675399015.5537062,49.615478418248465,-0.005126954423353793,False,True,False,True,100000,False,True,False,1.3394634066632993,0.6240518625503507,9.723358250113932,1.349644510553379,True,Cruise
1,285,1675399015.6535964,49.6647609592211,-0.004469853877052035,False,True,False,True,100000,False,True,False,0.733741566560547,0.2274327491027002,9.76803185918883,0.8041605934282676,True,Cruise
1,286,1675399015.7537267,48.0574865968717,0.025900178708377346,False,True,False,True,100000,False,True,False,0.733741566560547,0.2274327491027002,9.76803185918883,0.8041605934282676,True,Cruise
1,287,1675399015.8536599,48.28239560241542,0.022901391967794445,False,True,False,True,100000,False,True,False,0.733741566560547,0.2274327491027002,9.76803185918883,2.239835896926703,True,Cruise
1,288,1675399015.9536357,49.019202085820496,0.013077305522393369,False,True,False,True,100000,False,True,False,-0.24985645840909643,0.46205961666597395,9.916798220866848,1.6132647499659754,True,Cruise
1,289,1675399016.0535803,46.771908526173874,0.043041219651014935,False,True,False,True,100000,False,True,False,-1.1828441121675632,0.5697256380513196,9.992854591609614,0.942253949716975,True,Cruise
1,290,1675399016.162412,46.8182225385462,0.04242369948605067,False,True,False,True,100000,False,True,False,-1.1861731716944792,0.414905036690323,9.977947209391706,0.6357810523509788,True,Cruise
1,291,1675399016.2536569,48.30376499787855,0.022616466694952674,False,True,False,True,100000,False,True,False,-2.2881776809872325,0.5681835401222014,10.051075186066134,0.6408938164678744,True,Cruise
1,292,1675399016.3536756,48.79106146738699,0.01611918043484018,False,True,False,True,100000,False,True,False,-2.7188666464798237,1.0814267745869695,9.99913377637037,0.6720189824418046,True,Cruise
1,293,1675399016.4537141,48.79106146738699,0.01611918043484018,False,True,False,True,100000,False,True,False,-2.7188666464798237,1.0814267745869695,9.99913377637037,0.6720189824418046,True,Cruise
1,294,1675399016.5536501,48.48502413053466,-0.020199678259537838,False,True,False,True,100000,False,True,False,0.631075472461767,0.9320005722303675,9.646637930242777,1.5788725675645665,True,Cruise
1,295,1675399016.6536572,48.48502413053466,-0.020199678259537838,False,True,False,True,100000,False,True,False,1.6517064345805799,0.982894149264157,9.553821530334563,1.3123593567602114,True,Cruise
1,296,1675399016.7536476,46.77112643239598,-0.04305164756805359,False,True,False,True,100000,False,True,False,-0.11388335821680366,1.1246733474593165,9.71725487182806,1.3123593567602114,True,Cruise
1,297,1675399016.8536918,46.77112643239598,-0.04305164756805359,False,True,False,True,100000,False,True,False,-0.36030314141591446,0.6467648362020887,9.736409345765352,0.5380391700943445,True,Cruise
1,298,1675399016.9539046,46.79880206501794,-0.04268263913309407,False,True,False,True,100000,False,True,False,-0.36030314141591446,0.6467648362020887,9.736409345765352,2.7094353963042592,True,Cruise
1,299,1675399017.0536656,47.45236692609334,-0.03396844098542213,False,True,False,True,100000,False,True,False,-3.4293460769587365,-0.06636975068711412,9.963656181803898,0.34966834233896016,True,Cruise
1,300,1675399017.1536243,47.45236692609334,-0.03396844098542213,False,True,False,True,100000,False,True,False,-3.207122187954633,-0.7158402419693031,9.888801524126738,0.2386701435334219,True,Cruise
1,301,1675399017.253692,45.23260708565407,-0.06356523885794571,False,True,False,True,100000,False,True,False,-2.8919586040359606,-1.153780510746438,9.816733508447275,0.37441686992725104,True,Cruise
1,302,1675399017.3537612,45.23260708565407,-0.06356523885794571,False,True,False,True,100000,False,True,False,-3.133959296047178,-1.2537342539319911,9.823194051730828,0.26190995462225214,True,Cruise
1,303,1675399017.4535415,45.23260708565407,-0.06356523885794571,False,True,False,True,100000,False,True,False,-3.7209687434303818,-2.0166456410019062,9.833225828938305,0.9626601229883872,True,Cruise
1,304,1675399017.5535696,45.702539883694044,-0.05729946821741278,False,True,False,True,100000,False,True,False,-3.7209687434303818,-2.0166456410019062,9.833225828938305,0.9626601229883872,True,Cruise
1,305,1675399017.6536176,45.702539883694044,-0.05729946821741278,False,True,False,True,100000,False,True,False,-4.20247217036183,-3.0230830805024005,9.808498912111016,0.3262520891656283,True,Cruise
1,306,1675399017.7536726,47.79868909711332,-0.029350812038489132,False,True,False,True,100000,False,True,False,-4.300079000654161,-3.2047958380449986,9.775993918986522,0.10927416853866607,True,Cruise
1,307,1675399017.8535924,47.79868909711332,-0.029350812038489132,False,True,False,True,100000,False,True,False,-0.514467595660905,-3.0312317922737377,9.4147595283638,1.9042742929226293,True,Cruise
1,308,1675399017.9535778,47.79868909711332,-0.029350812038489132,False,True,False,True,100000,False,True,False,-0.514467595660905,-3.0312317922737377,9.4147595283638,1.9042742929226293,True,Cruise
1,309,1675399018.0535517,45.912174693349314,-0.05450433742200911,False,True,False,True,100000,False,True,False,2.296051299005826,-2.6546070818387912,9.274170314183335,2.8391245053594942,True,Cruise
1,310,1675399018.1535935,48.83273590191063,-0.015563521307858265,False,True,False,True,100000,False,True,False,2.524053764106008,-2.7045066743995587,9.305437061556878,1.9122401991413827,True,Cruise
1,311,1675399018.2536166,48.83273590191063,-0.015563521307858265,False,True,False,True,100000,False,True,False,2.524053764106008,-2.7045066743995587,9.305437061556878,1.9122401991413827,True,Cruise
1,312,1675399018.3738806,49.401598464835196,0.007978687135530727,False,True,False,True,100000,False,True,False,-1.1390414654181136,-2.8689209549673627,9.78078375969011,1.845491758171045,True,Cruise
1,313,1675399018.4536994,48.225899741649556,0.023654670111339284,False,True,False,True,100000,False,True,False,0.6122448377491434,-2.300826004587889,9.653881272837564,1.845491758171045,True,Cruise
1,314,1675399018.553606,48.225899741649556,0.023654670111339284,False,True,False,True,100000,False,True,False,3.8153859411123676,-1.27924253621967,9.51236145964922,3.3650815099226166,True,Cruise
1,315,1675399018.6535947,48.225899741649556,0.023654670111339284,False,True,False,True,100000,False,True,False,3.773920584240849,-0.813786931905717,9.577523529614293,0.46112532806686735,True,Cruise
1,316,1675399018.7536824,48.314358497540994,-0.022475220032786767,False,True,False,True,100000,False,True,False,3.467373150693399,-0.4799820259394826,9.66260892156333,0.46112532806686735,True,Cruise
1,317,1675399018.8542643,48.314358497540994,-0.022475220032786767,False,True,False,True,100000,False,True,False,3.1007807075194114,0.11451204020324549,9.839493695161794,0.2423910098195125,True,Cruise
1,318,1675399018.9536428,48.314358497540994,-0.022475220032786767,False,True,False,True,100000,False,True,False,3.1326450885993493,-0.03733534859696483,9.929112097449055,0.17917708083226241,True,Cruise
1,319,1675399019.0536726,47.461392785852524,-0.03384809618863298,False,True,False,True,100000,False,True,False,3.1326450885993493,-0.03733534859696483,9.929112097449055,0.17917708083226241,True,Cruise
1,320,1675399019.1737928,47.78927132429215,-0.029476382342771387,False,True,False,True,100000,False,True,False,1.4607888930183865,0.2978910723762635,10.188773485012543,0.1412799728648958,True,Cruise
1,321,1675399019.2535765,47.78927132429215,-0.029476382342771387,False,True,False,True,100000,False,True,False,0.03082955710144572,0.10462554091059158,10.313394579038757,1.4483320355170695,True,Cruise
1,322,1675399019.3535807,47.40206395343548,-0.034639147287526956,False,True,False,True,100000,False,True,False,-1.2261775689079226,-0.38925005901772664,10.371659148951721,0.35415342997279187,True,Cruise
1,323,1675399019.4535732,47.58667847151937,-0.03217762037974171,False,True,False,True,100000,False,True,False,-1.7408694893213195,-0.49329603302491537,10.382846535294334,0.4790036745028092,True,Cruise
1,324,1675399019.5536351,47.58667847151937,-0.03217762037974171,False,True,False,True,100000,False,True,False,-2.15207815016711,-0.7386546698672316,10.370554393109781,0.4790036745028092,True,Cruise
1,325,1675399019.6539395,47.35671793103206,-0.035243760919572494,False,True,False,True,100000,False,True,False,-2.15207815016711,-0.7386546698672316,10.370554393109781,0.4790036745028092,True,Cruise
1,326,1675399019.7535725,47.02784897849371,-0.03962868028675057,False,True,False,True,100000,False,True,False,0.006167607686669997,-1.1101525616765138,9.998023994372012,0.9592285858569523,True,Cruise
1,327,1675399019.8535798,47.02784897849371,-0.03962868028675057,False,True,False,True,100000,False,True,False,0.006167607686669997,-1.1101525616765138,9.998023994372012,0.6608653949169108,True,Cruise
1,328,1675399019.973705,47.02784897849371,-0.03962868028675057,False,True,False,True,100000,False,True,False,-3.105044965986732,-1.8262484098438965,10.06505010423361,0.6922070077661021,True,Cruise
1,329,1675399020.0536473,48.99236688968971,-0.013435108137470507,False,True,False,True,100000,False,True,False,-2.38499234088183,-2.181328444950376,9.870936112379406,0.5998589331891899,True,Cruise
1,330,1675399020.153837,48.99236688968971,-0.013435108137470507,False,True,False,True,100000,False,True,False,-2.38499234088183,-2.181328444950376,9.870936112379406,0.5998589331891899,True,Cruise
1,331,1675399020.2536285,49.523802551196184,0.006349299317384206,False,True,False,True,100000,False,True,False,0.6233250896989834,-2.1298066405772804,9.474937855868115,3.034706390842809,True,Cruise
1,332,1675399020.3535814,48.67842826624864,0.01762095645001817,False,True,False,True,100000,False,True,False,1.4145929881861943,-1.9569477425480484,9.390781390835068,0.8142895040531384,True,Cruise
1,333,1675399020.4539888,48.67842826624864,0.01762095645001817,False,True,False,True,100000,False,True,False,2.2132639166504195,-1.747592628484051,9.323340930978556,0.40460169680026586,True,Cruise
1,334,1675399020.5535772,46.74901971296635,0.04334640382711536,False,True,False,True,100000,False,True,False,2.259111506908717,-1.2417578831611935,9.357856085946803,0.37227658555859683,True,Cruise
1,335,1675399020.6536262,46.74901971296635,0.04334640382711536,False,True,False,True,100000,False,True,False,1.9456470714076493,-0.9672412622531557,9.412485180178209,0.42024238888445586,True,Cruise
1,336,1675399020.777721,48.281183690065156,0.02291755079913126,False,True,False,True,100000,False,True,False,1.9456470714076493,-0.9672412622531557,9.412485180178209,1.7818724061372628,True,Cruise
1,337,1675399020.8535655,48.281183690065156,0.02291755079913126,False,True,False,True,100000,False,True,False,-0.183013817992632,0.07815671036117862,9.62148419876302,0.7905008698914416,True,Cruise
1,338,1675399020.9535093,48.82012983844754,0.01573160215403275,False,True,False,True,100000,False,True,False,0.36224612896081015,0.7092713948905761,9.629754192735078,0.5488611663483774,True,Cruise
1,339,1675399021.0537682,48.82012983844754,0.01573160215403275,False,True,False,True,100000,False,True,False,1.3525231326385647,0.6150658098542243,9.569982949195701,1.0167505410789395,True,Cruise
1,340,1675399021.1535413,49.140216213306935,-0.011463783822574182,False,True,False,True,100000,False,True,False,3.626715390663038,1.0115853674405408,9.510263777942201,0.5515287647802996,True,Cruise
1,341,1675399021.2537305,49.140216213306935,-0.011463783822574182,False,True,False,True,100000,False,True,False,3.626715390663038,1.0115853674405408,9.510263777942201,0.5515287647802996,True,Cruise
1,342,1675399021.353842,49.21320420419896,-0.010490610610680571,False,True,False,True,100000,False,True,False,3.626715390663038,1.0115853674405408,9.510263777942201,0.5515287647802996,True,Cruise
1,343,1675399021.4536364,49.21320420419896,-0.010490610610680571,False,True,False,True,100000,False,True,False,3.823075857579521,1.1415523050783303,9.668387824564203,0.28364070929032936,True,Cruise
1,344,1675399021.553621,48.409157178770606,-0.021211237616391904,False,True,False,True,100000,False,True,False,3.398829117051689,0.9004305312800999,9.811697057104599,0.3449126304823571,True,Cruise
1,345,1675399021.653908,48.409157178770606,-0.021211237616391904,False,True,False,True,100000,False,True,False,1.6626612624572366,0.9817486197976564,10.023008622446216,1.5292773901334475,True,Cruise
1,346,1675399021.7538161,48.748386146740295,-0.016688184710129384,False,True,False,True,100000,False,True,False,1.6626612624572366,0.9817486197976564,10.023008622446216,1.5292773901334475,True,Cruise
1,347,1675399021.8537157,48.748386146740295,-0.016688184710129384,False,True,False,True,100000,False,True,False,-1.50418828778655,0.5110518209094426,10.335786155259827,0.6613446574049995,True,Cruise
1,348,1675399021.953632,48.748386146740295,-0.016688184710129384,False,True,False,True,100000,False,True,False,0.9644344137254759,-0.10396747407852502,10.070909218546188,0.6613446574049995,True,Cruise
1,349,1675399022.0537124,49.480778903763984,-0.006922947949813529,False,True,False,True,100000,False,True,False,0.9644344137254759,-0.10396747407852502,10.070909218546188,2.557832396235303,True,Cruise
1,350,1675399022.15357,49.480778903763984,-0.006922947949813529,False,True,False,True,100000,False,True,False,0.8009775675371325,-0.28897034917280756,10.050774477553412,0.16275056504971397,True,Cruise
1,351,1675399022.2791564,48.87886874235472,-0.014948416768603761,False,True,False,True,100000,False,True,False,0.5894863911028985,-0.5079659142755059,10.046753685734688,0.3044728920791406,True,Cruise
1,352,1675399022.3739061,49.61890791964251,-0.005081227738099812,False,True,False,True,100000,False,True,False,2.0831802955068337,-0.8382181740340425,9.860240257524039,0.8021639376738564,True,Cruise
1,353,1675399022.4701083,49.61890791964251,-0.005081227738099812,False,True,False,True,100000,False,True,False,0.9581319832156783,-1.1310842966183514,9.955616856757775,1.166448012741304,True,Cruise
1,354,1675399022.5657866,49.38056280745098,-0.008259162567320287,False,True,False,True,100000,False,True,False,0.9581319832156783,-1.1310842966183514,9.955616856757775,1.166448012741304,True,Cruise
1,355,1675399022.6617334,49.38056280745098,-0.008259162567320287,False,True,False,True,100000,False,True,False,2.1317707636338525,-1.002830557053173,9.732494421050236,0.639597541393401,True,Cruise
1,356,1675399022.7578464,49.931525503202366,-0.0009129932906350642,False,True,False,True,100000,False,True,False,2.1317707636338525,-1.002830557053173,9.732494421050236,0.0699798441487271,True,Cruise
1,357,1675399022.8537545,49.931525503202366,-0.0009129932906350642,False,True,False,True,100000,False,True,False,1.5504347653776127,-1.0337025429337292,9.762790650546657,0.39373345332864457,True,Cruise
1,358,1675399022.9536967,49.763708415841855,0.0031505544554419054,False,True,False,True,100000,False,True,False,2.3890827634381413,-0.9912176899462896,9.657138256623345,0.47385698101348395,True,Cruise
1,359,1675399023.053728,49.763708415841855,0.0031505544554419054,False,True,False,True,100000,False,True,False,2.7830947578107867,-0.8675420014939477,9.618844054891834,0.4147379576430447,True,Cruise
1,360,1675399023.1536765,49.5733455806294,0.005688725591607983,False,True,False,True,100000,False,True,False,0.6400025487601084,-0.5600095361915004,9.80989034823177,0.4147379576430447,True,Cruise
1,361,1675399023.2536147,49.5733455806294,0.005688725591607983,False,True,False,True,100000,False,True,False,0.6400025487601084,-0.5600095361915004,9.80989034823177,1.2381278163827687,True,Cruise
1,362,1675399023.3535957,49.254557155142855,0.009939237931428646,False,True,False,True,100000,False,True,False,-0.9377910779736928,-0.3136104140271429,9.928084293128764,0.7492172939847399,True,Cruise
1,363,1675399023.4536576,49.254557155142855,0.009939237931428646,False,True,False,True,100000,False,True,False,-1.678478265515632,-0.214102583169062,9.981067643484774,0.7492172939847399,True,Cruise
1,364,1675399023.5538113,49.563542847752295,0.005819428696636044,False,True,False,True,100000,False,True,False,-1.9153845930343614,0.18945747968339147,9.944594130921558,0.6474504617665106,True,Cruise
1,365,1675399023.6535926,49.563542847752295,0.005819428696636044,False,True,False,True,100000,False,True,False,-1.2776378543386606,0.26335823801163427,9.860869130813013,0.6474504617665106,True,Cruise
1,366,1675399023.7535632,49.563542847752295,0.005819428696636044,False,True,False,True,100000,False,True,False,1.5197397372051904,0.4540038871302242,9.588171184129685,2.817096257376526,True,Cruise
1,367,1675399023.8536496,49.84415457605553,-0.002077938985926275,False,True,False,True,100000,False,True,False,1.5197397372051904,0.4540038871302242,9.588171184129685,0.43226511720710925,True,Cruise
1,368,1675399023.9536092,49.35781123150607,0.008562516913252381,False,True,False,True,100000,False,True,False,1.6214472219029494,0.6918982512723715,9.583258165491625,0.5334100989479214,True,Cruise
1,369,1675399024.0537436,49.35781123150607,0.008562516913252381,False,True,False,True,100000,False,True,False,1.578758921792388,0.688320308452996,9.619752497082501,0.18842423556180463,True,Cruise
1,370,1675399024.1536615,49.62709838617593,0.004972021517654256,False,True,False,True,100000,False,True,False,0.060655536169164914,0.7569572018485793,9.779893647332111,0.18842423556180463,True,Cruise
1,371,1675399024.2535799,49.62709838617593,0.004972021517654256,False,True,False,True,100000,False,True,False,-1.289991144325831,0.7914751921992315,9.903434704040018,1.3567241207712442,True,Cruise
1,372,1675399024.353596,49.768957595367006,0.003080565395106547,False,True,False,True,100000,False,True,False,0.1073598186264119,0.6002411092893788,9.75209381295576,1.0007232489035804,True,Cruise
1,373,1675399024.4537451,49.768957595367006,0.003080565395106547,False,True,False,True,100000,False,True,False,1.3334360001156682,0.5974760912446397,9.644823160826842,1.2307629507538105,True,Cruise
1,374,1675399024.5536797,48.89435496880746,0.014741933749233802,False,True,False,True,100000,False,True,False,0.9680400279956217,0.5534742472118827,9.71204868829846,0.06949249808729982,True,Cruise
1,375,1675399024.6537032,48.89435496880746,0.014741933749233802,False,True,False,True,100000,False,True,False,0.6353760660109355,0.521526022236365,9.753312968579985,0.336732447960673,True,Cruise
1,376,1675399024.757961,49.46268114071362,0.007164251457151741,False,True,False,True,100000,False,True,False,-0.6154199564988837,0.4444313201809539,9.881819273366572,1.0913066016743653,True,Cruise
1,377,1675399024.8618147,49.46268114071362,0.007164251457151741,False,True,True,True,100000,False,True,False,-1.6959251585591713,0.5644371876861354,9.976988590601895,1.0913066016743653,True,Cruise
1,378,1675399024.9660466,46.91123428573925,0.04118354285681009,False,True,True,True,100000,False,True,False,-0.7246147602088969,0.40425139626844225,9.860684761041037,0.5328304051298822,True,Cruise
1,379,1675399025.0699637,46.91123428573925,0.04118354285681009,False,True,True,True,100000,False,True,False,-0.7246147602088969,0.40425139626844225,9.860684761041037,0.6734082707811714,True,Cruise
1,380,1675399025.1737473,49.08713477528419,0.012171536329544099,False,True,True,True,100000,False,True,False,-2.0889870287342034,0.7271845478409462,9.972674813936685,0.8612181375088279,True,Cruise
1,381,1675399025.2535703,49.08713477528419,0.012171536329544099,False,True,True,True,100000,False,True,False,-2.676085876343961,1.064159574430594,10.00677906173307,0.6777907679568648,True,Cruise
1,382,1675399025.3535194,49.763263462672626,0.0031564871643649777,False,True,True,True,100000,False,True,False,-0.38614880355704645,1.1013359542522783,9.732879989692801,1.111024379207015,True,Cruise
1,383,1675399025.453613,49.763263462672626,0.0031564871643649777,False,True,True,True,100000,False,True,False,-0.38614880355704645,1.1013359542522783,9.732879989692801,1.111024379207015,True,Cruise
1,384,1675399025.5535944,48.790030821654696,0.016132922377937366,False,True,True,True,100000,False,True,False,1.7652436139274568,0.8407915865823028,9.538846995587434,2.175780665493619,True,Cruise
1,385,1675399025.6535492,48.790030821654696,0.016132922377937366,False,True,True,True,100000,False,True,False,1.7652436139274568,0.8407915865823028,9.538846995587434,2.175780665493619,True,Cruise
1,386,1675399025.7535522,48.790030821654696,0.016132922377937366,False,True,True,True,100000,False,True,False,1.7652436139274568,0.8407915865823028,9.538846995587434,2.175780665493619,True,Cruise
1,387,1675399025.8539906,49.476450270079425,0.006980663065607698,False,True,True,True,100000,False,True,False,-2.2166230490799603,1.1189677859517129,9.923376539705428,1.4778243152390906,True,Cruise
1,388,1675399025.953722,49.187961276173475,0.01082718298435363,False,True,True,True,100000,False,True,False,-2.2166230490799603,1.1189677859517129,9.923376539705428,1.1341853286791916,True,Cruise
1,389,1675399026.057775,49.187961276173475,0.01082718298435363,False,True,True,True,100000,False,True,False,-0.7531206456091503,1.0774622694489728,9.74145801276791,1.7076940279942465,True,Cruise
1,390,1675399026.1620202,49.52790472604863,0.006294603652684922,False,True,True,True,100000,False,True,False,-0.7531206456091503,1.0774622694489728,9.74145801276791,1.7076940279942465,True,Cruise
1,391,1675399026.2657132,49.52790472604863,0.006294603652684922,False,True,True,True,100000,False,True,False,1.4680130852463713,0.8401138472823285,9.585517955387699,0.5637248275479001,True,Cruise
1,392,1675399026.3725197,49.70144385823375,-0.003980748556883279,False,True,True,True,100000,False,True,False,1.4680130852463713,0.8401138472823285,9.585517955387699,0.5637248275479001,True,Cruise
1,393,1675399026.4738247,49.70144385823375,-0.003980748556883279,False,True,True,True,100000,False,True,False,2.511634899345152,0.8334630741876576,9.533009104755779,0.4868035800629212,True,Cruise
1,394,1675399026.5776494,49.70144385823375,-0.003980748556883279,False,True,True,True,100000,False,True,False,2.361441338420465,0.506154132248537,9.6146344926283,0.2874827076081365,True,Cruise
1,395,1675399026.6536398,49.78754951497501,-0.0028326731336664906,False,True,True,True,100000,False,True,False,2.213253898076657,0.38318151662291583,9.66050365045341,0.5703313497429204,True,Cruise
1,396,1675399026.7537205,49.78754951497501,-0.0028326731336664906,False,True,True,True,100000,False,True,False,1.6521134630356213,0.4381942211555972,9.74636902765248,0.5703313497429204,True,Cruise
1,397,1675399026.8535945,49.91118651918667,-0.0011841797441776943,False,True,True,True,100000,False,True,False,2.0291437206894325,0.2747981236194239,9.784133100118805,0.5703313497429204,True,Cruise
1,398,1675399026.9536839,49.91118651918667,-0.0011841797441776943,False,True,True,True,100000,False,True,False,2.0291437206894325,0.2747981236194239,9.784133100118805,0.2761172628156908,True,Cruise
1,399,1675399027.0536397,49.75305041816621,-0.0032926610911171855,False,True,True,True,100000,False,True,False,1.4823953281298,0.03630869656544122,9.886542855904047,0.3300722591328491,True,Cruise
1,400,1675399027.1737235,49.75305041816621,-0.0032926610911171855,False,True,True,True,100000,False,True,False,0.10879807979852003,-0.1522362350958327,10.044753665201911,1.1311137956312312,True,Cruise
1,401,1675399027.2698429,49.574358399583176,-0.005675221338890997,False,True,True,True,100000,False,True,False,-0.08689998799344766,-0.2696649656153017,10.0556944387965,0.22848838267135532,True,Cruise
1,402,1675399027.3659396,49.574358399583176,-0.005675221338890997,False,True,True,True,100000,False,True,False,0.06787418375486579,-0.3092438264324277,10.037160750223384,0.16082608021114958,True,Cruise
1,403,1675399027.4619,49.59611202982392,-0.005385172935681114,False,True,True,True,100000,False,True,False,0.06787418375486579,-0.3092438264324277,10.037160750223384,0.7641868094045099,True,Cruise
1,404,1675399027.5577104,49.59611202982392,-0.005385172935681114,False,True,True,True,100000,False,True,False,-0.43137207851584347,-0.46036908996239534,10.027573571788674,0.2539223093117475,True,Cruise
1,405,1675399027.6538002,49.49281161965859,-0.006762511737885453,False,True,True,True,100000,False,True,False,-0.04657209433363923,-0.4551241223452108,9.971338191135526,0.140803812062286,True,Cruise
1,406,1675399027.7537274,49.49281161965859,-0.006762511737885453,False,True,True,True,100000,False,True,False,0.113342314420486,-0.4872652717449802,9.91765588520929,0.04264649358821557,True,Cruise
1,407,1675399027.8536787,49.89349663113805,0.0014200449181593553,False,True,True,True,100000,False,True,False,-0.672169127014943,-0.37091054128948764,9.937991622000803,0.12749387910654034,True,Cruise
1,408,1675399027.9537542,49.89349663113805,0.0014200449181593553,False,True,True,True,100000,False,True,False,-0.672169127014943,-0.37091054128948764,9.937991622000803,0.12749387910654034,True,Cruise
1,409,1675399028.0536454,49.594612703717836,0.005405163950428832,False,True,True,True,100000,False,True,False,1.9352749168396424,-0.36597239444788915,9.649625053772164,0.5482810363573534,True,Cruise
1,410,1675399028.154791,49.594612703717836,0.005405163950428832,False,True,True,True,100000,False,True,False,0.4556808098480658,-0.3506456864239798,9.790330971788086,1.4863484735376675,True,Cruise
1,411,1675399028.2777493,49.95637840945107,-0.0005816212073190694,False,True,True,True,100000,False,True,False,-1.2998137532652723,-0.10217786102960398,9.902762427126191,0.4202770607286198,True,Cruise
1,412,1675399028.3737445,49.95637840945107,-0.0005816212073190694,False,True,True,True,100000,False,True,False,-1.2998137532652723,-0.10217786102960398,9.902762427126191,0.4202770607286198,True,Cruise
1,413,1675399028.4697342,49.83914924152712,-0.002144676779638442,False,True,True,True,100000,False,True,False,0.9800796318788629,-0.02244969837770888,9.658901766589151,0.3570909431553759,True,Cruise
1,414,1675399028.565925,49.83914924152712,-0.002144676779638442,False,True,True,True,100000,False,True,False,0.6596201082667684,-0.17585172601220123,9.694782866454286,0.3570909431553759,True,Cruise
1,415,1675399028.6618567,49.55505565476713,-0.005932591269771667,False,False,True,True,100000,False,True,False,0.6596201082667684,-0.17585172601220123,9.694782866454286,0.50432347375931,True,Cruise
1,416,1675399028.7578325,49.55505565476713,-0.005932591269771667,False,False,True,True,100000,False,True,False,0.2049504137679498,0.040204906106251076,9.725396046730765,0.167846408805245,True,Cruise
1,417,1675399028.8537633,49.429463191554824,-0.007607157445935704,False,False,True,True,100000,False,True,False,-0.02894883186295385,0.14985775672662174,9.742059139029434,1.019844748967553,True,Cruise
1,418,1675399028.9535742,49.429463191554824,-0.007607157445935704,False,False,True,True,100000,False,True,False,-1.044151432719332,0.15965123200612577,9.83876011654821,0.7236704882680374,True,Cruise
1,419,1675399029.0535998,49.374754199189184,-0.008336610677477565,False,False,True,True,100000,False,True,False,-1.965269708757765,-0.012120751675708037,9.877117777054082,0.3420892377387471,True,Cruise
1,420,1675399029.1535995,49.374754199189184,-0.008336610677477565,False,False,True,True,100000,False,True,False,-1.7381978016766273,-0.02662296075984425,9.84597889845662,0.22965538272396827,True,Cruise
1,421,1675399029.2536066,49.374754199189184,-0.008336610677477565,False,False,True,True,100000,False,True,False,-1.7381978016766273,-0.02662296075984425,9.84597889845662,0.22965538272396827,True,Cruise
1,422,1675399029.3535714,49.72817988729342,-0.003624268169421004,False,False,True,True,100000,False,True,False,-0.3142655491641802,-0.20919882007773244,9.698017331165875,0.16620186962062808,True,Cruise
1,423,1675399029.4777448,49.525293512659374,-0.006329419831208312,False,False,True,True,100000,False,True,False,-0.3142655491641802,-0.20919882007773244,9.698017331165875,1.0536679350059168,True,Cruise
1,424,1675399029.5737803,49.525293512659374,-0.006329419831208312,False,False,True,True,100000,False,True,False,1.6524512848066688,-0.3581495421273477,9.533807498765535,0.9257142802968945,True,Cruise
1,425,1675399029.669734,49.525293512659374,-0.006329419831208312,False,False,True,True,100000,False,True,False,0.5944990568784989,-0.3004358163172484,9.662601239421841,1.067324514080561,True,Cruise
1,426,1675399029.7657385,49.48012812160062,-0.006931625045325009,False,False,True,True,100000,False,True,False,-0.21240730588991177,-0.4378078943852881,9.753423389062668,0.22617292108676154,True,Cruise
1,427,1675399029.861748,49.842384229247784,-0.0021015436100295715,False,False,True,True,100000,False,True,False,-0.21240730588991177,-0.4378078943852881,9.753423389062668,0.22617292108676154,True,Cruise
1,428,1675399029.9577327,49.842384229247784,-0.0021015436100295715,False,False,True,True,100000,False,True,False,-0.41990497830921913,-0.5451989200500672,9.802641290079707,0.2387687547257524,True,Cruise
1,429,1675399030.053781,49.71480843279819,0.0038025542293573505,False,False,True,True,100000,False,True,False,0.7268768956065328,-0.5641174296215421,9.702634751063894,1.0616502436935928,True,Cruise
1,430,1675399030.153643,49.71480843279819,0.0038025542293573505,False,False,True,True,100000,False,True,False,1.842871707399313,-0.3176823071791056,9.652667700399032,0.18790868867659938,True,Cruise
1,431,1675399030.2536192,49.71480843279819,0.0038025542293573505,False,False,True,True,100000,False,True,False,0.8244402083319944,-0.2808242664401306,9.77418979660319,0.3791360743739423,True,Cruise
1,432,1675399030.3535209,49.98288773107558,0.00022816358565891647,False,False,True,True,100000,False,True,False,0.27359433536457517,-0.334306995586143,9.848827613406462,0.1797651670967017,True,Cruise
1,433,1675399030.4535537,49.98288773107558,0.00022816358565891647,False,False,True,True,100000,False,True,False,0.27359433536457517,-0.334306995586143,9.848827613406462,0.1797651670967017,True,Cruise
1,434,1675399030.5535605,49.98288773107558,0.00022816358565891647,False,False,True,True,100000,False,True,False,1.9389839155254562,-0.23461447246344305,9.733367862569976,1.6723612070776546,True,Cruise
1,435,1675399030.653686,49.255932574585884,0.009920899005521506,False,False,True,True,100000,False,True,False,1.402894521371142,-0.057672663073267884,9.822977329016467,0.16562717200787747,True,Cruise
1,436,1675399030.775967,49.365874456473556,0.008455007247019253,False,False,True,True,100000,False,True,False,-1.1292877460357584,0.19799916742171347,10.06868883541999,1.360410789359611,True,Cruise
1,437,1675399030.8698523,49.1612215651687,0.011183712464417295,False,False,True,True,100000,False,True,False,-1.1292877460357584,0.19799916742171347,10.06868883541999,0.8610802051882609,True,Cruise
1,438,1675399030.9657328,49.1612215651687,0.011183712464417295,False,False,True,True,100000,False,True,False,-2.515911009513374,0.36631838841496844,10.16288201527561,0.5408348508614821,True,Cruise
1,439,1675399031.0620093,49.1612215651687,0.011183712464417295,False,False,True,True,100000,False,True,False,-2.515911009513374,0.36631838841496844,10.16288201527561,0.5408348508614821,True,Cruise
1,440,1675399031.1578312,49.595034320165595,0.005399542397792042,False,False,True,True,100000,False,True,False,-1.995737171514945,0.6091792321372457,10.026105909902226,0.5901439774772114,True,Cruise
1,441,1675399031.2538283,49.95628006842898,-0.0005829324209469385,False,False,True,True,100000,False,True,False,-1.321405925941083,0.5348008822403193,9.934648035528186,1.4947621423025863,True,Cruise
1,442,1675399031.3535833,49.95628006842898,-0.0005829324209469385,False,False,True,True,100000,False,True,False,0.16441518866599217,0.5434287142257488,9.771629515218262,1.2049001496627623,True,Cruise
1,443,1675399031.453635,49.95628006842898,-0.0005829324209469385,False,False,True,True,100000,False,True,False,1.3625607514403462,0.49527763764569505,9.65367590193891,1.2049001496627623,True,Cruise
1,444,1675399031.5536706,49.78512297349335,-0.0028650270200886382,False,False,True,True,100000,False,True,False,2.621911291431708,0.4576038570775851,9.543689348410478,0.46658203251989827,True,Cruise
1,445,1675399031.653673,49.78512297349335,-0.0028650270200886382,False,False,True,True,100000,False,True,False,0.6846358266327421,0.34252313281357094,9.762646493104073,0.0813035441707308,True,Cruise
1,446,1675399031.7536514,49.801155357980896,0.0026512618935880367,False,False,False,True,100000,False,True,False,0.6846358266327421,0.34252313281357094,9.762646493104073,1.9212989003341943,True,Cruise
1,447,1675399031.8536327,49.801155357980896,0.0026512618935880367,False,False,False,True,100000,False,True,False,-0.09755005417201934,0.5176177251446804,9.828311968901145,0.6756471234470706,True,Cruise
1,448,1675399031.974365,49.6564912331724,-0.00458011689103466,False,False,False,True,100000,False,True,False,-0.09755005417201934,0.5176177251446804,9.828311968901145,0.15758594036174606,True,Cruise
1,449,1675399032.069786,49.6564912331724,-0.00458011689103466,False,False,False,True,100000,False,True,False,-0.507377004886306,0.1957181933691902,9.869836834087216,0.13054421051375514,True,Cruise
1,450,1675399032.1657467,49.5097562564669,-0.0065365832471079785,False,False,False,True,100000,False,True,False,-0.507377004886306,0.1957181933691902,9.869836834087216,0.13054421051375514,True,Cruise
1,451,1675399032.2617297,49.5097562564669,-0.0065365832471079785,False,False,False,True,100000,False,True,False,-0.7355074652519202,0.021895349811449638,9.882741310843377,0.2870965228097967,True,Cruise
1,452,1675399032.357719,49.43127100214114,-0.007583053304784868,False,False,False,True,100000,False,True,False,-0.7355074652519202,0.021895349811449638,9.882741310843377,0.2870965228097967,True,Cruise
1,453,1675399032.4537165,49.43127100214114,-0.007583053304784868,False,False,False,True,100000,False,True,False,-0.7778033957217361,-0.07475767912463509,9.854733775632436,0.10915665699085524,True,Cruise
1,454,1675399032.5536003,49.80820831333646,-0.002557222488847296,False,False,False,True,100000,False,True,False,-0.7265858032445164,-0.201819099754702,9.841484590988477,0.18031032538783548,True,Cruise
1,455,1675399032.653594,49.948907123251665,0.0006812383566444271,False,False,False,True,100000,False,True,False,0.5956978065700306,-0.3454254637337818,9.698925696799865,1.0319959351365462,True,Cruise
1,456,1675399032.753596,49.948907123251665,0.0006812383566444271,False,False,False,True,100000,False,True,False,2.292251266907375,-0.3325633711970944,9.56658815093404,0.6698363641265177,True,Cruise
