repetition,iteration,time,speed,steering,obstacle_North,obstacle_NorthWest,obstacle_SouthWest,obstacle_West,obstacle_distance,follow_enable,steady_motion_enable,passing_start,accel_x,accel_y,accel_z,accel_diff,success,action
1,1,1675398029.1341245,0.0,0.0,False,True,False,False,100000,False,True,False,-0.4176045657662778,-2.8732867945573115e-13,10.008837634321539,0.2113966112665044,True,Cruise
1,2,1675398029.1344519,0.0,0.0,False,True,False,False,100000,False,True,False,-0.4176045657662778,-2.8732867945573115e-13,10.008837634321539,0.2113966112665044,True,Cruise
1,3,1675398029.2345572,0.0,0.0,False,True,False,False,100000,False,True,False,-0.18143653482655409,1.6226481081498486e-13,10.311694245400579,0.083383638441378,True,Cruise
1,4,1675398029.3345766,49.38723516108518,0.008170197852197589,False,True,False,False,100000,False,True,False,-0.11856782448642748,-4.242834378574793e-14,10.353489454890525,0.07549380289890821,True,Cruise
1,5,1675398029.4346337,49.38723516108518,0.008170197852197589,False,True,False,False,100000,False,True,False,0.9296714127370461,-0.025001000850397442,10.287471802652338,0.9708918667868405,True,Cruise
1,6,1675398029.5346859,49.38046992284853,0.008260401028686163,False,True,False,False,100000,False,True,False,1.8983774365849304,0.009786825465444054,10.232431240392518,0.7342861109549238,True,Cruise
1,7,1675398029.6346676,49.40880471732407,0.007882603769012458,False,True,False,False,100000,False,True,False,3.1313612140838427,0.013790221438585314,10.169329374747763,0.5003570972319532,True,Cruise
1,8,1675398029.7346797,49.40880471732407,0.007882603769012458,False,True,False,False,100000,False,True,False,3.659787465224074,0.006581953575791552,10.147078973252384,0.5289436098360639,True,Cruise
1,9,1675398029.8346179,49.40880471732407,0.007882603769012458,False,True,False,False,100000,False,True,False,4.056326364166432,0.004110825769431533,10.109932797791638,0.12316482815660479,True,Cruise
1,10,1675398029.9345837,49.40880471732407,0.007882603769012458,False,True,False,False,100000,False,True,False,4.180750264791337,0.004991251188578787,10.089738886158433,0.12741656176512012,True,Cruise
1,11,1675398030.034567,49.7133119633463,0.0038225071553826496,False,True,False,False,100000,False,True,False,4.427158238100605,0.007295980894086524,10.040586916195426,0.12387397108417753,True,Cruise
1,12,1675398030.134567,49.7133119633463,0.0038225071553826496,False,True,False,False,100000,False,True,False,4.53890433351643,0.008409972059379291,10.013733680091756,0.11493270686031212,True,Cruise
1,13,1675398030.2345014,49.7133119633463,0.0038225071553826496,False,True,False,False,100000,False,True,False,4.718203897810444,0.0037775073042020557,9.959901867800005,0.06847127811994048,True,Cruise
1,14,1675398030.3345578,49.714358872473476,0.0038085483670203223,False,True,False,False,100000,False,True,False,4.826697761914559,0.002005422560233974,9.909607822533225,0.03608454680385008,True,Cruise
1,15,1675398030.434603,49.714358872473476,0.0038085483670203223,False,True,False,False,100000,False,True,False,4.854327223699221,0.004904071675642003,9.886579466255911,0.024274059700134114,True,Cruise
1,16,1675398030.5345318,49.68452347401163,0.0042063536798449585,False,True,False,False,100000,False,True,False,4.861782924499396,0.008349859706673917,9.84545234059825,0.024949639021632553,True,Cruise
1,17,1675398030.6344688,49.68452347401163,0.0042063536798449585,False,True,False,False,100000,False,True,False,4.815300575410728,0.008991890810525581,9.811173417087709,0.0334425650093469,True,Cruise
1,18,1675398030.734504,49.68452347401163,0.0042063536798449585,False,True,False,False,100000,False,True,False,4.727309994089559,0.009425617883536644,9.783606639367822,0.09220877265352084,True,Cruise
1,19,1675398030.834724,49.76223099187186,0.003170253441708578,False,True,False,False,100000,False,True,False,4.610258683211603,0.009394461162252931,9.762240973856708,0.062191725381763444,True,Cruise
1,20,1675398030.9346168,49.76223099187186,0.003170253441708578,False,True,False,False,100000,False,True,False,4.476234886821956,0.011446096687230563,9.746316478768955,0.06618266345492613,True,Cruise
1,21,1675398031.0345802,49.748197535027856,0.0033573661996286336,False,True,False,False,100000,False,True,False,4.406433826107673,0.00602321744131689,9.740118457731137,0.07013773197629178,True,Cruise
1,22,1675398031.1345158,49.748197535027856,0.0033573661996286336,False,True,False,False,100000,False,True,False,4.267652438296191,0.0034938495230220266,9.73069004066396,0.06899330030252433,True,Cruise
1,23,1675398031.2346027,49.748197535027856,0.0033573661996286336,False,True,False,False,100000,False,True,False,4.267652438296191,0.0034938495230220266,9.73069004066396,0.06899330030252433,True,Cruise
1,24,1675398031.3345914,49.711383984189006,0.0038482135441465933,False,True,False,False,100000,False,True,False,4.022442296845561,0.00488567057366545,9.720829852051786,0.055159864133132806,True,Cruise
1,25,1675398031.4345248,49.711383984189006,0.0038482135441465933,False,True,False,False,100000,False,True,False,3.927957563522247,0.005593452741618305,9.71907228139756,0.04454320777316963,True,Cruise
1,26,1675398031.53459,49.383803978987736,0.008215946946830234,False,True,False,False,100000,False,True,False,3.927957563522247,0.005593452741618305,9.71907228139756,0.04454320777316963,True,Cruise
1,27,1675398031.634537,49.383803978987736,0.008215946946830234,False,True,False,False,100000,False,True,False,3.8566330412269023,0.006407200947347535,9.718819374066065,0.029510915694905042,True,Cruise
1,28,1675398031.7345054,49.383803978987736,0.008215946946830234,False,False,False,False,100000,False,True,False,3.8299705117789746,-0.00623718382612698,9.71917037590439,0.029510915694905042,True,Cruise
1,29,1675398031.8344786,49.73871356902663,0.003483819079644908,False,False,False,False,100000,False,True,False,3.784882169334558,0.02664647730897223,9.721910709299735,0.009497816710211302,True,Cruise
1,30,1675398031.9345767,49.73871356902663,0.003483819079644908,False,False,False,False,100000,False,True,False,3.7808119951542984,0.03936168620461856,9.723340461722342,0.026478917285791402,True,Cruise
1,31,1675398032.034599,49.680810388289295,0.0042558614894760505,False,False,False,False,100000,False,True,False,3.787114135036623,0.003619779640169314,9.726930331399394,0.026478917285791402,True,Cruise
1,32,1675398032.1344628,49.680810388289295,0.0042558614894760505,False,False,False,False,100000,False,True,False,3.809213909543976,0.006016385843920985,9.731516113000215,0.013256381644839502,True,Cruise
1,33,1675398032.2346249,49.680810388289295,0.0042558614894760505,False,False,False,False,100000,False,True,False,3.8249746733821386,0.005978196625354233,9.734164097196679,0.03953092067507805,True,Cruise
1,34,1675398032.3345962,49.63969559359055,0.004804058752125935,False,False,False,False,100000,False,True,False,3.86340177180446,0.013097103167304143,9.740111614822338,0.021940265468819078,True,Cruise
1,35,1675398032.4346638,49.63969559359055,0.004804058752125935,False,False,False,False,100000,False,True,False,3.931035864616244,0.012724604828004393,9.750366600717472,0.023625944515966214,True,Cruise
1,36,1675398032.5345922,49.69689241061458,0.004041434525138938,False,False,False,False,100000,False,True,False,3.9774937140164264,0.013409623643276853,9.757787506894058,0.023397058465942196,True,Cruise
1,37,1675398032.6345775,49.69689241061458,0.004041434525138938,False,False,False,False,100000,False,True,False,3.9999666217157506,0.015433791624538833,9.761573699696118,0.022879337674265938,True,Cruise
1,38,1675398032.7346013,49.69689241061458,0.004041434525138938,False,False,False,False,100000,False,True,False,4.021519123981936,0.010957677257272194,9.765358449007225,0.02233540420746215,True,Cruise
1,39,1675398032.8347414,49.79540124965724,0.002727983337903461,False,False,False,False,100000,False,True,False,4.0607284346547035,0.009296523043912985,9.772775888424155,0.017611675186391163,True,Cruise
1,40,1675398032.9345827,49.79540124965724,0.002727983337903461,False,False,False,False,100000,False,True,False,4.077969606191306,0.009838179882608981,9.776328312214396,0.016412733599736908,True,Cruise
1,41,1675398033.03458,49.76173820620688,0.003176823917241614,False,False,False,False,100000,False,True,False,4.128430007847516,0.003141191590154602,9.788604160114135,0.010073939745837932,True,Cruise
1,42,1675398033.1346776,49.76173820620688,0.003176823917241614,False,False,False,False,100000,False,True,False,4.128430007847516,0.003141191590154602,9.788604160114135,0.008143409885975674,True,Cruise
1,43,1675398033.2346113,49.76173820620688,0.003176823917241614,False,False,False,False,100000,False,True,False,4.141939756684653,0.005362715544649982,9.793145865482446,0.006902338286619345,True,Cruise
1,44,1675398033.334678,49.71642634803942,0.003780982026141075,False,False,False,False,100000,False,True,False,4.148058365657896,0.006889045638844687,9.796373546692903,0.0012228690649283799,True,Cruise
1,45,1675398033.4346235,49.71642634803942,0.003780982026141075,False,False,False,False,100000,False,True,False,4.145245689756137,0.00887380501697822,9.798578798680198,0.0045957707579100246,True,Cruise
1,46,1675398033.5345721,49.734242108810925,0.003543438549187732,False,False,False,False,100000,False,True,False,4.141658316955376,0.010912769831074361,9.798613806576846,0.00412648114954933,True,Cruise
1,47,1675398033.6345658,49.734242108810925,0.003543438549187732,False,False,False,False,100000,False,True,False,4.137014570981263,0.01175486513943213,9.798313906531643,0.005699451448951172,True,Cruise
1,48,1675398033.7345612,49.734242108810925,0.003543438549187732,False,False,False,False,100000,False,True,False,4.125214259169379,0.012031475130898632,9.796779836009486,0.006396279409539449,True,Cruise
1,49,1675398033.8345842,49.78103489932554,0.002919534675659509,False,False,False,False,100000,False,True,False,4.125214259169379,0.012031475130898632,9.796779836009486,0.006396279409539449,True,Cruise
1,50,1675398033.934575,49.78103489932554,0.002919534675659509,False,False,False,False,100000,False,True,False,4.095984204133989,0.01230803206786161,9.79068164523012,0.008458374062115744,True,Cruise
1,51,1675398034.03462,49.60785586832009,0.0052285884223989216,False,False,False,False,100000,False,True,False,4.080873024334169,0.01136355141040264,9.786614549892265,0.007781873807849144,True,Cruise
1,52,1675398034.134574,49.60785586832009,0.0052285884223989216,False,False,False,False,100000,False,True,False,4.07360744352949,0.005313765520266516,9.784447884183775,0.017377869696410177,True,Cruise
1,53,1675398034.2345586,49.79477446237343,0.002736340501687558,False,False,False,False,100000,False,True,False,4.060034007120239,0.028644780159845663,9.780032258345079,0.010272157457603149,True,Cruise
1,54,1675398034.3345644,49.79477446237343,0.002736340501687558,False,False,False,False,100000,False,True,False,4.060034007120239,0.028644780159845663,9.780032258345079,0.010272157457603149,True,Cruise
1,55,1675398034.4345684,49.79477446237343,0.002736340501687558,False,False,False,False,100000,False,True,False,4.043695588072715,0.020982989335599733,9.773627752380353,0.008851784048129838,True,Cruise
1,56,1675398034.5345476,49.69361973085206,0.004085070255305863,False,False,False,False,100000,False,True,False,4.032866130332082,0.009835289578196797,9.768187757812628,0.004356615428839039,True,Cruise
1,57,1675398034.6345987,49.69361973085206,0.004085070255305863,False,False,False,False,100000,False,True,False,4.032866130332082,0.009835289578196797,9.768187757812628,0.010741722186129983,True,Cruise
1,58,1675398034.7345378,49.33665286690657,0.008844628441245797,False,False,False,False,100000,False,True,False,4.027367669747813,0.02595988358925759,9.764276491953899,0.00541494801651169,True,Cruise
1,59,1675398034.8345141,49.33665286690657,0.008844628441245797,False,False,False,False,100000,False,True,False,4.027367669747813,0.02595988358925759,9.764276491953899,0.018401860903870148,True,Cruise
1,60,1675398034.934519,49.52255023684309,0.006365996842092171,False,False,False,False,100000,False,True,False,4.026551090090755,0.06071030378140821,9.762160972249857,0.01645539788109849,True,Cruise
1,61,1675398035.0345275,49.52255023684309,0.006365996842092171,False,False,False,False,100000,False,True,False,4.027234121417854,0.06520162295475304,9.761848969731757,0.007977633207232972,True,Cruise
1,62,1675398035.1345487,49.52255023684309,0.006365996842092171,False,False,False,False,100000,False,True,False,4.030032981648582,0.056452442660067374,9.761757778718083,0.007129497527966107,True,Cruise
1,63,1675398035.2345219,49.79218281871484,0.002770895750468747,False,False,False,False,100000,False,True,False,4.0363346761396155,0.0531199193027052,9.762873010850942,0.003744279165803607,True,Cruise
1,64,1675398035.334525,49.79218281871484,0.002770895750468747,False,False,False,False,100000,False,True,False,4.0363346761396155,0.0531199193027052,9.762873010850942,0.012737704171838634,True,Cruise
1,65,1675398035.4345186,49.75557376471013,0.0032590164705316037,False,False,False,False,100000,False,True,False,4.041388593731003,0.04151152782557172,9.76427024807574,0.012737704171838634,True,Cruise
1,66,1675398035.534499,49.75557376471013,0.0032590164705316037,False,False,False,False,100000,False,True,False,4.046559495396939,0.02430054273844447,9.766048932422041,0.003774941639773434,True,Cruise
1,67,1675398035.6345127,49.80644343254716,0.0025807542327045086,False,False,False,False,100000,False,True,False,4.0512954477085,0.023649697648818597,9.768075745989737,0.0032561418370448706,True,Cruise
1,68,1675398035.734523,49.80644343254716,0.0025807542327045086,False,False,False,False,100000,False,True,False,4.057548092208355,0.013994296890076995,9.771213720435572,0.0024391230916986683,True,Cruise
1,69,1675398035.8345644,49.77842045070482,0.002954393990602441,False,False,False,False,100000,False,True,False,4.057548092208355,0.013994296890076995,9.771213720435572,0.008618004177993462,True,Cruise
1,70,1675398035.9345157,49.77842045070482,0.002954393990602441,False,False,False,False,100000,False,True,False,4.062367303029641,0.005203093232101595,9.774087648718643,0.0019758597231337932,True,Cruise
1,71,1675398036.034514,49.84988859289036,0.002001485428128546,False,False,False,False,100000,False,True,False,4.063566632301691,0.005605955142436451,9.774929990115583,0.0012943365446046384,True,Cruise
1,72,1675398036.134522,49.84988859289036,0.002001485428128546,False,False,False,False,100000,False,True,False,4.065375343821499,0.007751091063133093,9.776382121588911,0.0026546185745429636,True,Cruise
1,73,1675398036.234502,49.8708985207463,0.0017213530567160133,False,False,False,False,100000,False,True,False,4.065375343821499,0.007751091063133093,9.776382121588911,0.0026546185745429636,True,Cruise
1,74,1675398036.3345,49.8708985207463,0.0017213530567160133,False,False,False,False,100000,False,True,False,4.066734720558694,-0.0030391369347843914,9.777893001496283,0.0005058418690011421,True,Cruise
1,75,1675398036.4345102,49.884384445503215,0.0015415407266238098,False,False,False,False,100000,False,True,False,4.066723731626186,-0.0018985587719050777,9.778442870059518,0.0012662522415020489,True,Cruise
1,76,1675398036.5345201,49.884384445503215,0.0015415407266238098,False,False,False,False,100000,False,True,False,4.066127169724659,-0.0009329941091822272,9.778636109788227,0.0017114844077866045,True,Cruise
1,77,1675398036.6345031,49.959027942230065,0.0005462941035991151,False,False,False,False,100000,False,True,False,4.065649396373827,0.0007102188134787695,9.778608491060323,0.0006223140445191995,True,Cruise
1,78,1675398036.734514,49.959027942230065,0.0005462941035991151,False,False,False,False,100000,False,True,False,4.063724566970141,0.004726797303078886,9.778096565727743,0.003910457763390959,True,Cruise
1,79,1675398036.8345246,49.959027942230065,0.0005462941035991151,False,False,False,False,100000,False,True,False,4.0629977214334785,-0.0020371465350477605,9.777804212499607,0.006809163758458089,True,Cruise
1,80,1675398036.9345198,49.9048392036293,0.0012688106182759931,False,False,False,False,100000,False,True,False,4.0629977214334785,-0.0020371465350477605,9.777804212499607,0.0037765747667473947,True,Cruise
1,81,1675398037.0345163,49.9048392036293,0.0012688106182759931,False,False,False,False,100000,False,True,False,4.060611615322403,-0.006633899437638818,9.77669221873704,0.001534544620782833,True,Cruise
1,82,1675398037.1345522,49.9678360090649,0.000428853212468,False,False,False,False,100000,False,True,False,4.058224138668288,0.007456728545025914,9.77539312742244,0.0038936815822318313,True,Cruise
1,83,1675398037.234523,49.9678360090649,0.000428853212468,False,False,False,False,100000,False,True,False,4.057528146223817,0.000937198381360936,9.774949778400952,0.003748412752439987,True,Cruise
1,84,1675398037.3345141,49.90910179103221,0.0012119761195705488,False,False,False,False,100000,False,True,False,4.056270023456889,-0.0030900354636918892,9.774096358653534,0.0008965982775754872,True,Cruise
1,85,1675398037.434538,49.90910179103221,0.0012119761195705488,False,False,False,False,100000,False,True,False,4.055207473805345,0.002609815227900942,9.773325828284317,0.0008965982775754872,True,Cruise
1,86,1675398037.5345075,49.937519976324296,0.0008330669823427169,False,False,False,False,100000,False,True,False,4.054765670421369,0.006903737335545733,9.772982216907904,0.002616148640382847,True,Cruise
1,87,1675398037.6345098,49.937519976324296,0.0008330669823427169,False,False,False,False,100000,False,True,False,4.054100258946747,0.0067879558398150994,9.772392375822784,0.0027169704445216647,True,Cruise
1,88,1675398037.7345097,49.93628103010458,-0.0008495862652721704,False,False,False,False,100000,False,True,False,4.053702396938941,0.005593784057002072,9.77194883995527,0.0014023292190707345,True,Cruise
1,89,1675398037.8345401,49.93628103010458,-0.0008495862652721704,False,False,False,False,100000,False,True,False,4.053592632640654,0.00641209814274273,9.771785088782124,0.0008417247714108034,True,Cruise
1,90,1675398037.9345129,49.981843062373166,0.00024209250169115638,False,False,False,False,100000,False,True,False,4.053540140157758,0.01215609113979133,9.771659960937656,0.005745595529478656,True,Cruise
1,91,1675398038.0345097,49.981843062373166,0.00024209250169115638,False,False,False,False,100000,False,True,False,4.053540140157758,0.01215609113979133,9.771659960937656,0.005745595529478656,True,Cruise
1,92,1675398038.1345398,49.896702468384184,-0.0013773004215442179,False,False,False,False,100000,False,True,False,4.053828250209509,-0.00013312141077725034,9.771522556812553,0.0012379616987731848,True,Cruise
1,93,1675398038.2345102,49.896702468384184,-0.0013773004215442179,False,False,False,False,100000,False,True,False,4.054174524112176,0.005144948722181254,9.77164542398167,0.015199320927748538,True,Cruise
1,94,1675398038.3345122,49.654775200943405,0.004602997320754619,False,False,False,False,100000,False,True,False,4.054639963438484,-0.019218077847627073,9.771862514814602,0.020274652505756073,True,Cruise
1,95,1675398038.4345145,49.654775200943405,0.004602997320754619,False,False,False,False,100000,False,True,False,4.0548831398396485,-0.03949080677512139,9.77199985126065,0.020274652505756073,True,Cruise
1,96,1675398038.5345495,49.973741309625936,-0.00035011587165416835,False,False,False,False,100000,False,True,False,4.055518412195394,0.05207273209458748,9.772497770628535,0.009024265291073232,True,Cruise
1,97,1675398038.6345139,49.973741309625936,-0.00035011587165416835,False,False,False,False,100000,False,True,False,4.055518412195394,0.05207273209458748,9.772497770628535,0.01597601756604363,True,Cruise
1,98,1675398038.7345102,49.83517031999746,-0.002197729066700599,False,False,False,False,100000,False,True,False,4.0564133880385755,0.0030713490261829743,9.773002677848522,0.002766734326095224,True,Cruise
1,99,1675398038.8345275,49.83517031999746,-0.002197729066700599,False,False,False,False,100000,False,True,False,4.057117844755038,-0.003802642202265955,9.773486846166039,0.009137760278860112,True,Cruise
1,100,1675398038.9345207,49.839958085297305,-0.002133892196035981,False,False,False,False,100000,False,True,False,4.057117844755038,-0.003802642202265955,9.773486846166039,0.013261515902488804,True,Cruise
1,101,1675398039.0345943,49.839958085297305,-0.002133892196035981,False,False,False,False,100000,False,True,False,4.057515539492759,-0.020900325626298642,9.773892145153596,0.0032416753407488105,True,Cruise
1,102,1675398039.134515,49.9161924456054,-0.001117434058594768,False,False,False,False,100000,False,True,False,4.057515539492759,-0.020900325626298642,9.773892145153596,0.004094971674110066,True,Cruise
1,103,1675398039.234536,49.9161924456054,-0.001117434058594768,False,False,False,False,100000,False,True,False,4.057672303133721,-0.030009070824624198,9.77409336552904,0.005017470544149814,True,Cruise
1,104,1675398039.3345313,49.91004482100365,-0.001199402386617992,False,False,False,False,100000,False,True,False,4.0577678327257125,-0.04337934937331547,9.774232143912867,0.008030192059478039,True,Cruise
1,105,1675398039.4345443,49.91004482100365,-0.001199402386617992,False,False,False,False,100000,False,True,False,4.057833234302365,-0.036491304242477755,9.774307334903602,0.0019575304832406596,True,Cruise
1,106,1675398039.5345063,49.91004482100365,-0.001199402386617992,False,False,False,False,100000,False,True,False,4.057783633805385,-0.04059532318772491,9.774319665967393,0.004104337189776496,True,Cruise
1,107,1675398039.6345484,49.88271079345291,-0.0015638560872945086,False,False,False,False,100000,False,True,False,4.057783633805385,-0.04059532318772491,9.774319665967393,0.0003067804370264359,True,Cruise
1,108,1675398039.7345312,49.88271079345291,-0.0015638560872945086,False,False,False,False,100000,False,True,False,4.057674852079953,-0.03897633797554334,9.774270284438817,0.0019142092933518296,True,Cruise
1,109,1675398039.8345377,49.913901686770295,-0.0011479775097293626,False,False,False,False,100000,False,True,False,4.057517029853352,-0.04113214437377414,9.774185707579816,0.0013022034211950793,True,Cruise
1,110,1675398039.9345193,49.913901686770295,-0.0011479775097293626,False,False,False,False,100000,False,True,False,4.057346506139692,-0.03925068287958177,9.77407394281363,0.0005923093205891299,True,Cruise
1,111,1675398040.0345192,49.913901686770295,-0.0011479775097293626,False,False,False,False,100000,False,True,False,4.057189491347541,-0.02954171538337899,9.773944519737356,0.009711099516529965,True,Cruise
1,112,1675398040.1345096,49.82482523170862,-0.002335663577218322,False,False,False,False,100000,False,True,False,4.057022646096372,-0.02600651585927564,9.773810798035177,0.0014215928249503476,True,Cruise
1,113,1675398040.2345068,49.82482523170862,-0.002335663577218322,False,False,False,False,100000,False,True,False,4.056938744568454,-0.021294364779720187,9.773744987443054,0.00471335743361122,True,Cruise
1,114,1675398040.3344755,49.84746888453404,-0.00203374820621285,False,False,False,False,100000,False,True,False,4.056726793749985,-0.037439343409317226,9.773624540401826,0.001188846261423749,True,Cruise
1,115,1675398040.4345248,49.84746888453404,-0.00203374820621285,False,False,False,False,100000,False,True,False,4.056570584024547,-0.039310543202245085,9.773512823931066,0.0006925898936919782,True,Cruise
1,116,1675398040.534477,49.84746888453404,-0.00203374820621285,False,False,False,False,100000,False,True,False,4.056481210820794,-0.03539786539733963,9.773415370758213,0.003914911530986077,True,Cruise
1,117,1675398040.6345088,49.752235732937216,-0.0033035235608371454,False,False,False,False,100000,False,True,False,4.056444748838194,-0.036199942455819846,9.773374908224373,0.0008039243127062688,True,Cruise
1,118,1675398040.7345078,49.752235732937216,-0.0033035235608371454,False,False,False,False,100000,False,True,False,4.056332150268876,-0.048385248504634985,9.773316856382634,0.014312354019104138,True,Cruise
1,119,1675398040.8345454,49.75131838270416,-0.003315754897277829,False,False,False,False,100000,False,True,False,4.056269407297893,-0.05775395408054873,9.773296849159413,0.009368937033492437,True,Cruise
1,120,1675398040.9345138,49.75131838270416,-0.003315754897277829,False,False,False,False,100000,False,True,False,4.0562076805361995,-0.06358736497212261,9.77326846918082,0.0019603705061458734,True,Cruise
1,121,1675398041.0344996,49.74513798295664,-0.00339816022724474,False,False,False,False,100000,False,True,False,4.056200678996245,-0.06565347903943357,9.773260714536653,0.002066140482931432,True,Cruise
1,122,1675398041.1346173,49.71968427454784,-0.0037375430060288695,False,False,False,False,100000,False,True,False,4.056200678996245,-0.06565347903943357,9.773260714536653,0.007994423545431917,True,Cruise
1,123,1675398041.2345674,49.71968427454784,-0.0037375430060288695,False,False,False,False,100000,False,True,False,4.05624997567314,-0.07501095644198981,9.773273386922845,0.0013632767165289298,True,Cruise
1,124,1675398041.3345227,49.77699125968686,-0.0029734498708418634,False,False,False,False,100000,False,True,False,4.056250617453963,-0.08620304182238203,9.77330583971526,0.0024214329547169212,True,Cruise
1,125,1675398041.43442,49.77699125968686,-0.0029734498708418634,False,False,False,False,100000,False,True,False,4.056293545137818,-0.09230548946532738,9.773344169832164,0.006758427035453425,True,Cruise
1,126,1675398041.534567,49.77699125968686,-0.0029734498708418634,False,False,False,False,100000,False,True,False,4.05638035595642,-0.0855476382768108,9.773359892083484,0.006758427035453425,True,Cruise
1,127,1675398041.6345193,49.73555698223105,-0.00352590690358604,False,False,False,False,100000,False,True,False,4.05638035595642,-0.0855476382768108,9.773359892083484,0.0047009027784062195,True,Cruise
1,128,1675398041.7345831,49.73555698223105,-0.00352590690358604,False,False,False,False,100000,False,True,False,4.056588584262707,-0.08083440694067812,9.773448997589101,0.0023211046289661843,True,Cruise
1,129,1675398041.8345094,49.6007785315594,-0.005322952912541372,False,False,False,False,100000,False,True,False,4.05661671811273,-0.07851359964431943,9.77347326028185,0.002289739273251342,True,Cruise
1,130,1675398041.9346027,49.6007785315594,-0.005322952912541372,False,False,False,False,100000,False,True,False,4.056603375258551,-0.08315691952990321,9.773500606626506,0.002289739273251342,True,Cruise
1,131,1675398042.034515,49.37279438876049,0.008362741483193473,False,False,False,False,100000,False,True,False,4.056481496525071,-0.09841650708919426,9.773578713044179,0.018322588320769266,True,Cruise
1,132,1675398042.134513,49.37279438876049,0.008362741483193473,False,False,False,False,100000,False,True,False,4.056352601573824,-0.11422111445011042,9.773617761497736,0.015805181192346616,True,Cruise
1,133,1675398042.234606,49.37279438876049,0.008362741483193473,False,False,False,False,100000,False,True,False,4.057523635339184,-0.01016101496853872,9.77352986915729,0.1453484076343052,True,Cruise
1,134,1675398042.3345318,49.672627492735636,-0.004364966763524856,False,False,False,False,100000,False,True,False,4.05800264825017,0.08156582745463785,9.773511868274788,0.029198841901262703,True,Cruise
1,135,1675398042.4345753,49.672627492735636,-0.004364966763524856,False,False,False,False,100000,False,True,False,4.057366279306093,0.02968018839294856,9.773616675094667,0.12732906750780248,True,Cruise
1,136,1675398042.5346682,49.65181984777918,-0.004642402029611005,False,False,False,False,100000,False,True,False,4.057103319701426,-0.04097283347047646,9.773656667634873,0.07065352252782993,True,Cruise
1,137,1675398042.6345694,49.65181984777918,-0.004642402029611005,False,False,False,False,100000,False,True,False,4.057103319701426,-0.04097283347047646,9.773656667634873,0.07065352252782993,True,Cruise
1,138,1675398042.7346032,49.70379702092853,-0.003949373054286163,False,False,False,False,100000,False,True,False,4.056665054810685,-0.027743670299423782,9.773702784033476,0.01323650108763691,True,Cruise
1,139,1675398042.8345032,49.70379702092853,-0.003949373054286163,False,False,False,False,100000,False,True,False,4.056591525653139,-0.03517071556459719,9.77369210688287,0.015112789921741615,True,Cruise
1,140,1675398042.9345798,49.68125991481332,-0.004249867802489064,False,False,False,False,100000,False,True,False,4.056605750603415,-0.058080312266584624,9.773663092706556,0.007796906427335429,True,Cruise
1,141,1675398043.0345225,49.68125991481332,-0.004249867802489064,False,False,False,False,100000,False,True,False,4.05662501237088,-0.06899728292676252,9.77364638205138,0.007796906427335429,True,Cruise
1,142,1675398043.1345117,49.60545902027175,-0.005260546396376646,False,False,False,False,100000,False,True,False,4.05662693824644,-0.08249655158173269,9.773630688295302,0.013499277914838136,True,Cruise
1,143,1675398043.234559,49.60545902027175,-0.005260546396376646,False,False,False,False,100000,False,True,False,4.056525452496202,-0.11955337593481496,9.77359116896406,0.013499277914838136,True,Cruise
1,144,1675398043.3345912,49.60545902027175,-0.005260546396376646,False,False,False,False,100000,False,True,False,4.056303361901849,-0.15460206051044167,9.77357576149411,0.014537424502659492,True,Cruise
1,145,1675398043.4346027,49.695899703090305,-0.004054670625462604,False,False,False,False,100000,False,True,False,4.056241706962066,-0.16296674697763736,9.773562527554798,0.00836492415764996,True,Cruise
1,146,1675398043.5345042,49.695899703090305,-0.004054670625462604,False,False,False,False,100000,False,True,False,4.056317949473611,-0.1678657871611206,9.773502812883686,0.009317017214176248,True,Cruise
1,147,1675398043.634539,49.694863486304826,-0.0040684868492690115,False,False,False,False,100000,False,True,False,4.056317949473611,-0.1678657871611206,9.773502812883686,0.005113515764030239,True,Cruise
1,148,1675398043.7345278,49.694863486304826,-0.0040684868492690115,False,False,False,False,100000,False,True,False,4.056317949473611,-0.1678657871611206,9.773502812883686,0.005113515764030239,True,Cruise
1,149,1675398043.8345058,49.75814884024012,0.003224682130131741,False,False,False,False,100000,False,True,False,4.056469639964294,-0.16343375372850671,9.773450190738753,0.00013264480356600485,True,Cruise
1,150,1675398043.9345112,49.75814884024012,0.003224682130131741,False,False,False,False,100000,False,True,False,4.056450156082283,-0.15859507188311037,9.77344174081775,0.003081177497077657,True,Cruise
1,151,1675398044.0345128,49.75814884024012,0.003224682130131741,False,False,False,False,100000,False,True,False,4.056450156082283,-0.15859507188311037,9.77344174081775,0.017052141864610883,True,Cruise
1,152,1675398044.134597,49.935755957969604,0.0008565872270718892,False,False,False,False,100000,False,True,False,4.0575993597478,-0.025487715748090875,9.773347920530014,0.06052758025374666,True,Cruise
1,153,1675398044.2345304,49.935755957969604,0.0008565872270718892,False,False,False,False,100000,False,True,False,4.0575993597478,-0.025487715748090875,9.773347920530014,0.03031033722923535,True,Cruise
1,154,1675398044.3346262,49.93963345056617,0.0008048873257844205,False,False,False,False,100000,False,True,False,4.057357494558013,0.004821571196665961,9.773419816846557,0.03031033722923535,True,Cruise
1,155,1675398044.434598,49.93963345056617,0.0008048873257844205,False,False,False,False,100000,False,True,False,4.057031195860062,0.019671881148339978,9.773480173869801,0.014891947192731073,True,Cruise
1,156,1675398044.5345106,49.93963345056617,0.0008048873257844205,False,False,False,False,100000,False,True,False,4.056941906070929,0.05455223443772066,9.7735167125727,0.012970395102874415,True,Cruise
1,157,1675398044.6345413,49.64424041927087,0.004743461076388414,False,False,False,False,100000,False,True,False,4.056955648733338,0.07659652466200324,9.773542057624741,0.00907391743556695,True,Cruise
1,158,1675398044.7345278,49.64424041927087,0.004743461076388414,False,False,False,False,100000,False,True,False,4.056955648733338,0.07659652466200324,9.773542057624741,0.00907391743556695,True,Cruise
1,159,1675398044.8346186,49.64424041927087,0.004743461076388414,False,False,False,False,100000,False,True,False,4.056955648733338,0.07659652466200324,9.773542057624741,0.00907391743556695,True,Cruise
1,160,1675398044.934531,49.81311284274155,-0.0024918287634459546,False,False,False,False,100000,False,True,False,4.811642572720265,0.19833733751740493,9.668102390843506,5.121335982871352,True,Cruise
1,161,1675398045.034507,49.81311284274155,-0.0024918287634459546,False,False,False,False,100000,False,True,False,4.538713150142084,0.006557970559215377,9.699209061872974,0.1759534266129825,True,Cruise
1,162,1675398045.1345108,49.81311284274155,-0.0024918287634459546,False,False,False,False,100000,False,True,False,4.3509600788555725,-0.12421914574673035,9.721972187739341,0.22993918723441828,True,Cruise
1,163,1675398045.2345092,49.35769507903707,0.008564065612839008,False,False,False,False,100000,False,True,False,4.055655837819424,-0.20294856879454173,9.762523532511429,0.16089259704230086,True,Cruise
1,164,1675398045.3344746,49.35769507903707,0.008564065612839008,False,False,False,False,100000,False,True,False,4.059594520991728,-0.04096248621053133,9.76542438612417,0.16205992449624362,True,Cruise
1,165,1675398045.4345286,49.35769507903707,0.008564065612839008,False,False,False,False,100000,False,True,False,4.076489481859545,0.05966812094174824,9.767514859452312,0.10206041777935833,True,Cruise
1,166,1675398045.5345595,49.80402798032522,-0.0026129602623303745,False,False,False,False,100000,False,True,False,4.107265988052206,0.12036270353381798,9.774715768367647,0.017034533237190706,True,Cruise
1,167,1675398045.6345193,49.80402798032522,-0.0026129602623303745,False,False,False,False,100000,False,True,False,4.072213606333115,0.11052092742431655,9.775966419647698,0.0364293034492115,True,Cruise
1,168,1675398045.7345314,49.80402798032522,-0.0026129602623303745,False,False,False,False,100000,False,True,False,4.076381662391474,0.1940801999027329,9.777934789043217,0.08368631421268989,True,Cruise
1,169,1675398045.8345342,49.86732246104442,-0.0017690338527410895,False,False,False,False,100000,False,True,False,4.072109578129879,0.04536251967739869,9.784265882228269,0.1489136724967212,True,Cruise
1,170,1675398045.9345033,49.86732246104442,-0.0017690338527410895,False,False,False,False,100000,False,True,False,4.066671126165533,0.0669539376797393,9.78566316950124,0.024716655309716284,True,Cruise
1,171,1675398046.0345836,49.945300542596996,-0.0007293260987067529,False,False,False,False,100000,False,True,False,4.1050632651325,0.08441900099132063,9.7887042312287,0.04164229524262086,True,Cruise
1,172,1675398046.1345963,49.945300542596996,-0.0007293260987067529,False,False,False,False,100000,False,True,False,4.090206558970237,0.03961674705840751,9.789381887147217,0.019869518616206117,True,Cruise
1,173,1675398046.2345276,49.945300542596996,-0.0007293260987067529,False,True,False,False,100000,False,True,False,4.090206558970237,0.03961674705840751,9.789381887147217,0.019869518616206117,True,Cruise
1,174,1675398046.3346164,49.98381391512925,-0.0002158144649434325,False,True,False,False,100000,False,True,False,4.085163742257427,0.3277424702953662,9.827922907180543,0.290735743616826,True,Cruise
1,175,1675398046.4345214,49.967522907905696,-0.0004330278945907228,False,True,False,False,100000,False,True,False,4.0703407032502215,0.0917401511369393,9.807779428460082,0.23732378066373122,True,Cruise
1,176,1675398046.5345035,49.98836410271771,0.00015514529709712176,False,True,False,False,100000,False,True,False,4.014735368776946,0.07062595663273996,9.80242578188383,0.05971954423059028,True,Cruise
1,177,1675398046.6345544,49.835305752887244,0.0021959232948367837,False,True,False,False,100000,False,True,False,4.03241945058194,-0.0694147984419791,9.785765213678388,0.03697606188598476,True,Cruise
1,178,1675398046.7346015,49.96290356632906,-0.0004946191156124848,False,True,False,False,100000,False,True,False,4.09978751716959,-0.06490346678409645,9.794960983173768,0.06814228265693505,True,Cruise
1,179,1675398046.8345854,49.94172773480038,0.0007769635359949636,False,True,False,False,100000,False,True,False,4.09978751716959,-0.06490346678409645,9.794960983173768,0.20181610007534678,True,Cruise
1,180,1675398046.9345021,49.89504980578566,-0.0013993359228578557,False,True,False,False,100000,False,True,False,3.9411515485609714,0.05932867882939668,9.78352674907193,0.20181610007534678,True,Cruise
1,181,1675398047.034609,49.90577460499854,-0.0012563386000193975,False,True,False,False,100000,False,True,False,3.9903236988524893,0.011543621451876186,9.765207074811304,0.035894447227349566,True,Cruise
1,182,1675398047.1345978,49.88550070444025,-0.0015266572741299662,False,True,False,False,100000,False,True,False,4.012182659046325,-0.07222672873319316,9.760080533628862,0.08672696890460384,True,Cruise
1,183,1675398047.2345104,49.6498362558411,0.004668849922118651,False,True,False,False,100000,False,True,False,4.030855637132487,-0.12994228383022954,9.753838456933343,0.006542233407747374,True,Cruise
1,184,1675398047.3345122,49.73031562121324,0.0035957917171568735,False,True,False,False,100000,False,True,False,4.031009468783369,-0.1363067626159645,9.752331618000158,0.006542233407747374,True,Cruise
1,185,1675398047.4345956,49.73031562121324,0.0035957917171568735,False,True,False,False,100000,False,True,False,4.021632751438224,-0.049306093628926254,9.751294524722915,0.08751065532167289,True,Cruise
1,186,1675398047.5345867,49.73031562121324,0.0035957917171568735,False,True,False,False,100000,False,True,False,4.019483042801385,-0.043323370588172434,9.751542819868725,0.006362065127385911,True,Cruise
1,187,1675398047.6345441,49.71200992660813,0.0038398676452249198,False,True,False,False,100000,False,True,False,4.018598520729662,-0.026597293182578866,9.75255439240958,0.011423946439074524,True,Cruise
1,188,1675398047.7345684,49.71200992660813,0.0038398676452249198,False,True,False,False,100000,False,True,False,4.019551211800822,-0.008955410700458988,9.753288855344424,0.06223869494494381,True,Cruise
1,189,1675398047.8345168,49.71200992660813,0.0038398676452249198,False,True,False,False,100000,False,True,False,4.013003533386098,0.0817456876227961,9.742404037757629,0.03065804931367748,True,Cruise
1,190,1675398047.9345045,49.71200992660813,0.0038398676452249198,False,True,False,False,100000,False,True,False,4.033949385946617,0.1064324562829543,9.764247834390735,0.03905530357986819,True,Cruise
1,191,1675398048.0345168,49.928010865190345,-0.0009598551307953664,False,True,False,False,100000,False,True,False,4.037510004982384,0.13268784953462495,9.76594954754738,0.026550320344305548,True,Cruise
1,192,1675398048.1345398,49.928010865190345,-0.0009598551307953664,False,True,False,False,100000,False,True,False,4.040870151443037,0.17153029091983782,9.76760413093297,0.04261547288316537,True,Cruise
1,193,1675398048.234509,49.850405853113074,-0.0019945886251590494,False,True,False,False,100000,False,True,False,4.044408052184322,0.12909368179269542,9.769246078919585,0.023308648777926447,True,Cruise
1,194,1675398048.3344913,49.850405853113074,-0.0019945886251590494,False,True,False,False,100000,False,True,False,4.025171212595572,0.402968511989581,9.738672028786423,0.021822147298304683,True,Cruise
1,195,1675398048.434508,49.850405853113074,-0.0019945886251590494,False,True,False,False,100000,False,True,False,4.034767226670782,0.31686332982641424,9.750363747728146,0.0874235790464793,True,Cruise
1,196,1675398048.5345945,49.81379031573752,-0.002482795790166363,False,True,False,False,100000,False,True,False,4.045722761416902,0.19995992320038075,9.761541719887617,0.06023025013203981,True,Cruise
1,197,1675398048.6345239,49.81379031573752,-0.002482795790166363,False,True,False,False,100000,False,True,False,4.05111501808368,0.1450882935872637,9.766782322473828,0.05538443900434596,True,Cruise
1,198,1675398048.7345603,49.81379031573752,-0.002482795790166363,False,True,False,False,100000,False,True,False,4.0562223659228085,0.08287910406190079,9.77171944377077,0.0626134444832186,True,Cruise
1,199,1675398048.834569,49.40529395665133,0.007929413911315656,False,True,False,False,100000,False,True,False,4.069025818152542,-0.10373503985238994,9.784268847745327,0.05224729432686926,True,Cruise
1,200,1675398048.9345133,49.40529395665133,0.007929413911315656,False,True,False,False,100000,False,True,False,4.069025818152542,-0.10373503985238994,9.784268847745327,0.07681195291406204,True,Cruise
1,201,1675398049.0344992,49.31397132903413,0.00914704894621154,False,True,False,False,100000,False,True,False,4.077064394820932,0.06898478588940554,9.792897360652686,0.16821872769112756,True,Cruise
1,202,1675398049.1345208,49.31397132903413,0.00914704894621154,False,True,False,False,100000,False,True,False,4.07975352535479,0.06467716111190645,9.796198336455138,0.0025062844433710553,True,Cruise
1,203,1675398049.2345657,49.31397132903413,0.00914704894621154,False,True,False,False,100000,False,True,False,4.080358768168315,0.10295615496562059,9.797141076857987,0.04498967061379581,True,Cruise
1,204,1675398049.334526,47.023288472295526,0.03968948703605967,False,True,False,False,100000,False,True,False,1.8064865008404674,0.15749334762148293,10.013012467420847,0.344893621275482,True,Cruise
1,205,1675398049.4344945,47.023288472295526,0.03968948703605967,False,True,False,False,100000,False,True,False,1.8064865008404674,0.15749334762148293,10.013012467420847,1.9593978037477076,True,Cruise
1,206,1675398049.5346267,48.797544833990514,0.016032735546793114,False,True,False,False,100000,False,True,False,-1.2249331697891956,0.9363701516646435,10.230573876113636,0.8542580343759781,True,Cruise
1,207,1675398049.6345248,48.797544833990514,0.016032735546793114,False,True,False,False,100000,False,True,False,-2.065177017687184,1.0873992278251472,10.261188962584148,0.8542580343759781,True,Cruise
1,208,1675398049.734486,49.73224194023425,-0.003570107463543266,False,True,False,False,100000,False,True,False,-0.14393102582783912,1.1660363615964933,9.98231979927629,0.9091628886805315,True,Cruise
1,209,1675398049.8345058,49.73224194023425,-0.003570107463543266,False,True,False,False,100000,False,True,False,0.2846121810595666,0.9502365350895666,9.871125258150057,0.9091628886805315,True,Cruise
1,210,1675398049.9346046,49.73224194023425,-0.003570107463543266,False,True,False,False,100000,False,True,False,1.879943811316927,1.2342759959641585,9.660668084323424,0.7487066053000399,True,Cruise
1,211,1675398050.0345643,49.6899030192129,0.0041346264104946675,False,True,False,False,100000,False,True,False,1.879943811316927,1.2342759959641585,9.660668084323424,0.7487066053000399,True,Cruise
1,212,1675398050.1346517,49.6899030192129,0.0041346264104946675,False,True,False,False,100000,False,True,False,2.652179434503684,0.8313919834842675,9.557568451757879,0.8770934496766501,True,Cruise
1,213,1675398050.234572,49.6899030192129,0.0041346264104946675,False,True,False,False,100000,False,True,False,2.0669886234170787,0.7665444817764983,9.610109434942713,0.6253121682684659,True,Cruise
1,214,1675398050.334592,48.864099278803366,0.015145342949288473,False,True,False,False,100000,False,True,False,0.8178169238562956,0.8491792047668486,9.724871722289715,0.633649499673604,True,Cruise
1,215,1675398050.4346318,48.864099278803366,0.015145342949288473,False,True,False,False,100000,False,True,False,-1.7403784796651018,0.791447923270633,9.943856194151472,1.1488632251333615,True,Cruise
1,216,1675398050.5345724,49.623554151834,-0.005019277975546685,False,True,False,False,100000,False,True,False,-1.7403784796651018,0.791447923270633,9.943856194151472,1.1488632251333615,True,Cruise
1,217,1675398050.634658,49.623554151834,-0.005019277975546685,False,True,False,False,100000,False,True,False,-1.7403784796651018,0.791447923270633,9.943856194151472,2.1992310115662788,True,Cruise
1,218,1675398050.7345674,49.623554151834,-0.005019277975546685,False,True,False,False,100000,False,True,False,1.1696034493757987,0.07506241026649281,9.619717190480138,0.10389270176392028,True,Cruise
1,219,1675398050.8345854,49.33177696744816,-0.00890964043402464,False,True,False,False,100000,False,True,False,0.9555091897264831,0.07896030517333025,9.65565708399676,0.3162327723401842,True,Cruise
1,220,1675398050.934653,49.33177696744816,-0.00890964043402464,False,True,False,False,100000,False,True,False,-0.38508099661999656,0.07508673978945761,9.789299223713634,1.0523143556166468,True,Cruise
1,221,1675398051.0345876,49.08684450613513,-0.0121754065848649,False,True,False,False,100000,False,True,False,-1.5131809452102227,-0.21433334037103483,9.873178533558772,0.16537189955399734,True,Cruise
1,222,1675398051.1345265,48.46006115758354,0.020532517898886122,False,True,False,False,100000,False,True,False,-1.5131809452102227,-0.21433334037103483,9.873178533558772,0.16537189955399734,True,Cruise
1,223,1675398051.2345662,48.81884461438981,0.01574873847480253,False,True,False,False,100000,False,True,False,-0.6476609667050743,-0.4562185184804325,9.766328492902424,0.6467383235798837,True,Cruise
1,224,1675398051.3346364,49.20842982086949,0.01055426905507344,False,True,False,False,100000,False,True,False,-1.2627996001922763,-0.6440736474523223,9.83404386263021,0.6467383235798837,True,Cruise
1,225,1675398051.4345157,49.93574299944257,0.0008567600074324731,False,True,False,False,100000,False,True,False,-1.1260338358901525,0.1491574667914436,9.800287846437556,0.5448277338392187,True,Cruise
1,226,1675398051.5344963,49.786988162416336,-0.002840157834448866,False,True,False,False,100000,False,True,False,-0.17673563177620932,0.03836122579349293,9.707886720264776,0.960198341735306,True,Cruise
1,227,1675398051.6345444,48.24277115509077,-0.023429717932123072,False,True,False,False,100000,False,True,False,1.8887401707143685,-0.2720603035663308,9.541311446732115,0.905581862728854,True,Cruise
1,228,1675398051.7345254,48.24277115509077,-0.023429717932123072,False,True,False,False,100000,False,True,False,1.8887401707143685,-0.2720603035663308,9.541311446732115,0.905581862728854,True,Cruise
1,229,1675398051.8416657,48.24277115509077,-0.023429717932123072,False,True,False,False,100000,False,True,False,-0.6979809846201459,-0.547211780589292,9.849956984277286,2.619560409421701,True,Cruise
1,230,1675398051.9345956,49.94306025147324,0.0007591966470234628,False,True,False,False,100000,False,True,False,-2.6815035566354295,-0.6083686800299155,10.02678571846936,0.4252392965352511,True,Cruise
1,231,1675398052.0345137,49.09481678398321,-0.012069109546890446,False,True,False,False,100000,False,True,False,-1.325602961907788,-0.657579397323936,9.864666291368046,1.7839133079460356,True,Cruise
1,232,1675398052.1345222,49.09481678398321,-0.012069109546890446,False,True,False,False,100000,False,True,False,0.7610350848831723,-0.3327387619213485,9.695240859905695,0.33711333172169483,True,Cruise
1,233,1675398052.234501,49.39780575027781,0.008029256662962487,False,True,False,False,100000,False,True,False,-0.12415646363653499,-0.4836290271115523,9.792312013231617,0.9031914296027792,True,Cruise
1,234,1675398052.3345094,49.39780575027781,0.008029256662962487,False,True,False,False,100000,False,True,False,0.7565317129076218,-0.11842483973350262,9.712513225433185,1.0003809554668353,True,Cruise
1,235,1675398052.434635,48.4154749015706,-0.02112700131239204,False,True,False,False,100000,False,True,False,0.7565317129076218,-0.11842483973350262,9.712513225433185,1.0003809554668353,True,Cruise
1,236,1675398052.5345554,48.4154749015706,-0.02112700131239204,False,True,False,False,100000,False,True,False,1.6018937481430573,0.059027505973777476,9.670208759681554,1.352465820205941,True,Cruise
1,237,1675398052.6345398,48.167595829330324,-0.02443205560892903,False,True,False,False,100000,False,True,False,-1.0394005531843358,-0.44295491179933544,9.940422095803878,1.3824991249554053,True,Cruise
1,238,1675398052.7345397,48.167595829330324,-0.02443205560892903,False,True,False,False,100000,False,True,False,-2.013235001998495,-0.6914347232830459,10.023961256019195,1.008501136192537,True,Cruise
1,239,1675398052.8345132,48.167595829330324,-0.02443205560892903,False,True,False,False,100000,False,True,False,-2.9998485770988963,-0.7090902242081061,10.082691194992943,0.04994255214976525,True,Cruise
1,240,1675398052.934564,49.662019884686806,0.0045064015375092855,False,True,False,False,100000,False,True,False,-2.9960040551384535,-0.7525252111731772,10.058342066189805,0.04994255214976525,True,Cruise
1,241,1675398053.0345676,47.01867775204604,0.039750963306052774,False,True,False,False,100000,False,True,False,-2.7681746288172864,-0.8695070289609381,9.99216656387395,1.8045506945456888,True,Cruise
1,242,1675398053.1345336,47.01867775204604,0.039750963306052774,False,True,False,False,100000,False,True,False,-2.0962306016209387,-0.32973161995897804,9.880499802607376,0.6912787825156896,True,Cruise
1,243,1675398053.253796,48.686390616768506,0.01751479177641992,False,True,False,False,100000,False,True,False,-2.0962306016209387,-0.32973161995897804,9.880499802607376,0.6912787825156896,True,Cruise
1,244,1675398053.3344898,48.686390616768506,0.01751479177641992,False,True,False,False,100000,False,True,False,-2.7406705998451315,0.14067751986758384,9.91685925007856,0.79869248122414,True,Cruise
1,245,1675398053.4345808,48.686390616768506,0.01751479177641992,False,True,False,False,100000,False,True,False,-2.7406705998451315,0.14067751986758384,9.91685925007856,3.957019276858391,True,Cruise
1,246,1675398053.534545,49.859344358594825,-0.001875408552069024,False,True,False,False,100000,False,True,False,1.466425607406329,0.44227675603546723,9.51665027147227,0.15573671068174735,True,Cruise
1,247,1675398053.6345081,49.859344358594825,-0.001875408552069024,False,True,False,False,100000,False,True,False,1.466425607406329,0.44227675603546723,9.51665027147227,1.3042101436215314,True,Cruise
1,248,1675398053.7344992,49.67285769909381,0.00436189734541592,False,True,False,False,100000,False,True,False,0.6173709275476159,0.5787114732960326,9.645053765051971,0.4345858795863953,True,Cruise
1,249,1675398053.8345382,49.67285769909381,0.00436189734541592,False,True,False,False,100000,False,True,False,1.5472368297363124,0.5761907648516642,9.582683535768677,0.9319586876708166,True,Cruise
1,250,1675398053.934601,49.67285769909381,0.00436189734541592,False,True,False,False,100000,False,True,False,1.5472368297363124,0.5761907648516642,9.582683535768677,0.9319586876708166,True,Cruise
1,251,1675398054.053984,49.874779377542914,-0.0016696082994278115,False,True,False,False,100000,False,True,False,3.564495881868114,0.8372862579743129,9.543544485665581,0.2652777504346499,True,Cruise
1,252,1675398054.1347468,49.37822104524079,0.008290386063456086,False,True,False,False,100000,False,True,False,3.564495881868114,0.8372862579743129,9.543544485665581,0.23099887324393156,True,Cruise
1,253,1675398054.2346113,49.37822104524079,0.008290386063456086,False,True,False,False,100000,False,True,False,2.054553682825905,0.4731126144095585,9.831144282256924,0.19081894776798902,True,Cruise
1,254,1675398054.3345609,48.889097225712554,-0.01481203699049933,False,True,False,False,100000,False,True,False,2.054553682825905,0.4731126144095585,9.831144282256924,0.19081894776798902,True,Cruise
1,255,1675398054.4345634,48.889097225712554,-0.01481203699049933,False,True,False,False,100000,False,True,False,0.3162805343378497,0.4521153464715448,10.027363637420493,0.2922986416679524,True,Cruise
1,256,1675398054.534659,48.889097225712554,-0.01481203699049933,False,True,False,False,100000,False,True,False,0.3162805343378497,0.4521153464715448,10.027363637420493,0.2922986416679524,True,Cruise
1,257,1675398054.6345506,48.889097225712554,-0.01481203699049933,False,True,False,False,100000,False,True,False,-1.4289910614500445,-0.25508632992160296,10.177472682533027,0.20921492409511214,True,Cruise
1,258,1675398054.7345018,48.889097225712554,-0.01481203699049933,False,True,False,False,100000,False,True,False,-1.4289910614500445,-0.25508632992160296,10.177472682533027,0.38160445959289346,True,Cruise
1,259,1675398054.8538287,48.99252217095798,-0.013433037720560207,False,True,False,False,100000,False,True,False,-1.0550957565137842,-0.30890248179985164,10.12336088784072,0.38160445959289346,True,Cruise
1,260,1675398054.9344938,49.50226439567714,-0.006636474724304831,False,True,False,False,100000,False,True,False,-0.4873698436189822,-0.32413990308962504,10.049993586998538,0.41170052097939125,True,Cruise
1,261,1675398055.034507,48.72734282161236,0.01696876237850189,False,True,False,False,100000,False,True,False,-0.08836971663649598,-0.40918228252035166,9.994640074522612,0.41170052097939125,True,Cruise
1,262,1675398055.1345282,48.72734282161236,0.01696876237850189,False,True,False,False,100000,False,True,False,-0.08836971663649598,-0.40918228252035166,9.994640074522612,0.9265339600143966,True,Cruise
1,263,1675398055.2345958,48.72734282161236,0.01696876237850189,False,True,False,False,100000,False,True,False,0.795869101770339,-0.5489610398378596,9.882759657349713,0.04617451841946786,True,Cruise
1,264,1675398055.3345077,48.72734282161236,0.01696876237850189,False,True,False,False,100000,False,True,False,0.795869101770339,-0.5489610398378596,9.882759657349713,0.04617451841946786,True,Cruise
1,265,1675398055.4345438,48.90453511000807,0.014606198533225785,False,True,False,False,100000,False,True,False,-1.461038050104783,-0.3206290410627858,9.988330563034928,2.037457976876242,True,Cruise
1,266,1675398055.534531,47.23759424895426,0.036832076680609845,False,True,False,False,100000,False,True,False,-1.461038050104783,-0.3206290410627858,9.988330563034928,0.2586082421271726,True,Cruise
1,267,1675398055.6537952,47.23759424895426,0.036832076680609845,False,True,False,False,100000,False,True,False,-1.0484464140282093,-0.33854600866221346,9.902513564613058,0.9338819102898938,True,Cruise
1,268,1675398055.7516649,49.7383256391614,0.003488991477847955,False,True,False,False,100000,False,True,False,-2.7549252100768182,0.2252459204142303,9.986121142829486,0.9240736501069775,True,Cruise
1,269,1675398055.845787,49.7383256391614,0.003488991477847955,False,True,False,False,100000,False,True,False,-3.312117843402776,0.6323476705688775,9.994483175856871,0.6901198368457778,True,Cruise
1,270,1675398055.941963,49.7383256391614,0.003488991477847955,False,True,False,False,100000,False,True,False,-3.312117843402776,0.6323476705688775,9.994483175856871,3.1444377811940214,True,Cruise
1,271,1675398056.0376828,49.7383256391614,0.003488991477847955,False,True,False,False,100000,False,True,False,-0.20785849381278942,0.9310988621043481,9.592226322789488,1.2898178747995432,True,Cruise
1,272,1675398056.1344945,49.93029201895674,-0.000929439747243441,False,True,False,False,100000,False,True,False,1.89912161587331,0.8947641381261581,9.39679756641533,0.4956937050960908,True,Cruise
1,273,1675398056.2344997,49.93029201895674,-0.000929439747243441,False,True,False,False,100000,False,True,False,1.89912161587331,0.8947641381261581,9.39679756641533,0.4956937050960908,True,Cruise
1,274,1675398056.3356876,49.93029201895674,-0.000929439747243441,False,True,False,False,100000,False,True,False,2.635176955379949,1.1064888202054974,9.363955486931076,0.1718745577883424,True,Cruise
1,275,1675398056.4351573,49.93029201895674,-0.000929439747243441,False,True,False,False,100000,False,True,False,2.9062015138483983,1.1064491692174068,9.40018090802439,0.14919755567558143,True,Cruise
1,276,1675398056.534507,49.45165967582138,-0.007311204322381494,False,True,False,False,100000,False,True,False,2.9062015138483983,1.1064491692174068,9.40018090802439,0.3480425763937862,True,Cruise
1,277,1675398056.6345732,49.45165967582138,-0.007311204322381494,False,True,False,False,100000,False,True,False,1.4117764384984224,0.7865936391593419,9.675197022560967,1.6386803434725716,True,Cruise
1,278,1675398056.7345219,49.4488374124458,0.007348834500722734,False,True,False,False,100000,False,True,False,-0.36915758116215847,0.9291050596879424,9.880288504996372,0.7126261431352606,True,Cruise
1,279,1675398056.834531,49.4488374124458,0.007348834500722734,False,True,False,False,100000,False,True,False,1.0070638878065796,0.5322423141593614,9.797762915869297,0.7561980155190331,True,Cruise
1,280,1675398056.9346392,49.4488374124458,0.007348834500722734,False,True,False,False,100000,False,True,False,1.3427824343251855,0.6342937437887062,9.79526408504183,0.03265012018936626,True,Cruise
1,281,1675398057.0345054,49.903043948288044,0.0012927473561594217,False,True,False,False,100000,False,True,False,1.3272292698637094,0.6251350749597572,9.82247158784705,0.03265012018936626,True,Cruise
1,282,1675398057.134498,49.50603263853323,-0.006586231486223684,False,True,False,False,100000,False,True,False,1.3272292698637094,0.6251350749597572,9.82247158784705,0.03265012018936626,True,Cruise
1,283,1675398057.2345078,49.50603263853323,-0.006586231486223684,False,True,False,False,100000,False,True,False,1.9231076779155896,0.3791587461337818,9.817551598593978,0.6446701775477114,True,Cruise
1,284,1675398057.3345041,47.70681480894439,0.03057580254740817,False,True,False,False,100000,False,True,False,1.6839507522369073,0.08598351509223658,9.894217533180072,1.0551864816477587,True,Cruise
1,285,1675398057.4345305,47.70681480894439,0.03057580254740817,False,True,False,False,100000,False,True,False,0.41876666664946505,-0.01087692618125587,10.01463098093881,1.0058369089885477,True,Cruise
1,286,1675398057.5345602,47.70681480894439,0.03057580254740817,False,True,False,False,100000,False,True,False,-0.6664845350103016,0.6400688111936838,10.111174929140976,1.0017174484074578,True,Cruise
1,287,1675398057.634574,49.57219440552284,-0.005704074593028697,False,True,False,True,100000,False,True,False,-0.6664845350103016,0.6400688111936838,10.111174929140976,1.0017174484074578,True,Cruise
1,288,1675398057.734541,47.717984477983485,0.030426873626886848,False,True,False,True,100000,False,True,False,-0.6664845350103016,0.6400688111936838,10.111174929140976,1.0017174484074578,True,Cruise
1,289,1675398057.8345356,47.717984477983485,0.030426873626886848,False,True,False,True,100000,False,True,False,1.2200765499194643,0.019690954454234667,9.829212534197742,0.4983980858524936,True,Cruise
1,290,1675398057.9345093,47.50796667368075,0.03322711101759001,False,True,False,True,100000,False,True,False,1.2200765499194643,0.019690954454234667,9.829212534197742,1.2339137865322019,True,Cruise
1,291,1675398058.0536354,45.73946438776738,0.05680714149643497,False,True,False,True,100000,False,True,False,-1.2767466482230836,0.7843529331169726,10.024265539353216,1.426927663060976,True,Cruise
1,292,1675398058.1537101,45.73946438776738,0.05680714149643497,False,True,False,True,100000,False,True,False,-2.2889791200778764,1.1334616593384437,10.080787681524955,0.7071069663874305,True,Cruise
1,293,1675398058.2456634,45.73946438776738,0.05680714149643497,False,True,False,True,100000,False,True,False,-2.9880134954808564,1.237840862796379,10.102146188122738,0.7071069663874305,True,Cruise
1,294,1675398058.3419864,45.140553123889774,0.06479262501480298,False,True,False,True,100000,False,True,False,-2.9880134954808564,1.237840862796379,10.102146188122738,0.7071069663874305,True,Cruise
1,295,1675398058.437877,45.140553123889774,0.06479262501480298,False,True,False,True,100000,False,True,False,-3.846417739122421,1.7663448108855526,10.030052179939998,1.010629415099097,True,Cruise
1,296,1675398058.5345566,47.36666112820132,-0.03511118495731572,False,True,False,True,100000,False,True,False,-3.956954779201338,1.909629443558486,9.986731673796813,0.1429199215212782,True,Cruise
1,297,1675398058.634516,47.968516865783684,0.027086441789550893,False,True,False,True,100000,False,True,False,-3.3214067416513764,2.6813309208330702,9.769107845197992,0.38622619695253124,True,Cruise
1,298,1675398058.754625,47.968516865783684,0.027086441789550893,False,True,False,True,100000,False,True,False,-2.727182279539199,1.6699397785004853,9.640115399397535,1.562858332169188,True,Cruise
1,299,1675398058.8577962,47.968516865783684,0.027086441789550893,False,True,False,True,100000,False,True,False,-2.727182279539199,1.6699397785004853,9.640115399397535,1.562858332169188,True,Cruise
1,300,1675398058.9346309,49.00782725277823,0.01322896996295698,False,True,False,True,100000,False,True,False,-2.727182279539199,1.6699397785004853,9.640115399397535,1.562858332169188,True,Cruise
1,301,1675398059.0346112,49.00782725277823,0.01322896996295698,False,True,False,True,100000,False,True,False,0.7469454195359818,1.824903876932877,9.291093839514133,1.05628618482522,True,Cruise
1,302,1675398059.134581,49.48810962157479,-0.006825205045669421,False,True,False,True,100000,False,True,False,0.7469454195359818,1.824903876932877,9.291093839514133,1.05628618482522,True,Cruise
1,303,1675398059.234635,49.48810962157479,-0.006825205045669421,False,True,False,True,100000,False,True,False,1.5238738039383082,1.653317012294686,9.249880475389332,0.7967172070370121,True,Cruise
1,304,1675398059.3346002,46.31346344856016,-0.04915382068586457,False,True,False,True,100000,False,True,False,2.457192083024551,1.561069463209941,9.253150143651078,0.4714785609243694,True,Cruise
1,305,1675398059.434649,46.31346344856016,-0.04915382068586457,False,True,False,True,100000,False,True,False,2.7620495407008714,1.2025096674136366,9.28123638136561,0.4714785609243694,True,Cruise
1,306,1675398059.534534,45.12530664325985,-0.0649959114232021,False,True,False,True,100000,False,True,False,2.7620495407008714,1.2025096674136366,9.28123638136561,4.528892924144213,True,Cruise
1,307,1675398059.6377442,45.12530664325985,-0.0649959114232021,False,True,False,True,100000,False,True,False,-1.4762580575852637,-0.297517441228459,9.826707273359274,0.5385434888001268,True,Cruise
1,308,1675398059.7419527,45.99028409951676,-0.05346287867310992,False,True,False,True,100000,False,True,False,-1.947156668969099,-0.5477996187435032,9.90182330855893,0.45203357099287494,True,Cruise
1,309,1675398059.8458204,45.99028409951676,-0.05346287867310992,False,True,False,True,100000,False,True,False,-2.604744250760278,-1.2636338156208133,10.008527438025524,0.45203357099287494,True,Cruise
1,310,1675398059.9498796,45.99028409951676,-0.05346287867310992,False,True,False,True,100000,False,True,False,-2.9780422966916085,-1.5777369928853855,10.055601373754227,0.26901301604183414,True,Cruise
1,311,1675398060.0537362,45.99028409951676,-0.05346287867310992,False,True,False,True,100000,False,True,False,-2.952290418697498,-2.1177336491559613,10.06071468095558,0.27281343209435643,True,Cruise
1,312,1675398060.1349967,46.68507704870628,-0.04419897268391626,False,True,False,True,100000,False,True,False,-3.002793704982985,-2.686152646353366,10.056973785394174,0.5706704238000583,True,Cruise
1,313,1675398060.2346654,46.68507704870628,-0.04419897268391626,False,True,False,True,100000,False,True,False,-2.2588822851304333,-3.7098606030821957,9.954101820197895,0.5007810929867433,True,Cruise
1,314,1675398060.3345647,44.75574271038331,-0.06992343052822261,False,True,False,True,100000,False,True,False,-1.430565816162849,-3.6352705675817267,9.87387361322085,0.8355288213781976,True,Cruise
1,315,1675398060.4345112,44.75574271038331,-0.06992343052822261,False,True,False,True,100000,False,True,False,-0.8959383994023682,-3.3847432401422983,9.82152673874415,0.5927314837372878,True,Cruise
1,316,1675398060.53451,47.46048085805655,-0.03386025522591273,False,True,False,True,100000,False,True,False,-1.5170732052687301,-3.233532874456913,9.87589805068887,0.7725040535386194,True,Cruise
1,317,1675398060.6344733,47.46048085805655,-0.03386025522591273,False,True,False,True,100000,False,True,False,-1.4361240092454408,-3.6043398880573814,9.850201225540225,0.38040891221793804,True,Cruise
1,318,1675398060.7344935,44.69638460680047,-0.07071487190932704,False,True,False,True,100000,False,True,False,-1.4361240092454408,-3.6043398880573814,9.850201225540225,0.38040891221793804,True,Cruise
1,319,1675398060.8346527,44.69638460680047,-0.07071487190932704,False,True,False,True,100000,False,True,False,-1.4361240092454408,-3.6043398880573814,9.850201225540225,0.38040891221793804,True,Cruise
1,320,1675398060.938241,48.28974034388831,-0.02280346208148918,False,True,False,True,100000,False,True,False,-0.8853819688869714,-3.2008807007334825,9.802913625616704,1.1432381249016788,True,Cruise
1,321,1675398061.0417728,48.28974034388831,-0.02280346208148918,False,True,False,True,100000,False,True,False,-2.8319594190099044,-3.5117510227584647,9.955859820557086,0.8343319120325821,True,Cruise
1,322,1675398061.145716,46.30477087172056,-0.04926972171039257,False,True,False,True,100000,False,True,False,0.2568601285551987,-3.143884783085959,9.644993677742297,1.7461883075067521,True,Cruise
1,323,1675398061.2497144,46.30477087172056,-0.04926972171039257,False,True,False,True,100000,False,True,False,1.5475382666062152,-2.660164680944918,9.539115095183163,1.3824056812321444,True,Cruise
1,324,1675398061.3536873,45.91670609098935,-0.05444391878680867,False,True,False,True,100000,False,True,False,1.5475382666062152,-2.660164680944918,9.539115095183163,1.3824056812321444,True,Cruise
1,325,1675398061.457684,45.91670609098935,-0.05444391878680867,False,True,False,True,100000,False,True,False,-2.67670564078569,-2.8666747647826556,9.967864627836324,0.766191701876257,True,Cruise
1,326,1675398061.5345979,46.36089195532156,-0.04852144059571258,False,True,False,True,100000,False,True,False,-2.67670564078569,-2.8666747647826556,9.967864627836324,0.766191701876257,True,Cruise
1,327,1675398061.6580613,48.09382314997149,-0.02541569133371342,False,True,False,True,100000,False,True,False,-3.1610640076319085,-2.8582275987408137,9.9990363371472,0.4854338859303461,True,Cruise
1,328,1675398061.7497065,48.09382314997149,-0.02541569133371342,False,True,False,True,100000,False,True,False,-1.472285475222289,-2.858547041990617,9.797481220284798,0.22061992897603558,True,Cruise
1,329,1675398061.8458436,47.25963337373191,-0.036538221683574554,False,True,False,True,100000,False,True,False,1.9223722933180927,-2.2616516484652385,9.502334395653623,1.4620601143946323,True,Cruise
1,330,1675398061.941865,47.25963337373191,-0.036538221683574554,False,True,False,True,100000,False,True,False,1.9223722933180927,-2.2616516484652385,9.502334395653623,1.4620601143946323,True,Cruise
1,331,1675398062.0376909,47.25963337373191,-0.036538221683574554,False,True,False,True,100000,False,True,False,1.9223722933180927,-2.2616516484652385,9.502334395653623,1.4620601143946323,True,Cruise
1,332,1675398062.1346552,49.06629394074945,-0.012449414123340597,False,True,False,True,100000,False,True,False,3.2588377945294535,-2.1677531323026322,9.469928403311107,1.340151900198398,True,Cruise
1,333,1675398062.2345026,47.01612601452539,-0.039784986472994825,False,True,False,True,100000,False,True,False,2.7553659547636014,-2.114689082267847,9.554170126350408,0.5132215454790812,True,Cruise
1,334,1675398062.3345547,47.01612601452539,-0.039784986472994825,False,True,False,True,100000,False,True,False,2.1078115543784706,-2.1066239833455285,9.648090786244094,0.6170369801878726,True,Cruise
1,335,1675398062.4345014,49.81953711481755,-0.0024061718024326606,False,True,False,True,100000,False,True,False,-0.4920342507835483,-2.0266292376281383,9.968465291852342,1.3139677906579592,True,Cruise
1,336,1675398062.5346267,49.81953711481755,-0.0024061718024326606,False,True,False,True,100000,False,True,False,0.9432583161253648,-2.324655286653009,9.831386673491462,1.47230255930399,True,Cruise
1,337,1675398062.6345465,49.81953711481755,-0.0024061718024326606,False,True,False,True,100000,False,True,False,0.9432583161253648,-2.324655286653009,9.831386673491462,3.098189838182363,True,Cruise
1,338,1675398062.757719,49.08555506026348,0.012192599196486893,False,True,False,True,100000,False,True,False,3.5670499428273073,-0.6833636927053048,9.687651929251123,0.3577277247018216,True,Cruise
1,339,1675398062.8537345,49.70178306010544,0.003976225865260801,False,True,False,True,100000,False,True,False,3.924412373709028,-0.6680900269063627,9.682366747351518,0.19034615642572522,True,Cruise
1,340,1675398062.9496627,49.70178306010544,0.003976225865260801,False,True,False,True,100000,False,True,False,4.216992519492393,-0.41493201443433564,9.717293144733803,0.2703960829540358,True,Cruise
1,341,1675398063.0457587,49.70178306010544,0.003976225865260801,False,True,False,True,100000,False,True,False,4.27071742514466,-0.4089385925419562,9.738727373897268,0.05815249584632575,True,Cruise
1,342,1675398063.1430502,48.54135278971134,-0.019448629470515455,False,True,False,True,100000,False,True,False,4.3237131848337755,-0.3280105618013933,9.789070295526384,0.07046306286094009,True,Cruise
1,343,1675398063.237806,48.54135278971134,-0.019448629470515455,False,True,False,True,100000,False,True,False,4.3237131848337755,-0.3280105618013933,9.789070295526384,0.07046306286094009,True,Cruise
1,344,1675398063.3345525,48.96978626015891,-0.013736183197881113,False,True,False,True,100000,False,True,False,4.3237131848337755,-0.3280105618013933,9.789070295526384,2.554456134400751,True,Cruise
1,345,1675398063.4345906,48.96978626015891,-0.013736183197881113,False,True,False,True,100000,False,True,False,3.0539087716228086,-0.6670915619790616,9.942531923784246,0.6812605356057325,True,Cruise
1,346,1675398063.5346303,49.81143372998681,-0.002514216933509195,False,True,False,True,100000,False,True,False,3.0539087716228086,-0.6670915619790616,9.942531923784246,0.6812605356057325,True,Cruise
1,347,1675398063.6345682,49.81143372998681,-0.002514216933509195,False,True,False,True,100000,False,True,False,2.974923664995493,-0.5157764125688433,9.952003988457216,0.3108666369574465,True,Cruise
1,348,1675398063.7366798,49.81143372998681,-0.002514216933509195,False,True,False,True,100000,False,True,False,2.288151274639965,-0.44079763023596585,10.007148857819827,0.36455367121793325,True,Cruise
1,349,1675398063.8361,49.40536451993757,-0.007928473067499048,False,True,False,True,100000,False,True,False,1.6793244191670016,-0.49863019654624097,10.04610224746203,0.6128067495024402,True,Cruise
1,350,1675398063.9363132,49.28692977423796,-0.009507603010160487,False,True,False,True,100000,False,True,False,3.0102997712496173,-0.6409121397238688,9.866082058235381,0.2520043148332378,True,Cruise
1,351,1675398064.0556576,49.703308396402605,-0.0039558880479653065,False,True,False,True,100000,False,True,False,1.7549909466227163,-0.3312844910365593,9.919907539139226,0.2520043148332378,True,Cruise
1,352,1675398064.1497262,49.703308396402605,-0.0039558880479653065,False,True,False,True,100000,False,True,False,1.6417271162168023,-0.24051928525139418,9.872437449378083,0.5562346346930549,True,Cruise
1,353,1675398064.2458482,49.703308396402605,-0.0039558880479653065,False,True,False,True,100000,False,True,False,1.6417271162168023,-0.24051928525139418,9.872437449378083,0.6502511662210856,True,Cruise
1,354,1675398064.3419745,48.754792283343235,0.016602769555423544,False,True,False,True,100000,False,True,False,2.500544944781941,-0.043882799484194566,9.766229322478287,0.24458024913045007,True,Cruise
1,355,1675398064.4381528,48.754792283343235,0.016602769555423544,False,True,False,True,100000,False,True,False,0.9002217143125472,-0.16026254614462554,9.908807118648962,1.6108715390662378,True,Cruise
1,356,1675398064.5348434,49.60796675083344,0.005227109988887486,False,True,False,True,100000,False,True,False,0.9002217143125472,-0.16026254614462554,9.908807118648962,1.6108715390662378,True,Cruise
1,357,1675398064.63451,49.60796675083344,0.005227109988887486,False,True,False,True,100000,False,True,False,-2.614814049986719,0.2920007700744021,10.117048647651652,3.550124373300425,True,Cruise
1,358,1675398064.7345753,49.60796675083344,0.005227109988887486,False,True,False,True,100000,False,True,False,0.40078181419957887,0.22883956030096098,9.75365697888102,1.5445539207692882,True,Cruise
1,359,1675398064.8346052,49.60181701458963,0.00530910647213831,False,True,False,True,100000,False,True,False,1.3090087018838534,0.23425735455983887,9.652739281224532,1.5445539207692882,True,Cruise
1,360,1675398064.9345434,49.60181701458963,0.00530910647213831,False,True,False,True,100000,False,True,False,1.3866429896725432,0.3404605109571719,9.624030085378921,0.20519271528827362,True,Cruise
1,361,1675398065.034521,49.272170676983706,0.009704390973550608,False,True,False,True,100000,False,True,False,0.8211091384316008,0.2864425790163626,9.667611811379583,0.5697770096377801,True,Cruise
1,362,1675398065.1585748,49.272170676983706,0.009704390973550608,False,True,False,True,100000,False,True,False,-2.093080484816159,0.3966767835060131,9.89532806702262,2.9251508393873418,True,Cruise
1,363,1675398065.2538142,49.271817198159184,0.00970910402454419,False,True,False,True,100000,False,True,False,-2.2259175421105732,0.5329605591059796,9.879048400945369,0.191007797772783,True,Cruise
1,364,1675398065.3496854,48.758747657461484,0.016550031233846855,False,True,False,True,100000,False,True,False,-2.239642556033723,0.47756542017147513,9.845913808484875,0.4822561718020766,True,Cruise
1,365,1675398065.4459188,48.758747657461484,0.016550031233846855,False,True,False,True,100000,False,True,False,-2.239642556033723,0.47756542017147513,9.845913808484875,0.4822561718020766,True,Cruise
1,366,1675398065.543154,48.758747657461484,0.016550031233846855,False,True,False,True,100000,False,True,False,-2.748309796765664,0.5880269667580454,9.869314356927717,0.4087493418661866,True,Cruise
1,367,1675398065.6377144,48.65961841594233,0.017871754454102173,False,True,False,True,100000,False,True,False,-3.145443170399259,0.6841261700845583,9.880541606922694,0.4087493418661866,True,Cruise
1,368,1675398065.7361772,48.65961841594233,0.017871754454102173,False,True,False,True,100000,False,True,False,-2.956230702278814,0.8347398891505768,9.835330601752894,0.246028220843853,True,Cruise
1,369,1675398065.8366883,48.660415182175065,0.017861130904332435,False,True,False,True,100000,False,True,False,-1.829228713336324,0.8236276006823716,9.682506476715254,1.137370730777282,True,Cruise
1,370,1675398065.936099,48.660415182175065,0.017861130904332435,False,True,False,True,100000,False,True,False,-1.829228713336324,0.8236276006823716,9.682506476715254,1.137370730777282,True,Cruise
1,371,1675398066.0349417,48.9507389797953,0.01399014693606266,False,True,False,True,100000,False,True,False,0.13228928146910626,0.9936446077905888,9.498827030267348,1.1881133486394537,True,Cruise
1,372,1675398066.1345394,48.9507389797953,0.01399014693606266,False,True,False,True,100000,False,True,False,0.13228928146910626,0.9936446077905888,9.498827030267348,1.1881133486394537,True,Cruise
1,373,1675398066.234492,48.67137332208133,0.017715022372248965,False,True,False,True,100000,False,True,False,0.9557467407586893,0.9529116808915826,9.475326961875847,0.05379046583210696,True,Cruise
1,374,1675398066.3576798,48.67137332208133,0.017715022372248965,False,True,False,True,100000,False,True,False,-0.4172841306248876,1.0081174916803386,9.633355414899594,1.3831971830806578,True,Cruise
1,375,1675398066.4536426,49.50815410117744,0.006557945317634163,False,True,False,True,100000,False,True,False,-0.4172841306248876,1.0081174916803386,9.633355414899594,1.3831971830806578,True,Cruise
1,376,1675398066.549715,49.50815410117744,0.006557945317634163,False,True,False,True,100000,False,True,False,-0.4172841306248876,1.0081174916803386,9.633355414899594,0.8556203445396093,True,Cruise
1,377,1675398066.6458185,49.50815410117744,0.006557945317634163,False,True,False,True,100000,False,True,False,0.13256560567287196,1.1770251903348499,9.632711467707885,1.2790108584353794,True,Cruise
1,378,1675398066.741808,49.27021607087355,0.009730452388352621,False,True,False,True,100000,False,True,False,1.3972055366809446,1.0054006296220834,9.54845215928648,1.2790108584353794,True,Cruise
1,379,1675398066.8380864,49.27021607087355,0.009730452388352621,False,True,False,True,100000,False,True,False,2.340224518333499,0.8930729663520319,9.50115250491327,0.2475045628811189,True,Cruise
1,380,1675398066.937769,49.27021607087355,0.009730452388352621,False,True,False,True,100000,False,True,False,2.5541276654561686,0.7716126131586108,9.528562993783785,0.5366723925359809,True,Cruise
1,381,1675398067.0345922,48.85362644962085,0.015284980671722029,False,True,False,True,100000,False,True,False,1.9615387181294923,0.8456269938554994,9.67438285069014,0.5366723925359809,True,Cruise
1,382,1675398067.1345572,49.59064269744016,0.005458097367464593,False,True,False,True,100000,False,True,False,1.9615387181294923,0.8456269938554994,9.67438285069014,3.081269161429752,True,Cruise
1,383,1675398067.23466,49.59064269744016,0.005458097367464593,False,True,False,True,100000,False,True,False,0.1160132941899272,0.8664092216810397,9.940480479409615,1.2177340067806732,True,Cruise
1,384,1675398067.3345444,48.982930623005636,0.013560925026591484,False,True,False,True,100000,False,True,False,1.4861075370893895,0.6858942358344711,9.836929372406372,0.8814455585171105,True,Cruise
1,385,1675398067.4345217,48.982930623005636,0.013560925026591484,False,True,False,True,100000,False,True,False,-0.26698429798938417,0.4911578652633316,10.040527545939984,0.8814455585171105,True,Cruise
1,386,1675398067.5577142,49.48519047077428,0.006864127056342963,False,True,False,True,100000,False,True,False,-0.3802680125941599,0.5830010163347965,10.047272450002659,0.21465525068582197,True,Cruise
1,387,1675398067.6539369,49.48519047077428,0.006864127056342963,False,True,False,True,100000,False,True,False,-0.16683978149351164,0.5897191731289093,10.02536050838328,0.21465525068582197,True,Cruise
1,388,1675398067.7499545,47.883985280430714,0.02821352959425714,False,True,False,True,100000,False,True,False,2.1246921622714305,0.4750132865584794,9.813979382511667,0.7185280212941728,True,Cruise
1,389,1675398067.8458498,47.883985280430714,0.02821352959425714,False,True,False,True,100000,False,True,False,2.8367113245425197,0.39577158801600765,9.758915935872361,1.5175410225348154,True,Cruise
1,390,1675398067.9458942,48.856818784977754,0.01524241620029656,False,True,False,True,100000,False,True,False,-1.485845516242729,0.8599870879886132,10.148989302277242,1.2636572452481716,True,Cruise
1,391,1675398068.0417585,48.856818784977754,0.01524241620029656,False,True,False,True,100000,False,True,False,-1.485845516242729,0.8599870879886132,10.148989302277242,1.2636572452481716,True,Cruise
1,392,1675398068.1348126,48.80182167296666,0.015975711027111216,False,True,False,True,100000,False,True,False,-1.6313577848778535,1.1045576972896494,10.103633595745968,0.08210398637502264,True,Cruise
1,393,1675398068.2345767,48.80182167296666,0.015975711027111216,False,True,False,True,100000,False,True,False,-1.2729004628730838,1.0207166194937272,10.03715727132335,0.3740856582837068,True,Cruise
1,394,1675398068.3346477,48.80182167296666,0.015975711027111216,False,True,True,True,100000,False,True,False,-0.8531992515133807,0.8666278713209277,9.942906101945688,0.4569198311075142,True,Cruise
1,395,1675398068.4345918,49.434940070184226,0.007534132397543661,False,True,True,True,100000,False,True,False,-0.6286093987082009,0.9861909473951534,9.890768637118253,0.4569198311075142,True,Cruise
1,396,1675398068.534514,49.434940070184226,0.007534132397543661,False,True,True,True,100000,False,True,False,0.6318874193005004,1.1481479681444888,9.698363643836041,1.0239713031639956,True,Cruise
1,397,1675398068.6348126,48.663666704675094,0.0178177772709987,False,True,True,True,100000,False,True,False,0.6318874193005004,1.1481479681444888,9.698363643836041,0.9058207391877516,True,Cruise
1,398,1675398068.7578454,48.663666704675094,0.0178177772709987,False,True,True,True,100000,False,True,False,0.21479004625785114,1.1173373284954076,9.735971112821598,0.9058207391877516,True,Cruise
1,399,1675398068.8539693,49.00126453367689,0.013316472884308162,False,True,True,True,100000,False,True,False,-1.1814609186708511,1.2234605973523272,9.846206993044296,1.40461057042359,True,Cruise
1,400,1675398068.9497833,49.00126453367689,0.013316472884308162,False,True,True,True,100000,False,True,False,-1.1814609186708511,1.2234605973523272,9.846206993044296,1.8061834616684949,True,Cruise
1,401,1675398069.0460062,49.00126453367689,0.013316472884308162,False,True,True,True,100000,False,True,False,0.6064139431194808,1.095468915004831,9.623900211697332,1.8061834616684949,True,Cruise
1,402,1675398069.1421409,49.931334112218074,0.0009155451704257116,False,True,True,True,100000,False,True,False,0.6585260233677439,0.9681091106044257,9.627124950661871,0.13764660412120705,True,Cruise
1,403,1675398069.2379043,49.75260068340211,-0.0032986575546385694,False,True,True,True,100000,False,True,False,0.2773247593204831,0.8706402229319632,9.666654359486666,0.18439921789421135,True,Cruise
1,404,1675398069.3345504,49.75260068340211,-0.0032986575546385694,False,True,True,True,100000,False,True,False,1.9064185381991479,0.6419938510249334,9.534086650050517,0.8547961771947854,True,Cruise
1,405,1675398069.4345152,49.87239039132664,0.0017014614489781958,False,True,True,True,100000,False,True,False,2.544474861334869,0.4572771850064556,9.499529253962848,0.6651543669125367,True,Cruise
1,406,1675398069.5345569,49.87239039132664,0.0017014614489781958,False,True,True,True,100000,False,True,False,2.544474861334869,0.4572771850064556,9.499529253962848,0.6651543669125367,True,Cruise
1,407,1675398069.6345484,49.87239039132664,0.0017014614489781958,False,True,True,True,100000,False,True,False,2.544474861334869,0.4572771850064556,9.499529253962848,0.6651543669125367,True,Cruise
1,408,1675398069.73463,49.94756964921493,-0.000699071343800983,False,True,True,True,100000,False,True,False,3.056124002355474,0.2705327984521909,9.554637369835659,0.29750645331801767,True,Cruise
1,409,1675398069.8345542,49.54617013969108,-0.0060510648041189165,False,True,True,True,100000,False,True,False,2.6618414703478144,0.21799368074934156,9.66300926322362,0.11777411840384278,True,Cruise
1,410,1675398069.934532,49.54617013969108,-0.0060510648041189165,False,True,True,True,100000,False,True,False,2.038944168391816,0.22278614438210334,9.758709643251292,0.5201988371087926,True,Cruise
1,411,1675398070.0540445,49.25208345167674,-0.009972220644310144,False,True,True,True,100000,False,True,False,0.019377246267570737,-0.03280385032861398,10.019824896958628,0.37085502101522105,True,Cruise
1,412,1675398070.1497664,49.25208345167674,-0.009972220644310144,False,True,True,True,100000,False,True,False,0.019377246267570737,-0.03280385032861398,10.019824896958628,1.1799771580759821,True,Cruise
1,413,1675398070.2459047,49.21859391588377,-0.010418747788216326,False,True,True,True,100000,False,True,False,0.019377246267570737,-0.03280385032861398,10.019824896958628,1.1799771580759821,True,Cruise
1,414,1675398070.3417244,49.21859391588377,-0.010418747788216326,False,True,True,True,100000,False,True,False,-2.3006596487798614,-0.4105427701505832,10.193403567332702,2.192168337183388,True,Cruise
1,415,1675398070.4377744,49.21859391588377,-0.010418747788216326,False,True,True,True,100000,False,True,False,-2.3006596487798614,-0.4105427701505832,10.193403567332702,0.5326960065986944,True,Cruise
1,416,1675398070.5345566,49.64047618717597,-0.004793650837653735,False,True,True,True,100000,False,True,False,-1.7830798536325918,-0.5105373720997467,10.116740207880255,0.5326960065986944,True,Cruise
1,417,1675398070.6345758,49.85913291866842,-0.0018782277510876815,False,True,True,True,100000,False,True,False,1.648834579265714,-0.547293100515178,9.743574590928528,1.5224981410145453,True,Cruise
1,418,1675398070.7346666,49.85913291866842,-0.0018782277510876815,False,True,True,True,100000,False,True,False,1.648834579265714,-0.547293100515178,9.743574590928528,1.2068220116253703,True,Cruise
1,419,1675398070.834714,49.85913291866842,-0.0018782277510876815,False,True,True,True,100000,False,True,False,2.144073066912087,-0.49192077195072986,9.697056296840833,0.5004909650550601,True,Cruise
1,420,1675398070.9345953,49.99138224149885,-0.00011490344668211016,False,True,True,True,100000,False,True,False,1.7892208092277657,-0.5562075290196121,9.738196304923463,0.3629675084399875,True,Cruise
1,421,1675398071.034705,49.99138224149885,-0.00011490344668211016,False,True,True,True,100000,False,True,False,1.7892208092277657,-0.5562075290196121,9.738196304923463,0.3629675084399875,True,Cruise
1,422,1675398071.1577926,49.99138224149885,-0.00011490344668211016,False,True,True,True,100000,False,True,False,1.386382416306662,-0.5827094468367383,9.76308139738965,0.4110176317377061,True,Cruise
1,423,1675398071.2537754,49.84648637777491,0.002046848296334517,False,True,True,True,100000,False,True,False,0.9791679443411916,-0.547943404787488,9.806706960324533,0.4110176317377061,True,Cruise
1,424,1675398071.3500803,49.483144808125765,0.006891402558323068,False,True,True,True,100000,False,True,False,-0.7147289432103504,-0.3080472503669659,9.933532633875169,0.20775327159150392,True,Cruise
1,425,1675398071.4457464,49.483144808125765,0.006891402558323068,False,True,True,True,100000,False,True,False,-0.7147289432103504,-0.3080472503669659,9.933532633875169,0.20775327159150392,True,Cruise
1,426,1675398071.5418026,49.95948549450476,0.0005401934066031971,False,True,True,True,100000,False,True,False,-2.2263526749325075,-0.12527830245849303,10.036127404493547,0.20712175926964263,True,Cruise
1,427,1675398071.6380575,49.95948549450476,0.0005401934066031971,False,True,True,True,100000,False,True,False,-2.2588095970193485,0.07721617535830513,10.007110894963578,0.20712175926964263,True,Cruise
1,428,1675398071.734932,49.95948549450476,0.0005401934066031971,False,True,True,True,100000,False,True,False,-2.2588095970193485,0.07721617535830513,10.007110894963578,0.20712175926964263,True,Cruise
1,429,1675398071.8421738,49.95948549450476,0.0005401934066031971,False,True,True,True,100000,False,True,False,-0.6378472158221721,0.0862006431623783,9.824093348143297,1.6312863587862974,True,Cruise
1,430,1675398071.9350483,49.95948549450476,0.0005401934066031971,False,True,True,True,100000,False,True,False,0.8673879231464895,0.13732276439816923,9.676848638252544,0.9772217133631768,True,Cruise
1,431,1675398072.034916,49.86977346207239,-0.0017363538390348233,False,True,True,True,100000,False,True,False,0.8673879231464895,0.13732276439816923,9.676848638252544,0.9772217133631768,True,Cruise
1,432,1675398072.1357465,49.86977346207239,-0.0017363538390348233,False,True,True,True,100000,False,True,False,1.8388917292220484,0.07959909619393912,9.588470982828712,0.18289630932780296,True,Cruise
1,433,1675398072.2355857,49.86977346207239,-0.0017363538390348233,False,True,True,True,100000,False,True,False,0.8547810078450871,0.13528048847862642,9.699300590721078,1.1695132451354284,True,Cruise
1,434,1675398072.3353596,49.62770997539675,-0.004963866994710039,False,True,True,True,100000,False,True,False,0.32903640176248744,0.24768280571973042,9.74169137306545,0.5392945857079279,True,Cruise
1,435,1675398072.454271,49.62770997539675,-0.004963866994710039,False,True,True,True,100000,False,True,False,0.32903640176248744,0.24768280571973042,9.74169137306545,0.5392945857079279,True,Cruise
